* EvoSuite 1.0.0-SNAPSHOT
* Going to generate test cases for class: org.objectweb.asm.jip.ClassReader
* Starting Client-0
* Properties loaded from /home/roham/Results-Utestgen/dataset/SF110-new-res/51_jiprof/evosuite-files/evosuite.properties
* Connecting to master process on port 11467
* Analyzing classpath: 
* Inheritance tree loaded from evosuite-files/inheritance.xml.gz
* Finished analyzing classpath
* Generating tests for class org.objectweb.asm.jip.ClassReader
* Test criteria:
  - Branch Coverage
  - Line Coverage
  - Method-Output Coverage
  - Top-Level Method Coverage
  - Context Branch Coverage
[Progress:>                             0%] [Cov:>                                  0%]* Total number of test goals for DYNAMOSA: 2586
* Using seed 1710231276716
* Starting evolution
* Initial Number of Goals in DynaMOSA = 242 / 2586
[Progress:>                             1%] [Cov:=====>                             16%][Progress:>                             3%] [Cov:======>                            18%][Progress:==>                           7%] [Cov:========>                          23%][Progress:===>                          12%] [Cov:========>                          25%][Progress:=====>                        18%] [Cov:================>                  48%][Progress:============>                 41%] [Cov:================>                  48%][Progress:=============>                45%] [Cov:=================>                 49%][Progress:==============>               48%] [Cov:=================>                 50%][Progress:================>             56%] [Cov:=================>                 50%][Progress:=====================>        71%] [Cov:==================>                53%][Progress:=========================>    85%] [Cov:==================>                54%][Progress:==============================100%] [Cov:===================>               55%]
* Search finished after 103s and 11 generations, 4850 statements, best individual has fitness: 1289.0
* Generated before the refinement 26 tests with total length 65
statement is: org.objectweb.asm.jip.ClassReader(Ljava/lang/String;)V type is: class org.evosuite.testcase.statements.ConstructorStatement return type class org.objectweb.asm.jip.ClassReader
statement code is: ClassReader classReader = new ClassReader("org.objectweb.asm.jip.ClassReader")
statement is: readShort(I)S type is: class org.evosuite.testcase.statements.MethodStatement return type short
statement code is: short readShort = classReader.readShort(33)
test data is: ClassReader classReader = new ClassReader("org.objectweb.asm.jip.ClassReader");
classReader.readShort(33);

** It was a parseable test case! 
Improved test data is: class DummyClass {
    public static void main() {
        classReader.readShort(101);
    }
}
statement is: classReader.readShort(101), class spoon.support.reflect.code.CtInvocationImpl
invocation is: classReader.readShort(101) target is: classReader method is: readShort(int)
statement is: org.objectweb.asm.jip.ClassReader(Ljava/lang/String;)V type is: class org.evosuite.testcase.statements.ConstructorStatement return type class org.objectweb.asm.jip.ClassReader
statement code is: ClassReader classReader = new ClassReader("org.objectweb.asm.jip.ClassReader")
statement is: getAccess()I type is: class org.evosuite.testcase.statements.MethodStatement return type int
statement code is: int access = classReader.getAccess()
test data is: ClassReader classReader = new ClassReader("org.objectweb.asm.jip.ClassReader");
classReader.getAccess();

** It was a parseable test case! 
Improved test data is: class DummyClass {
    public static void main() {
        classReader.getAccess();
    }
}
statement is: classReader.getAccess(), class spoon.support.reflect.code.CtInvocationImpl
invocation is: classReader.getAccess() target is: classReader method is: getAccess()
statement is: org.objectweb.asm.jip.ClassReader(Ljava/lang/String;)V type is: class org.evosuite.testcase.statements.ConstructorStatement return type class org.objectweb.asm.jip.ClassReader
statement code is: ClassReader classReader = new ClassReader("org.objectweb.asm.jip.ClassReader")
statement is: getItem(I)I type is: class org.evosuite.testcase.statements.MethodStatement return type int
statement code is: int item = classReader.getItem(4)
test data is: ClassReader classReader = new ClassReader("org.objectweb.asm.jip.ClassReader");
classReader.getItem(4);

** It was a parseable test case! 
Improved test data is: class DummyClass {
    public static void main() {
        classReader.getItem(12);
    }
}
statement is: classReader.getItem(12), class spoon.support.reflect.code.CtInvocationImpl
invocation is: classReader.getItem(12) target is: classReader method is: getItem(int)
statement is: org.objectweb.asm.jip.ClassReader(Ljava/lang/String;)V type is: class org.evosuite.testcase.statements.ConstructorStatement return type class org.objectweb.asm.jip.ClassReader
statement code is: ClassReader classReader = new ClassReader("org.objectweb.asm.jip.ClassReader")
statement is: readByte(I)I type is: class org.evosuite.testcase.statements.MethodStatement return type int
statement code is: int readByte = classReader.readByte(705)
test data is: ClassReader classReader = new ClassReader("org.objectweb.asm.jip.ClassReader");
classReader.readByte(705);

** It was a parseable test case! 
Improved test data is: class DummyClass {
    public static void main() {
        // Replace 705 with a more descriptive value that better represents the situation being tested
        classReader.readByte(1234);
    }
}
statement is: // Replace 705 with a more descriptive value that better represents the situation being tested
classReader.readByte(1234), class spoon.support.reflect.code.CtInvocationImpl
invocation is: // Replace 705 with a more descriptive value that better represents the situation being tested
classReader.readByte(1234) target is: classReader method is: readByte(int)
statement is: org.objectweb.asm.jip.ClassReader(Ljava/lang/String;)V type is: class org.evosuite.testcase.statements.ConstructorStatement return type class org.objectweb.asm.jip.ClassReader
statement code is: ClassReader classReader = new ClassReader("org.objectweb.asm.jip.ClassReader")
statement is: getClassName()Ljava/lang/String; type is: class org.evosuite.testcase.statements.MethodStatement return type class java.lang.String
statement code is: String className = classReader.getClassName()
test data is: ClassReader classReader = new ClassReader("org.objectweb.asm.jip.ClassReader");
classReader.getClassName();

** It was a parseable test case! 
Improved test data is: class DummyClass {
    public static void main() {
        // Improved test data }}
    }
}
statement is: // Improved test data }}, class spoon.support.reflect.code.CtCommentImpl
statement is: org.objectweb.asm.jip.ClassReader(Ljava/lang/String;)V type is: class org.evosuite.testcase.statements.ConstructorStatement return type class org.objectweb.asm.jip.ClassReader
statement code is: ClassReader classReader = new ClassReader("org.objectweb.asm.jip.ClassReader")
statement is: getSuperName()Ljava/lang/String; type is: class org.evosuite.testcase.statements.MethodStatement return type class java.lang.String
statement code is: String superName = classReader.getSuperName()
test data is: ClassReader classReader = new ClassReader("org.objectweb.asm.jip.ClassReader");
classReader.getSuperName();

** It was a parseable test case! 
Improved test data is: class DummyClass {
    public static void main() {
        classReader.getSuperName();
    }
}
statement is: classReader.getSuperName(), class spoon.support.reflect.code.CtInvocationImpl
invocation is: classReader.getSuperName() target is: classReader method is: getSuperName()
statement is: org.objectweb.asm.jip.ClassReader(Ljava/lang/String;)V type is: class org.evosuite.testcase.statements.ConstructorStatement return type class org.objectweb.asm.jip.ClassReader
statement code is: ClassReader classReader = new ClassReader("org.objectweb.asm.jip.ClassReader")
statement is: getInterfaces()[Ljava/lang/String; type is: class org.evosuite.testcase.statements.MethodStatement return type class [Ljava.lang.String;
statement code is: String[] interfaces = classReader.getInterfaces()
test data is: ClassReader classReader = new ClassReader("org.objectweb.asm.jip.ClassReader");
classReader.getInterfaces();

** It was a parseable test case! 
Improved test data is: class DummyClass {
    public static void main() {
        String[] interfaces = classReader.getInterfaces();
    }
}
statement is: String[] interfaces = classReader.getInterfaces(), class spoon.support.reflect.code.CtLocalVariableImpl
class spoon.support.reflect.code.CtInvocationImpl
invocation is: classReader.getInterfaces() target is: classReader method is: getInterfaces()
statement is: org.objectweb.asm.jip.ClassReader(Ljava/lang/String;)V type is: class org.evosuite.testcase.statements.ConstructorStatement return type class org.objectweb.asm.jip.ClassReader
statement code is: ClassReader classReader = new ClassReader("org.objectweb.asm.jip.ClassReader")
statement is: org.objectweb.asm.jip.ClassReader([BII)V type is: class org.evosuite.testcase.statements.ConstructorStatement return type class org.objectweb.asm.jip.ClassReader
statement code is: ClassReader classReader = new ClassReader(classReader.b, 8915, 725)
statement is: org.objectweb.asm.jip.ClassWriter(Lorg/objectweb/asm/jip/ClassReader;I)V type is: class org.evosuite.testcase.statements.ConstructorStatement return type class org.objectweb.asm.jip.ClassWriter
statement code is: ClassWriter classWriter = new ClassWriter(arg0, 1)
test data is: ClassReader classReader = new ClassReader("org.objectweb.asm.jip.ClassReader");
ClassReader classReader = new ClassReader(classReader.b, 8915, 725);
ClassWriter classWriter = new ClassWriter(classReader, 1);

** It was a parseable test case! 
Improved test data is: class DummyClass {
    public static void main() {
        ClassReader classReader = new ClassReader(new byte[]{ 0xca, 0xfe, 0xba, 0xbe }, 8915, 725);
    }
}
statement is: ClassReader classReader = new ClassReader(new byte[]{ 0xca, 0xfe, 0xba, 0xbe }, 8915, 725), class spoon.support.reflect.code.CtLocalVariableImpl
class spoon.support.reflect.code.CtConstructorCallImpl
TestCase is: int _int = 8915;
int _int = 725;
ClassReader classReader = new ClassReader((byte[]) _int, _int, 725);

statement is: org.objectweb.asm.jip.ClassReader(Ljava/lang/String;)V type is: class org.evosuite.testcase.statements.ConstructorStatement return type class org.objectweb.asm.jip.ClassReader
statement code is: ClassReader classReader = new ClassReader("toP_bf+I^(FeSBQ}Q\"_")
test data is: ClassReader classReader = new ClassReader("toP_bf+I^(FeSBQ}Q\"_");

** It was a parseable test case! 
Improved test data is: class DummyClass {
    public static void main() {
        // Improved test data: }}
    }
}
statement is: // Improved test data: }}, class spoon.support.reflect.code.CtCommentImpl
statement is: mock(java.util.Enumeration<java.io.BufferedInputStream>) type is: class org.evosuite.testcase.statements.FunctionalMockStatement return type java.util.Enumeration<java.io.BufferedInputStream>
statement code is: Enumeration<BufferedInputStream> enumeration = (Enumeration<BufferedInputStream>) mock(Enumeration.class, new ViolatedAssumptionAnswer());
doReturn(false).when(enumeration).hasMoreElements()
statement is: java.io.SequenceInputStream(Ljava/util/Enumeration;)V type is: class org.evosuite.testcase.statements.ConstructorStatement return type class java.io.SequenceInputStream
statement code is: SequenceInputStream sequenceInputStream = new SequenceInputStream(arg0)
statement is: org.objectweb.asm.jip.ClassReader(Ljava/io/InputStream;)V type is: class org.evosuite.testcase.statements.ConstructorStatement return type class org.objectweb.asm.jip.ClassReader
statement code is: ClassReader classReader = new ClassReader(arg0)
test data is: Enumeration<BufferedInputStream> enumeration = (Enumeration<BufferedInputStream>) mock(Enumeration.class, new ViolatedAssumptionAnswer());
doReturn(false).when(enumeration).hasMoreElements();
SequenceInputStream sequenceInputStream = new SequenceInputStream(enumeration);
ClassReader classReader = new ClassReader(sequenceInputStream);

** It was a parseable test case! 
Improved test data is: class DummyClass {
    public static void main() {
        Enumeration<BufferedInputStream> enumeration = ((Enumeration<BufferedInputStream>) (mock(Enumeration.class, new ViolatedAssumptionAnswer())));
        doReturn(true).when(enumeration).hasMoreElements();
        doReturn(new BufferedInputStream("path/to/file1")).when(enumeration).nextElement();
        doReturn(new BufferedInputStream("path/to/file2")).when(enumeration).nextElement();
        SequenceInputStream sequenceInputStream = new SequenceInputStream(enumeration);
    }
}
statement is: Enumeration<BufferedInputStream> enumeration = ((Enumeration<BufferedInputStream>) (mock(Enumeration.class, new ViolatedAssumptionAnswer()))), class spoon.support.reflect.code.CtLocalVariableImpl
class spoon.support.reflect.code.CtInvocationImpl
invocation is: ((Enumeration<BufferedInputStream>) (mock(Enumeration.class, new ViolatedAssumptionAnswer()))) target is:  method is: mock(java.lang.Class,<unknown>)
target name is: Enumeration argument is: Enumeration.class
Matched Method is: mock(java.util.Enumeration<java.io.BufferedInputStream>)
i 0 Parameters size() 0 Num of Method Parameters: 1
statement is: doReturn(true).when(enumeration).hasMoreElements(), class spoon.support.reflect.code.CtInvocationImpl
invocation is: doReturn(true).when(enumeration).hasMoreElements() target is: doReturn(true).when(enumeration) method is: hasMoreElements()
statement is: doReturn(new BufferedInputStream("path/to/file1")).when(enumeration).nextElement(), class spoon.support.reflect.code.CtInvocationImpl
invocation is: doReturn(new BufferedInputStream("path/to/file1")).when(enumeration).nextElement() target is: doReturn(new BufferedInputStream("path/to/file1")).when(enumeration) method is: nextElement()
statement is: doReturn(new BufferedInputStream("path/to/file2")).when(enumeration).nextElement(), class spoon.support.reflect.code.CtInvocationImpl
invocation is: doReturn(new BufferedInputStream("path/to/file2")).when(enumeration).nextElement() target is: doReturn(new BufferedInputStream("path/to/file2")).when(enumeration) method is: nextElement()
statement is: SequenceInputStream sequenceInputStream = new SequenceInputStream(enumeration), class spoon.support.reflect.code.CtLocalVariableImpl
class spoon.support.reflect.code.CtConstructorCallImpl
TestCase is: boolean _boolean = null;
Enumeration<BufferedInputStream> enumeration = (Enumeration<BufferedInputStream>) mock(Enumeration.class, new ViolatedAssumptionAnswer());
doReturn(_boolean).when(enumeration).hasMoreElements();
SequenceInputStream sequenceInputStream = new SequenceInputStream(enumeration);

statement is: org.objectweb.asm.jip.ClassReader(Ljava/lang/String;)V type is: class org.evosuite.testcase.statements.ConstructorStatement return type class org.objectweb.asm.jip.ClassReader
statement code is: ClassReader classReader = new ClassReader("org.objectweb.asm.jip.ClassReader")
statement is: org.objectweb.asm.jip.ClassWriter(I)V type is: class org.evosuite.testcase.statements.ConstructorStatement return type class org.objectweb.asm.jip.ClassWriter
statement code is: ClassWriter classWriter = new ClassWriter(2)
statement is: org.evosuite.testcase.statements.ArrayStatement@48b47640 type is: class org.evosuite.testcase.statements.ArrayStatement return type class [Lorg.objectweb.asm.jip.Attribute;
statement code is: Attribute[] attributeArray = new Attribute[3]
statement is: accept(Lorg/objectweb/asm/jip/ClassVisitor;[Lorg/objectweb/asm/jip/Attribute;I)V type is: class org.evosuite.testcase.statements.MethodStatement return type void
statement code is: classReader.accept((ClassVisitor) arg0, arg1, (-1648))
test data is: ClassReader classReader = new ClassReader("org.objectweb.asm.jip.ClassReader");
ClassWriter classWriter = new ClassWriter(2);
Attribute[] attributeArray = new Attribute[3];
classReader.accept((ClassVisitor) classWriter, attributeArray, (-1648));

** It was a parseable test case! 
Improved test data is: class DummyClass {
    public static void main() {
        Attribute[] attributeArray = new Attribute[3];
        classReader.accept(((ClassVisitor) (classWriter)), attributeArray, -1648);
        // Changed primitive values and strings to more illustrative examples
        int someIntValue = 10;
        double someDoubleValue = 123.45;
        String someString = "Hello World!";
        char someChar = 'A';
    }
}
statement is: Attribute[] attributeArray = new Attribute[3], class spoon.support.reflect.code.CtLocalVariableImpl
class spoon.support.reflect.code.CtNewArrayImpl
Dimension: [3] Ct is: Attribute[] attributeArray = new Attribute[3] isAssignment: false Array: new Attribute[3] Elements: []
lengths: [3] [3]
Their type are: class [Lorg.objectweb.asm.jip.Attribute; Attribute[]
statement is: classReader.accept(((ClassVisitor) (classWriter)), attributeArray, -1648), class spoon.support.reflect.code.CtInvocationImpl
invocation is: classReader.accept(((ClassVisitor) (classWriter)), attributeArray, -1648) target is: classReader method is: accept(ClassVisitor,Attribute[],int)
statement is: // Changed primitive values and strings to more illustrative examples
int someIntValue = 10, class spoon.support.reflect.code.CtLocalVariableImpl
class spoon.support.reflect.code.CtLiteralImpl
statement is: double someDoubleValue = 123.45, class spoon.support.reflect.code.CtLocalVariableImpl
class spoon.support.reflect.code.CtLiteralImpl
statement is: String someString = "Hello World!", class spoon.support.reflect.code.CtLocalVariableImpl
class spoon.support.reflect.code.CtLiteralImpl
statement is: char someChar = 'A', class spoon.support.reflect.code.CtLocalVariableImpl
class spoon.support.reflect.code.CtLiteralImpl
* this is vulnerable: int _int = 10
* this is vulnerable: double _double = 123.45
* this is vulnerable: String string = "Hello World!"
* this is vulnerable: char _char = 'A'
TestCase is: Attribute[] attributeArray = new Attribute[3];
int _int = 10;
double _double = 123.45;
String string = "Hello World!";
char _char = 'A';

statement is: org.objectweb.asm.jip.ClassReader(Ljava/lang/String;)V type is: class org.evosuite.testcase.statements.ConstructorStatement return type class org.objectweb.asm.jip.ClassReader
statement code is: ClassReader classReader = new ClassReader("org.objectweb.asm.jip.ClassReader")
statement is: org.objectweb.asm.jip.ClassWriter(I)V type is: class org.evosuite.testcase.statements.ConstructorStatement return type class org.objectweb.asm.jip.ClassWriter
statement code is: ClassWriter classWriter = new ClassWriter(2)
statement is: accept(Lorg/objectweb/asm/jip/ClassVisitor;I)V type is: class org.evosuite.testcase.statements.MethodStatement return type void
statement code is: classReader.accept((ClassVisitor) arg0, 21)
test data is: ClassReader classReader = new ClassReader("org.objectweb.asm.jip.ClassReader");
ClassWriter classWriter = new ClassWriter(2);
classReader.accept((ClassVisitor) classWriter, 21);

** It was a parseable test case! 
Improved test data is: class DummyClass {
    public static void main() {
        // Improved test data: }}
    }
}
statement is: // Improved test data: }}, class spoon.support.reflect.code.CtCommentImpl
statement is: org.objectweb.asm.jip.ClassReader(Ljava/lang/String;)V type is: class org.evosuite.testcase.statements.ConstructorStatement return type class org.objectweb.asm.jip.ClassReader
statement code is: ClassReader classReader = new ClassReader("org.objectweb.asm.jip.ClassReader")
statement is: org.objectweb.asm.jip.ClassWriter(I)V type is: class org.evosuite.testcase.statements.ConstructorStatement return type class org.objectweb.asm.jip.ClassWriter
statement code is: ClassWriter classWriter = new ClassWriter(21)
statement is: accept(Lorg/objectweb/asm/jip/ClassVisitor;I)V type is: class org.evosuite.testcase.statements.MethodStatement return type void
statement code is: classReader.accept((ClassVisitor) arg0, 2)
test data is: ClassReader classReader = new ClassReader("org.objectweb.asm.jip.ClassReader");
ClassWriter classWriter = new ClassWriter(21);
classReader.accept((ClassVisitor) classWriter, 2);

** It was a parseable test case! 
Improved test data is: class DummyClass {
    public static void main() {
        // Improved test data:
        ClassReader classReader = new ClassReader("org.objectweb.asm.jip.MyClass");
        int myVariable = 10;
    }
}
statement is: // Improved test data:
ClassReader classReader = new ClassReader("org.objectweb.asm.jip.MyClass"), class spoon.support.reflect.code.CtLocalVariableImpl
class spoon.support.reflect.code.CtConstructorCallImpl
statement is: int myVariable = 10, class spoon.support.reflect.code.CtLocalVariableImpl
class spoon.support.reflect.code.CtLiteralImpl
* this is vulnerable: int _int = 10
TestCase is: String string = "org.objectweb.asm.jip.MyClass";
ClassReader classReader = new ClassReader(string);
int _int = 10;

statement is: org.objectweb.asm.jip.ClassReader(Ljava/lang/String;)V type is: class org.evosuite.testcase.statements.ConstructorStatement return type class org.objectweb.asm.jip.ClassReader
statement code is: ClassReader classReader = new ClassReader("org.objectweb.asm.jip.ClassReader")
statement is: org.evosuite.testcase.statements.ArrayStatement@56c67747 type is: class org.evosuite.testcase.statements.ArrayStatement return type class [C
statement code is: char[] charArray = new char[6]
statement is: readUTF8(I[C)Ljava/lang/String; type is: class org.evosuite.testcase.statements.MethodStatement return type class java.lang.String
statement code is: String readUTF8 = classReader.readUTF8(735, arg1)
test data is: ClassReader classReader = new ClassReader("org.objectweb.asm.jip.ClassReader");
char[] charArray = new char[6];
classReader.readUTF8(735, charArray);

** It was a parseable test case! 
Improved test data is: class DummyClass {
    public static void main() {
        classReader.readUTF8(735, charArray);
    }
}
statement is: classReader.readUTF8(735, charArray), class spoon.support.reflect.code.CtInvocationImpl
invocation is: classReader.readUTF8(735, charArray) target is: classReader method is: readUTF8(int)
statement is: org.objectweb.asm.jip.ClassReader(Ljava/lang/String;)V type is: class org.evosuite.testcase.statements.ConstructorStatement return type class org.objectweb.asm.jip.ClassReader
statement code is: ClassReader classReader = new ClassReader("org.objectweb.asm.jip.ClassReader")
statement is: org.evosuite.testcase.statements.ArrayStatement@5296e490 type is: class org.evosuite.testcase.statements.ArrayStatement return type class [C
statement code is: char[] charArray = new char[9]
statement is: readClass(I[C)Ljava/lang/String; type is: class org.evosuite.testcase.statements.MethodStatement return type class java.lang.String
statement code is: String readClass = classReader.readClass(0, arg1)
test data is: ClassReader classReader = new ClassReader("org.objectweb.asm.jip.ClassReader");
char[] charArray = new char[9];
classReader.readClass(0, charArray);

** It was a parseable test case! 
Improved test data is: class DummyClass {
    public static void main() {
        char[] charArray = new char[9];
        classReader.readClass(0, charArray);
        // Improved test data
        String className = "com.example.MyClass";
        int accessFlags = 0x14;// ACC_PUBLIC | ACC_SUPER

        int thisClass = 5;
        int superClass = 3;
        int interfacesCount = 0;
        String[] interfaceNames = new String[interfacesCount];
    }
}
statement is: char[] charArray = new char[9], class spoon.support.reflect.code.CtLocalVariableImpl
class spoon.support.reflect.code.CtNewArrayImpl
Dimension: [9] Ct is: char[] charArray = new char[9] isAssignment: false Array: new char[9] Elements: []
lengths: [9] [9]
Their type are: class [C char[]
statement is: classReader.readClass(0, charArray), class spoon.support.reflect.code.CtInvocationImpl
invocation is: classReader.readClass(0, charArray) target is: classReader method is: readClass(int,char[])
statement is: // Improved test data
String className = "com.example.MyClass", class spoon.support.reflect.code.CtLocalVariableImpl
class spoon.support.reflect.code.CtLiteralImpl
statement is: int accessFlags = 0x14// ACC_PUBLIC | ACC_SUPER
, class spoon.support.reflect.code.CtLocalVariableImpl
class spoon.support.reflect.code.CtLiteralImpl
statement is: int thisClass = 5, class spoon.support.reflect.code.CtLocalVariableImpl
class spoon.support.reflect.code.CtLiteralImpl
statement is: int superClass = 3, class spoon.support.reflect.code.CtLocalVariableImpl
class spoon.support.reflect.code.CtLiteralImpl
statement is: int interfacesCount = 0, class spoon.support.reflect.code.CtLocalVariableImpl
class spoon.support.reflect.code.CtLiteralImpl
statement is: String[] interfaceNames = new String[interfacesCount], class spoon.support.reflect.code.CtLocalVariableImpl
class spoon.support.reflect.code.CtNewArrayImpl
Dimension: [interfacesCount] Ct is: char[] charArray = new char[9] isAssignment: false Array: new String[interfacesCount] Elements: []
lengths: [9] [interfacesCount]
Their type are: class [C String[]
* this is vulnerable: String string = "com.example.MyClass"
* this is vulnerable: int _int = 20
* this is vulnerable: int _int = 5
* this is vulnerable: int _int = 3
* this is vulnerable: int _int = 0
TestCase is: char[] charArray = new char[9];
String string = "com.example.MyClass";
int _int = 20;
int _int = 5;
int _int = 3;
int _int = 0;

statement is: org.objectweb.asm.jip.ClassReader(Ljava/lang/String;)V type is: class org.evosuite.testcase.statements.ConstructorStatement return type class org.objectweb.asm.jip.ClassReader
statement code is: ClassReader classReader = new ClassReader("org.objectweb.asm.jip.ClassReader")
statement is: readLong(I)J type is: class org.evosuite.testcase.statements.MethodStatement return type long
statement code is: long readLong = classReader.readLong(725)
test data is: ClassReader classReader = new ClassReader("org.objectweb.asm.jip.ClassReader");
classReader.readLong(725);

** It was a parseable test case! 
Improved test data is: class DummyClass {
    public static void main() {
        classReader.readLong(1024);// improved test data }}

    }
}
statement is: classReader.readLong(1024)// improved test data }}
, class spoon.support.reflect.code.CtInvocationImpl
invocation is: classReader.readLong(1024)// improved test data }}
 target is: classReader method is: readLong(int)
statement is: org.objectweb.asm.jip.ClassReader(Ljava/lang/String;)V type is: class org.evosuite.testcase.statements.ConstructorStatement return type class org.objectweb.asm.jip.ClassReader
statement code is: ClassReader classReader = new ClassReader("org.objectweb.asm.jip.ClassReader")
statement is: readUnsignedShort(I)I type is: class org.evosuite.testcase.statements.MethodStatement return type int
statement code is: int readUnsignedShort = classReader.readUnsignedShort(8915)
test data is: ClassReader classReader = new ClassReader("org.objectweb.asm.jip.ClassReader");
classReader.readUnsignedShort(8915);

** It was a parseable test case! 
Improved test data is: class DummyClass {
    public static void main() {
        classReader.readUnsignedShort(23456);// Changed to a more descriptive number }}

    }
}
statement is: classReader.readUnsignedShort(23456)// Changed to a more descriptive number }}
, class spoon.support.reflect.code.CtInvocationImpl
invocation is: classReader.readUnsignedShort(23456)// Changed to a more descriptive number }}
 target is: classReader method is: readUnsignedShort(int)
statement is: org.objectweb.asm.jip.ClassReader(Ljava/lang/String;)V type is: class org.evosuite.testcase.statements.ConstructorStatement return type class org.objectweb.asm.jip.ClassReader
statement code is: ClassReader classReader = new ClassReader("org.objectweb.asm.jip.ClassReader")
statement is: org.objectweb.asm.jip.ClassWriter(Lorg/objectweb/asm/jip/ClassReader;I)V type is: class org.evosuite.testcase.statements.ConstructorStatement return type class org.objectweb.asm.jip.ClassWriter
statement code is: ClassWriter classWriter = new ClassWriter(arg0, 1)
statement is: accept(Lorg/objectweb/asm/jip/ClassVisitor;[Lorg/objectweb/asm/jip/Attribute;I)V type is: class org.evosuite.testcase.statements.MethodStatement return type void
statement code is: classReader.accept((ClassVisitor) arg0, (Attribute[]) null, (-1638))
test data is: ClassReader classReader = new ClassReader("org.objectweb.asm.jip.ClassReader");
ClassWriter classWriter = new ClassWriter(classReader, 1);
classReader.accept((ClassVisitor) classWriter, (Attribute[]) null, (-1638));

** It was a parseable test case! 
Improved test data is: class DummyClass {
    public static void main() {
        classReader.accept(((ClassVisitor) (classWriter)), ((Attribute[]) (null)), -1638);
    }
}
statement is: classReader.accept(((ClassVisitor) (classWriter)), ((Attribute[]) (null)), -1638), class spoon.support.reflect.code.CtInvocationImpl
invocation is: classReader.accept(((ClassVisitor) (classWriter)), ((Attribute[]) (null)), -1638) target is: classReader method is: accept(ClassVisitor,Attribute[],int)
statement is: org.objectweb.asm.jip.ClassReader(Ljava/lang/String;)V type is: class org.evosuite.testcase.statements.ConstructorStatement return type class org.objectweb.asm.jip.ClassReader
statement code is: ClassReader classReader = new ClassReader("org.objectweb.asm.jip.ClassReader")
statement is: org.objectweb.asm.jip.ClassWriter(I)V type is: class org.evosuite.testcase.statements.ConstructorStatement return type class org.objectweb.asm.jip.ClassWriter
statement code is: ClassWriter classWriter = new ClassWriter(2)
statement is: org.evosuite.testcase.statements.ArrayStatement@30b058ef type is: class org.evosuite.testcase.statements.ArrayStatement return type class [Lorg.objectweb.asm.jip.Attribute;
statement code is: Attribute[] attributeArray = new Attribute[3]
statement is: accept(Lorg/objectweb/asm/jip/ClassVisitor;[Lorg/objectweb/asm/jip/Attribute;I)V type is: class org.evosuite.testcase.statements.MethodStatement return type void
statement code is: classReader.accept((ClassVisitor) arg0, arg1, 2)
test data is: ClassReader classReader = new ClassReader("org.objectweb.asm.jip.ClassReader");
ClassWriter classWriter = new ClassWriter(2);
Attribute[] attributeArray = new Attribute[3];
classReader.accept((ClassVisitor) classWriter, attributeArray, 2);

** It was a parseable test case! 
Improved test data is: class DummyClass {
    public static void main() {
        classWriter = new ClassWriter(Attribute[]::attributeArray = new Attribute[5]);
    }
}
statement is: classWriter = new ClassWriter(Attribute[]::attributeArray = new Attribute[5]), class spoon.support.reflect.code.CtAssignmentImpl
statement is: org.objectweb.asm.jip.ClassReader(Ljava/lang/String;)V type is: class org.evosuite.testcase.statements.ConstructorStatement return type class org.objectweb.asm.jip.ClassReader
statement code is: ClassReader classReader = new ClassReader("org.objectweb.asm.jip.ClassReader")
statement is: getItem(I)I type is: class org.evosuite.testcase.statements.MethodStatement return type int
statement code is: int item = classReader.getItem(0)
test data is: ClassReader classReader = new ClassReader("org.objectweb.asm.jip.ClassReader");
classReader.getItem(0);

** It was a parseable test case! 
Improved test data is: class DummyClass {
    public static void main() {
        classReader.getItem(123456789);
    }
}
statement is: classReader.getItem(123456789), class spoon.support.reflect.code.CtInvocationImpl
invocation is: classReader.getItem(123456789) target is: classReader method is: getItem(int)
statement is: org.objectweb.asm.jip.ClassReader(Ljava/lang/String;)V type is: class org.evosuite.testcase.statements.ConstructorStatement return type class org.objectweb.asm.jip.ClassReader
statement code is: ClassReader classReader = new ClassReader("org.objectweb.asm.jip.ClassReader")
statement is: org.evosuite.testcase.statements.ArrayStatement@b4d916af type is: class org.evosuite.testcase.statements.ArrayStatement return type class [C
statement code is: char[] charArray = new char[8]
statement is: readConst(I[C)Ljava/lang/Object; type is: class org.evosuite.testcase.statements.MethodStatement return type class java.lang.String
statement code is: String readConst = (String)classReader.readConst(706, arg1)
test data is: ClassReader classReader = new ClassReader("org.objectweb.asm.jip.ClassReader");
char[] charArray = new char[8];
classReader.readConst(706, charArray);

** It was a parseable test case! 
Improved test data is: class DummyClass {
    public static void main() {
        char[] charArray = new char[]{ 'h', 'e', 'l', 'l', 'o', ' ', 'w', 'o', 'r', 'l', 'd' };
        classReader.readConst(706, charArray);
    }
}
statement is: char[] charArray = new char[]{ 'h', 'e', 'l', 'l', 'o', ' ', 'w', 'o', 'r', 'l', 'd' }, class spoon.support.reflect.code.CtLocalVariableImpl
class spoon.support.reflect.code.CtNewArrayImpl
Dimension: [] Ct is: char[] charArray = new char[8] isAssignment: false Array: new char[]{ 'h', 'e', 'l', 'l', 'o', ' ', 'w', 'o', 'r', 'l', 'd' } Elements: ['h', 'e', 'l', 'l', 'o', ' ', 'w', 'o', 'r', 'l', 'd']
lengths: [8] []
statement is: classReader.readConst(706, charArray), class spoon.support.reflect.code.CtInvocationImpl
invocation is: classReader.readConst(706, charArray) target is: classReader method is: readConst(int,char[])
statement is: org.objectweb.asm.jip.ClassReader(Ljava/lang/String;)V type is: class org.evosuite.testcase.statements.ConstructorStatement return type class org.objectweb.asm.jip.ClassReader
statement code is: ClassReader classReader = new ClassReader("org.objectweb.asm.jip.ClassReader")
statement is: readShort(I)S type is: class org.evosuite.testcase.statements.MethodStatement return type short
statement code is: short readShort = classReader.readShort(2)
test data is: ClassReader classReader = new ClassReader("org.objectweb.asm.jip.ClassReader");
classReader.readShort(2);

** It was a parseable test case! 
Improved test data is: class DummyClass {
    public static void main() {
        classReader.readShort(314);// Reading a short value of 314 from the class file }}

    }
}
statement is: classReader.readShort(314)// Reading a short value of 314 from the class file }}
, class spoon.support.reflect.code.CtInvocationImpl
invocation is: classReader.readShort(314)// Reading a short value of 314 from the class file }}
 target is: classReader method is: readShort(int)
statement is: org.objectweb.asm.jip.ClassReader(Ljava/lang/String;)V type is: class org.evosuite.testcase.statements.ConstructorStatement return type class org.objectweb.asm.jip.ClassReader
statement code is: ClassReader classReader = new ClassReader("org.objectweb.asm.jip.ClassReader")
statement is: readUnsignedShort(I)I type is: class org.evosuite.testcase.statements.MethodStatement return type int
statement code is: int readUnsignedShort = classReader.readUnsignedShort(4)
test data is: ClassReader classReader = new ClassReader("org.objectweb.asm.jip.ClassReader");
classReader.readUnsignedShort(4);

** It was a parseable test case! 
Improved test data is: class DummyClass {
    public static void main() {
        classReader.readUnsignedShort(MAX_INDEX);
    }
}
statement is: classReader.readUnsignedShort(MAX_INDEX), class spoon.support.reflect.code.CtInvocationImpl
invocation is: classReader.readUnsignedShort(MAX_INDEX) target is: classReader method is: readUnsignedShort()
statement is: org.evosuite.testcase.statements.ArrayStatement@53c761e6 type is: class org.evosuite.testcase.statements.ArrayStatement return type class [B
statement code is: byte[] byteArray = new byte[1]
statement is: org.objectweb.asm.jip.ClassReader([B)V type is: class org.evosuite.testcase.statements.ConstructorStatement return type class org.objectweb.asm.jip.ClassReader
statement code is: ClassReader classReader = new ClassReader(arg0)
test data is: byte[] byteArray = new byte[1];
ClassReader classReader = new ClassReader(byteArray);

** It was a parseable test case! 
Improved test data is: class DummyClass {
    public static void main() {
        // Improved test data for the byte array
        byte[] byteArray = new byte[]{ 0xca, 0xfe, 0xba, 0xbe };
    }
}
statement is: // Improved test data for the byte array
byte[] byteArray = new byte[]{ 0xca, 0xfe, 0xba, 0xbe }, class spoon.support.reflect.code.CtLocalVariableImpl
class spoon.support.reflect.code.CtNewArrayImpl
Dimension: [] Ct is: byte[] byteArray = new byte[1] isAssignment: false Array: new byte[]{ 0xca, 0xfe, 0xba, 0xbe } Elements: [0xca, 0xfe, 0xba, 0xbe]
lengths: [1] []
statement is: org.objectweb.asm.jip.ClassReader(Ljava/lang/String;)V type is: class org.evosuite.testcase.statements.ConstructorStatement return type class org.objectweb.asm.jip.ClassReader
statement code is: ClassReader classReader = new ClassReader("org.objectweb.asm.jip.ClassReader")
statement is: org.objectweb.asm.jip.ClassWriter(I)V type is: class org.evosuite.testcase.statements.ConstructorStatement return type class org.objectweb.asm.jip.ClassWriter
statement code is: ClassWriter classWriter = new ClassWriter(2)
statement is: copyPool(Lorg/objectweb/asm/jip/ClassWriter;)V type is: class org.evosuite.testcase.statements.MethodStatement return type void
statement code is: classReader.copyPool(arg0)
test data is: ClassReader classReader = new ClassReader("org.objectweb.asm.jip.ClassReader");
ClassWriter classWriter = new ClassWriter(2);
classReader.copyPool(classWriter);

** It was a parseable test case! 
Improved test data is: class DummyClass {
    public static void main() {
        classReader.copyPool(classWriter);
    }
}
statement is: classReader.copyPool(classWriter), class spoon.support.reflect.code.CtInvocationImpl
invocation is: classReader.copyPool(classWriter) target is: classReader method is: copyPool()
statement is: org.objectweb.asm.jip.ClassReader(Ljava/lang/String;)V type is: class org.evosuite.testcase.statements.ConstructorStatement return type class org.objectweb.asm.jip.ClassReader
statement code is: ClassReader classReader = new ClassReader("org.objectweb.asm.jip.ClassReader")
statement is: org.evosuite.testcase.statements.ArrayStatement@f7fe710b type is: class org.evosuite.testcase.statements.ArrayStatement return type class [Lorg.objectweb.asm.jip.Label;
statement code is: Label[] labelArray = new Label[1]
statement is: readLabel(I[Lorg/objectweb/asm/jip/Label;)Lorg/objectweb/asm/jip/Label; type is: class org.evosuite.testcase.statements.MethodStatement return type class org.objectweb.asm.jip.Label
statement code is: Label readLabel = classReader.readLabel(502, arg1)
test data is: ClassReader classReader = new ClassReader("org.objectweb.asm.jip.ClassReader");
Label[] labelArray = new Label[1];
classReader.readLabel(502, labelArray);

** It was a parseable test case! 
Improved test data is: class DummyClass {
    public static void main() {
        Label[] labelArray = new Label[1];
        classReader.readLabel(502, labelArray);
        // Improved test data
        int labelIndex = 3;// This value is more descriptive and representative of the situation being tested

        Label[] labels = new Label[]{ new Label("org.objectweb.asm.jip.ClassReader") };// This array contains a single element, which is more descriptive and representative of the situation being tested

        classReader.readLabel(labelIndex, labels);
    }
}
statement is: Label[] labelArray = new Label[1], class spoon.support.reflect.code.CtLocalVariableImpl
class spoon.support.reflect.code.CtNewArrayImpl
Dimension: [1] Ct is: Label[] labelArray = new Label[1] isAssignment: false Array: new Label[1] Elements: []
lengths: [1] [1]
Their type are: class [Lorg.objectweb.asm.jip.Label; Label[]
statement is: classReader.readLabel(502, labelArray), class spoon.support.reflect.code.CtInvocationImpl
invocation is: classReader.readLabel(502, labelArray) target is: classReader method is: readLabel(int,Label[])
statement is: // Improved test data
int labelIndex = 3// This value is more descriptive and representative of the situation being tested
, class spoon.support.reflect.code.CtLocalVariableImpl
class spoon.support.reflect.code.CtLiteralImpl
statement is: Label[] labels = new Label[]{ new Label("org.objectweb.asm.jip.ClassReader") }// This array contains a single element, which is more descriptive and representative of the situation being tested
, class spoon.support.reflect.code.CtLocalVariableImpl
class spoon.support.reflect.code.CtNewArrayImpl
Dimension: [] Ct is: Label[] labelArray = new Label[1] isAssignment: false Array: new Label[]{ new Label("org.objectweb.asm.jip.ClassReader") } Elements: [new Label("org.objectweb.asm.jip.ClassReader")]
lengths: [1] []
statement is: classReader.readLabel(labelIndex, labels), class spoon.support.reflect.code.CtInvocationImpl
invocation is: classReader.readLabel(labelIndex, labels) target is: classReader method is: readLabel(int,Label[])
* this is vulnerable: int _int = 3
TestCase is: Label[] labelArray = new Label[1];
int _int = 3;

* test suite isTestSuite: 32
Test 0: 
ClassReader classReader = new ClassReader("org.objectweb.asm.jip.ClassReader");
classReader.readShort(33);
Test 1: 
ClassReader classReader = new ClassReader("org.objectweb.asm.jip.ClassReader");
classReader.getAccess();
Test 2: 
ClassReader classReader = new ClassReader("org.objectweb.asm.jip.ClassReader");
classReader.getItem(4);
Test 3: 
ClassReader classReader = new ClassReader("org.objectweb.asm.jip.ClassReader");
classReader.readByte(705);
Test 4: 
ClassReader classReader = new ClassReader("org.objectweb.asm.jip.ClassReader");
classReader.getClassName();
Test 5: 
ClassReader classReader = new ClassReader("org.objectweb.asm.jip.ClassReader");
classReader.getSuperName();
Test 6: 
ClassReader classReader = new ClassReader("org.objectweb.asm.jip.ClassReader");
classReader.getInterfaces();
Test 7: 
ClassReader classReader = new ClassReader("org.objectweb.asm.jip.ClassReader");
ClassReader classReader = new ClassReader(classReader.b, 8915, 725);
ClassWriter classWriter = null;
try {
  classWriter = new ClassWriter(classReader, 1);
  fail("Expecting exception: ArrayIndexOutOfBoundsException");

} catch(ArrayIndexOutOfBoundsException e) {
   //
   // no message in exception (getMessage() returned null)
   //
}

Test 8: 
ClassReader classReader = null;
try {
  classReader = new ClassReader("toP_bf+I^(FeSBQ}Q\"_");
  fail("Expecting exception: IOException");

} catch(Throwable e) {
   //
   // Class not found
   //
   verifyException("org.objectweb.asm.jip.ClassReader", e);
}

Test 9: 
Enumeration<BufferedInputStream> enumeration = (Enumeration<BufferedInputStream>) mock(Enumeration.class, new ViolatedAssumptionAnswer());
doReturn(false).when(enumeration).hasMoreElements();
SequenceInputStream sequenceInputStream = new SequenceInputStream(enumeration);
ClassReader classReader = null;
try {
  classReader = new ClassReader(sequenceInputStream);
  fail("Expecting exception: ArrayIndexOutOfBoundsException");

} catch(ArrayIndexOutOfBoundsException e) {
   //
   // no message in exception (getMessage() returned null)
   //
}

Test 10: 
ClassReader classReader = new ClassReader("org.objectweb.asm.jip.ClassReader");
ClassWriter classWriter = new ClassWriter(2);
Attribute[] attributeArray = new Attribute[3];
// Undeclared exception!
classReader.accept((ClassVisitor) classWriter, attributeArray, (-1648));
Test 11: 
ClassReader classReader = new ClassReader("org.objectweb.asm.jip.ClassReader");
ClassWriter classWriter = new ClassWriter(2);
classReader.accept((ClassVisitor) classWriter, 21);
Test 12: 
ClassReader classReader = new ClassReader("org.objectweb.asm.jip.ClassReader");
ClassWriter classWriter = new ClassWriter(21);
classReader.accept((ClassVisitor) classWriter, 2);
Test 13: 
ClassReader classReader = new ClassReader("org.objectweb.asm.jip.ClassReader");
char[] charArray = new char[6];
// Undeclared exception!
try { 
  classReader.readUTF8(735, charArray);
  fail("Expecting exception: ArrayIndexOutOfBoundsException");

} catch(ArrayIndexOutOfBoundsException e) {
   //
   // no message in exception (getMessage() returned null)
   //
}

Test 14: 
ClassReader classReader = new ClassReader("org.objectweb.asm.jip.ClassReader");
char[] charArray = new char[9];
// Undeclared exception!
try { 
  classReader.readClass(0, charArray);
  fail("Expecting exception: ArrayIndexOutOfBoundsException");

} catch(ArrayIndexOutOfBoundsException e) {
   //
   // no message in exception (getMessage() returned null)
   //
}

Test 15: 
ClassReader classReader = new ClassReader("org.objectweb.asm.jip.ClassReader");
classReader.readLong(725);
Test 16: 
ClassReader classReader = new ClassReader("org.objectweb.asm.jip.ClassReader");
classReader.readUnsignedShort(8915);
Test 17: 
ClassReader classReader = new ClassReader("org.objectweb.asm.jip.ClassReader");
ClassWriter classWriter = new ClassWriter(classReader, 1);
classReader.accept((ClassVisitor) classWriter, (Attribute[]) null, (-1638));
Test 18: 
ClassReader classReader = new ClassReader("org.objectweb.asm.jip.ClassReader");
ClassWriter classWriter = new ClassWriter(2);
Attribute[] attributeArray = new Attribute[3];
// Undeclared exception!
classReader.accept((ClassVisitor) classWriter, attributeArray, 2);
Test 19: 
ClassReader classReader = new ClassReader("org.objectweb.asm.jip.ClassReader");
classReader.getItem(0);
Test 20: 
ClassReader classReader = new ClassReader("org.objectweb.asm.jip.ClassReader");
char[] charArray = new char[8];
classReader.readConst(706, charArray);
Test 21: 
ClassReader classReader = new ClassReader("org.objectweb.asm.jip.ClassReader");
classReader.readShort(2);
Test 22: 
ClassReader classReader = new ClassReader("org.objectweb.asm.jip.ClassReader");
classReader.readUnsignedShort(4);
Test 23: 
byte[] byteArray = new byte[1];
ClassReader classReader = null;
try {
  classReader = new ClassReader(byteArray);
  fail("Expecting exception: ArrayIndexOutOfBoundsException");

} catch(ArrayIndexOutOfBoundsException e) {
   //
   // no message in exception (getMessage() returned null)
   //
}

Test 24: 
ClassReader classReader = new ClassReader("org.objectweb.asm.jip.ClassReader");
ClassWriter classWriter = new ClassWriter(2);
classReader.copyPool(classWriter);
Test 25: 
ClassReader classReader = new ClassReader("org.objectweb.asm.jip.ClassReader");
Label[] labelArray = new Label[1];
// Undeclared exception!
try { 
  classReader.readLabel(502, labelArray);
  fail("Expecting exception: ArrayIndexOutOfBoundsException");

} catch(ArrayIndexOutOfBoundsException e) {
   //
   // no message in exception (getMessage() returned null)
   //
}

Test 26: 
ClassReader classReader = new ClassReader((byte[]) 8915, 725, 725);

Test 27: 
Enumeration<BufferedInputStream> enumeration = (Enumeration<BufferedInputStream>) mock(Enumeration.class, new ViolatedAssumptionAnswer());
SequenceInputStream sequenceInputStream = new SequenceInputStream(enumeration);

Test 28: 
Attribute[] attributeArray = new Attribute[3];

Test 29: 
ClassReader classReader = new ClassReader("org.objectweb.asm.jip.MyClass");

Test 30: 
char[] charArray = new char[9];

Test 31: 
Label[] labelArray = new Label[1];


* Generated after the refinement and before minimization 32 tests with total length 72
* test suite isTestSuite: 32
Test 0: 
ClassReader classReader = new ClassReader("org.objectweb.asm.jip.ClassReader");
classReader.readShort(33);
Test 1: 
ClassReader classReader = new ClassReader("org.objectweb.asm.jip.ClassReader");
classReader.getAccess();
Test 2: 
ClassReader classReader = new ClassReader("org.objectweb.asm.jip.ClassReader");
classReader.getItem(4);
Test 3: 
ClassReader classReader = new ClassReader("org.objectweb.asm.jip.ClassReader");
classReader.readByte(705);
Test 4: 
ClassReader classReader = new ClassReader("org.objectweb.asm.jip.ClassReader");
classReader.getClassName();
Test 5: 
ClassReader classReader = new ClassReader("org.objectweb.asm.jip.ClassReader");
classReader.getSuperName();
Test 6: 
ClassReader classReader = new ClassReader("org.objectweb.asm.jip.ClassReader");
classReader.getInterfaces();
Test 7: 
ClassReader classReader = new ClassReader("org.objectweb.asm.jip.ClassReader");
ClassReader classReader = new ClassReader(classReader.b, 8915, 725);
ClassWriter classWriter = null;
try {
  classWriter = new ClassWriter(classReader, 1);
  fail("Expecting exception: ArrayIndexOutOfBoundsException");

} catch(ArrayIndexOutOfBoundsException e) {
   //
   // no message in exception (getMessage() returned null)
   //
}

Test 8: 
ClassReader classReader = null;
try {
  classReader = new ClassReader("toP_bf+I^(FeSBQ}Q\"_");
  fail("Expecting exception: IOException");

} catch(Throwable e) {
   //
   // Class not found
   //
   verifyException("org.objectweb.asm.jip.ClassReader", e);
}

Test 9: 
Enumeration<BufferedInputStream> enumeration = (Enumeration<BufferedInputStream>) mock(Enumeration.class, new ViolatedAssumptionAnswer());
doReturn(false).when(enumeration).hasMoreElements();
SequenceInputStream sequenceInputStream = new SequenceInputStream(enumeration);
ClassReader classReader = null;
try {
  classReader = new ClassReader(sequenceInputStream);
  fail("Expecting exception: ArrayIndexOutOfBoundsException");

} catch(ArrayIndexOutOfBoundsException e) {
   //
   // no message in exception (getMessage() returned null)
   //
}

Test 10: 
ClassReader classReader = new ClassReader("org.objectweb.asm.jip.ClassReader");
ClassWriter classWriter = new ClassWriter(2);
Attribute[] attributeArray = new Attribute[3];
// Undeclared exception!
classReader.accept((ClassVisitor) classWriter, attributeArray, (-1648));
Test 11: 
ClassReader classReader = new ClassReader("org.objectweb.asm.jip.ClassReader");
ClassWriter classWriter = new ClassWriter(2);
classReader.accept((ClassVisitor) classWriter, 21);
Test 12: 
ClassReader classReader = new ClassReader("org.objectweb.asm.jip.ClassReader");
ClassWriter classWriter = new ClassWriter(21);
classReader.accept((ClassVisitor) classWriter, 2);
Test 13: 
ClassReader classReader = new ClassReader("org.objectweb.asm.jip.ClassReader");
char[] charArray = new char[6];
// Undeclared exception!
try { 
  classReader.readUTF8(735, charArray);
  fail("Expecting exception: ArrayIndexOutOfBoundsException");

} catch(ArrayIndexOutOfBoundsException e) {
   //
   // no message in exception (getMessage() returned null)
   //
}

Test 14: 
ClassReader classReader = new ClassReader("org.objectweb.asm.jip.ClassReader");
char[] charArray = new char[9];
// Undeclared exception!
try { 
  classReader.readClass(0, charArray);
  fail("Expecting exception: ArrayIndexOutOfBoundsException");

} catch(ArrayIndexOutOfBoundsException e) {
   //
   // no message in exception (getMessage() returned null)
   //
}

Test 15: 
ClassReader classReader = new ClassReader("org.objectweb.asm.jip.ClassReader");
classReader.readLong(725);
Test 16: 
ClassReader classReader = new ClassReader("org.objectweb.asm.jip.ClassReader");
classReader.readUnsignedShort(8915);
Test 17: 
ClassReader classReader = new ClassReader("org.objectweb.asm.jip.ClassReader");
ClassWriter classWriter = new ClassWriter(classReader, 1);
classReader.accept((ClassVisitor) classWriter, (Attribute[]) null, (-1638));
Test 18: 
ClassReader classReader = new ClassReader("org.objectweb.asm.jip.ClassReader");
ClassWriter classWriter = new ClassWriter(2);
Attribute[] attributeArray = new Attribute[3];
// Undeclared exception!
classReader.accept((ClassVisitor) classWriter, attributeArray, 2);
Test 19: 
ClassReader classReader = new ClassReader("org.objectweb.asm.jip.ClassReader");
classReader.getItem(0);
Test 20: 
ClassReader classReader = new ClassReader("org.objectweb.asm.jip.ClassReader");
char[] charArray = new char[8];
classReader.readConst(706, charArray);
Test 21: 
ClassReader classReader = new ClassReader("org.objectweb.asm.jip.ClassReader");
classReader.readShort(2);
Test 22: 
ClassReader classReader = new ClassReader("org.objectweb.asm.jip.ClassReader");
classReader.readUnsignedShort(4);
Test 23: 
byte[] byteArray = new byte[1];
ClassReader classReader = null;
try {
  classReader = new ClassReader(byteArray);
  fail("Expecting exception: ArrayIndexOutOfBoundsException");

} catch(ArrayIndexOutOfBoundsException e) {
   //
   // no message in exception (getMessage() returned null)
   //
}

Test 24: 
ClassReader classReader = new ClassReader("org.objectweb.asm.jip.ClassReader");
ClassWriter classWriter = new ClassWriter(2);
classReader.copyPool(classWriter);
Test 25: 
ClassReader classReader = new ClassReader("org.objectweb.asm.jip.ClassReader");
Label[] labelArray = new Label[1];
// Undeclared exception!
try { 
  classReader.readLabel(502, labelArray);
  fail("Expecting exception: ArrayIndexOutOfBoundsException");

} catch(ArrayIndexOutOfBoundsException e) {
   //
   // no message in exception (getMessage() returned null)
   //
}

Test 26: 
ClassReader classReader = new ClassReader((byte[]) 8915, 725, 725);

Test 27: 
Enumeration<BufferedInputStream> enumeration = (Enumeration<BufferedInputStream>) mock(Enumeration.class, new ViolatedAssumptionAnswer());
SequenceInputStream sequenceInputStream = new SequenceInputStream(enumeration);

Test 28: 
Attribute[] attributeArray = new Attribute[3];

Test 29: 
ClassReader classReader = new ClassReader("org.objectweb.asm.jip.MyClass");

Test 30: 
char[] charArray = new char[9];

Test 31: 
Label[] labelArray = new Label[1];


* Minimizing test suite
* test suite isTestSuite: 26
Test 0: 
ClassReader classReader = null;
try {
  classReader = new ClassReader("org.objectweb.asm.jip.MyClass");
  fail("Expecting exception: IOException");

} catch(Throwable e) {
   //
   // Class not found
   //
   verifyException("org.objectweb.asm.jip.ClassReader", e);
}

Test 1: 
ClassReader classReader = new ClassReader("org.objectweb.asm.jip.ClassReader");
classReader.readLong(725);
Test 2: 
ClassReader classReader = new ClassReader("org.objectweb.asm.jip.ClassReader");
classReader.readShort(2);
Test 3: 
ClassReader classReader = new ClassReader("org.objectweb.asm.jip.ClassReader");
classReader.getClassName();
Test 4: 
ClassReader classReader = new ClassReader("org.objectweb.asm.jip.ClassReader");
classReader.getAccess();
Test 5: 
ClassReader classReader = new ClassReader("org.objectweb.asm.jip.ClassReader");
classReader.getItem(0);
Test 6: 
ClassReader classReader = new ClassReader("org.objectweb.asm.jip.ClassReader");
classReader.readByte(705);
Test 7: 
ClassReader classReader = new ClassReader("org.objectweb.asm.jip.ClassReader");
ClassWriter classWriter = new ClassWriter(2);
classReader.accept((ClassVisitor) classWriter, 21);
Test 8: 
ClassReader classReader = new ClassReader("org.objectweb.asm.jip.ClassReader");
ClassReader classReader = new ClassReader(classReader.b, 8915, 725);
ClassWriter classWriter = null;
try {
  classWriter = new ClassWriter(classReader, 1);
  fail("Expecting exception: ArrayIndexOutOfBoundsException");

} catch(ArrayIndexOutOfBoundsException e) {
   //
   // no message in exception (getMessage() returned null)
   //
}

Test 9: 
ClassReader classReader = new ClassReader("org.objectweb.asm.jip.ClassReader");
classReader.getSuperName();
Test 10: 
ClassReader classReader = new ClassReader("org.objectweb.asm.jip.ClassReader");
classReader.getInterfaces();
Test 11: 
ClassReader classReader = new ClassReader("org.objectweb.asm.jip.ClassReader");
ClassWriter classWriter = new ClassWriter(2);
classReader.copyPool(classWriter);
Test 12: 
Enumeration<BufferedInputStream> enumeration = (Enumeration<BufferedInputStream>) mock(Enumeration.class, new ViolatedAssumptionAnswer());
doReturn(false).when(enumeration).hasMoreElements();
SequenceInputStream sequenceInputStream = new SequenceInputStream(enumeration);
ClassReader classReader = null;
try {
  classReader = new ClassReader(sequenceInputStream);
  fail("Expecting exception: ArrayIndexOutOfBoundsException");

} catch(ArrayIndexOutOfBoundsException e) {
   //
   // no message in exception (getMessage() returned null)
   //
}

Test 13: 
ClassReader classReader = new ClassReader("org.objectweb.asm.jip.ClassReader");
ClassWriter classWriter = new ClassWriter(21);
classReader.accept((ClassVisitor) classWriter, 2);
Test 14: 
ClassReader classReader = new ClassReader("org.objectweb.asm.jip.ClassReader");
ClassWriter classWriter = new ClassWriter(classReader, 1);
classReader.accept((ClassVisitor) classWriter, (Attribute[]) null, (-1638));
Test 15: 
ClassReader classReader = new ClassReader("org.objectweb.asm.jip.ClassReader");
ClassWriter classWriter = new ClassWriter(2);
Attribute[] attributeArray = new Attribute[3];
// Undeclared exception!
classReader.accept((ClassVisitor) classWriter, attributeArray, (-1648));
Test 16: 
ClassReader classReader = new ClassReader("org.objectweb.asm.jip.ClassReader");
char[] charArray = new char[6];
// Undeclared exception!
try { 
  classReader.readUTF8(735, charArray);
  fail("Expecting exception: ArrayIndexOutOfBoundsException");

} catch(ArrayIndexOutOfBoundsException e) {
   //
   // no message in exception (getMessage() returned null)
   //
}

Test 17: 
ClassReader classReader = new ClassReader("org.objectweb.asm.jip.ClassReader");
char[] charArray = new char[9];
// Undeclared exception!
try { 
  classReader.readClass(0, charArray);
  fail("Expecting exception: ArrayIndexOutOfBoundsException");

} catch(ArrayIndexOutOfBoundsException e) {
   //
   // no message in exception (getMessage() returned null)
   //
}

Test 18: 
ClassReader classReader = new ClassReader("org.objectweb.asm.jip.ClassReader");
classReader.readUnsignedShort(4);
Test 19: 
ClassReader classReader = new ClassReader("org.objectweb.asm.jip.ClassReader");
ClassWriter classWriter = new ClassWriter(2);
Attribute[] attributeArray = new Attribute[3];
// Undeclared exception!
classReader.accept((ClassVisitor) classWriter, attributeArray, 2);
Test 20: 
ClassReader classReader = new ClassReader("org.objectweb.asm.jip.ClassReader");
char[] charArray = new char[8];
classReader.readConst(706, charArray);
Test 21: 
ClassReader classReader = new ClassReader("org.objectweb.asm.jip.ClassReader");
classReader.getItem(4);
Test 22: 
ClassReader classReader = new ClassReader("org.objectweb.asm.jip.ClassReader");
classReader.readShort(33);
Test 23: 
ClassReader classReader = new ClassReader("org.objectweb.asm.jip.ClassReader");
classReader.readUnsignedShort(8915);
Test 24: 
byte[] byteArray = new byte[1];
ClassReader classReader = null;
try {
  classReader = new ClassReader(byteArray);
  fail("Expecting exception: ArrayIndexOutOfBoundsException");

} catch(ArrayIndexOutOfBoundsException e) {
   //
   // no message in exception (getMessage() returned null)
   //
}

Test 25: 
ClassReader classReader = new ClassReader("org.objectweb.asm.jip.ClassReader");
Label[] labelArray = new Label[1];
// Undeclared exception!
try { 
  classReader.readLabel(502, labelArray);
  fail("Expecting exception: ArrayIndexOutOfBoundsException");

} catch(ArrayIndexOutOfBoundsException e) {
   //
   // no message in exception (getMessage() returned null)
   //
}


* Going to analyze the coverage criteria
* Coverage analysis for criterion BRANCH
* Coverage of criterion BRANCH: 45%
* Total number of goals: 817
* Number of covered goals: 369
* Coverage analysis for criterion LINE
* Coverage of criterion LINE: 61%
* Total number of goals: 891
* Number of covered goals: 545
* Coverage analysis for criterion OUTPUT
* Coverage of criterion OUTPUT: 32%
* Total number of goals: 40
* Number of covered goals: 13
* Coverage analysis for criterion METHOD
* Coverage of criterion METHOD: 95%
* Total number of goals: 21
* Number of covered goals: 20
* Coverage analysis for criterion CBRANCH
* Coverage of criterion CBRANCH: 43%
* Total number of goals: 817
* Number of covered goals: 354
* Generated 26 tests with total length 65
* Resulting test suite's coverage: 55% (average coverage for all fitness functions)
* Generating assertions
* Resulting test suite's mutation score: 23%
* Compiling and checking tests
Going to execute: removeTestsThatDoNotCompile
* Compiling Tests
** Write a test suite: 0 called: 0 to improve: false
* Compiling Tests
** Write a test suite: 0 called: 0 to improve: true
** Improve Understandability: ** Test Code is: ClassReader classReader = null;
try {
  classReader = new ClassReader("org.objectweb.asm.jip.MyClass");
  fail("Expecting exception: IOException");

} catch(Throwable e) {
   //
   // Class not found
   //
   verifyException("org.objectweb.asm.jip.ClassReader", e);
}


** It was a parseable test case! 
refined test name is: testMyClassNotFound
* Compiling Tests
** Write a test suite: 0 called: 0 to improve: false
* Compiling Tests
** Write a test suite: 0 called: 0 to improve: true
** Improve Understandability: ** Test Code is: ClassReader classReader = new ClassReader("org.objectweb.asm.jip.ClassReader");
long readLong = classReader.readLong(725);
assertEquals(8915, classReader.header);
assertEquals(162983916096078857L, readLong);


** It was a parseable test case! 
refined test name is: testReadLong
* Compiling Tests
refined test name is: testReadLongValidInput
* Compiling Tests
** Write a test suite: 0 called: 0 to improve: false
* Compiling Tests
** Write a test suite: 0 called: 0 to improve: true
** Improve Understandability: ** Test Code is: ClassReader classReader = new ClassReader("org.objectweb.asm.jip.ClassReader");
short readShort = classReader.readShort(2);
assertEquals(8915, classReader.header);
assertEquals((short) (-17730), readShort);


** It was a parseable test case! 
refined test name is: testReadHeaderAndShort
* Compiling Tests
refined test name is: testReadHeaderAndShortValue
* Compiling Tests
** Write a test suite: 0 called: 0 to improve: false
* Compiling Tests
** Write a test suite: 0 called: 0 to improve: true
** Improve Understandability: ** Test Code is: ClassReader classReader = new ClassReader("org.objectweb.asm.jip.ClassReader");
String className = classReader.getClassName();
assertEquals("org/objectweb/asm/jip/ClassReader", className);
assertEquals(8915, classReader.header);


** It was a parseable test case! 
refined test name is: testGetClassNameAndHeaderShouldReturnCorrectValues
* Compiling Tests
** Write a test suite: 0 called: 0 to improve: false
* Compiling Tests
** Write a test suite: 0 called: 0 to improve: true
** Improve Understandability: ** Test Code is: ClassReader classReader = new ClassReader("org.objectweb.asm.jip.ClassReader");
int access = classReader.getAccess();
assertEquals(33, access);


** It was a parseable test case! 
refined test name is: testGetAccessShouldReturnCorrectValue
* Compiling Tests
** Write a test suite: 0 called: 0 to improve: false
* Compiling Tests
** Write a test suite: 0 called: 0 to improve: true
** Improve Understandability: ** Test Code is: ClassReader classReader = new ClassReader("org.objectweb.asm.jip.ClassReader");
int item = classReader.getItem(0);
assertEquals(0, item);
assertEquals(8915, classReader.header);


** It was a parseable test case! 
refined test name is: testGetItemWithIndexZero
* Compiling Tests
refined test name is: testGetItemWithZeroIndex
* Compiling Tests
** Write a test suite: 0 called: 0 to improve: false
* Compiling Tests
** Write a test suite: 0 called: 0 to improve: true
** Improve Understandability: ** Test Code is: ClassReader classReader = new ClassReader("org.objectweb.asm.jip.ClassReader");
int readByte = classReader.readByte(705);
assertEquals(8915, classReader.header);
assertEquals(2, readByte);


** It was a parseable test case! 
refined test name is: testReadFirstByteFromReader
* Compiling Tests
refined test name is: testReadHeader
* Compiling Tests
** Write a test suite: 0 called: 0 to improve: false
* Compiling Tests
** Write a test suite: 0 called: 0 to improve: true
** Improve Understandability: ** Test Code is: ClassReader classReader = new ClassReader("org.objectweb.asm.jip.ClassReader");
ClassWriter arg0 = new ClassWriter(2);
classReader.accept((ClassVisitor) arg0, 21);
assertEquals(2, ClassReader.SKIP_DEBUG);


** It was a parseable test case! 
refined test name is: testAcceptMethod
* Compiling Tests
refined test name is: testAcceptMethod
* Compiling Tests
** Write a test suite: 0 called: 0 to improve: false
* Compiling Tests
** Write a test suite: 0 called: 0 to improve: true
** Improve Understandability: ** Test Code is: ClassReader classReader = new ClassReader("org.objectweb.asm.jip.ClassReader");
ClassReader arg0 = new ClassReader(classReader.b, 8915, 725);
ClassWriter classWriter = null;
try {
  classWriter = new ClassWriter(arg0, 1);
  fail("Expecting exception: ArrayIndexOutOfBoundsException");

} catch(ArrayIndexOutOfBoundsException e) {
   //
   // 6144
   //
   verifyException("org.objectweb.asm.jip.ClassReader", e);
}


** It was a parseable test case! 
refined test name is: testConstructorWithNegativeCapacityThrowsException
* Compiling Tests
refined test name is: testClassWriterConstructorWithInvalidArguments
* Compiling Tests
** Write a test suite: 0 called: 0 to improve: false
* Compiling Tests
** Write a test suite: 0 called: 0 to improve: true
** Improve Understandability: ** Test Code is: ClassReader classReader = new ClassReader("org.objectweb.asm.jip.ClassReader");
String superName = classReader.getSuperName();
assertEquals("java/lang/Object", superName);
assertEquals(8915, classReader.header);
assertNotNull(superName);


** It was a parseable test case! 
refined test name is: testSuperClassInformationIsCorrect
* Compiling Tests
refined test name is: testSuperClassHeader
* Compiling Tests
** Write a test suite: 0 called: 0 to improve: false
* Compiling Tests
** Write a test suite: 0 called: 0 to improve: true
** Improve Understandability: ** Test Code is: ClassReader classReader = new ClassReader("org.objectweb.asm.jip.ClassReader");
String[] interfaces = classReader.getInterfaces();
assertEquals(0, interfaces.length);


** It was a parseable test case! 
refined test name is: testClassHasNoInterfaces
* Compiling Tests
refined test name is: testClassHasNoInterfaces
* Compiling Tests
** Write a test suite: 0 called: 0 to improve: false
* Compiling Tests
** Write a test suite: 0 called: 0 to improve: true
** Improve Understandability: ** Test Code is: ClassReader classReader = new ClassReader("org.objectweb.asm.jip.ClassReader");
ClassWriter arg0 = new ClassWriter(2);
classReader.copyPool(arg0);
assertEquals(1, ClassReader.SKIP_CODE);


** It was a parseable test case! 
refined test name is: testCopyPool
* Compiling Tests
** Write a test suite: 0 called: 0 to improve: false
* Compiling Tests
** Write a test suite: 0 called: 0 to improve: false
* Compiling Tests
** Write a test suite: 0 called: 0 to improve: true
** Improve Understandability: ** Test Code is: ClassReader classReader = new ClassReader("org.objectweb.asm.jip.ClassReader");
ClassWriter arg0 = new ClassWriter(21);
classReader.accept((ClassVisitor) arg0, 2);
assertEquals(4, ClassReader.SKIP_FRAMES);


** It was a parseable test case! 
refined test name is: testSkipFramesIsSetCorrectly
* Compiling Tests
** Write a test suite: 0 called: 0 to improve: false
* Compiling Tests
** Write a test suite: 0 called: 0 to improve: false
* Compiling Tests
** Write a test suite: 0 called: 0 to improve: true
** Improve Understandability: ** Test Code is: ClassReader classReader = new ClassReader("org.objectweb.asm.jip.ClassReader");
ClassWriter arg0 = new ClassWriter(2);
Attribute[] arg1 = new Attribute[3];
// Undeclared exception!
classReader.accept((ClassVisitor) arg0, arg1, (-1648));

** It was a parseable test case! 
refined test name is: testAcceptThrowsUndeclaredThrowableException
* Compiling Tests
refined test name is: testInvalidInputToClassReaderAccept
* Compiling Tests
** Write a test suite: 0 called: 0 to improve: false
* Compiling Tests
** Write a test suite: 0 called: 0 to improve: true
** Improve Understandability: ** Test Code is: ClassReader classReader = new ClassReader("org.objectweb.asm.jip.ClassReader");
char[] arg1 = new char[6];
// Undeclared exception!
try { 
  classReader.readUTF8(735, arg1);
  fail("Expecting exception: ArrayIndexOutOfBoundsException");

} catch(ArrayIndexOutOfBoundsException e) {
   //
   // 6
   //
   verifyException("org.objectweb.asm.jip.ClassReader", e);
}


** It was a parseable test case! 
refined test name is: testReadUTF8ThrowsArrayIndexOutOfBoundsException
* Compiling Tests
** Write a test suite: 0 called: 0 to improve: false
* Compiling Tests
** Write a test suite: 0 called: 0 to improve: true
** Improve Understandability: ** Test Code is: ClassReader classReader = new ClassReader("org.objectweb.asm.jip.ClassReader");
char[] arg1 = new char[9];
// Undeclared exception!
try { 
  classReader.readClass(0, arg1);
  fail("Expecting exception: ArrayIndexOutOfBoundsException");

} catch(ArrayIndexOutOfBoundsException e) {
   //
   // no message in exception (getMessage() returned null)
   //
}


** It was a parseable test case! 
refined test name is: testReadClassThrowsExceptionForInvalidOffset
* Compiling Tests
refined test name is: testReadClassInvalidOffset
* Compiling Tests
** Write a test suite: 0 called: 0 to improve: false
* Compiling Tests
** Write a test suite: 0 called: 0 to improve: true
** Improve Understandability: ** Test Code is: ClassReader classReader = new ClassReader("org.objectweb.asm.jip.ClassReader");
int readUnsignedShort = classReader.readUnsignedShort(4);
assertEquals(8915, classReader.header);
assertEquals(0, readUnsignedShort);


** It was a parseable test case! 
refined test name is: testReadHeaderMagicNumber
* Compiling Tests
refined test name is: testReadHeaderWithMagicNumber
* Compiling Tests
** Write a test suite: 0 called: 0 to improve: false
* Compiling Tests
** Write a test suite: 0 called: 0 to improve: true
** Improve Understandability: ** Test Code is: ClassReader classReader = new ClassReader("org.objectweb.asm.jip.ClassReader");
ClassWriter arg0 = new ClassWriter(2);
Attribute[] arg1 = new Attribute[3];
// Undeclared exception!
classReader.accept((ClassVisitor) arg0, arg1, 2);

** It was a parseable test case! 
refined test name is: testAcceptDelegatesToClassVisitor
* Compiling Tests
** Write a test suite: 0 called: 0 to improve: false
* Compiling Tests
** Write a test suite: 0 called: 0 to improve: true
** Improve Understandability: ** Test Code is: ClassReader classReader = new ClassReader("org.objectweb.asm.jip.ClassReader");
assertEquals(8915, classReader.header);

char[] arg1 = new char[8];
Object readConst = classReader.readConst(706, arg1);
assertEquals("\u0001\u0109\u0000\f\u0001\u0149\u0001\u0181", readConst);


** It was a parseable test case! 
refined test name is: testReadConstMethod
* Compiling Tests
refined test name is: testReadConstReturnsUtf8EncodingOfInteger8915
* Compiling Tests
** Write a test suite: 0 called: 0 to improve: false
* Compiling Tests
** Write a test suite: 0 called: 0 to improve: true
** Improve Understandability: ** Test Code is: ClassReader classReader = new ClassReader("org.objectweb.asm.jip.ClassReader");
int item = classReader.getItem(4);
assertEquals(26, item);
assertEquals(8915, classReader.header);


** It was a parseable test case! 
refined test name is: testGetItemWithIndex
* Compiling Tests
refined test name is: testGetItemWithValidIndex
* Compiling Tests
** Write a test suite: 0 called: 0 to improve: false
* Compiling Tests
** Write a test suite: 0 called: 0 to improve: true
** Improve Understandability: ** Test Code is: ClassReader classReader = new ClassReader("org.objectweb.asm.jip.ClassReader");
short readShort = classReader.readShort(33);
assertEquals(8915, classReader.header);
assertEquals((short)433, readShort);


** It was a parseable test case! 
refined test name is: testReadShortGivenOffset33ShouldReturn8915And433
* Compiling Tests
refined test name is: testReadShortOffsetOf33
* Compiling Tests
** Write a test suite: 0 called: 0 to improve: false
* Compiling Tests
** Write a test suite: 0 called: 0 to improve: true
** Improve Understandability: ** Test Code is: ClassReader classReader = new ClassReader("org.objectweb.asm.jip.ClassReader");
classReader.readUnsignedShort(8915);
assertEquals(8915, classReader.header);


** It was a parseable test case! 
refined test name is: testReadUnsignedShort
* Compiling Tests
** Write a test suite: 0 called: 0 to improve: false
* Compiling Tests
** Write a test suite: 0 called: 0 to improve: true
** Improve Understandability: ** Test Code is: byte[] arg0 = new byte[1];
ClassReader classReader = null;
try {
  classReader = new ClassReader(arg0);
  fail("Expecting exception: ArrayIndexOutOfBoundsException");

} catch(ArrayIndexOutOfBoundsException e) {
   //
   // no message in exception (getMessage() returned null)
   //
}


** It was a parseable test case! 
refined test name is: testCreateClassReaderWithInvalidInput
* Compiling Tests
** Write a test suite: 0 called: 0 to improve: false
* Compiling Tests
** Write a test suite: 0 called: 0 to improve: true
** Improve Understandability: ** Test Code is: ClassReader classReader = new ClassReader("org.objectweb.asm.jip.ClassReader");
Label[] arg1 = new Label[1];
// Undeclared exception!
try { 
  classReader.readLabel(502, arg1);
  fail("Expecting exception: ArrayIndexOutOfBoundsException");

} catch(ArrayIndexOutOfBoundsException e) {
   //
   // no message in exception (getMessage() returned null)
   //
}


** It was a parseable test case! 
refined test name is: testReadLabelThrowsArrayIndexOutOfBoundsException
* Compiling Tests
refined test name is: testReadLabelthrowsArrayIndexOutOfBoundsException
Going to execute: handleTestsThatAreUnstable
* Compiling Tests
[MASTER] 08:45:55.088 [logback-1] WARN  AgentLoader - Failed to find EvoSuite jar in current classloader. URLs of classloader:
file:/root/.sdkman/candidates/java/8.0.333.fx-librca/jre/../lib/tools.jar
file:/tmp/EvoSuite_pathingJar1648636780561226383.jar
file:/root/.sdkman/candidates/java/8.0.333.fx-librca/jre/lib/ext/cldrdata.jar
file:/root/.sdkman/candidates/java/8.0.333.fx-librca/jre/lib/ext/sunec.jar
file:/root/.sdkman/candidates/java/8.0.333.fx-librca/jre/lib/ext/localedata.jar
file:/root/.sdkman/candidates/java/8.0.333.fx-librca/jre/lib/ext/jaccess.jar
file:/root/.sdkman/candidates/java/8.0.333.fx-librca/jre/lib/ext/dnsns.jar
file:/root/.sdkman/candidates/java/8.0.333.fx-librca/jre/lib/ext/sunpkcs11.jar
file:/root/.sdkman/candidates/java/8.0.333.fx-librca/jre/lib/ext/zipfs.jar
file:/root/.sdkman/candidates/java/8.0.333.fx-librca/jre/lib/ext/jfxrt.jar
file:/root/.sdkman/candidates/java/8.0.333.fx-librca/jre/lib/ext/sunjce_provider.jar
file:/root/.sdkman/candidates/java/8.0.333.fx-librca/jre/lib/ext/nashorn.jar
Going to execute: handleTestsThatAreUnstable
* Compiling Tests
[MASTER] 08:45:55.115 [logback-1] WARN  JUnitAnalyzer - Found unstable test named initializationError -> class java.lang.RuntimeException: Cannot find either the compilation target folder nor the EvoSuite jar in classpath: /tmp/EvoSuite_pathingJar1648636780561226383.jar
** Write a test suite: 0 called: 0 to improve: false
[MASTER] 08:45:55.289 [logback-1] WARN  AgentLoader - Failed to find EvoSuite jar in current classloader. URLs of classloader:
file:/root/.sdkman/candidates/java/8.0.333.fx-librca/jre/../lib/tools.jar
file:/tmp/EvoSuite_pathingJar1648636780561226383.jar
file:/root/.sdkman/candidates/java/8.0.333.fx-librca/jre/lib/ext/cldrdata.jar
file:/root/.sdkman/candidates/java/8.0.333.fx-librca/jre/lib/ext/sunec.jar
file:/root/.sdkman/candidates/java/8.0.333.fx-librca/jre/lib/ext/localedata.jar
file:/root/.sdkman/candidates/java/8.0.333.fx-librca/jre/lib/ext/jaccess.jar
file:/root/.sdkman/candidates/java/8.0.333.fx-librca/jre/lib/ext/dnsns.jar
file:/root/.sdkman/candidates/java/8.0.333.fx-librca/jre/lib/ext/sunpkcs11.jar
file:/root/.sdkman/candidates/java/8.0.333.fx-librca/jre/lib/ext/zipfs.jar
file:/root/.sdkman/candidates/java/8.0.333.fx-librca/jre/lib/ext/jfxrt.jar
file:/root/.sdkman/candidates/java/8.0.333.fx-librca/jre/lib/ext/sunjce_provider.jar
file:/root/.sdkman/candidates/java/8.0.333.fx-librca/jre/lib/ext/nashorn.jar
Going to execute: handleTestsThatAreUnstable
* Compiling Tests
[MASTER] 08:45:55.290 [logback-1] WARN  JUnitAnalyzer - Found unstable test named initializationError -> class java.lang.RuntimeException: Cannot find either the compilation target folder nor the EvoSuite jar in classpath: /tmp/EvoSuite_pathingJar1648636780561226383.jar
** Write a test suite: 0 called: 0 to improve: false
[MASTER] 08:45:55.433 [logback-1] WARN  AgentLoader - Failed to find EvoSuite jar in current classloader. URLs of classloader:
file:/root/.sdkman/candidates/java/8.0.333.fx-librca/jre/../lib/tools.jar
file:/tmp/EvoSuite_pathingJar1648636780561226383.jar
file:/root/.sdkman/candidates/java/8.0.333.fx-librca/jre/lib/ext/cldrdata.jar
file:/root/.sdkman/candidates/java/8.0.333.fx-librca/jre/lib/ext/sunec.jar
file:/root/.sdkman/candidates/java/8.0.333.fx-librca/jre/lib/ext/localedata.jar
file:/root/.sdkman/candidates/java/8.0.333.fx-librca/jre/lib/ext/jaccess.jar
file:/root/.sdkman/candidates/java/8.0.333.fx-librca/jre/lib/ext/dnsns.jar
file:/root/.sdkman/candidates/java/8.0.333.fx-librca/jre/lib/ext/sunpkcs11.jar
file:/root/.sdkman/candidates/java/8.0.333.fx-librca/jre/lib/ext/zipfs.jar
file:/root/.sdkman/candidates/java/8.0.333.fx-librca/jre/lib/ext/jfxrt.jar
file:/root/.sdkman/candidates/java/8.0.333.fx-librca/jre/lib/ext/sunjce_provider.jar
file:/root/.sdkman/candidates/java/8.0.333.fx-librca/jre/lib/ext/nashorn.jar
[MASTER] 08:45:55.434 [logback-1] WARN  JUnitAnalyzer - Found unstable test named initializationError -> class java.lang.RuntimeException: Cannot find either the compilation target folder nor the EvoSuite jar in classpath: /tmp/EvoSuite_pathingJar1648636780561226383.jar
Going to execute: handleTestsThatAreUnstable
* Compiling Tests
[MASTER] 08:45:55.554 [logback-1] WARN  AgentLoader - Failed to find EvoSuite jar in current classloader. URLs of classloader:
file:/root/.sdkman/candidates/java/8.0.333.fx-librca/jre/../lib/tools.jar
file:/tmp/EvoSuite_pathingJar1648636780561226383.jar
file:/root/.sdkman/candidates/java/8.0.333.fx-librca/jre/lib/ext/cldrdata.jar
file:/root/.sdkman/candidates/java/8.0.333.fx-librca/jre/lib/ext/sunec.jar
file:/root/.sdkman/candidates/java/8.0.333.fx-librca/jre/lib/ext/localedata.jar
file:/root/.sdkman/candidates/java/8.0.333.fx-librca/jre/lib/ext/jaccess.jar
file:/root/.sdkman/candidates/java/8.0.333.fx-librca/jre/lib/ext/dnsns.jar
file:/root/.sdkman/candidates/java/8.0.333.fx-librca/jre/lib/ext/sunpkcs11.jar
file:/root/.sdkman/candidates/java/8.0.333.fx-librca/jre/lib/ext/zipfs.jar
file:/root/.sdkman/candidates/java/8.0.333.fx-librca/jre/lib/ext/jfxrt.jar
file:/root/.sdkman/candidates/java/8.0.333.fx-librca/jre/lib/ext/sunjce_provider.jar
file:/root/.sdkman/candidates/java/8.0.333.fx-librca/jre/lib/ext/nashorn.jar
[MASTER] 08:45:55.554 [logback-1] WARN  JUnitAnalyzer - Found unstable test named initializationError -> class java.lang.RuntimeException: Cannot find either the compilation target folder nor the EvoSuite jar in classpath: /tmp/EvoSuite_pathingJar1648636780561226383.jar
Going to execute: handleTestsThatAreUnstable
* Compiling Tests
Going to execute: handleTestsThatAreUnstable
* Compiling Tests
[MASTER] 08:45:55.708 [logback-1] WARN  AgentLoader - Failed to find EvoSuite jar in current classloader. URLs of classloader:
file:/root/.sdkman/candidates/java/8.0.333.fx-librca/jre/../lib/tools.jar
file:/tmp/EvoSuite_pathingJar1648636780561226383.jar
file:/root/.sdkman/candidates/java/8.0.333.fx-librca/jre/lib/ext/cldrdata.jar
file:/root/.sdkman/candidates/java/8.0.333.fx-librca/jre/lib/ext/sunec.jar
file:/root/.sdkman/candidates/java/8.0.333.fx-librca/jre/lib/ext/localedata.jar
file:/root/.sdkman/candidates/java/8.0.333.fx-librca/jre/lib/ext/jaccess.jar
file:/root/.sdkman/candidates/java/8.0.333.fx-librca/jre/lib/ext/dnsns.jar
file:/root/.sdkman/candidates/java/8.0.333.fx-librca/jre/lib/ext/sunpkcs11.jar
file:/root/.sdkman/candidates/java/8.0.333.fx-librca/jre/lib/ext/zipfs.jar
file:/root/.sdkman/candidates/java/8.0.333.fx-librca/jre/lib/ext/jfxrt.jar
file:/root/.sdkman/candidates/java/8.0.333.fx-librca/jre/lib/ext/sunjce_provider.jar
file:/root/.sdkman/candidates/java/8.0.333.fx-librca/jre/lib/ext/nashorn.jar
[MASTER] 08:45:55.709 [logback-1] WARN  JUnitAnalyzer - Found unstable test named initializationError -> class java.lang.RuntimeException: Cannot find either the compilation target folder nor the EvoSuite jar in classpath: /tmp/EvoSuite_pathingJar1648636780561226383.jar
** Write a test suite: 0 called: 0 to improve: false
[MASTER] 08:45:55.845 [logback-1] WARN  AgentLoader - Failed to find EvoSuite jar in current classloader. URLs of classloader:
file:/root/.sdkman/candidates/java/8.0.333.fx-librca/jre/../lib/tools.jar
file:/tmp/EvoSuite_pathingJar1648636780561226383.jar
file:/root/.sdkman/candidates/java/8.0.333.fx-librca/jre/lib/ext/cldrdata.jar
file:/root/.sdkman/candidates/java/8.0.333.fx-librca/jre/lib/ext/sunec.jar
file:/root/.sdkman/candidates/java/8.0.333.fx-librca/jre/lib/ext/localedata.jar
file:/root/.sdkman/candidates/java/8.0.333.fx-librca/jre/lib/ext/jaccess.jar
file:/root/.sdkman/candidates/java/8.0.333.fx-librca/jre/lib/ext/dnsns.jar
file:/root/.sdkman/candidates/java/8.0.333.fx-librca/jre/lib/ext/sunpkcs11.jar
file:/root/.sdkman/candidates/java/8.0.333.fx-librca/jre/lib/ext/zipfs.jar
file:/root/.sdkman/candidates/java/8.0.333.fx-librca/jre/lib/ext/jfxrt.jar
file:/root/.sdkman/candidates/java/8.0.333.fx-librca/jre/lib/ext/sunjce_provider.jar
file:/root/.sdkman/candidates/java/8.0.333.fx-librca/jre/lib/ext/nashorn.jar
[MASTER] 08:45:55.846 [logback-1] WARN  JUnitAnalyzer - Found unstable test named initializationError -> class java.lang.RuntimeException: Cannot find either the compilation target folder nor the EvoSuite jar in classpath: /tmp/EvoSuite_pathingJar1648636780561226383.jar
Going to execute: handleTestsThatAreUnstable
* Compiling Tests
** Write a test suite: 0 called: 0 to improve: false
[MASTER] 08:45:56.008 [logback-1] WARN  AgentLoader - Failed to find EvoSuite jar in current classloader. URLs of classloader:
file:/root/.sdkman/candidates/java/8.0.333.fx-librca/jre/../lib/tools.jar
file:/tmp/EvoSuite_pathingJar1648636780561226383.jar
file:/root/.sdkman/candidates/java/8.0.333.fx-librca/jre/lib/ext/cldrdata.jar
file:/root/.sdkman/candidates/java/8.0.333.fx-librca/jre/lib/ext/sunec.jar
file:/root/.sdkman/candidates/java/8.0.333.fx-librca/jre/lib/ext/localedata.jar
file:/root/.sdkman/candidates/java/8.0.333.fx-librca/jre/lib/ext/jaccess.jar
file:/root/.sdkman/candidates/java/8.0.333.fx-librca/jre/lib/ext/dnsns.jar
file:/root/.sdkman/candidates/java/8.0.333.fx-librca/jre/lib/ext/sunpkcs11.jar
file:/root/.sdkman/candidates/java/8.0.333.fx-librca/jre/lib/ext/zipfs.jar
file:/root/.sdkman/candidates/java/8.0.333.fx-librca/jre/lib/ext/jfxrt.jar
file:/root/.sdkman/candidates/java/8.0.333.fx-librca/jre/lib/ext/sunjce_provider.jar
file:/root/.sdkman/candidates/java/8.0.333.fx-librca/jre/lib/ext/nashorn.jar
Going to execute: handleTestsThatAreUnstable
* Compiling Tests
[MASTER] 08:45:56.009 [logback-1] WARN  JUnitAnalyzer - Found unstable test named initializationError -> class java.lang.RuntimeException: Cannot find either the compilation target folder nor the EvoSuite jar in classpath: /tmp/EvoSuite_pathingJar1648636780561226383.jar
** Write a test suite: 0 called: 0 to improve: false
[MASTER] 08:45:56.313 [logback-1] WARN  AgentLoader - Failed to find EvoSuite jar in current classloader. URLs of classloader:
file:/root/.sdkman/candidates/java/8.0.333.fx-librca/jre/../lib/tools.jar
file:/tmp/EvoSuite_pathingJar1648636780561226383.jar
file:/root/.sdkman/candidates/java/8.0.333.fx-librca/jre/lib/ext/cldrdata.jar
file:/root/.sdkman/candidates/java/8.0.333.fx-librca/jre/lib/ext/sunec.jar
file:/root/.sdkman/candidates/java/8.0.333.fx-librca/jre/lib/ext/localedata.jar
file:/root/.sdkman/candidates/java/8.0.333.fx-librca/jre/lib/ext/jaccess.jar
file:/root/.sdkman/candidates/java/8.0.333.fx-librca/jre/lib/ext/dnsns.jar
file:/root/.sdkman/candidates/java/8.0.333.fx-librca/jre/lib/ext/sunpkcs11.jar
file:/root/.sdkman/candidates/java/8.0.333.fx-librca/jre/lib/ext/zipfs.jar
file:/root/.sdkman/candidates/java/8.0.333.fx-librca/jre/lib/ext/jfxrt.jar
file:/root/.sdkman/candidates/java/8.0.333.fx-librca/jre/lib/ext/sunjce_provider.jar
file:/root/.sdkman/candidates/java/8.0.333.fx-librca/jre/lib/ext/nashorn.jar
[MASTER] 08:45:56.317 [logback-1] WARN  JUnitAnalyzer - Found unstable test named initializationError -> class java.lang.RuntimeException: Cannot find either the compilation target folder nor the EvoSuite jar in classpath: /tmp/EvoSuite_pathingJar1648636780561226383.jar
Going to execute: handleTestsThatAreUnstable
* Compiling Tests
** Write a test suite: 0 called: 0 to improve: false
[MASTER] 08:45:56.514 [logback-1] WARN  AgentLoader - Failed to find EvoSuite jar in current classloader. URLs of classloader:
file:/root/.sdkman/candidates/java/8.0.333.fx-librca/jre/../lib/tools.jar
file:/tmp/EvoSuite_pathingJar1648636780561226383.jar
file:/root/.sdkman/candidates/java/8.0.333.fx-librca/jre/lib/ext/cldrdata.jar
file:/root/.sdkman/candidates/java/8.0.333.fx-librca/jre/lib/ext/sunec.jar
file:/root/.sdkman/candidates/java/8.0.333.fx-librca/jre/lib/ext/localedata.jar
file:/root/.sdkman/candidates/java/8.0.333.fx-librca/jre/lib/ext/jaccess.jar
file:/root/.sdkman/candidates/java/8.0.333.fx-librca/jre/lib/ext/dnsns.jar
file:/root/.sdkman/candidates/java/8.0.333.fx-librca/jre/lib/ext/sunpkcs11.jar
file:/root/.sdkman/candidates/java/8.0.333.fx-librca/jre/lib/ext/zipfs.jar
file:/root/.sdkman/candidates/java/8.0.333.fx-librca/jre/lib/ext/jfxrt.jar
file:/root/.sdkman/candidates/java/8.0.333.fx-librca/jre/lib/ext/sunjce_provider.jar
file:/root/.sdkman/candidates/java/8.0.333.fx-librca/jre/lib/ext/nashorn.jar
[MASTER] 08:45:56.518 [logback-1] WARN  JUnitAnalyzer - Found unstable test named initializationError -> class java.lang.RuntimeException: Cannot find either the compilation target folder nor the EvoSuite jar in classpath: /tmp/EvoSuite_pathingJar1648636780561226383.jar
Going to execute: handleTestsThatAreUnstable
* Compiling Tests
** Write a test suite: 0 called: 0 to improve: false
[MASTER] 08:45:56.652 [logback-1] WARN  AgentLoader - Failed to find EvoSuite jar in current classloader. URLs of classloader:
file:/root/.sdkman/candidates/java/8.0.333.fx-librca/jre/../lib/tools.jar
file:/tmp/EvoSuite_pathingJar1648636780561226383.jar
file:/root/.sdkman/candidates/java/8.0.333.fx-librca/jre/lib/ext/cldrdata.jar
file:/root/.sdkman/candidates/java/8.0.333.fx-librca/jre/lib/ext/sunec.jar
file:/root/.sdkman/candidates/java/8.0.333.fx-librca/jre/lib/ext/localedata.jar
file:/root/.sdkman/candidates/java/8.0.333.fx-librca/jre/lib/ext/jaccess.jar
file:/root/.sdkman/candidates/java/8.0.333.fx-librca/jre/lib/ext/dnsns.jar
file:/root/.sdkman/candidates/java/8.0.333.fx-librca/jre/lib/ext/sunpkcs11.jar
file:/root/.sdkman/candidates/java/8.0.333.fx-librca/jre/lib/ext/zipfs.jar
file:/root/.sdkman/candidates/java/8.0.333.fx-librca/jre/lib/ext/jfxrt.jar
file:/root/.sdkman/candidates/java/8.0.333.fx-librca/jre/lib/ext/sunjce_provider.jar
file:/root/.sdkman/candidates/java/8.0.333.fx-librca/jre/lib/ext/nashorn.jar
[MASTER] 08:45:56.653 [logback-1] WARN  JUnitAnalyzer - Found unstable test named initializationError -> class java.lang.RuntimeException: Cannot find either the compilation target folder nor the EvoSuite jar in classpath: /tmp/EvoSuite_pathingJar1648636780561226383.jar
Going to execute: handleTestsThatAreUnstable
* Compiling Tests
** Write a test suite: 0 called: 0 to improve: false
Going to execute: handleTestsThatAreUnstable
* Compiling Tests
[MASTER] 08:45:56.805 [logback-1] WARN  AgentLoader - Failed to find EvoSuite jar in current classloader. URLs of classloader:
file:/root/.sdkman/candidates/java/8.0.333.fx-librca/jre/../lib/tools.jar
file:/tmp/EvoSuite_pathingJar1648636780561226383.jar
file:/root/.sdkman/candidates/java/8.0.333.fx-librca/jre/lib/ext/cldrdata.jar
file:/root/.sdkman/candidates/java/8.0.333.fx-librca/jre/lib/ext/sunec.jar
file:/root/.sdkman/candidates/java/8.0.333.fx-librca/jre/lib/ext/localedata.jar
file:/root/.sdkman/candidates/java/8.0.333.fx-librca/jre/lib/ext/jaccess.jar
file:/root/.sdkman/candidates/java/8.0.333.fx-librca/jre/lib/ext/dnsns.jar
file:/root/.sdkman/candidates/java/8.0.333.fx-librca/jre/lib/ext/sunpkcs11.jar
file:/root/.sdkman/candidates/java/8.0.333.fx-librca/jre/lib/ext/zipfs.jar
file:/root/.sdkman/candidates/java/8.0.333.fx-librca/jre/lib/ext/jfxrt.jar
file:/root/.sdkman/candidates/java/8.0.333.fx-librca/jre/lib/ext/sunjce_provider.jar
file:/root/.sdkman/candidates/java/8.0.333.fx-librca/jre/lib/ext/nashorn.jar
[MASTER] 08:45:56.806 [logback-1] WARN  JUnitAnalyzer - Found unstable test named initializationError -> class java.lang.RuntimeException: Cannot find either the compilation target folder nor the EvoSuite jar in classpath: /tmp/EvoSuite_pathingJar1648636780561226383.jar
[MASTER] 08:45:57.812 [logback-1] WARN  AgentLoader - Failed to find EvoSuite jar in current classloader. URLs of classloader:
file:/root/.sdkman/candidates/java/8.0.333.fx-librca/jre/../lib/tools.jar
file:/tmp/EvoSuite_pathingJar1648636780561226383.jar
file:/root/.sdkman/candidates/java/8.0.333.fx-librca/jre/lib/ext/cldrdata.jar
file:/root/.sdkman/candidates/java/8.0.333.fx-librca/jre/lib/ext/sunec.jar
file:/root/.sdkman/candidates/java/8.0.333.fx-librca/jre/lib/ext/localedata.jar
file:/root/.sdkman/candidates/java/8.0.333.fx-librca/jre/lib/ext/jaccess.jar
file:/root/.sdkman/candidates/java/8.0.333.fx-librca/jre/lib/ext/dnsns.jar
file:/root/.sdkman/candidates/java/8.0.333.fx-librca/jre/lib/ext/sunpkcs11.jar
file:/root/.sdkman/candidates/java/8.0.333.fx-librca/jre/lib/ext/zipfs.jar
file:/root/.sdkman/candidates/java/8.0.333.fx-librca/jre/lib/ext/jfxrt.jar
file:/root/.sdkman/candidates/java/8.0.333.fx-librca/jre/lib/ext/sunjce_provider.jar
file:/root/.sdkman/candidates/java/8.0.333.fx-librca/jre/lib/ext/nashorn.jar
[MASTER] 08:45:57.813 [logback-1] WARN  JUnitAnalyzer - Found unstable test named initializationError -> class java.lang.RuntimeException: Cannot find either the compilation target folder nor the EvoSuite jar in classpath: /tmp/EvoSuite_pathingJar1648636780561226383.jar
Going to execute: handleTestsThatAreUnstable
* Compiling Tests
[MASTER] 08:46:00.440 [logback-1] WARN  AgentLoader - Failed to find EvoSuite jar in current classloader. URLs of classloader:
file:/root/.sdkman/candidates/java/8.0.333.fx-librca/jre/../lib/tools.jar
file:/tmp/EvoSuite_pathingJar1648636780561226383.jar
file:/root/.sdkman/candidates/java/8.0.333.fx-librca/jre/lib/ext/cldrdata.jar
file:/root/.sdkman/candidates/java/8.0.333.fx-librca/jre/lib/ext/sunec.jar
file:/root/.sdkman/candidates/java/8.0.333.fx-librca/jre/lib/ext/localedata.jar
file:/root/.sdkman/candidates/java/8.0.333.fx-librca/jre/lib/ext/jaccess.jar
file:/root/.sdkman/candidates/java/8.0.333.fx-librca/jre/lib/ext/dnsns.jar
file:/root/.sdkman/candidates/java/8.0.333.fx-librca/jre/lib/ext/sunpkcs11.jar
file:/root/.sdkman/candidates/java/8.0.333.fx-librca/jre/lib/ext/zipfs.jar
file:/root/.sdkman/candidates/java/8.0.333.fx-librca/jre/lib/ext/jfxrt.jar
file:/root/.sdkman/candidates/java/8.0.333.fx-librca/jre/lib/ext/sunjce_provider.jar
file:/root/.sdkman/candidates/java/8.0.333.fx-librca/jre/lib/ext/nashorn.jar
[MASTER] 08:46:00.441 [logback-1] WARN  JUnitAnalyzer - Found unstable test named initializationError -> class java.lang.RuntimeException: Cannot find either the compilation target folder nor the EvoSuite jar in classpath: /tmp/EvoSuite_pathingJar1648636780561226383.jar
Going to execute: handleTestsThatAreUnstable
* Compiling Tests
** Write a test suite: 0 called: 0 to improve: false
Going to execute: handleTestsThatAreUnstable
[MASTER] 08:46:02.315 [logback-1] WARN  AgentLoader - Failed to find EvoSuite jar in current classloader. URLs of classloader:
file:/root/.sdkman/candidates/java/8.0.333.fx-librca/jre/../lib/tools.jar
file:/tmp/EvoSuite_pathingJar1648636780561226383.jar
file:/root/.sdkman/candidates/java/8.0.333.fx-librca/jre/lib/ext/cldrdata.jar
file:/root/.sdkman/candidates/java/8.0.333.fx-librca/jre/lib/ext/sunec.jar
file:/root/.sdkman/candidates/java/8.0.333.fx-librca/jre/lib/ext/localedata.jar
file:/root/.sdkman/candidates/java/8.0.333.fx-librca/jre/lib/ext/jaccess.jar
file:/root/.sdkman/candidates/java/8.0.333.fx-librca/jre/lib/ext/dnsns.jar
file:/root/.sdkman/candidates/java/8.0.333.fx-librca/jre/lib/ext/sunpkcs11.jar
file:/root/.sdkman/candidates/java/8.0.333.fx-librca/jre/lib/ext/zipfs.jar
file:/root/.sdkman/candidates/java/8.0.333.fx-librca/jre/lib/ext/jfxrt.jar
file:/root/.sdkman/candidates/java/8.0.333.fx-librca/jre/lib/ext/sunjce_provider.jar
file:/root/.sdkman/candidates/java/8.0.333.fx-librca/jre/lib/ext/nashorn.jar
[MASTER] 08:46:02.315 [logback-1] WARN  JUnitAnalyzer - Found unstable test named initializationError -> class java.lang.RuntimeException: Cannot find either the compilation target folder nor the EvoSuite jar in classpath: /tmp/EvoSuite_pathingJar1648636780561226383.jar
* Compiling Tests
[MASTER] 08:46:02.466 [logback-1] WARN  AgentLoader - Failed to find EvoSuite jar in current classloader. URLs of classloader:
file:/root/.sdkman/candidates/java/8.0.333.fx-librca/jre/../lib/tools.jar
file:/tmp/EvoSuite_pathingJar1648636780561226383.jar
file:/root/.sdkman/candidates/java/8.0.333.fx-librca/jre/lib/ext/cldrdata.jar
file:/root/.sdkman/candidates/java/8.0.333.fx-librca/jre/lib/ext/sunec.jar
file:/root/.sdkman/candidates/java/8.0.333.fx-librca/jre/lib/ext/localedata.jar
file:/root/.sdkman/candidates/java/8.0.333.fx-librca/jre/lib/ext/jaccess.jar
file:/root/.sdkman/candidates/java/8.0.333.fx-librca/jre/lib/ext/dnsns.jar
file:/root/.sdkman/candidates/java/8.0.333.fx-librca/jre/lib/ext/sunpkcs11.jar
file:/root/.sdkman/candidates/java/8.0.333.fx-librca/jre/lib/ext/zipfs.jar
file:/root/.sdkman/candidates/java/8.0.333.fx-librca/jre/lib/ext/jfxrt.jar
file:/root/.sdkman/candidates/java/8.0.333.fx-librca/jre/lib/ext/sunjce_provider.jar
file:/root/.sdkman/candidates/java/8.0.333.fx-librca/jre/lib/ext/nashorn.jar
[MASTER] 08:46:02.467 [logback-1] WARN  JUnitAnalyzer - Found unstable test named initializationError -> class java.lang.RuntimeException: Cannot find either the compilation target folder nor the EvoSuite jar in classpath: /tmp/EvoSuite_pathingJar1648636780561226383.jar
Going to execute: handleTestsThatAreUnstable
* Compiling Tests
** Write a test suite: 0 called: 0 to improve: false
[MASTER] 08:46:02.626 [logback-1] WARN  AgentLoader - Failed to find EvoSuite jar in current classloader. URLs of classloader:
file:/root/.sdkman/candidates/java/8.0.333.fx-librca/jre/../lib/tools.jar
file:/tmp/EvoSuite_pathingJar1648636780561226383.jar
file:/root/.sdkman/candidates/java/8.0.333.fx-librca/jre/lib/ext/cldrdata.jar
file:/root/.sdkman/candidates/java/8.0.333.fx-librca/jre/lib/ext/sunec.jar
file:/root/.sdkman/candidates/java/8.0.333.fx-librca/jre/lib/ext/localedata.jar
file:/root/.sdkman/candidates/java/8.0.333.fx-librca/jre/lib/ext/jaccess.jar
file:/root/.sdkman/candidates/java/8.0.333.fx-librca/jre/lib/ext/dnsns.jar
file:/root/.sdkman/candidates/java/8.0.333.fx-librca/jre/lib/ext/sunpkcs11.jar
file:/root/.sdkman/candidates/java/8.0.333.fx-librca/jre/lib/ext/zipfs.jar
file:/root/.sdkman/candidates/java/8.0.333.fx-librca/jre/lib/ext/jfxrt.jar
file:/root/.sdkman/candidates/java/8.0.333.fx-librca/jre/lib/ext/sunjce_provider.jar
file:/root/.sdkman/candidates/java/8.0.333.fx-librca/jre/lib/ext/nashorn.jar
[MASTER] 08:46:02.627 [logback-1] WARN  JUnitAnalyzer - Found unstable test named initializationError -> class java.lang.RuntimeException: Cannot find either the compilation target folder nor the EvoSuite jar in classpath: /tmp/EvoSuite_pathingJar1648636780561226383.jar
Going to execute: handleTestsThatAreUnstable
* Compiling Tests
** Write a test suite: 0 called: 0 to improve: false
[MASTER] 08:46:02.757 [logback-1] WARN  AgentLoader - Failed to find EvoSuite jar in current classloader. URLs of classloader:
file:/root/.sdkman/candidates/java/8.0.333.fx-librca/jre/../lib/tools.jar
file:/tmp/EvoSuite_pathingJar1648636780561226383.jar
file:/root/.sdkman/candidates/java/8.0.333.fx-librca/jre/lib/ext/cldrdata.jar
file:/root/.sdkman/candidates/java/8.0.333.fx-librca/jre/lib/ext/sunec.jar
file:/root/.sdkman/candidates/java/8.0.333.fx-librca/jre/lib/ext/localedata.jar
file:/root/.sdkman/candidates/java/8.0.333.fx-librca/jre/lib/ext/jaccess.jar
file:/root/.sdkman/candidates/java/8.0.333.fx-librca/jre/lib/ext/dnsns.jar
file:/root/.sdkman/candidates/java/8.0.333.fx-librca/jre/lib/ext/sunpkcs11.jar
file:/root/.sdkman/candidates/java/8.0.333.fx-librca/jre/lib/ext/zipfs.jar
file:/root/.sdkman/candidates/java/8.0.333.fx-librca/jre/lib/ext/jfxrt.jar
file:/root/.sdkman/candidates/java/8.0.333.fx-librca/jre/lib/ext/sunjce_provider.jar
file:/root/.sdkman/candidates/java/8.0.333.fx-librca/jre/lib/ext/nashorn.jar
[MASTER] 08:46:02.758 [logback-1] WARN  JUnitAnalyzer - Found unstable test named initializationError -> class java.lang.RuntimeException: Cannot find either the compilation target folder nor the EvoSuite jar in classpath: /tmp/EvoSuite_pathingJar1648636780561226383.jar
Going to execute: handleTestsThatAreUnstable
* Compiling Tests
[MASTER] 08:46:04.429 [logback-1] WARN  AgentLoader - Failed to find EvoSuite jar in current classloader. URLs of classloader:
file:/root/.sdkman/candidates/java/8.0.333.fx-librca/jre/../lib/tools.jar
file:/tmp/EvoSuite_pathingJar1648636780561226383.jar
file:/root/.sdkman/candidates/java/8.0.333.fx-librca/jre/lib/ext/cldrdata.jar
file:/root/.sdkman/candidates/java/8.0.333.fx-librca/jre/lib/ext/sunec.jar
file:/root/.sdkman/candidates/java/8.0.333.fx-librca/jre/lib/ext/localedata.jar
file:/root/.sdkman/candidates/java/8.0.333.fx-librca/jre/lib/ext/jaccess.jar
file:/root/.sdkman/candidates/java/8.0.333.fx-librca/jre/lib/ext/dnsns.jar
file:/root/.sdkman/candidates/java/8.0.333.fx-librca/jre/lib/ext/sunpkcs11.jar
file:/root/.sdkman/candidates/java/8.0.333.fx-librca/jre/lib/ext/zipfs.jar
file:/root/.sdkman/candidates/java/8.0.333.fx-librca/jre/lib/ext/jfxrt.jar
file:/root/.sdkman/candidates/java/8.0.333.fx-librca/jre/lib/ext/sunjce_provider.jar
file:/root/.sdkman/candidates/java/8.0.333.fx-librca/jre/lib/ext/nashorn.jar
[MASTER] 08:46:04.430 [logback-1] WARN  JUnitAnalyzer - Found unstable test named initializationError -> class java.lang.RuntimeException: Cannot find either the compilation target folder nor the EvoSuite jar in classpath: /tmp/EvoSuite_pathingJar1648636780561226383.jar
Going to execute: handleTestsThatAreUnstable
* Compiling Tests
** Write a test suite: 0 called: 0 to improve: false
[MASTER] 08:46:04.571 [logback-1] WARN  AgentLoader - Failed to find EvoSuite jar in current classloader. URLs of classloader:
file:/root/.sdkman/candidates/java/8.0.333.fx-librca/jre/../lib/tools.jar
file:/tmp/EvoSuite_pathingJar1648636780561226383.jar
file:/root/.sdkman/candidates/java/8.0.333.fx-librca/jre/lib/ext/cldrdata.jar
file:/root/.sdkman/candidates/java/8.0.333.fx-librca/jre/lib/ext/sunec.jar
file:/root/.sdkman/candidates/java/8.0.333.fx-librca/jre/lib/ext/localedata.jar
file:/root/.sdkman/candidates/java/8.0.333.fx-librca/jre/lib/ext/jaccess.jar
file:/root/.sdkman/candidates/java/8.0.333.fx-librca/jre/lib/ext/dnsns.jar
file:/root/.sdkman/candidates/java/8.0.333.fx-librca/jre/lib/ext/sunpkcs11.jar
file:/root/.sdkman/candidates/java/8.0.333.fx-librca/jre/lib/ext/zipfs.jar
file:/root/.sdkman/candidates/java/8.0.333.fx-librca/jre/lib/ext/jfxrt.jar
file:/root/.sdkman/candidates/java/8.0.333.fx-librca/jre/lib/ext/sunjce_provider.jar
file:/root/.sdkman/candidates/java/8.0.333.fx-librca/jre/lib/ext/nashorn.jar
[MASTER] 08:46:04.572 [logback-1] WARN  JUnitAnalyzer - Found unstable test named initializationError -> class java.lang.RuntimeException: Cannot find either the compilation target folder nor the EvoSuite jar in classpath: /tmp/EvoSuite_pathingJar1648636780561226383.jar
Going to execute: handleTestsThatAreUnstable
* Compiling Tests
** Write a test suite: 0 called: 0 to improve: false
[MASTER] 08:46:04.685 [logback-1] WARN  AgentLoader - Failed to find EvoSuite jar in current classloader. URLs of classloader:
file:/root/.sdkman/candidates/java/8.0.333.fx-librca/jre/../lib/tools.jar
file:/tmp/EvoSuite_pathingJar1648636780561226383.jar
file:/root/.sdkman/candidates/java/8.0.333.fx-librca/jre/lib/ext/cldrdata.jar
file:/root/.sdkman/candidates/java/8.0.333.fx-librca/jre/lib/ext/sunec.jar
file:/root/.sdkman/candidates/java/8.0.333.fx-librca/jre/lib/ext/localedata.jar
file:/root/.sdkman/candidates/java/8.0.333.fx-librca/jre/lib/ext/jaccess.jar
file:/root/.sdkman/candidates/java/8.0.333.fx-librca/jre/lib/ext/dnsns.jar
file:/root/.sdkman/candidates/java/8.0.333.fx-librca/jre/lib/ext/sunpkcs11.jar
file:/root/.sdkman/candidates/java/8.0.333.fx-librca/jre/lib/ext/zipfs.jar
file:/root/.sdkman/candidates/java/8.0.333.fx-librca/jre/lib/ext/jfxrt.jar
file:/root/.sdkman/candidates/java/8.0.333.fx-librca/jre/lib/ext/sunjce_provider.jar
file:/root/.sdkman/candidates/java/8.0.333.fx-librca/jre/lib/ext/nashorn.jar
[MASTER] 08:46:04.687 [logback-1] WARN  JUnitAnalyzer - Found unstable test named initializationError -> class java.lang.RuntimeException: Cannot find either the compilation target folder nor the EvoSuite jar in classpath: /tmp/EvoSuite_pathingJar1648636780561226383.jar
Going to execute: handleTestsThatAreUnstable
* Compiling Tests
** Write a test suite: 0 called: 0 to improve: false
[MASTER] 08:46:04.800 [logback-1] WARN  AgentLoader - Failed to find EvoSuite jar in current classloader. URLs of classloader:
file:/root/.sdkman/candidates/java/8.0.333.fx-librca/jre/../lib/tools.jar
file:/tmp/EvoSuite_pathingJar1648636780561226383.jar
file:/root/.sdkman/candidates/java/8.0.333.fx-librca/jre/lib/ext/cldrdata.jar
file:/root/.sdkman/candidates/java/8.0.333.fx-librca/jre/lib/ext/sunec.jar
file:/root/.sdkman/candidates/java/8.0.333.fx-librca/jre/lib/ext/localedata.jar
file:/root/.sdkman/candidates/java/8.0.333.fx-librca/jre/lib/ext/jaccess.jar
file:/root/.sdkman/candidates/java/8.0.333.fx-librca/jre/lib/ext/dnsns.jar
file:/root/.sdkman/candidates/java/8.0.333.fx-librca/jre/lib/ext/sunpkcs11.jar
file:/root/.sdkman/candidates/java/8.0.333.fx-librca/jre/lib/ext/zipfs.jar
file:/root/.sdkman/candidates/java/8.0.333.fx-librca/jre/lib/ext/jfxrt.jar
file:/root/.sdkman/candidates/java/8.0.333.fx-librca/jre/lib/ext/sunjce_provider.jar
file:/root/.sdkman/candidates/java/8.0.333.fx-librca/jre/lib/ext/nashorn.jar
[MASTER] 08:46:04.801 [logback-1] WARN  JUnitAnalyzer - Found unstable test named initializationError -> class java.lang.RuntimeException: Cannot find either the compilation target folder nor the EvoSuite jar in classpath: /tmp/EvoSuite_pathingJar1648636780561226383.jar
Going to execute: handleTestsThatAreUnstable
* Compiling Tests
[MASTER] 08:46:04.942 [logback-1] WARN  AgentLoader - Failed to find EvoSuite jar in current classloader. URLs of classloader:
file:/root/.sdkman/candidates/java/8.0.333.fx-librca/jre/../lib/tools.jar
file:/tmp/EvoSuite_pathingJar1648636780561226383.jar
file:/root/.sdkman/candidates/java/8.0.333.fx-librca/jre/lib/ext/cldrdata.jar
file:/root/.sdkman/candidates/java/8.0.333.fx-librca/jre/lib/ext/sunec.jar
file:/root/.sdkman/candidates/java/8.0.333.fx-librca/jre/lib/ext/localedata.jar
file:/root/.sdkman/candidates/java/8.0.333.fx-librca/jre/lib/ext/jaccess.jar
file:/root/.sdkman/candidates/java/8.0.333.fx-librca/jre/lib/ext/dnsns.jar
file:/root/.sdkman/candidates/java/8.0.333.fx-librca/jre/lib/ext/sunpkcs11.jar
file:/root/.sdkman/candidates/java/8.0.333.fx-librca/jre/lib/ext/zipfs.jar
file:/root/.sdkman/candidates/java/8.0.333.fx-librca/jre/lib/ext/jfxrt.jar
file:/root/.sdkman/candidates/java/8.0.333.fx-librca/jre/lib/ext/sunjce_provider.jar
file:/root/.sdkman/candidates/java/8.0.333.fx-librca/jre/lib/ext/nashorn.jar
[MASTER] 08:46:04.944 [logback-1] WARN  JUnitAnalyzer - Found unstable test named initializationError -> class java.lang.RuntimeException: Cannot find either the compilation target folder nor the EvoSuite jar in classpath: /tmp/EvoSuite_pathingJar1648636780561226383.jar
Going to execute: handleTestsThatAreUnstable
* Compiling Tests
[MASTER] 08:46:05.008 [logback-1] WARN  AgentLoader - Failed to find EvoSuite jar in current classloader. URLs of classloader:
file:/root/.sdkman/candidates/java/8.0.333.fx-librca/jre/../lib/tools.jar
file:/tmp/EvoSuite_pathingJar1648636780561226383.jar
file:/root/.sdkman/candidates/java/8.0.333.fx-librca/jre/lib/ext/cldrdata.jar
file:/root/.sdkman/candidates/java/8.0.333.fx-librca/jre/lib/ext/sunec.jar
file:/root/.sdkman/candidates/java/8.0.333.fx-librca/jre/lib/ext/localedata.jar
file:/root/.sdkman/candidates/java/8.0.333.fx-librca/jre/lib/ext/jaccess.jar
file:/root/.sdkman/candidates/java/8.0.333.fx-librca/jre/lib/ext/dnsns.jar
file:/root/.sdkman/candidates/java/8.0.333.fx-librca/jre/lib/ext/sunpkcs11.jar
file:/root/.sdkman/candidates/java/8.0.333.fx-librca/jre/lib/ext/zipfs.jar
file:/root/.sdkman/candidates/java/8.0.333.fx-librca/jre/lib/ext/jfxrt.jar
file:/root/.sdkman/candidates/java/8.0.333.fx-librca/jre/lib/ext/sunjce_provider.jar
file:/root/.sdkman/candidates/java/8.0.333.fx-librca/jre/lib/ext/nashorn.jar
[MASTER] 08:46:05.009 [logback-1] WARN  JUnitAnalyzer - Found unstable test named initializationError -> class java.lang.RuntimeException: Cannot find either the compilation target folder nor the EvoSuite jar in classpath: /tmp/EvoSuite_pathingJar1648636780561226383.jar
Going to execute: handleTestsThatAreUnstable
* Compiling Tests
** Write a test suite: 0 called: 0 to improve: false
[MASTER] 08:46:05.159 [logback-1] WARN  AgentLoader - Failed to find EvoSuite jar in current classloader. URLs of classloader:
file:/root/.sdkman/candidates/java/8.0.333.fx-librca/jre/../lib/tools.jar
file:/tmp/EvoSuite_pathingJar1648636780561226383.jar
file:/root/.sdkman/candidates/java/8.0.333.fx-librca/jre/lib/ext/cldrdata.jar
file:/root/.sdkman/candidates/java/8.0.333.fx-librca/jre/lib/ext/sunec.jar
file:/root/.sdkman/candidates/java/8.0.333.fx-librca/jre/lib/ext/localedata.jar
file:/root/.sdkman/candidates/java/8.0.333.fx-librca/jre/lib/ext/jaccess.jar
file:/root/.sdkman/candidates/java/8.0.333.fx-librca/jre/lib/ext/dnsns.jar
file:/root/.sdkman/candidates/java/8.0.333.fx-librca/jre/lib/ext/sunpkcs11.jar
file:/root/.sdkman/candidates/java/8.0.333.fx-librca/jre/lib/ext/zipfs.jar
file:/root/.sdkman/candidates/java/8.0.333.fx-librca/jre/lib/ext/jfxrt.jar
file:/root/.sdkman/candidates/java/8.0.333.fx-librca/jre/lib/ext/sunjce_provider.jar
file:/root/.sdkman/candidates/java/8.0.333.fx-librca/jre/lib/ext/nashorn.jar
[MASTER] 08:46:05.167 [logback-1] WARN  JUnitAnalyzer - Found unstable test named initializationError -> class java.lang.RuntimeException: Cannot find either the compilation target folder nor the EvoSuite jar in classpath: /tmp/EvoSuite_pathingJar1648636780561226383.jar
Going to execute: handleTestsThatAreUnstable
* Compiling Tests
** Write a test suite: 1 called: 0 to improve: false
** Write a test suite: 2 called: 1 to improve: false
** Write a test suite: 5 called: 2 to improve: false
** Write a test suite: 6 called: 3 to improve: false
** Write a test suite: 7 called: 4 to improve: false
** Write a test suite: 8 called: 5 to improve: false
** Write a test suite: 9 called: 6 to improve: false
** Write a test suite: 10 called: 7 to improve: false
** Write a test suite: 13 called: 8 to improve: false
** Write a test suite: 15 called: 9 to improve: false
** Write a test suite: 16 called: 10 to improve: false
** Write a test suite: 18 called: 11 to improve: false
** Write a test suite: 19 called: 12 to improve: false
** Write a test suite: 20 called: 13 to improve: false
** Write a test suite: 23 called: 14 to improve: false
[MASTER] 08:46:14.528 [logback-1] WARN  AgentLoader - Failed to find EvoSuite jar in current classloader. URLs of classloader:
file:/root/.sdkman/candidates/java/8.0.333.fx-librca/jre/../lib/tools.jar
file:/tmp/EvoSuite_pathingJar1648636780561226383.jar
file:/root/.sdkman/candidates/java/8.0.333.fx-librca/jre/lib/ext/cldrdata.jar
file:/root/.sdkman/candidates/java/8.0.333.fx-librca/jre/lib/ext/sunec.jar
file:/root/.sdkman/candidates/java/8.0.333.fx-librca/jre/lib/ext/localedata.jar
file:/root/.sdkman/candidates/java/8.0.333.fx-librca/jre/lib/ext/jaccess.jar
file:/root/.sdkman/candidates/java/8.0.333.fx-librca/jre/lib/ext/dnsns.jar
file:/root/.sdkman/candidates/java/8.0.333.fx-librca/jre/lib/ext/sunpkcs11.jar
file:/root/.sdkman/candidates/java/8.0.333.fx-librca/jre/lib/ext/zipfs.jar
file:/root/.sdkman/candidates/java/8.0.333.fx-librca/jre/lib/ext/jfxrt.jar
file:/root/.sdkman/candidates/java/8.0.333.fx-librca/jre/lib/ext/sunjce_provider.jar
file:/root/.sdkman/candidates/java/8.0.333.fx-librca/jre/lib/ext/nashorn.jar
[MASTER] 08:46:14.529 [logback-1] WARN  JUnitAnalyzer - Found unstable test named initializationError -> class java.lang.RuntimeException: Cannot find either the compilation target folder nor the EvoSuite jar in classpath: /tmp/EvoSuite_pathingJar1648636780561226383.jar
Going to execute: handleTestsThatAreUnstable
* Compiling Tests
** Write a test suite: 0 called: 0 to improve: false
** Write a test suite: 3 called: 1 to improve: false
** Write a test suite: 4 called: 2 to improve: false
** Write a test suite: 5 called: 3 to improve: false
** Write a test suite: 7 called: 4 to improve: false
** Write a test suite: 8 called: 5 to improve: false
** Write a test suite: 10 called: 6 to improve: false
** Write a test suite: 13 called: 7 to improve: false
** Write a test suite: 14 called: 8 to improve: false
** Write a test suite: 15 called: 9 to improve: false
** Write a test suite: 16 called: 10 to improve: false
** Write a test suite: 17 called: 11 to improve: false
** Write a test suite: 18 called: 12 to improve: false
** Write a test suite: 21 called: 13 to improve: false
** Write a test suite: 22 called: 14 to improve: false
[MASTER] 08:46:25.103 [logback-1] WARN  AgentLoader - Failed to find EvoSuite jar in current classloader. URLs of classloader:
file:/root/.sdkman/candidates/java/8.0.333.fx-librca/jre/../lib/tools.jar
file:/tmp/EvoSuite_pathingJar1648636780561226383.jar
file:/root/.sdkman/candidates/java/8.0.333.fx-librca/jre/lib/ext/cldrdata.jar
file:/root/.sdkman/candidates/java/8.0.333.fx-librca/jre/lib/ext/sunec.jar
file:/root/.sdkman/candidates/java/8.0.333.fx-librca/jre/lib/ext/localedata.jar
file:/root/.sdkman/candidates/java/8.0.333.fx-librca/jre/lib/ext/jaccess.jar
file:/root/.sdkman/candidates/java/8.0.333.fx-librca/jre/lib/ext/dnsns.jar
file:/root/.sdkman/candidates/java/8.0.333.fx-librca/jre/lib/ext/sunpkcs11.jar
file:/root/.sdkman/candidates/java/8.0.333.fx-librca/jre/lib/ext/zipfs.jar
file:/root/.sdkman/candidates/java/8.0.333.fx-librca/jre/lib/ext/jfxrt.jar
file:/root/.sdkman/candidates/java/8.0.333.fx-librca/jre/lib/ext/sunjce_provider.jar
file:/root/.sdkman/candidates/java/8.0.333.fx-librca/jre/lib/ext/nashorn.jar
[MASTER] 08:46:25.104 [logback-1] WARN  JUnitAnalyzer - Found unstable test named initializationError -> class java.lang.RuntimeException: Cannot find either the compilation target folder nor the EvoSuite jar in classpath: /tmp/EvoSuite_pathingJar1648636780561226383.jar
[MASTER] 08:46:30.732 [logback-1] WARN  TimeController - Already entered in phase: INLINING. This will mess up the timing calculations.
* test suite isTestSuite: 26
Test 0: 
ClassReader classReader = new ClassReader("org.objectweb.asm.jip.ClassReader");
classReader.readShort(33);
Test 1: 
ClassReader classReader = new ClassReader("org.objectweb.asm.jip.ClassReader");
classReader.getAccess();
Test 2: 
ClassReader classReader = new ClassReader("org.objectweb.asm.jip.ClassReader");
classReader.getItem(4);
Test 3: 
ClassReader classReader = new ClassReader("org.objectweb.asm.jip.ClassReader");
classReader.readByte(705);
Test 4: 
ClassReader classReader = new ClassReader("org.objectweb.asm.jip.ClassReader");
classReader.getClassName();
Test 5: 
ClassReader classReader = new ClassReader("org.objectweb.asm.jip.ClassReader");
classReader.getSuperName();
Test 6: 
ClassReader classReader = new ClassReader("org.objectweb.asm.jip.ClassReader");
classReader.getInterfaces();
Test 7: 
ClassReader classReader = new ClassReader("org.objectweb.asm.jip.ClassReader");
ClassReader classReader = new ClassReader(classReader.b, 8915, 725);
ClassWriter classWriter = null;
try {
  classWriter = new ClassWriter(classReader, 1);
  fail("Expecting exception: ArrayIndexOutOfBoundsException");

} catch(ArrayIndexOutOfBoundsException e) {
   //
   // no message in exception (getMessage() returned null)
   //
}

Test 8: 
ClassReader classReader = null;
try {
  classReader = new ClassReader("toP_bf+I^(FeSBQ}Q\"_");
  fail("Expecting exception: IOException");

} catch(Throwable e) {
   //
   // Class not found
   //
   verifyException("org.objectweb.asm.jip.ClassReader", e);
}

Test 9: 
Enumeration<BufferedInputStream> enumeration = (Enumeration<BufferedInputStream>) mock(Enumeration.class, new ViolatedAssumptionAnswer());
doReturn(false).when(enumeration).hasMoreElements();
SequenceInputStream sequenceInputStream = new SequenceInputStream(enumeration);
ClassReader classReader = null;
try {
  classReader = new ClassReader(sequenceInputStream);
  fail("Expecting exception: ArrayIndexOutOfBoundsException");

} catch(ArrayIndexOutOfBoundsException e) {
   //
   // no message in exception (getMessage() returned null)
   //
}

Test 10: 
ClassReader classReader = new ClassReader("org.objectweb.asm.jip.ClassReader");
ClassWriter classWriter = new ClassWriter(2);
Attribute[] attributeArray = new Attribute[3];
// Undeclared exception!
classReader.accept((ClassVisitor) classWriter, attributeArray, (-1648));
Test 11: 
ClassReader classReader = new ClassReader("org.objectweb.asm.jip.ClassReader");
ClassWriter classWriter = new ClassWriter(2);
classReader.accept((ClassVisitor) classWriter, 21);
Test 12: 
ClassReader classReader = new ClassReader("org.objectweb.asm.jip.ClassReader");
ClassWriter classWriter = new ClassWriter(21);
classReader.accept((ClassVisitor) classWriter, 2);
Test 13: 
ClassReader classReader = new ClassReader("org.objectweb.asm.jip.ClassReader");
char[] charArray = new char[6];
// Undeclared exception!
try { 
  classReader.readUTF8(735, charArray);
  fail("Expecting exception: ArrayIndexOutOfBoundsException");

} catch(ArrayIndexOutOfBoundsException e) {
   //
   // no message in exception (getMessage() returned null)
   //
}

Test 14: 
ClassReader classReader = new ClassReader("org.objectweb.asm.jip.ClassReader");
char[] charArray = new char[9];
// Undeclared exception!
try { 
  classReader.readClass(0, charArray);
  fail("Expecting exception: ArrayIndexOutOfBoundsException");

} catch(ArrayIndexOutOfBoundsException e) {
   //
   // no message in exception (getMessage() returned null)
   //
}

Test 15: 
ClassReader classReader = new ClassReader("org.objectweb.asm.jip.ClassReader");
classReader.readLong(725);
Test 16: 
ClassReader classReader = new ClassReader("org.objectweb.asm.jip.ClassReader");
classReader.readUnsignedShort(8915);
Test 17: 
ClassReader classReader = new ClassReader("org.objectweb.asm.jip.ClassReader");
ClassWriter classWriter = new ClassWriter(classReader, 1);
classReader.accept((ClassVisitor) classWriter, (Attribute[]) null, (-1638));
Test 18: 
ClassReader classReader = new ClassReader("org.objectweb.asm.jip.ClassReader");
ClassWriter classWriter = new ClassWriter(2);
Attribute[] attributeArray = new Attribute[3];
// Undeclared exception!
classReader.accept((ClassVisitor) classWriter, attributeArray, 2);
Test 19: 
ClassReader classReader = new ClassReader("org.objectweb.asm.jip.ClassReader");
classReader.getItem(0);
Test 20: 
ClassReader classReader = new ClassReader("org.objectweb.asm.jip.ClassReader");
char[] charArray = new char[8];
classReader.readConst(706, charArray);
Test 21: 
ClassReader classReader = new ClassReader("org.objectweb.asm.jip.ClassReader");
classReader.readShort(2);
Test 22: 
ClassReader classReader = new ClassReader("org.objectweb.asm.jip.ClassReader");
classReader.readUnsignedShort(4);
Test 23: 
byte[] byteArray = new byte[1];
ClassReader classReader = null;
try {
  classReader = new ClassReader(byteArray);
  fail("Expecting exception: ArrayIndexOutOfBoundsException");

} catch(ArrayIndexOutOfBoundsException e) {
   //
   // no message in exception (getMessage() returned null)
   //
}

Test 24: 
ClassReader classReader = new ClassReader("org.objectweb.asm.jip.ClassReader");
ClassWriter classWriter = new ClassWriter(2);
classReader.copyPool(classWriter);
Test 25: 
ClassReader classReader = new ClassReader("org.objectweb.asm.jip.ClassReader");
Label[] labelArray = new Label[1];
// Undeclared exception!
try { 
  classReader.readLabel(502, labelArray);
  fail("Expecting exception: ArrayIndexOutOfBoundsException");

} catch(ArrayIndexOutOfBoundsException e) {
   //
   // no message in exception (getMessage() returned null)
   //
}


* Minimizing test suite
[MASTER] 08:49:10.970 [logback-1] WARN  TimeController - Already entered in phase: MINIMIZATION. This will mess up the timing calculations.
* test suite isTestSuite: 26
Test 0: 
ClassReader classReader = null;
try {
  classReader = new ClassReader("toP_bf+I^(FeSBQ}Q\"_");
  fail("Expecting exception: IOException");

} catch(Throwable e) {
   //
   // Class not found
   //
   verifyException("org.objectweb.asm.jip.ClassReader", e);
}

Test 1: 
ClassReader classReader = new ClassReader("org.objectweb.asm.jip.ClassReader");
classReader.readLong(725);
Test 2: 
ClassReader classReader = new ClassReader("org.objectweb.asm.jip.ClassReader");
classReader.readShort(2);
Test 3: 
ClassReader classReader = new ClassReader("org.objectweb.asm.jip.ClassReader");
classReader.getClassName();
Test 4: 
ClassReader classReader = new ClassReader("org.objectweb.asm.jip.ClassReader");
classReader.getAccess();
Test 5: 
ClassReader classReader = new ClassReader("org.objectweb.asm.jip.ClassReader");
classReader.getItem(0);
Test 6: 
ClassReader classReader = new ClassReader("org.objectweb.asm.jip.ClassReader");
classReader.readByte(705);
Test 7: 
ClassReader classReader = new ClassReader("org.objectweb.asm.jip.ClassReader");
ClassWriter classWriter = new ClassWriter(2);
classReader.accept((ClassVisitor) classWriter, 21);
Test 8: 
ClassReader classReader = new ClassReader("org.objectweb.asm.jip.ClassReader");
ClassReader classReader = new ClassReader(classReader.b, 8915, 725);
ClassWriter classWriter = null;
try {
  classWriter = new ClassWriter(classReader, 1);
  fail("Expecting exception: ArrayIndexOutOfBoundsException");

} catch(ArrayIndexOutOfBoundsException e) {
   //
   // no message in exception (getMessage() returned null)
   //
}

Test 9: 
ClassReader classReader = new ClassReader("org.objectweb.asm.jip.ClassReader");
classReader.getSuperName();
Test 10: 
ClassReader classReader = new ClassReader("org.objectweb.asm.jip.ClassReader");
classReader.getInterfaces();
Test 11: 
ClassReader classReader = new ClassReader("org.objectweb.asm.jip.ClassReader");
ClassWriter classWriter = new ClassWriter(2);
classReader.copyPool(classWriter);
Test 12: 
Enumeration<BufferedInputStream> enumeration = (Enumeration<BufferedInputStream>) mock(Enumeration.class, new ViolatedAssumptionAnswer());
doReturn(false).when(enumeration).hasMoreElements();
SequenceInputStream sequenceInputStream = new SequenceInputStream(enumeration);
ClassReader classReader = null;
try {
  classReader = new ClassReader(sequenceInputStream);
  fail("Expecting exception: ArrayIndexOutOfBoundsException");

} catch(ArrayIndexOutOfBoundsException e) {
   //
   // no message in exception (getMessage() returned null)
   //
}

Test 13: 
ClassReader classReader = new ClassReader("org.objectweb.asm.jip.ClassReader");
ClassWriter classWriter = new ClassWriter(21);
classReader.accept((ClassVisitor) classWriter, 2);
Test 14: 
ClassReader classReader = new ClassReader("org.objectweb.asm.jip.ClassReader");
ClassWriter classWriter = new ClassWriter(classReader, 1);
classReader.accept((ClassVisitor) classWriter, (Attribute[]) null, (-1638));
Test 15: 
ClassReader classReader = new ClassReader("org.objectweb.asm.jip.ClassReader");
ClassWriter classWriter = new ClassWriter(2);
Attribute[] attributeArray = new Attribute[3];
// Undeclared exception!
classReader.accept((ClassVisitor) classWriter, attributeArray, (-1648));
Test 16: 
ClassReader classReader = new ClassReader("org.objectweb.asm.jip.ClassReader");
char[] charArray = new char[6];
// Undeclared exception!
try { 
  classReader.readUTF8(735, charArray);
  fail("Expecting exception: ArrayIndexOutOfBoundsException");

} catch(ArrayIndexOutOfBoundsException e) {
   //
   // no message in exception (getMessage() returned null)
   //
}

Test 17: 
ClassReader classReader = new ClassReader("org.objectweb.asm.jip.ClassReader");
char[] charArray = new char[9];
// Undeclared exception!
try { 
  classReader.readClass(0, charArray);
  fail("Expecting exception: ArrayIndexOutOfBoundsException");

} catch(ArrayIndexOutOfBoundsException e) {
   //
   // no message in exception (getMessage() returned null)
   //
}

Test 18: 
ClassReader classReader = new ClassReader("org.objectweb.asm.jip.ClassReader");
classReader.readUnsignedShort(4);
Test 19: 
ClassReader classReader = new ClassReader("org.objectweb.asm.jip.ClassReader");
ClassWriter classWriter = new ClassWriter(2);
Attribute[] attributeArray = new Attribute[3];
// Undeclared exception!
classReader.accept((ClassVisitor) classWriter, attributeArray, 2);
Test 20: 
ClassReader classReader = new ClassReader("org.objectweb.asm.jip.ClassReader");
char[] charArray = new char[8];
classReader.readConst(706, charArray);
Test 21: 
ClassReader classReader = new ClassReader("org.objectweb.asm.jip.ClassReader");
classReader.getItem(4);
Test 22: 
ClassReader classReader = new ClassReader("org.objectweb.asm.jip.ClassReader");
classReader.readShort(33);
Test 23: 
ClassReader classReader = new ClassReader("org.objectweb.asm.jip.ClassReader");
classReader.readUnsignedShort(8915);
Test 24: 
byte[] byteArray = new byte[1];
ClassReader classReader = null;
try {
  classReader = new ClassReader(byteArray);
  fail("Expecting exception: ArrayIndexOutOfBoundsException");

} catch(ArrayIndexOutOfBoundsException e) {
   //
   // no message in exception (getMessage() returned null)
   //
}

Test 25: 
ClassReader classReader = new ClassReader("org.objectweb.asm.jip.ClassReader");
Label[] labelArray = new Label[1];
// Undeclared exception!
try { 
  classReader.readLabel(502, labelArray);
  fail("Expecting exception: ArrayIndexOutOfBoundsException");

} catch(ArrayIndexOutOfBoundsException e) {
   //
   // no message in exception (getMessage() returned null)
   //
}


* Going to analyze the coverage criteria
* Coverage analysis for criterion BRANCH
* Coverage of criterion BRANCH: 45%
* Total number of goals: 817
* Number of covered goals: 369
* Coverage analysis for criterion LINE
* Coverage of criterion LINE: 61%
* Total number of goals: 891
* Number of covered goals: 545
* Coverage analysis for criterion OUTPUT
* Coverage of criterion OUTPUT: 32%
* Total number of goals: 40
* Number of covered goals: 13
* Coverage analysis for criterion METHOD
* Coverage of criterion METHOD: 95%
* Total number of goals: 21
* Number of covered goals: 20
* Coverage analysis for criterion CBRANCH
* Coverage of criterion CBRANCH: 43%
* Total number of goals: 817
* Number of covered goals: 354
* Generated 26 tests with total length 65
* Resulting test suite's coverage: 55% (average coverage for all fitness functions)
* Generating assertions
[MASTER] 08:49:31.499 [logback-1] WARN  TimeController - Already entered in phase: COVERAGE_ANALYSIS. This will mess up the timing calculations.
* Resulting test suite's mutation score: 24%
* Compiling and checking tests
[MASTER] 08:52:07.579 [logback-1] WARN  TimeController - Already entered in phase: ASSERTION_GENERATION. This will mess up the timing calculations.
Going to execute: removeTestsThatDoNotCompile
* Compiling Tests
** Write a test suite: 0 called: 0 to improve: false
* Compiling Tests
** Write a test suite: 0 called: 0 to improve: false
* Compiling Tests
** Write a test suite: 0 called: 0 to improve: false
* Compiling Tests
** Write a test suite: 0 called: 0 to improve: false
* Compiling Tests
** Write a test suite: 0 called: 0 to improve: false
* Compiling Tests
** Write a test suite: 0 called: 0 to improve: false
* Compiling Tests
** Write a test suite: 0 called: 0 to improve: false
* Compiling Tests
** Write a test suite: 0 called: 0 to improve: false
* Compiling Tests
** Write a test suite: 0 called: 0 to improve: false
* Compiling Tests
** Write a test suite: 0 called: 0 to improve: false
* Compiling Tests
** Write a test suite: 0 called: 0 to improve: false
* Compiling Tests
** Write a test suite: 0 called: 0 to improve: false
* Compiling Tests
** Write a test suite: 0 called: 0 to improve: false
* Compiling Tests
** Write a test suite: 0 called: 0 to improve: false
* Compiling Tests
** Write a test suite: 0 called: 0 to improve: false
* Compiling Tests
** Write a test suite: 0 called: 0 to improve: false
* Compiling Tests
** Write a test suite: 0 called: 0 to improve: false
* Compiling Tests
** Write a test suite: 0 called: 0 to improve: false
* Compiling Tests
** Write a test suite: 0 called: 0 to improve: false
* Compiling Tests
** Write a test suite: 0 called: 0 to improve: false
* Compiling Tests
** Write a test suite: 0 called: 0 to improve: false
* Compiling Tests
** Write a test suite: 0 called: 0 to improve: false
* Compiling Tests
** Write a test suite: 0 called: 0 to improve: false
* Compiling Tests
** Write a test suite: 0 called: 0 to improve: false
* Compiling Tests
** Write a test suite: 0 called: 0 to improve: false
* Compiling Tests
** Write a test suite: 0 called: 0 to improve: false
Going to execute: handleTestsThatAreUnstable
* Compiling Tests
** Write a test suite: 0 called: 0 to improve: false
[MASTER] 08:52:18.071 [logback-1] WARN  AgentLoader - Failed to find EvoSuite jar in current classloader. URLs of classloader:
file:/root/.sdkman/candidates/java/8.0.333.fx-librca/jre/../lib/tools.jar
file:/tmp/EvoSuite_pathingJar1648636780561226383.jar
file:/root/.sdkman/candidates/java/8.0.333.fx-librca/jre/lib/ext/cldrdata.jar
file:/root/.sdkman/candidates/java/8.0.333.fx-librca/jre/lib/ext/sunec.jar
file:/root/.sdkman/candidates/java/8.0.333.fx-librca/jre/lib/ext/localedata.jar
file:/root/.sdkman/candidates/java/8.0.333.fx-librca/jre/lib/ext/jaccess.jar
file:/root/.sdkman/candidates/java/8.0.333.fx-librca/jre/lib/ext/dnsns.jar
file:/root/.sdkman/candidates/java/8.0.333.fx-librca/jre/lib/ext/sunpkcs11.jar
file:/root/.sdkman/candidates/java/8.0.333.fx-librca/jre/lib/ext/zipfs.jar
file:/root/.sdkman/candidates/java/8.0.333.fx-librca/jre/lib/ext/jfxrt.jar
file:/root/.sdkman/candidates/java/8.0.333.fx-librca/jre/lib/ext/sunjce_provider.jar
file:/root/.sdkman/candidates/java/8.0.333.fx-librca/jre/lib/ext/nashorn.jar
[MASTER] 08:52:18.072 [logback-1] WARN  JUnitAnalyzer - Found unstable test named initializationError -> class java.lang.RuntimeException: Cannot find either the compilation target folder nor the EvoSuite jar in classpath: /tmp/EvoSuite_pathingJar1648636780561226383.jar
Going to execute: handleTestsThatAreUnstable
* Compiling Tests
** Write a test suite: 0 called: 0 to improve: false
[MASTER] 08:52:18.222 [logback-1] WARN  AgentLoader - Failed to find EvoSuite jar in current classloader. URLs of classloader:
file:/root/.sdkman/candidates/java/8.0.333.fx-librca/jre/../lib/tools.jar
file:/tmp/EvoSuite_pathingJar1648636780561226383.jar
file:/root/.sdkman/candidates/java/8.0.333.fx-librca/jre/lib/ext/cldrdata.jar
file:/root/.sdkman/candidates/java/8.0.333.fx-librca/jre/lib/ext/sunec.jar
file:/root/.sdkman/candidates/java/8.0.333.fx-librca/jre/lib/ext/localedata.jar
file:/root/.sdkman/candidates/java/8.0.333.fx-librca/jre/lib/ext/jaccess.jar
file:/root/.sdkman/candidates/java/8.0.333.fx-librca/jre/lib/ext/dnsns.jar
file:/root/.sdkman/candidates/java/8.0.333.fx-librca/jre/lib/ext/sunpkcs11.jar
file:/root/.sdkman/candidates/java/8.0.333.fx-librca/jre/lib/ext/zipfs.jar
file:/root/.sdkman/candidates/java/8.0.333.fx-librca/jre/lib/ext/jfxrt.jar
file:/root/.sdkman/candidates/java/8.0.333.fx-librca/jre/lib/ext/sunjce_provider.jar
file:/root/.sdkman/candidates/java/8.0.333.fx-librca/jre/lib/ext/nashorn.jar
[MASTER] 08:52:18.229 [logback-1] WARN  JUnitAnalyzer - Found unstable test named initializationError -> class java.lang.RuntimeException: Cannot find either the compilation target folder nor the EvoSuite jar in classpath: /tmp/EvoSuite_pathingJar1648636780561226383.jar
Going to execute: handleTestsThatAreUnstable
* Compiling Tests
** Write a test suite: 0 called: 0 to improve: false
[MASTER] 08:52:18.379 [logback-1] WARN  AgentLoader - Failed to find EvoSuite jar in current classloader. URLs of classloader:
file:/root/.sdkman/candidates/java/8.0.333.fx-librca/jre/../lib/tools.jar
file:/tmp/EvoSuite_pathingJar1648636780561226383.jar
file:/root/.sdkman/candidates/java/8.0.333.fx-librca/jre/lib/ext/cldrdata.jar
file:/root/.sdkman/candidates/java/8.0.333.fx-librca/jre/lib/ext/sunec.jar
file:/root/.sdkman/candidates/java/8.0.333.fx-librca/jre/lib/ext/localedata.jar
file:/root/.sdkman/candidates/java/8.0.333.fx-librca/jre/lib/ext/jaccess.jar
file:/root/.sdkman/candidates/java/8.0.333.fx-librca/jre/lib/ext/dnsns.jar
file:/root/.sdkman/candidates/java/8.0.333.fx-librca/jre/lib/ext/sunpkcs11.jar
file:/root/.sdkman/candidates/java/8.0.333.fx-librca/jre/lib/ext/zipfs.jar
file:/root/.sdkman/candidates/java/8.0.333.fx-librca/jre/lib/ext/jfxrt.jar
file:/root/.sdkman/candidates/java/8.0.333.fx-librca/jre/lib/ext/sunjce_provider.jar
file:/root/.sdkman/candidates/java/8.0.333.fx-librca/jre/lib/ext/nashorn.jar
[MASTER] 08:52:18.383 [logback-1] WARN  JUnitAnalyzer - Found unstable test named initializationError -> class java.lang.RuntimeException: Cannot find either the compilation target folder nor the EvoSuite jar in classpath: /tmp/EvoSuite_pathingJar1648636780561226383.jar
Going to execute: handleTestsThatAreUnstable
* Compiling Tests
** Write a test suite: 0 called: 0 to improve: false
[MASTER] 08:52:18.500 [logback-1] WARN  AgentLoader - Failed to find EvoSuite jar in current classloader. URLs of classloader:
file:/root/.sdkman/candidates/java/8.0.333.fx-librca/jre/../lib/tools.jar
file:/tmp/EvoSuite_pathingJar1648636780561226383.jar
file:/root/.sdkman/candidates/java/8.0.333.fx-librca/jre/lib/ext/cldrdata.jar
file:/root/.sdkman/candidates/java/8.0.333.fx-librca/jre/lib/ext/sunec.jar
file:/root/.sdkman/candidates/java/8.0.333.fx-librca/jre/lib/ext/localedata.jar
file:/root/.sdkman/candidates/java/8.0.333.fx-librca/jre/lib/ext/jaccess.jar
file:/root/.sdkman/candidates/java/8.0.333.fx-librca/jre/lib/ext/dnsns.jar
file:/root/.sdkman/candidates/java/8.0.333.fx-librca/jre/lib/ext/sunpkcs11.jar
file:/root/.sdkman/candidates/java/8.0.333.fx-librca/jre/lib/ext/zipfs.jar
file:/root/.sdkman/candidates/java/8.0.333.fx-librca/jre/lib/ext/jfxrt.jar
file:/root/.sdkman/candidates/java/8.0.333.fx-librca/jre/lib/ext/sunjce_provider.jar
file:/root/.sdkman/candidates/java/8.0.333.fx-librca/jre/lib/ext/nashorn.jar
[MASTER] 08:52:18.500 [logback-1] WARN  JUnitAnalyzer - Found unstable test named initializationError -> class java.lang.RuntimeException: Cannot find either the compilation target folder nor the EvoSuite jar in classpath: /tmp/EvoSuite_pathingJar1648636780561226383.jar
Going to execute: handleTestsThatAreUnstable
* Compiling Tests
** Write a test suite: 0 called: 0 to improve: false
[MASTER] 08:52:18.615 [logback-1] WARN  AgentLoader - Failed to find EvoSuite jar in current classloader. URLs of classloader:
file:/root/.sdkman/candidates/java/8.0.333.fx-librca/jre/../lib/tools.jar
file:/tmp/EvoSuite_pathingJar1648636780561226383.jar
file:/root/.sdkman/candidates/java/8.0.333.fx-librca/jre/lib/ext/cldrdata.jar
file:/root/.sdkman/candidates/java/8.0.333.fx-librca/jre/lib/ext/sunec.jar
file:/root/.sdkman/candidates/java/8.0.333.fx-librca/jre/lib/ext/localedata.jar
file:/root/.sdkman/candidates/java/8.0.333.fx-librca/jre/lib/ext/jaccess.jar
file:/root/.sdkman/candidates/java/8.0.333.fx-librca/jre/lib/ext/dnsns.jar
file:/root/.sdkman/candidates/java/8.0.333.fx-librca/jre/lib/ext/sunpkcs11.jar
file:/root/.sdkman/candidates/java/8.0.333.fx-librca/jre/lib/ext/zipfs.jar
file:/root/.sdkman/candidates/java/8.0.333.fx-librca/jre/lib/ext/jfxrt.jar
file:/root/.sdkman/candidates/java/8.0.333.fx-librca/jre/lib/ext/sunjce_provider.jar
file:/root/.sdkman/candidates/java/8.0.333.fx-librca/jre/lib/ext/nashorn.jar
[MASTER] 08:52:18.616 [logback-1] WARN  JUnitAnalyzer - Found unstable test named initializationError -> class java.lang.RuntimeException: Cannot find either the compilation target folder nor the EvoSuite jar in classpath: /tmp/EvoSuite_pathingJar1648636780561226383.jar
Going to execute: handleTestsThatAreUnstable
* Compiling Tests
** Write a test suite: 0 called: 0 to improve: false
[MASTER] 08:52:18.731 [logback-1] WARN  AgentLoader - Failed to find EvoSuite jar in current classloader. URLs of classloader:
file:/root/.sdkman/candidates/java/8.0.333.fx-librca/jre/../lib/tools.jar
file:/tmp/EvoSuite_pathingJar1648636780561226383.jar
file:/root/.sdkman/candidates/java/8.0.333.fx-librca/jre/lib/ext/cldrdata.jar
file:/root/.sdkman/candidates/java/8.0.333.fx-librca/jre/lib/ext/sunec.jar
file:/root/.sdkman/candidates/java/8.0.333.fx-librca/jre/lib/ext/localedata.jar
file:/root/.sdkman/candidates/java/8.0.333.fx-librca/jre/lib/ext/jaccess.jar
file:/root/.sdkman/candidates/java/8.0.333.fx-librca/jre/lib/ext/dnsns.jar
file:/root/.sdkman/candidates/java/8.0.333.fx-librca/jre/lib/ext/sunpkcs11.jar
file:/root/.sdkman/candidates/java/8.0.333.fx-librca/jre/lib/ext/zipfs.jar
file:/root/.sdkman/candidates/java/8.0.333.fx-librca/jre/lib/ext/jfxrt.jar
file:/root/.sdkman/candidates/java/8.0.333.fx-librca/jre/lib/ext/sunjce_provider.jar
file:/root/.sdkman/candidates/java/8.0.333.fx-librca/jre/lib/ext/nashorn.jar
[MASTER] 08:52:18.733 [logback-1] WARN  JUnitAnalyzer - Found unstable test named initializationError -> class java.lang.RuntimeException: Cannot find either the compilation target folder nor the EvoSuite jar in classpath: /tmp/EvoSuite_pathingJar1648636780561226383.jar
Going to execute: handleTestsThatAreUnstable
* Compiling Tests
** Write a test suite: 0 called: 0 to improve: false
[MASTER] 08:52:18.888 [logback-1] WARN  AgentLoader - Failed to find EvoSuite jar in current classloader. URLs of classloader:
file:/root/.sdkman/candidates/java/8.0.333.fx-librca/jre/../lib/tools.jar
file:/tmp/EvoSuite_pathingJar1648636780561226383.jar
file:/root/.sdkman/candidates/java/8.0.333.fx-librca/jre/lib/ext/cldrdata.jar
file:/root/.sdkman/candidates/java/8.0.333.fx-librca/jre/lib/ext/sunec.jar
file:/root/.sdkman/candidates/java/8.0.333.fx-librca/jre/lib/ext/localedata.jar
file:/root/.sdkman/candidates/java/8.0.333.fx-librca/jre/lib/ext/jaccess.jar
file:/root/.sdkman/candidates/java/8.0.333.fx-librca/jre/lib/ext/dnsns.jar
file:/root/.sdkman/candidates/java/8.0.333.fx-librca/jre/lib/ext/sunpkcs11.jar
file:/root/.sdkman/candidates/java/8.0.333.fx-librca/jre/lib/ext/zipfs.jar
file:/root/.sdkman/candidates/java/8.0.333.fx-librca/jre/lib/ext/jfxrt.jar
file:/root/.sdkman/candidates/java/8.0.333.fx-librca/jre/lib/ext/sunjce_provider.jar
file:/root/.sdkman/candidates/java/8.0.333.fx-librca/jre/lib/ext/nashorn.jar
[MASTER] 08:52:18.889 [logback-1] WARN  JUnitAnalyzer - Found unstable test named initializationError -> class java.lang.RuntimeException: Cannot find either the compilation target folder nor the EvoSuite jar in classpath: /tmp/EvoSuite_pathingJar1648636780561226383.jar
Going to execute: handleTestsThatAreUnstable
* Compiling Tests
** Write a test suite: 0 called: 0 to improve: false
[MASTER] 08:52:19.140 [logback-1] WARN  AgentLoader - Failed to find EvoSuite jar in current classloader. URLs of classloader:
file:/root/.sdkman/candidates/java/8.0.333.fx-librca/jre/../lib/tools.jar
file:/tmp/EvoSuite_pathingJar1648636780561226383.jar
file:/root/.sdkman/candidates/java/8.0.333.fx-librca/jre/lib/ext/cldrdata.jar
file:/root/.sdkman/candidates/java/8.0.333.fx-librca/jre/lib/ext/sunec.jar
file:/root/.sdkman/candidates/java/8.0.333.fx-librca/jre/lib/ext/localedata.jar
file:/root/.sdkman/candidates/java/8.0.333.fx-librca/jre/lib/ext/jaccess.jar
file:/root/.sdkman/candidates/java/8.0.333.fx-librca/jre/lib/ext/dnsns.jar
file:/root/.sdkman/candidates/java/8.0.333.fx-librca/jre/lib/ext/sunpkcs11.jar
file:/root/.sdkman/candidates/java/8.0.333.fx-librca/jre/lib/ext/zipfs.jar
file:/root/.sdkman/candidates/java/8.0.333.fx-librca/jre/lib/ext/jfxrt.jar
file:/root/.sdkman/candidates/java/8.0.333.fx-librca/jre/lib/ext/sunjce_provider.jar
file:/root/.sdkman/candidates/java/8.0.333.fx-librca/jre/lib/ext/nashorn.jar
[MASTER] 08:52:19.143 [logback-1] WARN  JUnitAnalyzer - Found unstable test named initializationError -> class java.lang.RuntimeException: Cannot find either the compilation target folder nor the EvoSuite jar in classpath: /tmp/EvoSuite_pathingJar1648636780561226383.jar
Going to execute: handleTestsThatAreUnstable
* Compiling Tests
** Write a test suite: 0 called: 0 to improve: false
[MASTER] 08:52:19.257 [logback-1] WARN  AgentLoader - Failed to find EvoSuite jar in current classloader. URLs of classloader:
file:/root/.sdkman/candidates/java/8.0.333.fx-librca/jre/../lib/tools.jar
file:/tmp/EvoSuite_pathingJar1648636780561226383.jar
file:/root/.sdkman/candidates/java/8.0.333.fx-librca/jre/lib/ext/cldrdata.jar
file:/root/.sdkman/candidates/java/8.0.333.fx-librca/jre/lib/ext/sunec.jar
file:/root/.sdkman/candidates/java/8.0.333.fx-librca/jre/lib/ext/localedata.jar
file:/root/.sdkman/candidates/java/8.0.333.fx-librca/jre/lib/ext/jaccess.jar
file:/root/.sdkman/candidates/java/8.0.333.fx-librca/jre/lib/ext/dnsns.jar
file:/root/.sdkman/candidates/java/8.0.333.fx-librca/jre/lib/ext/sunpkcs11.jar
file:/root/.sdkman/candidates/java/8.0.333.fx-librca/jre/lib/ext/zipfs.jar
file:/root/.sdkman/candidates/java/8.0.333.fx-librca/jre/lib/ext/jfxrt.jar
file:/root/.sdkman/candidates/java/8.0.333.fx-librca/jre/lib/ext/sunjce_provider.jar
file:/root/.sdkman/candidates/java/8.0.333.fx-librca/jre/lib/ext/nashorn.jar
[MASTER] 08:52:19.258 [logback-1] WARN  JUnitAnalyzer - Found unstable test named initializationError -> class java.lang.RuntimeException: Cannot find either the compilation target folder nor the EvoSuite jar in classpath: /tmp/EvoSuite_pathingJar1648636780561226383.jar
Going to execute: handleTestsThatAreUnstable
* Compiling Tests
** Write a test suite: 0 called: 0 to improve: false
[MASTER] 08:52:19.374 [logback-1] WARN  AgentLoader - Failed to find EvoSuite jar in current classloader. URLs of classloader:
file:/root/.sdkman/candidates/java/8.0.333.fx-librca/jre/../lib/tools.jar
file:/tmp/EvoSuite_pathingJar1648636780561226383.jar
file:/root/.sdkman/candidates/java/8.0.333.fx-librca/jre/lib/ext/cldrdata.jar
file:/root/.sdkman/candidates/java/8.0.333.fx-librca/jre/lib/ext/sunec.jar
file:/root/.sdkman/candidates/java/8.0.333.fx-librca/jre/lib/ext/localedata.jar
file:/root/.sdkman/candidates/java/8.0.333.fx-librca/jre/lib/ext/jaccess.jar
file:/root/.sdkman/candidates/java/8.0.333.fx-librca/jre/lib/ext/dnsns.jar
file:/root/.sdkman/candidates/java/8.0.333.fx-librca/jre/lib/ext/sunpkcs11.jar
file:/root/.sdkman/candidates/java/8.0.333.fx-librca/jre/lib/ext/zipfs.jar
file:/root/.sdkman/candidates/java/8.0.333.fx-librca/jre/lib/ext/jfxrt.jar
file:/root/.sdkman/candidates/java/8.0.333.fx-librca/jre/lib/ext/sunjce_provider.jar
file:/root/.sdkman/candidates/java/8.0.333.fx-librca/jre/lib/ext/nashorn.jar
[MASTER] 08:52:19.375 [logback-1] WARN  JUnitAnalyzer - Found unstable test named initializationError -> class java.lang.RuntimeException: Cannot find either the compilation target folder nor the EvoSuite jar in classpath: /tmp/EvoSuite_pathingJar1648636780561226383.jar
Going to execute: handleTestsThatAreUnstable
* Compiling Tests
** Write a test suite: 0 called: 0 to improve: false
[MASTER] 08:52:19.513 [logback-1] WARN  AgentLoader - Failed to find EvoSuite jar in current classloader. URLs of classloader:
file:/root/.sdkman/candidates/java/8.0.333.fx-librca/jre/../lib/tools.jar
file:/tmp/EvoSuite_pathingJar1648636780561226383.jar
file:/root/.sdkman/candidates/java/8.0.333.fx-librca/jre/lib/ext/cldrdata.jar
file:/root/.sdkman/candidates/java/8.0.333.fx-librca/jre/lib/ext/sunec.jar
file:/root/.sdkman/candidates/java/8.0.333.fx-librca/jre/lib/ext/localedata.jar
file:/root/.sdkman/candidates/java/8.0.333.fx-librca/jre/lib/ext/jaccess.jar
file:/root/.sdkman/candidates/java/8.0.333.fx-librca/jre/lib/ext/dnsns.jar
file:/root/.sdkman/candidates/java/8.0.333.fx-librca/jre/lib/ext/sunpkcs11.jar
file:/root/.sdkman/candidates/java/8.0.333.fx-librca/jre/lib/ext/zipfs.jar
file:/root/.sdkman/candidates/java/8.0.333.fx-librca/jre/lib/ext/jfxrt.jar
file:/root/.sdkman/candidates/java/8.0.333.fx-librca/jre/lib/ext/sunjce_provider.jar
file:/root/.sdkman/candidates/java/8.0.333.fx-librca/jre/lib/ext/nashorn.jar
[MASTER] 08:52:19.514 [logback-1] WARN  JUnitAnalyzer - Found unstable test named initializationError -> class java.lang.RuntimeException: Cannot find either the compilation target folder nor the EvoSuite jar in classpath: /tmp/EvoSuite_pathingJar1648636780561226383.jar
Going to execute: handleTestsThatAreUnstable
* Compiling Tests
** Write a test suite: 0 called: 0 to improve: false
[MASTER] 08:52:20.299 [logback-1] WARN  AgentLoader - Failed to find EvoSuite jar in current classloader. URLs of classloader:
file:/root/.sdkman/candidates/java/8.0.333.fx-librca/jre/../lib/tools.jar
file:/tmp/EvoSuite_pathingJar1648636780561226383.jar
file:/root/.sdkman/candidates/java/8.0.333.fx-librca/jre/lib/ext/cldrdata.jar
file:/root/.sdkman/candidates/java/8.0.333.fx-librca/jre/lib/ext/sunec.jar
file:/root/.sdkman/candidates/java/8.0.333.fx-librca/jre/lib/ext/localedata.jar
file:/root/.sdkman/candidates/java/8.0.333.fx-librca/jre/lib/ext/jaccess.jar
file:/root/.sdkman/candidates/java/8.0.333.fx-librca/jre/lib/ext/dnsns.jar
file:/root/.sdkman/candidates/java/8.0.333.fx-librca/jre/lib/ext/sunpkcs11.jar
file:/root/.sdkman/candidates/java/8.0.333.fx-librca/jre/lib/ext/zipfs.jar
file:/root/.sdkman/candidates/java/8.0.333.fx-librca/jre/lib/ext/jfxrt.jar
file:/root/.sdkman/candidates/java/8.0.333.fx-librca/jre/lib/ext/sunjce_provider.jar
file:/root/.sdkman/candidates/java/8.0.333.fx-librca/jre/lib/ext/nashorn.jar
[MASTER] 08:52:20.300 [logback-1] WARN  JUnitAnalyzer - Found unstable test named initializationError -> class java.lang.RuntimeException: Cannot find either the compilation target folder nor the EvoSuite jar in classpath: /tmp/EvoSuite_pathingJar1648636780561226383.jar
Going to execute: handleTestsThatAreUnstable
* Compiling Tests
** Write a test suite: 0 called: 0 to improve: false
Going to execute: handleTestsThatAreUnstable
* Compiling Tests
[MASTER] 08:52:22.178 [logback-1] WARN  AgentLoader - Failed to find EvoSuite jar in current classloader. URLs of classloader:
file:/root/.sdkman/candidates/java/8.0.333.fx-librca/jre/../lib/tools.jar
file:/tmp/EvoSuite_pathingJar1648636780561226383.jar
file:/root/.sdkman/candidates/java/8.0.333.fx-librca/jre/lib/ext/cldrdata.jar
file:/root/.sdkman/candidates/java/8.0.333.fx-librca/jre/lib/ext/sunec.jar
file:/root/.sdkman/candidates/java/8.0.333.fx-librca/jre/lib/ext/localedata.jar
file:/root/.sdkman/candidates/java/8.0.333.fx-librca/jre/lib/ext/jaccess.jar
file:/root/.sdkman/candidates/java/8.0.333.fx-librca/jre/lib/ext/dnsns.jar
file:/root/.sdkman/candidates/java/8.0.333.fx-librca/jre/lib/ext/sunpkcs11.jar
file:/root/.sdkman/candidates/java/8.0.333.fx-librca/jre/lib/ext/zipfs.jar
file:/root/.sdkman/candidates/java/8.0.333.fx-librca/jre/lib/ext/jfxrt.jar
file:/root/.sdkman/candidates/java/8.0.333.fx-librca/jre/lib/ext/sunjce_provider.jar
file:/root/.sdkman/candidates/java/8.0.333.fx-librca/jre/lib/ext/nashorn.jar
[MASTER] 08:52:22.178 [logback-1] WARN  JUnitAnalyzer - Found unstable test named initializationError -> class java.lang.RuntimeException: Cannot find either the compilation target folder nor the EvoSuite jar in classpath: /tmp/EvoSuite_pathingJar1648636780561226383.jar
** Write a test suite: 0 called: 0 to improve: false
[MASTER] 08:52:23.862 [logback-1] WARN  AgentLoader - Failed to find EvoSuite jar in current classloader. URLs of classloader:
file:/root/.sdkman/candidates/java/8.0.333.fx-librca/jre/../lib/tools.jar
file:/tmp/EvoSuite_pathingJar1648636780561226383.jar
file:/root/.sdkman/candidates/java/8.0.333.fx-librca/jre/lib/ext/cldrdata.jar
file:/root/.sdkman/candidates/java/8.0.333.fx-librca/jre/lib/ext/sunec.jar
file:/root/.sdkman/candidates/java/8.0.333.fx-librca/jre/lib/ext/localedata.jar
file:/root/.sdkman/candidates/java/8.0.333.fx-librca/jre/lib/ext/jaccess.jar
file:/root/.sdkman/candidates/java/8.0.333.fx-librca/jre/lib/ext/dnsns.jar
file:/root/.sdkman/candidates/java/8.0.333.fx-librca/jre/lib/ext/sunpkcs11.jar
file:/root/.sdkman/candidates/java/8.0.333.fx-librca/jre/lib/ext/zipfs.jar
file:/root/.sdkman/candidates/java/8.0.333.fx-librca/jre/lib/ext/jfxrt.jar
file:/root/.sdkman/candidates/java/8.0.333.fx-librca/jre/lib/ext/sunjce_provider.jar
file:/root/.sdkman/candidates/java/8.0.333.fx-librca/jre/lib/ext/nashorn.jar
[MASTER] 08:52:23.862 [logback-1] WARN  JUnitAnalyzer - Found unstable test named initializationError -> class java.lang.RuntimeException: Cannot find either the compilation target folder nor the EvoSuite jar in classpath: /tmp/EvoSuite_pathingJar1648636780561226383.jar
Going to execute: handleTestsThatAreUnstable
* Compiling Tests
** Write a test suite: 0 called: 0 to improve: false
[MASTER] 08:52:24.060 [logback-1] WARN  AgentLoader - Failed to find EvoSuite jar in current classloader. URLs of classloader:
file:/root/.sdkman/candidates/java/8.0.333.fx-librca/jre/../lib/tools.jar
file:/tmp/EvoSuite_pathingJar1648636780561226383.jar
file:/root/.sdkman/candidates/java/8.0.333.fx-librca/jre/lib/ext/cldrdata.jar
file:/root/.sdkman/candidates/java/8.0.333.fx-librca/jre/lib/ext/sunec.jar
file:/root/.sdkman/candidates/java/8.0.333.fx-librca/jre/lib/ext/localedata.jar
file:/root/.sdkman/candidates/java/8.0.333.fx-librca/jre/lib/ext/jaccess.jar
file:/root/.sdkman/candidates/java/8.0.333.fx-librca/jre/lib/ext/dnsns.jar
file:/root/.sdkman/candidates/java/8.0.333.fx-librca/jre/lib/ext/sunpkcs11.jar
file:/root/.sdkman/candidates/java/8.0.333.fx-librca/jre/lib/ext/zipfs.jar
file:/root/.sdkman/candidates/java/8.0.333.fx-librca/jre/lib/ext/jfxrt.jar
file:/root/.sdkman/candidates/java/8.0.333.fx-librca/jre/lib/ext/sunjce_provider.jar
file:/root/.sdkman/candidates/java/8.0.333.fx-librca/jre/lib/ext/nashorn.jar
[MASTER] 08:52:24.060 [logback-1] WARN  JUnitAnalyzer - Found unstable test named initializationError -> class java.lang.RuntimeException: Cannot find either the compilation target folder nor the EvoSuite jar in classpath: /tmp/EvoSuite_pathingJar1648636780561226383.jar
Going to execute: handleTestsThatAreUnstable
* Compiling Tests
** Write a test suite: 0 called: 0 to improve: false
[MASTER] 08:52:24.235 [logback-1] WARN  AgentLoader - Failed to find EvoSuite jar in current classloader. URLs of classloader:
file:/root/.sdkman/candidates/java/8.0.333.fx-librca/jre/../lib/tools.jar
file:/tmp/EvoSuite_pathingJar1648636780561226383.jar
file:/root/.sdkman/candidates/java/8.0.333.fx-librca/jre/lib/ext/cldrdata.jar
file:/root/.sdkman/candidates/java/8.0.333.fx-librca/jre/lib/ext/sunec.jar
file:/root/.sdkman/candidates/java/8.0.333.fx-librca/jre/lib/ext/localedata.jar
file:/root/.sdkman/candidates/java/8.0.333.fx-librca/jre/lib/ext/jaccess.jar
file:/root/.sdkman/candidates/java/8.0.333.fx-librca/jre/lib/ext/dnsns.jar
file:/root/.sdkman/candidates/java/8.0.333.fx-librca/jre/lib/ext/sunpkcs11.jar
file:/root/.sdkman/candidates/java/8.0.333.fx-librca/jre/lib/ext/zipfs.jar
file:/root/.sdkman/candidates/java/8.0.333.fx-librca/jre/lib/ext/jfxrt.jar
file:/root/.sdkman/candidates/java/8.0.333.fx-librca/jre/lib/ext/sunjce_provider.jar
file:/root/.sdkman/candidates/java/8.0.333.fx-librca/jre/lib/ext/nashorn.jar
[MASTER] 08:52:24.236 [logback-1] WARN  JUnitAnalyzer - Found unstable test named initializationError -> class java.lang.RuntimeException: Cannot find either the compilation target folder nor the EvoSuite jar in classpath: /tmp/EvoSuite_pathingJar1648636780561226383.jar
Going to execute: handleTestsThatAreUnstable
* Compiling Tests
** Write a test suite: 0 called: 0 to improve: false
[MASTER] 08:52:24.403 [logback-1] WARN  AgentLoader - Failed to find EvoSuite jar in current classloader. URLs of classloader:
file:/root/.sdkman/candidates/java/8.0.333.fx-librca/jre/../lib/tools.jar
file:/tmp/EvoSuite_pathingJar1648636780561226383.jar
file:/root/.sdkman/candidates/java/8.0.333.fx-librca/jre/lib/ext/cldrdata.jar
file:/root/.sdkman/candidates/java/8.0.333.fx-librca/jre/lib/ext/sunec.jar
file:/root/.sdkman/candidates/java/8.0.333.fx-librca/jre/lib/ext/localedata.jar
file:/root/.sdkman/candidates/java/8.0.333.fx-librca/jre/lib/ext/jaccess.jar
file:/root/.sdkman/candidates/java/8.0.333.fx-librca/jre/lib/ext/dnsns.jar
file:/root/.sdkman/candidates/java/8.0.333.fx-librca/jre/lib/ext/sunpkcs11.jar
file:/root/.sdkman/candidates/java/8.0.333.fx-librca/jre/lib/ext/zipfs.jar
file:/root/.sdkman/candidates/java/8.0.333.fx-librca/jre/lib/ext/jfxrt.jar
file:/root/.sdkman/candidates/java/8.0.333.fx-librca/jre/lib/ext/sunjce_provider.jar
file:/root/.sdkman/candidates/java/8.0.333.fx-librca/jre/lib/ext/nashorn.jar
[MASTER] 08:52:24.404 [logback-1] WARN  JUnitAnalyzer - Found unstable test named initializationError -> class java.lang.RuntimeException: Cannot find either the compilation target folder nor the EvoSuite jar in classpath: /tmp/EvoSuite_pathingJar1648636780561226383.jar
Going to execute: handleTestsThatAreUnstable
* Compiling Tests
** Write a test suite: 0 called: 0 to improve: false
[MASTER] 08:52:26.587 [logback-1] WARN  AgentLoader - Failed to find EvoSuite jar in current classloader. URLs of classloader:
file:/root/.sdkman/candidates/java/8.0.333.fx-librca/jre/../lib/tools.jar
file:/tmp/EvoSuite_pathingJar1648636780561226383.jar
file:/root/.sdkman/candidates/java/8.0.333.fx-librca/jre/lib/ext/cldrdata.jar
file:/root/.sdkman/candidates/java/8.0.333.fx-librca/jre/lib/ext/sunec.jar
file:/root/.sdkman/candidates/java/8.0.333.fx-librca/jre/lib/ext/localedata.jar
file:/root/.sdkman/candidates/java/8.0.333.fx-librca/jre/lib/ext/jaccess.jar
file:/root/.sdkman/candidates/java/8.0.333.fx-librca/jre/lib/ext/dnsns.jar
file:/root/.sdkman/candidates/java/8.0.333.fx-librca/jre/lib/ext/sunpkcs11.jar
file:/root/.sdkman/candidates/java/8.0.333.fx-librca/jre/lib/ext/zipfs.jar
file:/root/.sdkman/candidates/java/8.0.333.fx-librca/jre/lib/ext/jfxrt.jar
file:/root/.sdkman/candidates/java/8.0.333.fx-librca/jre/lib/ext/sunjce_provider.jar
file:/root/.sdkman/candidates/java/8.0.333.fx-librca/jre/lib/ext/nashorn.jar
[MASTER] 08:52:26.588 [logback-1] WARN  JUnitAnalyzer - Found unstable test named initializationError -> class java.lang.RuntimeException: Cannot find either the compilation target folder nor the EvoSuite jar in classpath: /tmp/EvoSuite_pathingJar1648636780561226383.jar
Going to execute: handleTestsThatAreUnstable
* Compiling Tests
** Write a test suite: 0 called: 0 to improve: false
[MASTER] 08:52:26.763 [logback-1] WARN  AgentLoader - Failed to find EvoSuite jar in current classloader. URLs of classloader:
file:/root/.sdkman/candidates/java/8.0.333.fx-librca/jre/../lib/tools.jar
file:/tmp/EvoSuite_pathingJar1648636780561226383.jar
file:/root/.sdkman/candidates/java/8.0.333.fx-librca/jre/lib/ext/cldrdata.jar
file:/root/.sdkman/candidates/java/8.0.333.fx-librca/jre/lib/ext/sunec.jar
file:/root/.sdkman/candidates/java/8.0.333.fx-librca/jre/lib/ext/localedata.jar
file:/root/.sdkman/candidates/java/8.0.333.fx-librca/jre/lib/ext/jaccess.jar
file:/root/.sdkman/candidates/java/8.0.333.fx-librca/jre/lib/ext/dnsns.jar
file:/root/.sdkman/candidates/java/8.0.333.fx-librca/jre/lib/ext/sunpkcs11.jar
file:/root/.sdkman/candidates/java/8.0.333.fx-librca/jre/lib/ext/zipfs.jar
file:/root/.sdkman/candidates/java/8.0.333.fx-librca/jre/lib/ext/jfxrt.jar
file:/root/.sdkman/candidates/java/8.0.333.fx-librca/jre/lib/ext/sunjce_provider.jar
file:/root/.sdkman/candidates/java/8.0.333.fx-librca/jre/lib/ext/nashorn.jar
[MASTER] 08:52:26.764 [logback-1] WARN  JUnitAnalyzer - Found unstable test named initializationError -> class java.lang.RuntimeException: Cannot find either the compilation target folder nor the EvoSuite jar in classpath: /tmp/EvoSuite_pathingJar1648636780561226383.jar
Going to execute: handleTestsThatAreUnstable
* Compiling Tests
** Write a test suite: 0 called: 0 to improve: false
[MASTER] 08:52:26.945 [logback-1] WARN  AgentLoader - Failed to find EvoSuite jar in current classloader. URLs of classloader:
file:/root/.sdkman/candidates/java/8.0.333.fx-librca/jre/../lib/tools.jar
file:/tmp/EvoSuite_pathingJar1648636780561226383.jar
file:/root/.sdkman/candidates/java/8.0.333.fx-librca/jre/lib/ext/cldrdata.jar
file:/root/.sdkman/candidates/java/8.0.333.fx-librca/jre/lib/ext/sunec.jar
file:/root/.sdkman/candidates/java/8.0.333.fx-librca/jre/lib/ext/localedata.jar
file:/root/.sdkman/candidates/java/8.0.333.fx-librca/jre/lib/ext/jaccess.jar
file:/root/.sdkman/candidates/java/8.0.333.fx-librca/jre/lib/ext/dnsns.jar
file:/root/.sdkman/candidates/java/8.0.333.fx-librca/jre/lib/ext/sunpkcs11.jar
file:/root/.sdkman/candidates/java/8.0.333.fx-librca/jre/lib/ext/zipfs.jar
file:/root/.sdkman/candidates/java/8.0.333.fx-librca/jre/lib/ext/jfxrt.jar
file:/root/.sdkman/candidates/java/8.0.333.fx-librca/jre/lib/ext/sunjce_provider.jar
file:/root/.sdkman/candidates/java/8.0.333.fx-librca/jre/lib/ext/nashorn.jar
[MASTER] 08:52:26.947 [logback-1] WARN  JUnitAnalyzer - Found unstable test named initializationError -> class java.lang.RuntimeException: Cannot find either the compilation target folder nor the EvoSuite jar in classpath: /tmp/EvoSuite_pathingJar1648636780561226383.jar
Going to execute: handleTestsThatAreUnstable
* Compiling Tests
** Write a test suite: 0 called: 0 to improve: false
[MASTER] 08:52:27.132 [logback-1] WARN  AgentLoader - Failed to find EvoSuite jar in current classloader. URLs of classloader:
file:/root/.sdkman/candidates/java/8.0.333.fx-librca/jre/../lib/tools.jar
file:/tmp/EvoSuite_pathingJar1648636780561226383.jar
file:/root/.sdkman/candidates/java/8.0.333.fx-librca/jre/lib/ext/cldrdata.jar
file:/root/.sdkman/candidates/java/8.0.333.fx-librca/jre/lib/ext/sunec.jar
file:/root/.sdkman/candidates/java/8.0.333.fx-librca/jre/lib/ext/localedata.jar
file:/root/.sdkman/candidates/java/8.0.333.fx-librca/jre/lib/ext/jaccess.jar
file:/root/.sdkman/candidates/java/8.0.333.fx-librca/jre/lib/ext/dnsns.jar
file:/root/.sdkman/candidates/java/8.0.333.fx-librca/jre/lib/ext/sunpkcs11.jar
file:/root/.sdkman/candidates/java/8.0.333.fx-librca/jre/lib/ext/zipfs.jar
file:/root/.sdkman/candidates/java/8.0.333.fx-librca/jre/lib/ext/jfxrt.jar
file:/root/.sdkman/candidates/java/8.0.333.fx-librca/jre/lib/ext/sunjce_provider.jar
file:/root/.sdkman/candidates/java/8.0.333.fx-librca/jre/lib/ext/nashorn.jar
[MASTER] 08:52:27.133 [logback-1] WARN  JUnitAnalyzer - Found unstable test named initializationError -> class java.lang.RuntimeException: Cannot find either the compilation target folder nor the EvoSuite jar in classpath: /tmp/EvoSuite_pathingJar1648636780561226383.jar
Going to execute: handleTestsThatAreUnstable
* Compiling Tests
** Write a test suite: 0 called: 0 to improve: false
[MASTER] 08:52:27.319 [logback-1] WARN  AgentLoader - Failed to find EvoSuite jar in current classloader. URLs of classloader:
file:/root/.sdkman/candidates/java/8.0.333.fx-librca/jre/../lib/tools.jar
file:/tmp/EvoSuite_pathingJar1648636780561226383.jar
file:/root/.sdkman/candidates/java/8.0.333.fx-librca/jre/lib/ext/cldrdata.jar
file:/root/.sdkman/candidates/java/8.0.333.fx-librca/jre/lib/ext/sunec.jar
file:/root/.sdkman/candidates/java/8.0.333.fx-librca/jre/lib/ext/localedata.jar
file:/root/.sdkman/candidates/java/8.0.333.fx-librca/jre/lib/ext/jaccess.jar
file:/root/.sdkman/candidates/java/8.0.333.fx-librca/jre/lib/ext/dnsns.jar
file:/root/.sdkman/candidates/java/8.0.333.fx-librca/jre/lib/ext/sunpkcs11.jar
file:/root/.sdkman/candidates/java/8.0.333.fx-librca/jre/lib/ext/zipfs.jar
file:/root/.sdkman/candidates/java/8.0.333.fx-librca/jre/lib/ext/jfxrt.jar
file:/root/.sdkman/candidates/java/8.0.333.fx-librca/jre/lib/ext/sunjce_provider.jar
file:/root/.sdkman/candidates/java/8.0.333.fx-librca/jre/lib/ext/nashorn.jar
[MASTER] 08:52:27.320 [logback-1] WARN  JUnitAnalyzer - Found unstable test named initializationError -> class java.lang.RuntimeException: Cannot find either the compilation target folder nor the EvoSuite jar in classpath: /tmp/EvoSuite_pathingJar1648636780561226383.jar
Going to execute: handleTestsThatAreUnstable
* Compiling Tests
** Write a test suite: 0 called: 0 to improve: false
[MASTER] 08:52:27.359 [logback-1] WARN  AgentLoader - Failed to find EvoSuite jar in current classloader. URLs of classloader:
file:/root/.sdkman/candidates/java/8.0.333.fx-librca/jre/../lib/tools.jar
file:/tmp/EvoSuite_pathingJar1648636780561226383.jar
file:/root/.sdkman/candidates/java/8.0.333.fx-librca/jre/lib/ext/cldrdata.jar
file:/root/.sdkman/candidates/java/8.0.333.fx-librca/jre/lib/ext/sunec.jar
file:/root/.sdkman/candidates/java/8.0.333.fx-librca/jre/lib/ext/localedata.jar
file:/root/.sdkman/candidates/java/8.0.333.fx-librca/jre/lib/ext/jaccess.jar
file:/root/.sdkman/candidates/java/8.0.333.fx-librca/jre/lib/ext/dnsns.jar
file:/root/.sdkman/candidates/java/8.0.333.fx-librca/jre/lib/ext/sunpkcs11.jar
file:/root/.sdkman/candidates/java/8.0.333.fx-librca/jre/lib/ext/zipfs.jar
file:/root/.sdkman/candidates/java/8.0.333.fx-librca/jre/lib/ext/jfxrt.jar
file:/root/.sdkman/candidates/java/8.0.333.fx-librca/jre/lib/ext/sunjce_provider.jar
file:/root/.sdkman/candidates/java/8.0.333.fx-librca/jre/lib/ext/nashorn.jar
[MASTER] 08:52:27.359 [logback-1] WARN  JUnitAnalyzer - Found unstable test named initializationError -> class java.lang.RuntimeException: Cannot find either the compilation target folder nor the EvoSuite jar in classpath: /tmp/EvoSuite_pathingJar1648636780561226383.jar
Going to execute: handleTestsThatAreUnstable
* Compiling Tests
** Write a test suite: 0 called: 0 to improve: false
Going to execute: handleTestsThatAreUnstable
* Compiling Tests
[MASTER] 08:52:27.533 [logback-1] WARN  AgentLoader - Failed to find EvoSuite jar in current classloader. URLs of classloader:
file:/root/.sdkman/candidates/java/8.0.333.fx-librca/jre/../lib/tools.jar
file:/tmp/EvoSuite_pathingJar1648636780561226383.jar
file:/root/.sdkman/candidates/java/8.0.333.fx-librca/jre/lib/ext/cldrdata.jar
file:/root/.sdkman/candidates/java/8.0.333.fx-librca/jre/lib/ext/sunec.jar
file:/root/.sdkman/candidates/java/8.0.333.fx-librca/jre/lib/ext/localedata.jar
file:/root/.sdkman/candidates/java/8.0.333.fx-librca/jre/lib/ext/jaccess.jar
file:/root/.sdkman/candidates/java/8.0.333.fx-librca/jre/lib/ext/dnsns.jar
file:/root/.sdkman/candidates/java/8.0.333.fx-librca/jre/lib/ext/sunpkcs11.jar
file:/root/.sdkman/candidates/java/8.0.333.fx-librca/jre/lib/ext/zipfs.jar
file:/root/.sdkman/candidates/java/8.0.333.fx-librca/jre/lib/ext/jfxrt.jar
file:/root/.sdkman/candidates/java/8.0.333.fx-librca/jre/lib/ext/sunjce_provider.jar
file:/root/.sdkman/candidates/java/8.0.333.fx-librca/jre/lib/ext/nashorn.jar
[MASTER] 08:52:27.534 [logback-1] WARN  JUnitAnalyzer - Found unstable test named initializationError -> class java.lang.RuntimeException: Cannot find either the compilation target folder nor the EvoSuite jar in classpath: /tmp/EvoSuite_pathingJar1648636780561226383.jar
** Write a test suite: 0 called: 0 to improve: false
** Write a test suite: 1 called: 1 to improve: false
** Write a test suite: 2 called: 2 to improve: false
** Write a test suite: 3 called: 3 to improve: false
** Write a test suite: 4 called: 4 to improve: false
** Write a test suite: 5 called: 5 to improve: false
** Write a test suite: 6 called: 6 to improve: false
** Write a test suite: 7 called: 7 to improve: false
** Write a test suite: 8 called: 8 to improve: false
** Write a test suite: 9 called: 9 to improve: false
** Write a test suite: 10 called: 10 to improve: false
** Write a test suite: 11 called: 11 to improve: false
** Write a test suite: 12 called: 12 to improve: false
** Write a test suite: 13 called: 13 to improve: false
** Write a test suite: 14 called: 14 to improve: false
** Write a test suite: 15 called: 15 to improve: false
** Write a test suite: 16 called: 16 to improve: false
** Write a test suite: 17 called: 17 to improve: false
** Write a test suite: 18 called: 18 to improve: false
** Write a test suite: 19 called: 19 to improve: false
** Write a test suite: 20 called: 20 to improve: false
** Write a test suite: 21 called: 21 to improve: false
** Write a test suite: 22 called: 22 to improve: false
** Write a test suite: 23 called: 23 to improve: false
[MASTER] 08:52:36.438 [logback-1] WARN  AgentLoader - Failed to find EvoSuite jar in current classloader. URLs of classloader:
file:/root/.sdkman/candidates/java/8.0.333.fx-librca/jre/../lib/tools.jar
file:/tmp/EvoSuite_pathingJar1648636780561226383.jar
file:/root/.sdkman/candidates/java/8.0.333.fx-librca/jre/lib/ext/cldrdata.jar
file:/root/.sdkman/candidates/java/8.0.333.fx-librca/jre/lib/ext/sunec.jar
file:/root/.sdkman/candidates/java/8.0.333.fx-librca/jre/lib/ext/localedata.jar
file:/root/.sdkman/candidates/java/8.0.333.fx-librca/jre/lib/ext/jaccess.jar
file:/root/.sdkman/candidates/java/8.0.333.fx-librca/jre/lib/ext/dnsns.jar
file:/root/.sdkman/candidates/java/8.0.333.fx-librca/jre/lib/ext/sunpkcs11.jar
file:/root/.sdkman/candidates/java/8.0.333.fx-librca/jre/lib/ext/zipfs.jar
file:/root/.sdkman/candidates/java/8.0.333.fx-librca/jre/lib/ext/jfxrt.jar
file:/root/.sdkman/candidates/java/8.0.333.fx-librca/jre/lib/ext/sunjce_provider.jar
file:/root/.sdkman/candidates/java/8.0.333.fx-librca/jre/lib/ext/nashorn.jar
[MASTER] 08:52:36.440 [logback-1] WARN  JUnitAnalyzer - Found unstable test named initializationError -> class java.lang.RuntimeException: Cannot find either the compilation target folder nor the EvoSuite jar in classpath: /tmp/EvoSuite_pathingJar1648636780561226383.jar
Going to execute: handleTestsThatAreUnstable
* Compiling Tests
** Write a test suite: 0 called: 0 to improve: false
** Write a test suite: 1 called: 1 to improve: false
** Write a test suite: 2 called: 2 to improve: false
** Write a test suite: 3 called: 3 to improve: false
** Write a test suite: 4 called: 4 to improve: false
** Write a test suite: 5 called: 5 to improve: false
** Write a test suite: 6 called: 6 to improve: false
** Write a test suite: 7 called: 7 to improve: false
** Write a test suite: 8 called: 8 to improve: false
** Write a test suite: 9 called: 9 to improve: false
** Write a test suite: 10 called: 10 to improve: false
** Write a test suite: 11 called: 11 to improve: false
** Write a test suite: 12 called: 12 to improve: false
** Write a test suite: 13 called: 13 to improve: false
** Write a test suite: 14 called: 14 to improve: false
** Write a test suite: 15 called: 15 to improve: false
** Write a test suite: 16 called: 16 to improve: false
** Write a test suite: 17 called: 17 to improve: false
** Write a test suite: 18 called: 18 to improve: false
** Write a test suite: 19 called: 19 to improve: false
** Write a test suite: 20 called: 20 to improve: false
** Write a test suite: 21 called: 21 to improve: false
** Write a test suite: 22 called: 22 to improve: false
** Write a test suite: 23 called: 23 to improve: false
[MASTER] 08:52:44.965 [logback-1] WARN  AgentLoader - Failed to find EvoSuite jar in current classloader. URLs of classloader:
file:/root/.sdkman/candidates/java/8.0.333.fx-librca/jre/../lib/tools.jar
file:/tmp/EvoSuite_pathingJar1648636780561226383.jar
file:/root/.sdkman/candidates/java/8.0.333.fx-librca/jre/lib/ext/cldrdata.jar
file:/root/.sdkman/candidates/java/8.0.333.fx-librca/jre/lib/ext/sunec.jar
file:/root/.sdkman/candidates/java/8.0.333.fx-librca/jre/lib/ext/localedata.jar
file:/root/.sdkman/candidates/java/8.0.333.fx-librca/jre/lib/ext/jaccess.jar
file:/root/.sdkman/candidates/java/8.0.333.fx-librca/jre/lib/ext/dnsns.jar
file:/root/.sdkman/candidates/java/8.0.333.fx-librca/jre/lib/ext/sunpkcs11.jar
file:/root/.sdkman/candidates/java/8.0.333.fx-librca/jre/lib/ext/zipfs.jar
file:/root/.sdkman/candidates/java/8.0.333.fx-librca/jre/lib/ext/jfxrt.jar
file:/root/.sdkman/candidates/java/8.0.333.fx-librca/jre/lib/ext/sunjce_provider.jar
file:/root/.sdkman/candidates/java/8.0.333.fx-librca/jre/lib/ext/nashorn.jar
[MASTER] 08:52:44.966 [logback-1] WARN  JUnitAnalyzer - Found unstable test named initializationError -> class java.lang.RuntimeException: Cannot find either the compilation target folder nor the EvoSuite jar in classpath: /tmp/EvoSuite_pathingJar1648636780561226383.jar
* Writing tests to file
[MASTER] 08:52:44.969 [logback-1] WARN  TimeController - Already entered in phase: JUNIT_CHECK. This will mess up the timing calculations.
* Writing JUnit test case 'ClassReader_ESTest' to evosuite-tests
** Write a test suite: 0 called: 0 to improve: false
** Write a test suite: 3 called: 1 to improve: false
** Write a test suite: 4 called: 2 to improve: false
** Write a test suite: 5 called: 3 to improve: false
** Write a test suite: 7 called: 4 to improve: false
** Write a test suite: 8 called: 5 to improve: false
** Write a test suite: 10 called: 6 to improve: false
** Write a test suite: 13 called: 7 to improve: false
** Write a test suite: 14 called: 8 to improve: false
** Write a test suite: 15 called: 9 to improve: false
** Write a test suite: 16 called: 10 to improve: false
** Write a test suite: 17 called: 11 to improve: false
** Write a test suite: 18 called: 12 to improve: false
** Write a test suite: 21 called: 13 to improve: false
** Write a test suite: 22 called: 14 to improve: false
* Writing JUnit test case 'ClassReader_Original_ESTest' to evosuite-tests
** Write a test suite: 0 called: 0 to improve: false
** Write a test suite: 1 called: 1 to improve: false
** Write a test suite: 2 called: 2 to improve: false
** Write a test suite: 3 called: 3 to improve: false
** Write a test suite: 4 called: 4 to improve: false
** Write a test suite: 5 called: 5 to improve: false
** Write a test suite: 6 called: 6 to improve: false
** Write a test suite: 7 called: 7 to improve: false
** Write a test suite: 8 called: 8 to improve: false
** Write a test suite: 9 called: 9 to improve: false
** Write a test suite: 10 called: 10 to improve: false
** Write a test suite: 11 called: 11 to improve: false
** Write a test suite: 12 called: 12 to improve: false
** Write a test suite: 13 called: 13 to improve: false
** Write a test suite: 14 called: 14 to improve: false
** Write a test suite: 15 called: 15 to improve: false
** Write a test suite: 16 called: 16 to improve: false
** Write a test suite: 17 called: 17 to improve: false
** Write a test suite: 18 called: 18 to improve: false
** Write a test suite: 19 called: 19 to improve: false
** Write a test suite: 20 called: 20 to improve: false
** Write a test suite: 21 called: 21 to improve: false
** Write a test suite: 22 called: 22 to improve: false
** Write a test suite: 23 called: 23 to improve: false
* Done!

* Computation finished
