To honour the JVM settings for this build a single-use Daemon process will be forked. For more on this, please refer to https://docs.gradle.org/8.6/userguide/gradle_daemon.html#sec:disabling_the_daemon in the Gradle documentation.
Daemon will be stopped at the end of the build 

> Task :compileJava

> Task :processResources NO-SOURCE
> Task :classes
> Task :jar
> Task :assemble
> Task :compileTestJava
> Task :processTestResources NO-SOURCE
> Task :testClasses

> Task :test

FileUtil_ESTest > testGetSimilarItemsReturningFileWhereLengthIsZero() FAILED
    org.opentest4j.AssertionFailedError at FileUtil_ESTest.java:116

FileUtil_ESTest > testGetAccessoriesReturningFileWhereLengthIsPositive() FAILED
    java.lang.NullPointerException at FileUtil_ESTest.java:288

FileUtil_ESTest > testFetchASINFileReturningFileInputStreamWhereAvailableIsZero() FAILED
    java.lang.NullPointerException at FileUtil_ESTest.java:529

FileUtil_ESTest > testGetBrowseNodeFileReturningFileWhereLengthIsZero() FAILED
    org.opentest4j.AssertionFailedError at FileUtil_ESTest.java:140


> Task :test

FileUtil_ESTest > testGetSimilarItemsReturningFileWhereLengthIsPositive() FAILED
    org.opentest4j.AssertionFailedError at FileUtil_ESTest.java:275

FileUtil_ESTest > testGetBrowseNodeFileReturningFileWhereLengthIsPositive() FAILED
    org.opentest4j.AssertionFailedError at FileUtil_ESTest.java:128

FileUtil_ESTest > testFetchBNFileReturningFileInputStreamWhereAvailableIsZero() FAILED
    java.lang.NullPointerException at FileUtil_ESTest.java:193

FileUtil_ESTest > testGetASINFileReturningFileWhereLengthIsZero() FAILED
    org.opentest4j.AssertionFailedError at FileUtil_ESTest.java:540

FileUtil_ESTest > testFetchAccessoriesReturningFileInputStreamWhereAvailableIsPositive() FAILED
    java.lang.NullPointerException at FileUtil_ESTest.java:395

FileUtil_ESTest > testFetchASINFileReturningFileInputStreamWhereAvailableIsPositive() FAILED
    java.lang.NullPointerException at FileUtil_ESTest.java:223

FileUtil_ESTest > testFetchBNFileReturningFileInputStreamWhereAvailableIsPositive() FAILED
    java.lang.NullPointerException at FileUtil_ESTest.java:568

FileUtil_ESTest > testFetchAccessoriesReturningFileInputStreamWhereAvailableIsZero() FAILED
    java.lang.NullPointerException at FileUtil_ESTest.java:209

FileUtil_ESTest > testGetASINFileReturningFileWhereLengthIsPositive() FAILED
    org.opentest4j.AssertionFailedError at FileUtil_ESTest.java:180

FileUtil_ESTest > testGetAccessoriesReturningFileWhereLengthIsZero() FAILED
    org.opentest4j.AssertionFailedError at FileUtil_ESTest.java:162

FileUtil_ESTest > testFetchSimilarItemsReturningFileInputStreamWhereAvailableIsPositive() FAILED
    java.lang.NullPointerException at FileUtil_ESTest.java:372

FileUtil_ESTest > testDownloadCart() FAILED
    org.opentest4j.AssertionFailedError at FileUtil_ESTest.java:350

Product_ESTest > initializationError FAILED
    org.junit.runners.model.InvalidTestClassError at ParentRunner.java:525

FileUtil_ESTest > initializationError FAILED
    org.junit.runners.model.InvalidTestClassError at ParentRunner.java:525
There were failing tests. See the report at: file:///home/roham/Results-Utestgen/dataset/SF110-new-UTestGen-src/2_a4j/build/reports/tests/test/index.html

> Task :jacocoTestReport
> Task :check
> Task :build

Deprecated Gradle features were used in this build, making it incompatible with Gradle 9.0.

You can use '--warning-mode all' to show the individual deprecation warnings and determine if they come from your own scripts or plugins.

For more on this, please refer to https://docs.gradle.org/8.6/userguide/command_line_interface.html#sec:command_line_warnings in the Gradle documentation.

BUILD SUCCESSFUL in 43s
5 actionable tasks: 5 executed
