To honour the JVM settings for this build a single-use Daemon process will be forked. For more on this, please refer to https://docs.gradle.org/8.6/userguide/gradle_daemon.html#sec:disabling_the_daemon in the Gradle documentation.
Daemon will be stopped at the end of the build 

> Task :compileJava

> Task :processResources
> Task :classes
> Task :jar
> Task :assemble
> Task :compileTestJava
> Task :processTestResources
> Task :testClasses

> Task :test

ClassReader_ESTest > testReadUnsignedShortReturningZero() FAILED
    org.opentest4j.AssertionFailedError at ClassReader_ESTest.java:48

ClassWriter_ESTest > testVisitOuterClassWithNonEmptyStringAndNonEmptyString() FAILED
    org.opentest4j.AssertionFailedError at ClassWriter_ESTest.java:424

ClassWriter_ESTest > testVisitAnnotationWithEmptyStringAndFalse() FAILED
    org.opentest4j.AssertionFailedError at ClassWriter_ESTest.java:408


> Task :test

DynamicSelectModel_ESTest > testCollectionWithNull() FAILED
    org.opentest4j.AssertionFailedError at DynamicSelectModel_ESTest.java:170

DynamicSelectModel_ESTest > testTranslator() FAILED
    java.lang.NullPointerException at DynamicSelectModel_ESTest.java:209

DynamicSelectModel_ESTest > testTranslateValue() FAILED
    org.opentest4j.AssertionFailedError at DynamicSelectModel_ESTest.java:189

ClassReader_ESTest > initializationError FAILED
    org.junit.runners.model.InvalidTestClassError at ParentRunner.java:525

ClassWriter_ESTest > initializationError FAILED
    org.junit.runners.model.InvalidTestClassError at ParentRunner.java:525

FieldWriter_ESTest > initializationError FAILED
    org.junit.runners.model.InvalidTestClassError at ParentRunner.java:525

DynamicSelectModel_ESTest > initializationError FAILED
    org.junit.runners.model.InvalidTestClassError at ParentRunner.java:525
There were failing tests. See the report at: file:///home/roham/Results-Utestgen/dataset/SF110-new-UTestGen-src/80_wheelwebtool/build/reports/tests/test/index.html

> Task :jacocoTestReport
> Task :check
> Task :build

Deprecated Gradle features were used in this build, making it incompatible with Gradle 9.0.

You can use '--warning-mode all' to show the individual deprecation warnings and determine if they come from your own scripts or plugins.

For more on this, please refer to https://docs.gradle.org/8.6/userguide/command_line_interface.html#sec:command_line_warnings in the Gradle documentation.

BUILD SUCCESSFUL in 39s
7 actionable tasks: 7 executed
