To honour the JVM settings for this build a single-use Daemon process will be forked. For more on this, please refer to https://docs.gradle.org/8.6/userguide/gradle_daemon.html#sec:disabling_the_daemon in the Gradle documentation.
Daemon will be stopped at the end of the build 

> Task :compileJava

> Task :processResources
> Task :classes
> Task :jar
> Task :assemble
> Task :compileTestJava
> Task :processTestResources
> Task :testClasses

> Task :test

AccessEvent_ESTest > testEqualsAndSetMethod0() FAILED
    org.opentest4j.AssertionFailedError at AccessEvent_ESTest.java:787

AccessEvent_ESTest > testEqualsAndSetMethod1() FAILED
    org.opentest4j.AssertionFailedError at AccessEvent_ESTest.java:820

AccessEvent_ESTest > testEqualsAndSetServerName1() FAILED
    org.opentest4j.AssertionFailedError at AccessEvent_ESTest.java:470

AccessEvent_ESTest > testGetRemoteUserReturningNull() FAILED
    java.lang.NullPointerException at AccessEvent_ESTest.java:1223

AccessEvent_ESTest > testHashCodeAndSetRequestURI() FAILED
    org.opentest4j.AssertionFailedError at AccessEvent_ESTest.java:393

AccessEvent_ESTest > testEqualsAndSetProtocolAndEqualsReturningTrue() FAILED
    org.opentest4j.AssertionFailedError at AccessEvent_ESTest.java:743

AccessEvent_ESTest > testEqualsAndSetRemoteUserAndEqualsReturningTrue() FAILED
    org.opentest4j.AssertionFailedError at AccessEvent_ESTest.java:590

AccessEvent_ESTest > initializationError FAILED
    org.junit.runners.model.InvalidTestClassError at ParentRunner.java:525
There were failing tests. See the report at: file:///home/roham/Results-Utestgen/dataset/SF110-new-UTestGen-src/43_lilith/build/reports/tests/test/index.html

> Task :jacocoTestReport
> Task :check
> Task :build

Deprecated Gradle features were used in this build, making it incompatible with Gradle 9.0.

You can use '--warning-mode all' to show the individual deprecation warnings and determine if they come from your own scripts or plugins.

For more on this, please refer to https://docs.gradle.org/8.6/userguide/command_line_interface.html#sec:command_line_warnings in the Gradle documentation.

BUILD SUCCESSFUL in 44s
7 actionable tasks: 7 executed
