* EvoSuite 1.0.0-SNAPSHOT
* Going to generate test cases for class: src.Battle
* Starting Client-0
* Properties loaded from /home/roham/Results-Utestgen/dataset/SF110-new-res/97_feudalismgame/evosuite-files/evosuite.properties
* Connecting to master process on port 3748
* Analyzing classpath: 
* Inheritance tree loaded from evosuite-files/inheritance.xml.gz
[MASTER] 23:32:42.142 [logback-1] WARN  InheritanceTree - Class not in inheritance graph: java.util.function.Consumer
[MASTER] 23:32:42.153 [logback-1] WARN  InheritanceTree - Class not in inheritance graph: java.util.function.Predicate
[MASTER] 23:32:42.155 [logback-1] WARN  InheritanceTree - Class not in inheritance graph: java.util.function.UnaryOperator
[MASTER] 23:32:42.289 [logback-1] WARN  InheritanceTree - Class not in inheritance graph: java.util.function.Function
* Finished analyzing classpath
* Generating tests for class src.Battle
* Test criteria:
  - Branch Coverage
  - Line Coverage
  - Method-Output Coverage
  - Top-Level Method Coverage
  - Context Branch Coverage
* Total number of test goals for DYNAMOSA: 2318
* Using seed 1710459143498
* Starting evolution
[Progress:>                             0%] [Cov:>                                  0%]* Initial Number of Goals in DynaMOSA = 98 / 2318
[MASTER] 23:32:43.956 [logback-1] WARN  TestCluster - Failed to check cache for java.util.LinkedList<E> : Type points to itself
[Progress:>                             2%] [Cov:====>                              14%][Progress:>                             3%] [Cov:====>                              14%][Progress:=>                            4%] [Cov:====>                              14%][Progress:=>                            5%] [Cov:====>                              14%][Progress:=>                            5%] [Cov:====>                              14%][Progress:=>                            6%] [Cov:====>                              14%][Progress:===>                          10%] [Cov:====>                              14%][Progress:===>                          11%] [Cov:====>                              14%][Progress:===>                          12%] [Cov:====>                              14%][Progress:===>                          12%] [Cov:====>                              14%][Progress:===>                          13%] [Cov:====>                              14%][Progress:====>                         14%] [Cov:====>                              14%][Progress:====>                         14%] [Cov:====>                              14%][Progress:====>                         15%] [Cov:====>                              14%][Progress:====>                         15%] [Cov:====>                              14%][Progress:====>                         16%] [Cov:====>                              14%][Progress:====>                         16%] [Cov:====>                              14%][Progress:=====>                        17%] [Cov:====>                              14%][Progress:=====>                        17%] [Cov:====>                              14%][Progress:=====>                        18%] [Cov:====>                              14%][Progress:=====>                        18%] [Cov:====>                              14%][Progress:=====>                        18%] [Cov:====>                              14%][MASTER] 23:33:02.578 [logback-1] WARN  TestCluster - Failed to check cache for java.util.function.Function<T, R> : Type points to itself
[Progress:=====>                        19%] [Cov:====>                              14%][Progress:=====>                        19%] [Cov:====>                              14%][Progress:======>                       20%] [Cov:====>                              14%][Progress:======>                       20%] [Cov:====>                              14%][Progress:======>                       20%] [Cov:====>                              14%][Progress:======>                       20%] [Cov:====>                              14%][Progress:======>                       21%] [Cov:====>                              14%][Progress:======>                       21%] [Cov:====>                              14%][Progress:======>                       21%] [Cov:====>                              14%][Progress:======>                       22%] [Cov:====>                              14%][Progress:======>                       22%] [Cov:====>                              14%][Progress:======>                       23%] [Cov:====>                              14%][Progress:======>                       23%] [Cov:====>                              14%][Progress:======>                       23%] [Cov:====>                              14%][Progress:=======>                      24%] [Cov:====>                              14%][Progress:=======>                      24%] [Cov:====>                              14%][Progress:=======>                      25%] [Cov:====>                              14%][Progress:=======>                      25%] [Cov:====>                              14%][Progress:=======>                      26%] [Cov:====>                              14%][Progress:=======>                      26%] [Cov:====>                              14%][Progress:========>                     27%] [Cov:====>                              14%][Progress:========>                     27%] [Cov:====>                              14%][Progress:========>                     28%] [Cov:====>                              14%][Progress:========>                     28%] [Cov:====>                              14%][Progress:========>                     28%] [Cov:====>                              14%][Progress:========>                     29%] [Cov:====>                              14%][Progress:========>                     29%] [Cov:====>                              14%][Progress:========>                     29%] [Cov:====>                              14%][Progress:=========>                    30%] [Cov:====>                              14%][Progress:=========>                    30%] [Cov:====>                              14%][Progress:=========>                    31%] [Cov:====>                              14%][Progress:=========>                    31%] [Cov:====>                              14%][Progress:=========>                    32%] [Cov:====>                              14%][Progress:=========>                    32%] [Cov:====>                              14%][Progress:=========>                    33%] [Cov:====>                              14%][Progress:=========>                    33%] [Cov:====>                              14%][Progress:=========>                    33%] [Cov:====>                              14%][Progress:==========>                   34%] [Cov:====>                              14%][Progress:==========>                   34%] [Cov:====>                              14%][Progress:==========>                   34%] [Cov:====>                              14%][Progress:==========>                   35%] [Cov:====>                              14%][Progress:==========>                   35%] [Cov:====>                              14%][Progress:==========>                   36%] [Cov:====>                              14%][Progress:==========>                   36%] [Cov:====>                              14%][Progress:===========>                  37%] [Cov:====>                              14%][Progress:===========>                  37%] [Cov:====>                              14%][Progress:===========>                  37%] [Cov:====>                              14%][Progress:===========>                  37%] [Cov:====>                              14%][Progress:===========>                  38%] [Cov:====>                              14%][Progress:===========>                  38%] [Cov:====>                              14%][Progress:===========>                  38%] [Cov:====>                              14%][Progress:===========>                  38%] [Cov:====>                              14%][Progress:===========>                  39%] [Cov:====>                              14%][Progress:===========>                  39%] [Cov:====>                              14%][Progress:===========>                  39%] [Cov:====>                              14%][Progress:============>                 40%] [Cov:====>                              14%][Progress:============>                 40%] [Cov:====>                              14%][Progress:============>                 40%] [Cov:====>                              14%][Progress:============>                 41%] [Cov:====>                              14%][Progress:============>                 41%] [Cov:====>                              14%][Progress:============>                 41%] [Cov:====>                              14%][Progress:============>                 42%] [Cov:====>                              14%][Progress:============>                 42%] [Cov:====>                              14%][Progress:============>                 42%] [Cov:====>                              14%][Progress:============>                 43%] [Cov:====>                              14%][Progress:============>                 43%] [Cov:====>                              14%][Progress:============>                 43%] [Cov:====>                              14%][Progress:=============>                44%] [Cov:====>                              14%][Progress:=============>                44%] [Cov:====>                              14%][Progress:=============>                44%] [Cov:====>                              14%][Progress:=============>                45%] [Cov:====>                              14%][Progress:=============>                45%] [Cov:====>                              14%][Progress:=============>                46%] [Cov:====>                              14%][Progress:=============>                46%] [Cov:====>                              14%][Progress:=============>                46%] [Cov:====>                              14%][Progress:==============>               47%] [Cov:====>                              14%][Progress:==============>               47%] [Cov:====>                              14%][Progress:==============>               47%] [Cov:====>                              14%][Progress:==============>               47%] [Cov:====>                              14%][Progress:==============>               48%] [Cov:====>                              14%][Progress:==============>               48%] [Cov:====>                              14%][Progress:==============>               48%] [Cov:====>                              14%][Progress:==============>               48%] [Cov:====>                              14%][Progress:==============>               49%] [Cov:====>                              14%][Progress:==============>               49%] [Cov:====>                              14%][Progress:==============>               49%] [Cov:====>                              14%][Progress:===============>              50%] [Cov:====>                              14%][Progress:===============>              50%] [Cov:====>                              14%][Progress:===============>              50%] [Cov:====>                              14%][Progress:===============>              51%] [Cov:====>                              14%][Progress:===============>              51%] [Cov:====>                              14%][Progress:===============>              51%] [Cov:====>                              14%][Progress:===============>              51%] [Cov:====>                              14%][Progress:===============>              52%] [Cov:====>                              14%][Progress:===============>              52%] [Cov:====>                              14%][Progress:===============>              52%] [Cov:====>                              14%][Progress:===============>              53%] [Cov:====>                              14%][Progress:===============>              53%] [Cov:====>                              14%][Progress:===============>              53%] [Cov:====>                              14%][Progress:================>             54%] [Cov:====>                              14%][Progress:================>             54%] [Cov:====>                              14%][Progress:================>             54%] [Cov:====>                              14%][Progress:================>             54%] [Cov:====>                              14%][Progress:================>             54%] [Cov:====>                              14%][Progress:================>             55%] [Cov:====>                              14%][Progress:================>             55%] [Cov:====>                              14%][Progress:================>             55%] [Cov:====>                              14%][Progress:================>             55%] [Cov:====>                              14%][Progress:================>             56%] [Cov:====>                              14%][Progress:================>             56%] [Cov:====>                              14%][Progress:================>             56%] [Cov:====>                              14%][Progress:================>             56%] [Cov:====>                              14%][Progress:================>             56%] [Cov:====>                              14%][Progress:=================>            57%] [Cov:====>                              14%][Progress:=================>            57%] [Cov:====>                              14%][Progress:=================>            57%] [Cov:====>                              14%][Progress:=================>            57%] [Cov:====>                              14%][Progress:=================>            57%] [Cov:====>                              14%][Progress:=================>            58%] [Cov:====>                              14%][Progress:=================>            58%] [Cov:====>                              14%][Progress:=================>            58%] [Cov:====>                              14%][Progress:=================>            59%] [Cov:====>                              14%][Progress:=================>            59%] [Cov:====>                              14%][Progress:=================>            59%] [Cov:====>                              14%][Progress:=================>            59%] [Cov:====>                              14%][Progress:==================>           60%] [Cov:====>                              14%][Progress:==================>           60%] [Cov:====>                              14%][Progress:==================>           61%] [Cov:====>                              14%][Progress:==================>           61%] [Cov:====>                              14%][Progress:==================>           61%] [Cov:====>                              14%][Progress:==================>           61%] [Cov:====>                              14%][Progress:==================>           62%] [Cov:====>                              14%][Progress:==================>           62%] [Cov:====>                              14%][Progress:==================>           62%] [Cov:====>                              14%][Progress:==================>           62%] [Cov:====>                              14%][Progress:==================>           63%] [Cov:====>                              14%][Progress:==================>           63%] [Cov:====>                              14%][Progress:==================>           63%] [Cov:====>                              14%][Progress:==================>           63%] [Cov:====>                              14%][Progress:===================>          64%] [Cov:====>                              14%][Progress:===================>          64%] [Cov:====>                              14%][Progress:===================>          64%] [Cov:====>                              14%][Progress:===================>          64%] [Cov:====>                              14%][Progress:===================>          64%] [Cov:====>                              14%][Progress:===================>          64%] [Cov:====>                              14%][Progress:===================>          65%] [Cov:====>                              14%][Progress:===================>          65%] [Cov:====>                              14%][Progress:===================>          65%] [Cov:====>                              14%][Progress:===================>          65%] [Cov:====>                              14%][Progress:===================>          65%] [Cov:====>                              14%][Progress:===================>          65%] [Cov:====>                              14%][Progress:===================>          66%] [Cov:====>                              14%][Progress:===================>          66%] [Cov:====>                              14%][Progress:===================>          66%] [Cov:====>                              14%][Progress:===================>          66%] [Cov:====>                              14%][Progress:===================>          66%] [Cov:====>                              14%][Progress:====================>         67%] [Cov:====>                              14%][Progress:====================>         67%] [Cov:====>                              14%][Progress:====================>         67%] [Cov:====>                              14%][Progress:====================>         67%] [Cov:====>                              14%][Progress:====================>         67%] [Cov:====>                              14%][Progress:====================>         67%] [Cov:====>                              14%][Progress:====================>         68%] [Cov:====>                              14%][Progress:====================>         68%] [Cov:====>                              14%][Progress:====================>         68%] [Cov:====>                              14%][Progress:====================>         68%] [Cov:====>                              14%][Progress:====================>         68%] [Cov:====>                              14%][Progress:====================>         69%] [Cov:====>                              14%][Progress:====================>         69%] [Cov:====>                              14%][Progress:====================>         69%] [Cov:====>                              14%][Progress:====================>         69%] [Cov:====>                              14%][Progress:====================>         69%] [Cov:====>                              14%][Progress:====================>         69%] [Cov:====>                              14%][Progress:=====================>        70%] [Cov:====>                              14%][Progress:=====================>        70%] [Cov:====>                              14%][Progress:=====================>        70%] [Cov:====>                              14%][Progress:=====================>        70%] [Cov:====>                              14%][Progress:=====================>        70%] [Cov:====>                              14%][Progress:=====================>        70%] [Cov:====>                              14%][Progress:=====================>        71%] [Cov:====>                              14%][Progress:=====================>        71%] [Cov:====>                              14%][Progress:=====================>        71%] [Cov:====>                              14%][Progress:=====================>        71%] [Cov:====>                              14%][Progress:=====================>        71%] [Cov:====>                              14%][Progress:=====================>        72%] [Cov:====>                              14%][Progress:=====================>        72%] [Cov:====>                              14%][Progress:=====================>        72%] [Cov:====>                              14%][Progress:=====================>        72%] [Cov:====>                              14%][Progress:=====================>        73%] [Cov:====>                              14%][Progress:=====================>        73%] [Cov:====>                              14%][Progress:=====================>        73%] [Cov:====>                              14%][Progress:=====================>        73%] [Cov:====>                              14%][Progress:=====================>        73%] [Cov:====>                              14%][Progress:======================>       74%] [Cov:====>                              14%][Progress:======================>       74%] [Cov:====>                              14%][Progress:======================>       74%] [Cov:====>                              14%][Progress:======================>       74%] [Cov:====>                              14%][Progress:======================>       75%] [Cov:====>                              14%][Progress:======================>       75%] [Cov:====>                              14%][Progress:======================>       75%] [Cov:====>                              14%][Progress:======================>       75%] [Cov:====>                              14%][Progress:======================>       76%] [Cov:====>                              14%][Progress:======================>       76%] [Cov:====>                              14%][Progress:======================>       76%] [Cov:====>                              14%][Progress:======================>       76%] [Cov:====>                              14%][Progress:======================>       76%] [Cov:====>                              14%][Progress:=======================>      77%] [Cov:====>                              14%][Progress:=======================>      77%] [Cov:====>                              14%][Progress:=======================>      77%] [Cov:====>                              14%][Progress:=======================>      77%] [Cov:====>                              14%][Progress:=======================>      77%] [Cov:====>                              14%][Progress:=======================>      78%] [Cov:====>                              14%][Progress:=======================>      78%] [Cov:====>                              14%][Progress:=======================>      78%] [Cov:====>                              14%][Progress:=======================>      79%] [Cov:====>                              14%][Progress:=======================>      79%] [Cov:====>                              14%][Progress:=======================>      79%] [Cov:====>                              14%][Progress:=======================>      79%] [Cov:====>                              14%][Progress:========================>     80%] [Cov:====>                              14%][Progress:========================>     80%] [Cov:====>                              14%][Progress:========================>     80%] [Cov:====>                              14%][Progress:========================>     81%] [Cov:====>                              14%][Progress:========================>     81%] [Cov:====>                              14%][Progress:========================>     81%] [Cov:====>                              14%][Progress:========================>     81%] [Cov:====>                              14%][Progress:========================>     81%] [Cov:====>                              14%][Progress:========================>     82%] [Cov:====>                              14%][Progress:========================>     82%] [Cov:====>                              14%][Progress:========================>     82%] [Cov:====>                              14%][Progress:========================>     83%] [Cov:====>                              14%][Progress:========================>     83%] [Cov:====>                              14%][Progress:========================>     83%] [Cov:====>                              14%][Progress:=========================>    84%] [Cov:====>                              14%][Progress:=========================>    84%] [Cov:====>                              14%][Progress:=========================>    84%] [Cov:====>                              14%][Progress:=========================>    85%] [Cov:====>                              14%][Progress:=========================>    85%] [Cov:====>                              14%][Progress:=========================>    85%] [Cov:====>                              14%][Progress:=========================>    85%] [Cov:====>                              14%][Progress:=========================>    85%] [Cov:====>                              14%][Progress:=========================>    86%] [Cov:====>                              14%][Progress:=========================>    86%] [Cov:====>                              14%][Progress:=========================>    86%] [Cov:====>                              14%][Progress:=========================>    86%] [Cov:====>                              14%][Progress:==========================>   87%] [Cov:====>                              14%][Progress:==========================>   87%] [Cov:====>                              14%][Progress:==========================>   87%] [Cov:====>                              14%][Progress:==========================>   87%] [Cov:====>                              14%][Progress:==========================>   87%] [Cov:====>                              14%][Progress:==========================>   87%] [Cov:====>                              14%][Progress:==========================>   88%] [Cov:====>                              14%][Progress:==========================>   88%] [Cov:====>                              14%][Progress:==========================>   88%] [Cov:====>                              14%][Progress:==========================>   88%] [Cov:====>                              14%][Progress:==========================>   88%] [Cov:====>                              14%][Progress:==========================>   88%] [Cov:====>                              14%][Progress:==========================>   88%] [Cov:====>                              14%][Progress:==========================>   88%] [Cov:====>                              14%][Progress:==========================>   88%] [Cov:====>                              14%][Progress:==========================>   89%] [Cov:====>                              14%][Progress:==========================>   89%] [Cov:====>                              14%][Progress:==========================>   89%] [Cov:====>                              14%][Progress:==========================>   89%] [Cov:====>                              14%][Progress:==========================>   89%] [Cov:====>                              14%][Progress:==========================>   89%] [Cov:====>                              14%][Progress:==========================>   89%] [Cov:====>                              14%][Progress:==========================>   89%] [Cov:====>                              14%][Progress:==========================>   89%] [Cov:====>                              14%][Progress:===========================>  90%] [Cov:====>                              14%][Progress:===========================>  90%] [Cov:====>                              14%][Progress:===========================>  90%] [Cov:====>                              14%][Progress:===========================>  90%] [Cov:====>                              14%][Progress:===========================>  90%] [Cov:====>                              14%][Progress:===========================>  90%] [Cov:====>                              14%][Progress:===========================>  91%] [Cov:====>                              14%][Progress:===========================>  91%] [Cov:====>                              14%][Progress:===========================>  91%] [Cov:====>                              14%][Progress:===========================>  91%] [Cov:====>                              14%][Progress:===========================>  91%] [Cov:====>                              14%][Progress:===========================>  91%] [Cov:====>                              14%][Progress:===========================>  91%] [Cov:====>                              14%][Progress:===========================>  92%] [Cov:====>                              14%][Progress:===========================>  92%] [Cov:====>                              14%][Progress:===========================>  92%] [Cov:====>                              14%][Progress:===========================>  92%] [Cov:====>                              14%][Progress:===========================>  92%] [Cov:====>                              14%][Progress:===========================>  92%] [Cov:====>                              14%][Progress:===========================>  92%] [Cov:====>                              14%][Progress:===========================>  92%] [Cov:====>                              14%][Progress:===========================>  93%] [Cov:====>                              14%][Progress:===========================>  93%] [Cov:====>                              14%][Progress:===========================>  93%] [Cov:====>                              14%][Progress:===========================>  93%] [Cov:====>                              14%][Progress:===========================>  93%] [Cov:====>                              14%][Progress:===========================>  93%] [Cov:====>                              14%][Progress:===========================>  93%] [Cov:====>                              14%][Progress:============================> 94%] [Cov:====>                              14%][Progress:============================> 94%] [Cov:====>                              14%][Progress:============================> 94%] [Cov:====>                              14%][Progress:============================> 94%] [Cov:====>                              14%][Progress:============================> 96%] [Cov:====>                              14%][Progress:=============================>99%] [Cov:====>                              14%][Progress:=============================>99%] [Cov:====>                              14%][Progress:=============================>99%] [Cov:====>                              14%][Progress:=============================>99%] [Cov:====>                              14%][Progress:==============================100%] [Cov:====>                              14%][Progress:==============================100%] [Cov:====>                              14%]
* Search finished after 104s and 328 generations, 50026 statements, best individual has fitness: 2262.0
* Generated before the refinement 8 tests with total length 34
statement is: src.Battle()V type is: class org.evosuite.testcase.statements.ConstructorStatement return type class src.Battle
statement code is: Battle battle = new Battle()
statement is: java.util.LinkedList()V type is: class org.evosuite.testcase.statements.ConstructorStatement return type java.util.LinkedList<java.lang.Object>
statement code is: LinkedList<Object> linkedList = new LinkedList<Object>()
statement is: perform(Ljava/util/Collection;)V type is: class org.evosuite.testcase.statements.MethodStatement return type void
statement code is: battle.perform(arg0)
test data is: Battle battle = new Battle();
LinkedList<Object> linkedList = new LinkedList<Object>();
battle.perform(linkedList);

** It was a parseable test case! 
Improved test data is: class DummyClass {
    public static void main() {
        Battle battle = new Battle();
        LinkedList<Object> linkedList = new LinkedList<>();
        linkedList.add(new Integer(1));
        linkedList.add("Hello");
        battle.perform(linkedList);
    }
}
statement is: Battle battle = new Battle(), class spoon.support.reflect.code.CtLocalVariableImpl
class spoon.support.reflect.code.CtConstructorCallImpl
statement is: LinkedList<Object> linkedList = new LinkedList<>(), class spoon.support.reflect.code.CtLocalVariableImpl
class spoon.support.reflect.code.CtConstructorCallImpl
statement is: linkedList.add(new Integer(1)), class spoon.support.reflect.code.CtInvocationImpl
invocation is: linkedList.add(new Integer(1)) target is: linkedList method is: add(java.lang.Integer)
statement is: linkedList.add("Hello"), class spoon.support.reflect.code.CtInvocationImpl
invocation is: linkedList.add("Hello") target is: linkedList method is: add(java.lang.String)
statement is: battle.perform(linkedList), class spoon.support.reflect.code.CtInvocationImpl
invocation is: battle.perform(linkedList) target is: battle method is: perform(LinkedList)
source statement: src.Battle()V callee: VariableReference: Statement 0, type src.Battleindex is: 0
Matched Method is: perform(Ljava/util/Collection;)V
TestCase is: Battle battle = new Battle();
LinkedList<Object> linkedList = new LinkedList<Object>();
battle.perform(linkedList);

statement is: src.Battle()V type is: class org.evosuite.testcase.statements.ConstructorStatement return type class src.Battle
statement code is: Battle battle = new Battle()
statement is: rollDice(I)[I type is: class org.evosuite.testcase.statements.MethodStatement return type class [I
statement code is: int[] rollDice = battle.rollDice(331)
test data is: Battle battle = new Battle();
battle.rollDice(331);

** It was a parseable test case! 
Improved test data is: class DummyClass {
    public static void main() {
        // Improved test data for the "rollDice" method of the "Battle" class
        int[] diceValues = new int[]{ 1, 2, 3, 4, 5 };
        String[] diceDescriptions = new String[]{ "One", "Two", "Three", "Four", "Five" };
    }
}
statement is: // Improved test data for the "rollDice" method of the "Battle" class
int[] diceValues = new int[]{ 1, 2, 3, 4, 5 }, class spoon.support.reflect.code.CtLocalVariableImpl
class spoon.support.reflect.code.CtNewArrayImpl
statement is: String[] diceDescriptions = new String[]{ "One", "Two", "Three", "Four", "Five" }, class spoon.support.reflect.code.CtLocalVariableImpl
class spoon.support.reflect.code.CtNewArrayImpl
statement is: src.Battle()V type is: class org.evosuite.testcase.statements.ConstructorStatement return type class src.Battle
statement code is: Battle battle = new Battle()
statement is: java.util.LinkedList()V type is: class org.evosuite.testcase.statements.ConstructorStatement return type java.util.LinkedList<src.Fiefdoms>
statement code is: LinkedList<Fiefdoms> linkedList = new LinkedList<Fiefdoms>()
statement is: src.Fiefdoms()V type is: class org.evosuite.testcase.statements.ConstructorStatement return type class src.Fiefdoms
statement code is: Fiefdoms fiefdoms = new Fiefdoms()
statement is: addLast(Ljava/lang/Object;)V type is: class org.evosuite.testcase.statements.MethodStatement return type void
statement code is: linkedList.addLast(arg0)
statement is: knight(Ljava/util/Collection;)V type is: class org.evosuite.testcase.statements.MethodStatement return type void
statement code is: battle.knight(arg0)
test data is: Battle battle = new Battle();
LinkedList<Fiefdoms> linkedList = new LinkedList<Fiefdoms>();
Fiefdoms fiefdoms = new Fiefdoms();
linkedList.addLast(fiefdoms);
battle.knight(linkedList);

** It was a parseable test case! 
Improved test data is: class DummyClass {
    public static void main() {
        Battle battle = new Battle();
        LinkedList<Fiefdoms> linkedList = new LinkedList<Fiefdoms>();
        Fiefdoms fiefdoms = new Fiefdoms("Castle Black", "Winterfell");
        linkedList.addLast(fiefdoms);
        battle.knight(linkedList);
    }
}
statement is: Battle battle = new Battle(), class spoon.support.reflect.code.CtLocalVariableImpl
class spoon.support.reflect.code.CtConstructorCallImpl
statement is: LinkedList<Fiefdoms> linkedList = new LinkedList<Fiefdoms>(), class spoon.support.reflect.code.CtLocalVariableImpl
class spoon.support.reflect.code.CtConstructorCallImpl
statement is: Fiefdoms fiefdoms = new Fiefdoms("Castle Black", "Winterfell"), class spoon.support.reflect.code.CtLocalVariableImpl
class spoon.support.reflect.code.CtConstructorCallImpl
statement is: linkedList.addLast(fiefdoms), class spoon.support.reflect.code.CtInvocationImpl
invocation is: linkedList.addLast(fiefdoms) target is: linkedList method is: addLast(Fiefdoms)
source statement: java.util.LinkedList()V callee: VariableReference: Statement 1, type java.util.LinkedList<src.Fiefdoms>index is: 1
Matched Method is: addLast(Ljava/lang/Object;)V
i 0 Parameters size() 0 Num of Method Parameters: 1
statement is: battle.knight(linkedList), class spoon.support.reflect.code.CtInvocationImpl
invocation is: battle.knight(linkedList) target is: battle method is: knight(LinkedList)
source statement: src.Battle()V callee: VariableReference: Statement 0, type src.Battleindex is: 0
Matched Method is: knight(Ljava/util/Collection;)V
TestCase is: Battle battle = new Battle();
LinkedList<Fiefdoms> linkedList = new LinkedList<Fiefdoms>();
Fiefdoms fiefdoms = null;
linkedList.addLast(fiefdoms);
battle.knight(linkedList);

statement is: src.Battle()V type is: class org.evosuite.testcase.statements.ConstructorStatement return type class src.Battle
statement code is: Battle battle = new Battle()
statement is: src.Knight()V type is: class org.evosuite.testcase.statements.ConstructorStatement return type class src.Knight
statement code is: Knight knight = new Knight()
statement is: getConversation()Ljava/util/ArrayList; type is: class org.evosuite.testcase.statements.MethodStatement return type java.util.ArrayList<java.lang.String>
statement code is: ArrayList<String> conversation = knight.getConversation()
statement is: add(Ljava/lang/Object;)Z type is: class org.evosuite.testcase.statements.MethodStatement return type boolean
statement code is: boolean add = arrayList.add("NN,`b$4u&be$[+;8")
statement is: magyar(Ljava/util/Collection;)V type is: class org.evosuite.testcase.statements.MethodStatement return type void
statement code is: battle.magyar(arg0)
test data is: Battle battle = new Battle();
Knight knight = new Knight();
ArrayList<String> conversation = knight.getConversation();
conversation.add("NN,`b$4u&be$[+;8");
battle.magyar(conversation);

** It was a parseable test case! 
Improved test data is: class DummyClass {
    public static void main() {
        Battle battle = new Battle();
        Knight knight = new Knight();
        ArrayList<String> conversation = knight.getConversation();
        conversation.add("I am a brave knight, ready to face any challenge.");
        battle.magyar(conversation);
    }
}
statement is: Battle battle = new Battle(), class spoon.support.reflect.code.CtLocalVariableImpl
class spoon.support.reflect.code.CtConstructorCallImpl
statement is: Knight knight = new Knight(), class spoon.support.reflect.code.CtLocalVariableImpl
class spoon.support.reflect.code.CtConstructorCallImpl
statement is: ArrayList<String> conversation = knight.getConversation(), class spoon.support.reflect.code.CtLocalVariableImpl
class spoon.support.reflect.code.CtInvocationImpl
invocation is: knight.getConversation() target is: knight method is: getConversation()
source statement: src.Knight()V callee: VariableReference: Statement 1, type src.Knightindex is: 1
Matched Method is: getConversation()Ljava/util/ArrayList;
statement is: conversation.add("I am a brave knight, ready to face any challenge."), class spoon.support.reflect.code.CtInvocationImpl
invocation is: conversation.add("I am a brave knight, ready to face any challenge.") target is: conversation method is: add(java.lang.String)
source statement: getConversation()Ljava/util/ArrayList; callee: VariableReference: Statement 2, type java.util.ArrayList<java.lang.String>index is: 2
Matched Method is: add(Ljava/lang/Object;)Z
statement is: battle.magyar(conversation), class spoon.support.reflect.code.CtInvocationImpl
invocation is: battle.magyar(conversation) target is: battle method is: magyar(ArrayList)
source statement: src.Battle()V callee: VariableReference: Statement 0, type src.Battleindex is: 0
Matched Method is: magyar(Ljava/util/Collection;)V
TestCase is: Battle battle = new Battle();
Knight knight = new Knight();
ArrayList<String> conversation = knight.getConversation();
String string = "I am a brave knight, ready to face any challenge.";
conversation.add(string);
battle.magyar(conversation);

statement is: src.Battle()V type is: class org.evosuite.testcase.statements.ConstructorStatement return type class src.Battle
statement code is: Battle battle = new Battle()
statement is: java.util.ArrayList()V type is: class org.evosuite.testcase.statements.ConstructorStatement return type java.util.ArrayList<src.Fiefdoms>
statement code is: ArrayList<Fiefdoms> arrayList = new ArrayList<Fiefdoms>()
statement is: src.Fiefdoms()V type is: class org.evosuite.testcase.statements.ConstructorStatement return type class src.Fiefdoms
statement code is: Fiefdoms fiefdoms = new Fiefdoms()
statement is: add(Ljava/lang/Object;)Z type is: class org.evosuite.testcase.statements.MethodStatement return type boolean
statement code is: boolean add = arrayList.add(arg0)
statement is: muslim(Ljava/util/Collection;)V type is: class org.evosuite.testcase.statements.MethodStatement return type void
statement code is: battle.muslim(arg0)
test data is: Battle battle = new Battle();
ArrayList<Fiefdoms> arrayList = new ArrayList<Fiefdoms>();
Fiefdoms fiefdoms = new Fiefdoms();
arrayList.add(fiefdoms);
battle.muslim(arrayList);

** It was a parseable test case! 
Improved test data is: class DummyClass {
    public static void main() {
        Battle battle = new Battle();
        ArrayList<Fiefdoms> arrayList = new ArrayList<Fiefdoms>();
        Fiefdoms fiefdoms1 = new Fiefdoms("Muslim Empire", 50);
        Fiefdoms fiefdoms2 = new Fiefdoms("Khanate of the Golden Horde", 30);
        arrayList.add(fiefdoms1);
        arrayList.add(fiefdoms2);
        battle.muslim(arrayList);
    }
}
statement is: Battle battle = new Battle(), class spoon.support.reflect.code.CtLocalVariableImpl
class spoon.support.reflect.code.CtConstructorCallImpl
statement is: ArrayList<Fiefdoms> arrayList = new ArrayList<Fiefdoms>(), class spoon.support.reflect.code.CtLocalVariableImpl
class spoon.support.reflect.code.CtConstructorCallImpl
statement is: Fiefdoms fiefdoms1 = new Fiefdoms("Muslim Empire", 50), class spoon.support.reflect.code.CtLocalVariableImpl
class spoon.support.reflect.code.CtConstructorCallImpl
statement is: Fiefdoms fiefdoms2 = new Fiefdoms("Khanate of the Golden Horde", 30), class spoon.support.reflect.code.CtLocalVariableImpl
class spoon.support.reflect.code.CtConstructorCallImpl
statement is: arrayList.add(fiefdoms1), class spoon.support.reflect.code.CtInvocationImpl
invocation is: arrayList.add(fiefdoms1) target is: arrayList method is: add(Fiefdoms)
source statement: java.util.ArrayList()V callee: VariableReference: Statement 1, type java.util.ArrayList<src.Fiefdoms>index is: 1
Matched Method is: add(Ljava/lang/Object;)Z
i 0 Parameters size() 0 Num of Method Parameters: 1
statement is: arrayList.add(fiefdoms2), class spoon.support.reflect.code.CtInvocationImpl
invocation is: arrayList.add(fiefdoms2) target is: arrayList method is: add(Fiefdoms)
source statement: java.util.ArrayList()V callee: VariableReference: Statement 1, type java.util.ArrayList<src.Fiefdoms>index is: 1
Matched Method is: add(Ljava/lang/Object;)Z
i 0 Parameters size() 0 Num of Method Parameters: 1
statement is: battle.muslim(arrayList), class spoon.support.reflect.code.CtInvocationImpl
invocation is: battle.muslim(arrayList) target is: battle method is: muslim(ArrayList)
source statement: src.Battle()V callee: VariableReference: Statement 0, type src.Battleindex is: 0
Matched Method is: muslim(Ljava/util/Collection;)V
TestCase is: Battle battle = new Battle();
ArrayList<Fiefdoms> arrayList = new ArrayList<Fiefdoms>();
Fiefdoms fiefdoms = null;
arrayList.add(fiefdoms);
Fiefdoms fiefdoms = null;
arrayList.add(fiefdoms);
battle.muslim(arrayList);

statement is: src.Battle()V type is: class org.evosuite.testcase.statements.ConstructorStatement return type class src.Battle
statement code is: Battle battle = new Battle()
statement is: java.util.LinkedList()V type is: class org.evosuite.testcase.statements.ConstructorStatement return type java.util.LinkedList<src.Fiefdoms>
statement code is: LinkedList<Fiefdoms> linkedList = new LinkedList<Fiefdoms>()
statement is: src.Fiefdoms()V type is: class org.evosuite.testcase.statements.ConstructorStatement return type class src.Fiefdoms
statement code is: Fiefdoms fiefdoms = new Fiefdoms()
statement is: add(Ljava/lang/Object;)Z type is: class org.evosuite.testcase.statements.MethodStatement return type boolean
statement code is: boolean add = linkedList.add(arg0)
statement is: peasant(Ljava/util/Collection;)V type is: class org.evosuite.testcase.statements.MethodStatement return type void
statement code is: battle.peasant(arg0)
test data is: Battle battle = new Battle();
LinkedList<Fiefdoms> linkedList = new LinkedList<Fiefdoms>();
Fiefdoms fiefdoms = new Fiefdoms();
linkedList.add(fiefdoms);
battle.peasant(linkedList);

** It was a parseable test case! 
Improved test data is: class DummyClass {
    public static void main() {
        Battle battle = new Battle();
        LinkedList<Fiefdoms> linkedList = new LinkedList<Fiefdoms>();
        Fiefdoms fiefdoms = new Fiefdoms();
        fiefdoms.setName("Winterfell");
        fiefdoms.setLocation(new Location(51.78, -3.9));
        linkedList.add(fiefdoms);
        battle.peasant(linkedList);
    }
}
statement is: Battle battle = new Battle(), class spoon.support.reflect.code.CtLocalVariableImpl
class spoon.support.reflect.code.CtConstructorCallImpl
statement is: LinkedList<Fiefdoms> linkedList = new LinkedList<Fiefdoms>(), class spoon.support.reflect.code.CtLocalVariableImpl
class spoon.support.reflect.code.CtConstructorCallImpl
statement is: Fiefdoms fiefdoms = new Fiefdoms(), class spoon.support.reflect.code.CtLocalVariableImpl
class spoon.support.reflect.code.CtConstructorCallImpl
statement is: fiefdoms.setName("Winterfell"), class spoon.support.reflect.code.CtInvocationImpl
invocation is: fiefdoms.setName("Winterfell") target is: fiefdoms method is: setName(java.lang.String)
statement is: fiefdoms.setLocation(new Location(51.78, -3.9)), class spoon.support.reflect.code.CtInvocationImpl
invocation is: fiefdoms.setLocation(new Location(51.78, -3.9)) target is: fiefdoms method is: setLocation(Location)
statement is: linkedList.add(fiefdoms), class spoon.support.reflect.code.CtInvocationImpl
invocation is: linkedList.add(fiefdoms) target is: linkedList method is: add(Fiefdoms)
source statement: java.util.LinkedList()V callee: VariableReference: Statement 1, type java.util.LinkedList<src.Fiefdoms>index is: 1
Matched Method is: add(Ljava/lang/Object;)Z
statement is: battle.peasant(linkedList), class spoon.support.reflect.code.CtInvocationImpl
invocation is: battle.peasant(linkedList) target is: battle method is: peasant(LinkedList)
source statement: src.Battle()V callee: VariableReference: Statement 0, type src.Battleindex is: 0
Matched Method is: peasant(Ljava/util/Collection;)V
TestCase is: Battle battle = new Battle();
LinkedList<Fiefdoms> linkedList = new LinkedList<Fiefdoms>();
Fiefdoms fiefdoms = new Fiefdoms();
linkedList.add(fiefdoms);
battle.peasant(linkedList);

statement is: src.Battle()V type is: class org.evosuite.testcase.statements.ConstructorStatement return type class src.Battle
statement code is: Battle battle = new Battle()
statement is: java.util.LinkedList()V type is: class org.evosuite.testcase.statements.ConstructorStatement return type java.util.LinkedList<src.Fiefdoms>
statement code is: LinkedList<Fiefdoms> linkedList = new LinkedList<Fiefdoms>()
statement is: offer(Ljava/lang/Object;)Z type is: class org.evosuite.testcase.statements.MethodStatement return type boolean
statement code is: boolean offer = linkedList.offer((Fiefdoms) null)
statement is: vassal(Ljava/util/Collection;)V type is: class org.evosuite.testcase.statements.MethodStatement return type void
statement code is: battle.vassal(arg0)
test data is: Battle battle = new Battle();
LinkedList<Fiefdoms> linkedList = new LinkedList<Fiefdoms>();
linkedList.offer((Fiefdoms) null);
battle.vassal(linkedList);

** It was a parseable test case! 
Improved test data is: class DummyClass {
    public static void main() {
        Battle battle = new Battle();
        LinkedList<Fiefdoms> linkedList = new LinkedList<>();
        linkedList.offer(new Fiefdoms("Castle", 10, true));
        battle.vassal(linkedList);
    }
}
statement is: Battle battle = new Battle(), class spoon.support.reflect.code.CtLocalVariableImpl
class spoon.support.reflect.code.CtConstructorCallImpl
statement is: LinkedList<Fiefdoms> linkedList = new LinkedList<>(), class spoon.support.reflect.code.CtLocalVariableImpl
class spoon.support.reflect.code.CtConstructorCallImpl
statement is: linkedList.offer(new Fiefdoms("Castle", 10, true)), class spoon.support.reflect.code.CtInvocationImpl
invocation is: linkedList.offer(new Fiefdoms("Castle", 10, true)) target is: linkedList method is: offer(Fiefdoms)
source statement: java.util.LinkedList()V callee: VariableReference: Statement 1, type java.util.LinkedList<src.Fiefdoms>index is: 1
Matched Method is: offer(Ljava/lang/Object;)Z
i 0 Parameters size() 0 Num of Method Parameters: 1
statement is: battle.vassal(linkedList), class spoon.support.reflect.code.CtInvocationImpl
invocation is: battle.vassal(linkedList) target is: battle method is: vassal(LinkedList)
source statement: src.Battle()V callee: VariableReference: Statement 0, type src.Battleindex is: 0
Matched Method is: vassal(Ljava/util/Collection;)V
TestCase is: Battle battle = new Battle();
LinkedList<Fiefdoms> linkedList = new LinkedList<Fiefdoms>();
Fiefdoms fiefdoms = null;
linkedList.offer(fiefdoms);
battle.vassal(linkedList);

statement is: src.Battle()V type is: class org.evosuite.testcase.statements.ConstructorStatement return type class src.Battle
statement code is: Battle battle = new Battle()
statement is: java.util.ArrayList()V type is: class org.evosuite.testcase.statements.ConstructorStatement return type java.util.ArrayList<java.lang.Object>
statement code is: ArrayList<Object> arrayList = new ArrayList<Object>()
statement is: src.Fiefdoms()V type is: class org.evosuite.testcase.statements.ConstructorStatement return type class src.Fiefdoms
statement code is: Fiefdoms fiefdoms = new Fiefdoms()
statement is: add(Ljava/lang/Object;)Z type is: class org.evosuite.testcase.statements.MethodStatement return type boolean
statement code is: boolean add = arrayList.add((Object) arg0)
statement is: viking(Ljava/util/Collection;)V type is: class org.evosuite.testcase.statements.MethodStatement return type void
statement code is: battle.viking(arg0)
test data is: Battle battle = new Battle();
ArrayList<Object> arrayList = new ArrayList<Object>();
Fiefdoms fiefdoms = new Fiefdoms();
arrayList.add((Object) fiefdoms);
battle.viking(arrayList);

** It was a parseable test case! 
Improved test data is: class DummyClass {
    public static void main() {
        Battle battle = new Battle();
        ArrayList<Object> arrayList = new ArrayList<>();
        Fiefdoms fiefdoms = new Fiefdoms("North America", 100, 50);
        arrayList.add(((Object) (fiefdoms)));
        battle.viking(arrayList);
    }
}
statement is: Battle battle = new Battle(), class spoon.support.reflect.code.CtLocalVariableImpl
class spoon.support.reflect.code.CtConstructorCallImpl
statement is: ArrayList<Object> arrayList = new ArrayList<>(), class spoon.support.reflect.code.CtLocalVariableImpl
class spoon.support.reflect.code.CtConstructorCallImpl
statement is: Fiefdoms fiefdoms = new Fiefdoms("North America", 100, 50), class spoon.support.reflect.code.CtLocalVariableImpl
class spoon.support.reflect.code.CtConstructorCallImpl
statement is: arrayList.add(((Object) (fiefdoms))), class spoon.support.reflect.code.CtInvocationImpl
invocation is: arrayList.add(((Object) (fiefdoms))) target is: arrayList method is: add(java.lang.Object)
source statement: java.util.ArrayList()V callee: VariableReference: Statement 1, type java.util.ArrayList<java.lang.Object>index is: 1
Matched Method is: add(Ljava/lang/Object;)Z
i 0 Parameters size() 0 Num of Method Parameters: 1
statement is: battle.viking(arrayList), class spoon.support.reflect.code.CtInvocationImpl
invocation is: battle.viking(arrayList) target is: battle method is: viking(ArrayList)
source statement: src.Battle()V callee: VariableReference: Statement 0, type src.Battleindex is: 0
Matched Method is: viking(Ljava/util/Collection;)V
TestCase is: Battle battle = new Battle();
ArrayList<Object> arrayList = new ArrayList<Object>();
Fiefdoms fiefdoms = null;
arrayList.add((Object) fiefdoms);
battle.viking(arrayList);

* test suite isTestSuite: 15
Test 0: 
Battle battle = new Battle();
LinkedList<Object> linkedList = new LinkedList<Object>();
battle.perform(linkedList);
Test 1: 
Battle battle = new Battle();
battle.rollDice(331);
Test 2: 
Battle battle = new Battle();
LinkedList<Fiefdoms> linkedList = new LinkedList<Fiefdoms>();
Fiefdoms fiefdoms = new Fiefdoms();
linkedList.addLast(fiefdoms);
// Undeclared exception!
try { 
  battle.knight(linkedList);
  fail("Expecting exception: NoClassDefFoundError");

} catch(NoClassDefFoundError e) {
   //
   // Could not initialize class src.CurrentPlayers
   //
   verifyException("src.Battle", e);
}

Test 3: 
Battle battle = new Battle();
Knight knight = new Knight();
ArrayList<String> conversation = knight.getConversation();
conversation.add("NN,`b$4u&be$[+;8");
// Undeclared exception!
try { 
  battle.magyar(conversation);
  fail("Expecting exception: NoClassDefFoundError");

} catch(NoClassDefFoundError e) {
   //
   // Could not initialize class src.CurrentPlayers
   //
   verifyException("src.Battle", e);
}

Test 4: 
Battle battle = new Battle();
ArrayList<Fiefdoms> arrayList = new ArrayList<Fiefdoms>();
Fiefdoms fiefdoms = new Fiefdoms();
arrayList.add(fiefdoms);
// Undeclared exception!
try { 
  battle.muslim(arrayList);
  fail("Expecting exception: NoClassDefFoundError");

} catch(NoClassDefFoundError e) {
   //
   // Could not initialize class src.CurrentPlayers
   //
   verifyException("src.Battle", e);
}

Test 5: 
Battle battle = new Battle();
LinkedList<Fiefdoms> linkedList = new LinkedList<Fiefdoms>();
Fiefdoms fiefdoms = new Fiefdoms();
linkedList.add(fiefdoms);
// Undeclared exception!
try { 
  battle.peasant(linkedList);
  fail("Expecting exception: NoClassDefFoundError");

} catch(NoClassDefFoundError e) {
   //
   // Could not initialize class src.CurrentPlayers
   //
   verifyException("src.Battle", e);
}

Test 6: 
Battle battle = new Battle();
LinkedList<Fiefdoms> linkedList = new LinkedList<Fiefdoms>();
linkedList.offer((Fiefdoms) null);
// Undeclared exception!
try { 
  battle.vassal(linkedList);
  fail("Expecting exception: NoClassDefFoundError");

} catch(NoClassDefFoundError e) {
   //
   // Could not initialize class src.CurrentPlayers
   //
   verifyException("src.Battle", e);
}

Test 7: 
Battle battle = new Battle();
ArrayList<Object> arrayList = new ArrayList<Object>();
Fiefdoms fiefdoms = new Fiefdoms();
arrayList.add((Object) fiefdoms);
// Undeclared exception!
try { 
  battle.viking(arrayList);
  fail("Expecting exception: NoClassDefFoundError");

} catch(NoClassDefFoundError e) {
   //
   // Could not initialize class src.CurrentPlayers
   //
   verifyException("src.Battle", e);
}

Test 8: 
Battle battle = new Battle();
LinkedList<Object> linkedList = new LinkedList<Object>();
battle.perform(linkedList);

Test 9: 
Battle battle = new Battle();
LinkedList<Fiefdoms> linkedList = new LinkedList<Fiefdoms>();
linkedList.addLast((Fiefdoms) null);
battle.knight(linkedList);

Test 10: 
Battle battle = new Battle();
Knight knight = new Knight();
ArrayList<String> conversation = knight.getConversation();
conversation.add("I am a brave knight, ready to face any challenge.");
battle.magyar(conversation);

Test 11: 
Battle battle = new Battle();
ArrayList<Fiefdoms> arrayList = new ArrayList<Fiefdoms>();
arrayList.add((Fiefdoms) null);
arrayList.add((Fiefdoms) null);
battle.muslim(arrayList);

Test 12: 
Battle battle = new Battle();
LinkedList<Fiefdoms> linkedList = new LinkedList<Fiefdoms>();
Fiefdoms fiefdoms = new Fiefdoms();
linkedList.add(fiefdoms);
battle.peasant(linkedList);

Test 13: 
Battle battle = new Battle();
LinkedList<Fiefdoms> linkedList = new LinkedList<Fiefdoms>();
linkedList.offer((Fiefdoms) null);
battle.vassal(linkedList);

Test 14: 
Battle battle = new Battle();
ArrayList<Object> arrayList = new ArrayList<Object>();
arrayList.add((Object) null);
battle.viking(arrayList);


* Generated after the refinement and before minimization 15 tests with total length 64
* test suite isTestSuite: 15
Test 0: 
Battle battle = new Battle();
LinkedList<Object> linkedList = new LinkedList<Object>();
battle.perform(linkedList);
Test 1: 
Battle battle = new Battle();
battle.rollDice(331);
Test 2: 
Battle battle = new Battle();
LinkedList<Fiefdoms> linkedList = new LinkedList<Fiefdoms>();
Fiefdoms fiefdoms = new Fiefdoms();
linkedList.addLast(fiefdoms);
// Undeclared exception!
try { 
  battle.knight(linkedList);
  fail("Expecting exception: NoClassDefFoundError");

} catch(NoClassDefFoundError e) {
   //
   // Could not initialize class src.CurrentPlayers
   //
   verifyException("src.Battle", e);
}

Test 3: 
Battle battle = new Battle();
Knight knight = new Knight();
ArrayList<String> conversation = knight.getConversation();
conversation.add("NN,`b$4u&be$[+;8");
// Undeclared exception!
try { 
  battle.magyar(conversation);
  fail("Expecting exception: NoClassDefFoundError");

} catch(NoClassDefFoundError e) {
   //
   // Could not initialize class src.CurrentPlayers
   //
   verifyException("src.Battle", e);
}

Test 4: 
Battle battle = new Battle();
ArrayList<Fiefdoms> arrayList = new ArrayList<Fiefdoms>();
Fiefdoms fiefdoms = new Fiefdoms();
arrayList.add(fiefdoms);
// Undeclared exception!
try { 
  battle.muslim(arrayList);
  fail("Expecting exception: NoClassDefFoundError");

} catch(NoClassDefFoundError e) {
   //
   // Could not initialize class src.CurrentPlayers
   //
   verifyException("src.Battle", e);
}

Test 5: 
Battle battle = new Battle();
LinkedList<Fiefdoms> linkedList = new LinkedList<Fiefdoms>();
Fiefdoms fiefdoms = new Fiefdoms();
linkedList.add(fiefdoms);
// Undeclared exception!
try { 
  battle.peasant(linkedList);
  fail("Expecting exception: NoClassDefFoundError");

} catch(NoClassDefFoundError e) {
   //
   // Could not initialize class src.CurrentPlayers
   //
   verifyException("src.Battle", e);
}

Test 6: 
Battle battle = new Battle();
LinkedList<Fiefdoms> linkedList = new LinkedList<Fiefdoms>();
linkedList.offer((Fiefdoms) null);
// Undeclared exception!
try { 
  battle.vassal(linkedList);
  fail("Expecting exception: NoClassDefFoundError");

} catch(NoClassDefFoundError e) {
   //
   // Could not initialize class src.CurrentPlayers
   //
   verifyException("src.Battle", e);
}

Test 7: 
Battle battle = new Battle();
ArrayList<Object> arrayList = new ArrayList<Object>();
Fiefdoms fiefdoms = new Fiefdoms();
arrayList.add((Object) fiefdoms);
// Undeclared exception!
try { 
  battle.viking(arrayList);
  fail("Expecting exception: NoClassDefFoundError");

} catch(NoClassDefFoundError e) {
   //
   // Could not initialize class src.CurrentPlayers
   //
   verifyException("src.Battle", e);
}

Test 8: 
Battle battle = new Battle();
LinkedList<Object> linkedList = new LinkedList<Object>();
battle.perform(linkedList);

Test 9: 
Battle battle = new Battle();
LinkedList<Fiefdoms> linkedList = new LinkedList<Fiefdoms>();
linkedList.addLast((Fiefdoms) null);
battle.knight(linkedList);

Test 10: 
Battle battle = new Battle();
Knight knight = new Knight();
ArrayList<String> conversation = knight.getConversation();
conversation.add("I am a brave knight, ready to face any challenge.");
battle.magyar(conversation);

Test 11: 
Battle battle = new Battle();
ArrayList<Fiefdoms> arrayList = new ArrayList<Fiefdoms>();
arrayList.add((Fiefdoms) null);
arrayList.add((Fiefdoms) null);
battle.muslim(arrayList);

Test 12: 
Battle battle = new Battle();
LinkedList<Fiefdoms> linkedList = new LinkedList<Fiefdoms>();
Fiefdoms fiefdoms = new Fiefdoms();
linkedList.add(fiefdoms);
battle.peasant(linkedList);

Test 13: 
Battle battle = new Battle();
LinkedList<Fiefdoms> linkedList = new LinkedList<Fiefdoms>();
linkedList.offer((Fiefdoms) null);
battle.vassal(linkedList);

Test 14: 
Battle battle = new Battle();
ArrayList<Object> arrayList = new ArrayList<Object>();
arrayList.add((Object) null);
battle.viking(arrayList);


* Minimizing test suite
* test suite isTestSuite: 8
Test 0: 
Battle battle = new Battle();
LinkedList<Object> linkedList = new LinkedList<Object>();
battle.perform(linkedList);
Test 1: 
Battle battle = new Battle();
battle.rollDice(331);
Test 2: 
Battle battle = new Battle();
LinkedList<Fiefdoms> linkedList = new LinkedList<Fiefdoms>();
linkedList.addLast((Fiefdoms) null);
// Undeclared exception!
try { 
  battle.knight(linkedList);
  fail("Expecting exception: NoClassDefFoundError");

} catch(NoClassDefFoundError e) {
   //
   // Could not initialize class src.CurrentPlayers
   //
   verifyException("src.Battle", e);
}

Test 3: 
Battle battle = new Battle();
Knight knight = new Knight();
ArrayList<String> conversation = knight.getConversation();
conversation.add("I am a brave knight, ready to face any challenge.");
// Undeclared exception!
try { 
  battle.magyar(conversation);
  fail("Expecting exception: NoClassDefFoundError");

} catch(NoClassDefFoundError e) {
   //
   // Could not initialize class src.CurrentPlayers
   //
   verifyException("src.Battle", e);
}

Test 4: 
Battle battle = new Battle();
ArrayList<Fiefdoms> arrayList = new ArrayList<Fiefdoms>();
Fiefdoms fiefdoms = new Fiefdoms();
arrayList.add(fiefdoms);
// Undeclared exception!
try { 
  battle.muslim(arrayList);
  fail("Expecting exception: NoClassDefFoundError");

} catch(NoClassDefFoundError e) {
   //
   // Could not initialize class src.CurrentPlayers
   //
   verifyException("src.Battle", e);
}

Test 5: 
Battle battle = new Battle();
LinkedList<Fiefdoms> linkedList = new LinkedList<Fiefdoms>();
Fiefdoms fiefdoms = new Fiefdoms();
linkedList.add(fiefdoms);
// Undeclared exception!
try { 
  battle.peasant(linkedList);
  fail("Expecting exception: NoClassDefFoundError");

} catch(NoClassDefFoundError e) {
   //
   // Could not initialize class src.CurrentPlayers
   //
   verifyException("src.Battle", e);
}

Test 6: 
Battle battle = new Battle();
LinkedList<Fiefdoms> linkedList = new LinkedList<Fiefdoms>();
linkedList.offer((Fiefdoms) null);
// Undeclared exception!
try { 
  battle.vassal(linkedList);
  fail("Expecting exception: NoClassDefFoundError");

} catch(NoClassDefFoundError e) {
   //
   // Could not initialize class src.CurrentPlayers
   //
   verifyException("src.Battle", e);
}

Test 7: 
Battle battle = new Battle();
ArrayList<Object> arrayList = new ArrayList<Object>();
arrayList.add((Object) null);
// Undeclared exception!
try { 
  battle.viking(arrayList);
  fail("Expecting exception: NoClassDefFoundError");

} catch(NoClassDefFoundError e) {
   //
   // Could not initialize class src.CurrentPlayers
   //
   verifyException("src.Battle", e);
}


* Going to analyze the coverage criteria
* Coverage analysis for criterion BRANCH
* Coverage of criterion BRANCH: 1%
* Total number of goals: 788
* Number of covered goals: 4
* Coverage analysis for criterion LINE
* Coverage of criterion LINE: 6%
* Total number of goals: 730
* Number of covered goals: 44
* Coverage analysis for criterion OUTPUT
* Coverage of criterion OUTPUT: 33%
* Total number of goals: 3
* Number of covered goals: 1
* Coverage analysis for criterion METHOD
* Coverage of criterion METHOD: 100%
* Total number of goals: 9
* Number of covered goals: 9
* Coverage analysis for criterion CBRANCH
* Coverage of criterion CBRANCH: 1%
* Total number of goals: 788
* Number of covered goals: 4
* Generated 8 tests with total length 32
* Resulting test suite's coverage: 15% (average coverage for all fitness functions)
* Generating assertions
* Resulting test suite's mutation score: 13%
* Compiling and checking tests
Going to execute: removeTestsThatDoNotCompile
* Compiling Tests
** Write a test suite: 0 called: 0 to improve: false
* Compiling Tests
** Write a test suite: 0 called: 0 to improve: true
** Improve Understandability: ** Test Code is: Battle battle = new Battle();
LinkedList<Object> arg0 = new LinkedList<Object>();
battle.perform(arg0);
assertEquals(0, arg0.size());


** It was a parseable test case! 
refined test name is: testPerformMethodWithEmptyListArgument
* Compiling Tests
** Write a test suite: 0 called: 0 to improve: false
* Compiling Tests
** Write a test suite: 0 called: 0 to improve: true
** Improve Understandability: ** Test Code is: Battle battle = new Battle();
int[] rollDice = battle.rollDice(331);
assertArrayEquals(new int[] {331, 0, 0, 0, 0, 0}, rollDice);


** It was a parseable test case! 
refined test name is: testRollingDiceReturnsCorrectArraySizeAndValues
* Compiling Tests
refined test name is: testRollDiceWithValidNumberOfDice
* Compiling Tests
** Write a test suite: 0 called: 0 to improve: false
* Compiling Tests
** Write a test suite: 0 called: 0 to improve: true
** Improve Understandability: ** Test Code is: Battle battle = new Battle();
LinkedList<Fiefdoms> arg0 = new LinkedList<Fiefdoms>();
arg0.addLast((Fiefdoms) null);
// Undeclared exception!
try { 
  battle.knight(arg0);
  fail("Expecting exception: NoClassDefFoundError");

} catch(NoClassDefFoundError e) {
   //
   // Could not initialize class src.CurrentPlayers
   //
   verifyException("src.Battle", e);
}


** It was a parseable test case! 
refined test name is: testKnightThrowsNoClassDefFoundError
* Compiling Tests
** Write a test suite: 0 called: 0 to improve: false
* Compiling Tests
** Write a test suite: 0 called: 0 to improve: true
** Improve Understandability: ** Test Code is: Battle battle = new Battle();
Knight knight = new Knight();
ArrayList<String> arg0 = knight.getConversation();
arg0.add("I am a brave knight, ready to face any challenge.");
// Undeclared exception!
try { 
  battle.magyar(arg0);
  fail("Expecting exception: NoClassDefFoundError");

} catch(NoClassDefFoundError e) {
   //
   // Could not initialize class src.CurrentPlayers
   //
   verifyException("src.Battle", e);
}


** It was a parseable test case! 
refined test name is: testBattleMagyarThrowsNoClassDefFoundError
* Compiling Tests
** Write a test suite: 0 called: 0 to improve: false
* Compiling Tests
** Write a test suite: 0 called: 0 to improve: false
* Compiling Tests
** Write a test suite: 0 called: 0 to improve: false
* Compiling Tests
** Write a test suite: 0 called: 0 to improve: true
** Improve Understandability: ** Test Code is: Battle battle = new Battle();
LinkedList<Fiefdoms> arg0 = new LinkedList<Fiefdoms>();
arg0.offer((Fiefdoms) null);
// Undeclared exception!
try { 
  battle.vassal(arg0);
  fail("Expecting exception: NoClassDefFoundError");

} catch(NoClassDefFoundError e) {
   //
   // Could not initialize class src.CurrentPlayers
   //
   verifyException("src.Battle", e);
}


** It was a parseable test case! 
refined test name is: testVassalWithNullElementAtBeginningOfFiefdomsList
* Compiling Tests
** Write a test suite: 0 called: 0 to improve: false
* Compiling Tests
** Write a test suite: 0 called: 0 to improve: true
** Improve Understandability: ** Test Code is: Battle battle = new Battle();
ArrayList<Object> arg0 = new ArrayList<Object>();
arg0.add((Object) null);
// Undeclared exception!
try { 
  battle.viking(arg0);
  fail("Expecting exception: NoClassDefFoundError");

} catch(NoClassDefFoundError e) {
   //
   // Could not initialize class src.CurrentPlayers
   //
   verifyException("src.Battle", e);
}


** It was a parseable test case! 
refined test name is: testVikingThrowsNoClassDefFoundError
Going to execute: handleTestsThatAreUnstable
* Compiling Tests
[MASTER] 00:38:29.679 [logback-1] WARN  AgentLoader - Failed to find EvoSuite jar in current classloader. URLs of classloader:
file:/root/.sdkman/candidates/java/8.0.333.fx-librca/jre/../lib/tools.jar
file:/root/.sdkman/candidates/java/8.0.333.fx-librca/jre/lib/ext/cldrdata.jar
file:/root/.sdkman/candidates/java/8.0.333.fx-librca/jre/lib/ext/sunec.jar
file:/root/.sdkman/candidates/java/8.0.333.fx-librca/jre/lib/ext/localedata.jar
file:/root/.sdkman/candidates/java/8.0.333.fx-librca/jre/lib/ext/jaccess.jar
file:/root/.sdkman/candidates/java/8.0.333.fx-librca/jre/lib/ext/dnsns.jar
file:/root/.sdkman/candidates/java/8.0.333.fx-librca/jre/lib/ext/sunpkcs11.jar
file:/tmp/EvoSuite_pathingJar7125636422843113159.jar
file:/root/.sdkman/candidates/java/8.0.333.fx-librca/jre/lib/ext/zipfs.jar
file:/root/.sdkman/candidates/java/8.0.333.fx-librca/jre/lib/ext/jfxrt.jar
file:/root/.sdkman/candidates/java/8.0.333.fx-librca/jre/lib/ext/sunjce_provider.jar
file:/root/.sdkman/candidates/java/8.0.333.fx-librca/jre/lib/ext/nashorn.jar
[MASTER] 00:38:29.705 [logback-1] WARN  JUnitAnalyzer - Found unstable test named initializationError -> class java.lang.RuntimeException: Cannot find either the compilation target folder nor the EvoSuite jar in classpath: /tmp/EvoSuite_pathingJar7125636422843113159.jar
Going to execute: handleTestsThatAreUnstable
* Compiling Tests
** Write a test suite: 0 called: 0 to improve: false
[MASTER] 00:38:29.793 [logback-1] WARN  AgentLoader - Failed to find EvoSuite jar in current classloader. URLs of classloader:
file:/root/.sdkman/candidates/java/8.0.333.fx-librca/jre/../lib/tools.jar
file:/root/.sdkman/candidates/java/8.0.333.fx-librca/jre/lib/ext/cldrdata.jar
file:/root/.sdkman/candidates/java/8.0.333.fx-librca/jre/lib/ext/sunec.jar
file:/root/.sdkman/candidates/java/8.0.333.fx-librca/jre/lib/ext/localedata.jar
file:/root/.sdkman/candidates/java/8.0.333.fx-librca/jre/lib/ext/jaccess.jar
file:/root/.sdkman/candidates/java/8.0.333.fx-librca/jre/lib/ext/dnsns.jar
file:/root/.sdkman/candidates/java/8.0.333.fx-librca/jre/lib/ext/sunpkcs11.jar
file:/tmp/EvoSuite_pathingJar7125636422843113159.jar
file:/root/.sdkman/candidates/java/8.0.333.fx-librca/jre/lib/ext/zipfs.jar
file:/root/.sdkman/candidates/java/8.0.333.fx-librca/jre/lib/ext/jfxrt.jar
file:/root/.sdkman/candidates/java/8.0.333.fx-librca/jre/lib/ext/sunjce_provider.jar
file:/root/.sdkman/candidates/java/8.0.333.fx-librca/jre/lib/ext/nashorn.jar
[MASTER] 00:38:29.794 [logback-1] WARN  JUnitAnalyzer - Found unstable test named initializationError -> class java.lang.RuntimeException: Cannot find either the compilation target folder nor the EvoSuite jar in classpath: /tmp/EvoSuite_pathingJar7125636422843113159.jar
Going to execute: handleTestsThatAreUnstable
* Compiling Tests
[MASTER] 00:38:29.862 [logback-1] WARN  AgentLoader - Failed to find EvoSuite jar in current classloader. URLs of classloader:
file:/root/.sdkman/candidates/java/8.0.333.fx-librca/jre/../lib/tools.jar
file:/root/.sdkman/candidates/java/8.0.333.fx-librca/jre/lib/ext/cldrdata.jar
file:/root/.sdkman/candidates/java/8.0.333.fx-librca/jre/lib/ext/sunec.jar
file:/root/.sdkman/candidates/java/8.0.333.fx-librca/jre/lib/ext/localedata.jar
file:/root/.sdkman/candidates/java/8.0.333.fx-librca/jre/lib/ext/jaccess.jar
file:/root/.sdkman/candidates/java/8.0.333.fx-librca/jre/lib/ext/dnsns.jar
file:/root/.sdkman/candidates/java/8.0.333.fx-librca/jre/lib/ext/sunpkcs11.jar
file:/tmp/EvoSuite_pathingJar7125636422843113159.jar
file:/root/.sdkman/candidates/java/8.0.333.fx-librca/jre/lib/ext/zipfs.jar
file:/root/.sdkman/candidates/java/8.0.333.fx-librca/jre/lib/ext/jfxrt.jar
file:/root/.sdkman/candidates/java/8.0.333.fx-librca/jre/lib/ext/sunjce_provider.jar
file:/root/.sdkman/candidates/java/8.0.333.fx-librca/jre/lib/ext/nashorn.jar
[MASTER] 00:38:29.864 [logback-1] WARN  JUnitAnalyzer - Found unstable test named initializationError -> class java.lang.RuntimeException: Cannot find either the compilation target folder nor the EvoSuite jar in classpath: /tmp/EvoSuite_pathingJar7125636422843113159.jar
Going to execute: handleTestsThatAreUnstable
* Compiling Tests
Going to execute: handleTestsThatAreUnstable
[MASTER] 00:38:29.945 [logback-1] WARN  AgentLoader - Failed to find EvoSuite jar in current classloader. URLs of classloader:
file:/root/.sdkman/candidates/java/8.0.333.fx-librca/jre/../lib/tools.jar
file:/root/.sdkman/candidates/java/8.0.333.fx-librca/jre/lib/ext/cldrdata.jar
file:/root/.sdkman/candidates/java/8.0.333.fx-librca/jre/lib/ext/sunec.jar
file:/root/.sdkman/candidates/java/8.0.333.fx-librca/jre/lib/ext/localedata.jar
file:/root/.sdkman/candidates/java/8.0.333.fx-librca/jre/lib/ext/jaccess.jar
file:/root/.sdkman/candidates/java/8.0.333.fx-librca/jre/lib/ext/dnsns.jar
file:/root/.sdkman/candidates/java/8.0.333.fx-librca/jre/lib/ext/sunpkcs11.jar
file:/tmp/EvoSuite_pathingJar7125636422843113159.jar
file:/root/.sdkman/candidates/java/8.0.333.fx-librca/jre/lib/ext/zipfs.jar
file:/root/.sdkman/candidates/java/8.0.333.fx-librca/jre/lib/ext/jfxrt.jar
file:/root/.sdkman/candidates/java/8.0.333.fx-librca/jre/lib/ext/sunjce_provider.jar
file:/root/.sdkman/candidates/java/8.0.333.fx-librca/jre/lib/ext/nashorn.jar
[MASTER] 00:38:29.946 [logback-1] WARN  JUnitAnalyzer - Found unstable test named initializationError -> class java.lang.RuntimeException: Cannot find either the compilation target folder nor the EvoSuite jar in classpath: /tmp/EvoSuite_pathingJar7125636422843113159.jar
* Compiling Tests
[MASTER] 00:38:30.037 [logback-1] WARN  AgentLoader - Failed to find EvoSuite jar in current classloader. URLs of classloader:
file:/root/.sdkman/candidates/java/8.0.333.fx-librca/jre/../lib/tools.jar
file:/root/.sdkman/candidates/java/8.0.333.fx-librca/jre/lib/ext/cldrdata.jar
file:/root/.sdkman/candidates/java/8.0.333.fx-librca/jre/lib/ext/sunec.jar
file:/root/.sdkman/candidates/java/8.0.333.fx-librca/jre/lib/ext/localedata.jar
file:/root/.sdkman/candidates/java/8.0.333.fx-librca/jre/lib/ext/jaccess.jar
file:/root/.sdkman/candidates/java/8.0.333.fx-librca/jre/lib/ext/dnsns.jar
file:/root/.sdkman/candidates/java/8.0.333.fx-librca/jre/lib/ext/sunpkcs11.jar
file:/tmp/EvoSuite_pathingJar7125636422843113159.jar
file:/root/.sdkman/candidates/java/8.0.333.fx-librca/jre/lib/ext/zipfs.jar
file:/root/.sdkman/candidates/java/8.0.333.fx-librca/jre/lib/ext/jfxrt.jar
file:/root/.sdkman/candidates/java/8.0.333.fx-librca/jre/lib/ext/sunjce_provider.jar
file:/root/.sdkman/candidates/java/8.0.333.fx-librca/jre/lib/ext/nashorn.jar
[MASTER] 00:38:30.038 [logback-1] WARN  JUnitAnalyzer - Found unstable test named initializationError -> class java.lang.RuntimeException: Cannot find either the compilation target folder nor the EvoSuite jar in classpath: /tmp/EvoSuite_pathingJar7125636422843113159.jar
Going to execute: handleTestsThatAreUnstable
* Compiling Tests
[MASTER] 00:38:30.118 [logback-1] WARN  AgentLoader - Failed to find EvoSuite jar in current classloader. URLs of classloader:
file:/root/.sdkman/candidates/java/8.0.333.fx-librca/jre/../lib/tools.jar
file:/root/.sdkman/candidates/java/8.0.333.fx-librca/jre/lib/ext/cldrdata.jar
file:/root/.sdkman/candidates/java/8.0.333.fx-librca/jre/lib/ext/sunec.jar
file:/root/.sdkman/candidates/java/8.0.333.fx-librca/jre/lib/ext/localedata.jar
file:/root/.sdkman/candidates/java/8.0.333.fx-librca/jre/lib/ext/jaccess.jar
file:/root/.sdkman/candidates/java/8.0.333.fx-librca/jre/lib/ext/dnsns.jar
file:/root/.sdkman/candidates/java/8.0.333.fx-librca/jre/lib/ext/sunpkcs11.jar
file:/tmp/EvoSuite_pathingJar7125636422843113159.jar
file:/root/.sdkman/candidates/java/8.0.333.fx-librca/jre/lib/ext/zipfs.jar
file:/root/.sdkman/candidates/java/8.0.333.fx-librca/jre/lib/ext/jfxrt.jar
file:/root/.sdkman/candidates/java/8.0.333.fx-librca/jre/lib/ext/sunjce_provider.jar
file:/root/.sdkman/candidates/java/8.0.333.fx-librca/jre/lib/ext/nashorn.jar
[MASTER] 00:38:30.119 [logback-1] WARN  JUnitAnalyzer - Found unstable test named initializationError -> class java.lang.RuntimeException: Cannot find either the compilation target folder nor the EvoSuite jar in classpath: /tmp/EvoSuite_pathingJar7125636422843113159.jar
Going to execute: handleTestsThatAreUnstable
* Compiling Tests
** Write a test suite: 1 called: 0 to improve: false
[MASTER] 00:38:30.390 [logback-1] WARN  AgentLoader - Failed to find EvoSuite jar in current classloader. URLs of classloader:
file:/root/.sdkman/candidates/java/8.0.333.fx-librca/jre/../lib/tools.jar
file:/root/.sdkman/candidates/java/8.0.333.fx-librca/jre/lib/ext/cldrdata.jar
file:/root/.sdkman/candidates/java/8.0.333.fx-librca/jre/lib/ext/sunec.jar
file:/root/.sdkman/candidates/java/8.0.333.fx-librca/jre/lib/ext/localedata.jar
file:/root/.sdkman/candidates/java/8.0.333.fx-librca/jre/lib/ext/jaccess.jar
file:/root/.sdkman/candidates/java/8.0.333.fx-librca/jre/lib/ext/dnsns.jar
file:/root/.sdkman/candidates/java/8.0.333.fx-librca/jre/lib/ext/sunpkcs11.jar
file:/tmp/EvoSuite_pathingJar7125636422843113159.jar
file:/root/.sdkman/candidates/java/8.0.333.fx-librca/jre/lib/ext/zipfs.jar
file:/root/.sdkman/candidates/java/8.0.333.fx-librca/jre/lib/ext/jfxrt.jar
file:/root/.sdkman/candidates/java/8.0.333.fx-librca/jre/lib/ext/sunjce_provider.jar
file:/root/.sdkman/candidates/java/8.0.333.fx-librca/jre/lib/ext/nashorn.jar
[MASTER] 00:38:30.393 [logback-1] WARN  JUnitAnalyzer - Found unstable test named initializationError -> class java.lang.RuntimeException: Cannot find either the compilation target folder nor the EvoSuite jar in classpath: /tmp/EvoSuite_pathingJar7125636422843113159.jar
Going to execute: handleTestsThatAreUnstable
* Compiling Tests
** Write a test suite: 4 called: 0 to improve: false
[MASTER] 00:38:30.690 [logback-1] WARN  AgentLoader - Failed to find EvoSuite jar in current classloader. URLs of classloader:
file:/root/.sdkman/candidates/java/8.0.333.fx-librca/jre/../lib/tools.jar
file:/root/.sdkman/candidates/java/8.0.333.fx-librca/jre/lib/ext/cldrdata.jar
file:/root/.sdkman/candidates/java/8.0.333.fx-librca/jre/lib/ext/sunec.jar
file:/root/.sdkman/candidates/java/8.0.333.fx-librca/jre/lib/ext/localedata.jar
file:/root/.sdkman/candidates/java/8.0.333.fx-librca/jre/lib/ext/jaccess.jar
file:/root/.sdkman/candidates/java/8.0.333.fx-librca/jre/lib/ext/dnsns.jar
file:/root/.sdkman/candidates/java/8.0.333.fx-librca/jre/lib/ext/sunpkcs11.jar
file:/tmp/EvoSuite_pathingJar7125636422843113159.jar
file:/root/.sdkman/candidates/java/8.0.333.fx-librca/jre/lib/ext/zipfs.jar
file:/root/.sdkman/candidates/java/8.0.333.fx-librca/jre/lib/ext/jfxrt.jar
file:/root/.sdkman/candidates/java/8.0.333.fx-librca/jre/lib/ext/sunjce_provider.jar
file:/root/.sdkman/candidates/java/8.0.333.fx-librca/jre/lib/ext/nashorn.jar
[MASTER] 00:38:30.692 [logback-1] WARN  JUnitAnalyzer - Found unstable test named initializationError -> class java.lang.RuntimeException: Cannot find either the compilation target folder nor the EvoSuite jar in classpath: /tmp/EvoSuite_pathingJar7125636422843113159.jar
[MASTER] 00:38:30.868 [logback-1] WARN  TimeController - Already entered in phase: INLINING. This will mess up the timing calculations.
* test suite isTestSuite: 8
Test 0: 
Battle battle = new Battle();
LinkedList<Object> linkedList = new LinkedList<Object>();
battle.perform(linkedList);
Test 1: 
Battle battle = new Battle();
battle.rollDice(331);
Test 2: 
Battle battle = new Battle();
LinkedList<Fiefdoms> linkedList = new LinkedList<Fiefdoms>();
Fiefdoms fiefdoms = new Fiefdoms();
linkedList.addLast(fiefdoms);
// Undeclared exception!
try { 
  battle.knight(linkedList);
  fail("Expecting exception: NoClassDefFoundError");

} catch(NoClassDefFoundError e) {
   //
   // Could not initialize class src.CurrentPlayers
   //
   verifyException("src.Battle", e);
}

Test 3: 
Battle battle = new Battle();
Knight knight = new Knight();
ArrayList<String> conversation = knight.getConversation();
conversation.add("NN,`b$4u&be$[+;8");
// Undeclared exception!
try { 
  battle.magyar(conversation);
  fail("Expecting exception: NoClassDefFoundError");

} catch(NoClassDefFoundError e) {
   //
   // Could not initialize class src.CurrentPlayers
   //
   verifyException("src.Battle", e);
}

Test 4: 
Battle battle = new Battle();
ArrayList<Fiefdoms> arrayList = new ArrayList<Fiefdoms>();
Fiefdoms fiefdoms = new Fiefdoms();
arrayList.add(fiefdoms);
// Undeclared exception!
try { 
  battle.muslim(arrayList);
  fail("Expecting exception: NoClassDefFoundError");

} catch(NoClassDefFoundError e) {
   //
   // Could not initialize class src.CurrentPlayers
   //
   verifyException("src.Battle", e);
}

Test 5: 
Battle battle = new Battle();
LinkedList<Fiefdoms> linkedList = new LinkedList<Fiefdoms>();
Fiefdoms fiefdoms = new Fiefdoms();
linkedList.add(fiefdoms);
// Undeclared exception!
try { 
  battle.peasant(linkedList);
  fail("Expecting exception: NoClassDefFoundError");

} catch(NoClassDefFoundError e) {
   //
   // Could not initialize class src.CurrentPlayers
   //
   verifyException("src.Battle", e);
}

Test 6: 
Battle battle = new Battle();
LinkedList<Fiefdoms> linkedList = new LinkedList<Fiefdoms>();
linkedList.offer((Fiefdoms) null);
// Undeclared exception!
try { 
  battle.vassal(linkedList);
  fail("Expecting exception: NoClassDefFoundError");

} catch(NoClassDefFoundError e) {
   //
   // Could not initialize class src.CurrentPlayers
   //
   verifyException("src.Battle", e);
}

Test 7: 
Battle battle = new Battle();
ArrayList<Object> arrayList = new ArrayList<Object>();
Fiefdoms fiefdoms = new Fiefdoms();
arrayList.add((Object) fiefdoms);
// Undeclared exception!
try { 
  battle.viking(arrayList);
  fail("Expecting exception: NoClassDefFoundError");

} catch(NoClassDefFoundError e) {
   //
   // Could not initialize class src.CurrentPlayers
   //
   verifyException("src.Battle", e);
}


* Minimizing test suite
* test suite isTestSuite: 8
Test 0: 
Battle battle = new Battle();
LinkedList<Object> linkedList = new LinkedList<Object>();
battle.perform(linkedList);
Test 1: 
Battle battle = new Battle();
battle.rollDice(331);
Test 2: 
Battle battle = new Battle();
LinkedList<Fiefdoms> linkedList = new LinkedList<Fiefdoms>();
Fiefdoms fiefdoms = new Fiefdoms();
linkedList.addLast(fiefdoms);
// Undeclared exception!
try { 
  battle.knight(linkedList);
  fail("Expecting exception: NoClassDefFoundError");

} catch(NoClassDefFoundError e) {
   //
   // Could not initialize class src.CurrentPlayers
   //
   verifyException("src.Battle", e);
}

Test 3: 
Battle battle = new Battle();
Knight knight = new Knight();
ArrayList<String> conversation = knight.getConversation();
conversation.add("NN,`b$4u&be$[+;8");
// Undeclared exception!
try { 
  battle.magyar(conversation);
  fail("Expecting exception: NoClassDefFoundError");

} catch(NoClassDefFoundError e) {
   //
   // Could not initialize class src.CurrentPlayers
   //
   verifyException("src.Battle", e);
}

Test 4: 
Battle battle = new Battle();
ArrayList<Fiefdoms> arrayList = new ArrayList<Fiefdoms>();
Fiefdoms fiefdoms = new Fiefdoms();
arrayList.add(fiefdoms);
// Undeclared exception!
try { 
  battle.muslim(arrayList);
  fail("Expecting exception: NoClassDefFoundError");

} catch(NoClassDefFoundError e) {
   //
   // Could not initialize class src.CurrentPlayers
   //
   verifyException("src.Battle", e);
}

Test 5: 
Battle battle = new Battle();
LinkedList<Fiefdoms> linkedList = new LinkedList<Fiefdoms>();
Fiefdoms fiefdoms = new Fiefdoms();
linkedList.add(fiefdoms);
// Undeclared exception!
try { 
  battle.peasant(linkedList);
  fail("Expecting exception: NoClassDefFoundError");

} catch(NoClassDefFoundError e) {
   //
   // Could not initialize class src.CurrentPlayers
   //
   verifyException("src.Battle", e);
}

Test 6: 
Battle battle = new Battle();
LinkedList<Fiefdoms> linkedList = new LinkedList<Fiefdoms>();
linkedList.offer((Fiefdoms) null);
// Undeclared exception!
try { 
  battle.vassal(linkedList);
  fail("Expecting exception: NoClassDefFoundError");

} catch(NoClassDefFoundError e) {
   //
   // Could not initialize class src.CurrentPlayers
   //
   verifyException("src.Battle", e);
}

Test 7: 
Battle battle = new Battle();
ArrayList<Object> arrayList = new ArrayList<Object>();
Fiefdoms fiefdoms = new Fiefdoms();
arrayList.add((Object) fiefdoms);
// Undeclared exception!
try { 
  battle.viking(arrayList);
  fail("Expecting exception: NoClassDefFoundError");

} catch(NoClassDefFoundError e) {
   //
   // Could not initialize class src.CurrentPlayers
   //
   verifyException("src.Battle", e);
}


[MASTER] 00:38:36.031 [logback-1] WARN  TimeController - Already entered in phase: MINIMIZATION. This will mess up the timing calculations.
* Going to analyze the coverage criteria
* Coverage analysis for criterion BRANCH
* Coverage of criterion BRANCH: 1%
* Total number of goals: 788
* Number of covered goals: 4
* Coverage analysis for criterion LINE
* Coverage of criterion LINE: 6%
* Total number of goals: 730
* Number of covered goals: 44
* Coverage analysis for criterion OUTPUT
* Coverage of criterion OUTPUT: 33%
* Total number of goals: 3
* Number of covered goals: 1
* Coverage analysis for criterion METHOD
* Coverage of criterion METHOD: 100%
* Total number of goals: 9
* Number of covered goals: 9
* Coverage analysis for criterion CBRANCH
* Coverage of criterion CBRANCH: 1%
* Total number of goals: 788
* Number of covered goals: 4
* Generated 8 tests with total length 34
* Resulting test suite's coverage: 15% (average coverage for all fitness functions)
* Generating assertions
[MASTER] 00:38:36.274 [logback-1] WARN  TimeController - Already entered in phase: COVERAGE_ANALYSIS. This will mess up the timing calculations.
* Resulting test suite's mutation score: 13%
* Compiling and checking tests
[MASTER] 00:38:40.483 [logback-1] WARN  TimeController - Already entered in phase: ASSERTION_GENERATION. This will mess up the timing calculations.
Going to execute: removeTestsThatDoNotCompile
* Compiling Tests
** Write a test suite: 0 called: 0 to improve: false
* Compiling Tests
** Write a test suite: 0 called: 0 to improve: false
* Compiling Tests
** Write a test suite: 0 called: 0 to improve: false
* Compiling Tests
** Write a test suite: 0 called: 0 to improve: false
* Compiling Tests
** Write a test suite: 0 called: 0 to improve: false
* Compiling Tests
** Write a test suite: 0 called: 0 to improve: false
* Compiling Tests
** Write a test suite: 0 called: 0 to improve: false
* Compiling Tests
** Write a test suite: 0 called: 0 to improve: false
Going to execute: handleTestsThatAreUnstable
* Compiling Tests
** Write a test suite: 0 called: 0 to improve: false
[MASTER] 00:38:41.515 [logback-1] WARN  AgentLoader - Failed to find EvoSuite jar in current classloader. URLs of classloader:
file:/root/.sdkman/candidates/java/8.0.333.fx-librca/jre/../lib/tools.jar
file:/root/.sdkman/candidates/java/8.0.333.fx-librca/jre/lib/ext/cldrdata.jar
file:/root/.sdkman/candidates/java/8.0.333.fx-librca/jre/lib/ext/sunec.jar
file:/root/.sdkman/candidates/java/8.0.333.fx-librca/jre/lib/ext/localedata.jar
file:/root/.sdkman/candidates/java/8.0.333.fx-librca/jre/lib/ext/jaccess.jar
file:/root/.sdkman/candidates/java/8.0.333.fx-librca/jre/lib/ext/dnsns.jar
file:/root/.sdkman/candidates/java/8.0.333.fx-librca/jre/lib/ext/sunpkcs11.jar
file:/tmp/EvoSuite_pathingJar7125636422843113159.jar
file:/root/.sdkman/candidates/java/8.0.333.fx-librca/jre/lib/ext/zipfs.jar
file:/root/.sdkman/candidates/java/8.0.333.fx-librca/jre/lib/ext/jfxrt.jar
file:/root/.sdkman/candidates/java/8.0.333.fx-librca/jre/lib/ext/sunjce_provider.jar
file:/root/.sdkman/candidates/java/8.0.333.fx-librca/jre/lib/ext/nashorn.jar
[MASTER] 00:38:41.516 [logback-1] WARN  JUnitAnalyzer - Found unstable test named initializationError -> class java.lang.RuntimeException: Cannot find either the compilation target folder nor the EvoSuite jar in classpath: /tmp/EvoSuite_pathingJar7125636422843113159.jar
Going to execute: handleTestsThatAreUnstable
* Compiling Tests
** Write a test suite: 0 called: 0 to improve: false
[MASTER] 00:38:41.609 [logback-1] WARN  AgentLoader - Failed to find EvoSuite jar in current classloader. URLs of classloader:
file:/root/.sdkman/candidates/java/8.0.333.fx-librca/jre/../lib/tools.jar
file:/root/.sdkman/candidates/java/8.0.333.fx-librca/jre/lib/ext/cldrdata.jar
file:/root/.sdkman/candidates/java/8.0.333.fx-librca/jre/lib/ext/sunec.jar
file:/root/.sdkman/candidates/java/8.0.333.fx-librca/jre/lib/ext/localedata.jar
file:/root/.sdkman/candidates/java/8.0.333.fx-librca/jre/lib/ext/jaccess.jar
file:/root/.sdkman/candidates/java/8.0.333.fx-librca/jre/lib/ext/dnsns.jar
file:/root/.sdkman/candidates/java/8.0.333.fx-librca/jre/lib/ext/sunpkcs11.jar
file:/tmp/EvoSuite_pathingJar7125636422843113159.jar
file:/root/.sdkman/candidates/java/8.0.333.fx-librca/jre/lib/ext/zipfs.jar
file:/root/.sdkman/candidates/java/8.0.333.fx-librca/jre/lib/ext/jfxrt.jar
file:/root/.sdkman/candidates/java/8.0.333.fx-librca/jre/lib/ext/sunjce_provider.jar
file:/root/.sdkman/candidates/java/8.0.333.fx-librca/jre/lib/ext/nashorn.jar
[MASTER] 00:38:41.612 [logback-1] WARN  JUnitAnalyzer - Found unstable test named initializationError -> class java.lang.RuntimeException: Cannot find either the compilation target folder nor the EvoSuite jar in classpath: /tmp/EvoSuite_pathingJar7125636422843113159.jar
Going to execute: handleTestsThatAreUnstable
* Compiling Tests
** Write a test suite: 0 called: 0 to improve: false
[MASTER] 00:38:41.742 [logback-1] WARN  AgentLoader - Failed to find EvoSuite jar in current classloader. URLs of classloader:
file:/root/.sdkman/candidates/java/8.0.333.fx-librca/jre/../lib/tools.jar
file:/root/.sdkman/candidates/java/8.0.333.fx-librca/jre/lib/ext/cldrdata.jar
file:/root/.sdkman/candidates/java/8.0.333.fx-librca/jre/lib/ext/sunec.jar
file:/root/.sdkman/candidates/java/8.0.333.fx-librca/jre/lib/ext/localedata.jar
file:/root/.sdkman/candidates/java/8.0.333.fx-librca/jre/lib/ext/jaccess.jar
file:/root/.sdkman/candidates/java/8.0.333.fx-librca/jre/lib/ext/dnsns.jar
file:/root/.sdkman/candidates/java/8.0.333.fx-librca/jre/lib/ext/sunpkcs11.jar
file:/tmp/EvoSuite_pathingJar7125636422843113159.jar
file:/root/.sdkman/candidates/java/8.0.333.fx-librca/jre/lib/ext/zipfs.jar
file:/root/.sdkman/candidates/java/8.0.333.fx-librca/jre/lib/ext/jfxrt.jar
file:/root/.sdkman/candidates/java/8.0.333.fx-librca/jre/lib/ext/sunjce_provider.jar
file:/root/.sdkman/candidates/java/8.0.333.fx-librca/jre/lib/ext/nashorn.jar
[MASTER] 00:38:41.746 [logback-1] WARN  JUnitAnalyzer - Found unstable test named initializationError -> class java.lang.RuntimeException: Cannot find either the compilation target folder nor the EvoSuite jar in classpath: /tmp/EvoSuite_pathingJar7125636422843113159.jar
Going to execute: handleTestsThatAreUnstable
* Compiling Tests
** Write a test suite: 0 called: 0 to improve: false
[MASTER] 00:38:41.807 [logback-1] WARN  AgentLoader - Failed to find EvoSuite jar in current classloader. URLs of classloader:
file:/root/.sdkman/candidates/java/8.0.333.fx-librca/jre/../lib/tools.jar
file:/root/.sdkman/candidates/java/8.0.333.fx-librca/jre/lib/ext/cldrdata.jar
file:/root/.sdkman/candidates/java/8.0.333.fx-librca/jre/lib/ext/sunec.jar
file:/root/.sdkman/candidates/java/8.0.333.fx-librca/jre/lib/ext/localedata.jar
file:/root/.sdkman/candidates/java/8.0.333.fx-librca/jre/lib/ext/jaccess.jar
file:/root/.sdkman/candidates/java/8.0.333.fx-librca/jre/lib/ext/dnsns.jar
file:/root/.sdkman/candidates/java/8.0.333.fx-librca/jre/lib/ext/sunpkcs11.jar
file:/tmp/EvoSuite_pathingJar7125636422843113159.jar
file:/root/.sdkman/candidates/java/8.0.333.fx-librca/jre/lib/ext/zipfs.jar
file:/root/.sdkman/candidates/java/8.0.333.fx-librca/jre/lib/ext/jfxrt.jar
file:/root/.sdkman/candidates/java/8.0.333.fx-librca/jre/lib/ext/sunjce_provider.jar
file:/root/.sdkman/candidates/java/8.0.333.fx-librca/jre/lib/ext/nashorn.jar
[MASTER] 00:38:41.808 [logback-1] WARN  JUnitAnalyzer - Found unstable test named initializationError -> class java.lang.RuntimeException: Cannot find either the compilation target folder nor the EvoSuite jar in classpath: /tmp/EvoSuite_pathingJar7125636422843113159.jar
Going to execute: handleTestsThatAreUnstable
* Compiling Tests
** Write a test suite: 0 called: 0 to improve: false
** Write a test suite: 1 called: 1 to improve: false
** Write a test suite: 2 called: 2 to improve: false
** Write a test suite: 3 called: 3 to improve: false
[MASTER] 00:38:41.986 [logback-1] WARN  AgentLoader - Failed to find EvoSuite jar in current classloader. URLs of classloader:
file:/root/.sdkman/candidates/java/8.0.333.fx-librca/jre/../lib/tools.jar
file:/root/.sdkman/candidates/java/8.0.333.fx-librca/jre/lib/ext/cldrdata.jar
file:/root/.sdkman/candidates/java/8.0.333.fx-librca/jre/lib/ext/sunec.jar
file:/root/.sdkman/candidates/java/8.0.333.fx-librca/jre/lib/ext/localedata.jar
file:/root/.sdkman/candidates/java/8.0.333.fx-librca/jre/lib/ext/jaccess.jar
file:/root/.sdkman/candidates/java/8.0.333.fx-librca/jre/lib/ext/dnsns.jar
file:/root/.sdkman/candidates/java/8.0.333.fx-librca/jre/lib/ext/sunpkcs11.jar
file:/tmp/EvoSuite_pathingJar7125636422843113159.jar
file:/root/.sdkman/candidates/java/8.0.333.fx-librca/jre/lib/ext/zipfs.jar
file:/root/.sdkman/candidates/java/8.0.333.fx-librca/jre/lib/ext/jfxrt.jar
file:/root/.sdkman/candidates/java/8.0.333.fx-librca/jre/lib/ext/sunjce_provider.jar
file:/root/.sdkman/candidates/java/8.0.333.fx-librca/jre/lib/ext/nashorn.jar
[MASTER] 00:38:41.987 [logback-1] WARN  JUnitAnalyzer - Found unstable test named initializationError -> class java.lang.RuntimeException: Cannot find either the compilation target folder nor the EvoSuite jar in classpath: /tmp/EvoSuite_pathingJar7125636422843113159.jar
Going to execute: handleTestsThatAreUnstable
* Compiling Tests
** Write a test suite: 0 called: 0 to improve: false
** Write a test suite: 1 called: 1 to improve: false
** Write a test suite: 2 called: 2 to improve: false
** Write a test suite: 3 called: 3 to improve: false
[MASTER] 00:38:42.177 [logback-1] WARN  AgentLoader - Failed to find EvoSuite jar in current classloader. URLs of classloader:
file:/root/.sdkman/candidates/java/8.0.333.fx-librca/jre/../lib/tools.jar
file:/root/.sdkman/candidates/java/8.0.333.fx-librca/jre/lib/ext/cldrdata.jar
file:/root/.sdkman/candidates/java/8.0.333.fx-librca/jre/lib/ext/sunec.jar
file:/root/.sdkman/candidates/java/8.0.333.fx-librca/jre/lib/ext/localedata.jar
file:/root/.sdkman/candidates/java/8.0.333.fx-librca/jre/lib/ext/jaccess.jar
file:/root/.sdkman/candidates/java/8.0.333.fx-librca/jre/lib/ext/dnsns.jar
file:/root/.sdkman/candidates/java/8.0.333.fx-librca/jre/lib/ext/sunpkcs11.jar
file:/tmp/EvoSuite_pathingJar7125636422843113159.jar
file:/root/.sdkman/candidates/java/8.0.333.fx-librca/jre/lib/ext/zipfs.jar
file:/root/.sdkman/candidates/java/8.0.333.fx-librca/jre/lib/ext/jfxrt.jar
file:/root/.sdkman/candidates/java/8.0.333.fx-librca/jre/lib/ext/sunjce_provider.jar
file:/root/.sdkman/candidates/java/8.0.333.fx-librca/jre/lib/ext/nashorn.jar
[MASTER] 00:38:42.178 [logback-1] WARN  JUnitAnalyzer - Found unstable test named initializationError -> class java.lang.RuntimeException: Cannot find either the compilation target folder nor the EvoSuite jar in classpath: /tmp/EvoSuite_pathingJar7125636422843113159.jar
* Writing tests to file
[MASTER] 00:38:42.179 [logback-1] WARN  TimeController - Already entered in phase: JUNIT_CHECK. This will mess up the timing calculations.
* Writing JUnit test case 'Battle_ESTest' to evosuite-tests
** Write a test suite: 4 called: 0 to improve: false
* Writing JUnit test case 'Battle_Original_ESTest' to evosuite-tests
** Write a test suite: 0 called: 0 to improve: false
** Write a test suite: 1 called: 1 to improve: false
** Write a test suite: 2 called: 2 to improve: false
** Write a test suite: 3 called: 3 to improve: false
* Done!

* Computation finished
