To honour the JVM settings for this build a single-use Daemon process will be forked. For more on this, please refer to https://docs.gradle.org/8.6/userguide/gradle_daemon.html#sec:disabling_the_daemon in the Gradle documentation.
Daemon will be stopped at the end of the build 

> Task :compileJava

> Task :processResources
> Task :classes
> Task :jar
> Task :assemble
> Task :compileTestJava
> Task :processTestResources
> Task :testClasses

> Task :test

SocketRequestInfo_ESTest > testSetBindAll() FAILED
    org.exolab.jms.net.uri.URI$MalformedURIException at SocketRequestInfo_ESTest.java:72

SocketRequestInfo_ESTest > testGetAlternativeHostReturningNonEmptyString() FAILED
    org.opentest4j.AssertionFailedError at SocketRequestInfo_ESTest.java:115

SocketRequestInfo_ESTest > initializationError FAILED
    org.junit.runners.model.InvalidTestClassError at ParentRunner.java:525
There were failing tests. See the report at: file:///home/roham/Results-Utestgen/dataset/SF110-new-UTestGen-src/66_openjms/build/reports/tests/test/index.html

> Task :jacocoTestReport
> Task :check
> Task :build

Deprecated Gradle features were used in this build, making it incompatible with Gradle 9.0.

You can use '--warning-mode all' to show the individual deprecation warnings and determine if they come from your own scripts or plugins.

For more on this, please refer to https://docs.gradle.org/8.6/userguide/command_line_interface.html#sec:command_line_warnings in the Gradle documentation.

BUILD SUCCESSFUL in 43s
7 actionable tasks: 7 executed
