* EvoSuite 1.0.0-SNAPSHOT
* Going to generate test cases for class: com.imsmart.servlet.HTMLFilter
* Starting Client-0
* Properties loaded from /home/roham/Results-Utestgen/dataset/SF110-new-res/11_imsmart/evosuite-files/evosuite.properties
* Connecting to master process on port 2709
* Analyzing classpath: 
* Inheritance tree loaded from evosuite-files/inheritance.xml.gz
* Finished analyzing classpath
* Generating tests for class com.imsmart.servlet.HTMLFilter
* Test criteria:
  - Branch Coverage
  - Line Coverage
  - Method-Output Coverage
  - Top-Level Method Coverage
  - Context Branch Coverage
* Total number of test goals for DYNAMOSA: 53
* Using seed 1710173645003
[Progress:>                             0%] [Cov:>                                  0%]* Starting evolution
* Initial Number of Goals in DynaMOSA = 8 / 53
[Progress:>                             0%] [Cov:===================================100%]
* Search finished after 1s and 0 generations, 948 statements, best individual has fitness: 0.0
* Generated before the refinement 6 tests with total length 6
statement is: com.imsmart.servlet.HTMLFilter()V type is: class org.evosuite.testcase.statements.ConstructorStatement return type class com.imsmart.servlet.HTMLFilter
statement code is: HTMLFilter hTMLFilter = new HTMLFilter()
test data is: HTMLFilter hTMLFilter = new HTMLFilter();

** It was a parseable test case! 
Improved test data is: class DummyClass {
    public static void main() {
        HTMLFilter hTMLFilter = new HTMLFilter();
        hTMLFilter.setHtml("&lt;p&gt;This is a &lt;b&gt;test&lt;/b&gt; string with some &lt;i&gt;HTML&lt;/i&gt; tags.&lt;/p&gt;");
        hTMLFilter.setAllowedTags(Arrays.asList("p", "b", "i"));
    }
}
statement is: HTMLFilter hTMLFilter = new HTMLFilter(), class spoon.support.reflect.code.CtLocalVariableImpl
class spoon.support.reflect.code.CtConstructorCallImpl
statement is: hTMLFilter.setHtml("&lt;p&gt;This is a &lt;b&gt;test&lt;/b&gt; string with some &lt;i&gt;HTML&lt;/i&gt; tags.&lt;/p&gt;"), class spoon.support.reflect.code.CtInvocationImpl
invocation is: hTMLFilter.setHtml("&lt;p&gt;This is a &lt;b&gt;test&lt;/b&gt; string with some &lt;i&gt;HTML&lt;/i&gt; tags.&lt;/p&gt;") target is: hTMLFilter method is: setHtml(java.lang.String)
statement is: hTMLFilter.setAllowedTags(Arrays.asList("p", "b", "i")), class spoon.support.reflect.code.CtInvocationImpl
invocation is: hTMLFilter.setAllowedTags(Arrays.asList("p", "b", "i")) target is: hTMLFilter method is: setAllowedTags()
TestCase is: HTMLFilter hTMLFilter = new HTMLFilter();

statement is: filter(Ljava/lang/String;)Ljava/lang/String; type is: class org.evosuite.testcase.statements.MethodStatement return type class java.lang.String
statement code is: String filter = HTMLFilter.filter((String) null)
test data is: HTMLFilter.filter((String) null);

** It was a parseable test case! 
Improved test data is: class DummyClass {
    public static void main() {
        HTMLFilter.filter("&");// Should return "&amp;"

        HTMLFilter.filter("<script>");// Should return ""

        HTMLFilter.filter("</script>");// Should return ""

        HTMLFilter.filter("hello world");// Should return "hello world" }}

    }
}
statement is: HTMLFilter.filter("&")// Should return "&amp;"
, class spoon.support.reflect.code.CtInvocationImpl
invocation is: HTMLFilter.filter("&")// Should return "&amp;"
 target is: HTMLFilter method is: filter(java.lang.String)
Matched Method is: filter(Ljava/lang/String;)Ljava/lang/String;
statement is: HTMLFilter.filter("<script>")// Should return ""
, class spoon.support.reflect.code.CtInvocationImpl
invocation is: HTMLFilter.filter("<script>")// Should return ""
 target is: HTMLFilter method is: filter(java.lang.String)
Matched Method is: filter(Ljava/lang/String;)Ljava/lang/String;
statement is: HTMLFilter.filter("</script>")// Should return ""
, class spoon.support.reflect.code.CtInvocationImpl
invocation is: HTMLFilter.filter("</script>")// Should return ""
 target is: HTMLFilter method is: filter(java.lang.String)
Matched Method is: filter(Ljava/lang/String;)Ljava/lang/String;
statement is: HTMLFilter.filter("hello world")// Should return "hello world" }}
, class spoon.support.reflect.code.CtInvocationImpl
invocation is: HTMLFilter.filter("hello world")// Should return "hello world" }}
 target is: HTMLFilter method is: filter(java.lang.String)
Matched Method is: filter(Ljava/lang/String;)Ljava/lang/String;
TestCase is: String string = "&";
HTMLFilter.filter(string);
String string = "<script>";
HTMLFilter.filter(string);
String string = "</script>";
HTMLFilter.filter(string);
String string = "hello world";
HTMLFilter.filter(string);

statement is: filter(Ljava/lang/String;)Ljava/lang/String; type is: class org.evosuite.testcase.statements.MethodStatement return type class java.lang.String
statement code is: String filter = HTMLFilter.filter("n<=g`?6b9,cZ\"a]kbs`")
test data is: HTMLFilter.filter("n<=g`?6b9,cZ\"a]kbs`");

** It was a parseable test case! 
Improved test data is: class DummyClass {
    public static void main() {
        HTMLFilter.filter("n<=\'&lt;=g`?6b9,cZ\"a]kbs`");
    }
}
statement is: HTMLFilter.filter("n<=\'&lt;=g`?6b9,cZ\"a]kbs`"), class spoon.support.reflect.code.CtInvocationImpl
invocation is: HTMLFilter.filter("n<=\'&lt;=g`?6b9,cZ\"a]kbs`") target is: HTMLFilter method is: filter(java.lang.String)
Matched Method is: filter(Ljava/lang/String;)Ljava/lang/String;
TestCase is: String string = "n<='&lt;=g`?6b9,cZ\"a]kbs`";
HTMLFilter.filter(string);

statement is: filter(Ljava/lang/String;)Ljava/lang/String; type is: class org.evosuite.testcase.statements.MethodStatement return type class java.lang.String
statement code is: String filter = HTMLFilter.filter("&gt;")
test data is: HTMLFilter.filter("&gt;");

** It was a parseable test case! 
Improved test data is: class DummyClass {
    public static void main() {
        HTMLFilter.filter("<script>alert('Hello World!')</script><p>This is a paragraph.</p>");
    }
}
statement is: HTMLFilter.filter("<script>alert('Hello World!')</script><p>This is a paragraph.</p>"), class spoon.support.reflect.code.CtInvocationImpl
invocation is: HTMLFilter.filter("<script>alert('Hello World!')</script><p>This is a paragraph.</p>") target is: HTMLFilter method is: filter(java.lang.String)
Matched Method is: filter(Ljava/lang/String;)Ljava/lang/String;
TestCase is: String string = "<script>alert('Hello World!')</script><p>This is a paragraph.</p>";
HTMLFilter.filter(string);

statement is: filter(Ljava/lang/String;)Ljava/lang/String; type is: class org.evosuite.testcase.statements.MethodStatement return type class java.lang.String
statement code is: String filter = HTMLFilter.filter(",>VcL%cn~9D")
test data is: HTMLFilter.filter(",>VcL%cn~9D");

** It was a parseable test case! 
Improved test data is: class DummyClass {
    public static void main() {
    }

    public static void main(String[] args) {
        String input = "Hello, <World>!";
        String filteredInput = HTMLFilter.filter(input);
        System.out.println(filteredInput);
    }
}
statement is: String input = "Hello, <World>!", class spoon.support.reflect.code.CtLocalVariableImpl
class spoon.support.reflect.code.CtLiteralImpl
statement is: String filteredInput = HTMLFilter.filter(input), class spoon.support.reflect.code.CtLocalVariableImpl
class spoon.support.reflect.code.CtInvocationImpl
invocation is: HTMLFilter.filter(input) target is: HTMLFilter method is: filter(java.lang.String)
Matched Method is: filter(Ljava/lang/String;)Ljava/lang/String;
statement is: System.out.println(filteredInput), class spoon.support.reflect.code.CtInvocationImpl
invocation is: System.out.println(filteredInput) target is: System.out method is: println(java.lang.String)
TestCase is: String string = "Hello, <World>!";
HTMLFilter.filter(string);

statement is: filter(Ljava/lang/String;)Ljava/lang/String; type is: class org.evosuite.testcase.statements.MethodStatement return type class java.lang.String
statement code is: String filter = HTMLFilter.filter("")
test data is: HTMLFilter.filter("");

** It was a parseable test case! 
Improved test data is: class DummyClass {
    public static void main() {
        HTMLFilter.filter("<script>alert('Hello World!')</script><p>This is a test string.</p>");
    }
}
statement is: HTMLFilter.filter("<script>alert('Hello World!')</script><p>This is a test string.</p>"), class spoon.support.reflect.code.CtInvocationImpl
invocation is: HTMLFilter.filter("<script>alert('Hello World!')</script><p>This is a test string.</p>") target is: HTMLFilter method is: filter(java.lang.String)
Matched Method is: filter(Ljava/lang/String;)Ljava/lang/String;
TestCase is: String string = "<script>alert('Hello World!')</script><p>This is a test string.</p>";
HTMLFilter.filter(string);

* test suite isTestSuite: 12
Test 0: 
HTMLFilter hTMLFilter = new HTMLFilter();

Test 1: 
HTMLFilter.filter((String) null);
Test 2: 
HTMLFilter.filter("n<=g`?6b9,cZ\"a]kbs`");
Test 3: 
HTMLFilter.filter("&gt;");
Test 4: 
HTMLFilter.filter(",>VcL%cn~9D");
Test 5: 
HTMLFilter.filter("");
Test 6: 
HTMLFilter hTMLFilter = new HTMLFilter();

Test 7: 
HTMLFilter.filter("&");
HTMLFilter.filter("<script>");
HTMLFilter.filter("</script>");
HTMLFilter.filter("hello world");

Test 8: 
HTMLFilter.filter("n<='&lt;=g`?6b9,cZ\"a]kbs`");

Test 9: 
HTMLFilter.filter("<script>alert('Hello World!')</script><p>This is a paragraph.</p>");

Test 10: 
HTMLFilter.filter("Hello, <World>!");

Test 11: 
HTMLFilter.filter("<script>alert('Hello World!')</script><p>This is a test string.</p>");


* Generated after the refinement and before minimization 12 tests with total length 15
* test suite isTestSuite: 12
Test 0: 
HTMLFilter hTMLFilter = new HTMLFilter();

Test 1: 
HTMLFilter.filter((String) null);
Test 2: 
HTMLFilter.filter("n<=g`?6b9,cZ\"a]kbs`");
Test 3: 
HTMLFilter.filter("&gt;");
Test 4: 
HTMLFilter.filter(",>VcL%cn~9D");
Test 5: 
HTMLFilter.filter("");
Test 6: 
HTMLFilter hTMLFilter = new HTMLFilter();

Test 7: 
HTMLFilter.filter("&");
HTMLFilter.filter("<script>");
HTMLFilter.filter("</script>");
HTMLFilter.filter("hello world");

Test 8: 
HTMLFilter.filter("n<='&lt;=g`?6b9,cZ\"a]kbs`");

Test 9: 
HTMLFilter.filter("<script>alert('Hello World!')</script><p>This is a paragraph.</p>");

Test 10: 
HTMLFilter.filter("Hello, <World>!");

Test 11: 
HTMLFilter.filter("<script>alert('Hello World!')</script><p>This is a test string.</p>");


* Minimizing test suite
* test suite isTestSuite: 5
Test 0: 
HTMLFilter hTMLFilter = new HTMLFilter();

Test 1: 
HTMLFilter.filter("<script>alert('Hello World!')</script><p>This is a paragraph.</p>");
Test 2: 
HTMLFilter.filter((String) null);
Test 3: 
HTMLFilter.filter("n<='&lt;=g`?6b9,cZ\"a]kbs`");
Test 4: 
HTMLFilter.filter("");

* Going to analyze the coverage criteria
* Coverage analysis for criterion BRANCH
* Coverage of criterion BRANCH: 100%
* Total number of goals: 15
* Number of covered goals: 15
* Coverage analysis for criterion LINE
* Coverage of criterion LINE: 100%
* Total number of goals: 18
* Number of covered goals: 18
* Coverage analysis for criterion OUTPUT
* Coverage of criterion OUTPUT: 100%
* Total number of goals: 3
* Number of covered goals: 3
* Coverage analysis for criterion METHOD
* Coverage of criterion METHOD: 100%
* Total number of goals: 2
* Number of covered goals: 2
* Coverage analysis for criterion CBRANCH
* Coverage of criterion CBRANCH: 100%
* Total number of goals: 15
* Number of covered goals: 15
* Generated 5 tests with total length 5
* Resulting test suite's coverage: 100% (average coverage for all fitness functions)
* Generating assertions
* Resulting test suite's mutation score: 72%
* Compiling and checking tests
Going to execute: removeTestsThatDoNotCompile
* Compiling Tests
** Write a test suite: 0 called: 0 to improve: false
* Compiling Tests
** Write a test suite: 0 called: 0 to improve: true
** Improve Understandability: ** Test Code is: HTMLFilter hTMLFilter = new HTMLFilter();

** It was a parseable test case! 
refined test name is: testFilterWithHTMLTags
* Compiling Tests
** Write a test suite: 0 called: 0 to improve: false
* Compiling Tests
** Write a test suite: 0 called: 0 to improve: true
** Improve Understandability: ** Test Code is: String filter = HTMLFilter.filter("<script>alert('Hello World!')</script><p>This is a paragraph.</p>");
assertNotNull(filter);
assertEquals("&lt;script&gt;alert('Hello World!')&lt;/script&gt;&lt;p&gt;This is a paragraph.&lt;/p&gt;", filter);


** It was a parseable test case! 
refined test name is: testFilterScriptTags
* Compiling Tests
** Write a test suite: 0 called: 0 to improve: false
* Compiling Tests
** Write a test suite: 0 called: 0 to improve: true
** Improve Understandability: ** Test Code is: String filter = HTMLFilter.filter((String) null);
assertNull(filter);


** It was a parseable test case! 
refined test name is: testFilterNullInputString
* Compiling Tests
** Write a test suite: 0 called: 0 to improve: false
* Compiling Tests
** Write a test suite: 0 called: 0 to improve: true
** Improve Understandability: ** Test Code is: String filter = HTMLFilter.filter("n<='&lt;=g`?6b9,cZ\"a]kbs`");
assertEquals("n&lt;='&amp;lt;=g`?6b9,cZ&quot;a]kbs`", filter);


** It was a parseable test case! 
refined test name is: testFilterWithValidInput
* Compiling Tests
** Write a test suite: 0 called: 0 to improve: false
* Compiling Tests
** Write a test suite: 0 called: 0 to improve: true
** Improve Understandability: ** Test Code is: String filter = HTMLFilter.filter("");
assertEquals("", filter);


** It was a parseable test case! 
refined test name is: testFilterEmptyString
Going to execute: handleTestsThatAreUnstable
* Compiling Tests
[MASTER] 16:15:46.291 [logback-1] WARN  AgentLoader - Failed to find EvoSuite jar in current classloader. URLs of classloader:
file:/root/.sdkman/candidates/java/8.0.333.fx-librca/jre/../lib/tools.jar
file:/tmp/EvoSuite_pathingJar363702820838760480.jar
file:/root/.sdkman/candidates/java/8.0.333.fx-librca/jre/lib/ext/cldrdata.jar
file:/root/.sdkman/candidates/java/8.0.333.fx-librca/jre/lib/ext/sunec.jar
file:/root/.sdkman/candidates/java/8.0.333.fx-librca/jre/lib/ext/localedata.jar
file:/root/.sdkman/candidates/java/8.0.333.fx-librca/jre/lib/ext/jaccess.jar
file:/root/.sdkman/candidates/java/8.0.333.fx-librca/jre/lib/ext/dnsns.jar
file:/root/.sdkman/candidates/java/8.0.333.fx-librca/jre/lib/ext/sunpkcs11.jar
file:/root/.sdkman/candidates/java/8.0.333.fx-librca/jre/lib/ext/zipfs.jar
file:/root/.sdkman/candidates/java/8.0.333.fx-librca/jre/lib/ext/jfxrt.jar
file:/root/.sdkman/candidates/java/8.0.333.fx-librca/jre/lib/ext/sunjce_provider.jar
file:/root/.sdkman/candidates/java/8.0.333.fx-librca/jre/lib/ext/nashorn.jar
[MASTER] 16:15:46.314 [logback-1] WARN  JUnitAnalyzer - Found unstable test named initializationError -> class java.lang.RuntimeException: Cannot find either the compilation target folder nor the EvoSuite jar in classpath: /tmp/EvoSuite_pathingJar363702820838760480.jar
Going to execute: handleTestsThatAreUnstable
* Compiling Tests
[MASTER] 16:15:46.596 [logback-1] WARN  AgentLoader - Failed to find EvoSuite jar in current classloader. URLs of classloader:
file:/root/.sdkman/candidates/java/8.0.333.fx-librca/jre/../lib/tools.jar
file:/tmp/EvoSuite_pathingJar363702820838760480.jar
file:/root/.sdkman/candidates/java/8.0.333.fx-librca/jre/lib/ext/cldrdata.jar
file:/root/.sdkman/candidates/java/8.0.333.fx-librca/jre/lib/ext/sunec.jar
file:/root/.sdkman/candidates/java/8.0.333.fx-librca/jre/lib/ext/localedata.jar
file:/root/.sdkman/candidates/java/8.0.333.fx-librca/jre/lib/ext/jaccess.jar
file:/root/.sdkman/candidates/java/8.0.333.fx-librca/jre/lib/ext/dnsns.jar
file:/root/.sdkman/candidates/java/8.0.333.fx-librca/jre/lib/ext/sunpkcs11.jar
file:/root/.sdkman/candidates/java/8.0.333.fx-librca/jre/lib/ext/zipfs.jar
file:/root/.sdkman/candidates/java/8.0.333.fx-librca/jre/lib/ext/jfxrt.jar
file:/root/.sdkman/candidates/java/8.0.333.fx-librca/jre/lib/ext/sunjce_provider.jar
file:/root/.sdkman/candidates/java/8.0.333.fx-librca/jre/lib/ext/nashorn.jar
[MASTER] 16:15:46.598 [logback-1] WARN  JUnitAnalyzer - Found unstable test named initializationError -> class java.lang.RuntimeException: Cannot find either the compilation target folder nor the EvoSuite jar in classpath: /tmp/EvoSuite_pathingJar363702820838760480.jar
Going to execute: handleTestsThatAreUnstable
* Compiling Tests
[MASTER] 16:15:46.698 [logback-1] WARN  AgentLoader - Failed to find EvoSuite jar in current classloader. URLs of classloader:
file:/root/.sdkman/candidates/java/8.0.333.fx-librca/jre/../lib/tools.jar
file:/tmp/EvoSuite_pathingJar363702820838760480.jar
file:/root/.sdkman/candidates/java/8.0.333.fx-librca/jre/lib/ext/cldrdata.jar
file:/root/.sdkman/candidates/java/8.0.333.fx-librca/jre/lib/ext/sunec.jar
file:/root/.sdkman/candidates/java/8.0.333.fx-librca/jre/lib/ext/localedata.jar
file:/root/.sdkman/candidates/java/8.0.333.fx-librca/jre/lib/ext/jaccess.jar
file:/root/.sdkman/candidates/java/8.0.333.fx-librca/jre/lib/ext/dnsns.jar
file:/root/.sdkman/candidates/java/8.0.333.fx-librca/jre/lib/ext/sunpkcs11.jar
file:/root/.sdkman/candidates/java/8.0.333.fx-librca/jre/lib/ext/zipfs.jar
file:/root/.sdkman/candidates/java/8.0.333.fx-librca/jre/lib/ext/jfxrt.jar
file:/root/.sdkman/candidates/java/8.0.333.fx-librca/jre/lib/ext/sunjce_provider.jar
file:/root/.sdkman/candidates/java/8.0.333.fx-librca/jre/lib/ext/nashorn.jar
[MASTER] 16:15:46.699 [logback-1] WARN  JUnitAnalyzer - Found unstable test named initializationError -> class java.lang.RuntimeException: Cannot find either the compilation target folder nor the EvoSuite jar in classpath: /tmp/EvoSuite_pathingJar363702820838760480.jar
Going to execute: handleTestsThatAreUnstable
* Compiling Tests
[MASTER] 16:15:46.803 [logback-1] WARN  AgentLoader - Failed to find EvoSuite jar in current classloader. URLs of classloader:
file:/root/.sdkman/candidates/java/8.0.333.fx-librca/jre/../lib/tools.jar
file:/tmp/EvoSuite_pathingJar363702820838760480.jar
file:/root/.sdkman/candidates/java/8.0.333.fx-librca/jre/lib/ext/cldrdata.jar
file:/root/.sdkman/candidates/java/8.0.333.fx-librca/jre/lib/ext/sunec.jar
file:/root/.sdkman/candidates/java/8.0.333.fx-librca/jre/lib/ext/localedata.jar
file:/root/.sdkman/candidates/java/8.0.333.fx-librca/jre/lib/ext/jaccess.jar
file:/root/.sdkman/candidates/java/8.0.333.fx-librca/jre/lib/ext/dnsns.jar
file:/root/.sdkman/candidates/java/8.0.333.fx-librca/jre/lib/ext/sunpkcs11.jar
file:/root/.sdkman/candidates/java/8.0.333.fx-librca/jre/lib/ext/zipfs.jar
file:/root/.sdkman/candidates/java/8.0.333.fx-librca/jre/lib/ext/jfxrt.jar
file:/root/.sdkman/candidates/java/8.0.333.fx-librca/jre/lib/ext/sunjce_provider.jar
file:/root/.sdkman/candidates/java/8.0.333.fx-librca/jre/lib/ext/nashorn.jar
Going to execute: handleTestsThatAreUnstable
* Compiling Tests
[MASTER] 16:15:46.804 [logback-1] WARN  JUnitAnalyzer - Found unstable test named initializationError -> class java.lang.RuntimeException: Cannot find either the compilation target folder nor the EvoSuite jar in classpath: /tmp/EvoSuite_pathingJar363702820838760480.jar
[MASTER] 16:15:46.900 [logback-1] WARN  AgentLoader - Failed to find EvoSuite jar in current classloader. URLs of classloader:
file:/root/.sdkman/candidates/java/8.0.333.fx-librca/jre/../lib/tools.jar
file:/tmp/EvoSuite_pathingJar363702820838760480.jar
file:/root/.sdkman/candidates/java/8.0.333.fx-librca/jre/lib/ext/cldrdata.jar
file:/root/.sdkman/candidates/java/8.0.333.fx-librca/jre/lib/ext/sunec.jar
file:/root/.sdkman/candidates/java/8.0.333.fx-librca/jre/lib/ext/localedata.jar
file:/root/.sdkman/candidates/java/8.0.333.fx-librca/jre/lib/ext/jaccess.jar
file:/root/.sdkman/candidates/java/8.0.333.fx-librca/jre/lib/ext/dnsns.jar
file:/root/.sdkman/candidates/java/8.0.333.fx-librca/jre/lib/ext/sunpkcs11.jar
file:/root/.sdkman/candidates/java/8.0.333.fx-librca/jre/lib/ext/zipfs.jar
file:/root/.sdkman/candidates/java/8.0.333.fx-librca/jre/lib/ext/jfxrt.jar
file:/root/.sdkman/candidates/java/8.0.333.fx-librca/jre/lib/ext/sunjce_provider.jar
file:/root/.sdkman/candidates/java/8.0.333.fx-librca/jre/lib/ext/nashorn.jar
Going to execute: handleTestsThatAreUnstable
* Compiling Tests
[MASTER] 16:15:46.901 [logback-1] WARN  JUnitAnalyzer - Found unstable test named initializationError -> class java.lang.RuntimeException: Cannot find either the compilation target folder nor the EvoSuite jar in classpath: /tmp/EvoSuite_pathingJar363702820838760480.jar
[MASTER] 16:15:47.018 [logback-1] WARN  AgentLoader - Failed to find EvoSuite jar in current classloader. URLs of classloader:
file:/root/.sdkman/candidates/java/8.0.333.fx-librca/jre/../lib/tools.jar
file:/tmp/EvoSuite_pathingJar363702820838760480.jar
file:/root/.sdkman/candidates/java/8.0.333.fx-librca/jre/lib/ext/cldrdata.jar
file:/root/.sdkman/candidates/java/8.0.333.fx-librca/jre/lib/ext/sunec.jar
file:/root/.sdkman/candidates/java/8.0.333.fx-librca/jre/lib/ext/localedata.jar
file:/root/.sdkman/candidates/java/8.0.333.fx-librca/jre/lib/ext/jaccess.jar
file:/root/.sdkman/candidates/java/8.0.333.fx-librca/jre/lib/ext/dnsns.jar
file:/root/.sdkman/candidates/java/8.0.333.fx-librca/jre/lib/ext/sunpkcs11.jar
file:/root/.sdkman/candidates/java/8.0.333.fx-librca/jre/lib/ext/zipfs.jar
file:/root/.sdkman/candidates/java/8.0.333.fx-librca/jre/lib/ext/jfxrt.jar
file:/root/.sdkman/candidates/java/8.0.333.fx-librca/jre/lib/ext/sunjce_provider.jar
file:/root/.sdkman/candidates/java/8.0.333.fx-librca/jre/lib/ext/nashorn.jar
[MASTER] 16:15:47.019 [logback-1] WARN  JUnitAnalyzer - Found unstable test named initializationError -> class java.lang.RuntimeException: Cannot find either the compilation target folder nor the EvoSuite jar in classpath: /tmp/EvoSuite_pathingJar363702820838760480.jar
Going to execute: handleTestsThatAreUnstable
* Compiling Tests
[MASTER] 16:15:47.150 [logback-1] WARN  AgentLoader - Failed to find EvoSuite jar in current classloader. URLs of classloader:
file:/root/.sdkman/candidates/java/8.0.333.fx-librca/jre/../lib/tools.jar
file:/tmp/EvoSuite_pathingJar363702820838760480.jar
file:/root/.sdkman/candidates/java/8.0.333.fx-librca/jre/lib/ext/cldrdata.jar
file:/root/.sdkman/candidates/java/8.0.333.fx-librca/jre/lib/ext/sunec.jar
file:/root/.sdkman/candidates/java/8.0.333.fx-librca/jre/lib/ext/localedata.jar
file:/root/.sdkman/candidates/java/8.0.333.fx-librca/jre/lib/ext/jaccess.jar
file:/root/.sdkman/candidates/java/8.0.333.fx-librca/jre/lib/ext/dnsns.jar
file:/root/.sdkman/candidates/java/8.0.333.fx-librca/jre/lib/ext/sunpkcs11.jar
file:/root/.sdkman/candidates/java/8.0.333.fx-librca/jre/lib/ext/zipfs.jar
file:/root/.sdkman/candidates/java/8.0.333.fx-librca/jre/lib/ext/jfxrt.jar
file:/root/.sdkman/candidates/java/8.0.333.fx-librca/jre/lib/ext/sunjce_provider.jar
file:/root/.sdkman/candidates/java/8.0.333.fx-librca/jre/lib/ext/nashorn.jar
[MASTER] 16:15:47.152 [logback-1] WARN  JUnitAnalyzer - Found unstable test named initializationError -> class java.lang.RuntimeException: Cannot find either the compilation target folder nor the EvoSuite jar in classpath: /tmp/EvoSuite_pathingJar363702820838760480.jar
[MASTER] 16:15:47.181 [logback-1] WARN  TimeController - Already entered in phase: INLINING. This will mess up the timing calculations.
* test suite isTestSuite: 6
Test 0: 
HTMLFilter hTMLFilter = new HTMLFilter();

Test 1: 
HTMLFilter.filter((String) null);
Test 2: 
HTMLFilter.filter("n<=g`?6b9,cZ\"a]kbs`");
Test 3: 
HTMLFilter.filter("&gt;");
Test 4: 
HTMLFilter.filter(",>VcL%cn~9D");
Test 5: 
HTMLFilter.filter("");

* Minimizing test suite
* test suite isTestSuite: 6
Test 0: 
HTMLFilter hTMLFilter = new HTMLFilter();

Test 1: 
HTMLFilter.filter("&gt;");
Test 2: 
HTMLFilter.filter((String) null);
Test 3: 
HTMLFilter.filter("n<=g`?6b9,cZ\"a]kbs`");
Test 4: 
HTMLFilter.filter(",>VcL%cn~9D");
Test 5: 
HTMLFilter.filter("");

[MASTER] 16:15:47.675 [logback-1] WARN  TimeController - Already entered in phase: MINIMIZATION. This will mess up the timing calculations.
* Going to analyze the coverage criteria
* Coverage analysis for criterion BRANCH
* Coverage of criterion BRANCH: 100%
* Total number of goals: 15
* Number of covered goals: 15
* Coverage analysis for criterion LINE
* Coverage of criterion LINE: 100%
* Total number of goals: 18
* Number of covered goals: 18
* Coverage analysis for criterion OUTPUT
* Coverage of criterion OUTPUT: 100%
* Total number of goals: 3
* Number of covered goals: 3
* Coverage analysis for criterion METHOD
* Coverage of criterion METHOD: 100%
* Total number of goals: 2
* Number of covered goals: 2
* Coverage analysis for criterion CBRANCH
* Coverage of criterion CBRANCH: 100%
* Total number of goals: 15
* Number of covered goals: 15
* Generated 6 tests with total length 6
* Resulting test suite's coverage: 100% (average coverage for all fitness functions)
* Generating assertions
[MASTER] 16:15:47.728 [logback-1] WARN  TimeController - Already entered in phase: COVERAGE_ANALYSIS. This will mess up the timing calculations.
* Resulting test suite's mutation score: 72%
[MASTER] 16:15:48.207 [logback-1] WARN  TimeController - Already entered in phase: ASSERTION_GENERATION. This will mess up the timing calculations.
* Compiling and checking tests
Going to execute: removeTestsThatDoNotCompile
* Compiling Tests
** Write a test suite: 0 called: 0 to improve: false
* Compiling Tests
** Write a test suite: 0 called: 0 to improve: false
* Compiling Tests
** Write a test suite: 0 called: 0 to improve: false
* Compiling Tests
** Write a test suite: 0 called: 0 to improve: false
* Compiling Tests
** Write a test suite: 0 called: 0 to improve: false
* Compiling Tests
** Write a test suite: 0 called: 0 to improve: false
Going to execute: handleTestsThatAreUnstable
* Compiling Tests
** Write a test suite: 0 called: 0 to improve: false
[MASTER] 16:15:49.168 [logback-1] WARN  AgentLoader - Failed to find EvoSuite jar in current classloader. URLs of classloader:
file:/root/.sdkman/candidates/java/8.0.333.fx-librca/jre/../lib/tools.jar
file:/tmp/EvoSuite_pathingJar363702820838760480.jar
file:/root/.sdkman/candidates/java/8.0.333.fx-librca/jre/lib/ext/cldrdata.jar
file:/root/.sdkman/candidates/java/8.0.333.fx-librca/jre/lib/ext/sunec.jar
file:/root/.sdkman/candidates/java/8.0.333.fx-librca/jre/lib/ext/localedata.jar
file:/root/.sdkman/candidates/java/8.0.333.fx-librca/jre/lib/ext/jaccess.jar
file:/root/.sdkman/candidates/java/8.0.333.fx-librca/jre/lib/ext/dnsns.jar
file:/root/.sdkman/candidates/java/8.0.333.fx-librca/jre/lib/ext/sunpkcs11.jar
file:/root/.sdkman/candidates/java/8.0.333.fx-librca/jre/lib/ext/zipfs.jar
file:/root/.sdkman/candidates/java/8.0.333.fx-librca/jre/lib/ext/jfxrt.jar
file:/root/.sdkman/candidates/java/8.0.333.fx-librca/jre/lib/ext/sunjce_provider.jar
file:/root/.sdkman/candidates/java/8.0.333.fx-librca/jre/lib/ext/nashorn.jar
[MASTER] 16:15:49.170 [logback-1] WARN  JUnitAnalyzer - Found unstable test named initializationError -> class java.lang.RuntimeException: Cannot find either the compilation target folder nor the EvoSuite jar in classpath: /tmp/EvoSuite_pathingJar363702820838760480.jar
Going to execute: handleTestsThatAreUnstable
* Compiling Tests
** Write a test suite: 0 called: 0 to improve: false
[MASTER] 16:15:49.291 [logback-1] WARN  AgentLoader - Failed to find EvoSuite jar in current classloader. URLs of classloader:
file:/root/.sdkman/candidates/java/8.0.333.fx-librca/jre/../lib/tools.jar
file:/tmp/EvoSuite_pathingJar363702820838760480.jar
file:/root/.sdkman/candidates/java/8.0.333.fx-librca/jre/lib/ext/cldrdata.jar
file:/root/.sdkman/candidates/java/8.0.333.fx-librca/jre/lib/ext/sunec.jar
file:/root/.sdkman/candidates/java/8.0.333.fx-librca/jre/lib/ext/localedata.jar
file:/root/.sdkman/candidates/java/8.0.333.fx-librca/jre/lib/ext/jaccess.jar
file:/root/.sdkman/candidates/java/8.0.333.fx-librca/jre/lib/ext/dnsns.jar
file:/root/.sdkman/candidates/java/8.0.333.fx-librca/jre/lib/ext/sunpkcs11.jar
file:/root/.sdkman/candidates/java/8.0.333.fx-librca/jre/lib/ext/zipfs.jar
file:/root/.sdkman/candidates/java/8.0.333.fx-librca/jre/lib/ext/jfxrt.jar
file:/root/.sdkman/candidates/java/8.0.333.fx-librca/jre/lib/ext/sunjce_provider.jar
file:/root/.sdkman/candidates/java/8.0.333.fx-librca/jre/lib/ext/nashorn.jar
[MASTER] 16:15:49.293 [logback-1] WARN  JUnitAnalyzer - Found unstable test named initializationError -> class java.lang.RuntimeException: Cannot find either the compilation target folder nor the EvoSuite jar in classpath: /tmp/EvoSuite_pathingJar363702820838760480.jar
Going to execute: handleTestsThatAreUnstable
* Compiling Tests
** Write a test suite: 0 called: 0 to improve: false
[MASTER] 16:15:49.598 [logback-1] WARN  AgentLoader - Failed to find EvoSuite jar in current classloader. URLs of classloader:
file:/root/.sdkman/candidates/java/8.0.333.fx-librca/jre/../lib/tools.jar
file:/tmp/EvoSuite_pathingJar363702820838760480.jar
file:/root/.sdkman/candidates/java/8.0.333.fx-librca/jre/lib/ext/cldrdata.jar
file:/root/.sdkman/candidates/java/8.0.333.fx-librca/jre/lib/ext/sunec.jar
file:/root/.sdkman/candidates/java/8.0.333.fx-librca/jre/lib/ext/localedata.jar
file:/root/.sdkman/candidates/java/8.0.333.fx-librca/jre/lib/ext/jaccess.jar
file:/root/.sdkman/candidates/java/8.0.333.fx-librca/jre/lib/ext/dnsns.jar
file:/root/.sdkman/candidates/java/8.0.333.fx-librca/jre/lib/ext/sunpkcs11.jar
file:/root/.sdkman/candidates/java/8.0.333.fx-librca/jre/lib/ext/zipfs.jar
file:/root/.sdkman/candidates/java/8.0.333.fx-librca/jre/lib/ext/jfxrt.jar
file:/root/.sdkman/candidates/java/8.0.333.fx-librca/jre/lib/ext/sunjce_provider.jar
file:/root/.sdkman/candidates/java/8.0.333.fx-librca/jre/lib/ext/nashorn.jar
[MASTER] 16:15:49.600 [logback-1] WARN  JUnitAnalyzer - Found unstable test named initializationError -> class java.lang.RuntimeException: Cannot find either the compilation target folder nor the EvoSuite jar in classpath: /tmp/EvoSuite_pathingJar363702820838760480.jar
Going to execute: handleTestsThatAreUnstable
* Compiling Tests
** Write a test suite: 0 called: 0 to improve: false
[MASTER] 16:15:49.704 [logback-1] WARN  AgentLoader - Failed to find EvoSuite jar in current classloader. URLs of classloader:
file:/root/.sdkman/candidates/java/8.0.333.fx-librca/jre/../lib/tools.jar
file:/tmp/EvoSuite_pathingJar363702820838760480.jar
file:/root/.sdkman/candidates/java/8.0.333.fx-librca/jre/lib/ext/cldrdata.jar
file:/root/.sdkman/candidates/java/8.0.333.fx-librca/jre/lib/ext/sunec.jar
file:/root/.sdkman/candidates/java/8.0.333.fx-librca/jre/lib/ext/localedata.jar
file:/root/.sdkman/candidates/java/8.0.333.fx-librca/jre/lib/ext/jaccess.jar
file:/root/.sdkman/candidates/java/8.0.333.fx-librca/jre/lib/ext/dnsns.jar
file:/root/.sdkman/candidates/java/8.0.333.fx-librca/jre/lib/ext/sunpkcs11.jar
file:/root/.sdkman/candidates/java/8.0.333.fx-librca/jre/lib/ext/zipfs.jar
file:/root/.sdkman/candidates/java/8.0.333.fx-librca/jre/lib/ext/jfxrt.jar
file:/root/.sdkman/candidates/java/8.0.333.fx-librca/jre/lib/ext/sunjce_provider.jar
file:/root/.sdkman/candidates/java/8.0.333.fx-librca/jre/lib/ext/nashorn.jar
[MASTER] 16:15:49.705 [logback-1] WARN  JUnitAnalyzer - Found unstable test named initializationError -> class java.lang.RuntimeException: Cannot find either the compilation target folder nor the EvoSuite jar in classpath: /tmp/EvoSuite_pathingJar363702820838760480.jar
Going to execute: handleTestsThatAreUnstable
* Compiling Tests
** Write a test suite: 0 called: 0 to improve: false
[MASTER] 16:15:49.776 [logback-1] WARN  AgentLoader - Failed to find EvoSuite jar in current classloader. URLs of classloader:
file:/root/.sdkman/candidates/java/8.0.333.fx-librca/jre/../lib/tools.jar
file:/tmp/EvoSuite_pathingJar363702820838760480.jar
file:/root/.sdkman/candidates/java/8.0.333.fx-librca/jre/lib/ext/cldrdata.jar
file:/root/.sdkman/candidates/java/8.0.333.fx-librca/jre/lib/ext/sunec.jar
file:/root/.sdkman/candidates/java/8.0.333.fx-librca/jre/lib/ext/localedata.jar
file:/root/.sdkman/candidates/java/8.0.333.fx-librca/jre/lib/ext/jaccess.jar
file:/root/.sdkman/candidates/java/8.0.333.fx-librca/jre/lib/ext/dnsns.jar
file:/root/.sdkman/candidates/java/8.0.333.fx-librca/jre/lib/ext/sunpkcs11.jar
file:/root/.sdkman/candidates/java/8.0.333.fx-librca/jre/lib/ext/zipfs.jar
file:/root/.sdkman/candidates/java/8.0.333.fx-librca/jre/lib/ext/jfxrt.jar
file:/root/.sdkman/candidates/java/8.0.333.fx-librca/jre/lib/ext/sunjce_provider.jar
file:/root/.sdkman/candidates/java/8.0.333.fx-librca/jre/lib/ext/nashorn.jar
Going to execute: handleTestsThatAreUnstable
* Compiling Tests
** Write a test suite: 0 called: 0 to improve: false
[MASTER] 16:15:49.777 [logback-1] WARN  JUnitAnalyzer - Found unstable test named initializationError -> class java.lang.RuntimeException: Cannot find either the compilation target folder nor the EvoSuite jar in classpath: /tmp/EvoSuite_pathingJar363702820838760480.jar
[MASTER] 16:15:49.850 [logback-1] WARN  AgentLoader - Failed to find EvoSuite jar in current classloader. URLs of classloader:
file:/root/.sdkman/candidates/java/8.0.333.fx-librca/jre/../lib/tools.jar
file:/tmp/EvoSuite_pathingJar363702820838760480.jar
file:/root/.sdkman/candidates/java/8.0.333.fx-librca/jre/lib/ext/cldrdata.jar
file:/root/.sdkman/candidates/java/8.0.333.fx-librca/jre/lib/ext/sunec.jar
file:/root/.sdkman/candidates/java/8.0.333.fx-librca/jre/lib/ext/localedata.jar
file:/root/.sdkman/candidates/java/8.0.333.fx-librca/jre/lib/ext/jaccess.jar
file:/root/.sdkman/candidates/java/8.0.333.fx-librca/jre/lib/ext/dnsns.jar
file:/root/.sdkman/candidates/java/8.0.333.fx-librca/jre/lib/ext/sunpkcs11.jar
file:/root/.sdkman/candidates/java/8.0.333.fx-librca/jre/lib/ext/zipfs.jar
file:/root/.sdkman/candidates/java/8.0.333.fx-librca/jre/lib/ext/jfxrt.jar
file:/root/.sdkman/candidates/java/8.0.333.fx-librca/jre/lib/ext/sunjce_provider.jar
file:/root/.sdkman/candidates/java/8.0.333.fx-librca/jre/lib/ext/nashorn.jar
Going to execute: handleTestsThatAreUnstable
* Compiling Tests
** Write a test suite: 0 called: 0 to improve: false
** Write a test suite: 1 called: 1 to improve: false
** Write a test suite: 2 called: 2 to improve: false
** Write a test suite: 3 called: 3 to improve: false
** Write a test suite: 4 called: 4 to improve: false
** Write a test suite: 5 called: 5 to improve: false
[MASTER] 16:15:49.851 [logback-1] WARN  JUnitAnalyzer - Found unstable test named initializationError -> class java.lang.RuntimeException: Cannot find either the compilation target folder nor the EvoSuite jar in classpath: /tmp/EvoSuite_pathingJar363702820838760480.jar
[MASTER] 16:15:49.940 [logback-1] WARN  AgentLoader - Failed to find EvoSuite jar in current classloader. URLs of classloader:
file:/root/.sdkman/candidates/java/8.0.333.fx-librca/jre/../lib/tools.jar
file:/tmp/EvoSuite_pathingJar363702820838760480.jar
file:/root/.sdkman/candidates/java/8.0.333.fx-librca/jre/lib/ext/cldrdata.jar
file:/root/.sdkman/candidates/java/8.0.333.fx-librca/jre/lib/ext/sunec.jar
file:/root/.sdkman/candidates/java/8.0.333.fx-librca/jre/lib/ext/localedata.jar
file:/root/.sdkman/candidates/java/8.0.333.fx-librca/jre/lib/ext/jaccess.jar
file:/root/.sdkman/candidates/java/8.0.333.fx-librca/jre/lib/ext/dnsns.jar
file:/root/.sdkman/candidates/java/8.0.333.fx-librca/jre/lib/ext/sunpkcs11.jar
file:/root/.sdkman/candidates/java/8.0.333.fx-librca/jre/lib/ext/zipfs.jar
file:/root/.sdkman/candidates/java/8.0.333.fx-librca/jre/lib/ext/jfxrt.jar
file:/root/.sdkman/candidates/java/8.0.333.fx-librca/jre/lib/ext/sunjce_provider.jar
file:/root/.sdkman/candidates/java/8.0.333.fx-librca/jre/lib/ext/nashorn.jar
Going to execute: handleTestsThatAreUnstable
* Compiling Tests
** Write a test suite: 0 called: 0 to improve: false
** Write a test suite: 1 called: 1 to improve: false
** Write a test suite: 2 called: 2 to improve: false
** Write a test suite: 3 called: 3 to improve: false
** Write a test suite: 4 called: 4 to improve: false
** Write a test suite: 5 called: 5 to improve: false
[MASTER] 16:15:49.941 [logback-1] WARN  JUnitAnalyzer - Found unstable test named initializationError -> class java.lang.RuntimeException: Cannot find either the compilation target folder nor the EvoSuite jar in classpath: /tmp/EvoSuite_pathingJar363702820838760480.jar
[MASTER] 16:15:50.081 [logback-1] WARN  AgentLoader - Failed to find EvoSuite jar in current classloader. URLs of classloader:
file:/root/.sdkman/candidates/java/8.0.333.fx-librca/jre/../lib/tools.jar
file:/tmp/EvoSuite_pathingJar363702820838760480.jar
file:/root/.sdkman/candidates/java/8.0.333.fx-librca/jre/lib/ext/cldrdata.jar
file:/root/.sdkman/candidates/java/8.0.333.fx-librca/jre/lib/ext/sunec.jar
file:/root/.sdkman/candidates/java/8.0.333.fx-librca/jre/lib/ext/localedata.jar
file:/root/.sdkman/candidates/java/8.0.333.fx-librca/jre/lib/ext/jaccess.jar
file:/root/.sdkman/candidates/java/8.0.333.fx-librca/jre/lib/ext/dnsns.jar
file:/root/.sdkman/candidates/java/8.0.333.fx-librca/jre/lib/ext/sunpkcs11.jar
file:/root/.sdkman/candidates/java/8.0.333.fx-librca/jre/lib/ext/zipfs.jar
file:/root/.sdkman/candidates/java/8.0.333.fx-librca/jre/lib/ext/jfxrt.jar
file:/root/.sdkman/candidates/java/8.0.333.fx-librca/jre/lib/ext/sunjce_provider.jar
file:/root/.sdkman/candidates/java/8.0.333.fx-librca/jre/lib/ext/nashorn.jar
[MASTER] 16:15:50.082 [logback-1] WARN  JUnitAnalyzer - Found unstable test named initializationError -> class java.lang.RuntimeException: Cannot find either the compilation target folder nor the EvoSuite jar in classpath: /tmp/EvoSuite_pathingJar363702820838760480.jar
* Writing tests to file
[MASTER] 16:15:50.085 [logback-1] WARN  TimeController - Already entered in phase: JUNIT_CHECK. This will mess up the timing calculations.
* Writing JUnit test case 'HTMLFilter_ESTest' to evosuite-tests
* Writing JUnit test case 'HTMLFilter_Original_ESTest' to evosuite-tests
** Write a test suite: 0 called: 0 to improve: false
** Write a test suite: 1 called: 1 to improve: false
** Write a test suite: 2 called: 2 to improve: false
** Write a test suite: 3 called: 3 to improve: false
** Write a test suite: 4 called: 4 to improve: false
** Write a test suite: 5 called: 5 to improve: false
* Done!

* Computation finished
