* EvoSuite 1.0.0-SNAPSHOT
* Going to generate test cases for class: com.imsmart.servlet.HTMLFilter
* Starting Client-0
* Properties loaded from /home/roham/Results-Utestgen/dataset/SF110-new-res/11_imsmart/evosuite-files/evosuite.properties
* Connecting to master process on port 14512
* Analyzing classpath: 
* Inheritance tree loaded from evosuite-files/inheritance.xml.gz
* Finished analyzing classpath
* Generating tests for class com.imsmart.servlet.HTMLFilter
* Test criteria:
  - Branch Coverage
  - Line Coverage
  - Method-Output Coverage
  - Top-Level Method Coverage
  - Context Branch Coverage
* Total number of test goals for DYNAMOSA: 53
* Using seed 1710172432435
[Progress:>                             0%] [Cov:>                                  0%]* Starting evolution
* Initial Number of Goals in DynaMOSA = 8 / 53
[Progress:>                             0%] [Cov:===================================100%]
* Search finished after 1s and 0 generations, 830 statements, best individual has fitness: 0.0
* Generated before the refinement 6 tests with total length 6
statement is: com.imsmart.servlet.HTMLFilter()V type is: class org.evosuite.testcase.statements.ConstructorStatement return type class com.imsmart.servlet.HTMLFilter
statement code is: HTMLFilter hTMLFilter = new HTMLFilter()
test data is: HTMLFilter hTMLFilter = new HTMLFilter();

** It was a parseable test case! 
Improved test data is: class DummyClass {
    public static void main() {
        hTMLFilter.addFilterRule("&", "&amp;");// replaces ampersand with &amp;, which is a special character in HTML used for escaping

        hTMLFilter.addFilterRule("<", "&lt;");// replaces less than symbol with &lt;, which is used to indicate the start of an HTML tag

        hTMLFilter.addFilterRule(">", "&gt;");// replaces greater than symbol with &gt;, which is used to indicate the end of an HTML tag

        hTMLFilter.addFilterRule('"', "&quot;");// replaces double quotes with &quot;, which is used to enclose attribute values in HTML

        hTMLFilter.addFilterRule("'", "&#39;");// replaces single quotes with &#39;, which is used to enclose attribute values in HTML }}

    }
}
statement is: hTMLFilter.addFilterRule("&", "&amp;")// replaces ampersand with &amp;, which is a special character in HTML used for escaping
, class spoon.support.reflect.code.CtInvocationImpl
invocation is: hTMLFilter.addFilterRule("&", "&amp;")// replaces ampersand with &amp;, which is a special character in HTML used for escaping
 target is: hTMLFilter method is: addFilterRule(java.lang.String,java.lang.String)
statement is: hTMLFilter.addFilterRule("<", "&lt;")// replaces less than symbol with &lt;, which is used to indicate the start of an HTML tag
, class spoon.support.reflect.code.CtInvocationImpl
invocation is: hTMLFilter.addFilterRule("<", "&lt;")// replaces less than symbol with &lt;, which is used to indicate the start of an HTML tag
 target is: hTMLFilter method is: addFilterRule(java.lang.String,java.lang.String)
statement is: hTMLFilter.addFilterRule(">", "&gt;")// replaces greater than symbol with &gt;, which is used to indicate the end of an HTML tag
, class spoon.support.reflect.code.CtInvocationImpl
invocation is: hTMLFilter.addFilterRule(">", "&gt;")// replaces greater than symbol with &gt;, which is used to indicate the end of an HTML tag
 target is: hTMLFilter method is: addFilterRule(java.lang.String,java.lang.String)
statement is: hTMLFilter.addFilterRule('"', "&quot;")// replaces double quotes with &quot;, which is used to enclose attribute values in HTML
, class spoon.support.reflect.code.CtInvocationImpl
invocation is: hTMLFilter.addFilterRule('"', "&quot;")// replaces double quotes with &quot;, which is used to enclose attribute values in HTML
 target is: hTMLFilter method is: addFilterRule(char,java.lang.String)
statement is: hTMLFilter.addFilterRule("'", "&#39;")// replaces single quotes with &#39;, which is used to enclose attribute values in HTML }}
, class spoon.support.reflect.code.CtInvocationImpl
invocation is: hTMLFilter.addFilterRule("'", "&#39;")// replaces single quotes with &#39;, which is used to enclose attribute values in HTML }}
 target is: hTMLFilter method is: addFilterRule(java.lang.String,java.lang.String)
statement is: filter(Ljava/lang/String;)Ljava/lang/String; type is: class org.evosuite.testcase.statements.MethodStatement return type class java.lang.String
statement code is: String filter = HTMLFilter.filter("#7v>9X8<q3RMRJ")
test data is: HTMLFilter.filter("#7v>9X8<q3RMRJ");

** It was a parseable test case! 
Improved test data is: class DummyClass {
    public static void main() {
        HTMLFilter.filter("Hello World!");
    }
}
statement is: HTMLFilter.filter("Hello World!"), class spoon.support.reflect.code.CtInvocationImpl
invocation is: HTMLFilter.filter("Hello World!") target is: HTMLFilter method is: filter(java.lang.String)
Matched Method is: filter(Ljava/lang/String;)Ljava/lang/String;
TestCase is: String string = "Hello World!";
HTMLFilter.filter(string);

statement is: filter(Ljava/lang/String;)Ljava/lang/String; type is: class org.evosuite.testcase.statements.MethodStatement return type class java.lang.String
statement code is: String filter = HTMLFilter.filter((String) null)
test data is: HTMLFilter.filter((String) null);

** It was a parseable test case! 
Improved test data is: class DummyClass {
    public static void main() {
        HTMLFilter.filter("");
        HTMLFilter.filter("Hello, World!");
        HTMLFilter.filter("This is a <b>test</b> string.");
        HTMLFilter.filter("This is a <script>alert('test')</script> string.");
    }
}
statement is: HTMLFilter.filter(""), class spoon.support.reflect.code.CtInvocationImpl
invocation is: HTMLFilter.filter("") target is: HTMLFilter method is: filter(java.lang.String)
Matched Method is: filter(Ljava/lang/String;)Ljava/lang/String;
statement is: HTMLFilter.filter("Hello, World!"), class spoon.support.reflect.code.CtInvocationImpl
invocation is: HTMLFilter.filter("Hello, World!") target is: HTMLFilter method is: filter(java.lang.String)
Matched Method is: filter(Ljava/lang/String;)Ljava/lang/String;
statement is: HTMLFilter.filter("This is a <b>test</b> string."), class spoon.support.reflect.code.CtInvocationImpl
invocation is: HTMLFilter.filter("This is a <b>test</b> string.") target is: HTMLFilter method is: filter(java.lang.String)
Matched Method is: filter(Ljava/lang/String;)Ljava/lang/String;
statement is: HTMLFilter.filter("This is a <script>alert('test')</script> string."), class spoon.support.reflect.code.CtInvocationImpl
invocation is: HTMLFilter.filter("This is a <script>alert('test')</script> string.") target is: HTMLFilter method is: filter(java.lang.String)
Matched Method is: filter(Ljava/lang/String;)Ljava/lang/String;
TestCase is: String string = "";
HTMLFilter.filter(string);
String string = "Hello, World!";
HTMLFilter.filter(string);
String string = "This is a <b>test</b> string.";
HTMLFilter.filter(string);
String string = "This is a <script>alert('test')</script> string.";
HTMLFilter.filter(string);

statement is: filter(Ljava/lang/String;)Ljava/lang/String; type is: class org.evosuite.testcase.statements.MethodStatement return type class java.lang.String
statement code is: String filter = HTMLFilter.filter("Ys$Tb#tJXS\")!O7n]^6")
test data is: HTMLFilter.filter("Ys$Tb#tJXS\")!O7n]^6");

** It was a parseable test case! 
Improved test data is: class DummyClass {
    public static void main() {
        HTMLFilter.filter("<script>alert('Hello, world!');</script>");
    }
}
statement is: HTMLFilter.filter("<script>alert('Hello, world!');</script>"), class spoon.support.reflect.code.CtInvocationImpl
invocation is: HTMLFilter.filter("<script>alert('Hello, world!');</script>") target is: HTMLFilter method is: filter(java.lang.String)
Matched Method is: filter(Ljava/lang/String;)Ljava/lang/String;
TestCase is: String string = "<script>alert('Hello, world!');</script>";
HTMLFilter.filter(string);

statement is: filter(Ljava/lang/String;)Ljava/lang/String; type is: class org.evosuite.testcase.statements.MethodStatement return type class java.lang.String
statement code is: String filter = HTMLFilter.filter("&lt;")
test data is: HTMLFilter.filter("&lt;");

** It was a parseable test case! 
Improved test data is: class DummyClass {
    public static void main() {
        // Test data for HTMLFilter.filter() method
        String[] tests = new String[]{ "&lt;", // should be filtered out
        "<hello>", // should not be filtered out
        "&lt;script&gt;", // should be filtered out
        "<script>" };// should not be filtered out }}

    }
}
statement is: // Test data for HTMLFilter.filter() method
String[] tests = new String[]{ "&lt;", // should be filtered out
"<hello>", // should not be filtered out
"&lt;script&gt;", // should be filtered out
"<script>" }// should not be filtered out }}
, class spoon.support.reflect.code.CtLocalVariableImpl
class spoon.support.reflect.code.CtNewArrayImpl
statement is: filter(Ljava/lang/String;)Ljava/lang/String; type is: class org.evosuite.testcase.statements.MethodStatement return type class java.lang.String
statement code is: String filter = HTMLFilter.filter("")
test data is: HTMLFilter.filter("");

** It was a parseable test case! 
Improved test data is: class DummyClass {
    public static void main() {
        String input = "";
        String expectedOutput = "";
    }
}
statement is: String input = "", class spoon.support.reflect.code.CtLocalVariableImpl
class spoon.support.reflect.code.CtLiteralImpl
statement is: String expectedOutput = "", class spoon.support.reflect.code.CtLocalVariableImpl
class spoon.support.reflect.code.CtLiteralImpl
* this is vulnerable: String string = ""
* this is vulnerable: String string = ""
TestCase is: String string = "";
String string = "";

* test suite isTestSuite: 10
Test 0: 
HTMLFilter hTMLFilter = new HTMLFilter();

Test 1: 
HTMLFilter.filter("#7v>9X8<q3RMRJ");
Test 2: 
HTMLFilter.filter((String) null);
Test 3: 
HTMLFilter.filter("Ys$Tb#tJXS\")!O7n]^6");
Test 4: 
HTMLFilter.filter("&lt;");
Test 5: 
HTMLFilter.filter("");
Test 6: 
HTMLFilter.filter("Hello World!");

Test 7: 
HTMLFilter.filter("");
HTMLFilter.filter("Hello, World!");
HTMLFilter.filter("This is a <b>test</b> string.");
HTMLFilter.filter("This is a <script>alert('test')</script> string.");

Test 8: 
HTMLFilter.filter("<script>alert('Hello, world!');</script>");

Test 9: 


* Generated after the refinement and before minimization 10 tests with total length 12
* test suite isTestSuite: 10
Test 0: 
HTMLFilter hTMLFilter = new HTMLFilter();

Test 1: 
HTMLFilter.filter("#7v>9X8<q3RMRJ");
Test 2: 
HTMLFilter.filter((String) null);
Test 3: 
HTMLFilter.filter("Ys$Tb#tJXS\")!O7n]^6");
Test 4: 
HTMLFilter.filter("&lt;");
Test 5: 
HTMLFilter.filter("");
Test 6: 
HTMLFilter.filter("Hello World!");

Test 7: 
HTMLFilter.filter("");
HTMLFilter.filter("Hello, World!");
HTMLFilter.filter("This is a <b>test</b> string.");
HTMLFilter.filter("This is a <script>alert('test')</script> string.");

Test 8: 
HTMLFilter.filter("<script>alert('Hello, world!');</script>");

Test 9: 


* Minimizing test suite
* test suite isTestSuite: 6
Test 0: 
HTMLFilter hTMLFilter = new HTMLFilter();

Test 1: 
HTMLFilter.filter("<script>alert('Hello, world!');</script>");
Test 2: 
HTMLFilter.filter((String) null);
Test 3: 
HTMLFilter.filter("Ys$Tb#tJXS\")!O7n]^6");
Test 4: 
HTMLFilter.filter("&lt;");
Test 5: 
HTMLFilter.filter("");

* Going to analyze the coverage criteria
* Coverage analysis for criterion BRANCH
* Coverage of criterion BRANCH: 100%
* Total number of goals: 15
* Number of covered goals: 15
* Coverage analysis for criterion LINE
* Coverage of criterion LINE: 100%
* Total number of goals: 18
* Number of covered goals: 18
* Coverage analysis for criterion OUTPUT
* Coverage of criterion OUTPUT: 100%
* Total number of goals: 3
* Number of covered goals: 3
* Coverage analysis for criterion METHOD
* Coverage of criterion METHOD: 100%
* Total number of goals: 2
* Number of covered goals: 2
* Coverage analysis for criterion CBRANCH
* Coverage of criterion CBRANCH: 100%
* Total number of goals: 15
* Number of covered goals: 15
* Generated 6 tests with total length 6
* Resulting test suite's coverage: 100% (average coverage for all fitness functions)
* Generating assertions
* Resulting test suite's mutation score: 72%
* Compiling and checking tests
Going to execute: removeTestsThatDoNotCompile
* Compiling Tests
** Write a test suite: 0 called: 0 to improve: false
* Compiling Tests
** Write a test suite: 0 called: 0 to improve: true
** Improve Understandability: ** Test Code is: HTMLFilter hTMLFilter = new HTMLFilter();

** It was a parseable test case! 
refined test name is: testCreateHTMLFilterInstance
* Compiling Tests
** Write a test suite: 0 called: 0 to improve: false
* Compiling Tests
** Write a test suite: 0 called: 0 to improve: true
** Improve Understandability: ** Test Code is: String filter = HTMLFilter.filter("<script>alert('Hello, world!');</script>");
assertEquals("&lt;script&gt;alert('Hello, world!');&lt;/script&gt;", filter);
assertNotNull(filter);


** It was a parseable test case! 
refined test name is: testHTMLFilterEscapeScriptTags
* Compiling Tests
** Write a test suite: 0 called: 0 to improve: false
* Compiling Tests
** Write a test suite: 0 called: 0 to improve: true
** Improve Understandability: ** Test Code is: String filter = HTMLFilter.filter((String) null);
assertNull(filter);


** It was a parseable test case! 
refined test name is: testFilterWithNullInputReturnsNull
* Compiling Tests
** Write a test suite: 0 called: 0 to improve: false
* Compiling Tests
** Write a test suite: 0 called: 0 to improve: true
** Improve Understandability: ** Test Code is: String filter = HTMLFilter.filter("Ys$Tb#tJXS\")!O7n]^6");
assertEquals("Ys$Tb#tJXS&quot;)!O7n]^6", filter);


** It was a parseable test case! 
refined test name is: testFilterWithValidInput
* Compiling Tests
** Write a test suite: 0 called: 0 to improve: false
* Compiling Tests
** Write a test suite: 0 called: 0 to improve: true
** Improve Understandability: ** Test Code is: String filter = HTMLFilter.filter("&lt;");
assertEquals("&amp;lt;", filter);


** It was a parseable test case! 
refined test name is: testFilteringOfAngleBrackets
* Compiling Tests
** Write a test suite: 0 called: 0 to improve: false
* Compiling Tests
** Write a test suite: 0 called: 0 to improve: true
** Improve Understandability: ** Test Code is: String filter = HTMLFilter.filter("");
assertEquals("", filter);


** It was a parseable test case! 
refined test name is: testEmptyStringInputFiltersOutTags
Going to execute: handleTestsThatAreUnstable
* Compiling Tests
[MASTER] 15:58:13.816 [logback-1] WARN  AgentLoader - Failed to find EvoSuite jar in current classloader. URLs of classloader:
file:/root/.sdkman/candidates/java/8.0.333.fx-librca/jre/../lib/tools.jar
file:/tmp/EvoSuite_pathingJar7254973915277435503.jar
file:/root/.sdkman/candidates/java/8.0.333.fx-librca/jre/lib/ext/cldrdata.jar
file:/root/.sdkman/candidates/java/8.0.333.fx-librca/jre/lib/ext/sunec.jar
file:/root/.sdkman/candidates/java/8.0.333.fx-librca/jre/lib/ext/localedata.jar
file:/root/.sdkman/candidates/java/8.0.333.fx-librca/jre/lib/ext/jaccess.jar
file:/root/.sdkman/candidates/java/8.0.333.fx-librca/jre/lib/ext/dnsns.jar
file:/root/.sdkman/candidates/java/8.0.333.fx-librca/jre/lib/ext/sunpkcs11.jar
file:/root/.sdkman/candidates/java/8.0.333.fx-librca/jre/lib/ext/zipfs.jar
file:/root/.sdkman/candidates/java/8.0.333.fx-librca/jre/lib/ext/jfxrt.jar
file:/root/.sdkman/candidates/java/8.0.333.fx-librca/jre/lib/ext/sunjce_provider.jar
file:/root/.sdkman/candidates/java/8.0.333.fx-librca/jre/lib/ext/nashorn.jar
Going to execute: handleTestsThatAreUnstable
* Compiling Tests
[MASTER] 15:58:13.831 [logback-1] WARN  JUnitAnalyzer - Found unstable test named initializationError -> class java.lang.RuntimeException: Cannot find either the compilation target folder nor the EvoSuite jar in classpath: /tmp/EvoSuite_pathingJar7254973915277435503.jar
[MASTER] 15:58:13.904 [logback-1] WARN  AgentLoader - Failed to find EvoSuite jar in current classloader. URLs of classloader:
file:/root/.sdkman/candidates/java/8.0.333.fx-librca/jre/../lib/tools.jar
file:/tmp/EvoSuite_pathingJar7254973915277435503.jar
file:/root/.sdkman/candidates/java/8.0.333.fx-librca/jre/lib/ext/cldrdata.jar
file:/root/.sdkman/candidates/java/8.0.333.fx-librca/jre/lib/ext/sunec.jar
file:/root/.sdkman/candidates/java/8.0.333.fx-librca/jre/lib/ext/localedata.jar
file:/root/.sdkman/candidates/java/8.0.333.fx-librca/jre/lib/ext/jaccess.jar
file:/root/.sdkman/candidates/java/8.0.333.fx-librca/jre/lib/ext/dnsns.jar
file:/root/.sdkman/candidates/java/8.0.333.fx-librca/jre/lib/ext/sunpkcs11.jar
file:/root/.sdkman/candidates/java/8.0.333.fx-librca/jre/lib/ext/zipfs.jar
file:/root/.sdkman/candidates/java/8.0.333.fx-librca/jre/lib/ext/jfxrt.jar
file:/root/.sdkman/candidates/java/8.0.333.fx-librca/jre/lib/ext/sunjce_provider.jar
file:/root/.sdkman/candidates/java/8.0.333.fx-librca/jre/lib/ext/nashorn.jar
Going to execute: handleTestsThatAreUnstable
* Compiling Tests
[MASTER] 15:58:13.905 [logback-1] WARN  JUnitAnalyzer - Found unstable test named initializationError -> class java.lang.RuntimeException: Cannot find either the compilation target folder nor the EvoSuite jar in classpath: /tmp/EvoSuite_pathingJar7254973915277435503.jar
[MASTER] 15:58:13.977 [logback-1] WARN  AgentLoader - Failed to find EvoSuite jar in current classloader. URLs of classloader:
file:/root/.sdkman/candidates/java/8.0.333.fx-librca/jre/../lib/tools.jar
file:/tmp/EvoSuite_pathingJar7254973915277435503.jar
file:/root/.sdkman/candidates/java/8.0.333.fx-librca/jre/lib/ext/cldrdata.jar
file:/root/.sdkman/candidates/java/8.0.333.fx-librca/jre/lib/ext/sunec.jar
file:/root/.sdkman/candidates/java/8.0.333.fx-librca/jre/lib/ext/localedata.jar
file:/root/.sdkman/candidates/java/8.0.333.fx-librca/jre/lib/ext/jaccess.jar
file:/root/.sdkman/candidates/java/8.0.333.fx-librca/jre/lib/ext/dnsns.jar
file:/root/.sdkman/candidates/java/8.0.333.fx-librca/jre/lib/ext/sunpkcs11.jar
file:/root/.sdkman/candidates/java/8.0.333.fx-librca/jre/lib/ext/zipfs.jar
file:/root/.sdkman/candidates/java/8.0.333.fx-librca/jre/lib/ext/jfxrt.jar
file:/root/.sdkman/candidates/java/8.0.333.fx-librca/jre/lib/ext/sunjce_provider.jar
file:/root/.sdkman/candidates/java/8.0.333.fx-librca/jre/lib/ext/nashorn.jar
[MASTER] 15:58:13.978 [logback-1] WARN  JUnitAnalyzer - Found unstable test named initializationError -> class java.lang.RuntimeException: Cannot find either the compilation target folder nor the EvoSuite jar in classpath: /tmp/EvoSuite_pathingJar7254973915277435503.jar
Going to execute: handleTestsThatAreUnstable
* Compiling Tests
[MASTER] 15:58:14.054 [logback-1] WARN  AgentLoader - Failed to find EvoSuite jar in current classloader. URLs of classloader:
file:/root/.sdkman/candidates/java/8.0.333.fx-librca/jre/../lib/tools.jar
file:/tmp/EvoSuite_pathingJar7254973915277435503.jar
file:/root/.sdkman/candidates/java/8.0.333.fx-librca/jre/lib/ext/cldrdata.jar
file:/root/.sdkman/candidates/java/8.0.333.fx-librca/jre/lib/ext/sunec.jar
file:/root/.sdkman/candidates/java/8.0.333.fx-librca/jre/lib/ext/localedata.jar
file:/root/.sdkman/candidates/java/8.0.333.fx-librca/jre/lib/ext/jaccess.jar
file:/root/.sdkman/candidates/java/8.0.333.fx-librca/jre/lib/ext/dnsns.jar
file:/root/.sdkman/candidates/java/8.0.333.fx-librca/jre/lib/ext/sunpkcs11.jar
file:/root/.sdkman/candidates/java/8.0.333.fx-librca/jre/lib/ext/zipfs.jar
file:/root/.sdkman/candidates/java/8.0.333.fx-librca/jre/lib/ext/jfxrt.jar
file:/root/.sdkman/candidates/java/8.0.333.fx-librca/jre/lib/ext/sunjce_provider.jar
file:/root/.sdkman/candidates/java/8.0.333.fx-librca/jre/lib/ext/nashorn.jar
[MASTER] 15:58:14.056 [logback-1] WARN  JUnitAnalyzer - Found unstable test named initializationError -> class java.lang.RuntimeException: Cannot find either the compilation target folder nor the EvoSuite jar in classpath: /tmp/EvoSuite_pathingJar7254973915277435503.jar
Going to execute: handleTestsThatAreUnstable
* Compiling Tests
[MASTER] 15:58:14.167 [logback-1] WARN  AgentLoader - Failed to find EvoSuite jar in current classloader. URLs of classloader:
file:/root/.sdkman/candidates/java/8.0.333.fx-librca/jre/../lib/tools.jar
file:/tmp/EvoSuite_pathingJar7254973915277435503.jar
file:/root/.sdkman/candidates/java/8.0.333.fx-librca/jre/lib/ext/cldrdata.jar
file:/root/.sdkman/candidates/java/8.0.333.fx-librca/jre/lib/ext/sunec.jar
file:/root/.sdkman/candidates/java/8.0.333.fx-librca/jre/lib/ext/localedata.jar
file:/root/.sdkman/candidates/java/8.0.333.fx-librca/jre/lib/ext/jaccess.jar
file:/root/.sdkman/candidates/java/8.0.333.fx-librca/jre/lib/ext/dnsns.jar
file:/root/.sdkman/candidates/java/8.0.333.fx-librca/jre/lib/ext/sunpkcs11.jar
file:/root/.sdkman/candidates/java/8.0.333.fx-librca/jre/lib/ext/zipfs.jar
file:/root/.sdkman/candidates/java/8.0.333.fx-librca/jre/lib/ext/jfxrt.jar
file:/root/.sdkman/candidates/java/8.0.333.fx-librca/jre/lib/ext/sunjce_provider.jar
file:/root/.sdkman/candidates/java/8.0.333.fx-librca/jre/lib/ext/nashorn.jar
[MASTER] 15:58:14.168 [logback-1] WARN  JUnitAnalyzer - Found unstable test named initializationError -> class java.lang.RuntimeException: Cannot find either the compilation target folder nor the EvoSuite jar in classpath: /tmp/EvoSuite_pathingJar7254973915277435503.jar
Going to execute: handleTestsThatAreUnstable
* Compiling Tests
[MASTER] 15:58:14.299 [logback-1] WARN  AgentLoader - Failed to find EvoSuite jar in current classloader. URLs of classloader:
file:/root/.sdkman/candidates/java/8.0.333.fx-librca/jre/../lib/tools.jar
file:/tmp/EvoSuite_pathingJar7254973915277435503.jar
file:/root/.sdkman/candidates/java/8.0.333.fx-librca/jre/lib/ext/cldrdata.jar
file:/root/.sdkman/candidates/java/8.0.333.fx-librca/jre/lib/ext/sunec.jar
file:/root/.sdkman/candidates/java/8.0.333.fx-librca/jre/lib/ext/localedata.jar
file:/root/.sdkman/candidates/java/8.0.333.fx-librca/jre/lib/ext/jaccess.jar
file:/root/.sdkman/candidates/java/8.0.333.fx-librca/jre/lib/ext/dnsns.jar
file:/root/.sdkman/candidates/java/8.0.333.fx-librca/jre/lib/ext/sunpkcs11.jar
file:/root/.sdkman/candidates/java/8.0.333.fx-librca/jre/lib/ext/zipfs.jar
file:/root/.sdkman/candidates/java/8.0.333.fx-librca/jre/lib/ext/jfxrt.jar
file:/root/.sdkman/candidates/java/8.0.333.fx-librca/jre/lib/ext/sunjce_provider.jar
file:/root/.sdkman/candidates/java/8.0.333.fx-librca/jre/lib/ext/nashorn.jar
[MASTER] 15:58:14.301 [logback-1] WARN  JUnitAnalyzer - Found unstable test named initializationError -> class java.lang.RuntimeException: Cannot find either the compilation target folder nor the EvoSuite jar in classpath: /tmp/EvoSuite_pathingJar7254973915277435503.jar
Going to execute: handleTestsThatAreUnstable
* Compiling Tests
[MASTER] 15:58:14.407 [logback-1] WARN  AgentLoader - Failed to find EvoSuite jar in current classloader. URLs of classloader:
file:/root/.sdkman/candidates/java/8.0.333.fx-librca/jre/../lib/tools.jar
file:/tmp/EvoSuite_pathingJar7254973915277435503.jar
file:/root/.sdkman/candidates/java/8.0.333.fx-librca/jre/lib/ext/cldrdata.jar
file:/root/.sdkman/candidates/java/8.0.333.fx-librca/jre/lib/ext/sunec.jar
file:/root/.sdkman/candidates/java/8.0.333.fx-librca/jre/lib/ext/localedata.jar
file:/root/.sdkman/candidates/java/8.0.333.fx-librca/jre/lib/ext/jaccess.jar
file:/root/.sdkman/candidates/java/8.0.333.fx-librca/jre/lib/ext/dnsns.jar
file:/root/.sdkman/candidates/java/8.0.333.fx-librca/jre/lib/ext/sunpkcs11.jar
file:/root/.sdkman/candidates/java/8.0.333.fx-librca/jre/lib/ext/zipfs.jar
file:/root/.sdkman/candidates/java/8.0.333.fx-librca/jre/lib/ext/jfxrt.jar
file:/root/.sdkman/candidates/java/8.0.333.fx-librca/jre/lib/ext/sunjce_provider.jar
file:/root/.sdkman/candidates/java/8.0.333.fx-librca/jre/lib/ext/nashorn.jar
[MASTER] 15:58:14.408 [logback-1] WARN  JUnitAnalyzer - Found unstable test named initializationError -> class java.lang.RuntimeException: Cannot find either the compilation target folder nor the EvoSuite jar in classpath: /tmp/EvoSuite_pathingJar7254973915277435503.jar
Going to execute: handleTestsThatAreUnstable
* Compiling Tests
[MASTER] 15:58:14.519 [logback-1] WARN  AgentLoader - Failed to find EvoSuite jar in current classloader. URLs of classloader:
file:/root/.sdkman/candidates/java/8.0.333.fx-librca/jre/../lib/tools.jar
file:/tmp/EvoSuite_pathingJar7254973915277435503.jar
file:/root/.sdkman/candidates/java/8.0.333.fx-librca/jre/lib/ext/cldrdata.jar
file:/root/.sdkman/candidates/java/8.0.333.fx-librca/jre/lib/ext/sunec.jar
file:/root/.sdkman/candidates/java/8.0.333.fx-librca/jre/lib/ext/localedata.jar
file:/root/.sdkman/candidates/java/8.0.333.fx-librca/jre/lib/ext/jaccess.jar
file:/root/.sdkman/candidates/java/8.0.333.fx-librca/jre/lib/ext/dnsns.jar
file:/root/.sdkman/candidates/java/8.0.333.fx-librca/jre/lib/ext/sunpkcs11.jar
file:/root/.sdkman/candidates/java/8.0.333.fx-librca/jre/lib/ext/zipfs.jar
file:/root/.sdkman/candidates/java/8.0.333.fx-librca/jre/lib/ext/jfxrt.jar
file:/root/.sdkman/candidates/java/8.0.333.fx-librca/jre/lib/ext/sunjce_provider.jar
file:/root/.sdkman/candidates/java/8.0.333.fx-librca/jre/lib/ext/nashorn.jar
[MASTER] 15:58:14.520 [logback-1] WARN  JUnitAnalyzer - Found unstable test named initializationError -> class java.lang.RuntimeException: Cannot find either the compilation target folder nor the EvoSuite jar in classpath: /tmp/EvoSuite_pathingJar7254973915277435503.jar
[MASTER] 15:58:14.577 [logback-1] WARN  TimeController - Already entered in phase: INLINING. This will mess up the timing calculations.
* test suite isTestSuite: 6
Test 0: 
HTMLFilter hTMLFilter = new HTMLFilter();

Test 1: 
HTMLFilter.filter("#7v>9X8<q3RMRJ");
Test 2: 
HTMLFilter.filter((String) null);
Test 3: 
HTMLFilter.filter("Ys$Tb#tJXS\")!O7n]^6");
Test 4: 
HTMLFilter.filter("&lt;");
Test 5: 
HTMLFilter.filter("");

* Minimizing test suite
* test suite isTestSuite: 6
Test 0: 
HTMLFilter hTMLFilter = new HTMLFilter();

Test 1: 
HTMLFilter.filter("#7v>9X8<q3RMRJ");
Test 2: 
HTMLFilter.filter((String) null);
Test 3: 
HTMLFilter.filter("Ys$Tb#tJXS\")!O7n]^6");
Test 4: 
HTMLFilter.filter("&lt;");
Test 5: 
HTMLFilter.filter("");

[MASTER] 15:58:15.052 [logback-1] WARN  TimeController - Already entered in phase: MINIMIZATION. This will mess up the timing calculations.
* Going to analyze the coverage criteria
* Coverage analysis for criterion BRANCH
* Coverage of criterion BRANCH: 100%
* Total number of goals: 15
* Number of covered goals: 15
* Coverage analysis for criterion LINE
* Coverage of criterion LINE: 100%
* Total number of goals: 18
* Number of covered goals: 18
* Coverage analysis for criterion OUTPUT
* Coverage of criterion OUTPUT: 100%
* Total number of goals: 3
* Number of covered goals: 3
* Coverage analysis for criterion METHOD
* Coverage of criterion METHOD: 100%
* Total number of goals: 2
* Number of covered goals: 2
* Coverage analysis for criterion CBRANCH
* Coverage of criterion CBRANCH: 100%
* Total number of goals: 15
* Number of covered goals: 15
* Generated 6 tests with total length 6
* Resulting test suite's coverage: 100% (average coverage for all fitness functions)
* Generating assertions
[MASTER] 15:58:15.120 [logback-1] WARN  TimeController - Already entered in phase: COVERAGE_ANALYSIS. This will mess up the timing calculations.
* Resulting test suite's mutation score: 72%
* Compiling and checking tests
[MASTER] 15:58:15.476 [logback-1] WARN  TimeController - Already entered in phase: ASSERTION_GENERATION. This will mess up the timing calculations.
Going to execute: removeTestsThatDoNotCompile
* Compiling Tests
** Write a test suite: 0 called: 0 to improve: false
* Compiling Tests
** Write a test suite: 0 called: 0 to improve: false
* Compiling Tests
** Write a test suite: 0 called: 0 to improve: false
* Compiling Tests
** Write a test suite: 0 called: 0 to improve: false
* Compiling Tests
** Write a test suite: 0 called: 0 to improve: false
* Compiling Tests
** Write a test suite: 0 called: 0 to improve: false
Going to execute: handleTestsThatAreUnstable
* Compiling Tests
** Write a test suite: 0 called: 0 to improve: false
[MASTER] 15:58:16.151 [logback-1] WARN  AgentLoader - Failed to find EvoSuite jar in current classloader. URLs of classloader:
file:/root/.sdkman/candidates/java/8.0.333.fx-librca/jre/../lib/tools.jar
file:/tmp/EvoSuite_pathingJar7254973915277435503.jar
file:/root/.sdkman/candidates/java/8.0.333.fx-librca/jre/lib/ext/cldrdata.jar
file:/root/.sdkman/candidates/java/8.0.333.fx-librca/jre/lib/ext/sunec.jar
file:/root/.sdkman/candidates/java/8.0.333.fx-librca/jre/lib/ext/localedata.jar
file:/root/.sdkman/candidates/java/8.0.333.fx-librca/jre/lib/ext/jaccess.jar
file:/root/.sdkman/candidates/java/8.0.333.fx-librca/jre/lib/ext/dnsns.jar
file:/root/.sdkman/candidates/java/8.0.333.fx-librca/jre/lib/ext/sunpkcs11.jar
file:/root/.sdkman/candidates/java/8.0.333.fx-librca/jre/lib/ext/zipfs.jar
file:/root/.sdkman/candidates/java/8.0.333.fx-librca/jre/lib/ext/jfxrt.jar
file:/root/.sdkman/candidates/java/8.0.333.fx-librca/jre/lib/ext/sunjce_provider.jar
file:/root/.sdkman/candidates/java/8.0.333.fx-librca/jre/lib/ext/nashorn.jar
[MASTER] 15:58:16.153 [logback-1] WARN  JUnitAnalyzer - Found unstable test named initializationError -> class java.lang.RuntimeException: Cannot find either the compilation target folder nor the EvoSuite jar in classpath: /tmp/EvoSuite_pathingJar7254973915277435503.jar
Going to execute: handleTestsThatAreUnstable
* Compiling Tests
** Write a test suite: 0 called: 0 to improve: false
[MASTER] 15:58:16.461 [logback-1] WARN  AgentLoader - Failed to find EvoSuite jar in current classloader. URLs of classloader:
file:/root/.sdkman/candidates/java/8.0.333.fx-librca/jre/../lib/tools.jar
file:/tmp/EvoSuite_pathingJar7254973915277435503.jar
file:/root/.sdkman/candidates/java/8.0.333.fx-librca/jre/lib/ext/cldrdata.jar
file:/root/.sdkman/candidates/java/8.0.333.fx-librca/jre/lib/ext/sunec.jar
file:/root/.sdkman/candidates/java/8.0.333.fx-librca/jre/lib/ext/localedata.jar
file:/root/.sdkman/candidates/java/8.0.333.fx-librca/jre/lib/ext/jaccess.jar
file:/root/.sdkman/candidates/java/8.0.333.fx-librca/jre/lib/ext/dnsns.jar
file:/root/.sdkman/candidates/java/8.0.333.fx-librca/jre/lib/ext/sunpkcs11.jar
file:/root/.sdkman/candidates/java/8.0.333.fx-librca/jre/lib/ext/zipfs.jar
file:/root/.sdkman/candidates/java/8.0.333.fx-librca/jre/lib/ext/jfxrt.jar
file:/root/.sdkman/candidates/java/8.0.333.fx-librca/jre/lib/ext/sunjce_provider.jar
file:/root/.sdkman/candidates/java/8.0.333.fx-librca/jre/lib/ext/nashorn.jar
[MASTER] 15:58:16.462 [logback-1] WARN  JUnitAnalyzer - Found unstable test named initializationError -> class java.lang.RuntimeException: Cannot find either the compilation target folder nor the EvoSuite jar in classpath: /tmp/EvoSuite_pathingJar7254973915277435503.jar
Going to execute: handleTestsThatAreUnstable
* Compiling Tests
** Write a test suite: 0 called: 0 to improve: false
[MASTER] 15:58:16.528 [logback-1] WARN  AgentLoader - Failed to find EvoSuite jar in current classloader. URLs of classloader:
file:/root/.sdkman/candidates/java/8.0.333.fx-librca/jre/../lib/tools.jar
file:/tmp/EvoSuite_pathingJar7254973915277435503.jar
file:/root/.sdkman/candidates/java/8.0.333.fx-librca/jre/lib/ext/cldrdata.jar
file:/root/.sdkman/candidates/java/8.0.333.fx-librca/jre/lib/ext/sunec.jar
file:/root/.sdkman/candidates/java/8.0.333.fx-librca/jre/lib/ext/localedata.jar
file:/root/.sdkman/candidates/java/8.0.333.fx-librca/jre/lib/ext/jaccess.jar
file:/root/.sdkman/candidates/java/8.0.333.fx-librca/jre/lib/ext/dnsns.jar
file:/root/.sdkman/candidates/java/8.0.333.fx-librca/jre/lib/ext/sunpkcs11.jar
file:/root/.sdkman/candidates/java/8.0.333.fx-librca/jre/lib/ext/zipfs.jar
file:/root/.sdkman/candidates/java/8.0.333.fx-librca/jre/lib/ext/jfxrt.jar
file:/root/.sdkman/candidates/java/8.0.333.fx-librca/jre/lib/ext/sunjce_provider.jar
file:/root/.sdkman/candidates/java/8.0.333.fx-librca/jre/lib/ext/nashorn.jar
[MASTER] 15:58:16.529 [logback-1] WARN  JUnitAnalyzer - Found unstable test named initializationError -> class java.lang.RuntimeException: Cannot find either the compilation target folder nor the EvoSuite jar in classpath: /tmp/EvoSuite_pathingJar7254973915277435503.jar
Going to execute: handleTestsThatAreUnstable
* Compiling Tests
** Write a test suite: 0 called: 0 to improve: false
[MASTER] 15:58:16.594 [logback-1] WARN  AgentLoader - Failed to find EvoSuite jar in current classloader. URLs of classloader:
file:/root/.sdkman/candidates/java/8.0.333.fx-librca/jre/../lib/tools.jar
file:/tmp/EvoSuite_pathingJar7254973915277435503.jar
file:/root/.sdkman/candidates/java/8.0.333.fx-librca/jre/lib/ext/cldrdata.jar
file:/root/.sdkman/candidates/java/8.0.333.fx-librca/jre/lib/ext/sunec.jar
file:/root/.sdkman/candidates/java/8.0.333.fx-librca/jre/lib/ext/localedata.jar
file:/root/.sdkman/candidates/java/8.0.333.fx-librca/jre/lib/ext/jaccess.jar
file:/root/.sdkman/candidates/java/8.0.333.fx-librca/jre/lib/ext/dnsns.jar
file:/root/.sdkman/candidates/java/8.0.333.fx-librca/jre/lib/ext/sunpkcs11.jar
file:/root/.sdkman/candidates/java/8.0.333.fx-librca/jre/lib/ext/zipfs.jar
file:/root/.sdkman/candidates/java/8.0.333.fx-librca/jre/lib/ext/jfxrt.jar
file:/root/.sdkman/candidates/java/8.0.333.fx-librca/jre/lib/ext/sunjce_provider.jar
file:/root/.sdkman/candidates/java/8.0.333.fx-librca/jre/lib/ext/nashorn.jar
[MASTER] 15:58:16.595 [logback-1] WARN  JUnitAnalyzer - Found unstable test named initializationError -> class java.lang.RuntimeException: Cannot find either the compilation target folder nor the EvoSuite jar in classpath: /tmp/EvoSuite_pathingJar7254973915277435503.jar
Going to execute: handleTestsThatAreUnstable
* Compiling Tests
** Write a test suite: 0 called: 0 to improve: false
[MASTER] 15:58:16.661 [logback-1] WARN  AgentLoader - Failed to find EvoSuite jar in current classloader. URLs of classloader:
file:/root/.sdkman/candidates/java/8.0.333.fx-librca/jre/../lib/tools.jar
file:/tmp/EvoSuite_pathingJar7254973915277435503.jar
file:/root/.sdkman/candidates/java/8.0.333.fx-librca/jre/lib/ext/cldrdata.jar
file:/root/.sdkman/candidates/java/8.0.333.fx-librca/jre/lib/ext/sunec.jar
file:/root/.sdkman/candidates/java/8.0.333.fx-librca/jre/lib/ext/localedata.jar
file:/root/.sdkman/candidates/java/8.0.333.fx-librca/jre/lib/ext/jaccess.jar
file:/root/.sdkman/candidates/java/8.0.333.fx-librca/jre/lib/ext/dnsns.jar
file:/root/.sdkman/candidates/java/8.0.333.fx-librca/jre/lib/ext/sunpkcs11.jar
file:/root/.sdkman/candidates/java/8.0.333.fx-librca/jre/lib/ext/zipfs.jar
file:/root/.sdkman/candidates/java/8.0.333.fx-librca/jre/lib/ext/jfxrt.jar
file:/root/.sdkman/candidates/java/8.0.333.fx-librca/jre/lib/ext/sunjce_provider.jar
file:/root/.sdkman/candidates/java/8.0.333.fx-librca/jre/lib/ext/nashorn.jar
Going to execute: handleTestsThatAreUnstable
* Compiling Tests
** Write a test suite: 0 called: 0 to improve: false
[MASTER] 15:58:16.662 [logback-1] WARN  JUnitAnalyzer - Found unstable test named initializationError -> class java.lang.RuntimeException: Cannot find either the compilation target folder nor the EvoSuite jar in classpath: /tmp/EvoSuite_pathingJar7254973915277435503.jar
[MASTER] 15:58:16.745 [logback-1] WARN  AgentLoader - Failed to find EvoSuite jar in current classloader. URLs of classloader:
file:/root/.sdkman/candidates/java/8.0.333.fx-librca/jre/../lib/tools.jar
file:/tmp/EvoSuite_pathingJar7254973915277435503.jar
file:/root/.sdkman/candidates/java/8.0.333.fx-librca/jre/lib/ext/cldrdata.jar
file:/root/.sdkman/candidates/java/8.0.333.fx-librca/jre/lib/ext/sunec.jar
file:/root/.sdkman/candidates/java/8.0.333.fx-librca/jre/lib/ext/localedata.jar
file:/root/.sdkman/candidates/java/8.0.333.fx-librca/jre/lib/ext/jaccess.jar
file:/root/.sdkman/candidates/java/8.0.333.fx-librca/jre/lib/ext/dnsns.jar
file:/root/.sdkman/candidates/java/8.0.333.fx-librca/jre/lib/ext/sunpkcs11.jar
file:/root/.sdkman/candidates/java/8.0.333.fx-librca/jre/lib/ext/zipfs.jar
file:/root/.sdkman/candidates/java/8.0.333.fx-librca/jre/lib/ext/jfxrt.jar
file:/root/.sdkman/candidates/java/8.0.333.fx-librca/jre/lib/ext/sunjce_provider.jar
file:/root/.sdkman/candidates/java/8.0.333.fx-librca/jre/lib/ext/nashorn.jar
[MASTER] 15:58:16.746 [logback-1] WARN  JUnitAnalyzer - Found unstable test named initializationError -> class java.lang.RuntimeException: Cannot find either the compilation target folder nor the EvoSuite jar in classpath: /tmp/EvoSuite_pathingJar7254973915277435503.jar
Going to execute: handleTestsThatAreUnstable
* Compiling Tests
** Write a test suite: 0 called: 0 to improve: false
** Write a test suite: 1 called: 1 to improve: false
** Write a test suite: 2 called: 2 to improve: false
** Write a test suite: 3 called: 3 to improve: false
** Write a test suite: 4 called: 4 to improve: false
** Write a test suite: 5 called: 5 to improve: false
[MASTER] 15:58:16.876 [logback-1] WARN  AgentLoader - Failed to find EvoSuite jar in current classloader. URLs of classloader:
file:/root/.sdkman/candidates/java/8.0.333.fx-librca/jre/../lib/tools.jar
file:/tmp/EvoSuite_pathingJar7254973915277435503.jar
file:/root/.sdkman/candidates/java/8.0.333.fx-librca/jre/lib/ext/cldrdata.jar
file:/root/.sdkman/candidates/java/8.0.333.fx-librca/jre/lib/ext/sunec.jar
file:/root/.sdkman/candidates/java/8.0.333.fx-librca/jre/lib/ext/localedata.jar
file:/root/.sdkman/candidates/java/8.0.333.fx-librca/jre/lib/ext/jaccess.jar
file:/root/.sdkman/candidates/java/8.0.333.fx-librca/jre/lib/ext/dnsns.jar
file:/root/.sdkman/candidates/java/8.0.333.fx-librca/jre/lib/ext/sunpkcs11.jar
file:/root/.sdkman/candidates/java/8.0.333.fx-librca/jre/lib/ext/zipfs.jar
file:/root/.sdkman/candidates/java/8.0.333.fx-librca/jre/lib/ext/jfxrt.jar
file:/root/.sdkman/candidates/java/8.0.333.fx-librca/jre/lib/ext/sunjce_provider.jar
file:/root/.sdkman/candidates/java/8.0.333.fx-librca/jre/lib/ext/nashorn.jar
Going to execute: handleTestsThatAreUnstable
* Compiling Tests
** Write a test suite: 0 called: 0 to improve: false
** Write a test suite: 1 called: 1 to improve: false
** Write a test suite: 2 called: 2 to improve: false
** Write a test suite: 3 called: 3 to improve: false
** Write a test suite: 4 called: 4 to improve: false
** Write a test suite: 5 called: 5 to improve: false
[MASTER] 15:58:16.877 [logback-1] WARN  JUnitAnalyzer - Found unstable test named initializationError -> class java.lang.RuntimeException: Cannot find either the compilation target folder nor the EvoSuite jar in classpath: /tmp/EvoSuite_pathingJar7254973915277435503.jar
[MASTER] 15:58:16.991 [logback-1] WARN  AgentLoader - Failed to find EvoSuite jar in current classloader. URLs of classloader:
file:/root/.sdkman/candidates/java/8.0.333.fx-librca/jre/../lib/tools.jar
file:/tmp/EvoSuite_pathingJar7254973915277435503.jar
file:/root/.sdkman/candidates/java/8.0.333.fx-librca/jre/lib/ext/cldrdata.jar
file:/root/.sdkman/candidates/java/8.0.333.fx-librca/jre/lib/ext/sunec.jar
file:/root/.sdkman/candidates/java/8.0.333.fx-librca/jre/lib/ext/localedata.jar
file:/root/.sdkman/candidates/java/8.0.333.fx-librca/jre/lib/ext/jaccess.jar
file:/root/.sdkman/candidates/java/8.0.333.fx-librca/jre/lib/ext/dnsns.jar
file:/root/.sdkman/candidates/java/8.0.333.fx-librca/jre/lib/ext/sunpkcs11.jar
file:/root/.sdkman/candidates/java/8.0.333.fx-librca/jre/lib/ext/zipfs.jar
file:/root/.sdkman/candidates/java/8.0.333.fx-librca/jre/lib/ext/jfxrt.jar
file:/root/.sdkman/candidates/java/8.0.333.fx-librca/jre/lib/ext/sunjce_provider.jar
file:/root/.sdkman/candidates/java/8.0.333.fx-librca/jre/lib/ext/nashorn.jar
[MASTER] 15:58:16.992 [logback-1] WARN  JUnitAnalyzer - Found unstable test named initializationError -> class java.lang.RuntimeException: Cannot find either the compilation target folder nor the EvoSuite jar in classpath: /tmp/EvoSuite_pathingJar7254973915277435503.jar
* Writing tests to file
[MASTER] 15:58:16.997 [logback-1] WARN  TimeController - Already entered in phase: JUNIT_CHECK. This will mess up the timing calculations.
* Writing JUnit test case 'HTMLFilter_ESTest' to evosuite-tests
* Writing JUnit test case 'HTMLFilter_Original_ESTest' to evosuite-tests
** Write a test suite: 0 called: 0 to improve: false
** Write a test suite: 1 called: 1 to improve: false
** Write a test suite: 2 called: 2 to improve: false
** Write a test suite: 3 called: 3 to improve: false
** Write a test suite: 4 called: 4 to improve: false
** Write a test suite: 5 called: 5 to improve: false
* Done!

* Computation finished
