* EvoSuite 1.2.1-SNAPSHOT
* Going to generate test cases for class: com.imsmart.servlet.HTMLFilter
* Starting Client-0
* Properties loaded from /home/ubuntu/UTestGen/Evaluation/getting_results/dataset/SF110/11_imsmart/evosuite-files/evosuite.properties
* Connecting to master process on port 7332
* Analyzing classpath: 
* Inheritance tree loaded from evosuite-files/inheritance.xml.gz
* Finished analyzing classpath
* Generating tests for class com.imsmart.servlet.HTMLFilter
* Test criteria:
  - Branch Coverage
  - Line Coverage
  - Method-Output Coverage
  - Top-Level Method Coverage
  - Context Branch Coverage
* Total number of test goals for DYNAMOSA: 53
* Using seed 1709242288246
[Progress:>                             0%] [Cov:>                                  0%]* Starting evolution
* Initial Number of Goals in DynaMOSA = 8 / 53
[Progress:>                             0%] [Cov:===================================100%]
* Search finished after 1s and 0 generations, 809 statements, best individual has fitness: 0.0
* Generated before the refinement 5 tests with total length 5
statement is: com.imsmart.servlet.HTMLFilter()V type is: class org.evosuite.testcase.statements.ConstructorStatement return type class com.imsmart.servlet.HTMLFilter
statement code is: HTMLFilter hTMLFilter = new HTMLFilter()
test data is: HTMLFilter hTMLFilter = new HTMLFilter();

** It was a parseable test case! 
Improved test data is: class DummyClass {
    public static void main() {
        hTMLFilter.addAllowedTag("a");
        hTMLFilter.addAllowedAttribute("href");
        hTMLFilter.addAllowedValue("target", "_blank");
        hTMLFilter.filter("<a href=\"#\" target=\"_blank\">Click here</a>");
        hTMLFilter.filter("<a href=\"https://www.example.com\">Example Link</a>");
        hTMLFilter.filter("<b><i>Bold and italic text</i></b>");
    }
}
statement is: hTMLFilter.addAllowedTag("a"), class spoon.support.reflect.code.CtInvocationImpl
invocation is: hTMLFilter.addAllowedTag("a") target is: hTMLFilter method is: addAllowedTag(java.lang.String)
statement is: hTMLFilter.addAllowedAttribute("href"), class spoon.support.reflect.code.CtInvocationImpl
invocation is: hTMLFilter.addAllowedAttribute("href") target is: hTMLFilter method is: addAllowedAttribute(java.lang.String)
statement is: hTMLFilter.addAllowedValue("target", "_blank"), class spoon.support.reflect.code.CtInvocationImpl
invocation is: hTMLFilter.addAllowedValue("target", "_blank") target is: hTMLFilter method is: addAllowedValue(java.lang.String,java.lang.String)
statement is: hTMLFilter.filter("<a href=\"#\" target=\"_blank\">Click here</a>"), class spoon.support.reflect.code.CtInvocationImpl
invocation is: hTMLFilter.filter("<a href=\"#\" target=\"_blank\">Click here</a>") target is: hTMLFilter method is: filter(java.lang.String)
statement is: hTMLFilter.filter("<a href=\"https://www.example.com\">Example Link</a>"), class spoon.support.reflect.code.CtInvocationImpl
invocation is: hTMLFilter.filter("<a href=\"https://www.example.com\">Example Link</a>") target is: hTMLFilter method is: filter(java.lang.String)
statement is: hTMLFilter.filter("<b><i>Bold and italic text</i></b>"), class spoon.support.reflect.code.CtInvocationImpl
invocation is: hTMLFilter.filter("<b><i>Bold and italic text</i></b>") target is: hTMLFilter method is: filter(java.lang.String)
statement is: filter(Ljava/lang/String;)Ljava/lang/String; type is: class org.evosuite.testcase.statements.MethodStatement return type class java.lang.String
statement code is: String filter = HTMLFilter.filter((String) null)
test data is: HTMLFilter.filter((String) null);

** It was a parseable test case! 
Improved test data is: class DummyClass {
    public static void main() {
        HTMLFilter.filter("Hello, World!");
    }
}
statement is: HTMLFilter.filter("Hello, World!"), class spoon.support.reflect.code.CtInvocationImpl
invocation is: HTMLFilter.filter("Hello, World!") target is: HTMLFilter method is: filter(java.lang.String)
Matched Method is: filter(Ljava/lang/String;)Ljava/lang/String;
TestCase is: String string = "Hello, World!";
HTMLFilter.filter(string);

statement is: filter(Ljava/lang/String;)Ljava/lang/String; type is: class org.evosuite.testcase.statements.MethodStatement return type class java.lang.String
statement code is: String filter = HTMLFilter.filter("/XbO\" lgL&u;")
test data is: HTMLFilter.filter("/XbO\" lgL&u;");

** It was a parseable test case! 
Improved test data is: class DummyClass {
    public static void main() {
        HTMLFilter.filter("https://example.com/path?q=query#anchor");
    }
}
statement is: HTMLFilter.filter("https://example.com/path?q=query#anchor"), class spoon.support.reflect.code.CtInvocationImpl
invocation is: HTMLFilter.filter("https://example.com/path?q=query#anchor") target is: HTMLFilter method is: filter(java.lang.String)
Matched Method is: filter(Ljava/lang/String;)Ljava/lang/String;
TestCase is: String string = "https://example.com/path?q=query#anchor";
HTMLFilter.filter(string);

statement is: filter(Ljava/lang/String;)Ljava/lang/String; type is: class org.evosuite.testcase.statements.MethodStatement return type class java.lang.String
statement code is: String filter = HTMLFilter.filter("7:UQ\"xC>g<J25-H#Oh")
test data is: HTMLFilter.filter("7:UQ\"xC>g<J25-H#Oh");

** It was a parseable test case! 
Improved test data is: class DummyClass {
    public static void main() {
        // Improved test data for HTMLFilter.filter() method
        String input = "7:UQ\"xC>g<J25-H#Oh";
        String expectedOutput = "";// TODO: Define the expected output for this input

        assertEquals(expectedOutput, HTMLFilter.filter(input));
    }
}
statement is: // Improved test data for HTMLFilter.filter() method
String input = "7:UQ\"xC>g<J25-H#Oh", class spoon.support.reflect.code.CtLocalVariableImpl
class spoon.support.reflect.code.CtLiteralImpl
statement is: String expectedOutput = ""// TODO: Define the expected output for this input
, class spoon.support.reflect.code.CtLocalVariableImpl
class spoon.support.reflect.code.CtLiteralImpl
statement is: assertEquals(expectedOutput, HTMLFilter.filter(input)), class spoon.support.reflect.code.CtInvocationImpl
invocation is: assertEquals(expectedOutput, HTMLFilter.filter(input)) target is:  method is: assertEquals(java.lang.String,<unknown>)
* this is vulnerable: String string = "7:UQ\"xC>g<J25-H#Oh"
* this is vulnerable: String string = ""
TestCase is: String string = "7:UQ\"xC>g<J25-H#Oh";
String string = "";

statement is: filter(Ljava/lang/String;)Ljava/lang/String; type is: class org.evosuite.testcase.statements.MethodStatement return type class java.lang.String
statement code is: String filter = HTMLFilter.filter("")
test data is: HTMLFilter.filter("");

** It was a parseable test case! 
Improved test data is: class DummyClass {
    public static void main() {
        String input = "Hello <b>World!</b> It is a beautiful day.";
    }
}
statement is: String input = "Hello <b>World!</b> It is a beautiful day.", class spoon.support.reflect.code.CtLocalVariableImpl
class spoon.support.reflect.code.CtLiteralImpl
* this is vulnerable: String string = "Hello <b>World!</b> It is a beautiful day."
TestCase is: String string = "Hello <b>World!</b> It is a beautiful day.";

* test suite isTestSuite: 9
Test 0: 
HTMLFilter hTMLFilter = new HTMLFilter();

Test 1: 
HTMLFilter.filter((String) null);
Test 2: 
HTMLFilter.filter("/XbO\" lgL&u;");
Test 3: 
HTMLFilter.filter("7:UQ\"xC>g<J25-H#Oh");
Test 4: 
HTMLFilter.filter("");
Test 5: 
HTMLFilter.filter("Hello, World!");

Test 6: 
HTMLFilter.filter("https://example.com/path?q=query#anchor");

Test 7: 

Test 8: 


* Generated after the refinement and before minimization 9 tests with total length 7
* test suite isTestSuite: 9
Test 0: 
HTMLFilter hTMLFilter = new HTMLFilter();

Test 1: 
HTMLFilter.filter((String) null);
Test 2: 
HTMLFilter.filter("/XbO\" lgL&u;");
Test 3: 
HTMLFilter.filter("7:UQ\"xC>g<J25-H#Oh");
Test 4: 
HTMLFilter.filter("");
Test 5: 
HTMLFilter.filter("Hello, World!");

Test 6: 
HTMLFilter.filter("https://example.com/path?q=query#anchor");

Test 7: 

Test 8: 


* Minimizing test suite
* test suite isTestSuite: 5
Test 0: 
HTMLFilter hTMLFilter = new HTMLFilter();

Test 1: 
HTMLFilter.filter((String) null);
Test 2: 
HTMLFilter.filter("/XbO\" lgL&u;");
Test 3: 
HTMLFilter.filter("7:UQ\"xC>g<J25-H#Oh");
Test 4: 
HTMLFilter.filter("");

* Going to analyze the coverage criteria
* Coverage analysis for criterion BRANCH
* Coverage of criterion BRANCH: 100%
* Total number of goals: 15
* Number of covered goals: 15
* Coverage analysis for criterion LINE
* Coverage of criterion LINE: 100%
* Total number of goals: 18
* Number of covered goals: 18
* Coverage analysis for criterion OUTPUT
* Coverage of criterion OUTPUT: 100%
* Total number of goals: 3
* Number of covered goals: 3
* Coverage analysis for criterion METHOD
* Coverage of criterion METHOD: 100%
* Total number of goals: 2
* Number of covered goals: 2
* Coverage analysis for criterion CBRANCH
* Coverage of criterion CBRANCH: 100%
* Total number of goals: 15
* Number of covered goals: 15
* Generated 5 tests with total length 5
* Resulting test suite's coverage: 100% (average coverage for all fitness functions)
* Generating assertions
* Resulting test suite's mutation score: 72%
* Compiling and checking tests
Going to execute: removeTestsThatDoNotCompile
* Compiling Tests
** Write a test suite: 0 called: 0 to improve: false
* Compiling Tests
** Write a test suite: 0 called: 0 to improve: true
** Improve Understandability: ** Test Code is: HTMLFilter hTMLFilter = new HTMLFilter();

** It was a parseable test case! 
refined test name is: testFilterHTMLTags
* Compiling Tests
refined test name is: testFilteringOfHTMLTags
* Compiling Tests
** Write a test suite: 0 called: 0 to improve: false
* Compiling Tests
** Write a test suite: 0 called: 0 to improve: true
** Improve Understandability: ** Test Code is: String filter = HTMLFilter.filter((String) null);
assertNull(filter);


** It was a parseable test case! 
refined test name is: testFilterWithNullInput
* Compiling Tests
** Write a test suite: 0 called: 0 to improve: false
* Compiling Tests
** Write a test suite: 0 called: 0 to improve: true
** Improve Understandability: ** Test Code is: String filter = HTMLFilter.filter("/XbO\" lgL&u;");
assertEquals("/XbO&quot; lgL&amp;u;", filter);


** It was a parseable test case! 
refined test name is: testHTMLFiltering
* Compiling Tests
** Write a test suite: 0 called: 0 to improve: false
* Compiling Tests
** Write a test suite: 0 called: 0 to improve: true
** Improve Understandability: ** Test Code is: String filter = HTMLFilter.filter("7:UQ\"xC>g<J25-H#Oh");
assertEquals("7:UQ&quot;xC&gt;g&lt;J25-H#Oh", filter);


** It was a parseable test case! 
refined test name is: testFilterWithSpecialCharacters
* Compiling Tests
** Write a test suite: 0 called: 0 to improve: false
* Compiling Tests
** Write a test suite: 0 called: 0 to improve: true
** Improve Understandability: ** Test Code is: String filter = HTMLFilter.filter("");
assertEquals("", filter);


** It was a parseable test case! 
refined test name is: testEmptyStringFiltering
Going to execute: handleTestsThatAreUnstable
* Compiling Tests
** Write a test suite: 0 called: 0 to improve: false
[MASTER] 21:32:36.688 [logback-1] WARN  AgentLoader - Failed to find EvoSuite jar in current classloader. URLs of classloader:
file:/home/ubuntu/.sdkman/candidates/java/8.0.333.fx-librca/jre/lib/ext/localedata.jar
file:/home/ubuntu/.sdkman/candidates/java/8.0.333.fx-librca/jre/lib/ext/sunjce_provider.jar
file:/home/ubuntu/.sdkman/candidates/java/8.0.333.fx-librca/jre/../lib/tools.jar
file:/home/ubuntu/.sdkman/candidates/java/8.0.333.fx-librca/jre/lib/ext/sunpkcs11.jar
file:/home/ubuntu/.sdkman/candidates/java/8.0.333.fx-librca/jre/lib/ext/jaccess.jar
file:/home/ubuntu/.sdkman/candidates/java/8.0.333.fx-librca/jre/lib/ext/sunec.jar
file:/home/ubuntu/.sdkman/candidates/java/8.0.333.fx-librca/jre/lib/ext/zipfs.jar
file:/home/ubuntu/.sdkman/candidates/java/8.0.333.fx-librca/jre/lib/ext/jfxrt.jar
file:/home/ubuntu/.sdkman/candidates/java/8.0.333.fx-librca/jre/lib/ext/dnsns.jar
file:/tmp/EvoSuite_pathingJar8281908157221102266.jar
file:/home/ubuntu/.sdkman/candidates/java/8.0.333.fx-librca/jre/lib/ext/cldrdata.jar
file:/home/ubuntu/.sdkman/candidates/java/8.0.333.fx-librca/jre/lib/ext/nashorn.jar
[MASTER] 21:32:36.707 [logback-1] WARN  JUnitAnalyzer - Found unstable test named initializationError -> class java.lang.RuntimeException: Cannot find either the compilation target folder nor the EvoSuite jar in classpath: /tmp/EvoSuite_pathingJar8281908157221102266.jar
Going to execute: handleTestsThatAreUnstable
* Compiling Tests
[MASTER] 21:32:36.933 [logback-1] WARN  AgentLoader - Failed to find EvoSuite jar in current classloader. URLs of classloader:
file:/home/ubuntu/.sdkman/candidates/java/8.0.333.fx-librca/jre/lib/ext/localedata.jar
file:/home/ubuntu/.sdkman/candidates/java/8.0.333.fx-librca/jre/lib/ext/sunjce_provider.jar
file:/home/ubuntu/.sdkman/candidates/java/8.0.333.fx-librca/jre/../lib/tools.jar
file:/home/ubuntu/.sdkman/candidates/java/8.0.333.fx-librca/jre/lib/ext/sunpkcs11.jar
file:/home/ubuntu/.sdkman/candidates/java/8.0.333.fx-librca/jre/lib/ext/jaccess.jar
file:/home/ubuntu/.sdkman/candidates/java/8.0.333.fx-librca/jre/lib/ext/sunec.jar
file:/home/ubuntu/.sdkman/candidates/java/8.0.333.fx-librca/jre/lib/ext/zipfs.jar
file:/home/ubuntu/.sdkman/candidates/java/8.0.333.fx-librca/jre/lib/ext/jfxrt.jar
file:/home/ubuntu/.sdkman/candidates/java/8.0.333.fx-librca/jre/lib/ext/dnsns.jar
file:/tmp/EvoSuite_pathingJar8281908157221102266.jar
file:/home/ubuntu/.sdkman/candidates/java/8.0.333.fx-librca/jre/lib/ext/cldrdata.jar
file:/home/ubuntu/.sdkman/candidates/java/8.0.333.fx-librca/jre/lib/ext/nashorn.jar
[MASTER] 21:32:36.935 [logback-1] WARN  JUnitAnalyzer - Found unstable test named initializationError -> class java.lang.RuntimeException: Cannot find either the compilation target folder nor the EvoSuite jar in classpath: /tmp/EvoSuite_pathingJar8281908157221102266.jar
Going to execute: handleTestsThatAreUnstable
* Compiling Tests
[MASTER] 21:32:37.165 [logback-1] WARN  AgentLoader - Failed to find EvoSuite jar in current classloader. URLs of classloader:
file:/home/ubuntu/.sdkman/candidates/java/8.0.333.fx-librca/jre/lib/ext/localedata.jar
file:/home/ubuntu/.sdkman/candidates/java/8.0.333.fx-librca/jre/lib/ext/sunjce_provider.jar
file:/home/ubuntu/.sdkman/candidates/java/8.0.333.fx-librca/jre/../lib/tools.jar
file:/home/ubuntu/.sdkman/candidates/java/8.0.333.fx-librca/jre/lib/ext/sunpkcs11.jar
file:/home/ubuntu/.sdkman/candidates/java/8.0.333.fx-librca/jre/lib/ext/jaccess.jar
file:/home/ubuntu/.sdkman/candidates/java/8.0.333.fx-librca/jre/lib/ext/sunec.jar
file:/home/ubuntu/.sdkman/candidates/java/8.0.333.fx-librca/jre/lib/ext/zipfs.jar
file:/home/ubuntu/.sdkman/candidates/java/8.0.333.fx-librca/jre/lib/ext/jfxrt.jar
file:/home/ubuntu/.sdkman/candidates/java/8.0.333.fx-librca/jre/lib/ext/dnsns.jar
file:/tmp/EvoSuite_pathingJar8281908157221102266.jar
file:/home/ubuntu/.sdkman/candidates/java/8.0.333.fx-librca/jre/lib/ext/cldrdata.jar
file:/home/ubuntu/.sdkman/candidates/java/8.0.333.fx-librca/jre/lib/ext/nashorn.jar
[MASTER] 21:32:37.167 [logback-1] WARN  JUnitAnalyzer - Found unstable test named initializationError -> class java.lang.RuntimeException: Cannot find either the compilation target folder nor the EvoSuite jar in classpath: /tmp/EvoSuite_pathingJar8281908157221102266.jar
Going to execute: handleTestsThatAreUnstable
* Compiling Tests
[MASTER] 21:32:37.392 [logback-1] WARN  AgentLoader - Failed to find EvoSuite jar in current classloader. URLs of classloader:
file:/home/ubuntu/.sdkman/candidates/java/8.0.333.fx-librca/jre/lib/ext/localedata.jar
file:/home/ubuntu/.sdkman/candidates/java/8.0.333.fx-librca/jre/lib/ext/sunjce_provider.jar
file:/home/ubuntu/.sdkman/candidates/java/8.0.333.fx-librca/jre/../lib/tools.jar
file:/home/ubuntu/.sdkman/candidates/java/8.0.333.fx-librca/jre/lib/ext/sunpkcs11.jar
file:/home/ubuntu/.sdkman/candidates/java/8.0.333.fx-librca/jre/lib/ext/jaccess.jar
file:/home/ubuntu/.sdkman/candidates/java/8.0.333.fx-librca/jre/lib/ext/sunec.jar
file:/home/ubuntu/.sdkman/candidates/java/8.0.333.fx-librca/jre/lib/ext/zipfs.jar
file:/home/ubuntu/.sdkman/candidates/java/8.0.333.fx-librca/jre/lib/ext/jfxrt.jar
file:/home/ubuntu/.sdkman/candidates/java/8.0.333.fx-librca/jre/lib/ext/dnsns.jar
file:/tmp/EvoSuite_pathingJar8281908157221102266.jar
file:/home/ubuntu/.sdkman/candidates/java/8.0.333.fx-librca/jre/lib/ext/cldrdata.jar
file:/home/ubuntu/.sdkman/candidates/java/8.0.333.fx-librca/jre/lib/ext/nashorn.jar
[MASTER] 21:32:37.394 [logback-1] WARN  JUnitAnalyzer - Found unstable test named initializationError -> class java.lang.RuntimeException: Cannot find either the compilation target folder nor the EvoSuite jar in classpath: /tmp/EvoSuite_pathingJar8281908157221102266.jar
Going to execute: handleTestsThatAreUnstable
* Compiling Tests
[MASTER] 21:32:37.622 [logback-1] WARN  AgentLoader - Failed to find EvoSuite jar in current classloader. URLs of classloader:
file:/home/ubuntu/.sdkman/candidates/java/8.0.333.fx-librca/jre/lib/ext/localedata.jar
file:/home/ubuntu/.sdkman/candidates/java/8.0.333.fx-librca/jre/lib/ext/sunjce_provider.jar
file:/home/ubuntu/.sdkman/candidates/java/8.0.333.fx-librca/jre/../lib/tools.jar
file:/home/ubuntu/.sdkman/candidates/java/8.0.333.fx-librca/jre/lib/ext/sunpkcs11.jar
file:/home/ubuntu/.sdkman/candidates/java/8.0.333.fx-librca/jre/lib/ext/jaccess.jar
file:/home/ubuntu/.sdkman/candidates/java/8.0.333.fx-librca/jre/lib/ext/sunec.jar
file:/home/ubuntu/.sdkman/candidates/java/8.0.333.fx-librca/jre/lib/ext/zipfs.jar
file:/home/ubuntu/.sdkman/candidates/java/8.0.333.fx-librca/jre/lib/ext/jfxrt.jar
file:/home/ubuntu/.sdkman/candidates/java/8.0.333.fx-librca/jre/lib/ext/dnsns.jar
file:/tmp/EvoSuite_pathingJar8281908157221102266.jar
file:/home/ubuntu/.sdkman/candidates/java/8.0.333.fx-librca/jre/lib/ext/cldrdata.jar
file:/home/ubuntu/.sdkman/candidates/java/8.0.333.fx-librca/jre/lib/ext/nashorn.jar
[MASTER] 21:32:37.625 [logback-1] WARN  JUnitAnalyzer - Found unstable test named initializationError -> class java.lang.RuntimeException: Cannot find either the compilation target folder nor the EvoSuite jar in classpath: /tmp/EvoSuite_pathingJar8281908157221102266.jar
Going to execute: handleTestsThatAreUnstable
* Compiling Tests
** Write a test suite: 0 called: 0 to improve: false
[MASTER] 21:32:37.888 [logback-1] WARN  AgentLoader - Failed to find EvoSuite jar in current classloader. URLs of classloader:
file:/home/ubuntu/.sdkman/candidates/java/8.0.333.fx-librca/jre/lib/ext/localedata.jar
file:/home/ubuntu/.sdkman/candidates/java/8.0.333.fx-librca/jre/lib/ext/sunjce_provider.jar
file:/home/ubuntu/.sdkman/candidates/java/8.0.333.fx-librca/jre/../lib/tools.jar
file:/home/ubuntu/.sdkman/candidates/java/8.0.333.fx-librca/jre/lib/ext/sunpkcs11.jar
file:/home/ubuntu/.sdkman/candidates/java/8.0.333.fx-librca/jre/lib/ext/jaccess.jar
file:/home/ubuntu/.sdkman/candidates/java/8.0.333.fx-librca/jre/lib/ext/sunec.jar
file:/home/ubuntu/.sdkman/candidates/java/8.0.333.fx-librca/jre/lib/ext/zipfs.jar
file:/home/ubuntu/.sdkman/candidates/java/8.0.333.fx-librca/jre/lib/ext/jfxrt.jar
file:/home/ubuntu/.sdkman/candidates/java/8.0.333.fx-librca/jre/lib/ext/dnsns.jar
file:/tmp/EvoSuite_pathingJar8281908157221102266.jar
file:/home/ubuntu/.sdkman/candidates/java/8.0.333.fx-librca/jre/lib/ext/cldrdata.jar
file:/home/ubuntu/.sdkman/candidates/java/8.0.333.fx-librca/jre/lib/ext/nashorn.jar
[MASTER] 21:32:37.890 [logback-1] WARN  JUnitAnalyzer - Found unstable test named initializationError -> class java.lang.RuntimeException: Cannot find either the compilation target folder nor the EvoSuite jar in classpath: /tmp/EvoSuite_pathingJar8281908157221102266.jar
Going to execute: handleTestsThatAreUnstable
* Compiling Tests
** Write a test suite: 4 called: 0 to improve: false
[MASTER] 21:32:38.126 [logback-1] WARN  AgentLoader - Failed to find EvoSuite jar in current classloader. URLs of classloader:
file:/home/ubuntu/.sdkman/candidates/java/8.0.333.fx-librca/jre/lib/ext/localedata.jar
file:/home/ubuntu/.sdkman/candidates/java/8.0.333.fx-librca/jre/lib/ext/sunjce_provider.jar
file:/home/ubuntu/.sdkman/candidates/java/8.0.333.fx-librca/jre/../lib/tools.jar
file:/home/ubuntu/.sdkman/candidates/java/8.0.333.fx-librca/jre/lib/ext/sunpkcs11.jar
file:/home/ubuntu/.sdkman/candidates/java/8.0.333.fx-librca/jre/lib/ext/jaccess.jar
file:/home/ubuntu/.sdkman/candidates/java/8.0.333.fx-librca/jre/lib/ext/sunec.jar
file:/home/ubuntu/.sdkman/candidates/java/8.0.333.fx-librca/jre/lib/ext/zipfs.jar
file:/home/ubuntu/.sdkman/candidates/java/8.0.333.fx-librca/jre/lib/ext/jfxrt.jar
file:/home/ubuntu/.sdkman/candidates/java/8.0.333.fx-librca/jre/lib/ext/dnsns.jar
file:/tmp/EvoSuite_pathingJar8281908157221102266.jar
file:/home/ubuntu/.sdkman/candidates/java/8.0.333.fx-librca/jre/lib/ext/cldrdata.jar
file:/home/ubuntu/.sdkman/candidates/java/8.0.333.fx-librca/jre/lib/ext/nashorn.jar
[MASTER] 21:32:38.129 [logback-1] WARN  JUnitAnalyzer - Found unstable test named initializationError -> class java.lang.RuntimeException: Cannot find either the compilation target folder nor the EvoSuite jar in classpath: /tmp/EvoSuite_pathingJar8281908157221102266.jar
* Writing tests to file
* Writing JUnit test case 'HTMLFilter_ESTest' to evosuite-tests
** Write a test suite: 4 called: 0 to improve: false
* Done!

* Computation finished
