* EvoSuite 1.0.0-SNAPSHOT
* Going to generate test cases for class: nu.staldal.lagoon.LagoonCLI
* Starting Client-0
* Properties loaded from /home/roham/Results-Utestgen/dataset/SF110-new-res/52_lagoon/evosuite-files/evosuite.properties
* Connecting to master process on port 3182
* Analyzing classpath: 
* Inheritance tree loaded from evosuite-files/inheritance.xml.gz
[MASTER] 08:55:33.265 [logback-1] WARN  InheritanceTree - Class not in inheritance graph: java.util.function.Consumer
[MASTER] 08:55:33.270 [logback-1] WARN  InheritanceTree - Class not in inheritance graph: java.util.function.Predicate
[MASTER] 08:55:33.271 [logback-1] WARN  InheritanceTree - Class not in inheritance graph: java.util.function.UnaryOperator
[MASTER] 08:55:33.277 [logback-1] WARN  InheritanceTree - Class not in inheritance graph: java.util.function.Function
* Finished analyzing classpath
* Generating tests for class nu.staldal.lagoon.LagoonCLI
* Test criteria:
  - Branch Coverage
  - Line Coverage
  - Method-Output Coverage
  - Top-Level Method Coverage
  - Context Branch Coverage
* Total number of test goals for DYNAMOSA: 276
* Using seed 1710233729465
* Starting evolution
[Progress:>                             0%] [Cov:>                                  0%]* Initial Number of Goals in DynaMOSA = 17 / 276
[Progress:>                             1%] [Cov:=================>                 51%][Progress:>                             2%] [Cov:=================>                 51%][Progress:>                             3%] [Cov:===================>               55%][Progress:>                             3%] [Cov:===================>               56%][Progress:=>                            4%] [Cov:===================>               57%][Progress:=>                            4%] [Cov:===================>               57%][Progress:=>                            5%] [Cov:===================>               57%][Progress:=>                            5%] [Cov:===================>               57%][Progress:=>                            5%] [Cov:===================>               57%][Progress:=>                            6%] [Cov:===================>               57%][Progress:=>                            6%] [Cov:===================>               57%][Progress:=>                            6%] [Cov:====================>              58%][Progress:==>                           7%] [Cov:====================>              58%][Progress:==>                           7%] [Cov:====================>              58%][Progress:==>                           7%] [Cov:====================>              58%][Progress:==>                           7%] [Cov:====================>              58%][Progress:==>                           8%] [Cov:====================>              58%][Progress:==>                           8%] [Cov:====================>              58%][Progress:==>                           8%] [Cov:====================>              58%][Progress:==>                           8%] [Cov:====================>              58%][Progress:==>                           8%] [Cov:====================>              58%][Progress:==>                           9%] [Cov:====================>              58%][Progress:==>                           9%] [Cov:====================>              58%][Progress:==>                           9%] [Cov:====================>              58%][Progress:==>                           9%] [Cov:====================>              58%][Progress:==>                           9%] [Cov:====================>              58%][Progress:===>                          10%] [Cov:====================>              58%][Progress:===>                          10%] [Cov:====================>              58%][Progress:===>                          10%] [Cov:====================>              58%][Progress:===>                          10%] [Cov:====================>              58%][Progress:===>                          10%] [Cov:====================>              58%][Progress:===>                          10%] [Cov:====================>              58%][Progress:===>                          11%] [Cov:====================>              58%][Progress:===>                          11%] [Cov:====================>              58%][Progress:===>                          11%] [Cov:====================>              58%][Progress:===>                          12%] [Cov:====================>              58%][Progress:===>                          12%] [Cov:====================>              58%][Progress:===>                          12%] [Cov:====================>              58%][Progress:===>                          12%] [Cov:====================>              58%][Progress:===>                          13%] [Cov:====================>              58%][Progress:===>                          13%] [Cov:====================>              58%][Progress:===>                          13%] [Cov:====================>              58%][Progress:===>                          13%] [Cov:====================>              58%][Progress:====>                         14%] [Cov:====================>              58%][Progress:====>                         14%] [Cov:====================>              58%][Progress:====>                         14%] [Cov:====================>              58%][Progress:====>                         14%] [Cov:====================>              58%][Progress:====>                         15%] [Cov:====================>              58%][Progress:====>                         15%] [Cov:====================>              58%][Progress:====>                         15%] [Cov:====================>              58%][Progress:====>                         15%] [Cov:====================>              58%][Progress:====>                         16%] [Cov:====================>              58%][Progress:====>                         16%] [Cov:====================>              58%][Progress:====>                         16%] [Cov:====================>              58%][Progress:====>                         16%] [Cov:====================>              58%][Progress:====>                         16%] [Cov:====================>              58%][Progress:=====>                        17%] [Cov:====================>              58%][Progress:=====>                        17%] [Cov:====================>              58%][Progress:=====>                        17%] [Cov:====================>              58%][Progress:=====>                        17%] [Cov:====================>              58%][Progress:=====>                        18%] [Cov:====================>              58%][Progress:=====>                        18%] [Cov:====================>              58%][Progress:=====>                        18%] [Cov:====================>              58%][Progress:=====>                        18%] [Cov:====================>              58%][Progress:=====>                        19%] [Cov:====================>              58%][Progress:=====>                        19%] [Cov:====================>              58%][Progress:=====>                        19%] [Cov:====================>              58%][Progress:=====>                        19%] [Cov:====================>              58%][Progress:======>                       20%] [Cov:====================>              58%][Progress:======>                       20%] [Cov:====================>              58%][Progress:======>                       20%] [Cov:====================>              58%][Progress:======>                       20%] [Cov:====================>              58%][Progress:======>                       20%] [Cov:====================>              58%][Progress:======>                       20%] [Cov:====================>              58%][Progress:======>                       21%] [Cov:====================>              58%][Progress:======>                       21%] [Cov:====================>              58%][Progress:======>                       21%] [Cov:====================>              58%][Progress:======>                       21%] [Cov:====================>              58%][Progress:======>                       21%] [Cov:====================>              58%][Progress:======>                       21%] [Cov:====================>              58%][Progress:======>                       22%] [Cov:====================>              58%][Progress:======>                       22%] [Cov:====================>              58%][Progress:======>                       22%] [Cov:====================>              58%][Progress:======>                       22%] [Cov:====================>              58%][Progress:======>                       22%] [Cov:====================>              58%][Progress:======>                       22%] [Cov:====================>              58%][Progress:======>                       22%] [Cov:====================>              58%][Progress:======>                       23%] [Cov:====================>              58%][Progress:======>                       23%] [Cov:====================>              58%][Progress:======>                       23%] [Cov:====================>              58%][Progress:======>                       23%] [Cov:====================>              58%][Progress:======>                       23%] [Cov:====================>              58%][Progress:======>                       23%] [Cov:====================>              58%][Progress:=======>                      24%] [Cov:====================>              58%][Progress:=======>                      24%] [Cov:====================>              58%][Progress:=======>                      24%] [Cov:====================>              58%][Progress:=======>                      24%] [Cov:====================>              58%][Progress:=======>                      24%] [Cov:====================>              58%][Progress:=======>                      24%] [Cov:====================>              58%][Progress:=======>                      25%] [Cov:====================>              58%][Progress:=======>                      25%] [Cov:====================>              58%][Progress:=======>                      25%] [Cov:====================>              58%][Progress:=======>                      25%] [Cov:====================>              58%][Progress:=======>                      25%] [Cov:====================>              58%][Progress:=======>                      25%] [Cov:====================>              58%][Progress:=======>                      25%] [Cov:====================>              58%][Progress:=======>                      26%] [Cov:====================>              58%][Progress:=======>                      26%] [Cov:====================>              58%][Progress:=======>                      26%] [Cov:====================>              58%][Progress:========>                     27%] [Cov:====================>              58%][Progress:========>                     27%] [Cov:====================>              58%][Progress:========>                     27%] [Cov:====================>              58%][Progress:========>                     27%] [Cov:====================>              58%][Progress:========>                     28%] [Cov:====================>              58%][Progress:========>                     28%] [Cov:====================>              58%][Progress:========>                     28%] [Cov:====================>              58%][Progress:========>                     28%] [Cov:====================>              58%][Progress:========>                     28%] [Cov:====================>              58%][Progress:========>                     28%] [Cov:====================>              58%][Progress:========>                     29%] [Cov:====================>              58%][Progress:========>                     29%] [Cov:====================>              58%][Progress:========>                     29%] [Cov:====================>              58%][Progress:========>                     29%] [Cov:====================>              58%][Progress:========>                     29%] [Cov:====================>              58%][Progress:========>                     29%] [Cov:====================>              58%][Progress:=========>                    30%] [Cov:====================>              58%][Progress:=========>                    30%] [Cov:====================>              58%][Progress:=========>                    30%] [Cov:====================>              58%][Progress:=========>                    30%] [Cov:====================>              58%][Progress:=========>                    30%] [Cov:====================>              58%][Progress:=========>                    31%] [Cov:====================>              58%][Progress:=========>                    31%] [Cov:====================>              58%][Progress:=========>                    31%] [Cov:====================>              58%][Progress:=========>                    31%] [Cov:====================>              58%][Progress:=========>                    31%] [Cov:====================>              58%][Progress:=========>                    32%] [Cov:====================>              58%][Progress:=========>                    32%] [Cov:====================>              58%][Progress:=========>                    32%] [Cov:====================>              58%][Progress:=========>                    32%] [Cov:====================>              58%][Progress:=========>                    32%] [Cov:====================>              58%][Progress:=========>                    33%] [Cov:====================>              58%][Progress:=========>                    33%] [Cov:====================>              58%][Progress:=========>                    33%] [Cov:====================>              58%][Progress:=========>                    33%] [Cov:====================>              58%][Progress:=========>                    33%] [Cov:====================>              58%][Progress:==========>                   34%] [Cov:====================>              58%][Progress:==========>                   34%] [Cov:====================>              58%][Progress:==========>                   34%] [Cov:====================>              58%][Progress:==========>                   34%] [Cov:====================>              58%][Progress:==========>                   34%] [Cov:====================>              58%][Progress:==========>                   34%] [Cov:====================>              58%][Progress:==========>                   35%] [Cov:====================>              58%][Progress:==========>                   35%] [Cov:====================>              58%][Progress:==========>                   35%] [Cov:====================>              58%][Progress:==========>                   35%] [Cov:====================>              58%][Progress:==========>                   35%] [Cov:====================>              58%][Progress:==========>                   35%] [Cov:====================>              58%][Progress:==========>                   36%] [Cov:====================>              58%][Progress:==========>                   36%] [Cov:====================>              58%][Progress:==========>                   36%] [Cov:====================>              58%][Progress:==========>                   36%] [Cov:====================>              58%][Progress:==========>                   36%] [Cov:====================>              58%][Progress:==========>                   36%] [Cov:====================>              58%][Progress:==========>                   36%] [Cov:====================>              58%][Progress:===========>                  37%] [Cov:====================>              58%][Progress:===========>                  37%] [Cov:====================>              58%][Progress:===========>                  37%] [Cov:====================>              58%][Progress:===========>                  37%] [Cov:====================>              58%][Progress:===========>                  37%] [Cov:====================>              58%][Progress:===========>                  37%] [Cov:====================>              58%][Progress:===========>                  37%] [Cov:====================>              58%][Progress:===========>                  37%] [Cov:====================>              58%][Progress:===========>                  38%] [Cov:====================>              58%][Progress:===========>                  38%] [Cov:====================>              58%][Progress:===========>                  38%] [Cov:====================>              58%][Progress:===========>                  38%] [Cov:====================>              58%][Progress:===========>                  38%] [Cov:====================>              58%][Progress:===========>                  39%] [Cov:====================>              58%][Progress:===========>                  39%] [Cov:====================>              58%][Progress:===========>                  39%] [Cov:====================>              58%][Progress:===========>                  39%] [Cov:====================>              58%][Progress:===========>                  39%] [Cov:====================>              58%][Progress:===========>                  39%] [Cov:====================>              58%][Progress:============>                 40%] [Cov:====================>              58%][Progress:============>                 40%] [Cov:====================>              58%][Progress:============>                 40%] [Cov:====================>              58%][Progress:============>                 40%] [Cov:====================>              58%][Progress:============>                 40%] [Cov:====================>              58%][Progress:============>                 40%] [Cov:====================>              58%][Progress:============>                 40%] [Cov:====================>              58%][Progress:============>                 41%] [Cov:====================>              58%][Progress:============>                 41%] [Cov:====================>              58%][Progress:============>                 41%] [Cov:====================>              58%][Progress:============>                 41%] [Cov:====================>              58%][Progress:============>                 41%] [Cov:====================>              58%][Progress:============>                 41%] [Cov:====================>              58%][Progress:============>                 41%] [Cov:====================>              58%][Progress:============>                 42%] [Cov:====================>              58%][Progress:============>                 42%] [Cov:====================>              58%][Progress:============>                 42%] [Cov:====================>              58%][Progress:============>                 42%] [Cov:====================>              58%][Progress:============>                 42%] [Cov:====================>              58%][Progress:============>                 42%] [Cov:====================>              58%][Progress:============>                 42%] [Cov:====================>              58%][Progress:============>                 42%] [Cov:====================>              58%][Progress:============>                 43%] [Cov:====================>              58%][Progress:============>                 43%] [Cov:====================>              58%][Progress:============>                 43%] [Cov:====================>              58%][Progress:============>                 43%] [Cov:====================>              58%][Progress:============>                 43%] [Cov:====================>              58%][Progress:============>                 43%] [Cov:====================>              58%][Progress:============>                 43%] [Cov:====================>              58%][Progress:=============>                44%] [Cov:====================>              58%][Progress:=============>                44%] [Cov:====================>              58%][Progress:=============>                44%] [Cov:====================>              58%][Progress:=============>                44%] [Cov:====================>              58%][Progress:=============>                44%] [Cov:====================>              58%][Progress:=============>                44%] [Cov:====================>              58%][Progress:=============>                45%] [Cov:====================>              58%][Progress:=============>                45%] [Cov:====================>              58%][Progress:=============>                45%] [Cov:====================>              58%][Progress:=============>                45%] [Cov:====================>              58%][Progress:=============>                45%] [Cov:====================>              58%][Progress:=============>                45%] [Cov:====================>              58%][Progress:=============>                46%] [Cov:====================>              58%][Progress:=============>                46%] [Cov:====================>              58%][Progress:=============>                46%] [Cov:====================>              58%][Progress:=============>                46%] [Cov:====================>              58%][Progress:=============>                46%] [Cov:====================>              58%][Progress:=============>                46%] [Cov:====================>              58%][Progress:=============>                46%] [Cov:====================>              58%][Progress:==============>               47%] [Cov:====================>              58%][Progress:==============>               47%] [Cov:====================>              58%][Progress:==============>               47%] [Cov:====================>              58%][Progress:==============>               47%] [Cov:====================>              58%][Progress:==============>               47%] [Cov:====================>              58%][Progress:==============>               47%] [Cov:====================>              58%][Progress:==============>               48%] [Cov:====================>              58%][Progress:==============>               48%] [Cov:====================>              58%][Progress:==============>               48%] [Cov:====================>              58%][Progress:==============>               48%] [Cov:====================>              58%][Progress:==============>               48%] [Cov:====================>              58%][Progress:==============>               49%] [Cov:====================>              58%][Progress:==============>               49%] [Cov:====================>              58%][Progress:==============>               49%] [Cov:====================>              58%][Progress:==============>               49%] [Cov:====================>              58%][Progress:==============>               49%] [Cov:====================>              58%][Progress:==============>               49%] [Cov:====================>              58%][Progress:==============>               49%] [Cov:====================>              58%][Progress:===============>              50%] [Cov:====================>              58%][Progress:===============>              50%] [Cov:====================>              58%][Progress:===============>              50%] [Cov:====================>              58%][Progress:===============>              50%] [Cov:====================>              58%][Progress:===============>              51%] [Cov:====================>              58%][Progress:===============>              51%] [Cov:====================>              58%][Progress:===============>              51%] [Cov:====================>              58%][Progress:===============>              51%] [Cov:====================>              58%][Progress:===============>              51%] [Cov:====================>              58%][Progress:===============>              52%] [Cov:====================>              58%][Progress:===============>              52%] [Cov:====================>              58%][Progress:===============>              52%] [Cov:====================>              58%][Progress:===============>              52%] [Cov:====================>              58%][Progress:===============>              52%] [Cov:====================>              58%][Progress:===============>              53%] [Cov:====================>              58%][Progress:===============>              53%] [Cov:====================>              58%][Progress:===============>              53%] [Cov:====================>              58%][Progress:===============>              53%] [Cov:====================>              58%][Progress:===============>              53%] [Cov:====================>              58%][Progress:===============>              53%] [Cov:====================>              58%][Progress:================>             54%] [Cov:====================>              58%][Progress:================>             54%] [Cov:====================>              58%][Progress:================>             54%] [Cov:====================>              59%][Progress:================>             54%] [Cov:====================>              59%][Progress:================>             54%] [Cov:====================>              59%][Progress:================>             55%] [Cov:====================>              59%][Progress:================>             55%] [Cov:====================>              59%][Progress:================>             55%] [Cov:====================>              59%][Progress:================>             55%] [Cov:====================>              59%][Progress:================>             55%] [Cov:====================>              59%][Progress:================>             56%] [Cov:====================>              59%][Progress:================>             56%] [Cov:====================>              59%][Progress:================>             56%] [Cov:====================>              59%][Progress:================>             56%] [Cov:====================>              59%][Progress:================>             56%] [Cov:====================>              59%][Progress:================>             56%] [Cov:====================>              59%][Progress:=================>            57%] [Cov:====================>              59%][Progress:=================>            57%] [Cov:====================>              59%][Progress:=================>            57%] [Cov:====================>              59%][Progress:=================>            57%] [Cov:====================>              59%][Progress:=================>            57%] [Cov:====================>              59%][Progress:=================>            57%] [Cov:====================>              59%][Progress:=================>            58%] [Cov:====================>              59%][Progress:=================>            58%] [Cov:====================>              59%][Progress:=================>            58%] [Cov:====================>              59%][Progress:=================>            58%] [Cov:====================>              59%][Progress:=================>            59%] [Cov:====================>              59%][Progress:=================>            59%] [Cov:====================>              59%][Progress:=================>            59%] [Cov:====================>              59%][Progress:=================>            59%] [Cov:====================>              59%][Progress:=================>            59%] [Cov:====================>              59%][Progress:=================>            59%] [Cov:====================>              59%][Progress:=================>            59%] [Cov:====================>              59%][Progress:==================>           60%] [Cov:====================>              59%][Progress:==================>           60%] [Cov:====================>              59%][Progress:==================>           60%] [Cov:====================>              59%][Progress:==================>           60%] [Cov:====================>              59%][Progress:==================>           61%] [Cov:====================>              59%][Progress:==================>           61%] [Cov:====================>              59%][Progress:==================>           61%] [Cov:====================>              59%][Progress:==================>           61%] [Cov:====================>              59%][Progress:==================>           62%] [Cov:====================>              59%][Progress:==================>           62%] [Cov:====================>              59%][Progress:==================>           62%] [Cov:====================>              59%][Progress:==================>           62%] [Cov:====================>              59%][Progress:==================>           62%] [Cov:====================>              59%][Progress:==================>           63%] [Cov:====================>              59%][Progress:==================>           63%] [Cov:====================>              59%][Progress:==================>           63%] [Cov:====================>              59%][Progress:==================>           63%] [Cov:====================>              59%][Progress:==================>           63%] [Cov:====================>              59%][Progress:==================>           63%] [Cov:====================>              59%][Progress:===================>          64%] [Cov:====================>              59%][Progress:===================>          64%] [Cov:====================>              59%][Progress:===================>          64%] [Cov:====================>              59%][Progress:===================>          64%] [Cov:====================>              59%][Progress:===================>          64%] [Cov:====================>              59%][Progress:===================>          65%] [Cov:====================>              59%][Progress:===================>          65%] [Cov:====================>              59%][Progress:===================>          65%] [Cov:====================>              59%][Progress:===================>          65%] [Cov:====================>              59%][Progress:===================>          65%] [Cov:====================>              59%][Progress:===================>          66%] [Cov:====================>              59%][Progress:===================>          66%] [Cov:====================>              59%][Progress:===================>          66%] [Cov:====================>              59%][Progress:====================>         67%] [Cov:====================>              59%][Progress:====================>         67%] [Cov:====================>              59%][Progress:====================>         67%] [Cov:====================>              59%][Progress:====================>         67%] [Cov:====================>              59%][Progress:====================>         68%] [Cov:====================>              59%][Progress:====================>         68%] [Cov:====================>              59%][Progress:====================>         68%] [Cov:====================>              59%][Progress:====================>         68%] [Cov:====================>              59%][Progress:====================>         69%] [Cov:====================>              59%][Progress:====================>         69%] [Cov:====================>              59%][Progress:====================>         69%] [Cov:====================>              59%][Progress:====================>         69%] [Cov:====================>              59%][Progress:=====================>        70%] [Cov:====================>              59%][Progress:=====================>        70%] [Cov:====================>              59%][Progress:=====================>        70%] [Cov:====================>              59%][Progress:=====================>        70%] [Cov:====================>              59%][Progress:=====================>        71%] [Cov:====================>              59%][Progress:=====================>        71%] [Cov:====================>              59%][Progress:=====================>        71%] [Cov:====================>              59%][Progress:=====================>        71%] [Cov:====================>              59%][Progress:=====================>        72%] [Cov:====================>              59%][Progress:=====================>        72%] [Cov:====================>              59%][Progress:=====================>        72%] [Cov:====================>              59%][Progress:=====================>        72%] [Cov:====================>              59%][Progress:=====================>        72%] [Cov:====================>              59%][Progress:=====================>        73%] [Cov:====================>              59%][Progress:=====================>        73%] [Cov:====================>              59%][Progress:=====================>        73%] [Cov:====================>              59%][Progress:=====================>        73%] [Cov:====================>              59%][Progress:=====================>        73%] [Cov:====================>              59%][Progress:======================>       74%] [Cov:====================>              59%][Progress:======================>       74%] [Cov:====================>              59%][Progress:======================>       74%] [Cov:====================>              59%][Progress:======================>       74%] [Cov:====================>              59%][Progress:======================>       74%] [Cov:====================>              59%][Progress:======================>       74%] [Cov:====================>              59%][Progress:======================>       75%] [Cov:====================>              59%][Progress:======================>       75%] [Cov:====================>              59%][Progress:======================>       75%] [Cov:====================>              59%][Progress:======================>       75%] [Cov:====================>              59%][Progress:======================>       75%] [Cov:====================>              59%][Progress:======================>       75%] [Cov:====================>              59%][Progress:======================>       76%] [Cov:====================>              59%][Progress:======================>       76%] [Cov:====================>              59%][Progress:======================>       76%] [Cov:====================>              59%][Progress:======================>       76%] [Cov:====================>              59%][Progress:======================>       76%] [Cov:====================>              59%][Progress:======================>       76%] [Cov:====================>              59%][Progress:=======================>      77%] [Cov:====================>              59%][Progress:=======================>      77%] [Cov:====================>              59%][Progress:=======================>      77%] [Cov:====================>              59%][Progress:=======================>      77%] [Cov:====================>              59%][Progress:=======================>      77%] [Cov:====================>              59%][Progress:=======================>      78%] [Cov:====================>              59%][Progress:=======================>      78%] [Cov:====================>              59%][Progress:=======================>      78%] [Cov:====================>              59%][Progress:=======================>      78%] [Cov:====================>              59%][Progress:=======================>      79%] [Cov:====================>              59%][Progress:=======================>      79%] [Cov:====================>              59%][Progress:=======================>      79%] [Cov:====================>              59%][Progress:=======================>      79%] [Cov:====================>              59%][Progress:=======================>      79%] [Cov:====================>              59%][Progress:=======================>      79%] [Cov:====================>              59%][Progress:=======================>      79%] [Cov:====================>              59%][Progress:========================>     80%] [Cov:====================>              59%][Progress:========================>     80%] [Cov:====================>              59%][Progress:========================>     80%] [Cov:====================>              59%][Progress:========================>     80%] [Cov:====================>              59%][Progress:========================>     80%] [Cov:====================>              59%][Progress:========================>     80%] [Cov:====================>              59%][Progress:========================>     80%] [Cov:====================>              59%][Progress:========================>     81%] [Cov:====================>              59%][Progress:========================>     81%] [Cov:====================>              59%][Progress:========================>     81%] [Cov:====================>              59%][Progress:========================>     81%] [Cov:====================>              59%][Progress:========================>     81%] [Cov:====================>              59%][Progress:========================>     82%] [Cov:====================>              59%][Progress:========================>     82%] [Cov:====================>              59%][Progress:========================>     82%] [Cov:====================>              59%][Progress:========================>     82%] [Cov:====================>              59%][Progress:========================>     82%] [Cov:====================>              59%][Progress:========================>     82%] [Cov:====================>              59%][Progress:========================>     83%] [Cov:====================>              59%][Progress:========================>     83%] [Cov:====================>              59%][Progress:========================>     83%] [Cov:====================>              59%][Progress:========================>     83%] [Cov:====================>              59%][Progress:========================>     83%] [Cov:====================>              59%][Progress:========================>     83%] [Cov:====================>              59%][Progress:=========================>    84%] [Cov:====================>              59%][Progress:=========================>    84%] [Cov:====================>              59%][Progress:=========================>    84%] [Cov:====================>              59%][Progress:=========================>    84%] [Cov:====================>              59%][Progress:=========================>    84%] [Cov:====================>              59%][Progress:=========================>    85%] [Cov:====================>              59%][Progress:=========================>    85%] [Cov:====================>              59%][Progress:=========================>    85%] [Cov:====================>              59%][Progress:=========================>    85%] [Cov:====================>              59%][Progress:=========================>    85%] [Cov:====================>              59%][Progress:=========================>    85%] [Cov:====================>              59%][Progress:=========================>    85%] [Cov:====================>              59%][Progress:=========================>    86%] [Cov:====================>              59%][Progress:=========================>    86%] [Cov:====================>              59%][Progress:=========================>    86%] [Cov:====================>              59%][Progress:=========================>    86%] [Cov:====================>              59%][Progress:=========================>    86%] [Cov:====================>              59%][Progress:==========================>   87%] [Cov:====================>              59%][Progress:==========================>   87%] [Cov:====================>              59%][Progress:==========================>   87%] [Cov:====================>              59%][Progress:==========================>   87%] [Cov:====================>              59%][Progress:==========================>   87%] [Cov:====================>              59%][Progress:==========================>   88%] [Cov:====================>              59%][Progress:==========================>   88%] [Cov:====================>              59%][Progress:==========================>   88%] [Cov:====================>              59%][Progress:==========================>   88%] [Cov:====================>              59%][Progress:==========================>   88%] [Cov:====================>              59%][Progress:==========================>   88%] [Cov:====================>              59%][Progress:==========================>   88%] [Cov:====================>              59%][Progress:==========================>   89%] [Cov:====================>              59%][Progress:==========================>   89%] [Cov:====================>              59%][Progress:==========================>   89%] [Cov:====================>              59%][Progress:==========================>   89%] [Cov:====================>              59%][Progress:==========================>   89%] [Cov:====================>              59%][Progress:===========================>  90%] [Cov:====================>              59%][Progress:===========================>  90%] [Cov:====================>              59%][Progress:===========================>  90%] [Cov:====================>              59%][Progress:===========================>  90%] [Cov:====================>              59%][Progress:===========================>  90%] [Cov:====================>              59%][Progress:===========================>  91%] [Cov:====================>              59%][Progress:===========================>  91%] [Cov:====================>              59%][Progress:===========================>  91%] [Cov:====================>              59%][Progress:===========================>  91%] [Cov:====================>              59%][Progress:===========================>  91%] [Cov:====================>              59%][Progress:===========================>  91%] [Cov:====================>              59%][Progress:===========================>  92%] [Cov:====================>              59%][Progress:===========================>  92%] [Cov:====================>              59%][Progress:===========================>  92%] [Cov:====================>              59%][Progress:===========================>  92%] [Cov:====================>              59%][Progress:===========================>  92%] [Cov:====================>              59%][Progress:===========================>  92%] [Cov:====================>              59%][Progress:===========================>  92%] [Cov:====================>              59%][Progress:===========================>  93%] [Cov:====================>              59%][Progress:===========================>  93%] [Cov:====================>              59%][Progress:===========================>  93%] [Cov:====================>              59%][Progress:===========================>  93%] [Cov:====================>              59%][Progress:===========================>  93%] [Cov:====================>              59%][Progress:===========================>  93%] [Cov:====================>              59%][Progress:============================> 94%] [Cov:====================>              59%][Progress:============================> 94%] [Cov:====================>              59%][Progress:============================> 94%] [Cov:====================>              59%][Progress:============================> 94%] [Cov:====================>              59%][Progress:============================> 94%] [Cov:====================>              59%][Progress:============================> 94%] [Cov:====================>              59%][Progress:============================> 95%] [Cov:====================>              59%][Progress:============================> 95%] [Cov:====================>              59%][Progress:============================> 95%] [Cov:====================>              59%][Progress:============================> 95%] [Cov:====================>              59%][Progress:============================> 95%] [Cov:====================>              59%][Progress:============================> 95%] [Cov:====================>              59%][Progress:============================> 96%] [Cov:====================>              59%][Progress:============================> 96%] [Cov:====================>              59%][Progress:============================> 96%] [Cov:====================>              59%][Progress:============================> 96%] [Cov:====================>              59%][Progress:============================> 96%] [Cov:====================>              59%][Progress:=============================>97%] [Cov:====================>              59%][Progress:=============================>97%] [Cov:====================>              59%][Progress:=============================>97%] [Cov:====================>              59%][Progress:=============================>97%] [Cov:====================>              59%][Progress:=============================>98%] [Cov:====================>              59%][Progress:=============================>98%] [Cov:====================>              59%][Progress:=============================>98%] [Cov:====================>              59%][Progress:=============================>98%] [Cov:====================>              59%][Progress:=============================>98%] [Cov:====================>              59%][Progress:=============================>98%] [Cov:====================>              59%][Progress:=============================>98%] [Cov:====================>              59%][Progress:=============================>99%] [Cov:====================>              59%][Progress:=============================>99%] [Cov:====================>              59%][Progress:=============================>99%] [Cov:====================>              59%][Progress:=============================>99%] [Cov:====================>              59%][Progress:=============================>99%] [Cov:====================>              59%][Progress:==============================100%] [Cov:====================>              59%][Progress:==============================100%] [Cov:====================>              59%][Progress:==============================100%] [Cov:====================>              59%][Progress:==============================100%] [Cov:====================>              59%][Progress:==============================100%] [Cov:====================>              59%][Progress:==============================100%] [Cov:====================>              59%][Progress:==============================100%] [Cov:====================>              59%]
* Search finished after 101s and 519 generations, 193184 statements, best individual has fitness: 183.0
* Generated before the refinement 11 tests with total length 36
statement is: nu.staldal.lagoon.LagoonCLI()V type is: class org.evosuite.testcase.statements.ConstructorStatement return type class nu.staldal.lagoon.LagoonCLI
statement code is: LagoonCLI lagoonCLI = new LagoonCLI()
test data is: LagoonCLI lagoonCLI = new LagoonCLI();

** It was a parseable test case! 
Improved test data is: class DummyClass {
    public static void main() {
        // Improved test data
        int numOfRows = 10;
        int numOfCols = 5;
        String[][] matrix = new String[][]{  };
    }
}
statement is: // Improved test data
int numOfRows = 10, class spoon.support.reflect.code.CtLocalVariableImpl
class spoon.support.reflect.code.CtLiteralImpl
statement is: int numOfCols = 5, class spoon.support.reflect.code.CtLocalVariableImpl
class spoon.support.reflect.code.CtLiteralImpl
statement is: String[][] matrix = new String[][]{  }, class spoon.support.reflect.code.CtLocalVariableImpl
class spoon.support.reflect.code.CtNewArrayImpl
* this is vulnerable: int _int = 10
* this is vulnerable: int _int = 5
TestCase is: int _int = 10;
int _int = 5;

statement is: org.evosuite.testcase.statements.ArrayStatement@e5ffd2c5 type is: class org.evosuite.testcase.statements.ArrayStatement return type class [Ljava.lang.String;
statement code is: String[] stringArray = new String[0]
statement is: main([Ljava/lang/String;)V type is: class org.evosuite.testcase.statements.MethodStatement return type void
statement code is: LagoonCLI.main(arg0)
test data is: String[] stringArray = new String[0];
LagoonCLI.main(stringArray);

** It was a parseable test case! 
Improved test data is: class DummyClass {
    public static void main() {
        String[] stringArray = new String[]{ "-c", "config.yml", "-d", "deployment.yml" };
        LagoonCLI.main(stringArray);
    }
}
statement is: String[] stringArray = new String[]{ "-c", "config.yml", "-d", "deployment.yml" }, class spoon.support.reflect.code.CtLocalVariableImpl
class spoon.support.reflect.code.CtNewArrayImpl
Dimension: [] Ct is: String[] stringArray = new String[0] isAssignment: false Array: new String[]{ "-c", "config.yml", "-d", "deployment.yml" } Elements: ["-c", "config.yml", "-d", "deployment.yml"]
lengths: [0] []
statement is: LagoonCLI.main(stringArray), class spoon.support.reflect.code.CtInvocationImpl
invocation is: LagoonCLI.main(stringArray) target is: LagoonCLI method is: main(java.lang.String[])
Matched Method is: main([Ljava/lang/String;)V
i 0 Parameters size() 0 Num of Method Parameters: 1
TestCase is: String[] stringArray = null;
LagoonCLI.main(stringArray);

statement is: org.evosuite.testcase.statements.ArrayStatement@fbd249c8 type is: class org.evosuite.testcase.statements.ArrayStatement return type class [Ljava.lang.String;
statement code is: String[] stringArray = new String[5]
statement is: org.evosuite.testcase.statements.AssignmentStatement@547858b5 type is: class org.evosuite.testcase.statements.AssignmentStatement return type class java.lang.String
statement code is: stringArray[1] = "u2uu+=1rr4NNTM"
statement is: main([Ljava/lang/String;)V type is: class org.evosuite.testcase.statements.MethodStatement return type void
statement code is: LagoonCLI.main(arg0)
test data is: String[] stringArray = new String[5];
stringArray[1] = "u2uu+=1rr4NNTM";
LagoonCLI.main(stringArray);

** It was a parseable test case! 
Improved test data is: class DummyClass {
    public static void main() {
        String[] stringArray = new String[5];
        stringArray[1] = "user123";
        LagoonCLI.main(stringArray);
        // Test case for empty array
        String[] emptyArray = new String[0];
        LagoonCLI.main(emptyArray);
        // Test case for multiple elements in the array
        String[] multipleElements = new String[5];
        multipleElements[1] = "user456";
        multipleElements[2] = "user789";
        LagoonCLI.main(multipleElements);
    }
}
statement is: String[] stringArray = new String[5], class spoon.support.reflect.code.CtLocalVariableImpl
class spoon.support.reflect.code.CtNewArrayImpl
Dimension: [5] Ct is: String[] stringArray = new String[5] isAssignment: false Array: new String[5] Elements: []
lengths: [5] [5]
Their type are: class [Ljava.lang.String; String[]
statement is: stringArray[1] = "user123", class spoon.support.reflect.code.CtAssignmentImpl
Assigned : stringArray[1] Assigned Type class spoon.support.reflect.code.CtArrayWriteImpl String Assignment:"user123" Ct is: stringArray[1] = "user123"
target : stringArray class spoon.support.reflect.code.CtLiteralImpl
statement is: LagoonCLI.main(stringArray), class spoon.support.reflect.code.CtInvocationImpl
invocation is: LagoonCLI.main(stringArray) target is: LagoonCLI method is: main(java.lang.String[])
Matched Method is: main([Ljava/lang/String;)V
statement is: // Test case for empty array
String[] emptyArray = new String[0], class spoon.support.reflect.code.CtLocalVariableImpl
class spoon.support.reflect.code.CtNewArrayImpl
Dimension: [0] Ct is: String[] stringArray = new String[5] isAssignment: false Array: new String[0] Elements: []
lengths: [5] [0]
Their type are: class [Ljava.lang.String; String[]
statement is: LagoonCLI.main(emptyArray), class spoon.support.reflect.code.CtInvocationImpl
invocation is: LagoonCLI.main(emptyArray) target is: LagoonCLI method is: main(java.lang.String[])
Matched Method is: main([Ljava/lang/String;)V
statement is: // Test case for multiple elements in the array
String[] multipleElements = new String[5], class spoon.support.reflect.code.CtLocalVariableImpl
class spoon.support.reflect.code.CtNewArrayImpl
Dimension: [5] Ct is: String[] stringArray = new String[5] isAssignment: false Array: new String[5] Elements: []
lengths: [5] [5]
Their type are: class [Ljava.lang.String; String[]
statement is: multipleElements[1] = "user456", class spoon.support.reflect.code.CtAssignmentImpl
Assigned : multipleElements[1] Assigned Type class spoon.support.reflect.code.CtArrayWriteImpl String Assignment:"user456" Ct is: multipleElements[1] = "user456"
target : multipleElements class spoon.support.reflect.code.CtLiteralImpl
statement is: multipleElements[2] = "user789", class spoon.support.reflect.code.CtAssignmentImpl
Assigned : multipleElements[2] Assigned Type class spoon.support.reflect.code.CtArrayWriteImpl String Assignment:"user789" Ct is: multipleElements[2] = "user789"
target : multipleElements class spoon.support.reflect.code.CtLiteralImpl
statement is: LagoonCLI.main(multipleElements), class spoon.support.reflect.code.CtInvocationImpl
invocation is: LagoonCLI.main(multipleElements) target is: LagoonCLI method is: main(java.lang.String[])
Matched Method is: main([Ljava/lang/String;)V
TestCase is: String[] stringArray = new String[5];
String string = "user123";
stringArray[1] = string;
LagoonCLI.main(stringArray);
String[] stringArray = new String[5];
LagoonCLI.main(stringArray);
String[] stringArray = new String[5];
String string = "user456";
stringArray[1] = string;
String string = "user789";
stringArray[1] = string;
LagoonCLI.main(stringArray);

statement is: org.evosuite.testcase.statements.ArrayStatement@dd665899 type is: class org.evosuite.testcase.statements.ArrayStatement return type class [Ljava.lang.String;
statement code is: String[] stringArray = new String[6]
statement is: org.evosuite.testcase.statements.AssignmentStatement@176be1b9 type is: class org.evosuite.testcase.statements.AssignmentStatement return type class java.lang.String
statement code is: stringArray[1] = "build"
statement is: main([Ljava/lang/String;)V type is: class org.evosuite.testcase.statements.MethodStatement return type void
statement code is: LagoonCLI.main(arg0)
test data is: String[] stringArray = new String[6];
stringArray[1] = "build";
LagoonCLI.main(stringArray);

** It was a parseable test case! 
Improved test data is: class DummyClass {
    public static void main() {
        String[] stringArray = new String[]{ "build", "--project=my-project", "--environment=dev" };
        LagoonCLI.main(stringArray);
    }
}
statement is: String[] stringArray = new String[]{ "build", "--project=my-project", "--environment=dev" }, class spoon.support.reflect.code.CtLocalVariableImpl
class spoon.support.reflect.code.CtNewArrayImpl
Dimension: [] Ct is: String[] stringArray = new String[6] isAssignment: false Array: new String[]{ "build", "--project=my-project", "--environment=dev" } Elements: ["build", "--project=my-project", "--environment=dev"]
lengths: [6] []
statement is: LagoonCLI.main(stringArray), class spoon.support.reflect.code.CtInvocationImpl
invocation is: LagoonCLI.main(stringArray) target is: LagoonCLI method is: main(java.lang.String[])
Matched Method is: main([Ljava/lang/String;)V
i 0 Parameters size() 0 Num of Method Parameters: 1
TestCase is: String[] stringArray = null;
LagoonCLI.main(stringArray);

statement is: org.evosuite.testcase.statements.ArrayStatement@c153d49 type is: class org.evosuite.testcase.statements.ArrayStatement return type class [Ljava.lang.String;
statement code is: String[] stringArray = new String[5]
statement is: org.evosuite.testcase.statements.AssignmentStatement@6f079b02 type is: class org.evosuite.testcase.statements.AssignmentStatement return type class java.lang.String
statement code is: stringArray[1] = "force"
statement is: main([Ljava/lang/String;)V type is: class org.evosuite.testcase.statements.MethodStatement return type void
statement code is: LagoonCLI.main(arg0)
test data is: String[] stringArray = new String[5];
stringArray[1] = "force";
LagoonCLI.main(stringArray);

** It was a parseable test case! 
Improved test data is: class DummyClass {
    public static void main() {
        String[] stringArray = new String[5];
        stringArray[0] = "--config=./config.yml";
        stringArray[1] = "force";
        LagoonCLI.main(stringArray);
    }
}
statement is: String[] stringArray = new String[5], class spoon.support.reflect.code.CtLocalVariableImpl
class spoon.support.reflect.code.CtNewArrayImpl
Dimension: [5] Ct is: String[] stringArray = new String[5] isAssignment: false Array: new String[5] Elements: []
lengths: [5] [5]
Their type are: class [Ljava.lang.String; String[]
statement is: stringArray[0] = "--config=./config.yml", class spoon.support.reflect.code.CtAssignmentImpl
Assigned : stringArray[0] Assigned Type class spoon.support.reflect.code.CtArrayWriteImpl String Assignment:"--config=./config.yml" Ct is: stringArray[0] = "--config=./config.yml"
target : stringArray class spoon.support.reflect.code.CtLiteralImpl
statement is: stringArray[1] = "force", class spoon.support.reflect.code.CtAssignmentImpl
Assigned : stringArray[1] Assigned Type class spoon.support.reflect.code.CtArrayWriteImpl String Assignment:"force" Ct is: stringArray[1] = "force"
target : stringArray class spoon.support.reflect.code.CtLiteralImpl
statement is: LagoonCLI.main(stringArray), class spoon.support.reflect.code.CtInvocationImpl
invocation is: LagoonCLI.main(stringArray) target is: LagoonCLI method is: main(java.lang.String[])
Matched Method is: main([Ljava/lang/String;)V
TestCase is: String[] stringArray = new String[5];
String string = "--config=./config.yml";
stringArray[1] = string;
String string = "force";
stringArray[1] = string;
LagoonCLI.main(stringArray);

statement is: org.evosuite.testcase.statements.ArrayStatement@6cad7498 type is: class org.evosuite.testcase.statements.ArrayStatement return type class [Ljava.lang.String;
statement code is: String[] stringArray = new String[5]
statement is: org.evosuite.testcase.statements.AssignmentStatement@128feac5 type is: class org.evosuite.testcase.statements.AssignmentStatement return type class java.lang.String
statement code is: stringArray[1] = "1"
statement is: main([Ljava/lang/String;)V type is: class org.evosuite.testcase.statements.MethodStatement return type void
statement code is: LagoonCLI.main(arg0)
test data is: String[] stringArray = new String[5];
stringArray[1] = "1";
LagoonCLI.main(stringArray);

** It was a parseable test case! 
Improved test data is: class DummyClass {
    public static void main() {
        String[] stringArray = new String[5];
        stringArray[0] = "--help";
        LagoonCLI.main(stringArray);
    }
}
statement is: String[] stringArray = new String[5], class spoon.support.reflect.code.CtLocalVariableImpl
class spoon.support.reflect.code.CtNewArrayImpl
Dimension: [5] Ct is: String[] stringArray = new String[5] isAssignment: false Array: new String[5] Elements: []
lengths: [5] [5]
Their type are: class [Ljava.lang.String; String[]
statement is: stringArray[0] = "--help", class spoon.support.reflect.code.CtAssignmentImpl
Assigned : stringArray[0] Assigned Type class spoon.support.reflect.code.CtArrayWriteImpl String Assignment:"--help" Ct is: stringArray[0] = "--help"
target : stringArray class spoon.support.reflect.code.CtLiteralImpl
statement is: LagoonCLI.main(stringArray), class spoon.support.reflect.code.CtInvocationImpl
invocation is: LagoonCLI.main(stringArray) target is: LagoonCLI method is: main(java.lang.String[])
Matched Method is: main([Ljava/lang/String;)V
TestCase is: String[] stringArray = new String[5];
String string = "--help";
stringArray[1] = string;
LagoonCLI.main(stringArray);

statement is: org.evosuite.testcase.statements.ArrayStatement@5fcf22a1 type is: class org.evosuite.testcase.statements.ArrayStatement return type class [Ljava.lang.String;
statement code is: String[] stringArray = new String[20]
statement is: org.evosuite.testcase.statements.AssignmentStatement@6e4ac6c0 type is: class org.evosuite.testcase.statements.AssignmentStatement return type class java.lang.String
statement code is: stringArray[1] = "00"
statement is: main([Ljava/lang/String;)V type is: class org.evosuite.testcase.statements.MethodStatement return type void
statement code is: LagoonCLI.main(arg0)
test data is: String[] stringArray = new String[20];
stringArray[1] = "00";
LagoonCLI.main(stringArray);

** It was a parseable test case! 
Improved test data is: class DummyClass {
    public static void main() {
        String[] stringArray = new String[20];
        stringArray[1] = "00123456789";
        LagoonCLI.main(stringArray);
    }
}
statement is: String[] stringArray = new String[20], class spoon.support.reflect.code.CtLocalVariableImpl
class spoon.support.reflect.code.CtNewArrayImpl
Dimension: [20] Ct is: String[] stringArray = new String[20] isAssignment: false Array: new String[20] Elements: []
lengths: [20] [20]
Their type are: class [Ljava.lang.String; String[]
statement is: stringArray[1] = "00123456789", class spoon.support.reflect.code.CtAssignmentImpl
Assigned : stringArray[1] Assigned Type class spoon.support.reflect.code.CtArrayWriteImpl String Assignment:"00123456789" Ct is: stringArray[1] = "00123456789"
target : stringArray class spoon.support.reflect.code.CtLiteralImpl
statement is: LagoonCLI.main(stringArray), class spoon.support.reflect.code.CtInvocationImpl
invocation is: LagoonCLI.main(stringArray) target is: LagoonCLI method is: main(java.lang.String[])
Matched Method is: main([Ljava/lang/String;)V
TestCase is: String[] stringArray = new String[20];
String string = "00123456789";
stringArray[1] = string;
LagoonCLI.main(stringArray);

statement is: org.evosuite.testcase.statements.ArrayStatement@33288371 type is: class org.evosuite.testcase.statements.ArrayStatement return type class [Ljava.lang.String;
statement code is: String[] stringArray = new String[1]
statement is: org.evosuite.testcase.statements.AssignmentStatement@69560666 type is: class org.evosuite.testcase.statements.AssignmentStatement return type class java.lang.String
statement code is: stringArray[0] = "K5r8=8][(+Ty`{sQP.xml"
statement is: main([Ljava/lang/String;)V type is: class org.evosuite.testcase.statements.MethodStatement return type void
statement code is: LagoonCLI.main(arg0)
test data is: String[] stringArray = new String[1];
stringArray[0] = "K5r8=8][(+Ty`{sQP.xml";
LagoonCLI.main(stringArray);

** It was a parseable test case! 
Improved test data is: class DummyClass {
    public static void main() {
        String[] stringArray = new String[1];
        stringArray[0] = "K5r8=8][(+Ty`{sQP.xml";
        LagoonCLI.main(stringArray);
    }
}
statement is: String[] stringArray = new String[1], class spoon.support.reflect.code.CtLocalVariableImpl
class spoon.support.reflect.code.CtNewArrayImpl
Dimension: [1] Ct is: String[] stringArray = new String[1] isAssignment: false Array: new String[1] Elements: []
lengths: [1] [1]
Their type are: class [Ljava.lang.String; String[]
statement is: stringArray[0] = "K5r8=8][(+Ty`{sQP.xml", class spoon.support.reflect.code.CtAssignmentImpl
Assigned : stringArray[0] Assigned Type class spoon.support.reflect.code.CtArrayWriteImpl String Assignment:"K5r8=8][(+Ty`{sQP.xml" Ct is: stringArray[0] = "K5r8=8][(+Ty`{sQP.xml"
target : stringArray class spoon.support.reflect.code.CtLiteralImpl
statement is: LagoonCLI.main(stringArray), class spoon.support.reflect.code.CtInvocationImpl
invocation is: LagoonCLI.main(stringArray) target is: LagoonCLI method is: main(java.lang.String[])
Matched Method is: main([Ljava/lang/String;)V
TestCase is: String[] stringArray = new String[1];
String string = "K5r8=8][(+Ty`{sQP.xml";
stringArray[0] = string;
LagoonCLI.main(stringArray);

statement is: org.evosuite.testcase.statements.ArrayStatement@82582ba3 type is: class org.evosuite.testcase.statements.ArrayStatement return type class [Ljava.lang.String;
statement code is: String[] stringArray = new String[1]
statement is: org.evosuite.testcase.statements.AssignmentStatement@9fa20efd type is: class org.evosuite.testcase.statements.AssignmentStatement return type class java.lang.String
statement code is: stringArray[0] = "Ed.sitemap"
statement is: main([Ljava/lang/String;)V type is: class org.evosuite.testcase.statements.MethodStatement return type void
statement code is: LagoonCLI.main(arg0)
test data is: String[] stringArray = new String[1];
stringArray[0] = "Ed.sitemap";
LagoonCLI.main(stringArray);

** It was a parseable test case! 
Improved test data is: class DummyClass {
    public static void main() {
        String[] stringArray = new String[MAX_PROJECTS];
        stringArray[0] = "--list-projects";
        stringArray[1] = PROJECT_NAME1;
        stringArray[2] = PROJECT_NAME2;
        LagoonCLI.main(stringArray);
    }
}
statement is: String[] stringArray = new String[MAX_PROJECTS], class spoon.support.reflect.code.CtLocalVariableImpl
class spoon.support.reflect.code.CtNewArrayImpl
Dimension: [MAX_PROJECTS] Ct is: String[] stringArray = new String[1] isAssignment: false Array: new String[MAX_PROJECTS] Elements: []
lengths: [1] [MAX_PROJECTS]
Their type are: class [Ljava.lang.String; String[]
statement is: stringArray[0] = "--list-projects", class spoon.support.reflect.code.CtAssignmentImpl
Assigned : stringArray[0] Assigned Type class spoon.support.reflect.code.CtArrayWriteImpl String Assignment:"--list-projects" Ct is: stringArray[0] = "--list-projects"
target : stringArray class spoon.support.reflect.code.CtLiteralImpl
statement is: stringArray[1] = PROJECT_NAME1, class spoon.support.reflect.code.CtAssignmentImpl
Assigned : stringArray[1] Assigned Type class spoon.support.reflect.code.CtArrayWriteImpl String Assignment:PROJECT_NAME1 Ct is: stringArray[1] = PROJECT_NAME1
target : stringArray class spoon.support.reflect.code.CtLiteralImpl
statement is: stringArray[2] = PROJECT_NAME2, class spoon.support.reflect.code.CtAssignmentImpl
Assigned : stringArray[2] Assigned Type class spoon.support.reflect.code.CtArrayWriteImpl String Assignment:PROJECT_NAME2 Ct is: stringArray[2] = PROJECT_NAME2
target : stringArray class spoon.support.reflect.code.CtLiteralImpl
statement is: LagoonCLI.main(stringArray), class spoon.support.reflect.code.CtInvocationImpl
invocation is: LagoonCLI.main(stringArray) target is: LagoonCLI method is: main(java.lang.String[])
Matched Method is: main([Ljava/lang/String;)V
TestCase is: String[] stringArray = new String[1];
String string = "--list-projects";
stringArray[0] = string;
stringArray[0] = string;
stringArray[0] = string;
LagoonCLI.main(stringArray);

statement is: shouldAllThrowIOExceptions()Z type is: class org.evosuite.testcase.statements.MethodStatement return type boolean
statement code is: boolean shouldAllThrowIOExceptions = FileSystemHandling.shouldAllThrowIOExceptions()
statement is: org.evosuite.testcase.statements.ArrayStatement@503899c1 type is: class org.evosuite.testcase.statements.ArrayStatement return type class [Ljava.lang.String;
statement code is: String[] stringArray = new String[1]
statement is: EvoSuiteFile evoSuiteFile = new EvoSuiteFile("nu.staldal.lagoon.core.AuthenticationException") type is: class org.evosuite.testcase.statements.environment.FileNamePrimitiveStatement return type class org.evosuite.runtime.testdata.EvoSuiteFile
statement code is: EvoSuiteFile evoSuiteFile = new EvoSuiteFile("nu.staldal.lagoon.core.AuthenticationException")
statement is: org.evosuite.testcase.statements.ArrayStatement@def39b24 type is: class org.evosuite.testcase.statements.ArrayStatement return type class [B
statement code is: byte[] byteArray = new byte[2]
statement is: appendDataToFile(Lorg/evosuite/runtime/testdata/EvoSuiteFile;[B)Z type is: class org.evosuite.testcase.statements.MethodStatement return type boolean
statement code is: boolean appendDataToFile = FileSystemHandling.appendDataToFile(arg0, arg1)
statement is: org.evosuite.testcase.statements.AssignmentStatement@ccc214e3 type is: class org.evosuite.testcase.statements.AssignmentStatement return type class java.lang.String
statement code is: stringArray[0] = "nu.staldal.lagoon.core.AuthenticationException"
statement is: main([Ljava/lang/String;)V type is: class org.evosuite.testcase.statements.MethodStatement return type void
statement code is: LagoonCLI.main(arg0)
test data is: FileSystemHandling.shouldAllThrowIOExceptions();
String[] stringArray = new String[1];
EvoSuiteFile evoSuiteFile = new EvoSuiteFile("nu.staldal.lagoon.core.AuthenticationException");
byte[] byteArray = new byte[2];
FileSystemHandling.appendDataToFile(evoSuiteFile, byteArray);
stringArray[0] = "nu.staldal.lagoon.core.AuthenticationException";
LagoonCLI.main(stringArray);

** It was a parseable test case! 
Improved test data is: class DummyClass {
    public static void main() {
        FileSystemHandling.shouldAllThrowIOExceptions();
        String[] stringArray = new String[1];
        EvoSuiteFile evoSuiteFile = new EvoSuiteFile("nu.staldal.lagoon.core.AuthenticationException");
        byte[] byteArray = new byte[2];
        // Improved test data: using more descriptive and representative values for the string array and the byte array
        stringArray[0] = "nu.staldal.lagoon.core.InvalidPasswordException";
        byteArray = new byte[]{ ((byte) (0xca)), ((byte) (0xfe)) };
        FileSystemHandling.appendDataToFile(evoSuiteFile, byteArray);
        LagoonCLI.main(stringArray);
    }
}
statement is: FileSystemHandling.shouldAllThrowIOExceptions(), class spoon.support.reflect.code.CtInvocationImpl
invocation is: FileSystemHandling.shouldAllThrowIOExceptions() target is: FileSystemHandling method is: shouldAllThrowIOExceptions()
Matched Method is: shouldAllThrowIOExceptions()Z
statement is: String[] stringArray = new String[1], class spoon.support.reflect.code.CtLocalVariableImpl
class spoon.support.reflect.code.CtNewArrayImpl
Dimension: [1] Ct is: String[] stringArray = new String[1] isAssignment: false Array: new String[1] Elements: []
lengths: [1] [1]
Their type are: class [Ljava.lang.String; String[]
statement is: EvoSuiteFile evoSuiteFile = new EvoSuiteFile("nu.staldal.lagoon.core.AuthenticationException"), class spoon.support.reflect.code.CtLocalVariableImpl
class spoon.support.reflect.code.CtConstructorCallImpl
statement is: byte[] byteArray = new byte[2], class spoon.support.reflect.code.CtLocalVariableImpl
class spoon.support.reflect.code.CtNewArrayImpl
Dimension: [2] Ct is: String[] stringArray = new String[1] isAssignment: false Array: new byte[2] Elements: []
lengths: [1] [2]
Their type are: class [Ljava.lang.String; byte[]
Dimension: [2] Ct is: byte[] byteArray = new byte[2] isAssignment: false Array: new byte[2] Elements: []
lengths: [2] [2]
Their type are: class [B byte[]
statement is: // Improved test data: using more descriptive and representative values for the string array and the byte array
stringArray[0] = "nu.staldal.lagoon.core.InvalidPasswordException", class spoon.support.reflect.code.CtAssignmentImpl
Assigned : stringArray[0] Assigned Type class spoon.support.reflect.code.CtArrayWriteImpl String Assignment:"nu.staldal.lagoon.core.InvalidPasswordException" Ct is: // Improved test data: using more descriptive and representative values for the string array and the byte array
stringArray[0] = "nu.staldal.lagoon.core.InvalidPasswordException"
target : stringArray class spoon.support.reflect.code.CtLiteralImpl
statement is: byteArray = new byte[]{ ((byte) (0xca)), ((byte) (0xfe)) }, class spoon.support.reflect.code.CtAssignmentImpl
statement is: FileSystemHandling.appendDataToFile(evoSuiteFile, byteArray), class spoon.support.reflect.code.CtInvocationImpl
invocation is: FileSystemHandling.appendDataToFile(evoSuiteFile, byteArray) target is: FileSystemHandling method is: appendDataToFile(EvoSuiteFile,byte[])
Matched Method is: appendDataToFile(Lorg/evosuite/runtime/testdata/EvoSuiteFile;[B)Z
i 1 Parameters size() 1 Num of Method Parameters: 2
statement is: LagoonCLI.main(stringArray), class spoon.support.reflect.code.CtInvocationImpl
invocation is: LagoonCLI.main(stringArray) target is: LagoonCLI method is: main(java.lang.String[])
Matched Method is: main([Ljava/lang/String;)V
TestCase is: FileSystemHandling.shouldAllThrowIOExceptions();
String[] stringArray = new String[1];
byte[] byteArray = new byte[2];
String string = "nu.staldal.lagoon.core.InvalidPasswordException";
stringArray[0] = string;
byte[] byteArray = null;
FileSystemHandling.appendDataToFile((EvoSuiteFile) byteArray, byteArray);
LagoonCLI.main(stringArray);

statement is: org.evosuite.testcase.statements.ArrayStatement@318748ab type is: class org.evosuite.testcase.statements.ArrayStatement return type class [Ljava.lang.String;
statement code is: String[] stringArray = new String[1]
statement is: EvoSuiteFile evoSuiteFile = new EvoSuiteFile("0@Io#}sMSeE 'm") type is: class org.evosuite.testcase.statements.environment.FileNamePrimitiveStatement return type class org.evosuite.runtime.testdata.EvoSuiteFile
statement code is: EvoSuiteFile evoSuiteFile = new EvoSuiteFile("0@Io#}sMSeE 'm")
statement is: appendStringToFile(Lorg/evosuite/runtime/testdata/EvoSuiteFile;Ljava/lang/String;)Z type is: class org.evosuite.testcase.statements.MethodStatement return type boolean
statement code is: boolean appendStringToFile = FileSystemHandling.appendStringToFile(arg0, "0@Io#}sMSeE 'm")
statement is: org.evosuite.testcase.statements.AssignmentStatement@89f7c71 type is: class org.evosuite.testcase.statements.AssignmentStatement return type class java.lang.String
statement code is: stringArray[0] = "0@Io#}sMSeE 'm"
statement is: main([Ljava/lang/String;)V type is: class org.evosuite.testcase.statements.MethodStatement return type void
statement code is: LagoonCLI.main(arg0)
test data is: String[] stringArray = new String[1];
EvoSuiteFile evoSuiteFile = new EvoSuiteFile("0@Io#}sMSeE 'm");
FileSystemHandling.appendStringToFile(evoSuiteFile, "0@Io#}sMSeE 'm");
stringArray[0] = "0@Io#}sMSeE 'm";
LagoonCLI.main(stringArray);

** It was a parseable test case! 
Improved test data is: class DummyClass {
    public static void main() {
        String[] stringArray = new String[1];
        EvoSuiteFile evoSuiteFile = new EvoSuiteFile("This is a test data for the Lagoon CLI.");
        FileSystemHandling.appendStringToFile(evoSuiteFile, "This is a test data for the Lagoon CLI.");
        stringArray[0] = "This is a test data for the Lagoon CLI.";
        LagoonCLI.main(stringArray);
    }
}
statement is: String[] stringArray = new String[1], class spoon.support.reflect.code.CtLocalVariableImpl
class spoon.support.reflect.code.CtNewArrayImpl
Dimension: [1] Ct is: String[] stringArray = new String[1] isAssignment: false Array: new String[1] Elements: []
lengths: [1] [1]
Their type are: class [Ljava.lang.String; String[]
statement is: EvoSuiteFile evoSuiteFile = new EvoSuiteFile("This is a test data for the Lagoon CLI."), class spoon.support.reflect.code.CtLocalVariableImpl
class spoon.support.reflect.code.CtConstructorCallImpl
statement is: FileSystemHandling.appendStringToFile(evoSuiteFile, "This is a test data for the Lagoon CLI."), class spoon.support.reflect.code.CtInvocationImpl
invocation is: FileSystemHandling.appendStringToFile(evoSuiteFile, "This is a test data for the Lagoon CLI.") target is: FileSystemHandling method is: appendStringToFile(EvoSuiteFile,java.lang.String)
Matched Method is: appendStringToFile(Lorg/evosuite/runtime/testdata/EvoSuiteFile;Ljava/lang/String;)Z
i 1 Parameters size() 1 Num of Method Parameters: 2
statement is: stringArray[0] = "This is a test data for the Lagoon CLI.", class spoon.support.reflect.code.CtAssignmentImpl
Assigned : stringArray[0] Assigned Type class spoon.support.reflect.code.CtArrayWriteImpl String Assignment:"This is a test data for the Lagoon CLI." Ct is: stringArray[0] = "This is a test data for the Lagoon CLI."
target : stringArray class spoon.support.reflect.code.CtLiteralImpl
statement is: LagoonCLI.main(stringArray), class spoon.support.reflect.code.CtInvocationImpl
invocation is: LagoonCLI.main(stringArray) target is: LagoonCLI method is: main(java.lang.String[])
Matched Method is: main([Ljava/lang/String;)V
TestCase is: String[] stringArray = new String[1];
String string = "This is a test data for the Lagoon CLI.";
String string = null;
FileSystemHandling.appendStringToFile((EvoSuiteFile) string, string);
String string = "This is a test data for the Lagoon CLI.";
stringArray[0] = string;
LagoonCLI.main(stringArray);

* test suite isTestSuite: 22
Test 0: 
LagoonCLI lagoonCLI = new LagoonCLI();
Test 1: 
String[] stringArray = new String[0];
LagoonCLI.main(stringArray);
Test 2: 
String[] stringArray = new String[5];
stringArray[1] = "u2uu+=1rr4NNTM";
LagoonCLI.main(stringArray);
Test 3: 
String[] stringArray = new String[6];
stringArray[1] = "build";
// Undeclared exception!
try { 
  LagoonCLI.main(stringArray);
  fail("Expecting exception: NullPointerException");

} catch(NullPointerException e) {
   //
   // no message in exception (getMessage() returned null)
   //
}

Test 4: 
String[] stringArray = new String[5];
stringArray[1] = "force";
// Undeclared exception!
try { 
  LagoonCLI.main(stringArray);
  fail("Expecting exception: NullPointerException");

} catch(NullPointerException e) {
   //
   // no message in exception (getMessage() returned null)
   //
}

Test 5: 
String[] stringArray = new String[5];
stringArray[1] = "1";
// Undeclared exception!
try { 
  LagoonCLI.main(stringArray);
  fail("Expecting exception: NullPointerException");

} catch(NullPointerException e) {
   //
   // no message in exception (getMessage() returned null)
   //
}

Test 6: 
String[] stringArray = new String[20];
stringArray[1] = "00";
LagoonCLI.main(stringArray);
Test 7: 
String[] stringArray = new String[1];
stringArray[0] = "K5r8=8][(+Ty`{sQP.xml";
LagoonCLI.main(stringArray);
Test 8: 
String[] stringArray = new String[1];
stringArray[0] = "Ed.sitemap";
LagoonCLI.main(stringArray);
Test 9: 
FileSystemHandling.shouldAllThrowIOExceptions();
String[] stringArray = new String[1];
EvoSuiteFile evoSuiteFile = new EvoSuiteFile("nu.staldal.lagoon.core.AuthenticationException");
byte[] byteArray = new byte[2];
FileSystemHandling.appendDataToFile(evoSuiteFile, byteArray);
stringArray[0] = "nu.staldal.lagoon.core.AuthenticationException";
LagoonCLI.main(stringArray);
Test 10: 
String[] stringArray = new String[1];
EvoSuiteFile evoSuiteFile = new EvoSuiteFile("0@Io#}sMSeE 'm");
FileSystemHandling.appendStringToFile(evoSuiteFile, "0@Io#}sMSeE 'm");
stringArray[0] = "0@Io#}sMSeE 'm";
LagoonCLI.main(stringArray);
Test 11: 

Test 12: 
LagoonCLI.main((String[]) null);

Test 13: 
String[] stringArray = new String[5];
stringArray[1] = "user123";
LagoonCLI.main(stringArray);
String[] stringArray = new String[5];
LagoonCLI.main(stringArray);
String[] stringArray = new String[5];
String string = "user456";
stringArray[1] = string;
String string = "user789";
stringArray[1] = string;
LagoonCLI.main(stringArray);

Test 14: 
LagoonCLI.main((String[]) null);

Test 15: 
String[] stringArray = new String[5];
stringArray[1] = "--config=./config.yml";
stringArray[1] = "force";
LagoonCLI.main(stringArray);

Test 16: 
String[] stringArray = new String[5];
stringArray[1] = "--help";
LagoonCLI.main(stringArray);

Test 17: 
String[] stringArray = new String[20];
stringArray[1] = "00123456789";
LagoonCLI.main(stringArray);

Test 18: 
String[] stringArray = new String[1];
stringArray[0] = "K5r8=8][(+Ty`{sQP.xml";
LagoonCLI.main(stringArray);

Test 19: 
String[] stringArray = new String[1];
stringArray[0] = "--list-projects";
stringArray[0] = "--list-projects";
stringArray[0] = "--list-projects";
LagoonCLI.main(stringArray);

Test 20: 
FileSystemHandling.shouldAllThrowIOExceptions();
String[] stringArray = new String[1];
byte[] byteArray = new byte[2];
stringArray[0] = "nu.staldal.lagoon.core.InvalidPasswordException";
FileSystemHandling.appendDataToFile((EvoSuiteFile) byteArray, (byte[]) null);
LagoonCLI.main(stringArray);

Test 21: 
String[] stringArray = new String[1];
FileSystemHandling.appendStringToFile((EvoSuiteFile) "This is a test data for the Lagoon CLI.", (String) null);
String string = "This is a test data for the Lagoon CLI.";
stringArray[0] = string;
LagoonCLI.main(stringArray);


* Generated after the refinement and before minimization 22 tests with total length 78
* test suite isTestSuite: 22
Test 0: 
LagoonCLI lagoonCLI = new LagoonCLI();
Test 1: 
String[] stringArray = new String[0];
LagoonCLI.main(stringArray);
Test 2: 
String[] stringArray = new String[5];
stringArray[1] = "u2uu+=1rr4NNTM";
LagoonCLI.main(stringArray);
Test 3: 
String[] stringArray = new String[6];
stringArray[1] = "build";
// Undeclared exception!
try { 
  LagoonCLI.main(stringArray);
  fail("Expecting exception: NullPointerException");

} catch(NullPointerException e) {
   //
   // no message in exception (getMessage() returned null)
   //
}

Test 4: 
String[] stringArray = new String[5];
stringArray[1] = "force";
// Undeclared exception!
try { 
  LagoonCLI.main(stringArray);
  fail("Expecting exception: NullPointerException");

} catch(NullPointerException e) {
   //
   // no message in exception (getMessage() returned null)
   //
}

Test 5: 
String[] stringArray = new String[5];
stringArray[1] = "1";
// Undeclared exception!
try { 
  LagoonCLI.main(stringArray);
  fail("Expecting exception: NullPointerException");

} catch(NullPointerException e) {
   //
   // no message in exception (getMessage() returned null)
   //
}

Test 6: 
String[] stringArray = new String[20];
stringArray[1] = "00";
LagoonCLI.main(stringArray);
Test 7: 
String[] stringArray = new String[1];
stringArray[0] = "K5r8=8][(+Ty`{sQP.xml";
LagoonCLI.main(stringArray);
Test 8: 
String[] stringArray = new String[1];
stringArray[0] = "Ed.sitemap";
LagoonCLI.main(stringArray);
Test 9: 
FileSystemHandling.shouldAllThrowIOExceptions();
String[] stringArray = new String[1];
EvoSuiteFile evoSuiteFile = new EvoSuiteFile("nu.staldal.lagoon.core.AuthenticationException");
byte[] byteArray = new byte[2];
FileSystemHandling.appendDataToFile(evoSuiteFile, byteArray);
stringArray[0] = "nu.staldal.lagoon.core.AuthenticationException";
LagoonCLI.main(stringArray);
Test 10: 
String[] stringArray = new String[1];
EvoSuiteFile evoSuiteFile = new EvoSuiteFile("0@Io#}sMSeE 'm");
FileSystemHandling.appendStringToFile(evoSuiteFile, "0@Io#}sMSeE 'm");
stringArray[0] = "0@Io#}sMSeE 'm";
LagoonCLI.main(stringArray);
Test 11: 

Test 12: 
LagoonCLI.main((String[]) null);

Test 13: 
String[] stringArray = new String[5];
stringArray[1] = "user123";
LagoonCLI.main(stringArray);
String[] stringArray = new String[5];
LagoonCLI.main(stringArray);
String[] stringArray = new String[5];
String string = "user456";
stringArray[1] = string;
String string = "user789";
stringArray[1] = string;
LagoonCLI.main(stringArray);

Test 14: 
LagoonCLI.main((String[]) null);

Test 15: 
String[] stringArray = new String[5];
stringArray[1] = "--config=./config.yml";
stringArray[1] = "force";
LagoonCLI.main(stringArray);

Test 16: 
String[] stringArray = new String[5];
stringArray[1] = "--help";
LagoonCLI.main(stringArray);

Test 17: 
String[] stringArray = new String[20];
stringArray[1] = "00123456789";
LagoonCLI.main(stringArray);

Test 18: 
String[] stringArray = new String[1];
stringArray[0] = "K5r8=8][(+Ty`{sQP.xml";
LagoonCLI.main(stringArray);

Test 19: 
String[] stringArray = new String[1];
stringArray[0] = "--list-projects";
stringArray[0] = "--list-projects";
stringArray[0] = "--list-projects";
LagoonCLI.main(stringArray);

Test 20: 
FileSystemHandling.shouldAllThrowIOExceptions();
String[] stringArray = new String[1];
byte[] byteArray = new byte[2];
stringArray[0] = "nu.staldal.lagoon.core.InvalidPasswordException";
FileSystemHandling.appendDataToFile((EvoSuiteFile) byteArray, (byte[]) null);
LagoonCLI.main(stringArray);

Test 21: 
String[] stringArray = new String[1];
FileSystemHandling.appendStringToFile((EvoSuiteFile) "This is a test data for the Lagoon CLI.", (String) null);
String string = "This is a test data for the Lagoon CLI.";
stringArray[0] = string;
LagoonCLI.main(stringArray);


* Minimizing test suite
* test suite isTestSuite: 11
Test 0: 
LagoonCLI lagoonCLI = new LagoonCLI();
Test 1: 
String[] stringArray = new String[0];
LagoonCLI.main(stringArray);
Test 2: 
String[] stringArray = new String[5];
stringArray[1] = "--help";
LagoonCLI.main(stringArray);
Test 3: 
String[] stringArray = new String[6];
stringArray[1] = "build";
// Undeclared exception!
try { 
  LagoonCLI.main(stringArray);
  fail("Expecting exception: NullPointerException");

} catch(NullPointerException e) {
   //
   // no message in exception (getMessage() returned null)
   //
}

Test 4: 
String[] stringArray = new String[5];
stringArray[1] = "force";
// Undeclared exception!
try { 
  LagoonCLI.main(stringArray);
  fail("Expecting exception: NullPointerException");

} catch(NullPointerException e) {
   //
   // no message in exception (getMessage() returned null)
   //
}

Test 5: 
String[] stringArray = new String[5];
stringArray[1] = "1";
// Undeclared exception!
try { 
  LagoonCLI.main(stringArray);
  fail("Expecting exception: NullPointerException");

} catch(NullPointerException e) {
   //
   // no message in exception (getMessage() returned null)
   //
}

Test 6: 
String[] stringArray = new String[20];
stringArray[1] = "00123456789";
LagoonCLI.main(stringArray);
Test 7: 
String[] stringArray = new String[1];
stringArray[0] = "K5r8=8][(+Ty`{sQP.xml";
LagoonCLI.main(stringArray);
Test 8: 
String[] stringArray = new String[1];
stringArray[0] = "Ed.sitemap";
LagoonCLI.main(stringArray);
Test 9: 
FileSystemHandling.shouldAllThrowIOExceptions();
String[] stringArray = new String[1];
EvoSuiteFile evoSuiteFile = new EvoSuiteFile("nu.staldal.lagoon.core.AuthenticationException");
byte[] byteArray = new byte[2];
FileSystemHandling.appendDataToFile(evoSuiteFile, byteArray);
stringArray[0] = "nu.staldal.lagoon.core.AuthenticationException";
LagoonCLI.main(stringArray);
Test 10: 
String[] stringArray = new String[1];
EvoSuiteFile evoSuiteFile = new EvoSuiteFile("0@Io#}sMSeE 'm");
FileSystemHandling.appendStringToFile(evoSuiteFile, "0@Io#}sMSeE 'm");
stringArray[0] = "0@Io#}sMSeE 'm";
LagoonCLI.main(stringArray);

* Going to analyze the coverage criteria
* Coverage analysis for criterion BRANCH
* Coverage of criterion BRANCH: 32%
* Total number of goals: 65
* Number of covered goals: 21
* Coverage analysis for criterion LINE
* Coverage of criterion LINE: 34%
* Total number of goals: 144
* Number of covered goals: 49
* Coverage analysis for criterion OUTPUT
* Coverage of criterion OUTPUT: 100% (no goals)
* Coverage analysis for criterion METHOD
* Coverage of criterion METHOD: 100%
* Total number of goals: 2
* Number of covered goals: 2
* Coverage analysis for criterion CBRANCH
* Coverage of criterion CBRANCH: 32%
* Total number of goals: 65
* Number of covered goals: 21
* Generated 11 tests with total length 36
* Resulting test suite's coverage: 60% (average coverage for all fitness functions)
* Generating assertions
* Resulting test suite's mutation score: 25%
* Compiling and checking tests
Going to execute: removeTestsThatDoNotCompile
* Compiling Tests
** Write a test suite: 0 called: 0 to improve: false
* Compiling Tests
** Write a test suite: 0 called: 0 to improve: true
** Improve Understandability: ** Test Code is: LagoonCLI lagoonCLI = new LagoonCLI();

** It was a parseable test case! 
refined test name is: testGetAllUsers
* Compiling Tests
refined test name is: testGetAllUsersshouldReturnExpectedResult
* Compiling Tests
** Write a test suite: 0 called: 0 to improve: false
* Compiling Tests
** Write a test suite: 0 called: 0 to improve: true
** Improve Understandability: ** Test Code is: String[] arg0 = new String[0];
LagoonCLI.main(arg0);
assertEquals(0, arg0.length);


** It was a parseable test case! 
refined test name is: testLagoonCLIStartCommand
* Compiling Tests
** Write a test suite: 0 called: 0 to improve: false
* Compiling Tests
** Write a test suite: 0 called: 0 to improve: true
** Improve Understandability: ** Test Code is: String[] arg0 = new String[5];
arg0[1] = "--help";
LagoonCLI.main(arg0);
assertEquals(5, arg0.length);


** It was a parseable test case! 
refined test name is: testLagoonCLIWithHelpArgument
* Compiling Tests
refined test name is: testLagoonCLIReturnsLengthOfInputArray
* Compiling Tests
** Write a test suite: 0 called: 0 to improve: false
* Compiling Tests
** Write a test suite: 0 called: 0 to improve: true
** Improve Understandability: ** Test Code is: String[] arg0 = new String[6];
arg0[1] = "build";
// Undeclared exception!
try { 
  LagoonCLI.main(arg0);
  fail("Expecting exception: NullPointerException");

} catch(NullPointerException e) {
   //
   // no message in exception (getMessage() returned null)
   //
}


** It was a parseable test case! 
refined test name is: testMainWithNullArgumentThrowsNullPointerException
* Compiling Tests
** Write a test suite: 0 called: 0 to improve: false
* Compiling Tests
** Write a test suite: 0 called: 0 to improve: true
** Improve Understandability: ** Test Code is: String[] arg0 = new String[5];
arg0[1] = "force";
// Undeclared exception!
try { 
  LagoonCLI.main(arg0);
  fail("Expecting exception: NullPointerException");

} catch(NullPointerException e) {
   //
   // no message in exception (getMessage() returned null)
   //
}


** It was a parseable test case! 
refined test name is: testForceOptionWithNullValue
* Compiling Tests
refined test name is: testInvalidArgumentForForceOption
* Compiling Tests
** Write a test suite: 0 called: 0 to improve: false
* Compiling Tests
** Write a test suite: 0 called: 0 to improve: true
** Improve Understandability: ** Test Code is: String[] arg0 = new String[5];
arg0[1] = "1";
// Undeclared exception!
try { 
  LagoonCLI.main(arg0);
  fail("Expecting exception: NullPointerException");

} catch(NullPointerException e) {
   //
   // no message in exception (getMessage() returned null)
   //
}


** It was a parseable test case! 
refined test name is: testLagoonCLImainnullPointerException
* Compiling Tests
** Write a test suite: 0 called: 0 to improve: false
* Compiling Tests
** Write a test suite: 0 called: 0 to improve: true
** Improve Understandability: ** Test Code is: String[] arg0 = new String[20];
arg0[1] = "00123456789";
LagoonCLI.main(arg0);
assertEquals(20, arg0.length);


** It was a parseable test case! 
refined test name is: testLagoonCLIWithValidInput
* Compiling Tests
** Write a test suite: 0 called: 0 to improve: false
* Compiling Tests
** Write a test suite: 0 called: 0 to improve: true
** Improve Understandability: ** Test Code is: String[] arg0 = new String[1];
arg0[0] = "K5r8=8][(+Ty`{sQP.xml";
LagoonCLI.main(arg0);
assertEquals(1, arg0.length);


** It was a parseable test case! 
refined test name is: testLagoonCLIMainWithXMLFilePathArgument
* Compiling Tests
** Write a test suite: 0 called: 0 to improve: false
* Compiling Tests
** Write a test suite: 0 called: 0 to improve: true
** Improve Understandability: ** Test Code is: String[] arg0 = new String[1];
arg0[0] = "Ed.sitemap";
LagoonCLI.main(arg0);
assertEquals(1, arg0.length);


** It was a parseable test case! 
refined test name is: testLagoonCliWithValidSitemapFile
* Compiling Tests
** Write a test suite: 0 called: 0 to improve: false
* Compiling Tests
** Write a test suite: 0 called: 0 to improve: false
Going to execute: handleTestsThatAreUnstable
* Compiling Tests
** Write a test suite: 0 called: 0 to improve: false
[MASTER] 09:03:56.162 [logback-1] WARN  AgentLoader - Failed to find EvoSuite jar in current classloader. URLs of classloader:
file:/tmp/EvoSuite_pathingJar8478149862854280447.jar
file:/root/.sdkman/candidates/java/8.0.333.fx-librca/jre/../lib/tools.jar
file:/root/.sdkman/candidates/java/8.0.333.fx-librca/jre/lib/ext/cldrdata.jar
file:/root/.sdkman/candidates/java/8.0.333.fx-librca/jre/lib/ext/sunec.jar
file:/root/.sdkman/candidates/java/8.0.333.fx-librca/jre/lib/ext/localedata.jar
file:/root/.sdkman/candidates/java/8.0.333.fx-librca/jre/lib/ext/jaccess.jar
file:/root/.sdkman/candidates/java/8.0.333.fx-librca/jre/lib/ext/dnsns.jar
file:/root/.sdkman/candidates/java/8.0.333.fx-librca/jre/lib/ext/sunpkcs11.jar
file:/root/.sdkman/candidates/java/8.0.333.fx-librca/jre/lib/ext/zipfs.jar
file:/root/.sdkman/candidates/java/8.0.333.fx-librca/jre/lib/ext/jfxrt.jar
file:/root/.sdkman/candidates/java/8.0.333.fx-librca/jre/lib/ext/sunjce_provider.jar
file:/root/.sdkman/candidates/java/8.0.333.fx-librca/jre/lib/ext/nashorn.jar
[MASTER] 09:03:56.181 [logback-1] WARN  JUnitAnalyzer - Found unstable test named initializationError -> class java.lang.RuntimeException: Cannot find either the compilation target folder nor the EvoSuite jar in classpath: /tmp/EvoSuite_pathingJar8478149862854280447.jar
Going to execute: handleTestsThatAreUnstable
* Compiling Tests
[MASTER] 09:03:56.245 [logback-1] WARN  AgentLoader - Failed to find EvoSuite jar in current classloader. URLs of classloader:
file:/tmp/EvoSuite_pathingJar8478149862854280447.jar
file:/root/.sdkman/candidates/java/8.0.333.fx-librca/jre/../lib/tools.jar
file:/root/.sdkman/candidates/java/8.0.333.fx-librca/jre/lib/ext/cldrdata.jar
file:/root/.sdkman/candidates/java/8.0.333.fx-librca/jre/lib/ext/sunec.jar
file:/root/.sdkman/candidates/java/8.0.333.fx-librca/jre/lib/ext/localedata.jar
file:/root/.sdkman/candidates/java/8.0.333.fx-librca/jre/lib/ext/jaccess.jar
file:/root/.sdkman/candidates/java/8.0.333.fx-librca/jre/lib/ext/dnsns.jar
file:/root/.sdkman/candidates/java/8.0.333.fx-librca/jre/lib/ext/sunpkcs11.jar
file:/root/.sdkman/candidates/java/8.0.333.fx-librca/jre/lib/ext/zipfs.jar
file:/root/.sdkman/candidates/java/8.0.333.fx-librca/jre/lib/ext/jfxrt.jar
file:/root/.sdkman/candidates/java/8.0.333.fx-librca/jre/lib/ext/sunjce_provider.jar
file:/root/.sdkman/candidates/java/8.0.333.fx-librca/jre/lib/ext/nashorn.jar
[MASTER] 09:03:56.246 [logback-1] WARN  JUnitAnalyzer - Found unstable test named initializationError -> class java.lang.RuntimeException: Cannot find either the compilation target folder nor the EvoSuite jar in classpath: /tmp/EvoSuite_pathingJar8478149862854280447.jar
Going to execute: handleTestsThatAreUnstable
* Compiling Tests
** Write a test suite: 0 called: 0 to improve: false
[MASTER] 09:03:56.362 [logback-1] WARN  AgentLoader - Failed to find EvoSuite jar in current classloader. URLs of classloader:
file:/tmp/EvoSuite_pathingJar8478149862854280447.jar
file:/root/.sdkman/candidates/java/8.0.333.fx-librca/jre/../lib/tools.jar
file:/root/.sdkman/candidates/java/8.0.333.fx-librca/jre/lib/ext/cldrdata.jar
file:/root/.sdkman/candidates/java/8.0.333.fx-librca/jre/lib/ext/sunec.jar
file:/root/.sdkman/candidates/java/8.0.333.fx-librca/jre/lib/ext/localedata.jar
file:/root/.sdkman/candidates/java/8.0.333.fx-librca/jre/lib/ext/jaccess.jar
file:/root/.sdkman/candidates/java/8.0.333.fx-librca/jre/lib/ext/dnsns.jar
file:/root/.sdkman/candidates/java/8.0.333.fx-librca/jre/lib/ext/sunpkcs11.jar
file:/root/.sdkman/candidates/java/8.0.333.fx-librca/jre/lib/ext/zipfs.jar
file:/root/.sdkman/candidates/java/8.0.333.fx-librca/jre/lib/ext/jfxrt.jar
file:/root/.sdkman/candidates/java/8.0.333.fx-librca/jre/lib/ext/sunjce_provider.jar
file:/root/.sdkman/candidates/java/8.0.333.fx-librca/jre/lib/ext/nashorn.jar
[MASTER] 09:03:56.363 [logback-1] WARN  JUnitAnalyzer - Found unstable test named initializationError -> class java.lang.RuntimeException: Cannot find either the compilation target folder nor the EvoSuite jar in classpath: /tmp/EvoSuite_pathingJar8478149862854280447.jar
Going to execute: handleTestsThatAreUnstable
* Compiling Tests
[MASTER] 09:03:56.447 [logback-1] WARN  AgentLoader - Failed to find EvoSuite jar in current classloader. URLs of classloader:
file:/tmp/EvoSuite_pathingJar8478149862854280447.jar
file:/root/.sdkman/candidates/java/8.0.333.fx-librca/jre/../lib/tools.jar
file:/root/.sdkman/candidates/java/8.0.333.fx-librca/jre/lib/ext/cldrdata.jar
file:/root/.sdkman/candidates/java/8.0.333.fx-librca/jre/lib/ext/sunec.jar
file:/root/.sdkman/candidates/java/8.0.333.fx-librca/jre/lib/ext/localedata.jar
file:/root/.sdkman/candidates/java/8.0.333.fx-librca/jre/lib/ext/jaccess.jar
file:/root/.sdkman/candidates/java/8.0.333.fx-librca/jre/lib/ext/dnsns.jar
file:/root/.sdkman/candidates/java/8.0.333.fx-librca/jre/lib/ext/sunpkcs11.jar
file:/root/.sdkman/candidates/java/8.0.333.fx-librca/jre/lib/ext/zipfs.jar
file:/root/.sdkman/candidates/java/8.0.333.fx-librca/jre/lib/ext/jfxrt.jar
file:/root/.sdkman/candidates/java/8.0.333.fx-librca/jre/lib/ext/sunjce_provider.jar
file:/root/.sdkman/candidates/java/8.0.333.fx-librca/jre/lib/ext/nashorn.jar
[MASTER] 09:03:56.448 [logback-1] WARN  JUnitAnalyzer - Found unstable test named initializationError -> class java.lang.RuntimeException: Cannot find either the compilation target folder nor the EvoSuite jar in classpath: /tmp/EvoSuite_pathingJar8478149862854280447.jar
Going to execute: handleTestsThatAreUnstable
* Compiling Tests
** Write a test suite: 0 called: 0 to improve: false
[MASTER] 09:03:56.526 [logback-1] WARN  AgentLoader - Failed to find EvoSuite jar in current classloader. URLs of classloader:
file:/tmp/EvoSuite_pathingJar8478149862854280447.jar
file:/root/.sdkman/candidates/java/8.0.333.fx-librca/jre/../lib/tools.jar
file:/root/.sdkman/candidates/java/8.0.333.fx-librca/jre/lib/ext/cldrdata.jar
file:/root/.sdkman/candidates/java/8.0.333.fx-librca/jre/lib/ext/sunec.jar
file:/root/.sdkman/candidates/java/8.0.333.fx-librca/jre/lib/ext/localedata.jar
file:/root/.sdkman/candidates/java/8.0.333.fx-librca/jre/lib/ext/jaccess.jar
file:/root/.sdkman/candidates/java/8.0.333.fx-librca/jre/lib/ext/dnsns.jar
file:/root/.sdkman/candidates/java/8.0.333.fx-librca/jre/lib/ext/sunpkcs11.jar
file:/root/.sdkman/candidates/java/8.0.333.fx-librca/jre/lib/ext/zipfs.jar
file:/root/.sdkman/candidates/java/8.0.333.fx-librca/jre/lib/ext/jfxrt.jar
file:/root/.sdkman/candidates/java/8.0.333.fx-librca/jre/lib/ext/sunjce_provider.jar
file:/root/.sdkman/candidates/java/8.0.333.fx-librca/jre/lib/ext/nashorn.jar
[MASTER] 09:03:56.527 [logback-1] WARN  JUnitAnalyzer - Found unstable test named initializationError -> class java.lang.RuntimeException: Cannot find either the compilation target folder nor the EvoSuite jar in classpath: /tmp/EvoSuite_pathingJar8478149862854280447.jar
Going to execute: handleTestsThatAreUnstable
* Compiling Tests
[MASTER] 09:03:56.617 [logback-1] WARN  AgentLoader - Failed to find EvoSuite jar in current classloader. URLs of classloader:
file:/tmp/EvoSuite_pathingJar8478149862854280447.jar
file:/root/.sdkman/candidates/java/8.0.333.fx-librca/jre/../lib/tools.jar
file:/root/.sdkman/candidates/java/8.0.333.fx-librca/jre/lib/ext/cldrdata.jar
file:/root/.sdkman/candidates/java/8.0.333.fx-librca/jre/lib/ext/sunec.jar
file:/root/.sdkman/candidates/java/8.0.333.fx-librca/jre/lib/ext/localedata.jar
file:/root/.sdkman/candidates/java/8.0.333.fx-librca/jre/lib/ext/jaccess.jar
file:/root/.sdkman/candidates/java/8.0.333.fx-librca/jre/lib/ext/dnsns.jar
file:/root/.sdkman/candidates/java/8.0.333.fx-librca/jre/lib/ext/sunpkcs11.jar
file:/root/.sdkman/candidates/java/8.0.333.fx-librca/jre/lib/ext/zipfs.jar
file:/root/.sdkman/candidates/java/8.0.333.fx-librca/jre/lib/ext/jfxrt.jar
file:/root/.sdkman/candidates/java/8.0.333.fx-librca/jre/lib/ext/sunjce_provider.jar
file:/root/.sdkman/candidates/java/8.0.333.fx-librca/jre/lib/ext/nashorn.jar
[MASTER] 09:03:56.618 [logback-1] WARN  JUnitAnalyzer - Found unstable test named initializationError -> class java.lang.RuntimeException: Cannot find either the compilation target folder nor the EvoSuite jar in classpath: /tmp/EvoSuite_pathingJar8478149862854280447.jar
Going to execute: handleTestsThatAreUnstable
* Compiling Tests
[MASTER] 09:03:56.694 [logback-1] WARN  AgentLoader - Failed to find EvoSuite jar in current classloader. URLs of classloader:
file:/tmp/EvoSuite_pathingJar8478149862854280447.jar
file:/root/.sdkman/candidates/java/8.0.333.fx-librca/jre/../lib/tools.jar
file:/root/.sdkman/candidates/java/8.0.333.fx-librca/jre/lib/ext/cldrdata.jar
file:/root/.sdkman/candidates/java/8.0.333.fx-librca/jre/lib/ext/sunec.jar
file:/root/.sdkman/candidates/java/8.0.333.fx-librca/jre/lib/ext/localedata.jar
file:/root/.sdkman/candidates/java/8.0.333.fx-librca/jre/lib/ext/jaccess.jar
file:/root/.sdkman/candidates/java/8.0.333.fx-librca/jre/lib/ext/dnsns.jar
file:/root/.sdkman/candidates/java/8.0.333.fx-librca/jre/lib/ext/sunpkcs11.jar
file:/root/.sdkman/candidates/java/8.0.333.fx-librca/jre/lib/ext/zipfs.jar
file:/root/.sdkman/candidates/java/8.0.333.fx-librca/jre/lib/ext/jfxrt.jar
file:/root/.sdkman/candidates/java/8.0.333.fx-librca/jre/lib/ext/sunjce_provider.jar
file:/root/.sdkman/candidates/java/8.0.333.fx-librca/jre/lib/ext/nashorn.jar
[MASTER] 09:03:56.695 [logback-1] WARN  JUnitAnalyzer - Found unstable test named initializationError -> class java.lang.RuntimeException: Cannot find either the compilation target folder nor the EvoSuite jar in classpath: /tmp/EvoSuite_pathingJar8478149862854280447.jar
Going to execute: handleTestsThatAreUnstable
* Compiling Tests
[MASTER] 09:03:56.778 [logback-1] WARN  AgentLoader - Failed to find EvoSuite jar in current classloader. URLs of classloader:
file:/tmp/EvoSuite_pathingJar8478149862854280447.jar
file:/root/.sdkman/candidates/java/8.0.333.fx-librca/jre/../lib/tools.jar
file:/root/.sdkman/candidates/java/8.0.333.fx-librca/jre/lib/ext/cldrdata.jar
file:/root/.sdkman/candidates/java/8.0.333.fx-librca/jre/lib/ext/sunec.jar
file:/root/.sdkman/candidates/java/8.0.333.fx-librca/jre/lib/ext/localedata.jar
file:/root/.sdkman/candidates/java/8.0.333.fx-librca/jre/lib/ext/jaccess.jar
file:/root/.sdkman/candidates/java/8.0.333.fx-librca/jre/lib/ext/dnsns.jar
file:/root/.sdkman/candidates/java/8.0.333.fx-librca/jre/lib/ext/sunpkcs11.jar
file:/root/.sdkman/candidates/java/8.0.333.fx-librca/jre/lib/ext/zipfs.jar
file:/root/.sdkman/candidates/java/8.0.333.fx-librca/jre/lib/ext/jfxrt.jar
file:/root/.sdkman/candidates/java/8.0.333.fx-librca/jre/lib/ext/sunjce_provider.jar
file:/root/.sdkman/candidates/java/8.0.333.fx-librca/jre/lib/ext/nashorn.jar
[MASTER] 09:03:56.779 [logback-1] WARN  JUnitAnalyzer - Found unstable test named initializationError -> class java.lang.RuntimeException: Cannot find either the compilation target folder nor the EvoSuite jar in classpath: /tmp/EvoSuite_pathingJar8478149862854280447.jar
Going to execute: handleTestsThatAreUnstable
* Compiling Tests
[MASTER] 09:03:56.867 [logback-1] WARN  AgentLoader - Failed to find EvoSuite jar in current classloader. URLs of classloader:
file:/tmp/EvoSuite_pathingJar8478149862854280447.jar
file:/root/.sdkman/candidates/java/8.0.333.fx-librca/jre/../lib/tools.jar
file:/root/.sdkman/candidates/java/8.0.333.fx-librca/jre/lib/ext/cldrdata.jar
file:/root/.sdkman/candidates/java/8.0.333.fx-librca/jre/lib/ext/sunec.jar
file:/root/.sdkman/candidates/java/8.0.333.fx-librca/jre/lib/ext/localedata.jar
file:/root/.sdkman/candidates/java/8.0.333.fx-librca/jre/lib/ext/jaccess.jar
file:/root/.sdkman/candidates/java/8.0.333.fx-librca/jre/lib/ext/dnsns.jar
file:/root/.sdkman/candidates/java/8.0.333.fx-librca/jre/lib/ext/sunpkcs11.jar
file:/root/.sdkman/candidates/java/8.0.333.fx-librca/jre/lib/ext/zipfs.jar
file:/root/.sdkman/candidates/java/8.0.333.fx-librca/jre/lib/ext/jfxrt.jar
file:/root/.sdkman/candidates/java/8.0.333.fx-librca/jre/lib/ext/sunjce_provider.jar
file:/root/.sdkman/candidates/java/8.0.333.fx-librca/jre/lib/ext/nashorn.jar
[MASTER] 09:03:56.868 [logback-1] WARN  JUnitAnalyzer - Found unstable test named initializationError -> class java.lang.RuntimeException: Cannot find either the compilation target folder nor the EvoSuite jar in classpath: /tmp/EvoSuite_pathingJar8478149862854280447.jar
Going to execute: handleTestsThatAreUnstable
* Compiling Tests
** Write a test suite: 0 called: 0 to improve: false
** Write a test suite: 2 called: 1 to improve: false
** Write a test suite: 4 called: 2 to improve: false
[MASTER] 09:03:57.080 [logback-1] WARN  AgentLoader - Failed to find EvoSuite jar in current classloader. URLs of classloader:
file:/tmp/EvoSuite_pathingJar8478149862854280447.jar
file:/root/.sdkman/candidates/java/8.0.333.fx-librca/jre/../lib/tools.jar
file:/root/.sdkman/candidates/java/8.0.333.fx-librca/jre/lib/ext/cldrdata.jar
file:/root/.sdkman/candidates/java/8.0.333.fx-librca/jre/lib/ext/sunec.jar
file:/root/.sdkman/candidates/java/8.0.333.fx-librca/jre/lib/ext/localedata.jar
file:/root/.sdkman/candidates/java/8.0.333.fx-librca/jre/lib/ext/jaccess.jar
file:/root/.sdkman/candidates/java/8.0.333.fx-librca/jre/lib/ext/dnsns.jar
file:/root/.sdkman/candidates/java/8.0.333.fx-librca/jre/lib/ext/sunpkcs11.jar
file:/root/.sdkman/candidates/java/8.0.333.fx-librca/jre/lib/ext/zipfs.jar
file:/root/.sdkman/candidates/java/8.0.333.fx-librca/jre/lib/ext/jfxrt.jar
file:/root/.sdkman/candidates/java/8.0.333.fx-librca/jre/lib/ext/sunjce_provider.jar
file:/root/.sdkman/candidates/java/8.0.333.fx-librca/jre/lib/ext/nashorn.jar
[MASTER] 09:03:57.082 [logback-1] WARN  JUnitAnalyzer - Found unstable test named initializationError -> class java.lang.RuntimeException: Cannot find either the compilation target folder nor the EvoSuite jar in classpath: /tmp/EvoSuite_pathingJar8478149862854280447.jar
Going to execute: handleTestsThatAreUnstable
* Compiling Tests
** Write a test suite: 4 called: 0 to improve: false
** Write a test suite: 6 called: 1 to improve: false
** Write a test suite: 8 called: 2 to improve: false
[MASTER] 09:03:57.401 [logback-1] WARN  AgentLoader - Failed to find EvoSuite jar in current classloader. URLs of classloader:
file:/tmp/EvoSuite_pathingJar8478149862854280447.jar
file:/root/.sdkman/candidates/java/8.0.333.fx-librca/jre/../lib/tools.jar
file:/root/.sdkman/candidates/java/8.0.333.fx-librca/jre/lib/ext/cldrdata.jar
file:/root/.sdkman/candidates/java/8.0.333.fx-librca/jre/lib/ext/sunec.jar
file:/root/.sdkman/candidates/java/8.0.333.fx-librca/jre/lib/ext/localedata.jar
file:/root/.sdkman/candidates/java/8.0.333.fx-librca/jre/lib/ext/jaccess.jar
file:/root/.sdkman/candidates/java/8.0.333.fx-librca/jre/lib/ext/dnsns.jar
file:/root/.sdkman/candidates/java/8.0.333.fx-librca/jre/lib/ext/sunpkcs11.jar
file:/root/.sdkman/candidates/java/8.0.333.fx-librca/jre/lib/ext/zipfs.jar
file:/root/.sdkman/candidates/java/8.0.333.fx-librca/jre/lib/ext/jfxrt.jar
file:/root/.sdkman/candidates/java/8.0.333.fx-librca/jre/lib/ext/sunjce_provider.jar
file:/root/.sdkman/candidates/java/8.0.333.fx-librca/jre/lib/ext/nashorn.jar
[MASTER] 09:03:57.403 [logback-1] WARN  JUnitAnalyzer - Found unstable test named initializationError -> class java.lang.RuntimeException: Cannot find either the compilation target folder nor the EvoSuite jar in classpath: /tmp/EvoSuite_pathingJar8478149862854280447.jar
[MASTER] 09:03:57.585 [logback-1] WARN  TimeController - Already entered in phase: INLINING. This will mess up the timing calculations.
* test suite isTestSuite: 11
Test 0: 
LagoonCLI lagoonCLI = new LagoonCLI();
Test 1: 
String[] stringArray = new String[0];
LagoonCLI.main(stringArray);
Test 2: 
String[] stringArray = new String[5];
stringArray[1] = "u2uu+=1rr4NNTM";
LagoonCLI.main(stringArray);
Test 3: 
String[] stringArray = new String[6];
stringArray[1] = "build";
// Undeclared exception!
try { 
  LagoonCLI.main(stringArray);
  fail("Expecting exception: NullPointerException");

} catch(NullPointerException e) {
   //
   // no message in exception (getMessage() returned null)
   //
}

Test 4: 
String[] stringArray = new String[5];
stringArray[1] = "force";
// Undeclared exception!
try { 
  LagoonCLI.main(stringArray);
  fail("Expecting exception: NullPointerException");

} catch(NullPointerException e) {
   //
   // no message in exception (getMessage() returned null)
   //
}

Test 5: 
String[] stringArray = new String[5];
stringArray[1] = "1";
// Undeclared exception!
try { 
  LagoonCLI.main(stringArray);
  fail("Expecting exception: NullPointerException");

} catch(NullPointerException e) {
   //
   // no message in exception (getMessage() returned null)
   //
}

Test 6: 
String[] stringArray = new String[20];
stringArray[1] = "00";
LagoonCLI.main(stringArray);
Test 7: 
String[] stringArray = new String[1];
stringArray[0] = "K5r8=8][(+Ty`{sQP.xml";
LagoonCLI.main(stringArray);
Test 8: 
String[] stringArray = new String[1];
stringArray[0] = "Ed.sitemap";
LagoonCLI.main(stringArray);
Test 9: 
FileSystemHandling.shouldAllThrowIOExceptions();
String[] stringArray = new String[1];
EvoSuiteFile evoSuiteFile = new EvoSuiteFile("nu.staldal.lagoon.core.AuthenticationException");
byte[] byteArray = new byte[2];
FileSystemHandling.appendDataToFile(evoSuiteFile, byteArray);
stringArray[0] = "nu.staldal.lagoon.core.AuthenticationException";
LagoonCLI.main(stringArray);
Test 10: 
String[] stringArray = new String[1];
EvoSuiteFile evoSuiteFile = new EvoSuiteFile("0@Io#}sMSeE 'm");
FileSystemHandling.appendStringToFile(evoSuiteFile, "0@Io#}sMSeE 'm");
stringArray[0] = "0@Io#}sMSeE 'm";
LagoonCLI.main(stringArray);

* Minimizing test suite
* test suite isTestSuite: 12
Test 0: 
LagoonCLI lagoonCLI = new LagoonCLI();
Test 1: 
String[] stringArray = new String[0];
LagoonCLI.main(stringArray);
Test 2: 
String[] stringArray = new String[20];
stringArray[1] = "00";
LagoonCLI.main(stringArray);
Test 3: 
String[] stringArray = new String[6];
stringArray[1] = "build";
// Undeclared exception!
try { 
  LagoonCLI.main(stringArray);
  fail("Expecting exception: NullPointerException");

} catch(NullPointerException e) {
   //
   // no message in exception (getMessage() returned null)
   //
}

Test 4: 
String[] stringArray = new String[5];
stringArray[1] = "force";
// Undeclared exception!
try { 
  LagoonCLI.main(stringArray);
  fail("Expecting exception: NullPointerException");

} catch(NullPointerException e) {
   //
   // no message in exception (getMessage() returned null)
   //
}

Test 5: 
String[] stringArray = new String[5];
stringArray[1] = "1";
// Undeclared exception!
try { 
  LagoonCLI.main(stringArray);
  fail("Expecting exception: NullPointerException");

} catch(NullPointerException e) {
   //
   // no message in exception (getMessage() returned null)
   //
}

Test 6: 
String[] stringArray = new String[1];
stringArray[0] = "K5r8=8][(+Ty`{sQP.xml";
LagoonCLI.main(stringArray);
Test 7: 
String[] stringArray = new String[1];
stringArray[0] = "Ed.sitemap";
LagoonCLI.main(stringArray);
Test 8: 
String[] stringArray = new String[1];
stringArray[0] = "0@Io#}sMSeE 'm";
LagoonCLI.main(stringArray);
Test 9: 
FileSystemHandling.shouldAllThrowIOExceptions();
String[] stringArray = new String[1];
EvoSuiteFile evoSuiteFile = new EvoSuiteFile("nu.staldal.lagoon.core.AuthenticationException");
byte[] byteArray = new byte[2];
FileSystemHandling.appendDataToFile(evoSuiteFile, byteArray);
stringArray[0] = "nu.staldal.lagoon.core.AuthenticationException";
LagoonCLI.main(stringArray);
Test 10: 
String[] stringArray = new String[1];
EvoSuiteFile evoSuiteFile = new EvoSuiteFile("0@Io#}sMSeE 'm");
FileSystemHandling.appendStringToFile(evoSuiteFile, "0@Io#}sMSeE 'm");
stringArray[0] = "0@Io#}sMSeE 'm";
LagoonCLI.main(stringArray);
Test 11: 
String[] stringArray = new String[5];
stringArray[1] = "u2uu+=1rr4NNTM";
LagoonCLI.main(stringArray);

[MASTER] 09:04:01.507 [logback-1] WARN  TimeController - Already entered in phase: MINIMIZATION. This will mess up the timing calculations.
* Going to analyze the coverage criteria
* Coverage analysis for criterion BRANCH
* Coverage of criterion BRANCH: 32%
* Total number of goals: 65
* Number of covered goals: 21
* Coverage analysis for criterion LINE
* Coverage of criterion LINE: 34%
* Total number of goals: 144
* Number of covered goals: 49
* Coverage analysis for criterion OUTPUT
* Coverage of criterion OUTPUT: 100% (no goals)
* Coverage analysis for criterion METHOD
* Coverage of criterion METHOD: 100%
* Total number of goals: 2
* Number of covered goals: 2
* Coverage analysis for criterion CBRANCH
* Coverage of criterion CBRANCH: 32%
* Total number of goals: 65
* Number of covered goals: 21
* Generated 12 tests with total length 39
* Resulting test suite's coverage: 60% (average coverage for all fitness functions)
* Generating assertions
[MASTER] 09:04:01.647 [logback-1] WARN  TimeController - Already entered in phase: COVERAGE_ANALYSIS. This will mess up the timing calculations.
* Resulting test suite's mutation score: 28%
* Compiling and checking tests
[MASTER] 09:04:04.031 [logback-1] WARN  TimeController - Already entered in phase: ASSERTION_GENERATION. This will mess up the timing calculations.
Going to execute: removeTestsThatDoNotCompile
* Compiling Tests
** Write a test suite: 0 called: 0 to improve: false
* Compiling Tests
** Write a test suite: 0 called: 0 to improve: false
* Compiling Tests
** Write a test suite: 0 called: 0 to improve: false
* Compiling Tests
** Write a test suite: 0 called: 0 to improve: false
* Compiling Tests
** Write a test suite: 0 called: 0 to improve: false
* Compiling Tests
** Write a test suite: 0 called: 0 to improve: false
* Compiling Tests
** Write a test suite: 0 called: 0 to improve: false
* Compiling Tests
** Write a test suite: 0 called: 0 to improve: false
* Compiling Tests
** Write a test suite: 0 called: 0 to improve: false
* Compiling Tests
** Write a test suite: 0 called: 0 to improve: false
* Compiling Tests
** Write a test suite: 0 called: 0 to improve: false
* Compiling Tests
** Write a test suite: 0 called: 0 to improve: false
Going to execute: handleTestsThatAreUnstable
* Compiling Tests
** Write a test suite: 0 called: 0 to improve: false
[MASTER] 09:04:05.032 [logback-1] WARN  AgentLoader - Failed to find EvoSuite jar in current classloader. URLs of classloader:
file:/tmp/EvoSuite_pathingJar8478149862854280447.jar
file:/root/.sdkman/candidates/java/8.0.333.fx-librca/jre/../lib/tools.jar
file:/root/.sdkman/candidates/java/8.0.333.fx-librca/jre/lib/ext/cldrdata.jar
file:/root/.sdkman/candidates/java/8.0.333.fx-librca/jre/lib/ext/sunec.jar
file:/root/.sdkman/candidates/java/8.0.333.fx-librca/jre/lib/ext/localedata.jar
file:/root/.sdkman/candidates/java/8.0.333.fx-librca/jre/lib/ext/jaccess.jar
file:/root/.sdkman/candidates/java/8.0.333.fx-librca/jre/lib/ext/dnsns.jar
file:/root/.sdkman/candidates/java/8.0.333.fx-librca/jre/lib/ext/sunpkcs11.jar
file:/root/.sdkman/candidates/java/8.0.333.fx-librca/jre/lib/ext/zipfs.jar
file:/root/.sdkman/candidates/java/8.0.333.fx-librca/jre/lib/ext/jfxrt.jar
file:/root/.sdkman/candidates/java/8.0.333.fx-librca/jre/lib/ext/sunjce_provider.jar
file:/root/.sdkman/candidates/java/8.0.333.fx-librca/jre/lib/ext/nashorn.jar
[MASTER] 09:04:05.033 [logback-1] WARN  JUnitAnalyzer - Found unstable test named initializationError -> class java.lang.RuntimeException: Cannot find either the compilation target folder nor the EvoSuite jar in classpath: /tmp/EvoSuite_pathingJar8478149862854280447.jar
Going to execute: handleTestsThatAreUnstable
* Compiling Tests
** Write a test suite: 0 called: 0 to improve: false
[MASTER] 09:04:05.120 [logback-1] WARN  AgentLoader - Failed to find EvoSuite jar in current classloader. URLs of classloader:
file:/tmp/EvoSuite_pathingJar8478149862854280447.jar
file:/root/.sdkman/candidates/java/8.0.333.fx-librca/jre/../lib/tools.jar
file:/root/.sdkman/candidates/java/8.0.333.fx-librca/jre/lib/ext/cldrdata.jar
file:/root/.sdkman/candidates/java/8.0.333.fx-librca/jre/lib/ext/sunec.jar
file:/root/.sdkman/candidates/java/8.0.333.fx-librca/jre/lib/ext/localedata.jar
file:/root/.sdkman/candidates/java/8.0.333.fx-librca/jre/lib/ext/jaccess.jar
file:/root/.sdkman/candidates/java/8.0.333.fx-librca/jre/lib/ext/dnsns.jar
file:/root/.sdkman/candidates/java/8.0.333.fx-librca/jre/lib/ext/sunpkcs11.jar
file:/root/.sdkman/candidates/java/8.0.333.fx-librca/jre/lib/ext/zipfs.jar
file:/root/.sdkman/candidates/java/8.0.333.fx-librca/jre/lib/ext/jfxrt.jar
file:/root/.sdkman/candidates/java/8.0.333.fx-librca/jre/lib/ext/sunjce_provider.jar
file:/root/.sdkman/candidates/java/8.0.333.fx-librca/jre/lib/ext/nashorn.jar
[MASTER] 09:04:05.121 [logback-1] WARN  JUnitAnalyzer - Found unstable test named initializationError -> class java.lang.RuntimeException: Cannot find either the compilation target folder nor the EvoSuite jar in classpath: /tmp/EvoSuite_pathingJar8478149862854280447.jar
Going to execute: handleTestsThatAreUnstable
* Compiling Tests
** Write a test suite: 0 called: 0 to improve: false
[MASTER] 09:04:05.206 [logback-1] WARN  AgentLoader - Failed to find EvoSuite jar in current classloader. URLs of classloader:
file:/tmp/EvoSuite_pathingJar8478149862854280447.jar
file:/root/.sdkman/candidates/java/8.0.333.fx-librca/jre/../lib/tools.jar
file:/root/.sdkman/candidates/java/8.0.333.fx-librca/jre/lib/ext/cldrdata.jar
file:/root/.sdkman/candidates/java/8.0.333.fx-librca/jre/lib/ext/sunec.jar
file:/root/.sdkman/candidates/java/8.0.333.fx-librca/jre/lib/ext/localedata.jar
file:/root/.sdkman/candidates/java/8.0.333.fx-librca/jre/lib/ext/jaccess.jar
file:/root/.sdkman/candidates/java/8.0.333.fx-librca/jre/lib/ext/dnsns.jar
file:/root/.sdkman/candidates/java/8.0.333.fx-librca/jre/lib/ext/sunpkcs11.jar
file:/root/.sdkman/candidates/java/8.0.333.fx-librca/jre/lib/ext/zipfs.jar
file:/root/.sdkman/candidates/java/8.0.333.fx-librca/jre/lib/ext/jfxrt.jar
file:/root/.sdkman/candidates/java/8.0.333.fx-librca/jre/lib/ext/sunjce_provider.jar
file:/root/.sdkman/candidates/java/8.0.333.fx-librca/jre/lib/ext/nashorn.jar
[MASTER] 09:04:05.207 [logback-1] WARN  JUnitAnalyzer - Found unstable test named initializationError -> class java.lang.RuntimeException: Cannot find either the compilation target folder nor the EvoSuite jar in classpath: /tmp/EvoSuite_pathingJar8478149862854280447.jar
Going to execute: handleTestsThatAreUnstable
* Compiling Tests
** Write a test suite: 0 called: 0 to improve: false
[MASTER] 09:04:05.273 [logback-1] WARN  AgentLoader - Failed to find EvoSuite jar in current classloader. URLs of classloader:
file:/tmp/EvoSuite_pathingJar8478149862854280447.jar
file:/root/.sdkman/candidates/java/8.0.333.fx-librca/jre/../lib/tools.jar
file:/root/.sdkman/candidates/java/8.0.333.fx-librca/jre/lib/ext/cldrdata.jar
file:/root/.sdkman/candidates/java/8.0.333.fx-librca/jre/lib/ext/sunec.jar
file:/root/.sdkman/candidates/java/8.0.333.fx-librca/jre/lib/ext/localedata.jar
file:/root/.sdkman/candidates/java/8.0.333.fx-librca/jre/lib/ext/jaccess.jar
file:/root/.sdkman/candidates/java/8.0.333.fx-librca/jre/lib/ext/dnsns.jar
file:/root/.sdkman/candidates/java/8.0.333.fx-librca/jre/lib/ext/sunpkcs11.jar
file:/root/.sdkman/candidates/java/8.0.333.fx-librca/jre/lib/ext/zipfs.jar
file:/root/.sdkman/candidates/java/8.0.333.fx-librca/jre/lib/ext/jfxrt.jar
file:/root/.sdkman/candidates/java/8.0.333.fx-librca/jre/lib/ext/sunjce_provider.jar
file:/root/.sdkman/candidates/java/8.0.333.fx-librca/jre/lib/ext/nashorn.jar
[MASTER] 09:04:05.274 [logback-1] WARN  JUnitAnalyzer - Found unstable test named initializationError -> class java.lang.RuntimeException: Cannot find either the compilation target folder nor the EvoSuite jar in classpath: /tmp/EvoSuite_pathingJar8478149862854280447.jar
Going to execute: handleTestsThatAreUnstable
* Compiling Tests
** Write a test suite: 0 called: 0 to improve: false
[MASTER] 09:04:05.349 [logback-1] WARN  AgentLoader - Failed to find EvoSuite jar in current classloader. URLs of classloader:
file:/tmp/EvoSuite_pathingJar8478149862854280447.jar
file:/root/.sdkman/candidates/java/8.0.333.fx-librca/jre/../lib/tools.jar
file:/root/.sdkman/candidates/java/8.0.333.fx-librca/jre/lib/ext/cldrdata.jar
file:/root/.sdkman/candidates/java/8.0.333.fx-librca/jre/lib/ext/sunec.jar
file:/root/.sdkman/candidates/java/8.0.333.fx-librca/jre/lib/ext/localedata.jar
file:/root/.sdkman/candidates/java/8.0.333.fx-librca/jre/lib/ext/jaccess.jar
file:/root/.sdkman/candidates/java/8.0.333.fx-librca/jre/lib/ext/dnsns.jar
file:/root/.sdkman/candidates/java/8.0.333.fx-librca/jre/lib/ext/sunpkcs11.jar
file:/root/.sdkman/candidates/java/8.0.333.fx-librca/jre/lib/ext/zipfs.jar
file:/root/.sdkman/candidates/java/8.0.333.fx-librca/jre/lib/ext/jfxrt.jar
file:/root/.sdkman/candidates/java/8.0.333.fx-librca/jre/lib/ext/sunjce_provider.jar
file:/root/.sdkman/candidates/java/8.0.333.fx-librca/jre/lib/ext/nashorn.jar
[MASTER] 09:04:05.351 [logback-1] WARN  JUnitAnalyzer - Found unstable test named initializationError -> class java.lang.RuntimeException: Cannot find either the compilation target folder nor the EvoSuite jar in classpath: /tmp/EvoSuite_pathingJar8478149862854280447.jar
Going to execute: handleTestsThatAreUnstable
* Compiling Tests
** Write a test suite: 0 called: 0 to improve: false
[MASTER] 09:04:05.438 [logback-1] WARN  AgentLoader - Failed to find EvoSuite jar in current classloader. URLs of classloader:
file:/tmp/EvoSuite_pathingJar8478149862854280447.jar
file:/root/.sdkman/candidates/java/8.0.333.fx-librca/jre/../lib/tools.jar
file:/root/.sdkman/candidates/java/8.0.333.fx-librca/jre/lib/ext/cldrdata.jar
file:/root/.sdkman/candidates/java/8.0.333.fx-librca/jre/lib/ext/sunec.jar
file:/root/.sdkman/candidates/java/8.0.333.fx-librca/jre/lib/ext/localedata.jar
file:/root/.sdkman/candidates/java/8.0.333.fx-librca/jre/lib/ext/jaccess.jar
file:/root/.sdkman/candidates/java/8.0.333.fx-librca/jre/lib/ext/dnsns.jar
file:/root/.sdkman/candidates/java/8.0.333.fx-librca/jre/lib/ext/sunpkcs11.jar
file:/root/.sdkman/candidates/java/8.0.333.fx-librca/jre/lib/ext/zipfs.jar
file:/root/.sdkman/candidates/java/8.0.333.fx-librca/jre/lib/ext/jfxrt.jar
file:/root/.sdkman/candidates/java/8.0.333.fx-librca/jre/lib/ext/sunjce_provider.jar
file:/root/.sdkman/candidates/java/8.0.333.fx-librca/jre/lib/ext/nashorn.jar
[MASTER] 09:04:05.439 [logback-1] WARN  JUnitAnalyzer - Found unstable test named initializationError -> class java.lang.RuntimeException: Cannot find either the compilation target folder nor the EvoSuite jar in classpath: /tmp/EvoSuite_pathingJar8478149862854280447.jar
Going to execute: handleTestsThatAreUnstable
* Compiling Tests
** Write a test suite: 0 called: 0 to improve: false
[MASTER] 09:04:05.512 [logback-1] WARN  AgentLoader - Failed to find EvoSuite jar in current classloader. URLs of classloader:
file:/tmp/EvoSuite_pathingJar8478149862854280447.jar
file:/root/.sdkman/candidates/java/8.0.333.fx-librca/jre/../lib/tools.jar
file:/root/.sdkman/candidates/java/8.0.333.fx-librca/jre/lib/ext/cldrdata.jar
file:/root/.sdkman/candidates/java/8.0.333.fx-librca/jre/lib/ext/sunec.jar
file:/root/.sdkman/candidates/java/8.0.333.fx-librca/jre/lib/ext/localedata.jar
file:/root/.sdkman/candidates/java/8.0.333.fx-librca/jre/lib/ext/jaccess.jar
file:/root/.sdkman/candidates/java/8.0.333.fx-librca/jre/lib/ext/dnsns.jar
file:/root/.sdkman/candidates/java/8.0.333.fx-librca/jre/lib/ext/sunpkcs11.jar
file:/root/.sdkman/candidates/java/8.0.333.fx-librca/jre/lib/ext/zipfs.jar
file:/root/.sdkman/candidates/java/8.0.333.fx-librca/jre/lib/ext/jfxrt.jar
file:/root/.sdkman/candidates/java/8.0.333.fx-librca/jre/lib/ext/sunjce_provider.jar
file:/root/.sdkman/candidates/java/8.0.333.fx-librca/jre/lib/ext/nashorn.jar
[MASTER] 09:04:05.513 [logback-1] WARN  JUnitAnalyzer - Found unstable test named initializationError -> class java.lang.RuntimeException: Cannot find either the compilation target folder nor the EvoSuite jar in classpath: /tmp/EvoSuite_pathingJar8478149862854280447.jar
Going to execute: handleTestsThatAreUnstable
* Compiling Tests
** Write a test suite: 0 called: 0 to improve: false
[MASTER] 09:04:05.585 [logback-1] WARN  AgentLoader - Failed to find EvoSuite jar in current classloader. URLs of classloader:
file:/tmp/EvoSuite_pathingJar8478149862854280447.jar
file:/root/.sdkman/candidates/java/8.0.333.fx-librca/jre/../lib/tools.jar
file:/root/.sdkman/candidates/java/8.0.333.fx-librca/jre/lib/ext/cldrdata.jar
file:/root/.sdkman/candidates/java/8.0.333.fx-librca/jre/lib/ext/sunec.jar
file:/root/.sdkman/candidates/java/8.0.333.fx-librca/jre/lib/ext/localedata.jar
file:/root/.sdkman/candidates/java/8.0.333.fx-librca/jre/lib/ext/jaccess.jar
file:/root/.sdkman/candidates/java/8.0.333.fx-librca/jre/lib/ext/dnsns.jar
file:/root/.sdkman/candidates/java/8.0.333.fx-librca/jre/lib/ext/sunpkcs11.jar
file:/root/.sdkman/candidates/java/8.0.333.fx-librca/jre/lib/ext/zipfs.jar
file:/root/.sdkman/candidates/java/8.0.333.fx-librca/jre/lib/ext/jfxrt.jar
file:/root/.sdkman/candidates/java/8.0.333.fx-librca/jre/lib/ext/sunjce_provider.jar
file:/root/.sdkman/candidates/java/8.0.333.fx-librca/jre/lib/ext/nashorn.jar
[MASTER] 09:04:05.586 [logback-1] WARN  JUnitAnalyzer - Found unstable test named initializationError -> class java.lang.RuntimeException: Cannot find either the compilation target folder nor the EvoSuite jar in classpath: /tmp/EvoSuite_pathingJar8478149862854280447.jar
Going to execute: handleTestsThatAreUnstable
* Compiling Tests
** Write a test suite: 0 called: 0 to improve: false
Going to execute: handleTestsThatAreUnstable
[MASTER] 09:04:05.658 [logback-1] WARN  AgentLoader - Failed to find EvoSuite jar in current classloader. URLs of classloader:
file:/tmp/EvoSuite_pathingJar8478149862854280447.jar
file:/root/.sdkman/candidates/java/8.0.333.fx-librca/jre/../lib/tools.jar
file:/root/.sdkman/candidates/java/8.0.333.fx-librca/jre/lib/ext/cldrdata.jar
file:/root/.sdkman/candidates/java/8.0.333.fx-librca/jre/lib/ext/sunec.jar
file:/root/.sdkman/candidates/java/8.0.333.fx-librca/jre/lib/ext/localedata.jar
file:/root/.sdkman/candidates/java/8.0.333.fx-librca/jre/lib/ext/jaccess.jar
file:/root/.sdkman/candidates/java/8.0.333.fx-librca/jre/lib/ext/dnsns.jar
file:/root/.sdkman/candidates/java/8.0.333.fx-librca/jre/lib/ext/sunpkcs11.jar
file:/root/.sdkman/candidates/java/8.0.333.fx-librca/jre/lib/ext/zipfs.jar
file:/root/.sdkman/candidates/java/8.0.333.fx-librca/jre/lib/ext/jfxrt.jar
file:/root/.sdkman/candidates/java/8.0.333.fx-librca/jre/lib/ext/sunjce_provider.jar
file:/root/.sdkman/candidates/java/8.0.333.fx-librca/jre/lib/ext/nashorn.jar
* Compiling Tests
** Write a test suite: 0 called: 0 to improve: false
[MASTER] 09:04:05.661 [logback-1] WARN  JUnitAnalyzer - Found unstable test named initializationError -> class java.lang.RuntimeException: Cannot find either the compilation target folder nor the EvoSuite jar in classpath: /tmp/EvoSuite_pathingJar8478149862854280447.jar
[MASTER] 09:04:05.737 [logback-1] WARN  AgentLoader - Failed to find EvoSuite jar in current classloader. URLs of classloader:
file:/tmp/EvoSuite_pathingJar8478149862854280447.jar
file:/root/.sdkman/candidates/java/8.0.333.fx-librca/jre/../lib/tools.jar
file:/root/.sdkman/candidates/java/8.0.333.fx-librca/jre/lib/ext/cldrdata.jar
file:/root/.sdkman/candidates/java/8.0.333.fx-librca/jre/lib/ext/sunec.jar
file:/root/.sdkman/candidates/java/8.0.333.fx-librca/jre/lib/ext/localedata.jar
file:/root/.sdkman/candidates/java/8.0.333.fx-librca/jre/lib/ext/jaccess.jar
file:/root/.sdkman/candidates/java/8.0.333.fx-librca/jre/lib/ext/dnsns.jar
file:/root/.sdkman/candidates/java/8.0.333.fx-librca/jre/lib/ext/sunpkcs11.jar
file:/root/.sdkman/candidates/java/8.0.333.fx-librca/jre/lib/ext/zipfs.jar
file:/root/.sdkman/candidates/java/8.0.333.fx-librca/jre/lib/ext/jfxrt.jar
file:/root/.sdkman/candidates/java/8.0.333.fx-librca/jre/lib/ext/sunjce_provider.jar
file:/root/.sdkman/candidates/java/8.0.333.fx-librca/jre/lib/ext/nashorn.jar
[MASTER] 09:04:05.738 [logback-1] WARN  JUnitAnalyzer - Found unstable test named initializationError -> class java.lang.RuntimeException: Cannot find either the compilation target folder nor the EvoSuite jar in classpath: /tmp/EvoSuite_pathingJar8478149862854280447.jar
Going to execute: handleTestsThatAreUnstable
* Compiling Tests
** Write a test suite: 0 called: 0 to improve: false
** Write a test suite: 1 called: 1 to improve: false
** Write a test suite: 2 called: 2 to improve: false
** Write a test suite: 3 called: 3 to improve: false
** Write a test suite: 4 called: 4 to improve: false
** Write a test suite: 5 called: 5 to improve: false
** Write a test suite: 6 called: 6 to improve: false
** Write a test suite: 7 called: 7 to improve: false
** Write a test suite: 8 called: 8 to improve: false
** Write a test suite: 9 called: 9 to improve: false
[MASTER] 09:04:05.969 [logback-1] WARN  AgentLoader - Failed to find EvoSuite jar in current classloader. URLs of classloader:
file:/tmp/EvoSuite_pathingJar8478149862854280447.jar
file:/root/.sdkman/candidates/java/8.0.333.fx-librca/jre/../lib/tools.jar
file:/root/.sdkman/candidates/java/8.0.333.fx-librca/jre/lib/ext/cldrdata.jar
file:/root/.sdkman/candidates/java/8.0.333.fx-librca/jre/lib/ext/sunec.jar
file:/root/.sdkman/candidates/java/8.0.333.fx-librca/jre/lib/ext/localedata.jar
file:/root/.sdkman/candidates/java/8.0.333.fx-librca/jre/lib/ext/jaccess.jar
file:/root/.sdkman/candidates/java/8.0.333.fx-librca/jre/lib/ext/dnsns.jar
file:/root/.sdkman/candidates/java/8.0.333.fx-librca/jre/lib/ext/sunpkcs11.jar
file:/root/.sdkman/candidates/java/8.0.333.fx-librca/jre/lib/ext/zipfs.jar
file:/root/.sdkman/candidates/java/8.0.333.fx-librca/jre/lib/ext/jfxrt.jar
file:/root/.sdkman/candidates/java/8.0.333.fx-librca/jre/lib/ext/sunjce_provider.jar
file:/root/.sdkman/candidates/java/8.0.333.fx-librca/jre/lib/ext/nashorn.jar
[MASTER] 09:04:05.974 [logback-1] WARN  JUnitAnalyzer - Found unstable test named initializationError -> class java.lang.RuntimeException: Cannot find either the compilation target folder nor the EvoSuite jar in classpath: /tmp/EvoSuite_pathingJar8478149862854280447.jar
Going to execute: handleTestsThatAreUnstable
* Compiling Tests
** Write a test suite: 0 called: 0 to improve: false
** Write a test suite: 1 called: 1 to improve: false
** Write a test suite: 2 called: 2 to improve: false
** Write a test suite: 3 called: 3 to improve: false
** Write a test suite: 4 called: 4 to improve: false
** Write a test suite: 5 called: 5 to improve: false
** Write a test suite: 6 called: 6 to improve: false
** Write a test suite: 7 called: 7 to improve: false
** Write a test suite: 8 called: 8 to improve: false
** Write a test suite: 9 called: 9 to improve: false
[MASTER] 09:04:06.180 [logback-1] WARN  AgentLoader - Failed to find EvoSuite jar in current classloader. URLs of classloader:
file:/tmp/EvoSuite_pathingJar8478149862854280447.jar
file:/root/.sdkman/candidates/java/8.0.333.fx-librca/jre/../lib/tools.jar
file:/root/.sdkman/candidates/java/8.0.333.fx-librca/jre/lib/ext/cldrdata.jar
file:/root/.sdkman/candidates/java/8.0.333.fx-librca/jre/lib/ext/sunec.jar
file:/root/.sdkman/candidates/java/8.0.333.fx-librca/jre/lib/ext/localedata.jar
file:/root/.sdkman/candidates/java/8.0.333.fx-librca/jre/lib/ext/jaccess.jar
file:/root/.sdkman/candidates/java/8.0.333.fx-librca/jre/lib/ext/dnsns.jar
file:/root/.sdkman/candidates/java/8.0.333.fx-librca/jre/lib/ext/sunpkcs11.jar
file:/root/.sdkman/candidates/java/8.0.333.fx-librca/jre/lib/ext/zipfs.jar
file:/root/.sdkman/candidates/java/8.0.333.fx-librca/jre/lib/ext/jfxrt.jar
file:/root/.sdkman/candidates/java/8.0.333.fx-librca/jre/lib/ext/sunjce_provider.jar
file:/root/.sdkman/candidates/java/8.0.333.fx-librca/jre/lib/ext/nashorn.jar
[MASTER] 09:04:06.181 [logback-1] WARN  JUnitAnalyzer - Found unstable test named initializationError -> class java.lang.RuntimeException: Cannot find either the compilation target folder nor the EvoSuite jar in classpath: /tmp/EvoSuite_pathingJar8478149862854280447.jar
* Writing tests to file
[MASTER] 09:04:06.184 [logback-1] WARN  TimeController - Already entered in phase: JUNIT_CHECK. This will mess up the timing calculations.
* Writing JUnit test case 'LagoonCLI_ESTest' to evosuite-tests
** Write a test suite: 4 called: 0 to improve: false
** Write a test suite: 6 called: 1 to improve: false
** Write a test suite: 8 called: 2 to improve: false
* Writing JUnit test case 'LagoonCLI_Original_ESTest' to evosuite-tests
** Write a test suite: 0 called: 0 to improve: false
** Write a test suite: 1 called: 1 to improve: false
** Write a test suite: 2 called: 2 to improve: false
** Write a test suite: 3 called: 3 to improve: false
** Write a test suite: 4 called: 4 to improve: false
** Write a test suite: 5 called: 5 to improve: false
** Write a test suite: 6 called: 6 to improve: false
** Write a test suite: 7 called: 7 to improve: false
** Write a test suite: 8 called: 8 to improve: false
** Write a test suite: 9 called: 9 to improve: false
* Done!

* Computation finished
