* EvoSuite 1.0.0-SNAPSHOT
* Going to generate test cases for class: Client
* Starting Client-0
* Properties loaded from /home/roham/Results-Utestgen/dataset/SF110-new-res/95_celwars2009/evosuite-files/evosuite.properties
* Connecting to master process on port 14791
* Analyzing classpath: 
* Inheritance tree loaded from evosuite-files/inheritance.xml.gz
[MASTER] 18:32:04.546 [logback-1] WARN  InheritanceTree - Class not in inheritance graph: java.util.function.Consumer
[MASTER] 18:32:04.564 [logback-1] WARN  InheritanceTree - Class not in inheritance graph: java.util.function.Predicate
[MASTER] 18:32:04.568 [logback-1] WARN  InheritanceTree - Class not in inheritance graph: java.util.function.UnaryOperator
[MASTER] 18:32:07.684 [logback-1] WARN  InheritanceTree - Class not in inheritance graph: java.util.function.BiFunction
[MASTER] 18:32:07.689 [logback-1] WARN  InheritanceTree - Class not in inheritance graph: java.util.function.Function
[MASTER] 18:32:07.691 [logback-1] WARN  InheritanceTree - Class not in inheritance graph: java.util.function.BiConsumer
[MASTER] 18:32:16.585 [logback-1] WARN  InheritanceTree - Class not in inheritance graph: java.time.ZoneId
[MASTER] 18:32:17.061 [logback-1] WARN  InheritanceTree - Class not in inheritance graph: java.time.temporal.Temporal
[MASTER] 18:32:17.063 [logback-1] WARN  InheritanceTree - Class not in inheritance graph: java.time.temporal.TemporalAccessor
[MASTER] 18:32:17.064 [logback-1] WARN  InheritanceTree - Class not in inheritance graph: java.time.temporal.TemporalField
[MASTER] 18:32:17.065 [logback-1] WARN  InheritanceTree - Class not in inheritance graph: java.time.temporal.TemporalUnit
[MASTER] 18:32:17.070 [logback-1] WARN  InheritanceTree - Class not in inheritance graph: java.time.temporal.TemporalAmount
[MASTER] 18:32:17.072 [logback-1] WARN  InheritanceTree - Class not in inheritance graph: java.time.Clock
[MASTER] 18:32:17.077 [logback-1] WARN  InheritanceTree - Class not in inheritance graph: java.time.temporal.TemporalQuery
[MASTER] 18:32:17.081 [logback-1] WARN  InheritanceTree - Class not in inheritance graph: java.time.temporal.TemporalAdjuster
[MASTER] 18:32:17.176 [logback-1] WARN  InheritanceTree - Class not in inheritance graph: java.time.chrono.Chronology
[MASTER] 18:32:17.230 [logback-1] WARN  InheritanceTree - Class not in inheritance graph: java.time.chrono.Era
* Finished analyzing classpath
* Generating tests for class Client
* Test criteria:
  - Branch Coverage
  - Line Coverage
  - Method-Output Coverage
  - Top-Level Method Coverage
  - Context Branch Coverage
* Total number of test goals for DYNAMOSA: 1588
* Using seed 1710441107441
* Starting evolution
[Progress:>                             0%] [Cov:>                                  0%]* Initial Number of Goals in DynaMOSA = 385 / 1588
[Progress:>                             2%] [Cov:>                                  0%][Progress:=>                            6%] [Cov:>                                  0%][Progress:==>                           8%] [Cov:>                                  0%][Progress:===>                          11%] [Cov:>                                  0%][Progress:===>                          12%] [Cov:>                                  0%][Progress:====>                         15%] [Cov:>                                  0%][Progress:=====>                        17%] [Cov:>                                  0%][Progress:=====>                        18%] [Cov:>                                  0%][Progress:======>                       20%] [Cov:>                                  0%][Progress:======>                       21%] [Cov:>                                  0%][Progress:======>                       23%] [Cov:>                                  0%][Progress:=======>                      25%] [Cov:>                                  0%][Progress:========>                     27%] [Cov:>                                  0%][Progress:========>                     29%] [Cov:>                                  0%][Progress:=========>                    31%] [Cov:>                                  0%][Progress:=========>                    32%] [Cov:>                                  0%][Progress:==========>                   34%] [Cov:>                                  0%][Progress:==========>                   36%] [Cov:>                                  0%][Progress:===========>                  37%] [Cov:>                                  0%][Progress:===========>                  38%] [Cov:>                                  0%][Progress:============>                 40%] [Cov:>                                  0%][Progress:============>                 42%] [Cov:>                                  0%][Progress:=============>                44%] [Cov:>                                  0%][Progress:=============>                45%] [Cov:>                                  0%][Progress:=============>                46%] [Cov:>                                  0%][Progress:==============>               48%] [Cov:>                                  0%][Progress:==============>               49%] [Cov:>                                  0%][Progress:===============>              50%] [Cov:>                                  0%][Progress:===============>              52%] [Cov:>                                  0%][Progress:===============>              53%] [Cov:>                                  0%][Progress:================>             55%] [Cov:>                                  0%][Progress:================>             55%] [Cov:>                                  0%][Progress:================>             56%] [Cov:>                                  0%][Progress:=================>            57%] [Cov:>                                  0%][Progress:=================>            58%] [Cov:>                                  0%][Progress:=================>            59%] [Cov:>                                  0%][Progress:==================>           60%] [Cov:>                                  0%][Progress:==================>           61%] [Cov:>                                  0%][Progress:==================>           63%] [Cov:>                                  0%][Progress:===================>          64%] [Cov:>                                  0%][Progress:===================>          65%] [Cov:>                                  0%][Progress:====================>         67%] [Cov:>                                  0%][Progress:====================>         68%] [Cov:>                                  0%][Progress:====================>         69%] [Cov:>                                  0%][Progress:=====================>        70%] [Cov:>                                  0%][Progress:=====================>        71%] [Cov:>                                  0%][Progress:=====================>        72%] [Cov:>                                  0%][Progress:=====================>        73%] [Cov:>                                  0%][Progress:======================>       74%] [Cov:>                                  0%][Progress:======================>       75%] [Cov:>                                  0%][Progress:======================>       76%] [Cov:>                                  0%][Progress:=======================>      77%] [Cov:>                                  0%][Progress:=======================>      78%] [Cov:>                                  0%][Progress:=======================>      79%] [Cov:>                                  0%][Progress:========================>     80%] [Cov:>                                  0%][Progress:========================>     80%] [Cov:>                                  0%][Progress:========================>     81%] [Cov:>                                  0%][Progress:========================>     82%] [Cov:>                                  0%][Progress:========================>     83%] [Cov:>                                  0%][Progress:=========================>    84%] [Cov:>                                  0%][Progress:=========================>    85%] [Cov:>                                  0%][Progress:=========================>    86%] [Cov:>                                  0%][Progress:==========================>   87%] [Cov:>                                  0%][Progress:==========================>   88%] [Cov:>                                  0%][Progress:==========================>   88%] [Cov:>                                  0%][Progress:==========================>   88%] [Cov:>                                  0%][Progress:==========================>   89%] [Cov:>                                  0%][Progress:===========================>  90%] [Cov:>                                  0%][Progress:===========================>  90%] [Cov:>                                  0%][Progress:===========================>  91%] [Cov:>                                  0%][Progress:===========================>  92%] [Cov:>                                  0%][Progress:===========================>  92%] [Cov:>                                  0%][Progress:===========================>  93%] [Cov:>                                  0%][Progress:============================> 94%] [Cov:>                                  0%][Progress:============================> 95%] [Cov:>                                  0%][Progress:============================> 95%] [Cov:>                                  0%][Progress:============================> 96%] [Cov:>                                  0%][Progress:=============================>97%] [Cov:>                                  0%][Progress:=============================>97%] [Cov:>                                  0%][Progress:=============================>98%] [Cov:>                                  0%][Progress:=============================>99%] [Cov:>                                  0%][Progress:=============================>99%] [Cov:>                                  0%][Progress:==============================100%] [Cov:>                                  0%][Progress:==============================100%] [Cov:>                                  0%]
* Search finished after 102s and 83 generations, 9385 statements, best individual has fitness: 1584.0
* Generated before the refinement 1 tests with total length 2
statement is: org.evosuite.testcase.statements.ArrayStatement@4c67a73c type is: class org.evosuite.testcase.statements.ArrayStatement return type class [Ljava.lang.String;
statement code is: String[] stringArray = new String[9]
statement is: main([Ljava/lang/String;)V type is: class org.evosuite.testcase.statements.MethodStatement return type void
statement code is: Client.main(arg0)
test data is: String[] stringArray = new String[9];
Client.main(stringArray);

** It was a parseable test case! 
Improved test data is: class DummyClass {
    public static void main() {
        // Improved test data for the code snippet
        String[] stringArray = new String[9];
        stringArray[0] = "John";
        stringArray[1] = "Doe";
        stringArray[2] = "john.doe@example.com";
        stringArray[3] = "123 Main St.";
        stringArray[4] = "Anytown";
        stringArray[5] = "CA";
        stringArray[6] = "99999";
        stringArray[7] = "USA";
        stringArray[8] = "John Doe is a customer of example.com and has an address at 123 Main St., Anytown, CA 99999 in the USA.";
        Client.main(stringArray);
    }
}
statement is: // Improved test data for the code snippet
String[] stringArray = new String[9], class spoon.support.reflect.code.CtLocalVariableImpl
class spoon.support.reflect.code.CtNewArrayImpl
Dimension: [9] Ct is: String[] stringArray = new String[9] isAssignment: false Array: new String[9] Elements: []
lengths: [9] [9]
Their type are: class [Ljava.lang.String; String[]
statement is: stringArray[0] = "John", class spoon.support.reflect.code.CtAssignmentImpl
Assigned : stringArray[0] Assigned Type class spoon.support.reflect.code.CtArrayWriteImpl String Assignment:"John" Ct is: stringArray[0] = "John"
target : stringArray class spoon.support.reflect.code.CtLiteralImpl
statement is: stringArray[1] = "Doe", class spoon.support.reflect.code.CtAssignmentImpl
Assigned : stringArray[1] Assigned Type class spoon.support.reflect.code.CtArrayWriteImpl String Assignment:"Doe" Ct is: stringArray[1] = "Doe"
target : stringArray class spoon.support.reflect.code.CtLiteralImpl
statement is: stringArray[2] = "john.doe@example.com", class spoon.support.reflect.code.CtAssignmentImpl
Assigned : stringArray[2] Assigned Type class spoon.support.reflect.code.CtArrayWriteImpl String Assignment:"john.doe@example.com" Ct is: stringArray[2] = "john.doe@example.com"
target : stringArray class spoon.support.reflect.code.CtLiteralImpl
statement is: stringArray[3] = "123 Main St.", class spoon.support.reflect.code.CtAssignmentImpl
Assigned : stringArray[3] Assigned Type class spoon.support.reflect.code.CtArrayWriteImpl String Assignment:"123 Main St." Ct is: stringArray[3] = "123 Main St."
target : stringArray class spoon.support.reflect.code.CtLiteralImpl
statement is: stringArray[4] = "Anytown", class spoon.support.reflect.code.CtAssignmentImpl
Assigned : stringArray[4] Assigned Type class spoon.support.reflect.code.CtArrayWriteImpl String Assignment:"Anytown" Ct is: stringArray[4] = "Anytown"
target : stringArray class spoon.support.reflect.code.CtLiteralImpl
statement is: stringArray[5] = "CA", class spoon.support.reflect.code.CtAssignmentImpl
Assigned : stringArray[5] Assigned Type class spoon.support.reflect.code.CtArrayWriteImpl String Assignment:"CA" Ct is: stringArray[5] = "CA"
target : stringArray class spoon.support.reflect.code.CtLiteralImpl
statement is: stringArray[6] = "99999", class spoon.support.reflect.code.CtAssignmentImpl
Assigned : stringArray[6] Assigned Type class spoon.support.reflect.code.CtArrayWriteImpl String Assignment:"99999" Ct is: stringArray[6] = "99999"
target : stringArray class spoon.support.reflect.code.CtLiteralImpl
statement is: stringArray[7] = "USA", class spoon.support.reflect.code.CtAssignmentImpl
Assigned : stringArray[7] Assigned Type class spoon.support.reflect.code.CtArrayWriteImpl String Assignment:"USA" Ct is: stringArray[7] = "USA"
target : stringArray class spoon.support.reflect.code.CtLiteralImpl
statement is: stringArray[8] = "John Doe is a customer of example.com and has an address at 123 Main St., Anytown, CA 99999 in the USA.", class spoon.support.reflect.code.CtAssignmentImpl
Assigned : stringArray[8] Assigned Type class spoon.support.reflect.code.CtArrayWriteImpl String Assignment:"John Doe is a customer of example.com and has an address at 123 Main St., Anytown, CA 99999 in the USA." Ct is: stringArray[8] = "John Doe is a customer of example.com and has an address at 123 Main St., Anytown, CA 99999 in the USA."
target : stringArray class spoon.support.reflect.code.CtLiteralImpl
statement is: Client.main(stringArray), class spoon.support.reflect.code.CtInvocationImpl
invocation is: Client.main(stringArray) target is: Client method is: main(java.lang.String[])
Matched Method is: main([Ljava/lang/String;)V
TestCase is: String[] stringArray = new String[9];
Client.main(stringArray);

* test suite isTestSuite: 2
Test 0: 
String[] stringArray = new String[9];
// Undeclared exception!
try { 
  Client.main(stringArray);
  fail("Expecting exception: HeadlessException");

} catch(HeadlessException e) {
   //
   // no message in exception (getMessage() returned null)
   //
   verifyException("java.awt.GraphicsEnvironment", e);
}

Test 1: 
String[] stringArray = new String[9];
Client.main(stringArray);


* Generated after the refinement and before minimization 2 tests with total length 4
* test suite isTestSuite: 2
Test 0: 
String[] stringArray = new String[9];
// Undeclared exception!
try { 
  Client.main(stringArray);
  fail("Expecting exception: HeadlessException");

} catch(HeadlessException e) {
   //
   // no message in exception (getMessage() returned null)
   //
   verifyException("java.awt.GraphicsEnvironment", e);
}

Test 1: 
String[] stringArray = new String[9];
Client.main(stringArray);


* Minimizing test suite
* test suite isTestSuite: 1
Test 0: 
String[] stringArray = new String[9];
// Undeclared exception!
try { 
  Client.main(stringArray);
  fail("Expecting exception: HeadlessException");

} catch(HeadlessException e) {
   //
   // no message in exception (getMessage() returned null)
   //
   verifyException("java.awt.GraphicsEnvironment", e);
}


* Going to analyze the coverage criteria
* Coverage analysis for criterion BRANCH
* Coverage of criterion BRANCH: 0%
* Total number of goals: 350
* Number of covered goals: 1
* Coverage analysis for criterion LINE
* Coverage of criterion LINE: 0%
* Total number of goals: 836
* Number of covered goals: 1
* Coverage analysis for criterion OUTPUT
* Coverage of criterion OUTPUT: 0%
* Total number of goals: 6
* Number of covered goals: 0
* Coverage analysis for criterion METHOD
* Coverage of criterion METHOD: 2%
* Total number of goals: 46
* Number of covered goals: 1
* Coverage analysis for criterion CBRANCH
* Coverage of criterion CBRANCH: 0%
* Total number of goals: 350
* Number of covered goals: 1
* Generated 1 tests with total length 2
* Resulting test suite's coverage: 1% (average coverage for all fitness functions)
* Generating assertions
* Resulting test suite's mutation score: 0%
* Compiling and checking tests
Going to execute: removeTestsThatDoNotCompile
* Compiling Tests
** Write a test suite: 0 called: 0 to improve: false
* Compiling Tests
** Write a test suite: 0 called: 0 to improve: true
** Improve Understandability: ** Test Code is: String[] arg0 = new String[9];
// Undeclared exception!
try { 
  Client.main(arg0);
  fail("Expecting exception: HeadlessException");

} catch(HeadlessException e) {
   //
   // no message in exception (getMessage() returned null)
   //
   verifyException("java.awt.GraphicsEnvironment", e);
}


** It was a parseable test case! 
refined test name is: testCommandLineArgumentForHeadlessMode
Going to execute: handleTestsThatAreUnstable
* Compiling Tests
[MASTER] 18:44:39.508 [logback-1] WARN  AgentLoader - Failed to find EvoSuite jar in current classloader. URLs of classloader:
file:/root/.sdkman/candidates/java/8.0.333.fx-librca/jre/../lib/tools.jar
file:/root/.sdkman/candidates/java/8.0.333.fx-librca/jre/lib/ext/cldrdata.jar
file:/tmp/EvoSuite_pathingJar3823151732393291371.jar
file:/root/.sdkman/candidates/java/8.0.333.fx-librca/jre/lib/ext/sunec.jar
file:/root/.sdkman/candidates/java/8.0.333.fx-librca/jre/lib/ext/localedata.jar
file:/root/.sdkman/candidates/java/8.0.333.fx-librca/jre/lib/ext/jaccess.jar
file:/root/.sdkman/candidates/java/8.0.333.fx-librca/jre/lib/ext/dnsns.jar
file:/root/.sdkman/candidates/java/8.0.333.fx-librca/jre/lib/ext/sunpkcs11.jar
file:/root/.sdkman/candidates/java/8.0.333.fx-librca/jre/lib/ext/zipfs.jar
file:/root/.sdkman/candidates/java/8.0.333.fx-librca/jre/lib/ext/jfxrt.jar
file:/root/.sdkman/candidates/java/8.0.333.fx-librca/jre/lib/ext/sunjce_provider.jar
file:/root/.sdkman/candidates/java/8.0.333.fx-librca/jre/lib/ext/nashorn.jar
[MASTER] 18:44:39.573 [logback-1] WARN  JUnitAnalyzer - Found unstable test named initializationError -> class java.lang.RuntimeException: Cannot find either the compilation target folder nor the EvoSuite jar in classpath: /tmp/EvoSuite_pathingJar3823151732393291371.jar
Going to execute: handleTestsThatAreUnstable
* Compiling Tests
[MASTER] 18:44:39.669 [logback-1] WARN  AgentLoader - Failed to find EvoSuite jar in current classloader. URLs of classloader:
file:/root/.sdkman/candidates/java/8.0.333.fx-librca/jre/../lib/tools.jar
file:/root/.sdkman/candidates/java/8.0.333.fx-librca/jre/lib/ext/cldrdata.jar
file:/tmp/EvoSuite_pathingJar3823151732393291371.jar
file:/root/.sdkman/candidates/java/8.0.333.fx-librca/jre/lib/ext/sunec.jar
file:/root/.sdkman/candidates/java/8.0.333.fx-librca/jre/lib/ext/localedata.jar
file:/root/.sdkman/candidates/java/8.0.333.fx-librca/jre/lib/ext/jaccess.jar
file:/root/.sdkman/candidates/java/8.0.333.fx-librca/jre/lib/ext/dnsns.jar
file:/root/.sdkman/candidates/java/8.0.333.fx-librca/jre/lib/ext/sunpkcs11.jar
file:/root/.sdkman/candidates/java/8.0.333.fx-librca/jre/lib/ext/zipfs.jar
file:/root/.sdkman/candidates/java/8.0.333.fx-librca/jre/lib/ext/jfxrt.jar
file:/root/.sdkman/candidates/java/8.0.333.fx-librca/jre/lib/ext/sunjce_provider.jar
file:/root/.sdkman/candidates/java/8.0.333.fx-librca/jre/lib/ext/nashorn.jar
[MASTER] 18:44:39.670 [logback-1] WARN  JUnitAnalyzer - Found unstable test named initializationError -> class java.lang.RuntimeException: Cannot find either the compilation target folder nor the EvoSuite jar in classpath: /tmp/EvoSuite_pathingJar3823151732393291371.jar
[MASTER] 18:44:39.732 [logback-1] WARN  TimeController - Already entered in phase: INLINING. This will mess up the timing calculations.
* test suite isTestSuite: 1
Test 0: 
String[] stringArray = new String[9];
// Undeclared exception!
try { 
  Client.main(stringArray);
  fail("Expecting exception: HeadlessException");

} catch(HeadlessException e) {
   //
   // no message in exception (getMessage() returned null)
   //
   verifyException("java.awt.GraphicsEnvironment", e);
}


* Minimizing test suite
* test suite isTestSuite: 1
Test 0: 
String[] stringArray = new String[9];
// Undeclared exception!
try { 
  Client.main(stringArray);
  fail("Expecting exception: HeadlessException");

} catch(HeadlessException e) {
   //
   // no message in exception (getMessage() returned null)
   //
   verifyException("java.awt.GraphicsEnvironment", e);
}


[MASTER] 18:44:40.630 [logback-1] WARN  TimeController - Already entered in phase: MINIMIZATION. This will mess up the timing calculations.
* Going to analyze the coverage criteria
* Coverage analysis for criterion BRANCH
* Coverage of criterion BRANCH: 0%
* Total number of goals: 350
* Number of covered goals: 1
* Coverage analysis for criterion LINE
* Coverage of criterion LINE: 0%
* Total number of goals: 836
* Number of covered goals: 1
* Coverage analysis for criterion OUTPUT
* Coverage of criterion OUTPUT: 0%
* Total number of goals: 6
* Number of covered goals: 0
* Coverage analysis for criterion METHOD
* Coverage of criterion METHOD: 2%
* Total number of goals: 46
* Number of covered goals: 1
* Coverage analysis for criterion CBRANCH
* Coverage of criterion CBRANCH: 0%
* Total number of goals: 350
* Number of covered goals: 1
* Generated 1 tests with total length 2
* Resulting test suite's coverage: 1% (average coverage for all fitness functions)
* Generating assertions
[MASTER] 18:44:40.709 [logback-1] WARN  TimeController - Already entered in phase: COVERAGE_ANALYSIS. This will mess up the timing calculations.
* Resulting test suite's mutation score: 0%
* Compiling and checking tests
[MASTER] 18:44:46.820 [logback-1] WARN  TimeController - Already entered in phase: ASSERTION_GENERATION. This will mess up the timing calculations.
Going to execute: removeTestsThatDoNotCompile
* Compiling Tests
** Write a test suite: 0 called: 0 to improve: false
Going to execute: handleTestsThatAreUnstable
* Compiling Tests
** Write a test suite: 0 called: 0 to improve: false
[MASTER] 18:44:47.147 [logback-1] WARN  AgentLoader - Failed to find EvoSuite jar in current classloader. URLs of classloader:
file:/root/.sdkman/candidates/java/8.0.333.fx-librca/jre/../lib/tools.jar
file:/root/.sdkman/candidates/java/8.0.333.fx-librca/jre/lib/ext/cldrdata.jar
file:/tmp/EvoSuite_pathingJar3823151732393291371.jar
file:/root/.sdkman/candidates/java/8.0.333.fx-librca/jre/lib/ext/sunec.jar
file:/root/.sdkman/candidates/java/8.0.333.fx-librca/jre/lib/ext/localedata.jar
file:/root/.sdkman/candidates/java/8.0.333.fx-librca/jre/lib/ext/jaccess.jar
file:/root/.sdkman/candidates/java/8.0.333.fx-librca/jre/lib/ext/dnsns.jar
file:/root/.sdkman/candidates/java/8.0.333.fx-librca/jre/lib/ext/sunpkcs11.jar
file:/root/.sdkman/candidates/java/8.0.333.fx-librca/jre/lib/ext/zipfs.jar
file:/root/.sdkman/candidates/java/8.0.333.fx-librca/jre/lib/ext/jfxrt.jar
file:/root/.sdkman/candidates/java/8.0.333.fx-librca/jre/lib/ext/sunjce_provider.jar
file:/root/.sdkman/candidates/java/8.0.333.fx-librca/jre/lib/ext/nashorn.jar
[MASTER] 18:44:47.149 [logback-1] WARN  JUnitAnalyzer - Found unstable test named initializationError -> class java.lang.RuntimeException: Cannot find either the compilation target folder nor the EvoSuite jar in classpath: /tmp/EvoSuite_pathingJar3823151732393291371.jar
Going to execute: handleTestsThatAreUnstable
* Compiling Tests
** Write a test suite: 0 called: 0 to improve: false
[MASTER] 18:44:47.249 [logback-1] WARN  AgentLoader - Failed to find EvoSuite jar in current classloader. URLs of classloader:
file:/root/.sdkman/candidates/java/8.0.333.fx-librca/jre/../lib/tools.jar
file:/root/.sdkman/candidates/java/8.0.333.fx-librca/jre/lib/ext/cldrdata.jar
file:/tmp/EvoSuite_pathingJar3823151732393291371.jar
file:/root/.sdkman/candidates/java/8.0.333.fx-librca/jre/lib/ext/sunec.jar
file:/root/.sdkman/candidates/java/8.0.333.fx-librca/jre/lib/ext/localedata.jar
file:/root/.sdkman/candidates/java/8.0.333.fx-librca/jre/lib/ext/jaccess.jar
file:/root/.sdkman/candidates/java/8.0.333.fx-librca/jre/lib/ext/dnsns.jar
file:/root/.sdkman/candidates/java/8.0.333.fx-librca/jre/lib/ext/sunpkcs11.jar
file:/root/.sdkman/candidates/java/8.0.333.fx-librca/jre/lib/ext/zipfs.jar
file:/root/.sdkman/candidates/java/8.0.333.fx-librca/jre/lib/ext/jfxrt.jar
file:/root/.sdkman/candidates/java/8.0.333.fx-librca/jre/lib/ext/sunjce_provider.jar
file:/root/.sdkman/candidates/java/8.0.333.fx-librca/jre/lib/ext/nashorn.jar
[MASTER] 18:44:47.251 [logback-1] WARN  JUnitAnalyzer - Found unstable test named initializationError -> class java.lang.RuntimeException: Cannot find either the compilation target folder nor the EvoSuite jar in classpath: /tmp/EvoSuite_pathingJar3823151732393291371.jar
* Writing tests to file
[MASTER] 18:44:47.254 [logback-1] WARN  TimeController - Already entered in phase: JUNIT_CHECK. This will mess up the timing calculations.
* Writing JUnit test case 'Client_ESTest' to evosuite-tests
* Writing JUnit test case 'Client_Original_ESTest' to evosuite-tests
** Write a test suite: 0 called: 0 to improve: false
* Done!

* Computation finished
