* EvoSuite 1.0.0-SNAPSHOT
* Going to generate test cases for class: httpanalyzer.Password
* Starting Client-0
* Properties loaded from /home/roham/Results-Utestgen/dataset/SF110-new-res/32_httpanalyzer/evosuite-files/evosuite.properties
* Connecting to master process on port 17784
* Analyzing classpath: 
* Inheritance tree loaded from evosuite-files/inheritance.xml.gz
* Finished analyzing classpath
* Generating tests for class httpanalyzer.Password
* Test criteria:
  - Branch Coverage
  - Line Coverage
  - Method-Output Coverage
  - Top-Level Method Coverage
  - Context Branch Coverage
* Total number of test goals for DYNAMOSA: 241
* Using seed 1710206607693
* Starting evolution
[Progress:>                             0%] [Cov:>                                  0%]* Initial Number of Goals in DynaMOSA = 80 / 241
[Progress:>                             2%] [Cov:=========================>         72%][Progress:=>                            4%] [Cov:=========================>         72%][Progress:==>                           7%] [Cov:=========================>         72%][Progress:==>                           8%] [Cov:=========================>         72%][Progress:===>                          10%] [Cov:=========================>         72%][Progress:===>                          11%] [Cov:=========================>         72%][Progress:===>                          12%] [Cov:=========================>         72%][Progress:====>                         14%] [Cov:=========================>         72%][Progress:====>                         15%] [Cov:=========================>         72%][Progress:=====>                        17%] [Cov:=========================>         72%][Progress:=====>                        18%] [Cov:=========================>         72%][Progress:=====>                        19%] [Cov:=========================>         72%][Progress:======>                       20%] [Cov:=========================>         72%][Progress:======>                       22%] [Cov:=========================>         72%][Progress:=======>                      24%] [Cov:=========================>         72%][Progress:=======>                      25%] [Cov:=========================>         72%][Progress:========>                     27%] [Cov:=========================>         72%][Progress:========>                     28%] [Cov:=========================>         72%][Progress:=========>                    30%] [Cov:=========================>         72%][Progress:=========>                    31%] [Cov:=========================>         72%][Progress:=========>                    32%] [Cov:=========================>         72%][Progress:=========>                    33%] [Cov:=========================>         72%][Progress:==========>                   34%] [Cov:=========================>         72%][Progress:==========>                   36%] [Cov:=========================>         72%][Progress:===========>                  37%] [Cov:=========================>         72%][Progress:===========>                  39%] [Cov:=========================>         72%][Progress:============>                 40%] [Cov:=========================>         72%][Progress:============>                 42%] [Cov:=========================>         72%][Progress:============>                 43%] [Cov:=========================>         72%][Progress:=============>                44%] [Cov:=========================>         72%][Progress:=============>                45%] [Cov:=========================>         72%][Progress:==============>               47%] [Cov:=========================>         72%][Progress:==============>               48%] [Cov:=========================>         72%][Progress:===============>              50%] [Cov:=========================>         72%][Progress:===============>              51%] [Cov:=========================>         72%][Progress:===============>              52%] [Cov:=========================>         72%][Progress:================>             54%] [Cov:=========================>         72%][Progress:================>             55%] [Cov:=========================>         72%][Progress:=================>            57%] [Cov:=========================>         72%][Progress:=================>            58%] [Cov:=========================>         72%][Progress:==================>           60%] [Cov:=========================>         72%][Progress:==================>           61%] [Cov:=========================>         72%][Progress:==================>           62%] [Cov:=========================>         72%][Progress:===================>          64%] [Cov:=========================>         72%][Progress:===================>          65%] [Cov:=========================>         72%][Progress:===================>          66%] [Cov:=========================>         72%][Progress:====================>         67%] [Cov:=========================>         72%][Progress:====================>         69%] [Cov:=========================>         72%][Progress:=====================>        71%] [Cov:=========================>         72%][Progress:=====================>        72%] [Cov:=========================>         72%][Progress:=====================>        73%] [Cov:=========================>         72%][Progress:======================>       75%] [Cov:=========================>         72%][Progress:======================>       76%] [Cov:=========================>         72%][Progress:=======================>      77%] [Cov:=========================>         72%][Progress:=======================>      79%] [Cov:=========================>         72%][Progress:========================>     80%] [Cov:=========================>         72%][Progress:========================>     81%] [Cov:=========================>         72%][Progress:========================>     83%] [Cov:=========================>         72%][Progress:=========================>    84%] [Cov:=========================>         72%][Progress:=========================>    85%] [Cov:=========================>         72%][Progress:=========================>    86%] [Cov:=========================>         72%][Progress:==========================>   88%] [Cov:=========================>         72%][Progress:==========================>   89%] [Cov:=========================>         72%][Progress:===========================>  90%] [Cov:=========================>         72%][Progress:===========================>  91%] [Cov:=========================>         72%][Progress:===========================>  92%] [Cov:=========================>         72%][Progress:===========================>  93%] [Cov:=========================>         72%][Progress:============================> 94%] [Cov:=========================>         72%][Progress:============================> 96%] [Cov:=========================>         72%][Progress:=============================>97%] [Cov:=========================>         72%][Progress:=============================>99%] [Cov:=========================>         72%][Progress:==============================100%] [Cov:=========================>         72%][Progress:==============================100%] [Cov:=========================>         72%]
* Search finished after 101s and 72 generations, 8757 statements, best individual has fitness: 46.0
* Generated before the refinement 5 tests with total length 5
statement is: crypt(Ljava/lang/String;Ljava/lang/String;)Ljava/lang/String; type is: class org.evosuite.testcase.statements.MethodStatement return type class java.lang.String
statement code is: String crypt = Password.crypt("cZ=1s/I", "d41d8cd98f00b204e9800998ecf8427e")
test data is: Password.crypt("cZ=1s/I", "d41d8cd98f00b204e9800998ecf8427e");

** It was a parseable test case! 
Improved test data is: class DummyClass {
    public static void main() {
        Password.crypt("password123", "d41d8cd98f00b204e9800998ecf8427e");
    }
}
statement is: Password.crypt("password123", "d41d8cd98f00b204e9800998ecf8427e"), class spoon.support.reflect.code.CtInvocationImpl
invocation is: Password.crypt("password123", "d41d8cd98f00b204e9800998ecf8427e") target is: Password method is: crypt(java.lang.String,java.lang.String)
Matched Method is: crypt(Ljava/lang/String;Ljava/lang/String;)Ljava/lang/String;
TestCase is: String string = "password123";
String string = "d41d8cd98f00b204e9800998ecf8427e";
Password.crypt(string, string);

statement is: httpanalyzer.Password()V type is: class org.evosuite.testcase.statements.ConstructorStatement return type class httpanalyzer.Password
statement code is: Password password = new Password()
test data is: Password password = new Password();

** It was a parseable test case! 
Improved test data is: class DummyClass {
    public static void main() {
        password.setValue("abc123");
        assertEquals(password.getValue(), "abc123");
    }
}
statement is: password.setValue("abc123"), class spoon.support.reflect.code.CtInvocationImpl
invocation is: password.setValue("abc123") target is: password method is: setValue(java.lang.String)
statement is: assertEquals(password.getValue(), "abc123"), class spoon.support.reflect.code.CtInvocationImpl
invocation is: assertEquals(password.getValue(), "abc123") target is:  method is: assertEquals(<unknown>,java.lang.String)
statement is: crypt(Ljava/lang/String;Ljava/lang/String;)Ljava/lang/String; type is: class org.evosuite.testcase.statements.MethodStatement return type class java.lang.String
statement code is: String crypt = Password.crypt("avGpK?hO@Gwm_Wp^-", "54b8c52009c7f6e9c67292afd852a7d3")
test data is: Password.crypt("avGpK?hO@Gwm_Wp^-", "54b8c52009c7f6e9c67292afd852a7d3");

** It was a parseable test case! 
Improved test data is: class DummyClass {
    public static void main() {
        Password.crypt("P@ssw0rd!@#$%^&*()_+-=", "54b8c52009c7f6e9c67292afd852a7d3");
        // Improved test data
        Password.crypt("MySecretP@ssword!", "54b8c52009c7f6e9c67292afd852a7d3");
    }
}
statement is: Password.crypt("P@ssw0rd!@#$%^&*()_+-=", "54b8c52009c7f6e9c67292afd852a7d3"), class spoon.support.reflect.code.CtInvocationImpl
invocation is: Password.crypt("P@ssw0rd!@#$%^&*()_+-=", "54b8c52009c7f6e9c67292afd852a7d3") target is: Password method is: crypt(java.lang.String,java.lang.String)
Matched Method is: crypt(Ljava/lang/String;Ljava/lang/String;)Ljava/lang/String;
statement is: // Improved test data
Password.crypt("MySecretP@ssword!", "54b8c52009c7f6e9c67292afd852a7d3"), class spoon.support.reflect.code.CtInvocationImpl
invocation is: // Improved test data
Password.crypt("MySecretP@ssword!", "54b8c52009c7f6e9c67292afd852a7d3") target is: Password method is: crypt(java.lang.String,java.lang.String)
Matched Method is: crypt(Ljava/lang/String;Ljava/lang/String;)Ljava/lang/String;
TestCase is: String string = "P@ssw0rd!@#$%^&*()_+-=";
String string = "54b8c52009c7f6e9c67292afd852a7d3";
Password.crypt(string, string);
String string = "MySecretP@ssword!";
String string = "54b8c52009c7f6e9c67292afd852a7d3";
Password.crypt(string, string);

statement is: crypt(Ljava/lang/String;Ljava/lang/String;)Ljava/lang/String; type is: class org.evosuite.testcase.statements.MethodStatement return type class java.lang.String
statement code is: String crypt = Password.crypt("P:ri/L&}VR.|~", "P:ri/L&}VR.|~")
test data is: Password.crypt("P:ri/L&}VR.|~", "P:ri/L&}VR.|~");

** It was a parseable test case! 
Improved test data is: class DummyClass {
    public static void main() {
        Password.crypt("P@ssw0rd", "P@ssw0rd");
        Password.crypt("password123", "password123");
        Password.crypt("abcdefghijklmnopqrstuvwxyz", "abcdefghijklmnopqrstuvwxyz");
        Password.crypt("ABCDEFGHIJKLMNOPQRSTUVWXYZ", "ABCDEFGHIJKLMNOPQRSTUVWXYZ");
        Password.crypt("1234567890", "1234567890");
    }
}
statement is: Password.crypt("P@ssw0rd", "P@ssw0rd"), class spoon.support.reflect.code.CtInvocationImpl
invocation is: Password.crypt("P@ssw0rd", "P@ssw0rd") target is: Password method is: crypt(java.lang.String,java.lang.String)
Matched Method is: crypt(Ljava/lang/String;Ljava/lang/String;)Ljava/lang/String;
statement is: Password.crypt("password123", "password123"), class spoon.support.reflect.code.CtInvocationImpl
invocation is: Password.crypt("password123", "password123") target is: Password method is: crypt(java.lang.String,java.lang.String)
Matched Method is: crypt(Ljava/lang/String;Ljava/lang/String;)Ljava/lang/String;
statement is: Password.crypt("abcdefghijklmnopqrstuvwxyz", "abcdefghijklmnopqrstuvwxyz"), class spoon.support.reflect.code.CtInvocationImpl
invocation is: Password.crypt("abcdefghijklmnopqrstuvwxyz", "abcdefghijklmnopqrstuvwxyz") target is: Password method is: crypt(java.lang.String,java.lang.String)
Matched Method is: crypt(Ljava/lang/String;Ljava/lang/String;)Ljava/lang/String;
statement is: Password.crypt("ABCDEFGHIJKLMNOPQRSTUVWXYZ", "ABCDEFGHIJKLMNOPQRSTUVWXYZ"), class spoon.support.reflect.code.CtInvocationImpl
invocation is: Password.crypt("ABCDEFGHIJKLMNOPQRSTUVWXYZ", "ABCDEFGHIJKLMNOPQRSTUVWXYZ") target is: Password method is: crypt(java.lang.String,java.lang.String)
Matched Method is: crypt(Ljava/lang/String;Ljava/lang/String;)Ljava/lang/String;
statement is: Password.crypt("1234567890", "1234567890"), class spoon.support.reflect.code.CtInvocationImpl
invocation is: Password.crypt("1234567890", "1234567890") target is: Password method is: crypt(java.lang.String,java.lang.String)
Matched Method is: crypt(Ljava/lang/String;Ljava/lang/String;)Ljava/lang/String;
TestCase is: String string = "P@ssw0rd";
String string = "P@ssw0rd";
Password.crypt(string, string);
String string = "password123";
String string = "password123";
Password.crypt(string, string);
String string = "abcdefghijklmnopqrstuvwxyz";
String string = "abcdefghijklmnopqrstuvwxyz";
Password.crypt(string, string);
String string = "ABCDEFGHIJKLMNOPQRSTUVWXYZ";
String string = "ABCDEFGHIJKLMNOPQRSTUVWXYZ";
Password.crypt(string, string);
String string = "1234567890";
String string = "1234567890";
Password.crypt(string, string);

statement is: hashMD5(Ljava/lang/String;)Ljava/lang/String; type is: class org.evosuite.testcase.statements.MethodStatement return type class java.lang.String
statement code is: String hashMD5 = Password.hashMD5("")
test data is: Password.hashMD5("");

** It was a parseable test case! 
Improved test data is: class DummyClass {
    public static void main() {
        Password.hashMD5("abc123");// represents a typical password with letters and numbers

        Password.hashMD5("!@#$%^&*()_+");// represents a more complex password with special characters

        Password.hashMD5("this is a test string");// represents a longer, more realistic password }}

    }
}
statement is: Password.hashMD5("abc123")// represents a typical password with letters and numbers
, class spoon.support.reflect.code.CtInvocationImpl
invocation is: Password.hashMD5("abc123")// represents a typical password with letters and numbers
 target is: Password method is: hashMD5(java.lang.String)
Matched Method is: hashMD5(Ljava/lang/String;)Ljava/lang/String;
statement is: Password.hashMD5("!@#$%^&*()_+")// represents a more complex password with special characters
, class spoon.support.reflect.code.CtInvocationImpl
invocation is: Password.hashMD5("!@#$%^&*()_+")// represents a more complex password with special characters
 target is: Password method is: hashMD5(java.lang.String)
Matched Method is: hashMD5(Ljava/lang/String;)Ljava/lang/String;
statement is: Password.hashMD5("this is a test string")// represents a longer, more realistic password }}
, class spoon.support.reflect.code.CtInvocationImpl
invocation is: Password.hashMD5("this is a test string")// represents a longer, more realistic password }}
 target is: Password method is: hashMD5(java.lang.String)
Matched Method is: hashMD5(Ljava/lang/String;)Ljava/lang/String;
TestCase is: String string = "abc123";
Password.hashMD5(string);
String string = "!@#$%^&*()_+";
Password.hashMD5(string);
String string = "this is a test string";
Password.hashMD5(string);

* test suite isTestSuite: 9
Test 0: 
// Undeclared exception!
Password.crypt("cZ=1s/I", "d41d8cd98f00b204e9800998ecf8427e");
Test 1: 
Password password = new Password();
Test 2: 
// Undeclared exception!
Password.crypt("avGpK?hO@Gwm_Wp^-", "54b8c52009c7f6e9c67292afd852a7d3");
Test 3: 
// Undeclared exception!
Password.crypt("P:ri/L&}VR.|~", "P:ri/L&}VR.|~");
Test 4: 
Password.hashMD5("");
Test 5: 
Password.crypt("password123", "d41d8cd98f00b204e9800998ecf8427e");

Test 6: 
Password.crypt("P@ssw0rd!@#$%^&*()_+-=", "54b8c52009c7f6e9c67292afd852a7d3");
String string = "MySecretP@ssword!";
String string = "54b8c52009c7f6e9c67292afd852a7d3";
Password.crypt(string, string);

Test 7: 
Password.crypt("P@ssw0rd", "P@ssw0rd");
String string = "password123";
String string = "password123";
Password.crypt(string, string);
String string = "abcdefghijklmnopqrstuvwxyz";
String string = "abcdefghijklmnopqrstuvwxyz";
Password.crypt(string, string);
String string = "ABCDEFGHIJKLMNOPQRSTUVWXYZ";
String string = "ABCDEFGHIJKLMNOPQRSTUVWXYZ";
Password.crypt(string, string);
String string = "1234567890";
String string = "1234567890";
Password.crypt(string, string);

Test 8: 
Password.hashMD5("abc123");
Password.hashMD5("!@#$%^&*()_+");
Password.hashMD5("this is a test string");


* Generated after the refinement and before minimization 9 tests with total length 26
* test suite isTestSuite: 9
Test 0: 
// Undeclared exception!
Password.crypt("cZ=1s/I", "d41d8cd98f00b204e9800998ecf8427e");
Test 1: 
Password password = new Password();
Test 2: 
// Undeclared exception!
Password.crypt("avGpK?hO@Gwm_Wp^-", "54b8c52009c7f6e9c67292afd852a7d3");
Test 3: 
// Undeclared exception!
Password.crypt("P:ri/L&}VR.|~", "P:ri/L&}VR.|~");
Test 4: 
Password.hashMD5("");
Test 5: 
Password.crypt("password123", "d41d8cd98f00b204e9800998ecf8427e");

Test 6: 
Password.crypt("P@ssw0rd!@#$%^&*()_+-=", "54b8c52009c7f6e9c67292afd852a7d3");
String string = "MySecretP@ssword!";
String string = "54b8c52009c7f6e9c67292afd852a7d3";
Password.crypt(string, string);

Test 7: 
Password.crypt("P@ssw0rd", "P@ssw0rd");
String string = "password123";
String string = "password123";
Password.crypt(string, string);
String string = "abcdefghijklmnopqrstuvwxyz";
String string = "abcdefghijklmnopqrstuvwxyz";
Password.crypt(string, string);
String string = "ABCDEFGHIJKLMNOPQRSTUVWXYZ";
String string = "ABCDEFGHIJKLMNOPQRSTUVWXYZ";
Password.crypt(string, string);
String string = "1234567890";
String string = "1234567890";
Password.crypt(string, string);

Test 8: 
Password.hashMD5("abc123");
Password.hashMD5("!@#$%^&*()_+");
Password.hashMD5("this is a test string");


* Minimizing test suite
* test suite isTestSuite: 5
Test 0: 
// Undeclared exception!
Password.crypt("password123", "d41d8cd98f00b204e9800998ecf8427e");
Test 1: 
Password password = new Password();
Test 2: 
// Undeclared exception!
Password.crypt("P@ssw0rd", "P@ssw0rd");
Test 3: 
// Undeclared exception!
Password.crypt("cZ=1s/I", "d41d8cd98f00b204e9800998ecf8427e");
Test 4: 
Password.hashMD5("abc123");

* Going to analyze the coverage criteria
* Coverage analysis for criterion BRANCH
* Coverage of criterion BRANCH: 80%
* Total number of goals: 56
* Number of covered goals: 45
* Coverage analysis for criterion LINE
* Coverage of criterion LINE: 84%
* Total number of goals: 120
* Number of covered goals: 101
* Coverage analysis for criterion OUTPUT
* Coverage of criterion OUTPUT: 17%
* Total number of goals: 6
* Number of covered goals: 1
* Coverage analysis for criterion METHOD
* Coverage of criterion METHOD: 100%
* Total number of goals: 3
* Number of covered goals: 3
* Coverage analysis for criterion CBRANCH
* Coverage of criterion CBRANCH: 80%
* Total number of goals: 56
* Number of covered goals: 45
* Generated 5 tests with total length 5
* Resulting test suite's coverage: 72% (average coverage for all fitness functions)
* Generating assertions
* Resulting test suite's mutation score: 6%
* Compiling and checking tests
Going to execute: removeTestsThatDoNotCompile
* Compiling Tests
** Write a test suite: 0 called: 0 to improve: false
* Compiling Tests
** Write a test suite: 0 called: 0 to improve: true
** Improve Understandability: ** Test Code is: // Undeclared exception!
Password.crypt("password123", "d41d8cd98f00b204e9800998ecf8427e");

** It was a parseable test case! 
refined test name is: testCryptPasswordWithCorrectSalt
* Compiling Tests
** Write a test suite: 0 called: 0 to improve: false
* Compiling Tests
** Write a test suite: 0 called: 0 to improve: true
** Improve Understandability: ** Test Code is: Password password = new Password();

** It was a parseable test case! 
refined test name is: testThatAValidPasswordIsAccepted
* Compiling Tests
refined test name is: testIsValidvalidPassword
* Compiling Tests
** Write a test suite: 0 called: 0 to improve: false
* Compiling Tests
** Write a test suite: 0 called: 0 to improve: true
** Improve Understandability: ** Test Code is: // Undeclared exception!
Password.crypt("P@ssw0rd", "P@ssw0rd");

** It was a parseable test case! 
refined test name is: testCryptWithSalt
* Compiling Tests
** Write a test suite: 0 called: 0 to improve: false
* Compiling Tests
** Write a test suite: 0 called: 0 to improve: true
** Improve Understandability: ** Test Code is: // Undeclared exception!
Password.crypt("cZ=1s/I", "d41d8cd98f00b204e9800998ecf8427e");

** It was a parseable test case! 
refined test name is: testCryptographicHashingWithSHA512
* Compiling Tests
** Write a test suite: 0 called: 0 to improve: false
* Compiling Tests
** Write a test suite: 0 called: 0 to improve: true
** Improve Understandability: ** Test Code is: String hashMD5 = Password.hashMD5("abc123");
assertEquals("e99a18c428cb38d5f260853678922e03", hashMD5);


** It was a parseable test case! 
refined test name is: testHashMD5withValidInputreturnsExpectedOutput
Going to execute: handleTestsThatAreUnstable
* Compiling Tests
[MASTER] 01:30:54.826 [logback-1] WARN  AgentLoader - Failed to find EvoSuite jar in current classloader. URLs of classloader:
file:/root/.sdkman/candidates/java/8.0.333.fx-librca/jre/../lib/tools.jar
file:/root/.sdkman/candidates/java/8.0.333.fx-librca/jre/lib/ext/cldrdata.jar
file:/root/.sdkman/candidates/java/8.0.333.fx-librca/jre/lib/ext/sunec.jar
file:/root/.sdkman/candidates/java/8.0.333.fx-librca/jre/lib/ext/localedata.jar
file:/root/.sdkman/candidates/java/8.0.333.fx-librca/jre/lib/ext/jaccess.jar
file:/root/.sdkman/candidates/java/8.0.333.fx-librca/jre/lib/ext/dnsns.jar
file:/root/.sdkman/candidates/java/8.0.333.fx-librca/jre/lib/ext/sunpkcs11.jar
file:/tmp/EvoSuite_pathingJar6925893469140517700.jar
file:/root/.sdkman/candidates/java/8.0.333.fx-librca/jre/lib/ext/zipfs.jar
file:/root/.sdkman/candidates/java/8.0.333.fx-librca/jre/lib/ext/jfxrt.jar
file:/root/.sdkman/candidates/java/8.0.333.fx-librca/jre/lib/ext/sunjce_provider.jar
file:/root/.sdkman/candidates/java/8.0.333.fx-librca/jre/lib/ext/nashorn.jar
[MASTER] 01:30:54.847 [logback-1] WARN  JUnitAnalyzer - Found unstable test named initializationError -> class java.lang.RuntimeException: Cannot find either the compilation target folder nor the EvoSuite jar in classpath: /tmp/EvoSuite_pathingJar6925893469140517700.jar
Going to execute: handleTestsThatAreUnstable
* Compiling Tests
** Write a test suite: 0 called: 0 to improve: false
[MASTER] 01:30:54.926 [logback-1] WARN  AgentLoader - Failed to find EvoSuite jar in current classloader. URLs of classloader:
file:/root/.sdkman/candidates/java/8.0.333.fx-librca/jre/../lib/tools.jar
file:/root/.sdkman/candidates/java/8.0.333.fx-librca/jre/lib/ext/cldrdata.jar
file:/root/.sdkman/candidates/java/8.0.333.fx-librca/jre/lib/ext/sunec.jar
file:/root/.sdkman/candidates/java/8.0.333.fx-librca/jre/lib/ext/localedata.jar
file:/root/.sdkman/candidates/java/8.0.333.fx-librca/jre/lib/ext/jaccess.jar
file:/root/.sdkman/candidates/java/8.0.333.fx-librca/jre/lib/ext/dnsns.jar
file:/root/.sdkman/candidates/java/8.0.333.fx-librca/jre/lib/ext/sunpkcs11.jar
file:/tmp/EvoSuite_pathingJar6925893469140517700.jar
file:/root/.sdkman/candidates/java/8.0.333.fx-librca/jre/lib/ext/zipfs.jar
file:/root/.sdkman/candidates/java/8.0.333.fx-librca/jre/lib/ext/jfxrt.jar
file:/root/.sdkman/candidates/java/8.0.333.fx-librca/jre/lib/ext/sunjce_provider.jar
file:/root/.sdkman/candidates/java/8.0.333.fx-librca/jre/lib/ext/nashorn.jar
Going to execute: handleTestsThatAreUnstable
* Compiling Tests
[MASTER] 01:30:54.928 [logback-1] WARN  JUnitAnalyzer - Found unstable test named initializationError -> class java.lang.RuntimeException: Cannot find either the compilation target folder nor the EvoSuite jar in classpath: /tmp/EvoSuite_pathingJar6925893469140517700.jar
[MASTER] 01:30:55.668 [logback-1] WARN  AgentLoader - Failed to find EvoSuite jar in current classloader. URLs of classloader:
file:/root/.sdkman/candidates/java/8.0.333.fx-librca/jre/../lib/tools.jar
file:/root/.sdkman/candidates/java/8.0.333.fx-librca/jre/lib/ext/cldrdata.jar
file:/root/.sdkman/candidates/java/8.0.333.fx-librca/jre/lib/ext/sunec.jar
file:/root/.sdkman/candidates/java/8.0.333.fx-librca/jre/lib/ext/localedata.jar
file:/root/.sdkman/candidates/java/8.0.333.fx-librca/jre/lib/ext/jaccess.jar
file:/root/.sdkman/candidates/java/8.0.333.fx-librca/jre/lib/ext/dnsns.jar
file:/root/.sdkman/candidates/java/8.0.333.fx-librca/jre/lib/ext/sunpkcs11.jar
file:/tmp/EvoSuite_pathingJar6925893469140517700.jar
file:/root/.sdkman/candidates/java/8.0.333.fx-librca/jre/lib/ext/zipfs.jar
file:/root/.sdkman/candidates/java/8.0.333.fx-librca/jre/lib/ext/jfxrt.jar
file:/root/.sdkman/candidates/java/8.0.333.fx-librca/jre/lib/ext/sunjce_provider.jar
file:/root/.sdkman/candidates/java/8.0.333.fx-librca/jre/lib/ext/nashorn.jar
[MASTER] 01:30:55.670 [logback-1] WARN  JUnitAnalyzer - Found unstable test named initializationError -> class java.lang.RuntimeException: Cannot find either the compilation target folder nor the EvoSuite jar in classpath: /tmp/EvoSuite_pathingJar6925893469140517700.jar
Going to execute: handleTestsThatAreUnstable
* Compiling Tests
Going to execute: handleTestsThatAreUnstable
[MASTER] 01:30:56.441 [logback-1] WARN  AgentLoader - Failed to find EvoSuite jar in current classloader. URLs of classloader:
file:/root/.sdkman/candidates/java/8.0.333.fx-librca/jre/../lib/tools.jar
file:/root/.sdkman/candidates/java/8.0.333.fx-librca/jre/lib/ext/cldrdata.jar
file:/root/.sdkman/candidates/java/8.0.333.fx-librca/jre/lib/ext/sunec.jar
file:/root/.sdkman/candidates/java/8.0.333.fx-librca/jre/lib/ext/localedata.jar
file:/root/.sdkman/candidates/java/8.0.333.fx-librca/jre/lib/ext/jaccess.jar
file:/root/.sdkman/candidates/java/8.0.333.fx-librca/jre/lib/ext/dnsns.jar
file:/root/.sdkman/candidates/java/8.0.333.fx-librca/jre/lib/ext/sunpkcs11.jar
file:/tmp/EvoSuite_pathingJar6925893469140517700.jar
file:/root/.sdkman/candidates/java/8.0.333.fx-librca/jre/lib/ext/zipfs.jar
file:/root/.sdkman/candidates/java/8.0.333.fx-librca/jre/lib/ext/jfxrt.jar
file:/root/.sdkman/candidates/java/8.0.333.fx-librca/jre/lib/ext/sunjce_provider.jar
file:/root/.sdkman/candidates/java/8.0.333.fx-librca/jre/lib/ext/nashorn.jar
[MASTER] 01:30:56.442 [logback-1] WARN  JUnitAnalyzer - Found unstable test named initializationError -> class java.lang.RuntimeException: Cannot find either the compilation target folder nor the EvoSuite jar in classpath: /tmp/EvoSuite_pathingJar6925893469140517700.jar
* Compiling Tests
[MASTER] 01:30:56.530 [logback-1] WARN  AgentLoader - Failed to find EvoSuite jar in current classloader. URLs of classloader:
file:/root/.sdkman/candidates/java/8.0.333.fx-librca/jre/../lib/tools.jar
file:/root/.sdkman/candidates/java/8.0.333.fx-librca/jre/lib/ext/cldrdata.jar
file:/root/.sdkman/candidates/java/8.0.333.fx-librca/jre/lib/ext/sunec.jar
file:/root/.sdkman/candidates/java/8.0.333.fx-librca/jre/lib/ext/localedata.jar
file:/root/.sdkman/candidates/java/8.0.333.fx-librca/jre/lib/ext/jaccess.jar
file:/root/.sdkman/candidates/java/8.0.333.fx-librca/jre/lib/ext/dnsns.jar
file:/root/.sdkman/candidates/java/8.0.333.fx-librca/jre/lib/ext/sunpkcs11.jar
file:/tmp/EvoSuite_pathingJar6925893469140517700.jar
file:/root/.sdkman/candidates/java/8.0.333.fx-librca/jre/lib/ext/zipfs.jar
file:/root/.sdkman/candidates/java/8.0.333.fx-librca/jre/lib/ext/jfxrt.jar
file:/root/.sdkman/candidates/java/8.0.333.fx-librca/jre/lib/ext/sunjce_provider.jar
file:/root/.sdkman/candidates/java/8.0.333.fx-librca/jre/lib/ext/nashorn.jar
[MASTER] 01:30:56.531 [logback-1] WARN  JUnitAnalyzer - Found unstable test named initializationError -> class java.lang.RuntimeException: Cannot find either the compilation target folder nor the EvoSuite jar in classpath: /tmp/EvoSuite_pathingJar6925893469140517700.jar
Going to execute: handleTestsThatAreUnstable
* Compiling Tests
** Write a test suite: 1 called: 0 to improve: false
[MASTER] 01:30:58.149 [logback-1] WARN  AgentLoader - Failed to find EvoSuite jar in current classloader. URLs of classloader:
file:/root/.sdkman/candidates/java/8.0.333.fx-librca/jre/../lib/tools.jar
file:/root/.sdkman/candidates/java/8.0.333.fx-librca/jre/lib/ext/cldrdata.jar
file:/root/.sdkman/candidates/java/8.0.333.fx-librca/jre/lib/ext/sunec.jar
file:/root/.sdkman/candidates/java/8.0.333.fx-librca/jre/lib/ext/localedata.jar
file:/root/.sdkman/candidates/java/8.0.333.fx-librca/jre/lib/ext/jaccess.jar
file:/root/.sdkman/candidates/java/8.0.333.fx-librca/jre/lib/ext/dnsns.jar
file:/root/.sdkman/candidates/java/8.0.333.fx-librca/jre/lib/ext/sunpkcs11.jar
file:/tmp/EvoSuite_pathingJar6925893469140517700.jar
file:/root/.sdkman/candidates/java/8.0.333.fx-librca/jre/lib/ext/zipfs.jar
file:/root/.sdkman/candidates/java/8.0.333.fx-librca/jre/lib/ext/jfxrt.jar
file:/root/.sdkman/candidates/java/8.0.333.fx-librca/jre/lib/ext/sunjce_provider.jar
file:/root/.sdkman/candidates/java/8.0.333.fx-librca/jre/lib/ext/nashorn.jar
[MASTER] 01:30:58.151 [logback-1] WARN  JUnitAnalyzer - Found unstable test named initializationError -> class java.lang.RuntimeException: Cannot find either the compilation target folder nor the EvoSuite jar in classpath: /tmp/EvoSuite_pathingJar6925893469140517700.jar
Going to execute: handleTestsThatAreUnstable
* Compiling Tests
** Write a test suite: 3 called: 0 to improve: false
[MASTER] 01:30:59.543 [logback-1] WARN  AgentLoader - Failed to find EvoSuite jar in current classloader. URLs of classloader:
file:/root/.sdkman/candidates/java/8.0.333.fx-librca/jre/../lib/tools.jar
file:/root/.sdkman/candidates/java/8.0.333.fx-librca/jre/lib/ext/cldrdata.jar
file:/root/.sdkman/candidates/java/8.0.333.fx-librca/jre/lib/ext/sunec.jar
file:/root/.sdkman/candidates/java/8.0.333.fx-librca/jre/lib/ext/localedata.jar
file:/root/.sdkman/candidates/java/8.0.333.fx-librca/jre/lib/ext/jaccess.jar
file:/root/.sdkman/candidates/java/8.0.333.fx-librca/jre/lib/ext/dnsns.jar
file:/root/.sdkman/candidates/java/8.0.333.fx-librca/jre/lib/ext/sunpkcs11.jar
file:/tmp/EvoSuite_pathingJar6925893469140517700.jar
file:/root/.sdkman/candidates/java/8.0.333.fx-librca/jre/lib/ext/zipfs.jar
file:/root/.sdkman/candidates/java/8.0.333.fx-librca/jre/lib/ext/jfxrt.jar
file:/root/.sdkman/candidates/java/8.0.333.fx-librca/jre/lib/ext/sunjce_provider.jar
file:/root/.sdkman/candidates/java/8.0.333.fx-librca/jre/lib/ext/nashorn.jar
[MASTER] 01:30:59.544 [logback-1] WARN  JUnitAnalyzer - Found unstable test named initializationError -> class java.lang.RuntimeException: Cannot find either the compilation target folder nor the EvoSuite jar in classpath: /tmp/EvoSuite_pathingJar6925893469140517700.jar
[MASTER] 01:31:00.143 [logback-1] WARN  TimeController - Already entered in phase: INLINING. This will mess up the timing calculations.
* test suite isTestSuite: 5
Test 0: 
// Undeclared exception!
Password.crypt("cZ=1s/I", "d41d8cd98f00b204e9800998ecf8427e");
Test 1: 
Password password = new Password();
Test 2: 
// Undeclared exception!
Password.crypt("avGpK?hO@Gwm_Wp^-", "54b8c52009c7f6e9c67292afd852a7d3");
Test 3: 
// Undeclared exception!
Password.crypt("P:ri/L&}VR.|~", "P:ri/L&}VR.|~");
Test 4: 
Password.hashMD5("");

* Minimizing test suite
* test suite isTestSuite: 4
Test 0: 
// Undeclared exception!
Password.crypt("P:ri/L&}VR.|~", "P:ri/L&}VR.|~");
Test 1: 
Password password = new Password();
Test 2: 
// Undeclared exception!
Password.crypt("cZ=1s/I", "d41d8cd98f00b204e9800998ecf8427e");
Test 3: 
Password.hashMD5("");

[MASTER] 01:31:04.850 [logback-1] WARN  TimeController - Already entered in phase: MINIMIZATION. This will mess up the timing calculations.
* Going to analyze the coverage criteria
* Coverage analysis for criterion BRANCH
* Coverage of criterion BRANCH: 80%
* Total number of goals: 56
* Number of covered goals: 45
* Coverage analysis for criterion LINE
* Coverage of criterion LINE: 84%
* Total number of goals: 120
* Number of covered goals: 101
* Coverage analysis for criterion OUTPUT
* Coverage of criterion OUTPUT: 17%
* Total number of goals: 6
* Number of covered goals: 1
* Coverage analysis for criterion METHOD
* Coverage of criterion METHOD: 100%
* Total number of goals: 3
* Number of covered goals: 3
* Coverage analysis for criterion CBRANCH
* Coverage of criterion CBRANCH: 80%
* Total number of goals: 56
* Number of covered goals: 45
* Generated 4 tests with total length 4
* Resulting test suite's coverage: 72% (average coverage for all fitness functions)
* Generating assertions
[MASTER] 01:31:04.883 [logback-1] WARN  TimeController - Already entered in phase: COVERAGE_ANALYSIS. This will mess up the timing calculations.
* Resulting test suite's mutation score: 6%
* Compiling and checking tests
[MASTER] 01:31:32.316 [logback-1] WARN  TimeController - Already entered in phase: ASSERTION_GENERATION. This will mess up the timing calculations.
Going to execute: removeTestsThatDoNotCompile
* Compiling Tests
** Write a test suite: 0 called: 0 to improve: false
* Compiling Tests
** Write a test suite: 0 called: 0 to improve: false
* Compiling Tests
** Write a test suite: 0 called: 0 to improve: false
* Compiling Tests
** Write a test suite: 0 called: 0 to improve: false
Going to execute: handleTestsThatAreUnstable
* Compiling Tests
** Write a test suite: 0 called: 0 to improve: false
[MASTER] 01:31:34.292 [logback-1] WARN  AgentLoader - Failed to find EvoSuite jar in current classloader. URLs of classloader:
file:/root/.sdkman/candidates/java/8.0.333.fx-librca/jre/../lib/tools.jar
file:/root/.sdkman/candidates/java/8.0.333.fx-librca/jre/lib/ext/cldrdata.jar
file:/root/.sdkman/candidates/java/8.0.333.fx-librca/jre/lib/ext/sunec.jar
file:/root/.sdkman/candidates/java/8.0.333.fx-librca/jre/lib/ext/localedata.jar
file:/root/.sdkman/candidates/java/8.0.333.fx-librca/jre/lib/ext/jaccess.jar
file:/root/.sdkman/candidates/java/8.0.333.fx-librca/jre/lib/ext/dnsns.jar
file:/root/.sdkman/candidates/java/8.0.333.fx-librca/jre/lib/ext/sunpkcs11.jar
file:/tmp/EvoSuite_pathingJar6925893469140517700.jar
file:/root/.sdkman/candidates/java/8.0.333.fx-librca/jre/lib/ext/zipfs.jar
file:/root/.sdkman/candidates/java/8.0.333.fx-librca/jre/lib/ext/jfxrt.jar
file:/root/.sdkman/candidates/java/8.0.333.fx-librca/jre/lib/ext/sunjce_provider.jar
file:/root/.sdkman/candidates/java/8.0.333.fx-librca/jre/lib/ext/nashorn.jar
[MASTER] 01:31:34.293 [logback-1] WARN  JUnitAnalyzer - Found unstable test named initializationError -> class java.lang.RuntimeException: Cannot find either the compilation target folder nor the EvoSuite jar in classpath: /tmp/EvoSuite_pathingJar6925893469140517700.jar
Going to execute: handleTestsThatAreUnstable
* Compiling Tests
** Write a test suite: 0 called: 0 to improve: false
[MASTER] 01:31:34.354 [logback-1] WARN  AgentLoader - Failed to find EvoSuite jar in current classloader. URLs of classloader:
file:/root/.sdkman/candidates/java/8.0.333.fx-librca/jre/../lib/tools.jar
file:/root/.sdkman/candidates/java/8.0.333.fx-librca/jre/lib/ext/cldrdata.jar
file:/root/.sdkman/candidates/java/8.0.333.fx-librca/jre/lib/ext/sunec.jar
file:/root/.sdkman/candidates/java/8.0.333.fx-librca/jre/lib/ext/localedata.jar
file:/root/.sdkman/candidates/java/8.0.333.fx-librca/jre/lib/ext/jaccess.jar
file:/root/.sdkman/candidates/java/8.0.333.fx-librca/jre/lib/ext/dnsns.jar
file:/root/.sdkman/candidates/java/8.0.333.fx-librca/jre/lib/ext/sunpkcs11.jar
file:/tmp/EvoSuite_pathingJar6925893469140517700.jar
file:/root/.sdkman/candidates/java/8.0.333.fx-librca/jre/lib/ext/zipfs.jar
file:/root/.sdkman/candidates/java/8.0.333.fx-librca/jre/lib/ext/jfxrt.jar
file:/root/.sdkman/candidates/java/8.0.333.fx-librca/jre/lib/ext/sunjce_provider.jar
file:/root/.sdkman/candidates/java/8.0.333.fx-librca/jre/lib/ext/nashorn.jar
[MASTER] 01:31:34.355 [logback-1] WARN  JUnitAnalyzer - Found unstable test named initializationError -> class java.lang.RuntimeException: Cannot find either the compilation target folder nor the EvoSuite jar in classpath: /tmp/EvoSuite_pathingJar6925893469140517700.jar
Going to execute: handleTestsThatAreUnstable
* Compiling Tests
** Write a test suite: 0 called: 0 to improve: false
[MASTER] 01:31:34.976 [logback-1] WARN  AgentLoader - Failed to find EvoSuite jar in current classloader. URLs of classloader:
file:/root/.sdkman/candidates/java/8.0.333.fx-librca/jre/../lib/tools.jar
file:/root/.sdkman/candidates/java/8.0.333.fx-librca/jre/lib/ext/cldrdata.jar
file:/root/.sdkman/candidates/java/8.0.333.fx-librca/jre/lib/ext/sunec.jar
file:/root/.sdkman/candidates/java/8.0.333.fx-librca/jre/lib/ext/localedata.jar
file:/root/.sdkman/candidates/java/8.0.333.fx-librca/jre/lib/ext/jaccess.jar
file:/root/.sdkman/candidates/java/8.0.333.fx-librca/jre/lib/ext/dnsns.jar
file:/root/.sdkman/candidates/java/8.0.333.fx-librca/jre/lib/ext/sunpkcs11.jar
file:/tmp/EvoSuite_pathingJar6925893469140517700.jar
file:/root/.sdkman/candidates/java/8.0.333.fx-librca/jre/lib/ext/zipfs.jar
file:/root/.sdkman/candidates/java/8.0.333.fx-librca/jre/lib/ext/jfxrt.jar
file:/root/.sdkman/candidates/java/8.0.333.fx-librca/jre/lib/ext/sunjce_provider.jar
file:/root/.sdkman/candidates/java/8.0.333.fx-librca/jre/lib/ext/nashorn.jar
[MASTER] 01:31:34.977 [logback-1] WARN  JUnitAnalyzer - Found unstable test named initializationError -> class java.lang.RuntimeException: Cannot find either the compilation target folder nor the EvoSuite jar in classpath: /tmp/EvoSuite_pathingJar6925893469140517700.jar
Going to execute: handleTestsThatAreUnstable
* Compiling Tests
** Write a test suite: 0 called: 0 to improve: false
[MASTER] 01:31:35.051 [logback-1] WARN  AgentLoader - Failed to find EvoSuite jar in current classloader. URLs of classloader:
file:/root/.sdkman/candidates/java/8.0.333.fx-librca/jre/../lib/tools.jar
file:/root/.sdkman/candidates/java/8.0.333.fx-librca/jre/lib/ext/cldrdata.jar
file:/root/.sdkman/candidates/java/8.0.333.fx-librca/jre/lib/ext/sunec.jar
file:/root/.sdkman/candidates/java/8.0.333.fx-librca/jre/lib/ext/localedata.jar
file:/root/.sdkman/candidates/java/8.0.333.fx-librca/jre/lib/ext/jaccess.jar
file:/root/.sdkman/candidates/java/8.0.333.fx-librca/jre/lib/ext/dnsns.jar
file:/root/.sdkman/candidates/java/8.0.333.fx-librca/jre/lib/ext/sunpkcs11.jar
file:/tmp/EvoSuite_pathingJar6925893469140517700.jar
file:/root/.sdkman/candidates/java/8.0.333.fx-librca/jre/lib/ext/zipfs.jar
file:/root/.sdkman/candidates/java/8.0.333.fx-librca/jre/lib/ext/jfxrt.jar
file:/root/.sdkman/candidates/java/8.0.333.fx-librca/jre/lib/ext/sunjce_provider.jar
file:/root/.sdkman/candidates/java/8.0.333.fx-librca/jre/lib/ext/nashorn.jar
[MASTER] 01:31:35.052 [logback-1] WARN  JUnitAnalyzer - Found unstable test named initializationError -> class java.lang.RuntimeException: Cannot find either the compilation target folder nor the EvoSuite jar in classpath: /tmp/EvoSuite_pathingJar6925893469140517700.jar
Going to execute: handleTestsThatAreUnstable
* Compiling Tests
** Write a test suite: 0 called: 0 to improve: false
** Write a test suite: 1 called: 1 to improve: false
** Write a test suite: 2 called: 2 to improve: false
** Write a test suite: 3 called: 3 to improve: false
[MASTER] 01:31:35.901 [logback-1] WARN  AgentLoader - Failed to find EvoSuite jar in current classloader. URLs of classloader:
file:/root/.sdkman/candidates/java/8.0.333.fx-librca/jre/../lib/tools.jar
file:/root/.sdkman/candidates/java/8.0.333.fx-librca/jre/lib/ext/cldrdata.jar
file:/root/.sdkman/candidates/java/8.0.333.fx-librca/jre/lib/ext/sunec.jar
file:/root/.sdkman/candidates/java/8.0.333.fx-librca/jre/lib/ext/localedata.jar
file:/root/.sdkman/candidates/java/8.0.333.fx-librca/jre/lib/ext/jaccess.jar
file:/root/.sdkman/candidates/java/8.0.333.fx-librca/jre/lib/ext/dnsns.jar
file:/root/.sdkman/candidates/java/8.0.333.fx-librca/jre/lib/ext/sunpkcs11.jar
file:/tmp/EvoSuite_pathingJar6925893469140517700.jar
file:/root/.sdkman/candidates/java/8.0.333.fx-librca/jre/lib/ext/zipfs.jar
file:/root/.sdkman/candidates/java/8.0.333.fx-librca/jre/lib/ext/jfxrt.jar
file:/root/.sdkman/candidates/java/8.0.333.fx-librca/jre/lib/ext/sunjce_provider.jar
file:/root/.sdkman/candidates/java/8.0.333.fx-librca/jre/lib/ext/nashorn.jar
[MASTER] 01:31:35.902 [logback-1] WARN  JUnitAnalyzer - Found unstable test named initializationError -> class java.lang.RuntimeException: Cannot find either the compilation target folder nor the EvoSuite jar in classpath: /tmp/EvoSuite_pathingJar6925893469140517700.jar
Going to execute: handleTestsThatAreUnstable
* Compiling Tests
** Write a test suite: 0 called: 0 to improve: false
** Write a test suite: 1 called: 1 to improve: false
** Write a test suite: 2 called: 2 to improve: false
** Write a test suite: 3 called: 3 to improve: false
[MASTER] 01:31:36.790 [logback-1] WARN  AgentLoader - Failed to find EvoSuite jar in current classloader. URLs of classloader:
file:/root/.sdkman/candidates/java/8.0.333.fx-librca/jre/../lib/tools.jar
file:/root/.sdkman/candidates/java/8.0.333.fx-librca/jre/lib/ext/cldrdata.jar
file:/root/.sdkman/candidates/java/8.0.333.fx-librca/jre/lib/ext/sunec.jar
file:/root/.sdkman/candidates/java/8.0.333.fx-librca/jre/lib/ext/localedata.jar
file:/root/.sdkman/candidates/java/8.0.333.fx-librca/jre/lib/ext/jaccess.jar
file:/root/.sdkman/candidates/java/8.0.333.fx-librca/jre/lib/ext/dnsns.jar
file:/root/.sdkman/candidates/java/8.0.333.fx-librca/jre/lib/ext/sunpkcs11.jar
file:/tmp/EvoSuite_pathingJar6925893469140517700.jar
file:/root/.sdkman/candidates/java/8.0.333.fx-librca/jre/lib/ext/zipfs.jar
file:/root/.sdkman/candidates/java/8.0.333.fx-librca/jre/lib/ext/jfxrt.jar
file:/root/.sdkman/candidates/java/8.0.333.fx-librca/jre/lib/ext/sunjce_provider.jar
file:/root/.sdkman/candidates/java/8.0.333.fx-librca/jre/lib/ext/nashorn.jar
[MASTER] 01:31:36.791 [logback-1] WARN  JUnitAnalyzer - Found unstable test named initializationError -> class java.lang.RuntimeException: Cannot find either the compilation target folder nor the EvoSuite jar in classpath: /tmp/EvoSuite_pathingJar6925893469140517700.jar
* Writing tests to file
[MASTER] 01:31:36.799 [logback-1] WARN  TimeController - Already entered in phase: JUNIT_CHECK. This will mess up the timing calculations.
* Writing JUnit test case 'Password_ESTest' to evosuite-tests
** Write a test suite: 3 called: 0 to improve: false
* Writing JUnit test case 'Password_Original_ESTest' to evosuite-tests
** Write a test suite: 0 called: 0 to improve: false
** Write a test suite: 1 called: 1 to improve: false
** Write a test suite: 2 called: 2 to improve: false
** Write a test suite: 3 called: 3 to improve: false
* Done!

* Computation finished
