* EvoSuite 1.0.0-SNAPSHOT
* Going to generate test cases for class: httpanalyzer.Password
* Starting Client-0
* Properties loaded from /home/roham/Results-Utestgen/dataset/SF110-new-res/32_httpanalyzer/evosuite-files/evosuite.properties
* Connecting to master process on port 2608
* Analyzing classpath: 
* Inheritance tree loaded from evosuite-files/inheritance.xml.gz
* Finished analyzing classpath
* Generating tests for class httpanalyzer.Password
* Test criteria:
  - Branch Coverage
  - Line Coverage
  - Method-Output Coverage
  - Top-Level Method Coverage
  - Context Branch Coverage
* Total number of test goals for DYNAMOSA: 241
* Using seed 1710212546350
* Starting evolution
[Progress:>                             0%] [Cov:>                                  0%]* Initial Number of Goals in DynaMOSA = 80 / 241
[Progress:>                             1%] [Cov:=========================>         72%][Progress:>                             2%] [Cov:=========================>         72%][Progress:=>                            4%] [Cov:=========================>         72%][Progress:=>                            5%] [Cov:=========================>         72%][Progress:=>                            5%] [Cov:=========================>         72%][Progress:=>                            6%] [Cov:=========================>         72%][Progress:==>                           7%] [Cov:=========================>         72%][Progress:==>                           8%] [Cov:=========================>         72%][Progress:==>                           9%] [Cov:=========================>         72%][Progress:===>                          10%] [Cov:=========================>         72%][Progress:===>                          11%] [Cov:=========================>         72%][Progress:===>                          11%] [Cov:=========================>         72%][Progress:===>                          12%] [Cov:=========================>         72%][Progress:===>                          13%] [Cov:=========================>         72%][Progress:===>                          13%] [Cov:=========================>         72%][Progress:====>                         14%] [Cov:=========================>         72%][Progress:====>                         14%] [Cov:=========================>         72%][Progress:====>                         15%] [Cov:=========================>         72%][Progress:====>                         16%] [Cov:=========================>         72%][Progress:====>                         16%] [Cov:=========================>         72%][Progress:=====>                        17%] [Cov:=========================>         72%][Progress:=====>                        18%] [Cov:=========================>         72%][Progress:=====>                        19%] [Cov:=========================>         72%][Progress:=====>                        19%] [Cov:=========================>         72%][Progress:======>                       20%] [Cov:=========================>         72%][Progress:======>                       21%] [Cov:=========================>         72%][Progress:======>                       22%] [Cov:=========================>         72%][Progress:======>                       23%] [Cov:=========================>         72%][Progress:=======>                      24%] [Cov:=========================>         72%][Progress:=======>                      24%] [Cov:=========================>         72%][Progress:=======>                      25%] [Cov:=========================>         72%][Progress:=======>                      26%] [Cov:=========================>         72%][Progress:=======>                      26%] [Cov:=========================>         72%][Progress:========>                     27%] [Cov:=========================>         72%][Progress:========>                     28%] [Cov:=========================>         72%][Progress:========>                     29%] [Cov:=========================>         72%][Progress:========>                     29%] [Cov:=========================>         72%][Progress:=========>                    30%] [Cov:=========================>         72%][Progress:=========>                    30%] [Cov:=========================>         72%][Progress:=========>                    31%] [Cov:=========================>         72%][Progress:=========>                    32%] [Cov:=========================>         72%][Progress:=========>                    33%] [Cov:=========================>         72%][Progress:=========>                    33%] [Cov:=========================>         72%][Progress:==========>                   34%] [Cov:=========================>         72%][Progress:==========>                   35%] [Cov:=========================>         72%][Progress:==========>                   36%] [Cov:=========================>         72%][Progress:==========>                   36%] [Cov:=========================>         72%][Progress:===========>                  37%] [Cov:=========================>         72%][Progress:===========>                  38%] [Cov:=========================>         72%][Progress:===========>                  38%] [Cov:=========================>         72%][Progress:===========>                  39%] [Cov:=========================>         72%][Progress:===========>                  39%] [Cov:=========================>         72%][Progress:============>                 40%] [Cov:=========================>         72%][Progress:============>                 41%] [Cov:=========================>         72%][Progress:============>                 42%] [Cov:=========================>         72%][Progress:============>                 42%] [Cov:=========================>         72%][Progress:============>                 43%] [Cov:=========================>         72%][Progress:=============>                44%] [Cov:=========================>         72%][Progress:=============>                44%] [Cov:=========================>         72%][Progress:=============>                45%] [Cov:=========================>         72%][Progress:=============>                45%] [Cov:=========================>         72%][Progress:=============>                46%] [Cov:=========================>         72%][Progress:=============>                46%] [Cov:=========================>         72%][Progress:==============>               47%] [Cov:=========================>         72%][Progress:==============>               47%] [Cov:=========================>         72%][Progress:==============>               48%] [Cov:=========================>         72%][Progress:==============>               48%] [Cov:=========================>         72%][Progress:==============>               49%] [Cov:=========================>         72%][Progress:===============>              50%] [Cov:=========================>         72%][Progress:===============>              51%] [Cov:=========================>         72%][Progress:===============>              52%] [Cov:=========================>         72%][Progress:===============>              52%] [Cov:=========================>         72%][Progress:===============>              53%] [Cov:=========================>         72%][Progress:===============>              53%] [Cov:=========================>         72%][Progress:================>             54%] [Cov:=========================>         72%][Progress:================>             55%] [Cov:=========================>         72%][Progress:================>             56%] [Cov:=========================>         72%][Progress:================>             56%] [Cov:=========================>         72%][Progress:=================>            57%] [Cov:=========================>         72%][Progress:=================>            58%] [Cov:=========================>         72%][Progress:=================>            58%] [Cov:=========================>         72%][Progress:=================>            59%] [Cov:=========================>         72%][Progress:=================>            59%] [Cov:=========================>         72%][Progress:==================>           60%] [Cov:=========================>         72%][Progress:==================>           60%] [Cov:=========================>         72%][Progress:==================>           61%] [Cov:=========================>         72%][Progress:==================>           61%] [Cov:=========================>         72%][Progress:==================>           62%] [Cov:=========================>         72%][Progress:==================>           62%] [Cov:=========================>         72%][Progress:==================>           63%] [Cov:=========================>         72%][Progress:==================>           63%] [Cov:=========================>         72%][Progress:===================>          64%] [Cov:=========================>         72%][Progress:===================>          65%] [Cov:=========================>         72%][Progress:===================>          65%] [Cov:=========================>         72%][Progress:===================>          66%] [Cov:=========================>         72%][Progress:===================>          66%] [Cov:=========================>         72%][Progress:====================>         67%] [Cov:=========================>         72%][Progress:====================>         67%] [Cov:=========================>         72%][Progress:====================>         68%] [Cov:=========================>         72%][Progress:====================>         68%] [Cov:=========================>         72%][Progress:====================>         69%] [Cov:=========================>         72%][Progress:=====================>        70%] [Cov:=========================>         72%][Progress:=====================>        70%] [Cov:=========================>         72%][Progress:=====================>        71%] [Cov:=========================>         72%][Progress:=====================>        71%] [Cov:=========================>         72%][Progress:=====================>        72%] [Cov:=========================>         72%][Progress:=====================>        72%] [Cov:=========================>         72%][Progress:=====================>        73%] [Cov:=========================>         72%][Progress:=====================>        73%] [Cov:=========================>         72%][Progress:======================>       74%] [Cov:=========================>         72%][Progress:======================>       74%] [Cov:=========================>         72%][Progress:======================>       75%] [Cov:=========================>         72%][Progress:======================>       75%] [Cov:=========================>         72%][Progress:======================>       76%] [Cov:=========================>         72%][Progress:======================>       76%] [Cov:=========================>         72%][Progress:=======================>      77%] [Cov:=========================>         72%][Progress:=======================>      78%] [Cov:=========================>         72%][Progress:=======================>      78%] [Cov:=========================>         72%][Progress:=======================>      79%] [Cov:=========================>         72%][Progress:=======================>      79%] [Cov:=========================>         72%][Progress:========================>     80%] [Cov:=========================>         72%][Progress:========================>     80%] [Cov:=========================>         72%][Progress:========================>     81%] [Cov:=========================>         72%][Progress:========================>     81%] [Cov:=========================>         72%][Progress:========================>     82%] [Cov:=========================>         72%][Progress:========================>     82%] [Cov:=========================>         72%][Progress:========================>     83%] [Cov:=========================>         72%][Progress:========================>     83%] [Cov:=========================>         72%][Progress:=========================>    84%] [Cov:=========================>         72%][Progress:=========================>    84%] [Cov:=========================>         72%][Progress:=========================>    85%] [Cov:=========================>         72%][Progress:=========================>    86%] [Cov:=========================>         72%][Progress:=========================>    86%] [Cov:=========================>         72%][Progress:==========================>   87%] [Cov:=========================>         72%][Progress:==========================>   88%] [Cov:=========================>         72%][Progress:==========================>   88%] [Cov:=========================>         72%][Progress:==========================>   89%] [Cov:=========================>         72%][Progress:==========================>   89%] [Cov:=========================>         72%][Progress:===========================>  90%] [Cov:=========================>         72%][Progress:===========================>  91%] [Cov:=========================>         72%][Progress:===========================>  91%] [Cov:=========================>         72%][Progress:===========================>  92%] [Cov:=========================>         72%][Progress:===========================>  93%] [Cov:=========================>         72%][Progress:===========================>  93%] [Cov:=========================>         72%][Progress:============================> 94%] [Cov:=========================>         72%][Progress:============================> 94%] [Cov:=========================>         72%][Progress:============================> 95%] [Cov:=========================>         72%][Progress:============================> 96%] [Cov:=========================>         72%][Progress:============================> 96%] [Cov:=========================>         72%][Progress:=============================>97%] [Cov:=========================>         72%][Progress:=============================>97%] [Cov:=========================>         72%][Progress:=============================>98%] [Cov:=========================>         72%][Progress:=============================>98%] [Cov:=========================>         72%][Progress:=============================>99%] [Cov:=========================>         72%][Progress:=============================>99%] [Cov:=========================>         72%][Progress:==============================100%] [Cov:=========================>         72%][Progress:==============================100%] [Cov:=========================>         72%]
* Search finished after 201s and 156 generations, 20792 statements, best individual has fitness: 46.0
* Generated before the refinement 4 tests with total length 4
statement is: crypt(Ljava/lang/String;Ljava/lang/String;)Ljava/lang/String; type is: class org.evosuite.testcase.statements.MethodStatement return type class java.lang.String
statement code is: String crypt = Password.crypt("'-noWp8PH^8+1?>$(\"", "'wvy(?y")
test data is: Password.crypt("'-noWp8PH^8+1?>$(\"", "'wvy(?y");

** It was a parseable test case! 
Improved test data is: class DummyClass {
    public static void main() {
        // Improved test data for the Password.crypt method
        String password = "S8b&y+4-Ba)q3J1k";
        String hashedPassword = "$2a$10$I7jVY4ZO8LU3GhTnEiLwm.MNzCqsF9WgdvF6bX6A508k/lJRBx5yS";
    }
}
statement is: // Improved test data for the Password.crypt method
String password = "S8b&y+4-Ba)q3J1k", class spoon.support.reflect.code.CtLocalVariableImpl
class spoon.support.reflect.code.CtLiteralImpl
statement is: String hashedPassword = "$2a$10$I7jVY4ZO8LU3GhTnEiLwm.MNzCqsF9WgdvF6bX6A508k/lJRBx5yS", class spoon.support.reflect.code.CtLocalVariableImpl
class spoon.support.reflect.code.CtLiteralImpl
* this is vulnerable: String string = "S8b&y+4-Ba)q3J1k"
* this is vulnerable: String string = "$2a$10$I7jVY4ZO8LU3GhTnEiLwm.MNzCqsF9WgdvF6bX6A508k/lJRBx5yS"
TestCase is: String string = "S8b&y+4-Ba)q3J1k";
String string = "$2a$10$I7jVY4ZO8LU3GhTnEiLwm.MNzCqsF9WgdvF6bX6A508k/lJRBx5yS";

statement is: httpanalyzer.Password()V type is: class org.evosuite.testcase.statements.ConstructorStatement return type class httpanalyzer.Password
statement code is: Password password = new Password()
test data is: Password password = new Password();

** It was a parseable test case! 
Improved test data is: class DummyClass {
    public static void main() {
        Password password = new Password("correct_horse_battery_staple");
        Password password2 = new Password("apple");
        Password password3 = new Password("");
    }
}
statement is: Password password = new Password("correct_horse_battery_staple"), class spoon.support.reflect.code.CtLocalVariableImpl
class spoon.support.reflect.code.CtConstructorCallImpl
statement is: Password password2 = new Password("apple"), class spoon.support.reflect.code.CtLocalVariableImpl
class spoon.support.reflect.code.CtConstructorCallImpl
statement is: Password password3 = new Password(""), class spoon.support.reflect.code.CtLocalVariableImpl
class spoon.support.reflect.code.CtConstructorCallImpl
statement is: crypt(Ljava/lang/String;Ljava/lang/String;)Ljava/lang/String; type is: class org.evosuite.testcase.statements.MethodStatement return type class java.lang.String
statement code is: String crypt = Password.crypt("", "SkV)46$J>B7r2_<bya")
test data is: Password.crypt("", "SkV)46$J>B7r2_<bya");

** It was a parseable test case! 
Improved test data is: class DummyClass {
    public static void main() {
        1.0 = $missing$;
        Password.crypt("password", "SkV)46$J>B7r2_<bya").Password.crypt("password123", "SkV)46$J>B7r2_<bya").Password.crypt("qwertyuiopasdfghjklzxcvbnm", "SkV)46$J>B7r2_<bya");
    }
}
statement is: 1.0 = $missing$, class spoon.support.reflect.code.CtAssignmentImpl
statement is: Password.crypt("password", "SkV)46$J>B7r2_<bya").Password.crypt("password123", "SkV)46$J>B7r2_<bya").Password.crypt("qwertyuiopasdfghjklzxcvbnm", "SkV)46$J>B7r2_<bya"), class spoon.support.reflect.code.CtInvocationImpl
invocation is: Password.crypt("password", "SkV)46$J>B7r2_<bya").Password.crypt("password123", "SkV)46$J>B7r2_<bya").Password.crypt("qwertyuiopasdfghjklzxcvbnm", "SkV)46$J>B7r2_<bya") target is: Password.crypt("password", "SkV)46$J>B7r2_<bya").Password.crypt("password123", "SkV)46$J>B7r2_<bya").Password method is: crypt(java.lang.String,java.lang.String)
Matched Method is: crypt(Ljava/lang/String;Ljava/lang/String;)Ljava/lang/String;
TestCase is: String string = "qwertyuiopasdfghjklzxcvbnm";
String string = "SkV)46$J>B7r2_<bya";
Password.crypt(string, string);

statement is: hashMD5(Ljava/lang/String;)Ljava/lang/String; type is: class org.evosuite.testcase.statements.MethodStatement return type class java.lang.String
statement code is: String hashMD5 = Password.hashMD5("'wvy(?y")
test data is: Password.hashMD5("'wvy(?y");

** It was a parseable test case! 
Improved test data is: class DummyClass {
    public static void main() {
        // Improved test data
        Password.hashMD5("$ecr@t");
    }
}
statement is: // Improved test data
Password.hashMD5("$ecr@t"), class spoon.support.reflect.code.CtInvocationImpl
invocation is: // Improved test data
Password.hashMD5("$ecr@t") target is: Password method is: hashMD5(java.lang.String)
Matched Method is: hashMD5(Ljava/lang/String;)Ljava/lang/String;
TestCase is: String string = "$ecr@t";
Password.hashMD5(string);

* test suite isTestSuite: 7
Test 0: 
// Undeclared exception!
Password.crypt("'-noWp8PH^8+1?>$(\"", "'wvy(?y");
Test 1: 
Password password = new Password();
Test 2: 
// Undeclared exception!
Password.crypt("", "SkV)46$J>B7r2_<bya");
Test 3: 
Password.hashMD5("'wvy(?y");
Test 4: 

Test 5: 
Password.crypt("qwertyuiopasdfghjklzxcvbnm", "SkV)46$J>B7r2_<bya");

Test 6: 
Password.hashMD5("$ecr@t");


* Generated after the refinement and before minimization 7 tests with total length 6
* test suite isTestSuite: 7
Test 0: 
// Undeclared exception!
Password.crypt("'-noWp8PH^8+1?>$(\"", "'wvy(?y");
Test 1: 
Password password = new Password();
Test 2: 
// Undeclared exception!
Password.crypt("", "SkV)46$J>B7r2_<bya");
Test 3: 
Password.hashMD5("'wvy(?y");
Test 4: 

Test 5: 
Password.crypt("qwertyuiopasdfghjklzxcvbnm", "SkV)46$J>B7r2_<bya");

Test 6: 
Password.hashMD5("$ecr@t");


* Minimizing test suite
* test suite isTestSuite: 4
Test 0: 
Password password = new Password();
Test 1: 
// Undeclared exception!
Password.crypt("", "SkV)46$J>B7r2_<bya");
Test 2: 
// Undeclared exception!
Password.crypt("'-noWp8PH^8+1?>$(\"", "'wvy(?y");
Test 3: 
Password.hashMD5("$ecr@t");

* Going to analyze the coverage criteria
* Coverage analysis for criterion BRANCH
* Coverage of criterion BRANCH: 80%
* Total number of goals: 56
* Number of covered goals: 45
* Coverage analysis for criterion LINE
* Coverage of criterion LINE: 84%
* Total number of goals: 120
* Number of covered goals: 101
* Coverage analysis for criterion OUTPUT
* Coverage of criterion OUTPUT: 17%
* Total number of goals: 6
* Number of covered goals: 1
* Coverage analysis for criterion METHOD
* Coverage of criterion METHOD: 100%
* Total number of goals: 3
* Number of covered goals: 3
* Coverage analysis for criterion CBRANCH
* Coverage of criterion CBRANCH: 80%
* Total number of goals: 56
* Number of covered goals: 45
* Generated 4 tests with total length 4
* Resulting test suite's coverage: 72% (average coverage for all fitness functions)
* Generating assertions
* Resulting test suite's mutation score: 6%
* Compiling and checking tests
Going to execute: removeTestsThatDoNotCompile
* Compiling Tests
** Write a test suite: 0 called: 0 to improve: false
* Compiling Tests
** Write a test suite: 0 called: 0 to improve: true
** Improve Understandability: ** Test Code is: Password password = new Password();

** It was a parseable test case! 
refined test name is: testGetPasswordValuereturnsSetValue
* Compiling Tests
refined test name is: testGetPassword
* Compiling Tests
** Write a test suite: 0 called: 0 to improve: false
* Compiling Tests
** Write a test suite: 0 called: 0 to improve: true
** Improve Understandability: ** Test Code is: // Undeclared exception!
Password.crypt("", "SkV)46$J>B7r2_<bya");

** It was a parseable test case! 
refined test name is: testEmptyInputThrowsIllegalArgumentException
* Compiling Tests
** Write a test suite: 0 called: 0 to improve: false
* Compiling Tests
** Write a test suite: 0 called: 0 to improve: true
** Improve Understandability: ** Test Code is: // Undeclared exception!
Password.crypt("'-noWp8PH^8+1?>$(\"", "'wvy(?y");

** It was a parseable test case! 
refined test name is: testCryptWithValidInput
* Compiling Tests
** Write a test suite: 0 called: 0 to improve: false
* Compiling Tests
** Write a test suite: 0 called: 0 to improve: true
** Improve Understandability: ** Test Code is: String hashMD5 = Password.hashMD5("$ecr@t");
assertEquals("6cae76b133600d4a2906b1df86dd4e38", hashMD5);


** It was a parseable test case! 
refined test name is: testHashMD5WithValidPassword
Going to execute: handleTestsThatAreUnstable
* Compiling Tests
** Write a test suite: 0 called: 0 to improve: false
[MASTER] 03:09:53.061 [logback-1] WARN  AgentLoader - Failed to find EvoSuite jar in current classloader. URLs of classloader:
file:/root/.sdkman/candidates/java/8.0.333.fx-librca/jre/../lib/tools.jar
file:/tmp/EvoSuite_pathingJar4218557158479304823.jar
file:/root/.sdkman/candidates/java/8.0.333.fx-librca/jre/lib/ext/cldrdata.jar
file:/root/.sdkman/candidates/java/8.0.333.fx-librca/jre/lib/ext/sunec.jar
file:/root/.sdkman/candidates/java/8.0.333.fx-librca/jre/lib/ext/localedata.jar
file:/root/.sdkman/candidates/java/8.0.333.fx-librca/jre/lib/ext/jaccess.jar
file:/root/.sdkman/candidates/java/8.0.333.fx-librca/jre/lib/ext/dnsns.jar
file:/root/.sdkman/candidates/java/8.0.333.fx-librca/jre/lib/ext/sunpkcs11.jar
file:/root/.sdkman/candidates/java/8.0.333.fx-librca/jre/lib/ext/zipfs.jar
file:/root/.sdkman/candidates/java/8.0.333.fx-librca/jre/lib/ext/jfxrt.jar
file:/root/.sdkman/candidates/java/8.0.333.fx-librca/jre/lib/ext/sunjce_provider.jar
file:/root/.sdkman/candidates/java/8.0.333.fx-librca/jre/lib/ext/nashorn.jar
[MASTER] 03:09:53.077 [logback-1] WARN  JUnitAnalyzer - Found unstable test named initializationError -> class java.lang.RuntimeException: Cannot find either the compilation target folder nor the EvoSuite jar in classpath: /tmp/EvoSuite_pathingJar4218557158479304823.jar
Going to execute: handleTestsThatAreUnstable
* Compiling Tests
[MASTER] 03:09:53.657 [logback-1] WARN  AgentLoader - Failed to find EvoSuite jar in current classloader. URLs of classloader:
file:/root/.sdkman/candidates/java/8.0.333.fx-librca/jre/../lib/tools.jar
file:/tmp/EvoSuite_pathingJar4218557158479304823.jar
file:/root/.sdkman/candidates/java/8.0.333.fx-librca/jre/lib/ext/cldrdata.jar
file:/root/.sdkman/candidates/java/8.0.333.fx-librca/jre/lib/ext/sunec.jar
file:/root/.sdkman/candidates/java/8.0.333.fx-librca/jre/lib/ext/localedata.jar
file:/root/.sdkman/candidates/java/8.0.333.fx-librca/jre/lib/ext/jaccess.jar
file:/root/.sdkman/candidates/java/8.0.333.fx-librca/jre/lib/ext/dnsns.jar
file:/root/.sdkman/candidates/java/8.0.333.fx-librca/jre/lib/ext/sunpkcs11.jar
file:/root/.sdkman/candidates/java/8.0.333.fx-librca/jre/lib/ext/zipfs.jar
file:/root/.sdkman/candidates/java/8.0.333.fx-librca/jre/lib/ext/jfxrt.jar
file:/root/.sdkman/candidates/java/8.0.333.fx-librca/jre/lib/ext/sunjce_provider.jar
file:/root/.sdkman/candidates/java/8.0.333.fx-librca/jre/lib/ext/nashorn.jar
[MASTER] 03:09:53.659 [logback-1] WARN  JUnitAnalyzer - Found unstable test named initializationError -> class java.lang.RuntimeException: Cannot find either the compilation target folder nor the EvoSuite jar in classpath: /tmp/EvoSuite_pathingJar4218557158479304823.jar
Going to execute: handleTestsThatAreUnstable
* Compiling Tests
[MASTER] 03:09:54.411 [logback-1] WARN  AgentLoader - Failed to find EvoSuite jar in current classloader. URLs of classloader:
file:/root/.sdkman/candidates/java/8.0.333.fx-librca/jre/../lib/tools.jar
file:/tmp/EvoSuite_pathingJar4218557158479304823.jar
file:/root/.sdkman/candidates/java/8.0.333.fx-librca/jre/lib/ext/cldrdata.jar
file:/root/.sdkman/candidates/java/8.0.333.fx-librca/jre/lib/ext/sunec.jar
file:/root/.sdkman/candidates/java/8.0.333.fx-librca/jre/lib/ext/localedata.jar
file:/root/.sdkman/candidates/java/8.0.333.fx-librca/jre/lib/ext/jaccess.jar
file:/root/.sdkman/candidates/java/8.0.333.fx-librca/jre/lib/ext/dnsns.jar
file:/root/.sdkman/candidates/java/8.0.333.fx-librca/jre/lib/ext/sunpkcs11.jar
file:/root/.sdkman/candidates/java/8.0.333.fx-librca/jre/lib/ext/zipfs.jar
file:/root/.sdkman/candidates/java/8.0.333.fx-librca/jre/lib/ext/jfxrt.jar
file:/root/.sdkman/candidates/java/8.0.333.fx-librca/jre/lib/ext/sunjce_provider.jar
file:/root/.sdkman/candidates/java/8.0.333.fx-librca/jre/lib/ext/nashorn.jar
[MASTER] 03:09:54.412 [logback-1] WARN  JUnitAnalyzer - Found unstable test named initializationError -> class java.lang.RuntimeException: Cannot find either the compilation target folder nor the EvoSuite jar in classpath: /tmp/EvoSuite_pathingJar4218557158479304823.jar
Going to execute: handleTestsThatAreUnstable
* Compiling Tests
[MASTER] 03:09:54.467 [logback-1] WARN  AgentLoader - Failed to find EvoSuite jar in current classloader. URLs of classloader:
file:/root/.sdkman/candidates/java/8.0.333.fx-librca/jre/../lib/tools.jar
file:/tmp/EvoSuite_pathingJar4218557158479304823.jar
file:/root/.sdkman/candidates/java/8.0.333.fx-librca/jre/lib/ext/cldrdata.jar
file:/root/.sdkman/candidates/java/8.0.333.fx-librca/jre/lib/ext/sunec.jar
file:/root/.sdkman/candidates/java/8.0.333.fx-librca/jre/lib/ext/localedata.jar
file:/root/.sdkman/candidates/java/8.0.333.fx-librca/jre/lib/ext/jaccess.jar
file:/root/.sdkman/candidates/java/8.0.333.fx-librca/jre/lib/ext/dnsns.jar
file:/root/.sdkman/candidates/java/8.0.333.fx-librca/jre/lib/ext/sunpkcs11.jar
file:/root/.sdkman/candidates/java/8.0.333.fx-librca/jre/lib/ext/zipfs.jar
file:/root/.sdkman/candidates/java/8.0.333.fx-librca/jre/lib/ext/jfxrt.jar
file:/root/.sdkman/candidates/java/8.0.333.fx-librca/jre/lib/ext/sunjce_provider.jar
file:/root/.sdkman/candidates/java/8.0.333.fx-librca/jre/lib/ext/nashorn.jar
[MASTER] 03:09:54.469 [logback-1] WARN  JUnitAnalyzer - Found unstable test named initializationError -> class java.lang.RuntimeException: Cannot find either the compilation target folder nor the EvoSuite jar in classpath: /tmp/EvoSuite_pathingJar4218557158479304823.jar
Going to execute: handleTestsThatAreUnstable
* Compiling Tests
** Write a test suite: 0 called: 0 to improve: false
[MASTER] 03:09:55.553 [logback-1] WARN  AgentLoader - Failed to find EvoSuite jar in current classloader. URLs of classloader:
file:/root/.sdkman/candidates/java/8.0.333.fx-librca/jre/../lib/tools.jar
file:/tmp/EvoSuite_pathingJar4218557158479304823.jar
file:/root/.sdkman/candidates/java/8.0.333.fx-librca/jre/lib/ext/cldrdata.jar
file:/root/.sdkman/candidates/java/8.0.333.fx-librca/jre/lib/ext/sunec.jar
file:/root/.sdkman/candidates/java/8.0.333.fx-librca/jre/lib/ext/localedata.jar
file:/root/.sdkman/candidates/java/8.0.333.fx-librca/jre/lib/ext/jaccess.jar
file:/root/.sdkman/candidates/java/8.0.333.fx-librca/jre/lib/ext/dnsns.jar
file:/root/.sdkman/candidates/java/8.0.333.fx-librca/jre/lib/ext/sunpkcs11.jar
file:/root/.sdkman/candidates/java/8.0.333.fx-librca/jre/lib/ext/zipfs.jar
file:/root/.sdkman/candidates/java/8.0.333.fx-librca/jre/lib/ext/jfxrt.jar
file:/root/.sdkman/candidates/java/8.0.333.fx-librca/jre/lib/ext/sunjce_provider.jar
file:/root/.sdkman/candidates/java/8.0.333.fx-librca/jre/lib/ext/nashorn.jar
[MASTER] 03:09:55.554 [logback-1] WARN  JUnitAnalyzer - Found unstable test named initializationError -> class java.lang.RuntimeException: Cannot find either the compilation target folder nor the EvoSuite jar in classpath: /tmp/EvoSuite_pathingJar4218557158479304823.jar
Going to execute: handleTestsThatAreUnstable
* Compiling Tests
** Write a test suite: 3 called: 0 to improve: false
[MASTER] 03:09:56.318 [logback-1] WARN  AgentLoader - Failed to find EvoSuite jar in current classloader. URLs of classloader:
file:/root/.sdkman/candidates/java/8.0.333.fx-librca/jre/../lib/tools.jar
file:/tmp/EvoSuite_pathingJar4218557158479304823.jar
file:/root/.sdkman/candidates/java/8.0.333.fx-librca/jre/lib/ext/cldrdata.jar
file:/root/.sdkman/candidates/java/8.0.333.fx-librca/jre/lib/ext/sunec.jar
file:/root/.sdkman/candidates/java/8.0.333.fx-librca/jre/lib/ext/localedata.jar
file:/root/.sdkman/candidates/java/8.0.333.fx-librca/jre/lib/ext/jaccess.jar
file:/root/.sdkman/candidates/java/8.0.333.fx-librca/jre/lib/ext/dnsns.jar
file:/root/.sdkman/candidates/java/8.0.333.fx-librca/jre/lib/ext/sunpkcs11.jar
file:/root/.sdkman/candidates/java/8.0.333.fx-librca/jre/lib/ext/zipfs.jar
file:/root/.sdkman/candidates/java/8.0.333.fx-librca/jre/lib/ext/jfxrt.jar
file:/root/.sdkman/candidates/java/8.0.333.fx-librca/jre/lib/ext/sunjce_provider.jar
file:/root/.sdkman/candidates/java/8.0.333.fx-librca/jre/lib/ext/nashorn.jar
[MASTER] 03:09:56.319 [logback-1] WARN  JUnitAnalyzer - Found unstable test named initializationError -> class java.lang.RuntimeException: Cannot find either the compilation target folder nor the EvoSuite jar in classpath: /tmp/EvoSuite_pathingJar4218557158479304823.jar
[MASTER] 03:09:56.569 [logback-1] WARN  TimeController - Already entered in phase: INLINING. This will mess up the timing calculations.
* test suite isTestSuite: 4
Test 0: 
// Undeclared exception!
Password.crypt("'-noWp8PH^8+1?>$(\"", "'wvy(?y");
Test 1: 
Password password = new Password();
Test 2: 
// Undeclared exception!
Password.crypt("", "SkV)46$J>B7r2_<bya");
Test 3: 
Password.hashMD5("'wvy(?y");

* Minimizing test suite
* test suite isTestSuite: 4
Test 0: 
// Undeclared exception!
Password.crypt("", "SkV)46$J>B7r2_<bya");
Test 1: 
Password password = new Password();
Test 2: 
// Undeclared exception!
Password.crypt("'-noWp8PH^8+1?>$(\"", "'wvy(?y");
Test 3: 
Password.hashMD5("'wvy(?y");

[MASTER] 03:09:58.292 [logback-1] WARN  TimeController - Already entered in phase: MINIMIZATION. This will mess up the timing calculations.
* Going to analyze the coverage criteria
* Coverage analysis for criterion BRANCH
* Coverage of criterion BRANCH: 80%
* Total number of goals: 56
* Number of covered goals: 45
* Coverage analysis for criterion LINE
* Coverage of criterion LINE: 84%
* Total number of goals: 120
* Number of covered goals: 101
* Coverage analysis for criterion OUTPUT
* Coverage of criterion OUTPUT: 17%
* Total number of goals: 6
* Number of covered goals: 1
* Coverage analysis for criterion METHOD
* Coverage of criterion METHOD: 100%
* Total number of goals: 3
* Number of covered goals: 3
* Coverage analysis for criterion CBRANCH
* Coverage of criterion CBRANCH: 80%
* Total number of goals: 56
* Number of covered goals: 45
[MASTER] 03:09:58.329 [logback-1] WARN  TimeController - Already entered in phase: COVERAGE_ANALYSIS. This will mess up the timing calculations.
* Generated 4 tests with total length 4
* Resulting test suite's coverage: 72% (average coverage for all fitness functions)
* Generating assertions
* Resulting test suite's mutation score: 6%
* Compiling and checking tests
Going to execute: removeTestsThatDoNotCompile
* Compiling Tests
[MASTER] 03:10:23.992 [logback-1] WARN  TimeController - Already entered in phase: ASSERTION_GENERATION. This will mess up the timing calculations.
** Write a test suite: 0 called: 0 to improve: false
* Compiling Tests
** Write a test suite: 0 called: 0 to improve: false
* Compiling Tests
** Write a test suite: 0 called: 0 to improve: false
* Compiling Tests
** Write a test suite: 0 called: 0 to improve: false
Going to execute: handleTestsThatAreUnstable
* Compiling Tests
** Write a test suite: 0 called: 0 to improve: false
[MASTER] 03:10:25.304 [logback-1] WARN  AgentLoader - Failed to find EvoSuite jar in current classloader. URLs of classloader:
file:/root/.sdkman/candidates/java/8.0.333.fx-librca/jre/../lib/tools.jar
file:/tmp/EvoSuite_pathingJar4218557158479304823.jar
file:/root/.sdkman/candidates/java/8.0.333.fx-librca/jre/lib/ext/cldrdata.jar
file:/root/.sdkman/candidates/java/8.0.333.fx-librca/jre/lib/ext/sunec.jar
file:/root/.sdkman/candidates/java/8.0.333.fx-librca/jre/lib/ext/localedata.jar
file:/root/.sdkman/candidates/java/8.0.333.fx-librca/jre/lib/ext/jaccess.jar
file:/root/.sdkman/candidates/java/8.0.333.fx-librca/jre/lib/ext/dnsns.jar
file:/root/.sdkman/candidates/java/8.0.333.fx-librca/jre/lib/ext/sunpkcs11.jar
file:/root/.sdkman/candidates/java/8.0.333.fx-librca/jre/lib/ext/zipfs.jar
file:/root/.sdkman/candidates/java/8.0.333.fx-librca/jre/lib/ext/jfxrt.jar
file:/root/.sdkman/candidates/java/8.0.333.fx-librca/jre/lib/ext/sunjce_provider.jar
file:/root/.sdkman/candidates/java/8.0.333.fx-librca/jre/lib/ext/nashorn.jar
[MASTER] 03:10:25.305 [logback-1] WARN  JUnitAnalyzer - Found unstable test named initializationError -> class java.lang.RuntimeException: Cannot find either the compilation target folder nor the EvoSuite jar in classpath: /tmp/EvoSuite_pathingJar4218557158479304823.jar
Going to execute: handleTestsThatAreUnstable
* Compiling Tests
** Write a test suite: 0 called: 0 to improve: false
[MASTER] 03:10:25.342 [logback-1] WARN  AgentLoader - Failed to find EvoSuite jar in current classloader. URLs of classloader:
file:/root/.sdkman/candidates/java/8.0.333.fx-librca/jre/../lib/tools.jar
file:/tmp/EvoSuite_pathingJar4218557158479304823.jar
file:/root/.sdkman/candidates/java/8.0.333.fx-librca/jre/lib/ext/cldrdata.jar
file:/root/.sdkman/candidates/java/8.0.333.fx-librca/jre/lib/ext/sunec.jar
file:/root/.sdkman/candidates/java/8.0.333.fx-librca/jre/lib/ext/localedata.jar
file:/root/.sdkman/candidates/java/8.0.333.fx-librca/jre/lib/ext/jaccess.jar
file:/root/.sdkman/candidates/java/8.0.333.fx-librca/jre/lib/ext/dnsns.jar
file:/root/.sdkman/candidates/java/8.0.333.fx-librca/jre/lib/ext/sunpkcs11.jar
file:/root/.sdkman/candidates/java/8.0.333.fx-librca/jre/lib/ext/zipfs.jar
file:/root/.sdkman/candidates/java/8.0.333.fx-librca/jre/lib/ext/jfxrt.jar
file:/root/.sdkman/candidates/java/8.0.333.fx-librca/jre/lib/ext/sunjce_provider.jar
file:/root/.sdkman/candidates/java/8.0.333.fx-librca/jre/lib/ext/nashorn.jar
[MASTER] 03:10:25.343 [logback-1] WARN  JUnitAnalyzer - Found unstable test named initializationError -> class java.lang.RuntimeException: Cannot find either the compilation target folder nor the EvoSuite jar in classpath: /tmp/EvoSuite_pathingJar4218557158479304823.jar
Going to execute: handleTestsThatAreUnstable
* Compiling Tests
** Write a test suite: 0 called: 0 to improve: false
[MASTER] 03:10:25.780 [logback-1] WARN  AgentLoader - Failed to find EvoSuite jar in current classloader. URLs of classloader:
file:/root/.sdkman/candidates/java/8.0.333.fx-librca/jre/../lib/tools.jar
file:/tmp/EvoSuite_pathingJar4218557158479304823.jar
file:/root/.sdkman/candidates/java/8.0.333.fx-librca/jre/lib/ext/cldrdata.jar
file:/root/.sdkman/candidates/java/8.0.333.fx-librca/jre/lib/ext/sunec.jar
file:/root/.sdkman/candidates/java/8.0.333.fx-librca/jre/lib/ext/localedata.jar
file:/root/.sdkman/candidates/java/8.0.333.fx-librca/jre/lib/ext/jaccess.jar
file:/root/.sdkman/candidates/java/8.0.333.fx-librca/jre/lib/ext/dnsns.jar
file:/root/.sdkman/candidates/java/8.0.333.fx-librca/jre/lib/ext/sunpkcs11.jar
file:/root/.sdkman/candidates/java/8.0.333.fx-librca/jre/lib/ext/zipfs.jar
file:/root/.sdkman/candidates/java/8.0.333.fx-librca/jre/lib/ext/jfxrt.jar
file:/root/.sdkman/candidates/java/8.0.333.fx-librca/jre/lib/ext/sunjce_provider.jar
file:/root/.sdkman/candidates/java/8.0.333.fx-librca/jre/lib/ext/nashorn.jar
[MASTER] 03:10:25.783 [logback-1] WARN  JUnitAnalyzer - Found unstable test named initializationError -> class java.lang.RuntimeException: Cannot find either the compilation target folder nor the EvoSuite jar in classpath: /tmp/EvoSuite_pathingJar4218557158479304823.jar
Going to execute: handleTestsThatAreUnstable
* Compiling Tests
** Write a test suite: 0 called: 0 to improve: false
[MASTER] 03:10:25.833 [logback-1] WARN  AgentLoader - Failed to find EvoSuite jar in current classloader. URLs of classloader:
file:/root/.sdkman/candidates/java/8.0.333.fx-librca/jre/../lib/tools.jar
file:/tmp/EvoSuite_pathingJar4218557158479304823.jar
file:/root/.sdkman/candidates/java/8.0.333.fx-librca/jre/lib/ext/cldrdata.jar
file:/root/.sdkman/candidates/java/8.0.333.fx-librca/jre/lib/ext/sunec.jar
file:/root/.sdkman/candidates/java/8.0.333.fx-librca/jre/lib/ext/localedata.jar
file:/root/.sdkman/candidates/java/8.0.333.fx-librca/jre/lib/ext/jaccess.jar
file:/root/.sdkman/candidates/java/8.0.333.fx-librca/jre/lib/ext/dnsns.jar
file:/root/.sdkman/candidates/java/8.0.333.fx-librca/jre/lib/ext/sunpkcs11.jar
file:/root/.sdkman/candidates/java/8.0.333.fx-librca/jre/lib/ext/zipfs.jar
file:/root/.sdkman/candidates/java/8.0.333.fx-librca/jre/lib/ext/jfxrt.jar
file:/root/.sdkman/candidates/java/8.0.333.fx-librca/jre/lib/ext/sunjce_provider.jar
file:/root/.sdkman/candidates/java/8.0.333.fx-librca/jre/lib/ext/nashorn.jar
[MASTER] 03:10:25.834 [logback-1] WARN  JUnitAnalyzer - Found unstable test named initializationError -> class java.lang.RuntimeException: Cannot find either the compilation target folder nor the EvoSuite jar in classpath: /tmp/EvoSuite_pathingJar4218557158479304823.jar
Going to execute: handleTestsThatAreUnstable
* Compiling Tests
** Write a test suite: 0 called: 0 to improve: false
** Write a test suite: 1 called: 1 to improve: false
** Write a test suite: 2 called: 2 to improve: false
** Write a test suite: 3 called: 3 to improve: false
[MASTER] 03:10:26.684 [logback-1] WARN  AgentLoader - Failed to find EvoSuite jar in current classloader. URLs of classloader:
file:/root/.sdkman/candidates/java/8.0.333.fx-librca/jre/../lib/tools.jar
file:/tmp/EvoSuite_pathingJar4218557158479304823.jar
file:/root/.sdkman/candidates/java/8.0.333.fx-librca/jre/lib/ext/cldrdata.jar
file:/root/.sdkman/candidates/java/8.0.333.fx-librca/jre/lib/ext/sunec.jar
file:/root/.sdkman/candidates/java/8.0.333.fx-librca/jre/lib/ext/localedata.jar
file:/root/.sdkman/candidates/java/8.0.333.fx-librca/jre/lib/ext/jaccess.jar
file:/root/.sdkman/candidates/java/8.0.333.fx-librca/jre/lib/ext/dnsns.jar
file:/root/.sdkman/candidates/java/8.0.333.fx-librca/jre/lib/ext/sunpkcs11.jar
file:/root/.sdkman/candidates/java/8.0.333.fx-librca/jre/lib/ext/zipfs.jar
file:/root/.sdkman/candidates/java/8.0.333.fx-librca/jre/lib/ext/jfxrt.jar
file:/root/.sdkman/candidates/java/8.0.333.fx-librca/jre/lib/ext/sunjce_provider.jar
file:/root/.sdkman/candidates/java/8.0.333.fx-librca/jre/lib/ext/nashorn.jar
[MASTER] 03:10:26.685 [logback-1] WARN  JUnitAnalyzer - Found unstable test named initializationError -> class java.lang.RuntimeException: Cannot find either the compilation target folder nor the EvoSuite jar in classpath: /tmp/EvoSuite_pathingJar4218557158479304823.jar
Going to execute: handleTestsThatAreUnstable
* Compiling Tests
** Write a test suite: 0 called: 0 to improve: false
** Write a test suite: 1 called: 1 to improve: false
** Write a test suite: 2 called: 2 to improve: false
** Write a test suite: 3 called: 3 to improve: false
[MASTER] 03:10:27.544 [logback-1] WARN  AgentLoader - Failed to find EvoSuite jar in current classloader. URLs of classloader:
file:/root/.sdkman/candidates/java/8.0.333.fx-librca/jre/../lib/tools.jar
file:/tmp/EvoSuite_pathingJar4218557158479304823.jar
file:/root/.sdkman/candidates/java/8.0.333.fx-librca/jre/lib/ext/cldrdata.jar
file:/root/.sdkman/candidates/java/8.0.333.fx-librca/jre/lib/ext/sunec.jar
file:/root/.sdkman/candidates/java/8.0.333.fx-librca/jre/lib/ext/localedata.jar
file:/root/.sdkman/candidates/java/8.0.333.fx-librca/jre/lib/ext/jaccess.jar
file:/root/.sdkman/candidates/java/8.0.333.fx-librca/jre/lib/ext/dnsns.jar
file:/root/.sdkman/candidates/java/8.0.333.fx-librca/jre/lib/ext/sunpkcs11.jar
file:/root/.sdkman/candidates/java/8.0.333.fx-librca/jre/lib/ext/zipfs.jar
file:/root/.sdkman/candidates/java/8.0.333.fx-librca/jre/lib/ext/jfxrt.jar
file:/root/.sdkman/candidates/java/8.0.333.fx-librca/jre/lib/ext/sunjce_provider.jar
file:/root/.sdkman/candidates/java/8.0.333.fx-librca/jre/lib/ext/nashorn.jar
[MASTER] 03:10:27.545 [logback-1] WARN  JUnitAnalyzer - Found unstable test named initializationError -> class java.lang.RuntimeException: Cannot find either the compilation target folder nor the EvoSuite jar in classpath: /tmp/EvoSuite_pathingJar4218557158479304823.jar
* Writing tests to file
[MASTER] 03:10:27.547 [logback-1] WARN  TimeController - Already entered in phase: JUNIT_CHECK. This will mess up the timing calculations.
* Writing JUnit test case 'Password_ESTest' to evosuite-tests
** Write a test suite: 3 called: 0 to improve: false
* Writing JUnit test case 'Password_Original_ESTest' to evosuite-tests
** Write a test suite: 0 called: 0 to improve: false
** Write a test suite: 1 called: 1 to improve: false
** Write a test suite: 2 called: 2 to improve: false
** Write a test suite: 3 called: 3 to improve: false
* Done!

* Computation finished
