* EvoSuite 1.0.0-SNAPSHOT
* Going to generate test cases for class: httpanalyzer.HttpAnalyzerView
* Starting Client-0
* Properties loaded from /home/roham/Results-Utestgen/dataset/SF110-new-res/32_httpanalyzer/evosuite-files/evosuite.properties
* Connecting to master process on port 11059
* Analyzing classpath: 
* Inheritance tree loaded from evosuite-files/inheritance.xml.gz
[MASTER] 02:58:15.656 [logback-1] WARN  InheritanceTree - Class not in inheritance graph: java.util.function.Consumer
[MASTER] 02:58:15.663 [logback-1] WARN  InheritanceTree - Class not in inheritance graph: java.util.function.Predicate
[MASTER] 02:58:15.665 [logback-1] WARN  InheritanceTree - Class not in inheritance graph: java.util.function.UnaryOperator
[MASTER] 02:58:16.455 [logback-1] WARN  InheritanceTree - Class not in inheritance graph: java.util.function.BiFunction
[MASTER] 02:58:16.456 [logback-1] WARN  InheritanceTree - Class not in inheritance graph: java.util.function.Function
[MASTER] 02:58:16.458 [logback-1] WARN  InheritanceTree - Class not in inheritance graph: java.util.function.BiConsumer
[MASTER] 02:58:17.351 [logback-1] WARN  InheritanceTree - Class not in inheritance graph: java.time.ZoneId
[MASTER] 02:58:17.595 [logback-1] WARN  InheritanceTree - Class not in inheritance graph: java.time.temporal.Temporal
[MASTER] 02:58:17.596 [logback-1] WARN  InheritanceTree - Class not in inheritance graph: java.time.temporal.TemporalAccessor
[MASTER] 02:58:17.596 [logback-1] WARN  InheritanceTree - Class not in inheritance graph: java.time.temporal.TemporalField
[MASTER] 02:58:17.597 [logback-1] WARN  InheritanceTree - Class not in inheritance graph: java.time.temporal.TemporalUnit
[MASTER] 02:58:17.597 [logback-1] WARN  InheritanceTree - Class not in inheritance graph: java.time.temporal.TemporalAmount
[MASTER] 02:58:17.598 [logback-1] WARN  InheritanceTree - Class not in inheritance graph: java.time.Clock
[MASTER] 02:58:17.599 [logback-1] WARN  InheritanceTree - Class not in inheritance graph: java.time.temporal.TemporalQuery
[MASTER] 02:58:17.599 [logback-1] WARN  InheritanceTree - Class not in inheritance graph: java.time.temporal.TemporalAdjuster
[MASTER] 02:58:17.635 [logback-1] WARN  InheritanceTree - Class not in inheritance graph: java.time.chrono.Chronology
[MASTER] 02:58:17.644 [logback-1] WARN  InheritanceTree - Class not in inheritance graph: java.time.chrono.Era
* Finished analyzing classpath
* Generating tests for class httpanalyzer.HttpAnalyzerView
* Test criteria:
  - Branch Coverage
  - Line Coverage
  - Method-Output Coverage
  - Top-Level Method Coverage
  - Context Branch Coverage
* Total number of test goals for DYNAMOSA: 1388
* Using seed 1710212288053
* Starting evolution
[Progress:>                             0%] [Cov:>                                  0%]* Initial Number of Goals in DynaMOSA = 843 / 1388
[Progress:>                             1%] [Cov:=>                                 3%][Progress:>                             2%] [Cov:=>                                 3%][Progress:>                             3%] [Cov:=>                                 3%][Progress:=>                            4%] [Cov:=>                                 3%][Progress:=>                            5%] [Cov:=>                                 3%][Progress:=>                            6%] [Cov:=>                                 3%][Progress:=>                            6%] [Cov:=>                                 3%][Progress:==>                           7%] [Cov:=>                                 3%][Progress:==>                           8%] [Cov:=>                                 3%][Progress:==>                           8%] [Cov:=>                                 3%][Progress:==>                           9%] [Cov:=>                                 3%][Progress:==>                           9%] [Cov:=>                                 3%][Progress:===>                          10%] [Cov:=>                                 3%][Progress:===>                          11%] [Cov:=>                                 3%][Progress:===>                          11%] [Cov:=>                                 3%][Progress:===>                          12%] [Cov:=>                                 3%][Progress:===>                          12%] [Cov:=>                                 3%][Progress:===>                          13%] [Cov:=>                                 3%][Progress:====>                         14%] [Cov:=>                                 3%][Progress:====>                         14%] [Cov:=>                                 3%][Progress:====>                         15%] [Cov:=>                                 3%][Progress:====>                         15%] [Cov:=>                                 3%][Progress:====>                         16%] [Cov:=>                                 3%][Progress:====>                         16%] [Cov:=>                                 3%][Progress:=====>                        17%] [Cov:=>                                 3%][Progress:=====>                        17%] [Cov:=>                                 3%][Progress:=====>                        18%] [Cov:=>                                 3%][Progress:=====>                        19%] [Cov:=>                                 3%][Progress:=====>                        19%] [Cov:=>                                 3%][Progress:======>                       20%] [Cov:=>                                 3%][Progress:======>                       21%] [Cov:=>                                 3%][Progress:======>                       21%] [Cov:=>                                 3%][Progress:======>                       22%] [Cov:=>                                 3%][Progress:======>                       22%] [Cov:=>                                 3%][Progress:======>                       23%] [Cov:=>                                 3%][Progress:=======>                      24%] [Cov:=>                                 3%][Progress:=======>                      24%] [Cov:=>                                 3%][Progress:=======>                      25%] [Cov:=>                                 3%][Progress:=======>                      25%] [Cov:=>                                 3%][Progress:=======>                      26%] [Cov:=>                                 3%][Progress:========>                     27%] [Cov:=>                                 3%][Progress:========>                     27%] [Cov:=>                                 3%][Progress:========>                     28%] [Cov:=>                                 3%][Progress:========>                     28%] [Cov:=>                                 3%][Progress:========>                     29%] [Cov:=>                                 3%][Progress:========>                     29%] [Cov:=>                                 3%][Progress:=========>                    30%] [Cov:=>                                 3%][Progress:=========>                    30%] [Cov:=>                                 3%][Progress:=========>                    31%] [Cov:=>                                 3%][Progress:=========>                    32%] [Cov:=>                                 3%][Progress:=========>                    33%] [Cov:=>                                 3%][Progress:=========>                    33%] [Cov:=>                                 3%][Progress:==========>                   34%] [Cov:=>                                 3%][Progress:==========>                   34%] [Cov:=>                                 3%][Progress:==========>                   35%] [Cov:=>                                 3%][Progress:==========>                   35%] [Cov:=>                                 3%][Progress:==========>                   36%] [Cov:=>                                 3%][Progress:===========>                  37%] [Cov:=>                                 3%][Progress:===========>                  37%] [Cov:=>                                 3%][Progress:===========>                  38%] [Cov:=>                                 3%][Progress:===========>                  38%] [Cov:=>                                 3%][Progress:===========>                  39%] [Cov:=>                                 3%][Progress:============>                 40%] [Cov:=>                                 3%][Progress:============>                 40%] [Cov:=>                                 3%][Progress:============>                 40%] [Cov:=>                                 3%][Progress:============>                 41%] [Cov:=>                                 3%][Progress:============>                 42%] [Cov:=>                                 3%][Progress:============>                 42%] [Cov:=>                                 3%][Progress:============>                 43%] [Cov:=>                                 3%][Progress:============>                 43%] [Cov:=>                                 3%][Progress:=============>                44%] [Cov:=>                                 3%][Progress:=============>                45%] [Cov:=>                                 3%][Progress:=============>                45%] [Cov:=>                                 3%][Progress:=============>                45%] [Cov:=>                                 3%][Progress:=============>                46%] [Cov:=>                                 3%][Progress:=============>                46%] [Cov:=>                                 3%][Progress:==============>               47%] [Cov:=>                                 3%][Progress:==============>               47%] [Cov:=>                                 3%][Progress:==============>               48%] [Cov:=>                                 3%][Progress:==============>               48%] [Cov:=>                                 3%][Progress:==============>               49%] [Cov:=>                                 3%][Progress:==============>               49%] [Cov:=>                                 3%][Progress:===============>              50%] [Cov:=>                                 3%][Progress:===============>              51%] [Cov:=>                                 3%][Progress:===============>              51%] [Cov:=>                                 3%][Progress:===============>              52%] [Cov:=>                                 3%][Progress:===============>              52%] [Cov:=>                                 3%][Progress:===============>              53%] [Cov:=>                                 3%][Progress:================>             54%] [Cov:=>                                 3%][Progress:================>             54%] [Cov:=>                                 3%][Progress:================>             55%] [Cov:=>                                 3%][Progress:================>             56%] [Cov:=>                                 3%][Progress:================>             56%] [Cov:=>                                 3%][Progress:=================>            57%] [Cov:=>                                 3%][Progress:=================>            58%] [Cov:=>                                 3%][Progress:=================>            58%] [Cov:=>                                 3%][Progress:=================>            59%] [Cov:=>                                 3%][Progress:==================>           60%] [Cov:=>                                 3%][Progress:==================>           60%] [Cov:=>                                 3%][Progress:==================>           61%] [Cov:=>                                 3%][Progress:==================>           62%] [Cov:=>                                 3%][Progress:==================>           62%] [Cov:=>                                 3%][Progress:==================>           63%] [Cov:=>                                 3%][Progress:==================>           63%] [Cov:=>                                 3%][Progress:===================>          64%] [Cov:=>                                 3%][Progress:===================>          65%] [Cov:=>                                 3%][MASTER] 03:00:29.567 [logback-1] WARN  TestCluster - Failed to check cache for javax.swing.RowSorter<M> : Type points to itself
[Progress:===================>          65%] [Cov:=>                                 3%][Progress:===================>          66%] [Cov:=>                                 3%][Progress:====================>         67%] [Cov:=>                                 3%][Progress:====================>         67%] [Cov:=>                                 3%][Progress:====================>         68%] [Cov:=>                                 3%][Progress:====================>         68%] [Cov:=>                                 3%][Progress:====================>         69%] [Cov:=>                                 3%][Progress:====================>         69%] [Cov:=>                                 3%][Progress:=====================>        70%] [Cov:=>                                 3%][Progress:=====================>        71%] [Cov:=>                                 3%][Progress:=====================>        71%] [Cov:=>                                 3%][Progress:=====================>        71%] [Cov:=>                                 3%][Progress:=====================>        72%] [Cov:=>                                 3%][Progress:=====================>        72%] [Cov:=>                                 3%][Progress:=====================>        73%] [Cov:=>                                 3%][Progress:=====================>        73%] [Cov:=>                                 3%][Progress:======================>       74%] [Cov:=>                                 3%][Progress:======================>       75%] [Cov:=>                                 3%][Progress:======================>       76%] [Cov:=>                                 3%][Progress:======================>       76%] [Cov:=>                                 3%][Progress:=======================>      77%] [Cov:=>                                 3%][Progress:=======================>      77%] [Cov:=>                                 3%][Progress:=======================>      78%] [Cov:=>                                 3%][Progress:=======================>      78%] [Cov:=>                                 3%][Progress:=======================>      79%] [Cov:=>                                 3%][Progress:=======================>      79%] [Cov:=>                                 3%][Progress:========================>     80%] [Cov:=>                                 3%][Progress:========================>     80%] [Cov:=>                                 3%][Progress:========================>     80%] [Cov:=>                                 3%][Progress:========================>     81%] [Cov:=>                                 3%][Progress:========================>     82%] [Cov:=>                                 3%][Progress:========================>     82%] [Cov:=>                                 3%][Progress:========================>     83%] [Cov:=>                                 3%][MASTER] 03:01:05.916 [logback-1] WARN  InheritanceTree - Class not in inheritance graph: java.time.chrono.ChronoLocalDate
[Progress:========================>     83%] [Cov:=>                                 3%][Progress:=========================>    84%] [Cov:=>                                 3%][Progress:=========================>    85%] [Cov:=>                                 3%][Progress:=========================>    85%] [Cov:=>                                 3%][Progress:=========================>    86%] [Cov:=>                                 3%][Progress:==========================>   87%] [Cov:=>                                 3%][Progress:==========================>   87%] [Cov:=>                                 3%][Progress:==========================>   88%] [Cov:=>                                 3%][Progress:==========================>   88%] [Cov:=>                                 3%][Progress:==========================>   89%] [Cov:=>                                 3%][Progress:==========================>   89%] [Cov:=>                                 3%][Progress:===========================>  90%] [Cov:=>                                 3%][Progress:===========================>  90%] [Cov:=>                                 3%][Progress:===========================>  91%] [Cov:=>                                 3%][Progress:===========================>  92%] [Cov:=>                                 3%][Progress:===========================>  92%] [Cov:=>                                 3%][Progress:===========================>  93%] [Cov:=>                                 3%][Progress:===========================>  93%] [Cov:=>                                 3%][Progress:============================> 94%] [Cov:=>                                 3%][Progress:============================> 95%] [Cov:=>                                 3%][Progress:============================> 95%] [Cov:=>                                 3%][Progress:============================> 96%] [Cov:=>                                 3%][Progress:============================> 96%] [Cov:=>                                 3%][Progress:=============================>97%] [Cov:=>                                 3%][Progress:=============================>98%] [Cov:=>                                 3%][Progress:=============================>99%] [Cov:=>                                 3%][Progress:=============================>99%] [Cov:=>                                 3%][Progress:=============================>99%] [Cov:=>                                 3%][Progress:==============================100%] [Cov:=>                                 3%]
* Search finished after 201s and 167 generations, 17752 statements, best individual has fitness: 1264.0
* Generated before the refinement 1 tests with total length 2
statement is: getApplication()Lhttpanalyzer/HttpAnalyzerApp; type is: class org.evosuite.testcase.statements.MethodStatement return type class httpanalyzer.HttpAnalyzerApp
statement code is: HttpAnalyzerApp application = HttpAnalyzerApp.getApplication()
statement is: httpanalyzer.HttpAnalyzerView(Lorg/jdesktop/application/SingleFrameApplication;)V type is: class org.evosuite.testcase.statements.ConstructorStatement return type class httpanalyzer.HttpAnalyzerView
statement code is: HttpAnalyzerView httpAnalyzerView = new HttpAnalyzerView(arg0)
test data is: HttpAnalyzerApp application = HttpAnalyzerApp.getApplication();
HttpAnalyzerView httpAnalyzerView = new HttpAnalyzerView(application);

** It was a parseable test case! 
Improved test data is: class DummyClass {
    public static void main() {
        HttpAnalyzerApp application = HttpAnalyzerApp.getApplication();
        HttpAnalyzerView httpAnalyzerView = new HttpAnalyzerView(application, "https://www.example.com");
    }
}
statement is: HttpAnalyzerApp application = HttpAnalyzerApp.getApplication(), class spoon.support.reflect.code.CtLocalVariableImpl
class spoon.support.reflect.code.CtInvocationImpl
invocation is: HttpAnalyzerApp.getApplication() target is: HttpAnalyzerApp method is: getApplication()
Matched Method is: getApplication()Lhttpanalyzer/HttpAnalyzerApp;
statement is: HttpAnalyzerView httpAnalyzerView = new HttpAnalyzerView(application, "https://www.example.com"), class spoon.support.reflect.code.CtLocalVariableImpl
class spoon.support.reflect.code.CtConstructorCallImpl
TestCase is: HttpAnalyzerApp.getApplication();

* test suite isTestSuite: 2
Test 0: 
HttpAnalyzerApp application = HttpAnalyzerApp.getApplication();
HttpAnalyzerView httpAnalyzerView = null;
try {
  httpAnalyzerView = new HttpAnalyzerView(application);
  fail("Expecting exception: HeadlessException");

} catch(HeadlessException e) {
}

Test 1: 
HttpAnalyzerApp.getApplication();


* Generated after the refinement and before minimization 2 tests with total length 3
* test suite isTestSuite: 2
Test 0: 
HttpAnalyzerApp application = HttpAnalyzerApp.getApplication();
HttpAnalyzerView httpAnalyzerView = null;
try {
  httpAnalyzerView = new HttpAnalyzerView(application);
  fail("Expecting exception: HeadlessException");

} catch(HeadlessException e) {
}

Test 1: 
HttpAnalyzerApp.getApplication();


* Minimizing test suite
* test suite isTestSuite: 1
Test 0: 
HttpAnalyzerApp application = HttpAnalyzerApp.getApplication();
HttpAnalyzerView httpAnalyzerView = null;
try {
  httpAnalyzerView = new HttpAnalyzerView(application);
  fail("Expecting exception: HeadlessException");

} catch(HeadlessException e) {
}


* Going to analyze the coverage criteria
* Coverage analysis for criterion BRANCH
* Coverage of criterion BRANCH: 2%
* Total number of goals: 200
* Number of covered goals: 3
* Coverage analysis for criterion LINE
* Coverage of criterion LINE: 12%
* Total number of goals: 960
* Number of covered goals: 118
* Coverage analysis for criterion OUTPUT
* Coverage of criterion OUTPUT: 0%
* Total number of goals: 16
* Number of covered goals: 0
* Coverage analysis for criterion METHOD
* Coverage of criterion METHOD: 8%
* Total number of goals: 12
* Number of covered goals: 1
* Coverage analysis for criterion CBRANCH
* Coverage of criterion CBRANCH: 2%
* Total number of goals: 200
* Number of covered goals: 3
* Generated 1 tests with total length 2
* Resulting test suite's coverage: 3% (average coverage for all fitness functions)
* Generating assertions
* Resulting test suite's mutation score: 0%
* Compiling and checking tests
Going to execute: removeTestsThatDoNotCompile
* Compiling Tests
** Write a test suite: 0 called: 0 to improve: false
* Compiling Tests
** Write a test suite: 0 called: 0 to improve: true
** Improve Understandability: ** Test Code is: HttpAnalyzerApp arg0 = HttpAnalyzerApp.getApplication();
HttpAnalyzerView httpAnalyzerView = null;
try {
  httpAnalyzerView = new HttpAnalyzerView(arg0);
  fail("Expecting exception: HeadlessException");

} catch(HeadlessException e) {
}


** It was a parseable test case! 
refined test name is: testHttpAnalyzerViewConstructor
Going to execute: handleTestsThatAreUnstable
* Compiling Tests
[MASTER] 03:02:17.779 [logback-1] WARN  AgentLoader - Failed to find EvoSuite jar in current classloader. URLs of classloader:
file:/root/.sdkman/candidates/java/8.0.333.fx-librca/jre/../lib/tools.jar
file:/root/.sdkman/candidates/java/8.0.333.fx-librca/jre/lib/ext/cldrdata.jar
file:/root/.sdkman/candidates/java/8.0.333.fx-librca/jre/lib/ext/sunec.jar
file:/root/.sdkman/candidates/java/8.0.333.fx-librca/jre/lib/ext/localedata.jar
file:/root/.sdkman/candidates/java/8.0.333.fx-librca/jre/lib/ext/jaccess.jar
file:/root/.sdkman/candidates/java/8.0.333.fx-librca/jre/lib/ext/dnsns.jar
file:/root/.sdkman/candidates/java/8.0.333.fx-librca/jre/lib/ext/sunpkcs11.jar
file:/root/.sdkman/candidates/java/8.0.333.fx-librca/jre/lib/ext/zipfs.jar
file:/root/.sdkman/candidates/java/8.0.333.fx-librca/jre/lib/ext/jfxrt.jar
file:/tmp/EvoSuite_pathingJar4013249343708311695.jar
file:/root/.sdkman/candidates/java/8.0.333.fx-librca/jre/lib/ext/sunjce_provider.jar
file:/root/.sdkman/candidates/java/8.0.333.fx-librca/jre/lib/ext/nashorn.jar
[MASTER] 03:02:17.812 [logback-1] WARN  JUnitAnalyzer - Found unstable test named initializationError -> class java.lang.RuntimeException: Cannot find either the compilation target folder nor the EvoSuite jar in classpath: /tmp/EvoSuite_pathingJar4013249343708311695.jar
Going to execute: handleTestsThatAreUnstable
* Compiling Tests
[MASTER] 03:02:17.989 [logback-1] WARN  AgentLoader - Failed to find EvoSuite jar in current classloader. URLs of classloader:
file:/root/.sdkman/candidates/java/8.0.333.fx-librca/jre/../lib/tools.jar
file:/root/.sdkman/candidates/java/8.0.333.fx-librca/jre/lib/ext/cldrdata.jar
file:/root/.sdkman/candidates/java/8.0.333.fx-librca/jre/lib/ext/sunec.jar
file:/root/.sdkman/candidates/java/8.0.333.fx-librca/jre/lib/ext/localedata.jar
file:/root/.sdkman/candidates/java/8.0.333.fx-librca/jre/lib/ext/jaccess.jar
file:/root/.sdkman/candidates/java/8.0.333.fx-librca/jre/lib/ext/dnsns.jar
file:/root/.sdkman/candidates/java/8.0.333.fx-librca/jre/lib/ext/sunpkcs11.jar
file:/root/.sdkman/candidates/java/8.0.333.fx-librca/jre/lib/ext/zipfs.jar
file:/root/.sdkman/candidates/java/8.0.333.fx-librca/jre/lib/ext/jfxrt.jar
file:/tmp/EvoSuite_pathingJar4013249343708311695.jar
file:/root/.sdkman/candidates/java/8.0.333.fx-librca/jre/lib/ext/sunjce_provider.jar
file:/root/.sdkman/candidates/java/8.0.333.fx-librca/jre/lib/ext/nashorn.jar
[MASTER] 03:02:17.991 [logback-1] WARN  JUnitAnalyzer - Found unstable test named initializationError -> class java.lang.RuntimeException: Cannot find either the compilation target folder nor the EvoSuite jar in classpath: /tmp/EvoSuite_pathingJar4013249343708311695.jar
[MASTER] 03:02:18.117 [logback-1] WARN  TimeController - Already entered in phase: INLINING. This will mess up the timing calculations.
* test suite isTestSuite: 1
Test 0: 
HttpAnalyzerApp application = HttpAnalyzerApp.getApplication();
HttpAnalyzerView httpAnalyzerView = null;
try {
  httpAnalyzerView = new HttpAnalyzerView(application);
  fail("Expecting exception: HeadlessException");

} catch(HeadlessException e) {
}


* Minimizing test suite
* test suite isTestSuite: 1
Test 0: 
HttpAnalyzerApp application = HttpAnalyzerApp.getApplication();
HttpAnalyzerView httpAnalyzerView = null;
try {
  httpAnalyzerView = new HttpAnalyzerView(application);
  fail("Expecting exception: HeadlessException");

} catch(HeadlessException e) {
}


[MASTER] 03:02:18.782 [logback-1] WARN  TimeController - Already entered in phase: MINIMIZATION. This will mess up the timing calculations.
* Going to analyze the coverage criteria
* Coverage analysis for criterion BRANCH
* Coverage of criterion BRANCH: 2%
* Total number of goals: 136
* Number of covered goals: 3
* Coverage analysis for criterion LINE
* Coverage of criterion LINE: 13%
* Total number of goals: 885
* Number of covered goals: 118
* Coverage analysis for criterion OUTPUT
* Coverage of criterion OUTPUT: 0%
* Total number of goals: 16
* Number of covered goals: 0
* Coverage analysis for criterion METHOD
* Coverage of criterion METHOD: 8%
* Total number of goals: 12
* Number of covered goals: 1
* Coverage analysis for criterion CBRANCH
* Coverage of criterion CBRANCH: 2%
* Total number of goals: 136
* Number of covered goals: 3
[MASTER] 03:02:18.874 [logback-1] WARN  TimeController - Already entered in phase: COVERAGE_ANALYSIS. This will mess up the timing calculations.
* Generated 1 tests with total length 2
* Resulting test suite's coverage: 3% (average coverage for all fitness functions)
* Generating assertions
* Resulting test suite's mutation score: 0%
* Compiling and checking tests
Going to execute: removeTestsThatDoNotCompile
* Compiling Tests
[MASTER] 03:02:24.109 [logback-1] WARN  TimeController - Already entered in phase: ASSERTION_GENERATION. This will mess up the timing calculations.
** Write a test suite: 0 called: 0 to improve: false
Going to execute: handleTestsThatAreUnstable
* Compiling Tests
** Write a test suite: 0 called: 0 to improve: false
[MASTER] 03:02:24.396 [logback-1] WARN  AgentLoader - Failed to find EvoSuite jar in current classloader. URLs of classloader:
file:/root/.sdkman/candidates/java/8.0.333.fx-librca/jre/../lib/tools.jar
file:/root/.sdkman/candidates/java/8.0.333.fx-librca/jre/lib/ext/cldrdata.jar
file:/root/.sdkman/candidates/java/8.0.333.fx-librca/jre/lib/ext/sunec.jar
file:/root/.sdkman/candidates/java/8.0.333.fx-librca/jre/lib/ext/localedata.jar
file:/root/.sdkman/candidates/java/8.0.333.fx-librca/jre/lib/ext/jaccess.jar
file:/root/.sdkman/candidates/java/8.0.333.fx-librca/jre/lib/ext/dnsns.jar
file:/root/.sdkman/candidates/java/8.0.333.fx-librca/jre/lib/ext/sunpkcs11.jar
file:/root/.sdkman/candidates/java/8.0.333.fx-librca/jre/lib/ext/zipfs.jar
file:/root/.sdkman/candidates/java/8.0.333.fx-librca/jre/lib/ext/jfxrt.jar
file:/tmp/EvoSuite_pathingJar4013249343708311695.jar
file:/root/.sdkman/candidates/java/8.0.333.fx-librca/jre/lib/ext/sunjce_provider.jar
file:/root/.sdkman/candidates/java/8.0.333.fx-librca/jre/lib/ext/nashorn.jar
[MASTER] 03:02:24.397 [logback-1] WARN  JUnitAnalyzer - Found unstable test named initializationError -> class java.lang.RuntimeException: Cannot find either the compilation target folder nor the EvoSuite jar in classpath: /tmp/EvoSuite_pathingJar4013249343708311695.jar
Going to execute: handleTestsThatAreUnstable
* Compiling Tests
** Write a test suite: 0 called: 0 to improve: false
[MASTER] 03:02:24.529 [logback-1] WARN  AgentLoader - Failed to find EvoSuite jar in current classloader. URLs of classloader:
file:/root/.sdkman/candidates/java/8.0.333.fx-librca/jre/../lib/tools.jar
file:/root/.sdkman/candidates/java/8.0.333.fx-librca/jre/lib/ext/cldrdata.jar
file:/root/.sdkman/candidates/java/8.0.333.fx-librca/jre/lib/ext/sunec.jar
file:/root/.sdkman/candidates/java/8.0.333.fx-librca/jre/lib/ext/localedata.jar
file:/root/.sdkman/candidates/java/8.0.333.fx-librca/jre/lib/ext/jaccess.jar
file:/root/.sdkman/candidates/java/8.0.333.fx-librca/jre/lib/ext/dnsns.jar
file:/root/.sdkman/candidates/java/8.0.333.fx-librca/jre/lib/ext/sunpkcs11.jar
file:/root/.sdkman/candidates/java/8.0.333.fx-librca/jre/lib/ext/zipfs.jar
file:/root/.sdkman/candidates/java/8.0.333.fx-librca/jre/lib/ext/jfxrt.jar
file:/tmp/EvoSuite_pathingJar4013249343708311695.jar
file:/root/.sdkman/candidates/java/8.0.333.fx-librca/jre/lib/ext/sunjce_provider.jar
file:/root/.sdkman/candidates/java/8.0.333.fx-librca/jre/lib/ext/nashorn.jar
[MASTER] 03:02:24.530 [logback-1] WARN  JUnitAnalyzer - Found unstable test named initializationError -> class java.lang.RuntimeException: Cannot find either the compilation target folder nor the EvoSuite jar in classpath: /tmp/EvoSuite_pathingJar4013249343708311695.jar
* Writing tests to file
[MASTER] 03:02:24.532 [logback-1] WARN  TimeController - Already entered in phase: JUNIT_CHECK. This will mess up the timing calculations.
* Writing JUnit test case 'HttpAnalyzerView_ESTest' to evosuite-tests
* Writing JUnit test case 'HttpAnalyzerView_Original_ESTest' to evosuite-tests
** Write a test suite: 0 called: 0 to improve: false
* Done!

* Computation finished
