* EvoSuite 1.2.1-SNAPSHOT
* Going to generate test cases for class: httpanalyzer.Password
* Starting Client-0
* Properties loaded from /home/ubuntu/UTestGen/Evaluation/getting_results/dataset/SF110/32_httpanalyzer/evosuite-files/evosuite.properties
* Connecting to master process on port 18490
* Analyzing classpath: 
* Inheritance tree loaded from evosuite-files/inheritance.xml.gz
* Finished analyzing classpath
* Generating tests for class httpanalyzer.Password
* Test criteria:
  - Branch Coverage
  - Line Coverage
  - Method-Output Coverage
  - Top-Level Method Coverage
  - Context Branch Coverage
* Total number of test goals for DYNAMOSA: 241
* Using seed 1709253310405
[Progress:>                             0%] [Cov:>                                  0%]* Starting evolution
* Initial Number of Goals in DynaMOSA = 80 / 241
[Progress:>                             1%] [Cov:=========================>         72%][Progress:>                             3%] [Cov:=========================>         72%][Progress:=>                            6%] [Cov:=========================>         72%][Progress:==>                           8%] [Cov:=========================>         72%][Progress:===>                          10%] [Cov:=========================>         72%][Progress:===>                          12%] [Cov:=========================>         72%][Progress:====>                         14%] [Cov:=========================>         72%][Progress:====>                         15%] [Cov:=========================>         72%][Progress:=====>                        17%] [Cov:=========================>         72%][Progress:=====>                        18%] [Cov:=========================>         72%][Progress:======>                       20%] [Cov:=========================>         72%][Progress:======>                       21%] [Cov:=========================>         72%][Progress:======>                       22%] [Cov:=========================>         72%][Progress:======>                       23%] [Cov:=========================>         72%][Progress:=======>                      25%] [Cov:=========================>         72%][Progress:=======>                      26%] [Cov:=========================>         72%][Progress:========>                     28%] [Cov:=========================>         72%][Progress:========>                     29%] [Cov:=========================>         72%][Progress:=========>                    30%] [Cov:=========================>         72%][Progress:=========>                    32%] [Cov:=========================>         72%][Progress:=========>                    33%] [Cov:=========================>         72%][Progress:==========>                   34%] [Cov:=========================>         72%][Progress:==========>                   36%] [Cov:=========================>         72%][Progress:===========>                  38%] [Cov:=========================>         72%][Progress:===========>                  39%] [Cov:=========================>         72%][Progress:============>                 40%] [Cov:=========================>         72%][Progress:============>                 41%] [Cov:=========================>         72%][Progress:============>                 43%] [Cov:=========================>         72%][Progress:=============>                44%] [Cov:=========================>         72%][Progress:=============>                45%] [Cov:=========================>         72%][Progress:==============>               47%] [Cov:=========================>         72%][Progress:==============>               48%] [Cov:=========================>         72%][Progress:==============>               49%] [Cov:=========================>         72%][Progress:===============>              51%] [Cov:=========================>         72%][Progress:===============>              52%] [Cov:=========================>         72%][Progress:===============>              53%] [Cov:=========================>         72%][Progress:================>             54%] [Cov:=========================>         72%][Progress:================>             55%] [Cov:=========================>         72%][Progress:================>             56%] [Cov:=========================>         72%][Progress:=================>            58%] [Cov:=========================>         72%][Progress:=================>            59%] [Cov:=========================>         72%][Progress:==================>           61%] [Cov:=========================>         72%][Progress:==================>           63%] [Cov:=========================>         72%][Progress:===================>          64%] [Cov:=========================>         72%][Progress:===================>          65%] [Cov:=========================>         72%][Progress:===================>          66%] [Cov:=========================>         72%][Progress:====================>         68%] [Cov:=========================>         72%][Progress:====================>         69%] [Cov:=========================>         72%][Progress:=====================>        70%] [Cov:=========================>         72%][Progress:=====================>        71%] [Cov:=========================>         72%][Progress:=====================>        73%] [Cov:=========================>         72%][Progress:======================>       74%] [Cov:=========================>         72%][Progress:======================>       75%] [Cov:=========================>         72%][Progress:======================>       76%] [Cov:=========================>         72%][Progress:=======================>      78%] [Cov:=========================>         72%][Progress:=======================>      79%] [Cov:=========================>         72%][Progress:========================>     80%] [Cov:=========================>         72%][Progress:========================>     81%] [Cov:=========================>         72%][Progress:========================>     83%] [Cov:=========================>         72%][Progress:=========================>    84%] [Cov:=========================>         72%][Progress:=========================>    85%] [Cov:=========================>         72%][Progress:=========================>    86%] [Cov:=========================>         72%][Progress:==========================>   88%] [Cov:=========================>         72%][Progress:==========================>   89%] [Cov:=========================>         72%][Progress:===========================>  90%] [Cov:=========================>         72%][Progress:===========================>  91%] [Cov:=========================>         72%][Progress:===========================>  93%] [Cov:=========================>         72%][Progress:============================> 94%] [Cov:=========================>         72%][Progress:============================> 95%] [Cov:=========================>         72%][Progress:============================> 96%] [Cov:=========================>         72%][Progress:=============================>98%] [Cov:=========================>         72%][Progress:=============================>99%] [Cov:=========================>         72%][Progress:==============================100%] [Cov:=========================>         72%][Progress:==============================100%] [Cov:=========================>         72%]
* Search finished after 102s and 73 generations, 8875 statements, best individual has fitness: 46.0
* Generated before the refinement 4 tests with total length 4
statement is: httpanalyzer.Password()V type is: class org.evosuite.testcase.statements.ConstructorStatement return type class httpanalyzer.Password
statement code is: Password password = new Password()
test data is: Password password = new Password();

** It was a parseable test case! 
Improved test data is: class DummyClass {
    public static void main() {
        Password password = new Password("1234567890");
    }
}
statement is: Password password = new Password("1234567890"), class spoon.support.reflect.code.CtLocalVariableImpl
class spoon.support.reflect.code.CtConstructorCallImpl
statement is: crypt(Ljava/lang/String;Ljava/lang/String;)Ljava/lang/String; type is: class org.evosuite.testcase.statements.MethodStatement return type class java.lang.String
statement code is: String crypt = Password.crypt("-]", "-]")
test data is: Password.crypt("-]", "-]");

** It was a parseable test case! 
Improved test data is: class DummyClass {
    public static void main() {
        Password.crypt("$argon2i$v=19$m=4096,t=3,p=1$c2FsdA==$uRgC8/PJyQVfX5Zz8bX7Ww", "$argon2i$v=19$m=4096,t=3,p=1$c2FsdA==$uRgC8/PJyQVfX5Zz8bX7Ww");
    }
}
statement is: Password.crypt("$argon2i$v=19$m=4096,t=3,p=1$c2FsdA==$uRgC8/PJyQVfX5Zz8bX7Ww", "$argon2i$v=19$m=4096,t=3,p=1$c2FsdA==$uRgC8/PJyQVfX5Zz8bX7Ww"), class spoon.support.reflect.code.CtInvocationImpl
invocation is: Password.crypt("$argon2i$v=19$m=4096,t=3,p=1$c2FsdA==$uRgC8/PJyQVfX5Zz8bX7Ww", "$argon2i$v=19$m=4096,t=3,p=1$c2FsdA==$uRgC8/PJyQVfX5Zz8bX7Ww") target is: Password method is: crypt(java.lang.String,java.lang.String)
Matched Method is: crypt(Ljava/lang/String;Ljava/lang/String;)Ljava/lang/String;
TestCase is: String string = "$argon2i$v=19$m=4096,t=3,p=1$c2FsdA==$uRgC8/PJyQVfX5Zz8bX7Ww";
String string = "$argon2i$v=19$m=4096,t=3,p=1$c2FsdA==$uRgC8/PJyQVfX5Zz8bX7Ww";
Password.crypt(string, string);

statement is: crypt(Ljava/lang/String;Ljava/lang/String;)Ljava/lang/String; type is: class org.evosuite.testcase.statements.MethodStatement return type class java.lang.String
statement code is: String crypt = Password.crypt("Fz=G7?Mi'", "Fz=G7?Mi'")
test data is: Password.crypt("Fz=G7?Mi'", "Fz=G7?Mi'");

** It was a parseable test case! 
Improved test data is: class DummyClass {
    public static void main() {
        Password.crypt("password123", "password123");
        Password.crypt("qwertyuiopasdfghjklzxcvbnm1234567890!@#$%^&*()_+-=[]{}|;\':\"<>,./?", "qwertyuiopasdfghjklzxcvbnm1234567890!@#$%^&*()_+-=[]{}|;\':\"<>,./?");
        Password.crypt("1234567890abcdefghijklmnopqrstuvwxyz", "1234567890abcdefghijklmnopqrstuvwxyz");
    }
}
statement is: Password.crypt("password123", "password123"), class spoon.support.reflect.code.CtInvocationImpl
invocation is: Password.crypt("password123", "password123") target is: Password method is: crypt(java.lang.String,java.lang.String)
Matched Method is: crypt(Ljava/lang/String;Ljava/lang/String;)Ljava/lang/String;
statement is: Password.crypt("qwertyuiopasdfghjklzxcvbnm1234567890!@#$%^&*()_+-=[]{}|;\':\"<>,./?", "qwertyuiopasdfghjklzxcvbnm1234567890!@#$%^&*()_+-=[]{}|;\':\"<>,./?"), class spoon.support.reflect.code.CtInvocationImpl
invocation is: Password.crypt("qwertyuiopasdfghjklzxcvbnm1234567890!@#$%^&*()_+-=[]{}|;\':\"<>,./?", "qwertyuiopasdfghjklzxcvbnm1234567890!@#$%^&*()_+-=[]{}|;\':\"<>,./?") target is: Password method is: crypt(java.lang.String,java.lang.String)
Matched Method is: crypt(Ljava/lang/String;Ljava/lang/String;)Ljava/lang/String;
statement is: Password.crypt("1234567890abcdefghijklmnopqrstuvwxyz", "1234567890abcdefghijklmnopqrstuvwxyz"), class spoon.support.reflect.code.CtInvocationImpl
invocation is: Password.crypt("1234567890abcdefghijklmnopqrstuvwxyz", "1234567890abcdefghijklmnopqrstuvwxyz") target is: Password method is: crypt(java.lang.String,java.lang.String)
Matched Method is: crypt(Ljava/lang/String;Ljava/lang/String;)Ljava/lang/String;
TestCase is: String string = "password123";
String string = "password123";
Password.crypt(string, string);
String string = "qwertyuiopasdfghjklzxcvbnm1234567890!@#$%^&*()_+-=[]{}|;':\"<>,./?";
String string = "qwertyuiopasdfghjklzxcvbnm1234567890!@#$%^&*()_+-=[]{}|;':\"<>,./?";
Password.crypt(string, string);
String string = "1234567890abcdefghijklmnopqrstuvwxyz";
String string = "1234567890abcdefghijklmnopqrstuvwxyz";
Password.crypt(string, string);

statement is: hashMD5(Ljava/lang/String;)Ljava/lang/String; type is: class org.evosuite.testcase.statements.MethodStatement return type class java.lang.String
statement code is: String hashMD5 = Password.hashMD5("")
test data is: Password.hashMD5("");

** It was a parseable test case! 
Improved test data is: class DummyClass {
    public static void main() {
        // Improved test data
        Password.hashMD5("password123");
    }
}
statement is: // Improved test data
Password.hashMD5("password123"), class spoon.support.reflect.code.CtInvocationImpl
invocation is: // Improved test data
Password.hashMD5("password123") target is: Password method is: hashMD5(java.lang.String)
Matched Method is: hashMD5(Ljava/lang/String;)Ljava/lang/String;
TestCase is: String string = "password123";
Password.hashMD5(string);

* test suite isTestSuite: 7
Test 0: 
Password password = new Password();
Test 1: 
// Undeclared exception!
Password.crypt("-]", "-]");
Test 2: 
// Undeclared exception!
Password.crypt("Fz=G7?Mi'", "Fz=G7?Mi'");
Test 3: 
Password.hashMD5("");
Test 4: 
Password.crypt("$argon2i$v=19$m=4096,t=3,p=1$c2FsdA==$uRgC8/PJyQVfX5Zz8bX7Ww", "$argon2i$v=19$m=4096,t=3,p=1$c2FsdA==$uRgC8/PJyQVfX5Zz8bX7Ww");

Test 5: 
Password.crypt("password123", "password123");
String string = "qwertyuiopasdfghjklzxcvbnm1234567890!@#$%^&*()_+-=[]{}|;':\"<>,./?";
String string = "qwertyuiopasdfghjklzxcvbnm1234567890!@#$%^&*()_+-=[]{}|;':\"<>,./?";
Password.crypt(string, string);
String string = "1234567890abcdefghijklmnopqrstuvwxyz";
String string = "1234567890abcdefghijklmnopqrstuvwxyz";
Password.crypt(string, string);

Test 6: 
Password.hashMD5("password123");


* Generated after the refinement and before minimization 7 tests with total length 13
* test suite isTestSuite: 7
Test 0: 
Password password = new Password();
Test 1: 
// Undeclared exception!
Password.crypt("-]", "-]");
Test 2: 
// Undeclared exception!
Password.crypt("Fz=G7?Mi'", "Fz=G7?Mi'");
Test 3: 
Password.hashMD5("");
Test 4: 
Password.crypt("$argon2i$v=19$m=4096,t=3,p=1$c2FsdA==$uRgC8/PJyQVfX5Zz8bX7Ww", "$argon2i$v=19$m=4096,t=3,p=1$c2FsdA==$uRgC8/PJyQVfX5Zz8bX7Ww");

Test 5: 
Password.crypt("password123", "password123");
String string = "qwertyuiopasdfghjklzxcvbnm1234567890!@#$%^&*()_+-=[]{}|;':\"<>,./?";
String string = "qwertyuiopasdfghjklzxcvbnm1234567890!@#$%^&*()_+-=[]{}|;':\"<>,./?";
Password.crypt(string, string);
String string = "1234567890abcdefghijklmnopqrstuvwxyz";
String string = "1234567890abcdefghijklmnopqrstuvwxyz";
Password.crypt(string, string);

Test 6: 
Password.hashMD5("password123");


* Minimizing test suite
* test suite isTestSuite: 4
Test 0: 
Password password = new Password();
Test 1: 
// Undeclared exception!
Password.crypt("-]", "-]");
Test 2: 
// Undeclared exception!
Password.crypt("Fz=G7?Mi'", "Fz=G7?Mi'");
Test 3: 
Password.hashMD5("");

* Going to analyze the coverage criteria
* Coverage analysis for criterion BRANCH
* Coverage of criterion BRANCH: 80%
* Total number of goals: 56
* Number of covered goals: 45
* Coverage analysis for criterion LINE
* Coverage of criterion LINE: 84%
* Total number of goals: 120
* Number of covered goals: 101
* Coverage analysis for criterion OUTPUT
* Coverage of criterion OUTPUT: 17%
* Total number of goals: 6
* Number of covered goals: 1
* Coverage analysis for criterion METHOD
* Coverage of criterion METHOD: 100%
* Total number of goals: 3
* Number of covered goals: 3
* Coverage analysis for criterion CBRANCH
* Coverage of criterion CBRANCH: 80%
* Total number of goals: 56
* Number of covered goals: 45
* Generated 4 tests with total length 4
* Resulting test suite's coverage: 72% (average coverage for all fitness functions)
* Generating assertions
* Resulting test suite's mutation score: 6%
* Compiling and checking tests
Going to execute: removeTestsThatDoNotCompile
* Compiling Tests
** Write a test suite: 0 called: 0 to improve: false
* Compiling Tests
** Write a test suite: 0 called: 0 to improve: true
** Improve Understandability: ** Test Code is: Password password = new Password();

** It was a parseable test case! 
refined test name is: testPasswordValidation
* Compiling Tests
** Write a test suite: 0 called: 0 to improve: false
* Compiling Tests
** Write a test suite: 0 called: 0 to improve: true
** Improve Understandability: ** Test Code is: // Undeclared exception!
Password.crypt("-]", "-]");

** It was a parseable test case! 
refined test name is: testIllegalArguments
* Compiling Tests
** Write a test suite: 0 called: 0 to improve: false
* Compiling Tests
** Write a test suite: 0 called: 0 to improve: true
** Improve Understandability: ** Test Code is: // Undeclared exception!
Password.crypt("Fz=G7?Mi'", "Fz=G7?Mi'");

** It was a parseable test case! 
refined test name is: testCryptMethod
* Compiling Tests
** Write a test suite: 0 called: 0 to improve: false
* Compiling Tests
** Write a test suite: 0 called: 0 to improve: true
** Improve Understandability: ** Test Code is: String hashMD5 = Password.hashMD5("");
assertEquals("d41d8cd98f00b204e9800998ecf8427e", hashMD5);


** It was a parseable test case! 
refined test name is: testHashMD5EmptyStringReturnsCorrectValue
Going to execute: handleTestsThatAreUnstable
* Compiling Tests
[MASTER] 00:38:11.986 [logback-1] WARN  AgentLoader - Failed to find EvoSuite jar in current classloader. URLs of classloader:
file:/home/ubuntu/.sdkman/candidates/java/8.0.333.fx-librca/jre/lib/ext/localedata.jar
file:/home/ubuntu/.sdkman/candidates/java/8.0.333.fx-librca/jre/lib/ext/sunjce_provider.jar
file:/home/ubuntu/.sdkman/candidates/java/8.0.333.fx-librca/jre/../lib/tools.jar
file:/home/ubuntu/.sdkman/candidates/java/8.0.333.fx-librca/jre/lib/ext/sunpkcs11.jar
file:/home/ubuntu/.sdkman/candidates/java/8.0.333.fx-librca/jre/lib/ext/jaccess.jar
file:/home/ubuntu/.sdkman/candidates/java/8.0.333.fx-librca/jre/lib/ext/sunec.jar
file:/home/ubuntu/.sdkman/candidates/java/8.0.333.fx-librca/jre/lib/ext/zipfs.jar
file:/home/ubuntu/.sdkman/candidates/java/8.0.333.fx-librca/jre/lib/ext/jfxrt.jar
file:/home/ubuntu/.sdkman/candidates/java/8.0.333.fx-librca/jre/lib/ext/dnsns.jar
file:/tmp/EvoSuite_pathingJar3945837970297505405.jar
file:/home/ubuntu/.sdkman/candidates/java/8.0.333.fx-librca/jre/lib/ext/cldrdata.jar
file:/home/ubuntu/.sdkman/candidates/java/8.0.333.fx-librca/jre/lib/ext/nashorn.jar
[MASTER] 00:38:12.028 [logback-1] WARN  JUnitAnalyzer - Found unstable test named initializationError -> class java.lang.RuntimeException: Cannot find either the compilation target folder nor the EvoSuite jar in classpath: /tmp/EvoSuite_pathingJar3945837970297505405.jar
Going to execute: handleTestsThatAreUnstable
* Compiling Tests
[MASTER] 00:38:12.713 [logback-1] WARN  AgentLoader - Failed to find EvoSuite jar in current classloader. URLs of classloader:
file:/home/ubuntu/.sdkman/candidates/java/8.0.333.fx-librca/jre/lib/ext/localedata.jar
file:/home/ubuntu/.sdkman/candidates/java/8.0.333.fx-librca/jre/lib/ext/sunjce_provider.jar
file:/home/ubuntu/.sdkman/candidates/java/8.0.333.fx-librca/jre/../lib/tools.jar
file:/home/ubuntu/.sdkman/candidates/java/8.0.333.fx-librca/jre/lib/ext/sunpkcs11.jar
file:/home/ubuntu/.sdkman/candidates/java/8.0.333.fx-librca/jre/lib/ext/jaccess.jar
file:/home/ubuntu/.sdkman/candidates/java/8.0.333.fx-librca/jre/lib/ext/sunec.jar
file:/home/ubuntu/.sdkman/candidates/java/8.0.333.fx-librca/jre/lib/ext/zipfs.jar
file:/home/ubuntu/.sdkman/candidates/java/8.0.333.fx-librca/jre/lib/ext/jfxrt.jar
file:/home/ubuntu/.sdkman/candidates/java/8.0.333.fx-librca/jre/lib/ext/dnsns.jar
file:/tmp/EvoSuite_pathingJar3945837970297505405.jar
file:/home/ubuntu/.sdkman/candidates/java/8.0.333.fx-librca/jre/lib/ext/cldrdata.jar
file:/home/ubuntu/.sdkman/candidates/java/8.0.333.fx-librca/jre/lib/ext/nashorn.jar
Going to execute: handleTestsThatAreUnstable
[MASTER] 00:38:12.720 [logback-1] WARN  JUnitAnalyzer - Found unstable test named initializationError -> class java.lang.RuntimeException: Cannot find either the compilation target folder nor the EvoSuite jar in classpath: /tmp/EvoSuite_pathingJar3945837970297505405.jar
* Compiling Tests
[MASTER] 00:38:13.462 [logback-1] WARN  AgentLoader - Failed to find EvoSuite jar in current classloader. URLs of classloader:
file:/home/ubuntu/.sdkman/candidates/java/8.0.333.fx-librca/jre/lib/ext/localedata.jar
file:/home/ubuntu/.sdkman/candidates/java/8.0.333.fx-librca/jre/lib/ext/sunjce_provider.jar
file:/home/ubuntu/.sdkman/candidates/java/8.0.333.fx-librca/jre/../lib/tools.jar
file:/home/ubuntu/.sdkman/candidates/java/8.0.333.fx-librca/jre/lib/ext/sunpkcs11.jar
file:/home/ubuntu/.sdkman/candidates/java/8.0.333.fx-librca/jre/lib/ext/jaccess.jar
file:/home/ubuntu/.sdkman/candidates/java/8.0.333.fx-librca/jre/lib/ext/sunec.jar
file:/home/ubuntu/.sdkman/candidates/java/8.0.333.fx-librca/jre/lib/ext/zipfs.jar
file:/home/ubuntu/.sdkman/candidates/java/8.0.333.fx-librca/jre/lib/ext/jfxrt.jar
file:/home/ubuntu/.sdkman/candidates/java/8.0.333.fx-librca/jre/lib/ext/dnsns.jar
file:/tmp/EvoSuite_pathingJar3945837970297505405.jar
file:/home/ubuntu/.sdkman/candidates/java/8.0.333.fx-librca/jre/lib/ext/cldrdata.jar
file:/home/ubuntu/.sdkman/candidates/java/8.0.333.fx-librca/jre/lib/ext/nashorn.jar
[MASTER] 00:38:13.466 [logback-1] WARN  JUnitAnalyzer - Found unstable test named initializationError -> class java.lang.RuntimeException: Cannot find either the compilation target folder nor the EvoSuite jar in classpath: /tmp/EvoSuite_pathingJar3945837970297505405.jar
Going to execute: handleTestsThatAreUnstable
* Compiling Tests
[MASTER] 00:38:13.682 [logback-1] WARN  AgentLoader - Failed to find EvoSuite jar in current classloader. URLs of classloader:
file:/home/ubuntu/.sdkman/candidates/java/8.0.333.fx-librca/jre/lib/ext/localedata.jar
file:/home/ubuntu/.sdkman/candidates/java/8.0.333.fx-librca/jre/lib/ext/sunjce_provider.jar
file:/home/ubuntu/.sdkman/candidates/java/8.0.333.fx-librca/jre/../lib/tools.jar
file:/home/ubuntu/.sdkman/candidates/java/8.0.333.fx-librca/jre/lib/ext/sunpkcs11.jar
file:/home/ubuntu/.sdkman/candidates/java/8.0.333.fx-librca/jre/lib/ext/jaccess.jar
file:/home/ubuntu/.sdkman/candidates/java/8.0.333.fx-librca/jre/lib/ext/sunec.jar
file:/home/ubuntu/.sdkman/candidates/java/8.0.333.fx-librca/jre/lib/ext/zipfs.jar
file:/home/ubuntu/.sdkman/candidates/java/8.0.333.fx-librca/jre/lib/ext/jfxrt.jar
file:/home/ubuntu/.sdkman/candidates/java/8.0.333.fx-librca/jre/lib/ext/dnsns.jar
file:/tmp/EvoSuite_pathingJar3945837970297505405.jar
file:/home/ubuntu/.sdkman/candidates/java/8.0.333.fx-librca/jre/lib/ext/cldrdata.jar
file:/home/ubuntu/.sdkman/candidates/java/8.0.333.fx-librca/jre/lib/ext/nashorn.jar
[MASTER] 00:38:13.689 [logback-1] WARN  JUnitAnalyzer - Found unstable test named initializationError -> class java.lang.RuntimeException: Cannot find either the compilation target folder nor the EvoSuite jar in classpath: /tmp/EvoSuite_pathingJar3945837970297505405.jar
Going to execute: handleTestsThatAreUnstable
* Compiling Tests
[MASTER] 00:38:14.698 [logback-1] WARN  AgentLoader - Failed to find EvoSuite jar in current classloader. URLs of classloader:
file:/home/ubuntu/.sdkman/candidates/java/8.0.333.fx-librca/jre/lib/ext/localedata.jar
file:/home/ubuntu/.sdkman/candidates/java/8.0.333.fx-librca/jre/lib/ext/sunjce_provider.jar
file:/home/ubuntu/.sdkman/candidates/java/8.0.333.fx-librca/jre/../lib/tools.jar
file:/home/ubuntu/.sdkman/candidates/java/8.0.333.fx-librca/jre/lib/ext/sunpkcs11.jar
file:/home/ubuntu/.sdkman/candidates/java/8.0.333.fx-librca/jre/lib/ext/jaccess.jar
file:/home/ubuntu/.sdkman/candidates/java/8.0.333.fx-librca/jre/lib/ext/sunec.jar
file:/home/ubuntu/.sdkman/candidates/java/8.0.333.fx-librca/jre/lib/ext/zipfs.jar
file:/home/ubuntu/.sdkman/candidates/java/8.0.333.fx-librca/jre/lib/ext/jfxrt.jar
file:/home/ubuntu/.sdkman/candidates/java/8.0.333.fx-librca/jre/lib/ext/dnsns.jar
file:/tmp/EvoSuite_pathingJar3945837970297505405.jar
file:/home/ubuntu/.sdkman/candidates/java/8.0.333.fx-librca/jre/lib/ext/cldrdata.jar
file:/home/ubuntu/.sdkman/candidates/java/8.0.333.fx-librca/jre/lib/ext/nashorn.jar
[MASTER] 00:38:14.705 [logback-1] WARN  JUnitAnalyzer - Found unstable test named initializationError -> class java.lang.RuntimeException: Cannot find either the compilation target folder nor the EvoSuite jar in classpath: /tmp/EvoSuite_pathingJar3945837970297505405.jar
Going to execute: handleTestsThatAreUnstable
* Compiling Tests
[MASTER] 00:38:15.747 [logback-1] WARN  AgentLoader - Failed to find EvoSuite jar in current classloader. URLs of classloader:
file:/home/ubuntu/.sdkman/candidates/java/8.0.333.fx-librca/jre/lib/ext/localedata.jar
file:/home/ubuntu/.sdkman/candidates/java/8.0.333.fx-librca/jre/lib/ext/sunjce_provider.jar
file:/home/ubuntu/.sdkman/candidates/java/8.0.333.fx-librca/jre/../lib/tools.jar
file:/home/ubuntu/.sdkman/candidates/java/8.0.333.fx-librca/jre/lib/ext/sunpkcs11.jar
file:/home/ubuntu/.sdkman/candidates/java/8.0.333.fx-librca/jre/lib/ext/jaccess.jar
file:/home/ubuntu/.sdkman/candidates/java/8.0.333.fx-librca/jre/lib/ext/sunec.jar
file:/home/ubuntu/.sdkman/candidates/java/8.0.333.fx-librca/jre/lib/ext/zipfs.jar
file:/home/ubuntu/.sdkman/candidates/java/8.0.333.fx-librca/jre/lib/ext/jfxrt.jar
file:/home/ubuntu/.sdkman/candidates/java/8.0.333.fx-librca/jre/lib/ext/dnsns.jar
file:/tmp/EvoSuite_pathingJar3945837970297505405.jar
file:/home/ubuntu/.sdkman/candidates/java/8.0.333.fx-librca/jre/lib/ext/cldrdata.jar
file:/home/ubuntu/.sdkman/candidates/java/8.0.333.fx-librca/jre/lib/ext/nashorn.jar
[MASTER] 00:38:15.754 [logback-1] WARN  JUnitAnalyzer - Found unstable test named initializationError -> class java.lang.RuntimeException: Cannot find either the compilation target folder nor the EvoSuite jar in classpath: /tmp/EvoSuite_pathingJar3945837970297505405.jar
* Writing tests to file
* Writing JUnit test case 'Password_ESTest' to evosuite-tests
* Done!

* Computation finished
