* EvoSuite 1.2.1-SNAPSHOT
* Going to generate test cases for class: httpanalyzer.HttpAnalyzerView
* Starting Client-0
* Properties loaded from /home/ubuntu/UTestGen/Evaluation/getting_results/dataset/SF110/32_httpanalyzer/evosuite-files/evosuite.properties
* Connecting to master process on port 12114
* Analyzing classpath: 
* Inheritance tree loaded from evosuite-files/inheritance.xml.gz
[MASTER] 00:33:09.010 [logback-1] WARN  InheritanceTree - Class not in inheritance graph: java.util.function.Consumer
[MASTER] 00:33:09.012 [logback-1] WARN  InheritanceTree - Class not in inheritance graph: java.util.function.Predicate
[MASTER] 00:33:09.012 [logback-1] WARN  InheritanceTree - Class not in inheritance graph: java.util.function.UnaryOperator
[MASTER] 00:33:09.401 [logback-1] WARN  InheritanceTree - Class not in inheritance graph: java.util.function.BiFunction
[MASTER] 00:33:09.402 [logback-1] WARN  InheritanceTree - Class not in inheritance graph: java.util.function.Function
[MASTER] 00:33:09.403 [logback-1] WARN  InheritanceTree - Class not in inheritance graph: java.util.function.BiConsumer
[MASTER] 00:33:09.917 [logback-1] WARN  InheritanceTree - Class not in inheritance graph: java.time.ZoneId
[MASTER] 00:33:10.010 [logback-1] WARN  InheritanceTree - Class not in inheritance graph: java.time.temporal.Temporal
[MASTER] 00:33:10.010 [logback-1] WARN  InheritanceTree - Class not in inheritance graph: java.time.temporal.TemporalAccessor
[MASTER] 00:33:10.010 [logback-1] WARN  InheritanceTree - Class not in inheritance graph: java.time.temporal.TemporalField
[MASTER] 00:33:10.011 [logback-1] WARN  InheritanceTree - Class not in inheritance graph: java.time.temporal.TemporalUnit
[MASTER] 00:33:10.011 [logback-1] WARN  InheritanceTree - Class not in inheritance graph: java.time.temporal.TemporalAmount
[MASTER] 00:33:10.011 [logback-1] WARN  InheritanceTree - Class not in inheritance graph: java.time.Clock
[MASTER] 00:33:10.011 [logback-1] WARN  InheritanceTree - Class not in inheritance graph: java.time.temporal.TemporalQuery
[MASTER] 00:33:10.012 [logback-1] WARN  InheritanceTree - Class not in inheritance graph: java.time.temporal.TemporalAdjuster
[MASTER] 00:33:10.027 [logback-1] WARN  InheritanceTree - Class not in inheritance graph: java.time.chrono.Chronology
[MASTER] 00:33:10.033 [logback-1] WARN  InheritanceTree - Class not in inheritance graph: java.time.chrono.Era
* Finished analyzing classpath
* Generating tests for class httpanalyzer.HttpAnalyzerView
* Test criteria:
  - Branch Coverage
  - Line Coverage
  - Method-Output Coverage
  - Top-Level Method Coverage
  - Context Branch Coverage
* Total number of test goals for DYNAMOSA: 1388
* Using seed 1709253184523
[Progress:>                             0%] [Cov:>                                  0%]* Starting evolution
* Initial Number of Goals in DynaMOSA = 843 / 1388
[Progress:>                             2%] [Cov:=>                                 3%][Progress:=>                            4%] [Cov:=>                                 3%][Progress:=>                            5%] [Cov:=>                                 3%][Progress:==>                           7%] [Cov:=>                                 3%][Progress:==>                           9%] [Cov:=>                                 3%][Progress:===>                          10%] [Cov:=>                                 3%][Progress:===>                          11%] [Cov:=>                                 3%][Progress:===>                          12%] [Cov:=>                                 3%][Progress:===>                          13%] [Cov:=>                                 3%][Progress:====>                         14%] [Cov:=>                                 3%][Progress:====>                         15%] [Cov:=>                                 3%][Progress:=====>                        17%] [Cov:=>                                 3%][Progress:=====>                        18%] [Cov:=>                                 3%][Progress:=====>                        19%] [Cov:=>                                 3%][Progress:======>                       20%] [Cov:=>                                 3%][Progress:======>                       21%] [Cov:=>                                 3%][Progress:======>                       22%] [Cov:=>                                 3%][Progress:======>                       23%] [Cov:=>                                 3%][Progress:=======>                      24%] [Cov:=>                                 3%][Progress:=======>                      25%] [Cov:=>                                 3%][Progress:=======>                      26%] [Cov:=>                                 3%][Progress:========>                     27%] [Cov:=>                                 3%][Progress:========>                     29%] [Cov:=>                                 3%][Progress:=========>                    30%] [Cov:=>                                 3%][Progress:=========>                    31%] [Cov:=>                                 3%][Progress:==========>                   35%] [Cov:=>                                 3%][Progress:==========>                   36%] [Cov:=>                                 3%][Progress:===========>                  37%] [Cov:=>                                 3%][Progress:============>                 41%] [Cov:=>                                 3%][Progress:============>                 42%] [Cov:=>                                 3%][Progress:============>                 43%] [Cov:=>                                 3%][Progress:=============>                45%] [Cov:=>                                 3%][Progress:=============>                45%] [Cov:=>                                 3%][Progress:=============>                46%] [Cov:=>                                 3%][Progress:==============>               48%] [Cov:=>                                 3%][Progress:==============>               48%] [Cov:=>                                 3%][Progress:==============>               49%] [Cov:=>                                 3%][Progress:===============>              50%] [Cov:=>                                 3%][Progress:===============>              51%] [Cov:=>                                 3%][Progress:===============>              52%] [Cov:=>                                 3%][Progress:===============>              53%] [Cov:=>                                 3%][Progress:================>             54%] [Cov:=>                                 3%][Progress:================>             55%] [Cov:=>                                 3%][Progress:================>             56%] [Cov:=>                                 3%][Progress:=================>            57%] [Cov:=>                                 3%][Progress:=================>            58%] [Cov:=>                                 3%][Progress:=================>            59%] [Cov:=>                                 3%][Progress:==================>           60%] [Cov:=>                                 3%][Progress:==================>           61%] [Cov:=>                                 3%][Progress:==================>           62%] [Cov:=>                                 3%][Progress:==================>           63%] [Cov:=>                                 3%][Progress:===================>          64%] [Cov:=>                                 3%][Progress:===================>          65%] [Cov:=>                                 3%][Progress:===================>          66%] [Cov:=>                                 3%][Progress:====================>         67%] [Cov:=>                                 3%][Progress:====================>         68%] [Cov:=>                                 3%][Progress:====================>         69%] [Cov:=>                                 3%][Progress:=====================>        70%] [Cov:=>                                 3%][Progress:=====================>        71%] [Cov:=>                                 3%][Progress:=====================>        72%] [Cov:=>                                 3%][Progress:=====================>        73%] [Cov:=>                                 3%][Progress:======================>       74%] [Cov:=>                                 3%][Progress:======================>       75%] [Cov:=>                                 3%][Progress:======================>       76%] [Cov:=>                                 3%][Progress:=======================>      77%] [Cov:=>                                 3%][Progress:=======================>      78%] [Cov:=>                                 3%][Progress:=======================>      79%] [Cov:=>                                 3%][Progress:========================>     80%] [Cov:=>                                 3%][Progress:========================>     81%] [Cov:=>                                 3%][Progress:========================>     82%] [Cov:=>                                 3%][Progress:========================>     83%] [Cov:=>                                 3%][Progress:=========================>    84%] [Cov:=>                                 3%][Progress:=========================>    85%] [Cov:=>                                 3%][Progress:=========================>    86%] [Cov:=>                                 3%][Progress:=========================>    86%] [Cov:=>                                 3%][Progress:==========================>   87%] [Cov:=>                                 3%][Progress:==========================>   88%] [Cov:=>                                 3%][Progress:==========================>   89%] [Cov:=>                                 3%][Progress:===========================>  90%] [Cov:=>                                 3%][Progress:===========================>  91%] [Cov:=>                                 3%][Progress:===========================>  92%] [Cov:=>                                 3%][Progress:===========================>  93%] [Cov:=>                                 3%][Progress:============================> 94%] [Cov:=>                                 3%][Progress:============================> 95%] [Cov:=>                                 3%][MASTER] 00:34:46.684 [logback-1] WARN  TestCluster - Failed to check cache for javax.swing.RowSorter<M> : Type points to itself
[Progress:============================> 96%] [Cov:=>                                 3%][Progress:=============================>97%] [Cov:=>                                 3%][Progress:=============================>98%] [Cov:=>                                 3%][Progress:=============================>99%] [Cov:=>                                 3%][Progress:==============================100%] [Cov:=>                                 3%][Progress:==============================100%] [Cov:=>                                 3%]
* Search finished after 102s and 89 generations, 9711 statements, best individual has fitness: 1264.0
* Generated before the refinement 1 tests with total length 2
statement is: httpanalyzer.HttpAnalyzerApp()V type is: class org.evosuite.testcase.statements.ConstructorStatement return type class httpanalyzer.HttpAnalyzerApp
statement code is: HttpAnalyzerApp httpAnalyzerApp = new HttpAnalyzerApp()
statement is: httpanalyzer.HttpAnalyzerView(Lorg/jdesktop/application/SingleFrameApplication;)V type is: class org.evosuite.testcase.statements.ConstructorStatement return type class httpanalyzer.HttpAnalyzerView
statement code is: HttpAnalyzerView httpAnalyzerView = new HttpAnalyzerView(arg0)
test data is: HttpAnalyzerApp httpAnalyzerApp = new HttpAnalyzerApp();
HttpAnalyzerView httpAnalyzerView = new HttpAnalyzerView(httpAnalyzerApp);

** It was a parseable test case! 
Improved test data is: class DummyClass {
    public static void main() {
        int numberOfRequests = 10;
        String requestType = "GET";
        String url = "https://www.example.com";
        int responseStatusCode = 200;
        String responseContentType = "text/html";
    }
}
statement is: int numberOfRequests = 10, class spoon.support.reflect.code.CtLocalVariableImpl
class spoon.support.reflect.code.CtLiteralImpl
statement is: String requestType = "GET", class spoon.support.reflect.code.CtLocalVariableImpl
class spoon.support.reflect.code.CtLiteralImpl
statement is: String url = "https://www.example.com", class spoon.support.reflect.code.CtLocalVariableImpl
class spoon.support.reflect.code.CtLiteralImpl
statement is: int responseStatusCode = 200, class spoon.support.reflect.code.CtLocalVariableImpl
class spoon.support.reflect.code.CtLiteralImpl
statement is: String responseContentType = "text/html", class spoon.support.reflect.code.CtLocalVariableImpl
class spoon.support.reflect.code.CtLiteralImpl
* this is vulnerable: int _int = 10
* this is vulnerable: String string = "GET"
* this is vulnerable: String string = "https://www.example.com"
* this is vulnerable: int _int = 200
* this is vulnerable: String string = "text/html"
TestCase is: int _int = 10;
String string = "GET";
String string = "https://www.example.com";
int _int = 200;
String string = "text/html";

* test suite isTestSuite: 2
Test 0: 
HttpAnalyzerApp httpAnalyzerApp = new HttpAnalyzerApp();
HttpAnalyzerView httpAnalyzerView = null;
try {
  httpAnalyzerView = new HttpAnalyzerView(httpAnalyzerApp);
  fail("Expecting exception: HeadlessException");

} catch(HeadlessException e) {
}

Test 1: 


* Generated after the refinement and before minimization 2 tests with total length 2
* test suite isTestSuite: 2
Test 0: 
HttpAnalyzerApp httpAnalyzerApp = new HttpAnalyzerApp();
HttpAnalyzerView httpAnalyzerView = null;
try {
  httpAnalyzerView = new HttpAnalyzerView(httpAnalyzerApp);
  fail("Expecting exception: HeadlessException");

} catch(HeadlessException e) {
}

Test 1: 


* Minimizing test suite
* test suite isTestSuite: 1
Test 0: 
HttpAnalyzerApp httpAnalyzerApp = new HttpAnalyzerApp();
HttpAnalyzerView httpAnalyzerView = null;
try {
  httpAnalyzerView = new HttpAnalyzerView(httpAnalyzerApp);
  fail("Expecting exception: HeadlessException");

} catch(HeadlessException e) {
}


* Going to analyze the coverage criteria
* Coverage analysis for criterion BRANCH
* Coverage of criterion BRANCH: 2%
* Total number of goals: 200
* Number of covered goals: 3
* Coverage analysis for criterion LINE
* Coverage of criterion LINE: 12%
* Total number of goals: 960
* Number of covered goals: 118
* Coverage analysis for criterion OUTPUT
* Coverage of criterion OUTPUT: 0%
* Total number of goals: 16
* Number of covered goals: 0
* Coverage analysis for criterion METHOD
* Coverage of criterion METHOD: 8%
* Total number of goals: 12
* Number of covered goals: 1
* Coverage analysis for criterion CBRANCH
* Coverage of criterion CBRANCH: 2%
* Total number of goals: 200
* Number of covered goals: 3
* Generated 1 tests with total length 2
* Resulting test suite's coverage: 3% (average coverage for all fitness functions)
* Generating assertions
* Resulting test suite's mutation score: 0%
* Compiling and checking tests
Going to execute: removeTestsThatDoNotCompile
* Compiling Tests
** Write a test suite: 0 called: 0 to improve: false
* Compiling Tests
** Write a test suite: 0 called: 0 to improve: true
** Improve Understandability: ** Test Code is: HttpAnalyzerApp arg0 = new HttpAnalyzerApp();
HttpAnalyzerView httpAnalyzerView = null;
try {
  httpAnalyzerView = new HttpAnalyzerView(arg0);
  fail("Expecting exception: HeadlessException");

} catch(HeadlessException e) {
}


** It was a parseable test case! 
refined test name is: testHttpAnalyzerAppThrowsHeadlessException
Going to execute: handleTestsThatAreUnstable
* Compiling Tests
[MASTER] 00:35:08.459 [logback-1] WARN  AgentLoader - Failed to find EvoSuite jar in current classloader. URLs of classloader:
file:/home/ubuntu/.sdkman/candidates/java/8.0.333.fx-librca/jre/lib/ext/localedata.jar
file:/home/ubuntu/.sdkman/candidates/java/8.0.333.fx-librca/jre/lib/ext/sunjce_provider.jar
file:/tmp/EvoSuite_pathingJar7548162949453589879.jar
file:/home/ubuntu/.sdkman/candidates/java/8.0.333.fx-librca/jre/../lib/tools.jar
file:/home/ubuntu/.sdkman/candidates/java/8.0.333.fx-librca/jre/lib/ext/sunpkcs11.jar
file:/home/ubuntu/.sdkman/candidates/java/8.0.333.fx-librca/jre/lib/ext/jaccess.jar
file:/home/ubuntu/.sdkman/candidates/java/8.0.333.fx-librca/jre/lib/ext/sunec.jar
file:/home/ubuntu/.sdkman/candidates/java/8.0.333.fx-librca/jre/lib/ext/zipfs.jar
file:/home/ubuntu/.sdkman/candidates/java/8.0.333.fx-librca/jre/lib/ext/jfxrt.jar
file:/home/ubuntu/.sdkman/candidates/java/8.0.333.fx-librca/jre/lib/ext/dnsns.jar
file:/home/ubuntu/.sdkman/candidates/java/8.0.333.fx-librca/jre/lib/ext/cldrdata.jar
file:/home/ubuntu/.sdkman/candidates/java/8.0.333.fx-librca/jre/lib/ext/nashorn.jar
[MASTER] 00:35:08.480 [logback-1] WARN  JUnitAnalyzer - Found unstable test named initializationError -> class java.lang.RuntimeException: Cannot find either the compilation target folder nor the EvoSuite jar in classpath: /tmp/EvoSuite_pathingJar7548162949453589879.jar
Going to execute: handleTestsThatAreUnstable
* Compiling Tests
[MASTER] 00:35:08.618 [logback-1] WARN  AgentLoader - Failed to find EvoSuite jar in current classloader. URLs of classloader:
file:/home/ubuntu/.sdkman/candidates/java/8.0.333.fx-librca/jre/lib/ext/localedata.jar
file:/home/ubuntu/.sdkman/candidates/java/8.0.333.fx-librca/jre/lib/ext/sunjce_provider.jar
file:/tmp/EvoSuite_pathingJar7548162949453589879.jar
file:/home/ubuntu/.sdkman/candidates/java/8.0.333.fx-librca/jre/../lib/tools.jar
file:/home/ubuntu/.sdkman/candidates/java/8.0.333.fx-librca/jre/lib/ext/sunpkcs11.jar
file:/home/ubuntu/.sdkman/candidates/java/8.0.333.fx-librca/jre/lib/ext/jaccess.jar
file:/home/ubuntu/.sdkman/candidates/java/8.0.333.fx-librca/jre/lib/ext/sunec.jar
file:/home/ubuntu/.sdkman/candidates/java/8.0.333.fx-librca/jre/lib/ext/zipfs.jar
file:/home/ubuntu/.sdkman/candidates/java/8.0.333.fx-librca/jre/lib/ext/jfxrt.jar
file:/home/ubuntu/.sdkman/candidates/java/8.0.333.fx-librca/jre/lib/ext/dnsns.jar
file:/home/ubuntu/.sdkman/candidates/java/8.0.333.fx-librca/jre/lib/ext/cldrdata.jar
file:/home/ubuntu/.sdkman/candidates/java/8.0.333.fx-librca/jre/lib/ext/nashorn.jar
[MASTER] 00:35:08.620 [logback-1] WARN  JUnitAnalyzer - Found unstable test named initializationError -> class java.lang.RuntimeException: Cannot find either the compilation target folder nor the EvoSuite jar in classpath: /tmp/EvoSuite_pathingJar7548162949453589879.jar
* Writing tests to file
* Writing JUnit test case 'HttpAnalyzerView_ESTest' to evosuite-tests
* Done!

* Computation finished
