* EvoSuite 1.0.0-SNAPSHOT
* Going to generate test cases for class: httpanalyzer.Password
* Starting Client-0
* Properties loaded from /home/roham/Results-Utestgen/dataset/SF110-new-res/32_httpanalyzer/evosuite-files/evosuite.properties
* Connecting to master process on port 6241
* Analyzing classpath: 
* Inheritance tree loaded from evosuite-files/inheritance.xml.gz
* Finished analyzing classpath
* Generating tests for class httpanalyzer.Password
* Test criteria:
  - Branch Coverage
  - Line Coverage
  - Method-Output Coverage
  - Top-Level Method Coverage
  - Context Branch Coverage
* Total number of test goals for DYNAMOSA: 241
* Using seed 1710220297766
* Starting evolution
[Progress:>                             0%] [Cov:>                                  0%]* Initial Number of Goals in DynaMOSA = 80 / 241
[Progress:>                             1%] [Cov:=========================>         72%][Progress:>                             2%] [Cov:=========================>         72%][Progress:=>                            4%] [Cov:=========================>         72%][Progress:=>                            5%] [Cov:=========================>         72%][Progress:=>                            6%] [Cov:=========================>         72%][Progress:=>                            6%] [Cov:=========================>         72%][Progress:==>                           7%] [Cov:=========================>         72%][Progress:==>                           8%] [Cov:=========================>         72%][Progress:==>                           8%] [Cov:=========================>         72%][Progress:==>                           9%] [Cov:=========================>         72%][Progress:===>                          10%] [Cov:=========================>         72%][Progress:===>                          11%] [Cov:=========================>         72%][Progress:===>                          12%] [Cov:=========================>         72%][Progress:===>                          13%] [Cov:=========================>         72%][Progress:===>                          13%] [Cov:=========================>         72%][Progress:====>                         14%] [Cov:=========================>         72%][Progress:====>                         15%] [Cov:=========================>         72%][Progress:====>                         15%] [Cov:=========================>         72%][Progress:====>                         16%] [Cov:=========================>         72%][Progress:=====>                        17%] [Cov:=========================>         72%][Progress:=====>                        17%] [Cov:=========================>         72%][Progress:=====>                        18%] [Cov:=========================>         72%][Progress:=====>                        19%] [Cov:=========================>         72%][Progress:======>                       20%] [Cov:=========================>         72%][Progress:======>                       20%] [Cov:=========================>         72%][Progress:======>                       21%] [Cov:=========================>         72%][Progress:======>                       22%] [Cov:=========================>         72%][Progress:======>                       23%] [Cov:=========================>         72%][Progress:=======>                      24%] [Cov:=========================>         72%][Progress:=======>                      24%] [Cov:=========================>         72%][Progress:=======>                      25%] [Cov:=========================>         72%][Progress:=======>                      26%] [Cov:=========================>         72%][Progress:========>                     27%] [Cov:=========================>         72%][Progress:========>                     28%] [Cov:=========================>         72%][Progress:========>                     28%] [Cov:=========================>         72%][Progress:========>                     29%] [Cov:=========================>         72%][Progress:=========>                    30%] [Cov:=========================>         72%][Progress:=========>                    31%] [Cov:=========================>         72%][Progress:=========>                    32%] [Cov:=========================>         72%][Progress:=========>                    33%] [Cov:=========================>         72%][Progress:==========>                   34%] [Cov:=========================>         72%][Progress:==========>                   35%] [Cov:=========================>         72%][Progress:==========>                   36%] [Cov:=========================>         72%][Progress:===========>                  37%] [Cov:=========================>         72%][Progress:===========>                  37%] [Cov:=========================>         72%][Progress:===========>                  38%] [Cov:=========================>         72%][Progress:===========>                  38%] [Cov:=========================>         72%][Progress:===========>                  39%] [Cov:=========================>         72%][Progress:============>                 40%] [Cov:=========================>         72%][Progress:============>                 40%] [Cov:=========================>         72%][Progress:============>                 41%] [Cov:=========================>         72%][Progress:============>                 42%] [Cov:=========================>         72%][Progress:============>                 42%] [Cov:=========================>         72%][Progress:============>                 43%] [Cov:=========================>         72%][Progress:=============>                44%] [Cov:=========================>         72%][Progress:=============>                45%] [Cov:=========================>         72%][Progress:=============>                45%] [Cov:=========================>         72%][Progress:=============>                46%] [Cov:=========================>         72%][Progress:==============>               47%] [Cov:=========================>         72%][Progress:==============>               48%] [Cov:=========================>         72%][Progress:==============>               48%] [Cov:=========================>         72%][Progress:==============>               49%] [Cov:=========================>         72%][Progress:===============>              50%] [Cov:=========================>         72%][Progress:===============>              50%] [Cov:=========================>         72%][Progress:===============>              51%] [Cov:=========================>         72%][Progress:===============>              52%] [Cov:=========================>         72%][Progress:===============>              52%] [Cov:=========================>         72%][Progress:===============>              53%] [Cov:=========================>         72%][Progress:===============>              53%] [Cov:=========================>         72%][Progress:================>             54%] [Cov:=========================>         72%][Progress:================>             54%] [Cov:=========================>         72%][Progress:================>             55%] [Cov:=========================>         72%][Progress:================>             56%] [Cov:=========================>         72%][Progress:================>             56%] [Cov:=========================>         72%][Progress:=================>            57%] [Cov:=========================>         72%][Progress:=================>            57%] [Cov:=========================>         72%][Progress:=================>            58%] [Cov:=========================>         72%][Progress:=================>            58%] [Cov:=========================>         72%][Progress:=================>            59%] [Cov:=========================>         72%][Progress:=================>            59%] [Cov:=========================>         72%][Progress:==================>           60%] [Cov:=========================>         72%][Progress:==================>           61%] [Cov:=========================>         72%][Progress:==================>           61%] [Cov:=========================>         72%][Progress:==================>           62%] [Cov:=========================>         72%][Progress:==================>           62%] [Cov:=========================>         72%][Progress:==================>           63%] [Cov:=========================>         72%][Progress:===================>          64%] [Cov:=========================>         72%][Progress:===================>          64%] [Cov:=========================>         72%][Progress:===================>          65%] [Cov:=========================>         72%][Progress:===================>          66%] [Cov:=========================>         72%][Progress:===================>          66%] [Cov:=========================>         72%][Progress:====================>         67%] [Cov:=========================>         72%][Progress:====================>         68%] [Cov:=========================>         72%][Progress:====================>         69%] [Cov:=========================>         72%][Progress:====================>         69%] [Cov:=========================>         72%][Progress:=====================>        70%] [Cov:=========================>         72%][Progress:=====================>        71%] [Cov:=========================>         72%][Progress:=====================>        72%] [Cov:=========================>         72%][Progress:=====================>        72%] [Cov:=========================>         72%][Progress:=====================>        73%] [Cov:=========================>         72%][Progress:======================>       74%] [Cov:=========================>         72%][Progress:======================>       75%] [Cov:=========================>         72%][Progress:======================>       75%] [Cov:=========================>         72%][Progress:======================>       76%] [Cov:=========================>         72%][Progress:=======================>      77%] [Cov:=========================>         72%][Progress:=======================>      77%] [Cov:=========================>         72%][Progress:=======================>      78%] [Cov:=========================>         72%][Progress:=======================>      79%] [Cov:=========================>         72%][Progress:========================>     80%] [Cov:=========================>         72%][Progress:========================>     80%] [Cov:=========================>         72%][Progress:========================>     81%] [Cov:=========================>         72%][Progress:========================>     82%] [Cov:=========================>         72%][Progress:========================>     82%] [Cov:=========================>         72%][Progress:========================>     83%] [Cov:=========================>         72%][Progress:=========================>    84%] [Cov:=========================>         72%][Progress:=========================>    84%] [Cov:=========================>         72%][Progress:=========================>    85%] [Cov:=========================>         72%][Progress:=========================>    86%] [Cov:=========================>         72%][Progress:==========================>   87%] [Cov:=========================>         72%][Progress:==========================>   87%] [Cov:=========================>         72%][Progress:==========================>   88%] [Cov:=========================>         72%][Progress:==========================>   89%] [Cov:=========================>         72%][Progress:==========================>   89%] [Cov:=========================>         72%][Progress:===========================>  90%] [Cov:=========================>         72%][Progress:===========================>  90%] [Cov:=========================>         72%][Progress:===========================>  91%] [Cov:=========================>         72%][Progress:===========================>  91%] [Cov:=========================>         72%][Progress:===========================>  92%] [Cov:=========================>         72%][Progress:===========================>  93%] [Cov:=========================>         72%][Progress:============================> 94%] [Cov:=========================>         72%][Progress:============================> 95%] [Cov:=========================>         72%][Progress:============================> 95%] [Cov:=========================>         72%][Progress:============================> 96%] [Cov:=========================>         72%][Progress:=============================>97%] [Cov:=========================>         72%][Progress:=============================>97%] [Cov:=========================>         72%][Progress:=============================>98%] [Cov:=========================>         72%][Progress:=============================>99%] [Cov:=========================>         72%][Progress:=============================>99%] [Cov:=========================>         72%][Progress:==============================100%] [Cov:=========================>         72%]
* Search finished after 201s and 138 generations, 16701 statements, best individual has fitness: 46.0
* Generated before the refinement 4 tests with total length 4
statement is: httpanalyzer.Password()V type is: class org.evosuite.testcase.statements.ConstructorStatement return type class httpanalyzer.Password
statement code is: Password password = new Password()
test data is: Password password = new Password();

** It was a parseable test case! 
Improved test data is: class DummyClass {
    public static void main() {
        // Improved test data for the Password.toString() method
        Password password = new Password("password123", true, 10);
        String string = password.toString();
        Assert.assertEquals(string, "password123");
    }
}
statement is: // Improved test data for the Password.toString() method
Password password = new Password("password123", true, 10), class spoon.support.reflect.code.CtLocalVariableImpl
class spoon.support.reflect.code.CtConstructorCallImpl
statement is: String string = password.toString(), class spoon.support.reflect.code.CtLocalVariableImpl
class spoon.support.reflect.code.CtInvocationImpl
invocation is: password.toString() target is: password method is: toString()
statement is: Assert.assertEquals(string, "password123"), class spoon.support.reflect.code.CtInvocationImpl
invocation is: Assert.assertEquals(string, "password123") target is: Assert method is: assertEquals(java.lang.String,java.lang.String)
statement is: crypt(Ljava/lang/String;Ljava/lang/String;)Ljava/lang/String; type is: class org.evosuite.testcase.statements.MethodStatement return type class java.lang.String
statement code is: String crypt = Password.crypt("", "d41d8cd98f00b204e9800998ecf8427e")
test data is: Password.crypt("", "d41d8cd98f00b204e9800998ecf8427e");

** It was a parseable test case! 
Improved test data is: class DummyClass {
    public static void main() {
        Password.crypt("password", "d41d8cd98f00b204e9800998ecf8427e");
    }
}
statement is: Password.crypt("password", "d41d8cd98f00b204e9800998ecf8427e"), class spoon.support.reflect.code.CtInvocationImpl
invocation is: Password.crypt("password", "d41d8cd98f00b204e9800998ecf8427e") target is: Password method is: crypt(java.lang.String,java.lang.String)
Matched Method is: crypt(Ljava/lang/String;Ljava/lang/String;)Ljava/lang/String;
TestCase is: String string = "password";
String string = "d41d8cd98f00b204e9800998ecf8427e";
Password.crypt(string, string);

statement is: crypt(Ljava/lang/String;Ljava/lang/String;)Ljava/lang/String; type is: class org.evosuite.testcase.statements.MethodStatement return type class java.lang.String
statement code is: String crypt = Password.crypt("gV}q|>?G4{", "gV}q|>?G4{")
test data is: Password.crypt("gV}q|>?G4{", "gV}q|>?G4{");

** It was a parseable test case! 
Improved test data is: class DummyClass {
    public static void main() {
        // Improved test data
        Password.crypt("MySecretPassword!", "EncryptedPassword");
    }
}
statement is: // Improved test data
Password.crypt("MySecretPassword!", "EncryptedPassword"), class spoon.support.reflect.code.CtInvocationImpl
invocation is: // Improved test data
Password.crypt("MySecretPassword!", "EncryptedPassword") target is: Password method is: crypt(java.lang.String,java.lang.String)
Matched Method is: crypt(Ljava/lang/String;Ljava/lang/String;)Ljava/lang/String;
TestCase is: String string = "MySecretPassword!";
String string = "EncryptedPassword";
Password.crypt(string, string);

statement is: hashMD5(Ljava/lang/String;)Ljava/lang/String; type is: class org.evosuite.testcase.statements.MethodStatement return type class java.lang.String
statement code is: String hashMD5 = Password.hashMD5("")
test data is: Password.hashMD5("");

** It was a parseable test case! 
Improved test data is: class DummyClass {
    public static void main() {
        Password.hashMD5("password123");
    }
}
statement is: Password.hashMD5("password123"), class spoon.support.reflect.code.CtInvocationImpl
invocation is: Password.hashMD5("password123") target is: Password method is: hashMD5(java.lang.String)
Matched Method is: hashMD5(Ljava/lang/String;)Ljava/lang/String;
TestCase is: String string = "password123";
Password.hashMD5(string);

* test suite isTestSuite: 7
Test 0: 
Password password = new Password();
Test 1: 
// Undeclared exception!
Password.crypt("", "d41d8cd98f00b204e9800998ecf8427e");
Test 2: 
// Undeclared exception!
Password.crypt("gV}q|>?G4{", "gV}q|>?G4{");
Test 3: 
Password.hashMD5("");
Test 4: 
Password.crypt("password", "d41d8cd98f00b204e9800998ecf8427e");

Test 5: 
Password.crypt("MySecretPassword!", "EncryptedPassword");

Test 6: 
Password.hashMD5("password123");


* Generated after the refinement and before minimization 7 tests with total length 7
* test suite isTestSuite: 7
Test 0: 
Password password = new Password();
Test 1: 
// Undeclared exception!
Password.crypt("", "d41d8cd98f00b204e9800998ecf8427e");
Test 2: 
// Undeclared exception!
Password.crypt("gV}q|>?G4{", "gV}q|>?G4{");
Test 3: 
Password.hashMD5("");
Test 4: 
Password.crypt("password", "d41d8cd98f00b204e9800998ecf8427e");

Test 5: 
Password.crypt("MySecretPassword!", "EncryptedPassword");

Test 6: 
Password.hashMD5("password123");


* Minimizing test suite
* test suite isTestSuite: 5
Test 0: 
// Undeclared exception!
Password.crypt("MySecretPassword!", "EncryptedPassword");
Test 1: 
Password password = new Password();
Test 2: 
// Undeclared exception!
Password.crypt("password", "d41d8cd98f00b204e9800998ecf8427e");
Test 3: 
// Undeclared exception!
Password.crypt("", "d41d8cd98f00b204e9800998ecf8427e");
Test 4: 
Password.hashMD5("");

* Going to analyze the coverage criteria
* Coverage analysis for criterion BRANCH
* Coverage of criterion BRANCH: 80%
* Total number of goals: 56
* Number of covered goals: 45
* Coverage analysis for criterion LINE
* Coverage of criterion LINE: 84%
* Total number of goals: 120
* Number of covered goals: 101
* Coverage analysis for criterion OUTPUT
* Coverage of criterion OUTPUT: 17%
* Total number of goals: 6
* Number of covered goals: 1
* Coverage analysis for criterion METHOD
* Coverage of criterion METHOD: 100%
* Total number of goals: 3
* Number of covered goals: 3
* Coverage analysis for criterion CBRANCH
* Coverage of criterion CBRANCH: 80%
* Total number of goals: 56
* Number of covered goals: 45
* Generated 5 tests with total length 5
* Resulting test suite's coverage: 72% (average coverage for all fitness functions)
* Generating assertions
* Resulting test suite's mutation score: 6%
* Compiling and checking tests
Going to execute: removeTestsThatDoNotCompile
* Compiling Tests
** Write a test suite: 0 called: 0 to improve: false
* Compiling Tests
** Write a test suite: 0 called: 0 to improve: true
** Improve Understandability: ** Test Code is: // Undeclared exception!
Password.crypt("MySecretPassword!", "EncryptedPassword");

** It was a parseable test case! 
refined test name is: testCryptMethodWithValidParams
* Compiling Tests
** Write a test suite: 0 called: 0 to improve: false
* Compiling Tests
** Write a test suite: 0 called: 0 to improve: true
** Improve Understandability: ** Test Code is: Password password = new Password();

** It was a parseable test case! 
refined test name is: testSetPasswordAndGetPassword
* Compiling Tests
** Write a test suite: 0 called: 0 to improve: false
* Compiling Tests
** Write a test suite: 0 called: 0 to improve: true
** Improve Understandability: ** Test Code is: // Undeclared exception!
Password.crypt("password", "d41d8cd98f00b204e9800998ecf8427e");

** It was a parseable test case! 
refined test name is: testCryptWithNullPassword
* Compiling Tests
** Write a test suite: 0 called: 0 to improve: false
* Compiling Tests
** Write a test suite: 0 called: 0 to improve: true
** Improve Understandability: ** Test Code is: // Undeclared exception!
Password.crypt("", "d41d8cd98f00b204e9800998ecf8427e");

** It was a parseable test case! 
refined test name is: testCryptMethodThrowsExceptionWhenPasswordIsEmpty
* Compiling Tests
** Write a test suite: 0 called: 0 to improve: false
* Compiling Tests
** Write a test suite: 0 called: 0 to improve: true
** Improve Understandability: ** Test Code is: String hashMD5 = Password.hashMD5("");
assertEquals("d41d8cd98f00b204e9800998ecf8427e", hashMD5);


** It was a parseable test case! 
refined test name is: testHashMD5EmptyString
Going to execute: handleTestsThatAreUnstable
* Compiling Tests
[MASTER] 05:19:52.760 [logback-1] WARN  AgentLoader - Failed to find EvoSuite jar in current classloader. URLs of classloader:
file:/root/.sdkman/candidates/java/8.0.333.fx-librca/jre/../lib/tools.jar
file:/root/.sdkman/candidates/java/8.0.333.fx-librca/jre/lib/ext/cldrdata.jar
file:/root/.sdkman/candidates/java/8.0.333.fx-librca/jre/lib/ext/sunec.jar
file:/root/.sdkman/candidates/java/8.0.333.fx-librca/jre/lib/ext/localedata.jar
file:/root/.sdkman/candidates/java/8.0.333.fx-librca/jre/lib/ext/jaccess.jar
file:/root/.sdkman/candidates/java/8.0.333.fx-librca/jre/lib/ext/dnsns.jar
file:/root/.sdkman/candidates/java/8.0.333.fx-librca/jre/lib/ext/sunpkcs11.jar
file:/root/.sdkman/candidates/java/8.0.333.fx-librca/jre/lib/ext/zipfs.jar
file:/root/.sdkman/candidates/java/8.0.333.fx-librca/jre/lib/ext/jfxrt.jar
file:/tmp/EvoSuite_pathingJar3818343036854589152.jar
file:/root/.sdkman/candidates/java/8.0.333.fx-librca/jre/lib/ext/sunjce_provider.jar
file:/root/.sdkman/candidates/java/8.0.333.fx-librca/jre/lib/ext/nashorn.jar
[MASTER] 05:19:52.781 [logback-1] WARN  JUnitAnalyzer - Found unstable test named initializationError -> class java.lang.RuntimeException: Cannot find either the compilation target folder nor the EvoSuite jar in classpath: /tmp/EvoSuite_pathingJar3818343036854589152.jar
Going to execute: handleTestsThatAreUnstable
* Compiling Tests
[MASTER] 05:19:52.855 [logback-1] WARN  AgentLoader - Failed to find EvoSuite jar in current classloader. URLs of classloader:
file:/root/.sdkman/candidates/java/8.0.333.fx-librca/jre/../lib/tools.jar
file:/root/.sdkman/candidates/java/8.0.333.fx-librca/jre/lib/ext/cldrdata.jar
file:/root/.sdkman/candidates/java/8.0.333.fx-librca/jre/lib/ext/sunec.jar
file:/root/.sdkman/candidates/java/8.0.333.fx-librca/jre/lib/ext/localedata.jar
file:/root/.sdkman/candidates/java/8.0.333.fx-librca/jre/lib/ext/jaccess.jar
file:/root/.sdkman/candidates/java/8.0.333.fx-librca/jre/lib/ext/dnsns.jar
file:/root/.sdkman/candidates/java/8.0.333.fx-librca/jre/lib/ext/sunpkcs11.jar
file:/root/.sdkman/candidates/java/8.0.333.fx-librca/jre/lib/ext/zipfs.jar
file:/root/.sdkman/candidates/java/8.0.333.fx-librca/jre/lib/ext/jfxrt.jar
file:/tmp/EvoSuite_pathingJar3818343036854589152.jar
file:/root/.sdkman/candidates/java/8.0.333.fx-librca/jre/lib/ext/sunjce_provider.jar
file:/root/.sdkman/candidates/java/8.0.333.fx-librca/jre/lib/ext/nashorn.jar
Going to execute: handleTestsThatAreUnstable
* Compiling Tests
[MASTER] 05:19:52.856 [logback-1] WARN  JUnitAnalyzer - Found unstable test named initializationError -> class java.lang.RuntimeException: Cannot find either the compilation target folder nor the EvoSuite jar in classpath: /tmp/EvoSuite_pathingJar3818343036854589152.jar
[MASTER] 05:19:53.373 [logback-1] WARN  AgentLoader - Failed to find EvoSuite jar in current classloader. URLs of classloader:
file:/root/.sdkman/candidates/java/8.0.333.fx-librca/jre/../lib/tools.jar
file:/root/.sdkman/candidates/java/8.0.333.fx-librca/jre/lib/ext/cldrdata.jar
file:/root/.sdkman/candidates/java/8.0.333.fx-librca/jre/lib/ext/sunec.jar
file:/root/.sdkman/candidates/java/8.0.333.fx-librca/jre/lib/ext/localedata.jar
file:/root/.sdkman/candidates/java/8.0.333.fx-librca/jre/lib/ext/jaccess.jar
file:/root/.sdkman/candidates/java/8.0.333.fx-librca/jre/lib/ext/dnsns.jar
file:/root/.sdkman/candidates/java/8.0.333.fx-librca/jre/lib/ext/sunpkcs11.jar
file:/root/.sdkman/candidates/java/8.0.333.fx-librca/jre/lib/ext/zipfs.jar
file:/root/.sdkman/candidates/java/8.0.333.fx-librca/jre/lib/ext/jfxrt.jar
file:/tmp/EvoSuite_pathingJar3818343036854589152.jar
file:/root/.sdkman/candidates/java/8.0.333.fx-librca/jre/lib/ext/sunjce_provider.jar
file:/root/.sdkman/candidates/java/8.0.333.fx-librca/jre/lib/ext/nashorn.jar
[MASTER] 05:19:53.374 [logback-1] WARN  JUnitAnalyzer - Found unstable test named initializationError -> class java.lang.RuntimeException: Cannot find either the compilation target folder nor the EvoSuite jar in classpath: /tmp/EvoSuite_pathingJar3818343036854589152.jar
Going to execute: handleTestsThatAreUnstable
* Compiling Tests
[MASTER] 05:19:53.825 [logback-1] WARN  AgentLoader - Failed to find EvoSuite jar in current classloader. URLs of classloader:
file:/root/.sdkman/candidates/java/8.0.333.fx-librca/jre/../lib/tools.jar
file:/root/.sdkman/candidates/java/8.0.333.fx-librca/jre/lib/ext/cldrdata.jar
file:/root/.sdkman/candidates/java/8.0.333.fx-librca/jre/lib/ext/sunec.jar
file:/root/.sdkman/candidates/java/8.0.333.fx-librca/jre/lib/ext/localedata.jar
file:/root/.sdkman/candidates/java/8.0.333.fx-librca/jre/lib/ext/jaccess.jar
file:/root/.sdkman/candidates/java/8.0.333.fx-librca/jre/lib/ext/dnsns.jar
file:/root/.sdkman/candidates/java/8.0.333.fx-librca/jre/lib/ext/sunpkcs11.jar
file:/root/.sdkman/candidates/java/8.0.333.fx-librca/jre/lib/ext/zipfs.jar
file:/root/.sdkman/candidates/java/8.0.333.fx-librca/jre/lib/ext/jfxrt.jar
file:/tmp/EvoSuite_pathingJar3818343036854589152.jar
file:/root/.sdkman/candidates/java/8.0.333.fx-librca/jre/lib/ext/sunjce_provider.jar
file:/root/.sdkman/candidates/java/8.0.333.fx-librca/jre/lib/ext/nashorn.jar
[MASTER] 05:19:53.826 [logback-1] WARN  JUnitAnalyzer - Found unstable test named initializationError -> class java.lang.RuntimeException: Cannot find either the compilation target folder nor the EvoSuite jar in classpath: /tmp/EvoSuite_pathingJar3818343036854589152.jar
Going to execute: handleTestsThatAreUnstable
* Compiling Tests
[MASTER] 05:19:53.878 [logback-1] WARN  AgentLoader - Failed to find EvoSuite jar in current classloader. URLs of classloader:
file:/root/.sdkman/candidates/java/8.0.333.fx-librca/jre/../lib/tools.jar
file:/root/.sdkman/candidates/java/8.0.333.fx-librca/jre/lib/ext/cldrdata.jar
file:/root/.sdkman/candidates/java/8.0.333.fx-librca/jre/lib/ext/sunec.jar
file:/root/.sdkman/candidates/java/8.0.333.fx-librca/jre/lib/ext/localedata.jar
file:/root/.sdkman/candidates/java/8.0.333.fx-librca/jre/lib/ext/jaccess.jar
file:/root/.sdkman/candidates/java/8.0.333.fx-librca/jre/lib/ext/dnsns.jar
file:/root/.sdkman/candidates/java/8.0.333.fx-librca/jre/lib/ext/sunpkcs11.jar
file:/root/.sdkman/candidates/java/8.0.333.fx-librca/jre/lib/ext/zipfs.jar
file:/root/.sdkman/candidates/java/8.0.333.fx-librca/jre/lib/ext/jfxrt.jar
file:/tmp/EvoSuite_pathingJar3818343036854589152.jar
file:/root/.sdkman/candidates/java/8.0.333.fx-librca/jre/lib/ext/sunjce_provider.jar
file:/root/.sdkman/candidates/java/8.0.333.fx-librca/jre/lib/ext/nashorn.jar
[MASTER] 05:19:53.879 [logback-1] WARN  JUnitAnalyzer - Found unstable test named initializationError -> class java.lang.RuntimeException: Cannot find either the compilation target folder nor the EvoSuite jar in classpath: /tmp/EvoSuite_pathingJar3818343036854589152.jar
Going to execute: handleTestsThatAreUnstable
* Compiling Tests
[MASTER] 05:19:55.111 [logback-1] WARN  AgentLoader - Failed to find EvoSuite jar in current classloader. URLs of classloader:
file:/root/.sdkman/candidates/java/8.0.333.fx-librca/jre/../lib/tools.jar
file:/root/.sdkman/candidates/java/8.0.333.fx-librca/jre/lib/ext/cldrdata.jar
file:/root/.sdkman/candidates/java/8.0.333.fx-librca/jre/lib/ext/sunec.jar
file:/root/.sdkman/candidates/java/8.0.333.fx-librca/jre/lib/ext/localedata.jar
file:/root/.sdkman/candidates/java/8.0.333.fx-librca/jre/lib/ext/jaccess.jar
file:/root/.sdkman/candidates/java/8.0.333.fx-librca/jre/lib/ext/dnsns.jar
file:/root/.sdkman/candidates/java/8.0.333.fx-librca/jre/lib/ext/sunpkcs11.jar
file:/root/.sdkman/candidates/java/8.0.333.fx-librca/jre/lib/ext/zipfs.jar
file:/root/.sdkman/candidates/java/8.0.333.fx-librca/jre/lib/ext/jfxrt.jar
file:/tmp/EvoSuite_pathingJar3818343036854589152.jar
file:/root/.sdkman/candidates/java/8.0.333.fx-librca/jre/lib/ext/sunjce_provider.jar
file:/root/.sdkman/candidates/java/8.0.333.fx-librca/jre/lib/ext/nashorn.jar
[MASTER] 05:19:55.112 [logback-1] WARN  JUnitAnalyzer - Found unstable test named initializationError -> class java.lang.RuntimeException: Cannot find either the compilation target folder nor the EvoSuite jar in classpath: /tmp/EvoSuite_pathingJar3818343036854589152.jar
Going to execute: handleTestsThatAreUnstable
* Compiling Tests
[MASTER] 05:19:56.440 [logback-1] WARN  AgentLoader - Failed to find EvoSuite jar in current classloader. URLs of classloader:
file:/root/.sdkman/candidates/java/8.0.333.fx-librca/jre/../lib/tools.jar
file:/root/.sdkman/candidates/java/8.0.333.fx-librca/jre/lib/ext/cldrdata.jar
file:/root/.sdkman/candidates/java/8.0.333.fx-librca/jre/lib/ext/sunec.jar
file:/root/.sdkman/candidates/java/8.0.333.fx-librca/jre/lib/ext/localedata.jar
file:/root/.sdkman/candidates/java/8.0.333.fx-librca/jre/lib/ext/jaccess.jar
file:/root/.sdkman/candidates/java/8.0.333.fx-librca/jre/lib/ext/dnsns.jar
file:/root/.sdkman/candidates/java/8.0.333.fx-librca/jre/lib/ext/sunpkcs11.jar
file:/root/.sdkman/candidates/java/8.0.333.fx-librca/jre/lib/ext/zipfs.jar
file:/root/.sdkman/candidates/java/8.0.333.fx-librca/jre/lib/ext/jfxrt.jar
file:/tmp/EvoSuite_pathingJar3818343036854589152.jar
file:/root/.sdkman/candidates/java/8.0.333.fx-librca/jre/lib/ext/sunjce_provider.jar
file:/root/.sdkman/candidates/java/8.0.333.fx-librca/jre/lib/ext/nashorn.jar
[MASTER] 05:19:56.441 [logback-1] WARN  JUnitAnalyzer - Found unstable test named initializationError -> class java.lang.RuntimeException: Cannot find either the compilation target folder nor the EvoSuite jar in classpath: /tmp/EvoSuite_pathingJar3818343036854589152.jar
[MASTER] 05:19:56.688 [logback-1] WARN  TimeController - Already entered in phase: INLINING. This will mess up the timing calculations.
* test suite isTestSuite: 4
Test 0: 
Password password = new Password();
Test 1: 
// Undeclared exception!
Password.crypt("", "d41d8cd98f00b204e9800998ecf8427e");
Test 2: 
// Undeclared exception!
Password.crypt("gV}q|>?G4{", "gV}q|>?G4{");
Test 3: 
Password.hashMD5("");

* Minimizing test suite
* test suite isTestSuite: 4
Test 0: 
// Undeclared exception!
Password.crypt("", "d41d8cd98f00b204e9800998ecf8427e");
Test 1: 
Password password = new Password();
Test 2: 
// Undeclared exception!
Password.crypt("gV}q|>?G4{", "gV}q|>?G4{");
Test 3: 
Password.hashMD5("");

* Going to analyze the coverage criteria
[MASTER] 05:20:01.473 [logback-1] WARN  TimeController - Already entered in phase: MINIMIZATION. This will mess up the timing calculations.
* Coverage analysis for criterion BRANCH
* Coverage of criterion BRANCH: 80%
* Total number of goals: 56
* Number of covered goals: 45
* Coverage analysis for criterion LINE
* Coverage of criterion LINE: 84%
* Total number of goals: 120
* Number of covered goals: 101
* Coverage analysis for criterion OUTPUT
* Coverage of criterion OUTPUT: 17%
* Total number of goals: 6
* Number of covered goals: 1
* Coverage analysis for criterion METHOD
* Coverage of criterion METHOD: 100%
* Total number of goals: 3
* Number of covered goals: 3
* Coverage analysis for criterion CBRANCH
* Coverage of criterion CBRANCH: 80%
* Total number of goals: 56
* Number of covered goals: 45
* Generated 4 tests with total length 4
* Resulting test suite's coverage: 72% (average coverage for all fitness functions)
* Generating assertions
[MASTER] 05:20:01.506 [logback-1] WARN  TimeController - Already entered in phase: COVERAGE_ANALYSIS. This will mess up the timing calculations.
* Resulting test suite's mutation score: 6%
[MASTER] 05:20:27.261 [logback-1] WARN  TimeController - Already entered in phase: ASSERTION_GENERATION. This will mess up the timing calculations.
* Compiling and checking tests
Going to execute: removeTestsThatDoNotCompile
* Compiling Tests
** Write a test suite: 0 called: 0 to improve: false
* Compiling Tests
** Write a test suite: 0 called: 0 to improve: false
* Compiling Tests
** Write a test suite: 0 called: 0 to improve: false
* Compiling Tests
** Write a test suite: 0 called: 0 to improve: false
Going to execute: handleTestsThatAreUnstable
* Compiling Tests
** Write a test suite: 0 called: 0 to improve: false
[MASTER] 05:20:28.669 [logback-1] WARN  AgentLoader - Failed to find EvoSuite jar in current classloader. URLs of classloader:
file:/root/.sdkman/candidates/java/8.0.333.fx-librca/jre/../lib/tools.jar
file:/root/.sdkman/candidates/java/8.0.333.fx-librca/jre/lib/ext/cldrdata.jar
file:/root/.sdkman/candidates/java/8.0.333.fx-librca/jre/lib/ext/sunec.jar
file:/root/.sdkman/candidates/java/8.0.333.fx-librca/jre/lib/ext/localedata.jar
file:/root/.sdkman/candidates/java/8.0.333.fx-librca/jre/lib/ext/jaccess.jar
file:/root/.sdkman/candidates/java/8.0.333.fx-librca/jre/lib/ext/dnsns.jar
file:/root/.sdkman/candidates/java/8.0.333.fx-librca/jre/lib/ext/sunpkcs11.jar
file:/root/.sdkman/candidates/java/8.0.333.fx-librca/jre/lib/ext/zipfs.jar
file:/root/.sdkman/candidates/java/8.0.333.fx-librca/jre/lib/ext/jfxrt.jar
file:/tmp/EvoSuite_pathingJar3818343036854589152.jar
file:/root/.sdkman/candidates/java/8.0.333.fx-librca/jre/lib/ext/sunjce_provider.jar
file:/root/.sdkman/candidates/java/8.0.333.fx-librca/jre/lib/ext/nashorn.jar
[MASTER] 05:20:28.670 [logback-1] WARN  JUnitAnalyzer - Found unstable test named initializationError -> class java.lang.RuntimeException: Cannot find either the compilation target folder nor the EvoSuite jar in classpath: /tmp/EvoSuite_pathingJar3818343036854589152.jar
Going to execute: handleTestsThatAreUnstable
* Compiling Tests
** Write a test suite: 0 called: 0 to improve: false
[MASTER] 05:20:28.700 [logback-1] WARN  AgentLoader - Failed to find EvoSuite jar in current classloader. URLs of classloader:
file:/root/.sdkman/candidates/java/8.0.333.fx-librca/jre/../lib/tools.jar
file:/root/.sdkman/candidates/java/8.0.333.fx-librca/jre/lib/ext/cldrdata.jar
file:/root/.sdkman/candidates/java/8.0.333.fx-librca/jre/lib/ext/sunec.jar
file:/root/.sdkman/candidates/java/8.0.333.fx-librca/jre/lib/ext/localedata.jar
file:/root/.sdkman/candidates/java/8.0.333.fx-librca/jre/lib/ext/jaccess.jar
file:/root/.sdkman/candidates/java/8.0.333.fx-librca/jre/lib/ext/dnsns.jar
file:/root/.sdkman/candidates/java/8.0.333.fx-librca/jre/lib/ext/sunpkcs11.jar
file:/root/.sdkman/candidates/java/8.0.333.fx-librca/jre/lib/ext/zipfs.jar
file:/root/.sdkman/candidates/java/8.0.333.fx-librca/jre/lib/ext/jfxrt.jar
file:/tmp/EvoSuite_pathingJar3818343036854589152.jar
file:/root/.sdkman/candidates/java/8.0.333.fx-librca/jre/lib/ext/sunjce_provider.jar
file:/root/.sdkman/candidates/java/8.0.333.fx-librca/jre/lib/ext/nashorn.jar
[MASTER] 05:20:28.701 [logback-1] WARN  JUnitAnalyzer - Found unstable test named initializationError -> class java.lang.RuntimeException: Cannot find either the compilation target folder nor the EvoSuite jar in classpath: /tmp/EvoSuite_pathingJar3818343036854589152.jar
Going to execute: handleTestsThatAreUnstable
* Compiling Tests
** Write a test suite: 0 called: 0 to improve: false
[MASTER] 05:20:29.147 [logback-1] WARN  AgentLoader - Failed to find EvoSuite jar in current classloader. URLs of classloader:
file:/root/.sdkman/candidates/java/8.0.333.fx-librca/jre/../lib/tools.jar
file:/root/.sdkman/candidates/java/8.0.333.fx-librca/jre/lib/ext/cldrdata.jar
file:/root/.sdkman/candidates/java/8.0.333.fx-librca/jre/lib/ext/sunec.jar
file:/root/.sdkman/candidates/java/8.0.333.fx-librca/jre/lib/ext/localedata.jar
file:/root/.sdkman/candidates/java/8.0.333.fx-librca/jre/lib/ext/jaccess.jar
file:/root/.sdkman/candidates/java/8.0.333.fx-librca/jre/lib/ext/dnsns.jar
file:/root/.sdkman/candidates/java/8.0.333.fx-librca/jre/lib/ext/sunpkcs11.jar
file:/root/.sdkman/candidates/java/8.0.333.fx-librca/jre/lib/ext/zipfs.jar
file:/root/.sdkman/candidates/java/8.0.333.fx-librca/jre/lib/ext/jfxrt.jar
file:/tmp/EvoSuite_pathingJar3818343036854589152.jar
file:/root/.sdkman/candidates/java/8.0.333.fx-librca/jre/lib/ext/sunjce_provider.jar
file:/root/.sdkman/candidates/java/8.0.333.fx-librca/jre/lib/ext/nashorn.jar
[MASTER] 05:20:29.148 [logback-1] WARN  JUnitAnalyzer - Found unstable test named initializationError -> class java.lang.RuntimeException: Cannot find either the compilation target folder nor the EvoSuite jar in classpath: /tmp/EvoSuite_pathingJar3818343036854589152.jar
Going to execute: handleTestsThatAreUnstable
* Compiling Tests
** Write a test suite: 0 called: 0 to improve: false
[MASTER] 05:20:29.180 [logback-1] WARN  AgentLoader - Failed to find EvoSuite jar in current classloader. URLs of classloader:
file:/root/.sdkman/candidates/java/8.0.333.fx-librca/jre/../lib/tools.jar
file:/root/.sdkman/candidates/java/8.0.333.fx-librca/jre/lib/ext/cldrdata.jar
file:/root/.sdkman/candidates/java/8.0.333.fx-librca/jre/lib/ext/sunec.jar
file:/root/.sdkman/candidates/java/8.0.333.fx-librca/jre/lib/ext/localedata.jar
file:/root/.sdkman/candidates/java/8.0.333.fx-librca/jre/lib/ext/jaccess.jar
file:/root/.sdkman/candidates/java/8.0.333.fx-librca/jre/lib/ext/dnsns.jar
file:/root/.sdkman/candidates/java/8.0.333.fx-librca/jre/lib/ext/sunpkcs11.jar
file:/root/.sdkman/candidates/java/8.0.333.fx-librca/jre/lib/ext/zipfs.jar
file:/root/.sdkman/candidates/java/8.0.333.fx-librca/jre/lib/ext/jfxrt.jar
file:/tmp/EvoSuite_pathingJar3818343036854589152.jar
file:/root/.sdkman/candidates/java/8.0.333.fx-librca/jre/lib/ext/sunjce_provider.jar
file:/root/.sdkman/candidates/java/8.0.333.fx-librca/jre/lib/ext/nashorn.jar
[MASTER] 05:20:29.181 [logback-1] WARN  JUnitAnalyzer - Found unstable test named initializationError -> class java.lang.RuntimeException: Cannot find either the compilation target folder nor the EvoSuite jar in classpath: /tmp/EvoSuite_pathingJar3818343036854589152.jar
Going to execute: handleTestsThatAreUnstable
* Compiling Tests
** Write a test suite: 0 called: 0 to improve: false
** Write a test suite: 1 called: 1 to improve: false
** Write a test suite: 2 called: 2 to improve: false
** Write a test suite: 3 called: 3 to improve: false
[MASTER] 05:20:30.035 [logback-1] WARN  AgentLoader - Failed to find EvoSuite jar in current classloader. URLs of classloader:
file:/root/.sdkman/candidates/java/8.0.333.fx-librca/jre/../lib/tools.jar
file:/root/.sdkman/candidates/java/8.0.333.fx-librca/jre/lib/ext/cldrdata.jar
file:/root/.sdkman/candidates/java/8.0.333.fx-librca/jre/lib/ext/sunec.jar
file:/root/.sdkman/candidates/java/8.0.333.fx-librca/jre/lib/ext/localedata.jar
file:/root/.sdkman/candidates/java/8.0.333.fx-librca/jre/lib/ext/jaccess.jar
file:/root/.sdkman/candidates/java/8.0.333.fx-librca/jre/lib/ext/dnsns.jar
file:/root/.sdkman/candidates/java/8.0.333.fx-librca/jre/lib/ext/sunpkcs11.jar
file:/root/.sdkman/candidates/java/8.0.333.fx-librca/jre/lib/ext/zipfs.jar
file:/root/.sdkman/candidates/java/8.0.333.fx-librca/jre/lib/ext/jfxrt.jar
file:/tmp/EvoSuite_pathingJar3818343036854589152.jar
file:/root/.sdkman/candidates/java/8.0.333.fx-librca/jre/lib/ext/sunjce_provider.jar
file:/root/.sdkman/candidates/java/8.0.333.fx-librca/jre/lib/ext/nashorn.jar
[MASTER] 05:20:30.036 [logback-1] WARN  JUnitAnalyzer - Found unstable test named initializationError -> class java.lang.RuntimeException: Cannot find either the compilation target folder nor the EvoSuite jar in classpath: /tmp/EvoSuite_pathingJar3818343036854589152.jar
Going to execute: handleTestsThatAreUnstable
* Compiling Tests
** Write a test suite: 0 called: 0 to improve: false
** Write a test suite: 1 called: 1 to improve: false
** Write a test suite: 2 called: 2 to improve: false
** Write a test suite: 3 called: 3 to improve: false
[MASTER] 05:20:30.952 [logback-1] WARN  AgentLoader - Failed to find EvoSuite jar in current classloader. URLs of classloader:
file:/root/.sdkman/candidates/java/8.0.333.fx-librca/jre/../lib/tools.jar
file:/root/.sdkman/candidates/java/8.0.333.fx-librca/jre/lib/ext/cldrdata.jar
file:/root/.sdkman/candidates/java/8.0.333.fx-librca/jre/lib/ext/sunec.jar
file:/root/.sdkman/candidates/java/8.0.333.fx-librca/jre/lib/ext/localedata.jar
file:/root/.sdkman/candidates/java/8.0.333.fx-librca/jre/lib/ext/jaccess.jar
file:/root/.sdkman/candidates/java/8.0.333.fx-librca/jre/lib/ext/dnsns.jar
file:/root/.sdkman/candidates/java/8.0.333.fx-librca/jre/lib/ext/sunpkcs11.jar
file:/root/.sdkman/candidates/java/8.0.333.fx-librca/jre/lib/ext/zipfs.jar
file:/root/.sdkman/candidates/java/8.0.333.fx-librca/jre/lib/ext/jfxrt.jar
file:/tmp/EvoSuite_pathingJar3818343036854589152.jar
file:/root/.sdkman/candidates/java/8.0.333.fx-librca/jre/lib/ext/sunjce_provider.jar
file:/root/.sdkman/candidates/java/8.0.333.fx-librca/jre/lib/ext/nashorn.jar
[MASTER] 05:20:30.954 [logback-1] WARN  JUnitAnalyzer - Found unstable test named initializationError -> class java.lang.RuntimeException: Cannot find either the compilation target folder nor the EvoSuite jar in classpath: /tmp/EvoSuite_pathingJar3818343036854589152.jar
[MASTER] 05:20:30.956 [logback-1] WARN  TimeController - Already entered in phase: JUNIT_CHECK. This will mess up the timing calculations.
* Writing tests to file
* Writing JUnit test case 'Password_ESTest' to evosuite-tests
* Writing JUnit test case 'Password_Original_ESTest' to evosuite-tests
** Write a test suite: 0 called: 0 to improve: false
** Write a test suite: 1 called: 1 to improve: false
** Write a test suite: 2 called: 2 to improve: false
** Write a test suite: 3 called: 3 to improve: false
* Done!

* Computation finished
