* EvoSuite 1.2.0
* WARNING - Generating JUnit 5 tests with the option to use a separate classloader will result in not runnable tests. Set either -Dtest_format=JUNIT4 or -Duse_separate_classloader=false
* Going to generate test cases for class: com.soops.CEN4010.JMCA.JParser.JavaParserTokenManager
* Starting Client-0
* Properties loaded from /home/roham/Results-Utestgen/dataset/SF110-ES-res/19_jmca/evosuite-files/evosuite.properties
* Connecting to master process on port 4844
* Analyzing classpath: 
* Inheritance tree loaded from evosuite-files/inheritance.xml.gz
[MASTER] 20:12:54.843 [logback-1] WARN  InheritanceTree - Class not in inheritance graph: java.util.function.Consumer
[MASTER] 20:12:54.846 [logback-1] WARN  InheritanceTree - Class not in inheritance graph: java.util.function.Predicate
[MASTER] 20:12:54.847 [logback-1] WARN  InheritanceTree - Class not in inheritance graph: java.util.function.UnaryOperator
[MASTER] 20:12:54.853 [logback-1] WARN  InheritanceTree - Class not in inheritance graph: java.util.function.Function
* Finished analyzing classpath
* Generating tests for class com.soops.CEN4010.JMCA.JParser.JavaParserTokenManager
* Test criteria:
  - Branch Coverage
  - Line Coverage
  - Method-Output Coverage
  - Top-Level Method Coverage
  - Context Branch Coverage
* Total number of test goals for DYNAMOSA: 4410
* Using seed 1709755973021
* Starting evolution
[Progress:>                             0%] [Cov:>                                  0%]* Initial Number of Goals in DynaMOSA = 713 / 4410
[Progress:>                             0%] [Cov:======>                            19%][Progress:>                             1%] [Cov:============>                      36%][Progress:>                             1%] [Cov:============>                      36%][Progress:>                             1%] [Cov:============>                      36%][Progress:>                             2%] [Cov:============>                      37%][Progress:>                             2%] [Cov:==============>                    40%][Progress:>                             3%] [Cov:==============>                    41%][Progress:==>                           8%] [Cov:===============>                   43%][Progress:==>                           8%] [Cov:===============>                   44%][Progress:==>                           9%] [Cov:===============>                   44%][Progress:==>                           9%] [Cov:================>                  46%][Progress:===>                          10%] [Cov:=================>                 49%][Progress:===>                          10%] [Cov:=================>                 49%][Progress:===>                          10%] [Cov:=================>                 50%][Progress:===>                          11%] [Cov:==================>                53%][Progress:===>                          11%] [Cov:==================>                53%][Progress:===>                          12%] [Cov:==================>                53%][Progress:===>                          12%] [Cov:==================>                53%][Progress:===>                          13%] [Cov:==================>                54%][Progress:=====>                        18%] [Cov:===================>               55%][Progress:=====>                        19%] [Cov:===================>               55%][Progress:========>                     29%] [Cov:===================>               55%][Progress:=========>                    30%] [Cov:===================>               56%][Progress:=========>                    30%] [Cov:===================>               57%][Progress:=========>                    31%] [Cov:===================>               57%][Progress:=========>                    31%] [Cov:===================>               57%][Progress:=========>                    32%] [Cov:===================>               57%][Progress:=========>                    32%] [Cov:===================>               57%][Progress:=========>                    33%] [Cov:====================>              58%][Progress:=========>                    33%] [Cov:====================>              58%][Progress:==========>                   34%] [Cov:====================>              59%][Progress:==========>                   34%] [Cov:====================>              59%][Progress:==========>                   35%] [Cov:====================>              59%][Progress:==========>                   35%] [Cov:====================>              59%][Progress:==========>                   36%] [Cov:====================>              59%][Progress:==========>                   36%] [Cov:====================>              59%][Progress:===========>                  37%] [Cov:====================>              59%][Progress:===========>                  37%] [Cov:=====================>             60%][Progress:===========>                  38%] [Cov:=====================>             60%][Progress:===========>                  38%] [Cov:=====================>             60%][Progress:============>                 43%] [Cov:=====================>             61%][Progress:================>             54%] [Cov:=====================>             61%][Progress:================>             54%] [Cov:=====================>             61%][Progress:================>             55%] [Cov:=====================>             61%][Progress:================>             55%] [Cov:=====================>             61%][Progress:==================>           60%] [Cov:=====================>             62%][Progress:==================>           61%] [Cov:=====================>             62%][Progress:==================>           61%] [Cov:======================>            63%][Progress:====================>         67%] [Cov:======================>            63%][Progress:====================>         67%] [Cov:======================>            63%][Progress:====================>         68%] [Cov:======================>            63%][Progress:====================>         68%] [Cov:======================>            63%][Progress:====================>         68%] [Cov:======================>            64%][Progress:====================>         69%] [Cov:======================>            64%][Progress:====================>         69%] [Cov:======================>            64%][Progress:=====================>        70%] [Cov:======================>            64%][Progress:=====================>        70%] [Cov:======================>            64%][Progress:======================>       75%] [Cov:======================>            64%][Progress:======================>       76%] [Cov:======================>            64%][Progress:========================>     81%] [Cov:======================>            64%][Progress:========================>     81%] [Cov:======================>            64%][Progress:==========================>   87%] [Cov:======================>            64%][Progress:==========================>   87%] [Cov:======================>            64%][Progress:==========================>   88%] [Cov:======================>            65%][Progress:==========================>   88%] [Cov:======================>            65%][Progress:===========================>  93%] [Cov:======================>            65%][Progress:=============================>99%] [Cov:======================>            65%][Progress:==============================100%] [Cov:======================>            65%]
* Search finished after 104s and 67 generations, 38557 statements, best individual has fitness: 1794.0
* Minimizing test suite
* Going to analyze the coverage criteria
* Coverage analysis for criterion BRANCH
* Coverage of criterion BRANCH: 60%
* Total number of goals: 1707
* Number of covered goals: 1030
* Coverage analysis for criterion LINE
* Coverage of criterion LINE: 54%
* Total number of goals: 981
* Number of covered goals: 533
* Coverage analysis for criterion OUTPUT
* Coverage of criterion OUTPUT: 50%
* Total number of goals: 4
* Number of covered goals: 2
* Coverage analysis for criterion METHOD
* Coverage of criterion METHOD: 100%
* Total number of goals: 11
* Number of covered goals: 11
* Coverage analysis for criterion CBRANCH
* Coverage of criterion CBRANCH: 60%
* Total number of goals: 1707
* Number of covered goals: 1027
* Generated 102 tests with total length 554
* Resulting test suite's coverage: 65% (average coverage for all fitness functions)
* Generating assertions
* Resulting test suite's mutation score: 19%
* Compiling and checking tests
[MASTER] 20:15:46.883 [logback-1] WARN  JUnitAnalyzer - Found unstable test named testGetNextTokenThrowsError() -> java.lang.AssertionError: Exception was not thrown in com.soops.CEN4010.JMCA.JParser.JavaParserTokenManager but in org.junit.jupiter.api.AssertionUtils.fail(AssertionUtils.java:39): org.opentest4j.AssertionFailedError: Expecting exception: Error
[MASTER] 20:16:14.520 [logback-1] WARN  JUnitAnalyzer - Found unstable test named testGetNextTokenThrowsError() -> java.lang.AssertionError: Exception was not thrown in com.soops.CEN4010.JMCA.JParser.JavaParserTokenManager but in org.junit.jupiter.api.AssertionUtils.fail(AssertionUtils.java:39): org.opentest4j.AssertionFailedError: Expecting exception: Error
[MASTER] 20:16:23.733 [logback-1] WARN  JUnitAnalyzer - Found unstable test named testGetNextTokenThrowsError() -> java.lang.AssertionError: Exception was not thrown in com.soops.CEN4010.JMCA.JParser.JavaParserTokenManager but in org.junit.jupiter.api.AssertionUtils.fail(AssertionUtils.java:39): org.opentest4j.AssertionFailedError: Expecting exception: Error
[MASTER] 20:16:26.810 [logback-1] WARN  JUnitAnalyzer - Found unstable test named testGetNextTokenThrowsError() -> java.lang.AssertionError: Exception was not thrown in com.soops.CEN4010.JMCA.JParser.JavaParserTokenManager but in org.junit.jupiter.api.AssertionUtils.fail(AssertionUtils.java:39): org.opentest4j.AssertionFailedError: Expecting exception: Error
[MASTER] 20:16:33.212 [logback-1] WARN  JUnitAnalyzer - Found unstable test named testGetNextTokenThrowsError() -> java.lang.AssertionError: Exception was not thrown in com.soops.CEN4010.JMCA.JParser.JavaParserTokenManager but in org.junit.jupiter.api.AssertionUtils.fail(AssertionUtils.java:39): org.opentest4j.AssertionFailedError: Expecting exception: Error
[MASTER] 20:16:36.307 [logback-1] WARN  JUnitAnalyzer - Found unstable test named testGetNextTokenThrowsError() -> java.lang.AssertionError: Exception was not thrown in com.soops.CEN4010.JMCA.JParser.JavaParserTokenManager but in org.junit.jupiter.api.AssertionUtils.fail(AssertionUtils.java:39): org.opentest4j.AssertionFailedError: Expecting exception: Error
[MASTER] 20:16:57.784 [logback-1] WARN  JUnitAnalyzer - Found unstable test named testGetNextTokenThrowsError() -> java.lang.AssertionError: Exception was not thrown in com.soops.CEN4010.JMCA.JParser.JavaParserTokenManager but in org.junit.jupiter.api.AssertionUtils.fail(AssertionUtils.java:39): org.opentest4j.AssertionFailedError: Expecting exception: Error
[MASTER] 20:18:17.540 [logback-1] WARN  JUnitAnalyzer - Found unstable test named testGetNextTokenThrowsError() -> java.lang.AssertionError: Exception was not thrown in com.soops.CEN4010.JMCA.JParser.JavaParserTokenManager but in org.junit.jupiter.api.AssertionUtils.fail(AssertionUtils.java:39): org.opentest4j.AssertionFailedError: Expecting exception: Error
[MASTER] 20:18:57.304 [logback-1] WARN  JUnitAnalyzer - Found unstable test named testCreatesJavaParserTokenManagerAndCallsGetNextToken() -> org.opentest4j.AssertionFailedError: expected: <7> but was: <6>
[MASTER] 20:19:09.566 [logback-1] WARN  JUnitAnalyzer - Found unstable test named testGetNextTokenThrowsError() -> java.lang.AssertionError: Exception was not thrown in com.soops.CEN4010.JMCA.JParser.JavaParserTokenManager but in org.junit.jupiter.api.AssertionUtils.fail(AssertionUtils.java:39): org.opentest4j.AssertionFailedError: Expecting exception: Error
[MASTER] 20:19:55.411 [logback-1] WARN  JUnitAnalyzer - Found unstable test named testGetNextTokenThrowsError() -> java.lang.AssertionError: Exception was not thrown in com.soops.CEN4010.JMCA.JParser.JavaParserTokenManager but in org.junit.jupiter.api.AssertionUtils.fail(AssertionUtils.java:39): org.opentest4j.AssertionFailedError: Expecting exception: Error
[MASTER] 20:19:58.480 [logback-1] WARN  JUnitAnalyzer - Found unstable test named testGetNextTokenThrowsError() -> java.lang.AssertionError: Exception was not thrown in com.soops.CEN4010.JMCA.JParser.JavaParserTokenManager but in org.junit.jupiter.api.AssertionUtils.fail(AssertionUtils.java:39): org.opentest4j.AssertionFailedError: Expecting exception: Error
[MASTER] 20:20:48.391 [logback-1] WARN  JUnitAnalyzer - Found unstable test named testCreatesJavaParserTokenManagerTakingJavaCharStream49() -> org.opentest4j.AssertionFailedError: expected: <7> but was: <6>
[MASTER] 20:20:48.391 [logback-1] WARN  JUnitAnalyzer - Found unstable test named testGetNextTokenThrowsErrorAndCreatesJavaParserTokenManagerTakingJavaCharStream10() -> java.lang.AssertionError: Exception was not thrown in com.soops.CEN4010.JMCA.JParser.JavaParserTokenManager but in org.junit.jupiter.api.AssertionUtils.fail(AssertionUtils.java:39): org.opentest4j.AssertionFailedError: Expecting exception: Error
[MASTER] 20:20:48.392 [logback-1] WARN  JUnitAnalyzer - Found unstable test named testGetNextTokenThrowsErrorAndCreatesJavaParserTokenManagerTakingJavaCharStream12() -> java.lang.AssertionError: Exception was not thrown in com.soops.CEN4010.JMCA.JParser.JavaParserTokenManager but in org.junit.jupiter.api.AssertionUtils.fail(AssertionUtils.java:39): org.opentest4j.AssertionFailedError: Expecting exception: Error
[MASTER] 20:20:48.392 [logback-1] WARN  JUnitAnalyzer - Found unstable test named testGetNextTokenThrowsErrorAndCreatesJavaParserTokenManagerTakingJavaCharStream14() -> java.lang.AssertionError: Exception was not thrown in com.soops.CEN4010.JMCA.JParser.JavaParserTokenManager but in org.junit.jupiter.api.AssertionUtils.fail(AssertionUtils.java:39): org.opentest4j.AssertionFailedError: Expecting exception: Error
[MASTER] 20:20:48.392 [logback-1] WARN  JUnitAnalyzer - Found unstable test named testGetNextTokenThrowsErrorAndCreatesJavaParserTokenManagerTakingJavaCharStream15() -> java.lang.AssertionError: Exception was not thrown in com.soops.CEN4010.JMCA.JParser.JavaParserTokenManager but in org.junit.jupiter.api.AssertionUtils.fail(AssertionUtils.java:39): org.opentest4j.AssertionFailedError: Expecting exception: Error
[MASTER] 20:20:48.393 [logback-1] WARN  JUnitAnalyzer - Found unstable test named testGetNextTokenThrowsErrorAndCreatesJavaParserTokenManagerTakingJavaCharStream0() -> java.lang.AssertionError: Exception was not thrown in com.soops.CEN4010.JMCA.JParser.JavaParserTokenManager but in org.junit.jupiter.api.AssertionUtils.fail(AssertionUtils.java:39): org.opentest4j.AssertionFailedError: Expecting exception: Error
[MASTER] 20:20:48.393 [logback-1] WARN  JUnitAnalyzer - Found unstable test named testGetNextTokenThrowsErrorAndCreatesJavaParserTokenManagerTakingJavaCharStream3() -> java.lang.AssertionError: Exception was not thrown in com.soops.CEN4010.JMCA.JParser.JavaParserTokenManager but in org.junit.jupiter.api.AssertionUtils.fail(AssertionUtils.java:39): org.opentest4j.AssertionFailedError: Expecting exception: Error
[MASTER] 20:20:48.393 [logback-1] WARN  JUnitAnalyzer - Found unstable test named testGetNextTokenThrowsErrorAndCreatesJavaParserTokenManagerTakingJavaCharStream4() -> java.lang.AssertionError: Exception was not thrown in com.soops.CEN4010.JMCA.JParser.JavaParserTokenManager but in org.junit.jupiter.api.AssertionUtils.fail(AssertionUtils.java:39): org.opentest4j.AssertionFailedError: Expecting exception: Error
[MASTER] 20:20:48.394 [logback-1] WARN  JUnitAnalyzer - Found unstable test named testGetNextTokenThrowsErrorAndCreatesJavaParserTokenManagerTakingJavaCharStream5() -> java.lang.AssertionError: Exception was not thrown in com.soops.CEN4010.JMCA.JParser.JavaParserTokenManager but in org.junit.jupiter.api.AssertionUtils.fail(AssertionUtils.java:39): org.opentest4j.AssertionFailedError: Expecting exception: Error
[MASTER] 20:20:48.394 [logback-1] WARN  JUnitAnalyzer - Found unstable test named testGetNextTokenThrowsErrorAndCreatesJavaParserTokenManagerTakingJavaCharStream6() -> java.lang.AssertionError: Exception was not thrown in com.soops.CEN4010.JMCA.JParser.JavaParserTokenManager but in org.junit.jupiter.api.AssertionUtils.fail(AssertionUtils.java:39): org.opentest4j.AssertionFailedError: Expecting exception: Error
[MASTER] 20:20:48.395 [logback-1] WARN  JUnitAnalyzer - Found unstable test named testGetNextTokenThrowsErrorAndCreatesJavaParserTokenManagerTakingJavaCharStream7() -> java.lang.AssertionError: Exception was not thrown in com.soops.CEN4010.JMCA.JParser.JavaParserTokenManager but in org.junit.jupiter.api.AssertionUtils.fail(AssertionUtils.java:39): org.opentest4j.AssertionFailedError: Expecting exception: Error
[MASTER] 20:20:48.395 [logback-1] WARN  JUnitAnalyzer - Found unstable test named testGetNextTokenThrowsErrorAndCreatesJavaParserTokenManagerTakingJavaCharStream8() -> java.lang.AssertionError: Exception was not thrown in com.soops.CEN4010.JMCA.JParser.JavaParserTokenManager but in org.junit.jupiter.api.AssertionUtils.fail(AssertionUtils.java:39): org.opentest4j.AssertionFailedError: Expecting exception: Error
[MASTER] 20:20:52.366 [logback-1] WARN  JUnitAnalyzer - Found unstable test named testCreatesJavaParserTokenManagerTakingJavaCharStream19() -> org.opentest4j.AssertionFailedError: expected: <7> but was: <6>
[MASTER] 20:20:52.367 [logback-1] WARN  JUnitAnalyzer - Found unstable test named testGetNextTokenThrowsErrorAndCreatesJavaParserTokenManagerTakingJavaCharStream10() -> java.lang.AssertionError: Exception was not thrown in com.soops.CEN4010.JMCA.JParser.JavaParserTokenManager but in org.junit.jupiter.api.AssertionUtils.fail(AssertionUtils.java:39): org.opentest4j.AssertionFailedError: Expecting exception: Error
[MASTER] 20:20:52.367 [logback-1] WARN  JUnitAnalyzer - Found unstable test named testGetNextTokenThrowsErrorAndCreatesJavaParserTokenManagerTakingJavaCharStream11() -> java.lang.AssertionError: Exception was not thrown in com.soops.CEN4010.JMCA.JParser.JavaParserTokenManager but in org.junit.jupiter.api.AssertionUtils.fail(AssertionUtils.java:39): org.opentest4j.AssertionFailedError: Expecting exception: Error
[MASTER] 20:20:52.367 [logback-1] WARN  JUnitAnalyzer - Found unstable test named testGetNextTokenThrowsErrorAndCreatesJavaParserTokenManagerTakingJavaCharStream12() -> java.lang.AssertionError: Exception was not thrown in com.soops.CEN4010.JMCA.JParser.JavaParserTokenManager but in org.junit.jupiter.api.AssertionUtils.fail(AssertionUtils.java:39): org.opentest4j.AssertionFailedError: Expecting exception: Error
[MASTER] 20:20:52.367 [logback-1] WARN  JUnitAnalyzer - Found unstable test named testGetNextTokenThrowsErrorAndCreatesJavaParserTokenManagerTakingJavaCharStream13() -> java.lang.AssertionError: Exception was not thrown in com.soops.CEN4010.JMCA.JParser.JavaParserTokenManager but in org.junit.jupiter.api.AssertionUtils.fail(AssertionUtils.java:39): org.opentest4j.AssertionFailedError: Expecting exception: Error
[MASTER] 20:20:52.368 [logback-1] WARN  JUnitAnalyzer - Found unstable test named testGetNextTokenThrowsErrorAndCreatesJavaParserTokenManagerTakingJavaCharStream16() -> java.lang.AssertionError: Exception was not thrown in com.soops.CEN4010.JMCA.JParser.JavaParserTokenManager but in org.junit.jupiter.api.AssertionUtils.fail(AssertionUtils.java:39): org.opentest4j.AssertionFailedError: Expecting exception: Error
[MASTER] 20:20:52.368 [logback-1] WARN  JUnitAnalyzer - Found unstable test named testGetNextTokenThrowsErrorAndCreatesJavaParserTokenManagerTakingJavaCharStream1() -> java.lang.AssertionError: Exception was not thrown in com.soops.CEN4010.JMCA.JParser.JavaParserTokenManager but in org.junit.jupiter.api.AssertionUtils.fail(AssertionUtils.java:39): org.opentest4j.AssertionFailedError: Expecting exception: Error
[MASTER] 20:20:52.368 [logback-1] WARN  JUnitAnalyzer - Found unstable test named testGetNextTokenThrowsErrorAndCreatesJavaParserTokenManagerTakingJavaCharStream2() -> java.lang.AssertionError: Exception was not thrown in com.soops.CEN4010.JMCA.JParser.JavaParserTokenManager but in org.junit.jupiter.api.AssertionUtils.fail(AssertionUtils.java:39): org.opentest4j.AssertionFailedError: Expecting exception: Error
[MASTER] 20:20:52.368 [logback-1] WARN  JUnitAnalyzer - Found unstable test named testGetNextTokenThrowsErrorAndCreatesJavaParserTokenManagerTakingJavaCharStream4() -> java.lang.AssertionError: Exception was not thrown in com.soops.CEN4010.JMCA.JParser.JavaParserTokenManager but in org.junit.jupiter.api.AssertionUtils.fail(AssertionUtils.java:39): org.opentest4j.AssertionFailedError: Expecting exception: Error
[MASTER] 20:20:52.368 [logback-1] WARN  JUnitAnalyzer - Found unstable test named testGetNextTokenThrowsErrorAndCreatesJavaParserTokenManagerTakingJavaCharStream6() -> java.lang.AssertionError: Exception was not thrown in com.soops.CEN4010.JMCA.JParser.JavaParserTokenManager but in org.junit.jupiter.api.AssertionUtils.fail(AssertionUtils.java:39): org.opentest4j.AssertionFailedError: Expecting exception: Error
[MASTER] 20:20:52.368 [logback-1] WARN  JUnitAnalyzer - Found unstable test named testGetNextTokenThrowsErrorAndCreatesJavaParserTokenManagerTakingJavaCharStream8() -> java.lang.AssertionError: Exception was not thrown in com.soops.CEN4010.JMCA.JParser.JavaParserTokenManager but in org.junit.jupiter.api.AssertionUtils.fail(AssertionUtils.java:39): org.opentest4j.AssertionFailedError: Expecting exception: Error
[MASTER] 20:20:52.369 [logback-1] WARN  JUnitAnalyzer - Found unstable test named testGetNextTokenThrowsErrorAndCreatesJavaParserTokenManagerTakingJavaCharStream9() -> java.lang.AssertionError: Exception was not thrown in com.soops.CEN4010.JMCA.JParser.JavaParserTokenManager but in org.junit.jupiter.api.AssertionUtils.fail(AssertionUtils.java:39): org.opentest4j.AssertionFailedError: Expecting exception: Error
* Permissions denied during test execution: 
  - java.lang.RuntimePermission: 
         writeFileDescriptor: 4
* Writing tests to file
* Writing JUnit test case 'JavaParserTokenManager_ESTest' to evosuite-tests
* Done!

* Computation finished
