* EvoSuite 1.2.0
* WARNING - Generating JUnit 5 tests with the option to use a separate classloader will result in not runnable tests. Set either -Dtest_format=JUNIT4 or -Duse_separate_classloader=false
* Going to generate test cases for class: com.soops.CEN4010.JMCA.JParser.JavaParserTokenManager
* Starting Client-0
* Properties loaded from /home/roham/Results-Utestgen/dataset/SF110-ES-res/19_jmca/evosuite-files/evosuite.properties
* Connecting to master process on port 13643
* Analyzing classpath: 
* Inheritance tree loaded from evosuite-files/inheritance.xml.gz
[MASTER] 08:00:56.710 [logback-1] WARN  InheritanceTree - Class not in inheritance graph: java.util.function.Consumer
[MASTER] 08:00:56.712 [logback-1] WARN  InheritanceTree - Class not in inheritance graph: java.util.function.Predicate
[MASTER] 08:00:56.712 [logback-1] WARN  InheritanceTree - Class not in inheritance graph: java.util.function.UnaryOperator
[MASTER] 08:00:56.716 [logback-1] WARN  InheritanceTree - Class not in inheritance graph: java.util.function.Function
* Finished analyzing classpath
* Generating tests for class com.soops.CEN4010.JMCA.JParser.JavaParserTokenManager
* Test criteria:
  - Branch Coverage
  - Line Coverage
  - Method-Output Coverage
  - Top-Level Method Coverage
  - Context Branch Coverage
* Total number of test goals for DYNAMOSA: 4410
* Using seed 1709798455113
* Starting evolution
[Progress:>                             0%] [Cov:>                                  0%]* Initial Number of Goals in DynaMOSA = 713 / 4410
[Progress:>                             0%] [Cov:=========>                         26%][Progress:>                             1%] [Cov:===========>                       34%][Progress:>                             1%] [Cov:==============>                    40%][Progress:>                             1%] [Cov:================>                  46%][Progress:>                             2%] [Cov:================>                  47%][Progress:>                             2%] [Cov:==================>                52%][Progress:==>                           8%] [Cov:==================>                52%][Progress:==>                           8%] [Cov:==================>                53%][Progress:==>                           9%] [Cov:==================>                53%][Progress:====>                         14%] [Cov:==================>                54%][Progress:=====>                        19%] [Cov:==================>                54%][Progress:======>                       20%] [Cov:===================>               55%][Progress:======>                       20%] [Cov:===================>               55%][Progress:======>                       21%] [Cov:===================>               55%][Progress:======>                       21%] [Cov:===================>               55%][Progress:======>                       21%] [Cov:===================>               56%][Progress:======>                       22%] [Cov:===================>               56%][Progress:======>                       22%] [Cov:===================>               57%][Progress:======>                       23%] [Cov:===================>               57%][Progress:======>                       23%] [Cov:===================>               57%][Progress:======>                       23%] [Cov:===================>               57%][Progress:======>                       23%] [Cov:====================>              58%][Progress:=======>                      24%] [Cov:====================>              58%][Progress:=======>                      24%] [Cov:====================>              58%][Progress:=======>                      24%] [Cov:====================>              58%][Progress:=======>                      25%] [Cov:====================>              58%][Progress:=======>                      25%] [Cov:=====================>             60%][Progress:=======>                      25%] [Cov:=====================>             60%][Progress:=======>                      26%] [Cov:=====================>             60%][Progress:=======>                      26%] [Cov:=====================>             60%][Progress:========>                     27%] [Cov:=====================>             61%][Progress:========>                     27%] [Cov:=====================>             61%][Progress:========>                     27%] [Cov:=====================>             61%][Progress:========>                     28%] [Cov:=====================>             61%][Progress:========>                     28%] [Cov:=====================>             61%][Progress:========>                     28%] [Cov:=====================>             62%][Progress:========>                     29%] [Cov:=====================>             62%][Progress:========>                     29%] [Cov:=====================>             62%][Progress:========>                     29%] [Cov:=====================>             62%][Progress:=========>                    30%] [Cov:=====================>             62%][Progress:=========>                    30%] [Cov:=====================>             62%][Progress:=========>                    30%] [Cov:=====================>             62%][Progress:============>                 41%] [Cov:=====================>             62%][Progress:============>                 41%] [Cov:=====================>             62%][Progress:=============>                46%] [Cov:=====================>             62%][Progress:=============>                46%] [Cov:=====================>             62%][Progress:==============>               47%] [Cov:======================>            63%][Progress:==============>               47%] [Cov:======================>            63%][Progress:==============>               47%] [Cov:======================>            63%][Progress:==============>               48%] [Cov:======================>            63%][Progress:==============>               48%] [Cov:======================>            63%][Progress:==============>               48%] [Cov:======================>            64%][Progress:==============>               49%] [Cov:======================>            64%][Progress:================>             54%] [Cov:======================>            64%][Progress:================>             54%] [Cov:======================>            64%][Progress:================>             55%] [Cov:======================>            64%][Progress:================>             55%] [Cov:======================>            64%][Progress:================>             55%] [Cov:======================>            64%][Progress:================>             56%] [Cov:======================>            64%][Progress:================>             56%] [Cov:======================>            65%][Progress:================>             56%] [Cov:======================>            65%][Progress:=================>            57%] [Cov:======================>            65%][Progress:=================>            57%] [Cov:======================>            65%][Progress:=================>            57%] [Cov:======================>            65%][Progress:=================>            58%] [Cov:======================>            65%][Progress:=================>            58%] [Cov:======================>            65%][Progress:==================>           63%] [Cov:======================>            65%][Progress:====================>         69%] [Cov:======================>            65%][Progress:====================>         69%] [Cov:======================>            65%][Progress:====================>         69%] [Cov:=======================>           66%][Progress:=====================>        70%] [Cov:=======================>           66%][Progress:=====================>        70%] [Cov:=======================>           66%][Progress:======================>       75%] [Cov:=======================>           66%][Progress:======================>       76%] [Cov:=======================>           66%][Progress:======================>       76%] [Cov:=======================>           67%][Progress:======================>       76%] [Cov:=======================>           67%][Progress:========================>     82%] [Cov:=======================>           67%][Progress:========================>     82%] [Cov:=======================>           68%][Progress:========================>     82%] [Cov:=======================>           68%][Progress:========================>     83%] [Cov:=======================>           68%][Progress:========================>     83%] [Cov:=======================>           68%][Progress:========================>     83%] [Cov:=======================>           68%][Progress:==========================>   88%] [Cov:=======================>           68%][Progress:==========================>   89%] [Cov:=======================>           68%][Progress:==========================>   89%] [Cov:=======================>           68%][Progress:==========================>   89%] [Cov:=======================>           68%][Progress:==========================>   89%] [Cov:=======================>           68%][Progress:===========================>  90%] [Cov:=======================>           68%][Progress:===========================>  91%] [Cov:=======================>           68%][Progress:===========================>  92%] [Cov:=======================>           68%][Progress:===========================>  92%] [Cov:=======================>           68%][Progress:===========================>  92%] [Cov:=======================>           68%][Progress:===========================>  92%] [Cov:=======================>           68%][Progress:===========================>  93%] [Cov:=======================>           68%][Progress:=============================>98%] [Cov:=======================>           68%][Progress:=============================>98%] [Cov:=======================>           68%][Progress:=============================>99%] [Cov:=======================>           68%][Progress:=============================>99%] [Cov:=======================>           68%][Progress:==============================100%] [Cov:=======================>           68%]
* Search finished after 106s and 98 generations, 52763 statements, best individual has fitness: 1538.0
* Minimizing test suite
* Going to analyze the coverage criteria
* Coverage analysis for criterion BRANCH
* Coverage of criterion BRANCH: 65%
* Total number of goals: 1707
* Number of covered goals: 1106
* Coverage analysis for criterion LINE
* Coverage of criterion LINE: 63%
* Total number of goals: 981
* Number of covered goals: 619
* Coverage analysis for criterion OUTPUT
* Coverage of criterion OUTPUT: 50%
* Total number of goals: 4
* Number of covered goals: 2
* Coverage analysis for criterion METHOD
* Coverage of criterion METHOD: 100%
* Total number of goals: 11
* Number of covered goals: 11
* Coverage analysis for criterion CBRANCH
* Coverage of criterion CBRANCH: 65%
* Total number of goals: 1707
* Number of covered goals: 1103
* Generated 141 tests with total length 730
* Resulting test suite's coverage: 69% (average coverage for all fitness functions)
* Generating assertions
* Resulting test suite's mutation score: 21%
* Compiling and checking tests
[MASTER] 08:04:55.932 [logback-1] WARN  JUnitAnalyzer - Found unstable test named testGetNextTokenThrowsError() -> java.lang.AssertionError: Exception was not thrown in com.soops.CEN4010.JMCA.JParser.JavaParserTokenManager but in org.junit.jupiter.api.AssertionUtils.fail(AssertionUtils.java:39): org.opentest4j.AssertionFailedError: Expecting exception: Error
[MASTER] 08:05:14.298 [logback-1] WARN  JUnitAnalyzer - Found unstable test named testGetNextTokenThrowsError() -> java.lang.AssertionError: Exception was not thrown in com.soops.CEN4010.JMCA.JParser.JavaParserTokenManager but in org.junit.jupiter.api.AssertionUtils.fail(AssertionUtils.java:39): org.opentest4j.AssertionFailedError: Expecting exception: Error
[MASTER] 08:10:32.185 [logback-1] WARN  JUnitAnalyzer - Found unstable test named testCreatesJavaParserTokenManagerAndCallsGetNextToken() -> org.opentest4j.AssertionFailedError: expected: <1> but was: <0>
[MASTER] 08:10:51.688 [logback-1] WARN  JUnitAnalyzer - Found unstable test named testCreatesJavaParserTokenManagerTakingJavaCharStream117() -> org.opentest4j.AssertionFailedError: expected: <1> but was: <0>
[MASTER] 08:10:51.689 [logback-1] WARN  JUnitAnalyzer - Found unstable test named testGetNextTokenThrowsErrorAndCreatesJavaParserTokenManagerTakingJavaCharStream2() -> java.lang.AssertionError: Exception was not thrown in com.soops.CEN4010.JMCA.JParser.JavaParserTokenManager but in org.junit.jupiter.api.AssertionUtils.fail(AssertionUtils.java:39): org.opentest4j.AssertionFailedError: Expecting exception: Error
[MASTER] 08:10:51.690 [logback-1] WARN  JUnitAnalyzer - Found unstable test named testGetNextTokenThrowsErrorAndCreatesJavaParserTokenManagerTakingJavaCharStream3() -> java.lang.AssertionError: Exception was not thrown in com.soops.CEN4010.JMCA.JParser.JavaParserTokenManager but in org.junit.jupiter.api.AssertionUtils.fail(AssertionUtils.java:39): org.opentest4j.AssertionFailedError: Expecting exception: Error
[MASTER] 08:10:55.781 [logback-1] WARN  JUnitAnalyzer - Found unstable test named testCreatesJavaParserTokenManagerTakingJavaCharStream0() -> org.opentest4j.AssertionFailedError: expected: <1> but was: <0>
[MASTER] 08:10:55.781 [logback-1] WARN  JUnitAnalyzer - Found unstable test named testGetNextTokenThrowsErrorAndCreatesJavaParserTokenManagerTakingJavaCharStream5() -> java.lang.AssertionError: Exception was not thrown in com.soops.CEN4010.JMCA.JParser.JavaParserTokenManager but in org.junit.jupiter.api.AssertionUtils.fail(AssertionUtils.java:39): org.opentest4j.AssertionFailedError: Expecting exception: Error
[MASTER] 08:10:55.782 [logback-1] WARN  JUnitAnalyzer - Found unstable test named testGetNextTokenThrowsErrorAndCreatesJavaParserTokenManagerTakingJavaCharStream6() -> java.lang.AssertionError: Exception was not thrown in com.soops.CEN4010.JMCA.JParser.JavaParserTokenManager but in org.junit.jupiter.api.AssertionUtils.fail(AssertionUtils.java:39): org.opentest4j.AssertionFailedError: Expecting exception: Error
* Permissions denied during test execution: 
  - java.lang.RuntimePermission: 
         writeFileDescriptor: 3
* Writing tests to file
* Writing JUnit test case 'JavaParserTokenManager_ESTest' to evosuite-tests
* Done!

* Computation finished
