To honour the JVM settings for this build a single-use Daemon process will be forked. For more on this, please refer to https://docs.gradle.org/8.6/userguide/gradle_daemon.html#sec:disabling_the_daemon in the Gradle documentation.
Daemon will be stopped at the end of the build 

> Task :compileJava

> Task :processResources NO-SOURCE
> Task :classes
> Task :jar
> Task :assemble

> Task :compileTestJava

> Task :processTestResources NO-SOURCE
> Task :testClasses

> Task :test

ClassInfo_ESTest > testCreatesClassInfoTakingStringAndCallsPrintMethodsTakingNoArguments() FAILED
    org.opentest4j.AssertionFailedError at ClassInfo_ESTest.java:328

ClassInfo_ESTest > testPrintMethodsTakingInt() FAILED
    org.opentest4j.AssertionFailedError at ClassInfo_ESTest.java:296


> Task :test

ClassInfo_ESTest > testGetFoundMethodThrowsStringIndexOutOfBoundsException() FAILED
    org.opentest4j.AssertionFailedError at ClassInfo_ESTest.java:209

ClassInfo_ESTest > testPrintMethodsTakingNoArguments() FAILED
    org.opentest4j.AssertionFailedError at ClassInfo_ESTest.java:122

ClassInfo_ESTest > testCreatesClassInfoTakingStringAndCallsPrintMethodsTakingInt() FAILED
    org.opentest4j.AssertionFailedError at ClassInfo_ESTest.java:305

ClassViewer_ESTest > testMainThrowsHeadlessException() FAILED
    org.opentest4j.AssertionFailedError at ClassViewer_ESTest.java:52

SAXDirParser_ESTest > testGetDirectory() FAILED
    org.opentest4j.AssertionFailedError at SAXDirParser_ESTest.java:305

SAXDirParser_ESTest > testGetLocalBrowserReturningNonEmptyString() FAILED
    org.opentest4j.AssertionFailedError at SAXDirParser_ESTest.java:133

SAXDirParser_ESTest > testLineNumberParameterReturningNonEmptyString() FAILED
    org.opentest4j.AssertionFailedError at SAXDirParser_ESTest.java:193

SAXDirParser_ESTest > testLineNumberParameterReturningEmptyString() FAILED
    org.opentest4j.AssertionFailedError at SAXDirParser_ESTest.java:279

SAXDirParser_ESTest > testCharactersAndStartElementAndCharactersWithPositiveAndStartElementWithEmptyString0() FAILED
    org.opentest4j.AssertionFailedError at SAXDirParser_ESTest.java:96

SAXDirParser_ESTest > testCharactersAndStartElementAndCharactersWithPositiveAndStartElementWithEmptyString1() FAILED
    org.opentest4j.AssertionFailedError at SAXDirParser_ESTest.java:115

SAXDirParser_ESTest > testCharactersAndStartElementAndCharactersWithPositiveAndStartElementWithEmptyString2() FAILED
    org.opentest4j.AssertionFailedError at SAXDirParser_ESTest.java:242

ClassInfo_ESTest > initializationError FAILED
    org.junit.runners.model.InvalidTestClassError at ParentRunner.java:525

ClassViewer_ESTest > initializationError FAILED
    org.junit.runners.model.InvalidTestClassError at ParentRunner.java:525

SAXDirParser_ESTest > initializationError FAILED
    org.junit.runners.model.InvalidTestClassError at ParentRunner.java:525
There were failing tests. See the report at: file:///home/roham/Results-Utestgen/dataset/SF110-new-UTestGen-src/91_classviewer/build/reports/tests/test/index.html

> Task :jacocoTestReport
> Task :check
> Task :build

Deprecated Gradle features were used in this build, making it incompatible with Gradle 9.0.

You can use '--warning-mode all' to show the individual deprecation warnings and determine if they come from your own scripts or plugins.

For more on this, please refer to https://docs.gradle.org/8.6/userguide/command_line_interface.html#sec:command_line_warnings in the Gradle documentation.

BUILD SUCCESSFUL in 43s
5 actionable tasks: 5 executed
