* EvoSuite 1.0.0-SNAPSHOT
* Going to generate test cases for class: com.lts.swing.combobox.SimpleComboBox
* Starting Client-0
* Properties loaded from /home/roham/Results-Utestgen/dataset/SF110-new-res/78_caloriecount/evosuite-files/evosuite.properties
* Connecting to master process on port 9527
* Analyzing classpath: 
* Inheritance tree loaded from evosuite-files/inheritance.xml.gz
[MASTER] 15:29:13.095 [logback-1] WARN  InheritanceTree - Class not in inheritance graph: java.util.function.Consumer
[MASTER] 15:29:13.098 [logback-1] WARN  InheritanceTree - Class not in inheritance graph: java.util.function.Predicate
[MASTER] 15:29:13.200 [logback-1] WARN  InheritanceTree - Class not in inheritance graph: java.util.function.UnaryOperator
[MASTER] 15:29:13.232 [logback-1] WARN  InheritanceTree - Class not in inheritance graph: java.util.function.BiFunction
[MASTER] 15:29:13.233 [logback-1] WARN  InheritanceTree - Class not in inheritance graph: java.util.function.Function
[MASTER] 15:29:13.235 [logback-1] WARN  InheritanceTree - Class not in inheritance graph: java.util.function.BiConsumer
[MASTER] 15:29:15.698 [logback-1] WARN  InheritanceTree - Class not in inheritance graph: java.time.ZoneId
[MASTER] 15:29:15.804 [logback-1] WARN  InheritanceTree - Class not in inheritance graph: java.time.temporal.Temporal
[MASTER] 15:29:15.806 [logback-1] WARN  InheritanceTree - Class not in inheritance graph: java.time.temporal.TemporalAccessor
[MASTER] 15:29:15.806 [logback-1] WARN  InheritanceTree - Class not in inheritance graph: java.time.temporal.TemporalField
[MASTER] 15:29:15.807 [logback-1] WARN  InheritanceTree - Class not in inheritance graph: java.time.temporal.TemporalUnit
[MASTER] 15:29:15.808 [logback-1] WARN  InheritanceTree - Class not in inheritance graph: java.time.temporal.TemporalAmount
[MASTER] 15:29:15.808 [logback-1] WARN  InheritanceTree - Class not in inheritance graph: java.time.Clock
[MASTER] 15:29:15.809 [logback-1] WARN  InheritanceTree - Class not in inheritance graph: java.time.temporal.TemporalQuery
[MASTER] 15:29:15.810 [logback-1] WARN  InheritanceTree - Class not in inheritance graph: java.time.temporal.TemporalAdjuster
[MASTER] 15:29:15.825 [logback-1] WARN  InheritanceTree - Class not in inheritance graph: java.time.chrono.Chronology
[MASTER] 15:29:15.843 [logback-1] WARN  InheritanceTree - Class not in inheritance graph: java.time.chrono.Era
* Finished analyzing classpath
* Generating tests for class com.lts.swing.combobox.SimpleComboBox
* Test criteria:
  - Branch Coverage
  - Line Coverage
  - Method-Output Coverage
  - Top-Level Method Coverage
  - Context Branch Coverage
* Total number of test goals for DYNAMOSA: 109
* Using seed 1710257350084
[Progress:>                             0%] [Cov:>                                  0%]* Starting evolution
* Initial Number of Goals in DynaMOSA = 30 / 109
[MASTER] 15:29:19.024 [logback-1] WARN  TestCluster - Failed to check cache for java.util.Comparator<T> : Type points to itself
[Progress:>                             2%] [Cov:===============>                   45%][Progress:>                             3%] [Cov:===============>                   45%][Progress:>                             3%] [Cov:===============>                   45%][Progress:=>                            4%] [Cov:===================>               55%][Progress:=>                            4%] [Cov:===================>               55%][Progress:=>                            5%] [Cov:=======================>           68%][Progress:=>                            5%] [Cov:=======================>           68%][Progress:=>                            6%] [Cov:=======================>           68%][Progress:=>                            6%] [Cov:=======================>           68%][Progress:=>                            6%] [Cov:=======================>           68%][Progress:==>                           7%] [Cov:=======================>           68%][Progress:==>                           7%] [Cov:=======================>           68%][Progress:==>                           7%] [Cov:=======================>           68%][Progress:==>                           7%] [Cov:=========================>         73%][Progress:==>                           8%] [Cov:===========================>       78%][Progress:==>                           8%] [Cov:===========================>       78%][Progress:==>                           8%] [Cov:===========================>       78%][MASTER] 15:29:25.770 [logback-1] WARN  TestCluster - Failed to check cache for javax.swing.JComboBox<E>.KeySelectionManager : Type points to itself
[Progress:==>                           9%] [Cov:===========================>       78%][Progress:==>                           9%] [Cov:===========================>       78%][Progress:==>                           9%] [Cov:===========================>       78%][Progress:===>                          10%] [Cov:===========================>       78%][Progress:===>                          10%] [Cov:===========================>       78%][Progress:===>                          10%] [Cov:===========================>       78%][Progress:===>                          10%] [Cov:===========================>       78%][Progress:===>                          10%] [Cov:=============================>     83%][Progress:===>                          11%] [Cov:=============================>     83%][Progress:===>                          11%] [Cov:=============================>     83%][Progress:===>                          11%] [Cov:=============================>     83%][Progress:===>                          12%] [Cov:=============================>     83%][Progress:===>                          12%] [Cov:=============================>     83%][Progress:===>                          12%] [Cov:=============================>     83%][Progress:===>                          12%] [Cov:=============================>     83%][Progress:===>                          13%] [Cov:=============================>     83%][Progress:===>                          13%] [Cov:=============================>     83%][Progress:===>                          13%] [Cov:=============================>     83%][Progress:===>                          13%] [Cov:=============================>     83%][Progress:====>                         14%] [Cov:=============================>     83%][Progress:====>                         14%] [Cov:=============================>     83%][Progress:====>                         14%] [Cov:=============================>     83%][Progress:=====>                        19%] [Cov:=============================>     83%][Progress:======>                       20%] [Cov:=============================>     83%][Progress:======>                       20%] [Cov:=============================>     83%][Progress:======>                       20%] [Cov:=============================>     83%][Progress:======>                       21%] [Cov:=============================>     83%][Progress:======>                       21%] [Cov:=============================>     83%][Progress:======>                       21%] [Cov:=============================>     83%][Progress:======>                       21%] [Cov:=============================>     83%][Progress:======>                       21%] [Cov:=============================>     83%][Progress:======>                       22%] [Cov:=============================>     83%][Progress:======>                       22%] [Cov:=============================>     83%][Progress:======>                       22%] [Cov:=============================>     83%][Progress:======>                       22%] [Cov:=============================>     83%][Progress:======>                       22%] [Cov:=============================>     83%][Progress:======>                       23%] [Cov:=============================>     83%][Progress:======>                       23%] [Cov:=============================>     83%][Progress:======>                       23%] [Cov:=============================>     83%][Progress:======>                       23%] [Cov:=============================>     83%][Progress:======>                       23%] [Cov:=============================>     83%][Progress:=======>                      24%] [Cov:=============================>     83%][Progress:=======>                      24%] [Cov:=============================>     83%][Progress:=======>                      24%] [Cov:=============================>     83%][Progress:=======>                      24%] [Cov:=============================>     83%][Progress:=======>                      25%] [Cov:=============================>     83%][Progress:=======>                      25%] [Cov:=============================>     83%][Progress:=======>                      25%] [Cov:=============================>     83%][Progress:=======>                      25%] [Cov:=============================>     83%][Progress:=======>                      25%] [Cov:=============================>     83%][Progress:=======>                      26%] [Cov:=============================>     83%][Progress:=======>                      26%] [Cov:=============================>     83%][Progress:=======>                      26%] [Cov:=============================>     83%][Progress:=======>                      26%] [Cov:=============================>     83%][Progress:=======>                      26%] [Cov:=============================>     83%][Progress:========>                     27%] [Cov:=============================>     83%][Progress:========>                     27%] [Cov:=============================>     83%][Progress:========>                     27%] [Cov:=============================>     83%][Progress:========>                     27%] [Cov:=============================>     83%][Progress:========>                     28%] [Cov:=============================>     83%][Progress:========>                     28%] [Cov:=============================>     83%][Progress:========>                     28%] [Cov:=============================>     83%][Progress:========>                     28%] [Cov:=============================>     83%][Progress:========>                     28%] [Cov:=============================>     83%][Progress:========>                     28%] [Cov:=============================>     83%][Progress:========>                     29%] [Cov:=============================>     83%][Progress:========>                     29%] [Cov:=============================>     83%][Progress:========>                     29%] [Cov:=============================>     83%][Progress:========>                     29%] [Cov:=============================>     83%][Progress:========>                     29%] [Cov:=============================>     83%][Progress:========>                     29%] [Cov:=============================>     83%][Progress:=========>                    30%] [Cov:=============================>     83%][Progress:=========>                    30%] [Cov:=============================>     83%][Progress:=========>                    30%] [Cov:=============================>     83%][Progress:=========>                    30%] [Cov:=============================>     83%][Progress:=========>                    30%] [Cov:=============================>     83%][Progress:=========>                    31%] [Cov:=============================>     83%][Progress:=========>                    31%] [Cov:=============================>     83%][Progress:=========>                    31%] [Cov:=============================>     83%][Progress:=========>                    31%] [Cov:=============================>     83%][Progress:=========>                    31%] [Cov:=============================>     83%][MASTER] 15:29:48.782 [logback-1] WARN  TestCluster - Failed to check cache for javax.swing.RowFilter<M, I>.ComparisonType : Type points to itself
[Progress:=========>                    32%] [Cov:=============================>     83%][Progress:=========>                    32%] [Cov:=============================>     83%][Progress:=========>                    32%] [Cov:=============================>     83%][Progress:=========>                    32%] [Cov:=============================>     83%][Progress:=========>                    32%] [Cov:=============================>     83%][Progress:=========>                    32%] [Cov:=============================>     83%][Progress:=========>                    33%] [Cov:=============================>     83%][Progress:=========>                    33%] [Cov:=============================>     83%][Progress:=========>                    33%] [Cov:=============================>     83%][Progress:=========>                    33%] [Cov:=============================>     83%][Progress:=========>                    33%] [Cov:=============================>     83%][Progress:=========>                    33%] [Cov:=============================>     83%][Progress:=========>                    33%] [Cov:=============================>     83%][Progress:==========>                   34%] [Cov:=============================>     83%][Progress:==========>                   34%] [Cov:=============================>     83%][Progress:==========>                   34%] [Cov:=============================>     83%][Progress:==========>                   34%] [Cov:=============================>     83%][Progress:==========>                   34%] [Cov:=============================>     83%][Progress:==========>                   34%] [Cov:=============================>     83%][Progress:==========>                   34%] [Cov:=============================>     83%][Progress:==========>                   35%] [Cov:=============================>     83%][Progress:==========>                   35%] [Cov:=============================>     83%][Progress:==========>                   35%] [Cov:=============================>     83%][Progress:==========>                   35%] [Cov:=============================>     83%][Progress:==========>                   35%] [Cov:=============================>     83%][Progress:==========>                   36%] [Cov:=============================>     83%][Progress:==========>                   36%] [Cov:=============================>     83%][Progress:==========>                   36%] [Cov:=============================>     83%][Progress:==========>                   36%] [Cov:=============================>     83%][Progress:==========>                   36%] [Cov:=============================>     83%][Progress:==========>                   36%] [Cov:=============================>     83%][Progress:===========>                  37%] [Cov:=============================>     83%][Progress:===========>                  37%] [Cov:=============================>     83%][Progress:===========>                  37%] [Cov:=============================>     83%][Progress:===========>                  37%] [Cov:=============================>     83%][Progress:===========>                  37%] [Cov:=============================>     83%][Progress:===========>                  37%] [Cov:=============================>     83%][Progress:===========>                  38%] [Cov:=============================>     83%][Progress:===========>                  38%] [Cov:=============================>     83%][Progress:===========>                  38%] [Cov:=============================>     83%][Progress:===========>                  38%] [Cov:=============================>     83%][Progress:===========>                  38%] [Cov:=============================>     83%][Progress:===========>                  38%] [Cov:=============================>     83%][Progress:===========>                  39%] [Cov:=============================>     83%][Progress:===========>                  39%] [Cov:=============================>     83%][Progress:===========>                  39%] [Cov:=============================>     83%][Progress:===========>                  39%] [Cov:=============================>     83%][Progress:===========>                  39%] [Cov:=============================>     83%][Progress:===========>                  39%] [Cov:=============================>     83%][Progress:============>                 41%] [Cov:=============================>     83%][Progress:============>                 41%] [Cov:=============================>     83%][Progress:============>                 41%] [Cov:=============================>     83%][Progress:============>                 41%] [Cov:=============================>     83%][Progress:============>                 41%] [Cov:=============================>     83%][Progress:============>                 41%] [Cov:=============================>     83%][Progress:============>                 42%] [Cov:=============================>     83%][Progress:============>                 42%] [Cov:=============================>     83%][Progress:============>                 42%] [Cov:=============================>     83%][Progress:============>                 42%] [Cov:=============================>     83%][Progress:============>                 42%] [Cov:=============================>     83%][Progress:============>                 42%] [Cov:=============================>     83%][Progress:============>                 43%] [Cov:=============================>     83%][Progress:============>                 43%] [Cov:=============================>     83%][Progress:============>                 43%] [Cov:=============================>     83%][Progress:============>                 43%] [Cov:=============================>     83%][Progress:============>                 43%] [Cov:=============================>     83%][Progress:=============>                44%] [Cov:=============================>     83%][Progress:=============>                44%] [Cov:=============================>     83%][Progress:=============>                44%] [Cov:=============================>     83%][Progress:=============>                44%] [Cov:=============================>     83%][Progress:=============>                44%] [Cov:=============================>     83%][Progress:=============>                44%] [Cov:=============================>     83%][Progress:=============>                45%] [Cov:=============================>     83%][Progress:=============>                45%] [Cov:=============================>     83%][Progress:=============>                45%] [Cov:=============================>     83%][Progress:=============>                45%] [Cov:=============================>     83%][Progress:=============>                45%] [Cov:=============================>     83%][Progress:=============>                45%] [Cov:=============================>     83%][Progress:=============>                45%] [Cov:=============================>     83%][Progress:=============>                46%] [Cov:=============================>     83%][Progress:=============>                46%] [Cov:=============================>     83%][Progress:=============>                46%] [Cov:=============================>     83%][Progress:=============>                46%] [Cov:=============================>     83%][Progress:=============>                46%] [Cov:=============================>     83%][Progress:=============>                46%] [Cov:=============================>     83%][Progress:=============>                46%] [Cov:=============================>     83%][Progress:==============>               47%] [Cov:=============================>     83%][Progress:==============>               47%] [Cov:=============================>     83%][Progress:==============>               47%] [Cov:=============================>     83%][Progress:==============>               47%] [Cov:=============================>     83%][Progress:==============>               47%] [Cov:=============================>     83%][Progress:==============>               47%] [Cov:=============================>     83%][Progress:==============>               47%] [Cov:=============================>     83%][Progress:==============>               48%] [Cov:=============================>     83%][Progress:==============>               48%] [Cov:=============================>     83%][Progress:==============>               48%] [Cov:=============================>     83%][Progress:==============>               48%] [Cov:=============================>     83%][Progress:==============>               48%] [Cov:=============================>     83%][Progress:==============>               49%] [Cov:=============================>     83%][Progress:==============>               49%] [Cov:=============================>     83%][Progress:==============>               49%] [Cov:=============================>     83%][Progress:==============>               49%] [Cov:=============================>     83%][Progress:==============>               49%] [Cov:=============================>     83%][Progress:==============>               49%] [Cov:=============================>     83%][Progress:===============>              50%] [Cov:=============================>     83%][Progress:===============>              50%] [Cov:=============================>     83%][Progress:===============>              50%] [Cov:=============================>     83%][Progress:===============>              50%] [Cov:=============================>     83%][Progress:===============>              50%] [Cov:=============================>     83%][Progress:===============>              50%] [Cov:=============================>     83%][Progress:===============>              51%] [Cov:=============================>     83%][Progress:===============>              51%] [Cov:=============================>     83%][Progress:===============>              51%] [Cov:=============================>     83%][Progress:===============>              51%] [Cov:=============================>     83%][Progress:===============>              51%] [Cov:=============================>     83%][Progress:===============>              51%] [Cov:=============================>     83%][Progress:===============>              52%] [Cov:=============================>     83%][Progress:===============>              52%] [Cov:=============================>     83%][Progress:===============>              52%] [Cov:=============================>     83%][Progress:===============>              52%] [Cov:=============================>     83%][Progress:===============>              52%] [Cov:=============================>     83%][Progress:===============>              53%] [Cov:=============================>     83%][Progress:===============>              53%] [Cov:=============================>     83%][Progress:===============>              53%] [Cov:=============================>     83%][Progress:===============>              53%] [Cov:=============================>     83%][Progress:===============>              53%] [Cov:=============================>     83%][Progress:===============>              53%] [Cov:=============================>     83%][Progress:===============>              53%] [Cov:=============================>     83%][Progress:================>             54%] [Cov:=============================>     83%][Progress:================>             54%] [Cov:=============================>     83%][Progress:================>             54%] [Cov:=============================>     83%][Progress:================>             54%] [Cov:=============================>     83%][Progress:================>             54%] [Cov:=============================>     83%][Progress:================>             54%] [Cov:=============================>     83%][Progress:================>             54%] [Cov:=============================>     83%][Progress:================>             55%] [Cov:=============================>     83%][Progress:================>             55%] [Cov:=============================>     83%][Progress:================>             55%] [Cov:=============================>     83%][Progress:================>             55%] [Cov:=============================>     83%][Progress:================>             55%] [Cov:=============================>     83%][Progress:================>             55%] [Cov:=============================>     83%][Progress:================>             56%] [Cov:=============================>     83%][Progress:================>             56%] [Cov:=============================>     83%][Progress:================>             56%] [Cov:=============================>     83%][Progress:================>             56%] [Cov:=============================>     83%][Progress:================>             56%] [Cov:=============================>     83%][Progress:================>             56%] [Cov:=============================>     83%][Progress:=================>            57%] [Cov:=============================>     83%][Progress:=================>            57%] [Cov:=============================>     83%][Progress:=================>            57%] [Cov:=============================>     83%][Progress:=================>            57%] [Cov:=============================>     83%][Progress:=================>            57%] [Cov:=============================>     83%][Progress:=================>            57%] [Cov:=============================>     83%][Progress:=================>            57%] [Cov:=============================>     83%][Progress:=================>            58%] [Cov:=============================>     83%][Progress:=================>            58%] [Cov:=============================>     83%][Progress:=================>            58%] [Cov:=============================>     83%][Progress:=================>            58%] [Cov:=============================>     83%][Progress:=================>            58%] [Cov:=============================>     83%][Progress:=================>            58%] [Cov:=============================>     83%][Progress:=================>            58%] [Cov:=============================>     83%][Progress:=================>            59%] [Cov:=============================>     83%][Progress:=================>            59%] [Cov:=============================>     83%][Progress:=================>            59%] [Cov:=============================>     83%][Progress:=================>            59%] [Cov:=============================>     83%][Progress:=================>            59%] [Cov:=============================>     83%][Progress:=================>            59%] [Cov:=============================>     83%][Progress:=================>            59%] [Cov:=============================>     83%][Progress:==================>           60%] [Cov:=============================>     83%][Progress:==================>           60%] [Cov:=============================>     83%][Progress:==================>           60%] [Cov:=============================>     83%][Progress:==================>           60%] [Cov:=============================>     83%][Progress:==================>           60%] [Cov:=============================>     83%][Progress:==================>           60%] [Cov:=============================>     83%][Progress:==================>           61%] [Cov:=============================>     83%][Progress:==================>           61%] [Cov:=============================>     83%][Progress:==================>           61%] [Cov:=============================>     83%][Progress:==================>           61%] [Cov:=============================>     83%][Progress:==================>           61%] [Cov:=============================>     83%][Progress:==================>           61%] [Cov:=============================>     83%][Progress:==================>           61%] [Cov:=============================>     83%][Progress:==================>           62%] [Cov:=============================>     83%][Progress:==================>           62%] [Cov:=============================>     83%][Progress:==================>           62%] [Cov:=============================>     83%][Progress:==================>           62%] [Cov:=============================>     83%][Progress:==================>           62%] [Cov:=============================>     83%][Progress:==================>           62%] [Cov:=============================>     83%][Progress:==================>           63%] [Cov:=============================>     83%][Progress:==================>           63%] [Cov:=============================>     83%][Progress:==================>           63%] [Cov:=============================>     83%][Progress:==================>           63%] [Cov:=============================>     83%][Progress:==================>           63%] [Cov:=============================>     83%][Progress:==================>           63%] [Cov:=============================>     83%][Progress:===================>          64%] [Cov:=============================>     83%][Progress:===================>          64%] [Cov:=============================>     83%][Progress:===================>          64%] [Cov:=============================>     83%][Progress:===================>          64%] [Cov:=============================>     83%][Progress:===================>          64%] [Cov:=============================>     83%][Progress:===================>          64%] [Cov:=============================>     83%][Progress:===================>          65%] [Cov:=============================>     83%][Progress:===================>          65%] [Cov:=============================>     83%][Progress:===================>          65%] [Cov:=============================>     83%][Progress:===================>          65%] [Cov:=============================>     83%][Progress:===================>          65%] [Cov:=============================>     83%][Progress:===================>          65%] [Cov:=============================>     83%][Progress:===================>          66%] [Cov:=============================>     83%][Progress:===================>          66%] [Cov:=============================>     83%][Progress:===================>          66%] [Cov:=============================>     83%][Progress:===================>          66%] [Cov:=============================>     83%][Progress:===================>          66%] [Cov:=============================>     83%][Progress:===================>          66%] [Cov:=============================>     83%][Progress:===================>          66%] [Cov:=============================>     83%][Progress:====================>         67%] [Cov:=============================>     83%][Progress:====================>         67%] [Cov:=============================>     83%][Progress:====================>         67%] [Cov:=============================>     83%][Progress:====================>         67%] [Cov:=============================>     83%][Progress:====================>         67%] [Cov:=============================>     83%][Progress:====================>         68%] [Cov:=============================>     83%][Progress:====================>         68%] [Cov:=============================>     83%][Progress:====================>         68%] [Cov:=============================>     83%][Progress:====================>         68%] [Cov:=============================>     83%][Progress:====================>         68%] [Cov:=============================>     83%][Progress:====================>         68%] [Cov:=============================>     83%][Progress:====================>         69%] [Cov:=============================>     83%][Progress:====================>         69%] [Cov:=============================>     83%][Progress:====================>         69%] [Cov:=============================>     83%][Progress:====================>         69%] [Cov:=============================>     83%][Progress:====================>         69%] [Cov:=============================>     83%][Progress:====================>         69%] [Cov:=============================>     83%][Progress:=====================>        70%] [Cov:=============================>     83%][Progress:=====================>        70%] [Cov:=============================>     83%][Progress:=====================>        70%] [Cov:=============================>     83%][Progress:=====================>        70%] [Cov:=============================>     83%][Progress:=====================>        70%] [Cov:=============================>     83%][Progress:=====================>        70%] [Cov:=============================>     83%][Progress:=====================>        70%] [Cov:=============================>     83%][Progress:=====================>        71%] [Cov:=============================>     83%][Progress:=====================>        71%] [Cov:=============================>     83%][Progress:=====================>        71%] [Cov:=============================>     83%][Progress:=====================>        71%] [Cov:=============================>     83%][Progress:=====================>        71%] [Cov:=============================>     83%][Progress:=====================>        71%] [Cov:=============================>     83%][Progress:=====================>        71%] [Cov:=============================>     83%][Progress:=====================>        72%] [Cov:=============================>     83%][Progress:=====================>        72%] [Cov:=============================>     83%][Progress:=====================>        72%] [Cov:=============================>     83%][Progress:=====================>        72%] [Cov:=============================>     83%][Progress:=====================>        72%] [Cov:=============================>     83%][Progress:=====================>        72%] [Cov:=============================>     83%][Progress:=====================>        72%] [Cov:=============================>     83%][Progress:=====================>        72%] [Cov:=============================>     83%][Progress:=====================>        73%] [Cov:=============================>     83%][Progress:=====================>        73%] [Cov:=============================>     83%][Progress:=====================>        73%] [Cov:=============================>     83%][Progress:=====================>        73%] [Cov:=============================>     83%][Progress:=====================>        73%] [Cov:=============================>     83%][Progress:=====================>        73%] [Cov:=============================>     83%][Progress:=====================>        73%] [Cov:=============================>     83%][Progress:=====================>        73%] [Cov:=============================>     83%][Progress:======================>       74%] [Cov:=============================>     83%][Progress:======================>       74%] [Cov:=============================>     83%][Progress:======================>       74%] [Cov:=============================>     83%][Progress:======================>       74%] [Cov:=============================>     83%][Progress:======================>       74%] [Cov:=============================>     83%][Progress:======================>       74%] [Cov:=============================>     83%][Progress:======================>       74%] [Cov:=============================>     83%][Progress:======================>       75%] [Cov:=============================>     83%][Progress:======================>       75%] [Cov:=============================>     83%][Progress:======================>       75%] [Cov:=============================>     83%][Progress:======================>       75%] [Cov:=============================>     83%][Progress:======================>       75%] [Cov:=============================>     83%][Progress:======================>       75%] [Cov:=============================>     83%][Progress:======================>       76%] [Cov:=============================>     83%][Progress:======================>       76%] [Cov:=============================>     83%][Progress:======================>       76%] [Cov:=============================>     83%][Progress:======================>       76%] [Cov:=============================>     83%][Progress:======================>       76%] [Cov:=============================>     83%][Progress:======================>       76%] [Cov:=============================>     83%][Progress:=======================>      77%] [Cov:=============================>     83%][Progress:=======================>      77%] [Cov:=============================>     83%][Progress:=======================>      77%] [Cov:=============================>     83%][Progress:=======================>      77%] [Cov:=============================>     83%][Progress:=======================>      77%] [Cov:=============================>     83%][Progress:=======================>      77%] [Cov:=============================>     83%][Progress:=======================>      78%] [Cov:=============================>     83%][Progress:=======================>      78%] [Cov:=============================>     83%][Progress:=======================>      78%] [Cov:=============================>     83%][Progress:=======================>      78%] [Cov:=============================>     83%][Progress:=======================>      78%] [Cov:=============================>     83%][Progress:=======================>      78%] [Cov:=============================>     83%][Progress:=======================>      78%] [Cov:=============================>     83%][Progress:=======================>      79%] [Cov:=============================>     83%][Progress:=======================>      79%] [Cov:=============================>     83%][Progress:=======================>      79%] [Cov:=============================>     83%][Progress:=======================>      79%] [Cov:=============================>     83%][Progress:=======================>      79%] [Cov:=============================>     83%][Progress:=======================>      79%] [Cov:=============================>     83%][Progress:=======================>      79%] [Cov:=============================>     83%][Progress:========================>     80%] [Cov:=============================>     83%][Progress:========================>     80%] [Cov:=============================>     83%][Progress:========================>     80%] [Cov:=============================>     83%][Progress:========================>     80%] [Cov:=============================>     83%][Progress:========================>     80%] [Cov:=============================>     83%][Progress:========================>     80%] [Cov:=============================>     83%][Progress:========================>     81%] [Cov:=============================>     83%][Progress:========================>     81%] [Cov:=============================>     83%][Progress:========================>     81%] [Cov:=============================>     83%][Progress:========================>     81%] [Cov:=============================>     83%][Progress:========================>     81%] [Cov:=============================>     83%][Progress:========================>     81%] [Cov:=============================>     83%][Progress:========================>     82%] [Cov:=============================>     83%][Progress:========================>     82%] [Cov:=============================>     83%][Progress:========================>     82%] [Cov:=============================>     83%][Progress:========================>     82%] [Cov:=============================>     83%][Progress:========================>     82%] [Cov:=============================>     83%][Progress:========================>     82%] [Cov:=============================>     83%][Progress:========================>     82%] [Cov:=============================>     83%][Progress:========================>     83%] [Cov:=============================>     83%][Progress:========================>     83%] [Cov:=============================>     83%][Progress:========================>     83%] [Cov:=============================>     83%][Progress:========================>     83%] [Cov:=============================>     83%][Progress:========================>     83%] [Cov:=============================>     83%][Progress:========================>     83%] [Cov:=============================>     83%][Progress:========================>     83%] [Cov:=============================>     83%][Progress:=========================>    84%] [Cov:=============================>     83%][Progress:=========================>    84%] [Cov:=============================>     83%][Progress:=========================>    84%] [Cov:=============================>     83%][Progress:=========================>    84%] [Cov:=============================>     83%][Progress:=========================>    84%] [Cov:=============================>     83%][Progress:=========================>    84%] [Cov:=============================>     83%][Progress:=========================>    84%] [Cov:=============================>     83%][Progress:=========================>    85%] [Cov:=============================>     83%][Progress:=========================>    85%] [Cov:=============================>     83%][Progress:=========================>    85%] [Cov:=============================>     83%][Progress:=========================>    85%] [Cov:=============================>     83%][Progress:=========================>    85%] [Cov:=============================>     83%][Progress:=========================>    85%] [Cov:=============================>     83%][Progress:=========================>    85%] [Cov:=============================>     83%][Progress:=========================>    86%] [Cov:=============================>     83%][Progress:=========================>    86%] [Cov:=============================>     83%][Progress:=========================>    86%] [Cov:=============================>     83%][Progress:=========================>    86%] [Cov:=============================>     83%][Progress:=========================>    86%] [Cov:=============================>     83%][Progress:=========================>    86%] [Cov:=============================>     83%][Progress:=========================>    86%] [Cov:=============================>     83%][Progress:==========================>   87%] [Cov:=============================>     83%][Progress:==========================>   87%] [Cov:=============================>     83%][Progress:==========================>   87%] [Cov:=============================>     83%][Progress:==========================>   87%] [Cov:=============================>     83%][Progress:==========================>   87%] [Cov:=============================>     83%][Progress:==========================>   87%] [Cov:=============================>     83%][Progress:==========================>   87%] [Cov:=============================>     83%][Progress:==========================>   87%] [Cov:=============================>     83%][Progress:==========================>   88%] [Cov:=============================>     83%][Progress:==========================>   88%] [Cov:=============================>     83%][Progress:==========================>   88%] [Cov:=============================>     83%][Progress:==========================>   88%] [Cov:=============================>     83%][Progress:==========================>   88%] [Cov:=============================>     83%][Progress:==========================>   88%] [Cov:=============================>     83%][Progress:==========================>   88%] [Cov:=============================>     83%][Progress:==========================>   89%] [Cov:=============================>     83%][Progress:==========================>   89%] [Cov:=============================>     83%][Progress:==========================>   89%] [Cov:=============================>     83%][Progress:==========================>   89%] [Cov:=============================>     83%][Progress:==========================>   89%] [Cov:=============================>     83%][Progress:==========================>   89%] [Cov:=============================>     83%][Progress:==========================>   89%] [Cov:=============================>     83%][Progress:===========================>  90%] [Cov:=============================>     83%][Progress:===========================>  90%] [Cov:=============================>     83%][Progress:===========================>  90%] [Cov:=============================>     83%][Progress:===========================>  90%] [Cov:=============================>     83%][Progress:===========================>  90%] [Cov:=============================>     83%][Progress:===========================>  90%] [Cov:=============================>     83%][Progress:===========================>  90%] [Cov:=============================>     83%][Progress:===========================>  91%] [Cov:=============================>     83%][Progress:===========================>  91%] [Cov:=============================>     83%][Progress:===========================>  91%] [Cov:=============================>     83%][Progress:===========================>  91%] [Cov:=============================>     83%][Progress:===========================>  91%] [Cov:=============================>     83%][Progress:===========================>  91%] [Cov:=============================>     83%][Progress:===========================>  91%] [Cov:=============================>     83%][Progress:===========================>  92%] [Cov:=============================>     83%][Progress:===========================>  92%] [Cov:=============================>     83%][Progress:===========================>  92%] [Cov:=============================>     83%][Progress:===========================>  92%] [Cov:=============================>     83%][Progress:===========================>  92%] [Cov:=============================>     83%][Progress:===========================>  92%] [Cov:=============================>     83%][Progress:===========================>  93%] [Cov:=============================>     83%][Progress:===========================>  93%] [Cov:=============================>     83%][Progress:===========================>  93%] [Cov:=============================>     83%][Progress:===========================>  93%] [Cov:=============================>     83%][Progress:===========================>  93%] [Cov:=============================>     83%][Progress:===========================>  93%] [Cov:=============================>     83%][Progress:===========================>  93%] [Cov:=============================>     83%][Progress:============================> 94%] [Cov:=============================>     83%][Progress:============================> 94%] [Cov:=============================>     83%][Progress:============================> 94%] [Cov:=============================>     83%][Progress:============================> 94%] [Cov:=============================>     83%][Progress:============================> 94%] [Cov:=============================>     83%][Progress:============================> 94%] [Cov:=============================>     83%][Progress:============================> 94%] [Cov:=============================>     83%][Progress:============================> 94%] [Cov:=============================>     83%][Progress:============================> 95%] [Cov:=============================>     83%][Progress:============================> 95%] [Cov:=============================>     83%][Progress:============================> 95%] [Cov:=============================>     83%][Progress:============================> 95%] [Cov:=============================>     83%][Progress:============================> 95%] [Cov:=============================>     83%][Progress:============================> 95%] [Cov:=============================>     83%][Progress:============================> 96%] [Cov:=============================>     83%][Progress:============================> 96%] [Cov:=============================>     83%][Progress:============================> 96%] [Cov:=============================>     83%][Progress:============================> 96%] [Cov:=============================>     83%][Progress:============================> 96%] [Cov:=============================>     83%][Progress:============================> 96%] [Cov:=============================>     83%][Progress:============================> 96%] [Cov:=============================>     83%][Progress:=============================>97%] [Cov:=============================>     83%][Progress:=============================>97%] [Cov:=============================>     83%][Progress:=============================>97%] [Cov:=============================>     83%][Progress:=============================>97%] [Cov:=============================>     83%][Progress:=============================>97%] [Cov:=============================>     83%][Progress:=============================>97%] [Cov:=============================>     83%][Progress:=============================>97%] [Cov:=============================>     83%][Progress:=============================>98%] [Cov:=============================>     83%][Progress:=============================>98%] [Cov:=============================>     83%][Progress:=============================>98%] [Cov:=============================>     83%][Progress:=============================>98%] [Cov:=============================>     83%][Progress:=============================>98%] [Cov:=============================>     83%][Progress:=============================>98%] [Cov:=============================>     83%][Progress:=============================>98%] [Cov:=============================>     83%][Progress:=============================>99%] [Cov:=============================>     83%][Progress:=============================>99%] [Cov:=============================>     83%][Progress:=============================>99%] [Cov:=============================>     83%][Progress:=============================>99%] [Cov:=============================>     83%][Progress:=============================>99%] [Cov:=============================>     83%][Progress:=============================>99%] [Cov:=============================>     83%][Progress:=============================>99%] [Cov:=============================>     83%][Progress:=============================>99%] [Cov:=============================>     83%][Progress:==============================100%] [Cov:=============================>     83%][Progress:==============================100%] [Cov:=============================>     83%][Progress:==============================100%] [Cov:=============================>     83%][Progress:==============================100%] [Cov:=============================>     83%][Progress:==============================100%] [Cov:=============================>     83%][Progress:==============================100%] [Cov:=============================>     83%][Progress:==============================100%] [Cov:=============================>     83%]
* Search finished after 101s and 541 generations, 301475 statements, best individual has fitness: 27.0
* Generated before the refinement 12 tests with total length 59
statement is: com.lts.swing.combobox.SimpleComboBoxModel()V type is: class org.evosuite.testcase.statements.ConstructorStatement return type class com.lts.swing.combobox.SimpleComboBoxModel
statement code is: SimpleComboBoxModel simpleComboBoxModel = new SimpleComboBoxModel()
statement is: com.lts.swing.combobox.SimpleComboBox(Lcom/lts/swing/combobox/SimpleComboBoxModel;)V type is: class org.evosuite.testcase.statements.ConstructorStatement return type class com.lts.swing.combobox.SimpleComboBox
statement code is: SimpleComboBox simpleComboBox = new SimpleComboBox(arg0)
statement is: getSelectedValue()Ljava/lang/Object; type is: class org.evosuite.testcase.statements.MethodStatement return type class java.lang.Object
statement code is: Object selectedValue = simpleComboBox.getSelectedValue()
test data is: SimpleComboBoxModel simpleComboBoxModel = new SimpleComboBoxModel();
SimpleComboBox simpleComboBox = new SimpleComboBox(simpleComboBoxModel);
simpleComboBox.getSelectedValue();

** It was a parseable test case! 
Improved test data is: class DummyClass {
    public static void main() {
        SimpleComboBoxModel simpleComboBoxModel = new SimpleComboBoxModel();
        simpleComboBoxModel.addElement("A");
        simpleComboBoxModel.addElement("B");
        simpleComboBoxModel.addElement("C");
        SimpleComboBox simpleComboBox = new SimpleComboBox(simpleComboBoxModel);
        assertEquals("A", simpleComboBox.getSelectedValue());
    }
}
statement is: SimpleComboBoxModel simpleComboBoxModel = new SimpleComboBoxModel(), class spoon.support.reflect.code.CtLocalVariableImpl
class spoon.support.reflect.code.CtConstructorCallImpl
statement is: simpleComboBoxModel.addElement("A"), class spoon.support.reflect.code.CtInvocationImpl
invocation is: simpleComboBoxModel.addElement("A") target is: simpleComboBoxModel method is: addElement(java.lang.String)
statement is: simpleComboBoxModel.addElement("B"), class spoon.support.reflect.code.CtInvocationImpl
invocation is: simpleComboBoxModel.addElement("B") target is: simpleComboBoxModel method is: addElement(java.lang.String)
statement is: simpleComboBoxModel.addElement("C"), class spoon.support.reflect.code.CtInvocationImpl
invocation is: simpleComboBoxModel.addElement("C") target is: simpleComboBoxModel method is: addElement(java.lang.String)
statement is: SimpleComboBox simpleComboBox = new SimpleComboBox(simpleComboBoxModel), class spoon.support.reflect.code.CtLocalVariableImpl
class spoon.support.reflect.code.CtConstructorCallImpl
statement is: assertEquals("A", simpleComboBox.getSelectedValue()), class spoon.support.reflect.code.CtInvocationImpl
invocation is: assertEquals("A", simpleComboBox.getSelectedValue()) target is:  method is: assertEquals(java.lang.String,<unknown>)
TestCase is: SimpleComboBoxModel simpleComboBoxModel = new SimpleComboBoxModel();
SimpleComboBox simpleComboBox = new SimpleComboBox(simpleComboBoxModel);

statement is: com.lts.swing.combobox.SimpleComboBox(Lcom/lts/swing/combobox/SimpleComboBoxModel;)V type is: class org.evosuite.testcase.statements.ConstructorStatement return type class com.lts.swing.combobox.SimpleComboBox
statement code is: SimpleComboBox simpleComboBox = new SimpleComboBox((SimpleComboBoxModel) null)
test data is: SimpleComboBox simpleComboBox = new SimpleComboBox((SimpleComboBoxModel) null);

** It was a parseable test case! 
Improved test data is: class DummyClass {
    public static void main() {
        simpleComboBox.setSelectedItem("Apple");
    }
}
statement is: simpleComboBox.setSelectedItem("Apple"), class spoon.support.reflect.code.CtInvocationImpl
invocation is: simpleComboBox.setSelectedItem("Apple") target is: simpleComboBox method is: setSelectedItem(java.lang.String)
statement is: com.lts.swing.combobox.SimpleComboBoxModel()V type is: class org.evosuite.testcase.statements.ConstructorStatement return type class com.lts.swing.combobox.SimpleComboBoxModel
statement code is: SimpleComboBoxModel simpleComboBoxModel = new SimpleComboBoxModel()
statement is: com.lts.swing.combobox.SimpleComboBox(Lcom/lts/swing/combobox/SimpleComboBoxModel;)V type is: class org.evosuite.testcase.statements.ConstructorStatement return type class com.lts.swing.combobox.SimpleComboBox
statement code is: SimpleComboBox simpleComboBox = new SimpleComboBox(arg0)
statement is: java.lang.Byte(B)V type is: class org.evosuite.testcase.statements.ConstructorStatement return type class java.lang.Byte
statement code is: Byte byte = new Byte((byte)5)
statement is: add(Ljava/lang/Object;Ljava/lang/Object;)V type is: class org.evosuite.testcase.statements.MethodStatement return type void
statement code is: simpleComboBoxModel.add((Object) null, arg1)
statement is: getSelectedInt()I type is: class org.evosuite.testcase.statements.MethodStatement return type int
statement code is: int selectedInt = simpleComboBox.getSelectedInt()
test data is: SimpleComboBoxModel simpleComboBoxModel = new SimpleComboBoxModel();
SimpleComboBox simpleComboBox = new SimpleComboBox(simpleComboBoxModel);
Byte byte = new Byte((byte)5);
simpleComboBoxModel.add((Object) null, byte);
simpleComboBox.getSelectedInt();

** It was a parseable test case! 
Improved test data is: class DummyClass {
    public static void main() {
        SimpleComboBoxModel simpleComboBoxModel = new SimpleComboBoxModel();
        SimpleComboBox simpleComboBox = new SimpleComboBox(simpleComboBoxModel);
        Byte byte1 = new Byte(((byte) (5)));
        simpleComboBoxModel.add(((Object) (null)), byte1);
        simpleComboBox.getSelectedInt();
    }
}
statement is: SimpleComboBoxModel simpleComboBoxModel = new SimpleComboBoxModel(), class spoon.support.reflect.code.CtLocalVariableImpl
class spoon.support.reflect.code.CtConstructorCallImpl
statement is: SimpleComboBox simpleComboBox = new SimpleComboBox(simpleComboBoxModel), class spoon.support.reflect.code.CtLocalVariableImpl
class spoon.support.reflect.code.CtConstructorCallImpl
statement is: Byte byte1 = new Byte(((byte) (5))), class spoon.support.reflect.code.CtLocalVariableImpl
class spoon.support.reflect.code.CtConstructorCallImpl
statement is: simpleComboBoxModel.add(((Object) (null)), byte1), class spoon.support.reflect.code.CtInvocationImpl
invocation is: simpleComboBoxModel.add(((Object) (null)), byte1) target is: simpleComboBoxModel method is: add(java.lang.Object,java.lang.Byte)
source statement: com.lts.swing.combobox.SimpleComboBoxModel()V callee: VariableReference: Statement 0, type com.lts.swing.combobox.SimpleComboBoxModelindex is: 0
Matched Method is: add(Ljava/lang/Object;Ljava/lang/Object;)V
i 1 Parameters size() 1 Num of Method Parameters: 2
statement is: simpleComboBox.getSelectedInt(), class spoon.support.reflect.code.CtInvocationImpl
invocation is: simpleComboBox.getSelectedInt() target is: simpleComboBox method is: getSelectedInt()
source statement: com.lts.swing.combobox.SimpleComboBox(Lcom/lts/swing/combobox/SimpleComboBoxModel;)V callee: VariableReference: Statement 1, type com.lts.swing.combobox.SimpleComboBoxindex is: 1
Matched Method is: getSelectedInt()I
TestCase is: SimpleComboBoxModel simpleComboBoxModel = new SimpleComboBoxModel();
SimpleComboBox simpleComboBox = new SimpleComboBox(simpleComboBoxModel);
int _int = 5;
Byte byte = new Byte((byte) _int);
Byte byte = null;
simpleComboBoxModel.add(byte, byte);
simpleComboBox.getSelectedInt();

statement is: com.lts.swing.combobox.SimpleComboBoxModel()V type is: class org.evosuite.testcase.statements.ConstructorStatement return type class com.lts.swing.combobox.SimpleComboBoxModel
statement code is: SimpleComboBoxModel simpleComboBoxModel = new SimpleComboBoxModel()
statement is: com.lts.swing.combobox.SimpleComboBox(Lcom/lts/swing/combobox/SimpleComboBoxModel;)V type is: class org.evosuite.testcase.statements.ConstructorStatement return type class com.lts.swing.combobox.SimpleComboBox
statement code is: SimpleComboBox simpleComboBox = new SimpleComboBox(arg0)
statement is: getSelectedInt()I type is: class org.evosuite.testcase.statements.MethodStatement return type int
statement code is: int selectedInt = simpleComboBox.getSelectedInt()
test data is: SimpleComboBoxModel simpleComboBoxModel = new SimpleComboBoxModel();
SimpleComboBox simpleComboBox = new SimpleComboBox(simpleComboBoxModel);
simpleComboBox.getSelectedInt();

** It was a parseable test case! 
Improved test data is: class DummyClass {
    public static void main() {
        SimpleComboBoxModel simpleComboBoxModel = new SimpleComboBoxModel();
        simpleComboBoxModel.addElement("Apple");
        simpleComboBoxModel.addElement("Orange");
        simpleComboBoxModel.addElement("Banana");
        SimpleComboBox simpleComboBox = new SimpleComboBox(simpleComboBoxModel);
        simpleComboBox.getSelectedInt();
    }
}
statement is: SimpleComboBoxModel simpleComboBoxModel = new SimpleComboBoxModel(), class spoon.support.reflect.code.CtLocalVariableImpl
class spoon.support.reflect.code.CtConstructorCallImpl
statement is: simpleComboBoxModel.addElement("Apple"), class spoon.support.reflect.code.CtInvocationImpl
invocation is: simpleComboBoxModel.addElement("Apple") target is: simpleComboBoxModel method is: addElement(java.lang.String)
statement is: simpleComboBoxModel.addElement("Orange"), class spoon.support.reflect.code.CtInvocationImpl
invocation is: simpleComboBoxModel.addElement("Orange") target is: simpleComboBoxModel method is: addElement(java.lang.String)
statement is: simpleComboBoxModel.addElement("Banana"), class spoon.support.reflect.code.CtInvocationImpl
invocation is: simpleComboBoxModel.addElement("Banana") target is: simpleComboBoxModel method is: addElement(java.lang.String)
statement is: SimpleComboBox simpleComboBox = new SimpleComboBox(simpleComboBoxModel), class spoon.support.reflect.code.CtLocalVariableImpl
class spoon.support.reflect.code.CtConstructorCallImpl
statement is: simpleComboBox.getSelectedInt(), class spoon.support.reflect.code.CtInvocationImpl
invocation is: simpleComboBox.getSelectedInt() target is: simpleComboBox method is: getSelectedInt()
source statement: com.lts.swing.combobox.SimpleComboBox(Lcom/lts/swing/combobox/SimpleComboBoxModel;)V callee: VariableReference: Statement 1, type com.lts.swing.combobox.SimpleComboBoxindex is: 1
Matched Method is: getSelectedInt()I
TestCase is: SimpleComboBoxModel simpleComboBoxModel = new SimpleComboBoxModel();
SimpleComboBox simpleComboBox = new SimpleComboBox(simpleComboBoxModel);
simpleComboBox.getSelectedInt();

statement is: java.util.Stack()V type is: class org.evosuite.testcase.statements.ConstructorStatement return type java.util.Stack<java.lang.Object>
statement code is: Stack<Object> stack = new Stack<Object>()
statement is: com.lts.swing.combobox.SimpleComboBoxModel(Ljava/util/List;)V type is: class org.evosuite.testcase.statements.ConstructorStatement return type class com.lts.swing.combobox.SimpleComboBoxModel
statement code is: SimpleComboBoxModel simpleComboBoxModel = new SimpleComboBoxModel(arg0)
statement is: org.evosuite.testcase.statements.ArrayStatement@a82ba1aa type is: class org.evosuite.testcase.statements.ArrayStatement return type class [[Ljava.lang.Object;
statement code is: Object[][] objectArray = new Object[9][5]
statement is: org.evosuite.testcase.statements.ArrayStatement@7982750 type is: class org.evosuite.testcase.statements.ArrayStatement return type class [Ljava.lang.Object;
statement code is: Object[] objectArray = new Object[19]
statement is: org.evosuite.testcase.statements.AssignmentStatement@74762fe4 type is: class org.evosuite.testcase.statements.AssignmentStatement return type class java.lang.Object
statement code is: objectArray[0] = (Object) stack
statement is: org.evosuite.testcase.statements.AssignmentStatement@aebedb2f type is: class org.evosuite.testcase.statements.AssignmentStatement return type class java.lang.Object
statement code is: objectArray[1] = (Object) stack
statement is: org.evosuite.testcase.statements.AssignmentStatement@1f3232ad type is: class org.evosuite.testcase.statements.AssignmentStatement return type class [Ljava.lang.Object;
statement code is: objectArray[0] = objectArray
statement is: initialize([[Ljava/lang/Object;)V type is: class org.evosuite.testcase.statements.MethodStatement return type void
statement code is: simpleComboBoxModel.initialize(arg0)
statement is: com.lts.swing.combobox.SimpleComboBox(Lcom/lts/swing/combobox/SimpleComboBoxModel;)V type is: class org.evosuite.testcase.statements.ConstructorStatement return type class com.lts.swing.combobox.SimpleComboBox
statement code is: SimpleComboBox simpleComboBox = new SimpleComboBox(arg0)
statement is: getItemAt(I)Ljava/lang/Object; type is: class org.evosuite.testcase.statements.MethodStatement return type java.util.Stack<E>
statement code is: Stack itemAt = (Stack)simpleComboBox.getItemAt(0)
statement is: setSelectedValue(Ljava/lang/Object;)V type is: class org.evosuite.testcase.statements.MethodStatement return type void
statement code is: simpleComboBox.setSelectedValue(arg0)
statement is: getSelectedInt()I type is: class org.evosuite.testcase.statements.MethodStatement return type int
statement code is: int selectedInt = simpleComboBox.getSelectedInt()
test data is: Stack<Object> stack = new Stack<Object>();
SimpleComboBoxModel simpleComboBoxModel = new SimpleComboBoxModel(stack);
Object[][] objectArray = new Object[9][5];
Object[] objectArray = new Object[19];
objectArray[0] = (Object) stack;
objectArray[1] = (Object) stack;
objectArray[0] = objectArray;
simpleComboBoxModel.initialize(objectArray);
SimpleComboBox simpleComboBox = new SimpleComboBox(simpleComboBoxModel);
Stack itemAt = (Stack)simpleComboBox.getItemAt(0);
simpleComboBox.setSelectedValue(itemAt);
simpleComboBox.getSelectedInt();

** It was a parseable test case! 
Improved test data is: class DummyClass {
    public static void main() {
        Object[][] objectArray = new Object[9][5];
        objectArray[0] = ((Object) (stack));
        objectArray[1] = ((Object) ("hello"));
        objectArray[2] = ((Object) (3.14));
        objectArray[3] = ((Object) ('a'));
        objectArray[4] = ((Object) (true));
        objectArray[5] = ((Object) (false));
        objectArray[6] = ((Object) (null));
        objectArray[7] = ((Object) (new Integer(10)));
        objectArray[8] = ((Object) (new Double(3.14)));
        simpleComboBoxModel.initialize(objectArray);
        SimpleComboBox simpleComboBox = new SimpleComboBox(simpleComboBoxModel);
        Stack itemAt = ((Stack) (simpleComboBox.getItemAt(0)));
        simpleComboBox.setSelectedValue(itemAt);
        simpleComboBox.getSelectedInt();
    }
}
statement is: Object[][] objectArray = new Object[9][5], class spoon.support.reflect.code.CtLocalVariableImpl
class spoon.support.reflect.code.CtNewArrayImpl
Dimension: [9, 5] Ct is: Object[][] objectArray = new Object[9][5] isAssignment: false Array: new Object[9][5] Elements: []
lengths: [9, 5] [9, 5]
Their type are: class [[Ljava.lang.Object; Object[][]
statement is: objectArray[0] = ((Object) (stack)), class spoon.support.reflect.code.CtAssignmentImpl
Assigned : objectArray[0] Assigned Type class spoon.support.reflect.code.CtArrayWriteImpl Object[] Assignment:((Object) (stack)) Ct is: objectArray[0] = ((Object) (stack))
target : objectArray class spoon.support.reflect.code.CtLiteralImpl
TestCase Could not be added: org.evosuite.testcase.statements.AssignmentStatement@dc2024f4
statement is: objectArray[1] = ((Object) ("hello")), class spoon.support.reflect.code.CtAssignmentImpl
Assigned : objectArray[1] Assigned Type class spoon.support.reflect.code.CtArrayWriteImpl Object[] Assignment:((Object) ("hello")) Ct is: objectArray[1] = ((Object) ("hello"))
target : objectArray class spoon.support.reflect.code.CtLiteralImpl
TestCase Could not be added: org.evosuite.testcase.statements.AssignmentStatement@ccdad8
statement is: objectArray[2] = ((Object) (3.14)), class spoon.support.reflect.code.CtAssignmentImpl
Assigned : objectArray[2] Assigned Type class spoon.support.reflect.code.CtArrayWriteImpl Object[] Assignment:((Object) (3.14)) Ct is: objectArray[2] = ((Object) (3.14))
target : objectArray class spoon.support.reflect.code.CtLiteralImpl
TestCase Could not be added: org.evosuite.testcase.statements.AssignmentStatement@121fbaac
statement is: objectArray[3] = ((Object) ('a')), class spoon.support.reflect.code.CtAssignmentImpl
Assigned : objectArray[3] Assigned Type class spoon.support.reflect.code.CtArrayWriteImpl Object[] Assignment:((Object) ('a')) Ct is: objectArray[3] = ((Object) ('a'))
target : objectArray class spoon.support.reflect.code.CtLiteralImpl
TestCase Could not be added: org.evosuite.testcase.statements.AssignmentStatement@a798d767
statement is: objectArray[4] = ((Object) (true)), class spoon.support.reflect.code.CtAssignmentImpl
Assigned : objectArray[4] Assigned Type class spoon.support.reflect.code.CtArrayWriteImpl Object[] Assignment:((Object) (true)) Ct is: objectArray[4] = ((Object) (true))
target : objectArray class spoon.support.reflect.code.CtLiteralImpl
TestCase Could not be added: org.evosuite.testcase.statements.AssignmentStatement@ce24e381
statement is: objectArray[5] = ((Object) (false)), class spoon.support.reflect.code.CtAssignmentImpl
Assigned : objectArray[5] Assigned Type class spoon.support.reflect.code.CtArrayWriteImpl Object[] Assignment:((Object) (false)) Ct is: objectArray[5] = ((Object) (false))
target : objectArray class spoon.support.reflect.code.CtLiteralImpl
TestCase Could not be added: org.evosuite.testcase.statements.AssignmentStatement@12872e96
statement is: objectArray[6] = ((Object) (null)), class spoon.support.reflect.code.CtAssignmentImpl
Assigned : objectArray[6] Assigned Type class spoon.support.reflect.code.CtArrayWriteImpl Object[] Assignment:((Object) (null)) Ct is: objectArray[6] = ((Object) (null))
target : objectArray class spoon.support.reflect.code.CtLiteralImpl
TestCase Could not be added: org.evosuite.testcase.statements.AssignmentStatement@12872e96
statement is: objectArray[7] = ((Object) (new Integer(10))), class spoon.support.reflect.code.CtAssignmentImpl
Assigned : objectArray[7] Assigned Type class spoon.support.reflect.code.CtArrayWriteImpl Object[] Assignment:((Object) (new Integer(10))) Ct is: objectArray[7] = ((Object) (new Integer(10)))
target : objectArray class spoon.support.reflect.code.CtLiteralImpl
TestCase Could not be added: org.evosuite.testcase.statements.AssignmentStatement@12872e96
statement is: objectArray[8] = ((Object) (new Double(3.14))), class spoon.support.reflect.code.CtAssignmentImpl
Assigned : objectArray[8] Assigned Type class spoon.support.reflect.code.CtArrayWriteImpl Object[] Assignment:((Object) (new Double(3.14))) Ct is: objectArray[8] = ((Object) (new Double(3.14)))
target : objectArray class spoon.support.reflect.code.CtLiteralImpl
TestCase Could not be added: org.evosuite.testcase.statements.AssignmentStatement@12872e96
statement is: simpleComboBoxModel.initialize(objectArray), class spoon.support.reflect.code.CtInvocationImpl
invocation is: simpleComboBoxModel.initialize(objectArray) target is: simpleComboBoxModel method is: initialize(java.lang.Object[][])
statement is: SimpleComboBox simpleComboBox = new SimpleComboBox(simpleComboBoxModel), class spoon.support.reflect.code.CtLocalVariableImpl
class spoon.support.reflect.code.CtConstructorCallImpl
statement is: Stack itemAt = ((Stack) (simpleComboBox.getItemAt(0))), class spoon.support.reflect.code.CtLocalVariableImpl
class spoon.support.reflect.code.CtInvocationImpl
invocation is: ((Stack) (simpleComboBox.getItemAt(0))) target is: simpleComboBox method is: getItemAt(int)
source statement: com.lts.swing.combobox.SimpleComboBox(Lcom/lts/swing/combobox/SimpleComboBoxModel;)V callee: VariableReference: Statement 8, type com.lts.swing.combobox.SimpleComboBoxindex is: 6
Matched Method is: getItemAt(I)Ljava/lang/Object;
TestCase Could not be added: getItemAt(I)Ljava/lang/Object;
statement is: simpleComboBox.setSelectedValue(itemAt), class spoon.support.reflect.code.CtInvocationImpl
invocation is: simpleComboBox.setSelectedValue(itemAt) target is: simpleComboBox method is: setSelectedValue(Stack)
source statement: com.lts.swing.combobox.SimpleComboBox(Lcom/lts/swing/combobox/SimpleComboBoxModel;)V callee: VariableReference: Statement 8, type com.lts.swing.combobox.SimpleComboBoxindex is: 6
Matched Method is: setSelectedValue(Ljava/lang/Object;)V
i 0 Parameters size() 0 Num of Method Parameters: 1
statement is: simpleComboBox.getSelectedInt(), class spoon.support.reflect.code.CtInvocationImpl
invocation is: simpleComboBox.getSelectedInt() target is: simpleComboBox method is: getSelectedInt()
source statement: com.lts.swing.combobox.SimpleComboBox(Lcom/lts/swing/combobox/SimpleComboBoxModel;)V callee: VariableReference: Statement 8, type com.lts.swing.combobox.SimpleComboBoxindex is: 6
Matched Method is: getSelectedInt()I
* this is vulnerable: double _double = 3.14
* this is vulnerable: char _char = 'a'
* this is vulnerable: boolean _boolean = true
* this is vulnerable: boolean _boolean = false
* this is vulnerable: int _int = 0
TestCase is: Object[][] objectArray = new Object[9][5];
String string = "hello";
double _double = 3.14;
char _char = 'a';
boolean _boolean = true;
boolean _boolean = false;
SimpleComboBox simpleComboBox = new SimpleComboBox((SimpleComboBoxModel) string);
int _int = 0;
Stack stack = null;
((SimpleComboBox) stack).setSelectedValue(stack);
((SimpleComboBox) stack).getSelectedInt();

statement is: com.lts.swing.combobox.SimpleComboBoxModel()V type is: class org.evosuite.testcase.statements.ConstructorStatement return type class com.lts.swing.combobox.SimpleComboBoxModel
statement code is: SimpleComboBoxModel simpleComboBoxModel = new SimpleComboBoxModel()
statement is: com.lts.swing.combobox.SimpleComboBox(Lcom/lts/swing/combobox/SimpleComboBoxModel;)V type is: class org.evosuite.testcase.statements.ConstructorStatement return type class com.lts.swing.combobox.SimpleComboBox
statement code is: SimpleComboBox simpleComboBox = new SimpleComboBox(arg0)
statement is: java.lang.Byte(B)V type is: class org.evosuite.testcase.statements.ConstructorStatement return type class java.lang.Byte
statement code is: Byte byte = new Byte((byte)5)
statement is: add(Ljava/lang/Object;Ljava/lang/Object;)V type is: class org.evosuite.testcase.statements.MethodStatement return type void
statement code is: simpleComboBoxModel.add((Object) null, arg1)
statement is: getSelectedLong()J type is: class org.evosuite.testcase.statements.MethodStatement return type long
statement code is: long selectedLong = simpleComboBox.getSelectedLong()
test data is: SimpleComboBoxModel simpleComboBoxModel = new SimpleComboBoxModel();
SimpleComboBox simpleComboBox = new SimpleComboBox(simpleComboBoxModel);
Byte byte = new Byte((byte)5);
simpleComboBoxModel.add((Object) null, byte);
simpleComboBox.getSelectedLong();

** It was a parseable test case! 
Improved test data is: class DummyClass {
    public static void main() {
        SimpleComboBoxModel simpleComboBoxModel = new SimpleComboBoxModel();
        SimpleComboBox simpleComboBox = new SimpleComboBox(simpleComboBoxModel);
        Byte = new Byte(((byte) (127)));
        simpleComboBoxModel.add(((Object) (null)), byte.class);
        simpleComboBox.getSelectedLong();
    }
}
statement is: SimpleComboBoxModel simpleComboBoxModel = new SimpleComboBoxModel(), class spoon.support.reflect.code.CtLocalVariableImpl
class spoon.support.reflect.code.CtConstructorCallImpl
statement is: SimpleComboBox simpleComboBox = new SimpleComboBox(simpleComboBoxModel), class spoon.support.reflect.code.CtLocalVariableImpl
class spoon.support.reflect.code.CtConstructorCallImpl
statement is: Byte = new Byte(((byte) (127))), class spoon.support.reflect.code.CtAssignmentImpl
statement is: simpleComboBoxModel.add(((Object) (null)), byte.class), class spoon.support.reflect.code.CtInvocationImpl
invocation is: simpleComboBoxModel.add(((Object) (null)), byte.class) target is: simpleComboBoxModel method is: add(java.lang.Object,java.lang.Class)
source statement: com.lts.swing.combobox.SimpleComboBoxModel()V callee: VariableReference: Statement 0, type com.lts.swing.combobox.SimpleComboBoxModelindex is: 0
Matched Method is: add(Ljava/lang/Object;Ljava/lang/Object;)V
i 0 Parameters size() 0 Num of Method Parameters: 2
i 1 Parameters size() 0 Num of Method Parameters: 2
statement is: simpleComboBox.getSelectedLong(), class spoon.support.reflect.code.CtInvocationImpl
invocation is: simpleComboBox.getSelectedLong() target is: simpleComboBox method is: getSelectedLong()
source statement: com.lts.swing.combobox.SimpleComboBox(Lcom/lts/swing/combobox/SimpleComboBoxModel;)V callee: VariableReference: Statement 1, type com.lts.swing.combobox.SimpleComboBoxindex is: 1
Matched Method is: getSelectedLong()J
TestCase is: SimpleComboBoxModel simpleComboBoxModel = new SimpleComboBoxModel();
SimpleComboBox simpleComboBox = new SimpleComboBox(simpleComboBoxModel);
Object object = null;
Byte byte = null;
simpleComboBoxModel.add(object, byte);
simpleComboBox.getSelectedLong();

statement is: java.util.Stack()V type is: class org.evosuite.testcase.statements.ConstructorStatement return type java.util.Stack<java.lang.Object>
statement code is: Stack<Object> stack = new Stack<Object>()
statement is: com.lts.swing.combobox.SimpleComboBoxModel(Ljava/util/List;)V type is: class org.evosuite.testcase.statements.ConstructorStatement return type class com.lts.swing.combobox.SimpleComboBoxModel
statement code is: SimpleComboBoxModel simpleComboBoxModel = new SimpleComboBoxModel(arg0)
statement is: org.evosuite.testcase.statements.ArrayStatement@92738fdf type is: class org.evosuite.testcase.statements.ArrayStatement return type class [[Ljava.lang.Object;
statement code is: Object[][] objectArray = new Object[9][5]
statement is: initialize([[Ljava/lang/Object;)V type is: class org.evosuite.testcase.statements.MethodStatement return type void
statement code is: simpleComboBoxModel.initialize(arg0)
statement is: com.lts.swing.combobox.SimpleComboBox(Lcom/lts/swing/combobox/SimpleComboBoxModel;)V type is: class org.evosuite.testcase.statements.ConstructorStatement return type class com.lts.swing.combobox.SimpleComboBox
statement code is: SimpleComboBox simpleComboBox = new SimpleComboBox(arg0)
statement is: getSelectedLong()J type is: class org.evosuite.testcase.statements.MethodStatement return type long
statement code is: long selectedLong = simpleComboBox.getSelectedLong()
test data is: Stack<Object> stack = new Stack<Object>();
SimpleComboBoxModel simpleComboBoxModel = new SimpleComboBoxModel(stack);
Object[][] objectArray = new Object[9][5];
simpleComboBoxModel.initialize(objectArray);
SimpleComboBox simpleComboBox = new SimpleComboBox(simpleComboBoxModel);
simpleComboBox.getSelectedLong();

** It was a parseable test case! 
Improved test data is: class DummyClass {
    public static void main() {
        Stack<Object> stack = new Stack<Object>();
        stack.push("Red Apple");
        stack.push("Yellow Banana");
        stack.push("Orange");
        SimpleComboBoxModel simpleComboBoxModel = new SimpleComboBoxModel(stack);
        simpleComboBoxModel.initialize(objectArray);
        SimpleComboBox simpleComboBox = new SimpleComboBox(simpleComboBoxModel);
        Object[] selectedItems = simpleComboBox.getSelectedLong();
    }
}
statement is: Stack<Object> stack = new Stack<Object>(), class spoon.support.reflect.code.CtLocalVariableImpl
class spoon.support.reflect.code.CtConstructorCallImpl
statement is: stack.push("Red Apple"), class spoon.support.reflect.code.CtInvocationImpl
invocation is: stack.push("Red Apple") target is: stack method is: push(java.lang.String)
statement is: stack.push("Yellow Banana"), class spoon.support.reflect.code.CtInvocationImpl
invocation is: stack.push("Yellow Banana") target is: stack method is: push(java.lang.String)
statement is: stack.push("Orange"), class spoon.support.reflect.code.CtInvocationImpl
invocation is: stack.push("Orange") target is: stack method is: push(java.lang.String)
statement is: SimpleComboBoxModel simpleComboBoxModel = new SimpleComboBoxModel(stack), class spoon.support.reflect.code.CtLocalVariableImpl
class spoon.support.reflect.code.CtConstructorCallImpl
statement is: simpleComboBoxModel.initialize(objectArray), class spoon.support.reflect.code.CtInvocationImpl
invocation is: simpleComboBoxModel.initialize(objectArray) target is: simpleComboBoxModel method is: initialize()
source statement: com.lts.swing.combobox.SimpleComboBoxModel(Ljava/util/List;)V callee: VariableReference: Statement 1, type com.lts.swing.combobox.SimpleComboBoxModelindex is: 1
Matched Method is: initialize([[Ljava/lang/Object;)V
i 0 Parameters size() 0 Num of Method Parameters: 1
statement is: SimpleComboBox simpleComboBox = new SimpleComboBox(simpleComboBoxModel), class spoon.support.reflect.code.CtLocalVariableImpl
class spoon.support.reflect.code.CtConstructorCallImpl
statement is: Object[] selectedItems = simpleComboBox.getSelectedLong(), class spoon.support.reflect.code.CtLocalVariableImpl
class spoon.support.reflect.code.CtInvocationImpl
invocation is: simpleComboBox.getSelectedLong() target is: simpleComboBox method is: getSelectedLong()
source statement: com.lts.swing.combobox.SimpleComboBox(Lcom/lts/swing/combobox/SimpleComboBoxModel;)V callee: VariableReference: Statement 4, type com.lts.swing.combobox.SimpleComboBoxindex is: 4
Matched Method is: getSelectedLong()J
TestCase is: Stack<Object> stack = new Stack<Object>();
SimpleComboBoxModel simpleComboBoxModel = new SimpleComboBoxModel(stack);
Object[][] objectArrayArray = null;
simpleComboBoxModel.initialize(objectArrayArray);
SimpleComboBox simpleComboBox = new SimpleComboBox(simpleComboBoxModel);
simpleComboBox.getSelectedLong();

statement is: com.lts.swing.combobox.SimpleComboBoxModel()V type is: class org.evosuite.testcase.statements.ConstructorStatement return type class com.lts.swing.combobox.SimpleComboBoxModel
statement code is: SimpleComboBoxModel simpleComboBoxModel = new SimpleComboBoxModel()
statement is: com.lts.swing.combobox.SimpleComboBox(Lcom/lts/swing/combobox/SimpleComboBoxModel;)V type is: class org.evosuite.testcase.statements.ConstructorStatement return type class com.lts.swing.combobox.SimpleComboBox
statement code is: SimpleComboBox simpleComboBox = new SimpleComboBox(arg0)
statement is: add(Ljava/lang/Object;Ljava/lang/Object;)V type is: class org.evosuite.testcase.statements.MethodStatement return type void
statement code is: simpleComboBoxModel.add((Object) null, arg1)
statement is: getSelectedLong()J type is: class org.evosuite.testcase.statements.MethodStatement return type long
statement code is: long selectedLong = simpleComboBox.getSelectedLong()
test data is: SimpleComboBoxModel simpleComboBoxModel = new SimpleComboBoxModel();
SimpleComboBox simpleComboBox = new SimpleComboBox(simpleComboBoxModel);
simpleComboBoxModel.add((Object) null, simpleComboBox);
simpleComboBox.getSelectedLong();

** It was a parseable test case! 
Improved test data is: class DummyClass {
    public static void main() {
        SimpleComboBoxModel simpleComboBoxModel = new SimpleComboBoxModel();
        SimpleComboBox simpleComboBox = new SimpleComboBox(simpleComboBoxModel);
        simpleComboBoxModel.add(((Object) (null)), simpleComboBox);
        simpleComboBox.getSelectedLong();
        // Improved test data
        SimpleComboBoxModel improvedSimpleComboBoxModel = new SimpleComboBoxModel();
        ImprovedSimpleComboBox improvedSimpleComboBox = new ImprovedSimpleComboBox(improvedSimpleComboBoxModel);
        improvedSimpleComboBoxModel.add(((Object) (null)), improvedSimpleComboBox);
        improvedSimpleComboBox.getSelectedLong();
    }
}
statement is: SimpleComboBoxModel simpleComboBoxModel = new SimpleComboBoxModel(), class spoon.support.reflect.code.CtLocalVariableImpl
class spoon.support.reflect.code.CtConstructorCallImpl
statement is: SimpleComboBox simpleComboBox = new SimpleComboBox(simpleComboBoxModel), class spoon.support.reflect.code.CtLocalVariableImpl
class spoon.support.reflect.code.CtConstructorCallImpl
statement is: simpleComboBoxModel.add(((Object) (null)), simpleComboBox), class spoon.support.reflect.code.CtInvocationImpl
invocation is: simpleComboBoxModel.add(((Object) (null)), simpleComboBox) target is: simpleComboBoxModel method is: add(java.lang.Object,SimpleComboBox)
source statement: com.lts.swing.combobox.SimpleComboBoxModel()V callee: VariableReference: Statement 0, type com.lts.swing.combobox.SimpleComboBoxModelindex is: 0
Matched Method is: add(Ljava/lang/Object;Ljava/lang/Object;)V
i 1 Parameters size() 1 Num of Method Parameters: 2
statement is: simpleComboBox.getSelectedLong(), class spoon.support.reflect.code.CtInvocationImpl
invocation is: simpleComboBox.getSelectedLong() target is: simpleComboBox method is: getSelectedLong()
source statement: com.lts.swing.combobox.SimpleComboBox(Lcom/lts/swing/combobox/SimpleComboBoxModel;)V callee: VariableReference: Statement 1, type com.lts.swing.combobox.SimpleComboBoxindex is: 1
Matched Method is: getSelectedLong()J
statement is: // Improved test data
SimpleComboBoxModel improvedSimpleComboBoxModel = new SimpleComboBoxModel(), class spoon.support.reflect.code.CtLocalVariableImpl
class spoon.support.reflect.code.CtConstructorCallImpl
statement is: ImprovedSimpleComboBox improvedSimpleComboBox = new ImprovedSimpleComboBox(improvedSimpleComboBoxModel), class spoon.support.reflect.code.CtLocalVariableImpl
class spoon.support.reflect.code.CtConstructorCallImpl
statement is: improvedSimpleComboBoxModel.add(((Object) (null)), improvedSimpleComboBox), class spoon.support.reflect.code.CtInvocationImpl
invocation is: improvedSimpleComboBoxModel.add(((Object) (null)), improvedSimpleComboBox) target is: improvedSimpleComboBoxModel method is: add(java.lang.Object,ImprovedSimpleComboBox)
source statement: com.lts.swing.combobox.SimpleComboBoxModel()V callee: VariableReference: Statement 0, type com.lts.swing.combobox.SimpleComboBoxModelindex is: 5
Matched Method is: add(Ljava/lang/Object;Ljava/lang/Object;)V
i 0 Parameters size() 0 Num of Method Parameters: 2
i 1 Parameters size() 0 Num of Method Parameters: 2
statement is: improvedSimpleComboBox.getSelectedLong(), class spoon.support.reflect.code.CtInvocationImpl
invocation is: improvedSimpleComboBox.getSelectedLong() target is: improvedSimpleComboBox method is: getSelectedLong()
TestCase is: SimpleComboBoxModel simpleComboBoxModel = new SimpleComboBoxModel();
SimpleComboBox simpleComboBox = new SimpleComboBox(simpleComboBoxModel);
SimpleComboBox simpleComboBox = null;
simpleComboBoxModel.add(simpleComboBox, simpleComboBox);
simpleComboBox.getSelectedLong();
SimpleComboBoxModel simpleComboBoxModel = new SimpleComboBoxModel();
SimpleComboBox simpleComboBox = null;
SimpleComboBox simpleComboBox = null;
simpleComboBoxModel.add(simpleComboBox, simpleComboBox);

statement is: com.lts.swing.combobox.SimpleComboBoxModel()V type is: class org.evosuite.testcase.statements.ConstructorStatement return type class com.lts.swing.combobox.SimpleComboBoxModel
statement code is: SimpleComboBoxModel simpleComboBoxModel = new SimpleComboBoxModel()
statement is: com.lts.swing.combobox.SimpleComboBox(Lcom/lts/swing/combobox/SimpleComboBoxModel;)V type is: class org.evosuite.testcase.statements.ConstructorStatement return type class com.lts.swing.combobox.SimpleComboBox
statement code is: SimpleComboBox simpleComboBox = new SimpleComboBox(arg0)
statement is: java.lang.Byte(B)V type is: class org.evosuite.testcase.statements.ConstructorStatement return type class java.lang.Byte
statement code is: Byte byte = new Byte((byte)0)
statement is: add(Ljava/lang/Object;Ljava/lang/Object;)V type is: class org.evosuite.testcase.statements.MethodStatement return type void
statement code is: simpleComboBoxModel.add((Object) null, arg1)
statement is: getSelectedInt()I type is: class org.evosuite.testcase.statements.MethodStatement return type int
statement code is: int selectedInt = simpleComboBox.getSelectedInt()
test data is: SimpleComboBoxModel simpleComboBoxModel = new SimpleComboBoxModel();
SimpleComboBox simpleComboBox = new SimpleComboBox(simpleComboBoxModel);
Byte byte = new Byte((byte)0);
simpleComboBoxModel.add((Object) null, byte);
simpleComboBox.getSelectedInt();

** It was a parseable test case! 
Improved test data is: class DummyClass {
    public static void main() {
        and = $missing$;
    }
}
statement is: and = $missing$, class spoon.support.reflect.code.CtAssignmentImpl
statement is: com.lts.swing.combobox.SimpleComboBoxModel()V type is: class org.evosuite.testcase.statements.ConstructorStatement return type class com.lts.swing.combobox.SimpleComboBoxModel
statement code is: SimpleComboBoxModel simpleComboBoxModel = new SimpleComboBoxModel()
statement is: com.lts.swing.combobox.SimpleComboBox(Lcom/lts/swing/combobox/SimpleComboBoxModel;)V type is: class org.evosuite.testcase.statements.ConstructorStatement return type class com.lts.swing.combobox.SimpleComboBox
statement code is: SimpleComboBox simpleComboBox = new SimpleComboBox(arg0)
statement is: java.lang.Byte(B)V type is: class org.evosuite.testcase.statements.ConstructorStatement return type class java.lang.Byte
statement code is: Byte byte = new Byte((byte)0)
statement is: add(Ljava/lang/Object;Ljava/lang/Object;)V type is: class org.evosuite.testcase.statements.MethodStatement return type void
statement code is: simpleComboBoxModel.add((Object) null, arg1)
statement is: getSelectedLong()J type is: class org.evosuite.testcase.statements.MethodStatement return type long
statement code is: long selectedLong = simpleComboBox.getSelectedLong()
test data is: SimpleComboBoxModel simpleComboBoxModel = new SimpleComboBoxModel();
SimpleComboBox simpleComboBox = new SimpleComboBox(simpleComboBoxModel);
Byte byte = new Byte((byte)0);
simpleComboBoxModel.add((Object) null, byte);
simpleComboBox.getSelectedLong();

** It was a parseable test case! 
Improved test data is: class DummyClass {
    public static void main() {
        SimpleComboBoxModel simpleComboBoxModel = new SimpleComboBoxModel();
        SimpleComboBox simpleComboBox = new SimpleComboBox(simpleComboBoxModel);
        Byte byte1 = new Byte(((byte) (0)));
        Byte byte2 = new Byte(((byte) (1)));
        String string1 = "Apple";
        String string2 = "Banana";
        String string3 = "Orange";
        simpleComboBoxModel.add(((Object) (null)), byte1);
        simpleComboBoxModel.add(string1, byte2);
        simpleComboBoxModel.add(string2, byte2);
        simpleComboBoxModel.add(string3, byte2);
        simpleComboBox.getSelectedLong();
    }
}
statement is: SimpleComboBoxModel simpleComboBoxModel = new SimpleComboBoxModel(), class spoon.support.reflect.code.CtLocalVariableImpl
class spoon.support.reflect.code.CtConstructorCallImpl
statement is: SimpleComboBox simpleComboBox = new SimpleComboBox(simpleComboBoxModel), class spoon.support.reflect.code.CtLocalVariableImpl
class spoon.support.reflect.code.CtConstructorCallImpl
statement is: Byte byte1 = new Byte(((byte) (0))), class spoon.support.reflect.code.CtLocalVariableImpl
class spoon.support.reflect.code.CtConstructorCallImpl
statement is: Byte byte2 = new Byte(((byte) (1))), class spoon.support.reflect.code.CtLocalVariableImpl
class spoon.support.reflect.code.CtConstructorCallImpl
statement is: String string1 = "Apple", class spoon.support.reflect.code.CtLocalVariableImpl
class spoon.support.reflect.code.CtLiteralImpl
statement is: String string2 = "Banana", class spoon.support.reflect.code.CtLocalVariableImpl
class spoon.support.reflect.code.CtLiteralImpl
statement is: String string3 = "Orange", class spoon.support.reflect.code.CtLocalVariableImpl
class spoon.support.reflect.code.CtLiteralImpl
statement is: simpleComboBoxModel.add(((Object) (null)), byte1), class spoon.support.reflect.code.CtInvocationImpl
invocation is: simpleComboBoxModel.add(((Object) (null)), byte1) target is: simpleComboBoxModel method is: add(java.lang.Object,java.lang.Byte)
source statement: com.lts.swing.combobox.SimpleComboBoxModel()V callee: VariableReference: Statement 0, type com.lts.swing.combobox.SimpleComboBoxModelindex is: 0
Matched Method is: add(Ljava/lang/Object;Ljava/lang/Object;)V
i 1 Parameters size() 1 Num of Method Parameters: 2
statement is: simpleComboBoxModel.add(string1, byte2), class spoon.support.reflect.code.CtInvocationImpl
invocation is: simpleComboBoxModel.add(string1, byte2) target is: simpleComboBoxModel method is: add(java.lang.String,java.lang.Byte)
source statement: com.lts.swing.combobox.SimpleComboBoxModel()V callee: VariableReference: Statement 0, type com.lts.swing.combobox.SimpleComboBoxModelindex is: 0
Matched Method is: add(Ljava/lang/Object;Ljava/lang/Object;)V
statement is: simpleComboBoxModel.add(string2, byte2), class spoon.support.reflect.code.CtInvocationImpl
invocation is: simpleComboBoxModel.add(string2, byte2) target is: simpleComboBoxModel method is: add(java.lang.String,java.lang.Byte)
source statement: com.lts.swing.combobox.SimpleComboBoxModel()V callee: VariableReference: Statement 0, type com.lts.swing.combobox.SimpleComboBoxModelindex is: 0
Matched Method is: add(Ljava/lang/Object;Ljava/lang/Object;)V
statement is: simpleComboBoxModel.add(string3, byte2), class spoon.support.reflect.code.CtInvocationImpl
invocation is: simpleComboBoxModel.add(string3, byte2) target is: simpleComboBoxModel method is: add(java.lang.String,java.lang.Byte)
source statement: com.lts.swing.combobox.SimpleComboBoxModel()V callee: VariableReference: Statement 0, type com.lts.swing.combobox.SimpleComboBoxModelindex is: 0
Matched Method is: add(Ljava/lang/Object;Ljava/lang/Object;)V
statement is: simpleComboBox.getSelectedLong(), class spoon.support.reflect.code.CtInvocationImpl
invocation is: simpleComboBox.getSelectedLong() target is: simpleComboBox method is: getSelectedLong()
source statement: com.lts.swing.combobox.SimpleComboBox(Lcom/lts/swing/combobox/SimpleComboBoxModel;)V callee: VariableReference: Statement 1, type com.lts.swing.combobox.SimpleComboBoxindex is: 1
Matched Method is: getSelectedLong()J
TestCase is: SimpleComboBoxModel simpleComboBoxModel = new SimpleComboBoxModel();
SimpleComboBox simpleComboBox = new SimpleComboBox(simpleComboBoxModel);
int _int = 0;
Byte byte = new Byte((byte) _int);
int _int = 1;
Byte byte = new Byte((byte) _int);
String string = "Apple";
String string = "Banana";
String string = "Orange";
Byte byte = null;
simpleComboBoxModel.add(byte, byte);
simpleComboBoxModel.add(string, byte);
simpleComboBoxModel.add(string, byte);
simpleComboBoxModel.add(string, byte);
simpleComboBox.getSelectedLong();

statement is: com.lts.swing.combobox.SimpleComboBoxModel()V type is: class org.evosuite.testcase.statements.ConstructorStatement return type class com.lts.swing.combobox.SimpleComboBoxModel
statement code is: SimpleComboBoxModel simpleComboBoxModel = new SimpleComboBoxModel()
statement is: com.lts.swing.combobox.SimpleComboBox(Lcom/lts/swing/combobox/SimpleComboBoxModel;)V type is: class org.evosuite.testcase.statements.ConstructorStatement return type class com.lts.swing.combobox.SimpleComboBox
statement code is: SimpleComboBox simpleComboBox = new SimpleComboBox(arg0)
statement is: add(Ljava/lang/Object;Ljava/lang/Object;)V type is: class org.evosuite.testcase.statements.MethodStatement return type void
statement code is: simpleComboBoxModel.add((Object) null, arg1)
statement is: getSelectedValue()Ljava/lang/Object; type is: class org.evosuite.testcase.statements.MethodStatement return type class com.lts.swing.combobox.SimpleComboBox
statement code is: SimpleComboBox selectedValue = (SimpleComboBox)simpleComboBox.getSelectedValue()
test data is: SimpleComboBoxModel simpleComboBoxModel = new SimpleComboBoxModel();
SimpleComboBox simpleComboBox = new SimpleComboBox(simpleComboBoxModel);
simpleComboBoxModel.add((Object) null, simpleComboBox);
simpleComboBox.getSelectedValue();

** It was a parseable test case! 
Improved test data is: class DummyClass {
    public static void main() {
        SimpleComboBoxModel simpleComboBoxModel = new SimpleComboBoxModel();
        SimpleComboBox simpleComboBox = new SimpleComboBox(simpleComboBoxModel);
        simpleComboBoxModel.add(new Object(), "Apple");
        simpleComboBoxModel.add(new Object(), "Orange");
        simpleComboBoxModel.add(new Object(), "Banana");
        simpleComboBox.getSelectedValue();
    }
}
statement is: SimpleComboBoxModel simpleComboBoxModel = new SimpleComboBoxModel(), class spoon.support.reflect.code.CtLocalVariableImpl
class spoon.support.reflect.code.CtConstructorCallImpl
statement is: SimpleComboBox simpleComboBox = new SimpleComboBox(simpleComboBoxModel), class spoon.support.reflect.code.CtLocalVariableImpl
class spoon.support.reflect.code.CtConstructorCallImpl
statement is: simpleComboBoxModel.add(new Object(), "Apple"), class spoon.support.reflect.code.CtInvocationImpl
invocation is: simpleComboBoxModel.add(new Object(), "Apple") target is: simpleComboBoxModel method is: add(java.lang.Object,java.lang.String)
source statement: com.lts.swing.combobox.SimpleComboBoxModel()V callee: VariableReference: Statement 0, type com.lts.swing.combobox.SimpleComboBoxModelindex is: 0
Matched Method is: add(Ljava/lang/Object;Ljava/lang/Object;)V
i 1 Parameters size() 1 Num of Method Parameters: 2
statement is: simpleComboBoxModel.add(new Object(), "Orange"), class spoon.support.reflect.code.CtInvocationImpl
invocation is: simpleComboBoxModel.add(new Object(), "Orange") target is: simpleComboBoxModel method is: add(java.lang.Object,java.lang.String)
source statement: com.lts.swing.combobox.SimpleComboBoxModel()V callee: VariableReference: Statement 0, type com.lts.swing.combobox.SimpleComboBoxModelindex is: 0
Matched Method is: add(Ljava/lang/Object;Ljava/lang/Object;)V
i 1 Parameters size() 1 Num of Method Parameters: 2
statement is: simpleComboBoxModel.add(new Object(), "Banana"), class spoon.support.reflect.code.CtInvocationImpl
invocation is: simpleComboBoxModel.add(new Object(), "Banana") target is: simpleComboBoxModel method is: add(java.lang.Object,java.lang.String)
source statement: com.lts.swing.combobox.SimpleComboBoxModel()V callee: VariableReference: Statement 0, type com.lts.swing.combobox.SimpleComboBoxModelindex is: 0
Matched Method is: add(Ljava/lang/Object;Ljava/lang/Object;)V
i 1 Parameters size() 1 Num of Method Parameters: 2
statement is: simpleComboBox.getSelectedValue(), class spoon.support.reflect.code.CtInvocationImpl
invocation is: simpleComboBox.getSelectedValue() target is: simpleComboBox method is: getSelectedValue()
source statement: com.lts.swing.combobox.SimpleComboBox(Lcom/lts/swing/combobox/SimpleComboBoxModel;)V callee: VariableReference: Statement 1, type com.lts.swing.combobox.SimpleComboBoxindex is: 1
Matched Method is: getSelectedValue()Ljava/lang/Object;
TestCase is: SimpleComboBoxModel simpleComboBoxModel = new SimpleComboBoxModel();
SimpleComboBox simpleComboBox = new SimpleComboBox(simpleComboBoxModel);
String string = "Apple";
SimpleComboBox simpleComboBox = null;
simpleComboBoxModel.add(string, simpleComboBox);
String string = "Orange";
SimpleComboBox simpleComboBox = null;
simpleComboBoxModel.add(string, simpleComboBox);
String string = "Banana";
SimpleComboBox simpleComboBox = null;
simpleComboBoxModel.add(string, simpleComboBox);
simpleComboBox.getSelectedValue();

statement is: java.util.Stack()V type is: class org.evosuite.testcase.statements.ConstructorStatement return type java.util.Stack<java.lang.Object>
statement code is: Stack<Object> stack = new Stack<Object>()
statement is: com.lts.swing.combobox.SimpleComboBoxModel(Ljava/util/List;)V type is: class org.evosuite.testcase.statements.ConstructorStatement return type class com.lts.swing.combobox.SimpleComboBoxModel
statement code is: SimpleComboBoxModel simpleComboBoxModel = new SimpleComboBoxModel(arg0)
statement is: org.evosuite.testcase.statements.ArrayStatement@4366d2ed type is: class org.evosuite.testcase.statements.ArrayStatement return type class [[Ljava.lang.Object;
statement code is: Object[][] objectArray = new Object[9][5]
statement is: initialize([[Ljava/lang/Object;)V type is: class org.evosuite.testcase.statements.MethodStatement return type void
statement code is: simpleComboBoxModel.initialize(arg0)
statement is: com.lts.swing.combobox.SimpleComboBox(Lcom/lts/swing/combobox/SimpleComboBoxModel;)V type is: class org.evosuite.testcase.statements.ConstructorStatement return type class com.lts.swing.combobox.SimpleComboBox
statement code is: SimpleComboBox simpleComboBox = new SimpleComboBox(arg0)
statement is: setModel(Ljavax/swing/ComboBoxModel;)V type is: class org.evosuite.testcase.statements.MethodStatement return type void
statement code is: simpleComboBox.setModel(arg0)
test data is: Stack<Object> stack = new Stack<Object>();
SimpleComboBoxModel simpleComboBoxModel = new SimpleComboBoxModel(stack);
Object[][] objectArray = new Object[9][5];
simpleComboBoxModel.initialize(objectArray);
SimpleComboBox simpleComboBox = new SimpleComboBox(simpleComboBoxModel);
simpleComboBox.setModel(simpleComboBoxModel);

** It was a parseable test case! 
Improved test data is: class DummyClass {
    public static void main() {
        Stack<Object> stack = new Stack<Object>();
        stack.push("John Smith");
        stack.push("Jane Doe");
        stack.push("Jack Johnson");
        stack.push("Jill Brown");
        SimpleComboBoxModel simpleComboBoxModel = new SimpleComboBoxModel(stack);
        Object[][] objectArray = new Object[9][5];
        simpleComboBoxModel.initialize(objectArray);
        SimpleComboBox simpleComboBox = new SimpleComboBox(simpleComboBoxModel);
        simpleComboBox.setModel(simpleComboBoxModel);
    }
}
statement is: Stack<Object> stack = new Stack<Object>(), class spoon.support.reflect.code.CtLocalVariableImpl
class spoon.support.reflect.code.CtConstructorCallImpl
statement is: stack.push("John Smith"), class spoon.support.reflect.code.CtInvocationImpl
invocation is: stack.push("John Smith") target is: stack method is: push(java.lang.String)
statement is: stack.push("Jane Doe"), class spoon.support.reflect.code.CtInvocationImpl
invocation is: stack.push("Jane Doe") target is: stack method is: push(java.lang.String)
statement is: stack.push("Jack Johnson"), class spoon.support.reflect.code.CtInvocationImpl
invocation is: stack.push("Jack Johnson") target is: stack method is: push(java.lang.String)
statement is: stack.push("Jill Brown"), class spoon.support.reflect.code.CtInvocationImpl
invocation is: stack.push("Jill Brown") target is: stack method is: push(java.lang.String)
statement is: SimpleComboBoxModel simpleComboBoxModel = new SimpleComboBoxModel(stack), class spoon.support.reflect.code.CtLocalVariableImpl
class spoon.support.reflect.code.CtConstructorCallImpl
statement is: Object[][] objectArray = new Object[9][5], class spoon.support.reflect.code.CtLocalVariableImpl
class spoon.support.reflect.code.CtNewArrayImpl
Dimension: [9, 5] Ct is: Object[][] objectArray = new Object[9][5] isAssignment: false Array: new Object[9][5] Elements: []
lengths: [9, 5] [9, 5]
Their type are: class [[Ljava.lang.Object; Object[][]
statement is: simpleComboBoxModel.initialize(objectArray), class spoon.support.reflect.code.CtInvocationImpl
invocation is: simpleComboBoxModel.initialize(objectArray) target is: simpleComboBoxModel method is: initialize(java.lang.Object[][])
source statement: com.lts.swing.combobox.SimpleComboBoxModel(Ljava/util/List;)V callee: VariableReference: Statement 1, type com.lts.swing.combobox.SimpleComboBoxModelindex is: 1
Matched Method is: initialize([[Ljava/lang/Object;)V
statement is: SimpleComboBox simpleComboBox = new SimpleComboBox(simpleComboBoxModel), class spoon.support.reflect.code.CtLocalVariableImpl
class spoon.support.reflect.code.CtConstructorCallImpl
statement is: simpleComboBox.setModel(simpleComboBoxModel), class spoon.support.reflect.code.CtInvocationImpl
invocation is: simpleComboBox.setModel(simpleComboBoxModel) target is: simpleComboBox method is: setModel(SimpleComboBoxModel)
source statement: com.lts.swing.combobox.SimpleComboBox(Lcom/lts/swing/combobox/SimpleComboBoxModel;)V callee: VariableReference: Statement 4, type com.lts.swing.combobox.SimpleComboBoxindex is: 4
Matched Method is: setModel(Ljavax/swing/ComboBoxModel;)V
TestCase is: Stack<Object> stack = new Stack<Object>();
SimpleComboBoxModel simpleComboBoxModel = new SimpleComboBoxModel(stack);
Object[][] objectArray = new Object[9][5];
simpleComboBoxModel.initialize(objectArray);
SimpleComboBox simpleComboBox = new SimpleComboBox(simpleComboBoxModel);
simpleComboBox.setModel(simpleComboBoxModel);

* test suite isTestSuite: 22
Test 0: 
SimpleComboBoxModel simpleComboBoxModel = new SimpleComboBoxModel();
SimpleComboBox simpleComboBox = new SimpleComboBox(simpleComboBoxModel);
simpleComboBox.getSelectedValue();
Test 1: 
SimpleComboBox simpleComboBox = null;
try {
  simpleComboBox = new SimpleComboBox((SimpleComboBoxModel) null);
  fail("Expecting exception: NullPointerException");

} catch(NullPointerException e) {
   //
   // no message in exception (getMessage() returned null)
   //
}

Test 2: 
SimpleComboBoxModel simpleComboBoxModel = new SimpleComboBoxModel();
SimpleComboBox simpleComboBox = new SimpleComboBox(simpleComboBoxModel);
Byte byte = new Byte((byte)5);
simpleComboBoxModel.add((Object) null, byte);
simpleComboBox.getSelectedInt();
Test 3: 
SimpleComboBoxModel simpleComboBoxModel = new SimpleComboBoxModel();
SimpleComboBox simpleComboBox = new SimpleComboBox(simpleComboBoxModel);
simpleComboBox.getSelectedInt();
Test 4: 
Stack<Object> stack = new Stack<Object>();
SimpleComboBoxModel simpleComboBoxModel = new SimpleComboBoxModel(stack);
Object[][] objectArray = new Object[9][5];
Object[] objectArray = new Object[19];
objectArray[0] = (Object) stack;
objectArray[1] = (Object) stack;
objectArray[0] = objectArray;
simpleComboBoxModel.initialize(objectArray);
SimpleComboBox simpleComboBox = new SimpleComboBox(simpleComboBoxModel);
Stack itemAt = (Stack)simpleComboBox.getItemAt(0);
simpleComboBox.setSelectedValue(itemAt);
// Undeclared exception!
try { 
  simpleComboBox.getSelectedInt();
  fail("Expecting exception: IllegalArgumentException");

} catch(IllegalArgumentException e) {
   //
   // no message in exception (getMessage() returned null)
   //
   verifyException("com.lts.swing.combobox.SimpleComboBox", e);
}

Test 5: 
SimpleComboBoxModel simpleComboBoxModel = new SimpleComboBoxModel();
SimpleComboBox simpleComboBox = new SimpleComboBox(simpleComboBoxModel);
Byte byte = new Byte((byte)5);
simpleComboBoxModel.add((Object) null, byte);
simpleComboBox.getSelectedLong();
Test 6: 
Stack<Object> stack = new Stack<Object>();
SimpleComboBoxModel simpleComboBoxModel = new SimpleComboBoxModel(stack);
Object[][] objectArray = new Object[9][5];
simpleComboBoxModel.initialize(objectArray);
SimpleComboBox simpleComboBox = new SimpleComboBox(simpleComboBoxModel);
simpleComboBox.getSelectedLong();
Test 7: 
SimpleComboBoxModel simpleComboBoxModel = new SimpleComboBoxModel();
SimpleComboBox simpleComboBox = new SimpleComboBox(simpleComboBoxModel);
simpleComboBoxModel.add((Object) null, simpleComboBox);
// Undeclared exception!
try { 
  simpleComboBox.getSelectedLong();
  fail("Expecting exception: IllegalArgumentException");

} catch(IllegalArgumentException e) {
   //
   // no message in exception (getMessage() returned null)
   //
   verifyException("com.lts.swing.combobox.SimpleComboBox", e);
}

Test 8: 
SimpleComboBoxModel simpleComboBoxModel = new SimpleComboBoxModel();
SimpleComboBox simpleComboBox = new SimpleComboBox(simpleComboBoxModel);
Byte byte = new Byte((byte)0);
simpleComboBoxModel.add((Object) null, byte);
simpleComboBox.getSelectedInt();
Test 9: 
SimpleComboBoxModel simpleComboBoxModel = new SimpleComboBoxModel();
SimpleComboBox simpleComboBox = new SimpleComboBox(simpleComboBoxModel);
Byte byte = new Byte((byte)0);
simpleComboBoxModel.add((Object) null, byte);
simpleComboBox.getSelectedLong();
Test 10: 
SimpleComboBoxModel simpleComboBoxModel = new SimpleComboBoxModel();
SimpleComboBox simpleComboBox = new SimpleComboBox(simpleComboBoxModel);
simpleComboBoxModel.add((Object) null, simpleComboBox);
simpleComboBox.getSelectedValue();
Test 11: 
Stack<Object> stack = new Stack<Object>();
SimpleComboBoxModel simpleComboBoxModel = new SimpleComboBoxModel(stack);
Object[][] objectArray = new Object[9][5];
simpleComboBoxModel.initialize(objectArray);
SimpleComboBox simpleComboBox = new SimpleComboBox(simpleComboBoxModel);
simpleComboBox.setModel(simpleComboBoxModel);
Test 12: 
SimpleComboBoxModel simpleComboBoxModel = new SimpleComboBoxModel();
SimpleComboBox simpleComboBox = new SimpleComboBox(simpleComboBoxModel);

Test 13: 
SimpleComboBoxModel simpleComboBoxModel = new SimpleComboBoxModel();
SimpleComboBox simpleComboBox = new SimpleComboBox(simpleComboBoxModel);
Byte byte = new Byte((byte) 5);
Byte byte = null;
simpleComboBoxModel.add(byte, byte);
simpleComboBox.getSelectedInt();

Test 14: 
SimpleComboBoxModel simpleComboBoxModel = new SimpleComboBoxModel();
SimpleComboBox simpleComboBox = new SimpleComboBox(simpleComboBoxModel);
simpleComboBox.getSelectedInt();

Test 15: 
Object[][] objectArray = new Object[9][5];
SimpleComboBox simpleComboBox = new SimpleComboBox((SimpleComboBoxModel) "hello");
Stack stack = null;
((SimpleComboBox) stack).setSelectedValue(stack);
((SimpleComboBox) stack).getSelectedInt();

Test 16: 
SimpleComboBoxModel simpleComboBoxModel = new SimpleComboBoxModel();
SimpleComboBox simpleComboBox = new SimpleComboBox(simpleComboBoxModel);
simpleComboBoxModel.add((Object) null, (Object) null);
simpleComboBox.getSelectedLong();

Test 17: 
Stack<Object> stack = new Stack<Object>();
SimpleComboBoxModel simpleComboBoxModel = new SimpleComboBoxModel(stack);
simpleComboBoxModel.initialize((Object[][]) null);
SimpleComboBox simpleComboBox = new SimpleComboBox(simpleComboBoxModel);
simpleComboBox.getSelectedLong();

Test 18: 
SimpleComboBoxModel simpleComboBoxModel = new SimpleComboBoxModel();
SimpleComboBox simpleComboBox = new SimpleComboBox(simpleComboBoxModel);
simpleComboBoxModel.add(simpleComboBox, (Object) null);
simpleComboBox.getSelectedLong();
SimpleComboBoxModel simpleComboBoxModel = new SimpleComboBoxModel();
simpleComboBoxModel.add((Object) null, (Object) null);

Test 19: 
SimpleComboBoxModel simpleComboBoxModel = new SimpleComboBoxModel();
SimpleComboBox simpleComboBox = new SimpleComboBox(simpleComboBoxModel);
Byte byte = new Byte((byte) 0);
int _int = 1;
Byte byte = new Byte((byte) _int);
String string = "Apple";
String string = "Banana";
String string = "Orange";
Byte byte = null;
simpleComboBoxModel.add(byte, byte);
simpleComboBoxModel.add(string, byte);
simpleComboBoxModel.add(string, byte);
simpleComboBoxModel.add(string, byte);
simpleComboBox.getSelectedLong();

Test 20: 
SimpleComboBoxModel simpleComboBoxModel = new SimpleComboBoxModel();
SimpleComboBox simpleComboBox = new SimpleComboBox(simpleComboBoxModel);
simpleComboBoxModel.add("Apple", (Object) null);
simpleComboBoxModel.add("Orange", (Object) null);
simpleComboBoxModel.add("Banana", (Object) null);
simpleComboBox.getSelectedValue();

Test 21: 
Stack<Object> stack = new Stack<Object>();
SimpleComboBoxModel simpleComboBoxModel = new SimpleComboBoxModel(stack);
Object[][] objectArray = new Object[9][5];
simpleComboBoxModel.initialize(objectArray);
SimpleComboBox simpleComboBox = new SimpleComboBox(simpleComboBoxModel);
simpleComboBox.setModel(simpleComboBoxModel);


* Generated after the refinement and before minimization 22 tests with total length 116
* test suite isTestSuite: 22
Test 0: 
SimpleComboBoxModel simpleComboBoxModel = new SimpleComboBoxModel();
SimpleComboBox simpleComboBox = new SimpleComboBox(simpleComboBoxModel);
simpleComboBox.getSelectedValue();
Test 1: 
SimpleComboBox simpleComboBox = null;
try {
  simpleComboBox = new SimpleComboBox((SimpleComboBoxModel) null);
  fail("Expecting exception: NullPointerException");

} catch(NullPointerException e) {
   //
   // no message in exception (getMessage() returned null)
   //
}

Test 2: 
SimpleComboBoxModel simpleComboBoxModel = new SimpleComboBoxModel();
SimpleComboBox simpleComboBox = new SimpleComboBox(simpleComboBoxModel);
Byte byte = new Byte((byte)5);
simpleComboBoxModel.add((Object) null, byte);
simpleComboBox.getSelectedInt();
Test 3: 
SimpleComboBoxModel simpleComboBoxModel = new SimpleComboBoxModel();
SimpleComboBox simpleComboBox = new SimpleComboBox(simpleComboBoxModel);
simpleComboBox.getSelectedInt();
Test 4: 
Stack<Object> stack = new Stack<Object>();
SimpleComboBoxModel simpleComboBoxModel = new SimpleComboBoxModel(stack);
Object[][] objectArray = new Object[9][5];
Object[] objectArray = new Object[19];
objectArray[0] = (Object) stack;
objectArray[1] = (Object) stack;
objectArray[0] = objectArray;
simpleComboBoxModel.initialize(objectArray);
SimpleComboBox simpleComboBox = new SimpleComboBox(simpleComboBoxModel);
Stack itemAt = (Stack)simpleComboBox.getItemAt(0);
simpleComboBox.setSelectedValue(itemAt);
// Undeclared exception!
try { 
  simpleComboBox.getSelectedInt();
  fail("Expecting exception: IllegalArgumentException");

} catch(IllegalArgumentException e) {
   //
   // no message in exception (getMessage() returned null)
   //
   verifyException("com.lts.swing.combobox.SimpleComboBox", e);
}

Test 5: 
SimpleComboBoxModel simpleComboBoxModel = new SimpleComboBoxModel();
SimpleComboBox simpleComboBox = new SimpleComboBox(simpleComboBoxModel);
Byte byte = new Byte((byte)5);
simpleComboBoxModel.add((Object) null, byte);
simpleComboBox.getSelectedLong();
Test 6: 
Stack<Object> stack = new Stack<Object>();
SimpleComboBoxModel simpleComboBoxModel = new SimpleComboBoxModel(stack);
Object[][] objectArray = new Object[9][5];
simpleComboBoxModel.initialize(objectArray);
SimpleComboBox simpleComboBox = new SimpleComboBox(simpleComboBoxModel);
simpleComboBox.getSelectedLong();
Test 7: 
SimpleComboBoxModel simpleComboBoxModel = new SimpleComboBoxModel();
SimpleComboBox simpleComboBox = new SimpleComboBox(simpleComboBoxModel);
simpleComboBoxModel.add((Object) null, simpleComboBox);
// Undeclared exception!
try { 
  simpleComboBox.getSelectedLong();
  fail("Expecting exception: IllegalArgumentException");

} catch(IllegalArgumentException e) {
   //
   // no message in exception (getMessage() returned null)
   //
   verifyException("com.lts.swing.combobox.SimpleComboBox", e);
}

Test 8: 
SimpleComboBoxModel simpleComboBoxModel = new SimpleComboBoxModel();
SimpleComboBox simpleComboBox = new SimpleComboBox(simpleComboBoxModel);
Byte byte = new Byte((byte)0);
simpleComboBoxModel.add((Object) null, byte);
simpleComboBox.getSelectedInt();
Test 9: 
SimpleComboBoxModel simpleComboBoxModel = new SimpleComboBoxModel();
SimpleComboBox simpleComboBox = new SimpleComboBox(simpleComboBoxModel);
Byte byte = new Byte((byte)0);
simpleComboBoxModel.add((Object) null, byte);
simpleComboBox.getSelectedLong();
Test 10: 
SimpleComboBoxModel simpleComboBoxModel = new SimpleComboBoxModel();
SimpleComboBox simpleComboBox = new SimpleComboBox(simpleComboBoxModel);
simpleComboBoxModel.add((Object) null, simpleComboBox);
simpleComboBox.getSelectedValue();
Test 11: 
Stack<Object> stack = new Stack<Object>();
SimpleComboBoxModel simpleComboBoxModel = new SimpleComboBoxModel(stack);
Object[][] objectArray = new Object[9][5];
simpleComboBoxModel.initialize(objectArray);
SimpleComboBox simpleComboBox = new SimpleComboBox(simpleComboBoxModel);
simpleComboBox.setModel(simpleComboBoxModel);
Test 12: 
SimpleComboBoxModel simpleComboBoxModel = new SimpleComboBoxModel();
SimpleComboBox simpleComboBox = new SimpleComboBox(simpleComboBoxModel);

Test 13: 
SimpleComboBoxModel simpleComboBoxModel = new SimpleComboBoxModel();
SimpleComboBox simpleComboBox = new SimpleComboBox(simpleComboBoxModel);
Byte byte = new Byte((byte) 5);
Byte byte = null;
simpleComboBoxModel.add(byte, byte);
simpleComboBox.getSelectedInt();

Test 14: 
SimpleComboBoxModel simpleComboBoxModel = new SimpleComboBoxModel();
SimpleComboBox simpleComboBox = new SimpleComboBox(simpleComboBoxModel);
simpleComboBox.getSelectedInt();

Test 15: 
Object[][] objectArray = new Object[9][5];
SimpleComboBox simpleComboBox = new SimpleComboBox((SimpleComboBoxModel) "hello");
Stack stack = null;
((SimpleComboBox) stack).setSelectedValue(stack);
((SimpleComboBox) stack).getSelectedInt();

Test 16: 
SimpleComboBoxModel simpleComboBoxModel = new SimpleComboBoxModel();
SimpleComboBox simpleComboBox = new SimpleComboBox(simpleComboBoxModel);
simpleComboBoxModel.add((Object) null, (Object) null);
simpleComboBox.getSelectedLong();

Test 17: 
Stack<Object> stack = new Stack<Object>();
SimpleComboBoxModel simpleComboBoxModel = new SimpleComboBoxModel(stack);
simpleComboBoxModel.initialize((Object[][]) null);
SimpleComboBox simpleComboBox = new SimpleComboBox(simpleComboBoxModel);
simpleComboBox.getSelectedLong();

Test 18: 
SimpleComboBoxModel simpleComboBoxModel = new SimpleComboBoxModel();
SimpleComboBox simpleComboBox = new SimpleComboBox(simpleComboBoxModel);
simpleComboBoxModel.add(simpleComboBox, (Object) null);
simpleComboBox.getSelectedLong();
SimpleComboBoxModel simpleComboBoxModel = new SimpleComboBoxModel();
simpleComboBoxModel.add((Object) null, (Object) null);

Test 19: 
SimpleComboBoxModel simpleComboBoxModel = new SimpleComboBoxModel();
SimpleComboBox simpleComboBox = new SimpleComboBox(simpleComboBoxModel);
Byte byte = new Byte((byte) 0);
int _int = 1;
Byte byte = new Byte((byte) _int);
String string = "Apple";
String string = "Banana";
String string = "Orange";
Byte byte = null;
simpleComboBoxModel.add(byte, byte);
simpleComboBoxModel.add(string, byte);
simpleComboBoxModel.add(string, byte);
simpleComboBoxModel.add(string, byte);
simpleComboBox.getSelectedLong();

Test 20: 
SimpleComboBoxModel simpleComboBoxModel = new SimpleComboBoxModel();
SimpleComboBox simpleComboBox = new SimpleComboBox(simpleComboBoxModel);
simpleComboBoxModel.add("Apple", (Object) null);
simpleComboBoxModel.add("Orange", (Object) null);
simpleComboBoxModel.add("Banana", (Object) null);
simpleComboBox.getSelectedValue();

Test 21: 
Stack<Object> stack = new Stack<Object>();
SimpleComboBoxModel simpleComboBoxModel = new SimpleComboBoxModel(stack);
Object[][] objectArray = new Object[9][5];
simpleComboBoxModel.initialize(objectArray);
SimpleComboBox simpleComboBox = new SimpleComboBox(simpleComboBoxModel);
simpleComboBox.setModel(simpleComboBoxModel);


* Minimizing test suite
* test suite isTestSuite: 12
Test 0: 
SimpleComboBoxModel simpleComboBoxModel = new SimpleComboBoxModel();
SimpleComboBox simpleComboBox = new SimpleComboBox(simpleComboBoxModel);
simpleComboBox.getSelectedInt();
Test 1: 
SimpleComboBox simpleComboBox = null;
try {
  simpleComboBox = new SimpleComboBox((SimpleComboBoxModel) null);
  fail("Expecting exception: NullPointerException");

} catch(NullPointerException e) {
   //
   // no message in exception (getMessage() returned null)
   //
}

Test 2: 
SimpleComboBoxModel simpleComboBoxModel = new SimpleComboBoxModel();
SimpleComboBox simpleComboBox = new SimpleComboBox(simpleComboBoxModel);
Byte byte = new Byte((byte)0);
simpleComboBoxModel.add((Object) null, byte);
simpleComboBox.getSelectedInt();
Test 3: 
Stack<Object> stack = new Stack<Object>();
SimpleComboBoxModel simpleComboBoxModel = new SimpleComboBoxModel(stack);
Object[][] objectArray = new Object[9][5];
Object[] objectArray = new Object[19];
objectArray[0] = (Object) stack;
objectArray[1] = (Object) stack;
objectArray[0] = objectArray;
simpleComboBoxModel.initialize(objectArray);
SimpleComboBox simpleComboBox = new SimpleComboBox(simpleComboBoxModel);
Stack itemAt = (Stack)simpleComboBox.getItemAt(0);
simpleComboBox.setSelectedValue(itemAt);
// Undeclared exception!
try { 
  simpleComboBox.getSelectedInt();
  fail("Expecting exception: IllegalArgumentException");

} catch(IllegalArgumentException e) {
   //
   // no message in exception (getMessage() returned null)
   //
   verifyException("com.lts.swing.combobox.SimpleComboBox", e);
}

Test 4: 
SimpleComboBoxModel simpleComboBoxModel = new SimpleComboBoxModel();
SimpleComboBox simpleComboBox = new SimpleComboBox(simpleComboBoxModel);
simpleComboBoxModel.add((Object) null, simpleComboBox);
// Undeclared exception!
try { 
  simpleComboBox.getSelectedLong();
  fail("Expecting exception: IllegalArgumentException");

} catch(IllegalArgumentException e) {
   //
   // no message in exception (getMessage() returned null)
   //
   verifyException("com.lts.swing.combobox.SimpleComboBox", e);
}

Test 5: 
SimpleComboBoxModel simpleComboBoxModel = new SimpleComboBoxModel();
SimpleComboBox simpleComboBox = new SimpleComboBox(simpleComboBoxModel);
simpleComboBox.getSelectedLong();
Test 6: 
SimpleComboBoxModel simpleComboBoxModel = new SimpleComboBoxModel();
SimpleComboBox simpleComboBox = new SimpleComboBox(simpleComboBoxModel);
Byte byte = new Byte((byte)0);
simpleComboBoxModel.add((Object) null, byte);
simpleComboBox.getSelectedLong();
Test 7: 
SimpleComboBoxModel simpleComboBoxModel = new SimpleComboBoxModel();
SimpleComboBox simpleComboBox = new SimpleComboBox(simpleComboBoxModel);
simpleComboBox.getSelectedValue();
Test 8: 
SimpleComboBoxModel simpleComboBoxModel = new SimpleComboBoxModel();
SimpleComboBox simpleComboBox = new SimpleComboBox(simpleComboBoxModel);
Byte byte = new Byte((byte)5);
simpleComboBoxModel.add((Object) null, byte);
simpleComboBox.getSelectedInt();
Test 9: 
SimpleComboBoxModel simpleComboBoxModel = new SimpleComboBoxModel();
SimpleComboBox simpleComboBox = new SimpleComboBox(simpleComboBoxModel);
Byte byte = new Byte((byte)5);
simpleComboBoxModel.add((Object) null, byte);
simpleComboBox.getSelectedLong();
Test 10: 
SimpleComboBoxModel simpleComboBoxModel = new SimpleComboBoxModel();
SimpleComboBox simpleComboBox = new SimpleComboBox(simpleComboBoxModel);
simpleComboBoxModel.add((Object) null, simpleComboBox);
simpleComboBox.getSelectedValue();
Test 11: 
Stack<Object> stack = new Stack<Object>();
SimpleComboBoxModel simpleComboBoxModel = new SimpleComboBoxModel(stack);
Object[][] objectArray = new Object[9][5];
simpleComboBoxModel.initialize(objectArray);
SimpleComboBox simpleComboBox = new SimpleComboBox(simpleComboBoxModel);
simpleComboBox.setModel(simpleComboBoxModel);

* Going to analyze the coverage criteria
* Coverage analysis for criterion BRANCH
* Coverage of criterion BRANCH: 73%
* Total number of goals: 26
* Number of covered goals: 19
* Coverage analysis for criterion LINE
* Coverage of criterion LINE: 70%
* Total number of goals: 43
* Number of covered goals: 30
* Coverage analysis for criterion OUTPUT
* Coverage of criterion OUTPUT: 100%
* Total number of goals: 8
* Number of covered goals: 8
* Coverage analysis for criterion METHOD
* Coverage of criterion METHOD: 100%
* Total number of goals: 6
* Number of covered goals: 6
* Coverage analysis for criterion CBRANCH
* Coverage of criterion CBRANCH: 73%
* Total number of goals: 26
* Number of covered goals: 19
* Generated 12 tests with total length 56
* Resulting test suite's coverage: 83% (average coverage for all fitness functions)
* Generating assertions
* Resulting test suite's mutation score: 100%
* Compiling and checking tests
Going to execute: removeTestsThatDoNotCompile
* Compiling Tests
** Write a test suite: 0 called: 0 to improve: false
* Compiling Tests
** Write a test suite: 0 called: 0 to improve: true
** Improve Understandability: ** Test Code is: SimpleComboBoxModel arg0 = new SimpleComboBoxModel();
SimpleComboBox simpleComboBox = new SimpleComboBox(arg0);
int selectedInt = simpleComboBox.getSelectedInt();
assertEquals((-1), selectedInt);


** It was a parseable test case! 
refined test name is: testGetSelectedIntDefaultValueIsMinusOne
* Compiling Tests
** Write a test suite: 0 called: 0 to improve: false
* Compiling Tests
** Write a test suite: 0 called: 0 to improve: true
** Improve Understandability: ** Test Code is: SimpleComboBox simpleComboBox = null;
try {
  simpleComboBox = new SimpleComboBox((SimpleComboBoxModel) null);
  fail("Expecting exception: NullPointerException");

} catch(NullPointerException e) {
   //
   // no message in exception (getMessage() returned null)
   //
}


** It was a parseable test case! 
refined test name is: testConstructorWithInvalidArgumentThrowsNPE
* Compiling Tests
** Write a test suite: 0 called: 0 to improve: false
* Compiling Tests
** Write a test suite: 0 called: 0 to improve: true
** Improve Understandability: ** Test Code is: SimpleComboBoxModel arg0 = new SimpleComboBoxModel();
SimpleComboBox simpleComboBox = new SimpleComboBox(arg0);
Byte arg1 = new Byte((byte)0);
arg0.add((Object) null, arg1);
int selectedInt = simpleComboBox.getSelectedInt();
assertEquals(0, selectedInt);


** It was a parseable test case! 
refined test name is: testAddItemWithNullValueAndByteValueOfZero
* Compiling Tests
** Write a test suite: 0 called: 0 to improve: false
* Compiling Tests
** Write a test suite: 0 called: 0 to improve: false
* Compiling Tests
** Write a test suite: 0 called: 0 to improve: true
** Improve Understandability: ** Test Code is: SimpleComboBoxModel arg0 = new SimpleComboBoxModel();
SimpleComboBox arg1 = new SimpleComboBox(arg0);
arg0.add((Object) null, arg1);
// Undeclared exception!
try { 
  arg1.getSelectedLong();
  fail("Expecting exception: IllegalArgumentException");

} catch(IllegalArgumentException e) {
   //
   // no message in exception (getMessage() returned null)
   //
   verifyException("com.lts.swing.combobox.SimpleComboBox", e);
}


** It was a parseable test case! 
refined test name is: testNullValueThrowsIllegalArgumentException
* Compiling Tests
** Write a test suite: 0 called: 0 to improve: false
* Compiling Tests
** Write a test suite: 0 called: 0 to improve: true
** Improve Understandability: ** Test Code is: SimpleComboBoxModel arg0 = new SimpleComboBoxModel();
SimpleComboBox simpleComboBox = new SimpleComboBox(arg0);
long selectedLong = simpleComboBox.getSelectedLong();
assertEquals((-1L), selectedLong);


** It was a parseable test case! 
refined test name is: testGetSelectedLongEmptyModel
* Compiling Tests
** Write a test suite: 0 called: 0 to improve: false
* Compiling Tests
** Write a test suite: 0 called: 0 to improve: true
** Improve Understandability: ** Test Code is: SimpleComboBoxModel arg0 = new SimpleComboBoxModel();
SimpleComboBox simpleComboBox = new SimpleComboBox(arg0);
Byte arg1 = new Byte((byte)0);
arg0.add((Object) null, arg1);
long selectedLong = simpleComboBox.getSelectedLong();
assertEquals(0L, selectedLong);


** It was a parseable test case! 
refined test name is: testAddingItemWithNullValueAndByteObject
* Compiling Tests
** Write a test suite: 0 called: 0 to improve: false
* Compiling Tests
** Write a test suite: 0 called: 0 to improve: true
** Improve Understandability: ** Test Code is: SimpleComboBoxModel arg0 = new SimpleComboBoxModel();
SimpleComboBox simpleComboBox = new SimpleComboBox(arg0);
Object selectedValue = simpleComboBox.getSelectedValue();
assertNull(selectedValue);


** It was a parseable test case! 
refined test name is: testGetSelectedValueEmptyComboBoxReturnsNull
* Compiling Tests
** Write a test suite: 0 called: 0 to improve: false
* Compiling Tests
** Write a test suite: 0 called: 0 to improve: true
** Improve Understandability: ** Test Code is: SimpleComboBoxModel arg0 = new SimpleComboBoxModel();
SimpleComboBox simpleComboBox = new SimpleComboBox(arg0);
Byte arg1 = new Byte((byte)5);
arg0.add((Object) null, arg1);
int selectedInt = simpleComboBox.getSelectedInt();
assertEquals(5, selectedInt);


** It was a parseable test case! 
refined test name is: testSelectedItemValue
* Compiling Tests
** Write a test suite: 0 called: 0 to improve: false
* Compiling Tests
** Write a test suite: 0 called: 0 to improve: true
** Improve Understandability: ** Test Code is: SimpleComboBoxModel arg0 = new SimpleComboBoxModel();
SimpleComboBox simpleComboBox = new SimpleComboBox(arg0);
Byte arg1 = new Byte((byte)5);
arg0.add((Object) null, arg1);
long selectedLong = simpleComboBox.getSelectedLong();
assertEquals(5L, selectedLong);


** It was a parseable test case! 
refined test name is: testAddItemWithNullValueAndVerifySelectedLong
* Compiling Tests
** Write a test suite: 0 called: 0 to improve: false
* Compiling Tests
** Write a test suite: 0 called: 0 to improve: true
** Improve Understandability: ** Test Code is: SimpleComboBoxModel arg0 = new SimpleComboBoxModel();
SimpleComboBox arg1 = new SimpleComboBox(arg0);
arg0.add((Object) null, arg1);
SimpleComboBox selectedValue = (SimpleComboBox)arg1.getSelectedValue();
assertFalse(selectedValue.getIgnoreRepaint());


** It was a parseable test case! 
refined test name is: testAddingItemWithNullValue
* Compiling Tests
refined test name is: testAddItemWithNullValue
* Compiling Tests
** Write a test suite: 0 called: 0 to improve: false
Going to execute: handleTestsThatAreUnstable
* Compiling Tests
[MASTER] 15:40:37.891 [logback-1] WARN  AgentLoader - Failed to find EvoSuite jar in current classloader. URLs of classloader:
file:/root/.sdkman/candidates/java/8.0.333.fx-librca/jre/../lib/tools.jar
file:/tmp/EvoSuite_pathingJar7226235348903115499.jar
file:/root/.sdkman/candidates/java/8.0.333.fx-librca/jre/lib/ext/cldrdata.jar
file:/root/.sdkman/candidates/java/8.0.333.fx-librca/jre/lib/ext/sunec.jar
file:/root/.sdkman/candidates/java/8.0.333.fx-librca/jre/lib/ext/localedata.jar
file:/root/.sdkman/candidates/java/8.0.333.fx-librca/jre/lib/ext/jaccess.jar
file:/root/.sdkman/candidates/java/8.0.333.fx-librca/jre/lib/ext/dnsns.jar
file:/root/.sdkman/candidates/java/8.0.333.fx-librca/jre/lib/ext/sunpkcs11.jar
file:/root/.sdkman/candidates/java/8.0.333.fx-librca/jre/lib/ext/zipfs.jar
file:/root/.sdkman/candidates/java/8.0.333.fx-librca/jre/lib/ext/jfxrt.jar
file:/root/.sdkman/candidates/java/8.0.333.fx-librca/jre/lib/ext/sunjce_provider.jar
file:/root/.sdkman/candidates/java/8.0.333.fx-librca/jre/lib/ext/nashorn.jar
[MASTER] 15:40:37.936 [logback-1] WARN  JUnitAnalyzer - Found unstable test named initializationError -> class java.lang.RuntimeException: Cannot find either the compilation target folder nor the EvoSuite jar in classpath: /tmp/EvoSuite_pathingJar7226235348903115499.jar
Going to execute: handleTestsThatAreUnstable
* Compiling Tests
[MASTER] 15:40:38.021 [logback-1] WARN  AgentLoader - Failed to find EvoSuite jar in current classloader. URLs of classloader:
file:/root/.sdkman/candidates/java/8.0.333.fx-librca/jre/../lib/tools.jar
file:/tmp/EvoSuite_pathingJar7226235348903115499.jar
file:/root/.sdkman/candidates/java/8.0.333.fx-librca/jre/lib/ext/cldrdata.jar
file:/root/.sdkman/candidates/java/8.0.333.fx-librca/jre/lib/ext/sunec.jar
file:/root/.sdkman/candidates/java/8.0.333.fx-librca/jre/lib/ext/localedata.jar
file:/root/.sdkman/candidates/java/8.0.333.fx-librca/jre/lib/ext/jaccess.jar
file:/root/.sdkman/candidates/java/8.0.333.fx-librca/jre/lib/ext/dnsns.jar
file:/root/.sdkman/candidates/java/8.0.333.fx-librca/jre/lib/ext/sunpkcs11.jar
file:/root/.sdkman/candidates/java/8.0.333.fx-librca/jre/lib/ext/zipfs.jar
file:/root/.sdkman/candidates/java/8.0.333.fx-librca/jre/lib/ext/jfxrt.jar
file:/root/.sdkman/candidates/java/8.0.333.fx-librca/jre/lib/ext/sunjce_provider.jar
file:/root/.sdkman/candidates/java/8.0.333.fx-librca/jre/lib/ext/nashorn.jar
[MASTER] 15:40:38.022 [logback-1] WARN  JUnitAnalyzer - Found unstable test named initializationError -> class java.lang.RuntimeException: Cannot find either the compilation target folder nor the EvoSuite jar in classpath: /tmp/EvoSuite_pathingJar7226235348903115499.jar
Going to execute: handleTestsThatAreUnstable
* Compiling Tests
[MASTER] 15:40:38.162 [logback-1] WARN  AgentLoader - Failed to find EvoSuite jar in current classloader. URLs of classloader:
file:/root/.sdkman/candidates/java/8.0.333.fx-librca/jre/../lib/tools.jar
file:/tmp/EvoSuite_pathingJar7226235348903115499.jar
file:/root/.sdkman/candidates/java/8.0.333.fx-librca/jre/lib/ext/cldrdata.jar
file:/root/.sdkman/candidates/java/8.0.333.fx-librca/jre/lib/ext/sunec.jar
file:/root/.sdkman/candidates/java/8.0.333.fx-librca/jre/lib/ext/localedata.jar
file:/root/.sdkman/candidates/java/8.0.333.fx-librca/jre/lib/ext/jaccess.jar
file:/root/.sdkman/candidates/java/8.0.333.fx-librca/jre/lib/ext/dnsns.jar
file:/root/.sdkman/candidates/java/8.0.333.fx-librca/jre/lib/ext/sunpkcs11.jar
file:/root/.sdkman/candidates/java/8.0.333.fx-librca/jre/lib/ext/zipfs.jar
file:/root/.sdkman/candidates/java/8.0.333.fx-librca/jre/lib/ext/jfxrt.jar
file:/root/.sdkman/candidates/java/8.0.333.fx-librca/jre/lib/ext/sunjce_provider.jar
file:/root/.sdkman/candidates/java/8.0.333.fx-librca/jre/lib/ext/nashorn.jar
[MASTER] 15:40:38.163 [logback-1] WARN  JUnitAnalyzer - Found unstable test named initializationError -> class java.lang.RuntimeException: Cannot find either the compilation target folder nor the EvoSuite jar in classpath: /tmp/EvoSuite_pathingJar7226235348903115499.jar
Going to execute: handleTestsThatAreUnstable
* Compiling Tests
[MASTER] 15:40:38.318 [logback-1] WARN  AgentLoader - Failed to find EvoSuite jar in current classloader. URLs of classloader:
file:/root/.sdkman/candidates/java/8.0.333.fx-librca/jre/../lib/tools.jar
file:/tmp/EvoSuite_pathingJar7226235348903115499.jar
file:/root/.sdkman/candidates/java/8.0.333.fx-librca/jre/lib/ext/cldrdata.jar
file:/root/.sdkman/candidates/java/8.0.333.fx-librca/jre/lib/ext/sunec.jar
file:/root/.sdkman/candidates/java/8.0.333.fx-librca/jre/lib/ext/localedata.jar
file:/root/.sdkman/candidates/java/8.0.333.fx-librca/jre/lib/ext/jaccess.jar
file:/root/.sdkman/candidates/java/8.0.333.fx-librca/jre/lib/ext/dnsns.jar
file:/root/.sdkman/candidates/java/8.0.333.fx-librca/jre/lib/ext/sunpkcs11.jar
file:/root/.sdkman/candidates/java/8.0.333.fx-librca/jre/lib/ext/zipfs.jar
file:/root/.sdkman/candidates/java/8.0.333.fx-librca/jre/lib/ext/jfxrt.jar
file:/root/.sdkman/candidates/java/8.0.333.fx-librca/jre/lib/ext/sunjce_provider.jar
file:/root/.sdkman/candidates/java/8.0.333.fx-librca/jre/lib/ext/nashorn.jar
[MASTER] 15:40:38.319 [logback-1] WARN  JUnitAnalyzer - Found unstable test named initializationError -> class java.lang.RuntimeException: Cannot find either the compilation target folder nor the EvoSuite jar in classpath: /tmp/EvoSuite_pathingJar7226235348903115499.jar
Going to execute: handleTestsThatAreUnstable
* Compiling Tests
[MASTER] 15:40:38.445 [logback-1] WARN  AgentLoader - Failed to find EvoSuite jar in current classloader. URLs of classloader:
file:/root/.sdkman/candidates/java/8.0.333.fx-librca/jre/../lib/tools.jar
file:/tmp/EvoSuite_pathingJar7226235348903115499.jar
file:/root/.sdkman/candidates/java/8.0.333.fx-librca/jre/lib/ext/cldrdata.jar
file:/root/.sdkman/candidates/java/8.0.333.fx-librca/jre/lib/ext/sunec.jar
file:/root/.sdkman/candidates/java/8.0.333.fx-librca/jre/lib/ext/localedata.jar
file:/root/.sdkman/candidates/java/8.0.333.fx-librca/jre/lib/ext/jaccess.jar
file:/root/.sdkman/candidates/java/8.0.333.fx-librca/jre/lib/ext/dnsns.jar
file:/root/.sdkman/candidates/java/8.0.333.fx-librca/jre/lib/ext/sunpkcs11.jar
file:/root/.sdkman/candidates/java/8.0.333.fx-librca/jre/lib/ext/zipfs.jar
file:/root/.sdkman/candidates/java/8.0.333.fx-librca/jre/lib/ext/jfxrt.jar
file:/root/.sdkman/candidates/java/8.0.333.fx-librca/jre/lib/ext/sunjce_provider.jar
file:/root/.sdkman/candidates/java/8.0.333.fx-librca/jre/lib/ext/nashorn.jar
[MASTER] 15:40:38.445 [logback-1] WARN  JUnitAnalyzer - Found unstable test named initializationError -> class java.lang.RuntimeException: Cannot find either the compilation target folder nor the EvoSuite jar in classpath: /tmp/EvoSuite_pathingJar7226235348903115499.jar
Going to execute: handleTestsThatAreUnstable
* Compiling Tests
[MASTER] 15:40:38.574 [logback-1] WARN  AgentLoader - Failed to find EvoSuite jar in current classloader. URLs of classloader:
file:/root/.sdkman/candidates/java/8.0.333.fx-librca/jre/../lib/tools.jar
file:/tmp/EvoSuite_pathingJar7226235348903115499.jar
file:/root/.sdkman/candidates/java/8.0.333.fx-librca/jre/lib/ext/cldrdata.jar
file:/root/.sdkman/candidates/java/8.0.333.fx-librca/jre/lib/ext/sunec.jar
file:/root/.sdkman/candidates/java/8.0.333.fx-librca/jre/lib/ext/localedata.jar
file:/root/.sdkman/candidates/java/8.0.333.fx-librca/jre/lib/ext/jaccess.jar
file:/root/.sdkman/candidates/java/8.0.333.fx-librca/jre/lib/ext/dnsns.jar
file:/root/.sdkman/candidates/java/8.0.333.fx-librca/jre/lib/ext/sunpkcs11.jar
file:/root/.sdkman/candidates/java/8.0.333.fx-librca/jre/lib/ext/zipfs.jar
file:/root/.sdkman/candidates/java/8.0.333.fx-librca/jre/lib/ext/jfxrt.jar
file:/root/.sdkman/candidates/java/8.0.333.fx-librca/jre/lib/ext/sunjce_provider.jar
file:/root/.sdkman/candidates/java/8.0.333.fx-librca/jre/lib/ext/nashorn.jar
[MASTER] 15:40:38.575 [logback-1] WARN  JUnitAnalyzer - Found unstable test named initializationError -> class java.lang.RuntimeException: Cannot find either the compilation target folder nor the EvoSuite jar in classpath: /tmp/EvoSuite_pathingJar7226235348903115499.jar
Going to execute: handleTestsThatAreUnstable
* Compiling Tests
[MASTER] 15:40:38.668 [logback-1] WARN  AgentLoader - Failed to find EvoSuite jar in current classloader. URLs of classloader:
file:/root/.sdkman/candidates/java/8.0.333.fx-librca/jre/../lib/tools.jar
file:/tmp/EvoSuite_pathingJar7226235348903115499.jar
file:/root/.sdkman/candidates/java/8.0.333.fx-librca/jre/lib/ext/cldrdata.jar
file:/root/.sdkman/candidates/java/8.0.333.fx-librca/jre/lib/ext/sunec.jar
file:/root/.sdkman/candidates/java/8.0.333.fx-librca/jre/lib/ext/localedata.jar
file:/root/.sdkman/candidates/java/8.0.333.fx-librca/jre/lib/ext/jaccess.jar
file:/root/.sdkman/candidates/java/8.0.333.fx-librca/jre/lib/ext/dnsns.jar
file:/root/.sdkman/candidates/java/8.0.333.fx-librca/jre/lib/ext/sunpkcs11.jar
file:/root/.sdkman/candidates/java/8.0.333.fx-librca/jre/lib/ext/zipfs.jar
file:/root/.sdkman/candidates/java/8.0.333.fx-librca/jre/lib/ext/jfxrt.jar
file:/root/.sdkman/candidates/java/8.0.333.fx-librca/jre/lib/ext/sunjce_provider.jar
file:/root/.sdkman/candidates/java/8.0.333.fx-librca/jre/lib/ext/nashorn.jar
[MASTER] 15:40:38.670 [logback-1] WARN  JUnitAnalyzer - Found unstable test named initializationError -> class java.lang.RuntimeException: Cannot find either the compilation target folder nor the EvoSuite jar in classpath: /tmp/EvoSuite_pathingJar7226235348903115499.jar
Going to execute: handleTestsThatAreUnstable
* Compiling Tests
[MASTER] 15:40:38.770 [logback-1] WARN  AgentLoader - Failed to find EvoSuite jar in current classloader. URLs of classloader:
file:/root/.sdkman/candidates/java/8.0.333.fx-librca/jre/../lib/tools.jar
file:/tmp/EvoSuite_pathingJar7226235348903115499.jar
file:/root/.sdkman/candidates/java/8.0.333.fx-librca/jre/lib/ext/cldrdata.jar
file:/root/.sdkman/candidates/java/8.0.333.fx-librca/jre/lib/ext/sunec.jar
file:/root/.sdkman/candidates/java/8.0.333.fx-librca/jre/lib/ext/localedata.jar
file:/root/.sdkman/candidates/java/8.0.333.fx-librca/jre/lib/ext/jaccess.jar
file:/root/.sdkman/candidates/java/8.0.333.fx-librca/jre/lib/ext/dnsns.jar
file:/root/.sdkman/candidates/java/8.0.333.fx-librca/jre/lib/ext/sunpkcs11.jar
file:/root/.sdkman/candidates/java/8.0.333.fx-librca/jre/lib/ext/zipfs.jar
file:/root/.sdkman/candidates/java/8.0.333.fx-librca/jre/lib/ext/jfxrt.jar
file:/root/.sdkman/candidates/java/8.0.333.fx-librca/jre/lib/ext/sunjce_provider.jar
file:/root/.sdkman/candidates/java/8.0.333.fx-librca/jre/lib/ext/nashorn.jar
[MASTER] 15:40:38.771 [logback-1] WARN  JUnitAnalyzer - Found unstable test named initializationError -> class java.lang.RuntimeException: Cannot find either the compilation target folder nor the EvoSuite jar in classpath: /tmp/EvoSuite_pathingJar7226235348903115499.jar
Going to execute: handleTestsThatAreUnstable
* Compiling Tests
[MASTER] 15:40:38.879 [logback-1] WARN  AgentLoader - Failed to find EvoSuite jar in current classloader. URLs of classloader:
file:/root/.sdkman/candidates/java/8.0.333.fx-librca/jre/../lib/tools.jar
file:/tmp/EvoSuite_pathingJar7226235348903115499.jar
file:/root/.sdkman/candidates/java/8.0.333.fx-librca/jre/lib/ext/cldrdata.jar
file:/root/.sdkman/candidates/java/8.0.333.fx-librca/jre/lib/ext/sunec.jar
file:/root/.sdkman/candidates/java/8.0.333.fx-librca/jre/lib/ext/localedata.jar
file:/root/.sdkman/candidates/java/8.0.333.fx-librca/jre/lib/ext/jaccess.jar
file:/root/.sdkman/candidates/java/8.0.333.fx-librca/jre/lib/ext/dnsns.jar
file:/root/.sdkman/candidates/java/8.0.333.fx-librca/jre/lib/ext/sunpkcs11.jar
file:/root/.sdkman/candidates/java/8.0.333.fx-librca/jre/lib/ext/zipfs.jar
file:/root/.sdkman/candidates/java/8.0.333.fx-librca/jre/lib/ext/jfxrt.jar
file:/root/.sdkman/candidates/java/8.0.333.fx-librca/jre/lib/ext/sunjce_provider.jar
file:/root/.sdkman/candidates/java/8.0.333.fx-librca/jre/lib/ext/nashorn.jar
[MASTER] 15:40:38.880 [logback-1] WARN  JUnitAnalyzer - Found unstable test named initializationError -> class java.lang.RuntimeException: Cannot find either the compilation target folder nor the EvoSuite jar in classpath: /tmp/EvoSuite_pathingJar7226235348903115499.jar
Going to execute: handleTestsThatAreUnstable
* Compiling Tests
** Write a test suite: 0 called: 0 to improve: false
[MASTER] 15:40:39.044 [logback-1] WARN  AgentLoader - Failed to find EvoSuite jar in current classloader. URLs of classloader:
file:/root/.sdkman/candidates/java/8.0.333.fx-librca/jre/../lib/tools.jar
file:/tmp/EvoSuite_pathingJar7226235348903115499.jar
file:/root/.sdkman/candidates/java/8.0.333.fx-librca/jre/lib/ext/cldrdata.jar
file:/root/.sdkman/candidates/java/8.0.333.fx-librca/jre/lib/ext/sunec.jar
file:/root/.sdkman/candidates/java/8.0.333.fx-librca/jre/lib/ext/localedata.jar
file:/root/.sdkman/candidates/java/8.0.333.fx-librca/jre/lib/ext/jaccess.jar
file:/root/.sdkman/candidates/java/8.0.333.fx-librca/jre/lib/ext/dnsns.jar
file:/root/.sdkman/candidates/java/8.0.333.fx-librca/jre/lib/ext/sunpkcs11.jar
file:/root/.sdkman/candidates/java/8.0.333.fx-librca/jre/lib/ext/zipfs.jar
file:/root/.sdkman/candidates/java/8.0.333.fx-librca/jre/lib/ext/jfxrt.jar
file:/root/.sdkman/candidates/java/8.0.333.fx-librca/jre/lib/ext/sunjce_provider.jar
file:/root/.sdkman/candidates/java/8.0.333.fx-librca/jre/lib/ext/nashorn.jar
[MASTER] 15:40:39.045 [logback-1] WARN  JUnitAnalyzer - Found unstable test named initializationError -> class java.lang.RuntimeException: Cannot find either the compilation target folder nor the EvoSuite jar in classpath: /tmp/EvoSuite_pathingJar7226235348903115499.jar
Going to execute: handleTestsThatAreUnstable
* Compiling Tests
** Write a test suite: 9 called: 0 to improve: false
[MASTER] 15:40:39.321 [logback-1] WARN  AgentLoader - Failed to find EvoSuite jar in current classloader. URLs of classloader:
file:/root/.sdkman/candidates/java/8.0.333.fx-librca/jre/../lib/tools.jar
file:/tmp/EvoSuite_pathingJar7226235348903115499.jar
file:/root/.sdkman/candidates/java/8.0.333.fx-librca/jre/lib/ext/cldrdata.jar
file:/root/.sdkman/candidates/java/8.0.333.fx-librca/jre/lib/ext/sunec.jar
file:/root/.sdkman/candidates/java/8.0.333.fx-librca/jre/lib/ext/localedata.jar
file:/root/.sdkman/candidates/java/8.0.333.fx-librca/jre/lib/ext/jaccess.jar
file:/root/.sdkman/candidates/java/8.0.333.fx-librca/jre/lib/ext/dnsns.jar
file:/root/.sdkman/candidates/java/8.0.333.fx-librca/jre/lib/ext/sunpkcs11.jar
file:/root/.sdkman/candidates/java/8.0.333.fx-librca/jre/lib/ext/zipfs.jar
file:/root/.sdkman/candidates/java/8.0.333.fx-librca/jre/lib/ext/jfxrt.jar
file:/root/.sdkman/candidates/java/8.0.333.fx-librca/jre/lib/ext/sunjce_provider.jar
file:/root/.sdkman/candidates/java/8.0.333.fx-librca/jre/lib/ext/nashorn.jar
[MASTER] 15:40:39.322 [logback-1] WARN  JUnitAnalyzer - Found unstable test named initializationError -> class java.lang.RuntimeException: Cannot find either the compilation target folder nor the EvoSuite jar in classpath: /tmp/EvoSuite_pathingJar7226235348903115499.jar
Going to execute: handleTestsThatAreUnstable
* Compiling Tests
** Write a test suite: 0 called: 0 to improve: false
[MASTER] 15:40:39.698 [logback-1] WARN  AgentLoader - Failed to find EvoSuite jar in current classloader. URLs of classloader:
file:/root/.sdkman/candidates/java/8.0.333.fx-librca/jre/../lib/tools.jar
file:/tmp/EvoSuite_pathingJar7226235348903115499.jar
file:/root/.sdkman/candidates/java/8.0.333.fx-librca/jre/lib/ext/cldrdata.jar
file:/root/.sdkman/candidates/java/8.0.333.fx-librca/jre/lib/ext/sunec.jar
file:/root/.sdkman/candidates/java/8.0.333.fx-librca/jre/lib/ext/localedata.jar
file:/root/.sdkman/candidates/java/8.0.333.fx-librca/jre/lib/ext/jaccess.jar
file:/root/.sdkman/candidates/java/8.0.333.fx-librca/jre/lib/ext/dnsns.jar
file:/root/.sdkman/candidates/java/8.0.333.fx-librca/jre/lib/ext/sunpkcs11.jar
file:/root/.sdkman/candidates/java/8.0.333.fx-librca/jre/lib/ext/zipfs.jar
file:/root/.sdkman/candidates/java/8.0.333.fx-librca/jre/lib/ext/jfxrt.jar
file:/root/.sdkman/candidates/java/8.0.333.fx-librca/jre/lib/ext/sunjce_provider.jar
file:/root/.sdkman/candidates/java/8.0.333.fx-librca/jre/lib/ext/nashorn.jar
[MASTER] 15:40:39.699 [logback-1] WARN  JUnitAnalyzer - Found unstable test named initializationError -> class java.lang.RuntimeException: Cannot find either the compilation target folder nor the EvoSuite jar in classpath: /tmp/EvoSuite_pathingJar7226235348903115499.jar
[MASTER] 15:40:39.883 [logback-1] WARN  TimeController - Already entered in phase: INLINING. This will mess up the timing calculations.
* test suite isTestSuite: 12
Test 0: 
SimpleComboBoxModel simpleComboBoxModel = new SimpleComboBoxModel();
SimpleComboBox simpleComboBox = new SimpleComboBox(simpleComboBoxModel);
simpleComboBox.getSelectedValue();
Test 1: 
SimpleComboBox simpleComboBox = null;
try {
  simpleComboBox = new SimpleComboBox((SimpleComboBoxModel) null);
  fail("Expecting exception: NullPointerException");

} catch(NullPointerException e) {
   //
   // no message in exception (getMessage() returned null)
   //
}

Test 2: 
SimpleComboBoxModel simpleComboBoxModel = new SimpleComboBoxModel();
SimpleComboBox simpleComboBox = new SimpleComboBox(simpleComboBoxModel);
Byte byte = new Byte((byte)5);
simpleComboBoxModel.add((Object) null, byte);
simpleComboBox.getSelectedInt();
Test 3: 
SimpleComboBoxModel simpleComboBoxModel = new SimpleComboBoxModel();
SimpleComboBox simpleComboBox = new SimpleComboBox(simpleComboBoxModel);
simpleComboBox.getSelectedInt();
Test 4: 
Stack<Object> stack = new Stack<Object>();
SimpleComboBoxModel simpleComboBoxModel = new SimpleComboBoxModel(stack);
Object[][] objectArray = new Object[9][5];
Object[] objectArray = new Object[19];
objectArray[0] = (Object) stack;
objectArray[1] = (Object) stack;
objectArray[0] = objectArray;
simpleComboBoxModel.initialize(objectArray);
SimpleComboBox simpleComboBox = new SimpleComboBox(simpleComboBoxModel);
Stack itemAt = (Stack)simpleComboBox.getItemAt(0);
simpleComboBox.setSelectedValue(itemAt);
// Undeclared exception!
try { 
  simpleComboBox.getSelectedInt();
  fail("Expecting exception: IllegalArgumentException");

} catch(IllegalArgumentException e) {
   //
   // no message in exception (getMessage() returned null)
   //
   verifyException("com.lts.swing.combobox.SimpleComboBox", e);
}

Test 5: 
SimpleComboBoxModel simpleComboBoxModel = new SimpleComboBoxModel();
SimpleComboBox simpleComboBox = new SimpleComboBox(simpleComboBoxModel);
Byte byte = new Byte((byte)5);
simpleComboBoxModel.add((Object) null, byte);
simpleComboBox.getSelectedLong();
Test 6: 
Stack<Object> stack = new Stack<Object>();
SimpleComboBoxModel simpleComboBoxModel = new SimpleComboBoxModel(stack);
Object[][] objectArray = new Object[9][5];
simpleComboBoxModel.initialize(objectArray);
SimpleComboBox simpleComboBox = new SimpleComboBox(simpleComboBoxModel);
simpleComboBox.getSelectedLong();
Test 7: 
SimpleComboBoxModel simpleComboBoxModel = new SimpleComboBoxModel();
SimpleComboBox simpleComboBox = new SimpleComboBox(simpleComboBoxModel);
simpleComboBoxModel.add((Object) null, simpleComboBox);
// Undeclared exception!
try { 
  simpleComboBox.getSelectedLong();
  fail("Expecting exception: IllegalArgumentException");

} catch(IllegalArgumentException e) {
   //
   // no message in exception (getMessage() returned null)
   //
   verifyException("com.lts.swing.combobox.SimpleComboBox", e);
}

Test 8: 
SimpleComboBoxModel simpleComboBoxModel = new SimpleComboBoxModel();
SimpleComboBox simpleComboBox = new SimpleComboBox(simpleComboBoxModel);
Byte byte = new Byte((byte)0);
simpleComboBoxModel.add((Object) null, byte);
simpleComboBox.getSelectedInt();
Test 9: 
SimpleComboBoxModel simpleComboBoxModel = new SimpleComboBoxModel();
SimpleComboBox simpleComboBox = new SimpleComboBox(simpleComboBoxModel);
Byte byte = new Byte((byte)0);
simpleComboBoxModel.add((Object) null, byte);
simpleComboBox.getSelectedLong();
Test 10: 
SimpleComboBoxModel simpleComboBoxModel = new SimpleComboBoxModel();
SimpleComboBox simpleComboBox = new SimpleComboBox(simpleComboBoxModel);
simpleComboBoxModel.add((Object) null, simpleComboBox);
simpleComboBox.getSelectedValue();
Test 11: 
Stack<Object> stack = new Stack<Object>();
SimpleComboBoxModel simpleComboBoxModel = new SimpleComboBoxModel(stack);
Object[][] objectArray = new Object[9][5];
simpleComboBoxModel.initialize(objectArray);
SimpleComboBox simpleComboBox = new SimpleComboBox(simpleComboBoxModel);
simpleComboBox.setModel(simpleComboBoxModel);

* Minimizing test suite
* test suite isTestSuite: 12
Test 0: 
SimpleComboBox simpleComboBox = null;
try {
  simpleComboBox = new SimpleComboBox((SimpleComboBoxModel) null);
  fail("Expecting exception: NullPointerException");

} catch(NullPointerException e) {
   //
   // no message in exception (getMessage() returned null)
   //
}

Test 1: 
SimpleComboBoxModel simpleComboBoxModel = new SimpleComboBoxModel();
SimpleComboBox simpleComboBox = new SimpleComboBox(simpleComboBoxModel);
simpleComboBox.getSelectedInt();
Test 2: 
SimpleComboBoxModel simpleComboBoxModel = new SimpleComboBoxModel();
SimpleComboBox simpleComboBox = new SimpleComboBox(simpleComboBoxModel);
Byte byte = new Byte((byte)0);
simpleComboBoxModel.add((Object) null, byte);
simpleComboBox.getSelectedInt();
Test 3: 
Stack<Object> stack = new Stack<Object>();
SimpleComboBoxModel simpleComboBoxModel = new SimpleComboBoxModel(stack);
Object[][] objectArray = new Object[9][5];
Object[] objectArray = new Object[19];
objectArray[0] = (Object) stack;
objectArray[1] = (Object) stack;
objectArray[0] = objectArray;
simpleComboBoxModel.initialize(objectArray);
SimpleComboBox simpleComboBox = new SimpleComboBox(simpleComboBoxModel);
Stack itemAt = (Stack)simpleComboBox.getItemAt(0);
simpleComboBox.setSelectedValue(itemAt);
// Undeclared exception!
try { 
  simpleComboBox.getSelectedInt();
  fail("Expecting exception: IllegalArgumentException");

} catch(IllegalArgumentException e) {
   //
   // no message in exception (getMessage() returned null)
   //
   verifyException("com.lts.swing.combobox.SimpleComboBox", e);
}

Test 4: 
SimpleComboBoxModel simpleComboBoxModel = new SimpleComboBoxModel();
SimpleComboBox simpleComboBox = new SimpleComboBox(simpleComboBoxModel);
simpleComboBoxModel.add((Object) null, simpleComboBox);
// Undeclared exception!
try { 
  simpleComboBox.getSelectedLong();
  fail("Expecting exception: IllegalArgumentException");

} catch(IllegalArgumentException e) {
   //
   // no message in exception (getMessage() returned null)
   //
   verifyException("com.lts.swing.combobox.SimpleComboBox", e);
}

Test 5: 
Stack<Object> stack = new Stack<Object>();
SimpleComboBoxModel simpleComboBoxModel = new SimpleComboBoxModel(stack);
Object[][] objectArray = new Object[9][5];
simpleComboBoxModel.initialize(objectArray);
SimpleComboBox simpleComboBox = new SimpleComboBox(simpleComboBoxModel);
simpleComboBox.getSelectedLong();
Test 6: 
SimpleComboBoxModel simpleComboBoxModel = new SimpleComboBoxModel();
SimpleComboBox simpleComboBox = new SimpleComboBox(simpleComboBoxModel);
Byte byte = new Byte((byte)0);
simpleComboBoxModel.add((Object) null, byte);
simpleComboBox.getSelectedLong();
Test 7: 
SimpleComboBoxModel simpleComboBoxModel = new SimpleComboBoxModel();
SimpleComboBox simpleComboBox = new SimpleComboBox(simpleComboBoxModel);
simpleComboBox.getSelectedValue();
Test 8: 
SimpleComboBoxModel simpleComboBoxModel = new SimpleComboBoxModel();
SimpleComboBox simpleComboBox = new SimpleComboBox(simpleComboBoxModel);
Byte byte = new Byte((byte)5);
simpleComboBoxModel.add((Object) null, byte);
simpleComboBox.getSelectedInt();
Test 9: 
SimpleComboBoxModel simpleComboBoxModel = new SimpleComboBoxModel();
SimpleComboBox simpleComboBox = new SimpleComboBox(simpleComboBoxModel);
Byte byte = new Byte((byte)5);
simpleComboBoxModel.add((Object) null, byte);
simpleComboBox.getSelectedLong();
Test 10: 
SimpleComboBoxModel simpleComboBoxModel = new SimpleComboBoxModel();
SimpleComboBox simpleComboBox = new SimpleComboBox(simpleComboBoxModel);
simpleComboBoxModel.add((Object) null, simpleComboBox);
simpleComboBox.getSelectedValue();
Test 11: 
Stack<Object> stack = new Stack<Object>();
SimpleComboBoxModel simpleComboBoxModel = new SimpleComboBoxModel(stack);
Object[][] objectArray = new Object[9][5];
simpleComboBoxModel.initialize(objectArray);
SimpleComboBox simpleComboBox = new SimpleComboBox(simpleComboBoxModel);
simpleComboBox.setModel(simpleComboBoxModel);

[MASTER] 15:40:45.618 [logback-1] WARN  TimeController - Already entered in phase: MINIMIZATION. This will mess up the timing calculations.
* Going to analyze the coverage criteria
* Coverage analysis for criterion BRANCH
* Coverage of criterion BRANCH: 73%
* Total number of goals: 26
* Number of covered goals: 19
* Coverage analysis for criterion LINE
* Coverage of criterion LINE: 70%
* Total number of goals: 43
* Number of covered goals: 30
* Coverage analysis for criterion OUTPUT
* Coverage of criterion OUTPUT: 100%
* Total number of goals: 8
* Number of covered goals: 8
* Coverage analysis for criterion METHOD
* Coverage of criterion METHOD: 100%
* Total number of goals: 6
* Number of covered goals: 6
* Coverage analysis for criterion CBRANCH
* Coverage of criterion CBRANCH: 73%
* Total number of goals: 26
* Number of covered goals: 19
* Generated 12 tests with total length 59
* Resulting test suite's coverage: 83% (average coverage for all fitness functions)
* Generating assertions
[MASTER] 15:40:45.700 [logback-1] WARN  TimeController - Already entered in phase: COVERAGE_ANALYSIS. This will mess up the timing calculations.
* Resulting test suite's mutation score: 100%
* Compiling and checking tests
Going to execute: removeTestsThatDoNotCompile
[MASTER] 15:40:46.682 [logback-1] WARN  TimeController - Already entered in phase: ASSERTION_GENERATION. This will mess up the timing calculations.
* Compiling Tests
** Write a test suite: 0 called: 0 to improve: false
* Compiling Tests
** Write a test suite: 0 called: 0 to improve: false
* Compiling Tests
** Write a test suite: 0 called: 0 to improve: false
* Compiling Tests
** Write a test suite: 0 called: 0 to improve: false
* Compiling Tests
** Write a test suite: 0 called: 0 to improve: false
* Compiling Tests
** Write a test suite: 0 called: 0 to improve: false
* Compiling Tests
** Write a test suite: 0 called: 0 to improve: false
* Compiling Tests
** Write a test suite: 0 called: 0 to improve: false
* Compiling Tests
** Write a test suite: 0 called: 0 to improve: false
* Compiling Tests
** Write a test suite: 0 called: 0 to improve: false
* Compiling Tests
** Write a test suite: 0 called: 0 to improve: false
* Compiling Tests
** Write a test suite: 0 called: 0 to improve: false
Going to execute: handleTestsThatAreUnstable
* Compiling Tests
** Write a test suite: 0 called: 0 to improve: false
[MASTER] 15:40:48.099 [logback-1] WARN  AgentLoader - Failed to find EvoSuite jar in current classloader. URLs of classloader:
file:/root/.sdkman/candidates/java/8.0.333.fx-librca/jre/../lib/tools.jar
file:/tmp/EvoSuite_pathingJar7226235348903115499.jar
file:/root/.sdkman/candidates/java/8.0.333.fx-librca/jre/lib/ext/cldrdata.jar
file:/root/.sdkman/candidates/java/8.0.333.fx-librca/jre/lib/ext/sunec.jar
file:/root/.sdkman/candidates/java/8.0.333.fx-librca/jre/lib/ext/localedata.jar
file:/root/.sdkman/candidates/java/8.0.333.fx-librca/jre/lib/ext/jaccess.jar
file:/root/.sdkman/candidates/java/8.0.333.fx-librca/jre/lib/ext/dnsns.jar
file:/root/.sdkman/candidates/java/8.0.333.fx-librca/jre/lib/ext/sunpkcs11.jar
file:/root/.sdkman/candidates/java/8.0.333.fx-librca/jre/lib/ext/zipfs.jar
file:/root/.sdkman/candidates/java/8.0.333.fx-librca/jre/lib/ext/jfxrt.jar
file:/root/.sdkman/candidates/java/8.0.333.fx-librca/jre/lib/ext/sunjce_provider.jar
file:/root/.sdkman/candidates/java/8.0.333.fx-librca/jre/lib/ext/nashorn.jar
[MASTER] 15:40:48.101 [logback-1] WARN  JUnitAnalyzer - Found unstable test named initializationError -> class java.lang.RuntimeException: Cannot find either the compilation target folder nor the EvoSuite jar in classpath: /tmp/EvoSuite_pathingJar7226235348903115499.jar
Going to execute: handleTestsThatAreUnstable
* Compiling Tests
** Write a test suite: 0 called: 0 to improve: false
[MASTER] 15:40:48.180 [logback-1] WARN  AgentLoader - Failed to find EvoSuite jar in current classloader. URLs of classloader:
file:/root/.sdkman/candidates/java/8.0.333.fx-librca/jre/../lib/tools.jar
file:/tmp/EvoSuite_pathingJar7226235348903115499.jar
file:/root/.sdkman/candidates/java/8.0.333.fx-librca/jre/lib/ext/cldrdata.jar
file:/root/.sdkman/candidates/java/8.0.333.fx-librca/jre/lib/ext/sunec.jar
file:/root/.sdkman/candidates/java/8.0.333.fx-librca/jre/lib/ext/localedata.jar
file:/root/.sdkman/candidates/java/8.0.333.fx-librca/jre/lib/ext/jaccess.jar
file:/root/.sdkman/candidates/java/8.0.333.fx-librca/jre/lib/ext/dnsns.jar
file:/root/.sdkman/candidates/java/8.0.333.fx-librca/jre/lib/ext/sunpkcs11.jar
file:/root/.sdkman/candidates/java/8.0.333.fx-librca/jre/lib/ext/zipfs.jar
file:/root/.sdkman/candidates/java/8.0.333.fx-librca/jre/lib/ext/jfxrt.jar
file:/root/.sdkman/candidates/java/8.0.333.fx-librca/jre/lib/ext/sunjce_provider.jar
file:/root/.sdkman/candidates/java/8.0.333.fx-librca/jre/lib/ext/nashorn.jar
[MASTER] 15:40:48.182 [logback-1] WARN  JUnitAnalyzer - Found unstable test named initializationError -> class java.lang.RuntimeException: Cannot find either the compilation target folder nor the EvoSuite jar in classpath: /tmp/EvoSuite_pathingJar7226235348903115499.jar
Going to execute: handleTestsThatAreUnstable
* Compiling Tests
** Write a test suite: 0 called: 0 to improve: false
[MASTER] 15:40:48.292 [logback-1] WARN  AgentLoader - Failed to find EvoSuite jar in current classloader. URLs of classloader:
file:/root/.sdkman/candidates/java/8.0.333.fx-librca/jre/../lib/tools.jar
file:/tmp/EvoSuite_pathingJar7226235348903115499.jar
file:/root/.sdkman/candidates/java/8.0.333.fx-librca/jre/lib/ext/cldrdata.jar
file:/root/.sdkman/candidates/java/8.0.333.fx-librca/jre/lib/ext/sunec.jar
file:/root/.sdkman/candidates/java/8.0.333.fx-librca/jre/lib/ext/localedata.jar
file:/root/.sdkman/candidates/java/8.0.333.fx-librca/jre/lib/ext/jaccess.jar
file:/root/.sdkman/candidates/java/8.0.333.fx-librca/jre/lib/ext/dnsns.jar
file:/root/.sdkman/candidates/java/8.0.333.fx-librca/jre/lib/ext/sunpkcs11.jar
file:/root/.sdkman/candidates/java/8.0.333.fx-librca/jre/lib/ext/zipfs.jar
file:/root/.sdkman/candidates/java/8.0.333.fx-librca/jre/lib/ext/jfxrt.jar
file:/root/.sdkman/candidates/java/8.0.333.fx-librca/jre/lib/ext/sunjce_provider.jar
file:/root/.sdkman/candidates/java/8.0.333.fx-librca/jre/lib/ext/nashorn.jar
[MASTER] 15:40:48.298 [logback-1] WARN  JUnitAnalyzer - Found unstable test named initializationError -> class java.lang.RuntimeException: Cannot find either the compilation target folder nor the EvoSuite jar in classpath: /tmp/EvoSuite_pathingJar7226235348903115499.jar
Going to execute: handleTestsThatAreUnstable
* Compiling Tests
** Write a test suite: 0 called: 0 to improve: false
[MASTER] 15:40:48.452 [logback-1] WARN  AgentLoader - Failed to find EvoSuite jar in current classloader. URLs of classloader:
file:/root/.sdkman/candidates/java/8.0.333.fx-librca/jre/../lib/tools.jar
file:/tmp/EvoSuite_pathingJar7226235348903115499.jar
file:/root/.sdkman/candidates/java/8.0.333.fx-librca/jre/lib/ext/cldrdata.jar
file:/root/.sdkman/candidates/java/8.0.333.fx-librca/jre/lib/ext/sunec.jar
file:/root/.sdkman/candidates/java/8.0.333.fx-librca/jre/lib/ext/localedata.jar
file:/root/.sdkman/candidates/java/8.0.333.fx-librca/jre/lib/ext/jaccess.jar
file:/root/.sdkman/candidates/java/8.0.333.fx-librca/jre/lib/ext/dnsns.jar
file:/root/.sdkman/candidates/java/8.0.333.fx-librca/jre/lib/ext/sunpkcs11.jar
file:/root/.sdkman/candidates/java/8.0.333.fx-librca/jre/lib/ext/zipfs.jar
file:/root/.sdkman/candidates/java/8.0.333.fx-librca/jre/lib/ext/jfxrt.jar
file:/root/.sdkman/candidates/java/8.0.333.fx-librca/jre/lib/ext/sunjce_provider.jar
file:/root/.sdkman/candidates/java/8.0.333.fx-librca/jre/lib/ext/nashorn.jar
[MASTER] 15:40:48.453 [logback-1] WARN  JUnitAnalyzer - Found unstable test named initializationError -> class java.lang.RuntimeException: Cannot find either the compilation target folder nor the EvoSuite jar in classpath: /tmp/EvoSuite_pathingJar7226235348903115499.jar
Going to execute: handleTestsThatAreUnstable
* Compiling Tests
** Write a test suite: 0 called: 0 to improve: false
[MASTER] 15:40:48.542 [logback-1] WARN  AgentLoader - Failed to find EvoSuite jar in current classloader. URLs of classloader:
file:/root/.sdkman/candidates/java/8.0.333.fx-librca/jre/../lib/tools.jar
file:/tmp/EvoSuite_pathingJar7226235348903115499.jar
file:/root/.sdkman/candidates/java/8.0.333.fx-librca/jre/lib/ext/cldrdata.jar
file:/root/.sdkman/candidates/java/8.0.333.fx-librca/jre/lib/ext/sunec.jar
file:/root/.sdkman/candidates/java/8.0.333.fx-librca/jre/lib/ext/localedata.jar
file:/root/.sdkman/candidates/java/8.0.333.fx-librca/jre/lib/ext/jaccess.jar
file:/root/.sdkman/candidates/java/8.0.333.fx-librca/jre/lib/ext/dnsns.jar
file:/root/.sdkman/candidates/java/8.0.333.fx-librca/jre/lib/ext/sunpkcs11.jar
file:/root/.sdkman/candidates/java/8.0.333.fx-librca/jre/lib/ext/zipfs.jar
file:/root/.sdkman/candidates/java/8.0.333.fx-librca/jre/lib/ext/jfxrt.jar
file:/root/.sdkman/candidates/java/8.0.333.fx-librca/jre/lib/ext/sunjce_provider.jar
file:/root/.sdkman/candidates/java/8.0.333.fx-librca/jre/lib/ext/nashorn.jar
[MASTER] 15:40:48.544 [logback-1] WARN  JUnitAnalyzer - Found unstable test named initializationError -> class java.lang.RuntimeException: Cannot find either the compilation target folder nor the EvoSuite jar in classpath: /tmp/EvoSuite_pathingJar7226235348903115499.jar
Going to execute: handleTestsThatAreUnstable
* Compiling Tests
** Write a test suite: 0 called: 0 to improve: false
[MASTER] 15:40:48.626 [logback-1] WARN  AgentLoader - Failed to find EvoSuite jar in current classloader. URLs of classloader:
file:/root/.sdkman/candidates/java/8.0.333.fx-librca/jre/../lib/tools.jar
file:/tmp/EvoSuite_pathingJar7226235348903115499.jar
file:/root/.sdkman/candidates/java/8.0.333.fx-librca/jre/lib/ext/cldrdata.jar
file:/root/.sdkman/candidates/java/8.0.333.fx-librca/jre/lib/ext/sunec.jar
file:/root/.sdkman/candidates/java/8.0.333.fx-librca/jre/lib/ext/localedata.jar
file:/root/.sdkman/candidates/java/8.0.333.fx-librca/jre/lib/ext/jaccess.jar
file:/root/.sdkman/candidates/java/8.0.333.fx-librca/jre/lib/ext/dnsns.jar
file:/root/.sdkman/candidates/java/8.0.333.fx-librca/jre/lib/ext/sunpkcs11.jar
file:/root/.sdkman/candidates/java/8.0.333.fx-librca/jre/lib/ext/zipfs.jar
file:/root/.sdkman/candidates/java/8.0.333.fx-librca/jre/lib/ext/jfxrt.jar
file:/root/.sdkman/candidates/java/8.0.333.fx-librca/jre/lib/ext/sunjce_provider.jar
file:/root/.sdkman/candidates/java/8.0.333.fx-librca/jre/lib/ext/nashorn.jar
[MASTER] 15:40:48.633 [logback-1] WARN  JUnitAnalyzer - Found unstable test named initializationError -> class java.lang.RuntimeException: Cannot find either the compilation target folder nor the EvoSuite jar in classpath: /tmp/EvoSuite_pathingJar7226235348903115499.jar
Going to execute: handleTestsThatAreUnstable
* Compiling Tests
** Write a test suite: 0 called: 0 to improve: false
[MASTER] 15:40:48.731 [logback-1] WARN  AgentLoader - Failed to find EvoSuite jar in current classloader. URLs of classloader:
file:/root/.sdkman/candidates/java/8.0.333.fx-librca/jre/../lib/tools.jar
file:/tmp/EvoSuite_pathingJar7226235348903115499.jar
file:/root/.sdkman/candidates/java/8.0.333.fx-librca/jre/lib/ext/cldrdata.jar
file:/root/.sdkman/candidates/java/8.0.333.fx-librca/jre/lib/ext/sunec.jar
file:/root/.sdkman/candidates/java/8.0.333.fx-librca/jre/lib/ext/localedata.jar
file:/root/.sdkman/candidates/java/8.0.333.fx-librca/jre/lib/ext/jaccess.jar
file:/root/.sdkman/candidates/java/8.0.333.fx-librca/jre/lib/ext/dnsns.jar
file:/root/.sdkman/candidates/java/8.0.333.fx-librca/jre/lib/ext/sunpkcs11.jar
file:/root/.sdkman/candidates/java/8.0.333.fx-librca/jre/lib/ext/zipfs.jar
file:/root/.sdkman/candidates/java/8.0.333.fx-librca/jre/lib/ext/jfxrt.jar
file:/root/.sdkman/candidates/java/8.0.333.fx-librca/jre/lib/ext/sunjce_provider.jar
file:/root/.sdkman/candidates/java/8.0.333.fx-librca/jre/lib/ext/nashorn.jar
[MASTER] 15:40:48.732 [logback-1] WARN  JUnitAnalyzer - Found unstable test named initializationError -> class java.lang.RuntimeException: Cannot find either the compilation target folder nor the EvoSuite jar in classpath: /tmp/EvoSuite_pathingJar7226235348903115499.jar
Going to execute: handleTestsThatAreUnstable
* Compiling Tests
** Write a test suite: 0 called: 0 to improve: false
[MASTER] 15:40:48.856 [logback-1] WARN  AgentLoader - Failed to find EvoSuite jar in current classloader. URLs of classloader:
file:/root/.sdkman/candidates/java/8.0.333.fx-librca/jre/../lib/tools.jar
file:/tmp/EvoSuite_pathingJar7226235348903115499.jar
file:/root/.sdkman/candidates/java/8.0.333.fx-librca/jre/lib/ext/cldrdata.jar
file:/root/.sdkman/candidates/java/8.0.333.fx-librca/jre/lib/ext/sunec.jar
file:/root/.sdkman/candidates/java/8.0.333.fx-librca/jre/lib/ext/localedata.jar
file:/root/.sdkman/candidates/java/8.0.333.fx-librca/jre/lib/ext/jaccess.jar
file:/root/.sdkman/candidates/java/8.0.333.fx-librca/jre/lib/ext/dnsns.jar
file:/root/.sdkman/candidates/java/8.0.333.fx-librca/jre/lib/ext/sunpkcs11.jar
file:/root/.sdkman/candidates/java/8.0.333.fx-librca/jre/lib/ext/zipfs.jar
file:/root/.sdkman/candidates/java/8.0.333.fx-librca/jre/lib/ext/jfxrt.jar
file:/root/.sdkman/candidates/java/8.0.333.fx-librca/jre/lib/ext/sunjce_provider.jar
file:/root/.sdkman/candidates/java/8.0.333.fx-librca/jre/lib/ext/nashorn.jar
[MASTER] 15:40:48.859 [logback-1] WARN  JUnitAnalyzer - Found unstable test named initializationError -> class java.lang.RuntimeException: Cannot find either the compilation target folder nor the EvoSuite jar in classpath: /tmp/EvoSuite_pathingJar7226235348903115499.jar
Going to execute: handleTestsThatAreUnstable
* Compiling Tests
** Write a test suite: 0 called: 0 to improve: false
[MASTER] 15:40:48.925 [logback-1] WARN  AgentLoader - Failed to find EvoSuite jar in current classloader. URLs of classloader:
file:/root/.sdkman/candidates/java/8.0.333.fx-librca/jre/../lib/tools.jar
file:/tmp/EvoSuite_pathingJar7226235348903115499.jar
file:/root/.sdkman/candidates/java/8.0.333.fx-librca/jre/lib/ext/cldrdata.jar
file:/root/.sdkman/candidates/java/8.0.333.fx-librca/jre/lib/ext/sunec.jar
file:/root/.sdkman/candidates/java/8.0.333.fx-librca/jre/lib/ext/localedata.jar
file:/root/.sdkman/candidates/java/8.0.333.fx-librca/jre/lib/ext/jaccess.jar
file:/root/.sdkman/candidates/java/8.0.333.fx-librca/jre/lib/ext/dnsns.jar
file:/root/.sdkman/candidates/java/8.0.333.fx-librca/jre/lib/ext/sunpkcs11.jar
file:/root/.sdkman/candidates/java/8.0.333.fx-librca/jre/lib/ext/zipfs.jar
file:/root/.sdkman/candidates/java/8.0.333.fx-librca/jre/lib/ext/jfxrt.jar
file:/root/.sdkman/candidates/java/8.0.333.fx-librca/jre/lib/ext/sunjce_provider.jar
file:/root/.sdkman/candidates/java/8.0.333.fx-librca/jre/lib/ext/nashorn.jar
[MASTER] 15:40:48.926 [logback-1] WARN  JUnitAnalyzer - Found unstable test named initializationError -> class java.lang.RuntimeException: Cannot find either the compilation target folder nor the EvoSuite jar in classpath: /tmp/EvoSuite_pathingJar7226235348903115499.jar
Going to execute: handleTestsThatAreUnstable
* Compiling Tests
** Write a test suite: 0 called: 0 to improve: false
** Write a test suite: 1 called: 1 to improve: false
** Write a test suite: 2 called: 2 to improve: false
** Write a test suite: 3 called: 3 to improve: false
** Write a test suite: 4 called: 4 to improve: false
** Write a test suite: 5 called: 5 to improve: false
** Write a test suite: 6 called: 6 to improve: false
** Write a test suite: 7 called: 7 to improve: false
** Write a test suite: 8 called: 8 to improve: false
[MASTER] 15:40:49.124 [logback-1] WARN  AgentLoader - Failed to find EvoSuite jar in current classloader. URLs of classloader:
file:/root/.sdkman/candidates/java/8.0.333.fx-librca/jre/../lib/tools.jar
file:/tmp/EvoSuite_pathingJar7226235348903115499.jar
file:/root/.sdkman/candidates/java/8.0.333.fx-librca/jre/lib/ext/cldrdata.jar
file:/root/.sdkman/candidates/java/8.0.333.fx-librca/jre/lib/ext/sunec.jar
file:/root/.sdkman/candidates/java/8.0.333.fx-librca/jre/lib/ext/localedata.jar
file:/root/.sdkman/candidates/java/8.0.333.fx-librca/jre/lib/ext/jaccess.jar
file:/root/.sdkman/candidates/java/8.0.333.fx-librca/jre/lib/ext/dnsns.jar
file:/root/.sdkman/candidates/java/8.0.333.fx-librca/jre/lib/ext/sunpkcs11.jar
file:/root/.sdkman/candidates/java/8.0.333.fx-librca/jre/lib/ext/zipfs.jar
file:/root/.sdkman/candidates/java/8.0.333.fx-librca/jre/lib/ext/jfxrt.jar
file:/root/.sdkman/candidates/java/8.0.333.fx-librca/jre/lib/ext/sunjce_provider.jar
file:/root/.sdkman/candidates/java/8.0.333.fx-librca/jre/lib/ext/nashorn.jar
[MASTER] 15:40:49.125 [logback-1] WARN  JUnitAnalyzer - Found unstable test named initializationError -> class java.lang.RuntimeException: Cannot find either the compilation target folder nor the EvoSuite jar in classpath: /tmp/EvoSuite_pathingJar7226235348903115499.jar
Going to execute: handleTestsThatAreUnstable
* Compiling Tests
** Write a test suite: 0 called: 0 to improve: false
** Write a test suite: 1 called: 1 to improve: false
** Write a test suite: 2 called: 2 to improve: false
** Write a test suite: 3 called: 3 to improve: false
** Write a test suite: 4 called: 4 to improve: false
** Write a test suite: 5 called: 5 to improve: false
** Write a test suite: 6 called: 6 to improve: false
** Write a test suite: 7 called: 7 to improve: false
** Write a test suite: 8 called: 8 to improve: false
[MASTER] 15:40:49.300 [logback-1] WARN  AgentLoader - Failed to find EvoSuite jar in current classloader. URLs of classloader:
file:/root/.sdkman/candidates/java/8.0.333.fx-librca/jre/../lib/tools.jar
file:/tmp/EvoSuite_pathingJar7226235348903115499.jar
file:/root/.sdkman/candidates/java/8.0.333.fx-librca/jre/lib/ext/cldrdata.jar
file:/root/.sdkman/candidates/java/8.0.333.fx-librca/jre/lib/ext/sunec.jar
file:/root/.sdkman/candidates/java/8.0.333.fx-librca/jre/lib/ext/localedata.jar
file:/root/.sdkman/candidates/java/8.0.333.fx-librca/jre/lib/ext/jaccess.jar
file:/root/.sdkman/candidates/java/8.0.333.fx-librca/jre/lib/ext/dnsns.jar
file:/root/.sdkman/candidates/java/8.0.333.fx-librca/jre/lib/ext/sunpkcs11.jar
file:/root/.sdkman/candidates/java/8.0.333.fx-librca/jre/lib/ext/zipfs.jar
file:/root/.sdkman/candidates/java/8.0.333.fx-librca/jre/lib/ext/jfxrt.jar
file:/root/.sdkman/candidates/java/8.0.333.fx-librca/jre/lib/ext/sunjce_provider.jar
file:/root/.sdkman/candidates/java/8.0.333.fx-librca/jre/lib/ext/nashorn.jar
[MASTER] 15:40:49.301 [logback-1] WARN  JUnitAnalyzer - Found unstable test named initializationError -> class java.lang.RuntimeException: Cannot find either the compilation target folder nor the EvoSuite jar in classpath: /tmp/EvoSuite_pathingJar7226235348903115499.jar
* Writing tests to file
[MASTER] 15:40:49.304 [logback-1] WARN  TimeController - Already entered in phase: JUNIT_CHECK. This will mess up the timing calculations.
* Writing JUnit test case 'SimpleComboBox_ESTest' to evosuite-tests
** Write a test suite: 0 called: 0 to improve: false
* Writing JUnit test case 'SimpleComboBox_Original_ESTest' to evosuite-tests
** Write a test suite: 0 called: 0 to improve: false
** Write a test suite: 1 called: 1 to improve: false
** Write a test suite: 2 called: 2 to improve: false
** Write a test suite: 3 called: 3 to improve: false
** Write a test suite: 4 called: 4 to improve: false
** Write a test suite: 5 called: 5 to improve: false
** Write a test suite: 6 called: 6 to improve: false
** Write a test suite: 7 called: 7 to improve: false
** Write a test suite: 8 called: 8 to improve: false
* Done!

* Computation finished
