To honour the JVM settings for this build a single-use Daemon process will be forked. For more on this, please refer to https://docs.gradle.org/8.6/userguide/gradle_daemon.html#sec:disabling_the_daemon in the Gradle documentation.
Daemon will be stopped at the end of the build 

> Task :compileJava

> Task :processResources
> Task :classes
> Task :jar
> Task :assemble

> Task :compileTestJava

> Task :processTestResources NO-SOURCE
> Task :testClasses

> Task :test

Battle_ESTest > testRollDice() FAILED
    org.opentest4j.AssertionFailedError at Battle_ESTest.java:54

VassalRebellion_ESTest > testPerformThrowsNoClassDefFoundError() FAILED
    java.lang.NullPointerException at VassalRebellion_ESTest.java:33

Battle_ESTest > initializationError FAILED
    org.junit.runners.model.InvalidTestClassError at ParentRunner.java:525

Purchase_ESTest > initializationError FAILED
    org.junit.runners.model.InvalidTestClassError at ParentRunner.java:525

VassalRebellionTest > testVassalRebellion FAILED
    java.lang.NullPointerException at VassalRebellionTest.java:13

VassalRebellion_ESTest > initializationError FAILED
    org.junit.runners.model.InvalidTestClassError at ParentRunner.java:525

GUITest > testEditUser FAILED
    java.lang.NoClassDefFoundError at GUITest.java:24

BattleTest > testPeasant FAILED
    java.lang.NoClassDefFoundError at BattleTest.java:59

HashMapSandBoxTest > testHashMapCreator FAILED
    junit.framework.AssertionFailedError at HashMapSandBoxTest.java:32

KillTest > testKill FAILED
    java.lang.NoClassDefFoundError at KillTest.java:20

MoveTest > testPerform FAILED
    java.lang.NoClassDefFoundError at MoveTest.java:22

PurchaseTest > testMercenary FAILED
    java.lang.NoClassDefFoundError at PurchaseTest.java:170

PurchaseTest > testCastleFiefdom FAILED
    java.lang.NoClassDefFoundError at PurchaseTest.java:64

PurchaseTest > testCastlePersonal FAILED
    java.lang.NoClassDefFoundError at PurchaseTest.java:103

PurchaseTest > testVassal FAILED
    java.lang.NoClassDefFoundError at PurchaseTest.java:25

SAXEncoderTest > testKnights FAILED
    java.lang.NullPointerException at SAXEncoderTest.java:32
There were failing tests. See the report at: file:///home/roham/Results-Utestgen/dataset/SF110-new-UTestGen-src/97_feudalismgame/build/reports/tests/test/index.html

> Task :jacocoTestReport
> Task :check
> Task :build

Deprecated Gradle features were used in this build, making it incompatible with Gradle 9.0.

You can use '--warning-mode all' to show the individual deprecation warnings and determine if they come from your own scripts or plugins.

For more on this, please refer to https://docs.gradle.org/8.6/userguide/command_line_interface.html#sec:command_line_warnings in the Gradle documentation.

BUILD SUCCESSFUL in 33s
6 actionable tasks: 6 executed
