* EvoSuite 1.0.0-SNAPSHOT
* Going to generate test cases for class: net.sourceforge.ext4j.log.log4j.ExtrasPatternParser
* Starting Client-0
* Properties loaded from /home/roham/Results-Utestgen/dataset/SF110-new-res/71_ext4j/evosuite-files/evosuite.properties
* Connecting to master process on port 2675
* Analyzing classpath: 
* Inheritance tree loaded from evosuite-files/inheritance.xml.gz
* Finished analyzing classpath
* Generating tests for class net.sourceforge.ext4j.log.log4j.ExtrasPatternParser
* Test criteria:
  - Branch Coverage
  - Line Coverage
  - Method-Output Coverage
  - Top-Level Method Coverage
  - Context Branch Coverage
* Total number of test goals for DYNAMOSA: 38
* Using seed 1710257646537
[Progress:>                             0%] [Cov:>                                  0%]* Starting evolution
* Initial Number of Goals in DynaMOSA = 7 / 38
[Progress:>                             0%] [Cov:===================================100%]
* Search finished after 1s and 0 generations, 1087 statements, best individual has fitness: 0.0
* Generated before the refinement 6 tests with total length 12
statement is: net.sourceforge.ext4j.log.log4j.ExtrasPatternParser(Ljava/lang/String;)V type is: class org.evosuite.testcase.statements.ConstructorStatement return type class net.sourceforge.ext4j.log.log4j.ExtrasPatternParser
statement code is: ExtrasPatternParser extrasPatternParser = new ExtrasPatternParser("")
statement is: finalizeConverter(C)V type is: class org.evosuite.testcase.statements.MethodStatement return type void
statement code is: extrasPatternParser.finalizeConverter('u')
test data is: ExtrasPatternParser extrasPatternParser = new ExtrasPatternParser("");
extrasPatternParser.finalizeConverter('u');

** It was a parseable test case! 
Improved test data is: class DummyClass {
    public static void main() {
        ExtrasPatternParser extrasPatternParser = new ExtrasPatternParser("");
        extrasPatternParser.finalizeConverter('U');
        String input1 = "hello world";
        String input2 = "hello^&*%world";
        String input3 = "hello+!@#$world";
    }
}
statement is: ExtrasPatternParser extrasPatternParser = new ExtrasPatternParser(""), class spoon.support.reflect.code.CtLocalVariableImpl
class spoon.support.reflect.code.CtConstructorCallImpl
statement is: extrasPatternParser.finalizeConverter('U'), class spoon.support.reflect.code.CtInvocationImpl
invocation is: extrasPatternParser.finalizeConverter('U') target is: extrasPatternParser method is: finalizeConverter(char)
source statement: net.sourceforge.ext4j.log.log4j.ExtrasPatternParser(Ljava/lang/String;)V callee: VariableReference: Statement 0, type net.sourceforge.ext4j.log.log4j.ExtrasPatternParserindex is: 1
Matched Method is: finalizeConverter(C)V
statement is: String input1 = "hello world", class spoon.support.reflect.code.CtLocalVariableImpl
class spoon.support.reflect.code.CtLiteralImpl
statement is: String input2 = "hello^&*%world", class spoon.support.reflect.code.CtLocalVariableImpl
class spoon.support.reflect.code.CtLiteralImpl
statement is: String input3 = "hello+!@#$world", class spoon.support.reflect.code.CtLocalVariableImpl
class spoon.support.reflect.code.CtLiteralImpl
* this is vulnerable: String string = "hello world"
* this is vulnerable: String string = "hello^&*%world"
* this is vulnerable: String string = "hello+!@#$world"
TestCase is: String string = "";
ExtrasPatternParser extrasPatternParser = new ExtrasPatternParser(string);
char _char = 'U';
((ExtrasPatternParser) string).finalizeConverter(_char);
String string = "hello world";
String string = "hello^&*%world";
String string = "hello+!@#$world";

statement is: net.sourceforge.ext4j.log.log4j.ExtrasPatternParser(Ljava/lang/String;)V type is: class org.evosuite.testcase.statements.ConstructorStatement return type class net.sourceforge.ext4j.log.log4j.ExtrasPatternParser
statement code is: ExtrasPatternParser extrasPatternParser = new ExtrasPatternParser("C{^j!%>j[m~b*!")
statement is: finalizeConverter(C)V type is: class org.evosuite.testcase.statements.MethodStatement return type void
statement code is: extrasPatternParser.finalizeConverter('s')
test data is: ExtrasPatternParser extrasPatternParser = new ExtrasPatternParser("C{^j!%>j[m~b*!");
extrasPatternParser.finalizeConverter('s');

** It was a parseable test case! 
Improved test data is: class DummyClass {
    public static void main() {
        // Improved test data
        ExtrasPatternParser extrasPatternParser = new ExtrasPatternParser("C{^j!%>j[m~b*!");
        extrasPatternParser.finalizeConverter('s');
    }
}
statement is: // Improved test data
ExtrasPatternParser extrasPatternParser = new ExtrasPatternParser("C{^j!%>j[m~b*!"), class spoon.support.reflect.code.CtLocalVariableImpl
class spoon.support.reflect.code.CtConstructorCallImpl
statement is: extrasPatternParser.finalizeConverter('s'), class spoon.support.reflect.code.CtInvocationImpl
invocation is: extrasPatternParser.finalizeConverter('s') target is: extrasPatternParser method is: finalizeConverter(char)
source statement: net.sourceforge.ext4j.log.log4j.ExtrasPatternParser(Ljava/lang/String;)V callee: VariableReference: Statement 0, type net.sourceforge.ext4j.log.log4j.ExtrasPatternParserindex is: 1
Matched Method is: finalizeConverter(C)V
TestCase is: String string = "C{^j!%>j[m~b*!";
ExtrasPatternParser extrasPatternParser = new ExtrasPatternParser(string);
char _char = 's';
((ExtrasPatternParser) string).finalizeConverter(_char);

statement is: net.sourceforge.ext4j.log.log4j.ExtrasPatternParser(Ljava/lang/String;)V type is: class org.evosuite.testcase.statements.ConstructorStatement return type class net.sourceforge.ext4j.log.log4j.ExtrasPatternParser
statement code is: ExtrasPatternParser extrasPatternParser = new ExtrasPatternParser(".?Qh{")
statement is: finalizeConverter(C)V type is: class org.evosuite.testcase.statements.MethodStatement return type void
statement code is: extrasPatternParser.finalizeConverter('i')
test data is: ExtrasPatternParser extrasPatternParser = new ExtrasPatternParser(".?Qh{");
extrasPatternParser.finalizeConverter('i');

** It was a parseable test case! 
Improved test data is: class DummyClass {
    public static void main() {
        ExtrasPatternParser extrasPatternParser = new ExtrasPatternParser("*");
        extrasPatternParser.finalizeConverter('i');
    }
}
statement is: ExtrasPatternParser extrasPatternParser = new ExtrasPatternParser("*"), class spoon.support.reflect.code.CtLocalVariableImpl
class spoon.support.reflect.code.CtConstructorCallImpl
statement is: extrasPatternParser.finalizeConverter('i'), class spoon.support.reflect.code.CtInvocationImpl
invocation is: extrasPatternParser.finalizeConverter('i') target is: extrasPatternParser method is: finalizeConverter(char)
source statement: net.sourceforge.ext4j.log.log4j.ExtrasPatternParser(Ljava/lang/String;)V callee: VariableReference: Statement 0, type net.sourceforge.ext4j.log.log4j.ExtrasPatternParserindex is: 1
Matched Method is: finalizeConverter(C)V
TestCase is: String string = "*";
ExtrasPatternParser extrasPatternParser = new ExtrasPatternParser(string);
char _char = 'i';
((ExtrasPatternParser) string).finalizeConverter(_char);

statement is: net.sourceforge.ext4j.log.log4j.ExtrasPatternParser(Ljava/lang/String;)V type is: class org.evosuite.testcase.statements.ConstructorStatement return type class net.sourceforge.ext4j.log.log4j.ExtrasPatternParser
statement code is: ExtrasPatternParser extrasPatternParser = new ExtrasPatternParser("C{^j!%>j[m~b*!")
statement is: finalizeConverter(C)V type is: class org.evosuite.testcase.statements.MethodStatement return type void
statement code is: extrasPatternParser.finalizeConverter('2')
test data is: ExtrasPatternParser extrasPatternParser = new ExtrasPatternParser("C{^j!%>j[m~b*!");
extrasPatternParser.finalizeConverter('2');

** It was a parseable test case! 
Improved test data is: class DummyClass {
    public static void main() {
        extrasPatternParser.finalizeConverter('2');
        assertEquals("The final converter should be a 2", '2', extrasPatternParser.getFinalConverter());
    }
}
statement is: extrasPatternParser.finalizeConverter('2'), class spoon.support.reflect.code.CtInvocationImpl
invocation is: extrasPatternParser.finalizeConverter('2') target is: extrasPatternParser method is: finalizeConverter(char)
statement is: assertEquals("The final converter should be a 2", '2', extrasPatternParser.getFinalConverter()), class spoon.support.reflect.code.CtInvocationImpl
invocation is: assertEquals("The final converter should be a 2", '2', extrasPatternParser.getFinalConverter()) target is:  method is: assertEquals(java.lang.String,char,<unknown>)
statement is: net.sourceforge.ext4j.log.log4j.ExtrasPatternParser(Ljava/lang/String;)V type is: class org.evosuite.testcase.statements.ConstructorStatement return type class net.sourceforge.ext4j.log.log4j.ExtrasPatternParser
statement code is: ExtrasPatternParser extrasPatternParser = new ExtrasPatternParser("")
statement is: finalizeConverter(C)V type is: class org.evosuite.testcase.statements.MethodStatement return type void
statement code is: extrasPatternParser.finalizeConverter('R')
test data is: ExtrasPatternParser extrasPatternParser = new ExtrasPatternParser("");
extrasPatternParser.finalizeConverter('R');

** It was a parseable test case! 
Improved test data is: class DummyClass {
    public static void main() {
        ExtrasPatternParser extrasPatternParser = new ExtrasPatternParser("");
        extrasPatternParser.finalizeConverter('r');
    }
}
statement is: ExtrasPatternParser extrasPatternParser = new ExtrasPatternParser(""), class spoon.support.reflect.code.CtLocalVariableImpl
class spoon.support.reflect.code.CtConstructorCallImpl
statement is: extrasPatternParser.finalizeConverter('r'), class spoon.support.reflect.code.CtInvocationImpl
invocation is: extrasPatternParser.finalizeConverter('r') target is: extrasPatternParser method is: finalizeConverter(char)
source statement: net.sourceforge.ext4j.log.log4j.ExtrasPatternParser(Ljava/lang/String;)V callee: VariableReference: Statement 0, type net.sourceforge.ext4j.log.log4j.ExtrasPatternParserindex is: 1
Matched Method is: finalizeConverter(C)V
TestCase is: String string = "";
ExtrasPatternParser extrasPatternParser = new ExtrasPatternParser(string);
char _char = 'r';
((ExtrasPatternParser) string).finalizeConverter(_char);

statement is: net.sourceforge.ext4j.log.log4j.ExtrasPatternParser(Ljava/lang/String;)V type is: class org.evosuite.testcase.statements.ConstructorStatement return type class net.sourceforge.ext4j.log.log4j.ExtrasPatternParser
statement code is: ExtrasPatternParser extrasPatternParser = new ExtrasPatternParser("")
statement is: finalizeConverter(C)V type is: class org.evosuite.testcase.statements.MethodStatement return type void
statement code is: extrasPatternParser.finalizeConverter('q')
test data is: ExtrasPatternParser extrasPatternParser = new ExtrasPatternParser("");
extrasPatternParser.finalizeConverter('q');

** It was a parseable test case! 
Improved test data is: class DummyClass {
    public static void main() {
        ExtrasPatternParser extrasPatternParser = new ExtrasPatternParser("");
        extrasPatternParser.finalizeConverter('Q');
    }
}
statement is: ExtrasPatternParser extrasPatternParser = new ExtrasPatternParser(""), class spoon.support.reflect.code.CtLocalVariableImpl
class spoon.support.reflect.code.CtConstructorCallImpl
statement is: extrasPatternParser.finalizeConverter('Q'), class spoon.support.reflect.code.CtInvocationImpl
invocation is: extrasPatternParser.finalizeConverter('Q') target is: extrasPatternParser method is: finalizeConverter(char)
source statement: net.sourceforge.ext4j.log.log4j.ExtrasPatternParser(Ljava/lang/String;)V callee: VariableReference: Statement 0, type net.sourceforge.ext4j.log.log4j.ExtrasPatternParserindex is: 1
Matched Method is: finalizeConverter(C)V
TestCase is: String string = "";
ExtrasPatternParser extrasPatternParser = new ExtrasPatternParser(string);
char _char = 'Q';
((ExtrasPatternParser) string).finalizeConverter(_char);

* test suite isTestSuite: 11
Test 0: 
ExtrasPatternParser extrasPatternParser = new ExtrasPatternParser("");
extrasPatternParser.finalizeConverter('u');

Test 1: 
ExtrasPatternParser extrasPatternParser = new ExtrasPatternParser("C{^j!%>j[m~b*!");
extrasPatternParser.finalizeConverter('s');
Test 2: 
ExtrasPatternParser extrasPatternParser = new ExtrasPatternParser(".?Qh{");
extrasPatternParser.finalizeConverter('i');
Test 3: 
ExtrasPatternParser extrasPatternParser = new ExtrasPatternParser("C{^j!%>j[m~b*!");
extrasPatternParser.finalizeConverter('2');
Test 4: 
ExtrasPatternParser extrasPatternParser = new ExtrasPatternParser("");
extrasPatternParser.finalizeConverter('R');
Test 5: 
ExtrasPatternParser extrasPatternParser = new ExtrasPatternParser("");
extrasPatternParser.finalizeConverter('q');
Test 6: 
ExtrasPatternParser extrasPatternParser = new ExtrasPatternParser("");
((ExtrasPatternParser)"").finalizeConverter('U');

Test 7: 
ExtrasPatternParser extrasPatternParser = new ExtrasPatternParser("C{^j!%>j[m~b*!");
((ExtrasPatternParser)"C{^j!%>j[m~b*!").finalizeConverter('s');

Test 8: 
ExtrasPatternParser extrasPatternParser = new ExtrasPatternParser("*");
((ExtrasPatternParser)"*").finalizeConverter('i');

Test 9: 
ExtrasPatternParser extrasPatternParser = new ExtrasPatternParser("");
((ExtrasPatternParser)"").finalizeConverter('r');

Test 10: 
ExtrasPatternParser extrasPatternParser = new ExtrasPatternParser("");
((ExtrasPatternParser)"").finalizeConverter('Q');


* Generated after the refinement and before minimization 11 tests with total length 22
* test suite isTestSuite: 11
Test 0: 
ExtrasPatternParser extrasPatternParser = new ExtrasPatternParser("");
extrasPatternParser.finalizeConverter('u');

Test 1: 
ExtrasPatternParser extrasPatternParser = new ExtrasPatternParser("C{^j!%>j[m~b*!");
extrasPatternParser.finalizeConverter('s');
Test 2: 
ExtrasPatternParser extrasPatternParser = new ExtrasPatternParser(".?Qh{");
extrasPatternParser.finalizeConverter('i');
Test 3: 
ExtrasPatternParser extrasPatternParser = new ExtrasPatternParser("C{^j!%>j[m~b*!");
extrasPatternParser.finalizeConverter('2');
Test 4: 
ExtrasPatternParser extrasPatternParser = new ExtrasPatternParser("");
extrasPatternParser.finalizeConverter('R');
Test 5: 
ExtrasPatternParser extrasPatternParser = new ExtrasPatternParser("");
extrasPatternParser.finalizeConverter('q');
Test 6: 
ExtrasPatternParser extrasPatternParser = new ExtrasPatternParser("");
((ExtrasPatternParser)"").finalizeConverter('U');

Test 7: 
ExtrasPatternParser extrasPatternParser = new ExtrasPatternParser("C{^j!%>j[m~b*!");
((ExtrasPatternParser)"C{^j!%>j[m~b*!").finalizeConverter('s');

Test 8: 
ExtrasPatternParser extrasPatternParser = new ExtrasPatternParser("*");
((ExtrasPatternParser)"*").finalizeConverter('i');

Test 9: 
ExtrasPatternParser extrasPatternParser = new ExtrasPatternParser("");
((ExtrasPatternParser)"").finalizeConverter('r');

Test 10: 
ExtrasPatternParser extrasPatternParser = new ExtrasPatternParser("");
((ExtrasPatternParser)"").finalizeConverter('Q');


* Minimizing test suite
* test suite isTestSuite: 6
Test 0: 
ExtrasPatternParser extrasPatternParser = new ExtrasPatternParser("");
extrasPatternParser.finalizeConverter('u');

Test 1: 
ExtrasPatternParser extrasPatternParser = new ExtrasPatternParser("C{^j!%>j[m~b*!");
extrasPatternParser.finalizeConverter('s');
Test 2: 
ExtrasPatternParser extrasPatternParser = new ExtrasPatternParser(".?Qh{");
extrasPatternParser.finalizeConverter('i');
Test 3: 
ExtrasPatternParser extrasPatternParser = new ExtrasPatternParser("");
extrasPatternParser.finalizeConverter('q');
Test 4: 
ExtrasPatternParser extrasPatternParser = new ExtrasPatternParser("");
extrasPatternParser.finalizeConverter('R');
Test 5: 
ExtrasPatternParser extrasPatternParser = new ExtrasPatternParser("C{^j!%>j[m~b*!");
extrasPatternParser.finalizeConverter('2');

* Going to analyze the coverage criteria
* Coverage analysis for criterion BRANCH
* Coverage of criterion BRANCH: 100%
* Total number of goals: 11
* Number of covered goals: 11
* Coverage analysis for criterion LINE
* Coverage of criterion LINE: 100%
* Total number of goals: 14
* Number of covered goals: 14
* Coverage analysis for criterion OUTPUT
* Coverage of criterion OUTPUT: 100% (no goals)
* Coverage analysis for criterion METHOD
* Coverage of criterion METHOD: 100%
* Total number of goals: 2
* Number of covered goals: 2
* Coverage analysis for criterion CBRANCH
* Coverage of criterion CBRANCH: 100%
* Total number of goals: 11
* Number of covered goals: 11
* Generated 6 tests with total length 12
* Resulting test suite's coverage: 100% (average coverage for all fitness functions)
* Generating assertions
* Resulting test suite's mutation score: 0%
* Compiling and checking tests
Going to execute: removeTestsThatDoNotCompile
* Compiling Tests
** Write a test suite: 0 called: 0 to improve: false
* Compiling Tests
** Write a test suite: 0 called: 0 to improve: true
** Improve Understandability: ** Test Code is: ExtrasPatternParser extrasPatternParser = new ExtrasPatternParser("");
extrasPatternParser.finalizeConverter('u');

** It was a parseable test case! 
refined test name is: testFinalizeConverterWithCorrectCharacter
* Compiling Tests
refined test name is: testFinalizeConverterWithCorrectCharacter
* Compiling Tests
** Write a test suite: 0 called: 0 to improve: false
* Compiling Tests
** Write a test suite: 0 called: 0 to improve: true
** Improve Understandability: ** Test Code is: ExtrasPatternParser extrasPatternParser = new ExtrasPatternParser("C{^j!%>j[m~b*!");
extrasPatternParser.finalizeConverter('s');

** It was a parseable test case! 
refined test name is: testExtrasPatternParser
* Compiling Tests
refined test name is: testExtrasPatternParserSimple
* Compiling Tests
** Write a test suite: 0 called: 0 to improve: false
* Compiling Tests
** Write a test suite: 0 called: 0 to improve: true
** Improve Understandability: ** Test Code is: ExtrasPatternParser extrasPatternParser = new ExtrasPatternParser(".?Qh{");
extrasPatternParser.finalizeConverter('i');

** It was a parseable test case! 
refined test name is: testParseInputStringForValidPattern
* Compiling Tests
refined test name is: testValidInputString
* Compiling Tests
** Write a test suite: 0 called: 0 to improve: false
* Compiling Tests
** Write a test suite: 0 called: 0 to improve: true
** Improve Understandability: ** Test Code is: ExtrasPatternParser extrasPatternParser = new ExtrasPatternParser("");
extrasPatternParser.finalizeConverter('q');

** It was a parseable test case! 
refined test name is: testExtrasPatternParserFinalizeConverterWithQ
* Compiling Tests
refined test name is: testFinalizeConverterSetsFinalizerToQ
* Compiling Tests
** Write a test suite: 0 called: 0 to improve: false
* Compiling Tests
** Write a test suite: 0 called: 0 to improve: true
** Improve Understandability: ** Test Code is: ExtrasPatternParser extrasPatternParser = new ExtrasPatternParser("");
extrasPatternParser.finalizeConverter('R');

** It was a parseable test case! 
refined test name is: testFinalizeConverterWithRChar
* Compiling Tests
refined test name is: testFinalizeConverterEmptyInput
* Compiling Tests
** Write a test suite: 0 called: 0 to improve: false
* Compiling Tests
** Write a test suite: 0 called: 0 to improve: true
** Improve Understandability: ** Test Code is: ExtrasPatternParser extrasPatternParser = new ExtrasPatternParser("C{^j!%>j[m~b*!");
extrasPatternParser.finalizeConverter('2');

** It was a parseable test case! 
refined test name is: testFinalizeConverterWithValidInputFinalizesParser
Going to execute: handleTestsThatAreUnstable
* Compiling Tests
** Write a test suite: 0 called: 0 to improve: false
[MASTER] 15:40:31.988 [logback-1] WARN  AgentLoader - Failed to find EvoSuite jar in current classloader. URLs of classloader:
file:/root/.sdkman/candidates/java/8.0.333.fx-librca/jre/../lib/tools.jar
file:/root/.sdkman/candidates/java/8.0.333.fx-librca/jre/lib/ext/cldrdata.jar
file:/root/.sdkman/candidates/java/8.0.333.fx-librca/jre/lib/ext/sunec.jar
file:/root/.sdkman/candidates/java/8.0.333.fx-librca/jre/lib/ext/localedata.jar
file:/root/.sdkman/candidates/java/8.0.333.fx-librca/jre/lib/ext/jaccess.jar
file:/tmp/EvoSuite_pathingJar1052210528109964688.jar
file:/root/.sdkman/candidates/java/8.0.333.fx-librca/jre/lib/ext/dnsns.jar
file:/root/.sdkman/candidates/java/8.0.333.fx-librca/jre/lib/ext/sunpkcs11.jar
file:/root/.sdkman/candidates/java/8.0.333.fx-librca/jre/lib/ext/zipfs.jar
file:/root/.sdkman/candidates/java/8.0.333.fx-librca/jre/lib/ext/jfxrt.jar
file:/root/.sdkman/candidates/java/8.0.333.fx-librca/jre/lib/ext/sunjce_provider.jar
file:/root/.sdkman/candidates/java/8.0.333.fx-librca/jre/lib/ext/nashorn.jar
[MASTER] 15:40:32.027 [logback-1] WARN  JUnitAnalyzer - Found unstable test named initializationError -> class java.lang.RuntimeException: Cannot find either the compilation target folder nor the EvoSuite jar in classpath: /tmp/EvoSuite_pathingJar1052210528109964688.jar
Going to execute: handleTestsThatAreUnstable
* Compiling Tests
** Write a test suite: 0 called: 0 to improve: false
[MASTER] 15:40:32.131 [logback-1] WARN  AgentLoader - Failed to find EvoSuite jar in current classloader. URLs of classloader:
file:/root/.sdkman/candidates/java/8.0.333.fx-librca/jre/../lib/tools.jar
file:/root/.sdkman/candidates/java/8.0.333.fx-librca/jre/lib/ext/cldrdata.jar
file:/root/.sdkman/candidates/java/8.0.333.fx-librca/jre/lib/ext/sunec.jar
file:/root/.sdkman/candidates/java/8.0.333.fx-librca/jre/lib/ext/localedata.jar
file:/root/.sdkman/candidates/java/8.0.333.fx-librca/jre/lib/ext/jaccess.jar
file:/tmp/EvoSuite_pathingJar1052210528109964688.jar
file:/root/.sdkman/candidates/java/8.0.333.fx-librca/jre/lib/ext/dnsns.jar
file:/root/.sdkman/candidates/java/8.0.333.fx-librca/jre/lib/ext/sunpkcs11.jar
file:/root/.sdkman/candidates/java/8.0.333.fx-librca/jre/lib/ext/zipfs.jar
file:/root/.sdkman/candidates/java/8.0.333.fx-librca/jre/lib/ext/jfxrt.jar
file:/root/.sdkman/candidates/java/8.0.333.fx-librca/jre/lib/ext/sunjce_provider.jar
file:/root/.sdkman/candidates/java/8.0.333.fx-librca/jre/lib/ext/nashorn.jar
[MASTER] 15:40:32.132 [logback-1] WARN  JUnitAnalyzer - Found unstable test named initializationError -> class java.lang.RuntimeException: Cannot find either the compilation target folder nor the EvoSuite jar in classpath: /tmp/EvoSuite_pathingJar1052210528109964688.jar
Going to execute: handleTestsThatAreUnstable
* Compiling Tests
** Write a test suite: 0 called: 0 to improve: false
[MASTER] 15:40:32.267 [logback-1] WARN  AgentLoader - Failed to find EvoSuite jar in current classloader. URLs of classloader:
file:/root/.sdkman/candidates/java/8.0.333.fx-librca/jre/../lib/tools.jar
file:/root/.sdkman/candidates/java/8.0.333.fx-librca/jre/lib/ext/cldrdata.jar
file:/root/.sdkman/candidates/java/8.0.333.fx-librca/jre/lib/ext/sunec.jar
file:/root/.sdkman/candidates/java/8.0.333.fx-librca/jre/lib/ext/localedata.jar
file:/root/.sdkman/candidates/java/8.0.333.fx-librca/jre/lib/ext/jaccess.jar
file:/tmp/EvoSuite_pathingJar1052210528109964688.jar
file:/root/.sdkman/candidates/java/8.0.333.fx-librca/jre/lib/ext/dnsns.jar
file:/root/.sdkman/candidates/java/8.0.333.fx-librca/jre/lib/ext/sunpkcs11.jar
file:/root/.sdkman/candidates/java/8.0.333.fx-librca/jre/lib/ext/zipfs.jar
file:/root/.sdkman/candidates/java/8.0.333.fx-librca/jre/lib/ext/jfxrt.jar
file:/root/.sdkman/candidates/java/8.0.333.fx-librca/jre/lib/ext/sunjce_provider.jar
file:/root/.sdkman/candidates/java/8.0.333.fx-librca/jre/lib/ext/nashorn.jar
Going to execute: handleTestsThatAreUnstable
* Compiling Tests
[MASTER] 15:40:32.269 [logback-1] WARN  JUnitAnalyzer - Found unstable test named initializationError -> class java.lang.RuntimeException: Cannot find either the compilation target folder nor the EvoSuite jar in classpath: /tmp/EvoSuite_pathingJar1052210528109964688.jar
** Write a test suite: 0 called: 0 to improve: false
[MASTER] 15:40:32.542 [logback-1] WARN  AgentLoader - Failed to find EvoSuite jar in current classloader. URLs of classloader:
file:/root/.sdkman/candidates/java/8.0.333.fx-librca/jre/../lib/tools.jar
file:/root/.sdkman/candidates/java/8.0.333.fx-librca/jre/lib/ext/cldrdata.jar
file:/root/.sdkman/candidates/java/8.0.333.fx-librca/jre/lib/ext/sunec.jar
file:/root/.sdkman/candidates/java/8.0.333.fx-librca/jre/lib/ext/localedata.jar
file:/root/.sdkman/candidates/java/8.0.333.fx-librca/jre/lib/ext/jaccess.jar
file:/tmp/EvoSuite_pathingJar1052210528109964688.jar
file:/root/.sdkman/candidates/java/8.0.333.fx-librca/jre/lib/ext/dnsns.jar
file:/root/.sdkman/candidates/java/8.0.333.fx-librca/jre/lib/ext/sunpkcs11.jar
file:/root/.sdkman/candidates/java/8.0.333.fx-librca/jre/lib/ext/zipfs.jar
file:/root/.sdkman/candidates/java/8.0.333.fx-librca/jre/lib/ext/jfxrt.jar
file:/root/.sdkman/candidates/java/8.0.333.fx-librca/jre/lib/ext/sunjce_provider.jar
file:/root/.sdkman/candidates/java/8.0.333.fx-librca/jre/lib/ext/nashorn.jar
[MASTER] 15:40:32.544 [logback-1] WARN  JUnitAnalyzer - Found unstable test named initializationError -> class java.lang.RuntimeException: Cannot find either the compilation target folder nor the EvoSuite jar in classpath: /tmp/EvoSuite_pathingJar1052210528109964688.jar
Going to execute: handleTestsThatAreUnstable
* Compiling Tests
** Write a test suite: 0 called: 0 to improve: false
[MASTER] 15:40:32.741 [logback-1] WARN  AgentLoader - Failed to find EvoSuite jar in current classloader. URLs of classloader:
file:/root/.sdkman/candidates/java/8.0.333.fx-librca/jre/../lib/tools.jar
file:/root/.sdkman/candidates/java/8.0.333.fx-librca/jre/lib/ext/cldrdata.jar
file:/root/.sdkman/candidates/java/8.0.333.fx-librca/jre/lib/ext/sunec.jar
file:/root/.sdkman/candidates/java/8.0.333.fx-librca/jre/lib/ext/localedata.jar
file:/root/.sdkman/candidates/java/8.0.333.fx-librca/jre/lib/ext/jaccess.jar
file:/tmp/EvoSuite_pathingJar1052210528109964688.jar
file:/root/.sdkman/candidates/java/8.0.333.fx-librca/jre/lib/ext/dnsns.jar
file:/root/.sdkman/candidates/java/8.0.333.fx-librca/jre/lib/ext/sunpkcs11.jar
file:/root/.sdkman/candidates/java/8.0.333.fx-librca/jre/lib/ext/zipfs.jar
file:/root/.sdkman/candidates/java/8.0.333.fx-librca/jre/lib/ext/jfxrt.jar
file:/root/.sdkman/candidates/java/8.0.333.fx-librca/jre/lib/ext/sunjce_provider.jar
file:/root/.sdkman/candidates/java/8.0.333.fx-librca/jre/lib/ext/nashorn.jar
Going to execute: handleTestsThatAreUnstable
[MASTER] 15:40:32.745 [logback-1] WARN  JUnitAnalyzer - Found unstable test named initializationError -> class java.lang.RuntimeException: Cannot find either the compilation target folder nor the EvoSuite jar in classpath: /tmp/EvoSuite_pathingJar1052210528109964688.jar
* Compiling Tests
[MASTER] 15:40:32.912 [logback-1] WARN  AgentLoader - Failed to find EvoSuite jar in current classloader. URLs of classloader:
file:/root/.sdkman/candidates/java/8.0.333.fx-librca/jre/../lib/tools.jar
file:/root/.sdkman/candidates/java/8.0.333.fx-librca/jre/lib/ext/cldrdata.jar
file:/root/.sdkman/candidates/java/8.0.333.fx-librca/jre/lib/ext/sunec.jar
file:/root/.sdkman/candidates/java/8.0.333.fx-librca/jre/lib/ext/localedata.jar
file:/root/.sdkman/candidates/java/8.0.333.fx-librca/jre/lib/ext/jaccess.jar
file:/tmp/EvoSuite_pathingJar1052210528109964688.jar
file:/root/.sdkman/candidates/java/8.0.333.fx-librca/jre/lib/ext/dnsns.jar
file:/root/.sdkman/candidates/java/8.0.333.fx-librca/jre/lib/ext/sunpkcs11.jar
file:/root/.sdkman/candidates/java/8.0.333.fx-librca/jre/lib/ext/zipfs.jar
file:/root/.sdkman/candidates/java/8.0.333.fx-librca/jre/lib/ext/jfxrt.jar
file:/root/.sdkman/candidates/java/8.0.333.fx-librca/jre/lib/ext/sunjce_provider.jar
file:/root/.sdkman/candidates/java/8.0.333.fx-librca/jre/lib/ext/nashorn.jar
[MASTER] 15:40:32.913 [logback-1] WARN  JUnitAnalyzer - Found unstable test named initializationError -> class java.lang.RuntimeException: Cannot find either the compilation target folder nor the EvoSuite jar in classpath: /tmp/EvoSuite_pathingJar1052210528109964688.jar
Going to execute: handleTestsThatAreUnstable
* Compiling Tests
** Write a test suite: 0 called: 0 to improve: false
** Write a test suite: 1 called: 1 to improve: false
** Write a test suite: 2 called: 2 to improve: false
** Write a test suite: 3 called: 3 to improve: false
** Write a test suite: 4 called: 4 to improve: false
[MASTER] 15:40:33.089 [logback-1] WARN  AgentLoader - Failed to find EvoSuite jar in current classloader. URLs of classloader:
file:/root/.sdkman/candidates/java/8.0.333.fx-librca/jre/../lib/tools.jar
file:/root/.sdkman/candidates/java/8.0.333.fx-librca/jre/lib/ext/cldrdata.jar
file:/root/.sdkman/candidates/java/8.0.333.fx-librca/jre/lib/ext/sunec.jar
file:/root/.sdkman/candidates/java/8.0.333.fx-librca/jre/lib/ext/localedata.jar
file:/root/.sdkman/candidates/java/8.0.333.fx-librca/jre/lib/ext/jaccess.jar
file:/tmp/EvoSuite_pathingJar1052210528109964688.jar
file:/root/.sdkman/candidates/java/8.0.333.fx-librca/jre/lib/ext/dnsns.jar
file:/root/.sdkman/candidates/java/8.0.333.fx-librca/jre/lib/ext/sunpkcs11.jar
file:/root/.sdkman/candidates/java/8.0.333.fx-librca/jre/lib/ext/zipfs.jar
file:/root/.sdkman/candidates/java/8.0.333.fx-librca/jre/lib/ext/jfxrt.jar
file:/root/.sdkman/candidates/java/8.0.333.fx-librca/jre/lib/ext/sunjce_provider.jar
file:/root/.sdkman/candidates/java/8.0.333.fx-librca/jre/lib/ext/nashorn.jar
[MASTER] 15:40:33.091 [logback-1] WARN  JUnitAnalyzer - Found unstable test named initializationError -> class java.lang.RuntimeException: Cannot find either the compilation target folder nor the EvoSuite jar in classpath: /tmp/EvoSuite_pathingJar1052210528109964688.jar
Going to execute: handleTestsThatAreUnstable
* Compiling Tests
** Write a test suite: 1 called: 0 to improve: false
** Write a test suite: 2 called: 1 to improve: false
** Write a test suite: 3 called: 2 to improve: false
** Write a test suite: 4 called: 3 to improve: false
** Write a test suite: 5 called: 4 to improve: false
[MASTER] 15:40:33.214 [logback-1] WARN  AgentLoader - Failed to find EvoSuite jar in current classloader. URLs of classloader:
file:/root/.sdkman/candidates/java/8.0.333.fx-librca/jre/../lib/tools.jar
file:/root/.sdkman/candidates/java/8.0.333.fx-librca/jre/lib/ext/cldrdata.jar
file:/root/.sdkman/candidates/java/8.0.333.fx-librca/jre/lib/ext/sunec.jar
file:/root/.sdkman/candidates/java/8.0.333.fx-librca/jre/lib/ext/localedata.jar
file:/root/.sdkman/candidates/java/8.0.333.fx-librca/jre/lib/ext/jaccess.jar
file:/tmp/EvoSuite_pathingJar1052210528109964688.jar
file:/root/.sdkman/candidates/java/8.0.333.fx-librca/jre/lib/ext/dnsns.jar
file:/root/.sdkman/candidates/java/8.0.333.fx-librca/jre/lib/ext/sunpkcs11.jar
file:/root/.sdkman/candidates/java/8.0.333.fx-librca/jre/lib/ext/zipfs.jar
file:/root/.sdkman/candidates/java/8.0.333.fx-librca/jre/lib/ext/jfxrt.jar
file:/root/.sdkman/candidates/java/8.0.333.fx-librca/jre/lib/ext/sunjce_provider.jar
file:/root/.sdkman/candidates/java/8.0.333.fx-librca/jre/lib/ext/nashorn.jar
[MASTER] 15:40:33.216 [logback-1] WARN  JUnitAnalyzer - Found unstable test named initializationError -> class java.lang.RuntimeException: Cannot find either the compilation target folder nor the EvoSuite jar in classpath: /tmp/EvoSuite_pathingJar1052210528109964688.jar
[MASTER] 15:40:33.259 [logback-1] WARN  TimeController - Already entered in phase: INLINING. This will mess up the timing calculations.
* test suite isTestSuite: 6
Test 0: 
ExtrasPatternParser extrasPatternParser = new ExtrasPatternParser("");
extrasPatternParser.finalizeConverter('u');

Test 1: 
ExtrasPatternParser extrasPatternParser = new ExtrasPatternParser("C{^j!%>j[m~b*!");
extrasPatternParser.finalizeConverter('s');
Test 2: 
ExtrasPatternParser extrasPatternParser = new ExtrasPatternParser(".?Qh{");
extrasPatternParser.finalizeConverter('i');
Test 3: 
ExtrasPatternParser extrasPatternParser = new ExtrasPatternParser("C{^j!%>j[m~b*!");
extrasPatternParser.finalizeConverter('2');
Test 4: 
ExtrasPatternParser extrasPatternParser = new ExtrasPatternParser("");
extrasPatternParser.finalizeConverter('R');
Test 5: 
ExtrasPatternParser extrasPatternParser = new ExtrasPatternParser("");
extrasPatternParser.finalizeConverter('q');

* Minimizing test suite
[MASTER] 15:40:33.901 [logback-1] WARN  TimeController - Already entered in phase: MINIMIZATION. This will mess up the timing calculations.
* test suite isTestSuite: 6
Test 0: 
ExtrasPatternParser extrasPatternParser = new ExtrasPatternParser("");
extrasPatternParser.finalizeConverter('u');

Test 1: 
ExtrasPatternParser extrasPatternParser = new ExtrasPatternParser("C{^j!%>j[m~b*!");
extrasPatternParser.finalizeConverter('s');
Test 2: 
ExtrasPatternParser extrasPatternParser = new ExtrasPatternParser(".?Qh{");
extrasPatternParser.finalizeConverter('i');
Test 3: 
ExtrasPatternParser extrasPatternParser = new ExtrasPatternParser("");
extrasPatternParser.finalizeConverter('q');
Test 4: 
ExtrasPatternParser extrasPatternParser = new ExtrasPatternParser("");
extrasPatternParser.finalizeConverter('R');
Test 5: 
ExtrasPatternParser extrasPatternParser = new ExtrasPatternParser("C{^j!%>j[m~b*!");
extrasPatternParser.finalizeConverter('2');

* Going to analyze the coverage criteria
* Coverage analysis for criterion BRANCH
* Coverage of criterion BRANCH: 100%
* Total number of goals: 11
* Number of covered goals: 11
* Coverage analysis for criterion LINE
* Coverage of criterion LINE: 100%
* Total number of goals: 14
* Number of covered goals: 14
* Coverage analysis for criterion OUTPUT
* Coverage of criterion OUTPUT: 100% (no goals)
* Coverage analysis for criterion METHOD
* Coverage of criterion METHOD: 100%
* Total number of goals: 2
* Number of covered goals: 2
* Coverage analysis for criterion CBRANCH
* Coverage of criterion CBRANCH: 100%
* Total number of goals: 11
* Number of covered goals: 11
* Generated 6 tests with total length 12
* Resulting test suite's coverage: 100% (average coverage for all fitness functions)
[MASTER] 15:40:33.992 [logback-1] WARN  TimeController - Already entered in phase: COVERAGE_ANALYSIS. This will mess up the timing calculations.
* Generating assertions
* Resulting test suite's mutation score: 0%
[MASTER] 15:40:35.028 [logback-1] WARN  TimeController - Already entered in phase: ASSERTION_GENERATION. This will mess up the timing calculations.
* Compiling and checking tests
Going to execute: removeTestsThatDoNotCompile
* Compiling Tests
** Write a test suite: 0 called: 0 to improve: false
* Compiling Tests
** Write a test suite: 0 called: 0 to improve: false
* Compiling Tests
** Write a test suite: 0 called: 0 to improve: false
* Compiling Tests
** Write a test suite: 0 called: 0 to improve: false
* Compiling Tests
** Write a test suite: 0 called: 0 to improve: false
* Compiling Tests
** Write a test suite: 0 called: 0 to improve: false
Going to execute: handleTestsThatAreUnstable
* Compiling Tests
** Write a test suite: 0 called: 0 to improve: false
[MASTER] 15:40:35.620 [logback-1] WARN  AgentLoader - Failed to find EvoSuite jar in current classloader. URLs of classloader:
file:/root/.sdkman/candidates/java/8.0.333.fx-librca/jre/../lib/tools.jar
file:/root/.sdkman/candidates/java/8.0.333.fx-librca/jre/lib/ext/cldrdata.jar
file:/root/.sdkman/candidates/java/8.0.333.fx-librca/jre/lib/ext/sunec.jar
file:/root/.sdkman/candidates/java/8.0.333.fx-librca/jre/lib/ext/localedata.jar
file:/root/.sdkman/candidates/java/8.0.333.fx-librca/jre/lib/ext/jaccess.jar
file:/tmp/EvoSuite_pathingJar1052210528109964688.jar
file:/root/.sdkman/candidates/java/8.0.333.fx-librca/jre/lib/ext/dnsns.jar
file:/root/.sdkman/candidates/java/8.0.333.fx-librca/jre/lib/ext/sunpkcs11.jar
file:/root/.sdkman/candidates/java/8.0.333.fx-librca/jre/lib/ext/zipfs.jar
file:/root/.sdkman/candidates/java/8.0.333.fx-librca/jre/lib/ext/jfxrt.jar
file:/root/.sdkman/candidates/java/8.0.333.fx-librca/jre/lib/ext/sunjce_provider.jar
file:/root/.sdkman/candidates/java/8.0.333.fx-librca/jre/lib/ext/nashorn.jar
[MASTER] 15:40:35.621 [logback-1] WARN  JUnitAnalyzer - Found unstable test named initializationError -> class java.lang.RuntimeException: Cannot find either the compilation target folder nor the EvoSuite jar in classpath: /tmp/EvoSuite_pathingJar1052210528109964688.jar
Going to execute: handleTestsThatAreUnstable
* Compiling Tests
** Write a test suite: 0 called: 0 to improve: false
[MASTER] 15:40:35.706 [logback-1] WARN  AgentLoader - Failed to find EvoSuite jar in current classloader. URLs of classloader:
file:/root/.sdkman/candidates/java/8.0.333.fx-librca/jre/../lib/tools.jar
file:/root/.sdkman/candidates/java/8.0.333.fx-librca/jre/lib/ext/cldrdata.jar
file:/root/.sdkman/candidates/java/8.0.333.fx-librca/jre/lib/ext/sunec.jar
file:/root/.sdkman/candidates/java/8.0.333.fx-librca/jre/lib/ext/localedata.jar
file:/root/.sdkman/candidates/java/8.0.333.fx-librca/jre/lib/ext/jaccess.jar
file:/tmp/EvoSuite_pathingJar1052210528109964688.jar
file:/root/.sdkman/candidates/java/8.0.333.fx-librca/jre/lib/ext/dnsns.jar
file:/root/.sdkman/candidates/java/8.0.333.fx-librca/jre/lib/ext/sunpkcs11.jar
file:/root/.sdkman/candidates/java/8.0.333.fx-librca/jre/lib/ext/zipfs.jar
file:/root/.sdkman/candidates/java/8.0.333.fx-librca/jre/lib/ext/jfxrt.jar
file:/root/.sdkman/candidates/java/8.0.333.fx-librca/jre/lib/ext/sunjce_provider.jar
file:/root/.sdkman/candidates/java/8.0.333.fx-librca/jre/lib/ext/nashorn.jar
[MASTER] 15:40:35.707 [logback-1] WARN  JUnitAnalyzer - Found unstable test named initializationError -> class java.lang.RuntimeException: Cannot find either the compilation target folder nor the EvoSuite jar in classpath: /tmp/EvoSuite_pathingJar1052210528109964688.jar
Going to execute: handleTestsThatAreUnstable
* Compiling Tests
** Write a test suite: 0 called: 0 to improve: false
[MASTER] 15:40:35.784 [logback-1] WARN  AgentLoader - Failed to find EvoSuite jar in current classloader. URLs of classloader:
file:/root/.sdkman/candidates/java/8.0.333.fx-librca/jre/../lib/tools.jar
file:/root/.sdkman/candidates/java/8.0.333.fx-librca/jre/lib/ext/cldrdata.jar
file:/root/.sdkman/candidates/java/8.0.333.fx-librca/jre/lib/ext/sunec.jar
file:/root/.sdkman/candidates/java/8.0.333.fx-librca/jre/lib/ext/localedata.jar
file:/root/.sdkman/candidates/java/8.0.333.fx-librca/jre/lib/ext/jaccess.jar
file:/tmp/EvoSuite_pathingJar1052210528109964688.jar
file:/root/.sdkman/candidates/java/8.0.333.fx-librca/jre/lib/ext/dnsns.jar
file:/root/.sdkman/candidates/java/8.0.333.fx-librca/jre/lib/ext/sunpkcs11.jar
file:/root/.sdkman/candidates/java/8.0.333.fx-librca/jre/lib/ext/zipfs.jar
file:/root/.sdkman/candidates/java/8.0.333.fx-librca/jre/lib/ext/jfxrt.jar
file:/root/.sdkman/candidates/java/8.0.333.fx-librca/jre/lib/ext/sunjce_provider.jar
file:/root/.sdkman/candidates/java/8.0.333.fx-librca/jre/lib/ext/nashorn.jar
[MASTER] 15:40:35.785 [logback-1] WARN  JUnitAnalyzer - Found unstable test named initializationError -> class java.lang.RuntimeException: Cannot find either the compilation target folder nor the EvoSuite jar in classpath: /tmp/EvoSuite_pathingJar1052210528109964688.jar
Going to execute: handleTestsThatAreUnstable
* Compiling Tests
** Write a test suite: 0 called: 0 to improve: false
[MASTER] 15:40:35.877 [logback-1] WARN  AgentLoader - Failed to find EvoSuite jar in current classloader. URLs of classloader:
file:/root/.sdkman/candidates/java/8.0.333.fx-librca/jre/../lib/tools.jar
file:/root/.sdkman/candidates/java/8.0.333.fx-librca/jre/lib/ext/cldrdata.jar
file:/root/.sdkman/candidates/java/8.0.333.fx-librca/jre/lib/ext/sunec.jar
file:/root/.sdkman/candidates/java/8.0.333.fx-librca/jre/lib/ext/localedata.jar
file:/root/.sdkman/candidates/java/8.0.333.fx-librca/jre/lib/ext/jaccess.jar
file:/tmp/EvoSuite_pathingJar1052210528109964688.jar
file:/root/.sdkman/candidates/java/8.0.333.fx-librca/jre/lib/ext/dnsns.jar
file:/root/.sdkman/candidates/java/8.0.333.fx-librca/jre/lib/ext/sunpkcs11.jar
file:/root/.sdkman/candidates/java/8.0.333.fx-librca/jre/lib/ext/zipfs.jar
file:/root/.sdkman/candidates/java/8.0.333.fx-librca/jre/lib/ext/jfxrt.jar
file:/root/.sdkman/candidates/java/8.0.333.fx-librca/jre/lib/ext/sunjce_provider.jar
file:/root/.sdkman/candidates/java/8.0.333.fx-librca/jre/lib/ext/nashorn.jar
[MASTER] 15:40:35.879 [logback-1] WARN  JUnitAnalyzer - Found unstable test named initializationError -> class java.lang.RuntimeException: Cannot find either the compilation target folder nor the EvoSuite jar in classpath: /tmp/EvoSuite_pathingJar1052210528109964688.jar
Going to execute: handleTestsThatAreUnstable
* Compiling Tests
** Write a test suite: 0 called: 0 to improve: false
[MASTER] 15:40:35.978 [logback-1] WARN  AgentLoader - Failed to find EvoSuite jar in current classloader. URLs of classloader:
file:/root/.sdkman/candidates/java/8.0.333.fx-librca/jre/../lib/tools.jar
file:/root/.sdkman/candidates/java/8.0.333.fx-librca/jre/lib/ext/cldrdata.jar
file:/root/.sdkman/candidates/java/8.0.333.fx-librca/jre/lib/ext/sunec.jar
file:/root/.sdkman/candidates/java/8.0.333.fx-librca/jre/lib/ext/localedata.jar
file:/root/.sdkman/candidates/java/8.0.333.fx-librca/jre/lib/ext/jaccess.jar
file:/tmp/EvoSuite_pathingJar1052210528109964688.jar
file:/root/.sdkman/candidates/java/8.0.333.fx-librca/jre/lib/ext/dnsns.jar
file:/root/.sdkman/candidates/java/8.0.333.fx-librca/jre/lib/ext/sunpkcs11.jar
file:/root/.sdkman/candidates/java/8.0.333.fx-librca/jre/lib/ext/zipfs.jar
file:/root/.sdkman/candidates/java/8.0.333.fx-librca/jre/lib/ext/jfxrt.jar
file:/root/.sdkman/candidates/java/8.0.333.fx-librca/jre/lib/ext/sunjce_provider.jar
file:/root/.sdkman/candidates/java/8.0.333.fx-librca/jre/lib/ext/nashorn.jar
[MASTER] 15:40:35.980 [logback-1] WARN  JUnitAnalyzer - Found unstable test named initializationError -> class java.lang.RuntimeException: Cannot find either the compilation target folder nor the EvoSuite jar in classpath: /tmp/EvoSuite_pathingJar1052210528109964688.jar
Going to execute: handleTestsThatAreUnstable
* Compiling Tests
** Write a test suite: 0 called: 0 to improve: false
[MASTER] 15:40:36.057 [logback-1] WARN  AgentLoader - Failed to find EvoSuite jar in current classloader. URLs of classloader:
file:/root/.sdkman/candidates/java/8.0.333.fx-librca/jre/../lib/tools.jar
file:/root/.sdkman/candidates/java/8.0.333.fx-librca/jre/lib/ext/cldrdata.jar
file:/root/.sdkman/candidates/java/8.0.333.fx-librca/jre/lib/ext/sunec.jar
file:/root/.sdkman/candidates/java/8.0.333.fx-librca/jre/lib/ext/localedata.jar
file:/root/.sdkman/candidates/java/8.0.333.fx-librca/jre/lib/ext/jaccess.jar
file:/tmp/EvoSuite_pathingJar1052210528109964688.jar
file:/root/.sdkman/candidates/java/8.0.333.fx-librca/jre/lib/ext/dnsns.jar
file:/root/.sdkman/candidates/java/8.0.333.fx-librca/jre/lib/ext/sunpkcs11.jar
file:/root/.sdkman/candidates/java/8.0.333.fx-librca/jre/lib/ext/zipfs.jar
file:/root/.sdkman/candidates/java/8.0.333.fx-librca/jre/lib/ext/jfxrt.jar
file:/root/.sdkman/candidates/java/8.0.333.fx-librca/jre/lib/ext/sunjce_provider.jar
file:/root/.sdkman/candidates/java/8.0.333.fx-librca/jre/lib/ext/nashorn.jar
[MASTER] 15:40:36.058 [logback-1] WARN  JUnitAnalyzer - Found unstable test named initializationError -> class java.lang.RuntimeException: Cannot find either the compilation target folder nor the EvoSuite jar in classpath: /tmp/EvoSuite_pathingJar1052210528109964688.jar
Going to execute: handleTestsThatAreUnstable
* Compiling Tests
** Write a test suite: 0 called: 0 to improve: false
** Write a test suite: 1 called: 1 to improve: false
** Write a test suite: 2 called: 2 to improve: false
** Write a test suite: 3 called: 3 to improve: false
** Write a test suite: 4 called: 4 to improve: false
** Write a test suite: 5 called: 5 to improve: false
[MASTER] 15:40:36.263 [logback-1] WARN  AgentLoader - Failed to find EvoSuite jar in current classloader. URLs of classloader:
file:/root/.sdkman/candidates/java/8.0.333.fx-librca/jre/../lib/tools.jar
file:/root/.sdkman/candidates/java/8.0.333.fx-librca/jre/lib/ext/cldrdata.jar
file:/root/.sdkman/candidates/java/8.0.333.fx-librca/jre/lib/ext/sunec.jar
file:/root/.sdkman/candidates/java/8.0.333.fx-librca/jre/lib/ext/localedata.jar
file:/root/.sdkman/candidates/java/8.0.333.fx-librca/jre/lib/ext/jaccess.jar
file:/tmp/EvoSuite_pathingJar1052210528109964688.jar
file:/root/.sdkman/candidates/java/8.0.333.fx-librca/jre/lib/ext/dnsns.jar
file:/root/.sdkman/candidates/java/8.0.333.fx-librca/jre/lib/ext/sunpkcs11.jar
file:/root/.sdkman/candidates/java/8.0.333.fx-librca/jre/lib/ext/zipfs.jar
file:/root/.sdkman/candidates/java/8.0.333.fx-librca/jre/lib/ext/jfxrt.jar
file:/root/.sdkman/candidates/java/8.0.333.fx-librca/jre/lib/ext/sunjce_provider.jar
file:/root/.sdkman/candidates/java/8.0.333.fx-librca/jre/lib/ext/nashorn.jar
[MASTER] 15:40:36.264 [logback-1] WARN  JUnitAnalyzer - Found unstable test named initializationError -> class java.lang.RuntimeException: Cannot find either the compilation target folder nor the EvoSuite jar in classpath: /tmp/EvoSuite_pathingJar1052210528109964688.jar
Going to execute: handleTestsThatAreUnstable
* Compiling Tests
** Write a test suite: 0 called: 0 to improve: false
** Write a test suite: 1 called: 1 to improve: false
** Write a test suite: 2 called: 2 to improve: false
** Write a test suite: 3 called: 3 to improve: false
** Write a test suite: 4 called: 4 to improve: false
** Write a test suite: 5 called: 5 to improve: false
* Writing tests to file
[MASTER] 15:40:36.535 [logback-1] WARN  AgentLoader - Failed to find EvoSuite jar in current classloader. URLs of classloader:
file:/root/.sdkman/candidates/java/8.0.333.fx-librca/jre/../lib/tools.jar
file:/root/.sdkman/candidates/java/8.0.333.fx-librca/jre/lib/ext/cldrdata.jar
file:/root/.sdkman/candidates/java/8.0.333.fx-librca/jre/lib/ext/sunec.jar
file:/root/.sdkman/candidates/java/8.0.333.fx-librca/jre/lib/ext/localedata.jar
file:/root/.sdkman/candidates/java/8.0.333.fx-librca/jre/lib/ext/jaccess.jar
file:/tmp/EvoSuite_pathingJar1052210528109964688.jar
file:/root/.sdkman/candidates/java/8.0.333.fx-librca/jre/lib/ext/dnsns.jar
file:/root/.sdkman/candidates/java/8.0.333.fx-librca/jre/lib/ext/sunpkcs11.jar
file:/root/.sdkman/candidates/java/8.0.333.fx-librca/jre/lib/ext/zipfs.jar
file:/root/.sdkman/candidates/java/8.0.333.fx-librca/jre/lib/ext/jfxrt.jar
file:/root/.sdkman/candidates/java/8.0.333.fx-librca/jre/lib/ext/sunjce_provider.jar
file:/root/.sdkman/candidates/java/8.0.333.fx-librca/jre/lib/ext/nashorn.jar
[MASTER] 15:40:36.536 [logback-1] WARN  JUnitAnalyzer - Found unstable test named initializationError -> class java.lang.RuntimeException: Cannot find either the compilation target folder nor the EvoSuite jar in classpath: /tmp/EvoSuite_pathingJar1052210528109964688.jar
[MASTER] 15:40:36.539 [logback-1] WARN  TimeController - Already entered in phase: JUNIT_CHECK. This will mess up the timing calculations.
* Writing JUnit test case 'ExtrasPatternParser_ESTest' to evosuite-tests
** Write a test suite: 1 called: 0 to improve: false
** Write a test suite: 2 called: 1 to improve: false
** Write a test suite: 3 called: 2 to improve: false
** Write a test suite: 4 called: 3 to improve: false
** Write a test suite: 5 called: 4 to improve: false
* Writing JUnit test case 'ExtrasPatternParser_Original_ESTest' to evosuite-tests
** Write a test suite: 0 called: 0 to improve: false
** Write a test suite: 1 called: 1 to improve: false
** Write a test suite: 2 called: 2 to improve: false
** Write a test suite: 3 called: 3 to improve: false
** Write a test suite: 4 called: 4 to improve: false
** Write a test suite: 5 called: 5 to improve: false
* Done!

* Computation finished
