* EvoSuite 1.0.0-SNAPSHOT
* Going to generate test cases for class: net.sourceforge.ext4j.log.log4j.ExtrasPatternParser
* Starting Client-0
* Properties loaded from /home/roham/Results-Utestgen/dataset/SF110-new-res/71_ext4j/evosuite-files/evosuite.properties
* Connecting to master process on port 15869
* Analyzing classpath: 
* Inheritance tree loaded from evosuite-files/inheritance.xml.gz
* Finished analyzing classpath
* Generating tests for class net.sourceforge.ext4j.log.log4j.ExtrasPatternParser
* Test criteria:
  - Branch Coverage
  - Line Coverage
  - Method-Output Coverage
  - Top-Level Method Coverage
  - Context Branch Coverage
* Total number of test goals for DYNAMOSA: 38
* Using seed 1710268566442
* Starting evolution
[Progress:>                             0%] [Cov:>                                  0%]* Initial Number of Goals in DynaMOSA = 7 / 38
[Progress:>                             0%] [Cov:===================================100%]
* Search finished after 2s and 0 generations, 842 statements, best individual has fitness: 0.0
* Generated before the refinement 6 tests with total length 12
statement is: net.sourceforge.ext4j.log.log4j.ExtrasPatternParser(Ljava/lang/String;)V type is: class org.evosuite.testcase.statements.ConstructorStatement return type class net.sourceforge.ext4j.log.log4j.ExtrasPatternParser
statement code is: ExtrasPatternParser extrasPatternParser = new ExtrasPatternParser("-01-")
statement is: finalizeConverter(C)V type is: class org.evosuite.testcase.statements.MethodStatement return type void
statement code is: extrasPatternParser.finalizeConverter('%')
test data is: ExtrasPatternParser extrasPatternParser = new ExtrasPatternParser("-01-");
extrasPatternParser.finalizeConverter('%');

** It was a parseable test case! 
Improved test data is: class DummyClass {
    public static void main() {
        ExtrasPatternParser extrasPatternParser = new ExtrasPatternParser("15-July-2023");
        extrasPatternParser.finalizeConverter('$');
    }
}
statement is: ExtrasPatternParser extrasPatternParser = new ExtrasPatternParser("15-July-2023"), class spoon.support.reflect.code.CtLocalVariableImpl
class spoon.support.reflect.code.CtConstructorCallImpl
statement is: extrasPatternParser.finalizeConverter('$'), class spoon.support.reflect.code.CtInvocationImpl
invocation is: extrasPatternParser.finalizeConverter('$') target is: extrasPatternParser method is: finalizeConverter(char)
source statement: net.sourceforge.ext4j.log.log4j.ExtrasPatternParser(Ljava/lang/String;)V callee: VariableReference: Statement 0, type net.sourceforge.ext4j.log.log4j.ExtrasPatternParserindex is: 1
Matched Method is: finalizeConverter(C)V
TestCase is: String string = "15-July-2023";
ExtrasPatternParser extrasPatternParser = new ExtrasPatternParser(string);
char _char = '$';
((ExtrasPatternParser) string).finalizeConverter(_char);

statement is: net.sourceforge.ext4j.log.log4j.ExtrasPatternParser(Ljava/lang/String;)V type is: class org.evosuite.testcase.statements.ConstructorStatement return type class net.sourceforge.ext4j.log.log4j.ExtrasPatternParser
statement code is: ExtrasPatternParser extrasPatternParser = new ExtrasPatternParser("-01-")
statement is: finalizeConverter(C)V type is: class org.evosuite.testcase.statements.MethodStatement return type void
statement code is: extrasPatternParser.finalizeConverter('s')
test data is: ExtrasPatternParser extrasPatternParser = new ExtrasPatternParser("-01-");
extrasPatternParser.finalizeConverter('s');

** It was a parseable test case! 
Improved test data is: class DummyClass {
    public static void main() {
        ExtrasPatternParser extrasPatternParser = new ExtrasPatternParser("01-");
        extrasPatternParser.finalizeConverter('s');
        extrasPatternParser = new ExtrasPatternParser("-0123456789");
        extrasPatternParser.finalizeConverter('s');
    }
}
statement is: ExtrasPatternParser extrasPatternParser = new ExtrasPatternParser("01-"), class spoon.support.reflect.code.CtLocalVariableImpl
class spoon.support.reflect.code.CtConstructorCallImpl
statement is: extrasPatternParser.finalizeConverter('s'), class spoon.support.reflect.code.CtInvocationImpl
invocation is: extrasPatternParser.finalizeConverter('s') target is: extrasPatternParser method is: finalizeConverter(char)
source statement: net.sourceforge.ext4j.log.log4j.ExtrasPatternParser(Ljava/lang/String;)V callee: VariableReference: Statement 0, type net.sourceforge.ext4j.log.log4j.ExtrasPatternParserindex is: 1
Matched Method is: finalizeConverter(C)V
statement is: extrasPatternParser = new ExtrasPatternParser("-0123456789"), class spoon.support.reflect.code.CtAssignmentImpl
statement is: extrasPatternParser.finalizeConverter('s'), class spoon.support.reflect.code.CtInvocationImpl
invocation is: extrasPatternParser.finalizeConverter('s') target is: extrasPatternParser method is: finalizeConverter(char)
source statement: net.sourceforge.ext4j.log.log4j.ExtrasPatternParser(Ljava/lang/String;)V callee: VariableReference: Statement 0, type net.sourceforge.ext4j.log.log4j.ExtrasPatternParserindex is: 1
Matched Method is: finalizeConverter(C)V
TestCase is: String string = "01-";
ExtrasPatternParser extrasPatternParser = new ExtrasPatternParser(string);
char _char = 's';
((ExtrasPatternParser) string).finalizeConverter(_char);
char _char = 's';
((ExtrasPatternParser) string).finalizeConverter(_char);

statement is: net.sourceforge.ext4j.log.log4j.ExtrasPatternParser(Ljava/lang/String;)V type is: class org.evosuite.testcase.statements.ConstructorStatement return type class net.sourceforge.ext4j.log.log4j.ExtrasPatternParser
statement code is: ExtrasPatternParser extrasPatternParser = new ExtrasPatternParser("")
statement is: finalizeConverter(C)V type is: class org.evosuite.testcase.statements.MethodStatement return type void
statement code is: extrasPatternParser.finalizeConverter('i')
test data is: ExtrasPatternParser extrasPatternParser = new ExtrasPatternParser("");
extrasPatternParser.finalizeConverter('i');

** It was a parseable test case! 
Improved test data is: class DummyClass {
    public static void main() {
        ExtrasPatternParser extrasPatternParser = new ExtrasPatternParser("");
        extrasPatternParser.finalizeConverter("inputString");
    }
}
statement is: ExtrasPatternParser extrasPatternParser = new ExtrasPatternParser(""), class spoon.support.reflect.code.CtLocalVariableImpl
class spoon.support.reflect.code.CtConstructorCallImpl
statement is: extrasPatternParser.finalizeConverter("inputString"), class spoon.support.reflect.code.CtInvocationImpl
invocation is: extrasPatternParser.finalizeConverter("inputString") target is: extrasPatternParser method is: finalizeConverter(java.lang.String)
source statement: net.sourceforge.ext4j.log.log4j.ExtrasPatternParser(Ljava/lang/String;)V callee: VariableReference: Statement 0, type net.sourceforge.ext4j.log.log4j.ExtrasPatternParserindex is: 1
Matched Method is: finalizeConverter(C)V
TestCase is: String string = "";
ExtrasPatternParser extrasPatternParser = new ExtrasPatternParser(string);
String string = "inputString";
((ExtrasPatternParser) string).finalizeConverter((char) string);

statement is: net.sourceforge.ext4j.log.log4j.ExtrasPatternParser(Ljava/lang/String;)V type is: class org.evosuite.testcase.statements.ConstructorStatement return type class net.sourceforge.ext4j.log.log4j.ExtrasPatternParser
statement code is: ExtrasPatternParser extrasPatternParser = new ExtrasPatternParser("Fb{rH+")
statement is: finalizeConverter(C)V type is: class org.evosuite.testcase.statements.MethodStatement return type void
statement code is: extrasPatternParser.finalizeConverter('u')
test data is: ExtrasPatternParser extrasPatternParser = new ExtrasPatternParser("Fb{rH+");
extrasPatternParser.finalizeConverter('u');

** It was a parseable test case! 
Improved test data is: class DummyClass {
    public static void main() {
        extrasPatternParser.finalizeConverter('u');
    }
}
statement is: extrasPatternParser.finalizeConverter('u'), class spoon.support.reflect.code.CtInvocationImpl
invocation is: extrasPatternParser.finalizeConverter('u') target is: extrasPatternParser method is: finalizeConverter(char)
statement is: net.sourceforge.ext4j.log.log4j.ExtrasPatternParser(Ljava/lang/String;)V type is: class org.evosuite.testcase.statements.ConstructorStatement return type class net.sourceforge.ext4j.log.log4j.ExtrasPatternParser
statement code is: ExtrasPatternParser extrasPatternParser = new ExtrasPatternParser("@8w$;7X$")
statement is: finalizeConverter(C)V type is: class org.evosuite.testcase.statements.MethodStatement return type void
statement code is: extrasPatternParser.finalizeConverter('R')
test data is: ExtrasPatternParser extrasPatternParser = new ExtrasPatternParser("@8w$;7X$");
extrasPatternParser.finalizeConverter('R');

** It was a parseable test case! 
Improved test data is: class DummyClass {
    public static void main() {
        ExtrasPatternParser extrasPatternParser = new ExtrasPatternParser("$98w$;$7X$");
        extrasPatternParser.finalizeConverter('G');
    }
}
statement is: ExtrasPatternParser extrasPatternParser = new ExtrasPatternParser("$98w$;$7X$"), class spoon.support.reflect.code.CtLocalVariableImpl
class spoon.support.reflect.code.CtConstructorCallImpl
statement is: extrasPatternParser.finalizeConverter('G'), class spoon.support.reflect.code.CtInvocationImpl
invocation is: extrasPatternParser.finalizeConverter('G') target is: extrasPatternParser method is: finalizeConverter(char)
source statement: net.sourceforge.ext4j.log.log4j.ExtrasPatternParser(Ljava/lang/String;)V callee: VariableReference: Statement 0, type net.sourceforge.ext4j.log.log4j.ExtrasPatternParserindex is: 1
Matched Method is: finalizeConverter(C)V
TestCase is: String string = "$98w$;$7X$";
ExtrasPatternParser extrasPatternParser = new ExtrasPatternParser(string);
char _char = 'G';
((ExtrasPatternParser) string).finalizeConverter(_char);

statement is: net.sourceforge.ext4j.log.log4j.ExtrasPatternParser(Ljava/lang/String;)V type is: class org.evosuite.testcase.statements.ConstructorStatement return type class net.sourceforge.ext4j.log.log4j.ExtrasPatternParser
statement code is: ExtrasPatternParser extrasPatternParser = new ExtrasPatternParser("@8w$;7X$")
statement is: finalizeConverter(C)V type is: class org.evosuite.testcase.statements.MethodStatement return type void
statement code is: extrasPatternParser.finalizeConverter('q')
test data is: ExtrasPatternParser extrasPatternParser = new ExtrasPatternParser("@8w$;7X$");
extrasPatternParser.finalizeConverter('q');

** It was a parseable test case! 
Improved test data is: class DummyClass {
    public static void main() {
        ExtrasPatternParser extrasPatternParser = new ExtrasPatternParser("@8w$;7X$");
        extrasPatternParser.finalizeConverter('Q');
    }
}
statement is: ExtrasPatternParser extrasPatternParser = new ExtrasPatternParser("@8w$;7X$"), class spoon.support.reflect.code.CtLocalVariableImpl
class spoon.support.reflect.code.CtConstructorCallImpl
statement is: extrasPatternParser.finalizeConverter('Q'), class spoon.support.reflect.code.CtInvocationImpl
invocation is: extrasPatternParser.finalizeConverter('Q') target is: extrasPatternParser method is: finalizeConverter(char)
source statement: net.sourceforge.ext4j.log.log4j.ExtrasPatternParser(Ljava/lang/String;)V callee: VariableReference: Statement 0, type net.sourceforge.ext4j.log.log4j.ExtrasPatternParserindex is: 1
Matched Method is: finalizeConverter(C)V
TestCase is: String string = "@8w$;7X$";
ExtrasPatternParser extrasPatternParser = new ExtrasPatternParser(string);
char _char = 'Q';
((ExtrasPatternParser) string).finalizeConverter(_char);

* test suite isTestSuite: 11
Test 0: 
ExtrasPatternParser extrasPatternParser = new ExtrasPatternParser("-01-");
extrasPatternParser.finalizeConverter('%');

Test 1: 
ExtrasPatternParser extrasPatternParser = new ExtrasPatternParser("-01-");
extrasPatternParser.finalizeConverter('s');
Test 2: 
ExtrasPatternParser extrasPatternParser = new ExtrasPatternParser("");
extrasPatternParser.finalizeConverter('i');
Test 3: 
ExtrasPatternParser extrasPatternParser = new ExtrasPatternParser("Fb{rH+");
extrasPatternParser.finalizeConverter('u');
Test 4: 
ExtrasPatternParser extrasPatternParser = new ExtrasPatternParser("@8w$;7X$");
extrasPatternParser.finalizeConverter('R');
Test 5: 
ExtrasPatternParser extrasPatternParser = new ExtrasPatternParser("@8w$;7X$");
extrasPatternParser.finalizeConverter('q');
Test 6: 
ExtrasPatternParser extrasPatternParser = new ExtrasPatternParser("15-July-2023");
((ExtrasPatternParser)"15-July-2023").finalizeConverter('$');

Test 7: 
String string = "01-";
ExtrasPatternParser extrasPatternParser = new ExtrasPatternParser("01-");
((ExtrasPatternParser)"01-").finalizeConverter('s');
char _char = 's';
((ExtrasPatternParser) string).finalizeConverter(_char);

Test 8: 
ExtrasPatternParser extrasPatternParser = new ExtrasPatternParser("");
((ExtrasPatternParser)"").finalizeConverter((char) "inputString");

Test 9: 
ExtrasPatternParser extrasPatternParser = new ExtrasPatternParser("$98w$;$7X$");
((ExtrasPatternParser)"$98w$;$7X$").finalizeConverter('G');

Test 10: 
ExtrasPatternParser extrasPatternParser = new ExtrasPatternParser("@8w$;7X$");
((ExtrasPatternParser)"@8w$;7X$").finalizeConverter('Q');


* Generated after the refinement and before minimization 11 tests with total length 25
* test suite isTestSuite: 11
Test 0: 
ExtrasPatternParser extrasPatternParser = new ExtrasPatternParser("-01-");
extrasPatternParser.finalizeConverter('%');

Test 1: 
ExtrasPatternParser extrasPatternParser = new ExtrasPatternParser("-01-");
extrasPatternParser.finalizeConverter('s');
Test 2: 
ExtrasPatternParser extrasPatternParser = new ExtrasPatternParser("");
extrasPatternParser.finalizeConverter('i');
Test 3: 
ExtrasPatternParser extrasPatternParser = new ExtrasPatternParser("Fb{rH+");
extrasPatternParser.finalizeConverter('u');
Test 4: 
ExtrasPatternParser extrasPatternParser = new ExtrasPatternParser("@8w$;7X$");
extrasPatternParser.finalizeConverter('R');
Test 5: 
ExtrasPatternParser extrasPatternParser = new ExtrasPatternParser("@8w$;7X$");
extrasPatternParser.finalizeConverter('q');
Test 6: 
ExtrasPatternParser extrasPatternParser = new ExtrasPatternParser("15-July-2023");
((ExtrasPatternParser)"15-July-2023").finalizeConverter('$');

Test 7: 
String string = "01-";
ExtrasPatternParser extrasPatternParser = new ExtrasPatternParser("01-");
((ExtrasPatternParser)"01-").finalizeConverter('s');
char _char = 's';
((ExtrasPatternParser) string).finalizeConverter(_char);

Test 8: 
ExtrasPatternParser extrasPatternParser = new ExtrasPatternParser("");
((ExtrasPatternParser)"").finalizeConverter((char) "inputString");

Test 9: 
ExtrasPatternParser extrasPatternParser = new ExtrasPatternParser("$98w$;$7X$");
((ExtrasPatternParser)"$98w$;$7X$").finalizeConverter('G');

Test 10: 
ExtrasPatternParser extrasPatternParser = new ExtrasPatternParser("@8w$;7X$");
((ExtrasPatternParser)"@8w$;7X$").finalizeConverter('Q');


* Minimizing test suite
* test suite isTestSuite: 6
Test 0: 
ExtrasPatternParser extrasPatternParser = new ExtrasPatternParser("");
extrasPatternParser.finalizeConverter('i');

Test 1: 
ExtrasPatternParser extrasPatternParser = new ExtrasPatternParser("-01-");
extrasPatternParser.finalizeConverter('%');
Test 2: 
ExtrasPatternParser extrasPatternParser = new ExtrasPatternParser("-01-");
extrasPatternParser.finalizeConverter('s');
Test 3: 
ExtrasPatternParser extrasPatternParser = new ExtrasPatternParser("Fb{rH+");
extrasPatternParser.finalizeConverter('u');
Test 4: 
ExtrasPatternParser extrasPatternParser = new ExtrasPatternParser("@8w$;7X$");
extrasPatternParser.finalizeConverter('R');
Test 5: 
ExtrasPatternParser extrasPatternParser = new ExtrasPatternParser("@8w$;7X$");
extrasPatternParser.finalizeConverter('q');

* Going to analyze the coverage criteria
* Coverage analysis for criterion BRANCH
* Coverage of criterion BRANCH: 100%
* Total number of goals: 11
* Number of covered goals: 11
* Coverage analysis for criterion LINE
* Coverage of criterion LINE: 100%
* Total number of goals: 14
* Number of covered goals: 14
* Coverage analysis for criterion OUTPUT
* Coverage of criterion OUTPUT: 100% (no goals)
* Coverage analysis for criterion METHOD
* Coverage of criterion METHOD: 100%
* Total number of goals: 2
* Number of covered goals: 2
* Coverage analysis for criterion CBRANCH
* Coverage of criterion CBRANCH: 100%
* Total number of goals: 11
* Number of covered goals: 11
* Generated 6 tests with total length 12
* Resulting test suite's coverage: 100% (average coverage for all fitness functions)
* Generating assertions
* Resulting test suite's mutation score: 0%
* Compiling and checking tests
Going to execute: removeTestsThatDoNotCompile
* Compiling Tests
** Write a test suite: 0 called: 0 to improve: false
* Compiling Tests
** Write a test suite: 0 called: 0 to improve: true
** Improve Understandability: ** Test Code is: ExtrasPatternParser extrasPatternParser = new ExtrasPatternParser("");
extrasPatternParser.finalizeConverter('i');

** It was a parseable test case! 
refined test name is: testFinalizeConverter
* Compiling Tests
refined test name is: testFinalizeConverterunchanged
* Compiling Tests
** Write a test suite: 0 called: 0 to improve: false
* Compiling Tests
** Write a test suite: 0 called: 0 to improve: true
** Improve Understandability: ** Test Code is: ExtrasPatternParser extrasPatternParser = new ExtrasPatternParser("-01-");
extrasPatternParser.finalizeConverter('%');

** It was a parseable test case! 
refined test name is: testFinalizeConverterWithPercentSign
* Compiling Tests
refined test name is: testFinalizeConverterWithPercentSign
* Compiling Tests
** Write a test suite: 0 called: 0 to improve: false
* Compiling Tests
** Write a test suite: 0 called: 0 to improve: true
** Improve Understandability: ** Test Code is: ExtrasPatternParser extrasPatternParser = new ExtrasPatternParser("-01-");
extrasPatternParser.finalizeConverter('s');

** It was a parseable test case! 
refined test name is: testParseAndConvertStringToObject
* Compiling Tests
** Write a test suite: 0 called: 0 to improve: false
* Compiling Tests
** Write a test suite: 0 called: 0 to improve: true
** Improve Understandability: ** Test Code is: ExtrasPatternParser extrasPatternParser = new ExtrasPatternParser("Fb{rH+");
extrasPatternParser.finalizeConverter('u');

** It was a parseable test case! 
refined test name is: testParseConverterValidInputExpectedOutput
* Compiling Tests
refined test name is: testFinalizeConvertercorrectlyFinalizesConverter
* Compiling Tests
** Write a test suite: 0 called: 0 to improve: false
* Compiling Tests
** Write a test suite: 0 called: 0 to improve: true
** Improve Understandability: ** Test Code is: ExtrasPatternParser extrasPatternParser = new ExtrasPatternParser("@8w$;7X$");
extrasPatternParser.finalizeConverter('R');

** It was a parseable test case! 
refined test name is: testFinalizeConverterWithValidInput
* Compiling Tests
** Write a test suite: 0 called: 0 to improve: false
* Compiling Tests
** Write a test suite: 0 called: 0 to improve: true
** Improve Understandability: ** Test Code is: ExtrasPatternParser extrasPatternParser = new ExtrasPatternParser("@8w$;7X$");
extrasPatternParser.finalizeConverter('q');

** It was a parseable test case! 
refined test name is: testFinalizeConverter
* Compiling Tests
refined test name is: testFinalizeConverterShouldReturnExpectedOutput
Going to execute: handleTestsThatAreUnstable
* Compiling Tests
** Write a test suite: 0 called: 0 to improve: false
[MASTER] 18:46:18.318 [logback-1] WARN  AgentLoader - Failed to find EvoSuite jar in current classloader. URLs of classloader:
file:/root/.sdkman/candidates/java/8.0.333.fx-librca/jre/../lib/tools.jar
file:/root/.sdkman/candidates/java/8.0.333.fx-librca/jre/lib/ext/cldrdata.jar
file:/root/.sdkman/candidates/java/8.0.333.fx-librca/jre/lib/ext/sunec.jar
file:/tmp/EvoSuite_pathingJar5625191033822504963.jar
file:/root/.sdkman/candidates/java/8.0.333.fx-librca/jre/lib/ext/localedata.jar
file:/root/.sdkman/candidates/java/8.0.333.fx-librca/jre/lib/ext/jaccess.jar
file:/root/.sdkman/candidates/java/8.0.333.fx-librca/jre/lib/ext/dnsns.jar
file:/root/.sdkman/candidates/java/8.0.333.fx-librca/jre/lib/ext/sunpkcs11.jar
file:/root/.sdkman/candidates/java/8.0.333.fx-librca/jre/lib/ext/zipfs.jar
file:/root/.sdkman/candidates/java/8.0.333.fx-librca/jre/lib/ext/jfxrt.jar
file:/root/.sdkman/candidates/java/8.0.333.fx-librca/jre/lib/ext/sunjce_provider.jar
file:/root/.sdkman/candidates/java/8.0.333.fx-librca/jre/lib/ext/nashorn.jar
[MASTER] 18:46:18.345 [logback-1] WARN  JUnitAnalyzer - Found unstable test named initializationError -> class java.lang.RuntimeException: Cannot find either the compilation target folder nor the EvoSuite jar in classpath: /tmp/EvoSuite_pathingJar5625191033822504963.jar
Going to execute: handleTestsThatAreUnstable
* Compiling Tests
** Write a test suite: 0 called: 0 to improve: false
[MASTER] 18:46:18.607 [logback-1] WARN  AgentLoader - Failed to find EvoSuite jar in current classloader. URLs of classloader:
file:/root/.sdkman/candidates/java/8.0.333.fx-librca/jre/../lib/tools.jar
file:/root/.sdkman/candidates/java/8.0.333.fx-librca/jre/lib/ext/cldrdata.jar
file:/root/.sdkman/candidates/java/8.0.333.fx-librca/jre/lib/ext/sunec.jar
file:/tmp/EvoSuite_pathingJar5625191033822504963.jar
file:/root/.sdkman/candidates/java/8.0.333.fx-librca/jre/lib/ext/localedata.jar
file:/root/.sdkman/candidates/java/8.0.333.fx-librca/jre/lib/ext/jaccess.jar
file:/root/.sdkman/candidates/java/8.0.333.fx-librca/jre/lib/ext/dnsns.jar
file:/root/.sdkman/candidates/java/8.0.333.fx-librca/jre/lib/ext/sunpkcs11.jar
file:/root/.sdkman/candidates/java/8.0.333.fx-librca/jre/lib/ext/zipfs.jar
file:/root/.sdkman/candidates/java/8.0.333.fx-librca/jre/lib/ext/jfxrt.jar
file:/root/.sdkman/candidates/java/8.0.333.fx-librca/jre/lib/ext/sunjce_provider.jar
file:/root/.sdkman/candidates/java/8.0.333.fx-librca/jre/lib/ext/nashorn.jar
[MASTER] 18:46:18.621 [logback-1] WARN  JUnitAnalyzer - Found unstable test named initializationError -> class java.lang.RuntimeException: Cannot find either the compilation target folder nor the EvoSuite jar in classpath: /tmp/EvoSuite_pathingJar5625191033822504963.jar
Going to execute: handleTestsThatAreUnstable
* Compiling Tests
[MASTER] 18:46:18.728 [logback-1] WARN  AgentLoader - Failed to find EvoSuite jar in current classloader. URLs of classloader:
file:/root/.sdkman/candidates/java/8.0.333.fx-librca/jre/../lib/tools.jar
file:/root/.sdkman/candidates/java/8.0.333.fx-librca/jre/lib/ext/cldrdata.jar
file:/root/.sdkman/candidates/java/8.0.333.fx-librca/jre/lib/ext/sunec.jar
file:/tmp/EvoSuite_pathingJar5625191033822504963.jar
file:/root/.sdkman/candidates/java/8.0.333.fx-librca/jre/lib/ext/localedata.jar
file:/root/.sdkman/candidates/java/8.0.333.fx-librca/jre/lib/ext/jaccess.jar
file:/root/.sdkman/candidates/java/8.0.333.fx-librca/jre/lib/ext/dnsns.jar
file:/root/.sdkman/candidates/java/8.0.333.fx-librca/jre/lib/ext/sunpkcs11.jar
file:/root/.sdkman/candidates/java/8.0.333.fx-librca/jre/lib/ext/zipfs.jar
file:/root/.sdkman/candidates/java/8.0.333.fx-librca/jre/lib/ext/jfxrt.jar
file:/root/.sdkman/candidates/java/8.0.333.fx-librca/jre/lib/ext/sunjce_provider.jar
file:/root/.sdkman/candidates/java/8.0.333.fx-librca/jre/lib/ext/nashorn.jar
[MASTER] 18:46:18.731 [logback-1] WARN  JUnitAnalyzer - Found unstable test named initializationError -> class java.lang.RuntimeException: Cannot find either the compilation target folder nor the EvoSuite jar in classpath: /tmp/EvoSuite_pathingJar5625191033822504963.jar
Going to execute: handleTestsThatAreUnstable
* Compiling Tests
** Write a test suite: 0 called: 0 to improve: false
[MASTER] 18:46:18.824 [logback-1] WARN  AgentLoader - Failed to find EvoSuite jar in current classloader. URLs of classloader:
file:/root/.sdkman/candidates/java/8.0.333.fx-librca/jre/../lib/tools.jar
file:/root/.sdkman/candidates/java/8.0.333.fx-librca/jre/lib/ext/cldrdata.jar
file:/root/.sdkman/candidates/java/8.0.333.fx-librca/jre/lib/ext/sunec.jar
file:/tmp/EvoSuite_pathingJar5625191033822504963.jar
file:/root/.sdkman/candidates/java/8.0.333.fx-librca/jre/lib/ext/localedata.jar
file:/root/.sdkman/candidates/java/8.0.333.fx-librca/jre/lib/ext/jaccess.jar
file:/root/.sdkman/candidates/java/8.0.333.fx-librca/jre/lib/ext/dnsns.jar
file:/root/.sdkman/candidates/java/8.0.333.fx-librca/jre/lib/ext/sunpkcs11.jar
file:/root/.sdkman/candidates/java/8.0.333.fx-librca/jre/lib/ext/zipfs.jar
file:/root/.sdkman/candidates/java/8.0.333.fx-librca/jre/lib/ext/jfxrt.jar
file:/root/.sdkman/candidates/java/8.0.333.fx-librca/jre/lib/ext/sunjce_provider.jar
file:/root/.sdkman/candidates/java/8.0.333.fx-librca/jre/lib/ext/nashorn.jar
Going to execute: handleTestsThatAreUnstable
* Compiling Tests
[MASTER] 18:46:18.828 [logback-1] WARN  JUnitAnalyzer - Found unstable test named initializationError -> class java.lang.RuntimeException: Cannot find either the compilation target folder nor the EvoSuite jar in classpath: /tmp/EvoSuite_pathingJar5625191033822504963.jar
[MASTER] 18:46:19.004 [logback-1] WARN  AgentLoader - Failed to find EvoSuite jar in current classloader. URLs of classloader:
file:/root/.sdkman/candidates/java/8.0.333.fx-librca/jre/../lib/tools.jar
file:/root/.sdkman/candidates/java/8.0.333.fx-librca/jre/lib/ext/cldrdata.jar
file:/root/.sdkman/candidates/java/8.0.333.fx-librca/jre/lib/ext/sunec.jar
file:/tmp/EvoSuite_pathingJar5625191033822504963.jar
file:/root/.sdkman/candidates/java/8.0.333.fx-librca/jre/lib/ext/localedata.jar
file:/root/.sdkman/candidates/java/8.0.333.fx-librca/jre/lib/ext/jaccess.jar
file:/root/.sdkman/candidates/java/8.0.333.fx-librca/jre/lib/ext/dnsns.jar
file:/root/.sdkman/candidates/java/8.0.333.fx-librca/jre/lib/ext/sunpkcs11.jar
file:/root/.sdkman/candidates/java/8.0.333.fx-librca/jre/lib/ext/zipfs.jar
file:/root/.sdkman/candidates/java/8.0.333.fx-librca/jre/lib/ext/jfxrt.jar
file:/root/.sdkman/candidates/java/8.0.333.fx-librca/jre/lib/ext/sunjce_provider.jar
file:/root/.sdkman/candidates/java/8.0.333.fx-librca/jre/lib/ext/nashorn.jar
Going to execute: handleTestsThatAreUnstable
* Compiling Tests
** Write a test suite: 0 called: 0 to improve: false
[MASTER] 18:46:19.010 [logback-1] WARN  JUnitAnalyzer - Found unstable test named initializationError -> class java.lang.RuntimeException: Cannot find either the compilation target folder nor the EvoSuite jar in classpath: /tmp/EvoSuite_pathingJar5625191033822504963.jar
[MASTER] 18:46:19.121 [logback-1] WARN  AgentLoader - Failed to find EvoSuite jar in current classloader. URLs of classloader:
file:/root/.sdkman/candidates/java/8.0.333.fx-librca/jre/../lib/tools.jar
file:/root/.sdkman/candidates/java/8.0.333.fx-librca/jre/lib/ext/cldrdata.jar
file:/root/.sdkman/candidates/java/8.0.333.fx-librca/jre/lib/ext/sunec.jar
file:/tmp/EvoSuite_pathingJar5625191033822504963.jar
file:/root/.sdkman/candidates/java/8.0.333.fx-librca/jre/lib/ext/localedata.jar
file:/root/.sdkman/candidates/java/8.0.333.fx-librca/jre/lib/ext/jaccess.jar
file:/root/.sdkman/candidates/java/8.0.333.fx-librca/jre/lib/ext/dnsns.jar
file:/root/.sdkman/candidates/java/8.0.333.fx-librca/jre/lib/ext/sunpkcs11.jar
file:/root/.sdkman/candidates/java/8.0.333.fx-librca/jre/lib/ext/zipfs.jar
file:/root/.sdkman/candidates/java/8.0.333.fx-librca/jre/lib/ext/jfxrt.jar
file:/root/.sdkman/candidates/java/8.0.333.fx-librca/jre/lib/ext/sunjce_provider.jar
file:/root/.sdkman/candidates/java/8.0.333.fx-librca/jre/lib/ext/nashorn.jar
[MASTER] 18:46:19.123 [logback-1] WARN  JUnitAnalyzer - Found unstable test named initializationError -> class java.lang.RuntimeException: Cannot find either the compilation target folder nor the EvoSuite jar in classpath: /tmp/EvoSuite_pathingJar5625191033822504963.jar
Going to execute: handleTestsThatAreUnstable
* Compiling Tests
** Write a test suite: 0 called: 0 to improve: false
** Write a test suite: 1 called: 1 to improve: false
** Write a test suite: 3 called: 2 to improve: false
** Write a test suite: 5 called: 3 to improve: false
[MASTER] 18:46:19.241 [logback-1] WARN  AgentLoader - Failed to find EvoSuite jar in current classloader. URLs of classloader:
file:/root/.sdkman/candidates/java/8.0.333.fx-librca/jre/../lib/tools.jar
file:/root/.sdkman/candidates/java/8.0.333.fx-librca/jre/lib/ext/cldrdata.jar
file:/root/.sdkman/candidates/java/8.0.333.fx-librca/jre/lib/ext/sunec.jar
file:/tmp/EvoSuite_pathingJar5625191033822504963.jar
file:/root/.sdkman/candidates/java/8.0.333.fx-librca/jre/lib/ext/localedata.jar
file:/root/.sdkman/candidates/java/8.0.333.fx-librca/jre/lib/ext/jaccess.jar
file:/root/.sdkman/candidates/java/8.0.333.fx-librca/jre/lib/ext/dnsns.jar
file:/root/.sdkman/candidates/java/8.0.333.fx-librca/jre/lib/ext/sunpkcs11.jar
file:/root/.sdkman/candidates/java/8.0.333.fx-librca/jre/lib/ext/zipfs.jar
file:/root/.sdkman/candidates/java/8.0.333.fx-librca/jre/lib/ext/jfxrt.jar
file:/root/.sdkman/candidates/java/8.0.333.fx-librca/jre/lib/ext/sunjce_provider.jar
file:/root/.sdkman/candidates/java/8.0.333.fx-librca/jre/lib/ext/nashorn.jar
[MASTER] 18:46:19.243 [logback-1] WARN  JUnitAnalyzer - Found unstable test named initializationError -> class java.lang.RuntimeException: Cannot find either the compilation target folder nor the EvoSuite jar in classpath: /tmp/EvoSuite_pathingJar5625191033822504963.jar
Going to execute: handleTestsThatAreUnstable
* Compiling Tests
** Write a test suite: 0 called: 0 to improve: false
** Write a test suite: 2 called: 1 to improve: false
** Write a test suite: 4 called: 2 to improve: false
** Write a test suite: 5 called: 3 to improve: false
[MASTER] 18:46:19.383 [logback-1] WARN  AgentLoader - Failed to find EvoSuite jar in current classloader. URLs of classloader:
file:/root/.sdkman/candidates/java/8.0.333.fx-librca/jre/../lib/tools.jar
file:/root/.sdkman/candidates/java/8.0.333.fx-librca/jre/lib/ext/cldrdata.jar
file:/root/.sdkman/candidates/java/8.0.333.fx-librca/jre/lib/ext/sunec.jar
file:/tmp/EvoSuite_pathingJar5625191033822504963.jar
file:/root/.sdkman/candidates/java/8.0.333.fx-librca/jre/lib/ext/localedata.jar
file:/root/.sdkman/candidates/java/8.0.333.fx-librca/jre/lib/ext/jaccess.jar
file:/root/.sdkman/candidates/java/8.0.333.fx-librca/jre/lib/ext/dnsns.jar
file:/root/.sdkman/candidates/java/8.0.333.fx-librca/jre/lib/ext/sunpkcs11.jar
file:/root/.sdkman/candidates/java/8.0.333.fx-librca/jre/lib/ext/zipfs.jar
file:/root/.sdkman/candidates/java/8.0.333.fx-librca/jre/lib/ext/jfxrt.jar
file:/root/.sdkman/candidates/java/8.0.333.fx-librca/jre/lib/ext/sunjce_provider.jar
file:/root/.sdkman/candidates/java/8.0.333.fx-librca/jre/lib/ext/nashorn.jar
[MASTER] 18:46:19.384 [logback-1] WARN  JUnitAnalyzer - Found unstable test named initializationError -> class java.lang.RuntimeException: Cannot find either the compilation target folder nor the EvoSuite jar in classpath: /tmp/EvoSuite_pathingJar5625191033822504963.jar
[MASTER] 18:46:19.436 [logback-1] WARN  TimeController - Already entered in phase: INLINING. This will mess up the timing calculations.
* test suite isTestSuite: 6
Test 0: 
ExtrasPatternParser extrasPatternParser = new ExtrasPatternParser("-01-");
extrasPatternParser.finalizeConverter('%');

Test 1: 
ExtrasPatternParser extrasPatternParser = new ExtrasPatternParser("-01-");
extrasPatternParser.finalizeConverter('s');
Test 2: 
ExtrasPatternParser extrasPatternParser = new ExtrasPatternParser("");
extrasPatternParser.finalizeConverter('i');
Test 3: 
ExtrasPatternParser extrasPatternParser = new ExtrasPatternParser("Fb{rH+");
extrasPatternParser.finalizeConverter('u');
Test 4: 
ExtrasPatternParser extrasPatternParser = new ExtrasPatternParser("@8w$;7X$");
extrasPatternParser.finalizeConverter('R');
Test 5: 
ExtrasPatternParser extrasPatternParser = new ExtrasPatternParser("@8w$;7X$");
extrasPatternParser.finalizeConverter('q');

* Minimizing test suite
* test suite isTestSuite: 6
Test 0: 
ExtrasPatternParser extrasPatternParser = new ExtrasPatternParser("-01-");
extrasPatternParser.finalizeConverter('%');

Test 1: 
ExtrasPatternParser extrasPatternParser = new ExtrasPatternParser("-01-");
extrasPatternParser.finalizeConverter('s');
Test 2: 
ExtrasPatternParser extrasPatternParser = new ExtrasPatternParser("");
extrasPatternParser.finalizeConverter('i');
Test 3: 
ExtrasPatternParser extrasPatternParser = new ExtrasPatternParser("Fb{rH+");
extrasPatternParser.finalizeConverter('u');
Test 4: 
ExtrasPatternParser extrasPatternParser = new ExtrasPatternParser("@8w$;7X$");
extrasPatternParser.finalizeConverter('R');
Test 5: 
ExtrasPatternParser extrasPatternParser = new ExtrasPatternParser("@8w$;7X$");
extrasPatternParser.finalizeConverter('q');

[MASTER] 18:46:20.044 [logback-1] WARN  TimeController - Already entered in phase: MINIMIZATION. This will mess up the timing calculations.
* Going to analyze the coverage criteria
* Coverage analysis for criterion BRANCH
* Coverage of criterion BRANCH: 100%
* Total number of goals: 11
* Number of covered goals: 11
* Coverage analysis for criterion LINE
* Coverage of criterion LINE: 100%
* Total number of goals: 14
* Number of covered goals: 14
* Coverage analysis for criterion OUTPUT
* Coverage of criterion OUTPUT: 100% (no goals)
* Coverage analysis for criterion METHOD
* Coverage of criterion METHOD: 100%
* Total number of goals: 2
* Number of covered goals: 2
* Coverage analysis for criterion CBRANCH
* Coverage of criterion CBRANCH: 100%
* Total number of goals: 11
* Number of covered goals: 11
* Generated 6 tests with total length 12
* Resulting test suite's coverage: 100% (average coverage for all fitness functions)
* Generating assertions
[MASTER] 18:46:20.078 [logback-1] WARN  TimeController - Already entered in phase: COVERAGE_ANALYSIS. This will mess up the timing calculations.
* Resulting test suite's mutation score: 0%
[MASTER] 18:46:20.881 [logback-1] WARN  TimeController - Already entered in phase: ASSERTION_GENERATION. This will mess up the timing calculations.
* Compiling and checking tests
Going to execute: removeTestsThatDoNotCompile
* Compiling Tests
** Write a test suite: 0 called: 0 to improve: false
* Compiling Tests
** Write a test suite: 0 called: 0 to improve: false
* Compiling Tests
** Write a test suite: 0 called: 0 to improve: false
* Compiling Tests
** Write a test suite: 0 called: 0 to improve: false
* Compiling Tests
** Write a test suite: 0 called: 0 to improve: false
* Compiling Tests
** Write a test suite: 0 called: 0 to improve: false
Going to execute: handleTestsThatAreUnstable
* Compiling Tests
** Write a test suite: 0 called: 0 to improve: false
[MASTER] 18:46:21.389 [logback-1] WARN  AgentLoader - Failed to find EvoSuite jar in current classloader. URLs of classloader:
file:/root/.sdkman/candidates/java/8.0.333.fx-librca/jre/../lib/tools.jar
file:/root/.sdkman/candidates/java/8.0.333.fx-librca/jre/lib/ext/cldrdata.jar
file:/root/.sdkman/candidates/java/8.0.333.fx-librca/jre/lib/ext/sunec.jar
file:/tmp/EvoSuite_pathingJar5625191033822504963.jar
file:/root/.sdkman/candidates/java/8.0.333.fx-librca/jre/lib/ext/localedata.jar
file:/root/.sdkman/candidates/java/8.0.333.fx-librca/jre/lib/ext/jaccess.jar
file:/root/.sdkman/candidates/java/8.0.333.fx-librca/jre/lib/ext/dnsns.jar
file:/root/.sdkman/candidates/java/8.0.333.fx-librca/jre/lib/ext/sunpkcs11.jar
file:/root/.sdkman/candidates/java/8.0.333.fx-librca/jre/lib/ext/zipfs.jar
file:/root/.sdkman/candidates/java/8.0.333.fx-librca/jre/lib/ext/jfxrt.jar
file:/root/.sdkman/candidates/java/8.0.333.fx-librca/jre/lib/ext/sunjce_provider.jar
file:/root/.sdkman/candidates/java/8.0.333.fx-librca/jre/lib/ext/nashorn.jar
[MASTER] 18:46:21.390 [logback-1] WARN  JUnitAnalyzer - Found unstable test named initializationError -> class java.lang.RuntimeException: Cannot find either the compilation target folder nor the EvoSuite jar in classpath: /tmp/EvoSuite_pathingJar5625191033822504963.jar
Going to execute: handleTestsThatAreUnstable
* Compiling Tests
** Write a test suite: 0 called: 0 to improve: false
[MASTER] 18:46:21.451 [logback-1] WARN  AgentLoader - Failed to find EvoSuite jar in current classloader. URLs of classloader:
file:/root/.sdkman/candidates/java/8.0.333.fx-librca/jre/../lib/tools.jar
file:/root/.sdkman/candidates/java/8.0.333.fx-librca/jre/lib/ext/cldrdata.jar
file:/root/.sdkman/candidates/java/8.0.333.fx-librca/jre/lib/ext/sunec.jar
file:/tmp/EvoSuite_pathingJar5625191033822504963.jar
file:/root/.sdkman/candidates/java/8.0.333.fx-librca/jre/lib/ext/localedata.jar
file:/root/.sdkman/candidates/java/8.0.333.fx-librca/jre/lib/ext/jaccess.jar
file:/root/.sdkman/candidates/java/8.0.333.fx-librca/jre/lib/ext/dnsns.jar
file:/root/.sdkman/candidates/java/8.0.333.fx-librca/jre/lib/ext/sunpkcs11.jar
file:/root/.sdkman/candidates/java/8.0.333.fx-librca/jre/lib/ext/zipfs.jar
file:/root/.sdkman/candidates/java/8.0.333.fx-librca/jre/lib/ext/jfxrt.jar
file:/root/.sdkman/candidates/java/8.0.333.fx-librca/jre/lib/ext/sunjce_provider.jar
file:/root/.sdkman/candidates/java/8.0.333.fx-librca/jre/lib/ext/nashorn.jar
[MASTER] 18:46:21.452 [logback-1] WARN  JUnitAnalyzer - Found unstable test named initializationError -> class java.lang.RuntimeException: Cannot find either the compilation target folder nor the EvoSuite jar in classpath: /tmp/EvoSuite_pathingJar5625191033822504963.jar
Going to execute: handleTestsThatAreUnstable
* Compiling Tests
** Write a test suite: 0 called: 0 to improve: false
[MASTER] 18:46:21.498 [logback-1] WARN  AgentLoader - Failed to find EvoSuite jar in current classloader. URLs of classloader:
file:/root/.sdkman/candidates/java/8.0.333.fx-librca/jre/../lib/tools.jar
file:/root/.sdkman/candidates/java/8.0.333.fx-librca/jre/lib/ext/cldrdata.jar
file:/root/.sdkman/candidates/java/8.0.333.fx-librca/jre/lib/ext/sunec.jar
file:/tmp/EvoSuite_pathingJar5625191033822504963.jar
file:/root/.sdkman/candidates/java/8.0.333.fx-librca/jre/lib/ext/localedata.jar
file:/root/.sdkman/candidates/java/8.0.333.fx-librca/jre/lib/ext/jaccess.jar
file:/root/.sdkman/candidates/java/8.0.333.fx-librca/jre/lib/ext/dnsns.jar
file:/root/.sdkman/candidates/java/8.0.333.fx-librca/jre/lib/ext/sunpkcs11.jar
file:/root/.sdkman/candidates/java/8.0.333.fx-librca/jre/lib/ext/zipfs.jar
file:/root/.sdkman/candidates/java/8.0.333.fx-librca/jre/lib/ext/jfxrt.jar
file:/root/.sdkman/candidates/java/8.0.333.fx-librca/jre/lib/ext/sunjce_provider.jar
file:/root/.sdkman/candidates/java/8.0.333.fx-librca/jre/lib/ext/nashorn.jar
[MASTER] 18:46:21.500 [logback-1] WARN  JUnitAnalyzer - Found unstable test named initializationError -> class java.lang.RuntimeException: Cannot find either the compilation target folder nor the EvoSuite jar in classpath: /tmp/EvoSuite_pathingJar5625191033822504963.jar
Going to execute: handleTestsThatAreUnstable
* Compiling Tests
** Write a test suite: 0 called: 0 to improve: false
[MASTER] 18:46:21.573 [logback-1] WARN  AgentLoader - Failed to find EvoSuite jar in current classloader. URLs of classloader:
file:/root/.sdkman/candidates/java/8.0.333.fx-librca/jre/../lib/tools.jar
file:/root/.sdkman/candidates/java/8.0.333.fx-librca/jre/lib/ext/cldrdata.jar
file:/root/.sdkman/candidates/java/8.0.333.fx-librca/jre/lib/ext/sunec.jar
file:/tmp/EvoSuite_pathingJar5625191033822504963.jar
file:/root/.sdkman/candidates/java/8.0.333.fx-librca/jre/lib/ext/localedata.jar
file:/root/.sdkman/candidates/java/8.0.333.fx-librca/jre/lib/ext/jaccess.jar
file:/root/.sdkman/candidates/java/8.0.333.fx-librca/jre/lib/ext/dnsns.jar
file:/root/.sdkman/candidates/java/8.0.333.fx-librca/jre/lib/ext/sunpkcs11.jar
file:/root/.sdkman/candidates/java/8.0.333.fx-librca/jre/lib/ext/zipfs.jar
file:/root/.sdkman/candidates/java/8.0.333.fx-librca/jre/lib/ext/jfxrt.jar
file:/root/.sdkman/candidates/java/8.0.333.fx-librca/jre/lib/ext/sunjce_provider.jar
file:/root/.sdkman/candidates/java/8.0.333.fx-librca/jre/lib/ext/nashorn.jar
[MASTER] 18:46:21.574 [logback-1] WARN  JUnitAnalyzer - Found unstable test named initializationError -> class java.lang.RuntimeException: Cannot find either the compilation target folder nor the EvoSuite jar in classpath: /tmp/EvoSuite_pathingJar5625191033822504963.jar
Going to execute: handleTestsThatAreUnstable
* Compiling Tests
** Write a test suite: 0 called: 0 to improve: false
[MASTER] 18:46:21.651 [logback-1] WARN  AgentLoader - Failed to find EvoSuite jar in current classloader. URLs of classloader:
file:/root/.sdkman/candidates/java/8.0.333.fx-librca/jre/../lib/tools.jar
file:/root/.sdkman/candidates/java/8.0.333.fx-librca/jre/lib/ext/cldrdata.jar
file:/root/.sdkman/candidates/java/8.0.333.fx-librca/jre/lib/ext/sunec.jar
file:/tmp/EvoSuite_pathingJar5625191033822504963.jar
file:/root/.sdkman/candidates/java/8.0.333.fx-librca/jre/lib/ext/localedata.jar
file:/root/.sdkman/candidates/java/8.0.333.fx-librca/jre/lib/ext/jaccess.jar
file:/root/.sdkman/candidates/java/8.0.333.fx-librca/jre/lib/ext/dnsns.jar
file:/root/.sdkman/candidates/java/8.0.333.fx-librca/jre/lib/ext/sunpkcs11.jar
file:/root/.sdkman/candidates/java/8.0.333.fx-librca/jre/lib/ext/zipfs.jar
file:/root/.sdkman/candidates/java/8.0.333.fx-librca/jre/lib/ext/jfxrt.jar
file:/root/.sdkman/candidates/java/8.0.333.fx-librca/jre/lib/ext/sunjce_provider.jar
file:/root/.sdkman/candidates/java/8.0.333.fx-librca/jre/lib/ext/nashorn.jar
Going to execute: handleTestsThatAreUnstable
* Compiling Tests
** Write a test suite: 0 called: 0 to improve: false
[MASTER] 18:46:21.652 [logback-1] WARN  JUnitAnalyzer - Found unstable test named initializationError -> class java.lang.RuntimeException: Cannot find either the compilation target folder nor the EvoSuite jar in classpath: /tmp/EvoSuite_pathingJar5625191033822504963.jar
[MASTER] 18:46:21.721 [logback-1] WARN  AgentLoader - Failed to find EvoSuite jar in current classloader. URLs of classloader:
file:/root/.sdkman/candidates/java/8.0.333.fx-librca/jre/../lib/tools.jar
file:/root/.sdkman/candidates/java/8.0.333.fx-librca/jre/lib/ext/cldrdata.jar
file:/root/.sdkman/candidates/java/8.0.333.fx-librca/jre/lib/ext/sunec.jar
file:/tmp/EvoSuite_pathingJar5625191033822504963.jar
file:/root/.sdkman/candidates/java/8.0.333.fx-librca/jre/lib/ext/localedata.jar
file:/root/.sdkman/candidates/java/8.0.333.fx-librca/jre/lib/ext/jaccess.jar
file:/root/.sdkman/candidates/java/8.0.333.fx-librca/jre/lib/ext/dnsns.jar
file:/root/.sdkman/candidates/java/8.0.333.fx-librca/jre/lib/ext/sunpkcs11.jar
file:/root/.sdkman/candidates/java/8.0.333.fx-librca/jre/lib/ext/zipfs.jar
file:/root/.sdkman/candidates/java/8.0.333.fx-librca/jre/lib/ext/jfxrt.jar
file:/root/.sdkman/candidates/java/8.0.333.fx-librca/jre/lib/ext/sunjce_provider.jar
file:/root/.sdkman/candidates/java/8.0.333.fx-librca/jre/lib/ext/nashorn.jar
[MASTER] 18:46:21.723 [logback-1] WARN  JUnitAnalyzer - Found unstable test named initializationError -> class java.lang.RuntimeException: Cannot find either the compilation target folder nor the EvoSuite jar in classpath: /tmp/EvoSuite_pathingJar5625191033822504963.jar
Going to execute: handleTestsThatAreUnstable
* Compiling Tests
** Write a test suite: 0 called: 0 to improve: false
** Write a test suite: 1 called: 1 to improve: false
** Write a test suite: 2 called: 2 to improve: false
** Write a test suite: 3 called: 3 to improve: false
** Write a test suite: 4 called: 4 to improve: false
** Write a test suite: 5 called: 5 to improve: false
[MASTER] 18:46:21.863 [logback-1] WARN  AgentLoader - Failed to find EvoSuite jar in current classloader. URLs of classloader:
file:/root/.sdkman/candidates/java/8.0.333.fx-librca/jre/../lib/tools.jar
file:/root/.sdkman/candidates/java/8.0.333.fx-librca/jre/lib/ext/cldrdata.jar
file:/root/.sdkman/candidates/java/8.0.333.fx-librca/jre/lib/ext/sunec.jar
file:/tmp/EvoSuite_pathingJar5625191033822504963.jar
file:/root/.sdkman/candidates/java/8.0.333.fx-librca/jre/lib/ext/localedata.jar
file:/root/.sdkman/candidates/java/8.0.333.fx-librca/jre/lib/ext/jaccess.jar
file:/root/.sdkman/candidates/java/8.0.333.fx-librca/jre/lib/ext/dnsns.jar
file:/root/.sdkman/candidates/java/8.0.333.fx-librca/jre/lib/ext/sunpkcs11.jar
file:/root/.sdkman/candidates/java/8.0.333.fx-librca/jre/lib/ext/zipfs.jar
file:/root/.sdkman/candidates/java/8.0.333.fx-librca/jre/lib/ext/jfxrt.jar
file:/root/.sdkman/candidates/java/8.0.333.fx-librca/jre/lib/ext/sunjce_provider.jar
file:/root/.sdkman/candidates/java/8.0.333.fx-librca/jre/lib/ext/nashorn.jar
[MASTER] 18:46:21.865 [logback-1] WARN  JUnitAnalyzer - Found unstable test named initializationError -> class java.lang.RuntimeException: Cannot find either the compilation target folder nor the EvoSuite jar in classpath: /tmp/EvoSuite_pathingJar5625191033822504963.jar
Going to execute: handleTestsThatAreUnstable
* Compiling Tests
** Write a test suite: 0 called: 0 to improve: false
** Write a test suite: 1 called: 1 to improve: false
** Write a test suite: 2 called: 2 to improve: false
** Write a test suite: 3 called: 3 to improve: false
** Write a test suite: 4 called: 4 to improve: false
** Write a test suite: 5 called: 5 to improve: false
[MASTER] 18:46:22.001 [logback-1] WARN  AgentLoader - Failed to find EvoSuite jar in current classloader. URLs of classloader:
file:/root/.sdkman/candidates/java/8.0.333.fx-librca/jre/../lib/tools.jar
file:/root/.sdkman/candidates/java/8.0.333.fx-librca/jre/lib/ext/cldrdata.jar
file:/root/.sdkman/candidates/java/8.0.333.fx-librca/jre/lib/ext/sunec.jar
file:/tmp/EvoSuite_pathingJar5625191033822504963.jar
file:/root/.sdkman/candidates/java/8.0.333.fx-librca/jre/lib/ext/localedata.jar
file:/root/.sdkman/candidates/java/8.0.333.fx-librca/jre/lib/ext/jaccess.jar
file:/root/.sdkman/candidates/java/8.0.333.fx-librca/jre/lib/ext/dnsns.jar
file:/root/.sdkman/candidates/java/8.0.333.fx-librca/jre/lib/ext/sunpkcs11.jar
file:/root/.sdkman/candidates/java/8.0.333.fx-librca/jre/lib/ext/zipfs.jar
file:/root/.sdkman/candidates/java/8.0.333.fx-librca/jre/lib/ext/jfxrt.jar
file:/root/.sdkman/candidates/java/8.0.333.fx-librca/jre/lib/ext/sunjce_provider.jar
file:/root/.sdkman/candidates/java/8.0.333.fx-librca/jre/lib/ext/nashorn.jar
[MASTER] 18:46:22.003 [logback-1] WARN  JUnitAnalyzer - Found unstable test named initializationError -> class java.lang.RuntimeException: Cannot find either the compilation target folder nor the EvoSuite jar in classpath: /tmp/EvoSuite_pathingJar5625191033822504963.jar
* Writing tests to file
[MASTER] 18:46:22.007 [logback-1] WARN  TimeController - Already entered in phase: JUNIT_CHECK. This will mess up the timing calculations.
* Writing JUnit test case 'ExtrasPatternParser_ESTest' to evosuite-tests
** Write a test suite: 0 called: 0 to improve: false
** Write a test suite: 2 called: 1 to improve: false
** Write a test suite: 4 called: 2 to improve: false
** Write a test suite: 5 called: 3 to improve: false
* Writing JUnit test case 'ExtrasPatternParser_Original_ESTest' to evosuite-tests
** Write a test suite: 0 called: 0 to improve: false
** Write a test suite: 1 called: 1 to improve: false
** Write a test suite: 2 called: 2 to improve: false
** Write a test suite: 3 called: 3 to improve: false
** Write a test suite: 4 called: 4 to improve: false
** Write a test suite: 5 called: 5 to improve: false
* Done!

* Computation finished
