* EvoSuite 1.0.0-SNAPSHOT
* Going to generate test cases for class: net.sourceforge.ext4j.log.log4j.ExtrasPatternParser
* Starting Client-0
* Properties loaded from /home/roham/Results-Utestgen/dataset/SF110-new-res/71_ext4j/evosuite-files/evosuite.properties
* Connecting to master process on port 12323
* Analyzing classpath: 
* Inheritance tree loaded from evosuite-files/inheritance.xml.gz
* Finished analyzing classpath
* Generating tests for class net.sourceforge.ext4j.log.log4j.ExtrasPatternParser
* Test criteria:
  - Branch Coverage
  - Line Coverage
  - Method-Output Coverage
  - Top-Level Method Coverage
  - Context Branch Coverage
* Total number of test goals for DYNAMOSA: 38
* Using seed 1710287519635
[Progress:>                             0%] [Cov:>                                  0%]* Starting evolution
* Initial Number of Goals in DynaMOSA = 7 / 38
[Progress:>                             0%] [Cov:===============================>   89%][Progress:>                             0%] [Cov:================================>  94%][Progress:>                             0%] [Cov:===================================100%]
* Search finished after 1s and 2 generations, 3510 statements, best individual has fitness: 0.0
* Generated before the refinement 6 tests with total length 12
statement is: net.sourceforge.ext4j.log.log4j.ExtrasPatternParser(Ljava/lang/String;)V type is: class org.evosuite.testcase.statements.ConstructorStatement return type class net.sourceforge.ext4j.log.log4j.ExtrasPatternParser
statement code is: ExtrasPatternParser extrasPatternParser = new ExtrasPatternParser("")
statement is: finalizeConverter(C)V type is: class org.evosuite.testcase.statements.MethodStatement return type void
statement code is: extrasPatternParser.finalizeConverter('^')
test data is: ExtrasPatternParser extrasPatternParser = new ExtrasPatternParser("");
extrasPatternParser.finalizeConverter('^');

** It was a parseable test case! 
Improved test data is: class DummyClass {
    public static void main() {
        ExtrasPatternParser extrasPatternParser = new ExtrasPatternParser("");
        extrasPatternParser.finalizeConverter(0x2c);
    }
}
statement is: ExtrasPatternParser extrasPatternParser = new ExtrasPatternParser(""), class spoon.support.reflect.code.CtLocalVariableImpl
class spoon.support.reflect.code.CtConstructorCallImpl
statement is: extrasPatternParser.finalizeConverter(0x2c), class spoon.support.reflect.code.CtInvocationImpl
invocation is: extrasPatternParser.finalizeConverter(0x2c) target is: extrasPatternParser method is: finalizeConverter(int)
source statement: net.sourceforge.ext4j.log.log4j.ExtrasPatternParser(Ljava/lang/String;)V callee: VariableReference: Statement 0, type net.sourceforge.ext4j.log.log4j.ExtrasPatternParserindex is: 1
Matched Method is: finalizeConverter(C)V
TestCase is: String string = "";
ExtrasPatternParser extrasPatternParser = new ExtrasPatternParser(string);
int _int = 44;
((ExtrasPatternParser) string).finalizeConverter((char) _int);

statement is: net.sourceforge.ext4j.log.log4j.ExtrasPatternParser(Ljava/lang/String;)V type is: class org.evosuite.testcase.statements.ConstructorStatement return type class net.sourceforge.ext4j.log.log4j.ExtrasPatternParser
statement code is: ExtrasPatternParser extrasPatternParser = new ExtrasPatternParser("")
statement is: finalizeConverter(C)V type is: class org.evosuite.testcase.statements.MethodStatement return type void
statement code is: extrasPatternParser.finalizeConverter('s')
test data is: ExtrasPatternParser extrasPatternParser = new ExtrasPatternParser("");
extrasPatternParser.finalizeConverter('s');

** It was a parseable test case! 
Improved test data is: class DummyClass {
    public static void main() {
        ExtrasPatternParser extrasPatternParser = new ExtrasPatternParser("");
        extrasPatternParser.finalizeConverter('S');// Note the uppercase 'S' to make it more descriptive }}

    }
}
statement is: ExtrasPatternParser extrasPatternParser = new ExtrasPatternParser(""), class spoon.support.reflect.code.CtLocalVariableImpl
class spoon.support.reflect.code.CtConstructorCallImpl
statement is: extrasPatternParser.finalizeConverter('S')// Note the uppercase 'S' to make it more descriptive }}
, class spoon.support.reflect.code.CtInvocationImpl
invocation is: extrasPatternParser.finalizeConverter('S')// Note the uppercase 'S' to make it more descriptive }}
 target is: extrasPatternParser method is: finalizeConverter(char)
source statement: net.sourceforge.ext4j.log.log4j.ExtrasPatternParser(Ljava/lang/String;)V callee: VariableReference: Statement 0, type net.sourceforge.ext4j.log.log4j.ExtrasPatternParserindex is: 1
Matched Method is: finalizeConverter(C)V
TestCase is: String string = "";
ExtrasPatternParser extrasPatternParser = new ExtrasPatternParser(string);
char _char = 'S';
((ExtrasPatternParser) string).finalizeConverter(_char);

statement is: net.sourceforge.ext4j.log.log4j.ExtrasPatternParser(Ljava/lang/String;)V type is: class org.evosuite.testcase.statements.ConstructorStatement return type class net.sourceforge.ext4j.log.log4j.ExtrasPatternParser
statement code is: ExtrasPatternParser extrasPatternParser = new ExtrasPatternParser("")
statement is: finalizeConverter(C)V type is: class org.evosuite.testcase.statements.MethodStatement return type void
statement code is: extrasPatternParser.finalizeConverter('i')
test data is: ExtrasPatternParser extrasPatternParser = new ExtrasPatternParser("");
extrasPatternParser.finalizeConverter('i');

** It was a parseable test case! 
Improved test data is: class DummyClass {
    public static void main() {
        ExtrasPatternParser extrasPatternParser = new ExtrasPatternParser("");
        extrasPatternParser.finalizeConverter('I');
    }
}
statement is: ExtrasPatternParser extrasPatternParser = new ExtrasPatternParser(""), class spoon.support.reflect.code.CtLocalVariableImpl
class spoon.support.reflect.code.CtConstructorCallImpl
statement is: extrasPatternParser.finalizeConverter('I'), class spoon.support.reflect.code.CtInvocationImpl
invocation is: extrasPatternParser.finalizeConverter('I') target is: extrasPatternParser method is: finalizeConverter(char)
source statement: net.sourceforge.ext4j.log.log4j.ExtrasPatternParser(Ljava/lang/String;)V callee: VariableReference: Statement 0, type net.sourceforge.ext4j.log.log4j.ExtrasPatternParserindex is: 1
Matched Method is: finalizeConverter(C)V
TestCase is: String string = "";
ExtrasPatternParser extrasPatternParser = new ExtrasPatternParser(string);
char _char = 'I';
((ExtrasPatternParser) string).finalizeConverter(_char);

statement is: net.sourceforge.ext4j.log.log4j.ExtrasPatternParser(Ljava/lang/String;)V type is: class org.evosuite.testcase.statements.ConstructorStatement return type class net.sourceforge.ext4j.log.log4j.ExtrasPatternParser
statement code is: ExtrasPatternParser extrasPatternParser = new ExtrasPatternParser("n sBA7N-wq")
statement is: finalizeConverter(C)V type is: class org.evosuite.testcase.statements.MethodStatement return type void
statement code is: extrasPatternParser.finalizeConverter('u')
test data is: ExtrasPatternParser extrasPatternParser = new ExtrasPatternParser("n sBA7N-wq");
extrasPatternParser.finalizeConverter('u');

** It was a parseable test case! 
Improved test data is: class DummyClass {
    public static void main() {
        ExtrasPatternParser extrasPatternParser = new ExtrasPatternParser("n sBA7N-wq");
        extrasPatternParser.finalizeConverter('u');
        // Test data for the input string "n sBA7N-wq"
        String inputString = "n sBA7N-wq";
        // Test data for the expected output string
        String expectedOutputString = "n sBA7N-wq";
    }
}
statement is: ExtrasPatternParser extrasPatternParser = new ExtrasPatternParser("n sBA7N-wq"), class spoon.support.reflect.code.CtLocalVariableImpl
class spoon.support.reflect.code.CtConstructorCallImpl
statement is: extrasPatternParser.finalizeConverter('u'), class spoon.support.reflect.code.CtInvocationImpl
invocation is: extrasPatternParser.finalizeConverter('u') target is: extrasPatternParser method is: finalizeConverter(char)
source statement: net.sourceforge.ext4j.log.log4j.ExtrasPatternParser(Ljava/lang/String;)V callee: VariableReference: Statement 0, type net.sourceforge.ext4j.log.log4j.ExtrasPatternParserindex is: 1
Matched Method is: finalizeConverter(C)V
statement is: // Test data for the input string "n sBA7N-wq"
String inputString = "n sBA7N-wq", class spoon.support.reflect.code.CtLocalVariableImpl
class spoon.support.reflect.code.CtLiteralImpl
statement is: // Test data for the expected output string
String expectedOutputString = "n sBA7N-wq", class spoon.support.reflect.code.CtLocalVariableImpl
class spoon.support.reflect.code.CtLiteralImpl
* this is vulnerable: String string = "n sBA7N-wq"
* this is vulnerable: String string = "n sBA7N-wq"
TestCase is: String string = "n sBA7N-wq";
ExtrasPatternParser extrasPatternParser = new ExtrasPatternParser(string);
char _char = 'u';
((ExtrasPatternParser) string).finalizeConverter(_char);
String string = "n sBA7N-wq";
String string = "n sBA7N-wq";

statement is: net.sourceforge.ext4j.log.log4j.ExtrasPatternParser(Ljava/lang/String;)V type is: class org.evosuite.testcase.statements.ConstructorStatement return type class net.sourceforge.ext4j.log.log4j.ExtrasPatternParser
statement code is: ExtrasPatternParser extrasPatternParser = new ExtrasPatternParser("")
statement is: finalizeConverter(C)V type is: class org.evosuite.testcase.statements.MethodStatement return type void
statement code is: extrasPatternParser.finalizeConverter('R')
test data is: ExtrasPatternParser extrasPatternParser = new ExtrasPatternParser("");
extrasPatternParser.finalizeConverter('R');

** It was a parseable test case! 
Improved test data is: class DummyClass {
    public static void main() {
        // Improved test data
        ExtrasPatternParser extrasPatternParser = new ExtrasPatternParser("");
        extrasPatternParser.finalizeConverter(1);// 1 represents the character 'R' }}

    }
}
statement is: // Improved test data
ExtrasPatternParser extrasPatternParser = new ExtrasPatternParser(""), class spoon.support.reflect.code.CtLocalVariableImpl
class spoon.support.reflect.code.CtConstructorCallImpl
statement is: extrasPatternParser.finalizeConverter(1)// 1 represents the character 'R' }}
, class spoon.support.reflect.code.CtInvocationImpl
invocation is: extrasPatternParser.finalizeConverter(1)// 1 represents the character 'R' }}
 target is: extrasPatternParser method is: finalizeConverter(int)
source statement: net.sourceforge.ext4j.log.log4j.ExtrasPatternParser(Ljava/lang/String;)V callee: VariableReference: Statement 0, type net.sourceforge.ext4j.log.log4j.ExtrasPatternParserindex is: 1
Matched Method is: finalizeConverter(C)V
TestCase is: String string = "";
ExtrasPatternParser extrasPatternParser = new ExtrasPatternParser(string);
int _int = 1;
((ExtrasPatternParser) string).finalizeConverter((char) _int);

statement is: net.sourceforge.ext4j.log.log4j.ExtrasPatternParser(Ljava/lang/String;)V type is: class org.evosuite.testcase.statements.ConstructorStatement return type class net.sourceforge.ext4j.log.log4j.ExtrasPatternParser
statement code is: ExtrasPatternParser extrasPatternParser = new ExtrasPatternParser("wx[C|ll%cT")
statement is: finalizeConverter(C)V type is: class org.evosuite.testcase.statements.MethodStatement return type void
statement code is: extrasPatternParser.finalizeConverter('q')
test data is: ExtrasPatternParser extrasPatternParser = new ExtrasPatternParser("wx[C|ll%cT");
extrasPatternParser.finalizeConverter('q');

** It was a parseable test case! 
Improved test data is: class DummyClass {
    public static void main() {
        ExtrasPatternParser extrasPatternParser = new ExtrasPatternParser("wx[C|ll%cT");
        extrasPatternParser.finalizeConverter('Q');
    }
}
statement is: ExtrasPatternParser extrasPatternParser = new ExtrasPatternParser("wx[C|ll%cT"), class spoon.support.reflect.code.CtLocalVariableImpl
class spoon.support.reflect.code.CtConstructorCallImpl
statement is: extrasPatternParser.finalizeConverter('Q'), class spoon.support.reflect.code.CtInvocationImpl
invocation is: extrasPatternParser.finalizeConverter('Q') target is: extrasPatternParser method is: finalizeConverter(char)
source statement: net.sourceforge.ext4j.log.log4j.ExtrasPatternParser(Ljava/lang/String;)V callee: VariableReference: Statement 0, type net.sourceforge.ext4j.log.log4j.ExtrasPatternParserindex is: 1
Matched Method is: finalizeConverter(C)V
TestCase is: String string = "wx[C|ll%cT";
ExtrasPatternParser extrasPatternParser = new ExtrasPatternParser(string);
char _char = 'Q';
((ExtrasPatternParser) string).finalizeConverter(_char);

* test suite isTestSuite: 12
Test 0: 
ExtrasPatternParser extrasPatternParser = new ExtrasPatternParser("");
extrasPatternParser.finalizeConverter('^');

Test 1: 
ExtrasPatternParser extrasPatternParser = new ExtrasPatternParser("");
extrasPatternParser.finalizeConverter('s');
Test 2: 
ExtrasPatternParser extrasPatternParser = new ExtrasPatternParser("");
extrasPatternParser.finalizeConverter('i');
Test 3: 
ExtrasPatternParser extrasPatternParser = new ExtrasPatternParser("n sBA7N-wq");
extrasPatternParser.finalizeConverter('u');
Test 4: 
ExtrasPatternParser extrasPatternParser = new ExtrasPatternParser("");
extrasPatternParser.finalizeConverter('R');
Test 5: 
ExtrasPatternParser extrasPatternParser = new ExtrasPatternParser("wx[C|ll%cT");
extrasPatternParser.finalizeConverter('q');
Test 6: 
ExtrasPatternParser extrasPatternParser = new ExtrasPatternParser("");
((ExtrasPatternParser)"").finalizeConverter((char) 44);

Test 7: 
ExtrasPatternParser extrasPatternParser = new ExtrasPatternParser("");
((ExtrasPatternParser)"").finalizeConverter('S');

Test 8: 
ExtrasPatternParser extrasPatternParser = new ExtrasPatternParser("");
((ExtrasPatternParser)"").finalizeConverter('I');

Test 9: 
ExtrasPatternParser extrasPatternParser = new ExtrasPatternParser("n sBA7N-wq");
((ExtrasPatternParser)"n sBA7N-wq").finalizeConverter('u');

Test 10: 
ExtrasPatternParser extrasPatternParser = new ExtrasPatternParser("");
((ExtrasPatternParser)"").finalizeConverter((char) 1);

Test 11: 
ExtrasPatternParser extrasPatternParser = new ExtrasPatternParser("wx[C|ll%cT");
((ExtrasPatternParser)"wx[C|ll%cT").finalizeConverter('Q');


* Generated after the refinement and before minimization 12 tests with total length 24
* test suite isTestSuite: 12
Test 0: 
ExtrasPatternParser extrasPatternParser = new ExtrasPatternParser("");
extrasPatternParser.finalizeConverter('^');

Test 1: 
ExtrasPatternParser extrasPatternParser = new ExtrasPatternParser("");
extrasPatternParser.finalizeConverter('s');
Test 2: 
ExtrasPatternParser extrasPatternParser = new ExtrasPatternParser("");
extrasPatternParser.finalizeConverter('i');
Test 3: 
ExtrasPatternParser extrasPatternParser = new ExtrasPatternParser("n sBA7N-wq");
extrasPatternParser.finalizeConverter('u');
Test 4: 
ExtrasPatternParser extrasPatternParser = new ExtrasPatternParser("");
extrasPatternParser.finalizeConverter('R');
Test 5: 
ExtrasPatternParser extrasPatternParser = new ExtrasPatternParser("wx[C|ll%cT");
extrasPatternParser.finalizeConverter('q');
Test 6: 
ExtrasPatternParser extrasPatternParser = new ExtrasPatternParser("");
((ExtrasPatternParser)"").finalizeConverter((char) 44);

Test 7: 
ExtrasPatternParser extrasPatternParser = new ExtrasPatternParser("");
((ExtrasPatternParser)"").finalizeConverter('S');

Test 8: 
ExtrasPatternParser extrasPatternParser = new ExtrasPatternParser("");
((ExtrasPatternParser)"").finalizeConverter('I');

Test 9: 
ExtrasPatternParser extrasPatternParser = new ExtrasPatternParser("n sBA7N-wq");
((ExtrasPatternParser)"n sBA7N-wq").finalizeConverter('u');

Test 10: 
ExtrasPatternParser extrasPatternParser = new ExtrasPatternParser("");
((ExtrasPatternParser)"").finalizeConverter((char) 1);

Test 11: 
ExtrasPatternParser extrasPatternParser = new ExtrasPatternParser("wx[C|ll%cT");
((ExtrasPatternParser)"wx[C|ll%cT").finalizeConverter('Q');


* Minimizing test suite
* test suite isTestSuite: 6
Test 0: 
ExtrasPatternParser extrasPatternParser = new ExtrasPatternParser("");
extrasPatternParser.finalizeConverter('^');

Test 1: 
ExtrasPatternParser extrasPatternParser = new ExtrasPatternParser("");
extrasPatternParser.finalizeConverter('s');
Test 2: 
ExtrasPatternParser extrasPatternParser = new ExtrasPatternParser("");
extrasPatternParser.finalizeConverter('i');
Test 3: 
ExtrasPatternParser extrasPatternParser = new ExtrasPatternParser("n sBA7N-wq");
extrasPatternParser.finalizeConverter('u');
Test 4: 
ExtrasPatternParser extrasPatternParser = new ExtrasPatternParser("");
extrasPatternParser.finalizeConverter('R');
Test 5: 
ExtrasPatternParser extrasPatternParser = new ExtrasPatternParser("wx[C|ll%cT");
extrasPatternParser.finalizeConverter('q');

* Going to analyze the coverage criteria
* Coverage analysis for criterion BRANCH
* Coverage of criterion BRANCH: 100%
* Total number of goals: 11
* Number of covered goals: 11
* Coverage analysis for criterion LINE
* Coverage of criterion LINE: 100%
* Total number of goals: 14
* Number of covered goals: 14
* Coverage analysis for criterion OUTPUT
* Coverage of criterion OUTPUT: 100% (no goals)
* Coverage analysis for criterion METHOD
* Coverage of criterion METHOD: 100%
* Total number of goals: 2
* Number of covered goals: 2
* Coverage analysis for criterion CBRANCH
* Coverage of criterion CBRANCH: 100%
* Total number of goals: 11
* Number of covered goals: 11
* Generated 6 tests with total length 12
* Resulting test suite's coverage: 100% (average coverage for all fitness functions)
* Generating assertions
* Resulting test suite's mutation score: 0%
* Compiling and checking tests
Going to execute: removeTestsThatDoNotCompile
* Compiling Tests
** Write a test suite: 0 called: 0 to improve: false
* Compiling Tests
** Write a test suite: 0 called: 0 to improve: true
** Improve Understandability: ** Test Code is: ExtrasPatternParser extrasPatternParser = new ExtrasPatternParser("");
extrasPatternParser.finalizeConverter('^');

** It was a parseable test case! 
refined test name is: testParseExtrasPatternStartingWithCaret
* Compiling Tests
** Write a test suite: 0 called: 0 to improve: false
* Compiling Tests
** Write a test suite: 0 called: 0 to improve: true
** Improve Understandability: ** Test Code is: ExtrasPatternParser extrasPatternParser = new ExtrasPatternParser("");
extrasPatternParser.finalizeConverter('s');

** It was a parseable test case! 
refined test name is: testFinalizeConverterWithSingleQuote
* Compiling Tests
** Write a test suite: 0 called: 0 to improve: false
* Compiling Tests
** Write a test suite: 0 called: 0 to improve: true
** Improve Understandability: ** Test Code is: ExtrasPatternParser extrasPatternParser = new ExtrasPatternParser("");
extrasPatternParser.finalizeConverter('i');

** It was a parseable test case! 
refined test name is: testFinalizeConverterWithICharacter
* Compiling Tests
refined test name is: testFinalizeConverterWithIArgumentReturnsIChar
* Compiling Tests
** Write a test suite: 0 called: 0 to improve: false
* Compiling Tests
** Write a test suite: 0 called: 0 to improve: true
** Improve Understandability: ** Test Code is: ExtrasPatternParser extrasPatternParser = new ExtrasPatternParser("n sBA7N-wq");
extrasPatternParser.finalizeConverter('u');

** It was a parseable test case! 
refined test name is: testFinalizeConverter
* Compiling Tests
** Write a test suite: 0 called: 0 to improve: false
* Compiling Tests
** Write a test suite: 0 called: 0 to improve: true
** Improve Understandability: ** Test Code is: ExtrasPatternParser extrasPatternParser = new ExtrasPatternParser("");
extrasPatternParser.finalizeConverter('R');

** It was a parseable test case! 
refined test name is: testFinalizeConverterReturnsUppercaseCharacter
* Compiling Tests
refined test name is: testFinalizeConvertershouldReturnCorrectCharacter
* Compiling Tests
** Write a test suite: 0 called: 0 to improve: false
* Compiling Tests
** Write a test suite: 0 called: 0 to improve: true
** Improve Understandability: ** Test Code is: ExtrasPatternParser extrasPatternParser = new ExtrasPatternParser("wx[C|ll%cT");
extrasPatternParser.finalizeConverter('q');

** It was a parseable test case! 
refined test name is: testFinalizeConverterWithC
* Compiling Tests
refined test name is: testFinalizeConverterWithQArgument
Going to execute: handleTestsThatAreUnstable
* Compiling Tests
[MASTER] 00:10:58.292 [logback-1] WARN  AgentLoader - Failed to find EvoSuite jar in current classloader. URLs of classloader:
file:/root/.sdkman/candidates/java/8.0.333.fx-librca/jre/../lib/tools.jar
file:/root/.sdkman/candidates/java/8.0.333.fx-librca/jre/lib/ext/cldrdata.jar
file:/root/.sdkman/candidates/java/8.0.333.fx-librca/jre/lib/ext/sunec.jar
file:/tmp/EvoSuite_pathingJar7834774661317924249.jar
file:/root/.sdkman/candidates/java/8.0.333.fx-librca/jre/lib/ext/localedata.jar
file:/root/.sdkman/candidates/java/8.0.333.fx-librca/jre/lib/ext/jaccess.jar
file:/root/.sdkman/candidates/java/8.0.333.fx-librca/jre/lib/ext/dnsns.jar
file:/root/.sdkman/candidates/java/8.0.333.fx-librca/jre/lib/ext/sunpkcs11.jar
file:/root/.sdkman/candidates/java/8.0.333.fx-librca/jre/lib/ext/zipfs.jar
file:/root/.sdkman/candidates/java/8.0.333.fx-librca/jre/lib/ext/jfxrt.jar
file:/root/.sdkman/candidates/java/8.0.333.fx-librca/jre/lib/ext/sunjce_provider.jar
file:/root/.sdkman/candidates/java/8.0.333.fx-librca/jre/lib/ext/nashorn.jar
[MASTER] 00:10:58.327 [logback-1] WARN  JUnitAnalyzer - Found unstable test named initializationError -> class java.lang.RuntimeException: Cannot find either the compilation target folder nor the EvoSuite jar in classpath: /tmp/EvoSuite_pathingJar7834774661317924249.jar
Going to execute: handleTestsThatAreUnstable
* Compiling Tests
[MASTER] 00:10:58.388 [logback-1] WARN  AgentLoader - Failed to find EvoSuite jar in current classloader. URLs of classloader:
file:/root/.sdkman/candidates/java/8.0.333.fx-librca/jre/../lib/tools.jar
file:/root/.sdkman/candidates/java/8.0.333.fx-librca/jre/lib/ext/cldrdata.jar
file:/root/.sdkman/candidates/java/8.0.333.fx-librca/jre/lib/ext/sunec.jar
file:/tmp/EvoSuite_pathingJar7834774661317924249.jar
file:/root/.sdkman/candidates/java/8.0.333.fx-librca/jre/lib/ext/localedata.jar
file:/root/.sdkman/candidates/java/8.0.333.fx-librca/jre/lib/ext/jaccess.jar
file:/root/.sdkman/candidates/java/8.0.333.fx-librca/jre/lib/ext/dnsns.jar
file:/root/.sdkman/candidates/java/8.0.333.fx-librca/jre/lib/ext/sunpkcs11.jar
file:/root/.sdkman/candidates/java/8.0.333.fx-librca/jre/lib/ext/zipfs.jar
file:/root/.sdkman/candidates/java/8.0.333.fx-librca/jre/lib/ext/jfxrt.jar
file:/root/.sdkman/candidates/java/8.0.333.fx-librca/jre/lib/ext/sunjce_provider.jar
file:/root/.sdkman/candidates/java/8.0.333.fx-librca/jre/lib/ext/nashorn.jar
Going to execute: handleTestsThatAreUnstable
* Compiling Tests
** Write a test suite: 0 called: 0 to improve: false
[MASTER] 00:10:58.389 [logback-1] WARN  JUnitAnalyzer - Found unstable test named initializationError -> class java.lang.RuntimeException: Cannot find either the compilation target folder nor the EvoSuite jar in classpath: /tmp/EvoSuite_pathingJar7834774661317924249.jar
[MASTER] 00:10:58.452 [logback-1] WARN  AgentLoader - Failed to find EvoSuite jar in current classloader. URLs of classloader:
file:/root/.sdkman/candidates/java/8.0.333.fx-librca/jre/../lib/tools.jar
file:/root/.sdkman/candidates/java/8.0.333.fx-librca/jre/lib/ext/cldrdata.jar
file:/root/.sdkman/candidates/java/8.0.333.fx-librca/jre/lib/ext/sunec.jar
file:/tmp/EvoSuite_pathingJar7834774661317924249.jar
file:/root/.sdkman/candidates/java/8.0.333.fx-librca/jre/lib/ext/localedata.jar
file:/root/.sdkman/candidates/java/8.0.333.fx-librca/jre/lib/ext/jaccess.jar
file:/root/.sdkman/candidates/java/8.0.333.fx-librca/jre/lib/ext/dnsns.jar
file:/root/.sdkman/candidates/java/8.0.333.fx-librca/jre/lib/ext/sunpkcs11.jar
file:/root/.sdkman/candidates/java/8.0.333.fx-librca/jre/lib/ext/zipfs.jar
file:/root/.sdkman/candidates/java/8.0.333.fx-librca/jre/lib/ext/jfxrt.jar
file:/root/.sdkman/candidates/java/8.0.333.fx-librca/jre/lib/ext/sunjce_provider.jar
file:/root/.sdkman/candidates/java/8.0.333.fx-librca/jre/lib/ext/nashorn.jar
Going to execute: handleTestsThatAreUnstable
* Compiling Tests
[MASTER] 00:10:58.454 [logback-1] WARN  JUnitAnalyzer - Found unstable test named initializationError -> class java.lang.RuntimeException: Cannot find either the compilation target folder nor the EvoSuite jar in classpath: /tmp/EvoSuite_pathingJar7834774661317924249.jar
[MASTER] 00:10:58.537 [logback-1] WARN  AgentLoader - Failed to find EvoSuite jar in current classloader. URLs of classloader:
file:/root/.sdkman/candidates/java/8.0.333.fx-librca/jre/../lib/tools.jar
file:/root/.sdkman/candidates/java/8.0.333.fx-librca/jre/lib/ext/cldrdata.jar
file:/root/.sdkman/candidates/java/8.0.333.fx-librca/jre/lib/ext/sunec.jar
file:/tmp/EvoSuite_pathingJar7834774661317924249.jar
file:/root/.sdkman/candidates/java/8.0.333.fx-librca/jre/lib/ext/localedata.jar
file:/root/.sdkman/candidates/java/8.0.333.fx-librca/jre/lib/ext/jaccess.jar
file:/root/.sdkman/candidates/java/8.0.333.fx-librca/jre/lib/ext/dnsns.jar
file:/root/.sdkman/candidates/java/8.0.333.fx-librca/jre/lib/ext/sunpkcs11.jar
file:/root/.sdkman/candidates/java/8.0.333.fx-librca/jre/lib/ext/zipfs.jar
file:/root/.sdkman/candidates/java/8.0.333.fx-librca/jre/lib/ext/jfxrt.jar
file:/root/.sdkman/candidates/java/8.0.333.fx-librca/jre/lib/ext/sunjce_provider.jar
file:/root/.sdkman/candidates/java/8.0.333.fx-librca/jre/lib/ext/nashorn.jar
[MASTER] 00:10:58.538 [logback-1] WARN  JUnitAnalyzer - Found unstable test named initializationError -> class java.lang.RuntimeException: Cannot find either the compilation target folder nor the EvoSuite jar in classpath: /tmp/EvoSuite_pathingJar7834774661317924249.jar
Going to execute: handleTestsThatAreUnstable
* Compiling Tests
** Write a test suite: 0 called: 0 to improve: false
[MASTER] 00:10:58.625 [logback-1] WARN  AgentLoader - Failed to find EvoSuite jar in current classloader. URLs of classloader:
file:/root/.sdkman/candidates/java/8.0.333.fx-librca/jre/../lib/tools.jar
file:/root/.sdkman/candidates/java/8.0.333.fx-librca/jre/lib/ext/cldrdata.jar
file:/root/.sdkman/candidates/java/8.0.333.fx-librca/jre/lib/ext/sunec.jar
file:/tmp/EvoSuite_pathingJar7834774661317924249.jar
file:/root/.sdkman/candidates/java/8.0.333.fx-librca/jre/lib/ext/localedata.jar
file:/root/.sdkman/candidates/java/8.0.333.fx-librca/jre/lib/ext/jaccess.jar
file:/root/.sdkman/candidates/java/8.0.333.fx-librca/jre/lib/ext/dnsns.jar
file:/root/.sdkman/candidates/java/8.0.333.fx-librca/jre/lib/ext/sunpkcs11.jar
file:/root/.sdkman/candidates/java/8.0.333.fx-librca/jre/lib/ext/zipfs.jar
file:/root/.sdkman/candidates/java/8.0.333.fx-librca/jre/lib/ext/jfxrt.jar
file:/root/.sdkman/candidates/java/8.0.333.fx-librca/jre/lib/ext/sunjce_provider.jar
file:/root/.sdkman/candidates/java/8.0.333.fx-librca/jre/lib/ext/nashorn.jar
Going to execute: handleTestsThatAreUnstable
* Compiling Tests
** Write a test suite: 0 called: 0 to improve: false
[MASTER] 00:10:58.626 [logback-1] WARN  JUnitAnalyzer - Found unstable test named initializationError -> class java.lang.RuntimeException: Cannot find either the compilation target folder nor the EvoSuite jar in classpath: /tmp/EvoSuite_pathingJar7834774661317924249.jar
[MASTER] 00:10:58.721 [logback-1] WARN  AgentLoader - Failed to find EvoSuite jar in current classloader. URLs of classloader:
file:/root/.sdkman/candidates/java/8.0.333.fx-librca/jre/../lib/tools.jar
file:/root/.sdkman/candidates/java/8.0.333.fx-librca/jre/lib/ext/cldrdata.jar
file:/root/.sdkman/candidates/java/8.0.333.fx-librca/jre/lib/ext/sunec.jar
file:/tmp/EvoSuite_pathingJar7834774661317924249.jar
file:/root/.sdkman/candidates/java/8.0.333.fx-librca/jre/lib/ext/localedata.jar
file:/root/.sdkman/candidates/java/8.0.333.fx-librca/jre/lib/ext/jaccess.jar
file:/root/.sdkman/candidates/java/8.0.333.fx-librca/jre/lib/ext/dnsns.jar
file:/root/.sdkman/candidates/java/8.0.333.fx-librca/jre/lib/ext/sunpkcs11.jar
file:/root/.sdkman/candidates/java/8.0.333.fx-librca/jre/lib/ext/zipfs.jar
file:/root/.sdkman/candidates/java/8.0.333.fx-librca/jre/lib/ext/jfxrt.jar
file:/root/.sdkman/candidates/java/8.0.333.fx-librca/jre/lib/ext/sunjce_provider.jar
file:/root/.sdkman/candidates/java/8.0.333.fx-librca/jre/lib/ext/nashorn.jar
Going to execute: handleTestsThatAreUnstable
* Compiling Tests
[MASTER] 00:10:58.723 [logback-1] WARN  JUnitAnalyzer - Found unstable test named initializationError -> class java.lang.RuntimeException: Cannot find either the compilation target folder nor the EvoSuite jar in classpath: /tmp/EvoSuite_pathingJar7834774661317924249.jar
** Write a test suite: 2 called: 0 to improve: false
** Write a test suite: 4 called: 1 to improve: false
** Write a test suite: 5 called: 2 to improve: false
[MASTER] 00:10:58.838 [logback-1] WARN  AgentLoader - Failed to find EvoSuite jar in current classloader. URLs of classloader:
file:/root/.sdkman/candidates/java/8.0.333.fx-librca/jre/../lib/tools.jar
file:/root/.sdkman/candidates/java/8.0.333.fx-librca/jre/lib/ext/cldrdata.jar
file:/root/.sdkman/candidates/java/8.0.333.fx-librca/jre/lib/ext/sunec.jar
file:/tmp/EvoSuite_pathingJar7834774661317924249.jar
file:/root/.sdkman/candidates/java/8.0.333.fx-librca/jre/lib/ext/localedata.jar
file:/root/.sdkman/candidates/java/8.0.333.fx-librca/jre/lib/ext/jaccess.jar
file:/root/.sdkman/candidates/java/8.0.333.fx-librca/jre/lib/ext/dnsns.jar
file:/root/.sdkman/candidates/java/8.0.333.fx-librca/jre/lib/ext/sunpkcs11.jar
file:/root/.sdkman/candidates/java/8.0.333.fx-librca/jre/lib/ext/zipfs.jar
file:/root/.sdkman/candidates/java/8.0.333.fx-librca/jre/lib/ext/jfxrt.jar
file:/root/.sdkman/candidates/java/8.0.333.fx-librca/jre/lib/ext/sunjce_provider.jar
file:/root/.sdkman/candidates/java/8.0.333.fx-librca/jre/lib/ext/nashorn.jar
Going to execute: handleTestsThatAreUnstable
* Compiling Tests
[MASTER] 00:10:58.839 [logback-1] WARN  JUnitAnalyzer - Found unstable test named initializationError -> class java.lang.RuntimeException: Cannot find either the compilation target folder nor the EvoSuite jar in classpath: /tmp/EvoSuite_pathingJar7834774661317924249.jar
** Write a test suite: 0 called: 0 to improve: false
** Write a test suite: 1 called: 1 to improve: false
** Write a test suite: 3 called: 2 to improve: false
[MASTER] 00:10:58.957 [logback-1] WARN  AgentLoader - Failed to find EvoSuite jar in current classloader. URLs of classloader:
file:/root/.sdkman/candidates/java/8.0.333.fx-librca/jre/../lib/tools.jar
file:/root/.sdkman/candidates/java/8.0.333.fx-librca/jre/lib/ext/cldrdata.jar
file:/root/.sdkman/candidates/java/8.0.333.fx-librca/jre/lib/ext/sunec.jar
file:/tmp/EvoSuite_pathingJar7834774661317924249.jar
file:/root/.sdkman/candidates/java/8.0.333.fx-librca/jre/lib/ext/localedata.jar
file:/root/.sdkman/candidates/java/8.0.333.fx-librca/jre/lib/ext/jaccess.jar
file:/root/.sdkman/candidates/java/8.0.333.fx-librca/jre/lib/ext/dnsns.jar
file:/root/.sdkman/candidates/java/8.0.333.fx-librca/jre/lib/ext/sunpkcs11.jar
file:/root/.sdkman/candidates/java/8.0.333.fx-librca/jre/lib/ext/zipfs.jar
file:/root/.sdkman/candidates/java/8.0.333.fx-librca/jre/lib/ext/jfxrt.jar
file:/root/.sdkman/candidates/java/8.0.333.fx-librca/jre/lib/ext/sunjce_provider.jar
file:/root/.sdkman/candidates/java/8.0.333.fx-librca/jre/lib/ext/nashorn.jar
[MASTER] 00:10:58.958 [logback-1] WARN  JUnitAnalyzer - Found unstable test named initializationError -> class java.lang.RuntimeException: Cannot find either the compilation target folder nor the EvoSuite jar in classpath: /tmp/EvoSuite_pathingJar7834774661317924249.jar
[MASTER] 00:10:59.028 [logback-1] WARN  TimeController - Already entered in phase: INLINING. This will mess up the timing calculations.
* test suite isTestSuite: 6
Test 0: 
ExtrasPatternParser extrasPatternParser = new ExtrasPatternParser("");
extrasPatternParser.finalizeConverter('^');

Test 1: 
ExtrasPatternParser extrasPatternParser = new ExtrasPatternParser("");
extrasPatternParser.finalizeConverter('s');
Test 2: 
ExtrasPatternParser extrasPatternParser = new ExtrasPatternParser("");
extrasPatternParser.finalizeConverter('i');
Test 3: 
ExtrasPatternParser extrasPatternParser = new ExtrasPatternParser("n sBA7N-wq");
extrasPatternParser.finalizeConverter('u');
Test 4: 
ExtrasPatternParser extrasPatternParser = new ExtrasPatternParser("");
extrasPatternParser.finalizeConverter('R');
Test 5: 
ExtrasPatternParser extrasPatternParser = new ExtrasPatternParser("wx[C|ll%cT");
extrasPatternParser.finalizeConverter('q');

* Minimizing test suite
* test suite isTestSuite: 6
Test 0: 
ExtrasPatternParser extrasPatternParser = new ExtrasPatternParser("");
extrasPatternParser.finalizeConverter('^');

Test 1: 
ExtrasPatternParser extrasPatternParser = new ExtrasPatternParser("");
extrasPatternParser.finalizeConverter('s');
Test 2: 
ExtrasPatternParser extrasPatternParser = new ExtrasPatternParser("");
extrasPatternParser.finalizeConverter('i');
Test 3: 
ExtrasPatternParser extrasPatternParser = new ExtrasPatternParser("n sBA7N-wq");
extrasPatternParser.finalizeConverter('u');
Test 4: 
ExtrasPatternParser extrasPatternParser = new ExtrasPatternParser("");
extrasPatternParser.finalizeConverter('R');
Test 5: 
ExtrasPatternParser extrasPatternParser = new ExtrasPatternParser("wx[C|ll%cT");
extrasPatternParser.finalizeConverter('q');

[MASTER] 00:10:59.797 [logback-1] WARN  TimeController - Already entered in phase: MINIMIZATION. This will mess up the timing calculations.
* Going to analyze the coverage criteria
* Coverage analysis for criterion BRANCH
* Coverage of criterion BRANCH: 100%
* Total number of goals: 11
* Number of covered goals: 11
* Coverage analysis for criterion LINE
* Coverage of criterion LINE: 100%
* Total number of goals: 14
* Number of covered goals: 14
* Coverage analysis for criterion OUTPUT
* Coverage of criterion OUTPUT: 100% (no goals)
* Coverage analysis for criterion METHOD
* Coverage of criterion METHOD: 100%
* Total number of goals: 2
* Number of covered goals: 2
* Coverage analysis for criterion CBRANCH
* Coverage of criterion CBRANCH: 100%
* Total number of goals: 11
* Number of covered goals: 11
* Generated 6 tests with total length 12
* Resulting test suite's coverage: 100% (average coverage for all fitness functions)
* Generating assertions
[MASTER] 00:10:59.832 [logback-1] WARN  TimeController - Already entered in phase: COVERAGE_ANALYSIS. This will mess up the timing calculations.
* Resulting test suite's mutation score: 0%
* Compiling and checking tests
[MASTER] 00:11:00.559 [logback-1] WARN  TimeController - Already entered in phase: ASSERTION_GENERATION. This will mess up the timing calculations.
Going to execute: removeTestsThatDoNotCompile
* Compiling Tests
** Write a test suite: 0 called: 0 to improve: false
* Compiling Tests
** Write a test suite: 0 called: 0 to improve: false
* Compiling Tests
** Write a test suite: 0 called: 0 to improve: false
* Compiling Tests
** Write a test suite: 0 called: 0 to improve: false
* Compiling Tests
** Write a test suite: 0 called: 0 to improve: false
* Compiling Tests
** Write a test suite: 0 called: 0 to improve: false
Going to execute: handleTestsThatAreUnstable
* Compiling Tests
** Write a test suite: 0 called: 0 to improve: false
[MASTER] 00:11:00.934 [logback-1] WARN  AgentLoader - Failed to find EvoSuite jar in current classloader. URLs of classloader:
file:/root/.sdkman/candidates/java/8.0.333.fx-librca/jre/../lib/tools.jar
file:/root/.sdkman/candidates/java/8.0.333.fx-librca/jre/lib/ext/cldrdata.jar
file:/root/.sdkman/candidates/java/8.0.333.fx-librca/jre/lib/ext/sunec.jar
file:/tmp/EvoSuite_pathingJar7834774661317924249.jar
file:/root/.sdkman/candidates/java/8.0.333.fx-librca/jre/lib/ext/localedata.jar
file:/root/.sdkman/candidates/java/8.0.333.fx-librca/jre/lib/ext/jaccess.jar
file:/root/.sdkman/candidates/java/8.0.333.fx-librca/jre/lib/ext/dnsns.jar
file:/root/.sdkman/candidates/java/8.0.333.fx-librca/jre/lib/ext/sunpkcs11.jar
file:/root/.sdkman/candidates/java/8.0.333.fx-librca/jre/lib/ext/zipfs.jar
file:/root/.sdkman/candidates/java/8.0.333.fx-librca/jre/lib/ext/jfxrt.jar
file:/root/.sdkman/candidates/java/8.0.333.fx-librca/jre/lib/ext/sunjce_provider.jar
file:/root/.sdkman/candidates/java/8.0.333.fx-librca/jre/lib/ext/nashorn.jar
[MASTER] 00:11:00.937 [logback-1] WARN  JUnitAnalyzer - Found unstable test named initializationError -> class java.lang.RuntimeException: Cannot find either the compilation target folder nor the EvoSuite jar in classpath: /tmp/EvoSuite_pathingJar7834774661317924249.jar
Going to execute: handleTestsThatAreUnstable
* Compiling Tests
** Write a test suite: 0 called: 0 to improve: false
[MASTER] 00:11:00.996 [logback-1] WARN  AgentLoader - Failed to find EvoSuite jar in current classloader. URLs of classloader:
file:/root/.sdkman/candidates/java/8.0.333.fx-librca/jre/../lib/tools.jar
file:/root/.sdkman/candidates/java/8.0.333.fx-librca/jre/lib/ext/cldrdata.jar
file:/root/.sdkman/candidates/java/8.0.333.fx-librca/jre/lib/ext/sunec.jar
file:/tmp/EvoSuite_pathingJar7834774661317924249.jar
file:/root/.sdkman/candidates/java/8.0.333.fx-librca/jre/lib/ext/localedata.jar
file:/root/.sdkman/candidates/java/8.0.333.fx-librca/jre/lib/ext/jaccess.jar
file:/root/.sdkman/candidates/java/8.0.333.fx-librca/jre/lib/ext/dnsns.jar
file:/root/.sdkman/candidates/java/8.0.333.fx-librca/jre/lib/ext/sunpkcs11.jar
file:/root/.sdkman/candidates/java/8.0.333.fx-librca/jre/lib/ext/zipfs.jar
file:/root/.sdkman/candidates/java/8.0.333.fx-librca/jre/lib/ext/jfxrt.jar
file:/root/.sdkman/candidates/java/8.0.333.fx-librca/jre/lib/ext/sunjce_provider.jar
file:/root/.sdkman/candidates/java/8.0.333.fx-librca/jre/lib/ext/nashorn.jar
[MASTER] 00:11:00.997 [logback-1] WARN  JUnitAnalyzer - Found unstable test named initializationError -> class java.lang.RuntimeException: Cannot find either the compilation target folder nor the EvoSuite jar in classpath: /tmp/EvoSuite_pathingJar7834774661317924249.jar
Going to execute: handleTestsThatAreUnstable
* Compiling Tests
** Write a test suite: 0 called: 0 to improve: false
[MASTER] 00:11:01.054 [logback-1] WARN  AgentLoader - Failed to find EvoSuite jar in current classloader. URLs of classloader:
file:/root/.sdkman/candidates/java/8.0.333.fx-librca/jre/../lib/tools.jar
file:/root/.sdkman/candidates/java/8.0.333.fx-librca/jre/lib/ext/cldrdata.jar
file:/root/.sdkman/candidates/java/8.0.333.fx-librca/jre/lib/ext/sunec.jar
file:/tmp/EvoSuite_pathingJar7834774661317924249.jar
file:/root/.sdkman/candidates/java/8.0.333.fx-librca/jre/lib/ext/localedata.jar
file:/root/.sdkman/candidates/java/8.0.333.fx-librca/jre/lib/ext/jaccess.jar
file:/root/.sdkman/candidates/java/8.0.333.fx-librca/jre/lib/ext/dnsns.jar
file:/root/.sdkman/candidates/java/8.0.333.fx-librca/jre/lib/ext/sunpkcs11.jar
file:/root/.sdkman/candidates/java/8.0.333.fx-librca/jre/lib/ext/zipfs.jar
file:/root/.sdkman/candidates/java/8.0.333.fx-librca/jre/lib/ext/jfxrt.jar
file:/root/.sdkman/candidates/java/8.0.333.fx-librca/jre/lib/ext/sunjce_provider.jar
file:/root/.sdkman/candidates/java/8.0.333.fx-librca/jre/lib/ext/nashorn.jar
[MASTER] 00:11:01.056 [logback-1] WARN  JUnitAnalyzer - Found unstable test named initializationError -> class java.lang.RuntimeException: Cannot find either the compilation target folder nor the EvoSuite jar in classpath: /tmp/EvoSuite_pathingJar7834774661317924249.jar
Going to execute: handleTestsThatAreUnstable
* Compiling Tests
** Write a test suite: 0 called: 0 to improve: false
[MASTER] 00:11:01.096 [logback-1] WARN  AgentLoader - Failed to find EvoSuite jar in current classloader. URLs of classloader:
file:/root/.sdkman/candidates/java/8.0.333.fx-librca/jre/../lib/tools.jar
file:/root/.sdkman/candidates/java/8.0.333.fx-librca/jre/lib/ext/cldrdata.jar
file:/root/.sdkman/candidates/java/8.0.333.fx-librca/jre/lib/ext/sunec.jar
file:/tmp/EvoSuite_pathingJar7834774661317924249.jar
file:/root/.sdkman/candidates/java/8.0.333.fx-librca/jre/lib/ext/localedata.jar
file:/root/.sdkman/candidates/java/8.0.333.fx-librca/jre/lib/ext/jaccess.jar
file:/root/.sdkman/candidates/java/8.0.333.fx-librca/jre/lib/ext/dnsns.jar
file:/root/.sdkman/candidates/java/8.0.333.fx-librca/jre/lib/ext/sunpkcs11.jar
file:/root/.sdkman/candidates/java/8.0.333.fx-librca/jre/lib/ext/zipfs.jar
file:/root/.sdkman/candidates/java/8.0.333.fx-librca/jre/lib/ext/jfxrt.jar
file:/root/.sdkman/candidates/java/8.0.333.fx-librca/jre/lib/ext/sunjce_provider.jar
file:/root/.sdkman/candidates/java/8.0.333.fx-librca/jre/lib/ext/nashorn.jar
[MASTER] 00:11:01.098 [logback-1] WARN  JUnitAnalyzer - Found unstable test named initializationError -> class java.lang.RuntimeException: Cannot find either the compilation target folder nor the EvoSuite jar in classpath: /tmp/EvoSuite_pathingJar7834774661317924249.jar
Going to execute: handleTestsThatAreUnstable
* Compiling Tests
** Write a test suite: 0 called: 0 to improve: false
[MASTER] 00:11:01.144 [logback-1] WARN  AgentLoader - Failed to find EvoSuite jar in current classloader. URLs of classloader:
file:/root/.sdkman/candidates/java/8.0.333.fx-librca/jre/../lib/tools.jar
file:/root/.sdkman/candidates/java/8.0.333.fx-librca/jre/lib/ext/cldrdata.jar
file:/root/.sdkman/candidates/java/8.0.333.fx-librca/jre/lib/ext/sunec.jar
file:/tmp/EvoSuite_pathingJar7834774661317924249.jar
file:/root/.sdkman/candidates/java/8.0.333.fx-librca/jre/lib/ext/localedata.jar
file:/root/.sdkman/candidates/java/8.0.333.fx-librca/jre/lib/ext/jaccess.jar
file:/root/.sdkman/candidates/java/8.0.333.fx-librca/jre/lib/ext/dnsns.jar
file:/root/.sdkman/candidates/java/8.0.333.fx-librca/jre/lib/ext/sunpkcs11.jar
file:/root/.sdkman/candidates/java/8.0.333.fx-librca/jre/lib/ext/zipfs.jar
file:/root/.sdkman/candidates/java/8.0.333.fx-librca/jre/lib/ext/jfxrt.jar
file:/root/.sdkman/candidates/java/8.0.333.fx-librca/jre/lib/ext/sunjce_provider.jar
file:/root/.sdkman/candidates/java/8.0.333.fx-librca/jre/lib/ext/nashorn.jar
Going to execute: handleTestsThatAreUnstable
* Compiling Tests
** Write a test suite: 0 called: 0 to improve: false
[MASTER] 00:11:01.145 [logback-1] WARN  JUnitAnalyzer - Found unstable test named initializationError -> class java.lang.RuntimeException: Cannot find either the compilation target folder nor the EvoSuite jar in classpath: /tmp/EvoSuite_pathingJar7834774661317924249.jar
[MASTER] 00:11:01.192 [logback-1] WARN  AgentLoader - Failed to find EvoSuite jar in current classloader. URLs of classloader:
file:/root/.sdkman/candidates/java/8.0.333.fx-librca/jre/../lib/tools.jar
file:/root/.sdkman/candidates/java/8.0.333.fx-librca/jre/lib/ext/cldrdata.jar
file:/root/.sdkman/candidates/java/8.0.333.fx-librca/jre/lib/ext/sunec.jar
file:/tmp/EvoSuite_pathingJar7834774661317924249.jar
file:/root/.sdkman/candidates/java/8.0.333.fx-librca/jre/lib/ext/localedata.jar
file:/root/.sdkman/candidates/java/8.0.333.fx-librca/jre/lib/ext/jaccess.jar
file:/root/.sdkman/candidates/java/8.0.333.fx-librca/jre/lib/ext/dnsns.jar
file:/root/.sdkman/candidates/java/8.0.333.fx-librca/jre/lib/ext/sunpkcs11.jar
file:/root/.sdkman/candidates/java/8.0.333.fx-librca/jre/lib/ext/zipfs.jar
file:/root/.sdkman/candidates/java/8.0.333.fx-librca/jre/lib/ext/jfxrt.jar
file:/root/.sdkman/candidates/java/8.0.333.fx-librca/jre/lib/ext/sunjce_provider.jar
file:/root/.sdkman/candidates/java/8.0.333.fx-librca/jre/lib/ext/nashorn.jar
[MASTER] 00:11:01.194 [logback-1] WARN  JUnitAnalyzer - Found unstable test named initializationError -> class java.lang.RuntimeException: Cannot find either the compilation target folder nor the EvoSuite jar in classpath: /tmp/EvoSuite_pathingJar7834774661317924249.jar
Going to execute: handleTestsThatAreUnstable
* Compiling Tests
** Write a test suite: 0 called: 0 to improve: false
** Write a test suite: 1 called: 1 to improve: false
** Write a test suite: 2 called: 2 to improve: false
** Write a test suite: 3 called: 3 to improve: false
** Write a test suite: 4 called: 4 to improve: false
** Write a test suite: 5 called: 5 to improve: false
[MASTER] 00:11:01.279 [logback-1] WARN  AgentLoader - Failed to find EvoSuite jar in current classloader. URLs of classloader:
file:/root/.sdkman/candidates/java/8.0.333.fx-librca/jre/../lib/tools.jar
file:/root/.sdkman/candidates/java/8.0.333.fx-librca/jre/lib/ext/cldrdata.jar
file:/root/.sdkman/candidates/java/8.0.333.fx-librca/jre/lib/ext/sunec.jar
file:/tmp/EvoSuite_pathingJar7834774661317924249.jar
file:/root/.sdkman/candidates/java/8.0.333.fx-librca/jre/lib/ext/localedata.jar
file:/root/.sdkman/candidates/java/8.0.333.fx-librca/jre/lib/ext/jaccess.jar
file:/root/.sdkman/candidates/java/8.0.333.fx-librca/jre/lib/ext/dnsns.jar
file:/root/.sdkman/candidates/java/8.0.333.fx-librca/jre/lib/ext/sunpkcs11.jar
file:/root/.sdkman/candidates/java/8.0.333.fx-librca/jre/lib/ext/zipfs.jar
file:/root/.sdkman/candidates/java/8.0.333.fx-librca/jre/lib/ext/jfxrt.jar
file:/root/.sdkman/candidates/java/8.0.333.fx-librca/jre/lib/ext/sunjce_provider.jar
file:/root/.sdkman/candidates/java/8.0.333.fx-librca/jre/lib/ext/nashorn.jar
[MASTER] 00:11:01.280 [logback-1] WARN  JUnitAnalyzer - Found unstable test named initializationError -> class java.lang.RuntimeException: Cannot find either the compilation target folder nor the EvoSuite jar in classpath: /tmp/EvoSuite_pathingJar7834774661317924249.jar
Going to execute: handleTestsThatAreUnstable
* Compiling Tests
** Write a test suite: 0 called: 0 to improve: false
** Write a test suite: 1 called: 1 to improve: false
** Write a test suite: 2 called: 2 to improve: false
** Write a test suite: 3 called: 3 to improve: false
** Write a test suite: 4 called: 4 to improve: false
** Write a test suite: 5 called: 5 to improve: false
[MASTER] 00:11:01.355 [logback-1] WARN  AgentLoader - Failed to find EvoSuite jar in current classloader. URLs of classloader:
file:/root/.sdkman/candidates/java/8.0.333.fx-librca/jre/../lib/tools.jar
file:/root/.sdkman/candidates/java/8.0.333.fx-librca/jre/lib/ext/cldrdata.jar
file:/root/.sdkman/candidates/java/8.0.333.fx-librca/jre/lib/ext/sunec.jar
file:/tmp/EvoSuite_pathingJar7834774661317924249.jar
file:/root/.sdkman/candidates/java/8.0.333.fx-librca/jre/lib/ext/localedata.jar
file:/root/.sdkman/candidates/java/8.0.333.fx-librca/jre/lib/ext/jaccess.jar
file:/root/.sdkman/candidates/java/8.0.333.fx-librca/jre/lib/ext/dnsns.jar
file:/root/.sdkman/candidates/java/8.0.333.fx-librca/jre/lib/ext/sunpkcs11.jar
file:/root/.sdkman/candidates/java/8.0.333.fx-librca/jre/lib/ext/zipfs.jar
file:/root/.sdkman/candidates/java/8.0.333.fx-librca/jre/lib/ext/jfxrt.jar
file:/root/.sdkman/candidates/java/8.0.333.fx-librca/jre/lib/ext/sunjce_provider.jar
file:/root/.sdkman/candidates/java/8.0.333.fx-librca/jre/lib/ext/nashorn.jar
[MASTER] 00:11:01.357 [logback-1] WARN  JUnitAnalyzer - Found unstable test named initializationError -> class java.lang.RuntimeException: Cannot find either the compilation target folder nor the EvoSuite jar in classpath: /tmp/EvoSuite_pathingJar7834774661317924249.jar
* Writing tests to file
[MASTER] 00:11:01.360 [logback-1] WARN  TimeController - Already entered in phase: JUNIT_CHECK. This will mess up the timing calculations.
* Writing JUnit test case 'ExtrasPatternParser_ESTest' to evosuite-tests
** Write a test suite: 0 called: 0 to improve: false
** Write a test suite: 1 called: 1 to improve: false
** Write a test suite: 3 called: 2 to improve: false
* Writing JUnit test case 'ExtrasPatternParser_Original_ESTest' to evosuite-tests
** Write a test suite: 0 called: 0 to improve: false
** Write a test suite: 1 called: 1 to improve: false
** Write a test suite: 2 called: 2 to improve: false
** Write a test suite: 3 called: 3 to improve: false
** Write a test suite: 4 called: 4 to improve: false
** Write a test suite: 5 called: 5 to improve: false
* Done!

* Computation finished
