* EvoSuite 1.0.0-SNAPSHOT
* Going to generate test cases for class: net.sourceforge.ext4j.log.log4j.ExtrasPatternParser
* Starting Client-0
* Properties loaded from /home/roham/Results-Utestgen/dataset/SF110-new-res/71_ext4j/evosuite-files/evosuite.properties
* Connecting to master process on port 14071
* Analyzing classpath: 
* Inheritance tree loaded from evosuite-files/inheritance.xml.gz
* Finished analyzing classpath
* Generating tests for class net.sourceforge.ext4j.log.log4j.ExtrasPatternParser
* Test criteria:
  - Branch Coverage
  - Line Coverage
  - Method-Output Coverage
  - Top-Level Method Coverage
  - Context Branch Coverage
* Total number of test goals for DYNAMOSA: 38
* Using seed 1710281542614
[Progress:>                             0%] [Cov:>                                  0%]* Starting evolution
* Initial Number of Goals in DynaMOSA = 7 / 38
[Progress:>                             0%] [Cov:===================================100%]
* Search finished after 1s and 0 generations, 837 statements, best individual has fitness: 0.0
* Generated before the refinement 6 tests with total length 12
statement is: net.sourceforge.ext4j.log.log4j.ExtrasPatternParser(Ljava/lang/String;)V type is: class org.evosuite.testcase.statements.ConstructorStatement return type class net.sourceforge.ext4j.log.log4j.ExtrasPatternParser
statement code is: ExtrasPatternParser extrasPatternParser = new ExtrasPatternParser("e?'NT")
statement is: finalizeConverter(C)V type is: class org.evosuite.testcase.statements.MethodStatement return type void
statement code is: extrasPatternParser.finalizeConverter('j')
test data is: ExtrasPatternParser extrasPatternParser = new ExtrasPatternParser("e?'NT");
extrasPatternParser.finalizeConverter('j');

** It was a parseable test case! 
Improved test data is: class DummyClass {
    public static void main() {
        ExtrasPatternParser extrasPatternParser = new ExtrasPatternParser("e?'NT");
        extrasPatternParser.finalizeConverter('j');
        // Improved test data:
        extrasPatternParser = new ExtrasPatternParser("e?'NV");
        extrasPatternParser.finalizeConverter('a');
    }
}
statement is: ExtrasPatternParser extrasPatternParser = new ExtrasPatternParser("e?'NT"), class spoon.support.reflect.code.CtLocalVariableImpl
class spoon.support.reflect.code.CtConstructorCallImpl
statement is: extrasPatternParser.finalizeConverter('j'), class spoon.support.reflect.code.CtInvocationImpl
invocation is: extrasPatternParser.finalizeConverter('j') target is: extrasPatternParser method is: finalizeConverter(char)
source statement: net.sourceforge.ext4j.log.log4j.ExtrasPatternParser(Ljava/lang/String;)V callee: VariableReference: Statement 0, type net.sourceforge.ext4j.log.log4j.ExtrasPatternParserindex is: 1
Matched Method is: finalizeConverter(C)V
statement is: // Improved test data:
extrasPatternParser = new ExtrasPatternParser("e?'NV"), class spoon.support.reflect.code.CtAssignmentImpl
statement is: extrasPatternParser.finalizeConverter('a'), class spoon.support.reflect.code.CtInvocationImpl
invocation is: extrasPatternParser.finalizeConverter('a') target is: extrasPatternParser method is: finalizeConverter(char)
source statement: net.sourceforge.ext4j.log.log4j.ExtrasPatternParser(Ljava/lang/String;)V callee: VariableReference: Statement 0, type net.sourceforge.ext4j.log.log4j.ExtrasPatternParserindex is: 1
Matched Method is: finalizeConverter(C)V
TestCase is: String string = "e?'NT";
ExtrasPatternParser extrasPatternParser = new ExtrasPatternParser(string);
char _char = 'j';
((ExtrasPatternParser) string).finalizeConverter(_char);
char _char = 'a';
((ExtrasPatternParser) string).finalizeConverter(_char);

statement is: net.sourceforge.ext4j.log.log4j.ExtrasPatternParser(Ljava/lang/String;)V type is: class org.evosuite.testcase.statements.ConstructorStatement return type class net.sourceforge.ext4j.log.log4j.ExtrasPatternParser
statement code is: ExtrasPatternParser extrasPatternParser = new ExtrasPatternParser("SS_[QORP,C}'$")
statement is: finalizeConverter(C)V type is: class org.evosuite.testcase.statements.MethodStatement return type void
statement code is: extrasPatternParser.finalizeConverter('s')
test data is: ExtrasPatternParser extrasPatternParser = new ExtrasPatternParser("SS_[QORP,C}'$");
extrasPatternParser.finalizeConverter('s');

** It was a parseable test case! 
Improved test data is: class DummyClass {
    public static void main() {
        extrasPatternParser.finalizeConverter('s');
    }
}
statement is: extrasPatternParser.finalizeConverter('s'), class spoon.support.reflect.code.CtInvocationImpl
invocation is: extrasPatternParser.finalizeConverter('s') target is: extrasPatternParser method is: finalizeConverter(char)
statement is: net.sourceforge.ext4j.log.log4j.ExtrasPatternParser(Ljava/lang/String;)V type is: class org.evosuite.testcase.statements.ConstructorStatement return type class net.sourceforge.ext4j.log.log4j.ExtrasPatternParser
statement code is: ExtrasPatternParser extrasPatternParser = new ExtrasPatternParser("")
statement is: finalizeConverter(C)V type is: class org.evosuite.testcase.statements.MethodStatement return type void
statement code is: extrasPatternParser.finalizeConverter('i')
test data is: ExtrasPatternParser extrasPatternParser = new ExtrasPatternParser("");
extrasPatternParser.finalizeConverter('i');

** It was a parseable test case! 
Improved test data is: class DummyClass {
    public static void main() {
        ExtrasPatternParser extrasPatternParser = new ExtrasPatternParser("");
        extrasPatternParser.finalizeConverter('i');
    }
}
statement is: ExtrasPatternParser extrasPatternParser = new ExtrasPatternParser(""), class spoon.support.reflect.code.CtLocalVariableImpl
class spoon.support.reflect.code.CtConstructorCallImpl
statement is: extrasPatternParser.finalizeConverter('i'), class spoon.support.reflect.code.CtInvocationImpl
invocation is: extrasPatternParser.finalizeConverter('i') target is: extrasPatternParser method is: finalizeConverter(char)
source statement: net.sourceforge.ext4j.log.log4j.ExtrasPatternParser(Ljava/lang/String;)V callee: VariableReference: Statement 0, type net.sourceforge.ext4j.log.log4j.ExtrasPatternParserindex is: 1
Matched Method is: finalizeConverter(C)V
TestCase is: String string = "";
ExtrasPatternParser extrasPatternParser = new ExtrasPatternParser(string);
char _char = 'i';
((ExtrasPatternParser) string).finalizeConverter(_char);

statement is: net.sourceforge.ext4j.log.log4j.ExtrasPatternParser(Ljava/lang/String;)V type is: class org.evosuite.testcase.statements.ConstructorStatement return type class net.sourceforge.ext4j.log.log4j.ExtrasPatternParser
statement code is: ExtrasPatternParser extrasPatternParser = new ExtrasPatternParser("e?'NT")
statement is: finalizeConverter(C)V type is: class org.evosuite.testcase.statements.MethodStatement return type void
statement code is: extrasPatternParser.finalizeConverter('u')
test data is: ExtrasPatternParser extrasPatternParser = new ExtrasPatternParser("e?'NT");
extrasPatternParser.finalizeConverter('u');

** It was a parseable test case! 
Improved test data is: class DummyClass {
    public static void main() {
        ExtrasPatternParser extrasPatternParser = new ExtrasPatternParser("e?'NT");
        extrasPatternParser.finalizeConverter('u');
        // Improved test data:
        int[] intArray = new int[]{ 1, 2, 3, 4, 5 };
        String[] stringArray = new String[]{ "apple", "banana", "cherry" };
        char[] charArray = new char[]{ 'a', 'b', 'c' };
    }
}
statement is: ExtrasPatternParser extrasPatternParser = new ExtrasPatternParser("e?'NT"), class spoon.support.reflect.code.CtLocalVariableImpl
class spoon.support.reflect.code.CtConstructorCallImpl
statement is: extrasPatternParser.finalizeConverter('u'), class spoon.support.reflect.code.CtInvocationImpl
invocation is: extrasPatternParser.finalizeConverter('u') target is: extrasPatternParser method is: finalizeConverter(char)
source statement: net.sourceforge.ext4j.log.log4j.ExtrasPatternParser(Ljava/lang/String;)V callee: VariableReference: Statement 0, type net.sourceforge.ext4j.log.log4j.ExtrasPatternParserindex is: 1
Matched Method is: finalizeConverter(C)V
statement is: // Improved test data:
int[] intArray = new int[]{ 1, 2, 3, 4, 5 }, class spoon.support.reflect.code.CtLocalVariableImpl
class spoon.support.reflect.code.CtNewArrayImpl
statement is: String[] stringArray = new String[]{ "apple", "banana", "cherry" }, class spoon.support.reflect.code.CtLocalVariableImpl
class spoon.support.reflect.code.CtNewArrayImpl
statement is: char[] charArray = new char[]{ 'a', 'b', 'c' }, class spoon.support.reflect.code.CtLocalVariableImpl
class spoon.support.reflect.code.CtNewArrayImpl
TestCase is: String string = "e?'NT";
ExtrasPatternParser extrasPatternParser = new ExtrasPatternParser(string);
char _char = 'u';
((ExtrasPatternParser) string).finalizeConverter(_char);

statement is: net.sourceforge.ext4j.log.log4j.ExtrasPatternParser(Ljava/lang/String;)V type is: class org.evosuite.testcase.statements.ConstructorStatement return type class net.sourceforge.ext4j.log.log4j.ExtrasPatternParser
statement code is: ExtrasPatternParser extrasPatternParser = new ExtrasPatternParser("")
statement is: finalizeConverter(C)V type is: class org.evosuite.testcase.statements.MethodStatement return type void
statement code is: extrasPatternParser.finalizeConverter('R')
test data is: ExtrasPatternParser extrasPatternParser = new ExtrasPatternParser("");
extrasPatternParser.finalizeConverter('R');

** It was a parseable test case! 
Improved test data is: class DummyClass {
    public static void main() {
        ExtrasPatternParser extrasPatternParser = new ExtrasPatternParser("R1234");
        extrasPatternParser.finalizeConverter('R');
    }
}
statement is: ExtrasPatternParser extrasPatternParser = new ExtrasPatternParser("R1234"), class spoon.support.reflect.code.CtLocalVariableImpl
class spoon.support.reflect.code.CtConstructorCallImpl
statement is: extrasPatternParser.finalizeConverter('R'), class spoon.support.reflect.code.CtInvocationImpl
invocation is: extrasPatternParser.finalizeConverter('R') target is: extrasPatternParser method is: finalizeConverter(char)
source statement: net.sourceforge.ext4j.log.log4j.ExtrasPatternParser(Ljava/lang/String;)V callee: VariableReference: Statement 0, type net.sourceforge.ext4j.log.log4j.ExtrasPatternParserindex is: 1
Matched Method is: finalizeConverter(C)V
TestCase is: String string = "R1234";
ExtrasPatternParser extrasPatternParser = new ExtrasPatternParser(string);
char _char = 'R';
((ExtrasPatternParser) string).finalizeConverter(_char);

statement is: net.sourceforge.ext4j.log.log4j.ExtrasPatternParser(Ljava/lang/String;)V type is: class org.evosuite.testcase.statements.ConstructorStatement return type class net.sourceforge.ext4j.log.log4j.ExtrasPatternParser
statement code is: ExtrasPatternParser extrasPatternParser = new ExtrasPatternParser("")
statement is: finalizeConverter(C)V type is: class org.evosuite.testcase.statements.MethodStatement return type void
statement code is: extrasPatternParser.finalizeConverter('q')
test data is: ExtrasPatternParser extrasPatternParser = new ExtrasPatternParser("");
extrasPatternParser.finalizeConverter('q');

** It was a parseable test case! 
Improved test data is: class DummyClass {
    public static void main() {
        ExtrasPatternParser extrasPatternParser = new ExtrasPatternParser("");
        extrasPatternParser.finalizeConverter('Q');
    }
}
statement is: ExtrasPatternParser extrasPatternParser = new ExtrasPatternParser(""), class spoon.support.reflect.code.CtLocalVariableImpl
class spoon.support.reflect.code.CtConstructorCallImpl
statement is: extrasPatternParser.finalizeConverter('Q'), class spoon.support.reflect.code.CtInvocationImpl
invocation is: extrasPatternParser.finalizeConverter('Q') target is: extrasPatternParser method is: finalizeConverter(char)
source statement: net.sourceforge.ext4j.log.log4j.ExtrasPatternParser(Ljava/lang/String;)V callee: VariableReference: Statement 0, type net.sourceforge.ext4j.log.log4j.ExtrasPatternParserindex is: 1
Matched Method is: finalizeConverter(C)V
TestCase is: String string = "";
ExtrasPatternParser extrasPatternParser = new ExtrasPatternParser(string);
char _char = 'Q';
((ExtrasPatternParser) string).finalizeConverter(_char);

* test suite isTestSuite: 11
Test 0: 
ExtrasPatternParser extrasPatternParser = new ExtrasPatternParser("e?'NT");
extrasPatternParser.finalizeConverter('j');

Test 1: 
ExtrasPatternParser extrasPatternParser = new ExtrasPatternParser("SS_[QORP,C}'$");
extrasPatternParser.finalizeConverter('s');
Test 2: 
ExtrasPatternParser extrasPatternParser = new ExtrasPatternParser("");
extrasPatternParser.finalizeConverter('i');
Test 3: 
ExtrasPatternParser extrasPatternParser = new ExtrasPatternParser("e?'NT");
extrasPatternParser.finalizeConverter('u');
Test 4: 
ExtrasPatternParser extrasPatternParser = new ExtrasPatternParser("");
extrasPatternParser.finalizeConverter('R');
Test 5: 
ExtrasPatternParser extrasPatternParser = new ExtrasPatternParser("");
extrasPatternParser.finalizeConverter('q');
Test 6: 
String string = "e?'NT";
ExtrasPatternParser extrasPatternParser = new ExtrasPatternParser("e?'NT");
((ExtrasPatternParser)"e?'NT").finalizeConverter('j');
char _char = 'a';
((ExtrasPatternParser) string).finalizeConverter(_char);

Test 7: 
ExtrasPatternParser extrasPatternParser = new ExtrasPatternParser("");
((ExtrasPatternParser)"").finalizeConverter('i');

Test 8: 
ExtrasPatternParser extrasPatternParser = new ExtrasPatternParser("e?'NT");
((ExtrasPatternParser)"e?'NT").finalizeConverter('u');

Test 9: 
ExtrasPatternParser extrasPatternParser = new ExtrasPatternParser("R1234");
((ExtrasPatternParser)"R1234").finalizeConverter('R');

Test 10: 
ExtrasPatternParser extrasPatternParser = new ExtrasPatternParser("");
((ExtrasPatternParser)"").finalizeConverter('Q');


* Generated after the refinement and before minimization 11 tests with total length 25
* test suite isTestSuite: 11
Test 0: 
ExtrasPatternParser extrasPatternParser = new ExtrasPatternParser("e?'NT");
extrasPatternParser.finalizeConverter('j');

Test 1: 
ExtrasPatternParser extrasPatternParser = new ExtrasPatternParser("SS_[QORP,C}'$");
extrasPatternParser.finalizeConverter('s');
Test 2: 
ExtrasPatternParser extrasPatternParser = new ExtrasPatternParser("");
extrasPatternParser.finalizeConverter('i');
Test 3: 
ExtrasPatternParser extrasPatternParser = new ExtrasPatternParser("e?'NT");
extrasPatternParser.finalizeConverter('u');
Test 4: 
ExtrasPatternParser extrasPatternParser = new ExtrasPatternParser("");
extrasPatternParser.finalizeConverter('R');
Test 5: 
ExtrasPatternParser extrasPatternParser = new ExtrasPatternParser("");
extrasPatternParser.finalizeConverter('q');
Test 6: 
String string = "e?'NT";
ExtrasPatternParser extrasPatternParser = new ExtrasPatternParser("e?'NT");
((ExtrasPatternParser)"e?'NT").finalizeConverter('j');
char _char = 'a';
((ExtrasPatternParser) string).finalizeConverter(_char);

Test 7: 
ExtrasPatternParser extrasPatternParser = new ExtrasPatternParser("");
((ExtrasPatternParser)"").finalizeConverter('i');

Test 8: 
ExtrasPatternParser extrasPatternParser = new ExtrasPatternParser("e?'NT");
((ExtrasPatternParser)"e?'NT").finalizeConverter('u');

Test 9: 
ExtrasPatternParser extrasPatternParser = new ExtrasPatternParser("R1234");
((ExtrasPatternParser)"R1234").finalizeConverter('R');

Test 10: 
ExtrasPatternParser extrasPatternParser = new ExtrasPatternParser("");
((ExtrasPatternParser)"").finalizeConverter('Q');


* Minimizing test suite
* test suite isTestSuite: 6
Test 0: 
ExtrasPatternParser extrasPatternParser = new ExtrasPatternParser("");
extrasPatternParser.finalizeConverter('i');

Test 1: 
ExtrasPatternParser extrasPatternParser = new ExtrasPatternParser("e?'NT");
extrasPatternParser.finalizeConverter('j');
Test 2: 
ExtrasPatternParser extrasPatternParser = new ExtrasPatternParser("SS_[QORP,C}'$");
extrasPatternParser.finalizeConverter('s');
Test 3: 
ExtrasPatternParser extrasPatternParser = new ExtrasPatternParser("e?'NT");
extrasPatternParser.finalizeConverter('u');
Test 4: 
ExtrasPatternParser extrasPatternParser = new ExtrasPatternParser("");
extrasPatternParser.finalizeConverter('R');
Test 5: 
ExtrasPatternParser extrasPatternParser = new ExtrasPatternParser("");
extrasPatternParser.finalizeConverter('q');

* Going to analyze the coverage criteria
* Coverage analysis for criterion BRANCH
* Coverage of criterion BRANCH: 100%
* Total number of goals: 11
* Number of covered goals: 11
* Coverage analysis for criterion LINE
* Coverage of criterion LINE: 100%
* Total number of goals: 14
* Number of covered goals: 14
* Coverage analysis for criterion OUTPUT
* Coverage of criterion OUTPUT: 100% (no goals)
* Coverage analysis for criterion METHOD
* Coverage of criterion METHOD: 100%
* Total number of goals: 2
* Number of covered goals: 2
* Coverage analysis for criterion CBRANCH
* Coverage of criterion CBRANCH: 100%
* Total number of goals: 11
* Number of covered goals: 11
* Generated 6 tests with total length 12
* Resulting test suite's coverage: 100% (average coverage for all fitness functions)
* Generating assertions
* Resulting test suite's mutation score: 0%
* Compiling and checking tests
Going to execute: removeTestsThatDoNotCompile
* Compiling Tests
** Write a test suite: 0 called: 0 to improve: false
* Compiling Tests
** Write a test suite: 0 called: 0 to improve: true
** Improve Understandability: ** Test Code is: ExtrasPatternParser extrasPatternParser = new ExtrasPatternParser("");
extrasPatternParser.finalizeConverter('i');

** It was a parseable test case! 
refined test name is: testFinalizeConverterReturnsValidConverter
* Compiling Tests
refined test name is: testFinalizeConverterReturnsValidConverter
* Compiling Tests
** Write a test suite: 0 called: 0 to improve: false
* Compiling Tests
** Write a test suite: 0 called: 0 to improve: true
** Improve Understandability: ** Test Code is: ExtrasPatternParser extrasPatternParser = new ExtrasPatternParser("e?'NT");
extrasPatternParser.finalizeConverter('j');

** It was a parseable test case! 
refined test name is: testFinalizeConverterSetsCorrectConverter
* Compiling Tests
** Write a test suite: 0 called: 0 to improve: false
* Compiling Tests
** Write a test suite: 0 called: 0 to improve: true
** Improve Understandability: ** Test Code is: ExtrasPatternParser extrasPatternParser = new ExtrasPatternParser("SS_[QORP,C}'$");
extrasPatternParser.finalizeConverter('s');

** It was a parseable test case! 
refined test name is: testFinalizeConverterwithSingleCharacterS
* Compiling Tests
refined test name is: testFinalizeConverterWithSingleCharacterS
* Compiling Tests
** Write a test suite: 0 called: 0 to improve: false
* Compiling Tests
** Write a test suite: 0 called: 0 to improve: true
** Improve Understandability: ** Test Code is: ExtrasPatternParser extrasPatternParser = new ExtrasPatternParser("e?'NT");
extrasPatternParser.finalizeConverter('u');

** It was a parseable test case! 
refined test name is: testFinalizeConverterSetsConverterToU
* Compiling Tests
refined test name is: testFinalizeConverterSetsConverterToU
* Compiling Tests
** Write a test suite: 0 called: 0 to improve: false
* Compiling Tests
** Write a test suite: 0 called: 0 to improve: true
** Improve Understandability: ** Test Code is: ExtrasPatternParser extrasPatternParser = new ExtrasPatternParser("");
extrasPatternParser.finalizeConverter('R');

** It was a parseable test case! 
refined test name is: testFinalizeConverterSetsCorrectLastChar
* Compiling Tests
refined test name is: testFinalizeConverter
* Compiling Tests
** Write a test suite: 0 called: 0 to improve: false
* Compiling Tests
** Write a test suite: 0 called: 0 to improve: true
** Improve Understandability: ** Test Code is: ExtrasPatternParser extrasPatternParser = new ExtrasPatternParser("");
extrasPatternParser.finalizeConverter('q');

** It was a parseable test case! 
refined test name is: testFinalizeConverterReturnsSameChar
* Compiling Tests
refined test name is: testFinalizeConverterSameCharacterReturned
Going to execute: handleTestsThatAreUnstable
* Compiling Tests
** Write a test suite: 0 called: 0 to improve: false
[MASTER] 22:24:48.363 [logback-1] WARN  AgentLoader - Failed to find EvoSuite jar in current classloader. URLs of classloader:
file:/tmp/EvoSuite_pathingJar1430228642823011190.jar
file:/root/.sdkman/candidates/java/8.0.333.fx-librca/jre/../lib/tools.jar
file:/root/.sdkman/candidates/java/8.0.333.fx-librca/jre/lib/ext/cldrdata.jar
file:/root/.sdkman/candidates/java/8.0.333.fx-librca/jre/lib/ext/sunec.jar
file:/root/.sdkman/candidates/java/8.0.333.fx-librca/jre/lib/ext/localedata.jar
file:/root/.sdkman/candidates/java/8.0.333.fx-librca/jre/lib/ext/jaccess.jar
file:/root/.sdkman/candidates/java/8.0.333.fx-librca/jre/lib/ext/dnsns.jar
file:/root/.sdkman/candidates/java/8.0.333.fx-librca/jre/lib/ext/sunpkcs11.jar
file:/root/.sdkman/candidates/java/8.0.333.fx-librca/jre/lib/ext/zipfs.jar
file:/root/.sdkman/candidates/java/8.0.333.fx-librca/jre/lib/ext/jfxrt.jar
file:/root/.sdkman/candidates/java/8.0.333.fx-librca/jre/lib/ext/sunjce_provider.jar
file:/root/.sdkman/candidates/java/8.0.333.fx-librca/jre/lib/ext/nashorn.jar
[MASTER] 22:24:48.456 [logback-1] WARN  JUnitAnalyzer - Found unstable test named initializationError -> class java.lang.RuntimeException: Cannot find either the compilation target folder nor the EvoSuite jar in classpath: /tmp/EvoSuite_pathingJar1430228642823011190.jar
Going to execute: handleTestsThatAreUnstable
* Compiling Tests
[MASTER] 22:24:48.510 [logback-1] WARN  AgentLoader - Failed to find EvoSuite jar in current classloader. URLs of classloader:
file:/tmp/EvoSuite_pathingJar1430228642823011190.jar
file:/root/.sdkman/candidates/java/8.0.333.fx-librca/jre/../lib/tools.jar
file:/root/.sdkman/candidates/java/8.0.333.fx-librca/jre/lib/ext/cldrdata.jar
file:/root/.sdkman/candidates/java/8.0.333.fx-librca/jre/lib/ext/sunec.jar
file:/root/.sdkman/candidates/java/8.0.333.fx-librca/jre/lib/ext/localedata.jar
file:/root/.sdkman/candidates/java/8.0.333.fx-librca/jre/lib/ext/jaccess.jar
file:/root/.sdkman/candidates/java/8.0.333.fx-librca/jre/lib/ext/dnsns.jar
file:/root/.sdkman/candidates/java/8.0.333.fx-librca/jre/lib/ext/sunpkcs11.jar
file:/root/.sdkman/candidates/java/8.0.333.fx-librca/jre/lib/ext/zipfs.jar
file:/root/.sdkman/candidates/java/8.0.333.fx-librca/jre/lib/ext/jfxrt.jar
file:/root/.sdkman/candidates/java/8.0.333.fx-librca/jre/lib/ext/sunjce_provider.jar
file:/root/.sdkman/candidates/java/8.0.333.fx-librca/jre/lib/ext/nashorn.jar
Going to execute: handleTestsThatAreUnstable
* Compiling Tests
** Write a test suite: 0 called: 0 to improve: false
[MASTER] 22:24:48.512 [logback-1] WARN  JUnitAnalyzer - Found unstable test named initializationError -> class java.lang.RuntimeException: Cannot find either the compilation target folder nor the EvoSuite jar in classpath: /tmp/EvoSuite_pathingJar1430228642823011190.jar
[MASTER] 22:24:48.607 [logback-1] WARN  AgentLoader - Failed to find EvoSuite jar in current classloader. URLs of classloader:
file:/tmp/EvoSuite_pathingJar1430228642823011190.jar
file:/root/.sdkman/candidates/java/8.0.333.fx-librca/jre/../lib/tools.jar
file:/root/.sdkman/candidates/java/8.0.333.fx-librca/jre/lib/ext/cldrdata.jar
file:/root/.sdkman/candidates/java/8.0.333.fx-librca/jre/lib/ext/sunec.jar
file:/root/.sdkman/candidates/java/8.0.333.fx-librca/jre/lib/ext/localedata.jar
file:/root/.sdkman/candidates/java/8.0.333.fx-librca/jre/lib/ext/jaccess.jar
file:/root/.sdkman/candidates/java/8.0.333.fx-librca/jre/lib/ext/dnsns.jar
file:/root/.sdkman/candidates/java/8.0.333.fx-librca/jre/lib/ext/sunpkcs11.jar
file:/root/.sdkman/candidates/java/8.0.333.fx-librca/jre/lib/ext/zipfs.jar
file:/root/.sdkman/candidates/java/8.0.333.fx-librca/jre/lib/ext/jfxrt.jar
file:/root/.sdkman/candidates/java/8.0.333.fx-librca/jre/lib/ext/sunjce_provider.jar
file:/root/.sdkman/candidates/java/8.0.333.fx-librca/jre/lib/ext/nashorn.jar
[MASTER] 22:24:48.608 [logback-1] WARN  JUnitAnalyzer - Found unstable test named initializationError -> class java.lang.RuntimeException: Cannot find either the compilation target folder nor the EvoSuite jar in classpath: /tmp/EvoSuite_pathingJar1430228642823011190.jar
Going to execute: handleTestsThatAreUnstable
* Compiling Tests
** Write a test suite: 0 called: 0 to improve: false
[MASTER] 22:24:48.688 [logback-1] WARN  AgentLoader - Failed to find EvoSuite jar in current classloader. URLs of classloader:
file:/tmp/EvoSuite_pathingJar1430228642823011190.jar
file:/root/.sdkman/candidates/java/8.0.333.fx-librca/jre/../lib/tools.jar
file:/root/.sdkman/candidates/java/8.0.333.fx-librca/jre/lib/ext/cldrdata.jar
file:/root/.sdkman/candidates/java/8.0.333.fx-librca/jre/lib/ext/sunec.jar
file:/root/.sdkman/candidates/java/8.0.333.fx-librca/jre/lib/ext/localedata.jar
file:/root/.sdkman/candidates/java/8.0.333.fx-librca/jre/lib/ext/jaccess.jar
file:/root/.sdkman/candidates/java/8.0.333.fx-librca/jre/lib/ext/dnsns.jar
file:/root/.sdkman/candidates/java/8.0.333.fx-librca/jre/lib/ext/sunpkcs11.jar
file:/root/.sdkman/candidates/java/8.0.333.fx-librca/jre/lib/ext/zipfs.jar
file:/root/.sdkman/candidates/java/8.0.333.fx-librca/jre/lib/ext/jfxrt.jar
file:/root/.sdkman/candidates/java/8.0.333.fx-librca/jre/lib/ext/sunjce_provider.jar
file:/root/.sdkman/candidates/java/8.0.333.fx-librca/jre/lib/ext/nashorn.jar
Going to execute: handleTestsThatAreUnstable
* Compiling Tests
** Write a test suite: 0 called: 0 to improve: false
[MASTER] 22:24:48.690 [logback-1] WARN  JUnitAnalyzer - Found unstable test named initializationError -> class java.lang.RuntimeException: Cannot find either the compilation target folder nor the EvoSuite jar in classpath: /tmp/EvoSuite_pathingJar1430228642823011190.jar
[MASTER] 22:24:48.745 [logback-1] WARN  AgentLoader - Failed to find EvoSuite jar in current classloader. URLs of classloader:
file:/tmp/EvoSuite_pathingJar1430228642823011190.jar
file:/root/.sdkman/candidates/java/8.0.333.fx-librca/jre/../lib/tools.jar
file:/root/.sdkman/candidates/java/8.0.333.fx-librca/jre/lib/ext/cldrdata.jar
file:/root/.sdkman/candidates/java/8.0.333.fx-librca/jre/lib/ext/sunec.jar
file:/root/.sdkman/candidates/java/8.0.333.fx-librca/jre/lib/ext/localedata.jar
file:/root/.sdkman/candidates/java/8.0.333.fx-librca/jre/lib/ext/jaccess.jar
file:/root/.sdkman/candidates/java/8.0.333.fx-librca/jre/lib/ext/dnsns.jar
file:/root/.sdkman/candidates/java/8.0.333.fx-librca/jre/lib/ext/sunpkcs11.jar
file:/root/.sdkman/candidates/java/8.0.333.fx-librca/jre/lib/ext/zipfs.jar
file:/root/.sdkman/candidates/java/8.0.333.fx-librca/jre/lib/ext/jfxrt.jar
file:/root/.sdkman/candidates/java/8.0.333.fx-librca/jre/lib/ext/sunjce_provider.jar
file:/root/.sdkman/candidates/java/8.0.333.fx-librca/jre/lib/ext/nashorn.jar
Going to execute: handleTestsThatAreUnstable
* Compiling Tests
** Write a test suite: 0 called: 0 to improve: false
[MASTER] 22:24:48.746 [logback-1] WARN  JUnitAnalyzer - Found unstable test named initializationError -> class java.lang.RuntimeException: Cannot find either the compilation target folder nor the EvoSuite jar in classpath: /tmp/EvoSuite_pathingJar1430228642823011190.jar
[MASTER] 22:24:48.842 [logback-1] WARN  AgentLoader - Failed to find EvoSuite jar in current classloader. URLs of classloader:
file:/tmp/EvoSuite_pathingJar1430228642823011190.jar
file:/root/.sdkman/candidates/java/8.0.333.fx-librca/jre/../lib/tools.jar
file:/root/.sdkman/candidates/java/8.0.333.fx-librca/jre/lib/ext/cldrdata.jar
file:/root/.sdkman/candidates/java/8.0.333.fx-librca/jre/lib/ext/sunec.jar
file:/root/.sdkman/candidates/java/8.0.333.fx-librca/jre/lib/ext/localedata.jar
file:/root/.sdkman/candidates/java/8.0.333.fx-librca/jre/lib/ext/jaccess.jar
file:/root/.sdkman/candidates/java/8.0.333.fx-librca/jre/lib/ext/dnsns.jar
file:/root/.sdkman/candidates/java/8.0.333.fx-librca/jre/lib/ext/sunpkcs11.jar
file:/root/.sdkman/candidates/java/8.0.333.fx-librca/jre/lib/ext/zipfs.jar
file:/root/.sdkman/candidates/java/8.0.333.fx-librca/jre/lib/ext/jfxrt.jar
file:/root/.sdkman/candidates/java/8.0.333.fx-librca/jre/lib/ext/sunjce_provider.jar
file:/root/.sdkman/candidates/java/8.0.333.fx-librca/jre/lib/ext/nashorn.jar
Going to execute: handleTestsThatAreUnstable
* Compiling Tests
** Write a test suite: 0 called: 0 to improve: false
** Write a test suite: 2 called: 1 to improve: false
** Write a test suite: 3 called: 2 to improve: false
** Write a test suite: 4 called: 3 to improve: false
** Write a test suite: 5 called: 4 to improve: false
[MASTER] 22:24:48.844 [logback-1] WARN  JUnitAnalyzer - Found unstable test named initializationError -> class java.lang.RuntimeException: Cannot find either the compilation target folder nor the EvoSuite jar in classpath: /tmp/EvoSuite_pathingJar1430228642823011190.jar
[MASTER] 22:24:48.912 [logback-1] WARN  AgentLoader - Failed to find EvoSuite jar in current classloader. URLs of classloader:
file:/tmp/EvoSuite_pathingJar1430228642823011190.jar
file:/root/.sdkman/candidates/java/8.0.333.fx-librca/jre/../lib/tools.jar
file:/root/.sdkman/candidates/java/8.0.333.fx-librca/jre/lib/ext/cldrdata.jar
file:/root/.sdkman/candidates/java/8.0.333.fx-librca/jre/lib/ext/sunec.jar
file:/root/.sdkman/candidates/java/8.0.333.fx-librca/jre/lib/ext/localedata.jar
file:/root/.sdkman/candidates/java/8.0.333.fx-librca/jre/lib/ext/jaccess.jar
file:/root/.sdkman/candidates/java/8.0.333.fx-librca/jre/lib/ext/dnsns.jar
file:/root/.sdkman/candidates/java/8.0.333.fx-librca/jre/lib/ext/sunpkcs11.jar
file:/root/.sdkman/candidates/java/8.0.333.fx-librca/jre/lib/ext/zipfs.jar
file:/root/.sdkman/candidates/java/8.0.333.fx-librca/jre/lib/ext/jfxrt.jar
file:/root/.sdkman/candidates/java/8.0.333.fx-librca/jre/lib/ext/sunjce_provider.jar
file:/root/.sdkman/candidates/java/8.0.333.fx-librca/jre/lib/ext/nashorn.jar
Going to execute: handleTestsThatAreUnstable
* Compiling Tests
** Write a test suite: 0 called: 0 to improve: false
** Write a test suite: 1 called: 1 to improve: false
** Write a test suite: 2 called: 2 to improve: false
** Write a test suite: 3 called: 3 to improve: false
** Write a test suite: 5 called: 4 to improve: false
[MASTER] 22:24:48.913 [logback-1] WARN  JUnitAnalyzer - Found unstable test named initializationError -> class java.lang.RuntimeException: Cannot find either the compilation target folder nor the EvoSuite jar in classpath: /tmp/EvoSuite_pathingJar1430228642823011190.jar
[MASTER] 22:24:49.011 [logback-1] WARN  AgentLoader - Failed to find EvoSuite jar in current classloader. URLs of classloader:
file:/tmp/EvoSuite_pathingJar1430228642823011190.jar
file:/root/.sdkman/candidates/java/8.0.333.fx-librca/jre/../lib/tools.jar
file:/root/.sdkman/candidates/java/8.0.333.fx-librca/jre/lib/ext/cldrdata.jar
file:/root/.sdkman/candidates/java/8.0.333.fx-librca/jre/lib/ext/sunec.jar
file:/root/.sdkman/candidates/java/8.0.333.fx-librca/jre/lib/ext/localedata.jar
file:/root/.sdkman/candidates/java/8.0.333.fx-librca/jre/lib/ext/jaccess.jar
file:/root/.sdkman/candidates/java/8.0.333.fx-librca/jre/lib/ext/dnsns.jar
file:/root/.sdkman/candidates/java/8.0.333.fx-librca/jre/lib/ext/sunpkcs11.jar
file:/root/.sdkman/candidates/java/8.0.333.fx-librca/jre/lib/ext/zipfs.jar
file:/root/.sdkman/candidates/java/8.0.333.fx-librca/jre/lib/ext/jfxrt.jar
file:/root/.sdkman/candidates/java/8.0.333.fx-librca/jre/lib/ext/sunjce_provider.jar
file:/root/.sdkman/candidates/java/8.0.333.fx-librca/jre/lib/ext/nashorn.jar
[MASTER] 22:24:49.012 [logback-1] WARN  JUnitAnalyzer - Found unstable test named initializationError -> class java.lang.RuntimeException: Cannot find either the compilation target folder nor the EvoSuite jar in classpath: /tmp/EvoSuite_pathingJar1430228642823011190.jar
[MASTER] 22:24:49.057 [logback-1] WARN  TimeController - Already entered in phase: INLINING. This will mess up the timing calculations.
* test suite isTestSuite: 6
Test 0: 
ExtrasPatternParser extrasPatternParser = new ExtrasPatternParser("e?'NT");
extrasPatternParser.finalizeConverter('j');

Test 1: 
ExtrasPatternParser extrasPatternParser = new ExtrasPatternParser("SS_[QORP,C}'$");
extrasPatternParser.finalizeConverter('s');
Test 2: 
ExtrasPatternParser extrasPatternParser = new ExtrasPatternParser("");
extrasPatternParser.finalizeConverter('i');
Test 3: 
ExtrasPatternParser extrasPatternParser = new ExtrasPatternParser("e?'NT");
extrasPatternParser.finalizeConverter('u');
Test 4: 
ExtrasPatternParser extrasPatternParser = new ExtrasPatternParser("");
extrasPatternParser.finalizeConverter('R');
Test 5: 
ExtrasPatternParser extrasPatternParser = new ExtrasPatternParser("");
extrasPatternParser.finalizeConverter('q');

* Minimizing test suite
* test suite isTestSuite: 6
Test 0: 
ExtrasPatternParser extrasPatternParser = new ExtrasPatternParser("e?'NT");
extrasPatternParser.finalizeConverter('j');

Test 1: 
ExtrasPatternParser extrasPatternParser = new ExtrasPatternParser("SS_[QORP,C}'$");
extrasPatternParser.finalizeConverter('s');
Test 2: 
ExtrasPatternParser extrasPatternParser = new ExtrasPatternParser("");
extrasPatternParser.finalizeConverter('i');
Test 3: 
ExtrasPatternParser extrasPatternParser = new ExtrasPatternParser("e?'NT");
extrasPatternParser.finalizeConverter('u');
Test 4: 
ExtrasPatternParser extrasPatternParser = new ExtrasPatternParser("");
extrasPatternParser.finalizeConverter('R');
Test 5: 
ExtrasPatternParser extrasPatternParser = new ExtrasPatternParser("");
extrasPatternParser.finalizeConverter('q');

[MASTER] 22:24:49.814 [logback-1] WARN  TimeController - Already entered in phase: MINIMIZATION. This will mess up the timing calculations.
* Going to analyze the coverage criteria
* Coverage analysis for criterion BRANCH
* Coverage of criterion BRANCH: 100%
* Total number of goals: 11
* Number of covered goals: 11
* Coverage analysis for criterion LINE
* Coverage of criterion LINE: 100%
* Total number of goals: 14
* Number of covered goals: 14
* Coverage analysis for criterion OUTPUT
* Coverage of criterion OUTPUT: 100% (no goals)
* Coverage analysis for criterion METHOD
* Coverage of criterion METHOD: 100%
* Total number of goals: 2
* Number of covered goals: 2
* Coverage analysis for criterion CBRANCH
* Coverage of criterion CBRANCH: 100%
* Total number of goals: 11
* Number of covered goals: 11
* Generated 6 tests with total length 12
* Resulting test suite's coverage: 100% (average coverage for all fitness functions)
* Generating assertions
[MASTER] 22:24:49.870 [logback-1] WARN  TimeController - Already entered in phase: COVERAGE_ANALYSIS. This will mess up the timing calculations.
* Resulting test suite's mutation score: 0%
[MASTER] 22:24:50.607 [logback-1] WARN  TimeController - Already entered in phase: ASSERTION_GENERATION. This will mess up the timing calculations.
* Compiling and checking tests
Going to execute: removeTestsThatDoNotCompile
* Compiling Tests
** Write a test suite: 0 called: 0 to improve: false
* Compiling Tests
** Write a test suite: 0 called: 0 to improve: false
* Compiling Tests
** Write a test suite: 0 called: 0 to improve: false
* Compiling Tests
** Write a test suite: 0 called: 0 to improve: false
* Compiling Tests
** Write a test suite: 0 called: 0 to improve: false
* Compiling Tests
** Write a test suite: 0 called: 0 to improve: false
Going to execute: handleTestsThatAreUnstable
* Compiling Tests
** Write a test suite: 0 called: 0 to improve: false
Going to execute: handleTestsThatAreUnstable
[MASTER] 22:24:51.019 [logback-1] WARN  AgentLoader - Failed to find EvoSuite jar in current classloader. URLs of classloader:
file:/tmp/EvoSuite_pathingJar1430228642823011190.jar
file:/root/.sdkman/candidates/java/8.0.333.fx-librca/jre/../lib/tools.jar
file:/root/.sdkman/candidates/java/8.0.333.fx-librca/jre/lib/ext/cldrdata.jar
file:/root/.sdkman/candidates/java/8.0.333.fx-librca/jre/lib/ext/sunec.jar
file:/root/.sdkman/candidates/java/8.0.333.fx-librca/jre/lib/ext/localedata.jar
file:/root/.sdkman/candidates/java/8.0.333.fx-librca/jre/lib/ext/jaccess.jar
file:/root/.sdkman/candidates/java/8.0.333.fx-librca/jre/lib/ext/dnsns.jar
file:/root/.sdkman/candidates/java/8.0.333.fx-librca/jre/lib/ext/sunpkcs11.jar
file:/root/.sdkman/candidates/java/8.0.333.fx-librca/jre/lib/ext/zipfs.jar
file:/root/.sdkman/candidates/java/8.0.333.fx-librca/jre/lib/ext/jfxrt.jar
file:/root/.sdkman/candidates/java/8.0.333.fx-librca/jre/lib/ext/sunjce_provider.jar
file:/root/.sdkman/candidates/java/8.0.333.fx-librca/jre/lib/ext/nashorn.jar
* Compiling Tests
[MASTER] 22:24:51.020 [logback-1] WARN  JUnitAnalyzer - Found unstable test named initializationError -> class java.lang.RuntimeException: Cannot find either the compilation target folder nor the EvoSuite jar in classpath: /tmp/EvoSuite_pathingJar1430228642823011190.jar
** Write a test suite: 0 called: 0 to improve: false
[MASTER] 22:24:51.071 [logback-1] WARN  AgentLoader - Failed to find EvoSuite jar in current classloader. URLs of classloader:
file:/tmp/EvoSuite_pathingJar1430228642823011190.jar
file:/root/.sdkman/candidates/java/8.0.333.fx-librca/jre/../lib/tools.jar
file:/root/.sdkman/candidates/java/8.0.333.fx-librca/jre/lib/ext/cldrdata.jar
file:/root/.sdkman/candidates/java/8.0.333.fx-librca/jre/lib/ext/sunec.jar
file:/root/.sdkman/candidates/java/8.0.333.fx-librca/jre/lib/ext/localedata.jar
file:/root/.sdkman/candidates/java/8.0.333.fx-librca/jre/lib/ext/jaccess.jar
file:/root/.sdkman/candidates/java/8.0.333.fx-librca/jre/lib/ext/dnsns.jar
file:/root/.sdkman/candidates/java/8.0.333.fx-librca/jre/lib/ext/sunpkcs11.jar
file:/root/.sdkman/candidates/java/8.0.333.fx-librca/jre/lib/ext/zipfs.jar
file:/root/.sdkman/candidates/java/8.0.333.fx-librca/jre/lib/ext/jfxrt.jar
file:/root/.sdkman/candidates/java/8.0.333.fx-librca/jre/lib/ext/sunjce_provider.jar
file:/root/.sdkman/candidates/java/8.0.333.fx-librca/jre/lib/ext/nashorn.jar
[MASTER] 22:24:51.072 [logback-1] WARN  JUnitAnalyzer - Found unstable test named initializationError -> class java.lang.RuntimeException: Cannot find either the compilation target folder nor the EvoSuite jar in classpath: /tmp/EvoSuite_pathingJar1430228642823011190.jar
Going to execute: handleTestsThatAreUnstable
* Compiling Tests
** Write a test suite: 0 called: 0 to improve: false
[MASTER] 22:24:51.123 [logback-1] WARN  AgentLoader - Failed to find EvoSuite jar in current classloader. URLs of classloader:
file:/tmp/EvoSuite_pathingJar1430228642823011190.jar
file:/root/.sdkman/candidates/java/8.0.333.fx-librca/jre/../lib/tools.jar
file:/root/.sdkman/candidates/java/8.0.333.fx-librca/jre/lib/ext/cldrdata.jar
file:/root/.sdkman/candidates/java/8.0.333.fx-librca/jre/lib/ext/sunec.jar
file:/root/.sdkman/candidates/java/8.0.333.fx-librca/jre/lib/ext/localedata.jar
file:/root/.sdkman/candidates/java/8.0.333.fx-librca/jre/lib/ext/jaccess.jar
file:/root/.sdkman/candidates/java/8.0.333.fx-librca/jre/lib/ext/dnsns.jar
file:/root/.sdkman/candidates/java/8.0.333.fx-librca/jre/lib/ext/sunpkcs11.jar
file:/root/.sdkman/candidates/java/8.0.333.fx-librca/jre/lib/ext/zipfs.jar
file:/root/.sdkman/candidates/java/8.0.333.fx-librca/jre/lib/ext/jfxrt.jar
file:/root/.sdkman/candidates/java/8.0.333.fx-librca/jre/lib/ext/sunjce_provider.jar
file:/root/.sdkman/candidates/java/8.0.333.fx-librca/jre/lib/ext/nashorn.jar
Going to execute: handleTestsThatAreUnstable
* Compiling Tests
** Write a test suite: 0 called: 0 to improve: false
[MASTER] 22:24:51.124 [logback-1] WARN  JUnitAnalyzer - Found unstable test named initializationError -> class java.lang.RuntimeException: Cannot find either the compilation target folder nor the EvoSuite jar in classpath: /tmp/EvoSuite_pathingJar1430228642823011190.jar
[MASTER] 22:24:51.174 [logback-1] WARN  AgentLoader - Failed to find EvoSuite jar in current classloader. URLs of classloader:
file:/tmp/EvoSuite_pathingJar1430228642823011190.jar
file:/root/.sdkman/candidates/java/8.0.333.fx-librca/jre/../lib/tools.jar
file:/root/.sdkman/candidates/java/8.0.333.fx-librca/jre/lib/ext/cldrdata.jar
file:/root/.sdkman/candidates/java/8.0.333.fx-librca/jre/lib/ext/sunec.jar
file:/root/.sdkman/candidates/java/8.0.333.fx-librca/jre/lib/ext/localedata.jar
file:/root/.sdkman/candidates/java/8.0.333.fx-librca/jre/lib/ext/jaccess.jar
file:/root/.sdkman/candidates/java/8.0.333.fx-librca/jre/lib/ext/dnsns.jar
file:/root/.sdkman/candidates/java/8.0.333.fx-librca/jre/lib/ext/sunpkcs11.jar
file:/root/.sdkman/candidates/java/8.0.333.fx-librca/jre/lib/ext/zipfs.jar
file:/root/.sdkman/candidates/java/8.0.333.fx-librca/jre/lib/ext/jfxrt.jar
file:/root/.sdkman/candidates/java/8.0.333.fx-librca/jre/lib/ext/sunjce_provider.jar
file:/root/.sdkman/candidates/java/8.0.333.fx-librca/jre/lib/ext/nashorn.jar
Going to execute: handleTestsThatAreUnstable
* Compiling Tests
** Write a test suite: 0 called: 0 to improve: false
[MASTER] 22:24:51.175 [logback-1] WARN  JUnitAnalyzer - Found unstable test named initializationError -> class java.lang.RuntimeException: Cannot find either the compilation target folder nor the EvoSuite jar in classpath: /tmp/EvoSuite_pathingJar1430228642823011190.jar
[MASTER] 22:24:51.235 [logback-1] WARN  AgentLoader - Failed to find EvoSuite jar in current classloader. URLs of classloader:
file:/tmp/EvoSuite_pathingJar1430228642823011190.jar
file:/root/.sdkman/candidates/java/8.0.333.fx-librca/jre/../lib/tools.jar
file:/root/.sdkman/candidates/java/8.0.333.fx-librca/jre/lib/ext/cldrdata.jar
file:/root/.sdkman/candidates/java/8.0.333.fx-librca/jre/lib/ext/sunec.jar
file:/root/.sdkman/candidates/java/8.0.333.fx-librca/jre/lib/ext/localedata.jar
file:/root/.sdkman/candidates/java/8.0.333.fx-librca/jre/lib/ext/jaccess.jar
file:/root/.sdkman/candidates/java/8.0.333.fx-librca/jre/lib/ext/dnsns.jar
file:/root/.sdkman/candidates/java/8.0.333.fx-librca/jre/lib/ext/sunpkcs11.jar
file:/root/.sdkman/candidates/java/8.0.333.fx-librca/jre/lib/ext/zipfs.jar
file:/root/.sdkman/candidates/java/8.0.333.fx-librca/jre/lib/ext/jfxrt.jar
file:/root/.sdkman/candidates/java/8.0.333.fx-librca/jre/lib/ext/sunjce_provider.jar
file:/root/.sdkman/candidates/java/8.0.333.fx-librca/jre/lib/ext/nashorn.jar
Going to execute: handleTestsThatAreUnstable
* Compiling Tests
** Write a test suite: 0 called: 0 to improve: false
[MASTER] 22:24:51.236 [logback-1] WARN  JUnitAnalyzer - Found unstable test named initializationError -> class java.lang.RuntimeException: Cannot find either the compilation target folder nor the EvoSuite jar in classpath: /tmp/EvoSuite_pathingJar1430228642823011190.jar
[MASTER] 22:24:51.293 [logback-1] WARN  AgentLoader - Failed to find EvoSuite jar in current classloader. URLs of classloader:
file:/tmp/EvoSuite_pathingJar1430228642823011190.jar
file:/root/.sdkman/candidates/java/8.0.333.fx-librca/jre/../lib/tools.jar
file:/root/.sdkman/candidates/java/8.0.333.fx-librca/jre/lib/ext/cldrdata.jar
file:/root/.sdkman/candidates/java/8.0.333.fx-librca/jre/lib/ext/sunec.jar
file:/root/.sdkman/candidates/java/8.0.333.fx-librca/jre/lib/ext/localedata.jar
file:/root/.sdkman/candidates/java/8.0.333.fx-librca/jre/lib/ext/jaccess.jar
file:/root/.sdkman/candidates/java/8.0.333.fx-librca/jre/lib/ext/dnsns.jar
file:/root/.sdkman/candidates/java/8.0.333.fx-librca/jre/lib/ext/sunpkcs11.jar
file:/root/.sdkman/candidates/java/8.0.333.fx-librca/jre/lib/ext/zipfs.jar
file:/root/.sdkman/candidates/java/8.0.333.fx-librca/jre/lib/ext/jfxrt.jar
file:/root/.sdkman/candidates/java/8.0.333.fx-librca/jre/lib/ext/sunjce_provider.jar
file:/root/.sdkman/candidates/java/8.0.333.fx-librca/jre/lib/ext/nashorn.jar
Going to execute: handleTestsThatAreUnstable
* Compiling Tests
** Write a test suite: 0 called: 0 to improve: false
** Write a test suite: 1 called: 1 to improve: false
[MASTER] 22:24:51.294 [logback-1] WARN  JUnitAnalyzer - Found unstable test named initializationError -> class java.lang.RuntimeException: Cannot find either the compilation target folder nor the EvoSuite jar in classpath: /tmp/EvoSuite_pathingJar1430228642823011190.jar
** Write a test suite: 2 called: 2 to improve: false
** Write a test suite: 3 called: 3 to improve: false
** Write a test suite: 4 called: 4 to improve: false
** Write a test suite: 5 called: 5 to improve: false
[MASTER] 22:24:51.393 [logback-1] WARN  AgentLoader - Failed to find EvoSuite jar in current classloader. URLs of classloader:
file:/tmp/EvoSuite_pathingJar1430228642823011190.jar
file:/root/.sdkman/candidates/java/8.0.333.fx-librca/jre/../lib/tools.jar
file:/root/.sdkman/candidates/java/8.0.333.fx-librca/jre/lib/ext/cldrdata.jar
file:/root/.sdkman/candidates/java/8.0.333.fx-librca/jre/lib/ext/sunec.jar
file:/root/.sdkman/candidates/java/8.0.333.fx-librca/jre/lib/ext/localedata.jar
file:/root/.sdkman/candidates/java/8.0.333.fx-librca/jre/lib/ext/jaccess.jar
file:/root/.sdkman/candidates/java/8.0.333.fx-librca/jre/lib/ext/dnsns.jar
file:/root/.sdkman/candidates/java/8.0.333.fx-librca/jre/lib/ext/sunpkcs11.jar
file:/root/.sdkman/candidates/java/8.0.333.fx-librca/jre/lib/ext/zipfs.jar
file:/root/.sdkman/candidates/java/8.0.333.fx-librca/jre/lib/ext/jfxrt.jar
file:/root/.sdkman/candidates/java/8.0.333.fx-librca/jre/lib/ext/sunjce_provider.jar
file:/root/.sdkman/candidates/java/8.0.333.fx-librca/jre/lib/ext/nashorn.jar
Going to execute: handleTestsThatAreUnstable
* Compiling Tests
** Write a test suite: 0 called: 0 to improve: false
** Write a test suite: 1 called: 1 to improve: false
** Write a test suite: 2 called: 2 to improve: false
** Write a test suite: 3 called: 3 to improve: false
** Write a test suite: 4 called: 4 to improve: false
** Write a test suite: 5 called: 5 to improve: false
[MASTER] 22:24:51.395 [logback-1] WARN  JUnitAnalyzer - Found unstable test named initializationError -> class java.lang.RuntimeException: Cannot find either the compilation target folder nor the EvoSuite jar in classpath: /tmp/EvoSuite_pathingJar1430228642823011190.jar
[MASTER] 22:24:51.486 [logback-1] WARN  AgentLoader - Failed to find EvoSuite jar in current classloader. URLs of classloader:
file:/tmp/EvoSuite_pathingJar1430228642823011190.jar
file:/root/.sdkman/candidates/java/8.0.333.fx-librca/jre/../lib/tools.jar
file:/root/.sdkman/candidates/java/8.0.333.fx-librca/jre/lib/ext/cldrdata.jar
file:/root/.sdkman/candidates/java/8.0.333.fx-librca/jre/lib/ext/sunec.jar
file:/root/.sdkman/candidates/java/8.0.333.fx-librca/jre/lib/ext/localedata.jar
file:/root/.sdkman/candidates/java/8.0.333.fx-librca/jre/lib/ext/jaccess.jar
file:/root/.sdkman/candidates/java/8.0.333.fx-librca/jre/lib/ext/dnsns.jar
file:/root/.sdkman/candidates/java/8.0.333.fx-librca/jre/lib/ext/sunpkcs11.jar
file:/root/.sdkman/candidates/java/8.0.333.fx-librca/jre/lib/ext/zipfs.jar
file:/root/.sdkman/candidates/java/8.0.333.fx-librca/jre/lib/ext/jfxrt.jar
file:/root/.sdkman/candidates/java/8.0.333.fx-librca/jre/lib/ext/sunjce_provider.jar
file:/root/.sdkman/candidates/java/8.0.333.fx-librca/jre/lib/ext/nashorn.jar
* Writing tests to file
[MASTER] 22:24:51.488 [logback-1] WARN  JUnitAnalyzer - Found unstable test named initializationError -> class java.lang.RuntimeException: Cannot find either the compilation target folder nor the EvoSuite jar in classpath: /tmp/EvoSuite_pathingJar1430228642823011190.jar
[MASTER] 22:24:51.490 [logback-1] WARN  TimeController - Already entered in phase: JUNIT_CHECK. This will mess up the timing calculations.
* Writing JUnit test case 'ExtrasPatternParser_ESTest' to evosuite-tests
** Write a test suite: 0 called: 0 to improve: false
** Write a test suite: 1 called: 1 to improve: false
** Write a test suite: 2 called: 2 to improve: false
** Write a test suite: 3 called: 3 to improve: false
** Write a test suite: 5 called: 4 to improve: false
* Writing JUnit test case 'ExtrasPatternParser_Original_ESTest' to evosuite-tests
** Write a test suite: 0 called: 0 to improve: false
** Write a test suite: 1 called: 1 to improve: false
** Write a test suite: 2 called: 2 to improve: false
** Write a test suite: 3 called: 3 to improve: false
** Write a test suite: 4 called: 4 to improve: false
** Write a test suite: 5 called: 5 to improve: false
* Done!

* Computation finished
