To honour the JVM settings for this build a single-use Daemon process will be forked. For more on this, please refer to https://docs.gradle.org/8.6/userguide/gradle_daemon.html#sec:disabling_the_daemon in the Gradle documentation.
Daemon will be stopped at the end of the build 
> Task :compileJava
> Task :processResources
> Task :classes
> Task :jar
> Task :assemble
> Task :compileTestJava
> Task :processTestResources NO-SOURCE
> Task :testClasses

> Task :test

FSPathResult_ESTest > testCreatesFSPathResultTakingDouble() FAILED
    org.opentest4j.AssertionFailedError at FSPathResult_ESTest.java:194

FSPathExplorer_ESTest > testStartThrowsNullPointerException() FAILED
    java.lang.NullPointerException at FSPathExplorer_ESTest.java:32

FSPathExplorer_ESTest > testMainThrowsNullPointerException() FAILED
    java.lang.NullPointerException at FSPathExplorer_ESTest.java:84

FSPathExplorer_ESTest > testMainThrowsTooManyResourcesException() FAILED
    java.util.concurrent.TimeoutException at TimeoutInvocation.java:70


> Task :test

FSPathExplorer_ESTest > testConfigureExplorerThrowsNullPointerException() FAILED
    org.opentest4j.AssertionFailedError at FSPathExplorer_ESTest.java:134

FSPathResult_ESTest > initializationError FAILED
    org.junit.runners.model.InvalidTestClassError at ParentRunner.java:525

FSPathExplorer_ESTest > initializationError FAILED
    org.junit.runners.model.InvalidTestClassError at ParentRunner.java:525
There were failing tests. See the report at: file:///home/roham/Results-Utestgen/dataset/SF110-new-UTestGen-src/60_sugar/build/reports/tests/test/index.html

> Task :jacocoTestReport
> Task :check
> Task :build

Deprecated Gradle features were used in this build, making it incompatible with Gradle 9.0.

You can use '--warning-mode all' to show the individual deprecation warnings and determine if they come from your own scripts or plugins.

For more on this, please refer to https://docs.gradle.org/8.6/userguide/command_line_interface.html#sec:command_line_warnings in the Gradle documentation.

BUILD SUCCESSFUL in 36s
6 actionable tasks: 6 executed
