To honour the JVM settings for this build a single-use Daemon process will be forked. For more on this, please refer to https://docs.gradle.org/8.6/userguide/gradle_daemon.html#sec:disabling_the_daemon in the Gradle documentation.
Daemon will be stopped at the end of the build 

> Task :compileJava

> Task :processResources NO-SOURCE
> Task :classes
> Task :jar
> Task :assemble

> Task :compileTestJava

> Task :processTestResources NO-SOURCE
> Task :testClasses

> Task :test

DataAccessorTest > testDataAccessor FAILED
    java.sql.SQLException at DataAccessorTest.java:43

OAIProviderTest > testListRecordsResumption FAILED
    java.sql.SQLException at OAIProviderTest.java:173

OAIProviderTest > testListMetadataFormatsWithId FAILED
    java.sql.SQLException at OAIProviderTest.java:173

OAIProviderTest > testListRecordsFrom FAILED
    java.sql.SQLException at OAIProviderTest.java:173

OAIProviderTest > testListIdentifiers FAILED
    java.sql.SQLException at OAIProviderTest.java:173

OAIProviderTest > testListRecordsFromUntil FAILED
    java.sql.SQLException at OAIProviderTest.java:173

OAIProviderTest > testGetRecordBadId FAILED
    java.sql.SQLException at OAIProviderTest.java:173

OAIProviderTest > testListRecordsUntil FAILED
    java.sql.SQLException at OAIProviderTest.java:173

OAIProviderTest > testListMetadataFormats FAILED
    java.sql.SQLException at OAIProviderTest.java:173

OAIProviderTest > testListMetadataFormatsWithBadId FAILED
    java.sql.SQLException at OAIProviderTest.java:173

OAIProviderTest > testIdentify FAILED
    java.sql.SQLException at OAIProviderTest.java:173

OAIProviderTest > testListIdentifiersResumption FAILED
    java.sql.SQLException at OAIProviderTest.java:173

OAIProviderTest > testListRecords FAILED
    java.sql.SQLException at OAIProviderTest.java:173

OAIProviderTest > testGetRecord FAILED
    java.sql.SQLException at OAIProviderTest.java:173

OAIProviderTest > testListSets FAILED
    java.sql.SQLException at OAIProviderTest.java:173
There were failing tests. See the report at: file:///home/roham/Results-Utestgen/dataset/SF110-new-UTestGen-src/96_heal/build/reports/tests/test/index.html

> Task :jacocoTestReport
> Task :check
> Task :build

Deprecated Gradle features were used in this build, making it incompatible with Gradle 9.0.

You can use '--warning-mode all' to show the individual deprecation warnings and determine if they come from your own scripts or plugins.

For more on this, please refer to https://docs.gradle.org/8.6/userguide/command_line_interface.html#sec:command_line_warnings in the Gradle documentation.

BUILD SUCCESSFUL in 37s
5 actionable tasks: 5 executed
