* EvoSuite 1.0.0-SNAPSHOT
* Going to generate test cases for class: com.jstevh.viewer.ClassViewer
* Starting Client-0
* Properties loaded from /home/roham/Results-Utestgen/dataset/SF110-new-res/91_classviewer/evosuite-files/evosuite.properties
* Connecting to master process on port 11961
* Analyzing classpath: 
* Inheritance tree loaded from evosuite-files/inheritance.xml.gz
[MASTER] 19:17:55.606 [logback-1] WARN  InheritanceTree - Class not in inheritance graph: java.util.function.Consumer
[MASTER] 19:17:55.608 [logback-1] WARN  InheritanceTree - Class not in inheritance graph: java.util.function.Predicate
[MASTER] 19:17:56.165 [logback-1] WARN  InheritanceTree - Class not in inheritance graph: java.util.function.UnaryOperator
[MASTER] 19:17:56.211 [logback-1] WARN  InheritanceTree - Class not in inheritance graph: java.util.function.BiFunction
[MASTER] 19:17:56.212 [logback-1] WARN  InheritanceTree - Class not in inheritance graph: java.util.function.Function
[MASTER] 19:17:56.214 [logback-1] WARN  InheritanceTree - Class not in inheritance graph: java.util.function.BiConsumer
[MASTER] 19:17:57.585 [logback-1] WARN  InheritanceTree - Class not in inheritance graph: java.time.ZoneId
[MASTER] 19:17:57.623 [logback-1] WARN  InheritanceTree - Class not in inheritance graph: java.time.temporal.Temporal
[MASTER] 19:17:57.624 [logback-1] WARN  InheritanceTree - Class not in inheritance graph: java.time.temporal.TemporalAccessor
[MASTER] 19:17:57.624 [logback-1] WARN  InheritanceTree - Class not in inheritance graph: java.time.temporal.TemporalField
[MASTER] 19:17:57.624 [logback-1] WARN  InheritanceTree - Class not in inheritance graph: java.time.temporal.TemporalUnit
[MASTER] 19:17:57.625 [logback-1] WARN  InheritanceTree - Class not in inheritance graph: java.time.temporal.TemporalAmount
[MASTER] 19:17:57.625 [logback-1] WARN  InheritanceTree - Class not in inheritance graph: java.time.Clock
[MASTER] 19:17:57.626 [logback-1] WARN  InheritanceTree - Class not in inheritance graph: java.time.temporal.TemporalQuery
[MASTER] 19:17:57.627 [logback-1] WARN  InheritanceTree - Class not in inheritance graph: java.time.temporal.TemporalAdjuster
[MASTER] 19:17:57.685 [logback-1] WARN  InheritanceTree - Class not in inheritance graph: java.time.chrono.Chronology
[MASTER] 19:17:57.696 [logback-1] WARN  InheritanceTree - Class not in inheritance graph: java.time.chrono.Era
* Finished analyzing classpath
* Generating tests for class com.jstevh.viewer.ClassViewer
* Test criteria:
  - Branch Coverage
  - Line Coverage
  - Method-Output Coverage
  - Top-Level Method Coverage
  - Context Branch Coverage
* Total number of test goals for DYNAMOSA: 1092
* Using seed 1710357471852
* Starting evolution
[Progress:>                             0%] [Cov:>                                  0%]* Initial Number of Goals in DynaMOSA = 415 / 1092
[Progress:>                             0%] [Cov:>                                  1%][Progress:>                             2%] [Cov:>                                  2%][Progress:>                             2%] [Cov:>                                  2%][Progress:>                             3%] [Cov:>                                  2%][Progress:>                             3%] [Cov:>                                  2%][Progress:>                             3%] [Cov:>                                  2%][Progress:=>                            4%] [Cov:>                                  2%][Progress:=>                            4%] [Cov:>                                  2%][Progress:=>                            5%] [Cov:>                                  2%][Progress:=>                            5%] [Cov:>                                  2%][Progress:=>                            6%] [Cov:>                                  2%][Progress:=>                            6%] [Cov:>                                  2%][Progress:==>                           7%] [Cov:>                                  2%][Progress:==>                           7%] [Cov:>                                  2%][Progress:==>                           7%] [Cov:>                                  2%][Progress:==>                           8%] [Cov:>                                  2%][Progress:==>                           8%] [Cov:>                                  2%][Progress:==>                           8%] [Cov:>                                  2%][Progress:==>                           9%] [Cov:>                                  2%][Progress:==>                           9%] [Cov:>                                  2%][Progress:===>                          10%] [Cov:>                                  2%][Progress:===>                          10%] [Cov:>                                  2%][Progress:===>                          11%] [Cov:>                                  2%][Progress:===>                          11%] [Cov:>                                  2%][Progress:===>                          12%] [Cov:>                                  2%][Progress:===>                          12%] [Cov:>                                  2%][Progress:===>                          13%] [Cov:>                                  2%][Progress:===>                          13%] [Cov:>                                  2%][Progress:====>                         14%] [Cov:>                                  2%][Progress:====>                         15%] [Cov:>                                  2%][Progress:====>                         15%] [Cov:>                                  2%][Progress:====>                         15%] [Cov:>                                  2%][Progress:====>                         16%] [Cov:>                                  2%][Progress:====>                         16%] [Cov:>                                  2%][Progress:====>                         16%] [Cov:>                                  2%][Progress:=====>                        17%] [Cov:>                                  2%][Progress:=====>                        17%] [Cov:>                                  2%][Progress:=====>                        17%] [Cov:>                                  2%][Progress:=====>                        17%] [Cov:>                                  2%][Progress:=====>                        18%] [Cov:>                                  2%][Progress:=====>                        18%] [Cov:>                                  2%][Progress:=====>                        18%] [Cov:>                                  2%][Progress:=====>                        19%] [Cov:>                                  2%][Progress:=====>                        19%] [Cov:>                                  2%][Progress:======>                       20%] [Cov:>                                  2%][Progress:======>                       20%] [Cov:>                                  2%][Progress:======>                       21%] [Cov:>                                  2%][Progress:======>                       21%] [Cov:>                                  2%][Progress:======>                       22%] [Cov:>                                  2%][Progress:======>                       22%] [Cov:>                                  2%][Progress:======>                       22%] [Cov:>                                  2%][Progress:======>                       23%] [Cov:>                                  2%][Progress:======>                       23%] [Cov:>                                  2%][Progress:=======>                      24%] [Cov:>                                  2%][Progress:=======>                      24%] [Cov:>                                  2%][Progress:=======>                      24%] [Cov:>                                  2%][Progress:=======>                      25%] [Cov:>                                  2%][Progress:=======>                      25%] [Cov:>                                  2%][Progress:=======>                      26%] [Cov:>                                  2%][Progress:=======>                      26%] [Cov:>                                  2%][Progress:========>                     27%] [Cov:>                                  2%][Progress:========>                     27%] [Cov:>                                  2%][Progress:========>                     28%] [Cov:>                                  2%][Progress:========>                     28%] [Cov:>                                  2%][Progress:========>                     29%] [Cov:>                                  2%][Progress:========>                     29%] [Cov:>                                  2%][Progress:=========>                    30%] [Cov:>                                  2%][Progress:=========>                    30%] [Cov:>                                  2%][Progress:=========>                    31%] [Cov:>                                  2%][Progress:=========>                    31%] [Cov:>                                  2%][Progress:=========>                    32%] [Cov:>                                  2%][Progress:=========>                    32%] [Cov:>                                  2%][Progress:=========>                    32%] [Cov:>                                  2%][Progress:=========>                    33%] [Cov:>                                  2%][Progress:=========>                    33%] [Cov:>                                  2%][Progress:=========>                    33%] [Cov:>                                  2%][Progress:==========>                   34%] [Cov:>                                  2%][Progress:==========>                   34%] [Cov:>                                  2%][Progress:==========>                   34%] [Cov:>                                  2%][Progress:==========>                   35%] [Cov:>                                  2%][Progress:==========>                   35%] [Cov:>                                  2%][Progress:==========>                   36%] [Cov:>                                  2%][Progress:==========>                   36%] [Cov:>                                  2%][Progress:==========>                   36%] [Cov:>                                  2%][Progress:==========>                   36%] [Cov:>                                  2%][Progress:===========>                  37%] [Cov:>                                  2%][Progress:===========>                  37%] [Cov:>                                  2%][Progress:===========>                  38%] [Cov:>                                  2%][Progress:===========>                  38%] [Cov:>                                  2%][Progress:===========>                  39%] [Cov:>                                  2%][Progress:===========>                  39%] [Cov:>                                  2%][Progress:===========>                  39%] [Cov:>                                  2%][Progress:============>                 40%] [Cov:>                                  2%][Progress:============>                 40%] [Cov:>                                  2%][Progress:============>                 41%] [Cov:>                                  2%][Progress:============>                 41%] [Cov:>                                  2%][Progress:============>                 41%] [Cov:>                                  2%][Progress:============>                 42%] [Cov:>                                  2%][Progress:============>                 42%] [Cov:>                                  2%][Progress:============>                 43%] [Cov:>                                  2%][Progress:============>                 43%] [Cov:>                                  2%][Progress:=============>                44%] [Cov:>                                  2%][Progress:=============>                44%] [Cov:>                                  2%][Progress:=============>                45%] [Cov:>                                  2%][Progress:=============>                45%] [Cov:>                                  2%][Progress:=============>                46%] [Cov:>                                  2%][Progress:=============>                46%] [Cov:>                                  2%][Progress:==============>               47%] [Cov:>                                  2%][Progress:==============>               47%] [Cov:>                                  2%][Progress:==============>               48%] [Cov:>                                  2%][Progress:==============>               48%] [Cov:>                                  2%][Progress:==============>               49%] [Cov:>                                  2%][Progress:==============>               49%] [Cov:>                                  2%][Progress:===============>              50%] [Cov:>                                  2%][Progress:===============>              50%] [Cov:>                                  2%][Progress:===============>              51%] [Cov:>                                  2%][Progress:===============>              51%] [Cov:>                                  2%][Progress:===============>              51%] [Cov:>                                  2%][Progress:===============>              52%] [Cov:>                                  2%][Progress:===============>              52%] [Cov:>                                  2%][Progress:===============>              52%] [Cov:>                                  2%][Progress:===============>              53%] [Cov:>                                  2%][Progress:===============>              53%] [Cov:>                                  2%][Progress:===============>              53%] [Cov:>                                  2%][Progress:===============>              53%] [Cov:>                                  2%][Progress:================>             54%] [Cov:>                                  2%][Progress:================>             54%] [Cov:>                                  2%][Progress:================>             54%] [Cov:>                                  2%][Progress:================>             55%] [Cov:>                                  2%][Progress:================>             55%] [Cov:>                                  2%][Progress:================>             56%] [Cov:>                                  2%][Progress:================>             56%] [Cov:>                                  2%][Progress:=================>            57%] [Cov:>                                  2%][Progress:=================>            57%] [Cov:>                                  2%][Progress:=================>            58%] [Cov:>                                  2%][Progress:=================>            58%] [Cov:>                                  2%][Progress:=================>            58%] [Cov:>                                  2%][Progress:=================>            59%] [Cov:>                                  2%][Progress:=================>            59%] [Cov:>                                  2%][Progress:==================>           60%] [Cov:>                                  2%][Progress:==================>           60%] [Cov:>                                  2%][Progress:==================>           61%] [Cov:>                                  2%][Progress:==================>           61%] [Cov:>                                  2%][Progress:==================>           61%] [Cov:>                                  2%][Progress:==================>           62%] [Cov:>                                  2%][Progress:==================>           62%] [Cov:>                                  2%][Progress:==================>           62%] [Cov:>                                  2%][Progress:==================>           63%] [Cov:>                                  2%][Progress:==================>           63%] [Cov:>                                  2%][Progress:===================>          64%] [Cov:>                                  2%][Progress:===================>          64%] [Cov:>                                  2%][Progress:===================>          65%] [Cov:>                                  2%][Progress:===================>          65%] [Cov:>                                  2%][Progress:===================>          66%] [Cov:>                                  2%][Progress:===================>          66%] [Cov:>                                  2%][Progress:===================>          66%] [Cov:>                                  2%][Progress:====================>         67%] [Cov:>                                  2%][Progress:====================>         67%] [Cov:>                                  2%][Progress:====================>         68%] [Cov:>                                  2%][Progress:====================>         68%] [Cov:>                                  2%][Progress:====================>         69%] [Cov:>                                  2%][Progress:====================>         69%] [Cov:>                                  2%][Progress:====================>         69%] [Cov:>                                  2%][Progress:=====================>        70%] [Cov:>                                  2%][Progress:=====================>        70%] [Cov:>                                  2%][Progress:=====================>        70%] [Cov:>                                  2%][Progress:=====================>        71%] [Cov:>                                  2%][Progress:=====================>        71%] [Cov:>                                  2%][Progress:=====================>        71%] [Cov:>                                  2%][Progress:=====================>        72%] [Cov:>                                  2%][Progress:=====================>        72%] [Cov:>                                  2%][Progress:=====================>        72%] [Cov:>                                  2%][Progress:=====================>        73%] [Cov:>                                  2%][Progress:=====================>        73%] [Cov:>                                  2%][Progress:=====================>        73%] [Cov:>                                  2%][Progress:=====================>        73%] [Cov:>                                  2%][Progress:======================>       74%] [Cov:>                                  2%][Progress:======================>       74%] [Cov:>                                  2%][Progress:======================>       74%] [Cov:>                                  2%][Progress:======================>       74%] [Cov:>                                  2%][Progress:======================>       75%] [Cov:>                                  2%][Progress:======================>       75%] [Cov:>                                  2%][Progress:======================>       75%] [Cov:>                                  2%][Progress:======================>       76%] [Cov:>                                  2%][Progress:======================>       76%] [Cov:>                                  2%][Progress:=======================>      77%] [Cov:>                                  2%][Progress:=======================>      77%] [Cov:>                                  2%][Progress:=======================>      78%] [Cov:>                                  2%][Progress:=======================>      78%] [Cov:>                                  2%][Progress:=======================>      79%] [Cov:>                                  2%][Progress:=======================>      79%] [Cov:>                                  2%][Progress:========================>     80%] [Cov:>                                  2%][Progress:========================>     80%] [Cov:>                                  2%][Progress:========================>     81%] [Cov:>                                  2%][Progress:========================>     81%] [Cov:>                                  2%][Progress:========================>     82%] [Cov:>                                  2%][Progress:========================>     82%] [Cov:>                                  2%][Progress:========================>     82%] [Cov:>                                  2%][Progress:========================>     83%] [Cov:>                                  2%][Progress:========================>     83%] [Cov:>                                  2%][Progress:=========================>    84%] [Cov:>                                  2%][Progress:=========================>    84%] [Cov:>                                  2%][Progress:=========================>    84%] [Cov:>                                  2%][Progress:=========================>    85%] [Cov:>                                  2%][Progress:=========================>    85%] [Cov:>                                  2%][Progress:=========================>    85%] [Cov:>                                  2%][Progress:=========================>    86%] [Cov:>                                  2%][Progress:=========================>    86%] [Cov:>                                  2%][Progress:==========================>   87%] [Cov:>                                  2%][Progress:==========================>   87%] [Cov:>                                  2%][Progress:==========================>   88%] [Cov:>                                  2%][Progress:==========================>   88%] [Cov:>                                  2%][Progress:==========================>   89%] [Cov:>                                  2%][Progress:==========================>   89%] [Cov:>                                  2%][Progress:===========================>  90%] [Cov:>                                  2%][Progress:===========================>  90%] [Cov:>                                  2%][Progress:===========================>  91%] [Cov:>                                  2%][Progress:===========================>  91%] [Cov:>                                  2%][Progress:===========================>  92%] [Cov:>                                  2%][Progress:===========================>  92%] [Cov:>                                  2%][Progress:===========================>  92%] [Cov:>                                  2%][Progress:===========================>  93%] [Cov:>                                  2%][Progress:===========================>  93%] [Cov:>                                  2%][Progress:============================> 94%] [Cov:>                                  2%][Progress:============================> 94%] [Cov:>                                  2%][Progress:============================> 95%] [Cov:>                                  2%][Progress:============================> 95%] [Cov:>                                  2%][Progress:============================> 95%] [Cov:>                                  2%][Progress:============================> 96%] [Cov:>                                  2%][Progress:============================> 96%] [Cov:>                                  2%][Progress:=============================>97%] [Cov:>                                  2%][Progress:=============================>97%] [Cov:>                                  2%][Progress:=============================>98%] [Cov:>                                  2%][Progress:=============================>98%] [Cov:>                                  2%][Progress:=============================>98%] [Cov:>                                  2%][Progress:=============================>99%] [Cov:>                                  2%][Progress:=============================>99%] [Cov:>                                  2%][Progress:=============================>99%] [Cov:>                                  2%][Progress:==============================100%] [Cov:>                                  2%][Progress:==============================100%] [Cov:>                                  2%][Progress:==============================100%] [Cov:>                                  2%]
* Search finished after 102s and 240 generations, 22020 statements, best individual has fitness: 1083.0
* Generated before the refinement 2 tests with total length 4
statement is: org.evosuite.testcase.statements.ArrayStatement@660265c4 type is: class org.evosuite.testcase.statements.ArrayStatement return type class [Ljava.lang.String;
statement code is: String[] stringArray = new String[3]
statement is: main([Ljava/lang/String;)V type is: class org.evosuite.testcase.statements.MethodStatement return type void
statement code is: ClassViewer.main(arg0)
test data is: String[] stringArray = new String[3];
ClassViewer.main(stringArray);

** It was a parseable test case! 
Improved test data is: class DummyClass {
    public static void main() {
        String[] stringArray = new String[]{ "Red Delicious", "Navel", "Gala" };
    }
}
statement is: String[] stringArray = new String[]{ "Red Delicious", "Navel", "Gala" }, class spoon.support.reflect.code.CtLocalVariableImpl
class spoon.support.reflect.code.CtNewArrayImpl
Dimension: [] Ct is: String[] stringArray = new String[3] isAssignment: false Array: new String[]{ "Red Delicious", "Navel", "Gala" } Elements: ["Red Delicious", "Navel", "Gala"]
lengths: [3] []
statement is: org.evosuite.testcase.statements.ArrayStatement@f7c143a4 type is: class org.evosuite.testcase.statements.ArrayStatement return type class [Ljava.lang.String;
statement code is: String[] stringArray = new String[1]
statement is: main([Ljava/lang/String;)V type is: class org.evosuite.testcase.statements.MethodStatement return type void
statement code is: ClassViewer.main(arg0)
test data is: String[] stringArray = new String[1];
ClassViewer.main(stringArray);

** It was a parseable test case! 
Improved test data is: class DummyClass {
    public static void main() {
        String[] stringArray = new String[3];
        stringArray[0] = "test";
        stringArray[1] = "Hello World!";
        stringArray[2] = "This is a test message.";
    }
}
statement is: String[] stringArray = new String[3], class spoon.support.reflect.code.CtLocalVariableImpl
class spoon.support.reflect.code.CtNewArrayImpl
Dimension: [3] Ct is: String[] stringArray = new String[1] isAssignment: false Array: new String[3] Elements: []
lengths: [1] [3]
Their type are: class [Ljava.lang.String; String[]
statement is: stringArray[0] = "test", class spoon.support.reflect.code.CtAssignmentImpl
Assigned : stringArray[0] Assigned Type class spoon.support.reflect.code.CtArrayWriteImpl String Assignment:"test" Ct is: stringArray[0] = "test"
target : stringArray class spoon.support.reflect.code.CtLiteralImpl
statement is: stringArray[1] = "Hello World!", class spoon.support.reflect.code.CtAssignmentImpl
Assigned : stringArray[1] Assigned Type class spoon.support.reflect.code.CtArrayWriteImpl String Assignment:"Hello World!" Ct is: stringArray[1] = "Hello World!"
target : stringArray class spoon.support.reflect.code.CtLiteralImpl
statement is: stringArray[2] = "This is a test message.", class spoon.support.reflect.code.CtAssignmentImpl
Assigned : stringArray[2] Assigned Type class spoon.support.reflect.code.CtArrayWriteImpl String Assignment:"This is a test message." Ct is: stringArray[2] = "This is a test message."
target : stringArray class spoon.support.reflect.code.CtLiteralImpl
TestCase is: String[] stringArray = new String[1];

* test suite isTestSuite: 3
Test 0: 
String[] stringArray = new String[3];
try { 
  ClassViewer.main(stringArray);
  fail("Expecting exception: HeadlessException");

} catch(HeadlessException e) {
   //
   // no message in exception (getMessage() returned null)
   //
   verifyException("java.applet.Applet", e);
}

Test 1: 
String[] stringArray = new String[1];
try { 
  ClassViewer.main(stringArray);
  fail("Expecting exception: NullPointerException");

} catch(NullPointerException e) {
   //
   // no message in exception (getMessage() returned null)
   //
}

Test 2: 
String[] stringArray = new String[1];


* Generated after the refinement and before minimization 3 tests with total length 5
* test suite isTestSuite: 3
Test 0: 
String[] stringArray = new String[3];
try { 
  ClassViewer.main(stringArray);
  fail("Expecting exception: HeadlessException");

} catch(HeadlessException e) {
   //
   // no message in exception (getMessage() returned null)
   //
   verifyException("java.applet.Applet", e);
}

Test 1: 
String[] stringArray = new String[1];
try { 
  ClassViewer.main(stringArray);
  fail("Expecting exception: NullPointerException");

} catch(NullPointerException e) {
   //
   // no message in exception (getMessage() returned null)
   //
}

Test 2: 
String[] stringArray = new String[1];


* Minimizing test suite
* test suite isTestSuite: 2
Test 0: 
String[] stringArray = new String[3];
try { 
  ClassViewer.main(stringArray);
  fail("Expecting exception: HeadlessException");

} catch(HeadlessException e) {
   //
   // no message in exception (getMessage() returned null)
   //
   verifyException("java.applet.Applet", e);
}

Test 1: 
String[] stringArray = new String[1];
try { 
  ClassViewer.main(stringArray);
  fail("Expecting exception: NullPointerException");

} catch(NullPointerException e) {
   //
   // no message in exception (getMessage() returned null)
   //
}


* Going to analyze the coverage criteria
* Coverage analysis for criterion BRANCH
* Coverage of criterion BRANCH: 1%
* Total number of goals: 235
* Number of covered goals: 2
* Coverage analysis for criterion LINE
* Coverage of criterion LINE: 1%
* Total number of goals: 599
* Number of covered goals: 4
* Coverage analysis for criterion OUTPUT
* Coverage of criterion OUTPUT: 0%
* Total number of goals: 11
* Number of covered goals: 0
* Coverage analysis for criterion METHOD
* Coverage of criterion METHOD: 8%
* Total number of goals: 12
* Number of covered goals: 1
* Coverage analysis for criterion CBRANCH
* Coverage of criterion CBRANCH: 1%
* Total number of goals: 235
* Number of covered goals: 2
* Generated 2 tests with total length 4
* Resulting test suite's coverage: 2% (average coverage for all fitness functions)
* Generating assertions
* Resulting test suite's mutation score: 0%
* Compiling and checking tests
Going to execute: removeTestsThatDoNotCompile
* Compiling Tests
** Write a test suite: 0 called: 0 to improve: false
* Compiling Tests
** Write a test suite: 0 called: 0 to improve: true
** Improve Understandability: ** Test Code is: String[] arg0 = new String[3];
try { 
  ClassViewer.main(arg0);
  fail("Expecting exception: HeadlessException");

} catch(HeadlessException e) {
   //
   // no message in exception (getMessage() returned null)
   //
   verifyException("java.applet.Applet", e);
}


** It was a parseable test case! 
refined test name is: testThrowHeadlessExceptionInHeadlessMode
* Compiling Tests
refined test name is: testCorrectExceptionThrownInHeadlessMode
* Compiling Tests
** Write a test suite: 0 called: 0 to improve: false
* Compiling Tests
** Write a test suite: 0 called: 0 to improve: true
** Improve Understandability: ** Test Code is: String[] arg0 = new String[1];
try { 
  ClassViewer.main(arg0);
  fail("Expecting exception: NullPointerException");

} catch(NullPointerException e) {
   //
   // no message in exception (getMessage() returned null)
   //
   verifyException("com.jstevh.viewer.ClassViewer", e);
}


** It was a parseable test case! 
refined test name is: testMainWithNullArgumentThrowsNullPointerException
Going to execute: handleTestsThatAreUnstable
* Compiling Tests
** Write a test suite: 0 called: 0 to improve: false
[MASTER] 19:38:56.764 [logback-1] WARN  AgentLoader - Failed to find EvoSuite jar in current classloader. URLs of classloader:
file:/root/.sdkman/candidates/java/8.0.333.fx-librca/jre/../lib/tools.jar
file:/root/.sdkman/candidates/java/8.0.333.fx-librca/jre/lib/ext/cldrdata.jar
file:/tmp/EvoSuite_pathingJar204711948125985535.jar
file:/root/.sdkman/candidates/java/8.0.333.fx-librca/jre/lib/ext/sunec.jar
file:/root/.sdkman/candidates/java/8.0.333.fx-librca/jre/lib/ext/localedata.jar
file:/root/.sdkman/candidates/java/8.0.333.fx-librca/jre/lib/ext/jaccess.jar
file:/root/.sdkman/candidates/java/8.0.333.fx-librca/jre/lib/ext/dnsns.jar
file:/root/.sdkman/candidates/java/8.0.333.fx-librca/jre/lib/ext/sunpkcs11.jar
file:/root/.sdkman/candidates/java/8.0.333.fx-librca/jre/lib/ext/zipfs.jar
file:/root/.sdkman/candidates/java/8.0.333.fx-librca/jre/lib/ext/jfxrt.jar
file:/root/.sdkman/candidates/java/8.0.333.fx-librca/jre/lib/ext/sunjce_provider.jar
file:/root/.sdkman/candidates/java/8.0.333.fx-librca/jre/lib/ext/nashorn.jar
[MASTER] 19:38:56.798 [logback-1] WARN  JUnitAnalyzer - Found unstable test named initializationError -> class java.lang.RuntimeException: Cannot find either the compilation target folder nor the EvoSuite jar in classpath: /tmp/EvoSuite_pathingJar204711948125985535.jar
Going to execute: handleTestsThatAreUnstable
* Compiling Tests
[MASTER] 19:38:56.873 [logback-1] WARN  AgentLoader - Failed to find EvoSuite jar in current classloader. URLs of classloader:
file:/root/.sdkman/candidates/java/8.0.333.fx-librca/jre/../lib/tools.jar
file:/root/.sdkman/candidates/java/8.0.333.fx-librca/jre/lib/ext/cldrdata.jar
file:/tmp/EvoSuite_pathingJar204711948125985535.jar
file:/root/.sdkman/candidates/java/8.0.333.fx-librca/jre/lib/ext/sunec.jar
file:/root/.sdkman/candidates/java/8.0.333.fx-librca/jre/lib/ext/localedata.jar
file:/root/.sdkman/candidates/java/8.0.333.fx-librca/jre/lib/ext/jaccess.jar
file:/root/.sdkman/candidates/java/8.0.333.fx-librca/jre/lib/ext/dnsns.jar
file:/root/.sdkman/candidates/java/8.0.333.fx-librca/jre/lib/ext/sunpkcs11.jar
file:/root/.sdkman/candidates/java/8.0.333.fx-librca/jre/lib/ext/zipfs.jar
file:/root/.sdkman/candidates/java/8.0.333.fx-librca/jre/lib/ext/jfxrt.jar
file:/root/.sdkman/candidates/java/8.0.333.fx-librca/jre/lib/ext/sunjce_provider.jar
file:/root/.sdkman/candidates/java/8.0.333.fx-librca/jre/lib/ext/nashorn.jar
[MASTER] 19:38:56.875 [logback-1] WARN  JUnitAnalyzer - Found unstable test named initializationError -> class java.lang.RuntimeException: Cannot find either the compilation target folder nor the EvoSuite jar in classpath: /tmp/EvoSuite_pathingJar204711948125985535.jar
Going to execute: handleTestsThatAreUnstable
* Compiling Tests
** Write a test suite: 0 called: 0 to improve: false
[MASTER] 19:38:56.975 [logback-1] WARN  AgentLoader - Failed to find EvoSuite jar in current classloader. URLs of classloader:
file:/root/.sdkman/candidates/java/8.0.333.fx-librca/jre/../lib/tools.jar
file:/root/.sdkman/candidates/java/8.0.333.fx-librca/jre/lib/ext/cldrdata.jar
file:/tmp/EvoSuite_pathingJar204711948125985535.jar
file:/root/.sdkman/candidates/java/8.0.333.fx-librca/jre/lib/ext/sunec.jar
file:/root/.sdkman/candidates/java/8.0.333.fx-librca/jre/lib/ext/localedata.jar
file:/root/.sdkman/candidates/java/8.0.333.fx-librca/jre/lib/ext/jaccess.jar
file:/root/.sdkman/candidates/java/8.0.333.fx-librca/jre/lib/ext/dnsns.jar
file:/root/.sdkman/candidates/java/8.0.333.fx-librca/jre/lib/ext/sunpkcs11.jar
file:/root/.sdkman/candidates/java/8.0.333.fx-librca/jre/lib/ext/zipfs.jar
file:/root/.sdkman/candidates/java/8.0.333.fx-librca/jre/lib/ext/jfxrt.jar
file:/root/.sdkman/candidates/java/8.0.333.fx-librca/jre/lib/ext/sunjce_provider.jar
file:/root/.sdkman/candidates/java/8.0.333.fx-librca/jre/lib/ext/nashorn.jar
[MASTER] 19:38:56.976 [logback-1] WARN  JUnitAnalyzer - Found unstable test named initializationError -> class java.lang.RuntimeException: Cannot find either the compilation target folder nor the EvoSuite jar in classpath: /tmp/EvoSuite_pathingJar204711948125985535.jar
Going to execute: handleTestsThatAreUnstable
* Compiling Tests
** Write a test suite: 1 called: 0 to improve: false
[MASTER] 19:38:57.055 [logback-1] WARN  AgentLoader - Failed to find EvoSuite jar in current classloader. URLs of classloader:
file:/root/.sdkman/candidates/java/8.0.333.fx-librca/jre/../lib/tools.jar
file:/root/.sdkman/candidates/java/8.0.333.fx-librca/jre/lib/ext/cldrdata.jar
file:/tmp/EvoSuite_pathingJar204711948125985535.jar
file:/root/.sdkman/candidates/java/8.0.333.fx-librca/jre/lib/ext/sunec.jar
file:/root/.sdkman/candidates/java/8.0.333.fx-librca/jre/lib/ext/localedata.jar
file:/root/.sdkman/candidates/java/8.0.333.fx-librca/jre/lib/ext/jaccess.jar
file:/root/.sdkman/candidates/java/8.0.333.fx-librca/jre/lib/ext/dnsns.jar
file:/root/.sdkman/candidates/java/8.0.333.fx-librca/jre/lib/ext/sunpkcs11.jar
file:/root/.sdkman/candidates/java/8.0.333.fx-librca/jre/lib/ext/zipfs.jar
file:/root/.sdkman/candidates/java/8.0.333.fx-librca/jre/lib/ext/jfxrt.jar
file:/root/.sdkman/candidates/java/8.0.333.fx-librca/jre/lib/ext/sunjce_provider.jar
file:/root/.sdkman/candidates/java/8.0.333.fx-librca/jre/lib/ext/nashorn.jar
[MASTER] 19:38:57.057 [logback-1] WARN  JUnitAnalyzer - Found unstable test named initializationError -> class java.lang.RuntimeException: Cannot find either the compilation target folder nor the EvoSuite jar in classpath: /tmp/EvoSuite_pathingJar204711948125985535.jar
[MASTER] 19:38:57.085 [logback-1] WARN  TimeController - Already entered in phase: INLINING. This will mess up the timing calculations.
* test suite isTestSuite: 2
Test 0: 
String[] stringArray = new String[3];
try { 
  ClassViewer.main(stringArray);
  fail("Expecting exception: HeadlessException");

} catch(HeadlessException e) {
   //
   // no message in exception (getMessage() returned null)
   //
   verifyException("java.applet.Applet", e);
}

Test 1: 
String[] stringArray = new String[1];
try { 
  ClassViewer.main(stringArray);
  fail("Expecting exception: NullPointerException");

} catch(NullPointerException e) {
   //
   // no message in exception (getMessage() returned null)
   //
}


* Minimizing test suite
* test suite isTestSuite: 2
Test 0: 
String[] stringArray = new String[3];
try { 
  ClassViewer.main(stringArray);
  fail("Expecting exception: HeadlessException");

} catch(HeadlessException e) {
   //
   // no message in exception (getMessage() returned null)
   //
   verifyException("java.applet.Applet", e);
}

Test 1: 
String[] stringArray = new String[1];
try { 
  ClassViewer.main(stringArray);
  fail("Expecting exception: NullPointerException");

} catch(NullPointerException e) {
   //
   // no message in exception (getMessage() returned null)
   //
}


[MASTER] 19:38:57.596 [logback-1] WARN  TimeController - Already entered in phase: MINIMIZATION. This will mess up the timing calculations.
* Going to analyze the coverage criteria
* Coverage analysis for criterion BRANCH
* Coverage of criterion BRANCH: 1%
* Total number of goals: 161
* Number of covered goals: 2
* Coverage analysis for criterion LINE
* Coverage of criterion LINE: 1%
* Total number of goals: 462
* Number of covered goals: 4
* Coverage analysis for criterion OUTPUT
* Coverage of criterion OUTPUT: 0%
* Total number of goals: 11
* Number of covered goals: 0
* Coverage analysis for criterion METHOD
* Coverage of criterion METHOD: 8%
* Total number of goals: 12
* Number of covered goals: 1
* Coverage analysis for criterion CBRANCH
* Coverage of criterion CBRANCH: 1%
* Total number of goals: 161
* Number of covered goals: 2
* Generated 2 tests with total length 4
* Resulting test suite's coverage: 2% (average coverage for all fitness functions)
* Generating assertions
[MASTER] 19:38:57.637 [logback-1] WARN  TimeController - Already entered in phase: COVERAGE_ANALYSIS. This will mess up the timing calculations.
* Resulting test suite's mutation score: 0%
* Compiling and checking tests
[MASTER] 19:38:58.642 [logback-1] WARN  TimeController - Already entered in phase: ASSERTION_GENERATION. This will mess up the timing calculations.
Going to execute: removeTestsThatDoNotCompile
* Compiling Tests
** Write a test suite: 0 called: 0 to improve: false
* Compiling Tests
** Write a test suite: 0 called: 0 to improve: false
Going to execute: handleTestsThatAreUnstable
* Compiling Tests
** Write a test suite: 0 called: 0 to improve: false
[MASTER] 19:38:58.857 [logback-1] WARN  AgentLoader - Failed to find EvoSuite jar in current classloader. URLs of classloader:
file:/root/.sdkman/candidates/java/8.0.333.fx-librca/jre/../lib/tools.jar
file:/root/.sdkman/candidates/java/8.0.333.fx-librca/jre/lib/ext/cldrdata.jar
file:/tmp/EvoSuite_pathingJar204711948125985535.jar
file:/root/.sdkman/candidates/java/8.0.333.fx-librca/jre/lib/ext/sunec.jar
file:/root/.sdkman/candidates/java/8.0.333.fx-librca/jre/lib/ext/localedata.jar
file:/root/.sdkman/candidates/java/8.0.333.fx-librca/jre/lib/ext/jaccess.jar
file:/root/.sdkman/candidates/java/8.0.333.fx-librca/jre/lib/ext/dnsns.jar
file:/root/.sdkman/candidates/java/8.0.333.fx-librca/jre/lib/ext/sunpkcs11.jar
file:/root/.sdkman/candidates/java/8.0.333.fx-librca/jre/lib/ext/zipfs.jar
file:/root/.sdkman/candidates/java/8.0.333.fx-librca/jre/lib/ext/jfxrt.jar
file:/root/.sdkman/candidates/java/8.0.333.fx-librca/jre/lib/ext/sunjce_provider.jar
file:/root/.sdkman/candidates/java/8.0.333.fx-librca/jre/lib/ext/nashorn.jar
[MASTER] 19:38:58.859 [logback-1] WARN  JUnitAnalyzer - Found unstable test named initializationError -> class java.lang.RuntimeException: Cannot find either the compilation target folder nor the EvoSuite jar in classpath: /tmp/EvoSuite_pathingJar204711948125985535.jar
Going to execute: handleTestsThatAreUnstable
* Compiling Tests
** Write a test suite: 0 called: 0 to improve: false
[MASTER] 19:38:58.937 [logback-1] WARN  AgentLoader - Failed to find EvoSuite jar in current classloader. URLs of classloader:
file:/root/.sdkman/candidates/java/8.0.333.fx-librca/jre/../lib/tools.jar
file:/root/.sdkman/candidates/java/8.0.333.fx-librca/jre/lib/ext/cldrdata.jar
file:/tmp/EvoSuite_pathingJar204711948125985535.jar
file:/root/.sdkman/candidates/java/8.0.333.fx-librca/jre/lib/ext/sunec.jar
file:/root/.sdkman/candidates/java/8.0.333.fx-librca/jre/lib/ext/localedata.jar
file:/root/.sdkman/candidates/java/8.0.333.fx-librca/jre/lib/ext/jaccess.jar
file:/root/.sdkman/candidates/java/8.0.333.fx-librca/jre/lib/ext/dnsns.jar
file:/root/.sdkman/candidates/java/8.0.333.fx-librca/jre/lib/ext/sunpkcs11.jar
file:/root/.sdkman/candidates/java/8.0.333.fx-librca/jre/lib/ext/zipfs.jar
file:/root/.sdkman/candidates/java/8.0.333.fx-librca/jre/lib/ext/jfxrt.jar
file:/root/.sdkman/candidates/java/8.0.333.fx-librca/jre/lib/ext/sunjce_provider.jar
file:/root/.sdkman/candidates/java/8.0.333.fx-librca/jre/lib/ext/nashorn.jar
[MASTER] 19:38:58.938 [logback-1] WARN  JUnitAnalyzer - Found unstable test named initializationError -> class java.lang.RuntimeException: Cannot find either the compilation target folder nor the EvoSuite jar in classpath: /tmp/EvoSuite_pathingJar204711948125985535.jar
Going to execute: handleTestsThatAreUnstable
* Compiling Tests
** Write a test suite: 0 called: 0 to improve: false
** Write a test suite: 1 called: 1 to improve: false
[MASTER] 19:38:59.025 [logback-1] WARN  AgentLoader - Failed to find EvoSuite jar in current classloader. URLs of classloader:
file:/root/.sdkman/candidates/java/8.0.333.fx-librca/jre/../lib/tools.jar
file:/root/.sdkman/candidates/java/8.0.333.fx-librca/jre/lib/ext/cldrdata.jar
file:/tmp/EvoSuite_pathingJar204711948125985535.jar
file:/root/.sdkman/candidates/java/8.0.333.fx-librca/jre/lib/ext/sunec.jar
file:/root/.sdkman/candidates/java/8.0.333.fx-librca/jre/lib/ext/localedata.jar
file:/root/.sdkman/candidates/java/8.0.333.fx-librca/jre/lib/ext/jaccess.jar
file:/root/.sdkman/candidates/java/8.0.333.fx-librca/jre/lib/ext/dnsns.jar
file:/root/.sdkman/candidates/java/8.0.333.fx-librca/jre/lib/ext/sunpkcs11.jar
file:/root/.sdkman/candidates/java/8.0.333.fx-librca/jre/lib/ext/zipfs.jar
file:/root/.sdkman/candidates/java/8.0.333.fx-librca/jre/lib/ext/jfxrt.jar
file:/root/.sdkman/candidates/java/8.0.333.fx-librca/jre/lib/ext/sunjce_provider.jar
file:/root/.sdkman/candidates/java/8.0.333.fx-librca/jre/lib/ext/nashorn.jar
[MASTER] 19:38:59.028 [logback-1] WARN  JUnitAnalyzer - Found unstable test named initializationError -> class java.lang.RuntimeException: Cannot find either the compilation target folder nor the EvoSuite jar in classpath: /tmp/EvoSuite_pathingJar204711948125985535.jar
Going to execute: handleTestsThatAreUnstable
* Compiling Tests
** Write a test suite: 0 called: 0 to improve: false
** Write a test suite: 1 called: 1 to improve: false
[MASTER] 19:38:59.184 [logback-1] WARN  AgentLoader - Failed to find EvoSuite jar in current classloader. URLs of classloader:
file:/root/.sdkman/candidates/java/8.0.333.fx-librca/jre/../lib/tools.jar
file:/root/.sdkman/candidates/java/8.0.333.fx-librca/jre/lib/ext/cldrdata.jar
file:/tmp/EvoSuite_pathingJar204711948125985535.jar
file:/root/.sdkman/candidates/java/8.0.333.fx-librca/jre/lib/ext/sunec.jar
file:/root/.sdkman/candidates/java/8.0.333.fx-librca/jre/lib/ext/localedata.jar
file:/root/.sdkman/candidates/java/8.0.333.fx-librca/jre/lib/ext/jaccess.jar
file:/root/.sdkman/candidates/java/8.0.333.fx-librca/jre/lib/ext/dnsns.jar
file:/root/.sdkman/candidates/java/8.0.333.fx-librca/jre/lib/ext/sunpkcs11.jar
file:/root/.sdkman/candidates/java/8.0.333.fx-librca/jre/lib/ext/zipfs.jar
file:/root/.sdkman/candidates/java/8.0.333.fx-librca/jre/lib/ext/jfxrt.jar
file:/root/.sdkman/candidates/java/8.0.333.fx-librca/jre/lib/ext/sunjce_provider.jar
file:/root/.sdkman/candidates/java/8.0.333.fx-librca/jre/lib/ext/nashorn.jar
[MASTER] 19:38:59.186 [logback-1] WARN  JUnitAnalyzer - Found unstable test named initializationError -> class java.lang.RuntimeException: Cannot find either the compilation target folder nor the EvoSuite jar in classpath: /tmp/EvoSuite_pathingJar204711948125985535.jar
* Writing tests to file
[MASTER] 19:38:59.190 [logback-1] WARN  TimeController - Already entered in phase: JUNIT_CHECK. This will mess up the timing calculations.
* Writing JUnit test case 'ClassViewer_ESTest' to evosuite-tests
** Write a test suite: 1 called: 0 to improve: false
* Writing JUnit test case 'ClassViewer_Original_ESTest' to evosuite-tests
** Write a test suite: 0 called: 0 to improve: false
** Write a test suite: 1 called: 1 to improve: false
* Done!

* Computation finished
