<?xml version="1.0" encoding="UTF-8"?>
<testsuite name="org.fixsuite.message.Library_ESTest" tests="5" skipped="0" failures="1" errors="0" timestamp="2024-03-15T09:35:25" hostname="dark-cable-rests-fin-01" time="3.443">
  <properties/>
  <testcase name="testLoadFromDirectoryWithEmptyString()" classname="org.fixsuite.message.Library_ESTest" time="3.04"/>
  <testcase name="testLoadFromDirectoryWithNonEmptyString()" classname="org.fixsuite.message.Library_ESTest" time="0.123"/>
  <testcase name="testGetDictionaries()" classname="org.fixsuite.message.Library_ESTest" time="0.018"/>
  <testcase name="testGetDictionary()" classname="org.fixsuite.message.Library_ESTest" time="0.009"/>
  <testcase name="initializationError" classname="org.fixsuite.message.Library_ESTest" time="0.009">
    <failure message="org.junit.runners.model.InvalidTestClassError: Invalid test class 'org.fixsuite.message.Library_ESTest':&#10;  1. No runnable methods" type="org.junit.runners.model.InvalidTestClassError">org.junit.runners.model.InvalidTestClassError: Invalid test class 'org.fixsuite.message.Library_ESTest':
  1. No runnable methods
	at org.junit.runners.ParentRunner.validate(ParentRunner.java:525)
	at org.junit.runners.ParentRunner.&lt;init&gt;(ParentRunner.java:92)
	at org.junit.runners.BlockJUnit4ClassRunner.&lt;init&gt;(BlockJUnit4ClassRunner.java:74)
	at org.evosuite.runtime.EvoRunner.&lt;init&gt;(EvoRunner.java:76)
	at sun.reflect.NativeConstructorAccessorImpl.newInstance0(Native Method)
	at sun.reflect.NativeConstructorAccessorImpl.newInstance(NativeConstructorAccessorImpl.java:62)
	at sun.reflect.DelegatingConstructorAccessorImpl.newInstance(DelegatingConstructorAccessorImpl.java:45)
	at java.lang.reflect.Constructor.newInstance(Constructor.java:423)
	at org.junit.internal.builders.AnnotatedBuilder.buildRunner(AnnotatedBuilder.java:104)
	at org.junit.vintage.engine.discovery.DefensiveAllDefaultPossibilitiesBuilder$DefensiveAnnotatedBuilder.buildRunner(DefensiveAllDefaultPossibilitiesBuilder.java:114)
	at org.junit.internal.builders.AnnotatedBuilder.runnerForClass(AnnotatedBuilder.java:86)
	at org.junit.runners.model.RunnerBuilder.safeRunnerForClass(RunnerBuilder.java:70)
	at org.junit.internal.builders.AllDefaultPossibilitiesBuilder.runnerForClass(AllDefaultPossibilitiesBuilder.java:37)
	at org.junit.vintage.engine.discovery.DefensiveAllDefaultPossibilitiesBuilder.runnerForClass(DefensiveAllDefaultPossibilitiesBuilder.java:57)
	at org.junit.runners.model.RunnerBuilder.safeRunnerForClass(RunnerBuilder.java:70)
	at org.junit.vintage.engine.discovery.ClassSelectorResolver.resolveTestClass(ClassSelectorResolver.java:66)
	at org.junit.vintage.engine.discovery.ClassSelectorResolver.resolve(ClassSelectorResolver.java:47)
	at org.junit.platform.engine.support.discovery.EngineDiscoveryRequestResolution.lambda$resolve$2(EngineDiscoveryRequestResolution.java:134)
	at java.util.stream.ReferencePipeline$3$1.accept(ReferencePipeline.java:193)
	at java.util.ArrayList$ArrayListSpliterator.tryAdvance(ArrayList.java:1361)
	at java.util.stream.ReferencePipeline.forEachWithCancel(ReferencePipeline.java:126)
	at java.util.stream.AbstractPipeline.copyIntoWithCancel(AbstractPipeline.java:499)
	at java.util.stream.AbstractPipeline.copyInto(AbstractPipeline.java:486)
	at java.util.stream.AbstractPipeline.wrapAndCopyInto(AbstractPipeline.java:472)
	at java.util.stream.FindOps$FindOp.evaluateSequential(FindOps.java:152)
	at java.util.stream.AbstractPipeline.evaluate(AbstractPipeline.java:234)
	at java.util.stream.ReferencePipeline.findFirst(ReferencePipeline.java:531)
	at org.junit.platform.engine.support.discovery.EngineDiscoveryRequestResolution.resolve(EngineDiscoveryRequestResolution.java:185)
	at org.junit.platform.engine.support.discovery.EngineDiscoveryRequestResolution.resolve(EngineDiscoveryRequestResolution.java:125)
	at org.junit.platform.engine.support.discovery.EngineDiscoveryRequestResolution.resolveCompletely(EngineDiscoveryRequestResolution.java:91)
	at org.junit.platform.engine.support.discovery.EngineDiscoveryRequestResolution.run(EngineDiscoveryRequestResolution.java:82)
	at org.junit.platform.engine.support.discovery.EngineDiscoveryRequestResolver.resolve(EngineDiscoveryRequestResolver.java:113)
	at org.junit.vintage.engine.discovery.VintageDiscoverer.discover(VintageDiscoverer.java:42)
	at org.junit.vintage.engine.VintageTestEngine.discover(VintageTestEngine.java:64)
	at org.junit.platform.launcher.core.EngineDiscoveryOrchestrator.discoverEngineRoot(EngineDiscoveryOrchestrator.java:152)
	at org.junit.platform.launcher.core.EngineDiscoveryOrchestrator.discoverSafely(EngineDiscoveryOrchestrator.java:134)
	at org.junit.platform.launcher.core.EngineDiscoveryOrchestrator.discover(EngineDiscoveryOrchestrator.java:108)
	at org.junit.platform.launcher.core.EngineDiscoveryOrchestrator.discover(EngineDiscoveryOrchestrator.java:80)
	at org.junit.platform.launcher.core.DefaultLauncher.discover(DefaultLauncher.java:110)
	at org.junit.platform.launcher.core.DefaultLauncher.execute(DefaultLauncher.java:86)
	at org.junit.platform.launcher.core.DefaultLauncherSession$DelegatingLauncher.execute(DefaultLauncherSession.java:86)
	at org.gradle.api.internal.tasks.testing.junitplatform.JUnitPlatformTestClassProcessor$CollectAllTestClassesExecutor.processAllTestClasses(JUnitPlatformTestClassProcessor.java:119)
	at org.gradle.api.internal.tasks.testing.junitplatform.JUnitPlatformTestClassProcessor$CollectAllTestClassesExecutor.access$000(JUnitPlatformTestClassProcessor.java:94)
	at org.gradle.api.internal.tasks.testing.junitplatform.JUnitPlatformTestClassProcessor.stop(JUnitPlatformTestClassProcessor.java:89)
	at org.gradle.api.internal.tasks.testing.SuiteTestClassProcessor.stop(SuiteTestClassProcessor.java:62)
	at sun.reflect.NativeMethodAccessorImpl.invoke0(Native Method)
	at sun.reflect.NativeMethodAccessorImpl.invoke(NativeMethodAccessorImpl.java:62)
	at sun.reflect.DelegatingMethodAccessorImpl.invoke(DelegatingMethodAccessorImpl.java:43)
	at java.lang.reflect.Method.invoke(Method.java:498)
	at org.gradle.internal.dispatch.ReflectionDispatch.dispatch(ReflectionDispatch.java:36)
	at org.gradle.internal.dispatch.ReflectionDispatch.dispatch(ReflectionDispatch.java:24)
	at org.gradle.internal.dispatch.ContextClassLoaderDispatch.dispatch(ContextClassLoaderDispatch.java:33)
	at org.gradle.internal.dispatch.ProxyDispatchAdapter$DispatchingInvocationHandler.invoke(ProxyDispatchAdapter.java:94)
	at com.sun.proxy.$Proxy2.stop(Unknown Source)
	at org.gradle.api.internal.tasks.testing.worker.TestWorker$3.run(TestWorker.java:193)
	at org.gradle.api.internal.tasks.testing.worker.TestWorker.executeAndMaintainThreadName(TestWorker.java:129)
	at org.gradle.api.internal.tasks.testing.worker.TestWorker.execute(TestWorker.java:100)
	at org.gradle.api.internal.tasks.testing.worker.TestWorker.execute(TestWorker.java:60)
	at org.gradle.process.internal.worker.child.ActionExecutionWorker.execute(ActionExecutionWorker.java:56)
	at org.gradle.process.internal.worker.child.SystemApplicationClassLoaderWorker.call(SystemApplicationClassLoaderWorker.java:113)
	at org.gradle.process.internal.worker.child.SystemApplicationClassLoaderWorker.call(SystemApplicationClassLoaderWorker.java:65)
	at worker.org.gradle.process.internal.worker.GradleWorkerMain.run(GradleWorkerMain.java:69)
	at worker.org.gradle.process.internal.worker.GradleWorkerMain.main(GradleWorkerMain.java:74)
</failure>
  </testcase>
  <system-out><![CDATA[03/15/2024 09:35:25 [DEBUG] (MSecurityManager.java:377) - Adding privileged thread: "Reference Handler"
03/15/2024 09:35:25 [DEBUG] (MSecurityManager.java:377) - Adding privileged thread: "Finalizer"
03/15/2024 09:35:25 [DEBUG] (MSecurityManager.java:377) - Adding privileged thread: "Signal Dispatcher"
03/15/2024 09:35:25 [DEBUG] (MSecurityManager.java:377) - Adding privileged thread: "Java2D Disposer"
03/15/2024 09:35:25 [DEBUG] (MSecurityManager.java:377) - Adding privileged thread: "Test worker"
03/15/2024 09:35:25 [DEBUG] (MSecurityManager.java:377) - Adding privileged thread: "/127.0.0.1:46548 to /127.0.0.1:38409 workers"
03/15/2024 09:35:25 [DEBUG] (MSecurityManager.java:377) - Adding privileged thread: "/127.0.0.1:46548 to /127.0.0.1:38409 workers Thread 2"
03/15/2024 09:35:25 [DEBUG] (MSecurityManager.java:377) - Adding privileged thread: "/127.0.0.1:46548 to /127.0.0.1:38409 workers Thread 3"
03/15/2024 09:35:25 [ERROR] (ClassStateSupport.java:111) - Found $jacocoInit in class org.fixsuite.message.info.DictionaryInfo
03/15/2024 09:35:25 [ERROR] (ClassStateSupport.java:88) - Class org.fixsuite.message.info.DictionaryInfo was not instrumented by EvoSuite. This could happen if you are running JUnit tests in a way that is not handled by EvoSuite, in which some classes are loaded be reflection before the tests are run. Consult the EvoSuite documentation for possible workarounds for this issue.
03/15/2024 09:35:25 [ERROR] (ClassStateSupport.java:88) - Class org.fixsuite.message.Library was not instrumented by EvoSuite. This could happen if you are running JUnit tests in a way that is not handled by EvoSuite, in which some classes are loaded be reflection before the tests are run. Consult the EvoSuite documentation for possible workarounds for this issue.
03/15/2024 09:35:25 [ERROR] (ClassStateSupport.java:88) - Class org.fixsuite.message.info.GroupInfo was not instrumented by EvoSuite. This could happen if you are running JUnit tests in a way that is not handled by EvoSuite, in which some classes are loaded be reflection before the tests are run. Consult the EvoSuite documentation for possible workarounds for this issue.
03/15/2024 09:35:25 [ERROR] (ClassStateSupport.java:88) - Class org.fixsuite.message.info.ComponentInfo was not instrumented by EvoSuite. This could happen if you are running JUnit tests in a way that is not handled by EvoSuite, in which some classes are loaded be reflection before the tests are run. Consult the EvoSuite documentation for possible workarounds for this issue.
03/15/2024 09:35:25 [ERROR] (ClassStateSupport.java:88) - Class org.fixsuite.message.info.FieldInfo was not instrumented by EvoSuite. This could happen if you are running JUnit tests in a way that is not handled by EvoSuite, in which some classes are loaded be reflection before the tests are run. Consult the EvoSuite documentation for possible workarounds for this issue.
03/15/2024 09:35:25 [ERROR] (ClassStateSupport.java:88) - Class org.fixsuite.message.info.MessageInfo was not instrumented by EvoSuite. This could happen if you are running JUnit tests in a way that is not handled by EvoSuite, in which some classes are loaded be reflection before the tests are run. Consult the EvoSuite documentation for possible workarounds for this issue.
03/15/2024 09:35:26 [ERROR] ( Library.java:113) - Supplied path is not a directory.
03/15/2024 09:35:26 [DEBUG] ( Library.java:118) - Approximate memory allocation: -0.146 MB.
03/15/2024 09:35:26 [INFO ] ( Library.java:121) - Loading time: 96 milliseconds.
03/15/2024 09:35:26 [INFO ] (ThreadStopper.java:179) - Found new thread
03/15/2024 09:35:28 [INFO ] (ThreadStopper.java:194) - Thread is still alive: junit-jupiter-timeout-watcher
03/15/2024 09:35:29 [DEBUG] (ClassResetter.java:116) - __STATIC_RESET() method does not exists in class org.fixsuite.message.Library
03/15/2024 09:35:29 [DEBUG] (ClassResetter.java:116) - __STATIC_RESET() method does not exists in class org.fixsuite.message.parsers.fpl.MainParser
03/15/2024 09:35:29 [DEBUG] (ClassResetter.java:116) - __STATIC_RESET() method does not exists in class org.fixsuite.message.info.DictionaryInfo
03/15/2024 09:35:29 [ERROR] ( Library.java:113) - Supplied path is not a directory.
03/15/2024 09:35:29 [DEBUG] ( Library.java:118) - Approximate memory allocation: -3.805 MB.
03/15/2024 09:35:29 [INFO ] ( Library.java:121) - Loading time: 108 milliseconds.
03/15/2024 09:35:29 [DEBUG] (ClassResetter.java:116) - __STATIC_RESET() method does not exists in class org.fixsuite.message.Library
03/15/2024 09:35:29 [DEBUG] (ClassResetter.java:116) - __STATIC_RESET() method does not exists in class org.fixsuite.message.parsers.fpl.MainParser
03/15/2024 09:35:29 [DEBUG] (ClassResetter.java:116) - __STATIC_RESET() method does not exists in class org.fixsuite.message.info.DictionaryInfo
03/15/2024 09:35:29 [DEBUG] (ClassResetter.java:116) - __STATIC_RESET() method does not exists in class org.fixsuite.message.Library
03/15/2024 09:35:29 [DEBUG] (ClassResetter.java:116) - __STATIC_RESET() method does not exists in class org.fixsuite.message.parsers.fpl.MainParser
03/15/2024 09:35:29 [DEBUG] (ClassResetter.java:116) - __STATIC_RESET() method does not exists in class org.fixsuite.message.info.DictionaryInfo
03/15/2024 09:35:29 [DEBUG] (ClassResetter.java:116) - __STATIC_RESET() method does not exists in class org.fixsuite.message.Library
03/15/2024 09:35:29 [DEBUG] (ClassResetter.java:116) - __STATIC_RESET() method does not exists in class org.fixsuite.message.parsers.fpl.MainParser
03/15/2024 09:35:29 [DEBUG] (ClassResetter.java:116) - __STATIC_RESET() method does not exists in class org.fixsuite.message.info.DictionaryInfo
]]></system-out>
  <system-err><![CDATA[]]></system-err>
</testsuite>
