To honour the JVM settings for this build a single-use Daemon process will be forked. For more on this, please refer to https://docs.gradle.org/8.6/userguide/gradle_daemon.html#sec:disabling_the_daemon in the Gradle documentation.
Daemon will be stopped at the end of the build 

> Task :compileJava

> Task :processResources NO-SOURCE
> Task :classes
> Task :jar
> Task :assemble

> Task :compileTestJava

> Task :processTestResources NO-SOURCE
> Task :testClasses

> Task :test

JavaCharStream_ESTest > testGetColumnReturningPositive() FAILED
    java.lang.ArrayIndexOutOfBoundsException at JavaCharStream_ESTest.java:563

JavaCharStream_ESTest > testGetColumnReturningNegative() FAILED
    org.opentest4j.AssertionFailedError at JavaCharStream_ESTest.java:196

JavaCharStream_ESTest > testGetBeginColumnReturningPositive() FAILED
    org.opentest4j.AssertionFailedError at JavaCharStream_ESTest.java:240

JavaCharStream_ESTest > testGetLineReturningZero() FAILED
    org.opentest4j.AssertionFailedError at JavaCharStream_ESTest.java:70

JavaCharStream_ESTest > testCreatesJavaCharStreamTakingReaderAndCallsAdjustBuffSize() FAILED
    org.opentest4j.AssertionFailedError at JavaCharStream_ESTest.java:484

JavaCharStream_ESTest > testGetBeginLineReturningNegative() FAILED
    org.opentest4j.AssertionFailedError at JavaCharStream_ESTest.java:224

JavaCharStream_ESTest > testGetEndLineReturningNegative() FAILED
    java.lang.ArrayIndexOutOfBoundsException at JavaCharStream_ESTest.java:130

JavaCharStream_ESTest > testGetColumnReturningZero() FAILED
    org.opentest4j.AssertionFailedError at JavaCharStream_ESTest.java:177

JavaCharStream_ESTest > testBackup() FAILED
    org.opentest4j.AssertionFailedError at JavaCharStream_ESTest.java:468

JavaCharStream_ESTest > testGetLineReturningPositive() FAILED
    org.opentest4j.AssertionFailedError at JavaCharStream_ESTest.java:84

JavaParserTokenManager_ESTest > testFailsToCreateJavaParserTokenManagerTaking2ArgumentsThrowsError() FAILED
    org.opentest4j.AssertionFailedError at JavaParserTokenManager_ESTest.java:53

JMCAAnalyzer_ESTest > initializationError FAILED
    org.junit.runners.model.InvalidTestClassError at ParentRunner.java:525

JavaCharStream_ESTest > initializationError FAILED
    org.junit.runners.model.InvalidTestClassError at ParentRunner.java:525

JavaParserTokenManager_ESTest > initializationError FAILED
    org.junit.runners.model.InvalidTestClassError at ParentRunner.java:525
There were failing tests. See the report at: file:///home/roham/Results-Utestgen/dataset/SF110-new-UTestGen-src/19_jmca/build/reports/tests/test/index.html

> Task :jacocoTestReport
> Task :check
> Task :build

Deprecated Gradle features were used in this build, making it incompatible with Gradle 9.0.

You can use '--warning-mode all' to show the individual deprecation warnings and determine if they come from your own scripts or plugins.

For more on this, please refer to https://docs.gradle.org/8.6/userguide/command_line_interface.html#sec:command_line_warnings in the Gradle documentation.

BUILD SUCCESSFUL in 31s
5 actionable tasks: 5 executed
