<?xml version="1.0" encoding="UTF-8"?>
<testsuite name="de.huxhorn.lilith.data.access.AccessEvent_ESTest" tests="85" skipped="0" failures="8" errors="0" timestamp="2024-03-15T09:44:29" hostname="dark-cable-rests-fin-01" time="4.097">
  <properties/>
  <testcase name="testGetMethodReturningNull()" classname="de.huxhorn.lilith.data.access.AccessEvent_ESTest" time="3.145"/>
  <testcase name="testEqualsAndSetServerNameAndEqualsReturningTrue()" classname="de.huxhorn.lilith.data.access.AccessEvent_ESTest" time="0.012"/>
  <testcase name="testGetRequestURLReturningNonEmptyString()" classname="de.huxhorn.lilith.data.access.AccessEvent_ESTest" time="0.025"/>
  <testcase name="testGetRemoteUserReturningEmptyString()" classname="de.huxhorn.lilith.data.access.AccessEvent_ESTest" time="0.01"/>
  <testcase name="testGetTimeStampReturningNull()" classname="de.huxhorn.lilith.data.access.AccessEvent_ESTest" time="0.006"/>
  <testcase name="testGetTimeStampReturningZero()" classname="de.huxhorn.lilith.data.access.AccessEvent_ESTest" time="0.011"/>
  <testcase name="testSetLoggerContext()" classname="de.huxhorn.lilith.data.access.AccessEvent_ESTest" time="0.018"/>
  <testcase name="testGetRequestURIReturningNonEmptyString()" classname="de.huxhorn.lilith.data.access.AccessEvent_ESTest" time="0.014"/>
  <testcase name="testGetRemoteAddressReturningEmptyString()" classname="de.huxhorn.lilith.data.access.AccessEvent_ESTest" time="0.008"/>
  <testcase name="testSetTimeStamp()" classname="de.huxhorn.lilith.data.access.AccessEvent_ESTest" time="0.011"/>
  <testcase name="testSetStatusCode()" classname="de.huxhorn.lilith.data.access.AccessEvent_ESTest" time="0.011"/>
  <testcase name="testGetRequestURIReturningNull()" classname="de.huxhorn.lilith.data.access.AccessEvent_ESTest" time="0.006"/>
  <testcase name="testGetRequestURIReturningEmptyString()" classname="de.huxhorn.lilith.data.access.AccessEvent_ESTest" time="0.008"/>
  <testcase name="testGetLoggerContextReturningNull()" classname="de.huxhorn.lilith.data.access.AccessEvent_ESTest" time="0.014"/>
  <testcase name="testEqualsAndSetMethod0()" classname="de.huxhorn.lilith.data.access.AccessEvent_ESTest" time="0.043">
    <failure message="org.opentest4j.AssertionFailedError: expected: &lt;true&gt; but was: &lt;false&gt;" type="org.opentest4j.AssertionFailedError">org.opentest4j.AssertionFailedError: expected: &lt;true&gt; but was: &lt;false&gt;
	at org.junit.jupiter.api.AssertionUtils.fail(AssertionUtils.java:55)
	at org.junit.jupiter.api.AssertTrue.assertTrue(AssertTrue.java:40)
	at org.junit.jupiter.api.AssertTrue.assertTrue(AssertTrue.java:35)
	at org.junit.jupiter.api.Assertions.assertTrue(Assertions.java:179)
	at de.huxhorn.lilith.data.access.AccessEvent_ESTest.testEqualsAndSetMethod0(AccessEvent_ESTest.java:787)
	at sun.reflect.NativeMethodAccessorImpl.invoke0(Native Method)
	at sun.reflect.NativeMethodAccessorImpl.invoke(NativeMethodAccessorImpl.java:62)
	at sun.reflect.DelegatingMethodAccessorImpl.invoke(DelegatingMethodAccessorImpl.java:43)
	at java.lang.reflect.Method.invoke(Method.java:498)
	at org.junit.platform.commons.util.ReflectionUtils.invokeMethod(ReflectionUtils.java:725)
	at org.junit.jupiter.engine.execution.MethodInvocation.proceed(MethodInvocation.java:60)
	at org.junit.jupiter.engine.execution.InvocationInterceptorChain$ValidatingInvocation.proceed(InvocationInterceptorChain.java:131)
	at org.junit.jupiter.engine.extension.TimeoutInvocation.proceed(TimeoutInvocation.java:46)
	at org.junit.jupiter.engine.extension.TimeoutExtension.intercept(TimeoutExtension.java:149)
	at org.junit.jupiter.engine.extension.TimeoutExtension.interceptTestableMethod(TimeoutExtension.java:140)
	at org.junit.jupiter.engine.extension.TimeoutExtension.interceptTestMethod(TimeoutExtension.java:84)
	at org.junit.jupiter.engine.execution.ExecutableInvoker$ReflectiveInterceptorCall.lambda$ofVoidMethod$0(ExecutableInvoker.java:115)
	at org.junit.jupiter.engine.execution.ExecutableInvoker.lambda$invoke$0(ExecutableInvoker.java:105)
	at org.junit.jupiter.engine.execution.InvocationInterceptorChain$InterceptedInvocation.proceed(InvocationInterceptorChain.java:106)
	at org.junit.jupiter.engine.execution.InvocationInterceptorChain.proceed(InvocationInterceptorChain.java:64)
	at org.junit.jupiter.engine.execution.InvocationInterceptorChain.chainAndInvoke(InvocationInterceptorChain.java:45)
	at org.junit.jupiter.engine.execution.InvocationInterceptorChain.invoke(InvocationInterceptorChain.java:37)
	at org.junit.jupiter.engine.execution.ExecutableInvoker.invoke(ExecutableInvoker.java:104)
	at org.junit.jupiter.engine.execution.ExecutableInvoker.invoke(ExecutableInvoker.java:98)
	at org.junit.jupiter.engine.descriptor.TestMethodTestDescriptor.lambda$invokeTestMethod$7(TestMethodTestDescriptor.java:214)
	at org.junit.platform.engine.support.hierarchical.ThrowableCollector.execute(ThrowableCollector.java:73)
	at org.junit.jupiter.engine.descriptor.TestMethodTestDescriptor.invokeTestMethod(TestMethodTestDescriptor.java:210)
	at org.junit.jupiter.engine.descriptor.TestMethodTestDescriptor.execute(TestMethodTestDescriptor.java:135)
	at org.junit.jupiter.engine.descriptor.TestMethodTestDescriptor.execute(TestMethodTestDescriptor.java:66)
	at org.junit.platform.engine.support.hierarchical.NodeTestTask.lambda$executeRecursively$6(NodeTestTask.java:151)
	at org.junit.platform.engine.support.hierarchical.ThrowableCollector.execute(ThrowableCollector.java:73)
	at org.junit.platform.engine.support.hierarchical.NodeTestTask.lambda$executeRecursively$8(NodeTestTask.java:141)
	at org.junit.platform.engine.support.hierarchical.Node.around(Node.java:137)
	at org.junit.platform.engine.support.hierarchical.NodeTestTask.lambda$executeRecursively$9(NodeTestTask.java:139)
	at org.junit.platform.engine.support.hierarchical.ThrowableCollector.execute(ThrowableCollector.java:73)
	at org.junit.platform.engine.support.hierarchical.NodeTestTask.executeRecursively(NodeTestTask.java:138)
	at org.junit.platform.engine.support.hierarchical.NodeTestTask.execute(NodeTestTask.java:95)
	at java.util.ArrayList.forEach(ArrayList.java:1259)
	at org.junit.platform.engine.support.hierarchical.SameThreadHierarchicalTestExecutorService.invokeAll(SameThreadHierarchicalTestExecutorService.java:41)
	at org.junit.platform.engine.support.hierarchical.NodeTestTask.lambda$executeRecursively$6(NodeTestTask.java:155)
	at org.junit.platform.engine.support.hierarchical.ThrowableCollector.execute(ThrowableCollector.java:73)
	at org.junit.platform.engine.support.hierarchical.NodeTestTask.lambda$executeRecursively$8(NodeTestTask.java:141)
	at org.junit.platform.engine.support.hierarchical.Node.around(Node.java:137)
	at org.junit.platform.engine.support.hierarchical.NodeTestTask.lambda$executeRecursively$9(NodeTestTask.java:139)
	at org.junit.platform.engine.support.hierarchical.ThrowableCollector.execute(ThrowableCollector.java:73)
	at org.junit.platform.engine.support.hierarchical.NodeTestTask.executeRecursively(NodeTestTask.java:138)
	at org.junit.platform.engine.support.hierarchical.NodeTestTask.execute(NodeTestTask.java:95)
	at java.util.ArrayList.forEach(ArrayList.java:1259)
	at org.junit.platform.engine.support.hierarchical.SameThreadHierarchicalTestExecutorService.invokeAll(SameThreadHierarchicalTestExecutorService.java:41)
	at org.junit.platform.engine.support.hierarchical.NodeTestTask.lambda$executeRecursively$6(NodeTestTask.java:155)
	at org.junit.platform.engine.support.hierarchical.ThrowableCollector.execute(ThrowableCollector.java:73)
	at org.junit.platform.engine.support.hierarchical.NodeTestTask.lambda$executeRecursively$8(NodeTestTask.java:141)
	at org.junit.platform.engine.support.hierarchical.Node.around(Node.java:137)
	at org.junit.platform.engine.support.hierarchical.NodeTestTask.lambda$executeRecursively$9(NodeTestTask.java:139)
	at org.junit.platform.engine.support.hierarchical.ThrowableCollector.execute(ThrowableCollector.java:73)
	at org.junit.platform.engine.support.hierarchical.NodeTestTask.executeRecursively(NodeTestTask.java:138)
	at org.junit.platform.engine.support.hierarchical.NodeTestTask.execute(NodeTestTask.java:95)
	at org.junit.platform.engine.support.hierarchical.SameThreadHierarchicalTestExecutorService.submit(SameThreadHierarchicalTestExecutorService.java:35)
	at org.junit.platform.engine.support.hierarchical.HierarchicalTestExecutor.execute(HierarchicalTestExecutor.java:57)
	at org.junit.platform.engine.support.hierarchical.HierarchicalTestEngine.execute(HierarchicalTestEngine.java:54)
	at org.junit.platform.launcher.core.EngineExecutionOrchestrator.execute(EngineExecutionOrchestrator.java:107)
	at org.junit.platform.launcher.core.EngineExecutionOrchestrator.execute(EngineExecutionOrchestrator.java:88)
	at org.junit.platform.launcher.core.EngineExecutionOrchestrator.lambda$execute$0(EngineExecutionOrchestrator.java:54)
	at org.junit.platform.launcher.core.EngineExecutionOrchestrator.withInterceptedStreams(EngineExecutionOrchestrator.java:67)
	at org.junit.platform.launcher.core.EngineExecutionOrchestrator.execute(EngineExecutionOrchestrator.java:52)
	at org.junit.platform.launcher.core.DefaultLauncher.execute(DefaultLauncher.java:114)
	at org.junit.platform.launcher.core.DefaultLauncher.execute(DefaultLauncher.java:86)
	at org.junit.platform.launcher.core.DefaultLauncherSession$DelegatingLauncher.execute(DefaultLauncherSession.java:86)
	at org.gradle.api.internal.tasks.testing.junitplatform.JUnitPlatformTestClassProcessor$CollectAllTestClassesExecutor.processAllTestClasses(JUnitPlatformTestClassProcessor.java:119)
	at org.gradle.api.internal.tasks.testing.junitplatform.JUnitPlatformTestClassProcessor$CollectAllTestClassesExecutor.access$000(JUnitPlatformTestClassProcessor.java:94)
	at org.gradle.api.internal.tasks.testing.junitplatform.JUnitPlatformTestClassProcessor.stop(JUnitPlatformTestClassProcessor.java:89)
	at org.gradle.api.internal.tasks.testing.SuiteTestClassProcessor.stop(SuiteTestClassProcessor.java:62)
	at sun.reflect.NativeMethodAccessorImpl.invoke0(Native Method)
	at sun.reflect.NativeMethodAccessorImpl.invoke(NativeMethodAccessorImpl.java:62)
	at sun.reflect.DelegatingMethodAccessorImpl.invoke(DelegatingMethodAccessorImpl.java:43)
	at java.lang.reflect.Method.invoke(Method.java:498)
	at org.gradle.internal.dispatch.ReflectionDispatch.dispatch(ReflectionDispatch.java:36)
	at org.gradle.internal.dispatch.ReflectionDispatch.dispatch(ReflectionDispatch.java:24)
	at org.gradle.internal.dispatch.ContextClassLoaderDispatch.dispatch(ContextClassLoaderDispatch.java:33)
	at org.gradle.internal.dispatch.ProxyDispatchAdapter$DispatchingInvocationHandler.invoke(ProxyDispatchAdapter.java:94)
	at com.sun.proxy.$Proxy2.stop(Unknown Source)
	at org.gradle.api.internal.tasks.testing.worker.TestWorker$3.run(TestWorker.java:193)
	at org.gradle.api.internal.tasks.testing.worker.TestWorker.executeAndMaintainThreadName(TestWorker.java:129)
	at org.gradle.api.internal.tasks.testing.worker.TestWorker.execute(TestWorker.java:100)
	at org.gradle.api.internal.tasks.testing.worker.TestWorker.execute(TestWorker.java:60)
	at org.gradle.process.internal.worker.child.ActionExecutionWorker.execute(ActionExecutionWorker.java:56)
	at org.gradle.process.internal.worker.child.SystemApplicationClassLoaderWorker.call(SystemApplicationClassLoaderWorker.java:113)
	at org.gradle.process.internal.worker.child.SystemApplicationClassLoaderWorker.call(SystemApplicationClassLoaderWorker.java:65)
	at worker.org.gradle.process.internal.worker.GradleWorkerMain.run(GradleWorkerMain.java:69)
	at worker.org.gradle.process.internal.worker.GradleWorkerMain.main(GradleWorkerMain.java:74)
</failure>
  </testcase>
  <testcase name="testEqualsAndSetMethod1()" classname="de.huxhorn.lilith.data.access.AccessEvent_ESTest" time="0.008">
    <failure message="org.opentest4j.AssertionFailedError: expected: &lt;false&gt; but was: &lt;true&gt;" type="org.opentest4j.AssertionFailedError">org.opentest4j.AssertionFailedError: expected: &lt;false&gt; but was: &lt;true&gt;
	at org.junit.jupiter.api.AssertionUtils.fail(AssertionUtils.java:55)
	at org.junit.jupiter.api.AssertFalse.assertFalse(AssertFalse.java:40)
	at org.junit.jupiter.api.AssertFalse.assertFalse(AssertFalse.java:35)
	at org.junit.jupiter.api.Assertions.assertFalse(Assertions.java:227)
	at de.huxhorn.lilith.data.access.AccessEvent_ESTest.testEqualsAndSetMethod1(AccessEvent_ESTest.java:820)
	at sun.reflect.NativeMethodAccessorImpl.invoke0(Native Method)
	at sun.reflect.NativeMethodAccessorImpl.invoke(NativeMethodAccessorImpl.java:62)
	at sun.reflect.DelegatingMethodAccessorImpl.invoke(DelegatingMethodAccessorImpl.java:43)
	at java.lang.reflect.Method.invoke(Method.java:498)
	at org.junit.platform.commons.util.ReflectionUtils.invokeMethod(ReflectionUtils.java:725)
	at org.junit.jupiter.engine.execution.MethodInvocation.proceed(MethodInvocation.java:60)
	at org.junit.jupiter.engine.execution.InvocationInterceptorChain$ValidatingInvocation.proceed(InvocationInterceptorChain.java:131)
	at org.junit.jupiter.engine.extension.TimeoutInvocation.proceed(TimeoutInvocation.java:46)
	at org.junit.jupiter.engine.extension.TimeoutExtension.intercept(TimeoutExtension.java:149)
	at org.junit.jupiter.engine.extension.TimeoutExtension.interceptTestableMethod(TimeoutExtension.java:140)
	at org.junit.jupiter.engine.extension.TimeoutExtension.interceptTestMethod(TimeoutExtension.java:84)
	at org.junit.jupiter.engine.execution.ExecutableInvoker$ReflectiveInterceptorCall.lambda$ofVoidMethod$0(ExecutableInvoker.java:115)
	at org.junit.jupiter.engine.execution.ExecutableInvoker.lambda$invoke$0(ExecutableInvoker.java:105)
	at org.junit.jupiter.engine.execution.InvocationInterceptorChain$InterceptedInvocation.proceed(InvocationInterceptorChain.java:106)
	at org.junit.jupiter.engine.execution.InvocationInterceptorChain.proceed(InvocationInterceptorChain.java:64)
	at org.junit.jupiter.engine.execution.InvocationInterceptorChain.chainAndInvoke(InvocationInterceptorChain.java:45)
	at org.junit.jupiter.engine.execution.InvocationInterceptorChain.invoke(InvocationInterceptorChain.java:37)
	at org.junit.jupiter.engine.execution.ExecutableInvoker.invoke(ExecutableInvoker.java:104)
	at org.junit.jupiter.engine.execution.ExecutableInvoker.invoke(ExecutableInvoker.java:98)
	at org.junit.jupiter.engine.descriptor.TestMethodTestDescriptor.lambda$invokeTestMethod$7(TestMethodTestDescriptor.java:214)
	at org.junit.platform.engine.support.hierarchical.ThrowableCollector.execute(ThrowableCollector.java:73)
	at org.junit.jupiter.engine.descriptor.TestMethodTestDescriptor.invokeTestMethod(TestMethodTestDescriptor.java:210)
	at org.junit.jupiter.engine.descriptor.TestMethodTestDescriptor.execute(TestMethodTestDescriptor.java:135)
	at org.junit.jupiter.engine.descriptor.TestMethodTestDescriptor.execute(TestMethodTestDescriptor.java:66)
	at org.junit.platform.engine.support.hierarchical.NodeTestTask.lambda$executeRecursively$6(NodeTestTask.java:151)
	at org.junit.platform.engine.support.hierarchical.ThrowableCollector.execute(ThrowableCollector.java:73)
	at org.junit.platform.engine.support.hierarchical.NodeTestTask.lambda$executeRecursively$8(NodeTestTask.java:141)
	at org.junit.platform.engine.support.hierarchical.Node.around(Node.java:137)
	at org.junit.platform.engine.support.hierarchical.NodeTestTask.lambda$executeRecursively$9(NodeTestTask.java:139)
	at org.junit.platform.engine.support.hierarchical.ThrowableCollector.execute(ThrowableCollector.java:73)
	at org.junit.platform.engine.support.hierarchical.NodeTestTask.executeRecursively(NodeTestTask.java:138)
	at org.junit.platform.engine.support.hierarchical.NodeTestTask.execute(NodeTestTask.java:95)
	at java.util.ArrayList.forEach(ArrayList.java:1259)
	at org.junit.platform.engine.support.hierarchical.SameThreadHierarchicalTestExecutorService.invokeAll(SameThreadHierarchicalTestExecutorService.java:41)
	at org.junit.platform.engine.support.hierarchical.NodeTestTask.lambda$executeRecursively$6(NodeTestTask.java:155)
	at org.junit.platform.engine.support.hierarchical.ThrowableCollector.execute(ThrowableCollector.java:73)
	at org.junit.platform.engine.support.hierarchical.NodeTestTask.lambda$executeRecursively$8(NodeTestTask.java:141)
	at org.junit.platform.engine.support.hierarchical.Node.around(Node.java:137)
	at org.junit.platform.engine.support.hierarchical.NodeTestTask.lambda$executeRecursively$9(NodeTestTask.java:139)
	at org.junit.platform.engine.support.hierarchical.ThrowableCollector.execute(ThrowableCollector.java:73)
	at org.junit.platform.engine.support.hierarchical.NodeTestTask.executeRecursively(NodeTestTask.java:138)
	at org.junit.platform.engine.support.hierarchical.NodeTestTask.execute(NodeTestTask.java:95)
	at java.util.ArrayList.forEach(ArrayList.java:1259)
	at org.junit.platform.engine.support.hierarchical.SameThreadHierarchicalTestExecutorService.invokeAll(SameThreadHierarchicalTestExecutorService.java:41)
	at org.junit.platform.engine.support.hierarchical.NodeTestTask.lambda$executeRecursively$6(NodeTestTask.java:155)
	at org.junit.platform.engine.support.hierarchical.ThrowableCollector.execute(ThrowableCollector.java:73)
	at org.junit.platform.engine.support.hierarchical.NodeTestTask.lambda$executeRecursively$8(NodeTestTask.java:141)
	at org.junit.platform.engine.support.hierarchical.Node.around(Node.java:137)
	at org.junit.platform.engine.support.hierarchical.NodeTestTask.lambda$executeRecursively$9(NodeTestTask.java:139)
	at org.junit.platform.engine.support.hierarchical.ThrowableCollector.execute(ThrowableCollector.java:73)
	at org.junit.platform.engine.support.hierarchical.NodeTestTask.executeRecursively(NodeTestTask.java:138)
	at org.junit.platform.engine.support.hierarchical.NodeTestTask.execute(NodeTestTask.java:95)
	at org.junit.platform.engine.support.hierarchical.SameThreadHierarchicalTestExecutorService.submit(SameThreadHierarchicalTestExecutorService.java:35)
	at org.junit.platform.engine.support.hierarchical.HierarchicalTestExecutor.execute(HierarchicalTestExecutor.java:57)
	at org.junit.platform.engine.support.hierarchical.HierarchicalTestEngine.execute(HierarchicalTestEngine.java:54)
	at org.junit.platform.launcher.core.EngineExecutionOrchestrator.execute(EngineExecutionOrchestrator.java:107)
	at org.junit.platform.launcher.core.EngineExecutionOrchestrator.execute(EngineExecutionOrchestrator.java:88)
	at org.junit.platform.launcher.core.EngineExecutionOrchestrator.lambda$execute$0(EngineExecutionOrchestrator.java:54)
	at org.junit.platform.launcher.core.EngineExecutionOrchestrator.withInterceptedStreams(EngineExecutionOrchestrator.java:67)
	at org.junit.platform.launcher.core.EngineExecutionOrchestrator.execute(EngineExecutionOrchestrator.java:52)
	at org.junit.platform.launcher.core.DefaultLauncher.execute(DefaultLauncher.java:114)
	at org.junit.platform.launcher.core.DefaultLauncher.execute(DefaultLauncher.java:86)
	at org.junit.platform.launcher.core.DefaultLauncherSession$DelegatingLauncher.execute(DefaultLauncherSession.java:86)
	at org.gradle.api.internal.tasks.testing.junitplatform.JUnitPlatformTestClassProcessor$CollectAllTestClassesExecutor.processAllTestClasses(JUnitPlatformTestClassProcessor.java:119)
	at org.gradle.api.internal.tasks.testing.junitplatform.JUnitPlatformTestClassProcessor$CollectAllTestClassesExecutor.access$000(JUnitPlatformTestClassProcessor.java:94)
	at org.gradle.api.internal.tasks.testing.junitplatform.JUnitPlatformTestClassProcessor.stop(JUnitPlatformTestClassProcessor.java:89)
	at org.gradle.api.internal.tasks.testing.SuiteTestClassProcessor.stop(SuiteTestClassProcessor.java:62)
	at sun.reflect.NativeMethodAccessorImpl.invoke0(Native Method)
	at sun.reflect.NativeMethodAccessorImpl.invoke(NativeMethodAccessorImpl.java:62)
	at sun.reflect.DelegatingMethodAccessorImpl.invoke(DelegatingMethodAccessorImpl.java:43)
	at java.lang.reflect.Method.invoke(Method.java:498)
	at org.gradle.internal.dispatch.ReflectionDispatch.dispatch(ReflectionDispatch.java:36)
	at org.gradle.internal.dispatch.ReflectionDispatch.dispatch(ReflectionDispatch.java:24)
	at org.gradle.internal.dispatch.ContextClassLoaderDispatch.dispatch(ContextClassLoaderDispatch.java:33)
	at org.gradle.internal.dispatch.ProxyDispatchAdapter$DispatchingInvocationHandler.invoke(ProxyDispatchAdapter.java:94)
	at com.sun.proxy.$Proxy2.stop(Unknown Source)
	at org.gradle.api.internal.tasks.testing.worker.TestWorker$3.run(TestWorker.java:193)
	at org.gradle.api.internal.tasks.testing.worker.TestWorker.executeAndMaintainThreadName(TestWorker.java:129)
	at org.gradle.api.internal.tasks.testing.worker.TestWorker.execute(TestWorker.java:100)
	at org.gradle.api.internal.tasks.testing.worker.TestWorker.execute(TestWorker.java:60)
	at org.gradle.process.internal.worker.child.ActionExecutionWorker.execute(ActionExecutionWorker.java:56)
	at org.gradle.process.internal.worker.child.SystemApplicationClassLoaderWorker.call(SystemApplicationClassLoaderWorker.java:113)
	at org.gradle.process.internal.worker.child.SystemApplicationClassLoaderWorker.call(SystemApplicationClassLoaderWorker.java:65)
	at worker.org.gradle.process.internal.worker.GradleWorkerMain.run(GradleWorkerMain.java:69)
	at worker.org.gradle.process.internal.worker.GradleWorkerMain.main(GradleWorkerMain.java:74)
</failure>
  </testcase>
  <testcase name="testEqualsWithNonNull()" classname="de.huxhorn.lilith.data.access.AccessEvent_ESTest" time="0.004"/>
  <testcase name="testToString()" classname="de.huxhorn.lilith.data.access.AccessEvent_ESTest" time="0.011"/>
  <testcase name="testGetRequestURLReturningEmptyString()" classname="de.huxhorn.lilith.data.access.AccessEvent_ESTest" time="0.004"/>
  <testcase name="testGetRequestParametersReturningMapWhereIsEmptyIsFalse()" classname="de.huxhorn.lilith.data.access.AccessEvent_ESTest" time="0.003"/>
  <testcase name="testEqualsAndSetServerName0()" classname="de.huxhorn.lilith.data.access.AccessEvent_ESTest" time="0.004"/>
  <testcase name="testEqualsAndSetServerName1()" classname="de.huxhorn.lilith.data.access.AccessEvent_ESTest" time="0.004">
    <failure message="org.opentest4j.AssertionFailedError: expected: &lt;false&gt; but was: &lt;true&gt;" type="org.opentest4j.AssertionFailedError">org.opentest4j.AssertionFailedError: expected: &lt;false&gt; but was: &lt;true&gt;
	at org.junit.jupiter.api.AssertionUtils.fail(AssertionUtils.java:55)
	at org.junit.jupiter.api.AssertFalse.assertFalse(AssertFalse.java:40)
	at org.junit.jupiter.api.AssertFalse.assertFalse(AssertFalse.java:35)
	at org.junit.jupiter.api.Assertions.assertFalse(Assertions.java:227)
	at de.huxhorn.lilith.data.access.AccessEvent_ESTest.testEqualsAndSetServerName1(AccessEvent_ESTest.java:470)
	at sun.reflect.NativeMethodAccessorImpl.invoke0(Native Method)
	at sun.reflect.NativeMethodAccessorImpl.invoke(NativeMethodAccessorImpl.java:62)
	at sun.reflect.DelegatingMethodAccessorImpl.invoke(DelegatingMethodAccessorImpl.java:43)
	at java.lang.reflect.Method.invoke(Method.java:498)
	at org.junit.platform.commons.util.ReflectionUtils.invokeMethod(ReflectionUtils.java:725)
	at org.junit.jupiter.engine.execution.MethodInvocation.proceed(MethodInvocation.java:60)
	at org.junit.jupiter.engine.execution.InvocationInterceptorChain$ValidatingInvocation.proceed(InvocationInterceptorChain.java:131)
	at org.junit.jupiter.engine.extension.TimeoutInvocation.proceed(TimeoutInvocation.java:46)
	at org.junit.jupiter.engine.extension.TimeoutExtension.intercept(TimeoutExtension.java:149)
	at org.junit.jupiter.engine.extension.TimeoutExtension.interceptTestableMethod(TimeoutExtension.java:140)
	at org.junit.jupiter.engine.extension.TimeoutExtension.interceptTestMethod(TimeoutExtension.java:84)
	at org.junit.jupiter.engine.execution.ExecutableInvoker$ReflectiveInterceptorCall.lambda$ofVoidMethod$0(ExecutableInvoker.java:115)
	at org.junit.jupiter.engine.execution.ExecutableInvoker.lambda$invoke$0(ExecutableInvoker.java:105)
	at org.junit.jupiter.engine.execution.InvocationInterceptorChain$InterceptedInvocation.proceed(InvocationInterceptorChain.java:106)
	at org.junit.jupiter.engine.execution.InvocationInterceptorChain.proceed(InvocationInterceptorChain.java:64)
	at org.junit.jupiter.engine.execution.InvocationInterceptorChain.chainAndInvoke(InvocationInterceptorChain.java:45)
	at org.junit.jupiter.engine.execution.InvocationInterceptorChain.invoke(InvocationInterceptorChain.java:37)
	at org.junit.jupiter.engine.execution.ExecutableInvoker.invoke(ExecutableInvoker.java:104)
	at org.junit.jupiter.engine.execution.ExecutableInvoker.invoke(ExecutableInvoker.java:98)
	at org.junit.jupiter.engine.descriptor.TestMethodTestDescriptor.lambda$invokeTestMethod$7(TestMethodTestDescriptor.java:214)
	at org.junit.platform.engine.support.hierarchical.ThrowableCollector.execute(ThrowableCollector.java:73)
	at org.junit.jupiter.engine.descriptor.TestMethodTestDescriptor.invokeTestMethod(TestMethodTestDescriptor.java:210)
	at org.junit.jupiter.engine.descriptor.TestMethodTestDescriptor.execute(TestMethodTestDescriptor.java:135)
	at org.junit.jupiter.engine.descriptor.TestMethodTestDescriptor.execute(TestMethodTestDescriptor.java:66)
	at org.junit.platform.engine.support.hierarchical.NodeTestTask.lambda$executeRecursively$6(NodeTestTask.java:151)
	at org.junit.platform.engine.support.hierarchical.ThrowableCollector.execute(ThrowableCollector.java:73)
	at org.junit.platform.engine.support.hierarchical.NodeTestTask.lambda$executeRecursively$8(NodeTestTask.java:141)
	at org.junit.platform.engine.support.hierarchical.Node.around(Node.java:137)
	at org.junit.platform.engine.support.hierarchical.NodeTestTask.lambda$executeRecursively$9(NodeTestTask.java:139)
	at org.junit.platform.engine.support.hierarchical.ThrowableCollector.execute(ThrowableCollector.java:73)
	at org.junit.platform.engine.support.hierarchical.NodeTestTask.executeRecursively(NodeTestTask.java:138)
	at org.junit.platform.engine.support.hierarchical.NodeTestTask.execute(NodeTestTask.java:95)
	at java.util.ArrayList.forEach(ArrayList.java:1259)
	at org.junit.platform.engine.support.hierarchical.SameThreadHierarchicalTestExecutorService.invokeAll(SameThreadHierarchicalTestExecutorService.java:41)
	at org.junit.platform.engine.support.hierarchical.NodeTestTask.lambda$executeRecursively$6(NodeTestTask.java:155)
	at org.junit.platform.engine.support.hierarchical.ThrowableCollector.execute(ThrowableCollector.java:73)
	at org.junit.platform.engine.support.hierarchical.NodeTestTask.lambda$executeRecursively$8(NodeTestTask.java:141)
	at org.junit.platform.engine.support.hierarchical.Node.around(Node.java:137)
	at org.junit.platform.engine.support.hierarchical.NodeTestTask.lambda$executeRecursively$9(NodeTestTask.java:139)
	at org.junit.platform.engine.support.hierarchical.ThrowableCollector.execute(ThrowableCollector.java:73)
	at org.junit.platform.engine.support.hierarchical.NodeTestTask.executeRecursively(NodeTestTask.java:138)
	at org.junit.platform.engine.support.hierarchical.NodeTestTask.execute(NodeTestTask.java:95)
	at java.util.ArrayList.forEach(ArrayList.java:1259)
	at org.junit.platform.engine.support.hierarchical.SameThreadHierarchicalTestExecutorService.invokeAll(SameThreadHierarchicalTestExecutorService.java:41)
	at org.junit.platform.engine.support.hierarchical.NodeTestTask.lambda$executeRecursively$6(NodeTestTask.java:155)
	at org.junit.platform.engine.support.hierarchical.ThrowableCollector.execute(ThrowableCollector.java:73)
	at org.junit.platform.engine.support.hierarchical.NodeTestTask.lambda$executeRecursively$8(NodeTestTask.java:141)
	at org.junit.platform.engine.support.hierarchical.Node.around(Node.java:137)
	at org.junit.platform.engine.support.hierarchical.NodeTestTask.lambda$executeRecursively$9(NodeTestTask.java:139)
	at org.junit.platform.engine.support.hierarchical.ThrowableCollector.execute(ThrowableCollector.java:73)
	at org.junit.platform.engine.support.hierarchical.NodeTestTask.executeRecursively(NodeTestTask.java:138)
	at org.junit.platform.engine.support.hierarchical.NodeTestTask.execute(NodeTestTask.java:95)
	at org.junit.platform.engine.support.hierarchical.SameThreadHierarchicalTestExecutorService.submit(SameThreadHierarchicalTestExecutorService.java:35)
	at org.junit.platform.engine.support.hierarchical.HierarchicalTestExecutor.execute(HierarchicalTestExecutor.java:57)
	at org.junit.platform.engine.support.hierarchical.HierarchicalTestEngine.execute(HierarchicalTestEngine.java:54)
	at org.junit.platform.launcher.core.EngineExecutionOrchestrator.execute(EngineExecutionOrchestrator.java:107)
	at org.junit.platform.launcher.core.EngineExecutionOrchestrator.execute(EngineExecutionOrchestrator.java:88)
	at org.junit.platform.launcher.core.EngineExecutionOrchestrator.lambda$execute$0(EngineExecutionOrchestrator.java:54)
	at org.junit.platform.launcher.core.EngineExecutionOrchestrator.withInterceptedStreams(EngineExecutionOrchestrator.java:67)
	at org.junit.platform.launcher.core.EngineExecutionOrchestrator.execute(EngineExecutionOrchestrator.java:52)
	at org.junit.platform.launcher.core.DefaultLauncher.execute(DefaultLauncher.java:114)
	at org.junit.platform.launcher.core.DefaultLauncher.execute(DefaultLauncher.java:86)
	at org.junit.platform.launcher.core.DefaultLauncherSession$DelegatingLauncher.execute(DefaultLauncherSession.java:86)
	at org.gradle.api.internal.tasks.testing.junitplatform.JUnitPlatformTestClassProcessor$CollectAllTestClassesExecutor.processAllTestClasses(JUnitPlatformTestClassProcessor.java:119)
	at org.gradle.api.internal.tasks.testing.junitplatform.JUnitPlatformTestClassProcessor$CollectAllTestClassesExecutor.access$000(JUnitPlatformTestClassProcessor.java:94)
	at org.gradle.api.internal.tasks.testing.junitplatform.JUnitPlatformTestClassProcessor.stop(JUnitPlatformTestClassProcessor.java:89)
	at org.gradle.api.internal.tasks.testing.SuiteTestClassProcessor.stop(SuiteTestClassProcessor.java:62)
	at sun.reflect.NativeMethodAccessorImpl.invoke0(Native Method)
	at sun.reflect.NativeMethodAccessorImpl.invoke(NativeMethodAccessorImpl.java:62)
	at sun.reflect.DelegatingMethodAccessorImpl.invoke(DelegatingMethodAccessorImpl.java:43)
	at java.lang.reflect.Method.invoke(Method.java:498)
	at org.gradle.internal.dispatch.ReflectionDispatch.dispatch(ReflectionDispatch.java:36)
	at org.gradle.internal.dispatch.ReflectionDispatch.dispatch(ReflectionDispatch.java:24)
	at org.gradle.internal.dispatch.ContextClassLoaderDispatch.dispatch(ContextClassLoaderDispatch.java:33)
	at org.gradle.internal.dispatch.ProxyDispatchAdapter$DispatchingInvocationHandler.invoke(ProxyDispatchAdapter.java:94)
	at com.sun.proxy.$Proxy2.stop(Unknown Source)
	at org.gradle.api.internal.tasks.testing.worker.TestWorker$3.run(TestWorker.java:193)
	at org.gradle.api.internal.tasks.testing.worker.TestWorker.executeAndMaintainThreadName(TestWorker.java:129)
	at org.gradle.api.internal.tasks.testing.worker.TestWorker.execute(TestWorker.java:100)
	at org.gradle.api.internal.tasks.testing.worker.TestWorker.execute(TestWorker.java:60)
	at org.gradle.process.internal.worker.child.ActionExecutionWorker.execute(ActionExecutionWorker.java:56)
	at org.gradle.process.internal.worker.child.SystemApplicationClassLoaderWorker.call(SystemApplicationClassLoaderWorker.java:113)
	at org.gradle.process.internal.worker.child.SystemApplicationClassLoaderWorker.call(SystemApplicationClassLoaderWorker.java:65)
	at worker.org.gradle.process.internal.worker.GradleWorkerMain.run(GradleWorkerMain.java:69)
	at worker.org.gradle.process.internal.worker.GradleWorkerMain.main(GradleWorkerMain.java:74)
</failure>
  </testcase>
  <testcase name="testGetMethodReturningNonEmptyString()" classname="de.huxhorn.lilith.data.access.AccessEvent_ESTest" time="0.004"/>
  <testcase name="testGetRemoteUserReturningNull()" classname="de.huxhorn.lilith.data.access.AccessEvent_ESTest" time="0.004">
    <failure message="java.lang.NullPointerException" type="java.lang.NullPointerException">java.lang.NullPointerException
	at de.huxhorn.lilith.data.access.AccessEvent_ESTest.testGetRemoteUserReturningNull(AccessEvent_ESTest.java:1223)
	at sun.reflect.NativeMethodAccessorImpl.invoke0(Native Method)
	at sun.reflect.NativeMethodAccessorImpl.invoke(NativeMethodAccessorImpl.java:62)
	at sun.reflect.DelegatingMethodAccessorImpl.invoke(DelegatingMethodAccessorImpl.java:43)
	at java.lang.reflect.Method.invoke(Method.java:498)
	at org.junit.platform.commons.util.ReflectionUtils.invokeMethod(ReflectionUtils.java:725)
	at org.junit.jupiter.engine.execution.MethodInvocation.proceed(MethodInvocation.java:60)
	at org.junit.jupiter.engine.execution.InvocationInterceptorChain$ValidatingInvocation.proceed(InvocationInterceptorChain.java:131)
	at org.junit.jupiter.engine.extension.TimeoutInvocation.proceed(TimeoutInvocation.java:46)
	at org.junit.jupiter.engine.extension.TimeoutExtension.intercept(TimeoutExtension.java:149)
	at org.junit.jupiter.engine.extension.TimeoutExtension.interceptTestableMethod(TimeoutExtension.java:140)
	at org.junit.jupiter.engine.extension.TimeoutExtension.interceptTestMethod(TimeoutExtension.java:84)
	at org.junit.jupiter.engine.execution.ExecutableInvoker$ReflectiveInterceptorCall.lambda$ofVoidMethod$0(ExecutableInvoker.java:115)
	at org.junit.jupiter.engine.execution.ExecutableInvoker.lambda$invoke$0(ExecutableInvoker.java:105)
	at org.junit.jupiter.engine.execution.InvocationInterceptorChain$InterceptedInvocation.proceed(InvocationInterceptorChain.java:106)
	at org.junit.jupiter.engine.execution.InvocationInterceptorChain.proceed(InvocationInterceptorChain.java:64)
	at org.junit.jupiter.engine.execution.InvocationInterceptorChain.chainAndInvoke(InvocationInterceptorChain.java:45)
	at org.junit.jupiter.engine.execution.InvocationInterceptorChain.invoke(InvocationInterceptorChain.java:37)
	at org.junit.jupiter.engine.execution.ExecutableInvoker.invoke(ExecutableInvoker.java:104)
	at org.junit.jupiter.engine.execution.ExecutableInvoker.invoke(ExecutableInvoker.java:98)
	at org.junit.jupiter.engine.descriptor.TestMethodTestDescriptor.lambda$invokeTestMethod$7(TestMethodTestDescriptor.java:214)
	at org.junit.platform.engine.support.hierarchical.ThrowableCollector.execute(ThrowableCollector.java:73)
	at org.junit.jupiter.engine.descriptor.TestMethodTestDescriptor.invokeTestMethod(TestMethodTestDescriptor.java:210)
	at org.junit.jupiter.engine.descriptor.TestMethodTestDescriptor.execute(TestMethodTestDescriptor.java:135)
	at org.junit.jupiter.engine.descriptor.TestMethodTestDescriptor.execute(TestMethodTestDescriptor.java:66)
	at org.junit.platform.engine.support.hierarchical.NodeTestTask.lambda$executeRecursively$6(NodeTestTask.java:151)
	at org.junit.platform.engine.support.hierarchical.ThrowableCollector.execute(ThrowableCollector.java:73)
	at org.junit.platform.engine.support.hierarchical.NodeTestTask.lambda$executeRecursively$8(NodeTestTask.java:141)
	at org.junit.platform.engine.support.hierarchical.Node.around(Node.java:137)
	at org.junit.platform.engine.support.hierarchical.NodeTestTask.lambda$executeRecursively$9(NodeTestTask.java:139)
	at org.junit.platform.engine.support.hierarchical.ThrowableCollector.execute(ThrowableCollector.java:73)
	at org.junit.platform.engine.support.hierarchical.NodeTestTask.executeRecursively(NodeTestTask.java:138)
	at org.junit.platform.engine.support.hierarchical.NodeTestTask.execute(NodeTestTask.java:95)
	at java.util.ArrayList.forEach(ArrayList.java:1259)
	at org.junit.platform.engine.support.hierarchical.SameThreadHierarchicalTestExecutorService.invokeAll(SameThreadHierarchicalTestExecutorService.java:41)
	at org.junit.platform.engine.support.hierarchical.NodeTestTask.lambda$executeRecursively$6(NodeTestTask.java:155)
	at org.junit.platform.engine.support.hierarchical.ThrowableCollector.execute(ThrowableCollector.java:73)
	at org.junit.platform.engine.support.hierarchical.NodeTestTask.lambda$executeRecursively$8(NodeTestTask.java:141)
	at org.junit.platform.engine.support.hierarchical.Node.around(Node.java:137)
	at org.junit.platform.engine.support.hierarchical.NodeTestTask.lambda$executeRecursively$9(NodeTestTask.java:139)
	at org.junit.platform.engine.support.hierarchical.ThrowableCollector.execute(ThrowableCollector.java:73)
	at org.junit.platform.engine.support.hierarchical.NodeTestTask.executeRecursively(NodeTestTask.java:138)
	at org.junit.platform.engine.support.hierarchical.NodeTestTask.execute(NodeTestTask.java:95)
	at java.util.ArrayList.forEach(ArrayList.java:1259)
	at org.junit.platform.engine.support.hierarchical.SameThreadHierarchicalTestExecutorService.invokeAll(SameThreadHierarchicalTestExecutorService.java:41)
	at org.junit.platform.engine.support.hierarchical.NodeTestTask.lambda$executeRecursively$6(NodeTestTask.java:155)
	at org.junit.platform.engine.support.hierarchical.ThrowableCollector.execute(ThrowableCollector.java:73)
	at org.junit.platform.engine.support.hierarchical.NodeTestTask.lambda$executeRecursively$8(NodeTestTask.java:141)
	at org.junit.platform.engine.support.hierarchical.Node.around(Node.java:137)
	at org.junit.platform.engine.support.hierarchical.NodeTestTask.lambda$executeRecursively$9(NodeTestTask.java:139)
	at org.junit.platform.engine.support.hierarchical.ThrowableCollector.execute(ThrowableCollector.java:73)
	at org.junit.platform.engine.support.hierarchical.NodeTestTask.executeRecursively(NodeTestTask.java:138)
	at org.junit.platform.engine.support.hierarchical.NodeTestTask.execute(NodeTestTask.java:95)
	at org.junit.platform.engine.support.hierarchical.SameThreadHierarchicalTestExecutorService.submit(SameThreadHierarchicalTestExecutorService.java:35)
	at org.junit.platform.engine.support.hierarchical.HierarchicalTestExecutor.execute(HierarchicalTestExecutor.java:57)
	at org.junit.platform.engine.support.hierarchical.HierarchicalTestEngine.execute(HierarchicalTestEngine.java:54)
	at org.junit.platform.launcher.core.EngineExecutionOrchestrator.execute(EngineExecutionOrchestrator.java:107)
	at org.junit.platform.launcher.core.EngineExecutionOrchestrator.execute(EngineExecutionOrchestrator.java:88)
	at org.junit.platform.launcher.core.EngineExecutionOrchestrator.lambda$execute$0(EngineExecutionOrchestrator.java:54)
	at org.junit.platform.launcher.core.EngineExecutionOrchestrator.withInterceptedStreams(EngineExecutionOrchestrator.java:67)
	at org.junit.platform.launcher.core.EngineExecutionOrchestrator.execute(EngineExecutionOrchestrator.java:52)
	at org.junit.platform.launcher.core.DefaultLauncher.execute(DefaultLauncher.java:114)
	at org.junit.platform.launcher.core.DefaultLauncher.execute(DefaultLauncher.java:86)
	at org.junit.platform.launcher.core.DefaultLauncherSession$DelegatingLauncher.execute(DefaultLauncherSession.java:86)
	at org.gradle.api.internal.tasks.testing.junitplatform.JUnitPlatformTestClassProcessor$CollectAllTestClassesExecutor.processAllTestClasses(JUnitPlatformTestClassProcessor.java:119)
	at org.gradle.api.internal.tasks.testing.junitplatform.JUnitPlatformTestClassProcessor$CollectAllTestClassesExecutor.access$000(JUnitPlatformTestClassProcessor.java:94)
	at org.gradle.api.internal.tasks.testing.junitplatform.JUnitPlatformTestClassProcessor.stop(JUnitPlatformTestClassProcessor.java:89)
	at org.gradle.api.internal.tasks.testing.SuiteTestClassProcessor.stop(SuiteTestClassProcessor.java:62)
	at sun.reflect.NativeMethodAccessorImpl.invoke0(Native Method)
	at sun.reflect.NativeMethodAccessorImpl.invoke(NativeMethodAccessorImpl.java:62)
	at sun.reflect.DelegatingMethodAccessorImpl.invoke(DelegatingMethodAccessorImpl.java:43)
	at java.lang.reflect.Method.invoke(Method.java:498)
	at org.gradle.internal.dispatch.ReflectionDispatch.dispatch(ReflectionDispatch.java:36)
	at org.gradle.internal.dispatch.ReflectionDispatch.dispatch(ReflectionDispatch.java:24)
	at org.gradle.internal.dispatch.ContextClassLoaderDispatch.dispatch(ContextClassLoaderDispatch.java:33)
	at org.gradle.internal.dispatch.ProxyDispatchAdapter$DispatchingInvocationHandler.invoke(ProxyDispatchAdapter.java:94)
	at com.sun.proxy.$Proxy2.stop(Unknown Source)
	at org.gradle.api.internal.tasks.testing.worker.TestWorker$3.run(TestWorker.java:193)
	at org.gradle.api.internal.tasks.testing.worker.TestWorker.executeAndMaintainThreadName(TestWorker.java:129)
	at org.gradle.api.internal.tasks.testing.worker.TestWorker.execute(TestWorker.java:100)
	at org.gradle.api.internal.tasks.testing.worker.TestWorker.execute(TestWorker.java:60)
	at org.gradle.process.internal.worker.child.ActionExecutionWorker.execute(ActionExecutionWorker.java:56)
	at org.gradle.process.internal.worker.child.SystemApplicationClassLoaderWorker.call(SystemApplicationClassLoaderWorker.java:113)
	at org.gradle.process.internal.worker.child.SystemApplicationClassLoaderWorker.call(SystemApplicationClassLoaderWorker.java:65)
	at worker.org.gradle.process.internal.worker.GradleWorkerMain.run(GradleWorkerMain.java:69)
	at worker.org.gradle.process.internal.worker.GradleWorkerMain.main(GradleWorkerMain.java:74)
</failure>
  </testcase>
  <testcase name="testHashCodeAndSetRequestURI()" classname="de.huxhorn.lilith.data.access.AccessEvent_ESTest" time="0.013">
    <failure message="org.opentest4j.AssertionFailedError: expected: &lt;12345&gt; but was: &lt;1215937550&gt;" type="org.opentest4j.AssertionFailedError">org.opentest4j.AssertionFailedError: expected: &lt;12345&gt; but was: &lt;1215937550&gt;
	at org.junit.jupiter.api.AssertionUtils.fail(AssertionUtils.java:55)
	at org.junit.jupiter.api.AssertionUtils.failNotEqual(AssertionUtils.java:62)
	at org.junit.jupiter.api.AssertEquals.assertEquals(AssertEquals.java:150)
	at org.junit.jupiter.api.AssertEquals.assertEquals(AssertEquals.java:145)
	at org.junit.jupiter.api.Assertions.assertEquals(Assertions.java:527)
	at de.huxhorn.lilith.data.access.AccessEvent_ESTest.testHashCodeAndSetRequestURI(AccessEvent_ESTest.java:393)
	at sun.reflect.NativeMethodAccessorImpl.invoke0(Native Method)
	at sun.reflect.NativeMethodAccessorImpl.invoke(NativeMethodAccessorImpl.java:62)
	at sun.reflect.DelegatingMethodAccessorImpl.invoke(DelegatingMethodAccessorImpl.java:43)
	at java.lang.reflect.Method.invoke(Method.java:498)
	at org.junit.platform.commons.util.ReflectionUtils.invokeMethod(ReflectionUtils.java:725)
	at org.junit.jupiter.engine.execution.MethodInvocation.proceed(MethodInvocation.java:60)
	at org.junit.jupiter.engine.execution.InvocationInterceptorChain$ValidatingInvocation.proceed(InvocationInterceptorChain.java:131)
	at org.junit.jupiter.engine.extension.TimeoutInvocation.proceed(TimeoutInvocation.java:46)
	at org.junit.jupiter.engine.extension.TimeoutExtension.intercept(TimeoutExtension.java:149)
	at org.junit.jupiter.engine.extension.TimeoutExtension.interceptTestableMethod(TimeoutExtension.java:140)
	at org.junit.jupiter.engine.extension.TimeoutExtension.interceptTestMethod(TimeoutExtension.java:84)
	at org.junit.jupiter.engine.execution.ExecutableInvoker$ReflectiveInterceptorCall.lambda$ofVoidMethod$0(ExecutableInvoker.java:115)
	at org.junit.jupiter.engine.execution.ExecutableInvoker.lambda$invoke$0(ExecutableInvoker.java:105)
	at org.junit.jupiter.engine.execution.InvocationInterceptorChain$InterceptedInvocation.proceed(InvocationInterceptorChain.java:106)
	at org.junit.jupiter.engine.execution.InvocationInterceptorChain.proceed(InvocationInterceptorChain.java:64)
	at org.junit.jupiter.engine.execution.InvocationInterceptorChain.chainAndInvoke(InvocationInterceptorChain.java:45)
	at org.junit.jupiter.engine.execution.InvocationInterceptorChain.invoke(InvocationInterceptorChain.java:37)
	at org.junit.jupiter.engine.execution.ExecutableInvoker.invoke(ExecutableInvoker.java:104)
	at org.junit.jupiter.engine.execution.ExecutableInvoker.invoke(ExecutableInvoker.java:98)
	at org.junit.jupiter.engine.descriptor.TestMethodTestDescriptor.lambda$invokeTestMethod$7(TestMethodTestDescriptor.java:214)
	at org.junit.platform.engine.support.hierarchical.ThrowableCollector.execute(ThrowableCollector.java:73)
	at org.junit.jupiter.engine.descriptor.TestMethodTestDescriptor.invokeTestMethod(TestMethodTestDescriptor.java:210)
	at org.junit.jupiter.engine.descriptor.TestMethodTestDescriptor.execute(TestMethodTestDescriptor.java:135)
	at org.junit.jupiter.engine.descriptor.TestMethodTestDescriptor.execute(TestMethodTestDescriptor.java:66)
	at org.junit.platform.engine.support.hierarchical.NodeTestTask.lambda$executeRecursively$6(NodeTestTask.java:151)
	at org.junit.platform.engine.support.hierarchical.ThrowableCollector.execute(ThrowableCollector.java:73)
	at org.junit.platform.engine.support.hierarchical.NodeTestTask.lambda$executeRecursively$8(NodeTestTask.java:141)
	at org.junit.platform.engine.support.hierarchical.Node.around(Node.java:137)
	at org.junit.platform.engine.support.hierarchical.NodeTestTask.lambda$executeRecursively$9(NodeTestTask.java:139)
	at org.junit.platform.engine.support.hierarchical.ThrowableCollector.execute(ThrowableCollector.java:73)
	at org.junit.platform.engine.support.hierarchical.NodeTestTask.executeRecursively(NodeTestTask.java:138)
	at org.junit.platform.engine.support.hierarchical.NodeTestTask.execute(NodeTestTask.java:95)
	at java.util.ArrayList.forEach(ArrayList.java:1259)
	at org.junit.platform.engine.support.hierarchical.SameThreadHierarchicalTestExecutorService.invokeAll(SameThreadHierarchicalTestExecutorService.java:41)
	at org.junit.platform.engine.support.hierarchical.NodeTestTask.lambda$executeRecursively$6(NodeTestTask.java:155)
	at org.junit.platform.engine.support.hierarchical.ThrowableCollector.execute(ThrowableCollector.java:73)
	at org.junit.platform.engine.support.hierarchical.NodeTestTask.lambda$executeRecursively$8(NodeTestTask.java:141)
	at org.junit.platform.engine.support.hierarchical.Node.around(Node.java:137)
	at org.junit.platform.engine.support.hierarchical.NodeTestTask.lambda$executeRecursively$9(NodeTestTask.java:139)
	at org.junit.platform.engine.support.hierarchical.ThrowableCollector.execute(ThrowableCollector.java:73)
	at org.junit.platform.engine.support.hierarchical.NodeTestTask.executeRecursively(NodeTestTask.java:138)
	at org.junit.platform.engine.support.hierarchical.NodeTestTask.execute(NodeTestTask.java:95)
	at java.util.ArrayList.forEach(ArrayList.java:1259)
	at org.junit.platform.engine.support.hierarchical.SameThreadHierarchicalTestExecutorService.invokeAll(SameThreadHierarchicalTestExecutorService.java:41)
	at org.junit.platform.engine.support.hierarchical.NodeTestTask.lambda$executeRecursively$6(NodeTestTask.java:155)
	at org.junit.platform.engine.support.hierarchical.ThrowableCollector.execute(ThrowableCollector.java:73)
	at org.junit.platform.engine.support.hierarchical.NodeTestTask.lambda$executeRecursively$8(NodeTestTask.java:141)
	at org.junit.platform.engine.support.hierarchical.Node.around(Node.java:137)
	at org.junit.platform.engine.support.hierarchical.NodeTestTask.lambda$executeRecursively$9(NodeTestTask.java:139)
	at org.junit.platform.engine.support.hierarchical.ThrowableCollector.execute(ThrowableCollector.java:73)
	at org.junit.platform.engine.support.hierarchical.NodeTestTask.executeRecursively(NodeTestTask.java:138)
	at org.junit.platform.engine.support.hierarchical.NodeTestTask.execute(NodeTestTask.java:95)
	at org.junit.platform.engine.support.hierarchical.SameThreadHierarchicalTestExecutorService.submit(SameThreadHierarchicalTestExecutorService.java:35)
	at org.junit.platform.engine.support.hierarchical.HierarchicalTestExecutor.execute(HierarchicalTestExecutor.java:57)
	at org.junit.platform.engine.support.hierarchical.HierarchicalTestEngine.execute(HierarchicalTestEngine.java:54)
	at org.junit.platform.launcher.core.EngineExecutionOrchestrator.execute(EngineExecutionOrchestrator.java:107)
	at org.junit.platform.launcher.core.EngineExecutionOrchestrator.execute(EngineExecutionOrchestrator.java:88)
	at org.junit.platform.launcher.core.EngineExecutionOrchestrator.lambda$execute$0(EngineExecutionOrchestrator.java:54)
	at org.junit.platform.launcher.core.EngineExecutionOrchestrator.withInterceptedStreams(EngineExecutionOrchestrator.java:67)
	at org.junit.platform.launcher.core.EngineExecutionOrchestrator.execute(EngineExecutionOrchestrator.java:52)
	at org.junit.platform.launcher.core.DefaultLauncher.execute(DefaultLauncher.java:114)
	at org.junit.platform.launcher.core.DefaultLauncher.execute(DefaultLauncher.java:86)
	at org.junit.platform.launcher.core.DefaultLauncherSession$DelegatingLauncher.execute(DefaultLauncherSession.java:86)
	at org.gradle.api.internal.tasks.testing.junitplatform.JUnitPlatformTestClassProcessor$CollectAllTestClassesExecutor.processAllTestClasses(JUnitPlatformTestClassProcessor.java:119)
	at org.gradle.api.internal.tasks.testing.junitplatform.JUnitPlatformTestClassProcessor$CollectAllTestClassesExecutor.access$000(JUnitPlatformTestClassProcessor.java:94)
	at org.gradle.api.internal.tasks.testing.junitplatform.JUnitPlatformTestClassProcessor.stop(JUnitPlatformTestClassProcessor.java:89)
	at org.gradle.api.internal.tasks.testing.SuiteTestClassProcessor.stop(SuiteTestClassProcessor.java:62)
	at sun.reflect.NativeMethodAccessorImpl.invoke0(Native Method)
	at sun.reflect.NativeMethodAccessorImpl.invoke(NativeMethodAccessorImpl.java:62)
	at sun.reflect.DelegatingMethodAccessorImpl.invoke(DelegatingMethodAccessorImpl.java:43)
	at java.lang.reflect.Method.invoke(Method.java:498)
	at org.gradle.internal.dispatch.ReflectionDispatch.dispatch(ReflectionDispatch.java:36)
	at org.gradle.internal.dispatch.ReflectionDispatch.dispatch(ReflectionDispatch.java:24)
	at org.gradle.internal.dispatch.ContextClassLoaderDispatch.dispatch(ContextClassLoaderDispatch.java:33)
	at org.gradle.internal.dispatch.ProxyDispatchAdapter$DispatchingInvocationHandler.invoke(ProxyDispatchAdapter.java:94)
	at com.sun.proxy.$Proxy2.stop(Unknown Source)
	at org.gradle.api.internal.tasks.testing.worker.TestWorker$3.run(TestWorker.java:193)
	at org.gradle.api.internal.tasks.testing.worker.TestWorker.executeAndMaintainThreadName(TestWorker.java:129)
	at org.gradle.api.internal.tasks.testing.worker.TestWorker.execute(TestWorker.java:100)
	at org.gradle.api.internal.tasks.testing.worker.TestWorker.execute(TestWorker.java:60)
	at org.gradle.process.internal.worker.child.ActionExecutionWorker.execute(ActionExecutionWorker.java:56)
	at org.gradle.process.internal.worker.child.SystemApplicationClassLoaderWorker.call(SystemApplicationClassLoaderWorker.java:113)
	at org.gradle.process.internal.worker.child.SystemApplicationClassLoaderWorker.call(SystemApplicationClassLoaderWorker.java:65)
	at worker.org.gradle.process.internal.worker.GradleWorkerMain.run(GradleWorkerMain.java:69)
	at worker.org.gradle.process.internal.worker.GradleWorkerMain.main(GradleWorkerMain.java:74)
</failure>
  </testcase>
  <testcase name="testHashCodeAndSetRequestURL()" classname="de.huxhorn.lilith.data.access.AccessEvent_ESTest" time="0.006"/>
  <testcase name="testGetRemoteHostReturningNull()" classname="de.huxhorn.lilith.data.access.AccessEvent_ESTest" time="0.014"/>
  <testcase name="testGetServerNameReturningNull()" classname="de.huxhorn.lilith.data.access.AccessEvent_ESTest" time="0.009"/>
  <testcase name="testGetProtocolReturningNonEmptyString()" classname="de.huxhorn.lilith.data.access.AccessEvent_ESTest" time="0.013"/>
  <testcase name="testGetLocalPortReturningZero()" classname="de.huxhorn.lilith.data.access.AccessEvent_ESTest" time="0.005"/>
  <testcase name="testGetRemoteAddressReturningNonEmptyString()" classname="de.huxhorn.lilith.data.access.AccessEvent_ESTest" time="0.005"/>
  <testcase name="testGetServerNameReturningEmptyString()" classname="de.huxhorn.lilith.data.access.AccessEvent_ESTest" time="0.011"/>
  <testcase name="testGetLoggerContextReturningNonNull()" classname="de.huxhorn.lilith.data.access.AccessEvent_ESTest" time="0.019"/>
  <testcase name="testGetRemoteUserReturningNonEmptyString()" classname="de.huxhorn.lilith.data.access.AccessEvent_ESTest" time="0.003"/>
  <testcase name="testGetRequestHeadersReturningMapWhereIsEmptyIsTrue()" classname="de.huxhorn.lilith.data.access.AccessEvent_ESTest" time="0.009"/>
  <testcase name="testHashCodeAndSetMethod()" classname="de.huxhorn.lilith.data.access.AccessEvent_ESTest" time="0.005"/>
  <testcase name="testSetResponseHeaders()" classname="de.huxhorn.lilith.data.access.AccessEvent_ESTest" time="0.005"/>
  <testcase name="testGetProtocolReturningNull()" classname="de.huxhorn.lilith.data.access.AccessEvent_ESTest" time="0.004"/>
  <testcase name="testGetRequestHeadersReturningNull()" classname="de.huxhorn.lilith.data.access.AccessEvent_ESTest" time="0.004"/>
  <testcase name="testGetProtocolReturningEmptyString()" classname="de.huxhorn.lilith.data.access.AccessEvent_ESTest" time="0.006"/>
  <testcase name="testHashCodeAndSetRemoteHost()" classname="de.huxhorn.lilith.data.access.AccessEvent_ESTest" time="0.004"/>
  <testcase name="testHashCodeAndSetRemoteUser()" classname="de.huxhorn.lilith.data.access.AccessEvent_ESTest" time="0.012"/>
  <testcase name="testGetRemoteHostReturningEmptyString()" classname="de.huxhorn.lilith.data.access.AccessEvent_ESTest" time="0.004"/>
  <testcase name="testGetRequestHeadersReturningMapWhereIsEmptyIsFalse()" classname="de.huxhorn.lilith.data.access.AccessEvent_ESTest" time="0.014"/>
  <testcase name="testEqualsAndSetProtocolAndEqualsReturningTrue()" classname="de.huxhorn.lilith.data.access.AccessEvent_ESTest" time="0.007">
    <failure message="org.opentest4j.AssertionFailedError: expected: &lt;false&gt; but was: &lt;true&gt;" type="org.opentest4j.AssertionFailedError">org.opentest4j.AssertionFailedError: expected: &lt;false&gt; but was: &lt;true&gt;
	at org.junit.jupiter.api.AssertionUtils.fail(AssertionUtils.java:55)
	at org.junit.jupiter.api.AssertFalse.assertFalse(AssertFalse.java:40)
	at org.junit.jupiter.api.AssertFalse.assertFalse(AssertFalse.java:35)
	at org.junit.jupiter.api.Assertions.assertFalse(Assertions.java:227)
	at de.huxhorn.lilith.data.access.AccessEvent_ESTest.testEqualsAndSetProtocolAndEqualsReturningTrue(AccessEvent_ESTest.java:743)
	at sun.reflect.NativeMethodAccessorImpl.invoke0(Native Method)
	at sun.reflect.NativeMethodAccessorImpl.invoke(NativeMethodAccessorImpl.java:62)
	at sun.reflect.DelegatingMethodAccessorImpl.invoke(DelegatingMethodAccessorImpl.java:43)
	at java.lang.reflect.Method.invoke(Method.java:498)
	at org.junit.platform.commons.util.ReflectionUtils.invokeMethod(ReflectionUtils.java:725)
	at org.junit.jupiter.engine.execution.MethodInvocation.proceed(MethodInvocation.java:60)
	at org.junit.jupiter.engine.execution.InvocationInterceptorChain$ValidatingInvocation.proceed(InvocationInterceptorChain.java:131)
	at org.junit.jupiter.engine.extension.TimeoutInvocation.proceed(TimeoutInvocation.java:46)
	at org.junit.jupiter.engine.extension.TimeoutExtension.intercept(TimeoutExtension.java:149)
	at org.junit.jupiter.engine.extension.TimeoutExtension.interceptTestableMethod(TimeoutExtension.java:140)
	at org.junit.jupiter.engine.extension.TimeoutExtension.interceptTestMethod(TimeoutExtension.java:84)
	at org.junit.jupiter.engine.execution.ExecutableInvoker$ReflectiveInterceptorCall.lambda$ofVoidMethod$0(ExecutableInvoker.java:115)
	at org.junit.jupiter.engine.execution.ExecutableInvoker.lambda$invoke$0(ExecutableInvoker.java:105)
	at org.junit.jupiter.engine.execution.InvocationInterceptorChain$InterceptedInvocation.proceed(InvocationInterceptorChain.java:106)
	at org.junit.jupiter.engine.execution.InvocationInterceptorChain.proceed(InvocationInterceptorChain.java:64)
	at org.junit.jupiter.engine.execution.InvocationInterceptorChain.chainAndInvoke(InvocationInterceptorChain.java:45)
	at org.junit.jupiter.engine.execution.InvocationInterceptorChain.invoke(InvocationInterceptorChain.java:37)
	at org.junit.jupiter.engine.execution.ExecutableInvoker.invoke(ExecutableInvoker.java:104)
	at org.junit.jupiter.engine.execution.ExecutableInvoker.invoke(ExecutableInvoker.java:98)
	at org.junit.jupiter.engine.descriptor.TestMethodTestDescriptor.lambda$invokeTestMethod$7(TestMethodTestDescriptor.java:214)
	at org.junit.platform.engine.support.hierarchical.ThrowableCollector.execute(ThrowableCollector.java:73)
	at org.junit.jupiter.engine.descriptor.TestMethodTestDescriptor.invokeTestMethod(TestMethodTestDescriptor.java:210)
	at org.junit.jupiter.engine.descriptor.TestMethodTestDescriptor.execute(TestMethodTestDescriptor.java:135)
	at org.junit.jupiter.engine.descriptor.TestMethodTestDescriptor.execute(TestMethodTestDescriptor.java:66)
	at org.junit.platform.engine.support.hierarchical.NodeTestTask.lambda$executeRecursively$6(NodeTestTask.java:151)
	at org.junit.platform.engine.support.hierarchical.ThrowableCollector.execute(ThrowableCollector.java:73)
	at org.junit.platform.engine.support.hierarchical.NodeTestTask.lambda$executeRecursively$8(NodeTestTask.java:141)
	at org.junit.platform.engine.support.hierarchical.Node.around(Node.java:137)
	at org.junit.platform.engine.support.hierarchical.NodeTestTask.lambda$executeRecursively$9(NodeTestTask.java:139)
	at org.junit.platform.engine.support.hierarchical.ThrowableCollector.execute(ThrowableCollector.java:73)
	at org.junit.platform.engine.support.hierarchical.NodeTestTask.executeRecursively(NodeTestTask.java:138)
	at org.junit.platform.engine.support.hierarchical.NodeTestTask.execute(NodeTestTask.java:95)
	at java.util.ArrayList.forEach(ArrayList.java:1259)
	at org.junit.platform.engine.support.hierarchical.SameThreadHierarchicalTestExecutorService.invokeAll(SameThreadHierarchicalTestExecutorService.java:41)
	at org.junit.platform.engine.support.hierarchical.NodeTestTask.lambda$executeRecursively$6(NodeTestTask.java:155)
	at org.junit.platform.engine.support.hierarchical.ThrowableCollector.execute(ThrowableCollector.java:73)
	at org.junit.platform.engine.support.hierarchical.NodeTestTask.lambda$executeRecursively$8(NodeTestTask.java:141)
	at org.junit.platform.engine.support.hierarchical.Node.around(Node.java:137)
	at org.junit.platform.engine.support.hierarchical.NodeTestTask.lambda$executeRecursively$9(NodeTestTask.java:139)
	at org.junit.platform.engine.support.hierarchical.ThrowableCollector.execute(ThrowableCollector.java:73)
	at org.junit.platform.engine.support.hierarchical.NodeTestTask.executeRecursively(NodeTestTask.java:138)
	at org.junit.platform.engine.support.hierarchical.NodeTestTask.execute(NodeTestTask.java:95)
	at java.util.ArrayList.forEach(ArrayList.java:1259)
	at org.junit.platform.engine.support.hierarchical.SameThreadHierarchicalTestExecutorService.invokeAll(SameThreadHierarchicalTestExecutorService.java:41)
	at org.junit.platform.engine.support.hierarchical.NodeTestTask.lambda$executeRecursively$6(NodeTestTask.java:155)
	at org.junit.platform.engine.support.hierarchical.ThrowableCollector.execute(ThrowableCollector.java:73)
	at org.junit.platform.engine.support.hierarchical.NodeTestTask.lambda$executeRecursively$8(NodeTestTask.java:141)
	at org.junit.platform.engine.support.hierarchical.Node.around(Node.java:137)
	at org.junit.platform.engine.support.hierarchical.NodeTestTask.lambda$executeRecursively$9(NodeTestTask.java:139)
	at org.junit.platform.engine.support.hierarchical.ThrowableCollector.execute(ThrowableCollector.java:73)
	at org.junit.platform.engine.support.hierarchical.NodeTestTask.executeRecursively(NodeTestTask.java:138)
	at org.junit.platform.engine.support.hierarchical.NodeTestTask.execute(NodeTestTask.java:95)
	at org.junit.platform.engine.support.hierarchical.SameThreadHierarchicalTestExecutorService.submit(SameThreadHierarchicalTestExecutorService.java:35)
	at org.junit.platform.engine.support.hierarchical.HierarchicalTestExecutor.execute(HierarchicalTestExecutor.java:57)
	at org.junit.platform.engine.support.hierarchical.HierarchicalTestEngine.execute(HierarchicalTestEngine.java:54)
	at org.junit.platform.launcher.core.EngineExecutionOrchestrator.execute(EngineExecutionOrchestrator.java:107)
	at org.junit.platform.launcher.core.EngineExecutionOrchestrator.execute(EngineExecutionOrchestrator.java:88)
	at org.junit.platform.launcher.core.EngineExecutionOrchestrator.lambda$execute$0(EngineExecutionOrchestrator.java:54)
	at org.junit.platform.launcher.core.EngineExecutionOrchestrator.withInterceptedStreams(EngineExecutionOrchestrator.java:67)
	at org.junit.platform.launcher.core.EngineExecutionOrchestrator.execute(EngineExecutionOrchestrator.java:52)
	at org.junit.platform.launcher.core.DefaultLauncher.execute(DefaultLauncher.java:114)
	at org.junit.platform.launcher.core.DefaultLauncher.execute(DefaultLauncher.java:86)
	at org.junit.platform.launcher.core.DefaultLauncherSession$DelegatingLauncher.execute(DefaultLauncherSession.java:86)
	at org.gradle.api.internal.tasks.testing.junitplatform.JUnitPlatformTestClassProcessor$CollectAllTestClassesExecutor.processAllTestClasses(JUnitPlatformTestClassProcessor.java:119)
	at org.gradle.api.internal.tasks.testing.junitplatform.JUnitPlatformTestClassProcessor$CollectAllTestClassesExecutor.access$000(JUnitPlatformTestClassProcessor.java:94)
	at org.gradle.api.internal.tasks.testing.junitplatform.JUnitPlatformTestClassProcessor.stop(JUnitPlatformTestClassProcessor.java:89)
	at org.gradle.api.internal.tasks.testing.SuiteTestClassProcessor.stop(SuiteTestClassProcessor.java:62)
	at sun.reflect.NativeMethodAccessorImpl.invoke0(Native Method)
	at sun.reflect.NativeMethodAccessorImpl.invoke(NativeMethodAccessorImpl.java:62)
	at sun.reflect.DelegatingMethodAccessorImpl.invoke(DelegatingMethodAccessorImpl.java:43)
	at java.lang.reflect.Method.invoke(Method.java:498)
	at org.gradle.internal.dispatch.ReflectionDispatch.dispatch(ReflectionDispatch.java:36)
	at org.gradle.internal.dispatch.ReflectionDispatch.dispatch(ReflectionDispatch.java:24)
	at org.gradle.internal.dispatch.ContextClassLoaderDispatch.dispatch(ContextClassLoaderDispatch.java:33)
	at org.gradle.internal.dispatch.ProxyDispatchAdapter$DispatchingInvocationHandler.invoke(ProxyDispatchAdapter.java:94)
	at com.sun.proxy.$Proxy2.stop(Unknown Source)
	at org.gradle.api.internal.tasks.testing.worker.TestWorker$3.run(TestWorker.java:193)
	at org.gradle.api.internal.tasks.testing.worker.TestWorker.executeAndMaintainThreadName(TestWorker.java:129)
	at org.gradle.api.internal.tasks.testing.worker.TestWorker.execute(TestWorker.java:100)
	at org.gradle.api.internal.tasks.testing.worker.TestWorker.execute(TestWorker.java:60)
	at org.gradle.process.internal.worker.child.ActionExecutionWorker.execute(ActionExecutionWorker.java:56)
	at org.gradle.process.internal.worker.child.SystemApplicationClassLoaderWorker.call(SystemApplicationClassLoaderWorker.java:113)
	at org.gradle.process.internal.worker.child.SystemApplicationClassLoaderWorker.call(SystemApplicationClassLoaderWorker.java:65)
	at worker.org.gradle.process.internal.worker.GradleWorkerMain.run(GradleWorkerMain.java:69)
	at worker.org.gradle.process.internal.worker.GradleWorkerMain.main(GradleWorkerMain.java:74)
</failure>
  </testcase>
  <testcase name="testGetResponseHeadersReturningNull()" classname="de.huxhorn.lilith.data.access.AccessEvent_ESTest" time="0.023"/>
  <testcase name="testGetTimeStampReturningPositive()" classname="de.huxhorn.lilith.data.access.AccessEvent_ESTest" time="0.004"/>
  <testcase name="testGetRequestParametersReturningMapWhereIsEmptyIsTrue()" classname="de.huxhorn.lilith.data.access.AccessEvent_ESTest" time="0.006"/>
  <testcase name="testGetTimeStampReturningNegative()" classname="de.huxhorn.lilith.data.access.AccessEvent_ESTest" time="0.009"/>
  <testcase name="testEqualsAndSetRemoteAddressAndEqualsReturningTrue()" classname="de.huxhorn.lilith.data.access.AccessEvent_ESTest" time="0.003"/>
  <testcase name="testGetRemoteHostReturningNonEmptyString()" classname="de.huxhorn.lilith.data.access.AccessEvent_ESTest" time="0.018"/>
  <testcase name="testEqualsAndSetMethodAndEqualsReturningTrue()" classname="de.huxhorn.lilith.data.access.AccessEvent_ESTest" time="0.005"/>
  <testcase name="testHashCodeAndSetRemoteAddress()" classname="de.huxhorn.lilith.data.access.AccessEvent_ESTest" time="0.006"/>
  <testcase name="testEqualsAndSetRequestURI0()" classname="de.huxhorn.lilith.data.access.AccessEvent_ESTest" time="0.003"/>
  <testcase name="testEqualsAndSetRequestURI1()" classname="de.huxhorn.lilith.data.access.AccessEvent_ESTest" time="0.005"/>
  <testcase name="testEqualsAndSetRequestURL0()" classname="de.huxhorn.lilith.data.access.AccessEvent_ESTest" time="0.003"/>
  <testcase name="testEqualsAndSetRequestURL1()" classname="de.huxhorn.lilith.data.access.AccessEvent_ESTest" time="0.003"/>
  <testcase name="testGetRequestURLReturningNull()" classname="de.huxhorn.lilith.data.access.AccessEvent_ESTest" time="0.004"/>
  <testcase name="testGetLocalPortReturningPositive()" classname="de.huxhorn.lilith.data.access.AccessEvent_ESTest" time="0.002"/>
  <testcase name="testEqualsAndSetRemoteUserAndEqualsReturningTrue()" classname="de.huxhorn.lilith.data.access.AccessEvent_ESTest" time="0.003">
    <failure message="org.opentest4j.AssertionFailedError: expected: &lt;false&gt; but was: &lt;true&gt;" type="org.opentest4j.AssertionFailedError">org.opentest4j.AssertionFailedError: expected: &lt;false&gt; but was: &lt;true&gt;
	at org.junit.jupiter.api.AssertionUtils.fail(AssertionUtils.java:55)
	at org.junit.jupiter.api.AssertFalse.assertFalse(AssertFalse.java:40)
	at org.junit.jupiter.api.AssertFalse.assertFalse(AssertFalse.java:35)
	at org.junit.jupiter.api.Assertions.assertFalse(Assertions.java:227)
	at de.huxhorn.lilith.data.access.AccessEvent_ESTest.testEqualsAndSetRemoteUserAndEqualsReturningTrue(AccessEvent_ESTest.java:590)
	at sun.reflect.NativeMethodAccessorImpl.invoke0(Native Method)
	at sun.reflect.NativeMethodAccessorImpl.invoke(NativeMethodAccessorImpl.java:62)
	at sun.reflect.DelegatingMethodAccessorImpl.invoke(DelegatingMethodAccessorImpl.java:43)
	at java.lang.reflect.Method.invoke(Method.java:498)
	at org.junit.platform.commons.util.ReflectionUtils.invokeMethod(ReflectionUtils.java:725)
	at org.junit.jupiter.engine.execution.MethodInvocation.proceed(MethodInvocation.java:60)
	at org.junit.jupiter.engine.execution.InvocationInterceptorChain$ValidatingInvocation.proceed(InvocationInterceptorChain.java:131)
	at org.junit.jupiter.engine.extension.TimeoutInvocation.proceed(TimeoutInvocation.java:46)
	at org.junit.jupiter.engine.extension.TimeoutExtension.intercept(TimeoutExtension.java:149)
	at org.junit.jupiter.engine.extension.TimeoutExtension.interceptTestableMethod(TimeoutExtension.java:140)
	at org.junit.jupiter.engine.extension.TimeoutExtension.interceptTestMethod(TimeoutExtension.java:84)
	at org.junit.jupiter.engine.execution.ExecutableInvoker$ReflectiveInterceptorCall.lambda$ofVoidMethod$0(ExecutableInvoker.java:115)
	at org.junit.jupiter.engine.execution.ExecutableInvoker.lambda$invoke$0(ExecutableInvoker.java:105)
	at org.junit.jupiter.engine.execution.InvocationInterceptorChain$InterceptedInvocation.proceed(InvocationInterceptorChain.java:106)
	at org.junit.jupiter.engine.execution.InvocationInterceptorChain.proceed(InvocationInterceptorChain.java:64)
	at org.junit.jupiter.engine.execution.InvocationInterceptorChain.chainAndInvoke(InvocationInterceptorChain.java:45)
	at org.junit.jupiter.engine.execution.InvocationInterceptorChain.invoke(InvocationInterceptorChain.java:37)
	at org.junit.jupiter.engine.execution.ExecutableInvoker.invoke(ExecutableInvoker.java:104)
	at org.junit.jupiter.engine.execution.ExecutableInvoker.invoke(ExecutableInvoker.java:98)
	at org.junit.jupiter.engine.descriptor.TestMethodTestDescriptor.lambda$invokeTestMethod$7(TestMethodTestDescriptor.java:214)
	at org.junit.platform.engine.support.hierarchical.ThrowableCollector.execute(ThrowableCollector.java:73)
	at org.junit.jupiter.engine.descriptor.TestMethodTestDescriptor.invokeTestMethod(TestMethodTestDescriptor.java:210)
	at org.junit.jupiter.engine.descriptor.TestMethodTestDescriptor.execute(TestMethodTestDescriptor.java:135)
	at org.junit.jupiter.engine.descriptor.TestMethodTestDescriptor.execute(TestMethodTestDescriptor.java:66)
	at org.junit.platform.engine.support.hierarchical.NodeTestTask.lambda$executeRecursively$6(NodeTestTask.java:151)
	at org.junit.platform.engine.support.hierarchical.ThrowableCollector.execute(ThrowableCollector.java:73)
	at org.junit.platform.engine.support.hierarchical.NodeTestTask.lambda$executeRecursively$8(NodeTestTask.java:141)
	at org.junit.platform.engine.support.hierarchical.Node.around(Node.java:137)
	at org.junit.platform.engine.support.hierarchical.NodeTestTask.lambda$executeRecursively$9(NodeTestTask.java:139)
	at org.junit.platform.engine.support.hierarchical.ThrowableCollector.execute(ThrowableCollector.java:73)
	at org.junit.platform.engine.support.hierarchical.NodeTestTask.executeRecursively(NodeTestTask.java:138)
	at org.junit.platform.engine.support.hierarchical.NodeTestTask.execute(NodeTestTask.java:95)
	at java.util.ArrayList.forEach(ArrayList.java:1259)
	at org.junit.platform.engine.support.hierarchical.SameThreadHierarchicalTestExecutorService.invokeAll(SameThreadHierarchicalTestExecutorService.java:41)
	at org.junit.platform.engine.support.hierarchical.NodeTestTask.lambda$executeRecursively$6(NodeTestTask.java:155)
	at org.junit.platform.engine.support.hierarchical.ThrowableCollector.execute(ThrowableCollector.java:73)
	at org.junit.platform.engine.support.hierarchical.NodeTestTask.lambda$executeRecursively$8(NodeTestTask.java:141)
	at org.junit.platform.engine.support.hierarchical.Node.around(Node.java:137)
	at org.junit.platform.engine.support.hierarchical.NodeTestTask.lambda$executeRecursively$9(NodeTestTask.java:139)
	at org.junit.platform.engine.support.hierarchical.ThrowableCollector.execute(ThrowableCollector.java:73)
	at org.junit.platform.engine.support.hierarchical.NodeTestTask.executeRecursively(NodeTestTask.java:138)
	at org.junit.platform.engine.support.hierarchical.NodeTestTask.execute(NodeTestTask.java:95)
	at java.util.ArrayList.forEach(ArrayList.java:1259)
	at org.junit.platform.engine.support.hierarchical.SameThreadHierarchicalTestExecutorService.invokeAll(SameThreadHierarchicalTestExecutorService.java:41)
	at org.junit.platform.engine.support.hierarchical.NodeTestTask.lambda$executeRecursively$6(NodeTestTask.java:155)
	at org.junit.platform.engine.support.hierarchical.ThrowableCollector.execute(ThrowableCollector.java:73)
	at org.junit.platform.engine.support.hierarchical.NodeTestTask.lambda$executeRecursively$8(NodeTestTask.java:141)
	at org.junit.platform.engine.support.hierarchical.Node.around(Node.java:137)
	at org.junit.platform.engine.support.hierarchical.NodeTestTask.lambda$executeRecursively$9(NodeTestTask.java:139)
	at org.junit.platform.engine.support.hierarchical.ThrowableCollector.execute(ThrowableCollector.java:73)
	at org.junit.platform.engine.support.hierarchical.NodeTestTask.executeRecursively(NodeTestTask.java:138)
	at org.junit.platform.engine.support.hierarchical.NodeTestTask.execute(NodeTestTask.java:95)
	at org.junit.platform.engine.support.hierarchical.SameThreadHierarchicalTestExecutorService.submit(SameThreadHierarchicalTestExecutorService.java:35)
	at org.junit.platform.engine.support.hierarchical.HierarchicalTestExecutor.execute(HierarchicalTestExecutor.java:57)
	at org.junit.platform.engine.support.hierarchical.HierarchicalTestEngine.execute(HierarchicalTestEngine.java:54)
	at org.junit.platform.launcher.core.EngineExecutionOrchestrator.execute(EngineExecutionOrchestrator.java:107)
	at org.junit.platform.launcher.core.EngineExecutionOrchestrator.execute(EngineExecutionOrchestrator.java:88)
	at org.junit.platform.launcher.core.EngineExecutionOrchestrator.lambda$execute$0(EngineExecutionOrchestrator.java:54)
	at org.junit.platform.launcher.core.EngineExecutionOrchestrator.withInterceptedStreams(EngineExecutionOrchestrator.java:67)
	at org.junit.platform.launcher.core.EngineExecutionOrchestrator.execute(EngineExecutionOrchestrator.java:52)
	at org.junit.platform.launcher.core.DefaultLauncher.execute(DefaultLauncher.java:114)
	at org.junit.platform.launcher.core.DefaultLauncher.execute(DefaultLauncher.java:86)
	at org.junit.platform.launcher.core.DefaultLauncherSession$DelegatingLauncher.execute(DefaultLauncherSession.java:86)
	at org.gradle.api.internal.tasks.testing.junitplatform.JUnitPlatformTestClassProcessor$CollectAllTestClassesExecutor.processAllTestClasses(JUnitPlatformTestClassProcessor.java:119)
	at org.gradle.api.internal.tasks.testing.junitplatform.JUnitPlatformTestClassProcessor$CollectAllTestClassesExecutor.access$000(JUnitPlatformTestClassProcessor.java:94)
	at org.gradle.api.internal.tasks.testing.junitplatform.JUnitPlatformTestClassProcessor.stop(JUnitPlatformTestClassProcessor.java:89)
	at org.gradle.api.internal.tasks.testing.SuiteTestClassProcessor.stop(SuiteTestClassProcessor.java:62)
	at sun.reflect.NativeMethodAccessorImpl.invoke0(Native Method)
	at sun.reflect.NativeMethodAccessorImpl.invoke(NativeMethodAccessorImpl.java:62)
	at sun.reflect.DelegatingMethodAccessorImpl.invoke(DelegatingMethodAccessorImpl.java:43)
	at java.lang.reflect.Method.invoke(Method.java:498)
	at org.gradle.internal.dispatch.ReflectionDispatch.dispatch(ReflectionDispatch.java:36)
	at org.gradle.internal.dispatch.ReflectionDispatch.dispatch(ReflectionDispatch.java:24)
	at org.gradle.internal.dispatch.ContextClassLoaderDispatch.dispatch(ContextClassLoaderDispatch.java:33)
	at org.gradle.internal.dispatch.ProxyDispatchAdapter$DispatchingInvocationHandler.invoke(ProxyDispatchAdapter.java:94)
	at com.sun.proxy.$Proxy2.stop(Unknown Source)
	at org.gradle.api.internal.tasks.testing.worker.TestWorker$3.run(TestWorker.java:193)
	at org.gradle.api.internal.tasks.testing.worker.TestWorker.executeAndMaintainThreadName(TestWorker.java:129)
	at org.gradle.api.internal.tasks.testing.worker.TestWorker.execute(TestWorker.java:100)
	at org.gradle.api.internal.tasks.testing.worker.TestWorker.execute(TestWorker.java:60)
	at org.gradle.process.internal.worker.child.ActionExecutionWorker.execute(ActionExecutionWorker.java:56)
	at org.gradle.process.internal.worker.child.SystemApplicationClassLoaderWorker.call(SystemApplicationClassLoaderWorker.java:113)
	at org.gradle.process.internal.worker.child.SystemApplicationClassLoaderWorker.call(SystemApplicationClassLoaderWorker.java:65)
	at worker.org.gradle.process.internal.worker.GradleWorkerMain.run(GradleWorkerMain.java:69)
	at worker.org.gradle.process.internal.worker.GradleWorkerMain.main(GradleWorkerMain.java:74)
</failure>
  </testcase>
  <testcase name="testGetServerNameReturningNonEmptyString()" classname="de.huxhorn.lilith.data.access.AccessEvent_ESTest" time="0.003"/>
  <testcase name="testEquals()" classname="de.huxhorn.lilith.data.access.AccessEvent_ESTest" time="0.007"/>
  <testcase name="testEqualsAndSetRequestURLAndEqualsReturningTrue()" classname="de.huxhorn.lilith.data.access.AccessEvent_ESTest" time="0.006"/>
  <testcase name="testGetLocalPortReturningNegative()" classname="de.huxhorn.lilith.data.access.AccessEvent_ESTest" time="0.014"/>
  <testcase name="testSetLocalPort()" classname="de.huxhorn.lilith.data.access.AccessEvent_ESTest" time="0.004"/>
  <testcase name="testEqualsAndSetRemoteAddress0()" classname="de.huxhorn.lilith.data.access.AccessEvent_ESTest" time="0.003"/>
  <testcase name="testEqualsAndSetRemoteAddress1()" classname="de.huxhorn.lilith.data.access.AccessEvent_ESTest" time="0.005"/>
  <testcase name="testGetRemoteAddressReturningNull()" classname="de.huxhorn.lilith.data.access.AccessEvent_ESTest" time="0.014"/>
  <testcase name="testEqualsAndSetProtocol0()" classname="de.huxhorn.lilith.data.access.AccessEvent_ESTest" time="0.004"/>
  <testcase name="testEqualsAndSetProtocol1()" classname="de.huxhorn.lilith.data.access.AccessEvent_ESTest" time="0.004"/>
  <testcase name="testHashCodeAndSetServerName()" classname="de.huxhorn.lilith.data.access.AccessEvent_ESTest" time="0.004"/>
  <testcase name="testGetMethodReturningEmptyString()" classname="de.huxhorn.lilith.data.access.AccessEvent_ESTest" time="0.005"/>
  <testcase name="testGetRequestParametersReturningNull()" classname="de.huxhorn.lilith.data.access.AccessEvent_ESTest" time="0.003"/>
  <testcase name="testGetStatusCodeReturningPositive()" classname="de.huxhorn.lilith.data.access.AccessEvent_ESTest" time="0.011"/>
  <testcase name="testGetStatusCodeReturningZero()" classname="de.huxhorn.lilith.data.access.AccessEvent_ESTest" time="0.003"/>
  <testcase name="testEqualsAndSetRequestURIAndEqualsReturningTrue()" classname="de.huxhorn.lilith.data.access.AccessEvent_ESTest" time="0.004"/>
  <testcase name="testEqualsAndSetRemoteHost0()" classname="de.huxhorn.lilith.data.access.AccessEvent_ESTest" time="0.006"/>
  <testcase name="testEqualsAndSetRemoteHost1()" classname="de.huxhorn.lilith.data.access.AccessEvent_ESTest" time="0.003"/>
  <testcase name="testEqualsAndSetRemoteUser0()" classname="de.huxhorn.lilith.data.access.AccessEvent_ESTest" time="0.003"/>
  <testcase name="testEqualsAndSetRemoteUser1()" classname="de.huxhorn.lilith.data.access.AccessEvent_ESTest" time="0.003"/>
  <testcase name="testHashCodeAndSetProtocol()" classname="de.huxhorn.lilith.data.access.AccessEvent_ESTest" time="0.004"/>
  <testcase name="testGetStatusCodeReturningNegative()" classname="de.huxhorn.lilith.data.access.AccessEvent_ESTest" time="0.017"/>
  <testcase name="testEqualsWithNull()" classname="de.huxhorn.lilith.data.access.AccessEvent_ESTest" time="0.01"/>
  <testcase name="testEqualsAndSetRemoteHostAndEqualsReturningTrue()" classname="de.huxhorn.lilith.data.access.AccessEvent_ESTest" time="0.003"/>
  <testcase name="initializationError" classname="de.huxhorn.lilith.data.access.AccessEvent_ESTest" time="0.007">
    <failure message="org.junit.runners.model.InvalidTestClassError: Invalid test class 'de.huxhorn.lilith.data.access.AccessEvent_ESTest':&#10;  1. No runnable methods" type="org.junit.runners.model.InvalidTestClassError">org.junit.runners.model.InvalidTestClassError: Invalid test class 'de.huxhorn.lilith.data.access.AccessEvent_ESTest':
  1. No runnable methods
	at org.junit.runners.ParentRunner.validate(ParentRunner.java:525)
	at org.junit.runners.ParentRunner.&lt;init&gt;(ParentRunner.java:92)
	at org.junit.runners.BlockJUnit4ClassRunner.&lt;init&gt;(BlockJUnit4ClassRunner.java:74)
	at org.evosuite.runtime.EvoRunner.&lt;init&gt;(EvoRunner.java:76)
	at sun.reflect.NativeConstructorAccessorImpl.newInstance0(Native Method)
	at sun.reflect.NativeConstructorAccessorImpl.newInstance(NativeConstructorAccessorImpl.java:62)
	at sun.reflect.DelegatingConstructorAccessorImpl.newInstance(DelegatingConstructorAccessorImpl.java:45)
	at java.lang.reflect.Constructor.newInstance(Constructor.java:423)
	at org.junit.internal.builders.AnnotatedBuilder.buildRunner(AnnotatedBuilder.java:104)
	at org.junit.vintage.engine.discovery.DefensiveAllDefaultPossibilitiesBuilder$DefensiveAnnotatedBuilder.buildRunner(DefensiveAllDefaultPossibilitiesBuilder.java:114)
	at org.junit.internal.builders.AnnotatedBuilder.runnerForClass(AnnotatedBuilder.java:86)
	at org.junit.runners.model.RunnerBuilder.safeRunnerForClass(RunnerBuilder.java:70)
	at org.junit.internal.builders.AllDefaultPossibilitiesBuilder.runnerForClass(AllDefaultPossibilitiesBuilder.java:37)
	at org.junit.vintage.engine.discovery.DefensiveAllDefaultPossibilitiesBuilder.runnerForClass(DefensiveAllDefaultPossibilitiesBuilder.java:57)
	at org.junit.runners.model.RunnerBuilder.safeRunnerForClass(RunnerBuilder.java:70)
	at org.junit.vintage.engine.discovery.ClassSelectorResolver.resolveTestClass(ClassSelectorResolver.java:66)
	at org.junit.vintage.engine.discovery.ClassSelectorResolver.resolve(ClassSelectorResolver.java:47)
	at org.junit.platform.engine.support.discovery.EngineDiscoveryRequestResolution.lambda$resolve$2(EngineDiscoveryRequestResolution.java:134)
	at java.util.stream.ReferencePipeline$3$1.accept(ReferencePipeline.java:193)
	at java.util.ArrayList$ArrayListSpliterator.tryAdvance(ArrayList.java:1361)
	at java.util.stream.ReferencePipeline.forEachWithCancel(ReferencePipeline.java:126)
	at java.util.stream.AbstractPipeline.copyIntoWithCancel(AbstractPipeline.java:499)
	at java.util.stream.AbstractPipeline.copyInto(AbstractPipeline.java:486)
	at java.util.stream.AbstractPipeline.wrapAndCopyInto(AbstractPipeline.java:472)
	at java.util.stream.FindOps$FindOp.evaluateSequential(FindOps.java:152)
	at java.util.stream.AbstractPipeline.evaluate(AbstractPipeline.java:234)
	at java.util.stream.ReferencePipeline.findFirst(ReferencePipeline.java:531)
	at org.junit.platform.engine.support.discovery.EngineDiscoveryRequestResolution.resolve(EngineDiscoveryRequestResolution.java:185)
	at org.junit.platform.engine.support.discovery.EngineDiscoveryRequestResolution.resolve(EngineDiscoveryRequestResolution.java:125)
	at org.junit.platform.engine.support.discovery.EngineDiscoveryRequestResolution.resolveCompletely(EngineDiscoveryRequestResolution.java:91)
	at org.junit.platform.engine.support.discovery.EngineDiscoveryRequestResolution.run(EngineDiscoveryRequestResolution.java:82)
	at org.junit.platform.engine.support.discovery.EngineDiscoveryRequestResolver.resolve(EngineDiscoveryRequestResolver.java:113)
	at org.junit.vintage.engine.discovery.VintageDiscoverer.discover(VintageDiscoverer.java:42)
	at org.junit.vintage.engine.VintageTestEngine.discover(VintageTestEngine.java:64)
	at org.junit.platform.launcher.core.EngineDiscoveryOrchestrator.discoverEngineRoot(EngineDiscoveryOrchestrator.java:152)
	at org.junit.platform.launcher.core.EngineDiscoveryOrchestrator.discoverSafely(EngineDiscoveryOrchestrator.java:134)
	at org.junit.platform.launcher.core.EngineDiscoveryOrchestrator.discover(EngineDiscoveryOrchestrator.java:108)
	at org.junit.platform.launcher.core.EngineDiscoveryOrchestrator.discover(EngineDiscoveryOrchestrator.java:80)
	at org.junit.platform.launcher.core.DefaultLauncher.discover(DefaultLauncher.java:110)
	at org.junit.platform.launcher.core.DefaultLauncher.execute(DefaultLauncher.java:86)
	at org.junit.platform.launcher.core.DefaultLauncherSession$DelegatingLauncher.execute(DefaultLauncherSession.java:86)
	at org.gradle.api.internal.tasks.testing.junitplatform.JUnitPlatformTestClassProcessor$CollectAllTestClassesExecutor.processAllTestClasses(JUnitPlatformTestClassProcessor.java:119)
	at org.gradle.api.internal.tasks.testing.junitplatform.JUnitPlatformTestClassProcessor$CollectAllTestClassesExecutor.access$000(JUnitPlatformTestClassProcessor.java:94)
	at org.gradle.api.internal.tasks.testing.junitplatform.JUnitPlatformTestClassProcessor.stop(JUnitPlatformTestClassProcessor.java:89)
	at org.gradle.api.internal.tasks.testing.SuiteTestClassProcessor.stop(SuiteTestClassProcessor.java:62)
	at sun.reflect.NativeMethodAccessorImpl.invoke0(Native Method)
	at sun.reflect.NativeMethodAccessorImpl.invoke(NativeMethodAccessorImpl.java:62)
	at sun.reflect.DelegatingMethodAccessorImpl.invoke(DelegatingMethodAccessorImpl.java:43)
	at java.lang.reflect.Method.invoke(Method.java:498)
	at org.gradle.internal.dispatch.ReflectionDispatch.dispatch(ReflectionDispatch.java:36)
	at org.gradle.internal.dispatch.ReflectionDispatch.dispatch(ReflectionDispatch.java:24)
	at org.gradle.internal.dispatch.ContextClassLoaderDispatch.dispatch(ContextClassLoaderDispatch.java:33)
	at org.gradle.internal.dispatch.ProxyDispatchAdapter$DispatchingInvocationHandler.invoke(ProxyDispatchAdapter.java:94)
	at com.sun.proxy.$Proxy2.stop(Unknown Source)
	at org.gradle.api.internal.tasks.testing.worker.TestWorker$3.run(TestWorker.java:193)
	at org.gradle.api.internal.tasks.testing.worker.TestWorker.executeAndMaintainThreadName(TestWorker.java:129)
	at org.gradle.api.internal.tasks.testing.worker.TestWorker.execute(TestWorker.java:100)
	at org.gradle.api.internal.tasks.testing.worker.TestWorker.execute(TestWorker.java:60)
	at org.gradle.process.internal.worker.child.ActionExecutionWorker.execute(ActionExecutionWorker.java:56)
	at org.gradle.process.internal.worker.child.SystemApplicationClassLoaderWorker.call(SystemApplicationClassLoaderWorker.java:113)
	at org.gradle.process.internal.worker.child.SystemApplicationClassLoaderWorker.call(SystemApplicationClassLoaderWorker.java:65)
	at worker.org.gradle.process.internal.worker.GradleWorkerMain.run(GradleWorkerMain.java:69)
	at worker.org.gradle.process.internal.worker.GradleWorkerMain.main(GradleWorkerMain.java:74)
</failure>
  </testcase>
  <system-out><![CDATA[DEBUG - 09:44:28.977 [Test worker] - MSecurityManager.java:377 - Adding privileged thread: "Reference Handler"
DEBUG - 09:44:28.977 [Test worker] - MSecurityManager.java:377 - Adding privileged thread: "Finalizer"
DEBUG - 09:44:28.978 [Test worker] - MSecurityManager.java:377 - Adding privileged thread: "Signal Dispatcher"
DEBUG - 09:44:28.978 [Test worker] - MSecurityManager.java:377 - Adding privileged thread: "Java2D Disposer"
DEBUG - 09:44:28.979 [Test worker] - MSecurityManager.java:377 - Adding privileged thread: "Test worker"
DEBUG - 09:44:28.979 [Test worker] - MSecurityManager.java:377 - Adding privileged thread: "/127.0.0.1:35962 to /127.0.0.1:43189 workers"
DEBUG - 09:44:28.980 [Test worker] - MSecurityManager.java:377 - Adding privileged thread: "/127.0.0.1:35962 to /127.0.0.1:43189 workers Thread 2"
DEBUG - 09:44:28.980 [Test worker] - MSecurityManager.java:377 - Adding privileged thread: "/127.0.0.1:35962 to /127.0.0.1:43189 workers Thread 3"
ERROR - 09:44:29.177 [Test worker] - ClassStateSupport.java:111 - Found $jacocoInit in class de.huxhorn.lilith.data.access.AccessEvent
ERROR - 09:44:29.181 [Test worker] - ClassStateSupport.java:88 - Class de.huxhorn.lilith.data.access.AccessEvent was not instrumented by EvoSuite. This could happen if you are running JUnit tests in a way that is not handled by EvoSuite, in which some classes are loaded be reflection before the tests are run. Consult the EvoSuite documentation for possible workarounds for this issue.
ERROR - 09:44:29.182 [Test worker] - ClassStateSupport.java:88 - Class de.huxhorn.lilith.data.access.LoggerContext was not instrumented by EvoSuite. This could happen if you are running JUnit tests in a way that is not handled by EvoSuite, in which some classes are loaded be reflection before the tests are run. Consult the EvoSuite documentation for possible workarounds for this issue.
INFO  - 09:44:29.388 [Test worker] - ThreadStopper.java:179 - Found new thread
INFO  - 09:44:32.311 [Test worker] - ThreadStopper.java:194 - Thread is still alive: junit-jupiter-timeout-watcher
DEBUG - 09:44:32.318 [Test worker] - ClassResetter.java:116 - __STATIC_RESET() method does not exists in class de.huxhorn.lilith.data.access.AccessEvent
DEBUG - 09:44:32.319 [Test worker] - ClassResetter.java:116 - __STATIC_RESET() method does not exists in class de.huxhorn.lilith.data.access.LoggerContext
DEBUG - 09:44:32.369 [Test worker] - ClassResetter.java:116 - __STATIC_RESET() method does not exists in class de.huxhorn.lilith.data.access.AccessEvent
DEBUG - 09:44:32.370 [Test worker] - ClassResetter.java:116 - __STATIC_RESET() method does not exists in class de.huxhorn.lilith.data.access.LoggerContext
DEBUG - 09:44:32.396 [Test worker] - ClassResetter.java:116 - __STATIC_RESET() method does not exists in class de.huxhorn.lilith.data.access.AccessEvent
DEBUG - 09:44:32.398 [Test worker] - ClassResetter.java:116 - __STATIC_RESET() method does not exists in class de.huxhorn.lilith.data.access.LoggerContext
DEBUG - 09:44:32.409 [Test worker] - ClassResetter.java:116 - __STATIC_RESET() method does not exists in class de.huxhorn.lilith.data.access.AccessEvent
DEBUG - 09:44:32.411 [Test worker] - ClassResetter.java:116 - __STATIC_RESET() method does not exists in class de.huxhorn.lilith.data.access.LoggerContext
DEBUG - 09:44:32.420 [Test worker] - ClassResetter.java:116 - __STATIC_RESET() method does not exists in class de.huxhorn.lilith.data.access.AccessEvent
DEBUG - 09:44:32.420 [Test worker] - ClassResetter.java:116 - __STATIC_RESET() method does not exists in class de.huxhorn.lilith.data.access.LoggerContext
DEBUG - 09:44:32.431 [Test worker] - ClassResetter.java:116 - __STATIC_RESET() method does not exists in class de.huxhorn.lilith.data.access.AccessEvent
DEBUG - 09:44:32.432 [Test worker] - ClassResetter.java:116 - __STATIC_RESET() method does not exists in class de.huxhorn.lilith.data.access.LoggerContext
DEBUG - 09:44:32.451 [Test worker] - ClassResetter.java:116 - __STATIC_RESET() method does not exists in class de.huxhorn.lilith.data.access.AccessEvent
DEBUG - 09:44:32.452 [Test worker] - ClassResetter.java:116 - __STATIC_RESET() method does not exists in class de.huxhorn.lilith.data.access.LoggerContext
DEBUG - 09:44:32.468 [Test worker] - ClassResetter.java:116 - __STATIC_RESET() method does not exists in class de.huxhorn.lilith.data.access.AccessEvent
DEBUG - 09:44:32.469 [Test worker] - ClassResetter.java:116 - __STATIC_RESET() method does not exists in class de.huxhorn.lilith.data.access.LoggerContext
DEBUG - 09:44:32.485 [Test worker] - ClassResetter.java:116 - __STATIC_RESET() method does not exists in class de.huxhorn.lilith.data.access.AccessEvent
DEBUG - 09:44:32.488 [Test worker] - ClassResetter.java:116 - __STATIC_RESET() method does not exists in class de.huxhorn.lilith.data.access.LoggerContext
DEBUG - 09:44:32.496 [Test worker] - ClassResetter.java:116 - __STATIC_RESET() method does not exists in class de.huxhorn.lilith.data.access.AccessEvent
DEBUG - 09:44:32.501 [Test worker] - ClassResetter.java:116 - __STATIC_RESET() method does not exists in class de.huxhorn.lilith.data.access.LoggerContext
DEBUG - 09:44:32.513 [Test worker] - ClassResetter.java:116 - __STATIC_RESET() method does not exists in class de.huxhorn.lilith.data.access.AccessEvent
DEBUG - 09:44:32.514 [Test worker] - ClassResetter.java:116 - __STATIC_RESET() method does not exists in class de.huxhorn.lilith.data.access.LoggerContext
DEBUG - 09:44:32.532 [Test worker] - ClassResetter.java:116 - __STATIC_RESET() method does not exists in class de.huxhorn.lilith.data.access.AccessEvent
DEBUG - 09:44:32.533 [Test worker] - ClassResetter.java:116 - __STATIC_RESET() method does not exists in class de.huxhorn.lilith.data.access.LoggerContext
DEBUG - 09:44:32.542 [Test worker] - ClassResetter.java:116 - __STATIC_RESET() method does not exists in class de.huxhorn.lilith.data.access.AccessEvent
DEBUG - 09:44:32.543 [Test worker] - ClassResetter.java:116 - __STATIC_RESET() method does not exists in class de.huxhorn.lilith.data.access.LoggerContext
DEBUG - 09:44:32.551 [Test worker] - ClassResetter.java:116 - __STATIC_RESET() method does not exists in class de.huxhorn.lilith.data.access.AccessEvent
DEBUG - 09:44:32.560 [Test worker] - ClassResetter.java:116 - __STATIC_RESET() method does not exists in class de.huxhorn.lilith.data.access.LoggerContext
DEBUG - 09:44:32.578 [Test worker] - ClassResetter.java:116 - __STATIC_RESET() method does not exists in class de.huxhorn.lilith.data.access.AccessEvent
DEBUG - 09:44:32.586 [Test worker] - ClassResetter.java:116 - __STATIC_RESET() method does not exists in class de.huxhorn.lilith.data.access.LoggerContext
DEBUG - 09:44:32.614 [Test worker] - ClassResetter.java:116 - __STATIC_RESET() method does not exists in class de.huxhorn.lilith.data.access.AccessEvent
DEBUG - 09:44:32.614 [Test worker] - ClassResetter.java:116 - __STATIC_RESET() method does not exists in class de.huxhorn.lilith.data.access.LoggerContext
DEBUG - 09:44:32.620 [Test worker] - ClassResetter.java:116 - __STATIC_RESET() method does not exists in class de.huxhorn.lilith.data.access.AccessEvent
DEBUG - 09:44:32.621 [Test worker] - ClassResetter.java:116 - __STATIC_RESET() method does not exists in class de.huxhorn.lilith.data.access.LoggerContext
DEBUG - 09:44:32.632 [Test worker] - ClassResetter.java:116 - __STATIC_RESET() method does not exists in class de.huxhorn.lilith.data.access.AccessEvent
DEBUG - 09:44:32.633 [Test worker] - ClassResetter.java:116 - __STATIC_RESET() method does not exists in class de.huxhorn.lilith.data.access.LoggerContext
DEBUG - 09:44:32.637 [Test worker] - ClassResetter.java:116 - __STATIC_RESET() method does not exists in class de.huxhorn.lilith.data.access.AccessEvent
DEBUG - 09:44:32.637 [Test worker] - ClassResetter.java:116 - __STATIC_RESET() method does not exists in class de.huxhorn.lilith.data.access.LoggerContext
DEBUG - 09:44:32.641 [Test worker] - ClassResetter.java:116 - __STATIC_RESET() method does not exists in class de.huxhorn.lilith.data.access.AccessEvent
DEBUG - 09:44:32.642 [Test worker] - ClassResetter.java:116 - __STATIC_RESET() method does not exists in class de.huxhorn.lilith.data.access.LoggerContext
DEBUG - 09:44:32.653 [Test worker] - ClassResetter.java:116 - __STATIC_RESET() method does not exists in class de.huxhorn.lilith.data.access.AccessEvent
DEBUG - 09:44:32.653 [Test worker] - ClassResetter.java:116 - __STATIC_RESET() method does not exists in class de.huxhorn.lilith.data.access.LoggerContext
DEBUG - 09:44:32.658 [Test worker] - ClassResetter.java:116 - __STATIC_RESET() method does not exists in class de.huxhorn.lilith.data.access.AccessEvent
DEBUG - 09:44:32.658 [Test worker] - ClassResetter.java:116 - __STATIC_RESET() method does not exists in class de.huxhorn.lilith.data.access.LoggerContext
DEBUG - 09:44:32.663 [Test worker] - ClassResetter.java:116 - __STATIC_RESET() method does not exists in class de.huxhorn.lilith.data.access.AccessEvent
DEBUG - 09:44:32.664 [Test worker] - ClassResetter.java:116 - __STATIC_RESET() method does not exists in class de.huxhorn.lilith.data.access.LoggerContext
DEBUG - 09:44:32.668 [Test worker] - ClassResetter.java:116 - __STATIC_RESET() method does not exists in class de.huxhorn.lilith.data.access.AccessEvent
DEBUG - 09:44:32.668 [Test worker] - ClassResetter.java:116 - __STATIC_RESET() method does not exists in class de.huxhorn.lilith.data.access.LoggerContext
DEBUG - 09:44:32.679 [Test worker] - ClassResetter.java:116 - __STATIC_RESET() method does not exists in class de.huxhorn.lilith.data.access.AccessEvent
DEBUG - 09:44:32.680 [Test worker] - ClassResetter.java:116 - __STATIC_RESET() method does not exists in class de.huxhorn.lilith.data.access.LoggerContext
DEBUG - 09:44:32.689 [Test worker] - ClassResetter.java:116 - __STATIC_RESET() method does not exists in class de.huxhorn.lilith.data.access.AccessEvent
DEBUG - 09:44:32.690 [Test worker] - ClassResetter.java:116 - __STATIC_RESET() method does not exists in class de.huxhorn.lilith.data.access.LoggerContext
DEBUG - 09:44:32.703 [Test worker] - ClassResetter.java:116 - __STATIC_RESET() method does not exists in class de.huxhorn.lilith.data.access.AccessEvent
DEBUG - 09:44:32.705 [Test worker] - ClassResetter.java:116 - __STATIC_RESET() method does not exists in class de.huxhorn.lilith.data.access.LoggerContext
DEBUG - 09:44:32.714 [Test worker] - ClassResetter.java:116 - __STATIC_RESET() method does not exists in class de.huxhorn.lilith.data.access.AccessEvent
DEBUG - 09:44:32.715 [Test worker] - ClassResetter.java:116 - __STATIC_RESET() method does not exists in class de.huxhorn.lilith.data.access.LoggerContext
DEBUG - 09:44:32.728 [Test worker] - ClassResetter.java:116 - __STATIC_RESET() method does not exists in class de.huxhorn.lilith.data.access.AccessEvent
DEBUG - 09:44:32.729 [Test worker] - ClassResetter.java:116 - __STATIC_RESET() method does not exists in class de.huxhorn.lilith.data.access.LoggerContext
DEBUG - 09:44:32.733 [Test worker] - ClassResetter.java:116 - __STATIC_RESET() method does not exists in class de.huxhorn.lilith.data.access.AccessEvent
DEBUG - 09:44:32.734 [Test worker] - ClassResetter.java:116 - __STATIC_RESET() method does not exists in class de.huxhorn.lilith.data.access.LoggerContext
DEBUG - 09:44:32.741 [Test worker] - ClassResetter.java:116 - __STATIC_RESET() method does not exists in class de.huxhorn.lilith.data.access.AccessEvent
DEBUG - 09:44:32.742 [Test worker] - ClassResetter.java:116 - __STATIC_RESET() method does not exists in class de.huxhorn.lilith.data.access.LoggerContext
DEBUG - 09:44:32.752 [Test worker] - ClassResetter.java:116 - __STATIC_RESET() method does not exists in class de.huxhorn.lilith.data.access.AccessEvent
DEBUG - 09:44:32.755 [Test worker] - ClassResetter.java:116 - __STATIC_RESET() method does not exists in class de.huxhorn.lilith.data.access.LoggerContext
DEBUG - 09:44:32.774 [Test worker] - ClassResetter.java:116 - __STATIC_RESET() method does not exists in class de.huxhorn.lilith.data.access.AccessEvent
DEBUG - 09:44:32.775 [Test worker] - ClassResetter.java:116 - __STATIC_RESET() method does not exists in class de.huxhorn.lilith.data.access.LoggerContext
DEBUG - 09:44:32.780 [Test worker] - ClassResetter.java:116 - __STATIC_RESET() method does not exists in class de.huxhorn.lilith.data.access.AccessEvent
DEBUG - 09:44:32.781 [Test worker] - ClassResetter.java:116 - __STATIC_RESET() method does not exists in class de.huxhorn.lilith.data.access.LoggerContext
DEBUG - 09:44:32.794 [Test worker] - ClassResetter.java:116 - __STATIC_RESET() method does not exists in class de.huxhorn.lilith.data.access.AccessEvent
DEBUG - 09:44:32.794 [Test worker] - ClassResetter.java:116 - __STATIC_RESET() method does not exists in class de.huxhorn.lilith.data.access.LoggerContext
DEBUG - 09:44:32.798 [Test worker] - ClassResetter.java:116 - __STATIC_RESET() method does not exists in class de.huxhorn.lilith.data.access.AccessEvent
DEBUG - 09:44:32.800 [Test worker] - ClassResetter.java:116 - __STATIC_RESET() method does not exists in class de.huxhorn.lilith.data.access.LoggerContext
DEBUG - 09:44:32.805 [Test worker] - ClassResetter.java:116 - __STATIC_RESET() method does not exists in class de.huxhorn.lilith.data.access.AccessEvent
DEBUG - 09:44:32.806 [Test worker] - ClassResetter.java:116 - __STATIC_RESET() method does not exists in class de.huxhorn.lilith.data.access.LoggerContext
DEBUG - 09:44:32.811 [Test worker] - ClassResetter.java:116 - __STATIC_RESET() method does not exists in class de.huxhorn.lilith.data.access.AccessEvent
DEBUG - 09:44:32.811 [Test worker] - ClassResetter.java:116 - __STATIC_RESET() method does not exists in class de.huxhorn.lilith.data.access.LoggerContext
DEBUG - 09:44:32.816 [Test worker] - ClassResetter.java:116 - __STATIC_RESET() method does not exists in class de.huxhorn.lilith.data.access.AccessEvent
DEBUG - 09:44:32.816 [Test worker] - ClassResetter.java:116 - __STATIC_RESET() method does not exists in class de.huxhorn.lilith.data.access.LoggerContext
DEBUG - 09:44:32.823 [Test worker] - ClassResetter.java:116 - __STATIC_RESET() method does not exists in class de.huxhorn.lilith.data.access.AccessEvent
DEBUG - 09:44:32.824 [Test worker] - ClassResetter.java:116 - __STATIC_RESET() method does not exists in class de.huxhorn.lilith.data.access.LoggerContext
DEBUG - 09:44:32.828 [Test worker] - ClassResetter.java:116 - __STATIC_RESET() method does not exists in class de.huxhorn.lilith.data.access.AccessEvent
DEBUG - 09:44:32.829 [Test worker] - ClassResetter.java:116 - __STATIC_RESET() method does not exists in class de.huxhorn.lilith.data.access.LoggerContext
DEBUG - 09:44:32.839 [Test worker] - ClassResetter.java:116 - __STATIC_RESET() method does not exists in class de.huxhorn.lilith.data.access.AccessEvent
DEBUG - 09:44:32.840 [Test worker] - ClassResetter.java:116 - __STATIC_RESET() method does not exists in class de.huxhorn.lilith.data.access.LoggerContext
DEBUG - 09:44:32.846 [Test worker] - ClassResetter.java:116 - __STATIC_RESET() method does not exists in class de.huxhorn.lilith.data.access.AccessEvent
DEBUG - 09:44:32.846 [Test worker] - ClassResetter.java:116 - __STATIC_RESET() method does not exists in class de.huxhorn.lilith.data.access.LoggerContext
DEBUG - 09:44:32.860 [Test worker] - ClassResetter.java:116 - __STATIC_RESET() method does not exists in class de.huxhorn.lilith.data.access.AccessEvent
DEBUG - 09:44:32.861 [Test worker] - ClassResetter.java:116 - __STATIC_RESET() method does not exists in class de.huxhorn.lilith.data.access.LoggerContext
DEBUG - 09:44:32.866 [Test worker] - ClassResetter.java:116 - __STATIC_RESET() method does not exists in class de.huxhorn.lilith.data.access.AccessEvent
DEBUG - 09:44:32.867 [Test worker] - ClassResetter.java:116 - __STATIC_RESET() method does not exists in class de.huxhorn.lilith.data.access.LoggerContext
DEBUG - 09:44:32.877 [Test worker] - ClassResetter.java:116 - __STATIC_RESET() method does not exists in class de.huxhorn.lilith.data.access.AccessEvent
DEBUG - 09:44:32.887 [Test worker] - ClassResetter.java:116 - __STATIC_RESET() method does not exists in class de.huxhorn.lilith.data.access.LoggerContext
DEBUG - 09:44:32.898 [Test worker] - ClassResetter.java:116 - __STATIC_RESET() method does not exists in class de.huxhorn.lilith.data.access.AccessEvent
DEBUG - 09:44:32.898 [Test worker] - ClassResetter.java:116 - __STATIC_RESET() method does not exists in class de.huxhorn.lilith.data.access.LoggerContext
DEBUG - 09:44:32.905 [Test worker] - ClassResetter.java:116 - __STATIC_RESET() method does not exists in class de.huxhorn.lilith.data.access.AccessEvent
DEBUG - 09:44:32.906 [Test worker] - ClassResetter.java:116 - __STATIC_RESET() method does not exists in class de.huxhorn.lilith.data.access.LoggerContext
DEBUG - 09:44:32.915 [Test worker] - ClassResetter.java:116 - __STATIC_RESET() method does not exists in class de.huxhorn.lilith.data.access.AccessEvent
DEBUG - 09:44:32.916 [Test worker] - ClassResetter.java:116 - __STATIC_RESET() method does not exists in class de.huxhorn.lilith.data.access.LoggerContext
DEBUG - 09:44:32.921 [Test worker] - ClassResetter.java:116 - __STATIC_RESET() method does not exists in class de.huxhorn.lilith.data.access.AccessEvent
DEBUG - 09:44:32.922 [Test worker] - ClassResetter.java:116 - __STATIC_RESET() method does not exists in class de.huxhorn.lilith.data.access.LoggerContext
DEBUG - 09:44:32.930 [Test worker] - ClassResetter.java:116 - __STATIC_RESET() method does not exists in class de.huxhorn.lilith.data.access.AccessEvent
DEBUG - 09:44:32.941 [Test worker] - ClassResetter.java:116 - __STATIC_RESET() method does not exists in class de.huxhorn.lilith.data.access.LoggerContext
DEBUG - 09:44:32.946 [Test worker] - ClassResetter.java:116 - __STATIC_RESET() method does not exists in class de.huxhorn.lilith.data.access.AccessEvent
DEBUG - 09:44:32.947 [Test worker] - ClassResetter.java:116 - __STATIC_RESET() method does not exists in class de.huxhorn.lilith.data.access.LoggerContext
DEBUG - 09:44:32.953 [Test worker] - ClassResetter.java:116 - __STATIC_RESET() method does not exists in class de.huxhorn.lilith.data.access.AccessEvent
DEBUG - 09:44:32.954 [Test worker] - ClassResetter.java:116 - __STATIC_RESET() method does not exists in class de.huxhorn.lilith.data.access.LoggerContext
DEBUG - 09:44:32.960 [Test worker] - ClassResetter.java:116 - __STATIC_RESET() method does not exists in class de.huxhorn.lilith.data.access.AccessEvent
DEBUG - 09:44:32.961 [Test worker] - ClassResetter.java:116 - __STATIC_RESET() method does not exists in class de.huxhorn.lilith.data.access.LoggerContext
DEBUG - 09:44:32.966 [Test worker] - ClassResetter.java:116 - __STATIC_RESET() method does not exists in class de.huxhorn.lilith.data.access.AccessEvent
DEBUG - 09:44:32.967 [Test worker] - ClassResetter.java:116 - __STATIC_RESET() method does not exists in class de.huxhorn.lilith.data.access.LoggerContext
DEBUG - 09:44:32.971 [Test worker] - ClassResetter.java:116 - __STATIC_RESET() method does not exists in class de.huxhorn.lilith.data.access.AccessEvent
DEBUG - 09:44:32.971 [Test worker] - ClassResetter.java:116 - __STATIC_RESET() method does not exists in class de.huxhorn.lilith.data.access.LoggerContext
DEBUG - 09:44:32.975 [Test worker] - ClassResetter.java:116 - __STATIC_RESET() method does not exists in class de.huxhorn.lilith.data.access.AccessEvent
DEBUG - 09:44:32.976 [Test worker] - ClassResetter.java:116 - __STATIC_RESET() method does not exists in class de.huxhorn.lilith.data.access.LoggerContext
DEBUG - 09:44:32.981 [Test worker] - ClassResetter.java:116 - __STATIC_RESET() method does not exists in class de.huxhorn.lilith.data.access.AccessEvent
DEBUG - 09:44:32.981 [Test worker] - ClassResetter.java:116 - __STATIC_RESET() method does not exists in class de.huxhorn.lilith.data.access.LoggerContext
DEBUG - 09:44:32.984 [Test worker] - ClassResetter.java:116 - __STATIC_RESET() method does not exists in class de.huxhorn.lilith.data.access.AccessEvent
DEBUG - 09:44:32.985 [Test worker] - ClassResetter.java:116 - __STATIC_RESET() method does not exists in class de.huxhorn.lilith.data.access.LoggerContext
DEBUG - 09:44:32.990 [Test worker] - ClassResetter.java:116 - __STATIC_RESET() method does not exists in class de.huxhorn.lilith.data.access.AccessEvent
DEBUG - 09:44:32.991 [Test worker] - ClassResetter.java:116 - __STATIC_RESET() method does not exists in class de.huxhorn.lilith.data.access.LoggerContext
DEBUG - 09:44:32.994 [Test worker] - ClassResetter.java:116 - __STATIC_RESET() method does not exists in class de.huxhorn.lilith.data.access.AccessEvent
DEBUG - 09:44:32.995 [Test worker] - ClassResetter.java:116 - __STATIC_RESET() method does not exists in class de.huxhorn.lilith.data.access.LoggerContext
DEBUG - 09:44:33.008 [Test worker] - ClassResetter.java:116 - __STATIC_RESET() method does not exists in class de.huxhorn.lilith.data.access.AccessEvent
DEBUG - 09:44:33.008 [Test worker] - ClassResetter.java:116 - __STATIC_RESET() method does not exists in class de.huxhorn.lilith.data.access.LoggerContext
DEBUG - 09:44:33.017 [Test worker] - ClassResetter.java:116 - __STATIC_RESET() method does not exists in class de.huxhorn.lilith.data.access.AccessEvent
DEBUG - 09:44:33.018 [Test worker] - ClassResetter.java:116 - __STATIC_RESET() method does not exists in class de.huxhorn.lilith.data.access.LoggerContext
DEBUG - 09:44:33.031 [Test worker] - ClassResetter.java:116 - __STATIC_RESET() method does not exists in class de.huxhorn.lilith.data.access.AccessEvent
DEBUG - 09:44:33.033 [Test worker] - ClassResetter.java:116 - __STATIC_RESET() method does not exists in class de.huxhorn.lilith.data.access.LoggerContext
DEBUG - 09:44:33.037 [Test worker] - ClassResetter.java:116 - __STATIC_RESET() method does not exists in class de.huxhorn.lilith.data.access.AccessEvent
DEBUG - 09:44:33.038 [Test worker] - ClassResetter.java:116 - __STATIC_RESET() method does not exists in class de.huxhorn.lilith.data.access.LoggerContext
DEBUG - 09:44:33.041 [Test worker] - ClassResetter.java:116 - __STATIC_RESET() method does not exists in class de.huxhorn.lilith.data.access.AccessEvent
DEBUG - 09:44:33.042 [Test worker] - ClassResetter.java:116 - __STATIC_RESET() method does not exists in class de.huxhorn.lilith.data.access.LoggerContext
DEBUG - 09:44:33.049 [Test worker] - ClassResetter.java:116 - __STATIC_RESET() method does not exists in class de.huxhorn.lilith.data.access.AccessEvent
DEBUG - 09:44:33.049 [Test worker] - ClassResetter.java:116 - __STATIC_RESET() method does not exists in class de.huxhorn.lilith.data.access.LoggerContext
DEBUG - 09:44:33.064 [Test worker] - ClassResetter.java:116 - __STATIC_RESET() method does not exists in class de.huxhorn.lilith.data.access.AccessEvent
DEBUG - 09:44:33.064 [Test worker] - ClassResetter.java:116 - __STATIC_RESET() method does not exists in class de.huxhorn.lilith.data.access.LoggerContext
DEBUG - 09:44:33.069 [Test worker] - ClassResetter.java:116 - __STATIC_RESET() method does not exists in class de.huxhorn.lilith.data.access.AccessEvent
DEBUG - 09:44:33.069 [Test worker] - ClassResetter.java:116 - __STATIC_RESET() method does not exists in class de.huxhorn.lilith.data.access.LoggerContext
DEBUG - 09:44:33.073 [Test worker] - ClassResetter.java:116 - __STATIC_RESET() method does not exists in class de.huxhorn.lilith.data.access.AccessEvent
DEBUG - 09:44:33.074 [Test worker] - ClassResetter.java:116 - __STATIC_RESET() method does not exists in class de.huxhorn.lilith.data.access.LoggerContext
DEBUG - 09:44:33.079 [Test worker] - ClassResetter.java:116 - __STATIC_RESET() method does not exists in class de.huxhorn.lilith.data.access.AccessEvent
DEBUG - 09:44:33.079 [Test worker] - ClassResetter.java:116 - __STATIC_RESET() method does not exists in class de.huxhorn.lilith.data.access.LoggerContext
DEBUG - 09:44:33.085 [Test worker] - ClassResetter.java:116 - __STATIC_RESET() method does not exists in class de.huxhorn.lilith.data.access.AccessEvent
DEBUG - 09:44:33.085 [Test worker] - ClassResetter.java:116 - __STATIC_RESET() method does not exists in class de.huxhorn.lilith.data.access.LoggerContext
DEBUG - 09:44:33.089 [Test worker] - ClassResetter.java:116 - __STATIC_RESET() method does not exists in class de.huxhorn.lilith.data.access.AccessEvent
DEBUG - 09:44:33.089 [Test worker] - ClassResetter.java:116 - __STATIC_RESET() method does not exists in class de.huxhorn.lilith.data.access.LoggerContext
DEBUG - 09:44:33.101 [Test worker] - ClassResetter.java:116 - __STATIC_RESET() method does not exists in class de.huxhorn.lilith.data.access.AccessEvent
DEBUG - 09:44:33.102 [Test worker] - ClassResetter.java:116 - __STATIC_RESET() method does not exists in class de.huxhorn.lilith.data.access.LoggerContext
DEBUG - 09:44:33.106 [Test worker] - ClassResetter.java:116 - __STATIC_RESET() method does not exists in class de.huxhorn.lilith.data.access.AccessEvent
DEBUG - 09:44:33.106 [Test worker] - ClassResetter.java:116 - __STATIC_RESET() method does not exists in class de.huxhorn.lilith.data.access.LoggerContext
DEBUG - 09:44:33.110 [Test worker] - ClassResetter.java:116 - __STATIC_RESET() method does not exists in class de.huxhorn.lilith.data.access.AccessEvent
DEBUG - 09:44:33.110 [Test worker] - ClassResetter.java:116 - __STATIC_RESET() method does not exists in class de.huxhorn.lilith.data.access.LoggerContext
DEBUG - 09:44:33.117 [Test worker] - ClassResetter.java:116 - __STATIC_RESET() method does not exists in class de.huxhorn.lilith.data.access.AccessEvent
DEBUG - 09:44:33.118 [Test worker] - ClassResetter.java:116 - __STATIC_RESET() method does not exists in class de.huxhorn.lilith.data.access.LoggerContext
DEBUG - 09:44:33.121 [Test worker] - ClassResetter.java:116 - __STATIC_RESET() method does not exists in class de.huxhorn.lilith.data.access.AccessEvent
DEBUG - 09:44:33.122 [Test worker] - ClassResetter.java:116 - __STATIC_RESET() method does not exists in class de.huxhorn.lilith.data.access.LoggerContext
DEBUG - 09:44:33.127 [Test worker] - ClassResetter.java:116 - __STATIC_RESET() method does not exists in class de.huxhorn.lilith.data.access.AccessEvent
DEBUG - 09:44:33.127 [Test worker] - ClassResetter.java:116 - __STATIC_RESET() method does not exists in class de.huxhorn.lilith.data.access.LoggerContext
DEBUG - 09:44:33.130 [Test worker] - ClassResetter.java:116 - __STATIC_RESET() method does not exists in class de.huxhorn.lilith.data.access.AccessEvent
DEBUG - 09:44:33.131 [Test worker] - ClassResetter.java:116 - __STATIC_RESET() method does not exists in class de.huxhorn.lilith.data.access.LoggerContext
DEBUG - 09:44:33.135 [Test worker] - ClassResetter.java:116 - __STATIC_RESET() method does not exists in class de.huxhorn.lilith.data.access.AccessEvent
DEBUG - 09:44:33.136 [Test worker] - ClassResetter.java:116 - __STATIC_RESET() method does not exists in class de.huxhorn.lilith.data.access.LoggerContext
DEBUG - 09:44:33.153 [Test worker] - ClassResetter.java:116 - __STATIC_RESET() method does not exists in class de.huxhorn.lilith.data.access.AccessEvent
DEBUG - 09:44:33.154 [Test worker] - ClassResetter.java:116 - __STATIC_RESET() method does not exists in class de.huxhorn.lilith.data.access.LoggerContext
DEBUG - 09:44:33.166 [Test worker] - ClassResetter.java:116 - __STATIC_RESET() method does not exists in class de.huxhorn.lilith.data.access.AccessEvent
DEBUG - 09:44:33.167 [Test worker] - ClassResetter.java:116 - __STATIC_RESET() method does not exists in class de.huxhorn.lilith.data.access.LoggerContext
DEBUG - 09:44:33.170 [Test worker] - ClassResetter.java:116 - __STATIC_RESET() method does not exists in class de.huxhorn.lilith.data.access.AccessEvent
DEBUG - 09:44:33.171 [Test worker] - ClassResetter.java:116 - __STATIC_RESET() method does not exists in class de.huxhorn.lilith.data.access.LoggerContext
]]></system-out>
  <system-err><![CDATA[]]></system-err>
</testsuite>
