* EvoSuite 1.0.0-SNAPSHOT
* Going to generate test cases for class: net.sf.sugar.fspath.cli.FSPathExplorer
* Starting Client-0
* Properties loaded from /home/roham/Results-Utestgen/dataset/SF110-new-res/60_sugar/evosuite-files/evosuite.properties
* Connecting to master process on port 2977
* Analyzing classpath: 
* Inheritance tree loaded from evosuite-files/inheritance.xml.gz
[MASTER] 09:54:53.273 [logback-1] WARN  InheritanceTree - Class not in inheritance graph: java.time.temporal.Temporal
[MASTER] 09:54:53.275 [logback-1] WARN  InheritanceTree - Class not in inheritance graph: java.time.ZoneId
[MASTER] 09:54:53.277 [logback-1] WARN  InheritanceTree - Class not in inheritance graph: java.time.temporal.TemporalAccessor
[MASTER] 09:54:53.277 [logback-1] WARN  InheritanceTree - Class not in inheritance graph: java.time.temporal.TemporalField
[MASTER] 09:54:53.280 [logback-1] WARN  InheritanceTree - Class not in inheritance graph: java.time.temporal.TemporalUnit
[MASTER] 09:54:53.281 [logback-1] WARN  InheritanceTree - Class not in inheritance graph: java.time.temporal.TemporalAmount
[MASTER] 09:54:53.283 [logback-1] WARN  InheritanceTree - Class not in inheritance graph: java.time.Clock
[MASTER] 09:54:53.288 [logback-1] WARN  InheritanceTree - Class not in inheritance graph: java.time.temporal.TemporalQuery
[MASTER] 09:54:53.290 [logback-1] WARN  InheritanceTree - Class not in inheritance graph: java.time.temporal.TemporalAdjuster
[MASTER] 09:54:53.334 [logback-1] WARN  InheritanceTree - Class not in inheritance graph: java.util.function.BiFunction
[MASTER] 09:54:53.334 [logback-1] WARN  InheritanceTree - Class not in inheritance graph: java.util.function.Function
[MASTER] 09:54:53.337 [logback-1] WARN  InheritanceTree - Class not in inheritance graph: java.util.function.BiConsumer
[MASTER] 09:54:53.350 [logback-1] WARN  InheritanceTree - Class not in inheritance graph: java.util.function.Consumer
[MASTER] 09:54:53.355 [logback-1] WARN  InheritanceTree - Class not in inheritance graph: java.util.function.Predicate
[MASTER] 09:54:53.355 [logback-1] WARN  InheritanceTree - Class not in inheritance graph: java.util.function.UnaryOperator
* Finished analyzing classpath
* Generating tests for class net.sf.sugar.fspath.cli.FSPathExplorer
* Test criteria:
  - Branch Coverage
  - Line Coverage
  - Method-Output Coverage
  - Top-Level Method Coverage
  - Context Branch Coverage
* Total number of test goals for DYNAMOSA: 184
* Using seed 1710237291007
* Starting evolution
[Progress:>                             0%] [Cov:>                                  0%]* Initial Number of Goals in DynaMOSA = 51 / 184
[Progress:>                             0%] [Cov:=======================>           67%][Progress:>                             2%] [Cov:=========================>         72%][Progress:=>                            4%] [Cov:=========================>         72%][Progress:==>                           8%] [Cov:=========================>         74%][Progress:===>                          11%] [Cov:=========================>         74%][Progress:===>                          12%] [Cov:==========================>        76%][Progress:====>                         15%] [Cov:===========================>       78%][Progress:=====>                        18%] [Cov:============================>      80%][Progress:======>                       22%] [Cov:============================>      80%][Progress:========>                     27%] [Cov:============================>      80%][Progress:=========>                    31%] [Cov:============================>      80%][Progress:==========>                   36%] [Cov:============================>      80%][Progress:===========>                  39%] [Cov:=============================>     85%][Progress:=============>                44%] [Cov:==============================>    86%][Progress:===============>              52%] [Cov:==============================>    86%][Progress:=================>            58%] [Cov:==============================>    86%][Progress:===================>          64%] [Cov:==============================>    86%][Progress:======================>       75%] [Cov:==============================>    86%][Progress:===========================>  92%] [Cov:==============================>    86%][Progress:==============================100%] [Cov:==============================>    86%][Progress:==============================100%] [Cov:==============================>    86%]
* Search finished after 101s and 20 generations, 7260 statements, best individual has fitness: 40.0
* Generated before the refinement 10 tests with total length 45
statement is: showHelp()V type is: class org.evosuite.testcase.statements.MethodStatement return type void
statement code is: FSPathExplorer.showHelp()
test data is: FSPathExplorer.showHelp();

** It was a parseable test case! 
Improved test data is: class DummyClass {
    public static void main() {
        FSPathExplorer.showHelp("Please enter a valid path: /home/user/Documents");
    }
}
statement is: FSPathExplorer.showHelp("Please enter a valid path: /home/user/Documents"), class spoon.support.reflect.code.CtInvocationImpl
invocation is: FSPathExplorer.showHelp("Please enter a valid path: /home/user/Documents") target is: FSPathExplorer method is: showHelp(java.lang.String)
statement is: org.evosuite.testcase.statements.ArrayStatement@9c3594 type is: class org.evosuite.testcase.statements.ArrayStatement return type class [Ljava.lang.String;
statement code is: String[] stringArray = new String[9]
statement is: org.evosuite.testcase.statements.AssignmentStatement@3195eaf3 type is: class org.evosuite.testcase.statements.AssignmentStatement return type class java.lang.String
statement code is: stringArray[0] = "-find"
statement is: org.evosuite.testcase.statements.AssignmentStatement@bcf4909f type is: class org.evosuite.testcase.statements.AssignmentStatement return type class java.lang.String
statement code is: stringArray[1] = "isDirectory"
statement is: org.evosuite.testcase.statements.AssignmentStatement@c33d1ddc type is: class org.evosuite.testcase.statements.AssignmentStatement return type class java.lang.String
statement code is: stringArray[2] = "`TMDO{1"
statement is: org.evosuite.testcase.statements.AssignmentStatement@978fc5c0 type is: class org.evosuite.testcase.statements.AssignmentStatement return type class java.lang.String
statement code is: stringArray[3] = "MKw ;o"
statement is: org.evosuite.testcase.statements.AssignmentStatement@e221ebdb type is: class org.evosuite.testcase.statements.AssignmentStatement return type class java.lang.String
statement code is: stringArray[4] = "\n|                                                       |"
statement is: org.evosuite.testcase.statements.AssignmentStatement@191e26ed type is: class org.evosuite.testcase.statements.AssignmentStatement return type class java.lang.String
statement code is: stringArray[5] = "OVj># RY"
statement is: org.evosuite.testcase.statements.AssignmentStatement@6f61370f type is: class org.evosuite.testcase.statements.AssignmentStatement return type class java.lang.String
statement code is: stringArray[6] = "SpmjlM9"
statement is: org.evosuite.testcase.statements.AssignmentStatement@2c8b1cf5 type is: class org.evosuite.testcase.statements.AssignmentStatement return type class java.lang.String
statement code is: stringArray[7] = "m9@ z,X'(I0"
statement is: org.evosuite.testcase.statements.AssignmentStatement@7d7a4ac type is: class org.evosuite.testcase.statements.AssignmentStatement return type class java.lang.String
statement code is: stringArray[8] = "-path"
statement is: main([Ljava/lang/String;)V type is: class org.evosuite.testcase.statements.MethodStatement return type void
statement code is: FSPathExplorer.main(arg0)
test data is: String[] stringArray = new String[9];
stringArray[0] = "-find";
stringArray[1] = "isDirectory";
stringArray[2] = "`TMDO{1";
stringArray[3] = "MKw ;o";
stringArray[4] = "\n|                                                       |";
stringArray[5] = "OVj># RY";
stringArray[6] = "SpmjlM9";
stringArray[7] = "m9@ z,X'(I0";
stringArray[8] = "-path";
FSPathExplorer.main(stringArray);

** It was a parseable test case! 
Improved test data is: class DummyClass {
    public static void main() {
        String[] stringArray = new String[9];
        stringArray[0] = "-find";
        stringArray[1] = "isDirectory";
        stringArray[2] = "`TMDO{1";
        stringArray[3] = "MKw ;o";
        stringArray[4] = "\n|                                                       |";
        stringArray[5] = "OVj># RY";
        stringArray[6] = "SpmjlM9";
        stringArray[7] = "m9@ z,X'(I0";
        stringArray[8] = "-path";
        FSPathExplorer.main(stringArray);
    }
}
statement is: String[] stringArray = new String[9], class spoon.support.reflect.code.CtLocalVariableImpl
class spoon.support.reflect.code.CtNewArrayImpl
Dimension: [9] Ct is: String[] stringArray = new String[9] isAssignment: false Array: new String[9] Elements: []
lengths: [9] [9]
Their type are: class [Ljava.lang.String; String[]
statement is: stringArray[0] = "-find", class spoon.support.reflect.code.CtAssignmentImpl
Assigned : stringArray[0] Assigned Type class spoon.support.reflect.code.CtArrayWriteImpl String Assignment:"-find" Ct is: stringArray[0] = "-find"
target : stringArray class spoon.support.reflect.code.CtLiteralImpl
statement is: stringArray[1] = "isDirectory", class spoon.support.reflect.code.CtAssignmentImpl
Assigned : stringArray[1] Assigned Type class spoon.support.reflect.code.CtArrayWriteImpl String Assignment:"isDirectory" Ct is: stringArray[1] = "isDirectory"
target : stringArray class spoon.support.reflect.code.CtLiteralImpl
statement is: stringArray[2] = "`TMDO{1", class spoon.support.reflect.code.CtAssignmentImpl
Assigned : stringArray[2] Assigned Type class spoon.support.reflect.code.CtArrayWriteImpl String Assignment:"`TMDO{1" Ct is: stringArray[2] = "`TMDO{1"
target : stringArray class spoon.support.reflect.code.CtLiteralImpl
statement is: stringArray[3] = "MKw ;o", class spoon.support.reflect.code.CtAssignmentImpl
Assigned : stringArray[3] Assigned Type class spoon.support.reflect.code.CtArrayWriteImpl String Assignment:"MKw ;o" Ct is: stringArray[3] = "MKw ;o"
target : stringArray class spoon.support.reflect.code.CtLiteralImpl
statement is: stringArray[4] = "\n|                                                       |", class spoon.support.reflect.code.CtAssignmentImpl
Assigned : stringArray[4] Assigned Type class spoon.support.reflect.code.CtArrayWriteImpl String Assignment:"\n|                                                       |" Ct is: stringArray[4] = "\n|                                                       |"
target : stringArray class spoon.support.reflect.code.CtLiteralImpl
statement is: stringArray[5] = "OVj># RY", class spoon.support.reflect.code.CtAssignmentImpl
Assigned : stringArray[5] Assigned Type class spoon.support.reflect.code.CtArrayWriteImpl String Assignment:"OVj># RY" Ct is: stringArray[5] = "OVj># RY"
target : stringArray class spoon.support.reflect.code.CtLiteralImpl
statement is: stringArray[6] = "SpmjlM9", class spoon.support.reflect.code.CtAssignmentImpl
Assigned : stringArray[6] Assigned Type class spoon.support.reflect.code.CtArrayWriteImpl String Assignment:"SpmjlM9" Ct is: stringArray[6] = "SpmjlM9"
target : stringArray class spoon.support.reflect.code.CtLiteralImpl
statement is: stringArray[7] = "m9@ z,X'(I0", class spoon.support.reflect.code.CtAssignmentImpl
Assigned : stringArray[7] Assigned Type class spoon.support.reflect.code.CtArrayWriteImpl String Assignment:"m9@ z,X'(I0" Ct is: stringArray[7] = "m9@ z,X'(I0"
target : stringArray class spoon.support.reflect.code.CtLiteralImpl
statement is: stringArray[8] = "-path", class spoon.support.reflect.code.CtAssignmentImpl
Assigned : stringArray[8] Assigned Type class spoon.support.reflect.code.CtArrayWriteImpl String Assignment:"-path" Ct is: stringArray[8] = "-path"
target : stringArray class spoon.support.reflect.code.CtLiteralImpl
statement is: FSPathExplorer.main(stringArray), class spoon.support.reflect.code.CtInvocationImpl
invocation is: FSPathExplorer.main(stringArray) target is: FSPathExplorer method is: main(java.lang.String[])
Matched Method is: main([Ljava/lang/String;)V
TestCase is: String[] stringArray = new String[9];
String string = "-find";
stringArray[0] = string;
String string = "isDirectory";
stringArray[1] = string;
String string = "`TMDO{1";
stringArray[2] = string;
String string = "MKw ;o";
stringArray[3] = string;
String string = "\n|                                                       |";
stringArray[4] = string;
String string = "OVj># RY";
stringArray[5] = string;
String string = "SpmjlM9";
stringArray[6] = string;
String string = "m9@ z,X'(I0";
stringArray[7] = string;
String string = "-path";
stringArray[8] = string;
FSPathExplorer.main(stringArray);

statement is: org.evosuite.testcase.statements.ArrayStatement@171a9b9f type is: class org.evosuite.testcase.statements.ArrayStatement return type class [Ljava.lang.String;
statement code is: String[] stringArray = new String[7]
statement is: org.evosuite.testcase.statements.AssignmentStatement@c1595743 type is: class org.evosuite.testcase.statements.AssignmentStatement return type class java.lang.String
statement code is: stringArray[0] = "vM(xcJ^-%}%2("
statement is: org.evosuite.testcase.statements.AssignmentStatement@625e34ce type is: class org.evosuite.testcase.statements.AssignmentStatement return type class java.lang.String
statement code is: stringArray[1] = "isHidden"
statement is: org.evosuite.testcase.statements.AssignmentStatement@826fed63 type is: class org.evosuite.testcase.statements.AssignmentStatement return type class java.lang.String
statement code is: stringArray[2] = "the java.io.File specified must be a Directory"
statement is: org.evosuite.testcase.statements.AssignmentStatement@716474ba type is: class org.evosuite.testcase.statements.AssignmentStatement return type class java.lang.String
statement code is: stringArray[3] = "l"
statement is: org.evosuite.testcase.statements.AssignmentStatement@b0b34220 type is: class org.evosuite.testcase.statements.AssignmentStatement return type class java.lang.String
statement code is: stringArray[4] = "g44=eZ^=$w"
statement is: org.evosuite.testcase.statements.AssignmentStatement@52293fec type is: class org.evosuite.testcase.statements.AssignmentStatement return type class java.lang.String
statement code is: stringArray[5] = "prints the current working directory"
statement is: org.evosuite.testcase.statements.AssignmentStatement@5df81d3a type is: class org.evosuite.testcase.statements.AssignmentStatement return type class java.lang.String
statement code is: stringArray[6] = "-find"
statement is: main([Ljava/lang/String;)V type is: class org.evosuite.testcase.statements.MethodStatement return type void
statement code is: FSPathExplorer.main(arg0)
test data is: String[] stringArray = new String[7];
stringArray[0] = "vM(xcJ^-%}%2(";
stringArray[1] = "isHidden";
stringArray[2] = "the java.io.File specified must be a Directory";
stringArray[3] = "l";
stringArray[4] = "g44=eZ^=$w";
stringArray[5] = "prints the current working directory";
stringArray[6] = "-find";
FSPathExplorer.main(stringArray);

** It was a parseable test case! 
Improved test data is: class DummyClass {
    public static void main() {
        String[] stringArray = new String[7];
        stringArray[0] = "path/to/directory";
        stringArray[1] = "isHidden";
        stringArray[2] = "the java.io.File specified must be a Directory";
        stringArray[3] = "l";
        stringArray[4] = "g44=eZ^=$w";
        stringArray[5] = "prints the current working directory";
        stringArray[6] = "-find";
        FSPathExplorer.main(stringArray);
    }
}
statement is: String[] stringArray = new String[7], class spoon.support.reflect.code.CtLocalVariableImpl
class spoon.support.reflect.code.CtNewArrayImpl
Dimension: [7] Ct is: String[] stringArray = new String[7] isAssignment: false Array: new String[7] Elements: []
lengths: [7] [7]
Their type are: class [Ljava.lang.String; String[]
statement is: stringArray[0] = "path/to/directory", class spoon.support.reflect.code.CtAssignmentImpl
Assigned : stringArray[0] Assigned Type class spoon.support.reflect.code.CtArrayWriteImpl String Assignment:"path/to/directory" Ct is: stringArray[0] = "path/to/directory"
target : stringArray class spoon.support.reflect.code.CtLiteralImpl
statement is: stringArray[1] = "isHidden", class spoon.support.reflect.code.CtAssignmentImpl
Assigned : stringArray[1] Assigned Type class spoon.support.reflect.code.CtArrayWriteImpl String Assignment:"isHidden" Ct is: stringArray[1] = "isHidden"
target : stringArray class spoon.support.reflect.code.CtLiteralImpl
statement is: stringArray[2] = "the java.io.File specified must be a Directory", class spoon.support.reflect.code.CtAssignmentImpl
Assigned : stringArray[2] Assigned Type class spoon.support.reflect.code.CtArrayWriteImpl String Assignment:"the java.io.File specified must be a Directory" Ct is: stringArray[2] = "the java.io.File specified must be a Directory"
target : stringArray class spoon.support.reflect.code.CtLiteralImpl
statement is: stringArray[3] = "l", class spoon.support.reflect.code.CtAssignmentImpl
Assigned : stringArray[3] Assigned Type class spoon.support.reflect.code.CtArrayWriteImpl String Assignment:"l" Ct is: stringArray[3] = "l"
target : stringArray class spoon.support.reflect.code.CtLiteralImpl
statement is: stringArray[4] = "g44=eZ^=$w", class spoon.support.reflect.code.CtAssignmentImpl
Assigned : stringArray[4] Assigned Type class spoon.support.reflect.code.CtArrayWriteImpl String Assignment:"g44=eZ^=$w" Ct is: stringArray[4] = "g44=eZ^=$w"
target : stringArray class spoon.support.reflect.code.CtLiteralImpl
statement is: stringArray[5] = "prints the current working directory", class spoon.support.reflect.code.CtAssignmentImpl
Assigned : stringArray[5] Assigned Type class spoon.support.reflect.code.CtArrayWriteImpl String Assignment:"prints the current working directory" Ct is: stringArray[5] = "prints the current working directory"
target : stringArray class spoon.support.reflect.code.CtLiteralImpl
statement is: stringArray[6] = "-find", class spoon.support.reflect.code.CtAssignmentImpl
Assigned : stringArray[6] Assigned Type class spoon.support.reflect.code.CtArrayWriteImpl String Assignment:"-find" Ct is: stringArray[6] = "-find"
target : stringArray class spoon.support.reflect.code.CtLiteralImpl
statement is: FSPathExplorer.main(stringArray), class spoon.support.reflect.code.CtInvocationImpl
invocation is: FSPathExplorer.main(stringArray) target is: FSPathExplorer method is: main(java.lang.String[])
Matched Method is: main([Ljava/lang/String;)V
TestCase is: String[] stringArray = new String[7];
String string = "path/to/directory";
stringArray[0] = string;
String string = "isHidden";
stringArray[1] = string;
String string = "the java.io.File specified must be a Directory";
stringArray[2] = string;
String string = "l";
stringArray[3] = string;
String string = "g44=eZ^=$w";
stringArray[4] = string;
String string = "prints the current working directory";
stringArray[5] = string;
String string = "-find";
stringArray[6] = string;
FSPathExplorer.main(stringArray);

statement is: org.evosuite.testcase.statements.ArrayStatement@e37fb034 type is: class org.evosuite.testcase.statements.ArrayStatement return type class [Ljava.lang.String;
statement code is: String[] stringArray = new String[3]
statement is: org.evosuite.testcase.statements.AssignmentStatement@60c03cfa type is: class org.evosuite.testcase.statements.AssignmentStatement return type class java.lang.String
statement code is: stringArray[0] = "-f"
statement is: org.evosuite.testcase.statements.AssignmentStatement@63273f6b type is: class org.evosuite.testcase.statements.AssignmentStatement return type class java.lang.String
statement code is: stringArray[1] = "+LN3PdS&"
statement is: org.evosuite.testcase.statements.AssignmentStatement@d4eb08c type is: class org.evosuite.testcase.statements.AssignmentStatement return type class java.lang.String
statement code is: stringArray[2] = "'#E/H\"|gu,P'o"
statement is: main([Ljava/lang/String;)V type is: class org.evosuite.testcase.statements.MethodStatement return type void
statement code is: FSPathExplorer.main(arg0)
test data is: String[] stringArray = new String[3];
stringArray[0] = "-f";
stringArray[1] = "+LN3PdS&";
stringArray[2] = "'#E/H\"|gu,P'o";
FSPathExplorer.main(stringArray);

** It was a parseable test case! 
Improved test data is: class DummyClass {
    public static void main() {
        String[] stringArray = new String[3];
        stringArray[0] = "-f";
        stringArray[1] = "path/to/file1.txt";
        stringArray[2] = "path/to/file2.txt";
        FSPathExplorer.main(stringArray);
    }
}
statement is: String[] stringArray = new String[3], class spoon.support.reflect.code.CtLocalVariableImpl
class spoon.support.reflect.code.CtNewArrayImpl
Dimension: [3] Ct is: String[] stringArray = new String[3] isAssignment: false Array: new String[3] Elements: []
lengths: [3] [3]
Their type are: class [Ljava.lang.String; String[]
statement is: stringArray[0] = "-f", class spoon.support.reflect.code.CtAssignmentImpl
Assigned : stringArray[0] Assigned Type class spoon.support.reflect.code.CtArrayWriteImpl String Assignment:"-f" Ct is: stringArray[0] = "-f"
target : stringArray class spoon.support.reflect.code.CtLiteralImpl
statement is: stringArray[1] = "path/to/file1.txt", class spoon.support.reflect.code.CtAssignmentImpl
Assigned : stringArray[1] Assigned Type class spoon.support.reflect.code.CtArrayWriteImpl String Assignment:"path/to/file1.txt" Ct is: stringArray[1] = "path/to/file1.txt"
target : stringArray class spoon.support.reflect.code.CtLiteralImpl
statement is: stringArray[2] = "path/to/file2.txt", class spoon.support.reflect.code.CtAssignmentImpl
Assigned : stringArray[2] Assigned Type class spoon.support.reflect.code.CtArrayWriteImpl String Assignment:"path/to/file2.txt" Ct is: stringArray[2] = "path/to/file2.txt"
target : stringArray class spoon.support.reflect.code.CtLiteralImpl
statement is: FSPathExplorer.main(stringArray), class spoon.support.reflect.code.CtInvocationImpl
invocation is: FSPathExplorer.main(stringArray) target is: FSPathExplorer method is: main(java.lang.String[])
Matched Method is: main([Ljava/lang/String;)V
TestCase is: String[] stringArray = new String[3];
String string = "-f";
stringArray[0] = string;
String string = "path/to/file1.txt";
stringArray[1] = string;
String string = "path/to/file2.txt";
stringArray[2] = string;
FSPathExplorer.main(stringArray);

statement is: org.evosuite.testcase.statements.ArrayStatement@54fdea2e type is: class org.evosuite.testcase.statements.ArrayStatement return type class [Ljava.lang.String;
statement code is: String[] stringArray = new String[3]
statement is: org.evosuite.testcase.statements.AssignmentStatement@c71dc650 type is: class org.evosuite.testcase.statements.AssignmentStatement return type class java.lang.String
statement code is: stringArray[0] = "b,NS:qf"
statement is: org.evosuite.testcase.statements.AssignmentStatement@3a610454 type is: class org.evosuite.testcase.statements.AssignmentStatement return type class java.lang.String
statement code is: stringArray[1] = "-p"
statement is: org.evosuite.testcase.statements.AssignmentStatement@16666182 type is: class org.evosuite.testcase.statements.AssignmentStatement return type class java.lang.String
statement code is: stringArray[2] = ""
statement is: main([Ljava/lang/String;)V type is: class org.evosuite.testcase.statements.MethodStatement return type void
statement code is: FSPathExplorer.main(arg0)
test data is: String[] stringArray = new String[3];
stringArray[0] = "b,NS:qf";
stringArray[1] = "-p";
stringArray[2] = "";
FSPathExplorer.main(stringArray);

** It was a parseable test case! 
Improved test data is: class DummyClass {
    public static void main() {
        String[] stringArray = new String[3];
        stringArray[0] = "b,NS:qf";
        stringArray[1] = "-p";
        stringArray[2] = "";
        FSPathExplorer.main(stringArray);
    }
}
statement is: String[] stringArray = new String[3], class spoon.support.reflect.code.CtLocalVariableImpl
class spoon.support.reflect.code.CtNewArrayImpl
Dimension: [3] Ct is: String[] stringArray = new String[3] isAssignment: false Array: new String[3] Elements: []
lengths: [3] [3]
Their type are: class [Ljava.lang.String; String[]
statement is: stringArray[0] = "b,NS:qf", class spoon.support.reflect.code.CtAssignmentImpl
Assigned : stringArray[0] Assigned Type class spoon.support.reflect.code.CtArrayWriteImpl String Assignment:"b,NS:qf" Ct is: stringArray[0] = "b,NS:qf"
target : stringArray class spoon.support.reflect.code.CtLiteralImpl
statement is: stringArray[1] = "-p", class spoon.support.reflect.code.CtAssignmentImpl
Assigned : stringArray[1] Assigned Type class spoon.support.reflect.code.CtArrayWriteImpl String Assignment:"-p" Ct is: stringArray[1] = "-p"
target : stringArray class spoon.support.reflect.code.CtLiteralImpl
statement is: stringArray[2] = "", class spoon.support.reflect.code.CtAssignmentImpl
Assigned : stringArray[2] Assigned Type class spoon.support.reflect.code.CtArrayWriteImpl String Assignment:"" Ct is: stringArray[2] = ""
target : stringArray class spoon.support.reflect.code.CtLiteralImpl
statement is: FSPathExplorer.main(stringArray), class spoon.support.reflect.code.CtInvocationImpl
invocation is: FSPathExplorer.main(stringArray) target is: FSPathExplorer method is: main(java.lang.String[])
Matched Method is: main([Ljava/lang/String;)V
TestCase is: String[] stringArray = new String[3];
String string = "b,NS:qf";
stringArray[0] = string;
String string = "-p";
stringArray[1] = string;
String string = "";
stringArray[2] = string;
FSPathExplorer.main(stringArray);

statement is: addInputLine(Ljava/lang/String;)V type is: class org.evosuite.testcase.statements.MethodStatement return type void
statement code is: SystemInUtil.addInputLine("'#E/H\"|gu,P'o")
statement is: org.evosuite.testcase.statements.ArrayStatement@620ee4a6 type is: class org.evosuite.testcase.statements.ArrayStatement return type class [Ljava.lang.String;
statement code is: String[] stringArray = new String[2]
statement is: org.evosuite.testcase.statements.AssignmentStatement@7c773943 type is: class org.evosuite.testcase.statements.AssignmentStatement return type class java.lang.String
statement code is: stringArray[0] = "dR}c%r+m"
statement is: org.evosuite.testcase.statements.AssignmentStatement@3407b8dd type is: class org.evosuite.testcase.statements.AssignmentStatement return type class java.lang.String
statement code is: stringArray[1] = "dR}c%r+m"
statement is: main([Ljava/lang/String;)V type is: class org.evosuite.testcase.statements.MethodStatement return type void
statement code is: FSPathExplorer.main(arg0)
test data is: SystemInUtil.addInputLine("'#E/H\"|gu,P'o");
String[] stringArray = new String[2];
stringArray[0] = "dR}c%r+m";
stringArray[1] = "dR}c%r+m";
FSPathExplorer.main(stringArray);

** It was a parseable test case! 
Improved test data is: class DummyClass {
    public static void main() {
        SystemInUtil.addInputLine("\'#E/H\"|gu,P\'o");
        String[] stringArray = new String[2];
        stringArray[0] = "dR}c%r+m";
        stringArray[1] = "dR}c%r+m";
        FSPathExplorer.main(stringArray);
    }
}
statement is: SystemInUtil.addInputLine("\'#E/H\"|gu,P\'o"), class spoon.support.reflect.code.CtInvocationImpl
invocation is: SystemInUtil.addInputLine("\'#E/H\"|gu,P\'o") target is: SystemInUtil method is: addInputLine(java.lang.String)
Matched Method is: addInputLine(Ljava/lang/String;)V
statement is: String[] stringArray = new String[2], class spoon.support.reflect.code.CtLocalVariableImpl
class spoon.support.reflect.code.CtNewArrayImpl
Dimension: [2] Ct is: String[] stringArray = new String[2] isAssignment: false Array: new String[2] Elements: []
lengths: [2] [2]
Their type are: class [Ljava.lang.String; String[]
statement is: stringArray[0] = "dR}c%r+m", class spoon.support.reflect.code.CtAssignmentImpl
Assigned : stringArray[0] Assigned Type class spoon.support.reflect.code.CtArrayWriteImpl String Assignment:"dR}c%r+m" Ct is: stringArray[0] = "dR}c%r+m"
target : stringArray class spoon.support.reflect.code.CtLiteralImpl
TestCase Could not be added: org.evosuite.testcase.statements.AssignmentStatement@66536a76
statement is: stringArray[1] = "dR}c%r+m", class spoon.support.reflect.code.CtAssignmentImpl
Assigned : stringArray[1] Assigned Type class spoon.support.reflect.code.CtArrayWriteImpl String Assignment:"dR}c%r+m" Ct is: stringArray[1] = "dR}c%r+m"
target : stringArray class spoon.support.reflect.code.CtLiteralImpl
TestCase Could not be added: org.evosuite.testcase.statements.AssignmentStatement@b4fb94d5
statement is: FSPathExplorer.main(stringArray), class spoon.support.reflect.code.CtInvocationImpl
invocation is: FSPathExplorer.main(stringArray) target is: FSPathExplorer method is: main(java.lang.String[])
Matched Method is: main([Ljava/lang/String;)V
* this is vulnerable: String string = "dR}c%r+m"
* this is vulnerable: String string = "dR}c%r+m"
TestCase is: String string = "'#E/H\"|gu,P'o";
SystemInUtil.addInputLine(string);
String[] stringArray = new String[2];
String string = "dR}c%r+m";
String string = "dR}c%r+m";
FSPathExplorer.main(stringArray);

statement is: addInputLine(Ljava/lang/String;)V type is: class org.evosuite.testcase.statements.MethodStatement return type void
statement code is: SystemInUtil.addInputLine("help")
statement is: net.sf.sugar.fspath.cli.FSPathExplorer()V type is: class org.evosuite.testcase.statements.ConstructorStatement return type class net.sf.sugar.fspath.cli.FSPathExplorer
statement code is: FSPathExplorer fSPathExplorer = new FSPathExplorer()
statement is: start()V type is: class org.evosuite.testcase.statements.MethodStatement return type void
statement code is: fSPathExplorer.start()
test data is: SystemInUtil.addInputLine("help");
FSPathExplorer fSPathExplorer = new FSPathExplorer();
fSPathExplorer.start();

** It was a parseable test case! 
Improved test data is: class DummyClass {
    public static void main() {
        // Improved test data
        SystemInUtil.addInputLine("show me options");
        FSPathExplorer fSPathExplorer = new FSPathExplorer();
        fSPathExplorer.start();
    }
}
statement is: // Improved test data
SystemInUtil.addInputLine("show me options"), class spoon.support.reflect.code.CtInvocationImpl
invocation is: // Improved test data
SystemInUtil.addInputLine("show me options") target is: SystemInUtil method is: addInputLine(java.lang.String)
Matched Method is: addInputLine(Ljava/lang/String;)V
statement is: FSPathExplorer fSPathExplorer = new FSPathExplorer(), class spoon.support.reflect.code.CtLocalVariableImpl
class spoon.support.reflect.code.CtConstructorCallImpl
statement is: fSPathExplorer.start(), class spoon.support.reflect.code.CtInvocationImpl
invocation is: fSPathExplorer.start() target is: fSPathExplorer method is: start()
source statement: net.sf.sugar.fspath.cli.FSPathExplorer()V callee: VariableReference: Statement 1, type net.sf.sugar.fspath.cli.FSPathExplorerindex is: 2
Matched Method is: start()V
TestCase is: String string = "show me options";
SystemInUtil.addInputLine(string);
FSPathExplorer fSPathExplorer = new FSPathExplorer();
((FSPathExplorer) _void).start();

statement is: net.sf.sugar.fspath.cli.FSPathExplorer()V type is: class org.evosuite.testcase.statements.ConstructorStatement return type class net.sf.sugar.fspath.cli.FSPathExplorer
statement code is: FSPathExplorer fSPathExplorer = new FSPathExplorer()
statement is: org.evosuite.testcase.statements.ArrayStatement@5a88902e type is: class org.evosuite.testcase.statements.ArrayStatement return type class [Ljava.lang.String;
statement code is: String[] stringArray = new String[5]
statement is: configureExplorer([Ljava/lang/String;)V type is: class org.evosuite.testcase.statements.MethodStatement return type void
statement code is: fSPathExplorer.configureExplorer(arg0)
test data is: FSPathExplorer fSPathExplorer = new FSPathExplorer();
String[] stringArray = new String[5];
fSPathExplorer.configureExplorer(stringArray);

** It was a parseable test case! 
Improved test data is: class DummyClass {
    public static void main() {
        FSPathExplorer fSPathExplorer = new FSPathExplorer();
        String[] stringArray = new String[5];
        // Improved test data:
        stringArray[0] = "/home/user/Documents";
        stringArray[1] = "/home/user/Downloads";
        stringArray[2] = "/home/user/Pictures";
        stringArray[3] = "/home/user/Videos";
        stringArray[4] = "/home/user/Music";
        fSPathExplorer.configureExplorer(stringArray);
    }
}
statement is: FSPathExplorer fSPathExplorer = new FSPathExplorer(), class spoon.support.reflect.code.CtLocalVariableImpl
class spoon.support.reflect.code.CtConstructorCallImpl
statement is: String[] stringArray = new String[5], class spoon.support.reflect.code.CtLocalVariableImpl
class spoon.support.reflect.code.CtNewArrayImpl
Dimension: [5] Ct is: String[] stringArray = new String[5] isAssignment: false Array: new String[5] Elements: []
lengths: [5] [5]
Their type are: class [Ljava.lang.String; String[]
statement is: // Improved test data:
stringArray[0] = "/home/user/Documents", class spoon.support.reflect.code.CtAssignmentImpl
Assigned : stringArray[0] Assigned Type class spoon.support.reflect.code.CtArrayWriteImpl String Assignment:"/home/user/Documents" Ct is: // Improved test data:
stringArray[0] = "/home/user/Documents"
target : stringArray class spoon.support.reflect.code.CtLiteralImpl
statement is: stringArray[1] = "/home/user/Downloads", class spoon.support.reflect.code.CtAssignmentImpl
Assigned : stringArray[1] Assigned Type class spoon.support.reflect.code.CtArrayWriteImpl String Assignment:"/home/user/Downloads" Ct is: stringArray[1] = "/home/user/Downloads"
target : stringArray class spoon.support.reflect.code.CtLiteralImpl
statement is: stringArray[2] = "/home/user/Pictures", class spoon.support.reflect.code.CtAssignmentImpl
Assigned : stringArray[2] Assigned Type class spoon.support.reflect.code.CtArrayWriteImpl String Assignment:"/home/user/Pictures" Ct is: stringArray[2] = "/home/user/Pictures"
target : stringArray class spoon.support.reflect.code.CtLiteralImpl
statement is: stringArray[3] = "/home/user/Videos", class spoon.support.reflect.code.CtAssignmentImpl
Assigned : stringArray[3] Assigned Type class spoon.support.reflect.code.CtArrayWriteImpl String Assignment:"/home/user/Videos" Ct is: stringArray[3] = "/home/user/Videos"
target : stringArray class spoon.support.reflect.code.CtLiteralImpl
statement is: stringArray[4] = "/home/user/Music", class spoon.support.reflect.code.CtAssignmentImpl
Assigned : stringArray[4] Assigned Type class spoon.support.reflect.code.CtArrayWriteImpl String Assignment:"/home/user/Music" Ct is: stringArray[4] = "/home/user/Music"
target : stringArray class spoon.support.reflect.code.CtLiteralImpl
statement is: fSPathExplorer.configureExplorer(stringArray), class spoon.support.reflect.code.CtInvocationImpl
invocation is: fSPathExplorer.configureExplorer(stringArray) target is: fSPathExplorer method is: configureExplorer(java.lang.String[])
source statement: net.sf.sugar.fspath.cli.FSPathExplorer()V callee: VariableReference: Statement 0, type net.sf.sugar.fspath.cli.FSPathExplorerindex is: 0
Matched Method is: configureExplorer([Ljava/lang/String;)V
TestCase is: FSPathExplorer fSPathExplorer = new FSPathExplorer();
String[] stringArray = new String[5];
fSPathExplorer.configureExplorer(stringArray);

statement is: net.sf.sugar.fspath.cli.FSPathExplorer()V type is: class org.evosuite.testcase.statements.ConstructorStatement return type class net.sf.sugar.fspath.cli.FSPathExplorer
statement code is: FSPathExplorer fSPathExplorer = new FSPathExplorer()
statement is: createFSPath()V type is: class org.evosuite.testcase.statements.MethodStatement return type void
statement code is: fSPathExplorer.createFSPath()
test data is: FSPathExplorer fSPathExplorer = new FSPathExplorer();
fSPathExplorer.createFSPath();

** It was a parseable test case! 
Improved test data is: class DummyClass {
    public static void main() {
        FSPathExplorer fSPathExplorer = new FSPathExplorer();
        fSPathExplorer.createFSPath();
    }
}
statement is: FSPathExplorer fSPathExplorer = new FSPathExplorer(), class spoon.support.reflect.code.CtLocalVariableImpl
class spoon.support.reflect.code.CtConstructorCallImpl
statement is: fSPathExplorer.createFSPath(), class spoon.support.reflect.code.CtInvocationImpl
invocation is: fSPathExplorer.createFSPath() target is: fSPathExplorer method is: createFSPath()
source statement: net.sf.sugar.fspath.cli.FSPathExplorer()V callee: VariableReference: Statement 0, type net.sf.sugar.fspath.cli.FSPathExplorerindex is: 0
Matched Method is: createFSPath()V
TestCase is: FSPathExplorer fSPathExplorer = new FSPathExplorer();
fSPathExplorer.createFSPath();

statement is: showWelcome()V type is: class org.evosuite.testcase.statements.MethodStatement return type void
statement code is: FSPathExplorer.showWelcome()
test data is: FSPathExplorer.showWelcome();

** It was a parseable test case! 
Improved test data is: class DummyClass {
    public static void main() {
        FSPathExplorer.showWelcome("Welcome to FSPathExplorer!");
    }
}
statement is: FSPathExplorer.showWelcome("Welcome to FSPathExplorer!"), class spoon.support.reflect.code.CtInvocationImpl
invocation is: FSPathExplorer.showWelcome("Welcome to FSPathExplorer!") target is: FSPathExplorer method is: showWelcome(java.lang.String)
* test suite isTestSuite: 18
Test 0: 
FSPathExplorer.showHelp();
Test 1: 
String[] stringArray = new String[9];
stringArray[0] = "-find";
stringArray[1] = "isDirectory";
stringArray[2] = "`TMDO{1";
stringArray[3] = "MKw ;o";
stringArray[4] = "\n|                                                       |";
stringArray[5] = "OVj># RY";
stringArray[6] = "SpmjlM9";
stringArray[7] = "m9@ z,X'(I0";
stringArray[8] = "-path";
// Undeclared exception!
try { 
  FSPathExplorer.main(stringArray);
  fail("Expecting exception: ArrayIndexOutOfBoundsException");

} catch(ArrayIndexOutOfBoundsException e) {
   //
   // 9
   //
   verifyException("net.sf.sugar.fspath.cli.FSPathExplorer", e);
}

Test 2: 
String[] stringArray = new String[7];
stringArray[0] = "vM(xcJ^-%}%2(";
stringArray[1] = "isHidden";
stringArray[2] = "the java.io.File specified must be a Directory";
stringArray[3] = "l";
stringArray[4] = "g44=eZ^=$w";
stringArray[5] = "prints the current working directory";
stringArray[6] = "-find";
// Undeclared exception!
try { 
  FSPathExplorer.main(stringArray);
  fail("Expecting exception: NullPointerException");

} catch(NullPointerException e) {
   //
   // no message in exception (getMessage() returned null)
   //
}

Test 3: 
String[] stringArray = new String[3];
stringArray[0] = "-f";
stringArray[1] = "+LN3PdS&";
stringArray[2] = "'#E/H\"|gu,P'o";
// Undeclared exception!
try { 
  FSPathExplorer.main(stringArray);
  fail("Expecting exception: NullPointerException");

} catch(NullPointerException e) {
   //
   // no message in exception (getMessage() returned null)
   //
}

Test 4: 
String[] stringArray = new String[3];
stringArray[0] = "b,NS:qf";
stringArray[1] = "-p";
stringArray[2] = "";
// Undeclared exception!
try { 
  FSPathExplorer.main(stringArray);
  fail("Expecting exception: NullPointerException");

} catch(NullPointerException e) {
   //
   // no message in exception (getMessage() returned null)
   //
}

Test 5: 
SystemInUtil.addInputLine("'#E/H\"|gu,P'o");
String[] stringArray = new String[2];
stringArray[0] = "dR}c%r+m";
stringArray[1] = "dR}c%r+m";
// Undeclared exception!
FSPathExplorer.main(stringArray);
Test 6: 
SystemInUtil.addInputLine("help");
FSPathExplorer fSPathExplorer = new FSPathExplorer();
// Undeclared exception!
fSPathExplorer.start();
Test 7: 
FSPathExplorer fSPathExplorer = new FSPathExplorer();
String[] stringArray = new String[5];
// Undeclared exception!
try { 
  fSPathExplorer.configureExplorer(stringArray);
  fail("Expecting exception: NullPointerException");

} catch(NullPointerException e) {
}

Test 8: 
FSPathExplorer fSPathExplorer = new FSPathExplorer();
fSPathExplorer.createFSPath();
Test 9: 
FSPathExplorer.showWelcome();
Test 10: 
String[] stringArray = new String[9];
stringArray[0] = "-find";
stringArray[1] = "isDirectory";
stringArray[2] = "`TMDO{1";
stringArray[3] = "MKw ;o";
stringArray[4] = "\n|                                                       |";
stringArray[5] = "OVj># RY";
stringArray[6] = "SpmjlM9";
stringArray[7] = "m9@ z,X'(I0";
stringArray[8] = "-path";
FSPathExplorer.main(stringArray);

Test 11: 
String[] stringArray = new String[7];
stringArray[0] = "path/to/directory";
stringArray[1] = "isHidden";
stringArray[2] = "the java.io.File specified must be a Directory";
stringArray[3] = "l";
stringArray[4] = "g44=eZ^=$w";
stringArray[5] = "prints the current working directory";
stringArray[6] = "-find";
FSPathExplorer.main(stringArray);

Test 12: 
String[] stringArray = new String[3];
stringArray[0] = "-f";
stringArray[1] = "path/to/file1.txt";
stringArray[2] = "path/to/file2.txt";
FSPathExplorer.main(stringArray);

Test 13: 
String[] stringArray = new String[3];
stringArray[0] = "b,NS:qf";
stringArray[1] = "-p";
stringArray[2] = "";
FSPathExplorer.main(stringArray);

Test 14: 
SystemInUtil.addInputLine("'#E/H\"|gu,P'o");
String[] stringArray = new String[2];
FSPathExplorer.main(stringArray);

Test 15: 
SystemInUtil.addInputLine("show me options");
FSPathExplorer fSPathExplorer = new FSPathExplorer();
((FSPathExplorer)null).start();

Test 16: 
FSPathExplorer fSPathExplorer = new FSPathExplorer();
String[] stringArray = new String[5];
fSPathExplorer.configureExplorer(stringArray);

Test 17: 
FSPathExplorer fSPathExplorer = new FSPathExplorer();
fSPathExplorer.createFSPath();


* Generated after the refinement and before minimization 18 tests with total length 86
* test suite isTestSuite: 18
Test 0: 
FSPathExplorer.showHelp();
Test 1: 
String[] stringArray = new String[9];
stringArray[0] = "-find";
stringArray[1] = "isDirectory";
stringArray[2] = "`TMDO{1";
stringArray[3] = "MKw ;o";
stringArray[4] = "\n|                                                       |";
stringArray[5] = "OVj># RY";
stringArray[6] = "SpmjlM9";
stringArray[7] = "m9@ z,X'(I0";
stringArray[8] = "-path";
// Undeclared exception!
try { 
  FSPathExplorer.main(stringArray);
  fail("Expecting exception: ArrayIndexOutOfBoundsException");

} catch(ArrayIndexOutOfBoundsException e) {
   //
   // 9
   //
   verifyException("net.sf.sugar.fspath.cli.FSPathExplorer", e);
}

Test 2: 
String[] stringArray = new String[7];
stringArray[0] = "vM(xcJ^-%}%2(";
stringArray[1] = "isHidden";
stringArray[2] = "the java.io.File specified must be a Directory";
stringArray[3] = "l";
stringArray[4] = "g44=eZ^=$w";
stringArray[5] = "prints the current working directory";
stringArray[6] = "-find";
// Undeclared exception!
try { 
  FSPathExplorer.main(stringArray);
  fail("Expecting exception: NullPointerException");

} catch(NullPointerException e) {
   //
   // no message in exception (getMessage() returned null)
   //
}

Test 3: 
String[] stringArray = new String[3];
stringArray[0] = "-f";
stringArray[1] = "+LN3PdS&";
stringArray[2] = "'#E/H\"|gu,P'o";
// Undeclared exception!
try { 
  FSPathExplorer.main(stringArray);
  fail("Expecting exception: NullPointerException");

} catch(NullPointerException e) {
   //
   // no message in exception (getMessage() returned null)
   //
}

Test 4: 
String[] stringArray = new String[3];
stringArray[0] = "b,NS:qf";
stringArray[1] = "-p";
stringArray[2] = "";
// Undeclared exception!
try { 
  FSPathExplorer.main(stringArray);
  fail("Expecting exception: NullPointerException");

} catch(NullPointerException e) {
   //
   // no message in exception (getMessage() returned null)
   //
}

Test 5: 
SystemInUtil.addInputLine("'#E/H\"|gu,P'o");
String[] stringArray = new String[2];
stringArray[0] = "dR}c%r+m";
stringArray[1] = "dR}c%r+m";
// Undeclared exception!
FSPathExplorer.main(stringArray);
Test 6: 
SystemInUtil.addInputLine("help");
FSPathExplorer fSPathExplorer = new FSPathExplorer();
// Undeclared exception!
fSPathExplorer.start();
Test 7: 
FSPathExplorer fSPathExplorer = new FSPathExplorer();
String[] stringArray = new String[5];
// Undeclared exception!
try { 
  fSPathExplorer.configureExplorer(stringArray);
  fail("Expecting exception: NullPointerException");

} catch(NullPointerException e) {
}

Test 8: 
FSPathExplorer fSPathExplorer = new FSPathExplorer();
fSPathExplorer.createFSPath();
Test 9: 
FSPathExplorer.showWelcome();
Test 10: 
String[] stringArray = new String[9];
stringArray[0] = "-find";
stringArray[1] = "isDirectory";
stringArray[2] = "`TMDO{1";
stringArray[3] = "MKw ;o";
stringArray[4] = "\n|                                                       |";
stringArray[5] = "OVj># RY";
stringArray[6] = "SpmjlM9";
stringArray[7] = "m9@ z,X'(I0";
stringArray[8] = "-path";
FSPathExplorer.main(stringArray);

Test 11: 
String[] stringArray = new String[7];
stringArray[0] = "path/to/directory";
stringArray[1] = "isHidden";
stringArray[2] = "the java.io.File specified must be a Directory";
stringArray[3] = "l";
stringArray[4] = "g44=eZ^=$w";
stringArray[5] = "prints the current working directory";
stringArray[6] = "-find";
FSPathExplorer.main(stringArray);

Test 12: 
String[] stringArray = new String[3];
stringArray[0] = "-f";
stringArray[1] = "path/to/file1.txt";
stringArray[2] = "path/to/file2.txt";
FSPathExplorer.main(stringArray);

Test 13: 
String[] stringArray = new String[3];
stringArray[0] = "b,NS:qf";
stringArray[1] = "-p";
stringArray[2] = "";
FSPathExplorer.main(stringArray);

Test 14: 
SystemInUtil.addInputLine("'#E/H\"|gu,P'o");
String[] stringArray = new String[2];
FSPathExplorer.main(stringArray);

Test 15: 
SystemInUtil.addInputLine("show me options");
FSPathExplorer fSPathExplorer = new FSPathExplorer();
((FSPathExplorer)null).start();

Test 16: 
FSPathExplorer fSPathExplorer = new FSPathExplorer();
String[] stringArray = new String[5];
fSPathExplorer.configureExplorer(stringArray);

Test 17: 
FSPathExplorer fSPathExplorer = new FSPathExplorer();
fSPathExplorer.createFSPath();


* Minimizing test suite
* test suite isTestSuite: 9
Test 0: 
FSPathExplorer fSPathExplorer = new FSPathExplorer();
String[] stringArray = new String[5];
// Undeclared exception!
try { 
  fSPathExplorer.configureExplorer(stringArray);
  fail("Expecting exception: NullPointerException");

} catch(NullPointerException e) {
}

Test 1: 
FSPathExplorer.showHelp();
Test 2: 
String[] stringArray = new String[3];
stringArray[0] = "-f";
stringArray[1] = "path/to/file1.txt";
stringArray[2] = "path/to/file2.txt";
// Undeclared exception!
try { 
  FSPathExplorer.main(stringArray);
  fail("Expecting exception: NullPointerException");

} catch(NullPointerException e) {
   //
   // no message in exception (getMessage() returned null)
   //
}

Test 3: 
String[] stringArray = new String[9];
stringArray[0] = "-find";
stringArray[1] = "isDirectory";
stringArray[2] = "`TMDO{1";
stringArray[3] = "MKw ;o";
stringArray[4] = "\n|                                                       |";
stringArray[5] = "OVj># RY";
stringArray[6] = "SpmjlM9";
stringArray[7] = "m9@ z,X'(I0";
stringArray[8] = "-path";
// Undeclared exception!
try { 
  FSPathExplorer.main(stringArray);
  fail("Expecting exception: ArrayIndexOutOfBoundsException");

} catch(ArrayIndexOutOfBoundsException e) {
   //
   // 9
   //
   verifyException("net.sf.sugar.fspath.cli.FSPathExplorer", e);
}

Test 4: 
String[] stringArray = new String[3];
stringArray[0] = "b,NS:qf";
stringArray[1] = "-p";
stringArray[2] = "";
// Undeclared exception!
try { 
  FSPathExplorer.main(stringArray);
  fail("Expecting exception: NullPointerException");

} catch(NullPointerException e) {
   //
   // no message in exception (getMessage() returned null)
   //
}

Test 5: 
SystemInUtil.addInputLine("help");
FSPathExplorer fSPathExplorer = new FSPathExplorer();
// Undeclared exception!
fSPathExplorer.start();
Test 6: 
SystemInUtil.addInputLine("'#E/H\"|gu,P'o");
String[] stringArray = new String[2];
stringArray[0] = "dR}c%r+m";
stringArray[1] = "dR}c%r+m";
// Undeclared exception!
FSPathExplorer.main(stringArray);
Test 7: 
FSPathExplorer fSPathExplorer = new FSPathExplorer();
fSPathExplorer.createFSPath();
Test 8: 
FSPathExplorer.showWelcome();

* Going to analyze the coverage criteria
* Coverage analysis for criterion BRANCH
* Coverage of criterion BRANCH: 75%
* Total number of goals: 51
* Number of covered goals: 38
* Coverage analysis for criterion LINE
* Coverage of criterion LINE: 81%
* Total number of goals: 75
* Number of covered goals: 61
* Coverage analysis for criterion OUTPUT
* Coverage of criterion OUTPUT: 100% (no goals)
* Coverage analysis for criterion METHOD
* Coverage of criterion METHOD: 100%
* Total number of goals: 7
* Number of covered goals: 7
* Coverage analysis for criterion CBRANCH
* Coverage of criterion CBRANCH: 75%
* Total number of goals: 51
* Number of covered goals: 38
* Generated 9 tests with total length 36
* Resulting test suite's coverage: 86% (average coverage for all fitness functions)
* Generating assertions
* Resulting test suite's mutation score: 11%
* Compiling and checking tests
Going to execute: removeTestsThatDoNotCompile
* Compiling Tests
** Write a test suite: 0 called: 0 to improve: false
* Compiling Tests
** Write a test suite: 0 called: 0 to improve: true
** Improve Understandability: ** Test Code is: FSPathExplorer fSPathExplorer = new FSPathExplorer();
String[] arg0 = new String[5];
// Undeclared exception!
try { 
  fSPathExplorer.configureExplorer(arg0);
  fail("Expecting exception: NullPointerException");

} catch(NullPointerException e) {
}


** It was a parseable test case! 
refined test name is: testConfigureExplorerWithNullArgument
* Compiling Tests
** Write a test suite: 0 called: 0 to improve: false
* Compiling Tests
** Write a test suite: 0 called: 0 to improve: true
** Improve Understandability: ** Test Code is: FSPathExplorer.showHelp();

** It was a parseable test case! 
refined test name is: testShowHelpWhenCalledExpectedBehaviorObserved
* Compiling Tests
refined test name is: testShowHelpWhenCalledShouldDisplayHelpMessage
* Compiling Tests
** Write a test suite: 0 called: 0 to improve: false
* Compiling Tests
** Write a test suite: 0 called: 0 to improve: true
** Improve Understandability: ** Test Code is: String[] arg0 = new String[3];
arg0[0] = "-f";
arg0[1] = "path/to/file1.txt";
arg0[2] = "path/to/file2.txt";
// Undeclared exception!
try { 
  FSPathExplorer.main(arg0);
  fail("Expecting exception: NullPointerException");

} catch(NullPointerException e) {
   //
   // no message in exception (getMessage() returned null)
   //
   verifyException("net.sf.sugar.fspath.cli.FSPathExplorer", e);
}


** It was a parseable test case! 
refined test name is: testFSBadPath
* Compiling Tests
** Write a test suite: 0 called: 0 to improve: false
* Compiling Tests
** Write a test suite: 0 called: 0 to improve: true
** Improve Understandability: ** Test Code is: String[] arg0 = new String[9];
arg0[0] = "-find";
arg0[1] = "isDirectory";
arg0[2] = "`TMDO{1";
arg0[3] = "MKw ;o";
arg0[4] = "\n|                                                       |";
arg0[5] = "OVj># RY";
arg0[6] = "SpmjlM9";
arg0[7] = "m9@ z,X'(I0";
arg0[8] = "-path";
// Undeclared exception!
try { 
  FSPathExplorer.main(arg0);
  fail("Expecting exception: ArrayIndexOutOfBoundsException");

} catch(ArrayIndexOutOfBoundsException e) {
   //
   // 9
   //
   verifyException("net.sf.sugar.fspath.cli.FSPathExplorer", e);
}


** It was a parseable test case! 
refined test name is: testFSPathExplorerWithTooManyArguments
* Compiling Tests
** Write a test suite: 0 called: 0 to improve: false
* Compiling Tests
** Write a test suite: 0 called: 0 to improve: true
** Improve Understandability: ** Test Code is: String[] arg0 = new String[3];
arg0[0] = "b,NS:qf";
arg0[1] = "-p";
arg0[2] = "";
// Undeclared exception!
try { 
  FSPathExplorer.main(arg0);
  fail("Expecting exception: NullPointerException");

} catch(NullPointerException e) {
   //
   // no message in exception (getMessage() returned null)
   //
   verifyException("net.sf.sugar.fspath.cli.FSPathExplorer", e);
}


** It was a parseable test case! 
refined test name is: testMainWithEmptyArgument
* Compiling Tests
** Write a test suite: 0 called: 0 to improve: false
* Compiling Tests
** Write a test suite: 0 called: 0 to improve: true
** Improve Understandability: ** Test Code is: SystemInUtil.addInputLine("help");
FSPathExplorer fSPathExplorer = new FSPathExplorer();
// Undeclared exception!
fSPathExplorer.start();

** It was a parseable test case! 
refined test name is: testNullPath
* Compiling Tests
refined test name is: testThrowsNullPointerExceptionWhenPathIsNull
* Compiling Tests
** Write a test suite: 0 called: 0 to improve: false
* Compiling Tests
** Write a test suite: 0 called: 0 to improve: true
** Improve Understandability: ** Test Code is: SystemInUtil.addInputLine("'#E/H\"|gu,P'o");
String[] arg0 = new String[2];
arg0[0] = "dR}c%r+m";
arg0[1] = "dR}c%r+m";
// Undeclared exception!
FSPathExplorer.main(arg0);

** It was a parseable test case! 
refined test name is: testFSPathExplorerWithValidInput
* Compiling Tests
** Write a test suite: 0 called: 0 to improve: false
* Compiling Tests
** Write a test suite: 0 called: 0 to improve: true
** Improve Understandability: ** Test Code is: FSPathExplorer fSPathExplorer = new FSPathExplorer();
fSPathExplorer.createFSPath();

** It was a parseable test case! 
refined test name is: testTraverseDepthFirst
* Compiling Tests
refined test name is: testTraverseDepthFirstOrder
* Compiling Tests
** Write a test suite: 0 called: 0 to improve: false
* Compiling Tests
** Write a test suite: 0 called: 0 to improve: true
** Improve Understandability: ** Test Code is: FSPathExplorer.showWelcome();

** It was a parseable test case! 
refined test name is: testShowWelcomeSetsWelcomeMessage
* Compiling Tests
refined test name is: testShowWelcomeMessageIsDisplayed
Going to execute: handleTestsThatAreUnstable
* Compiling Tests
[MASTER] 10:06:07.597 [logback-1] WARN  AgentLoader - Failed to find EvoSuite jar in current classloader. URLs of classloader:
file:/root/.sdkman/candidates/java/8.0.333.fx-librca/jre/../lib/tools.jar
file:/root/.sdkman/candidates/java/8.0.333.fx-librca/jre/lib/ext/cldrdata.jar
file:/root/.sdkman/candidates/java/8.0.333.fx-librca/jre/lib/ext/sunec.jar
file:/root/.sdkman/candidates/java/8.0.333.fx-librca/jre/lib/ext/localedata.jar
file:/root/.sdkman/candidates/java/8.0.333.fx-librca/jre/lib/ext/jaccess.jar
file:/tmp/EvoSuite_pathingJar5373839599729426077.jar
file:/root/.sdkman/candidates/java/8.0.333.fx-librca/jre/lib/ext/dnsns.jar
file:/root/.sdkman/candidates/java/8.0.333.fx-librca/jre/lib/ext/sunpkcs11.jar
file:/root/.sdkman/candidates/java/8.0.333.fx-librca/jre/lib/ext/zipfs.jar
file:/root/.sdkman/candidates/java/8.0.333.fx-librca/jre/lib/ext/jfxrt.jar
file:/root/.sdkman/candidates/java/8.0.333.fx-librca/jre/lib/ext/sunjce_provider.jar
file:/root/.sdkman/candidates/java/8.0.333.fx-librca/jre/lib/ext/nashorn.jar
[MASTER] 10:06:07.626 [logback-1] WARN  JUnitAnalyzer - Found unstable test named initializationError -> class java.lang.RuntimeException: Cannot find either the compilation target folder nor the EvoSuite jar in classpath: /tmp/EvoSuite_pathingJar5373839599729426077.jar
Going to execute: handleTestsThatAreUnstable
* Compiling Tests
** Write a test suite: 0 called: 0 to improve: false
[MASTER] 10:06:07.673 [logback-1] WARN  AgentLoader - Failed to find EvoSuite jar in current classloader. URLs of classloader:
file:/root/.sdkman/candidates/java/8.0.333.fx-librca/jre/../lib/tools.jar
file:/root/.sdkman/candidates/java/8.0.333.fx-librca/jre/lib/ext/cldrdata.jar
file:/root/.sdkman/candidates/java/8.0.333.fx-librca/jre/lib/ext/sunec.jar
file:/root/.sdkman/candidates/java/8.0.333.fx-librca/jre/lib/ext/localedata.jar
file:/root/.sdkman/candidates/java/8.0.333.fx-librca/jre/lib/ext/jaccess.jar
file:/tmp/EvoSuite_pathingJar5373839599729426077.jar
file:/root/.sdkman/candidates/java/8.0.333.fx-librca/jre/lib/ext/dnsns.jar
file:/root/.sdkman/candidates/java/8.0.333.fx-librca/jre/lib/ext/sunpkcs11.jar
file:/root/.sdkman/candidates/java/8.0.333.fx-librca/jre/lib/ext/zipfs.jar
file:/root/.sdkman/candidates/java/8.0.333.fx-librca/jre/lib/ext/jfxrt.jar
file:/root/.sdkman/candidates/java/8.0.333.fx-librca/jre/lib/ext/sunjce_provider.jar
file:/root/.sdkman/candidates/java/8.0.333.fx-librca/jre/lib/ext/nashorn.jar
[MASTER] 10:06:07.674 [logback-1] WARN  JUnitAnalyzer - Found unstable test named initializationError -> class java.lang.RuntimeException: Cannot find either the compilation target folder nor the EvoSuite jar in classpath: /tmp/EvoSuite_pathingJar5373839599729426077.jar
Going to execute: handleTestsThatAreUnstable
* Compiling Tests
[MASTER] 10:06:07.762 [logback-1] WARN  AgentLoader - Failed to find EvoSuite jar in current classloader. URLs of classloader:
file:/root/.sdkman/candidates/java/8.0.333.fx-librca/jre/../lib/tools.jar
file:/root/.sdkman/candidates/java/8.0.333.fx-librca/jre/lib/ext/cldrdata.jar
file:/root/.sdkman/candidates/java/8.0.333.fx-librca/jre/lib/ext/sunec.jar
file:/root/.sdkman/candidates/java/8.0.333.fx-librca/jre/lib/ext/localedata.jar
file:/root/.sdkman/candidates/java/8.0.333.fx-librca/jre/lib/ext/jaccess.jar
file:/tmp/EvoSuite_pathingJar5373839599729426077.jar
file:/root/.sdkman/candidates/java/8.0.333.fx-librca/jre/lib/ext/dnsns.jar
file:/root/.sdkman/candidates/java/8.0.333.fx-librca/jre/lib/ext/sunpkcs11.jar
file:/root/.sdkman/candidates/java/8.0.333.fx-librca/jre/lib/ext/zipfs.jar
file:/root/.sdkman/candidates/java/8.0.333.fx-librca/jre/lib/ext/jfxrt.jar
file:/root/.sdkman/candidates/java/8.0.333.fx-librca/jre/lib/ext/sunjce_provider.jar
file:/root/.sdkman/candidates/java/8.0.333.fx-librca/jre/lib/ext/nashorn.jar
[MASTER] 10:06:07.763 [logback-1] WARN  JUnitAnalyzer - Found unstable test named initializationError -> class java.lang.RuntimeException: Cannot find either the compilation target folder nor the EvoSuite jar in classpath: /tmp/EvoSuite_pathingJar5373839599729426077.jar
Going to execute: handleTestsThatAreUnstable
* Compiling Tests
[MASTER] 10:06:07.815 [logback-1] WARN  AgentLoader - Failed to find EvoSuite jar in current classloader. URLs of classloader:
file:/root/.sdkman/candidates/java/8.0.333.fx-librca/jre/../lib/tools.jar
file:/root/.sdkman/candidates/java/8.0.333.fx-librca/jre/lib/ext/cldrdata.jar
file:/root/.sdkman/candidates/java/8.0.333.fx-librca/jre/lib/ext/sunec.jar
file:/root/.sdkman/candidates/java/8.0.333.fx-librca/jre/lib/ext/localedata.jar
file:/root/.sdkman/candidates/java/8.0.333.fx-librca/jre/lib/ext/jaccess.jar
file:/tmp/EvoSuite_pathingJar5373839599729426077.jar
file:/root/.sdkman/candidates/java/8.0.333.fx-librca/jre/lib/ext/dnsns.jar
file:/root/.sdkman/candidates/java/8.0.333.fx-librca/jre/lib/ext/sunpkcs11.jar
file:/root/.sdkman/candidates/java/8.0.333.fx-librca/jre/lib/ext/zipfs.jar
file:/root/.sdkman/candidates/java/8.0.333.fx-librca/jre/lib/ext/jfxrt.jar
file:/root/.sdkman/candidates/java/8.0.333.fx-librca/jre/lib/ext/sunjce_provider.jar
file:/root/.sdkman/candidates/java/8.0.333.fx-librca/jre/lib/ext/nashorn.jar
[MASTER] 10:06:07.816 [logback-1] WARN  JUnitAnalyzer - Found unstable test named initializationError -> class java.lang.RuntimeException: Cannot find either the compilation target folder nor the EvoSuite jar in classpath: /tmp/EvoSuite_pathingJar5373839599729426077.jar
Going to execute: handleTestsThatAreUnstable
* Compiling Tests
[MASTER] 10:06:07.865 [logback-1] WARN  AgentLoader - Failed to find EvoSuite jar in current classloader. URLs of classloader:
file:/root/.sdkman/candidates/java/8.0.333.fx-librca/jre/../lib/tools.jar
file:/root/.sdkman/candidates/java/8.0.333.fx-librca/jre/lib/ext/cldrdata.jar
file:/root/.sdkman/candidates/java/8.0.333.fx-librca/jre/lib/ext/sunec.jar
file:/root/.sdkman/candidates/java/8.0.333.fx-librca/jre/lib/ext/localedata.jar
file:/root/.sdkman/candidates/java/8.0.333.fx-librca/jre/lib/ext/jaccess.jar
file:/tmp/EvoSuite_pathingJar5373839599729426077.jar
file:/root/.sdkman/candidates/java/8.0.333.fx-librca/jre/lib/ext/dnsns.jar
file:/root/.sdkman/candidates/java/8.0.333.fx-librca/jre/lib/ext/sunpkcs11.jar
file:/root/.sdkman/candidates/java/8.0.333.fx-librca/jre/lib/ext/zipfs.jar
file:/root/.sdkman/candidates/java/8.0.333.fx-librca/jre/lib/ext/jfxrt.jar
file:/root/.sdkman/candidates/java/8.0.333.fx-librca/jre/lib/ext/sunjce_provider.jar
file:/root/.sdkman/candidates/java/8.0.333.fx-librca/jre/lib/ext/nashorn.jar
[MASTER] 10:06:07.866 [logback-1] WARN  JUnitAnalyzer - Found unstable test named initializationError -> class java.lang.RuntimeException: Cannot find either the compilation target folder nor the EvoSuite jar in classpath: /tmp/EvoSuite_pathingJar5373839599729426077.jar
Going to execute: handleTestsThatAreUnstable
* Compiling Tests
** Write a test suite: 0 called: 0 to improve: false
[MASTER] 10:06:09.007 [logback-1] WARN  AgentLoader - Failed to find EvoSuite jar in current classloader. URLs of classloader:
file:/root/.sdkman/candidates/java/8.0.333.fx-librca/jre/../lib/tools.jar
file:/root/.sdkman/candidates/java/8.0.333.fx-librca/jre/lib/ext/cldrdata.jar
file:/root/.sdkman/candidates/java/8.0.333.fx-librca/jre/lib/ext/sunec.jar
file:/root/.sdkman/candidates/java/8.0.333.fx-librca/jre/lib/ext/localedata.jar
file:/root/.sdkman/candidates/java/8.0.333.fx-librca/jre/lib/ext/jaccess.jar
file:/tmp/EvoSuite_pathingJar5373839599729426077.jar
file:/root/.sdkman/candidates/java/8.0.333.fx-librca/jre/lib/ext/dnsns.jar
file:/root/.sdkman/candidates/java/8.0.333.fx-librca/jre/lib/ext/sunpkcs11.jar
file:/root/.sdkman/candidates/java/8.0.333.fx-librca/jre/lib/ext/zipfs.jar
file:/root/.sdkman/candidates/java/8.0.333.fx-librca/jre/lib/ext/jfxrt.jar
file:/root/.sdkman/candidates/java/8.0.333.fx-librca/jre/lib/ext/sunjce_provider.jar
file:/root/.sdkman/candidates/java/8.0.333.fx-librca/jre/lib/ext/nashorn.jar
[MASTER] 10:06:09.008 [logback-1] WARN  JUnitAnalyzer - Found unstable test named initializationError -> class java.lang.RuntimeException: Cannot find either the compilation target folder nor the EvoSuite jar in classpath: /tmp/EvoSuite_pathingJar5373839599729426077.jar
Going to execute: handleTestsThatAreUnstable
* Compiling Tests
[MASTER] 10:06:10.175 [logback-1] WARN  AgentLoader - Failed to find EvoSuite jar in current classloader. URLs of classloader:
file:/root/.sdkman/candidates/java/8.0.333.fx-librca/jre/../lib/tools.jar
file:/root/.sdkman/candidates/java/8.0.333.fx-librca/jre/lib/ext/cldrdata.jar
file:/root/.sdkman/candidates/java/8.0.333.fx-librca/jre/lib/ext/sunec.jar
file:/root/.sdkman/candidates/java/8.0.333.fx-librca/jre/lib/ext/localedata.jar
file:/root/.sdkman/candidates/java/8.0.333.fx-librca/jre/lib/ext/jaccess.jar
file:/tmp/EvoSuite_pathingJar5373839599729426077.jar
file:/root/.sdkman/candidates/java/8.0.333.fx-librca/jre/lib/ext/dnsns.jar
file:/root/.sdkman/candidates/java/8.0.333.fx-librca/jre/lib/ext/sunpkcs11.jar
file:/root/.sdkman/candidates/java/8.0.333.fx-librca/jre/lib/ext/zipfs.jar
file:/root/.sdkman/candidates/java/8.0.333.fx-librca/jre/lib/ext/jfxrt.jar
file:/root/.sdkman/candidates/java/8.0.333.fx-librca/jre/lib/ext/sunjce_provider.jar
file:/root/.sdkman/candidates/java/8.0.333.fx-librca/jre/lib/ext/nashorn.jar
[MASTER] 10:06:10.177 [logback-1] WARN  JUnitAnalyzer - Found unstable test named initializationError -> class java.lang.RuntimeException: Cannot find either the compilation target folder nor the EvoSuite jar in classpath: /tmp/EvoSuite_pathingJar5373839599729426077.jar
Going to execute: handleTestsThatAreUnstable
* Compiling Tests
** Write a test suite: 0 called: 0 to improve: false
[MASTER] 10:06:10.244 [logback-1] WARN  AgentLoader - Failed to find EvoSuite jar in current classloader. URLs of classloader:
file:/root/.sdkman/candidates/java/8.0.333.fx-librca/jre/../lib/tools.jar
file:/root/.sdkman/candidates/java/8.0.333.fx-librca/jre/lib/ext/cldrdata.jar
file:/root/.sdkman/candidates/java/8.0.333.fx-librca/jre/lib/ext/sunec.jar
file:/root/.sdkman/candidates/java/8.0.333.fx-librca/jre/lib/ext/localedata.jar
file:/root/.sdkman/candidates/java/8.0.333.fx-librca/jre/lib/ext/jaccess.jar
file:/tmp/EvoSuite_pathingJar5373839599729426077.jar
file:/root/.sdkman/candidates/java/8.0.333.fx-librca/jre/lib/ext/dnsns.jar
file:/root/.sdkman/candidates/java/8.0.333.fx-librca/jre/lib/ext/sunpkcs11.jar
file:/root/.sdkman/candidates/java/8.0.333.fx-librca/jre/lib/ext/zipfs.jar
file:/root/.sdkman/candidates/java/8.0.333.fx-librca/jre/lib/ext/jfxrt.jar
file:/root/.sdkman/candidates/java/8.0.333.fx-librca/jre/lib/ext/sunjce_provider.jar
file:/root/.sdkman/candidates/java/8.0.333.fx-librca/jre/lib/ext/nashorn.jar
[MASTER] 10:06:10.247 [logback-1] WARN  JUnitAnalyzer - Found unstable test named initializationError -> class java.lang.RuntimeException: Cannot find either the compilation target folder nor the EvoSuite jar in classpath: /tmp/EvoSuite_pathingJar5373839599729426077.jar
Going to execute: handleTestsThatAreUnstable
* Compiling Tests
** Write a test suite: 0 called: 0 to improve: false
[MASTER] 10:06:10.303 [logback-1] WARN  AgentLoader - Failed to find EvoSuite jar in current classloader. URLs of classloader:
file:/root/.sdkman/candidates/java/8.0.333.fx-librca/jre/../lib/tools.jar
file:/root/.sdkman/candidates/java/8.0.333.fx-librca/jre/lib/ext/cldrdata.jar
file:/root/.sdkman/candidates/java/8.0.333.fx-librca/jre/lib/ext/sunec.jar
file:/root/.sdkman/candidates/java/8.0.333.fx-librca/jre/lib/ext/localedata.jar
file:/root/.sdkman/candidates/java/8.0.333.fx-librca/jre/lib/ext/jaccess.jar
file:/tmp/EvoSuite_pathingJar5373839599729426077.jar
file:/root/.sdkman/candidates/java/8.0.333.fx-librca/jre/lib/ext/dnsns.jar
file:/root/.sdkman/candidates/java/8.0.333.fx-librca/jre/lib/ext/sunpkcs11.jar
file:/root/.sdkman/candidates/java/8.0.333.fx-librca/jre/lib/ext/zipfs.jar
file:/root/.sdkman/candidates/java/8.0.333.fx-librca/jre/lib/ext/jfxrt.jar
file:/root/.sdkman/candidates/java/8.0.333.fx-librca/jre/lib/ext/sunjce_provider.jar
file:/root/.sdkman/candidates/java/8.0.333.fx-librca/jre/lib/ext/nashorn.jar
[MASTER] 10:06:10.305 [logback-1] WARN  JUnitAnalyzer - Found unstable test named initializationError -> class java.lang.RuntimeException: Cannot find either the compilation target folder nor the EvoSuite jar in classpath: /tmp/EvoSuite_pathingJar5373839599729426077.jar
Going to execute: handleTestsThatAreUnstable
* Compiling Tests
** Write a test suite: 1 called: 0 to improve: false
** Write a test suite: 5 called: 1 to improve: false
** Write a test suite: 7 called: 2 to improve: false
** Write a test suite: 8 called: 3 to improve: false
[MASTER] 10:06:12.024 [logback-1] WARN  AgentLoader - Failed to find EvoSuite jar in current classloader. URLs of classloader:
file:/root/.sdkman/candidates/java/8.0.333.fx-librca/jre/../lib/tools.jar
file:/root/.sdkman/candidates/java/8.0.333.fx-librca/jre/lib/ext/cldrdata.jar
file:/root/.sdkman/candidates/java/8.0.333.fx-librca/jre/lib/ext/sunec.jar
file:/root/.sdkman/candidates/java/8.0.333.fx-librca/jre/lib/ext/localedata.jar
file:/root/.sdkman/candidates/java/8.0.333.fx-librca/jre/lib/ext/jaccess.jar
file:/tmp/EvoSuite_pathingJar5373839599729426077.jar
file:/root/.sdkman/candidates/java/8.0.333.fx-librca/jre/lib/ext/dnsns.jar
file:/root/.sdkman/candidates/java/8.0.333.fx-librca/jre/lib/ext/sunpkcs11.jar
file:/root/.sdkman/candidates/java/8.0.333.fx-librca/jre/lib/ext/zipfs.jar
file:/root/.sdkman/candidates/java/8.0.333.fx-librca/jre/lib/ext/jfxrt.jar
file:/root/.sdkman/candidates/java/8.0.333.fx-librca/jre/lib/ext/sunjce_provider.jar
file:/root/.sdkman/candidates/java/8.0.333.fx-librca/jre/lib/ext/nashorn.jar
[MASTER] 10:06:12.025 [logback-1] WARN  JUnitAnalyzer - Found unstable test named initializationError -> class java.lang.RuntimeException: Cannot find either the compilation target folder nor the EvoSuite jar in classpath: /tmp/EvoSuite_pathingJar5373839599729426077.jar
Going to execute: handleTestsThatAreUnstable
* Compiling Tests
** Write a test suite: 0 called: 0 to improve: false
** Write a test suite: 1 called: 1 to improve: false
** Write a test suite: 3 called: 2 to improve: false
** Write a test suite: 7 called: 3 to improve: false
[MASTER] 10:06:13.727 [logback-1] WARN  AgentLoader - Failed to find EvoSuite jar in current classloader. URLs of classloader:
file:/root/.sdkman/candidates/java/8.0.333.fx-librca/jre/../lib/tools.jar
file:/root/.sdkman/candidates/java/8.0.333.fx-librca/jre/lib/ext/cldrdata.jar
file:/root/.sdkman/candidates/java/8.0.333.fx-librca/jre/lib/ext/sunec.jar
file:/root/.sdkman/candidates/java/8.0.333.fx-librca/jre/lib/ext/localedata.jar
file:/root/.sdkman/candidates/java/8.0.333.fx-librca/jre/lib/ext/jaccess.jar
file:/tmp/EvoSuite_pathingJar5373839599729426077.jar
file:/root/.sdkman/candidates/java/8.0.333.fx-librca/jre/lib/ext/dnsns.jar
file:/root/.sdkman/candidates/java/8.0.333.fx-librca/jre/lib/ext/sunpkcs11.jar
file:/root/.sdkman/candidates/java/8.0.333.fx-librca/jre/lib/ext/zipfs.jar
file:/root/.sdkman/candidates/java/8.0.333.fx-librca/jre/lib/ext/jfxrt.jar
file:/root/.sdkman/candidates/java/8.0.333.fx-librca/jre/lib/ext/sunjce_provider.jar
file:/root/.sdkman/candidates/java/8.0.333.fx-librca/jre/lib/ext/nashorn.jar
[MASTER] 10:06:13.727 [logback-1] WARN  JUnitAnalyzer - Found unstable test named initializationError -> class java.lang.RuntimeException: Cannot find either the compilation target folder nor the EvoSuite jar in classpath: /tmp/EvoSuite_pathingJar5373839599729426077.jar
[MASTER] 10:06:16.041 [logback-1] WARN  TimeController - Already entered in phase: INLINING. This will mess up the timing calculations.
* test suite isTestSuite: 10
Test 0: 
FSPathExplorer.showHelp();
Test 1: 
String[] stringArray = new String[9];
stringArray[0] = "-find";
stringArray[1] = "isDirectory";
stringArray[2] = "`TMDO{1";
stringArray[3] = "MKw ;o";
stringArray[4] = "\n|                                                       |";
stringArray[5] = "OVj># RY";
stringArray[6] = "SpmjlM9";
stringArray[7] = "m9@ z,X'(I0";
stringArray[8] = "-path";
// Undeclared exception!
try { 
  FSPathExplorer.main(stringArray);
  fail("Expecting exception: ArrayIndexOutOfBoundsException");

} catch(ArrayIndexOutOfBoundsException e) {
   //
   // 9
   //
   verifyException("net.sf.sugar.fspath.cli.FSPathExplorer", e);
}

Test 2: 
String[] stringArray = new String[7];
stringArray[0] = "vM(xcJ^-%}%2(";
stringArray[1] = "isHidden";
stringArray[2] = "the java.io.File specified must be a Directory";
stringArray[3] = "l";
stringArray[4] = "g44=eZ^=$w";
stringArray[5] = "prints the current working directory";
stringArray[6] = "-find";
// Undeclared exception!
try { 
  FSPathExplorer.main(stringArray);
  fail("Expecting exception: NullPointerException");

} catch(NullPointerException e) {
   //
   // no message in exception (getMessage() returned null)
   //
}

Test 3: 
String[] stringArray = new String[3];
stringArray[0] = "-f";
stringArray[1] = "+LN3PdS&";
stringArray[2] = "'#E/H\"|gu,P'o";
// Undeclared exception!
try { 
  FSPathExplorer.main(stringArray);
  fail("Expecting exception: NullPointerException");

} catch(NullPointerException e) {
   //
   // no message in exception (getMessage() returned null)
   //
}

Test 4: 
String[] stringArray = new String[3];
stringArray[0] = "b,NS:qf";
stringArray[1] = "-p";
stringArray[2] = "";
// Undeclared exception!
try { 
  FSPathExplorer.main(stringArray);
  fail("Expecting exception: NullPointerException");

} catch(NullPointerException e) {
   //
   // no message in exception (getMessage() returned null)
   //
}

Test 5: 
SystemInUtil.addInputLine("'#E/H\"|gu,P'o");
String[] stringArray = new String[2];
stringArray[0] = "dR}c%r+m";
stringArray[1] = "dR}c%r+m";
// Undeclared exception!
FSPathExplorer.main(stringArray);
Test 6: 
SystemInUtil.addInputLine("help");
FSPathExplorer fSPathExplorer = new FSPathExplorer();
// Undeclared exception!
fSPathExplorer.start();
Test 7: 
FSPathExplorer fSPathExplorer = new FSPathExplorer();
String[] stringArray = new String[5];
// Undeclared exception!
try { 
  fSPathExplorer.configureExplorer(stringArray);
  fail("Expecting exception: NullPointerException");

} catch(NullPointerException e) {
}

Test 8: 
FSPathExplorer fSPathExplorer = new FSPathExplorer();
fSPathExplorer.createFSPath();
Test 9: 
FSPathExplorer.showWelcome();

* Minimizing test suite
* test suite isTestSuite: 9
Test 0: 
FSPathExplorer fSPathExplorer = new FSPathExplorer();
String[] stringArray = new String[5];
// Undeclared exception!
try { 
  fSPathExplorer.configureExplorer(stringArray);
  fail("Expecting exception: NullPointerException");

} catch(NullPointerException e) {
}

Test 1: 
FSPathExplorer.showWelcome();
Test 2: 
FSPathExplorer.showHelp();
Test 3: 
String[] stringArray = new String[3];
stringArray[0] = "-f";
stringArray[1] = "+LN3PdS&";
stringArray[2] = "'#E/H\"|gu,P'o";
// Undeclared exception!
try { 
  FSPathExplorer.main(stringArray);
  fail("Expecting exception: NullPointerException");

} catch(NullPointerException e) {
   //
   // no message in exception (getMessage() returned null)
   //
}

Test 4: 
String[] stringArray = new String[9];
stringArray[0] = "-find";
stringArray[1] = "isDirectory";
stringArray[2] = "`TMDO{1";
stringArray[3] = "MKw ;o";
stringArray[4] = "\n|                                                       |";
stringArray[5] = "OVj># RY";
stringArray[6] = "SpmjlM9";
stringArray[7] = "m9@ z,X'(I0";
stringArray[8] = "-path";
// Undeclared exception!
try { 
  FSPathExplorer.main(stringArray);
  fail("Expecting exception: ArrayIndexOutOfBoundsException");

} catch(ArrayIndexOutOfBoundsException e) {
   //
   // 9
   //
   verifyException("net.sf.sugar.fspath.cli.FSPathExplorer", e);
}

Test 5: 
String[] stringArray = new String[3];
stringArray[0] = "b,NS:qf";
stringArray[1] = "-p";
stringArray[2] = "";
// Undeclared exception!
try { 
  FSPathExplorer.main(stringArray);
  fail("Expecting exception: NullPointerException");

} catch(NullPointerException e) {
   //
   // no message in exception (getMessage() returned null)
   //
}

Test 6: 
SystemInUtil.addInputLine("help");
FSPathExplorer fSPathExplorer = new FSPathExplorer();
// Undeclared exception!
fSPathExplorer.start();
Test 7: 
SystemInUtil.addInputLine("'#E/H\"|gu,P'o");
String[] stringArray = new String[2];
stringArray[0] = "dR}c%r+m";
stringArray[1] = "dR}c%r+m";
// Undeclared exception!
FSPathExplorer.main(stringArray);
Test 8: 
FSPathExplorer fSPathExplorer = new FSPathExplorer();
fSPathExplorer.createFSPath();

[MASTER] 10:06:28.010 [logback-1] WARN  TimeController - Already entered in phase: MINIMIZATION. This will mess up the timing calculations.
* Going to analyze the coverage criteria
* Coverage analysis for criterion BRANCH
* Coverage of criterion BRANCH: 75%
* Total number of goals: 51
* Number of covered goals: 38
* Coverage analysis for criterion LINE
* Coverage of criterion LINE: 81%
* Total number of goals: 75
* Number of covered goals: 61
* Coverage analysis for criterion OUTPUT
* Coverage of criterion OUTPUT: 100% (no goals)
* Coverage analysis for criterion METHOD
* Coverage of criterion METHOD: 100%
* Total number of goals: 7
* Number of covered goals: 7
* Coverage analysis for criterion CBRANCH
* Coverage of criterion CBRANCH: 75%
* Total number of goals: 51
* Number of covered goals: 38
* Generated 9 tests with total length 36
* Resulting test suite's coverage: 86% (average coverage for all fitness functions)
* Generating assertions
[MASTER] 10:06:28.059 [logback-1] WARN  TimeController - Already entered in phase: COVERAGE_ANALYSIS. This will mess up the timing calculations.
* Resulting test suite's mutation score: 11%
[MASTER] 10:07:09.262 [logback-1] WARN  TimeController - Already entered in phase: ASSERTION_GENERATION. This will mess up the timing calculations.
* Compiling and checking tests
Going to execute: removeTestsThatDoNotCompile
* Compiling Tests
** Write a test suite: 0 called: 0 to improve: false
* Compiling Tests
** Write a test suite: 0 called: 0 to improve: false
* Compiling Tests
** Write a test suite: 0 called: 0 to improve: false
* Compiling Tests
** Write a test suite: 0 called: 0 to improve: false
* Compiling Tests
** Write a test suite: 0 called: 0 to improve: false
* Compiling Tests
** Write a test suite: 0 called: 0 to improve: false
* Compiling Tests
** Write a test suite: 0 called: 0 to improve: false
* Compiling Tests
** Write a test suite: 0 called: 0 to improve: false
* Compiling Tests
** Write a test suite: 0 called: 0 to improve: false
Going to execute: handleTestsThatAreUnstable
* Compiling Tests
** Write a test suite: 0 called: 0 to improve: false
[MASTER] 10:07:10.975 [logback-1] WARN  AgentLoader - Failed to find EvoSuite jar in current classloader. URLs of classloader:
file:/root/.sdkman/candidates/java/8.0.333.fx-librca/jre/../lib/tools.jar
file:/root/.sdkman/candidates/java/8.0.333.fx-librca/jre/lib/ext/cldrdata.jar
file:/root/.sdkman/candidates/java/8.0.333.fx-librca/jre/lib/ext/sunec.jar
file:/root/.sdkman/candidates/java/8.0.333.fx-librca/jre/lib/ext/localedata.jar
file:/root/.sdkman/candidates/java/8.0.333.fx-librca/jre/lib/ext/jaccess.jar
file:/tmp/EvoSuite_pathingJar5373839599729426077.jar
file:/root/.sdkman/candidates/java/8.0.333.fx-librca/jre/lib/ext/dnsns.jar
file:/root/.sdkman/candidates/java/8.0.333.fx-librca/jre/lib/ext/sunpkcs11.jar
file:/root/.sdkman/candidates/java/8.0.333.fx-librca/jre/lib/ext/zipfs.jar
file:/root/.sdkman/candidates/java/8.0.333.fx-librca/jre/lib/ext/jfxrt.jar
file:/root/.sdkman/candidates/java/8.0.333.fx-librca/jre/lib/ext/sunjce_provider.jar
file:/root/.sdkman/candidates/java/8.0.333.fx-librca/jre/lib/ext/nashorn.jar
[MASTER] 10:07:10.976 [logback-1] WARN  JUnitAnalyzer - Found unstable test named initializationError -> class java.lang.RuntimeException: Cannot find either the compilation target folder nor the EvoSuite jar in classpath: /tmp/EvoSuite_pathingJar5373839599729426077.jar
Going to execute: handleTestsThatAreUnstable
* Compiling Tests
** Write a test suite: 0 called: 0 to improve: false
[MASTER] 10:07:11.033 [logback-1] WARN  AgentLoader - Failed to find EvoSuite jar in current classloader. URLs of classloader:
file:/root/.sdkman/candidates/java/8.0.333.fx-librca/jre/../lib/tools.jar
file:/root/.sdkman/candidates/java/8.0.333.fx-librca/jre/lib/ext/cldrdata.jar
file:/root/.sdkman/candidates/java/8.0.333.fx-librca/jre/lib/ext/sunec.jar
file:/root/.sdkman/candidates/java/8.0.333.fx-librca/jre/lib/ext/localedata.jar
file:/root/.sdkman/candidates/java/8.0.333.fx-librca/jre/lib/ext/jaccess.jar
file:/tmp/EvoSuite_pathingJar5373839599729426077.jar
file:/root/.sdkman/candidates/java/8.0.333.fx-librca/jre/lib/ext/dnsns.jar
file:/root/.sdkman/candidates/java/8.0.333.fx-librca/jre/lib/ext/sunpkcs11.jar
file:/root/.sdkman/candidates/java/8.0.333.fx-librca/jre/lib/ext/zipfs.jar
file:/root/.sdkman/candidates/java/8.0.333.fx-librca/jre/lib/ext/jfxrt.jar
file:/root/.sdkman/candidates/java/8.0.333.fx-librca/jre/lib/ext/sunjce_provider.jar
file:/root/.sdkman/candidates/java/8.0.333.fx-librca/jre/lib/ext/nashorn.jar
[MASTER] 10:07:11.034 [logback-1] WARN  JUnitAnalyzer - Found unstable test named initializationError -> class java.lang.RuntimeException: Cannot find either the compilation target folder nor the EvoSuite jar in classpath: /tmp/EvoSuite_pathingJar5373839599729426077.jar
Going to execute: handleTestsThatAreUnstable
* Compiling Tests
** Write a test suite: 0 called: 0 to improve: false
[MASTER] 10:07:11.078 [logback-1] WARN  AgentLoader - Failed to find EvoSuite jar in current classloader. URLs of classloader:
file:/root/.sdkman/candidates/java/8.0.333.fx-librca/jre/../lib/tools.jar
file:/root/.sdkman/candidates/java/8.0.333.fx-librca/jre/lib/ext/cldrdata.jar
file:/root/.sdkman/candidates/java/8.0.333.fx-librca/jre/lib/ext/sunec.jar
file:/root/.sdkman/candidates/java/8.0.333.fx-librca/jre/lib/ext/localedata.jar
file:/root/.sdkman/candidates/java/8.0.333.fx-librca/jre/lib/ext/jaccess.jar
file:/tmp/EvoSuite_pathingJar5373839599729426077.jar
file:/root/.sdkman/candidates/java/8.0.333.fx-librca/jre/lib/ext/dnsns.jar
file:/root/.sdkman/candidates/java/8.0.333.fx-librca/jre/lib/ext/sunpkcs11.jar
file:/root/.sdkman/candidates/java/8.0.333.fx-librca/jre/lib/ext/zipfs.jar
file:/root/.sdkman/candidates/java/8.0.333.fx-librca/jre/lib/ext/jfxrt.jar
file:/root/.sdkman/candidates/java/8.0.333.fx-librca/jre/lib/ext/sunjce_provider.jar
file:/root/.sdkman/candidates/java/8.0.333.fx-librca/jre/lib/ext/nashorn.jar
[MASTER] 10:07:11.079 [logback-1] WARN  JUnitAnalyzer - Found unstable test named initializationError -> class java.lang.RuntimeException: Cannot find either the compilation target folder nor the EvoSuite jar in classpath: /tmp/EvoSuite_pathingJar5373839599729426077.jar
Going to execute: handleTestsThatAreUnstable
* Compiling Tests
** Write a test suite: 0 called: 0 to improve: false
[MASTER] 10:07:11.127 [logback-1] WARN  AgentLoader - Failed to find EvoSuite jar in current classloader. URLs of classloader:
file:/root/.sdkman/candidates/java/8.0.333.fx-librca/jre/../lib/tools.jar
file:/root/.sdkman/candidates/java/8.0.333.fx-librca/jre/lib/ext/cldrdata.jar
file:/root/.sdkman/candidates/java/8.0.333.fx-librca/jre/lib/ext/sunec.jar
file:/root/.sdkman/candidates/java/8.0.333.fx-librca/jre/lib/ext/localedata.jar
file:/root/.sdkman/candidates/java/8.0.333.fx-librca/jre/lib/ext/jaccess.jar
file:/tmp/EvoSuite_pathingJar5373839599729426077.jar
file:/root/.sdkman/candidates/java/8.0.333.fx-librca/jre/lib/ext/dnsns.jar
file:/root/.sdkman/candidates/java/8.0.333.fx-librca/jre/lib/ext/sunpkcs11.jar
file:/root/.sdkman/candidates/java/8.0.333.fx-librca/jre/lib/ext/zipfs.jar
file:/root/.sdkman/candidates/java/8.0.333.fx-librca/jre/lib/ext/jfxrt.jar
file:/root/.sdkman/candidates/java/8.0.333.fx-librca/jre/lib/ext/sunjce_provider.jar
file:/root/.sdkman/candidates/java/8.0.333.fx-librca/jre/lib/ext/nashorn.jar
[MASTER] 10:07:11.128 [logback-1] WARN  JUnitAnalyzer - Found unstable test named initializationError -> class java.lang.RuntimeException: Cannot find either the compilation target folder nor the EvoSuite jar in classpath: /tmp/EvoSuite_pathingJar5373839599729426077.jar
Going to execute: handleTestsThatAreUnstable
* Compiling Tests
** Write a test suite: 0 called: 0 to improve: false
[MASTER] 10:07:11.180 [logback-1] WARN  AgentLoader - Failed to find EvoSuite jar in current classloader. URLs of classloader:
file:/root/.sdkman/candidates/java/8.0.333.fx-librca/jre/../lib/tools.jar
file:/root/.sdkman/candidates/java/8.0.333.fx-librca/jre/lib/ext/cldrdata.jar
file:/root/.sdkman/candidates/java/8.0.333.fx-librca/jre/lib/ext/sunec.jar
file:/root/.sdkman/candidates/java/8.0.333.fx-librca/jre/lib/ext/localedata.jar
file:/root/.sdkman/candidates/java/8.0.333.fx-librca/jre/lib/ext/jaccess.jar
file:/tmp/EvoSuite_pathingJar5373839599729426077.jar
file:/root/.sdkman/candidates/java/8.0.333.fx-librca/jre/lib/ext/dnsns.jar
file:/root/.sdkman/candidates/java/8.0.333.fx-librca/jre/lib/ext/sunpkcs11.jar
file:/root/.sdkman/candidates/java/8.0.333.fx-librca/jre/lib/ext/zipfs.jar
file:/root/.sdkman/candidates/java/8.0.333.fx-librca/jre/lib/ext/jfxrt.jar
file:/root/.sdkman/candidates/java/8.0.333.fx-librca/jre/lib/ext/sunjce_provider.jar
file:/root/.sdkman/candidates/java/8.0.333.fx-librca/jre/lib/ext/nashorn.jar
[MASTER] 10:07:11.181 [logback-1] WARN  JUnitAnalyzer - Found unstable test named initializationError -> class java.lang.RuntimeException: Cannot find either the compilation target folder nor the EvoSuite jar in classpath: /tmp/EvoSuite_pathingJar5373839599729426077.jar
Going to execute: handleTestsThatAreUnstable
* Compiling Tests
** Write a test suite: 0 called: 0 to improve: false
[MASTER] 10:07:11.230 [logback-1] WARN  AgentLoader - Failed to find EvoSuite jar in current classloader. URLs of classloader:
file:/root/.sdkman/candidates/java/8.0.333.fx-librca/jre/../lib/tools.jar
file:/root/.sdkman/candidates/java/8.0.333.fx-librca/jre/lib/ext/cldrdata.jar
file:/root/.sdkman/candidates/java/8.0.333.fx-librca/jre/lib/ext/sunec.jar
file:/root/.sdkman/candidates/java/8.0.333.fx-librca/jre/lib/ext/localedata.jar
file:/root/.sdkman/candidates/java/8.0.333.fx-librca/jre/lib/ext/jaccess.jar
file:/tmp/EvoSuite_pathingJar5373839599729426077.jar
file:/root/.sdkman/candidates/java/8.0.333.fx-librca/jre/lib/ext/dnsns.jar
file:/root/.sdkman/candidates/java/8.0.333.fx-librca/jre/lib/ext/sunpkcs11.jar
file:/root/.sdkman/candidates/java/8.0.333.fx-librca/jre/lib/ext/zipfs.jar
file:/root/.sdkman/candidates/java/8.0.333.fx-librca/jre/lib/ext/jfxrt.jar
file:/root/.sdkman/candidates/java/8.0.333.fx-librca/jre/lib/ext/sunjce_provider.jar
file:/root/.sdkman/candidates/java/8.0.333.fx-librca/jre/lib/ext/nashorn.jar
[MASTER] 10:07:11.231 [logback-1] WARN  JUnitAnalyzer - Found unstable test named initializationError -> class java.lang.RuntimeException: Cannot find either the compilation target folder nor the EvoSuite jar in classpath: /tmp/EvoSuite_pathingJar5373839599729426077.jar
Going to execute: handleTestsThatAreUnstable
* Compiling Tests
** Write a test suite: 0 called: 0 to improve: false
[MASTER] 10:07:12.018 [logback-1] WARN  AgentLoader - Failed to find EvoSuite jar in current classloader. URLs of classloader:
file:/root/.sdkman/candidates/java/8.0.333.fx-librca/jre/../lib/tools.jar
file:/root/.sdkman/candidates/java/8.0.333.fx-librca/jre/lib/ext/cldrdata.jar
file:/root/.sdkman/candidates/java/8.0.333.fx-librca/jre/lib/ext/sunec.jar
file:/root/.sdkman/candidates/java/8.0.333.fx-librca/jre/lib/ext/localedata.jar
file:/root/.sdkman/candidates/java/8.0.333.fx-librca/jre/lib/ext/jaccess.jar
file:/tmp/EvoSuite_pathingJar5373839599729426077.jar
file:/root/.sdkman/candidates/java/8.0.333.fx-librca/jre/lib/ext/dnsns.jar
file:/root/.sdkman/candidates/java/8.0.333.fx-librca/jre/lib/ext/sunpkcs11.jar
file:/root/.sdkman/candidates/java/8.0.333.fx-librca/jre/lib/ext/zipfs.jar
file:/root/.sdkman/candidates/java/8.0.333.fx-librca/jre/lib/ext/jfxrt.jar
file:/root/.sdkman/candidates/java/8.0.333.fx-librca/jre/lib/ext/sunjce_provider.jar
file:/root/.sdkman/candidates/java/8.0.333.fx-librca/jre/lib/ext/nashorn.jar
[MASTER] 10:07:12.019 [logback-1] WARN  JUnitAnalyzer - Found unstable test named initializationError -> class java.lang.RuntimeException: Cannot find either the compilation target folder nor the EvoSuite jar in classpath: /tmp/EvoSuite_pathingJar5373839599729426077.jar
Going to execute: handleTestsThatAreUnstable
* Compiling Tests
** Write a test suite: 0 called: 0 to improve: false
[MASTER] 10:07:12.845 [logback-1] WARN  AgentLoader - Failed to find EvoSuite jar in current classloader. URLs of classloader:
file:/root/.sdkman/candidates/java/8.0.333.fx-librca/jre/../lib/tools.jar
file:/root/.sdkman/candidates/java/8.0.333.fx-librca/jre/lib/ext/cldrdata.jar
file:/root/.sdkman/candidates/java/8.0.333.fx-librca/jre/lib/ext/sunec.jar
file:/root/.sdkman/candidates/java/8.0.333.fx-librca/jre/lib/ext/localedata.jar
file:/root/.sdkman/candidates/java/8.0.333.fx-librca/jre/lib/ext/jaccess.jar
file:/tmp/EvoSuite_pathingJar5373839599729426077.jar
file:/root/.sdkman/candidates/java/8.0.333.fx-librca/jre/lib/ext/dnsns.jar
file:/root/.sdkman/candidates/java/8.0.333.fx-librca/jre/lib/ext/sunpkcs11.jar
file:/root/.sdkman/candidates/java/8.0.333.fx-librca/jre/lib/ext/zipfs.jar
file:/root/.sdkman/candidates/java/8.0.333.fx-librca/jre/lib/ext/jfxrt.jar
file:/root/.sdkman/candidates/java/8.0.333.fx-librca/jre/lib/ext/sunjce_provider.jar
file:/root/.sdkman/candidates/java/8.0.333.fx-librca/jre/lib/ext/nashorn.jar
[MASTER] 10:07:12.846 [logback-1] WARN  JUnitAnalyzer - Found unstable test named initializationError -> class java.lang.RuntimeException: Cannot find either the compilation target folder nor the EvoSuite jar in classpath: /tmp/EvoSuite_pathingJar5373839599729426077.jar
Going to execute: handleTestsThatAreUnstable
* Compiling Tests
** Write a test suite: 0 called: 0 to improve: false
[MASTER] 10:07:12.891 [logback-1] WARN  AgentLoader - Failed to find EvoSuite jar in current classloader. URLs of classloader:
file:/root/.sdkman/candidates/java/8.0.333.fx-librca/jre/../lib/tools.jar
file:/root/.sdkman/candidates/java/8.0.333.fx-librca/jre/lib/ext/cldrdata.jar
file:/root/.sdkman/candidates/java/8.0.333.fx-librca/jre/lib/ext/sunec.jar
file:/root/.sdkman/candidates/java/8.0.333.fx-librca/jre/lib/ext/localedata.jar
file:/root/.sdkman/candidates/java/8.0.333.fx-librca/jre/lib/ext/jaccess.jar
file:/tmp/EvoSuite_pathingJar5373839599729426077.jar
file:/root/.sdkman/candidates/java/8.0.333.fx-librca/jre/lib/ext/dnsns.jar
file:/root/.sdkman/candidates/java/8.0.333.fx-librca/jre/lib/ext/sunpkcs11.jar
file:/root/.sdkman/candidates/java/8.0.333.fx-librca/jre/lib/ext/zipfs.jar
file:/root/.sdkman/candidates/java/8.0.333.fx-librca/jre/lib/ext/jfxrt.jar
file:/root/.sdkman/candidates/java/8.0.333.fx-librca/jre/lib/ext/sunjce_provider.jar
file:/root/.sdkman/candidates/java/8.0.333.fx-librca/jre/lib/ext/nashorn.jar
[MASTER] 10:07:12.893 [logback-1] WARN  JUnitAnalyzer - Found unstable test named initializationError -> class java.lang.RuntimeException: Cannot find either the compilation target folder nor the EvoSuite jar in classpath: /tmp/EvoSuite_pathingJar5373839599729426077.jar
Going to execute: handleTestsThatAreUnstable
* Compiling Tests
** Write a test suite: 0 called: 0 to improve: false
** Write a test suite: 1 called: 1 to improve: false
** Write a test suite: 2 called: 2 to improve: false
** Write a test suite: 3 called: 3 to improve: false
** Write a test suite: 4 called: 4 to improve: false
** Write a test suite: 5 called: 5 to improve: false
** Write a test suite: 6 called: 6 to improve: false
** Write a test suite: 7 called: 7 to improve: false
** Write a test suite: 8 called: 8 to improve: false
[MASTER] 10:07:14.384 [logback-1] WARN  AgentLoader - Failed to find EvoSuite jar in current classloader. URLs of classloader:
file:/root/.sdkman/candidates/java/8.0.333.fx-librca/jre/../lib/tools.jar
file:/root/.sdkman/candidates/java/8.0.333.fx-librca/jre/lib/ext/cldrdata.jar
file:/root/.sdkman/candidates/java/8.0.333.fx-librca/jre/lib/ext/sunec.jar
file:/root/.sdkman/candidates/java/8.0.333.fx-librca/jre/lib/ext/localedata.jar
file:/root/.sdkman/candidates/java/8.0.333.fx-librca/jre/lib/ext/jaccess.jar
file:/tmp/EvoSuite_pathingJar5373839599729426077.jar
file:/root/.sdkman/candidates/java/8.0.333.fx-librca/jre/lib/ext/dnsns.jar
file:/root/.sdkman/candidates/java/8.0.333.fx-librca/jre/lib/ext/sunpkcs11.jar
file:/root/.sdkman/candidates/java/8.0.333.fx-librca/jre/lib/ext/zipfs.jar
file:/root/.sdkman/candidates/java/8.0.333.fx-librca/jre/lib/ext/jfxrt.jar
file:/root/.sdkman/candidates/java/8.0.333.fx-librca/jre/lib/ext/sunjce_provider.jar
file:/root/.sdkman/candidates/java/8.0.333.fx-librca/jre/lib/ext/nashorn.jar
[MASTER] 10:07:14.385 [logback-1] WARN  JUnitAnalyzer - Found unstable test named initializationError -> class java.lang.RuntimeException: Cannot find either the compilation target folder nor the EvoSuite jar in classpath: /tmp/EvoSuite_pathingJar5373839599729426077.jar
Going to execute: handleTestsThatAreUnstable
* Compiling Tests
** Write a test suite: 0 called: 0 to improve: false
** Write a test suite: 1 called: 1 to improve: false
** Write a test suite: 2 called: 2 to improve: false
** Write a test suite: 3 called: 3 to improve: false
** Write a test suite: 4 called: 4 to improve: false
** Write a test suite: 5 called: 5 to improve: false
** Write a test suite: 6 called: 6 to improve: false
** Write a test suite: 7 called: 7 to improve: false
** Write a test suite: 8 called: 8 to improve: false
[MASTER] 10:07:16.435 [logback-1] WARN  AgentLoader - Failed to find EvoSuite jar in current classloader. URLs of classloader:
file:/root/.sdkman/candidates/java/8.0.333.fx-librca/jre/../lib/tools.jar
file:/root/.sdkman/candidates/java/8.0.333.fx-librca/jre/lib/ext/cldrdata.jar
file:/root/.sdkman/candidates/java/8.0.333.fx-librca/jre/lib/ext/sunec.jar
file:/root/.sdkman/candidates/java/8.0.333.fx-librca/jre/lib/ext/localedata.jar
file:/root/.sdkman/candidates/java/8.0.333.fx-librca/jre/lib/ext/jaccess.jar
file:/tmp/EvoSuite_pathingJar5373839599729426077.jar
file:/root/.sdkman/candidates/java/8.0.333.fx-librca/jre/lib/ext/dnsns.jar
file:/root/.sdkman/candidates/java/8.0.333.fx-librca/jre/lib/ext/sunpkcs11.jar
file:/root/.sdkman/candidates/java/8.0.333.fx-librca/jre/lib/ext/zipfs.jar
file:/root/.sdkman/candidates/java/8.0.333.fx-librca/jre/lib/ext/jfxrt.jar
file:/root/.sdkman/candidates/java/8.0.333.fx-librca/jre/lib/ext/sunjce_provider.jar
file:/root/.sdkman/candidates/java/8.0.333.fx-librca/jre/lib/ext/nashorn.jar
[MASTER] 10:07:16.436 [logback-1] WARN  JUnitAnalyzer - Found unstable test named initializationError -> class java.lang.RuntimeException: Cannot find either the compilation target folder nor the EvoSuite jar in classpath: /tmp/EvoSuite_pathingJar5373839599729426077.jar
* Writing tests to file
[MASTER] 10:07:16.439 [logback-1] WARN  TimeController - Already entered in phase: JUNIT_CHECK. This will mess up the timing calculations.
* Writing JUnit test case 'FSPathExplorer_ESTest' to evosuite-tests
** Write a test suite: 0 called: 0 to improve: false
** Write a test suite: 1 called: 1 to improve: false
** Write a test suite: 3 called: 2 to improve: false
** Write a test suite: 7 called: 3 to improve: false
* Writing JUnit test case 'FSPathExplorer_Original_ESTest' to evosuite-tests
** Write a test suite: 0 called: 0 to improve: false
** Write a test suite: 1 called: 1 to improve: false
** Write a test suite: 2 called: 2 to improve: false
** Write a test suite: 3 called: 3 to improve: false
** Write a test suite: 4 called: 4 to improve: false
** Write a test suite: 5 called: 5 to improve: false
** Write a test suite: 6 called: 6 to improve: false
** Write a test suite: 7 called: 7 to improve: false
** Write a test suite: 8 called: 8 to improve: false
* Done!

* Computation finished
