* EvoSuite 1.0.0-SNAPSHOT
* Going to generate test cases for class: net.sf.sugar.fspath.cli.FSPathExplorer
* Starting Client-0
* Properties loaded from /home/roham/Results-Utestgen/dataset/SF110-new-res/60_sugar/evosuite-files/evosuite.properties
* Connecting to master process on port 2352
* Analyzing classpath: 
* Inheritance tree loaded from evosuite-files/inheritance.xml.gz
[MASTER] 12:53:15.649 [logback-1] WARN  InheritanceTree - Class not in inheritance graph: java.time.temporal.Temporal
[MASTER] 12:53:15.651 [logback-1] WARN  InheritanceTree - Class not in inheritance graph: java.time.ZoneId
[MASTER] 12:53:15.653 [logback-1] WARN  InheritanceTree - Class not in inheritance graph: java.time.temporal.TemporalAccessor
[MASTER] 12:53:15.654 [logback-1] WARN  InheritanceTree - Class not in inheritance graph: java.time.temporal.TemporalField
[MASTER] 12:53:15.657 [logback-1] WARN  InheritanceTree - Class not in inheritance graph: java.time.temporal.TemporalUnit
[MASTER] 12:53:15.658 [logback-1] WARN  InheritanceTree - Class not in inheritance graph: java.time.temporal.TemporalAmount
[MASTER] 12:53:15.659 [logback-1] WARN  InheritanceTree - Class not in inheritance graph: java.time.Clock
[MASTER] 12:53:15.663 [logback-1] WARN  InheritanceTree - Class not in inheritance graph: java.time.temporal.TemporalQuery
[MASTER] 12:53:15.665 [logback-1] WARN  InheritanceTree - Class not in inheritance graph: java.time.temporal.TemporalAdjuster
[MASTER] 12:53:15.703 [logback-1] WARN  InheritanceTree - Class not in inheritance graph: java.util.function.BiFunction
[MASTER] 12:53:15.704 [logback-1] WARN  InheritanceTree - Class not in inheritance graph: java.util.function.Function
[MASTER] 12:53:15.705 [logback-1] WARN  InheritanceTree - Class not in inheritance graph: java.util.function.BiConsumer
[MASTER] 12:53:15.716 [logback-1] WARN  InheritanceTree - Class not in inheritance graph: java.util.function.Consumer
[MASTER] 12:53:15.720 [logback-1] WARN  InheritanceTree - Class not in inheritance graph: java.util.function.Predicate
[MASTER] 12:53:15.721 [logback-1] WARN  InheritanceTree - Class not in inheritance graph: java.util.function.UnaryOperator
* Finished analyzing classpath
* Generating tests for class net.sf.sugar.fspath.cli.FSPathExplorer
* Test criteria:
  - Branch Coverage
  - Line Coverage
  - Method-Output Coverage
  - Top-Level Method Coverage
  - Context Branch Coverage
* Total number of test goals for DYNAMOSA: 184
* Using seed 1710247993535
* Starting evolution
[Progress:>                             0%] [Cov:>                                  0%]* Initial Number of Goals in DynaMOSA = 51 / 184
[Progress:>                             0%] [Cov:=======================>           67%][Progress:>                             0%] [Cov:========================>          70%][Progress:>                             0%] [Cov:========================>          70%][Progress:>                             0%] [Cov:========================>          71%][Progress:>                             1%] [Cov:========================>          71%][Progress:>                             1%] [Cov:========================>          71%][Progress:>                             1%] [Cov:========================>          71%][Progress:>                             1%] [Cov:========================>          71%][Progress:>                             1%] [Cov:========================>          71%][Progress:>                             1%] [Cov:========================>          71%][Progress:>                             1%] [Cov:==========================>        75%][Progress:>                             2%] [Cov:============================>      80%][Progress:>                             3%] [Cov:============================>      80%][Progress:=>                            5%] [Cov:============================>      80%][Progress:==>                           8%] [Cov:============================>      80%][Progress:===>                          13%] [Cov:============================>      80%][Progress:====>                         16%] [Cov:============================>      80%][Progress:======>                       20%] [Cov:============================>      80%][Progress:======>                       23%] [Cov:============================>      80%][Progress:========>                     28%] [Cov:============================>      80%][Progress:=========>                    32%] [Cov:============================>      80%][Progress:==========>                   35%] [Cov:============================>      80%][Progress:===========>                  38%] [Cov:============================>      80%][Progress:============>                 42%] [Cov:============================>      80%][Progress:=============>                46%] [Cov:============================>      80%][Progress:===============>              52%] [Cov:============================>      80%][Progress:=================>            58%] [Cov:============================>      80%][Progress:===================>          66%] [Cov:============================>      80%][Progress:=====================>        72%] [Cov:============================>      80%][Progress:=======================>      77%] [Cov:============================>      80%][Progress:=========================>    84%] [Cov:============================>      80%][Progress:==========================>   88%] [Cov:============================>      80%][Progress:===========================>  92%] [Cov:============================>      80%][Progress:============================> 96%] [Cov:============================>      80%][Progress:=============================>99%] [Cov:============================>      80%][Progress:==============================100%] [Cov:============================>      80%]
* Search finished after 202s and 35 generations, 15296 statements, best individual has fitness: 55.0
* Generated before the refinement 7 tests with total length 33
statement is: showHelp()V type is: class org.evosuite.testcase.statements.MethodStatement return type void
statement code is: FSPathExplorer.showHelp()
test data is: FSPathExplorer.showHelp();

** It was a parseable test case! 
Improved test data is: class DummyClass {
    public static void main() {
        FSPathExplorer.showHelp(new File("C:\\Users\\User\\Documents"), operation);
    }
}
statement is: FSPathExplorer.showHelp(new File("C:\\Users\\User\\Documents"), operation), class spoon.support.reflect.code.CtInvocationImpl
invocation is: FSPathExplorer.showHelp(new File("C:\\Users\\User\\Documents"), operation) target is: FSPathExplorer method is: showHelp(File)
statement is: org.evosuite.testcase.statements.ArrayStatement@329c4c80 type is: class org.evosuite.testcase.statements.ArrayStatement return type class [Ljava.lang.String;
statement code is: String[] stringArray = new String[5]
statement is: org.evosuite.testcase.statements.AssignmentStatement@4e8dc162 type is: class org.evosuite.testcase.statements.AssignmentStatement return type class java.lang.String
statement code is: stringArray[0] = "-path"
statement is: main([Ljava/lang/String;)V type is: class org.evosuite.testcase.statements.MethodStatement return type void
statement code is: FSPathExplorer.main(arg0)
test data is: String[] stringArray = new String[5];
stringArray[0] = "-path";
FSPathExplorer.main(stringArray);

** It was a parseable test case! 
Improved test data is: class DummyClass {
    public static void main() {
        String[] stringArray = new String[5];
        stringArray[0] = "/home/user/Documents";// path to a directory with files

        stringArray[1] = "/home/user/Downloads";// path to a directory with multiple subdirectories

        stringArray[2] = "/home/user/Pictures";// path to a directory with images

        stringArray[3] = "/home/user/Videos";// path to a directory with videos

        stringArray[4] = "--recursive";// flag for recursive traversal

        FSPathExplorer.main(stringArray);
    }
}
statement is: String[] stringArray = new String[5], class spoon.support.reflect.code.CtLocalVariableImpl
class spoon.support.reflect.code.CtNewArrayImpl
Dimension: [5] Ct is: String[] stringArray = new String[5] isAssignment: false Array: new String[5] Elements: []
lengths: [5] [5]
Their type are: class [Ljava.lang.String; String[]
statement is: stringArray[0] = "/home/user/Documents"// path to a directory with files
, class spoon.support.reflect.code.CtAssignmentImpl
Assigned : stringArray[0] Assigned Type class spoon.support.reflect.code.CtArrayWriteImpl String Assignment:"/home/user/Documents" Ct is: stringArray[0] = "/home/user/Documents"// path to a directory with files

target : stringArray class spoon.support.reflect.code.CtLiteralImpl
statement is: stringArray[1] = "/home/user/Downloads"// path to a directory with multiple subdirectories
, class spoon.support.reflect.code.CtAssignmentImpl
Assigned : stringArray[1] Assigned Type class spoon.support.reflect.code.CtArrayWriteImpl String Assignment:"/home/user/Downloads" Ct is: stringArray[1] = "/home/user/Downloads"// path to a directory with multiple subdirectories

target : stringArray class spoon.support.reflect.code.CtLiteralImpl
statement is: stringArray[2] = "/home/user/Pictures"// path to a directory with images
, class spoon.support.reflect.code.CtAssignmentImpl
Assigned : stringArray[2] Assigned Type class spoon.support.reflect.code.CtArrayWriteImpl String Assignment:"/home/user/Pictures" Ct is: stringArray[2] = "/home/user/Pictures"// path to a directory with images

target : stringArray class spoon.support.reflect.code.CtLiteralImpl
statement is: stringArray[3] = "/home/user/Videos"// path to a directory with videos
, class spoon.support.reflect.code.CtAssignmentImpl
Assigned : stringArray[3] Assigned Type class spoon.support.reflect.code.CtArrayWriteImpl String Assignment:"/home/user/Videos" Ct is: stringArray[3] = "/home/user/Videos"// path to a directory with videos

target : stringArray class spoon.support.reflect.code.CtLiteralImpl
statement is: stringArray[4] = "--recursive"// flag for recursive traversal
, class spoon.support.reflect.code.CtAssignmentImpl
Assigned : stringArray[4] Assigned Type class spoon.support.reflect.code.CtArrayWriteImpl String Assignment:"--recursive" Ct is: stringArray[4] = "--recursive"// flag for recursive traversal

target : stringArray class spoon.support.reflect.code.CtLiteralImpl
statement is: FSPathExplorer.main(stringArray), class spoon.support.reflect.code.CtInvocationImpl
invocation is: FSPathExplorer.main(stringArray) target is: FSPathExplorer method is: main(java.lang.String[])
Matched Method is: main([Ljava/lang/String;)V
TestCase is: String[] stringArray = new String[5];
String string = "/home/user/Documents";
stringArray[0] = string;
String string = "/home/user/Downloads";
stringArray[0] = string;
String string = "/home/user/Pictures";
stringArray[0] = string;
String string = "/home/user/Videos";
stringArray[0] = string;
String string = "--recursive";
stringArray[0] = string;
FSPathExplorer.main(stringArray);

statement is: org.evosuite.testcase.statements.ArrayStatement@31d039b6 type is: class org.evosuite.testcase.statements.ArrayStatement return type class [Ljava.lang.String;
statement code is: String[] stringArray = new String[6]
statement is: org.evosuite.testcase.statements.AssignmentStatement@fd6e8f62 type is: class org.evosuite.testcase.statements.AssignmentStatement return type class java.lang.String
statement code is: stringArray[0] = "-find"
statement is: main([Ljava/lang/String;)V type is: class org.evosuite.testcase.statements.MethodStatement return type void
statement code is: FSPathExplorer.main(arg0)
test data is: String[] stringArray = new String[6];
stringArray[0] = "-find";
FSPathExplorer.main(stringArray);

** It was a parseable test case! 
Improved test data is: class DummyClass {
    public static void main() {
        String[] stringArray = new String[6];
        stringArray[0] = "-find";
        stringArray[1] = "C:\\Users\\username\\Documents\\test.txt";
        FSPathExplorer.main(stringArray);
    }
}
statement is: String[] stringArray = new String[6], class spoon.support.reflect.code.CtLocalVariableImpl
class spoon.support.reflect.code.CtNewArrayImpl
Dimension: [6] Ct is: String[] stringArray = new String[6] isAssignment: false Array: new String[6] Elements: []
lengths: [6] [6]
Their type are: class [Ljava.lang.String; String[]
statement is: stringArray[0] = "-find", class spoon.support.reflect.code.CtAssignmentImpl
Assigned : stringArray[0] Assigned Type class spoon.support.reflect.code.CtArrayWriteImpl String Assignment:"-find" Ct is: stringArray[0] = "-find"
target : stringArray class spoon.support.reflect.code.CtLiteralImpl
statement is: stringArray[1] = "C:\\Users\\username\\Documents\\test.txt", class spoon.support.reflect.code.CtAssignmentImpl
Assigned : stringArray[1] Assigned Type class spoon.support.reflect.code.CtArrayWriteImpl String Assignment:"C:\\Users\\username\\Documents\\test.txt" Ct is: stringArray[1] = "C:\\Users\\username\\Documents\\test.txt"
target : stringArray class spoon.support.reflect.code.CtLiteralImpl
statement is: FSPathExplorer.main(stringArray), class spoon.support.reflect.code.CtInvocationImpl
invocation is: FSPathExplorer.main(stringArray) target is: FSPathExplorer method is: main(java.lang.String[])
Matched Method is: main([Ljava/lang/String;)V
TestCase is: String[] stringArray = new String[6];
String string = "-find";
stringArray[0] = string;
String string = "C:\\Users\\username\\Documents\\test.txt";
stringArray[0] = string;
FSPathExplorer.main(stringArray);

statement is: net.sf.sugar.fspath.cli.FSPathExplorer()V type is: class org.evosuite.testcase.statements.ConstructorStatement return type class net.sf.sugar.fspath.cli.FSPathExplorer
statement code is: FSPathExplorer fSPathExplorer = new FSPathExplorer()
statement is: org.evosuite.testcase.statements.ArrayStatement@2d1b7c37 type is: class org.evosuite.testcase.statements.ArrayStatement return type class [Ljava.lang.String;
statement code is: String[] stringArray = new String[8]
statement is: org.evosuite.testcase.statements.AssignmentStatement@5cb8dad8 type is: class org.evosuite.testcase.statements.AssignmentStatement return type class java.lang.String
statement code is: stringArray[0] = "isDirectory"
statement is: org.evosuite.testcase.statements.AssignmentStatement@7d6a32e1 type is: class org.evosuite.testcase.statements.AssignmentStatement return type class java.lang.String
statement code is: stringArray[1] = "b)(1$JJx>6h"
statement is: org.evosuite.testcase.statements.AssignmentStatement@82f213cc type is: class org.evosuite.testcase.statements.AssignmentStatement return type class java.lang.String
statement code is: stringArray[2] = ","
statement is: org.evosuite.testcase.statements.AssignmentStatement@9c35916a type is: class org.evosuite.testcase.statements.AssignmentStatement return type class java.lang.String
statement code is: stringArray[3] = "-p"
statement is: org.evosuite.testcase.statements.AssignmentStatement@8218fe9c type is: class org.evosuite.testcase.statements.AssignmentStatement return type class java.lang.String
statement code is: stringArray[4] = "find"
statement is: org.evosuite.testcase.statements.AssignmentStatement@2772d3bc type is: class org.evosuite.testcase.statements.AssignmentStatement return type class java.lang.String
statement code is: stringArray[5] = "9\"dC!&8QuL'4#;$6?!O"
statement is: org.evosuite.testcase.statements.AssignmentStatement@9da9c899 type is: class org.evosuite.testcase.statements.AssignmentStatement return type class java.lang.String
statement code is: stringArray[6] = "D8f)k8\"`zNwULT^P9"
statement is: org.evosuite.testcase.statements.AssignmentStatement@522aa612 type is: class org.evosuite.testcase.statements.AssignmentStatement return type class java.lang.String
statement code is: stringArray[7] = "pYc'~86ew.B"
statement is: configureExplorer([Ljava/lang/String;)V type is: class org.evosuite.testcase.statements.MethodStatement return type void
statement code is: fSPathExplorer.configureExplorer(arg0)
statement is: createFSPath()V type is: class org.evosuite.testcase.statements.MethodStatement return type void
statement code is: fSPathExplorer.createFSPath()
test data is: FSPathExplorer fSPathExplorer = new FSPathExplorer();
String[] stringArray = new String[8];
stringArray[0] = "isDirectory";
stringArray[1] = "b)(1$JJx>6h";
stringArray[2] = ",";
stringArray[3] = "-p";
stringArray[4] = "find";
stringArray[5] = "9\"dC!&8QuL'4#;$6?!O";
stringArray[6] = "D8f)k8\"`zNwULT^P9";
stringArray[7] = "pYc'~86ew.B";
fSPathExplorer.configureExplorer(stringArray);
fSPathExplorer.createFSPath();

** It was a parseable test case! 
Improved test data is: class DummyClass {
    public static void main() {
        FSPathExplorer fSPathExplorer = new FSPathExplorer();
        String[] stringArray = new String[8];
        stringArray[0] = "isDirectory";// This value indicates whether the file being explored is a directory or not.

        stringArray[1] = "example_directory";// This value represents the name of the directory being explored.

        stringArray[2] = ",";// This value separates the different fields in the string array.

        stringArray[3] = "-p";// This value indicates whether the file being explored is a path or not.

        stringArray[4] = "example_path";// This value represents the name of the path being explored.

        stringArray[5] = "example_file";// This value represents the name of the file being explored.

        stringArray[6] = "D8f)k8\"`zNwULT^P9";// This value represents the date and time when the file was created.

        stringArray[7] = "pYc'~86ew.B";// This value represents the size of the file in bytes.

        fSPathExplorer.configureExplorer(stringArray);
        fSPathExplorer.createFSPath();
    }
}
statement is: FSPathExplorer fSPathExplorer = new FSPathExplorer(), class spoon.support.reflect.code.CtLocalVariableImpl
class spoon.support.reflect.code.CtConstructorCallImpl
statement is: String[] stringArray = new String[8], class spoon.support.reflect.code.CtLocalVariableImpl
class spoon.support.reflect.code.CtNewArrayImpl
Dimension: [8] Ct is: String[] stringArray = new String[8] isAssignment: false Array: new String[8] Elements: []
lengths: [8] [8]
Their type are: class [Ljava.lang.String; String[]
statement is: stringArray[0] = "isDirectory"// This value indicates whether the file being explored is a directory or not.
, class spoon.support.reflect.code.CtAssignmentImpl
Assigned : stringArray[0] Assigned Type class spoon.support.reflect.code.CtArrayWriteImpl String Assignment:"isDirectory" Ct is: stringArray[0] = "isDirectory"// This value indicates whether the file being explored is a directory or not.

target : stringArray class spoon.support.reflect.code.CtLiteralImpl
statement is: stringArray[1] = "example_directory"// This value represents the name of the directory being explored.
, class spoon.support.reflect.code.CtAssignmentImpl
Assigned : stringArray[1] Assigned Type class spoon.support.reflect.code.CtArrayWriteImpl String Assignment:"example_directory" Ct is: stringArray[1] = "example_directory"// This value represents the name of the directory being explored.

target : stringArray class spoon.support.reflect.code.CtLiteralImpl
statement is: stringArray[2] = ","// This value separates the different fields in the string array.
, class spoon.support.reflect.code.CtAssignmentImpl
Assigned : stringArray[2] Assigned Type class spoon.support.reflect.code.CtArrayWriteImpl String Assignment:"," Ct is: stringArray[2] = ","// This value separates the different fields in the string array.

target : stringArray class spoon.support.reflect.code.CtLiteralImpl
statement is: stringArray[3] = "-p"// This value indicates whether the file being explored is a path or not.
, class spoon.support.reflect.code.CtAssignmentImpl
Assigned : stringArray[3] Assigned Type class spoon.support.reflect.code.CtArrayWriteImpl String Assignment:"-p" Ct is: stringArray[3] = "-p"// This value indicates whether the file being explored is a path or not.

target : stringArray class spoon.support.reflect.code.CtLiteralImpl
statement is: stringArray[4] = "example_path"// This value represents the name of the path being explored.
, class spoon.support.reflect.code.CtAssignmentImpl
Assigned : stringArray[4] Assigned Type class spoon.support.reflect.code.CtArrayWriteImpl String Assignment:"example_path" Ct is: stringArray[4] = "example_path"// This value represents the name of the path being explored.

target : stringArray class spoon.support.reflect.code.CtLiteralImpl
statement is: stringArray[5] = "example_file"// This value represents the name of the file being explored.
, class spoon.support.reflect.code.CtAssignmentImpl
Assigned : stringArray[5] Assigned Type class spoon.support.reflect.code.CtArrayWriteImpl String Assignment:"example_file" Ct is: stringArray[5] = "example_file"// This value represents the name of the file being explored.

target : stringArray class spoon.support.reflect.code.CtLiteralImpl
statement is: stringArray[6] = "D8f)k8\"`zNwULT^P9"// This value represents the date and time when the file was created.
, class spoon.support.reflect.code.CtAssignmentImpl
Assigned : stringArray[6] Assigned Type class spoon.support.reflect.code.CtArrayWriteImpl String Assignment:"D8f)k8\"`zNwULT^P9" Ct is: stringArray[6] = "D8f)k8\"`zNwULT^P9"// This value represents the date and time when the file was created.

target : stringArray class spoon.support.reflect.code.CtLiteralImpl
statement is: stringArray[7] = "pYc'~86ew.B"// This value represents the size of the file in bytes.
, class spoon.support.reflect.code.CtAssignmentImpl
Assigned : stringArray[7] Assigned Type class spoon.support.reflect.code.CtArrayWriteImpl String Assignment:"pYc'~86ew.B" Ct is: stringArray[7] = "pYc'~86ew.B"// This value represents the size of the file in bytes.

target : stringArray class spoon.support.reflect.code.CtLiteralImpl
statement is: fSPathExplorer.configureExplorer(stringArray), class spoon.support.reflect.code.CtInvocationImpl
invocation is: fSPathExplorer.configureExplorer(stringArray) target is: fSPathExplorer method is: configureExplorer(java.lang.String[])
source statement: net.sf.sugar.fspath.cli.FSPathExplorer()V callee: VariableReference: Statement 0, type net.sf.sugar.fspath.cli.FSPathExplorerindex is: 0
Matched Method is: configureExplorer([Ljava/lang/String;)V
statement is: fSPathExplorer.createFSPath(), class spoon.support.reflect.code.CtInvocationImpl
invocation is: fSPathExplorer.createFSPath() target is: fSPathExplorer method is: createFSPath()
source statement: net.sf.sugar.fspath.cli.FSPathExplorer()V callee: VariableReference: Statement 0, type net.sf.sugar.fspath.cli.FSPathExplorerindex is: 0
Matched Method is: createFSPath()V
TestCase is: FSPathExplorer fSPathExplorer = new FSPathExplorer();
String[] stringArray = new String[8];
String string = "isDirectory";
stringArray[0] = string;
String string = "example_directory";
stringArray[1] = string;
String string = ",";
stringArray[2] = string;
String string = "-p";
stringArray[3] = string;
String string = "example_path";
stringArray[4] = string;
String string = "example_file";
stringArray[5] = string;
String string = "D8f)k8\"`zNwULT^P9";
stringArray[6] = string;
String string = "pYc'~86ew.B";
stringArray[7] = string;
fSPathExplorer.configureExplorer(stringArray);
fSPathExplorer.createFSPath();

statement is: addInputLine(Ljava/lang/String;)V type is: class org.evosuite.testcase.statements.MethodStatement return type void
statement code is: SystemInUtil.addInputLine("%-")
statement is: org.evosuite.testcase.statements.ArrayStatement@67e4341d type is: class org.evosuite.testcase.statements.ArrayStatement return type class [Ljava.lang.String;
statement code is: String[] stringArray = new String[8]
statement is: org.evosuite.testcase.statements.AssignmentStatement@6926d1c1 type is: class org.evosuite.testcase.statements.AssignmentStatement return type class java.lang.String
statement code is: stringArray[0] = "%-"
statement is: org.evosuite.testcase.statements.AssignmentStatement@d5ec9148 type is: class org.evosuite.testcase.statements.AssignmentStatement return type class java.lang.String
statement code is: stringArray[1] = "%-"
statement is: org.evosuite.testcase.statements.AssignmentStatement@a0d62f15 type is: class org.evosuite.testcase.statements.AssignmentStatement return type class java.lang.String
statement code is: stringArray[2] = "%-"
statement is: org.evosuite.testcase.statements.AssignmentStatement@4000c270 type is: class org.evosuite.testcase.statements.AssignmentStatement return type class java.lang.String
statement code is: stringArray[3] = "%-"
statement is: org.evosuite.testcase.statements.AssignmentStatement@414e746b type is: class org.evosuite.testcase.statements.AssignmentStatement return type class java.lang.String
statement code is: stringArray[4] = "%-"
statement is: org.evosuite.testcase.statements.AssignmentStatement@2947e75a type is: class org.evosuite.testcase.statements.AssignmentStatement return type class java.lang.String
statement code is: stringArray[5] = "-f"
statement is: org.evosuite.testcase.statements.AssignmentStatement@d07eb3e5 type is: class org.evosuite.testcase.statements.AssignmentStatement return type class java.lang.String
statement code is: stringArray[6] = "-gfrMDy~ug!7b"
statement is: org.evosuite.testcase.statements.AssignmentStatement@4db1705b type is: class org.evosuite.testcase.statements.AssignmentStatement return type class java.lang.String
statement code is: stringArray[7] = "%-"
statement is: main([Ljava/lang/String;)V type is: class org.evosuite.testcase.statements.MethodStatement return type void
statement code is: FSPathExplorer.main(arg0)
test data is: SystemInUtil.addInputLine("%-");
String[] stringArray = new String[8];
stringArray[0] = "%-";
stringArray[1] = "%-";
stringArray[2] = "%-";
stringArray[3] = "%-";
stringArray[4] = "%-";
stringArray[5] = "-f";
stringArray[6] = "-gfrMDy~ug!7b";
stringArray[7] = "%-";
FSPathExplorer.main(stringArray);

** It was a parseable test case! 
Improved test data is: class DummyClass {
    public static void main() {
        String[] stringArray = new String[8];
        stringArray[0] = "--help";
        stringArray[1] = "-f";
        stringArray[2] = "/path/to/file.txt";
        stringArray[3] = "-g";
        stringArray[4] = "-o";
        stringArray[5] = "/path/to/output/dir";
        stringArray[6] = "--max-depth=10";
        stringArray[7] = "%-";
        FSPathExplorer.main(stringArray);
    }
}
statement is: String[] stringArray = new String[8], class spoon.support.reflect.code.CtLocalVariableImpl
class spoon.support.reflect.code.CtNewArrayImpl
Dimension: [8] Ct is: String[] stringArray = new String[8] isAssignment: false Array: new String[8] Elements: []
lengths: [8] [8]
Their type are: class [Ljava.lang.String; String[]
statement is: stringArray[0] = "--help", class spoon.support.reflect.code.CtAssignmentImpl
Assigned : stringArray[0] Assigned Type class spoon.support.reflect.code.CtArrayWriteImpl String Assignment:"--help" Ct is: stringArray[0] = "--help"
target : stringArray class spoon.support.reflect.code.CtLiteralImpl
TestCase Could not be added: org.evosuite.testcase.statements.AssignmentStatement@f5e7cdfe
statement is: stringArray[1] = "-f", class spoon.support.reflect.code.CtAssignmentImpl
Assigned : stringArray[1] Assigned Type class spoon.support.reflect.code.CtArrayWriteImpl String Assignment:"-f" Ct is: stringArray[1] = "-f"
target : stringArray class spoon.support.reflect.code.CtLiteralImpl
TestCase Could not be added: org.evosuite.testcase.statements.AssignmentStatement@ebeaea09
statement is: stringArray[2] = "/path/to/file.txt", class spoon.support.reflect.code.CtAssignmentImpl
Assigned : stringArray[2] Assigned Type class spoon.support.reflect.code.CtArrayWriteImpl String Assignment:"/path/to/file.txt" Ct is: stringArray[2] = "/path/to/file.txt"
target : stringArray class spoon.support.reflect.code.CtLiteralImpl
TestCase Could not be added: org.evosuite.testcase.statements.AssignmentStatement@882c391
statement is: stringArray[3] = "-g", class spoon.support.reflect.code.CtAssignmentImpl
Assigned : stringArray[3] Assigned Type class spoon.support.reflect.code.CtArrayWriteImpl String Assignment:"-g" Ct is: stringArray[3] = "-g"
target : stringArray class spoon.support.reflect.code.CtLiteralImpl
TestCase Could not be added: org.evosuite.testcase.statements.AssignmentStatement@c417ab51
statement is: stringArray[4] = "-o", class spoon.support.reflect.code.CtAssignmentImpl
Assigned : stringArray[4] Assigned Type class spoon.support.reflect.code.CtArrayWriteImpl String Assignment:"-o" Ct is: stringArray[4] = "-o"
target : stringArray class spoon.support.reflect.code.CtLiteralImpl
TestCase Could not be added: org.evosuite.testcase.statements.AssignmentStatement@d97838bb
statement is: stringArray[5] = "/path/to/output/dir", class spoon.support.reflect.code.CtAssignmentImpl
Assigned : stringArray[5] Assigned Type class spoon.support.reflect.code.CtArrayWriteImpl String Assignment:"/path/to/output/dir" Ct is: stringArray[5] = "/path/to/output/dir"
target : stringArray class spoon.support.reflect.code.CtLiteralImpl
TestCase Could not be added: org.evosuite.testcase.statements.AssignmentStatement@7047bf9e
statement is: stringArray[6] = "--max-depth=10", class spoon.support.reflect.code.CtAssignmentImpl
Assigned : stringArray[6] Assigned Type class spoon.support.reflect.code.CtArrayWriteImpl String Assignment:"--max-depth=10" Ct is: stringArray[6] = "--max-depth=10"
target : stringArray class spoon.support.reflect.code.CtLiteralImpl
TestCase Could not be added: org.evosuite.testcase.statements.AssignmentStatement@c4cc80b5
statement is: stringArray[7] = "%-", class spoon.support.reflect.code.CtAssignmentImpl
Assigned : stringArray[7] Assigned Type class spoon.support.reflect.code.CtArrayWriteImpl String Assignment:"%-" Ct is: stringArray[7] = "%-"
target : stringArray class spoon.support.reflect.code.CtLiteralImpl
TestCase Could not be added: org.evosuite.testcase.statements.AssignmentStatement@7df3fdd0
statement is: FSPathExplorer.main(stringArray), class spoon.support.reflect.code.CtInvocationImpl
invocation is: FSPathExplorer.main(stringArray) target is: FSPathExplorer method is: main(java.lang.String[])
Matched Method is: main([Ljava/lang/String;)V
* this is vulnerable: String string = "--help"
* this is vulnerable: String string = "-f"
* this is vulnerable: String string = "/path/to/file.txt"
* this is vulnerable: String string = "-g"
* this is vulnerable: String string = "-o"
* this is vulnerable: String string = "/path/to/output/dir"
* this is vulnerable: String string = "--max-depth=10"
* this is vulnerable: String string = "%-"
TestCase is: String[] stringArray = new String[8];
String string = "--help";
String string = "-f";
String string = "/path/to/file.txt";
String string = "-g";
String string = "-o";
String string = "/path/to/output/dir";
String string = "--max-depth=10";
String string = "%-";
FSPathExplorer.main(stringArray);

statement is: showWelcome()V type is: class org.evosuite.testcase.statements.MethodStatement return type void
statement code is: FSPathExplorer.showWelcome()
test data is: FSPathExplorer.showWelcome();

** It was a parseable test case! 
Improved test data is: class DummyClass {
    public static void main() {
        FSPathExplorer.showWelcome(new FSPath("C:\\Users\\Public\\Documents"));
    }
}
statement is: FSPathExplorer.showWelcome(new FSPath("C:\\Users\\Public\\Documents")), class spoon.support.reflect.code.CtInvocationImpl
invocation is: FSPathExplorer.showWelcome(new FSPath("C:\\Users\\Public\\Documents")) target is: FSPathExplorer method is: showWelcome(FSPath)
statement is: net.sf.sugar.fspath.cli.FSPathExplorer()V type is: class org.evosuite.testcase.statements.ConstructorStatement return type class net.sf.sugar.fspath.cli.FSPathExplorer
statement code is: FSPathExplorer fSPathExplorer = new FSPathExplorer()
statement is: start()V type is: class org.evosuite.testcase.statements.MethodStatement return type void
statement code is: fSPathExplorer.start()
test data is: FSPathExplorer fSPathExplorer = new FSPathExplorer();
fSPathExplorer.start();

** It was a parseable test case! 
Improved test data is: class DummyClass {
    public static void main() {
        FSPathExplorer fSPathExplorer = new FSPathExplorer();
        fSPathExplorer.start();
        // Improved test data
        int fileCount = 10;
        String[] fileNames = new String[]{ "file1", "file2", "file3", "file4", "file5", "file6", "file7", "file8", "file9", "file10" };
        String[] folderNames = new String[]{ "folder1", "folder2", "folder3", "folder4", "folder5", "folder6", "folder7", "folder8", "folder9", "folder10" };
        int[] fileSizes = new int[]{ 100, 200, 300, 400, 500, 600, 700, 800, 900, 1000 };
        String[] fileContents = new String[]{ "This is the content of file1", "This is the content of file2", "This is the content of file3", "This is the content of file4", "This is the content of file5", "This is the content of file6", "This is the content of file7", "This is the content of file8", "This is the content of file9", "This is the content of file10" };
    }
}
statement is: FSPathExplorer fSPathExplorer = new FSPathExplorer(), class spoon.support.reflect.code.CtLocalVariableImpl
class spoon.support.reflect.code.CtConstructorCallImpl
statement is: fSPathExplorer.start(), class spoon.support.reflect.code.CtInvocationImpl
invocation is: fSPathExplorer.start() target is: fSPathExplorer method is: start()
source statement: net.sf.sugar.fspath.cli.FSPathExplorer()V callee: VariableReference: Statement 0, type net.sf.sugar.fspath.cli.FSPathExplorerindex is: 0
Matched Method is: start()V
statement is: // Improved test data
int fileCount = 10, class spoon.support.reflect.code.CtLocalVariableImpl
class spoon.support.reflect.code.CtLiteralImpl
statement is: String[] fileNames = new String[]{ "file1", "file2", "file3", "file4", "file5", "file6", "file7", "file8", "file9", "file10" }, class spoon.support.reflect.code.CtLocalVariableImpl
class spoon.support.reflect.code.CtNewArrayImpl
statement is: String[] folderNames = new String[]{ "folder1", "folder2", "folder3", "folder4", "folder5", "folder6", "folder7", "folder8", "folder9", "folder10" }, class spoon.support.reflect.code.CtLocalVariableImpl
class spoon.support.reflect.code.CtNewArrayImpl
statement is: int[] fileSizes = new int[]{ 100, 200, 300, 400, 500, 600, 700, 800, 900, 1000 }, class spoon.support.reflect.code.CtLocalVariableImpl
class spoon.support.reflect.code.CtNewArrayImpl
statement is: String[] fileContents = new String[]{ "This is the content of file1", "This is the content of file2", "This is the content of file3", "This is the content of file4", "This is the content of file5", "This is the content of file6", "This is the content of file7", "This is the content of file8", "This is the content of file9", "This is the content of file10" }, class spoon.support.reflect.code.CtLocalVariableImpl
class spoon.support.reflect.code.CtNewArrayImpl
* this is vulnerable: int _int = 10
TestCase is: FSPathExplorer fSPathExplorer = new FSPathExplorer();
fSPathExplorer.start();
int _int = 10;

* test suite isTestSuite: 12
Test 0: 
FSPathExplorer.showHelp();
Test 1: 
String[] stringArray = new String[5];
stringArray[0] = "-path";
// Undeclared exception!
try { 
  FSPathExplorer.main(stringArray);
  fail("Expecting exception: NullPointerException");

} catch(NullPointerException e) {
}

Test 2: 
String[] stringArray = new String[6];
stringArray[0] = "-find";
// Undeclared exception!
try { 
  FSPathExplorer.main(stringArray);
  fail("Expecting exception: NullPointerException");

} catch(NullPointerException e) {
}

Test 3: 
FSPathExplorer fSPathExplorer = new FSPathExplorer();
String[] stringArray = new String[8];
stringArray[0] = "isDirectory";
stringArray[1] = "b)(1$JJx>6h";
stringArray[2] = ",";
stringArray[3] = "-p";
stringArray[4] = "find";
stringArray[5] = "9\"dC!&8QuL'4#;$6?!O";
stringArray[6] = "D8f)k8\"`zNwULT^P9";
stringArray[7] = "pYc'~86ew.B";
fSPathExplorer.configureExplorer(stringArray);
// Undeclared exception!
try { 
  fSPathExplorer.createFSPath();
  fail("Expecting exception: InstantiationError");

} catch(InstantiationError e) {
   //
   // the java.io.File specified must be a Directory
   //
   verifyException("net.sf.sugar.fspath.DefaultFSPath", e);
}

Test 4: 
SystemInUtil.addInputLine("%-");
String[] stringArray = new String[8];
stringArray[0] = "%-";
stringArray[1] = "%-";
stringArray[2] = "%-";
stringArray[3] = "%-";
stringArray[4] = "%-";
stringArray[5] = "-f";
stringArray[6] = "-gfrMDy~ug!7b";
stringArray[7] = "%-";
// Undeclared exception!
FSPathExplorer.main(stringArray);
Test 5: 
FSPathExplorer.showWelcome();
Test 6: 
FSPathExplorer fSPathExplorer = new FSPathExplorer();
// Undeclared exception!
try { 
  fSPathExplorer.start();
  fail("Expecting exception: NullPointerException");

} catch(NullPointerException e) {
   //
   // no message in exception (getMessage() returned null)
   //
}

Test 7: 
String[] stringArray = new String[5];
stringArray[0] = "/home/user/Documents";
stringArray[0] = "/home/user/Downloads";
stringArray[0] = "/home/user/Pictures";
stringArray[0] = "/home/user/Videos";
stringArray[0] = "--recursive";
FSPathExplorer.main(stringArray);

Test 8: 
String[] stringArray = new String[6];
stringArray[0] = "-find";
String string = "C:\\Users\\username\\Documents\\test.txt";
stringArray[0] = string;
FSPathExplorer.main(stringArray);

Test 9: 
FSPathExplorer fSPathExplorer = new FSPathExplorer();
String[] stringArray = new String[8];
stringArray[0] = "isDirectory";
stringArray[1] = "example_directory";
stringArray[2] = ",";
stringArray[3] = "-p";
stringArray[4] = "example_path";
stringArray[5] = "example_file";
stringArray[6] = "D8f)k8\"`zNwULT^P9";
stringArray[7] = "pYc'~86ew.B";
fSPathExplorer.configureExplorer(stringArray);
fSPathExplorer.createFSPath();

Test 10: 
String[] stringArray = new String[8];
FSPathExplorer.main(stringArray);

Test 11: 
FSPathExplorer fSPathExplorer = new FSPathExplorer();
fSPathExplorer.start();


* Generated after the refinement and before minimization 12 tests with total length 61
* test suite isTestSuite: 12
Test 0: 
FSPathExplorer.showHelp();
Test 1: 
String[] stringArray = new String[5];
stringArray[0] = "-path";
// Undeclared exception!
try { 
  FSPathExplorer.main(stringArray);
  fail("Expecting exception: NullPointerException");

} catch(NullPointerException e) {
}

Test 2: 
String[] stringArray = new String[6];
stringArray[0] = "-find";
// Undeclared exception!
try { 
  FSPathExplorer.main(stringArray);
  fail("Expecting exception: NullPointerException");

} catch(NullPointerException e) {
}

Test 3: 
FSPathExplorer fSPathExplorer = new FSPathExplorer();
String[] stringArray = new String[8];
stringArray[0] = "isDirectory";
stringArray[1] = "b)(1$JJx>6h";
stringArray[2] = ",";
stringArray[3] = "-p";
stringArray[4] = "find";
stringArray[5] = "9\"dC!&8QuL'4#;$6?!O";
stringArray[6] = "D8f)k8\"`zNwULT^P9";
stringArray[7] = "pYc'~86ew.B";
fSPathExplorer.configureExplorer(stringArray);
// Undeclared exception!
try { 
  fSPathExplorer.createFSPath();
  fail("Expecting exception: InstantiationError");

} catch(InstantiationError e) {
   //
   // the java.io.File specified must be a Directory
   //
   verifyException("net.sf.sugar.fspath.DefaultFSPath", e);
}

Test 4: 
SystemInUtil.addInputLine("%-");
String[] stringArray = new String[8];
stringArray[0] = "%-";
stringArray[1] = "%-";
stringArray[2] = "%-";
stringArray[3] = "%-";
stringArray[4] = "%-";
stringArray[5] = "-f";
stringArray[6] = "-gfrMDy~ug!7b";
stringArray[7] = "%-";
// Undeclared exception!
FSPathExplorer.main(stringArray);
Test 5: 
FSPathExplorer.showWelcome();
Test 6: 
FSPathExplorer fSPathExplorer = new FSPathExplorer();
// Undeclared exception!
try { 
  fSPathExplorer.start();
  fail("Expecting exception: NullPointerException");

} catch(NullPointerException e) {
   //
   // no message in exception (getMessage() returned null)
   //
}

Test 7: 
String[] stringArray = new String[5];
stringArray[0] = "/home/user/Documents";
stringArray[0] = "/home/user/Downloads";
stringArray[0] = "/home/user/Pictures";
stringArray[0] = "/home/user/Videos";
stringArray[0] = "--recursive";
FSPathExplorer.main(stringArray);

Test 8: 
String[] stringArray = new String[6];
stringArray[0] = "-find";
String string = "C:\\Users\\username\\Documents\\test.txt";
stringArray[0] = string;
FSPathExplorer.main(stringArray);

Test 9: 
FSPathExplorer fSPathExplorer = new FSPathExplorer();
String[] stringArray = new String[8];
stringArray[0] = "isDirectory";
stringArray[1] = "example_directory";
stringArray[2] = ",";
stringArray[3] = "-p";
stringArray[4] = "example_path";
stringArray[5] = "example_file";
stringArray[6] = "D8f)k8\"`zNwULT^P9";
stringArray[7] = "pYc'~86ew.B";
fSPathExplorer.configureExplorer(stringArray);
fSPathExplorer.createFSPath();

Test 10: 
String[] stringArray = new String[8];
FSPathExplorer.main(stringArray);

Test 11: 
FSPathExplorer fSPathExplorer = new FSPathExplorer();
fSPathExplorer.start();


* Minimizing test suite
* test suite isTestSuite: 7
Test 0: 
FSPathExplorer fSPathExplorer = new FSPathExplorer();
String[] stringArray = new String[8];
stringArray[0] = "isDirectory";
stringArray[1] = "example_directory";
stringArray[2] = ",";
stringArray[3] = "-p";
stringArray[4] = "example_path";
stringArray[5] = "example_file";
stringArray[6] = "D8f)k8\"`zNwULT^P9";
stringArray[7] = "pYc'~86ew.B";
fSPathExplorer.configureExplorer(stringArray);
// Undeclared exception!
try { 
  fSPathExplorer.createFSPath();
  fail("Expecting exception: InstantiationError");

} catch(InstantiationError e) {
   //
   // the java.io.File specified must be a Directory
   //
   verifyException("net.sf.sugar.fspath.DefaultFSPath", e);
}

Test 1: 
FSPathExplorer.showHelp();
Test 2: 
String[] stringArray = new String[5];
stringArray[0] = "-path";
// Undeclared exception!
try { 
  FSPathExplorer.main(stringArray);
  fail("Expecting exception: NullPointerException");

} catch(NullPointerException e) {
}

Test 3: 
String[] stringArray = new String[6];
stringArray[0] = "-find";
// Undeclared exception!
try { 
  FSPathExplorer.main(stringArray);
  fail("Expecting exception: NullPointerException");

} catch(NullPointerException e) {
}

Test 4: 
SystemInUtil.addInputLine("%-");
String[] stringArray = new String[8];
stringArray[0] = "%-";
stringArray[1] = "%-";
stringArray[2] = "%-";
stringArray[3] = "%-";
stringArray[4] = "%-";
stringArray[5] = "-f";
stringArray[6] = "-gfrMDy~ug!7b";
stringArray[7] = "%-";
// Undeclared exception!
FSPathExplorer.main(stringArray);
Test 5: 
FSPathExplorer.showWelcome();
Test 6: 
FSPathExplorer fSPathExplorer = new FSPathExplorer();
// Undeclared exception!
try { 
  fSPathExplorer.start();
  fail("Expecting exception: NullPointerException");

} catch(NullPointerException e) {
   //
   // no message in exception (getMessage() returned null)
   //
}


* Going to analyze the coverage criteria
* Coverage analysis for criterion BRANCH
* Coverage of criterion BRANCH: 65%
* Total number of goals: 51
* Number of covered goals: 33
* Coverage analysis for criterion LINE
* Coverage of criterion LINE: 75%
* Total number of goals: 75
* Number of covered goals: 56
* Coverage analysis for criterion OUTPUT
* Coverage of criterion OUTPUT: 100% (no goals)
* Coverage analysis for criterion METHOD
* Coverage of criterion METHOD: 100%
* Total number of goals: 7
* Number of covered goals: 7
* Coverage analysis for criterion CBRANCH
* Coverage of criterion CBRANCH: 65%
* Total number of goals: 51
* Number of covered goals: 33
* Generated 7 tests with total length 33
* Resulting test suite's coverage: 81% (average coverage for all fitness functions)
* Generating assertions
* Resulting test suite's mutation score: 11%
* Compiling and checking tests
Going to execute: removeTestsThatDoNotCompile
* Compiling Tests
** Write a test suite: 0 called: 0 to improve: false
* Compiling Tests
** Write a test suite: 0 called: 0 to improve: true
** Improve Understandability: ** Test Code is: FSPathExplorer fSPathExplorer = new FSPathExplorer();
String[] arg0 = new String[8];
arg0[0] = "isDirectory";
arg0[1] = "example_directory";
arg0[2] = ",";
arg0[3] = "-p";
arg0[4] = "example_path";
arg0[5] = "example_file";
arg0[6] = "D8f)k8\"`zNwULT^P9";
arg0[7] = "pYc'~86ew.B";
fSPathExplorer.configureExplorer(arg0);
// Undeclared exception!
try { 
  fSPathExplorer.createFSPath();
  fail("Expecting exception: InstantiationError");

} catch(InstantiationError e) {
   //
   // the java.io.File specified must be a Directory
   //
   verifyException("net.sf.sugar.fspath.DefaultFSPath", e);
}


** It was a parseable test case! 
refined test name is: testCreateFSPathWithFileThrowsInstantiationError
* Compiling Tests
** Write a test suite: 0 called: 0 to improve: false
* Compiling Tests
** Write a test suite: 0 called: 0 to improve: true
** Improve Understandability: ** Test Code is: FSPathExplorer.showHelp();

** It was a parseable test case! 
refined test name is: testShowHelpDisplaysHelpMessage
* Compiling Tests
refined test name is: testShowHelpDisplaysHelpMessage
* Compiling Tests
** Write a test suite: 0 called: 0 to improve: false
* Compiling Tests
** Write a test suite: 0 called: 0 to improve: true
** Improve Understandability: ** Test Code is: String[] arg0 = new String[5];
arg0[0] = "-path";
// Undeclared exception!
try { 
  FSPathExplorer.main(arg0);
  fail("Expecting exception: NullPointerException");

} catch(NullPointerException e) {
}


** It was a parseable test case! 
refined test name is: testUndeclaredExceptionThrown
* Compiling Tests
** Write a test suite: 0 called: 0 to improve: false
* Compiling Tests
** Write a test suite: 0 called: 0 to improve: true
** Improve Understandability: ** Test Code is: String[] arg0 = new String[6];
arg0[0] = "-find";
// Undeclared exception!
try { 
  FSPathExplorer.main(arg0);
  fail("Expecting exception: NullPointerException");

} catch(NullPointerException e) {
}


** It was a parseable test case! 
refined test name is: testFSPathExplorerNullInput
* Compiling Tests
** Write a test suite: 0 called: 0 to improve: false
* Compiling Tests
** Write a test suite: 0 called: 0 to improve: true
** Improve Understandability: ** Test Code is: SystemInUtil.addInputLine("%-");
String[] arg0 = new String[8];
arg0[0] = "%-";
arg0[1] = "%-";
arg0[2] = "%-";
arg0[3] = "%-";
arg0[4] = "%-";
arg0[5] = "-f";
arg0[6] = "-gfrMDy~ug!7b";
arg0[7] = "%-";
// Undeclared exception!
FSPathExplorer.main(arg0);

** It was a parseable test case! 
refined test name is: testFSPathExplorerMainWithIllegalArgumentException
* Compiling Tests
** Write a test suite: 0 called: 0 to improve: false
* Compiling Tests
** Write a test suite: 0 called: 0 to improve: true
** Improve Understandability: ** Test Code is: FSPathExplorer.showWelcome();

** It was a parseable test case! 
refined test name is: testShowWelcomeWorksCorrectly
* Compiling Tests
** Write a test suite: 0 called: 0 to improve: false
* Compiling Tests
** Write a test suite: 0 called: 0 to improve: true
** Improve Understandability: ** Test Code is: FSPathExplorer fSPathExplorer = new FSPathExplorer();
// Undeclared exception!
try { 
  fSPathExplorer.start();
  fail("Expecting exception: NullPointerException");

} catch(NullPointerException e) {
   //
   // no message in exception (getMessage() returned null)
   //
   verifyException("net.sf.sugar.fspath.cli.FSPathExplorer", e);
}


** It was a parseable test case! 
refined test name is: testStartThrowsNullPointerExceptionWhenInputIsNull
Going to execute: handleTestsThatAreUnstable
* Compiling Tests
[MASTER] 13:04:10.184 [logback-1] WARN  AgentLoader - Failed to find EvoSuite jar in current classloader. URLs of classloader:
file:/root/.sdkman/candidates/java/8.0.333.fx-librca/jre/../lib/tools.jar
file:/root/.sdkman/candidates/java/8.0.333.fx-librca/jre/lib/ext/cldrdata.jar
file:/root/.sdkman/candidates/java/8.0.333.fx-librca/jre/lib/ext/sunec.jar
file:/root/.sdkman/candidates/java/8.0.333.fx-librca/jre/lib/ext/localedata.jar
file:/root/.sdkman/candidates/java/8.0.333.fx-librca/jre/lib/ext/jaccess.jar
file:/tmp/EvoSuite_pathingJar6131861320866382256.jar
file:/root/.sdkman/candidates/java/8.0.333.fx-librca/jre/lib/ext/dnsns.jar
file:/root/.sdkman/candidates/java/8.0.333.fx-librca/jre/lib/ext/sunpkcs11.jar
file:/root/.sdkman/candidates/java/8.0.333.fx-librca/jre/lib/ext/zipfs.jar
file:/root/.sdkman/candidates/java/8.0.333.fx-librca/jre/lib/ext/jfxrt.jar
file:/root/.sdkman/candidates/java/8.0.333.fx-librca/jre/lib/ext/sunjce_provider.jar
file:/root/.sdkman/candidates/java/8.0.333.fx-librca/jre/lib/ext/nashorn.jar
Going to execute: handleTestsThatAreUnstable
[MASTER] 13:04:10.220 [logback-1] WARN  JUnitAnalyzer - Found unstable test named initializationError -> class java.lang.RuntimeException: Cannot find either the compilation target folder nor the EvoSuite jar in classpath: /tmp/EvoSuite_pathingJar6131861320866382256.jar
* Compiling Tests
** Write a test suite: 0 called: 0 to improve: false
[MASTER] 13:04:10.326 [logback-1] WARN  AgentLoader - Failed to find EvoSuite jar in current classloader. URLs of classloader:
file:/root/.sdkman/candidates/java/8.0.333.fx-librca/jre/../lib/tools.jar
file:/root/.sdkman/candidates/java/8.0.333.fx-librca/jre/lib/ext/cldrdata.jar
file:/root/.sdkman/candidates/java/8.0.333.fx-librca/jre/lib/ext/sunec.jar
file:/root/.sdkman/candidates/java/8.0.333.fx-librca/jre/lib/ext/localedata.jar
file:/root/.sdkman/candidates/java/8.0.333.fx-librca/jre/lib/ext/jaccess.jar
file:/tmp/EvoSuite_pathingJar6131861320866382256.jar
file:/root/.sdkman/candidates/java/8.0.333.fx-librca/jre/lib/ext/dnsns.jar
file:/root/.sdkman/candidates/java/8.0.333.fx-librca/jre/lib/ext/sunpkcs11.jar
file:/root/.sdkman/candidates/java/8.0.333.fx-librca/jre/lib/ext/zipfs.jar
file:/root/.sdkman/candidates/java/8.0.333.fx-librca/jre/lib/ext/jfxrt.jar
file:/root/.sdkman/candidates/java/8.0.333.fx-librca/jre/lib/ext/sunjce_provider.jar
file:/root/.sdkman/candidates/java/8.0.333.fx-librca/jre/lib/ext/nashorn.jar
[MASTER] 13:04:10.327 [logback-1] WARN  JUnitAnalyzer - Found unstable test named initializationError -> class java.lang.RuntimeException: Cannot find either the compilation target folder nor the EvoSuite jar in classpath: /tmp/EvoSuite_pathingJar6131861320866382256.jar
Going to execute: handleTestsThatAreUnstable
* Compiling Tests
[MASTER] 13:04:10.387 [logback-1] WARN  AgentLoader - Failed to find EvoSuite jar in current classloader. URLs of classloader:
file:/root/.sdkman/candidates/java/8.0.333.fx-librca/jre/../lib/tools.jar
file:/root/.sdkman/candidates/java/8.0.333.fx-librca/jre/lib/ext/cldrdata.jar
file:/root/.sdkman/candidates/java/8.0.333.fx-librca/jre/lib/ext/sunec.jar
file:/root/.sdkman/candidates/java/8.0.333.fx-librca/jre/lib/ext/localedata.jar
file:/root/.sdkman/candidates/java/8.0.333.fx-librca/jre/lib/ext/jaccess.jar
file:/tmp/EvoSuite_pathingJar6131861320866382256.jar
file:/root/.sdkman/candidates/java/8.0.333.fx-librca/jre/lib/ext/dnsns.jar
file:/root/.sdkman/candidates/java/8.0.333.fx-librca/jre/lib/ext/sunpkcs11.jar
file:/root/.sdkman/candidates/java/8.0.333.fx-librca/jre/lib/ext/zipfs.jar
file:/root/.sdkman/candidates/java/8.0.333.fx-librca/jre/lib/ext/jfxrt.jar
file:/root/.sdkman/candidates/java/8.0.333.fx-librca/jre/lib/ext/sunjce_provider.jar
file:/root/.sdkman/candidates/java/8.0.333.fx-librca/jre/lib/ext/nashorn.jar
[MASTER] 13:04:10.388 [logback-1] WARN  JUnitAnalyzer - Found unstable test named initializationError -> class java.lang.RuntimeException: Cannot find either the compilation target folder nor the EvoSuite jar in classpath: /tmp/EvoSuite_pathingJar6131861320866382256.jar
Going to execute: handleTestsThatAreUnstable
* Compiling Tests
[MASTER] 13:04:10.448 [logback-1] WARN  AgentLoader - Failed to find EvoSuite jar in current classloader. URLs of classloader:
file:/root/.sdkman/candidates/java/8.0.333.fx-librca/jre/../lib/tools.jar
file:/root/.sdkman/candidates/java/8.0.333.fx-librca/jre/lib/ext/cldrdata.jar
file:/root/.sdkman/candidates/java/8.0.333.fx-librca/jre/lib/ext/sunec.jar
file:/root/.sdkman/candidates/java/8.0.333.fx-librca/jre/lib/ext/localedata.jar
file:/root/.sdkman/candidates/java/8.0.333.fx-librca/jre/lib/ext/jaccess.jar
file:/tmp/EvoSuite_pathingJar6131861320866382256.jar
file:/root/.sdkman/candidates/java/8.0.333.fx-librca/jre/lib/ext/dnsns.jar
file:/root/.sdkman/candidates/java/8.0.333.fx-librca/jre/lib/ext/sunpkcs11.jar
file:/root/.sdkman/candidates/java/8.0.333.fx-librca/jre/lib/ext/zipfs.jar
file:/root/.sdkman/candidates/java/8.0.333.fx-librca/jre/lib/ext/jfxrt.jar
file:/root/.sdkman/candidates/java/8.0.333.fx-librca/jre/lib/ext/sunjce_provider.jar
file:/root/.sdkman/candidates/java/8.0.333.fx-librca/jre/lib/ext/nashorn.jar
[MASTER] 13:04:10.449 [logback-1] WARN  JUnitAnalyzer - Found unstable test named initializationError -> class java.lang.RuntimeException: Cannot find either the compilation target folder nor the EvoSuite jar in classpath: /tmp/EvoSuite_pathingJar6131861320866382256.jar
Going to execute: handleTestsThatAreUnstable
* Compiling Tests
[MASTER] 13:04:11.539 [logback-1] WARN  AgentLoader - Failed to find EvoSuite jar in current classloader. URLs of classloader:
file:/root/.sdkman/candidates/java/8.0.333.fx-librca/jre/../lib/tools.jar
file:/root/.sdkman/candidates/java/8.0.333.fx-librca/jre/lib/ext/cldrdata.jar
file:/root/.sdkman/candidates/java/8.0.333.fx-librca/jre/lib/ext/sunec.jar
file:/root/.sdkman/candidates/java/8.0.333.fx-librca/jre/lib/ext/localedata.jar
file:/root/.sdkman/candidates/java/8.0.333.fx-librca/jre/lib/ext/jaccess.jar
file:/tmp/EvoSuite_pathingJar6131861320866382256.jar
file:/root/.sdkman/candidates/java/8.0.333.fx-librca/jre/lib/ext/dnsns.jar
file:/root/.sdkman/candidates/java/8.0.333.fx-librca/jre/lib/ext/sunpkcs11.jar
file:/root/.sdkman/candidates/java/8.0.333.fx-librca/jre/lib/ext/zipfs.jar
file:/root/.sdkman/candidates/java/8.0.333.fx-librca/jre/lib/ext/jfxrt.jar
file:/root/.sdkman/candidates/java/8.0.333.fx-librca/jre/lib/ext/sunjce_provider.jar
file:/root/.sdkman/candidates/java/8.0.333.fx-librca/jre/lib/ext/nashorn.jar
[MASTER] 13:04:11.540 [logback-1] WARN  JUnitAnalyzer - Found unstable test named initializationError -> class java.lang.RuntimeException: Cannot find either the compilation target folder nor the EvoSuite jar in classpath: /tmp/EvoSuite_pathingJar6131861320866382256.jar
Going to execute: handleTestsThatAreUnstable
* Compiling Tests
[MASTER] 13:04:11.608 [logback-1] WARN  AgentLoader - Failed to find EvoSuite jar in current classloader. URLs of classloader:
file:/root/.sdkman/candidates/java/8.0.333.fx-librca/jre/../lib/tools.jar
file:/root/.sdkman/candidates/java/8.0.333.fx-librca/jre/lib/ext/cldrdata.jar
file:/root/.sdkman/candidates/java/8.0.333.fx-librca/jre/lib/ext/sunec.jar
file:/root/.sdkman/candidates/java/8.0.333.fx-librca/jre/lib/ext/localedata.jar
file:/root/.sdkman/candidates/java/8.0.333.fx-librca/jre/lib/ext/jaccess.jar
file:/tmp/EvoSuite_pathingJar6131861320866382256.jar
file:/root/.sdkman/candidates/java/8.0.333.fx-librca/jre/lib/ext/dnsns.jar
file:/root/.sdkman/candidates/java/8.0.333.fx-librca/jre/lib/ext/sunpkcs11.jar
file:/root/.sdkman/candidates/java/8.0.333.fx-librca/jre/lib/ext/zipfs.jar
file:/root/.sdkman/candidates/java/8.0.333.fx-librca/jre/lib/ext/jfxrt.jar
file:/root/.sdkman/candidates/java/8.0.333.fx-librca/jre/lib/ext/sunjce_provider.jar
file:/root/.sdkman/candidates/java/8.0.333.fx-librca/jre/lib/ext/nashorn.jar
[MASTER] 13:04:11.610 [logback-1] WARN  JUnitAnalyzer - Found unstable test named initializationError -> class java.lang.RuntimeException: Cannot find either the compilation target folder nor the EvoSuite jar in classpath: /tmp/EvoSuite_pathingJar6131861320866382256.jar
Going to execute: handleTestsThatAreUnstable
* Compiling Tests
[MASTER] 13:04:11.664 [logback-1] WARN  AgentLoader - Failed to find EvoSuite jar in current classloader. URLs of classloader:
file:/root/.sdkman/candidates/java/8.0.333.fx-librca/jre/../lib/tools.jar
file:/root/.sdkman/candidates/java/8.0.333.fx-librca/jre/lib/ext/cldrdata.jar
file:/root/.sdkman/candidates/java/8.0.333.fx-librca/jre/lib/ext/sunec.jar
file:/root/.sdkman/candidates/java/8.0.333.fx-librca/jre/lib/ext/localedata.jar
file:/root/.sdkman/candidates/java/8.0.333.fx-librca/jre/lib/ext/jaccess.jar
file:/tmp/EvoSuite_pathingJar6131861320866382256.jar
file:/root/.sdkman/candidates/java/8.0.333.fx-librca/jre/lib/ext/dnsns.jar
file:/root/.sdkman/candidates/java/8.0.333.fx-librca/jre/lib/ext/sunpkcs11.jar
file:/root/.sdkman/candidates/java/8.0.333.fx-librca/jre/lib/ext/zipfs.jar
file:/root/.sdkman/candidates/java/8.0.333.fx-librca/jre/lib/ext/jfxrt.jar
file:/root/.sdkman/candidates/java/8.0.333.fx-librca/jre/lib/ext/sunjce_provider.jar
file:/root/.sdkman/candidates/java/8.0.333.fx-librca/jre/lib/ext/nashorn.jar
[MASTER] 13:04:11.666 [logback-1] WARN  JUnitAnalyzer - Found unstable test named initializationError -> class java.lang.RuntimeException: Cannot find either the compilation target folder nor the EvoSuite jar in classpath: /tmp/EvoSuite_pathingJar6131861320866382256.jar
Going to execute: handleTestsThatAreUnstable
* Compiling Tests
** Write a test suite: 1 called: 0 to improve: false
[MASTER] 13:04:12.862 [logback-1] WARN  AgentLoader - Failed to find EvoSuite jar in current classloader. URLs of classloader:
file:/root/.sdkman/candidates/java/8.0.333.fx-librca/jre/../lib/tools.jar
file:/root/.sdkman/candidates/java/8.0.333.fx-librca/jre/lib/ext/cldrdata.jar
file:/root/.sdkman/candidates/java/8.0.333.fx-librca/jre/lib/ext/sunec.jar
file:/root/.sdkman/candidates/java/8.0.333.fx-librca/jre/lib/ext/localedata.jar
file:/root/.sdkman/candidates/java/8.0.333.fx-librca/jre/lib/ext/jaccess.jar
file:/tmp/EvoSuite_pathingJar6131861320866382256.jar
file:/root/.sdkman/candidates/java/8.0.333.fx-librca/jre/lib/ext/dnsns.jar
file:/root/.sdkman/candidates/java/8.0.333.fx-librca/jre/lib/ext/sunpkcs11.jar
file:/root/.sdkman/candidates/java/8.0.333.fx-librca/jre/lib/ext/zipfs.jar
file:/root/.sdkman/candidates/java/8.0.333.fx-librca/jre/lib/ext/jfxrt.jar
file:/root/.sdkman/candidates/java/8.0.333.fx-librca/jre/lib/ext/sunjce_provider.jar
file:/root/.sdkman/candidates/java/8.0.333.fx-librca/jre/lib/ext/nashorn.jar
[MASTER] 13:04:12.863 [logback-1] WARN  JUnitAnalyzer - Found unstable test named initializationError -> class java.lang.RuntimeException: Cannot find either the compilation target folder nor the EvoSuite jar in classpath: /tmp/EvoSuite_pathingJar6131861320866382256.jar
Going to execute: handleTestsThatAreUnstable
* Compiling Tests
** Write a test suite: 5 called: 0 to improve: false
[MASTER] 13:04:13.984 [logback-1] WARN  AgentLoader - Failed to find EvoSuite jar in current classloader. URLs of classloader:
file:/root/.sdkman/candidates/java/8.0.333.fx-librca/jre/../lib/tools.jar
file:/root/.sdkman/candidates/java/8.0.333.fx-librca/jre/lib/ext/cldrdata.jar
file:/root/.sdkman/candidates/java/8.0.333.fx-librca/jre/lib/ext/sunec.jar
file:/root/.sdkman/candidates/java/8.0.333.fx-librca/jre/lib/ext/localedata.jar
file:/root/.sdkman/candidates/java/8.0.333.fx-librca/jre/lib/ext/jaccess.jar
file:/tmp/EvoSuite_pathingJar6131861320866382256.jar
file:/root/.sdkman/candidates/java/8.0.333.fx-librca/jre/lib/ext/dnsns.jar
file:/root/.sdkman/candidates/java/8.0.333.fx-librca/jre/lib/ext/sunpkcs11.jar
file:/root/.sdkman/candidates/java/8.0.333.fx-librca/jre/lib/ext/zipfs.jar
file:/root/.sdkman/candidates/java/8.0.333.fx-librca/jre/lib/ext/jfxrt.jar
file:/root/.sdkman/candidates/java/8.0.333.fx-librca/jre/lib/ext/sunjce_provider.jar
file:/root/.sdkman/candidates/java/8.0.333.fx-librca/jre/lib/ext/nashorn.jar
[MASTER] 13:04:13.985 [logback-1] WARN  JUnitAnalyzer - Found unstable test named initializationError -> class java.lang.RuntimeException: Cannot find either the compilation target folder nor the EvoSuite jar in classpath: /tmp/EvoSuite_pathingJar6131861320866382256.jar
[MASTER] 13:04:15.488 [logback-1] WARN  TimeController - Already entered in phase: INLINING. This will mess up the timing calculations.
* test suite isTestSuite: 7
Test 0: 
FSPathExplorer.showHelp();
Test 1: 
String[] stringArray = new String[5];
stringArray[0] = "-path";
// Undeclared exception!
try { 
  FSPathExplorer.main(stringArray);
  fail("Expecting exception: NullPointerException");

} catch(NullPointerException e) {
}

Test 2: 
String[] stringArray = new String[6];
stringArray[0] = "-find";
// Undeclared exception!
try { 
  FSPathExplorer.main(stringArray);
  fail("Expecting exception: NullPointerException");

} catch(NullPointerException e) {
}

Test 3: 
FSPathExplorer fSPathExplorer = new FSPathExplorer();
String[] stringArray = new String[8];
stringArray[0] = "isDirectory";
stringArray[1] = "b)(1$JJx>6h";
stringArray[2] = ",";
stringArray[3] = "-p";
stringArray[4] = "find";
stringArray[5] = "9\"dC!&8QuL'4#;$6?!O";
stringArray[6] = "D8f)k8\"`zNwULT^P9";
stringArray[7] = "pYc'~86ew.B";
fSPathExplorer.configureExplorer(stringArray);
// Undeclared exception!
try { 
  fSPathExplorer.createFSPath();
  fail("Expecting exception: InstantiationError");

} catch(InstantiationError e) {
   //
   // the java.io.File specified must be a Directory
   //
   verifyException("net.sf.sugar.fspath.DefaultFSPath", e);
}

Test 4: 
SystemInUtil.addInputLine("%-");
String[] stringArray = new String[8];
stringArray[0] = "%-";
stringArray[1] = "%-";
stringArray[2] = "%-";
stringArray[3] = "%-";
stringArray[4] = "%-";
stringArray[5] = "-f";
stringArray[6] = "-gfrMDy~ug!7b";
stringArray[7] = "%-";
// Undeclared exception!
FSPathExplorer.main(stringArray);
Test 5: 
FSPathExplorer.showWelcome();
Test 6: 
FSPathExplorer fSPathExplorer = new FSPathExplorer();
// Undeclared exception!
try { 
  fSPathExplorer.start();
  fail("Expecting exception: NullPointerException");

} catch(NullPointerException e) {
   //
   // no message in exception (getMessage() returned null)
   //
}


* Minimizing test suite
[MASTER] 13:04:21.005 [logback-1] WARN  TimeController - Already entered in phase: MINIMIZATION. This will mess up the timing calculations.
* test suite isTestSuite: 7
Test 0: 
FSPathExplorer.showWelcome();
Test 1: 
FSPathExplorer.showHelp();
Test 2: 
String[] stringArray = new String[5];
stringArray[0] = "-path";
// Undeclared exception!
try { 
  FSPathExplorer.main(stringArray);
  fail("Expecting exception: NullPointerException");

} catch(NullPointerException e) {
}

Test 3: 
String[] stringArray = new String[6];
stringArray[0] = "-find";
// Undeclared exception!
try { 
  FSPathExplorer.main(stringArray);
  fail("Expecting exception: NullPointerException");

} catch(NullPointerException e) {
}

Test 4: 
FSPathExplorer fSPathExplorer = new FSPathExplorer();
String[] stringArray = new String[8];
stringArray[0] = "isDirectory";
stringArray[1] = "b)(1$JJx>6h";
stringArray[2] = ",";
stringArray[3] = "-p";
stringArray[4] = "find";
stringArray[5] = "9\"dC!&8QuL'4#;$6?!O";
stringArray[6] = "D8f)k8\"`zNwULT^P9";
stringArray[7] = "pYc'~86ew.B";
fSPathExplorer.configureExplorer(stringArray);
// Undeclared exception!
try { 
  fSPathExplorer.createFSPath();
  fail("Expecting exception: InstantiationError");

} catch(InstantiationError e) {
   //
   // the java.io.File specified must be a Directory
   //
   verifyException("net.sf.sugar.fspath.DefaultFSPath", e);
}

Test 5: 
SystemInUtil.addInputLine("%-");
String[] stringArray = new String[8];
stringArray[0] = "%-";
stringArray[1] = "%-";
stringArray[2] = "%-";
stringArray[3] = "%-";
stringArray[4] = "%-";
stringArray[5] = "-f";
stringArray[6] = "-gfrMDy~ug!7b";
stringArray[7] = "%-";
// Undeclared exception!
FSPathExplorer.main(stringArray);
Test 6: 
FSPathExplorer fSPathExplorer = new FSPathExplorer();
// Undeclared exception!
try { 
  fSPathExplorer.start();
  fail("Expecting exception: NullPointerException");

} catch(NullPointerException e) {
   //
   // no message in exception (getMessage() returned null)
   //
}


* Going to analyze the coverage criteria
* Coverage analysis for criterion BRANCH
* Coverage of criterion BRANCH: 65%
* Total number of goals: 51
* Number of covered goals: 33
* Coverage analysis for criterion LINE
* Coverage of criterion LINE: 75%
* Total number of goals: 75
* Number of covered goals: 56
* Coverage analysis for criterion OUTPUT
* Coverage of criterion OUTPUT: 100% (no goals)
* Coverage analysis for criterion METHOD
* Coverage of criterion METHOD: 100%
* Total number of goals: 7
* Number of covered goals: 7
* Coverage analysis for criterion CBRANCH
* Coverage of criterion CBRANCH: 65%
* Total number of goals: 51
* Number of covered goals: 33
* Generated 7 tests with total length 33
* Resulting test suite's coverage: 81% (average coverage for all fitness functions)
[MASTER] 13:04:21.045 [logback-1] WARN  TimeController - Already entered in phase: COVERAGE_ANALYSIS. This will mess up the timing calculations.
* Generating assertions
* Resulting test suite's mutation score: 11%
* Compiling and checking tests
[MASTER] 13:04:42.256 [logback-1] WARN  TimeController - Already entered in phase: ASSERTION_GENERATION. This will mess up the timing calculations.
Going to execute: removeTestsThatDoNotCompile
* Compiling Tests
** Write a test suite: 0 called: 0 to improve: false
* Compiling Tests
** Write a test suite: 0 called: 0 to improve: false
* Compiling Tests
** Write a test suite: 0 called: 0 to improve: false
* Compiling Tests
** Write a test suite: 0 called: 0 to improve: false
* Compiling Tests
** Write a test suite: 0 called: 0 to improve: false
* Compiling Tests
** Write a test suite: 0 called: 0 to improve: false
* Compiling Tests
** Write a test suite: 0 called: 0 to improve: false
Going to execute: handleTestsThatAreUnstable
* Compiling Tests
** Write a test suite: 0 called: 0 to improve: false
[MASTER] 13:04:43.449 [logback-1] WARN  AgentLoader - Failed to find EvoSuite jar in current classloader. URLs of classloader:
file:/root/.sdkman/candidates/java/8.0.333.fx-librca/jre/../lib/tools.jar
file:/root/.sdkman/candidates/java/8.0.333.fx-librca/jre/lib/ext/cldrdata.jar
file:/root/.sdkman/candidates/java/8.0.333.fx-librca/jre/lib/ext/sunec.jar
file:/root/.sdkman/candidates/java/8.0.333.fx-librca/jre/lib/ext/localedata.jar
file:/root/.sdkman/candidates/java/8.0.333.fx-librca/jre/lib/ext/jaccess.jar
file:/tmp/EvoSuite_pathingJar6131861320866382256.jar
file:/root/.sdkman/candidates/java/8.0.333.fx-librca/jre/lib/ext/dnsns.jar
file:/root/.sdkman/candidates/java/8.0.333.fx-librca/jre/lib/ext/sunpkcs11.jar
file:/root/.sdkman/candidates/java/8.0.333.fx-librca/jre/lib/ext/zipfs.jar
file:/root/.sdkman/candidates/java/8.0.333.fx-librca/jre/lib/ext/jfxrt.jar
file:/root/.sdkman/candidates/java/8.0.333.fx-librca/jre/lib/ext/sunjce_provider.jar
file:/root/.sdkman/candidates/java/8.0.333.fx-librca/jre/lib/ext/nashorn.jar
[MASTER] 13:04:43.450 [logback-1] WARN  JUnitAnalyzer - Found unstable test named initializationError -> class java.lang.RuntimeException: Cannot find either the compilation target folder nor the EvoSuite jar in classpath: /tmp/EvoSuite_pathingJar6131861320866382256.jar
Going to execute: handleTestsThatAreUnstable
* Compiling Tests
** Write a test suite: 0 called: 0 to improve: false
[MASTER] 13:04:43.484 [logback-1] WARN  AgentLoader - Failed to find EvoSuite jar in current classloader. URLs of classloader:
file:/root/.sdkman/candidates/java/8.0.333.fx-librca/jre/../lib/tools.jar
file:/root/.sdkman/candidates/java/8.0.333.fx-librca/jre/lib/ext/cldrdata.jar
file:/root/.sdkman/candidates/java/8.0.333.fx-librca/jre/lib/ext/sunec.jar
file:/root/.sdkman/candidates/java/8.0.333.fx-librca/jre/lib/ext/localedata.jar
file:/root/.sdkman/candidates/java/8.0.333.fx-librca/jre/lib/ext/jaccess.jar
file:/tmp/EvoSuite_pathingJar6131861320866382256.jar
file:/root/.sdkman/candidates/java/8.0.333.fx-librca/jre/lib/ext/dnsns.jar
file:/root/.sdkman/candidates/java/8.0.333.fx-librca/jre/lib/ext/sunpkcs11.jar
file:/root/.sdkman/candidates/java/8.0.333.fx-librca/jre/lib/ext/zipfs.jar
file:/root/.sdkman/candidates/java/8.0.333.fx-librca/jre/lib/ext/jfxrt.jar
file:/root/.sdkman/candidates/java/8.0.333.fx-librca/jre/lib/ext/sunjce_provider.jar
file:/root/.sdkman/candidates/java/8.0.333.fx-librca/jre/lib/ext/nashorn.jar
[MASTER] 13:04:43.485 [logback-1] WARN  JUnitAnalyzer - Found unstable test named initializationError -> class java.lang.RuntimeException: Cannot find either the compilation target folder nor the EvoSuite jar in classpath: /tmp/EvoSuite_pathingJar6131861320866382256.jar
Going to execute: handleTestsThatAreUnstable
* Compiling Tests
** Write a test suite: 0 called: 0 to improve: false
[MASTER] 13:04:43.530 [logback-1] WARN  AgentLoader - Failed to find EvoSuite jar in current classloader. URLs of classloader:
file:/root/.sdkman/candidates/java/8.0.333.fx-librca/jre/../lib/tools.jar
file:/root/.sdkman/candidates/java/8.0.333.fx-librca/jre/lib/ext/cldrdata.jar
file:/root/.sdkman/candidates/java/8.0.333.fx-librca/jre/lib/ext/sunec.jar
file:/root/.sdkman/candidates/java/8.0.333.fx-librca/jre/lib/ext/localedata.jar
file:/root/.sdkman/candidates/java/8.0.333.fx-librca/jre/lib/ext/jaccess.jar
file:/tmp/EvoSuite_pathingJar6131861320866382256.jar
file:/root/.sdkman/candidates/java/8.0.333.fx-librca/jre/lib/ext/dnsns.jar
file:/root/.sdkman/candidates/java/8.0.333.fx-librca/jre/lib/ext/sunpkcs11.jar
file:/root/.sdkman/candidates/java/8.0.333.fx-librca/jre/lib/ext/zipfs.jar
file:/root/.sdkman/candidates/java/8.0.333.fx-librca/jre/lib/ext/jfxrt.jar
file:/root/.sdkman/candidates/java/8.0.333.fx-librca/jre/lib/ext/sunjce_provider.jar
file:/root/.sdkman/candidates/java/8.0.333.fx-librca/jre/lib/ext/nashorn.jar
[MASTER] 13:04:43.531 [logback-1] WARN  JUnitAnalyzer - Found unstable test named initializationError -> class java.lang.RuntimeException: Cannot find either the compilation target folder nor the EvoSuite jar in classpath: /tmp/EvoSuite_pathingJar6131861320866382256.jar
Going to execute: handleTestsThatAreUnstable
* Compiling Tests
** Write a test suite: 0 called: 0 to improve: false
[MASTER] 13:04:43.573 [logback-1] WARN  AgentLoader - Failed to find EvoSuite jar in current classloader. URLs of classloader:
file:/root/.sdkman/candidates/java/8.0.333.fx-librca/jre/../lib/tools.jar
file:/root/.sdkman/candidates/java/8.0.333.fx-librca/jre/lib/ext/cldrdata.jar
file:/root/.sdkman/candidates/java/8.0.333.fx-librca/jre/lib/ext/sunec.jar
file:/root/.sdkman/candidates/java/8.0.333.fx-librca/jre/lib/ext/localedata.jar
file:/root/.sdkman/candidates/java/8.0.333.fx-librca/jre/lib/ext/jaccess.jar
file:/tmp/EvoSuite_pathingJar6131861320866382256.jar
file:/root/.sdkman/candidates/java/8.0.333.fx-librca/jre/lib/ext/dnsns.jar
file:/root/.sdkman/candidates/java/8.0.333.fx-librca/jre/lib/ext/sunpkcs11.jar
file:/root/.sdkman/candidates/java/8.0.333.fx-librca/jre/lib/ext/zipfs.jar
file:/root/.sdkman/candidates/java/8.0.333.fx-librca/jre/lib/ext/jfxrt.jar
file:/root/.sdkman/candidates/java/8.0.333.fx-librca/jre/lib/ext/sunjce_provider.jar
file:/root/.sdkman/candidates/java/8.0.333.fx-librca/jre/lib/ext/nashorn.jar
[MASTER] 13:04:43.574 [logback-1] WARN  JUnitAnalyzer - Found unstable test named initializationError -> class java.lang.RuntimeException: Cannot find either the compilation target folder nor the EvoSuite jar in classpath: /tmp/EvoSuite_pathingJar6131861320866382256.jar
Going to execute: handleTestsThatAreUnstable
* Compiling Tests
** Write a test suite: 0 called: 0 to improve: false
[MASTER] 13:04:43.612 [logback-1] WARN  AgentLoader - Failed to find EvoSuite jar in current classloader. URLs of classloader:
file:/root/.sdkman/candidates/java/8.0.333.fx-librca/jre/../lib/tools.jar
file:/root/.sdkman/candidates/java/8.0.333.fx-librca/jre/lib/ext/cldrdata.jar
file:/root/.sdkman/candidates/java/8.0.333.fx-librca/jre/lib/ext/sunec.jar
file:/root/.sdkman/candidates/java/8.0.333.fx-librca/jre/lib/ext/localedata.jar
file:/root/.sdkman/candidates/java/8.0.333.fx-librca/jre/lib/ext/jaccess.jar
file:/tmp/EvoSuite_pathingJar6131861320866382256.jar
file:/root/.sdkman/candidates/java/8.0.333.fx-librca/jre/lib/ext/dnsns.jar
file:/root/.sdkman/candidates/java/8.0.333.fx-librca/jre/lib/ext/sunpkcs11.jar
file:/root/.sdkman/candidates/java/8.0.333.fx-librca/jre/lib/ext/zipfs.jar
file:/root/.sdkman/candidates/java/8.0.333.fx-librca/jre/lib/ext/jfxrt.jar
file:/root/.sdkman/candidates/java/8.0.333.fx-librca/jre/lib/ext/sunjce_provider.jar
file:/root/.sdkman/candidates/java/8.0.333.fx-librca/jre/lib/ext/nashorn.jar
[MASTER] 13:04:43.613 [logback-1] WARN  JUnitAnalyzer - Found unstable test named initializationError -> class java.lang.RuntimeException: Cannot find either the compilation target folder nor the EvoSuite jar in classpath: /tmp/EvoSuite_pathingJar6131861320866382256.jar
Going to execute: handleTestsThatAreUnstable
* Compiling Tests
** Write a test suite: 0 called: 0 to improve: false
[MASTER] 13:04:44.735 [logback-1] WARN  AgentLoader - Failed to find EvoSuite jar in current classloader. URLs of classloader:
file:/root/.sdkman/candidates/java/8.0.333.fx-librca/jre/../lib/tools.jar
file:/root/.sdkman/candidates/java/8.0.333.fx-librca/jre/lib/ext/cldrdata.jar
file:/root/.sdkman/candidates/java/8.0.333.fx-librca/jre/lib/ext/sunec.jar
file:/root/.sdkman/candidates/java/8.0.333.fx-librca/jre/lib/ext/localedata.jar
file:/root/.sdkman/candidates/java/8.0.333.fx-librca/jre/lib/ext/jaccess.jar
file:/tmp/EvoSuite_pathingJar6131861320866382256.jar
file:/root/.sdkman/candidates/java/8.0.333.fx-librca/jre/lib/ext/dnsns.jar
file:/root/.sdkman/candidates/java/8.0.333.fx-librca/jre/lib/ext/sunpkcs11.jar
file:/root/.sdkman/candidates/java/8.0.333.fx-librca/jre/lib/ext/zipfs.jar
file:/root/.sdkman/candidates/java/8.0.333.fx-librca/jre/lib/ext/jfxrt.jar
file:/root/.sdkman/candidates/java/8.0.333.fx-librca/jre/lib/ext/sunjce_provider.jar
file:/root/.sdkman/candidates/java/8.0.333.fx-librca/jre/lib/ext/nashorn.jar
[MASTER] 13:04:44.736 [logback-1] WARN  JUnitAnalyzer - Found unstable test named initializationError -> class java.lang.RuntimeException: Cannot find either the compilation target folder nor the EvoSuite jar in classpath: /tmp/EvoSuite_pathingJar6131861320866382256.jar
Going to execute: handleTestsThatAreUnstable
* Compiling Tests
** Write a test suite: 0 called: 0 to improve: false
[MASTER] 13:04:44.797 [logback-1] WARN  AgentLoader - Failed to find EvoSuite jar in current classloader. URLs of classloader:
file:/root/.sdkman/candidates/java/8.0.333.fx-librca/jre/../lib/tools.jar
file:/root/.sdkman/candidates/java/8.0.333.fx-librca/jre/lib/ext/cldrdata.jar
file:/root/.sdkman/candidates/java/8.0.333.fx-librca/jre/lib/ext/sunec.jar
file:/root/.sdkman/candidates/java/8.0.333.fx-librca/jre/lib/ext/localedata.jar
file:/root/.sdkman/candidates/java/8.0.333.fx-librca/jre/lib/ext/jaccess.jar
file:/tmp/EvoSuite_pathingJar6131861320866382256.jar
file:/root/.sdkman/candidates/java/8.0.333.fx-librca/jre/lib/ext/dnsns.jar
file:/root/.sdkman/candidates/java/8.0.333.fx-librca/jre/lib/ext/sunpkcs11.jar
file:/root/.sdkman/candidates/java/8.0.333.fx-librca/jre/lib/ext/zipfs.jar
file:/root/.sdkman/candidates/java/8.0.333.fx-librca/jre/lib/ext/jfxrt.jar
file:/root/.sdkman/candidates/java/8.0.333.fx-librca/jre/lib/ext/sunjce_provider.jar
file:/root/.sdkman/candidates/java/8.0.333.fx-librca/jre/lib/ext/nashorn.jar
[MASTER] 13:04:44.799 [logback-1] WARN  JUnitAnalyzer - Found unstable test named initializationError -> class java.lang.RuntimeException: Cannot find either the compilation target folder nor the EvoSuite jar in classpath: /tmp/EvoSuite_pathingJar6131861320866382256.jar
Going to execute: handleTestsThatAreUnstable
* Compiling Tests
** Write a test suite: 0 called: 0 to improve: false
** Write a test suite: 1 called: 1 to improve: false
** Write a test suite: 2 called: 2 to improve: false
** Write a test suite: 3 called: 3 to improve: false
** Write a test suite: 4 called: 4 to improve: false
** Write a test suite: 5 called: 5 to improve: false
** Write a test suite: 6 called: 6 to improve: false
[MASTER] 13:04:45.854 [logback-1] WARN  AgentLoader - Failed to find EvoSuite jar in current classloader. URLs of classloader:
file:/root/.sdkman/candidates/java/8.0.333.fx-librca/jre/../lib/tools.jar
file:/root/.sdkman/candidates/java/8.0.333.fx-librca/jre/lib/ext/cldrdata.jar
file:/root/.sdkman/candidates/java/8.0.333.fx-librca/jre/lib/ext/sunec.jar
file:/root/.sdkman/candidates/java/8.0.333.fx-librca/jre/lib/ext/localedata.jar
file:/root/.sdkman/candidates/java/8.0.333.fx-librca/jre/lib/ext/jaccess.jar
file:/tmp/EvoSuite_pathingJar6131861320866382256.jar
file:/root/.sdkman/candidates/java/8.0.333.fx-librca/jre/lib/ext/dnsns.jar
file:/root/.sdkman/candidates/java/8.0.333.fx-librca/jre/lib/ext/sunpkcs11.jar
file:/root/.sdkman/candidates/java/8.0.333.fx-librca/jre/lib/ext/zipfs.jar
file:/root/.sdkman/candidates/java/8.0.333.fx-librca/jre/lib/ext/jfxrt.jar
file:/root/.sdkman/candidates/java/8.0.333.fx-librca/jre/lib/ext/sunjce_provider.jar
file:/root/.sdkman/candidates/java/8.0.333.fx-librca/jre/lib/ext/nashorn.jar
[MASTER] 13:04:45.855 [logback-1] WARN  JUnitAnalyzer - Found unstable test named initializationError -> class java.lang.RuntimeException: Cannot find either the compilation target folder nor the EvoSuite jar in classpath: /tmp/EvoSuite_pathingJar6131861320866382256.jar
Going to execute: handleTestsThatAreUnstable
* Compiling Tests
** Write a test suite: 0 called: 0 to improve: false
** Write a test suite: 1 called: 1 to improve: false
** Write a test suite: 2 called: 2 to improve: false
** Write a test suite: 3 called: 3 to improve: false
** Write a test suite: 4 called: 4 to improve: false
** Write a test suite: 5 called: 5 to improve: false
** Write a test suite: 6 called: 6 to improve: false
[MASTER] 13:04:46.986 [logback-1] WARN  AgentLoader - Failed to find EvoSuite jar in current classloader. URLs of classloader:
file:/root/.sdkman/candidates/java/8.0.333.fx-librca/jre/../lib/tools.jar
file:/root/.sdkman/candidates/java/8.0.333.fx-librca/jre/lib/ext/cldrdata.jar
file:/root/.sdkman/candidates/java/8.0.333.fx-librca/jre/lib/ext/sunec.jar
file:/root/.sdkman/candidates/java/8.0.333.fx-librca/jre/lib/ext/localedata.jar
file:/root/.sdkman/candidates/java/8.0.333.fx-librca/jre/lib/ext/jaccess.jar
file:/tmp/EvoSuite_pathingJar6131861320866382256.jar
file:/root/.sdkman/candidates/java/8.0.333.fx-librca/jre/lib/ext/dnsns.jar
file:/root/.sdkman/candidates/java/8.0.333.fx-librca/jre/lib/ext/sunpkcs11.jar
file:/root/.sdkman/candidates/java/8.0.333.fx-librca/jre/lib/ext/zipfs.jar
file:/root/.sdkman/candidates/java/8.0.333.fx-librca/jre/lib/ext/jfxrt.jar
file:/root/.sdkman/candidates/java/8.0.333.fx-librca/jre/lib/ext/sunjce_provider.jar
file:/root/.sdkman/candidates/java/8.0.333.fx-librca/jre/lib/ext/nashorn.jar
[MASTER] 13:04:46.987 [logback-1] WARN  JUnitAnalyzer - Found unstable test named initializationError -> class java.lang.RuntimeException: Cannot find either the compilation target folder nor the EvoSuite jar in classpath: /tmp/EvoSuite_pathingJar6131861320866382256.jar
* Writing tests to file
[MASTER] 13:04:46.989 [logback-1] WARN  TimeController - Already entered in phase: JUNIT_CHECK. This will mess up the timing calculations.
* Writing JUnit test case 'FSPathExplorer_ESTest' to evosuite-tests
** Write a test suite: 5 called: 0 to improve: false
* Writing JUnit test case 'FSPathExplorer_Original_ESTest' to evosuite-tests
** Write a test suite: 0 called: 0 to improve: false
** Write a test suite: 1 called: 1 to improve: false
** Write a test suite: 2 called: 2 to improve: false
** Write a test suite: 3 called: 3 to improve: false
** Write a test suite: 4 called: 4 to improve: false
** Write a test suite: 5 called: 5 to improve: false
** Write a test suite: 6 called: 6 to improve: false
* Done!

* Computation finished
