* EvoSuite 1.0.0-SNAPSHOT
* Going to generate test cases for class: net.sf.sugar.fspath.cli.FSPathExplorer
* Starting Client-0
* Properties loaded from /home/roham/Results-Utestgen/dataset/SF110-new-res/60_sugar/evosuite-files/evosuite.properties
* Connecting to master process on port 6438
* Analyzing classpath: 
* Inheritance tree loaded from evosuite-files/inheritance.xml.gz
[MASTER] 15:10:15.875 [logback-1] WARN  InheritanceTree - Class not in inheritance graph: java.time.temporal.Temporal
[MASTER] 15:10:15.876 [logback-1] WARN  InheritanceTree - Class not in inheritance graph: java.time.ZoneId
[MASTER] 15:10:15.878 [logback-1] WARN  InheritanceTree - Class not in inheritance graph: java.time.temporal.TemporalAccessor
[MASTER] 15:10:15.878 [logback-1] WARN  InheritanceTree - Class not in inheritance graph: java.time.temporal.TemporalField
[MASTER] 15:10:15.881 [logback-1] WARN  InheritanceTree - Class not in inheritance graph: java.time.temporal.TemporalUnit
[MASTER] 15:10:15.882 [logback-1] WARN  InheritanceTree - Class not in inheritance graph: java.time.temporal.TemporalAmount
[MASTER] 15:10:15.883 [logback-1] WARN  InheritanceTree - Class not in inheritance graph: java.time.Clock
[MASTER] 15:10:15.888 [logback-1] WARN  InheritanceTree - Class not in inheritance graph: java.time.temporal.TemporalQuery
[MASTER] 15:10:15.891 [logback-1] WARN  InheritanceTree - Class not in inheritance graph: java.time.temporal.TemporalAdjuster
[MASTER] 15:10:15.931 [logback-1] WARN  InheritanceTree - Class not in inheritance graph: java.util.function.BiFunction
[MASTER] 15:10:15.931 [logback-1] WARN  InheritanceTree - Class not in inheritance graph: java.util.function.Function
[MASTER] 15:10:15.933 [logback-1] WARN  InheritanceTree - Class not in inheritance graph: java.util.function.BiConsumer
[MASTER] 15:10:15.945 [logback-1] WARN  InheritanceTree - Class not in inheritance graph: java.util.function.Consumer
[MASTER] 15:10:15.950 [logback-1] WARN  InheritanceTree - Class not in inheritance graph: java.util.function.Predicate
[MASTER] 15:10:15.951 [logback-1] WARN  InheritanceTree - Class not in inheritance graph: java.util.function.UnaryOperator
* Finished analyzing classpath
* Generating tests for class net.sf.sugar.fspath.cli.FSPathExplorer
* Test criteria:
  - Branch Coverage
  - Line Coverage
  - Method-Output Coverage
  - Top-Level Method Coverage
  - Context Branch Coverage
* Total number of test goals for DYNAMOSA: 184
* Using seed 1710256214043
* Starting evolution
[Progress:>                             0%] [Cov:>                                  0%]* Initial Number of Goals in DynaMOSA = 51 / 184
[Progress:>                             0%] [Cov:=======================>           67%][Progress:>                             0%] [Cov:=======================>           67%][Progress:>                             0%] [Cov:=======================>           67%][Progress:>                             0%] [Cov:========================>          71%][Progress:>                             0%] [Cov:========================>          71%][Progress:>                             1%] [Cov:=========================>         74%][Progress:>                             1%] [Cov:==========================>        75%][Progress:>                             1%] [Cov:==========================>        75%][Progress:>                             1%] [Cov:==========================>        75%][Progress:>                             1%] [Cov:==========================>        76%][Progress:>                             1%] [Cov:==========================>        76%][Progress:>                             2%] [Cov:============================>      80%][Progress:=>                            4%] [Cov:============================>      80%][Progress:=>                            6%] [Cov:============================>      80%][Progress:==>                           9%] [Cov:============================>      80%][Progress:===>                          13%] [Cov:============================>      80%][Progress:====>                         15%] [Cov:============================>      80%][Progress:=====>                        18%] [Cov:============================>      80%][Progress:======>                       22%] [Cov:============================>      80%][Progress:========>                     27%] [Cov:============================>      80%][Progress:=========>                    31%] [Cov:============================>      80%][Progress:=========>                    33%] [Cov:============================>      80%][Progress:===========>                  37%] [Cov:============================>      80%][Progress:============>                 40%] [Cov:============================>      80%][Progress:=============>                44%] [Cov:============================>      80%][Progress:===============>              50%] [Cov:============================>      80%][Progress:================>             54%] [Cov:============================>      80%][Progress:==================>           61%] [Cov:============================>      80%][Progress:===================>          65%] [Cov:============================>      80%][Progress:====================>         67%] [Cov:============================>      80%][Progress:=====================>        70%] [Cov:============================>      80%][Progress:=====================>        72%] [Cov:============================>      80%][Progress:======================>       75%] [Cov:============================>      80%][Progress:=======================>      79%] [Cov:============================>      80%][Progress:=========================>    84%] [Cov:============================>      80%][Progress:==========================>   88%] [Cov:============================>      80%][Progress:===========================>  93%] [Cov:============================>      80%][Progress:=============================>97%] [Cov:============================>      80%][Progress:==============================100%] [Cov:============================>      80%]
* Search finished after 201s and 38 generations, 12974 statements, best individual has fitness: 55.0
* Generated before the refinement 9 tests with total length 30
statement is: showHelp()V type is: class org.evosuite.testcase.statements.MethodStatement return type void
statement code is: FSPathExplorer.showHelp()
test data is: FSPathExplorer.showHelp();

** It was a parseable test case! 
Improved test data is: class DummyClass {
    public static void main() {
        File helpFile = new File(HELP_PATH, HELP_FILE);
        if (helpFile.exists()) {
            System.out.println("Displaying help information");
        } else {
            System.out.println("No help information available");
        }
    }
}
statement is: File helpFile = new File(HELP_PATH, HELP_FILE), class spoon.support.reflect.code.CtLocalVariableImpl
class spoon.support.reflect.code.CtConstructorCallImpl
statement is: if (helpFile.exists()) {
    System.out.println("Displaying help information");
} else {
    System.out.println("No help information available");
}, class spoon.support.reflect.code.CtIfImpl
statement is: org.evosuite.testcase.statements.ArrayStatement@6cdd26c1 type is: class org.evosuite.testcase.statements.ArrayStatement return type class [Ljava.lang.String;
statement code is: String[] stringArray = new String[1]
statement is: org.evosuite.testcase.statements.AssignmentStatement@eaabb97 type is: class org.evosuite.testcase.statements.AssignmentStatement return type class java.lang.String
statement code is: stringArray[0] = "-path"
statement is: main([Ljava/lang/String;)V type is: class org.evosuite.testcase.statements.MethodStatement return type void
statement code is: FSPathExplorer.main(arg0)
test data is: String[] stringArray = new String[1];
stringArray[0] = "-path";
FSPathExplorer.main(stringArray);

** It was a parseable test case! 
Improved test data is: class DummyClass {
    public static void main() {
        String[] stringArray = new String[2];
        stringArray[0] = "-path";
        stringArray[1] = "/Users/johndoe/Documents/TestData/";
        FSPathExplorer.main(stringArray);
    }
}
statement is: String[] stringArray = new String[2], class spoon.support.reflect.code.CtLocalVariableImpl
class spoon.support.reflect.code.CtNewArrayImpl
Dimension: [2] Ct is: String[] stringArray = new String[1] isAssignment: false Array: new String[2] Elements: []
lengths: [1] [2]
Their type are: class [Ljava.lang.String; String[]
statement is: stringArray[0] = "-path", class spoon.support.reflect.code.CtAssignmentImpl
Assigned : stringArray[0] Assigned Type class spoon.support.reflect.code.CtArrayWriteImpl String Assignment:"-path" Ct is: stringArray[0] = "-path"
target : stringArray class spoon.support.reflect.code.CtLiteralImpl
statement is: stringArray[1] = "/Users/johndoe/Documents/TestData/", class spoon.support.reflect.code.CtAssignmentImpl
Assigned : stringArray[1] Assigned Type class spoon.support.reflect.code.CtArrayWriteImpl String Assignment:"/Users/johndoe/Documents/TestData/" Ct is: stringArray[1] = "/Users/johndoe/Documents/TestData/"
target : stringArray class spoon.support.reflect.code.CtLiteralImpl
statement is: FSPathExplorer.main(stringArray), class spoon.support.reflect.code.CtInvocationImpl
invocation is: FSPathExplorer.main(stringArray) target is: FSPathExplorer method is: main(java.lang.String[])
Matched Method is: main([Ljava/lang/String;)V
TestCase is: String[] stringArray = new String[1];
String string = "-path";
stringArray[0] = string;
String string = "/Users/johndoe/Documents/TestData/";
stringArray[0] = string;
FSPathExplorer.main(stringArray);

statement is: org.evosuite.testcase.statements.ArrayStatement@e61659ce type is: class org.evosuite.testcase.statements.ArrayStatement return type class [Ljava.lang.String;
statement code is: String[] stringArray = new String[1]
statement is: org.evosuite.testcase.statements.AssignmentStatement@83b7f458 type is: class org.evosuite.testcase.statements.AssignmentStatement return type class java.lang.String
statement code is: stringArray[0] = "-f"
statement is: main([Ljava/lang/String;)V type is: class org.evosuite.testcase.statements.MethodStatement return type void
statement code is: FSPathExplorer.main(arg0)
test data is: String[] stringArray = new String[1];
stringArray[0] = "-f";
FSPathExplorer.main(stringArray);

** It was a parseable test case! 
Improved test data is: class DummyClass {
    public static void main() {
        String[] stringArray = new String[1];
        stringArray[0] = "--config";
        FSPathExplorer.main(stringArray);
    }
}
statement is: String[] stringArray = new String[1], class spoon.support.reflect.code.CtLocalVariableImpl
class spoon.support.reflect.code.CtNewArrayImpl
Dimension: [1] Ct is: String[] stringArray = new String[1] isAssignment: false Array: new String[1] Elements: []
lengths: [1] [1]
Their type are: class [Ljava.lang.String; String[]
statement is: stringArray[0] = "--config", class spoon.support.reflect.code.CtAssignmentImpl
Assigned : stringArray[0] Assigned Type class spoon.support.reflect.code.CtArrayWriteImpl String Assignment:"--config" Ct is: stringArray[0] = "--config"
target : stringArray class spoon.support.reflect.code.CtLiteralImpl
statement is: FSPathExplorer.main(stringArray), class spoon.support.reflect.code.CtInvocationImpl
invocation is: FSPathExplorer.main(stringArray) target is: FSPathExplorer method is: main(java.lang.String[])
Matched Method is: main([Ljava/lang/String;)V
TestCase is: String[] stringArray = new String[1];
String string = "--config";
stringArray[0] = string;
FSPathExplorer.main(stringArray);

statement is: org.evosuite.testcase.statements.ArrayStatement@986b2087 type is: class org.evosuite.testcase.statements.ArrayStatement return type class [Ljava.lang.String;
statement code is: String[] stringArray = new String[3]
statement is: org.evosuite.testcase.statements.AssignmentStatement@cea276f5 type is: class org.evosuite.testcase.statements.AssignmentStatement return type class java.lang.String
statement code is: stringArray[0] = "-p"
statement is: org.evosuite.testcase.statements.AssignmentStatement@e3bdae3d type is: class org.evosuite.testcase.statements.AssignmentStatement return type class java.lang.String
statement code is: stringArray[1] = ""
statement is: org.evosuite.testcase.statements.AssignmentStatement@2723e4b6 type is: class org.evosuite.testcase.statements.AssignmentStatement return type class java.lang.String
statement code is: stringArray[2] = "+[#u|,VvkY\".BZ/7"
statement is: main([Ljava/lang/String;)V type is: class org.evosuite.testcase.statements.MethodStatement return type void
statement code is: FSPathExplorer.main(arg0)
test data is: String[] stringArray = new String[3];
stringArray[0] = "-p";
stringArray[1] = "";
stringArray[2] = "+[#u|,VvkY\".BZ/7";
FSPathExplorer.main(stringArray);

** It was a parseable test case! 
Improved test data is: class DummyClass {
    public static void main() {
        String[] stringArray = new String[3];
        stringArray[0] = "-p";
        stringArray[1] = "/path/to/file";
        stringArray[2] = "+[#u|,VvkY\".BZ/7";
        FSPathExplorer.main(stringArray);
    }
}
statement is: String[] stringArray = new String[3], class spoon.support.reflect.code.CtLocalVariableImpl
class spoon.support.reflect.code.CtNewArrayImpl
Dimension: [3] Ct is: String[] stringArray = new String[3] isAssignment: false Array: new String[3] Elements: []
lengths: [3] [3]
Their type are: class [Ljava.lang.String; String[]
statement is: stringArray[0] = "-p", class spoon.support.reflect.code.CtAssignmentImpl
Assigned : stringArray[0] Assigned Type class spoon.support.reflect.code.CtArrayWriteImpl String Assignment:"-p" Ct is: stringArray[0] = "-p"
target : stringArray class spoon.support.reflect.code.CtLiteralImpl
statement is: stringArray[1] = "/path/to/file", class spoon.support.reflect.code.CtAssignmentImpl
Assigned : stringArray[1] Assigned Type class spoon.support.reflect.code.CtArrayWriteImpl String Assignment:"/path/to/file" Ct is: stringArray[1] = "/path/to/file"
target : stringArray class spoon.support.reflect.code.CtLiteralImpl
statement is: stringArray[2] = "+[#u|,VvkY\".BZ/7", class spoon.support.reflect.code.CtAssignmentImpl
Assigned : stringArray[2] Assigned Type class spoon.support.reflect.code.CtArrayWriteImpl String Assignment:"+[#u|,VvkY\".BZ/7" Ct is: stringArray[2] = "+[#u|,VvkY\".BZ/7"
target : stringArray class spoon.support.reflect.code.CtLiteralImpl
statement is: FSPathExplorer.main(stringArray), class spoon.support.reflect.code.CtInvocationImpl
invocation is: FSPathExplorer.main(stringArray) target is: FSPathExplorer method is: main(java.lang.String[])
Matched Method is: main([Ljava/lang/String;)V
TestCase is: String[] stringArray = new String[3];
String string = "-p";
stringArray[0] = string;
String string = "/path/to/file";
stringArray[1] = string;
String string = "+[#u|,VvkY\".BZ/7";
stringArray[2] = string;
FSPathExplorer.main(stringArray);

statement is: addInputLine(Ljava/lang/String;)V type is: class org.evosuite.testcase.statements.MethodStatement return type void
statement code is: SystemInUtil.addInputLine("exists")
statement is: org.evosuite.testcase.statements.ArrayStatement@71a8b35f type is: class org.evosuite.testcase.statements.ArrayStatement return type class [Ljava.lang.String;
statement code is: String[] stringArray = new String[7]
statement is: org.evosuite.testcase.statements.AssignmentStatement@49ce6816 type is: class org.evosuite.testcase.statements.AssignmentStatement return type class java.lang.String
statement code is: stringArray[0] = "exists"
statement is: org.evosuite.testcase.statements.AssignmentStatement@eb4415c9 type is: class org.evosuite.testcase.statements.AssignmentStatement return type class java.lang.String
statement code is: stringArray[1] = "exists"
statement is: org.evosuite.testcase.statements.AssignmentStatement@9207bd86 type is: class org.evosuite.testcase.statements.AssignmentStatement return type class java.lang.String
statement code is: stringArray[2] = "exists"
statement is: org.evosuite.testcase.statements.AssignmentStatement@c2fc8288 type is: class org.evosuite.testcase.statements.AssignmentStatement return type class java.lang.String
statement code is: stringArray[3] = "exists"
statement is: org.evosuite.testcase.statements.AssignmentStatement@5e06b197 type is: class org.evosuite.testcase.statements.AssignmentStatement return type class java.lang.String
statement code is: stringArray[4] = "exists"
statement is: org.evosuite.testcase.statements.AssignmentStatement@c14fae5a type is: class org.evosuite.testcase.statements.AssignmentStatement return type class java.lang.String
statement code is: stringArray[5] = "-find"
statement is: org.evosuite.testcase.statements.AssignmentStatement@7ce0af75 type is: class org.evosuite.testcase.statements.AssignmentStatement return type class java.lang.String
statement code is: stringArray[6] = "exists"
statement is: main([Ljava/lang/String;)V type is: class org.evosuite.testcase.statements.MethodStatement return type void
statement code is: FSPathExplorer.main(arg0)
test data is: SystemInUtil.addInputLine("exists");
String[] stringArray = new String[7];
stringArray[0] = "exists";
stringArray[1] = "exists";
stringArray[2] = "exists";
stringArray[3] = "exists";
stringArray[4] = "exists";
stringArray[5] = "-find";
stringArray[6] = "exists";
FSPathExplorer.main(stringArray);

** It was a parseable test case! 
Improved test data is: class DummyClass {
    public static void main() {
        SystemInUtil.addInputLine("path/to/directory");
        String[] stringArray = new String[7];
        stringArray[0] = "path/to/file1";
        stringArray[1] = "path/to/file2";
        stringArray[2] = "path/to/file3";
        stringArray[3] = "path/to/file4";
        stringArray[4] = "path/to/file5";
        stringArray[5] = "-find";
        stringArray[6] = "path/to/directory";
        FSPathExplorer.main(stringArray);
    }
}
statement is: SystemInUtil.addInputLine("path/to/directory"), class spoon.support.reflect.code.CtInvocationImpl
invocation is: SystemInUtil.addInputLine("path/to/directory") target is: SystemInUtil method is: addInputLine(java.lang.String)
Matched Method is: addInputLine(Ljava/lang/String;)V
statement is: String[] stringArray = new String[7], class spoon.support.reflect.code.CtLocalVariableImpl
class spoon.support.reflect.code.CtNewArrayImpl
Dimension: [7] Ct is: String[] stringArray = new String[7] isAssignment: false Array: new String[7] Elements: []
lengths: [7] [7]
Their type are: class [Ljava.lang.String; String[]
statement is: stringArray[0] = "path/to/file1", class spoon.support.reflect.code.CtAssignmentImpl
Assigned : stringArray[0] Assigned Type class spoon.support.reflect.code.CtArrayWriteImpl String Assignment:"path/to/file1" Ct is: stringArray[0] = "path/to/file1"
target : stringArray class spoon.support.reflect.code.CtLiteralImpl
TestCase Could not be added: org.evosuite.testcase.statements.AssignmentStatement@8455f89d
statement is: stringArray[1] = "path/to/file2", class spoon.support.reflect.code.CtAssignmentImpl
Assigned : stringArray[1] Assigned Type class spoon.support.reflect.code.CtArrayWriteImpl String Assignment:"path/to/file2" Ct is: stringArray[1] = "path/to/file2"
target : stringArray class spoon.support.reflect.code.CtLiteralImpl
TestCase Could not be added: org.evosuite.testcase.statements.AssignmentStatement@99d07cc8
statement is: stringArray[2] = "path/to/file3", class spoon.support.reflect.code.CtAssignmentImpl
Assigned : stringArray[2] Assigned Type class spoon.support.reflect.code.CtArrayWriteImpl String Assignment:"path/to/file3" Ct is: stringArray[2] = "path/to/file3"
target : stringArray class spoon.support.reflect.code.CtLiteralImpl
TestCase Could not be added: org.evosuite.testcase.statements.AssignmentStatement@22ee085a
statement is: stringArray[3] = "path/to/file4", class spoon.support.reflect.code.CtAssignmentImpl
Assigned : stringArray[3] Assigned Type class spoon.support.reflect.code.CtArrayWriteImpl String Assignment:"path/to/file4" Ct is: stringArray[3] = "path/to/file4"
target : stringArray class spoon.support.reflect.code.CtLiteralImpl
TestCase Could not be added: org.evosuite.testcase.statements.AssignmentStatement@94f29afd
statement is: stringArray[4] = "path/to/file5", class spoon.support.reflect.code.CtAssignmentImpl
Assigned : stringArray[4] Assigned Type class spoon.support.reflect.code.CtArrayWriteImpl String Assignment:"path/to/file5" Ct is: stringArray[4] = "path/to/file5"
target : stringArray class spoon.support.reflect.code.CtLiteralImpl
TestCase Could not be added: org.evosuite.testcase.statements.AssignmentStatement@eef86dd
statement is: stringArray[5] = "-find", class spoon.support.reflect.code.CtAssignmentImpl
Assigned : stringArray[5] Assigned Type class spoon.support.reflect.code.CtArrayWriteImpl String Assignment:"-find" Ct is: stringArray[5] = "-find"
target : stringArray class spoon.support.reflect.code.CtLiteralImpl
TestCase Could not be added: org.evosuite.testcase.statements.AssignmentStatement@3c3b053b
statement is: stringArray[6] = "path/to/directory", class spoon.support.reflect.code.CtAssignmentImpl
Assigned : stringArray[6] Assigned Type class spoon.support.reflect.code.CtArrayWriteImpl String Assignment:"path/to/directory" Ct is: stringArray[6] = "path/to/directory"
target : stringArray class spoon.support.reflect.code.CtLiteralImpl
TestCase Could not be added: org.evosuite.testcase.statements.AssignmentStatement@8a9adbfa
statement is: FSPathExplorer.main(stringArray), class spoon.support.reflect.code.CtInvocationImpl
invocation is: FSPathExplorer.main(stringArray) target is: FSPathExplorer method is: main(java.lang.String[])
Matched Method is: main([Ljava/lang/String;)V
* this is vulnerable: String string = "path/to/file1"
* this is vulnerable: String string = "path/to/file2"
* this is vulnerable: String string = "path/to/file3"
* this is vulnerable: String string = "path/to/file4"
* this is vulnerable: String string = "path/to/file5"
* this is vulnerable: String string = "-find"
* this is vulnerable: String string = "path/to/directory"
TestCase is: String string = "path/to/directory";
SystemInUtil.addInputLine(string);
String[] stringArray = new String[7];
String string = "path/to/file1";
String string = "path/to/file2";
String string = "path/to/file3";
String string = "path/to/file4";
String string = "path/to/file5";
String string = "-find";
String string = "path/to/directory";
FSPathExplorer.main(stringArray);

statement is: net.sf.sugar.fspath.cli.FSPathExplorer()V type is: class org.evosuite.testcase.statements.ConstructorStatement return type class net.sf.sugar.fspath.cli.FSPathExplorer
statement code is: FSPathExplorer fSPathExplorer = new FSPathExplorer()
statement is: org.evosuite.testcase.statements.ArrayStatement@e415243a type is: class org.evosuite.testcase.statements.ArrayStatement return type class [Ljava.lang.String;
statement code is: String[] stringArray = new String[7]
statement is: configureExplorer([Ljava/lang/String;)V type is: class org.evosuite.testcase.statements.MethodStatement return type void
statement code is: fSPathExplorer.configureExplorer(arg0)
test data is: FSPathExplorer fSPathExplorer = new FSPathExplorer();
String[] stringArray = new String[7];
fSPathExplorer.configureExplorer(stringArray);

** It was a parseable test case! 
Improved test data is: class DummyClass {
    public static void main() {
        // Improved test data
        FSPathExplorer fSPathExplorer = new FSPathExplorer();
        String[] stringArray = new String[7];
        fSPathExplorer.configureExplorer(new String[]{ "path", "to", "a", "file", "or", "directory", "in", "the", "filesystem" });
    }
}
statement is: // Improved test data
FSPathExplorer fSPathExplorer = new FSPathExplorer(), class spoon.support.reflect.code.CtLocalVariableImpl
class spoon.support.reflect.code.CtConstructorCallImpl
statement is: String[] stringArray = new String[7], class spoon.support.reflect.code.CtLocalVariableImpl
class spoon.support.reflect.code.CtNewArrayImpl
Dimension: [7] Ct is: String[] stringArray = new String[7] isAssignment: false Array: new String[7] Elements: []
lengths: [7] [7]
Their type are: class [Ljava.lang.String; String[]
statement is: fSPathExplorer.configureExplorer(new String[]{ "path", "to", "a", "file", "or", "directory", "in", "the", "filesystem" }), class spoon.support.reflect.code.CtInvocationImpl
invocation is: fSPathExplorer.configureExplorer(new String[]{ "path", "to", "a", "file", "or", "directory", "in", "the", "filesystem" }) target is: fSPathExplorer method is: configureExplorer(java.lang.String[])
source statement: net.sf.sugar.fspath.cli.FSPathExplorer()V callee: VariableReference: Statement 0, type net.sf.sugar.fspath.cli.FSPathExplorerindex is: 0
Matched Method is: configureExplorer([Ljava/lang/String;)V
i 0 Parameters size() 0 Num of Method Parameters: 1
TestCase is: FSPathExplorer fSPathExplorer = new FSPathExplorer();
String[] stringArray = new String[7];
String[] stringArray = null;
fSPathExplorer.configureExplorer(stringArray);

statement is: net.sf.sugar.fspath.cli.FSPathExplorer()V type is: class org.evosuite.testcase.statements.ConstructorStatement return type class net.sf.sugar.fspath.cli.FSPathExplorer
statement code is: FSPathExplorer fSPathExplorer = new FSPathExplorer()
statement is: createFSPath()V type is: class org.evosuite.testcase.statements.MethodStatement return type void
statement code is: fSPathExplorer.createFSPath()
test data is: FSPathExplorer fSPathExplorer = new FSPathExplorer();
fSPathExplorer.createFSPath();

** It was a parseable test case! 
Improved test data is: class DummyClass {
    public static void main() {
        FSPathExplorer fSPathExplorer = new FSPathExplorer();
        fSPathExplorer.createFSPath("C:\\Users\\Jane Doe", "Downloads");
    }
}
statement is: FSPathExplorer fSPathExplorer = new FSPathExplorer(), class spoon.support.reflect.code.CtLocalVariableImpl
class spoon.support.reflect.code.CtConstructorCallImpl
statement is: fSPathExplorer.createFSPath("C:\\Users\\Jane Doe", "Downloads"), class spoon.support.reflect.code.CtInvocationImpl
invocation is: fSPathExplorer.createFSPath("C:\\Users\\Jane Doe", "Downloads") target is: fSPathExplorer method is: createFSPath(java.lang.String,java.lang.String)
TestCase is: FSPathExplorer fSPathExplorer = new FSPathExplorer();

statement is: showWelcome()V type is: class org.evosuite.testcase.statements.MethodStatement return type void
statement code is: FSPathExplorer.showWelcome()
test data is: FSPathExplorer.showWelcome();

** It was a parseable test case! 
Improved test data is: class DummyClass {
    public static void main() {
        int age = 30;
        double height = 180.0;
        String name = "John Doe";
        char gender = 'M';
    }
}
statement is: int age = 30, class spoon.support.reflect.code.CtLocalVariableImpl
class spoon.support.reflect.code.CtLiteralImpl
statement is: double height = 180.0, class spoon.support.reflect.code.CtLocalVariableImpl
class spoon.support.reflect.code.CtLiteralImpl
statement is: String name = "John Doe", class spoon.support.reflect.code.CtLocalVariableImpl
class spoon.support.reflect.code.CtLiteralImpl
statement is: char gender = 'M', class spoon.support.reflect.code.CtLocalVariableImpl
class spoon.support.reflect.code.CtLiteralImpl
* this is vulnerable: int _int = 30
* this is vulnerable: double _double = 180.0
* this is vulnerable: String string = "John Doe"
* this is vulnerable: char _char = 'M'
TestCase is: int _int = 30;
double _double = 180.0;
String string = "John Doe";
char _char = 'M';

statement is: net.sf.sugar.fspath.cli.FSPathExplorer()V type is: class org.evosuite.testcase.statements.ConstructorStatement return type class net.sf.sugar.fspath.cli.FSPathExplorer
statement code is: FSPathExplorer fSPathExplorer = new FSPathExplorer()
statement is: start()V type is: class org.evosuite.testcase.statements.MethodStatement return type void
statement code is: fSPathExplorer.start()
test data is: FSPathExplorer fSPathExplorer = new FSPathExplorer();
fSPathExplorer.start();

** It was a parseable test case! 
Improved test data is: class DummyClass {
    public static void main() {
        FSPathExplorer fSPathExplorer = new FSPathExplorer();
        fSPathExplorer.start();
        // Improved test data
        String path = "/home/user/Documents";
        int expectedNumFiles = 10;
        int expectedNumDirs = 5;
        // Actual test data
        String path = "/home/user/Documents";
        int actualNumFiles = fSPathExplorer.getNumFiles();
        int actualNumDirs = fSPathExplorer.getNumDirectories();
        // Assertions
        assertEquals(expectedNumFiles, actualNumFiles);
        assertEquals(expectedNumDirs, actualNumDirs);
    }
}
statement is: FSPathExplorer fSPathExplorer = new FSPathExplorer(), class spoon.support.reflect.code.CtLocalVariableImpl
class spoon.support.reflect.code.CtConstructorCallImpl
statement is: fSPathExplorer.start(), class spoon.support.reflect.code.CtInvocationImpl
invocation is: fSPathExplorer.start() target is: fSPathExplorer method is: start()
source statement: net.sf.sugar.fspath.cli.FSPathExplorer()V callee: VariableReference: Statement 0, type net.sf.sugar.fspath.cli.FSPathExplorerindex is: 0
Matched Method is: start()V
statement is: // Improved test data
String path = "/home/user/Documents", class spoon.support.reflect.code.CtLocalVariableImpl
class spoon.support.reflect.code.CtLiteralImpl
statement is: int expectedNumFiles = 10, class spoon.support.reflect.code.CtLocalVariableImpl
class spoon.support.reflect.code.CtLiteralImpl
statement is: int expectedNumDirs = 5, class spoon.support.reflect.code.CtLocalVariableImpl
class spoon.support.reflect.code.CtLiteralImpl
statement is: // Actual test data
String path = "/home/user/Documents", class spoon.support.reflect.code.CtLocalVariableImpl
class spoon.support.reflect.code.CtLiteralImpl
statement is: int actualNumFiles = fSPathExplorer.getNumFiles(), class spoon.support.reflect.code.CtLocalVariableImpl
class spoon.support.reflect.code.CtInvocationImpl
invocation is: fSPathExplorer.getNumFiles() target is: fSPathExplorer method is: getNumFiles()
statement is: int actualNumDirs = fSPathExplorer.getNumDirectories(), class spoon.support.reflect.code.CtLocalVariableImpl
class spoon.support.reflect.code.CtInvocationImpl
invocation is: fSPathExplorer.getNumDirectories() target is: fSPathExplorer method is: getNumDirectories()
statement is: // Assertions
assertEquals(expectedNumFiles, actualNumFiles), class spoon.support.reflect.code.CtInvocationImpl
invocation is: // Assertions
assertEquals(expectedNumFiles, actualNumFiles) target is:  method is: assertEquals(int,int)
statement is: assertEquals(expectedNumDirs, actualNumDirs), class spoon.support.reflect.code.CtInvocationImpl
invocation is: assertEquals(expectedNumDirs, actualNumDirs) target is:  method is: assertEquals(int,int)
* this is vulnerable: String string = "/home/user/Documents"
* this is vulnerable: int _int = 10
* this is vulnerable: int _int = 5
* this is vulnerable: String string = "/home/user/Documents"
TestCase is: FSPathExplorer fSPathExplorer = new FSPathExplorer();
fSPathExplorer.start();
String string = "/home/user/Documents";
int _int = 10;
int _int = 5;
String string = "/home/user/Documents";

* test suite isTestSuite: 17
Test 0: 
FSPathExplorer.showHelp();
Test 1: 
String[] stringArray = new String[1];
stringArray[0] = "-path";
// Undeclared exception!
try { 
  FSPathExplorer.main(stringArray);
  fail("Expecting exception: ArrayIndexOutOfBoundsException");

} catch(ArrayIndexOutOfBoundsException e) {
   //
   // 1
   //
   verifyException("net.sf.sugar.fspath.cli.FSPathExplorer", e);
}

Test 2: 
String[] stringArray = new String[1];
stringArray[0] = "-f";
// Undeclared exception!
try { 
  FSPathExplorer.main(stringArray);
  fail("Expecting exception: NullPointerException");

} catch(NullPointerException e) {
   //
   // no message in exception (getMessage() returned null)
   //
}

Test 3: 
String[] stringArray = new String[3];
stringArray[0] = "-p";
stringArray[1] = "";
stringArray[2] = "+[#u|,VvkY\".BZ/7";
// Undeclared exception!
try { 
  FSPathExplorer.main(stringArray);
  fail("Expecting exception: NullPointerException");

} catch(NullPointerException e) {
   //
   // no message in exception (getMessage() returned null)
   //
}

Test 4: 
SystemInUtil.addInputLine("exists");
String[] stringArray = new String[7];
stringArray[0] = "exists";
stringArray[1] = "exists";
stringArray[2] = "exists";
stringArray[3] = "exists";
stringArray[4] = "exists";
stringArray[5] = "-find";
stringArray[6] = "exists";
// Undeclared exception!
FSPathExplorer.main(stringArray);
Test 5: 
FSPathExplorer fSPathExplorer = new FSPathExplorer();
String[] stringArray = new String[7];
// Undeclared exception!
try { 
  fSPathExplorer.configureExplorer(stringArray);
  fail("Expecting exception: NullPointerException");

} catch(NullPointerException e) {
}

Test 6: 
FSPathExplorer fSPathExplorer = new FSPathExplorer();
fSPathExplorer.createFSPath();
Test 7: 
FSPathExplorer.showWelcome();
Test 8: 
FSPathExplorer fSPathExplorer = new FSPathExplorer();
// Undeclared exception!
try { 
  fSPathExplorer.start();
  fail("Expecting exception: NullPointerException");

} catch(NullPointerException e) {
   //
   // no message in exception (getMessage() returned null)
   //
}

Test 9: 
String[] stringArray = new String[1];
stringArray[0] = "-path";
stringArray[0] = "/Users/johndoe/Documents/TestData/";
FSPathExplorer.main(stringArray);

Test 10: 
String[] stringArray = new String[1];
stringArray[0] = "--config";
FSPathExplorer.main(stringArray);

Test 11: 
String[] stringArray = new String[3];
stringArray[0] = "-p";
stringArray[1] = "/path/to/file";
stringArray[2] = "+[#u|,VvkY\".BZ/7";
FSPathExplorer.main(stringArray);

Test 12: 
SystemInUtil.addInputLine("path/to/directory");
String[] stringArray = new String[7];
FSPathExplorer.main(stringArray);

Test 13: 
FSPathExplorer fSPathExplorer = new FSPathExplorer();
String[] stringArray = new String[7];
fSPathExplorer.configureExplorer((String[]) null);

Test 14: 
FSPathExplorer fSPathExplorer = new FSPathExplorer();

Test 15: 

Test 16: 
FSPathExplorer fSPathExplorer = new FSPathExplorer();
fSPathExplorer.start();


* Generated after the refinement and before minimization 17 tests with total length 51
* test suite isTestSuite: 17
Test 0: 
FSPathExplorer.showHelp();
Test 1: 
String[] stringArray = new String[1];
stringArray[0] = "-path";
// Undeclared exception!
try { 
  FSPathExplorer.main(stringArray);
  fail("Expecting exception: ArrayIndexOutOfBoundsException");

} catch(ArrayIndexOutOfBoundsException e) {
   //
   // 1
   //
   verifyException("net.sf.sugar.fspath.cli.FSPathExplorer", e);
}

Test 2: 
String[] stringArray = new String[1];
stringArray[0] = "-f";
// Undeclared exception!
try { 
  FSPathExplorer.main(stringArray);
  fail("Expecting exception: NullPointerException");

} catch(NullPointerException e) {
   //
   // no message in exception (getMessage() returned null)
   //
}

Test 3: 
String[] stringArray = new String[3];
stringArray[0] = "-p";
stringArray[1] = "";
stringArray[2] = "+[#u|,VvkY\".BZ/7";
// Undeclared exception!
try { 
  FSPathExplorer.main(stringArray);
  fail("Expecting exception: NullPointerException");

} catch(NullPointerException e) {
   //
   // no message in exception (getMessage() returned null)
   //
}

Test 4: 
SystemInUtil.addInputLine("exists");
String[] stringArray = new String[7];
stringArray[0] = "exists";
stringArray[1] = "exists";
stringArray[2] = "exists";
stringArray[3] = "exists";
stringArray[4] = "exists";
stringArray[5] = "-find";
stringArray[6] = "exists";
// Undeclared exception!
FSPathExplorer.main(stringArray);
Test 5: 
FSPathExplorer fSPathExplorer = new FSPathExplorer();
String[] stringArray = new String[7];
// Undeclared exception!
try { 
  fSPathExplorer.configureExplorer(stringArray);
  fail("Expecting exception: NullPointerException");

} catch(NullPointerException e) {
}

Test 6: 
FSPathExplorer fSPathExplorer = new FSPathExplorer();
fSPathExplorer.createFSPath();
Test 7: 
FSPathExplorer.showWelcome();
Test 8: 
FSPathExplorer fSPathExplorer = new FSPathExplorer();
// Undeclared exception!
try { 
  fSPathExplorer.start();
  fail("Expecting exception: NullPointerException");

} catch(NullPointerException e) {
   //
   // no message in exception (getMessage() returned null)
   //
}

Test 9: 
String[] stringArray = new String[1];
stringArray[0] = "-path";
stringArray[0] = "/Users/johndoe/Documents/TestData/";
FSPathExplorer.main(stringArray);

Test 10: 
String[] stringArray = new String[1];
stringArray[0] = "--config";
FSPathExplorer.main(stringArray);

Test 11: 
String[] stringArray = new String[3];
stringArray[0] = "-p";
stringArray[1] = "/path/to/file";
stringArray[2] = "+[#u|,VvkY\".BZ/7";
FSPathExplorer.main(stringArray);

Test 12: 
SystemInUtil.addInputLine("path/to/directory");
String[] stringArray = new String[7];
FSPathExplorer.main(stringArray);

Test 13: 
FSPathExplorer fSPathExplorer = new FSPathExplorer();
String[] stringArray = new String[7];
fSPathExplorer.configureExplorer((String[]) null);

Test 14: 
FSPathExplorer fSPathExplorer = new FSPathExplorer();

Test 15: 

Test 16: 
FSPathExplorer fSPathExplorer = new FSPathExplorer();
fSPathExplorer.start();


* Minimizing test suite
* test suite isTestSuite: 9
Test 0: 
FSPathExplorer fSPathExplorer = new FSPathExplorer();
// Undeclared exception!
try { 
  fSPathExplorer.configureExplorer((String[]) null);
  fail("Expecting exception: NullPointerException");

} catch(NullPointerException e) {
   //
   // no message in exception (getMessage() returned null)
   //
   verifyException("net.sf.sugar.fspath.cli.FSPathExplorer", e);
}

Test 1: 
FSPathExplorer.showHelp();
Test 2: 
String[] stringArray = new String[1];
stringArray[0] = "-path";
// Undeclared exception!
try { 
  FSPathExplorer.main(stringArray);
  fail("Expecting exception: ArrayIndexOutOfBoundsException");

} catch(ArrayIndexOutOfBoundsException e) {
   //
   // 1
   //
   verifyException("net.sf.sugar.fspath.cli.FSPathExplorer", e);
}

Test 3: 
String[] stringArray = new String[1];
stringArray[0] = "-f";
// Undeclared exception!
try { 
  FSPathExplorer.main(stringArray);
  fail("Expecting exception: NullPointerException");

} catch(NullPointerException e) {
   //
   // no message in exception (getMessage() returned null)
   //
}

Test 4: 
String[] stringArray = new String[3];
stringArray[0] = "-p";
stringArray[1] = "/path/to/file";
stringArray[2] = "+[#u|,VvkY\".BZ/7";
// Undeclared exception!
try { 
  FSPathExplorer.main(stringArray);
  fail("Expecting exception: InstantiationError");

} catch(InstantiationError e) {
   //
   // the java.io.File specified must be a Directory
   //
   verifyException("net.sf.sugar.fspath.DefaultFSPath", e);
}

Test 5: 
SystemInUtil.addInputLine("exists");
String[] stringArray = new String[7];
stringArray[0] = "exists";
stringArray[1] = "exists";
stringArray[2] = "exists";
stringArray[3] = "exists";
stringArray[4] = "exists";
stringArray[5] = "-find";
stringArray[6] = "exists";
// Undeclared exception!
FSPathExplorer.main(stringArray);
Test 6: 
FSPathExplorer fSPathExplorer = new FSPathExplorer();
fSPathExplorer.createFSPath();
Test 7: 
FSPathExplorer.showWelcome();
Test 8: 
FSPathExplorer fSPathExplorer = new FSPathExplorer();
// Undeclared exception!
try { 
  fSPathExplorer.start();
  fail("Expecting exception: NullPointerException");

} catch(NullPointerException e) {
   //
   // no message in exception (getMessage() returned null)
   //
}


* Going to analyze the coverage criteria
* Coverage analysis for criterion BRANCH
* Coverage of criterion BRANCH: 65%
* Total number of goals: 51
* Number of covered goals: 33
* Coverage analysis for criterion LINE
* Coverage of criterion LINE: 75%
* Total number of goals: 75
* Number of covered goals: 56
* Coverage analysis for criterion OUTPUT
* Coverage of criterion OUTPUT: 100% (no goals)
* Coverage analysis for criterion METHOD
* Coverage of criterion METHOD: 100%
* Total number of goals: 7
* Number of covered goals: 7
* Coverage analysis for criterion CBRANCH
* Coverage of criterion CBRANCH: 65%
* Total number of goals: 51
* Number of covered goals: 33
* Generated 9 tests with total length 29
* Resulting test suite's coverage: 81% (average coverage for all fitness functions)
* Generating assertions
* Resulting test suite's mutation score: 11%
* Compiling and checking tests
Going to execute: removeTestsThatDoNotCompile
* Compiling Tests
** Write a test suite: 0 called: 0 to improve: false
* Compiling Tests
** Write a test suite: 0 called: 0 to improve: true
** Improve Understandability: ** Test Code is: FSPathExplorer fSPathExplorer = new FSPathExplorer();
// Undeclared exception!
try { 
  fSPathExplorer.configureExplorer((String[]) null);
  fail("Expecting exception: NullPointerException");

} catch(NullPointerException e) {
   //
   // no message in exception (getMessage() returned null)
   //
   verifyException("net.sf.sugar.fspath.cli.FSPathExplorer", e);
}


** It was a parseable test case! 
refined test name is: testConfigureWithNullData
* Compiling Tests
** Write a test suite: 0 called: 0 to improve: false
* Compiling Tests
** Write a test suite: 0 called: 0 to improve: true
** Improve Understandability: ** Test Code is: FSPathExplorer.showHelp();

** It was a parseable test case! 
refined test name is: testShowHelpdisplaysHelpDialogWithCorrectMessage
* Compiling Tests
refined test name is: testShowHelp
* Compiling Tests
** Write a test suite: 0 called: 0 to improve: false
* Compiling Tests
** Write a test suite: 0 called: 0 to improve: true
** Improve Understandability: ** Test Code is: String[] arg0 = new String[1];
arg0[0] = "-path";
// Undeclared exception!
try { 
  FSPathExplorer.main(arg0);
  fail("Expecting exception: ArrayIndexOutOfBoundsException");

} catch(ArrayIndexOutOfBoundsException e) {
   //
   // 1
   //
   verifyException("net.sf.sugar.fspath.cli.FSPathExplorer", e);
}


** It was a parseable test case! 
refined test name is: testMainThrowsExceptionWhenGivenInvalidArguments
* Compiling Tests
** Write a test suite: 0 called: 0 to improve: false
* Compiling Tests
** Write a test suite: 0 called: 0 to improve: true
** Improve Understandability: ** Test Code is: String[] arg0 = new String[1];
arg0[0] = "-f";
// Undeclared exception!
try { 
  FSPathExplorer.main(arg0);
  fail("Expecting exception: NullPointerException");

} catch(NullPointerException e) {
   //
   // no message in exception (getMessage() returned null)
   //
   verifyException("net.sf.sugar.fspath.cli.FSPathExplorer", e);
}


** It was a parseable test case! 
refined test name is: testFSPathExplorerException
* Compiling Tests
refined test name is: testInvalidArgumentNPE
* Compiling Tests
** Write a test suite: 0 called: 0 to improve: false
* Compiling Tests
** Write a test suite: 0 called: 0 to improve: true
** Improve Understandability: ** Test Code is: String[] arg0 = new String[3];
arg0[0] = "-p";
arg0[1] = "/path/to/file";
arg0[2] = "+[#u|,VvkY\".BZ/7";
// Undeclared exception!
try { 
  FSPathExplorer.main(arg0);
  fail("Expecting exception: InstantiationError");

} catch(InstantiationError e) {
   //
   // the java.io.File specified must be a Directory
   //
   verifyException("net.sf.sugar.fspath.DefaultFSPath", e);
}


** It was a parseable test case! 
refined test name is: testInvalidFilePathThrowsInstantiationError
* Compiling Tests
** Write a test suite: 0 called: 0 to improve: false
* Compiling Tests
** Write a test suite: 0 called: 0 to improve: true
** Improve Understandability: ** Test Code is: SystemInUtil.addInputLine("exists");
String[] arg0 = new String[7];
arg0[0] = "exists";
arg0[1] = "exists";
arg0[2] = "exists";
arg0[3] = "exists";
arg0[4] = "exists";
arg0[5] = "-find";
arg0[6] = "exists";
// Undeclared exception!
FSPathExplorer.main(arg0);

** It was a parseable test case! 
refined test name is: testMainMethodWithValidArguments
* Compiling Tests
** Write a test suite: 0 called: 0 to improve: false
* Compiling Tests
** Write a test suite: 0 called: 0 to improve: true
** Improve Understandability: ** Test Code is: FSPathExplorer fSPathExplorer = new FSPathExplorer();
fSPathExplorer.createFSPath();

** It was a parseable test case! 
refined test name is: testCreateFSPath
* Compiling Tests
refined test name is: testCreateFSPathReturnsNonNullValue
* Compiling Tests
** Write a test suite: 0 called: 0 to improve: false
* Compiling Tests
** Write a test suite: 0 called: 0 to improve: true
** Improve Understandability: ** Test Code is: FSPathExplorer.showWelcome();

** It was a parseable test case! 
refined test name is: testShowWelcomeMessage
* Compiling Tests
refined test name is: testShowWelcomeMethodDisplaysWelcomeMessage
* Compiling Tests
** Write a test suite: 0 called: 0 to improve: false
* Compiling Tests
** Write a test suite: 0 called: 0 to improve: true
** Improve Understandability: ** Test Code is: FSPathExplorer fSPathExplorer = new FSPathExplorer();
// Undeclared exception!
try { 
  fSPathExplorer.start();
  fail("Expecting exception: NullPointerException");

} catch(NullPointerException e) {
   //
   // no message in exception (getMessage() returned null)
   //
   verifyException("net.sf.sugar.fspath.cli.FSPathExplorer", e);
}


** It was a parseable test case! 
refined test name is: testNullArgumentThrowsNPEstartMethod
* Compiling Tests
refined test name is: testStartWithNullArgument
Going to execute: handleTestsThatAreUnstable
* Compiling Tests
[MASTER] 15:26:32.859 [logback-1] WARN  AgentLoader - Failed to find EvoSuite jar in current classloader. URLs of classloader:
file:/root/.sdkman/candidates/java/8.0.333.fx-librca/jre/../lib/tools.jar
file:/tmp/EvoSuite_pathingJar8036245274955317474.jar
file:/root/.sdkman/candidates/java/8.0.333.fx-librca/jre/lib/ext/cldrdata.jar
file:/root/.sdkman/candidates/java/8.0.333.fx-librca/jre/lib/ext/sunec.jar
file:/root/.sdkman/candidates/java/8.0.333.fx-librca/jre/lib/ext/localedata.jar
file:/root/.sdkman/candidates/java/8.0.333.fx-librca/jre/lib/ext/jaccess.jar
file:/root/.sdkman/candidates/java/8.0.333.fx-librca/jre/lib/ext/dnsns.jar
file:/root/.sdkman/candidates/java/8.0.333.fx-librca/jre/lib/ext/sunpkcs11.jar
file:/root/.sdkman/candidates/java/8.0.333.fx-librca/jre/lib/ext/zipfs.jar
file:/root/.sdkman/candidates/java/8.0.333.fx-librca/jre/lib/ext/jfxrt.jar
file:/root/.sdkman/candidates/java/8.0.333.fx-librca/jre/lib/ext/sunjce_provider.jar
file:/root/.sdkman/candidates/java/8.0.333.fx-librca/jre/lib/ext/nashorn.jar
[MASTER] 15:26:32.886 [logback-1] WARN  JUnitAnalyzer - Found unstable test named initializationError -> class java.lang.RuntimeException: Cannot find either the compilation target folder nor the EvoSuite jar in classpath: /tmp/EvoSuite_pathingJar8036245274955317474.jar
Going to execute: handleTestsThatAreUnstable
* Compiling Tests
** Write a test suite: 0 called: 0 to improve: false
Going to execute: handleTestsThatAreUnstable
* Compiling Tests
[MASTER] 15:26:32.943 [logback-1] WARN  AgentLoader - Failed to find EvoSuite jar in current classloader. URLs of classloader:
file:/root/.sdkman/candidates/java/8.0.333.fx-librca/jre/../lib/tools.jar
file:/tmp/EvoSuite_pathingJar8036245274955317474.jar
file:/root/.sdkman/candidates/java/8.0.333.fx-librca/jre/lib/ext/cldrdata.jar
file:/root/.sdkman/candidates/java/8.0.333.fx-librca/jre/lib/ext/sunec.jar
file:/root/.sdkman/candidates/java/8.0.333.fx-librca/jre/lib/ext/localedata.jar
file:/root/.sdkman/candidates/java/8.0.333.fx-librca/jre/lib/ext/jaccess.jar
file:/root/.sdkman/candidates/java/8.0.333.fx-librca/jre/lib/ext/dnsns.jar
file:/root/.sdkman/candidates/java/8.0.333.fx-librca/jre/lib/ext/sunpkcs11.jar
file:/root/.sdkman/candidates/java/8.0.333.fx-librca/jre/lib/ext/zipfs.jar
file:/root/.sdkman/candidates/java/8.0.333.fx-librca/jre/lib/ext/jfxrt.jar
file:/root/.sdkman/candidates/java/8.0.333.fx-librca/jre/lib/ext/sunjce_provider.jar
file:/root/.sdkman/candidates/java/8.0.333.fx-librca/jre/lib/ext/nashorn.jar
[MASTER] 15:26:32.944 [logback-1] WARN  JUnitAnalyzer - Found unstable test named initializationError -> class java.lang.RuntimeException: Cannot find either the compilation target folder nor the EvoSuite jar in classpath: /tmp/EvoSuite_pathingJar8036245274955317474.jar
[MASTER] 15:26:32.999 [logback-1] WARN  AgentLoader - Failed to find EvoSuite jar in current classloader. URLs of classloader:
file:/root/.sdkman/candidates/java/8.0.333.fx-librca/jre/../lib/tools.jar
file:/tmp/EvoSuite_pathingJar8036245274955317474.jar
file:/root/.sdkman/candidates/java/8.0.333.fx-librca/jre/lib/ext/cldrdata.jar
file:/root/.sdkman/candidates/java/8.0.333.fx-librca/jre/lib/ext/sunec.jar
file:/root/.sdkman/candidates/java/8.0.333.fx-librca/jre/lib/ext/localedata.jar
file:/root/.sdkman/candidates/java/8.0.333.fx-librca/jre/lib/ext/jaccess.jar
file:/root/.sdkman/candidates/java/8.0.333.fx-librca/jre/lib/ext/dnsns.jar
file:/root/.sdkman/candidates/java/8.0.333.fx-librca/jre/lib/ext/sunpkcs11.jar
file:/root/.sdkman/candidates/java/8.0.333.fx-librca/jre/lib/ext/zipfs.jar
file:/root/.sdkman/candidates/java/8.0.333.fx-librca/jre/lib/ext/jfxrt.jar
file:/root/.sdkman/candidates/java/8.0.333.fx-librca/jre/lib/ext/sunjce_provider.jar
file:/root/.sdkman/candidates/java/8.0.333.fx-librca/jre/lib/ext/nashorn.jar
[MASTER] 15:26:32.999 [logback-1] WARN  JUnitAnalyzer - Found unstable test named initializationError -> class java.lang.RuntimeException: Cannot find either the compilation target folder nor the EvoSuite jar in classpath: /tmp/EvoSuite_pathingJar8036245274955317474.jar
Going to execute: handleTestsThatAreUnstable
* Compiling Tests
** Write a test suite: 0 called: 0 to improve: false
[MASTER] 15:26:33.038 [logback-1] WARN  AgentLoader - Failed to find EvoSuite jar in current classloader. URLs of classloader:
file:/root/.sdkman/candidates/java/8.0.333.fx-librca/jre/../lib/tools.jar
file:/tmp/EvoSuite_pathingJar8036245274955317474.jar
file:/root/.sdkman/candidates/java/8.0.333.fx-librca/jre/lib/ext/cldrdata.jar
file:/root/.sdkman/candidates/java/8.0.333.fx-librca/jre/lib/ext/sunec.jar
file:/root/.sdkman/candidates/java/8.0.333.fx-librca/jre/lib/ext/localedata.jar
file:/root/.sdkman/candidates/java/8.0.333.fx-librca/jre/lib/ext/jaccess.jar
file:/root/.sdkman/candidates/java/8.0.333.fx-librca/jre/lib/ext/dnsns.jar
file:/root/.sdkman/candidates/java/8.0.333.fx-librca/jre/lib/ext/sunpkcs11.jar
file:/root/.sdkman/candidates/java/8.0.333.fx-librca/jre/lib/ext/zipfs.jar
file:/root/.sdkman/candidates/java/8.0.333.fx-librca/jre/lib/ext/jfxrt.jar
file:/root/.sdkman/candidates/java/8.0.333.fx-librca/jre/lib/ext/sunjce_provider.jar
file:/root/.sdkman/candidates/java/8.0.333.fx-librca/jre/lib/ext/nashorn.jar
[MASTER] 15:26:33.039 [logback-1] WARN  JUnitAnalyzer - Found unstable test named initializationError -> class java.lang.RuntimeException: Cannot find either the compilation target folder nor the EvoSuite jar in classpath: /tmp/EvoSuite_pathingJar8036245274955317474.jar
Going to execute: handleTestsThatAreUnstable
* Compiling Tests
[MASTER] 15:26:33.081 [logback-1] WARN  AgentLoader - Failed to find EvoSuite jar in current classloader. URLs of classloader:
file:/root/.sdkman/candidates/java/8.0.333.fx-librca/jre/../lib/tools.jar
file:/tmp/EvoSuite_pathingJar8036245274955317474.jar
file:/root/.sdkman/candidates/java/8.0.333.fx-librca/jre/lib/ext/cldrdata.jar
file:/root/.sdkman/candidates/java/8.0.333.fx-librca/jre/lib/ext/sunec.jar
file:/root/.sdkman/candidates/java/8.0.333.fx-librca/jre/lib/ext/localedata.jar
file:/root/.sdkman/candidates/java/8.0.333.fx-librca/jre/lib/ext/jaccess.jar
file:/root/.sdkman/candidates/java/8.0.333.fx-librca/jre/lib/ext/dnsns.jar
file:/root/.sdkman/candidates/java/8.0.333.fx-librca/jre/lib/ext/sunpkcs11.jar
file:/root/.sdkman/candidates/java/8.0.333.fx-librca/jre/lib/ext/zipfs.jar
file:/root/.sdkman/candidates/java/8.0.333.fx-librca/jre/lib/ext/jfxrt.jar
file:/root/.sdkman/candidates/java/8.0.333.fx-librca/jre/lib/ext/sunjce_provider.jar
file:/root/.sdkman/candidates/java/8.0.333.fx-librca/jre/lib/ext/nashorn.jar
[MASTER] 15:26:33.082 [logback-1] WARN  JUnitAnalyzer - Found unstable test named initializationError -> class java.lang.RuntimeException: Cannot find either the compilation target folder nor the EvoSuite jar in classpath: /tmp/EvoSuite_pathingJar8036245274955317474.jar
Going to execute: handleTestsThatAreUnstable
* Compiling Tests
[MASTER] 15:26:34.119 [logback-1] WARN  AgentLoader - Failed to find EvoSuite jar in current classloader. URLs of classloader:
file:/root/.sdkman/candidates/java/8.0.333.fx-librca/jre/../lib/tools.jar
file:/tmp/EvoSuite_pathingJar8036245274955317474.jar
file:/root/.sdkman/candidates/java/8.0.333.fx-librca/jre/lib/ext/cldrdata.jar
file:/root/.sdkman/candidates/java/8.0.333.fx-librca/jre/lib/ext/sunec.jar
file:/root/.sdkman/candidates/java/8.0.333.fx-librca/jre/lib/ext/localedata.jar
file:/root/.sdkman/candidates/java/8.0.333.fx-librca/jre/lib/ext/jaccess.jar
file:/root/.sdkman/candidates/java/8.0.333.fx-librca/jre/lib/ext/dnsns.jar
file:/root/.sdkman/candidates/java/8.0.333.fx-librca/jre/lib/ext/sunpkcs11.jar
file:/root/.sdkman/candidates/java/8.0.333.fx-librca/jre/lib/ext/zipfs.jar
file:/root/.sdkman/candidates/java/8.0.333.fx-librca/jre/lib/ext/jfxrt.jar
file:/root/.sdkman/candidates/java/8.0.333.fx-librca/jre/lib/ext/sunjce_provider.jar
file:/root/.sdkman/candidates/java/8.0.333.fx-librca/jre/lib/ext/nashorn.jar
[MASTER] 15:26:34.120 [logback-1] WARN  JUnitAnalyzer - Found unstable test named initializationError -> class java.lang.RuntimeException: Cannot find either the compilation target folder nor the EvoSuite jar in classpath: /tmp/EvoSuite_pathingJar8036245274955317474.jar
Going to execute: handleTestsThatAreUnstable
* Compiling Tests
** Write a test suite: 0 called: 0 to improve: false
[MASTER] 15:26:34.166 [logback-1] WARN  AgentLoader - Failed to find EvoSuite jar in current classloader. URLs of classloader:
file:/root/.sdkman/candidates/java/8.0.333.fx-librca/jre/../lib/tools.jar
file:/tmp/EvoSuite_pathingJar8036245274955317474.jar
file:/root/.sdkman/candidates/java/8.0.333.fx-librca/jre/lib/ext/cldrdata.jar
file:/root/.sdkman/candidates/java/8.0.333.fx-librca/jre/lib/ext/sunec.jar
file:/root/.sdkman/candidates/java/8.0.333.fx-librca/jre/lib/ext/localedata.jar
file:/root/.sdkman/candidates/java/8.0.333.fx-librca/jre/lib/ext/jaccess.jar
file:/root/.sdkman/candidates/java/8.0.333.fx-librca/jre/lib/ext/dnsns.jar
file:/root/.sdkman/candidates/java/8.0.333.fx-librca/jre/lib/ext/sunpkcs11.jar
file:/root/.sdkman/candidates/java/8.0.333.fx-librca/jre/lib/ext/zipfs.jar
file:/root/.sdkman/candidates/java/8.0.333.fx-librca/jre/lib/ext/jfxrt.jar
file:/root/.sdkman/candidates/java/8.0.333.fx-librca/jre/lib/ext/sunjce_provider.jar
file:/root/.sdkman/candidates/java/8.0.333.fx-librca/jre/lib/ext/nashorn.jar
[MASTER] 15:26:34.167 [logback-1] WARN  JUnitAnalyzer - Found unstable test named initializationError -> class java.lang.RuntimeException: Cannot find either the compilation target folder nor the EvoSuite jar in classpath: /tmp/EvoSuite_pathingJar8036245274955317474.jar
Going to execute: handleTestsThatAreUnstable
* Compiling Tests
** Write a test suite: 0 called: 0 to improve: false
[MASTER] 15:26:34.197 [logback-1] WARN  AgentLoader - Failed to find EvoSuite jar in current classloader. URLs of classloader:
file:/root/.sdkman/candidates/java/8.0.333.fx-librca/jre/../lib/tools.jar
file:/tmp/EvoSuite_pathingJar8036245274955317474.jar
file:/root/.sdkman/candidates/java/8.0.333.fx-librca/jre/lib/ext/cldrdata.jar
file:/root/.sdkman/candidates/java/8.0.333.fx-librca/jre/lib/ext/sunec.jar
file:/root/.sdkman/candidates/java/8.0.333.fx-librca/jre/lib/ext/localedata.jar
file:/root/.sdkman/candidates/java/8.0.333.fx-librca/jre/lib/ext/jaccess.jar
file:/root/.sdkman/candidates/java/8.0.333.fx-librca/jre/lib/ext/dnsns.jar
file:/root/.sdkman/candidates/java/8.0.333.fx-librca/jre/lib/ext/sunpkcs11.jar
file:/root/.sdkman/candidates/java/8.0.333.fx-librca/jre/lib/ext/zipfs.jar
file:/root/.sdkman/candidates/java/8.0.333.fx-librca/jre/lib/ext/jfxrt.jar
file:/root/.sdkman/candidates/java/8.0.333.fx-librca/jre/lib/ext/sunjce_provider.jar
file:/root/.sdkman/candidates/java/8.0.333.fx-librca/jre/lib/ext/nashorn.jar
[MASTER] 15:26:34.198 [logback-1] WARN  JUnitAnalyzer - Found unstable test named initializationError -> class java.lang.RuntimeException: Cannot find either the compilation target folder nor the EvoSuite jar in classpath: /tmp/EvoSuite_pathingJar8036245274955317474.jar
Going to execute: handleTestsThatAreUnstable
* Compiling Tests
** Write a test suite: 0 called: 0 to improve: false
[MASTER] 15:26:34.229 [logback-1] WARN  AgentLoader - Failed to find EvoSuite jar in current classloader. URLs of classloader:
file:/root/.sdkman/candidates/java/8.0.333.fx-librca/jre/../lib/tools.jar
file:/tmp/EvoSuite_pathingJar8036245274955317474.jar
file:/root/.sdkman/candidates/java/8.0.333.fx-librca/jre/lib/ext/cldrdata.jar
file:/root/.sdkman/candidates/java/8.0.333.fx-librca/jre/lib/ext/sunec.jar
file:/root/.sdkman/candidates/java/8.0.333.fx-librca/jre/lib/ext/localedata.jar
file:/root/.sdkman/candidates/java/8.0.333.fx-librca/jre/lib/ext/jaccess.jar
file:/root/.sdkman/candidates/java/8.0.333.fx-librca/jre/lib/ext/dnsns.jar
file:/root/.sdkman/candidates/java/8.0.333.fx-librca/jre/lib/ext/sunpkcs11.jar
file:/root/.sdkman/candidates/java/8.0.333.fx-librca/jre/lib/ext/zipfs.jar
file:/root/.sdkman/candidates/java/8.0.333.fx-librca/jre/lib/ext/jfxrt.jar
file:/root/.sdkman/candidates/java/8.0.333.fx-librca/jre/lib/ext/sunjce_provider.jar
file:/root/.sdkman/candidates/java/8.0.333.fx-librca/jre/lib/ext/nashorn.jar
[MASTER] 15:26:34.230 [logback-1] WARN  JUnitAnalyzer - Found unstable test named initializationError -> class java.lang.RuntimeException: Cannot find either the compilation target folder nor the EvoSuite jar in classpath: /tmp/EvoSuite_pathingJar8036245274955317474.jar
Going to execute: handleTestsThatAreUnstable
* Compiling Tests
** Write a test suite: 1 called: 0 to improve: false
** Write a test suite: 3 called: 1 to improve: false
** Write a test suite: 6 called: 2 to improve: false
** Write a test suite: 7 called: 3 to improve: false
** Write a test suite: 8 called: 4 to improve: false
[MASTER] 15:26:35.148 [logback-1] WARN  AgentLoader - Failed to find EvoSuite jar in current classloader. URLs of classloader:
file:/root/.sdkman/candidates/java/8.0.333.fx-librca/jre/../lib/tools.jar
file:/tmp/EvoSuite_pathingJar8036245274955317474.jar
file:/root/.sdkman/candidates/java/8.0.333.fx-librca/jre/lib/ext/cldrdata.jar
file:/root/.sdkman/candidates/java/8.0.333.fx-librca/jre/lib/ext/sunec.jar
file:/root/.sdkman/candidates/java/8.0.333.fx-librca/jre/lib/ext/localedata.jar
file:/root/.sdkman/candidates/java/8.0.333.fx-librca/jre/lib/ext/jaccess.jar
file:/root/.sdkman/candidates/java/8.0.333.fx-librca/jre/lib/ext/dnsns.jar
file:/root/.sdkman/candidates/java/8.0.333.fx-librca/jre/lib/ext/sunpkcs11.jar
file:/root/.sdkman/candidates/java/8.0.333.fx-librca/jre/lib/ext/zipfs.jar
file:/root/.sdkman/candidates/java/8.0.333.fx-librca/jre/lib/ext/jfxrt.jar
file:/root/.sdkman/candidates/java/8.0.333.fx-librca/jre/lib/ext/sunjce_provider.jar
file:/root/.sdkman/candidates/java/8.0.333.fx-librca/jre/lib/ext/nashorn.jar
[MASTER] 15:26:35.150 [logback-1] WARN  JUnitAnalyzer - Found unstable test named initializationError -> class java.lang.RuntimeException: Cannot find either the compilation target folder nor the EvoSuite jar in classpath: /tmp/EvoSuite_pathingJar8036245274955317474.jar
Going to execute: handleTestsThatAreUnstable
* Compiling Tests
** Write a test suite: 0 called: 0 to improve: false
** Write a test suite: 1 called: 1 to improve: false
** Write a test suite: 2 called: 2 to improve: false
** Write a test suite: 5 called: 3 to improve: false
** Write a test suite: 7 called: 4 to improve: false
[MASTER] 15:26:36.066 [logback-1] WARN  AgentLoader - Failed to find EvoSuite jar in current classloader. URLs of classloader:
file:/root/.sdkman/candidates/java/8.0.333.fx-librca/jre/../lib/tools.jar
file:/tmp/EvoSuite_pathingJar8036245274955317474.jar
file:/root/.sdkman/candidates/java/8.0.333.fx-librca/jre/lib/ext/cldrdata.jar
file:/root/.sdkman/candidates/java/8.0.333.fx-librca/jre/lib/ext/sunec.jar
file:/root/.sdkman/candidates/java/8.0.333.fx-librca/jre/lib/ext/localedata.jar
file:/root/.sdkman/candidates/java/8.0.333.fx-librca/jre/lib/ext/jaccess.jar
file:/root/.sdkman/candidates/java/8.0.333.fx-librca/jre/lib/ext/dnsns.jar
file:/root/.sdkman/candidates/java/8.0.333.fx-librca/jre/lib/ext/sunpkcs11.jar
file:/root/.sdkman/candidates/java/8.0.333.fx-librca/jre/lib/ext/zipfs.jar
file:/root/.sdkman/candidates/java/8.0.333.fx-librca/jre/lib/ext/jfxrt.jar
file:/root/.sdkman/candidates/java/8.0.333.fx-librca/jre/lib/ext/sunjce_provider.jar
file:/root/.sdkman/candidates/java/8.0.333.fx-librca/jre/lib/ext/nashorn.jar
[MASTER] 15:26:36.067 [logback-1] WARN  JUnitAnalyzer - Found unstable test named initializationError -> class java.lang.RuntimeException: Cannot find either the compilation target folder nor the EvoSuite jar in classpath: /tmp/EvoSuite_pathingJar8036245274955317474.jar
[MASTER] 15:26:37.262 [logback-1] WARN  TimeController - Already entered in phase: INLINING. This will mess up the timing calculations.
* test suite isTestSuite: 9
Test 0: 
FSPathExplorer.showHelp();
Test 1: 
String[] stringArray = new String[1];
stringArray[0] = "-path";
// Undeclared exception!
try { 
  FSPathExplorer.main(stringArray);
  fail("Expecting exception: ArrayIndexOutOfBoundsException");

} catch(ArrayIndexOutOfBoundsException e) {
   //
   // 1
   //
   verifyException("net.sf.sugar.fspath.cli.FSPathExplorer", e);
}

Test 2: 
String[] stringArray = new String[1];
stringArray[0] = "-f";
// Undeclared exception!
try { 
  FSPathExplorer.main(stringArray);
  fail("Expecting exception: NullPointerException");

} catch(NullPointerException e) {
   //
   // no message in exception (getMessage() returned null)
   //
}

Test 3: 
String[] stringArray = new String[3];
stringArray[0] = "-p";
stringArray[1] = "";
stringArray[2] = "+[#u|,VvkY\".BZ/7";
// Undeclared exception!
try { 
  FSPathExplorer.main(stringArray);
  fail("Expecting exception: NullPointerException");

} catch(NullPointerException e) {
   //
   // no message in exception (getMessage() returned null)
   //
}

Test 4: 
SystemInUtil.addInputLine("exists");
String[] stringArray = new String[7];
stringArray[0] = "exists";
stringArray[1] = "exists";
stringArray[2] = "exists";
stringArray[3] = "exists";
stringArray[4] = "exists";
stringArray[5] = "-find";
stringArray[6] = "exists";
// Undeclared exception!
FSPathExplorer.main(stringArray);
Test 5: 
FSPathExplorer fSPathExplorer = new FSPathExplorer();
String[] stringArray = new String[7];
// Undeclared exception!
try { 
  fSPathExplorer.configureExplorer(stringArray);
  fail("Expecting exception: NullPointerException");

} catch(NullPointerException e) {
}

Test 6: 
FSPathExplorer fSPathExplorer = new FSPathExplorer();
fSPathExplorer.createFSPath();
Test 7: 
FSPathExplorer.showWelcome();
Test 8: 
FSPathExplorer fSPathExplorer = new FSPathExplorer();
// Undeclared exception!
try { 
  fSPathExplorer.start();
  fail("Expecting exception: NullPointerException");

} catch(NullPointerException e) {
   //
   // no message in exception (getMessage() returned null)
   //
}


* Minimizing test suite
* test suite isTestSuite: 9
Test 0: 
FSPathExplorer fSPathExplorer = new FSPathExplorer();
String[] stringArray = new String[7];
// Undeclared exception!
try { 
  fSPathExplorer.configureExplorer(stringArray);
  fail("Expecting exception: NullPointerException");

} catch(NullPointerException e) {
}

Test 1: 
FSPathExplorer.showWelcome();
Test 2: 
FSPathExplorer.showHelp();
Test 3: 
String[] stringArray = new String[1];
stringArray[0] = "-f";
// Undeclared exception!
try { 
  FSPathExplorer.main(stringArray);
  fail("Expecting exception: NullPointerException");

} catch(NullPointerException e) {
   //
   // no message in exception (getMessage() returned null)
   //
}

Test 4: 
String[] stringArray = new String[1];
stringArray[0] = "-path";
// Undeclared exception!
try { 
  FSPathExplorer.main(stringArray);
  fail("Expecting exception: ArrayIndexOutOfBoundsException");

} catch(ArrayIndexOutOfBoundsException e) {
   //
   // 1
   //
   verifyException("net.sf.sugar.fspath.cli.FSPathExplorer", e);
}

Test 5: 
String[] stringArray = new String[3];
stringArray[0] = "-p";
stringArray[1] = "";
stringArray[2] = "+[#u|,VvkY\".BZ/7";
// Undeclared exception!
try { 
  FSPathExplorer.main(stringArray);
  fail("Expecting exception: NullPointerException");

} catch(NullPointerException e) {
   //
   // no message in exception (getMessage() returned null)
   //
}

Test 6: 
SystemInUtil.addInputLine("exists");
String[] stringArray = new String[7];
stringArray[0] = "exists";
stringArray[1] = "exists";
stringArray[2] = "exists";
stringArray[3] = "exists";
stringArray[4] = "exists";
stringArray[5] = "-find";
stringArray[6] = "exists";
// Undeclared exception!
FSPathExplorer.main(stringArray);
Test 7: 
FSPathExplorer fSPathExplorer = new FSPathExplorer();
fSPathExplorer.createFSPath();
Test 8: 
FSPathExplorer fSPathExplorer = new FSPathExplorer();
// Undeclared exception!
try { 
  fSPathExplorer.start();
  fail("Expecting exception: NullPointerException");

} catch(NullPointerException e) {
   //
   // no message in exception (getMessage() returned null)
   //
}


[MASTER] 15:26:47.118 [logback-1] WARN  TimeController - Already entered in phase: MINIMIZATION. This will mess up the timing calculations.
* Going to analyze the coverage criteria
* Coverage analysis for criterion BRANCH
* Coverage of criterion BRANCH: 65%
* Total number of goals: 51
* Number of covered goals: 33
* Coverage analysis for criterion LINE
* Coverage of criterion LINE: 75%
* Total number of goals: 75
* Number of covered goals: 56
* Coverage analysis for criterion OUTPUT
* Coverage of criterion OUTPUT: 100% (no goals)
* Coverage analysis for criterion METHOD
* Coverage of criterion METHOD: 100%
* Total number of goals: 7
* Number of covered goals: 7
* Coverage analysis for criterion CBRANCH
* Coverage of criterion CBRANCH: 65%
* Total number of goals: 51
* Number of covered goals: 33
* Generated 9 tests with total length 30
* Resulting test suite's coverage: 81% (average coverage for all fitness functions)
* Generating assertions
[MASTER] 15:26:47.158 [logback-1] WARN  TimeController - Already entered in phase: COVERAGE_ANALYSIS. This will mess up the timing calculations.
* Resulting test suite's mutation score: 11%
* Compiling and checking tests
[MASTER] 15:27:03.309 [logback-1] WARN  TimeController - Already entered in phase: ASSERTION_GENERATION. This will mess up the timing calculations.
Going to execute: removeTestsThatDoNotCompile
* Compiling Tests
** Write a test suite: 0 called: 0 to improve: false
* Compiling Tests
** Write a test suite: 0 called: 0 to improve: false
* Compiling Tests
** Write a test suite: 0 called: 0 to improve: false
* Compiling Tests
** Write a test suite: 0 called: 0 to improve: false
* Compiling Tests
** Write a test suite: 0 called: 0 to improve: false
* Compiling Tests
** Write a test suite: 0 called: 0 to improve: false
* Compiling Tests
** Write a test suite: 0 called: 0 to improve: false
* Compiling Tests
** Write a test suite: 0 called: 0 to improve: false
* Compiling Tests
** Write a test suite: 0 called: 0 to improve: false
Going to execute: handleTestsThatAreUnstable
* Compiling Tests
** Write a test suite: 0 called: 0 to improve: false
[MASTER] 15:27:04.582 [logback-1] WARN  AgentLoader - Failed to find EvoSuite jar in current classloader. URLs of classloader:
file:/root/.sdkman/candidates/java/8.0.333.fx-librca/jre/../lib/tools.jar
file:/tmp/EvoSuite_pathingJar8036245274955317474.jar
file:/root/.sdkman/candidates/java/8.0.333.fx-librca/jre/lib/ext/cldrdata.jar
file:/root/.sdkman/candidates/java/8.0.333.fx-librca/jre/lib/ext/sunec.jar
file:/root/.sdkman/candidates/java/8.0.333.fx-librca/jre/lib/ext/localedata.jar
file:/root/.sdkman/candidates/java/8.0.333.fx-librca/jre/lib/ext/jaccess.jar
file:/root/.sdkman/candidates/java/8.0.333.fx-librca/jre/lib/ext/dnsns.jar
file:/root/.sdkman/candidates/java/8.0.333.fx-librca/jre/lib/ext/sunpkcs11.jar
file:/root/.sdkman/candidates/java/8.0.333.fx-librca/jre/lib/ext/zipfs.jar
file:/root/.sdkman/candidates/java/8.0.333.fx-librca/jre/lib/ext/jfxrt.jar
file:/root/.sdkman/candidates/java/8.0.333.fx-librca/jre/lib/ext/sunjce_provider.jar
file:/root/.sdkman/candidates/java/8.0.333.fx-librca/jre/lib/ext/nashorn.jar
[MASTER] 15:27:04.583 [logback-1] WARN  JUnitAnalyzer - Found unstable test named initializationError -> class java.lang.RuntimeException: Cannot find either the compilation target folder nor the EvoSuite jar in classpath: /tmp/EvoSuite_pathingJar8036245274955317474.jar
Going to execute: handleTestsThatAreUnstable
* Compiling Tests
** Write a test suite: 0 called: 0 to improve: false
[MASTER] 15:27:04.632 [logback-1] WARN  AgentLoader - Failed to find EvoSuite jar in current classloader. URLs of classloader:
file:/root/.sdkman/candidates/java/8.0.333.fx-librca/jre/../lib/tools.jar
file:/tmp/EvoSuite_pathingJar8036245274955317474.jar
file:/root/.sdkman/candidates/java/8.0.333.fx-librca/jre/lib/ext/cldrdata.jar
file:/root/.sdkman/candidates/java/8.0.333.fx-librca/jre/lib/ext/sunec.jar
file:/root/.sdkman/candidates/java/8.0.333.fx-librca/jre/lib/ext/localedata.jar
file:/root/.sdkman/candidates/java/8.0.333.fx-librca/jre/lib/ext/jaccess.jar
file:/root/.sdkman/candidates/java/8.0.333.fx-librca/jre/lib/ext/dnsns.jar
file:/root/.sdkman/candidates/java/8.0.333.fx-librca/jre/lib/ext/sunpkcs11.jar
file:/root/.sdkman/candidates/java/8.0.333.fx-librca/jre/lib/ext/zipfs.jar
file:/root/.sdkman/candidates/java/8.0.333.fx-librca/jre/lib/ext/jfxrt.jar
file:/root/.sdkman/candidates/java/8.0.333.fx-librca/jre/lib/ext/sunjce_provider.jar
file:/root/.sdkman/candidates/java/8.0.333.fx-librca/jre/lib/ext/nashorn.jar
[MASTER] 15:27:04.633 [logback-1] WARN  JUnitAnalyzer - Found unstable test named initializationError -> class java.lang.RuntimeException: Cannot find either the compilation target folder nor the EvoSuite jar in classpath: /tmp/EvoSuite_pathingJar8036245274955317474.jar
Going to execute: handleTestsThatAreUnstable
* Compiling Tests
** Write a test suite: 0 called: 0 to improve: false
[MASTER] 15:27:04.666 [logback-1] WARN  AgentLoader - Failed to find EvoSuite jar in current classloader. URLs of classloader:
file:/root/.sdkman/candidates/java/8.0.333.fx-librca/jre/../lib/tools.jar
file:/tmp/EvoSuite_pathingJar8036245274955317474.jar
file:/root/.sdkman/candidates/java/8.0.333.fx-librca/jre/lib/ext/cldrdata.jar
file:/root/.sdkman/candidates/java/8.0.333.fx-librca/jre/lib/ext/sunec.jar
file:/root/.sdkman/candidates/java/8.0.333.fx-librca/jre/lib/ext/localedata.jar
file:/root/.sdkman/candidates/java/8.0.333.fx-librca/jre/lib/ext/jaccess.jar
file:/root/.sdkman/candidates/java/8.0.333.fx-librca/jre/lib/ext/dnsns.jar
file:/root/.sdkman/candidates/java/8.0.333.fx-librca/jre/lib/ext/sunpkcs11.jar
file:/root/.sdkman/candidates/java/8.0.333.fx-librca/jre/lib/ext/zipfs.jar
file:/root/.sdkman/candidates/java/8.0.333.fx-librca/jre/lib/ext/jfxrt.jar
file:/root/.sdkman/candidates/java/8.0.333.fx-librca/jre/lib/ext/sunjce_provider.jar
file:/root/.sdkman/candidates/java/8.0.333.fx-librca/jre/lib/ext/nashorn.jar
[MASTER] 15:27:04.667 [logback-1] WARN  JUnitAnalyzer - Found unstable test named initializationError -> class java.lang.RuntimeException: Cannot find either the compilation target folder nor the EvoSuite jar in classpath: /tmp/EvoSuite_pathingJar8036245274955317474.jar
Going to execute: handleTestsThatAreUnstable
* Compiling Tests
** Write a test suite: 0 called: 0 to improve: false
[MASTER] 15:27:04.720 [logback-1] WARN  AgentLoader - Failed to find EvoSuite jar in current classloader. URLs of classloader:
file:/root/.sdkman/candidates/java/8.0.333.fx-librca/jre/../lib/tools.jar
file:/tmp/EvoSuite_pathingJar8036245274955317474.jar
file:/root/.sdkman/candidates/java/8.0.333.fx-librca/jre/lib/ext/cldrdata.jar
file:/root/.sdkman/candidates/java/8.0.333.fx-librca/jre/lib/ext/sunec.jar
file:/root/.sdkman/candidates/java/8.0.333.fx-librca/jre/lib/ext/localedata.jar
file:/root/.sdkman/candidates/java/8.0.333.fx-librca/jre/lib/ext/jaccess.jar
file:/root/.sdkman/candidates/java/8.0.333.fx-librca/jre/lib/ext/dnsns.jar
file:/root/.sdkman/candidates/java/8.0.333.fx-librca/jre/lib/ext/sunpkcs11.jar
file:/root/.sdkman/candidates/java/8.0.333.fx-librca/jre/lib/ext/zipfs.jar
file:/root/.sdkman/candidates/java/8.0.333.fx-librca/jre/lib/ext/jfxrt.jar
file:/root/.sdkman/candidates/java/8.0.333.fx-librca/jre/lib/ext/sunjce_provider.jar
file:/root/.sdkman/candidates/java/8.0.333.fx-librca/jre/lib/ext/nashorn.jar
[MASTER] 15:27:04.722 [logback-1] WARN  JUnitAnalyzer - Found unstable test named initializationError -> class java.lang.RuntimeException: Cannot find either the compilation target folder nor the EvoSuite jar in classpath: /tmp/EvoSuite_pathingJar8036245274955317474.jar
Going to execute: handleTestsThatAreUnstable
* Compiling Tests
** Write a test suite: 0 called: 0 to improve: false
[MASTER] 15:27:04.770 [logback-1] WARN  AgentLoader - Failed to find EvoSuite jar in current classloader. URLs of classloader:
file:/root/.sdkman/candidates/java/8.0.333.fx-librca/jre/../lib/tools.jar
file:/tmp/EvoSuite_pathingJar8036245274955317474.jar
file:/root/.sdkman/candidates/java/8.0.333.fx-librca/jre/lib/ext/cldrdata.jar
file:/root/.sdkman/candidates/java/8.0.333.fx-librca/jre/lib/ext/sunec.jar
file:/root/.sdkman/candidates/java/8.0.333.fx-librca/jre/lib/ext/localedata.jar
file:/root/.sdkman/candidates/java/8.0.333.fx-librca/jre/lib/ext/jaccess.jar
file:/root/.sdkman/candidates/java/8.0.333.fx-librca/jre/lib/ext/dnsns.jar
file:/root/.sdkman/candidates/java/8.0.333.fx-librca/jre/lib/ext/sunpkcs11.jar
file:/root/.sdkman/candidates/java/8.0.333.fx-librca/jre/lib/ext/zipfs.jar
file:/root/.sdkman/candidates/java/8.0.333.fx-librca/jre/lib/ext/jfxrt.jar
file:/root/.sdkman/candidates/java/8.0.333.fx-librca/jre/lib/ext/sunjce_provider.jar
file:/root/.sdkman/candidates/java/8.0.333.fx-librca/jre/lib/ext/nashorn.jar
[MASTER] 15:27:04.772 [logback-1] WARN  JUnitAnalyzer - Found unstable test named initializationError -> class java.lang.RuntimeException: Cannot find either the compilation target folder nor the EvoSuite jar in classpath: /tmp/EvoSuite_pathingJar8036245274955317474.jar
Going to execute: handleTestsThatAreUnstable
* Compiling Tests
** Write a test suite: 0 called: 0 to improve: false
[MASTER] 15:27:04.825 [logback-1] WARN  AgentLoader - Failed to find EvoSuite jar in current classloader. URLs of classloader:
file:/root/.sdkman/candidates/java/8.0.333.fx-librca/jre/../lib/tools.jar
file:/tmp/EvoSuite_pathingJar8036245274955317474.jar
file:/root/.sdkman/candidates/java/8.0.333.fx-librca/jre/lib/ext/cldrdata.jar
file:/root/.sdkman/candidates/java/8.0.333.fx-librca/jre/lib/ext/sunec.jar
file:/root/.sdkman/candidates/java/8.0.333.fx-librca/jre/lib/ext/localedata.jar
file:/root/.sdkman/candidates/java/8.0.333.fx-librca/jre/lib/ext/jaccess.jar
file:/root/.sdkman/candidates/java/8.0.333.fx-librca/jre/lib/ext/dnsns.jar
file:/root/.sdkman/candidates/java/8.0.333.fx-librca/jre/lib/ext/sunpkcs11.jar
file:/root/.sdkman/candidates/java/8.0.333.fx-librca/jre/lib/ext/zipfs.jar
file:/root/.sdkman/candidates/java/8.0.333.fx-librca/jre/lib/ext/jfxrt.jar
file:/root/.sdkman/candidates/java/8.0.333.fx-librca/jre/lib/ext/sunjce_provider.jar
file:/root/.sdkman/candidates/java/8.0.333.fx-librca/jre/lib/ext/nashorn.jar
[MASTER] 15:27:04.826 [logback-1] WARN  JUnitAnalyzer - Found unstable test named initializationError -> class java.lang.RuntimeException: Cannot find either the compilation target folder nor the EvoSuite jar in classpath: /tmp/EvoSuite_pathingJar8036245274955317474.jar
Going to execute: handleTestsThatAreUnstable
* Compiling Tests
** Write a test suite: 0 called: 0 to improve: false
[MASTER] 15:27:05.691 [logback-1] WARN  AgentLoader - Failed to find EvoSuite jar in current classloader. URLs of classloader:
file:/root/.sdkman/candidates/java/8.0.333.fx-librca/jre/../lib/tools.jar
file:/tmp/EvoSuite_pathingJar8036245274955317474.jar
file:/root/.sdkman/candidates/java/8.0.333.fx-librca/jre/lib/ext/cldrdata.jar
file:/root/.sdkman/candidates/java/8.0.333.fx-librca/jre/lib/ext/sunec.jar
file:/root/.sdkman/candidates/java/8.0.333.fx-librca/jre/lib/ext/localedata.jar
file:/root/.sdkman/candidates/java/8.0.333.fx-librca/jre/lib/ext/jaccess.jar
file:/root/.sdkman/candidates/java/8.0.333.fx-librca/jre/lib/ext/dnsns.jar
file:/root/.sdkman/candidates/java/8.0.333.fx-librca/jre/lib/ext/sunpkcs11.jar
file:/root/.sdkman/candidates/java/8.0.333.fx-librca/jre/lib/ext/zipfs.jar
file:/root/.sdkman/candidates/java/8.0.333.fx-librca/jre/lib/ext/jfxrt.jar
file:/root/.sdkman/candidates/java/8.0.333.fx-librca/jre/lib/ext/sunjce_provider.jar
file:/root/.sdkman/candidates/java/8.0.333.fx-librca/jre/lib/ext/nashorn.jar
[MASTER] 15:27:05.692 [logback-1] WARN  JUnitAnalyzer - Found unstable test named initializationError -> class java.lang.RuntimeException: Cannot find either the compilation target folder nor the EvoSuite jar in classpath: /tmp/EvoSuite_pathingJar8036245274955317474.jar
Going to execute: handleTestsThatAreUnstable
* Compiling Tests
** Write a test suite: 0 called: 0 to improve: false
[MASTER] 15:27:05.733 [logback-1] WARN  AgentLoader - Failed to find EvoSuite jar in current classloader. URLs of classloader:
file:/root/.sdkman/candidates/java/8.0.333.fx-librca/jre/../lib/tools.jar
file:/tmp/EvoSuite_pathingJar8036245274955317474.jar
file:/root/.sdkman/candidates/java/8.0.333.fx-librca/jre/lib/ext/cldrdata.jar
file:/root/.sdkman/candidates/java/8.0.333.fx-librca/jre/lib/ext/sunec.jar
file:/root/.sdkman/candidates/java/8.0.333.fx-librca/jre/lib/ext/localedata.jar
file:/root/.sdkman/candidates/java/8.0.333.fx-librca/jre/lib/ext/jaccess.jar
file:/root/.sdkman/candidates/java/8.0.333.fx-librca/jre/lib/ext/dnsns.jar
file:/root/.sdkman/candidates/java/8.0.333.fx-librca/jre/lib/ext/sunpkcs11.jar
file:/root/.sdkman/candidates/java/8.0.333.fx-librca/jre/lib/ext/zipfs.jar
file:/root/.sdkman/candidates/java/8.0.333.fx-librca/jre/lib/ext/jfxrt.jar
file:/root/.sdkman/candidates/java/8.0.333.fx-librca/jre/lib/ext/sunjce_provider.jar
file:/root/.sdkman/candidates/java/8.0.333.fx-librca/jre/lib/ext/nashorn.jar
[MASTER] 15:27:05.734 [logback-1] WARN  JUnitAnalyzer - Found unstable test named initializationError -> class java.lang.RuntimeException: Cannot find either the compilation target folder nor the EvoSuite jar in classpath: /tmp/EvoSuite_pathingJar8036245274955317474.jar
Going to execute: handleTestsThatAreUnstable
* Compiling Tests
** Write a test suite: 0 called: 0 to improve: false
[MASTER] 15:27:05.772 [logback-1] WARN  AgentLoader - Failed to find EvoSuite jar in current classloader. URLs of classloader:
file:/root/.sdkman/candidates/java/8.0.333.fx-librca/jre/../lib/tools.jar
file:/tmp/EvoSuite_pathingJar8036245274955317474.jar
file:/root/.sdkman/candidates/java/8.0.333.fx-librca/jre/lib/ext/cldrdata.jar
file:/root/.sdkman/candidates/java/8.0.333.fx-librca/jre/lib/ext/sunec.jar
file:/root/.sdkman/candidates/java/8.0.333.fx-librca/jre/lib/ext/localedata.jar
file:/root/.sdkman/candidates/java/8.0.333.fx-librca/jre/lib/ext/jaccess.jar
file:/root/.sdkman/candidates/java/8.0.333.fx-librca/jre/lib/ext/dnsns.jar
file:/root/.sdkman/candidates/java/8.0.333.fx-librca/jre/lib/ext/sunpkcs11.jar
file:/root/.sdkman/candidates/java/8.0.333.fx-librca/jre/lib/ext/zipfs.jar
file:/root/.sdkman/candidates/java/8.0.333.fx-librca/jre/lib/ext/jfxrt.jar
file:/root/.sdkman/candidates/java/8.0.333.fx-librca/jre/lib/ext/sunjce_provider.jar
file:/root/.sdkman/candidates/java/8.0.333.fx-librca/jre/lib/ext/nashorn.jar
[MASTER] 15:27:05.774 [logback-1] WARN  JUnitAnalyzer - Found unstable test named initializationError -> class java.lang.RuntimeException: Cannot find either the compilation target folder nor the EvoSuite jar in classpath: /tmp/EvoSuite_pathingJar8036245274955317474.jar
Going to execute: handleTestsThatAreUnstable
* Compiling Tests
** Write a test suite: 0 called: 0 to improve: false
** Write a test suite: 1 called: 1 to improve: false
** Write a test suite: 2 called: 2 to improve: false
** Write a test suite: 3 called: 3 to improve: false
** Write a test suite: 4 called: 4 to improve: false
** Write a test suite: 5 called: 5 to improve: false
** Write a test suite: 6 called: 6 to improve: false
** Write a test suite: 7 called: 7 to improve: false
** Write a test suite: 8 called: 8 to improve: false
[MASTER] 15:27:06.981 [logback-1] WARN  AgentLoader - Failed to find EvoSuite jar in current classloader. URLs of classloader:
file:/root/.sdkman/candidates/java/8.0.333.fx-librca/jre/../lib/tools.jar
file:/tmp/EvoSuite_pathingJar8036245274955317474.jar
file:/root/.sdkman/candidates/java/8.0.333.fx-librca/jre/lib/ext/cldrdata.jar
file:/root/.sdkman/candidates/java/8.0.333.fx-librca/jre/lib/ext/sunec.jar
file:/root/.sdkman/candidates/java/8.0.333.fx-librca/jre/lib/ext/localedata.jar
file:/root/.sdkman/candidates/java/8.0.333.fx-librca/jre/lib/ext/jaccess.jar
file:/root/.sdkman/candidates/java/8.0.333.fx-librca/jre/lib/ext/dnsns.jar
file:/root/.sdkman/candidates/java/8.0.333.fx-librca/jre/lib/ext/sunpkcs11.jar
file:/root/.sdkman/candidates/java/8.0.333.fx-librca/jre/lib/ext/zipfs.jar
file:/root/.sdkman/candidates/java/8.0.333.fx-librca/jre/lib/ext/jfxrt.jar
file:/root/.sdkman/candidates/java/8.0.333.fx-librca/jre/lib/ext/sunjce_provider.jar
file:/root/.sdkman/candidates/java/8.0.333.fx-librca/jre/lib/ext/nashorn.jar
[MASTER] 15:27:06.982 [logback-1] WARN  JUnitAnalyzer - Found unstable test named initializationError -> class java.lang.RuntimeException: Cannot find either the compilation target folder nor the EvoSuite jar in classpath: /tmp/EvoSuite_pathingJar8036245274955317474.jar
Going to execute: handleTestsThatAreUnstable
* Compiling Tests
** Write a test suite: 0 called: 0 to improve: false
** Write a test suite: 1 called: 1 to improve: false
** Write a test suite: 2 called: 2 to improve: false
** Write a test suite: 3 called: 3 to improve: false
** Write a test suite: 4 called: 4 to improve: false
** Write a test suite: 5 called: 5 to improve: false
** Write a test suite: 6 called: 6 to improve: false
** Write a test suite: 7 called: 7 to improve: false
** Write a test suite: 8 called: 8 to improve: false
[MASTER] 15:27:08.070 [logback-1] WARN  AgentLoader - Failed to find EvoSuite jar in current classloader. URLs of classloader:
file:/root/.sdkman/candidates/java/8.0.333.fx-librca/jre/../lib/tools.jar
file:/tmp/EvoSuite_pathingJar8036245274955317474.jar
file:/root/.sdkman/candidates/java/8.0.333.fx-librca/jre/lib/ext/cldrdata.jar
file:/root/.sdkman/candidates/java/8.0.333.fx-librca/jre/lib/ext/sunec.jar
file:/root/.sdkman/candidates/java/8.0.333.fx-librca/jre/lib/ext/localedata.jar
file:/root/.sdkman/candidates/java/8.0.333.fx-librca/jre/lib/ext/jaccess.jar
file:/root/.sdkman/candidates/java/8.0.333.fx-librca/jre/lib/ext/dnsns.jar
file:/root/.sdkman/candidates/java/8.0.333.fx-librca/jre/lib/ext/sunpkcs11.jar
file:/root/.sdkman/candidates/java/8.0.333.fx-librca/jre/lib/ext/zipfs.jar
file:/root/.sdkman/candidates/java/8.0.333.fx-librca/jre/lib/ext/jfxrt.jar
file:/root/.sdkman/candidates/java/8.0.333.fx-librca/jre/lib/ext/sunjce_provider.jar
file:/root/.sdkman/candidates/java/8.0.333.fx-librca/jre/lib/ext/nashorn.jar
[MASTER] 15:27:08.071 [logback-1] WARN  JUnitAnalyzer - Found unstable test named initializationError -> class java.lang.RuntimeException: Cannot find either the compilation target folder nor the EvoSuite jar in classpath: /tmp/EvoSuite_pathingJar8036245274955317474.jar
* Writing tests to file
[MASTER] 15:27:08.075 [logback-1] WARN  TimeController - Already entered in phase: JUNIT_CHECK. This will mess up the timing calculations.
* Writing JUnit test case 'FSPathExplorer_ESTest' to evosuite-tests
** Write a test suite: 0 called: 0 to improve: false
** Write a test suite: 1 called: 1 to improve: false
** Write a test suite: 2 called: 2 to improve: false
** Write a test suite: 5 called: 3 to improve: false
** Write a test suite: 7 called: 4 to improve: false
* Writing JUnit test case 'FSPathExplorer_Original_ESTest' to evosuite-tests
** Write a test suite: 0 called: 0 to improve: false
** Write a test suite: 1 called: 1 to improve: false
** Write a test suite: 2 called: 2 to improve: false
** Write a test suite: 3 called: 3 to improve: false
** Write a test suite: 4 called: 4 to improve: false
** Write a test suite: 5 called: 5 to improve: false
** Write a test suite: 6 called: 6 to improve: false
** Write a test suite: 7 called: 7 to improve: false
** Write a test suite: 8 called: 8 to improve: false
* Done!

* Computation finished
