* EvoSuite 1.0.0-SNAPSHOT
* Going to generate test cases for class: net.sf.sugar.fspath.cli.FSPathExplorer
* Starting Client-0
* Properties loaded from /home/roham/Results-Utestgen/dataset/SF110-new-res/60_sugar/evosuite-files/evosuite.properties
* Connecting to master process on port 20086
* Analyzing classpath: 
* Inheritance tree loaded from evosuite-files/inheritance.xml.gz
[MASTER] 18:27:06.146 [logback-1] WARN  InheritanceTree - Class not in inheritance graph: java.time.temporal.Temporal
[MASTER] 18:27:06.147 [logback-1] WARN  InheritanceTree - Class not in inheritance graph: java.time.ZoneId
[MASTER] 18:27:06.151 [logback-1] WARN  InheritanceTree - Class not in inheritance graph: java.time.temporal.TemporalAccessor
[MASTER] 18:27:06.152 [logback-1] WARN  InheritanceTree - Class not in inheritance graph: java.time.temporal.TemporalField
[MASTER] 18:27:06.155 [logback-1] WARN  InheritanceTree - Class not in inheritance graph: java.time.temporal.TemporalUnit
[MASTER] 18:27:06.156 [logback-1] WARN  InheritanceTree - Class not in inheritance graph: java.time.temporal.TemporalAmount
[MASTER] 18:27:06.157 [logback-1] WARN  InheritanceTree - Class not in inheritance graph: java.time.Clock
[MASTER] 18:27:06.161 [logback-1] WARN  InheritanceTree - Class not in inheritance graph: java.time.temporal.TemporalQuery
[MASTER] 18:27:06.164 [logback-1] WARN  InheritanceTree - Class not in inheritance graph: java.time.temporal.TemporalAdjuster
[MASTER] 18:27:06.205 [logback-1] WARN  InheritanceTree - Class not in inheritance graph: java.util.function.BiFunction
[MASTER] 18:27:06.206 [logback-1] WARN  InheritanceTree - Class not in inheritance graph: java.util.function.Function
[MASTER] 18:27:06.208 [logback-1] WARN  InheritanceTree - Class not in inheritance graph: java.util.function.BiConsumer
[MASTER] 18:27:06.221 [logback-1] WARN  InheritanceTree - Class not in inheritance graph: java.util.function.Consumer
[MASTER] 18:27:06.226 [logback-1] WARN  InheritanceTree - Class not in inheritance graph: java.util.function.Predicate
[MASTER] 18:27:06.227 [logback-1] WARN  InheritanceTree - Class not in inheritance graph: java.util.function.UnaryOperator
* Finished analyzing classpath
* Generating tests for class net.sf.sugar.fspath.cli.FSPathExplorer
* Test criteria:
  - Branch Coverage
  - Line Coverage
  - Method-Output Coverage
  - Top-Level Method Coverage
  - Context Branch Coverage
* Total number of test goals for DYNAMOSA: 184
* Using seed 1710268023830
* Starting evolution
[Progress:>                             0%] [Cov:>                                  0%]* Initial Number of Goals in DynaMOSA = 51 / 184
[Progress:>                             0%] [Cov:=======================>           67%][Progress:>                             0%] [Cov:=======================>           67%][Progress:>                             1%] [Cov:=========================>         72%][Progress:>                             2%] [Cov:=========================>         72%][Progress:>                             3%] [Cov:=========================>         72%][Progress:=>                            6%] [Cov:=========================>         72%][Progress:===>                          11%] [Cov:=========================>         72%][Progress:====>                         14%] [Cov:===========================>       79%][Progress:=====>                        17%] [Cov:===========================>       79%][Progress:======>                       20%] [Cov:===========================>       79%][Progress:=======>                      25%] [Cov:===========================>       79%][Progress:========>                     28%] [Cov:===========================>       79%][Progress:=========>                    33%] [Cov:===========================>       79%][Progress:===========>                  37%] [Cov:===========================>       79%][Progress:============>                 41%] [Cov:===========================>       79%][Progress:=============>                45%] [Cov:===========================>       79%][Progress:==============>               48%] [Cov:===========================>       79%][Progress:===============>              51%] [Cov:===========================>       79%][Progress:===============>              53%] [Cov:===========================>       79%][Progress:=================>            57%] [Cov:===========================>       79%][Progress:==================>           60%] [Cov:============================>      80%][Progress:==================>           63%] [Cov:============================>      80%][Progress:====================>         68%] [Cov:============================>      80%][Progress:=====================>        72%] [Cov:============================>      80%][Progress:======================>       75%] [Cov:============================>      80%][Progress:=======================>      78%] [Cov:============================>      80%][Progress:========================>     81%] [Cov:============================>      80%][Progress:=========================>    84%] [Cov:=============================>     83%][Progress:==========================>   88%] [Cov:=============================>     83%][Progress:============================> 94%] [Cov:=============================>     83%][Progress:=============================>98%] [Cov:=============================>     83%][Progress:==============================100%] [Cov:=============================>     83%]
* Search finished after 202s and 31 generations, 12436 statements, best individual has fitness: 45.0
* Generated before the refinement 9 tests with total length 38
statement is: showHelp()V type is: class org.evosuite.testcase.statements.MethodStatement return type void
statement code is: FSPathExplorer.showHelp()
test data is: FSPathExplorer.showHelp();

** It was a parseable test case! 
Improved test data is: class DummyClass {
    public static void main() {
        FSPathExplorer.showHelp("Opening the help window for a user who has never used the application before");
    }
}
statement is: FSPathExplorer.showHelp("Opening the help window for a user who has never used the application before"), class spoon.support.reflect.code.CtInvocationImpl
invocation is: FSPathExplorer.showHelp("Opening the help window for a user who has never used the application before") target is: FSPathExplorer method is: showHelp(java.lang.String)
statement is: org.evosuite.testcase.statements.ArrayStatement@a8830fe1 type is: class org.evosuite.testcase.statements.ArrayStatement return type class [Ljava.lang.String;
statement code is: String[] stringArray = new String[2]
statement is: org.evosuite.testcase.statements.AssignmentStatement@5d78e15c type is: class org.evosuite.testcase.statements.AssignmentStatement return type class java.lang.String
statement code is: stringArray[0] = "-p"
statement is: main([Ljava/lang/String;)V type is: class org.evosuite.testcase.statements.MethodStatement return type void
statement code is: FSPathExplorer.main(arg0)
test data is: String[] stringArray = new String[2];
stringArray[0] = "-p";
FSPathExplorer.main(stringArray);

** It was a parseable test case! 
Improved test data is: class DummyClass {
    public static void main() {
        String[] stringArray = new String[2];
        stringArray[0] = "--path-to-file";// Improved: added a more descriptive value for the first element in the array.

        FSPathExplorer.main(stringArray);
    }
}
statement is: String[] stringArray = new String[2], class spoon.support.reflect.code.CtLocalVariableImpl
class spoon.support.reflect.code.CtNewArrayImpl
Dimension: [2] Ct is: String[] stringArray = new String[2] isAssignment: false Array: new String[2] Elements: []
lengths: [2] [2]
Their type are: class [Ljava.lang.String; String[]
statement is: stringArray[0] = "--path-to-file"// Improved: added a more descriptive value for the first element in the array.
, class spoon.support.reflect.code.CtAssignmentImpl
Assigned : stringArray[0] Assigned Type class spoon.support.reflect.code.CtArrayWriteImpl String Assignment:"--path-to-file" Ct is: stringArray[0] = "--path-to-file"// Improved: added a more descriptive value for the first element in the array.

target : stringArray class spoon.support.reflect.code.CtLiteralImpl
statement is: FSPathExplorer.main(stringArray), class spoon.support.reflect.code.CtInvocationImpl
invocation is: FSPathExplorer.main(stringArray) target is: FSPathExplorer method is: main(java.lang.String[])
Matched Method is: main([Ljava/lang/String;)V
TestCase is: String[] stringArray = new String[2];
String string = "--path-to-file";
stringArray[0] = string;
FSPathExplorer.main(stringArray);

statement is: net.sf.sugar.fspath.cli.FSPathExplorer()V type is: class org.evosuite.testcase.statements.ConstructorStatement return type class net.sf.sugar.fspath.cli.FSPathExplorer
statement code is: FSPathExplorer fSPathExplorer = new FSPathExplorer()
statement is: org.evosuite.testcase.statements.ArrayStatement@8f6f79d1 type is: class org.evosuite.testcase.statements.ArrayStatement return type class [Ljava.lang.String;
statement code is: String[] stringArray = new String[7]
statement is: org.evosuite.testcase.statements.AssignmentStatement@d26c4e2e type is: class org.evosuite.testcase.statements.AssignmentStatement return type class java.lang.String
statement code is: stringArray[0] = "\n\nAttributes : (see javadoc for java.io.File for more info)"
statement is: org.evosuite.testcase.statements.AssignmentStatement@2e97c46b type is: class org.evosuite.testcase.statements.AssignmentStatement return type class java.lang.String
statement code is: stringArray[1] = "\t: "
statement is: org.evosuite.testcase.statements.AssignmentStatement@5aff76d8 type is: class org.evosuite.testcase.statements.AssignmentStatement return type class java.lang.String
statement code is: stringArray[2] = "p"
statement is: org.evosuite.testcase.statements.AssignmentStatement@3be838f6 type is: class org.evosuite.testcase.statements.AssignmentStatement return type class java.lang.String
statement code is: stringArray[3] = "-find"
statement is: configureExplorer([Ljava/lang/String;)V type is: class org.evosuite.testcase.statements.MethodStatement return type void
statement code is: fSPathExplorer.configureExplorer(arg0)
test data is: FSPathExplorer fSPathExplorer = new FSPathExplorer();
String[] stringArray = new String[7];
stringArray[0] = "\n\nAttributes : (see javadoc for java.io.File for more info)";
stringArray[1] = "\t: ";
stringArray[2] = "p";
stringArray[3] = "-find";
fSPathExplorer.configureExplorer(stringArray);

** It was a parseable test case! 
Improved test data is: class DummyClass {
    public static void main() {
        FSPathExplorer fSPathExplorer = new FSPathExplorer();
        String[] stringArray = new String[7];
        stringArray[0] = "\n\nAttributes : (see javadoc for java.io.File for more info)";
        stringArray[1] = "\t: ";
        stringArray[2] = "p";// this represents the path to the file or directory being explored

        stringArray[3] = "-find";// this represents a command-line argument that tells the program to search for a specific pattern in the files or directories

        fSPathExplorer.configureExplorer(stringArray);
    }
}
statement is: FSPathExplorer fSPathExplorer = new FSPathExplorer(), class spoon.support.reflect.code.CtLocalVariableImpl
class spoon.support.reflect.code.CtConstructorCallImpl
statement is: String[] stringArray = new String[7], class spoon.support.reflect.code.CtLocalVariableImpl
class spoon.support.reflect.code.CtNewArrayImpl
Dimension: [7] Ct is: String[] stringArray = new String[7] isAssignment: false Array: new String[7] Elements: []
lengths: [7] [7]
Their type are: class [Ljava.lang.String; String[]
statement is: stringArray[0] = "\n\nAttributes : (see javadoc for java.io.File for more info)", class spoon.support.reflect.code.CtAssignmentImpl
Assigned : stringArray[0] Assigned Type class spoon.support.reflect.code.CtArrayWriteImpl String Assignment:"\n\nAttributes : (see javadoc for java.io.File for more info)" Ct is: stringArray[0] = "\n\nAttributes : (see javadoc for java.io.File for more info)"
target : stringArray class spoon.support.reflect.code.CtLiteralImpl
statement is: stringArray[1] = "\t: ", class spoon.support.reflect.code.CtAssignmentImpl
Assigned : stringArray[1] Assigned Type class spoon.support.reflect.code.CtArrayWriteImpl String Assignment:"\t: " Ct is: stringArray[1] = "\t: "
target : stringArray class spoon.support.reflect.code.CtLiteralImpl
statement is: stringArray[2] = "p"// this represents the path to the file or directory being explored
, class spoon.support.reflect.code.CtAssignmentImpl
Assigned : stringArray[2] Assigned Type class spoon.support.reflect.code.CtArrayWriteImpl String Assignment:"p" Ct is: stringArray[2] = "p"// this represents the path to the file or directory being explored

target : stringArray class spoon.support.reflect.code.CtLiteralImpl
statement is: stringArray[3] = "-find"// this represents a command-line argument that tells the program to search for a specific pattern in the files or directories
, class spoon.support.reflect.code.CtAssignmentImpl
Assigned : stringArray[3] Assigned Type class spoon.support.reflect.code.CtArrayWriteImpl String Assignment:"-find" Ct is: stringArray[3] = "-find"// this represents a command-line argument that tells the program to search for a specific pattern in the files or directories

target : stringArray class spoon.support.reflect.code.CtLiteralImpl
statement is: fSPathExplorer.configureExplorer(stringArray), class spoon.support.reflect.code.CtInvocationImpl
invocation is: fSPathExplorer.configureExplorer(stringArray) target is: fSPathExplorer method is: configureExplorer(java.lang.String[])
source statement: net.sf.sugar.fspath.cli.FSPathExplorer()V callee: VariableReference: Statement 0, type net.sf.sugar.fspath.cli.FSPathExplorerindex is: 0
Matched Method is: configureExplorer([Ljava/lang/String;)V
TestCase is: FSPathExplorer fSPathExplorer = new FSPathExplorer();
String[] stringArray = new String[7];
String string = "\n\nAttributes : (see javadoc for java.io.File for more info)";
stringArray[0] = string;
String string = "\t: ";
stringArray[1] = string;
String string = "p";
stringArray[2] = string;
String string = "-find";
stringArray[3] = string;
fSPathExplorer.configureExplorer(stringArray);

statement is: org.evosuite.testcase.statements.ArrayStatement@88eb3f68 type is: class org.evosuite.testcase.statements.ArrayStatement return type class [Ljava.lang.String;
statement code is: String[] stringArray = new String[8]
statement is: org.evosuite.testcase.statements.AssignmentStatement@4d7fa139 type is: class org.evosuite.testcase.statements.AssignmentStatement return type class java.lang.String
statement code is: stringArray[0] = "OsdXR.E@1+g</&tgTx"
statement is: org.evosuite.testcase.statements.AssignmentStatement@5b7e3a76 type is: class org.evosuite.testcase.statements.AssignmentStatement return type class java.lang.String
statement code is: stringArray[1] = "-path"
statement is: org.evosuite.testcase.statements.AssignmentStatement@f8e38adf type is: class org.evosuite.testcase.statements.AssignmentStatement return type class java.lang.String
statement code is: stringArray[2] = "Ap\""
statement is: org.evosuite.testcase.statements.AssignmentStatement@4fbeebf type is: class org.evosuite.testcase.statements.AssignmentStatement return type class java.lang.String
statement code is: stringArray[3] = "Ap\""
statement is: org.evosuite.testcase.statements.AssignmentStatement@ca045295 type is: class org.evosuite.testcase.statements.AssignmentStatement return type class java.lang.String
statement code is: stringArray[4] = "OsdXR.E@1+g</&tgTx"
statement is: org.evosuite.testcase.statements.AssignmentStatement@b6122a67 type is: class org.evosuite.testcase.statements.AssignmentStatement return type class java.lang.String
statement code is: stringArray[5] = "GUX%%4Jjh"
statement is: org.evosuite.testcase.statements.AssignmentStatement@e9b15898 type is: class org.evosuite.testcase.statements.AssignmentStatement return type class java.lang.String
statement code is: stringArray[6] = "|i<7l=Z"
statement is: org.evosuite.testcase.statements.AssignmentStatement@10a657f9 type is: class org.evosuite.testcase.statements.AssignmentStatement return type class java.lang.String
statement code is: stringArray[7] = "Ap\""
statement is: main([Ljava/lang/String;)V type is: class org.evosuite.testcase.statements.MethodStatement return type void
statement code is: FSPathExplorer.main(arg0)
test data is: String[] stringArray = new String[8];
stringArray[0] = "OsdXR.E@1+g</&tgTx";
stringArray[1] = "-path";
stringArray[2] = "Ap\"";
stringArray[3] = "Ap\"";
stringArray[4] = "OsdXR.E@1+g</&tgTx";
stringArray[5] = "GUX%%4Jjh";
stringArray[6] = "|i<7l=Z";
stringArray[7] = "Ap\"";
FSPathExplorer.main(stringArray);

** It was a parseable test case! 
Improved test data is: class DummyClass {
    public static void main() {
        String[] stringArray = new String[8];
        stringArray[0] = "/home/user/Documents";
        stringArray[1] = "-path";
        stringArray[2] = "example.txt";
        stringArray[3] = "example2.docx";
        stringArray[4] = "/home/user/Documents";
        stringArray[5] = "example3.pdf";
        stringArray[6] = "/home/user/Downloads";
        stringArray[7] = "example4.txt";
        FSPathExplorer.main(stringArray);
    }
}
statement is: String[] stringArray = new String[8], class spoon.support.reflect.code.CtLocalVariableImpl
class spoon.support.reflect.code.CtNewArrayImpl
Dimension: [8] Ct is: String[] stringArray = new String[8] isAssignment: false Array: new String[8] Elements: []
lengths: [8] [8]
Their type are: class [Ljava.lang.String; String[]
statement is: stringArray[0] = "/home/user/Documents", class spoon.support.reflect.code.CtAssignmentImpl
Assigned : stringArray[0] Assigned Type class spoon.support.reflect.code.CtArrayWriteImpl String Assignment:"/home/user/Documents" Ct is: stringArray[0] = "/home/user/Documents"
target : stringArray class spoon.support.reflect.code.CtLiteralImpl
statement is: stringArray[1] = "-path", class spoon.support.reflect.code.CtAssignmentImpl
Assigned : stringArray[1] Assigned Type class spoon.support.reflect.code.CtArrayWriteImpl String Assignment:"-path" Ct is: stringArray[1] = "-path"
target : stringArray class spoon.support.reflect.code.CtLiteralImpl
statement is: stringArray[2] = "example.txt", class spoon.support.reflect.code.CtAssignmentImpl
Assigned : stringArray[2] Assigned Type class spoon.support.reflect.code.CtArrayWriteImpl String Assignment:"example.txt" Ct is: stringArray[2] = "example.txt"
target : stringArray class spoon.support.reflect.code.CtLiteralImpl
statement is: stringArray[3] = "example2.docx", class spoon.support.reflect.code.CtAssignmentImpl
Assigned : stringArray[3] Assigned Type class spoon.support.reflect.code.CtArrayWriteImpl String Assignment:"example2.docx" Ct is: stringArray[3] = "example2.docx"
target : stringArray class spoon.support.reflect.code.CtLiteralImpl
statement is: stringArray[4] = "/home/user/Documents", class spoon.support.reflect.code.CtAssignmentImpl
Assigned : stringArray[4] Assigned Type class spoon.support.reflect.code.CtArrayWriteImpl String Assignment:"/home/user/Documents" Ct is: stringArray[4] = "/home/user/Documents"
target : stringArray class spoon.support.reflect.code.CtLiteralImpl
statement is: stringArray[5] = "example3.pdf", class spoon.support.reflect.code.CtAssignmentImpl
Assigned : stringArray[5] Assigned Type class spoon.support.reflect.code.CtArrayWriteImpl String Assignment:"example3.pdf" Ct is: stringArray[5] = "example3.pdf"
target : stringArray class spoon.support.reflect.code.CtLiteralImpl
statement is: stringArray[6] = "/home/user/Downloads", class spoon.support.reflect.code.CtAssignmentImpl
Assigned : stringArray[6] Assigned Type class spoon.support.reflect.code.CtArrayWriteImpl String Assignment:"/home/user/Downloads" Ct is: stringArray[6] = "/home/user/Downloads"
target : stringArray class spoon.support.reflect.code.CtLiteralImpl
statement is: stringArray[7] = "example4.txt", class spoon.support.reflect.code.CtAssignmentImpl
Assigned : stringArray[7] Assigned Type class spoon.support.reflect.code.CtArrayWriteImpl String Assignment:"example4.txt" Ct is: stringArray[7] = "example4.txt"
target : stringArray class spoon.support.reflect.code.CtLiteralImpl
statement is: FSPathExplorer.main(stringArray), class spoon.support.reflect.code.CtInvocationImpl
invocation is: FSPathExplorer.main(stringArray) target is: FSPathExplorer method is: main(java.lang.String[])
Matched Method is: main([Ljava/lang/String;)V
TestCase is: String[] stringArray = new String[8];
String string = "/home/user/Documents";
stringArray[0] = string;
String string = "-path";
stringArray[1] = string;
String string = "example.txt";
stringArray[2] = string;
String string = "example2.docx";
stringArray[3] = string;
String string = "/home/user/Documents";
stringArray[4] = string;
String string = "example3.pdf";
stringArray[5] = string;
String string = "/home/user/Downloads";
stringArray[6] = string;
String string = "example4.txt";
stringArray[7] = string;
FSPathExplorer.main(stringArray);

statement is: addInputLine(Ljava/lang/String;)V type is: class org.evosuite.testcase.statements.MethodStatement return type void
statement code is: SystemInUtil.addInputLine("-f")
statement is: org.evosuite.testcase.statements.ArrayStatement@bf358097 type is: class org.evosuite.testcase.statements.ArrayStatement return type class [Ljava.lang.String;
statement code is: String[] stringArray = new String[6]
statement is: org.evosuite.testcase.statements.AssignmentStatement@a654353d type is: class org.evosuite.testcase.statements.AssignmentStatement return type class java.lang.String
statement code is: stringArray[0] = "-f"
statement is: org.evosuite.testcase.statements.AssignmentStatement@a0bdf139 type is: class org.evosuite.testcase.statements.AssignmentStatement return type class java.lang.String
statement code is: stringArray[1] = "-f"
statement is: org.evosuite.testcase.statements.AssignmentStatement@780c55a9 type is: class org.evosuite.testcase.statements.AssignmentStatement return type class java.lang.String
statement code is: stringArray[2] = "-f"
statement is: org.evosuite.testcase.statements.AssignmentStatement@96fbca76 type is: class org.evosuite.testcase.statements.AssignmentStatement return type class java.lang.String
statement code is: stringArray[3] = "-f"
statement is: org.evosuite.testcase.statements.AssignmentStatement@faa8f180 type is: class org.evosuite.testcase.statements.AssignmentStatement return type class java.lang.String
statement code is: stringArray[4] = "-f"
statement is: org.evosuite.testcase.statements.AssignmentStatement@15156190 type is: class org.evosuite.testcase.statements.AssignmentStatement return type class java.lang.String
statement code is: stringArray[5] = "8#OxL4w:ml"
statement is: main([Ljava/lang/String;)V type is: class org.evosuite.testcase.statements.MethodStatement return type void
statement code is: FSPathExplorer.main(arg0)
test data is: SystemInUtil.addInputLine("-f");
String[] stringArray = new String[6];
stringArray[0] = "-f";
stringArray[1] = "-f";
stringArray[2] = "-f";
stringArray[3] = "-f";
stringArray[4] = "-f";
stringArray[5] = "8#OxL4w:ml";
FSPathExplorer.main(stringArray);

** It was a parseable test case! 
Improved test data is: class DummyClass {
    public static void main() {
        SystemInUtil.addInputLine("-f");
        String[] stringArray = new String[6];
        stringArray[0] = "-f";
        stringArray[1] = "-f";
        stringArray[2] = "-f";
        stringArray[3] = "-f";
        stringArray[4] = "-f";
        stringArray[5] = "8#OxL4w:ml";
        FSPathExplorer.main(stringArray);
    }
}
statement is: SystemInUtil.addInputLine("-f"), class spoon.support.reflect.code.CtInvocationImpl
invocation is: SystemInUtil.addInputLine("-f") target is: SystemInUtil method is: addInputLine(java.lang.String)
Matched Method is: addInputLine(Ljava/lang/String;)V
statement is: String[] stringArray = new String[6], class spoon.support.reflect.code.CtLocalVariableImpl
class spoon.support.reflect.code.CtNewArrayImpl
Dimension: [6] Ct is: String[] stringArray = new String[6] isAssignment: false Array: new String[6] Elements: []
lengths: [6] [6]
Their type are: class [Ljava.lang.String; String[]
statement is: stringArray[0] = "-f", class spoon.support.reflect.code.CtAssignmentImpl
Assigned : stringArray[0] Assigned Type class spoon.support.reflect.code.CtArrayWriteImpl String Assignment:"-f" Ct is: stringArray[0] = "-f"
target : stringArray class spoon.support.reflect.code.CtLiteralImpl
TestCase Could not be added: org.evosuite.testcase.statements.AssignmentStatement@8bcb92cd
statement is: stringArray[1] = "-f", class spoon.support.reflect.code.CtAssignmentImpl
Assigned : stringArray[1] Assigned Type class spoon.support.reflect.code.CtArrayWriteImpl String Assignment:"-f" Ct is: stringArray[1] = "-f"
target : stringArray class spoon.support.reflect.code.CtLiteralImpl
TestCase Could not be added: org.evosuite.testcase.statements.AssignmentStatement@1e14909e
statement is: stringArray[2] = "-f", class spoon.support.reflect.code.CtAssignmentImpl
Assigned : stringArray[2] Assigned Type class spoon.support.reflect.code.CtArrayWriteImpl String Assignment:"-f" Ct is: stringArray[2] = "-f"
target : stringArray class spoon.support.reflect.code.CtLiteralImpl
TestCase Could not be added: org.evosuite.testcase.statements.AssignmentStatement@99296ab7
statement is: stringArray[3] = "-f", class spoon.support.reflect.code.CtAssignmentImpl
Assigned : stringArray[3] Assigned Type class spoon.support.reflect.code.CtArrayWriteImpl String Assignment:"-f" Ct is: stringArray[3] = "-f"
target : stringArray class spoon.support.reflect.code.CtLiteralImpl
TestCase Could not be added: org.evosuite.testcase.statements.AssignmentStatement@564d0733
statement is: stringArray[4] = "-f", class spoon.support.reflect.code.CtAssignmentImpl
Assigned : stringArray[4] Assigned Type class spoon.support.reflect.code.CtArrayWriteImpl String Assignment:"-f" Ct is: stringArray[4] = "-f"
target : stringArray class spoon.support.reflect.code.CtLiteralImpl
TestCase Could not be added: org.evosuite.testcase.statements.AssignmentStatement@4340ee10
statement is: stringArray[5] = "8#OxL4w:ml", class spoon.support.reflect.code.CtAssignmentImpl
Assigned : stringArray[5] Assigned Type class spoon.support.reflect.code.CtArrayWriteImpl String Assignment:"8#OxL4w:ml" Ct is: stringArray[5] = "8#OxL4w:ml"
target : stringArray class spoon.support.reflect.code.CtLiteralImpl
TestCase Could not be added: org.evosuite.testcase.statements.AssignmentStatement@a075cdfc
statement is: FSPathExplorer.main(stringArray), class spoon.support.reflect.code.CtInvocationImpl
invocation is: FSPathExplorer.main(stringArray) target is: FSPathExplorer method is: main(java.lang.String[])
Matched Method is: main([Ljava/lang/String;)V
* this is vulnerable: String string = "-f"
* this is vulnerable: String string = "-f"
* this is vulnerable: String string = "-f"
* this is vulnerable: String string = "-f"
* this is vulnerable: String string = "-f"
* this is vulnerable: String string = "8#OxL4w:ml"
TestCase is: String string = "-f";
SystemInUtil.addInputLine(string);
String[] stringArray = new String[6];
String string = "-f";
String string = "-f";
String string = "-f";
String string = "-f";
String string = "-f";
String string = "8#OxL4w:ml";
FSPathExplorer.main(stringArray);

statement is: org.evosuite.testcase.statements.ArrayStatement@17d6e2a type is: class org.evosuite.testcase.statements.ArrayStatement return type class [Ljava.lang.String;
statement code is: String[] stringArray = new String[0]
statement is: addInputLine(Ljava/lang/String;)V type is: class org.evosuite.testcase.statements.MethodStatement return type void
statement code is: SystemInUtil.addInputLine("exit")
statement is: main([Ljava/lang/String;)V type is: class org.evosuite.testcase.statements.MethodStatement return type void
statement code is: FSPathExplorer.main(arg0)
test data is: String[] stringArray = new String[0];
SystemInUtil.addInputLine("exit");
FSPathExplorer.main(stringArray);

** It was a parseable test case! 
Improved test data is: class DummyClass {
    public static void main() {
        // Improved test data
        String[] stringArray = new String[]{ "--help" };
        SystemInUtil.addInputLine("exit");
        FSPathExplorer.main(stringArray);
    }
}
statement is: // Improved test data
String[] stringArray = new String[]{ "--help" }, class spoon.support.reflect.code.CtLocalVariableImpl
class spoon.support.reflect.code.CtNewArrayImpl
Dimension: [] Ct is: String[] stringArray = new String[0] isAssignment: false Array: new String[]{ "--help" } Elements: ["--help"]
lengths: [0] []
statement is: SystemInUtil.addInputLine("exit"), class spoon.support.reflect.code.CtInvocationImpl
invocation is: SystemInUtil.addInputLine("exit") target is: SystemInUtil method is: addInputLine(java.lang.String)
Matched Method is: addInputLine(Ljava/lang/String;)V
statement is: FSPathExplorer.main(stringArray), class spoon.support.reflect.code.CtInvocationImpl
invocation is: FSPathExplorer.main(stringArray) target is: FSPathExplorer method is: main(java.lang.String[])
Matched Method is: main([Ljava/lang/String;)V
i 0 Parameters size() 0 Num of Method Parameters: 1
TestCase is: String string = "exit";
SystemInUtil.addInputLine(string);
String[] stringArray = null;
FSPathExplorer.main(stringArray);

statement is: net.sf.sugar.fspath.cli.FSPathExplorer()V type is: class org.evosuite.testcase.statements.ConstructorStatement return type class net.sf.sugar.fspath.cli.FSPathExplorer
statement code is: FSPathExplorer fSPathExplorer = new FSPathExplorer()
statement is: createFSPath()V type is: class org.evosuite.testcase.statements.MethodStatement return type void
statement code is: fSPathExplorer.createFSPath()
test data is: FSPathExplorer fSPathExplorer = new FSPathExplorer();
fSPathExplorer.createFSPath();

** It was a parseable test case! 
Improved test data is: class DummyClass {
    public static void main() {
        FSPathExplorer fSPathExplorer = new FSPathExplorer();
        fSPathExplorer.createFSPath("C:\\Users\\Public", "Downloads");
    }
}
statement is: FSPathExplorer fSPathExplorer = new FSPathExplorer(), class spoon.support.reflect.code.CtLocalVariableImpl
class spoon.support.reflect.code.CtConstructorCallImpl
statement is: fSPathExplorer.createFSPath("C:\\Users\\Public", "Downloads"), class spoon.support.reflect.code.CtInvocationImpl
invocation is: fSPathExplorer.createFSPath("C:\\Users\\Public", "Downloads") target is: fSPathExplorer method is: createFSPath(java.lang.String,java.lang.String)
TestCase is: FSPathExplorer fSPathExplorer = new FSPathExplorer();

statement is: showWelcome()V type is: class org.evosuite.testcase.statements.MethodStatement return type void
statement code is: FSPathExplorer.showWelcome()
test data is: FSPathExplorer.showWelcome();

** It was a parseable test case! 
Improved test data is: class DummyClass {
    public static void main() {
        FSPathExplorer.showWelcome("Welcome to FSPathExplorer!");
    }
}
statement is: FSPathExplorer.showWelcome("Welcome to FSPathExplorer!"), class spoon.support.reflect.code.CtInvocationImpl
invocation is: FSPathExplorer.showWelcome("Welcome to FSPathExplorer!") target is: FSPathExplorer method is: showWelcome(java.lang.String)
statement is: net.sf.sugar.fspath.cli.FSPathExplorer()V type is: class org.evosuite.testcase.statements.ConstructorStatement return type class net.sf.sugar.fspath.cli.FSPathExplorer
statement code is: FSPathExplorer fSPathExplorer = new FSPathExplorer()
statement is: start()V type is: class org.evosuite.testcase.statements.MethodStatement return type void
statement code is: fSPathExplorer.start()
test data is: FSPathExplorer fSPathExplorer = new FSPathExplorer();
fSPathExplorer.start();

** It was a parseable test case! 
Improved test data is: class DummyClass {
    public static void main() {
        // Improved test data
        FSPathExplorer fSPathExplorer = new FSPathExplorer();
        fSPathExplorer.setStartingPath("C:\\Users\\Public");
        fSPathExplorer.start();
    }
}
statement is: // Improved test data
FSPathExplorer fSPathExplorer = new FSPathExplorer(), class spoon.support.reflect.code.CtLocalVariableImpl
class spoon.support.reflect.code.CtConstructorCallImpl
statement is: fSPathExplorer.setStartingPath("C:\\Users\\Public"), class spoon.support.reflect.code.CtInvocationImpl
invocation is: fSPathExplorer.setStartingPath("C:\\Users\\Public") target is: fSPathExplorer method is: setStartingPath(java.lang.String)
statement is: fSPathExplorer.start(), class spoon.support.reflect.code.CtInvocationImpl
invocation is: fSPathExplorer.start() target is: fSPathExplorer method is: start()
source statement: net.sf.sugar.fspath.cli.FSPathExplorer()V callee: VariableReference: Statement 0, type net.sf.sugar.fspath.cli.FSPathExplorerindex is: 0
Matched Method is: start()V
TestCase is: FSPathExplorer fSPathExplorer = new FSPathExplorer();
fSPathExplorer.start();

* test suite isTestSuite: 16
Test 0: 
FSPathExplorer.showHelp();
Test 1: 
String[] stringArray = new String[2];
stringArray[0] = "-p";
// Undeclared exception!
try { 
  FSPathExplorer.main(stringArray);
  fail("Expecting exception: NullPointerException");

} catch(NullPointerException e) {
}

Test 2: 
FSPathExplorer fSPathExplorer = new FSPathExplorer();
String[] stringArray = new String[7];
stringArray[0] = "\n\nAttributes : (see javadoc for java.io.File for more info)";
stringArray[1] = "\t: ";
stringArray[2] = "p";
stringArray[3] = "-find";
// Undeclared exception!
try { 
  fSPathExplorer.configureExplorer(stringArray);
  fail("Expecting exception: NullPointerException");

} catch(NullPointerException e) {
}

Test 3: 
String[] stringArray = new String[8];
stringArray[0] = "OsdXR.E@1+g</&tgTx";
stringArray[1] = "-path";
stringArray[2] = "Ap\"";
stringArray[3] = "Ap\"";
stringArray[4] = "OsdXR.E@1+g</&tgTx";
stringArray[5] = "GUX%%4Jjh";
stringArray[6] = "|i<7l=Z";
stringArray[7] = "Ap\"";
// Undeclared exception!
try { 
  FSPathExplorer.main(stringArray);
  fail("Expecting exception: InstantiationError");

} catch(InstantiationError e) {
   //
   // the java.io.File specified must be a Directory
   //
   verifyException("net.sf.sugar.fspath.DefaultFSPath", e);
}

Test 4: 
SystemInUtil.addInputLine("-f");
String[] stringArray = new String[6];
stringArray[0] = "-f";
stringArray[1] = "-f";
stringArray[2] = "-f";
stringArray[3] = "-f";
stringArray[4] = "-f";
stringArray[5] = "8#OxL4w:ml";
// Undeclared exception!
FSPathExplorer.main(stringArray);
Test 5: 
String[] stringArray = new String[0];
SystemInUtil.addInputLine("exit");
FSPathExplorer.main(stringArray);
Test 6: 
FSPathExplorer fSPathExplorer = new FSPathExplorer();
fSPathExplorer.createFSPath();
Test 7: 
FSPathExplorer.showWelcome();
Test 8: 
FSPathExplorer fSPathExplorer = new FSPathExplorer();
// Undeclared exception!
try { 
  fSPathExplorer.start();
  fail("Expecting exception: NullPointerException");

} catch(NullPointerException e) {
   //
   // no message in exception (getMessage() returned null)
   //
}

Test 9: 
String[] stringArray = new String[2];
stringArray[0] = "--path-to-file";
FSPathExplorer.main(stringArray);

Test 10: 
FSPathExplorer fSPathExplorer = new FSPathExplorer();
String[] stringArray = new String[7];
stringArray[0] = "\n\nAttributes : (see javadoc for java.io.File for more info)";
stringArray[1] = "\t: ";
stringArray[2] = "p";
stringArray[3] = "-find";
fSPathExplorer.configureExplorer(stringArray);

Test 11: 
String[] stringArray = new String[8];
stringArray[0] = "/home/user/Documents";
stringArray[1] = "-path";
stringArray[2] = "example.txt";
stringArray[3] = "example2.docx";
stringArray[4] = "/home/user/Documents";
stringArray[5] = "example3.pdf";
stringArray[6] = "/home/user/Downloads";
stringArray[7] = "example4.txt";
FSPathExplorer.main(stringArray);

Test 12: 
SystemInUtil.addInputLine("-f");
String[] stringArray = new String[6];
FSPathExplorer.main(stringArray);

Test 13: 
SystemInUtil.addInputLine("exit");
FSPathExplorer.main((String[]) null);

Test 14: 
FSPathExplorer fSPathExplorer = new FSPathExplorer();

Test 15: 
FSPathExplorer fSPathExplorer = new FSPathExplorer();
fSPathExplorer.start();


* Generated after the refinement and before minimization 16 tests with total length 66
* test suite isTestSuite: 16
Test 0: 
FSPathExplorer.showHelp();
Test 1: 
String[] stringArray = new String[2];
stringArray[0] = "-p";
// Undeclared exception!
try { 
  FSPathExplorer.main(stringArray);
  fail("Expecting exception: NullPointerException");

} catch(NullPointerException e) {
}

Test 2: 
FSPathExplorer fSPathExplorer = new FSPathExplorer();
String[] stringArray = new String[7];
stringArray[0] = "\n\nAttributes : (see javadoc for java.io.File for more info)";
stringArray[1] = "\t: ";
stringArray[2] = "p";
stringArray[3] = "-find";
// Undeclared exception!
try { 
  fSPathExplorer.configureExplorer(stringArray);
  fail("Expecting exception: NullPointerException");

} catch(NullPointerException e) {
}

Test 3: 
String[] stringArray = new String[8];
stringArray[0] = "OsdXR.E@1+g</&tgTx";
stringArray[1] = "-path";
stringArray[2] = "Ap\"";
stringArray[3] = "Ap\"";
stringArray[4] = "OsdXR.E@1+g</&tgTx";
stringArray[5] = "GUX%%4Jjh";
stringArray[6] = "|i<7l=Z";
stringArray[7] = "Ap\"";
// Undeclared exception!
try { 
  FSPathExplorer.main(stringArray);
  fail("Expecting exception: InstantiationError");

} catch(InstantiationError e) {
   //
   // the java.io.File specified must be a Directory
   //
   verifyException("net.sf.sugar.fspath.DefaultFSPath", e);
}

Test 4: 
SystemInUtil.addInputLine("-f");
String[] stringArray = new String[6];
stringArray[0] = "-f";
stringArray[1] = "-f";
stringArray[2] = "-f";
stringArray[3] = "-f";
stringArray[4] = "-f";
stringArray[5] = "8#OxL4w:ml";
// Undeclared exception!
FSPathExplorer.main(stringArray);
Test 5: 
String[] stringArray = new String[0];
SystemInUtil.addInputLine("exit");
FSPathExplorer.main(stringArray);
Test 6: 
FSPathExplorer fSPathExplorer = new FSPathExplorer();
fSPathExplorer.createFSPath();
Test 7: 
FSPathExplorer.showWelcome();
Test 8: 
FSPathExplorer fSPathExplorer = new FSPathExplorer();
// Undeclared exception!
try { 
  fSPathExplorer.start();
  fail("Expecting exception: NullPointerException");

} catch(NullPointerException e) {
   //
   // no message in exception (getMessage() returned null)
   //
}

Test 9: 
String[] stringArray = new String[2];
stringArray[0] = "--path-to-file";
FSPathExplorer.main(stringArray);

Test 10: 
FSPathExplorer fSPathExplorer = new FSPathExplorer();
String[] stringArray = new String[7];
stringArray[0] = "\n\nAttributes : (see javadoc for java.io.File for more info)";
stringArray[1] = "\t: ";
stringArray[2] = "p";
stringArray[3] = "-find";
fSPathExplorer.configureExplorer(stringArray);

Test 11: 
String[] stringArray = new String[8];
stringArray[0] = "/home/user/Documents";
stringArray[1] = "-path";
stringArray[2] = "example.txt";
stringArray[3] = "example2.docx";
stringArray[4] = "/home/user/Documents";
stringArray[5] = "example3.pdf";
stringArray[6] = "/home/user/Downloads";
stringArray[7] = "example4.txt";
FSPathExplorer.main(stringArray);

Test 12: 
SystemInUtil.addInputLine("-f");
String[] stringArray = new String[6];
FSPathExplorer.main(stringArray);

Test 13: 
SystemInUtil.addInputLine("exit");
FSPathExplorer.main((String[]) null);

Test 14: 
FSPathExplorer fSPathExplorer = new FSPathExplorer();

Test 15: 
FSPathExplorer fSPathExplorer = new FSPathExplorer();
fSPathExplorer.start();


* Minimizing test suite
* test suite isTestSuite: 9
Test 0: 
FSPathExplorer fSPathExplorer = new FSPathExplorer();
String[] stringArray = new String[7];
stringArray[0] = "\n\nAttributes : (see javadoc for java.io.File for more info)";
stringArray[1] = "\t: ";
stringArray[2] = "p";
stringArray[3] = "-find";
// Undeclared exception!
try { 
  fSPathExplorer.configureExplorer(stringArray);
  fail("Expecting exception: NullPointerException");

} catch(NullPointerException e) {
}

Test 1: 
FSPathExplorer.showHelp();
Test 2: 
String[] stringArray = new String[8];
stringArray[0] = "/home/user/Documents";
stringArray[1] = "-path";
stringArray[2] = "example.txt";
stringArray[3] = "example2.docx";
stringArray[4] = "/home/user/Documents";
stringArray[5] = "example3.pdf";
stringArray[6] = "/home/user/Downloads";
stringArray[7] = "example4.txt";
// Undeclared exception!
try { 
  FSPathExplorer.main(stringArray);
  fail("Expecting exception: InstantiationError");

} catch(InstantiationError e) {
   //
   // the java.io.File specified must be a Directory
   //
   verifyException("net.sf.sugar.fspath.DefaultFSPath", e);
}

Test 3: 
String[] stringArray = new String[2];
stringArray[0] = "-p";
// Undeclared exception!
try { 
  FSPathExplorer.main(stringArray);
  fail("Expecting exception: NullPointerException");

} catch(NullPointerException e) {
}

Test 4: 
String[] stringArray = new String[0];
SystemInUtil.addInputLine("exit");
FSPathExplorer.main(stringArray);
Test 5: 
SystemInUtil.addInputLine("-f");
String[] stringArray = new String[6];
stringArray[0] = "-f";
stringArray[1] = "-f";
stringArray[2] = "-f";
stringArray[3] = "-f";
stringArray[4] = "-f";
stringArray[5] = "8#OxL4w:ml";
// Undeclared exception!
FSPathExplorer.main(stringArray);
Test 6: 
FSPathExplorer fSPathExplorer = new FSPathExplorer();
fSPathExplorer.createFSPath();
Test 7: 
FSPathExplorer.showWelcome();
Test 8: 
FSPathExplorer fSPathExplorer = new FSPathExplorer();
// Undeclared exception!
try { 
  fSPathExplorer.start();
  fail("Expecting exception: NullPointerException");

} catch(NullPointerException e) {
   //
   // no message in exception (getMessage() returned null)
   //
}


* Going to analyze the coverage criteria
* Coverage analysis for criterion BRANCH
* Coverage of criterion BRANCH: 69%
* Total number of goals: 51
* Number of covered goals: 35
* Coverage analysis for criterion LINE
* Coverage of criterion LINE: 83%
* Total number of goals: 75
* Number of covered goals: 62
* Coverage analysis for criterion OUTPUT
* Coverage of criterion OUTPUT: 100% (no goals)
* Coverage analysis for criterion METHOD
* Coverage of criterion METHOD: 100%
* Total number of goals: 7
* Number of covered goals: 7
* Coverage analysis for criterion CBRANCH
* Coverage of criterion CBRANCH: 69%
* Total number of goals: 51
* Number of covered goals: 35
* Generated 9 tests with total length 38
* Resulting test suite's coverage: 84% (average coverage for all fitness functions)
* Generating assertions
* Resulting test suite's mutation score: 18%
* Compiling and checking tests
Going to execute: removeTestsThatDoNotCompile
* Compiling Tests
** Write a test suite: 0 called: 0 to improve: false
* Compiling Tests
** Write a test suite: 0 called: 0 to improve: true
** Improve Understandability: ** Test Code is: FSPathExplorer fSPathExplorer = new FSPathExplorer();
String[] arg0 = new String[7];
arg0[0] = "\n\nAttributes : (see javadoc for java.io.File for more info)";
arg0[1] = "\t: ";
arg0[2] = "p";
arg0[3] = "-find";
// Undeclared exception!
try { 
  fSPathExplorer.configureExplorer(arg0);
  fail("Expecting exception: NullPointerException");

} catch(NullPointerException e) {
}


** It was a parseable test case! 
refined test name is: testConfigureExplorerInvalidArgument
* Compiling Tests
** Write a test suite: 0 called: 0 to improve: false
* Compiling Tests
** Write a test suite: 0 called: 0 to improve: true
** Improve Understandability: ** Test Code is: FSPathExplorer.showHelp();

** It was a parseable test case! 
refined test name is: testShowHelpMethod
* Compiling Tests
** Write a test suite: 0 called: 0 to improve: false
* Compiling Tests
** Write a test suite: 0 called: 0 to improve: true
** Improve Understandability: ** Test Code is: String[] arg0 = new String[8];
arg0[0] = "/home/user/Documents";
arg0[1] = "-path";
arg0[2] = "example.txt";
arg0[3] = "example2.docx";
arg0[4] = "/home/user/Documents";
arg0[5] = "example3.pdf";
arg0[6] = "/home/user/Downloads";
arg0[7] = "example4.txt";
// Undeclared exception!
try { 
  FSPathExplorer.main(arg0);
  fail("Expecting exception: InstantiationError");

} catch(InstantiationError e) {
   //
   // the java.io.File specified must be a Directory
   //
   verifyException("net.sf.sugar.fspath.DefaultFSPath", e);
}


** It was a parseable test case! 
refined test name is: testFSPathExplorerWithNonDirectoryException
* Compiling Tests
** Write a test suite: 0 called: 0 to improve: false
* Compiling Tests
** Write a test suite: 0 called: 0 to improve: true
** Improve Understandability: ** Test Code is: String[] arg0 = new String[2];
arg0[0] = "-p";
// Undeclared exception!
try { 
  FSPathExplorer.main(arg0);
  fail("Expecting exception: NullPointerException");

} catch(NullPointerException e) {
}


** It was a parseable test case! 
refined test name is: testNullPointerExceptionOnMainWithInvalidArguments
* Compiling Tests
** Write a test suite: 0 called: 0 to improve: false
* Compiling Tests
** Write a test suite: 0 called: 0 to improve: true
** Improve Understandability: ** Test Code is: String[] arg0 = new String[0];
SystemInUtil.addInputLine("exit");
FSPathExplorer.main(arg0);
assertEquals(0, arg0.length);


** It was a parseable test case! 
refined test name is: testExitWithValidInput
* Compiling Tests
refined test name is: testProgramExitsSuccessfully
* Compiling Tests
** Write a test suite: 0 called: 0 to improve: false
* Compiling Tests
** Write a test suite: 0 called: 0 to improve: true
** Improve Understandability: ** Test Code is: SystemInUtil.addInputLine("-f");
String[] arg0 = new String[6];
arg0[0] = "-f";
arg0[1] = "-f";
arg0[2] = "-f";
arg0[3] = "-f";
arg0[4] = "-f";
arg0[5] = "8#OxL4w:ml";
// Undeclared exception!
FSPathExplorer.main(arg0);

** It was a parseable test case! 
refined test name is: testFSPathExplorerInvalidArgument
* Compiling Tests
refined test name is: testInvalidArgumentThrowsParseException
* Compiling Tests
** Write a test suite: 0 called: 0 to improve: false
* Compiling Tests
** Write a test suite: 0 called: 0 to improve: true
** Improve Understandability: ** Test Code is: FSPathExplorer fSPathExplorer = new FSPathExplorer();
fSPathExplorer.createFSPath();

** It was a parseable test case! 
refined test name is: testValidDirectoryPath
* Compiling Tests
refined test name is: testCreateValidDirectoryPath
* Compiling Tests
** Write a test suite: 0 called: 0 to improve: false
* Compiling Tests
** Write a test suite: 0 called: 0 to improve: true
** Improve Understandability: ** Test Code is: FSPathExplorer.showWelcome();

** It was a parseable test case! 
refined test name is: testWelcomeButtonClick
* Compiling Tests
refined test name is: testWelcomeMessageDisplaysAfterButtonClick
* Compiling Tests
** Write a test suite: 0 called: 0 to improve: false
* Compiling Tests
** Write a test suite: 0 called: 0 to improve: true
** Improve Understandability: ** Test Code is: FSPathExplorer fSPathExplorer = new FSPathExplorer();
// Undeclared exception!
try { 
  fSPathExplorer.start();
  fail("Expecting exception: NullPointerException");

} catch(NullPointerException e) {
   //
   // no message in exception (getMessage() returned null)
   //
}


** It was a parseable test case! 
refined test name is: testStartMethodThrowsNPEWhenCalledWithoutArguments
Going to execute: handleTestsThatAreUnstable
* Compiling Tests
[MASTER] 18:46:47.122 [logback-1] WARN  AgentLoader - Failed to find EvoSuite jar in current classloader. URLs of classloader:
file:/root/.sdkman/candidates/java/8.0.333.fx-librca/jre/../lib/tools.jar
file:/root/.sdkman/candidates/java/8.0.333.fx-librca/jre/lib/ext/cldrdata.jar
file:/root/.sdkman/candidates/java/8.0.333.fx-librca/jre/lib/ext/sunec.jar
file:/root/.sdkman/candidates/java/8.0.333.fx-librca/jre/lib/ext/localedata.jar
file:/root/.sdkman/candidates/java/8.0.333.fx-librca/jre/lib/ext/jaccess.jar
file:/root/.sdkman/candidates/java/8.0.333.fx-librca/jre/lib/ext/dnsns.jar
file:/tmp/EvoSuite_pathingJar7932431779917341082.jar
file:/root/.sdkman/candidates/java/8.0.333.fx-librca/jre/lib/ext/sunpkcs11.jar
file:/root/.sdkman/candidates/java/8.0.333.fx-librca/jre/lib/ext/zipfs.jar
file:/root/.sdkman/candidates/java/8.0.333.fx-librca/jre/lib/ext/jfxrt.jar
file:/root/.sdkman/candidates/java/8.0.333.fx-librca/jre/lib/ext/sunjce_provider.jar
file:/root/.sdkman/candidates/java/8.0.333.fx-librca/jre/lib/ext/nashorn.jar
[MASTER] 18:46:47.146 [logback-1] WARN  JUnitAnalyzer - Found unstable test named initializationError -> class java.lang.RuntimeException: Cannot find either the compilation target folder nor the EvoSuite jar in classpath: /tmp/EvoSuite_pathingJar7932431779917341082.jar
Going to execute: handleTestsThatAreUnstable
* Compiling Tests
[MASTER] 18:46:47.216 [logback-1] WARN  AgentLoader - Failed to find EvoSuite jar in current classloader. URLs of classloader:
file:/root/.sdkman/candidates/java/8.0.333.fx-librca/jre/../lib/tools.jar
file:/root/.sdkman/candidates/java/8.0.333.fx-librca/jre/lib/ext/cldrdata.jar
file:/root/.sdkman/candidates/java/8.0.333.fx-librca/jre/lib/ext/sunec.jar
file:/root/.sdkman/candidates/java/8.0.333.fx-librca/jre/lib/ext/localedata.jar
file:/root/.sdkman/candidates/java/8.0.333.fx-librca/jre/lib/ext/jaccess.jar
file:/root/.sdkman/candidates/java/8.0.333.fx-librca/jre/lib/ext/dnsns.jar
file:/tmp/EvoSuite_pathingJar7932431779917341082.jar
file:/root/.sdkman/candidates/java/8.0.333.fx-librca/jre/lib/ext/sunpkcs11.jar
file:/root/.sdkman/candidates/java/8.0.333.fx-librca/jre/lib/ext/zipfs.jar
file:/root/.sdkman/candidates/java/8.0.333.fx-librca/jre/lib/ext/jfxrt.jar
file:/root/.sdkman/candidates/java/8.0.333.fx-librca/jre/lib/ext/sunjce_provider.jar
file:/root/.sdkman/candidates/java/8.0.333.fx-librca/jre/lib/ext/nashorn.jar
[MASTER] 18:46:47.217 [logback-1] WARN  JUnitAnalyzer - Found unstable test named initializationError -> class java.lang.RuntimeException: Cannot find either the compilation target folder nor the EvoSuite jar in classpath: /tmp/EvoSuite_pathingJar7932431779917341082.jar
Going to execute: handleTestsThatAreUnstable
* Compiling Tests
[MASTER] 18:46:47.266 [logback-1] WARN  AgentLoader - Failed to find EvoSuite jar in current classloader. URLs of classloader:
file:/root/.sdkman/candidates/java/8.0.333.fx-librca/jre/../lib/tools.jar
file:/root/.sdkman/candidates/java/8.0.333.fx-librca/jre/lib/ext/cldrdata.jar
file:/root/.sdkman/candidates/java/8.0.333.fx-librca/jre/lib/ext/sunec.jar
file:/root/.sdkman/candidates/java/8.0.333.fx-librca/jre/lib/ext/localedata.jar
file:/root/.sdkman/candidates/java/8.0.333.fx-librca/jre/lib/ext/jaccess.jar
file:/root/.sdkman/candidates/java/8.0.333.fx-librca/jre/lib/ext/dnsns.jar
file:/tmp/EvoSuite_pathingJar7932431779917341082.jar
file:/root/.sdkman/candidates/java/8.0.333.fx-librca/jre/lib/ext/sunpkcs11.jar
file:/root/.sdkman/candidates/java/8.0.333.fx-librca/jre/lib/ext/zipfs.jar
file:/root/.sdkman/candidates/java/8.0.333.fx-librca/jre/lib/ext/jfxrt.jar
file:/root/.sdkman/candidates/java/8.0.333.fx-librca/jre/lib/ext/sunjce_provider.jar
file:/root/.sdkman/candidates/java/8.0.333.fx-librca/jre/lib/ext/nashorn.jar
[MASTER] 18:46:47.267 [logback-1] WARN  JUnitAnalyzer - Found unstable test named initializationError -> class java.lang.RuntimeException: Cannot find either the compilation target folder nor the EvoSuite jar in classpath: /tmp/EvoSuite_pathingJar7932431779917341082.jar
Going to execute: handleTestsThatAreUnstable
* Compiling Tests
[MASTER] 18:46:47.325 [logback-1] WARN  AgentLoader - Failed to find EvoSuite jar in current classloader. URLs of classloader:
file:/root/.sdkman/candidates/java/8.0.333.fx-librca/jre/../lib/tools.jar
file:/root/.sdkman/candidates/java/8.0.333.fx-librca/jre/lib/ext/cldrdata.jar
file:/root/.sdkman/candidates/java/8.0.333.fx-librca/jre/lib/ext/sunec.jar
file:/root/.sdkman/candidates/java/8.0.333.fx-librca/jre/lib/ext/localedata.jar
file:/root/.sdkman/candidates/java/8.0.333.fx-librca/jre/lib/ext/jaccess.jar
file:/root/.sdkman/candidates/java/8.0.333.fx-librca/jre/lib/ext/dnsns.jar
file:/tmp/EvoSuite_pathingJar7932431779917341082.jar
file:/root/.sdkman/candidates/java/8.0.333.fx-librca/jre/lib/ext/sunpkcs11.jar
file:/root/.sdkman/candidates/java/8.0.333.fx-librca/jre/lib/ext/zipfs.jar
file:/root/.sdkman/candidates/java/8.0.333.fx-librca/jre/lib/ext/jfxrt.jar
file:/root/.sdkman/candidates/java/8.0.333.fx-librca/jre/lib/ext/sunjce_provider.jar
file:/root/.sdkman/candidates/java/8.0.333.fx-librca/jre/lib/ext/nashorn.jar
[MASTER] 18:46:47.326 [logback-1] WARN  JUnitAnalyzer - Found unstable test named initializationError -> class java.lang.RuntimeException: Cannot find either the compilation target folder nor the EvoSuite jar in classpath: /tmp/EvoSuite_pathingJar7932431779917341082.jar
Going to execute: handleTestsThatAreUnstable
* Compiling Tests
** Write a test suite: 0 called: 0 to improve: false
[MASTER] 18:46:47.379 [logback-1] WARN  AgentLoader - Failed to find EvoSuite jar in current classloader. URLs of classloader:
file:/root/.sdkman/candidates/java/8.0.333.fx-librca/jre/../lib/tools.jar
file:/root/.sdkman/candidates/java/8.0.333.fx-librca/jre/lib/ext/cldrdata.jar
file:/root/.sdkman/candidates/java/8.0.333.fx-librca/jre/lib/ext/sunec.jar
file:/root/.sdkman/candidates/java/8.0.333.fx-librca/jre/lib/ext/localedata.jar
file:/root/.sdkman/candidates/java/8.0.333.fx-librca/jre/lib/ext/jaccess.jar
file:/root/.sdkman/candidates/java/8.0.333.fx-librca/jre/lib/ext/dnsns.jar
file:/tmp/EvoSuite_pathingJar7932431779917341082.jar
file:/root/.sdkman/candidates/java/8.0.333.fx-librca/jre/lib/ext/sunpkcs11.jar
file:/root/.sdkman/candidates/java/8.0.333.fx-librca/jre/lib/ext/zipfs.jar
file:/root/.sdkman/candidates/java/8.0.333.fx-librca/jre/lib/ext/jfxrt.jar
file:/root/.sdkman/candidates/java/8.0.333.fx-librca/jre/lib/ext/sunjce_provider.jar
file:/root/.sdkman/candidates/java/8.0.333.fx-librca/jre/lib/ext/nashorn.jar
[MASTER] 18:46:47.380 [logback-1] WARN  JUnitAnalyzer - Found unstable test named initializationError -> class java.lang.RuntimeException: Cannot find either the compilation target folder nor the EvoSuite jar in classpath: /tmp/EvoSuite_pathingJar7932431779917341082.jar
Going to execute: handleTestsThatAreUnstable
* Compiling Tests
** Write a test suite: 0 called: 0 to improve: false
[MASTER] 18:46:48.678 [logback-1] WARN  AgentLoader - Failed to find EvoSuite jar in current classloader. URLs of classloader:
file:/root/.sdkman/candidates/java/8.0.333.fx-librca/jre/../lib/tools.jar
file:/root/.sdkman/candidates/java/8.0.333.fx-librca/jre/lib/ext/cldrdata.jar
file:/root/.sdkman/candidates/java/8.0.333.fx-librca/jre/lib/ext/sunec.jar
file:/root/.sdkman/candidates/java/8.0.333.fx-librca/jre/lib/ext/localedata.jar
file:/root/.sdkman/candidates/java/8.0.333.fx-librca/jre/lib/ext/jaccess.jar
file:/root/.sdkman/candidates/java/8.0.333.fx-librca/jre/lib/ext/dnsns.jar
file:/tmp/EvoSuite_pathingJar7932431779917341082.jar
file:/root/.sdkman/candidates/java/8.0.333.fx-librca/jre/lib/ext/sunpkcs11.jar
file:/root/.sdkman/candidates/java/8.0.333.fx-librca/jre/lib/ext/zipfs.jar
file:/root/.sdkman/candidates/java/8.0.333.fx-librca/jre/lib/ext/jfxrt.jar
file:/root/.sdkman/candidates/java/8.0.333.fx-librca/jre/lib/ext/sunjce_provider.jar
file:/root/.sdkman/candidates/java/8.0.333.fx-librca/jre/lib/ext/nashorn.jar
[MASTER] 18:46:48.679 [logback-1] WARN  JUnitAnalyzer - Found unstable test named initializationError -> class java.lang.RuntimeException: Cannot find either the compilation target folder nor the EvoSuite jar in classpath: /tmp/EvoSuite_pathingJar7932431779917341082.jar
Going to execute: handleTestsThatAreUnstable
* Compiling Tests
** Write a test suite: 0 called: 0 to improve: false
[MASTER] 18:46:48.735 [logback-1] WARN  AgentLoader - Failed to find EvoSuite jar in current classloader. URLs of classloader:
file:/root/.sdkman/candidates/java/8.0.333.fx-librca/jre/../lib/tools.jar
file:/root/.sdkman/candidates/java/8.0.333.fx-librca/jre/lib/ext/cldrdata.jar
file:/root/.sdkman/candidates/java/8.0.333.fx-librca/jre/lib/ext/sunec.jar
file:/root/.sdkman/candidates/java/8.0.333.fx-librca/jre/lib/ext/localedata.jar
file:/root/.sdkman/candidates/java/8.0.333.fx-librca/jre/lib/ext/jaccess.jar
file:/root/.sdkman/candidates/java/8.0.333.fx-librca/jre/lib/ext/dnsns.jar
file:/tmp/EvoSuite_pathingJar7932431779917341082.jar
file:/root/.sdkman/candidates/java/8.0.333.fx-librca/jre/lib/ext/sunpkcs11.jar
file:/root/.sdkman/candidates/java/8.0.333.fx-librca/jre/lib/ext/zipfs.jar
file:/root/.sdkman/candidates/java/8.0.333.fx-librca/jre/lib/ext/jfxrt.jar
file:/root/.sdkman/candidates/java/8.0.333.fx-librca/jre/lib/ext/sunjce_provider.jar
file:/root/.sdkman/candidates/java/8.0.333.fx-librca/jre/lib/ext/nashorn.jar
[MASTER] 18:46:48.736 [logback-1] WARN  JUnitAnalyzer - Found unstable test named initializationError -> class java.lang.RuntimeException: Cannot find either the compilation target folder nor the EvoSuite jar in classpath: /tmp/EvoSuite_pathingJar7932431779917341082.jar
Going to execute: handleTestsThatAreUnstable
* Compiling Tests
** Write a test suite: 0 called: 0 to improve: false
[MASTER] 18:46:48.806 [logback-1] WARN  AgentLoader - Failed to find EvoSuite jar in current classloader. URLs of classloader:
file:/root/.sdkman/candidates/java/8.0.333.fx-librca/jre/../lib/tools.jar
file:/root/.sdkman/candidates/java/8.0.333.fx-librca/jre/lib/ext/cldrdata.jar
file:/root/.sdkman/candidates/java/8.0.333.fx-librca/jre/lib/ext/sunec.jar
file:/root/.sdkman/candidates/java/8.0.333.fx-librca/jre/lib/ext/localedata.jar
file:/root/.sdkman/candidates/java/8.0.333.fx-librca/jre/lib/ext/jaccess.jar
file:/root/.sdkman/candidates/java/8.0.333.fx-librca/jre/lib/ext/dnsns.jar
file:/tmp/EvoSuite_pathingJar7932431779917341082.jar
file:/root/.sdkman/candidates/java/8.0.333.fx-librca/jre/lib/ext/sunpkcs11.jar
file:/root/.sdkman/candidates/java/8.0.333.fx-librca/jre/lib/ext/zipfs.jar
file:/root/.sdkman/candidates/java/8.0.333.fx-librca/jre/lib/ext/jfxrt.jar
file:/root/.sdkman/candidates/java/8.0.333.fx-librca/jre/lib/ext/sunjce_provider.jar
file:/root/.sdkman/candidates/java/8.0.333.fx-librca/jre/lib/ext/nashorn.jar
[MASTER] 18:46:48.806 [logback-1] WARN  JUnitAnalyzer - Found unstable test named initializationError -> class java.lang.RuntimeException: Cannot find either the compilation target folder nor the EvoSuite jar in classpath: /tmp/EvoSuite_pathingJar7932431779917341082.jar
Going to execute: handleTestsThatAreUnstable
* Compiling Tests
[MASTER] 18:46:48.875 [logback-1] WARN  AgentLoader - Failed to find EvoSuite jar in current classloader. URLs of classloader:
file:/root/.sdkman/candidates/java/8.0.333.fx-librca/jre/../lib/tools.jar
file:/root/.sdkman/candidates/java/8.0.333.fx-librca/jre/lib/ext/cldrdata.jar
file:/root/.sdkman/candidates/java/8.0.333.fx-librca/jre/lib/ext/sunec.jar
file:/root/.sdkman/candidates/java/8.0.333.fx-librca/jre/lib/ext/localedata.jar
file:/root/.sdkman/candidates/java/8.0.333.fx-librca/jre/lib/ext/jaccess.jar
file:/root/.sdkman/candidates/java/8.0.333.fx-librca/jre/lib/ext/dnsns.jar
file:/tmp/EvoSuite_pathingJar7932431779917341082.jar
file:/root/.sdkman/candidates/java/8.0.333.fx-librca/jre/lib/ext/sunpkcs11.jar
file:/root/.sdkman/candidates/java/8.0.333.fx-librca/jre/lib/ext/zipfs.jar
file:/root/.sdkman/candidates/java/8.0.333.fx-librca/jre/lib/ext/jfxrt.jar
file:/root/.sdkman/candidates/java/8.0.333.fx-librca/jre/lib/ext/sunjce_provider.jar
file:/root/.sdkman/candidates/java/8.0.333.fx-librca/jre/lib/ext/nashorn.jar
[MASTER] 18:46:48.876 [logback-1] WARN  JUnitAnalyzer - Found unstable test named initializationError -> class java.lang.RuntimeException: Cannot find either the compilation target folder nor the EvoSuite jar in classpath: /tmp/EvoSuite_pathingJar7932431779917341082.jar
Going to execute: handleTestsThatAreUnstable
* Compiling Tests
** Write a test suite: 4 called: 0 to improve: false
** Write a test suite: 5 called: 1 to improve: false
** Write a test suite: 6 called: 2 to improve: false
** Write a test suite: 7 called: 3 to improve: false
[MASTER] 18:46:50.657 [logback-1] WARN  AgentLoader - Failed to find EvoSuite jar in current classloader. URLs of classloader:
file:/root/.sdkman/candidates/java/8.0.333.fx-librca/jre/../lib/tools.jar
file:/root/.sdkman/candidates/java/8.0.333.fx-librca/jre/lib/ext/cldrdata.jar
file:/root/.sdkman/candidates/java/8.0.333.fx-librca/jre/lib/ext/sunec.jar
file:/root/.sdkman/candidates/java/8.0.333.fx-librca/jre/lib/ext/localedata.jar
file:/root/.sdkman/candidates/java/8.0.333.fx-librca/jre/lib/ext/jaccess.jar
file:/root/.sdkman/candidates/java/8.0.333.fx-librca/jre/lib/ext/dnsns.jar
file:/tmp/EvoSuite_pathingJar7932431779917341082.jar
file:/root/.sdkman/candidates/java/8.0.333.fx-librca/jre/lib/ext/sunpkcs11.jar
file:/root/.sdkman/candidates/java/8.0.333.fx-librca/jre/lib/ext/zipfs.jar
file:/root/.sdkman/candidates/java/8.0.333.fx-librca/jre/lib/ext/jfxrt.jar
file:/root/.sdkman/candidates/java/8.0.333.fx-librca/jre/lib/ext/sunjce_provider.jar
file:/root/.sdkman/candidates/java/8.0.333.fx-librca/jre/lib/ext/nashorn.jar
[MASTER] 18:46:50.659 [logback-1] WARN  JUnitAnalyzer - Found unstable test named initializationError -> class java.lang.RuntimeException: Cannot find either the compilation target folder nor the EvoSuite jar in classpath: /tmp/EvoSuite_pathingJar7932431779917341082.jar
Going to execute: handleTestsThatAreUnstable
* Compiling Tests
** Write a test suite: 1 called: 0 to improve: false
** Write a test suite: 2 called: 1 to improve: false
** Write a test suite: 3 called: 2 to improve: false
** Write a test suite: 4 called: 3 to improve: false
[MASTER] 18:46:52.325 [logback-1] WARN  AgentLoader - Failed to find EvoSuite jar in current classloader. URLs of classloader:
file:/root/.sdkman/candidates/java/8.0.333.fx-librca/jre/../lib/tools.jar
file:/root/.sdkman/candidates/java/8.0.333.fx-librca/jre/lib/ext/cldrdata.jar
file:/root/.sdkman/candidates/java/8.0.333.fx-librca/jre/lib/ext/sunec.jar
file:/root/.sdkman/candidates/java/8.0.333.fx-librca/jre/lib/ext/localedata.jar
file:/root/.sdkman/candidates/java/8.0.333.fx-librca/jre/lib/ext/jaccess.jar
file:/root/.sdkman/candidates/java/8.0.333.fx-librca/jre/lib/ext/dnsns.jar
file:/tmp/EvoSuite_pathingJar7932431779917341082.jar
file:/root/.sdkman/candidates/java/8.0.333.fx-librca/jre/lib/ext/sunpkcs11.jar
file:/root/.sdkman/candidates/java/8.0.333.fx-librca/jre/lib/ext/zipfs.jar
file:/root/.sdkman/candidates/java/8.0.333.fx-librca/jre/lib/ext/jfxrt.jar
file:/root/.sdkman/candidates/java/8.0.333.fx-librca/jre/lib/ext/sunjce_provider.jar
file:/root/.sdkman/candidates/java/8.0.333.fx-librca/jre/lib/ext/nashorn.jar
[MASTER] 18:46:52.326 [logback-1] WARN  JUnitAnalyzer - Found unstable test named initializationError -> class java.lang.RuntimeException: Cannot find either the compilation target folder nor the EvoSuite jar in classpath: /tmp/EvoSuite_pathingJar7932431779917341082.jar
[MASTER] 18:46:56.044 [logback-1] WARN  TimeController - Already entered in phase: INLINING. This will mess up the timing calculations.
* test suite isTestSuite: 9
Test 0: 
FSPathExplorer.showHelp();
Test 1: 
String[] stringArray = new String[2];
stringArray[0] = "-p";
// Undeclared exception!
try { 
  FSPathExplorer.main(stringArray);
  fail("Expecting exception: NullPointerException");

} catch(NullPointerException e) {
}

Test 2: 
FSPathExplorer fSPathExplorer = new FSPathExplorer();
String[] stringArray = new String[7];
stringArray[0] = "\n\nAttributes : (see javadoc for java.io.File for more info)";
stringArray[1] = "\t: ";
stringArray[2] = "p";
stringArray[3] = "-find";
// Undeclared exception!
try { 
  fSPathExplorer.configureExplorer(stringArray);
  fail("Expecting exception: NullPointerException");

} catch(NullPointerException e) {
}

Test 3: 
String[] stringArray = new String[8];
stringArray[0] = "OsdXR.E@1+g</&tgTx";
stringArray[1] = "-path";
stringArray[2] = "Ap\"";
stringArray[3] = "Ap\"";
stringArray[4] = "OsdXR.E@1+g</&tgTx";
stringArray[5] = "GUX%%4Jjh";
stringArray[6] = "|i<7l=Z";
stringArray[7] = "Ap\"";
// Undeclared exception!
try { 
  FSPathExplorer.main(stringArray);
  fail("Expecting exception: InstantiationError");

} catch(InstantiationError e) {
   //
   // the java.io.File specified must be a Directory
   //
   verifyException("net.sf.sugar.fspath.DefaultFSPath", e);
}

Test 4: 
SystemInUtil.addInputLine("-f");
String[] stringArray = new String[6];
stringArray[0] = "-f";
stringArray[1] = "-f";
stringArray[2] = "-f";
stringArray[3] = "-f";
stringArray[4] = "-f";
stringArray[5] = "8#OxL4w:ml";
// Undeclared exception!
FSPathExplorer.main(stringArray);
Test 5: 
String[] stringArray = new String[0];
SystemInUtil.addInputLine("exit");
FSPathExplorer.main(stringArray);
Test 6: 
FSPathExplorer fSPathExplorer = new FSPathExplorer();
fSPathExplorer.createFSPath();
Test 7: 
FSPathExplorer.showWelcome();
Test 8: 
FSPathExplorer fSPathExplorer = new FSPathExplorer();
// Undeclared exception!
try { 
  fSPathExplorer.start();
  fail("Expecting exception: NullPointerException");

} catch(NullPointerException e) {
   //
   // no message in exception (getMessage() returned null)
   //
}


* Minimizing test suite
* test suite isTestSuite: 9
Test 0: 
FSPathExplorer.showWelcome();
Test 1: 
FSPathExplorer.showHelp();
Test 2: 
String[] stringArray = new String[2];
stringArray[0] = "-p";
// Undeclared exception!
try { 
  FSPathExplorer.main(stringArray);
  fail("Expecting exception: NullPointerException");

} catch(NullPointerException e) {
}

Test 3: 
FSPathExplorer fSPathExplorer = new FSPathExplorer();
String[] stringArray = new String[7];
stringArray[0] = "\n\nAttributes : (see javadoc for java.io.File for more info)";
stringArray[1] = "\t: ";
stringArray[2] = "p";
stringArray[3] = "-find";
// Undeclared exception!
try { 
  fSPathExplorer.configureExplorer(stringArray);
  fail("Expecting exception: NullPointerException");

} catch(NullPointerException e) {
}

Test 4: 
String[] stringArray = new String[8];
stringArray[0] = "OsdXR.E@1+g</&tgTx";
stringArray[1] = "-path";
stringArray[2] = "Ap\"";
stringArray[3] = "Ap\"";
stringArray[4] = "OsdXR.E@1+g</&tgTx";
stringArray[5] = "GUX%%4Jjh";
stringArray[6] = "|i<7l=Z";
stringArray[7] = "Ap\"";
// Undeclared exception!
try { 
  FSPathExplorer.main(stringArray);
  fail("Expecting exception: InstantiationError");

} catch(InstantiationError e) {
   //
   // the java.io.File specified must be a Directory
   //
   verifyException("net.sf.sugar.fspath.DefaultFSPath", e);
}

Test 5: 
String[] stringArray = new String[0];
SystemInUtil.addInputLine("exit");
FSPathExplorer.main(stringArray);
Test 6: 
SystemInUtil.addInputLine("-f");
String[] stringArray = new String[6];
stringArray[0] = "-f";
stringArray[1] = "-f";
stringArray[2] = "-f";
stringArray[3] = "-f";
stringArray[4] = "-f";
stringArray[5] = "8#OxL4w:ml";
// Undeclared exception!
FSPathExplorer.main(stringArray);
Test 7: 
FSPathExplorer fSPathExplorer = new FSPathExplorer();
fSPathExplorer.createFSPath();
Test 8: 
FSPathExplorer fSPathExplorer = new FSPathExplorer();
// Undeclared exception!
try { 
  fSPathExplorer.start();
  fail("Expecting exception: NullPointerException");

} catch(NullPointerException e) {
   //
   // no message in exception (getMessage() returned null)
   //
}


* Going to analyze the coverage criteria
* Coverage analysis for criterion BRANCH
* Coverage of criterion BRANCH: 69%
[MASTER] 18:47:02.104 [logback-1] WARN  TimeController - Already entered in phase: MINIMIZATION. This will mess up the timing calculations.
* Total number of goals: 51
* Number of covered goals: 35
* Coverage analysis for criterion LINE
* Coverage of criterion LINE: 83%
* Total number of goals: 75
* Number of covered goals: 62
* Coverage analysis for criterion OUTPUT
* Coverage of criterion OUTPUT: 100% (no goals)
* Coverage analysis for criterion METHOD
* Coverage of criterion METHOD: 100%
* Total number of goals: 7
* Number of covered goals: 7
* Coverage analysis for criterion CBRANCH
* Coverage of criterion CBRANCH: 69%
* Total number of goals: 51
* Number of covered goals: 35
* Generated 9 tests with total length 38
* Resulting test suite's coverage: 84% (average coverage for all fitness functions)
* Generating assertions
[MASTER] 18:47:02.167 [logback-1] WARN  TimeController - Already entered in phase: COVERAGE_ANALYSIS. This will mess up the timing calculations.
* Resulting test suite's mutation score: 18%
* Compiling and checking tests
Going to execute: removeTestsThatDoNotCompile
[MASTER] 18:47:27.143 [logback-1] WARN  TimeController - Already entered in phase: ASSERTION_GENERATION. This will mess up the timing calculations.
* Compiling Tests
** Write a test suite: 0 called: 0 to improve: false
* Compiling Tests
** Write a test suite: 0 called: 0 to improve: false
* Compiling Tests
** Write a test suite: 0 called: 0 to improve: false
* Compiling Tests
** Write a test suite: 0 called: 0 to improve: false
* Compiling Tests
** Write a test suite: 0 called: 0 to improve: false
* Compiling Tests
** Write a test suite: 0 called: 0 to improve: false
* Compiling Tests
** Write a test suite: 0 called: 0 to improve: false
* Compiling Tests
** Write a test suite: 0 called: 0 to improve: false
* Compiling Tests
** Write a test suite: 0 called: 0 to improve: false
Going to execute: handleTestsThatAreUnstable
* Compiling Tests
** Write a test suite: 0 called: 0 to improve: false
[MASTER] 18:47:29.067 [logback-1] WARN  AgentLoader - Failed to find EvoSuite jar in current classloader. URLs of classloader:
file:/root/.sdkman/candidates/java/8.0.333.fx-librca/jre/../lib/tools.jar
file:/root/.sdkman/candidates/java/8.0.333.fx-librca/jre/lib/ext/cldrdata.jar
file:/root/.sdkman/candidates/java/8.0.333.fx-librca/jre/lib/ext/sunec.jar
file:/root/.sdkman/candidates/java/8.0.333.fx-librca/jre/lib/ext/localedata.jar
file:/root/.sdkman/candidates/java/8.0.333.fx-librca/jre/lib/ext/jaccess.jar
file:/root/.sdkman/candidates/java/8.0.333.fx-librca/jre/lib/ext/dnsns.jar
file:/tmp/EvoSuite_pathingJar7932431779917341082.jar
file:/root/.sdkman/candidates/java/8.0.333.fx-librca/jre/lib/ext/sunpkcs11.jar
file:/root/.sdkman/candidates/java/8.0.333.fx-librca/jre/lib/ext/zipfs.jar
file:/root/.sdkman/candidates/java/8.0.333.fx-librca/jre/lib/ext/jfxrt.jar
file:/root/.sdkman/candidates/java/8.0.333.fx-librca/jre/lib/ext/sunjce_provider.jar
file:/root/.sdkman/candidates/java/8.0.333.fx-librca/jre/lib/ext/nashorn.jar
[MASTER] 18:47:29.068 [logback-1] WARN  JUnitAnalyzer - Found unstable test named initializationError -> class java.lang.RuntimeException: Cannot find either the compilation target folder nor the EvoSuite jar in classpath: /tmp/EvoSuite_pathingJar7932431779917341082.jar
Going to execute: handleTestsThatAreUnstable
* Compiling Tests
** Write a test suite: 0 called: 0 to improve: false
[MASTER] 18:47:29.169 [logback-1] WARN  AgentLoader - Failed to find EvoSuite jar in current classloader. URLs of classloader:
file:/root/.sdkman/candidates/java/8.0.333.fx-librca/jre/../lib/tools.jar
file:/root/.sdkman/candidates/java/8.0.333.fx-librca/jre/lib/ext/cldrdata.jar
file:/root/.sdkman/candidates/java/8.0.333.fx-librca/jre/lib/ext/sunec.jar
file:/root/.sdkman/candidates/java/8.0.333.fx-librca/jre/lib/ext/localedata.jar
file:/root/.sdkman/candidates/java/8.0.333.fx-librca/jre/lib/ext/jaccess.jar
file:/root/.sdkman/candidates/java/8.0.333.fx-librca/jre/lib/ext/dnsns.jar
file:/tmp/EvoSuite_pathingJar7932431779917341082.jar
file:/root/.sdkman/candidates/java/8.0.333.fx-librca/jre/lib/ext/sunpkcs11.jar
file:/root/.sdkman/candidates/java/8.0.333.fx-librca/jre/lib/ext/zipfs.jar
file:/root/.sdkman/candidates/java/8.0.333.fx-librca/jre/lib/ext/jfxrt.jar
file:/root/.sdkman/candidates/java/8.0.333.fx-librca/jre/lib/ext/sunjce_provider.jar
file:/root/.sdkman/candidates/java/8.0.333.fx-librca/jre/lib/ext/nashorn.jar
[MASTER] 18:47:29.170 [logback-1] WARN  JUnitAnalyzer - Found unstable test named initializationError -> class java.lang.RuntimeException: Cannot find either the compilation target folder nor the EvoSuite jar in classpath: /tmp/EvoSuite_pathingJar7932431779917341082.jar
Going to execute: handleTestsThatAreUnstable
* Compiling Tests
** Write a test suite: 0 called: 0 to improve: false
[MASTER] 18:47:29.253 [logback-1] WARN  AgentLoader - Failed to find EvoSuite jar in current classloader. URLs of classloader:
file:/root/.sdkman/candidates/java/8.0.333.fx-librca/jre/../lib/tools.jar
file:/root/.sdkman/candidates/java/8.0.333.fx-librca/jre/lib/ext/cldrdata.jar
file:/root/.sdkman/candidates/java/8.0.333.fx-librca/jre/lib/ext/sunec.jar
file:/root/.sdkman/candidates/java/8.0.333.fx-librca/jre/lib/ext/localedata.jar
file:/root/.sdkman/candidates/java/8.0.333.fx-librca/jre/lib/ext/jaccess.jar
file:/root/.sdkman/candidates/java/8.0.333.fx-librca/jre/lib/ext/dnsns.jar
file:/tmp/EvoSuite_pathingJar7932431779917341082.jar
file:/root/.sdkman/candidates/java/8.0.333.fx-librca/jre/lib/ext/sunpkcs11.jar
file:/root/.sdkman/candidates/java/8.0.333.fx-librca/jre/lib/ext/zipfs.jar
file:/root/.sdkman/candidates/java/8.0.333.fx-librca/jre/lib/ext/jfxrt.jar
file:/root/.sdkman/candidates/java/8.0.333.fx-librca/jre/lib/ext/sunjce_provider.jar
file:/root/.sdkman/candidates/java/8.0.333.fx-librca/jre/lib/ext/nashorn.jar
[MASTER] 18:47:29.268 [logback-1] WARN  JUnitAnalyzer - Found unstable test named initializationError -> class java.lang.RuntimeException: Cannot find either the compilation target folder nor the EvoSuite jar in classpath: /tmp/EvoSuite_pathingJar7932431779917341082.jar
Going to execute: handleTestsThatAreUnstable
* Compiling Tests
** Write a test suite: 0 called: 0 to improve: false
[MASTER] 18:47:29.358 [logback-1] WARN  AgentLoader - Failed to find EvoSuite jar in current classloader. URLs of classloader:
file:/root/.sdkman/candidates/java/8.0.333.fx-librca/jre/../lib/tools.jar
file:/root/.sdkman/candidates/java/8.0.333.fx-librca/jre/lib/ext/cldrdata.jar
file:/root/.sdkman/candidates/java/8.0.333.fx-librca/jre/lib/ext/sunec.jar
file:/root/.sdkman/candidates/java/8.0.333.fx-librca/jre/lib/ext/localedata.jar
file:/root/.sdkman/candidates/java/8.0.333.fx-librca/jre/lib/ext/jaccess.jar
file:/root/.sdkman/candidates/java/8.0.333.fx-librca/jre/lib/ext/dnsns.jar
file:/tmp/EvoSuite_pathingJar7932431779917341082.jar
file:/root/.sdkman/candidates/java/8.0.333.fx-librca/jre/lib/ext/sunpkcs11.jar
file:/root/.sdkman/candidates/java/8.0.333.fx-librca/jre/lib/ext/zipfs.jar
file:/root/.sdkman/candidates/java/8.0.333.fx-librca/jre/lib/ext/jfxrt.jar
file:/root/.sdkman/candidates/java/8.0.333.fx-librca/jre/lib/ext/sunjce_provider.jar
file:/root/.sdkman/candidates/java/8.0.333.fx-librca/jre/lib/ext/nashorn.jar
[MASTER] 18:47:29.360 [logback-1] WARN  JUnitAnalyzer - Found unstable test named initializationError -> class java.lang.RuntimeException: Cannot find either the compilation target folder nor the EvoSuite jar in classpath: /tmp/EvoSuite_pathingJar7932431779917341082.jar
Going to execute: handleTestsThatAreUnstable
* Compiling Tests
** Write a test suite: 0 called: 0 to improve: false
[MASTER] 18:47:29.450 [logback-1] WARN  AgentLoader - Failed to find EvoSuite jar in current classloader. URLs of classloader:
file:/root/.sdkman/candidates/java/8.0.333.fx-librca/jre/../lib/tools.jar
file:/root/.sdkman/candidates/java/8.0.333.fx-librca/jre/lib/ext/cldrdata.jar
file:/root/.sdkman/candidates/java/8.0.333.fx-librca/jre/lib/ext/sunec.jar
file:/root/.sdkman/candidates/java/8.0.333.fx-librca/jre/lib/ext/localedata.jar
file:/root/.sdkman/candidates/java/8.0.333.fx-librca/jre/lib/ext/jaccess.jar
file:/root/.sdkman/candidates/java/8.0.333.fx-librca/jre/lib/ext/dnsns.jar
file:/tmp/EvoSuite_pathingJar7932431779917341082.jar
file:/root/.sdkman/candidates/java/8.0.333.fx-librca/jre/lib/ext/sunpkcs11.jar
file:/root/.sdkman/candidates/java/8.0.333.fx-librca/jre/lib/ext/zipfs.jar
file:/root/.sdkman/candidates/java/8.0.333.fx-librca/jre/lib/ext/jfxrt.jar
file:/root/.sdkman/candidates/java/8.0.333.fx-librca/jre/lib/ext/sunjce_provider.jar
file:/root/.sdkman/candidates/java/8.0.333.fx-librca/jre/lib/ext/nashorn.jar
[MASTER] 18:47:29.466 [logback-1] WARN  JUnitAnalyzer - Found unstable test named initializationError -> class java.lang.RuntimeException: Cannot find either the compilation target folder nor the EvoSuite jar in classpath: /tmp/EvoSuite_pathingJar7932431779917341082.jar
Going to execute: handleTestsThatAreUnstable
* Compiling Tests
** Write a test suite: 0 called: 0 to improve: false
[MASTER] 18:47:29.575 [logback-1] WARN  AgentLoader - Failed to find EvoSuite jar in current classloader. URLs of classloader:
file:/root/.sdkman/candidates/java/8.0.333.fx-librca/jre/../lib/tools.jar
file:/root/.sdkman/candidates/java/8.0.333.fx-librca/jre/lib/ext/cldrdata.jar
file:/root/.sdkman/candidates/java/8.0.333.fx-librca/jre/lib/ext/sunec.jar
file:/root/.sdkman/candidates/java/8.0.333.fx-librca/jre/lib/ext/localedata.jar
file:/root/.sdkman/candidates/java/8.0.333.fx-librca/jre/lib/ext/jaccess.jar
file:/root/.sdkman/candidates/java/8.0.333.fx-librca/jre/lib/ext/dnsns.jar
file:/tmp/EvoSuite_pathingJar7932431779917341082.jar
file:/root/.sdkman/candidates/java/8.0.333.fx-librca/jre/lib/ext/sunpkcs11.jar
file:/root/.sdkman/candidates/java/8.0.333.fx-librca/jre/lib/ext/zipfs.jar
file:/root/.sdkman/candidates/java/8.0.333.fx-librca/jre/lib/ext/jfxrt.jar
file:/root/.sdkman/candidates/java/8.0.333.fx-librca/jre/lib/ext/sunjce_provider.jar
file:/root/.sdkman/candidates/java/8.0.333.fx-librca/jre/lib/ext/nashorn.jar
[MASTER] 18:47:29.577 [logback-1] WARN  JUnitAnalyzer - Found unstable test named initializationError -> class java.lang.RuntimeException: Cannot find either the compilation target folder nor the EvoSuite jar in classpath: /tmp/EvoSuite_pathingJar7932431779917341082.jar
Going to execute: handleTestsThatAreUnstable
* Compiling Tests
** Write a test suite: 0 called: 0 to improve: false
[MASTER] 18:47:31.088 [logback-1] WARN  AgentLoader - Failed to find EvoSuite jar in current classloader. URLs of classloader:
file:/root/.sdkman/candidates/java/8.0.333.fx-librca/jre/../lib/tools.jar
file:/root/.sdkman/candidates/java/8.0.333.fx-librca/jre/lib/ext/cldrdata.jar
file:/root/.sdkman/candidates/java/8.0.333.fx-librca/jre/lib/ext/sunec.jar
file:/root/.sdkman/candidates/java/8.0.333.fx-librca/jre/lib/ext/localedata.jar
file:/root/.sdkman/candidates/java/8.0.333.fx-librca/jre/lib/ext/jaccess.jar
file:/root/.sdkman/candidates/java/8.0.333.fx-librca/jre/lib/ext/dnsns.jar
file:/tmp/EvoSuite_pathingJar7932431779917341082.jar
file:/root/.sdkman/candidates/java/8.0.333.fx-librca/jre/lib/ext/sunpkcs11.jar
file:/root/.sdkman/candidates/java/8.0.333.fx-librca/jre/lib/ext/zipfs.jar
file:/root/.sdkman/candidates/java/8.0.333.fx-librca/jre/lib/ext/jfxrt.jar
file:/root/.sdkman/candidates/java/8.0.333.fx-librca/jre/lib/ext/sunjce_provider.jar
file:/root/.sdkman/candidates/java/8.0.333.fx-librca/jre/lib/ext/nashorn.jar
[MASTER] 18:47:31.089 [logback-1] WARN  JUnitAnalyzer - Found unstable test named initializationError -> class java.lang.RuntimeException: Cannot find either the compilation target folder nor the EvoSuite jar in classpath: /tmp/EvoSuite_pathingJar7932431779917341082.jar
Going to execute: handleTestsThatAreUnstable
* Compiling Tests
** Write a test suite: 0 called: 0 to improve: false
[MASTER] 18:47:31.154 [logback-1] WARN  AgentLoader - Failed to find EvoSuite jar in current classloader. URLs of classloader:
file:/root/.sdkman/candidates/java/8.0.333.fx-librca/jre/../lib/tools.jar
file:/root/.sdkman/candidates/java/8.0.333.fx-librca/jre/lib/ext/cldrdata.jar
file:/root/.sdkman/candidates/java/8.0.333.fx-librca/jre/lib/ext/sunec.jar
file:/root/.sdkman/candidates/java/8.0.333.fx-librca/jre/lib/ext/localedata.jar
file:/root/.sdkman/candidates/java/8.0.333.fx-librca/jre/lib/ext/jaccess.jar
file:/root/.sdkman/candidates/java/8.0.333.fx-librca/jre/lib/ext/dnsns.jar
file:/tmp/EvoSuite_pathingJar7932431779917341082.jar
file:/root/.sdkman/candidates/java/8.0.333.fx-librca/jre/lib/ext/sunpkcs11.jar
file:/root/.sdkman/candidates/java/8.0.333.fx-librca/jre/lib/ext/zipfs.jar
file:/root/.sdkman/candidates/java/8.0.333.fx-librca/jre/lib/ext/jfxrt.jar
file:/root/.sdkman/candidates/java/8.0.333.fx-librca/jre/lib/ext/sunjce_provider.jar
file:/root/.sdkman/candidates/java/8.0.333.fx-librca/jre/lib/ext/nashorn.jar
[MASTER] 18:47:31.155 [logback-1] WARN  JUnitAnalyzer - Found unstable test named initializationError -> class java.lang.RuntimeException: Cannot find either the compilation target folder nor the EvoSuite jar in classpath: /tmp/EvoSuite_pathingJar7932431779917341082.jar
Going to execute: handleTestsThatAreUnstable
* Compiling Tests
** Write a test suite: 0 called: 0 to improve: false
[MASTER] 18:47:31.241 [logback-1] WARN  AgentLoader - Failed to find EvoSuite jar in current classloader. URLs of classloader:
file:/root/.sdkman/candidates/java/8.0.333.fx-librca/jre/../lib/tools.jar
file:/root/.sdkman/candidates/java/8.0.333.fx-librca/jre/lib/ext/cldrdata.jar
file:/root/.sdkman/candidates/java/8.0.333.fx-librca/jre/lib/ext/sunec.jar
file:/root/.sdkman/candidates/java/8.0.333.fx-librca/jre/lib/ext/localedata.jar
file:/root/.sdkman/candidates/java/8.0.333.fx-librca/jre/lib/ext/jaccess.jar
file:/root/.sdkman/candidates/java/8.0.333.fx-librca/jre/lib/ext/dnsns.jar
file:/tmp/EvoSuite_pathingJar7932431779917341082.jar
file:/root/.sdkman/candidates/java/8.0.333.fx-librca/jre/lib/ext/sunpkcs11.jar
file:/root/.sdkman/candidates/java/8.0.333.fx-librca/jre/lib/ext/zipfs.jar
file:/root/.sdkman/candidates/java/8.0.333.fx-librca/jre/lib/ext/jfxrt.jar
file:/root/.sdkman/candidates/java/8.0.333.fx-librca/jre/lib/ext/sunjce_provider.jar
file:/root/.sdkman/candidates/java/8.0.333.fx-librca/jre/lib/ext/nashorn.jar
[MASTER] 18:47:31.245 [logback-1] WARN  JUnitAnalyzer - Found unstable test named initializationError -> class java.lang.RuntimeException: Cannot find either the compilation target folder nor the EvoSuite jar in classpath: /tmp/EvoSuite_pathingJar7932431779917341082.jar
Going to execute: handleTestsThatAreUnstable
* Compiling Tests
** Write a test suite: 0 called: 0 to improve: false
** Write a test suite: 1 called: 1 to improve: false
** Write a test suite: 2 called: 2 to improve: false
** Write a test suite: 3 called: 3 to improve: false
** Write a test suite: 4 called: 4 to improve: false
** Write a test suite: 5 called: 5 to improve: false
** Write a test suite: 6 called: 6 to improve: false
** Write a test suite: 7 called: 7 to improve: false
** Write a test suite: 8 called: 8 to improve: false
[MASTER] 18:47:32.503 [logback-1] WARN  AgentLoader - Failed to find EvoSuite jar in current classloader. URLs of classloader:
file:/root/.sdkman/candidates/java/8.0.333.fx-librca/jre/../lib/tools.jar
file:/root/.sdkman/candidates/java/8.0.333.fx-librca/jre/lib/ext/cldrdata.jar
file:/root/.sdkman/candidates/java/8.0.333.fx-librca/jre/lib/ext/sunec.jar
file:/root/.sdkman/candidates/java/8.0.333.fx-librca/jre/lib/ext/localedata.jar
file:/root/.sdkman/candidates/java/8.0.333.fx-librca/jre/lib/ext/jaccess.jar
file:/root/.sdkman/candidates/java/8.0.333.fx-librca/jre/lib/ext/dnsns.jar
file:/tmp/EvoSuite_pathingJar7932431779917341082.jar
file:/root/.sdkman/candidates/java/8.0.333.fx-librca/jre/lib/ext/sunpkcs11.jar
file:/root/.sdkman/candidates/java/8.0.333.fx-librca/jre/lib/ext/zipfs.jar
file:/root/.sdkman/candidates/java/8.0.333.fx-librca/jre/lib/ext/jfxrt.jar
file:/root/.sdkman/candidates/java/8.0.333.fx-librca/jre/lib/ext/sunjce_provider.jar
file:/root/.sdkman/candidates/java/8.0.333.fx-librca/jre/lib/ext/nashorn.jar
[MASTER] 18:47:32.507 [logback-1] WARN  JUnitAnalyzer - Found unstable test named initializationError -> class java.lang.RuntimeException: Cannot find either the compilation target folder nor the EvoSuite jar in classpath: /tmp/EvoSuite_pathingJar7932431779917341082.jar
Going to execute: handleTestsThatAreUnstable
* Compiling Tests
** Write a test suite: 0 called: 0 to improve: false
** Write a test suite: 1 called: 1 to improve: false
** Write a test suite: 2 called: 2 to improve: false
** Write a test suite: 3 called: 3 to improve: false
** Write a test suite: 4 called: 4 to improve: false
** Write a test suite: 5 called: 5 to improve: false
** Write a test suite: 6 called: 6 to improve: false
** Write a test suite: 7 called: 7 to improve: false
** Write a test suite: 8 called: 8 to improve: false
[MASTER] 18:47:33.765 [logback-1] WARN  AgentLoader - Failed to find EvoSuite jar in current classloader. URLs of classloader:
file:/root/.sdkman/candidates/java/8.0.333.fx-librca/jre/../lib/tools.jar
file:/root/.sdkman/candidates/java/8.0.333.fx-librca/jre/lib/ext/cldrdata.jar
file:/root/.sdkman/candidates/java/8.0.333.fx-librca/jre/lib/ext/sunec.jar
file:/root/.sdkman/candidates/java/8.0.333.fx-librca/jre/lib/ext/localedata.jar
file:/root/.sdkman/candidates/java/8.0.333.fx-librca/jre/lib/ext/jaccess.jar
file:/root/.sdkman/candidates/java/8.0.333.fx-librca/jre/lib/ext/dnsns.jar
file:/tmp/EvoSuite_pathingJar7932431779917341082.jar
file:/root/.sdkman/candidates/java/8.0.333.fx-librca/jre/lib/ext/sunpkcs11.jar
file:/root/.sdkman/candidates/java/8.0.333.fx-librca/jre/lib/ext/zipfs.jar
file:/root/.sdkman/candidates/java/8.0.333.fx-librca/jre/lib/ext/jfxrt.jar
file:/root/.sdkman/candidates/java/8.0.333.fx-librca/jre/lib/ext/sunjce_provider.jar
file:/root/.sdkman/candidates/java/8.0.333.fx-librca/jre/lib/ext/nashorn.jar
[MASTER] 18:47:33.766 [logback-1] WARN  JUnitAnalyzer - Found unstable test named initializationError -> class java.lang.RuntimeException: Cannot find either the compilation target folder nor the EvoSuite jar in classpath: /tmp/EvoSuite_pathingJar7932431779917341082.jar
* Writing tests to file
[MASTER] 18:47:33.772 [logback-1] WARN  TimeController - Already entered in phase: JUNIT_CHECK. This will mess up the timing calculations.
* Writing JUnit test case 'FSPathExplorer_ESTest' to evosuite-tests
** Write a test suite: 1 called: 0 to improve: false
** Write a test suite: 2 called: 1 to improve: false
** Write a test suite: 3 called: 2 to improve: false
** Write a test suite: 4 called: 3 to improve: false
* Writing JUnit test case 'FSPathExplorer_Original_ESTest' to evosuite-tests
** Write a test suite: 0 called: 0 to improve: false
** Write a test suite: 1 called: 1 to improve: false
** Write a test suite: 2 called: 2 to improve: false
** Write a test suite: 3 called: 3 to improve: false
** Write a test suite: 4 called: 4 to improve: false
** Write a test suite: 5 called: 5 to improve: false
** Write a test suite: 6 called: 6 to improve: false
** Write a test suite: 7 called: 7 to improve: false
** Write a test suite: 8 called: 8 to improve: false
* Done!

* Computation finished
