* EvoSuite 1.0.0-SNAPSHOT
* Going to generate test cases for class: jipa.Variable
* Starting Client-0
* Properties loaded from /home/roham/Results-Utestgen/dataset/SF110-new-res/26_jipa/evosuite-files/evosuite.properties
* Connecting to master process on port 6439
* Analyzing classpath: 
* Inheritance tree loaded from evosuite-files/inheritance.xml.gz
[MASTER] 02:35:32.799 [logback-1] WARN  InheritanceTree - Class not in inheritance graph: java.util.function.Consumer
[MASTER] 02:35:32.809 [logback-1] WARN  InheritanceTree - Class not in inheritance graph: java.util.function.Predicate
[MASTER] 02:35:32.810 [logback-1] WARN  InheritanceTree - Class not in inheritance graph: java.util.function.UnaryOperator
[MASTER] 02:35:32.816 [logback-1] WARN  InheritanceTree - Class not in inheritance graph: java.util.function.Function
* Finished analyzing classpath
* Generating tests for class jipa.Variable
* Test criteria:
  - Branch Coverage
  - Line Coverage
  - Method-Output Coverage
  - Top-Level Method Coverage
  - Context Branch Coverage
* Total number of test goals for DYNAMOSA: 92
* Using seed 1710210931221
* Starting evolution
[Progress:>                             0%] [Cov:>                                  0%]* Initial Number of Goals in DynaMOSA = 39 / 92
[Progress:>                             0%] [Cov:===================================100%]
* Search finished after 1s and 0 generations, 723 statements, best individual has fitness: 0.0
* Generated before the refinement 6 tests with total length 18
statement is: removeVariable(Ljava/lang/String;)V type is: class org.evosuite.testcase.statements.MethodStatement return type void
statement code is: Variable.removeVariable("&")
test data is: Variable.removeVariable("&");

** It was a parseable test case! 
Improved test data is: class DummyClass {
    public static void main() {
        String name = "John Doe";
        int age = 30;
    }
}
statement is: String name = "John Doe", class spoon.support.reflect.code.CtLocalVariableImpl
class spoon.support.reflect.code.CtLiteralImpl
statement is: int age = 30, class spoon.support.reflect.code.CtLocalVariableImpl
class spoon.support.reflect.code.CtLiteralImpl
* this is vulnerable: String string = "John Doe"
* this is vulnerable: int _int = 30
TestCase is: String string = "John Doe";
int _int = 30;

statement is: addVariable(Ljava/lang/String;)Z type is: class org.evosuite.testcase.statements.MethodStatement return type boolean
statement code is: boolean addVariable = Variable.addVariable("7")
test data is: Variable.addVariable("7");

** It was a parseable test case! 
Improved test data is: class DummyClass {
    public static void main() {
        Variable.addVariable("the number 7");
    }
}
statement is: Variable.addVariable("the number 7"), class spoon.support.reflect.code.CtInvocationImpl
invocation is: Variable.addVariable("the number 7") target is: Variable method is: addVariable(java.lang.String)
Matched Method is: addVariable(Ljava/lang/String;)Z
TestCase is: String string = "the number 7";
Variable.addVariable(string);

statement is: removeVariable(Ljava/lang/String;)V type is: class org.evosuite.testcase.statements.MethodStatement return type void
statement code is: Variable.removeVariable("7")
statement is: addVariable(Ljava/lang/String;)Z type is: class org.evosuite.testcase.statements.MethodStatement return type boolean
statement code is: boolean addVariable = Variable.addVariable("7")
statement is: addVariable(Ljava/lang/String;)Z type is: class org.evosuite.testcase.statements.MethodStatement return type boolean
statement code is: boolean addVariable = Variable.addVariable("X)H`5?%v?~2\b")
statement is: getVariableValue(Ljava/lang/String;)I type is: class org.evosuite.testcase.statements.MethodStatement return type int
statement code is: int variableValue = Variable.getVariableValue("*")
statement is: getVariableValue(Ljava/lang/String;)I type is: class org.evosuite.testcase.statements.MethodStatement return type int
statement code is: int variableValue = Variable.getVariableValue("*")
statement is: removeVariable(Ljava/lang/String;)V type is: class org.evosuite.testcase.statements.MethodStatement return type void
statement code is: Variable.removeVariable("X)H`5?%v?~2\b")
statement is: removeVariable(Ljava/lang/String;)V type is: class org.evosuite.testcase.statements.MethodStatement return type void
statement code is: Variable.removeVariable("")
statement is: removeVariable(Ljava/lang/String;)V type is: class org.evosuite.testcase.statements.MethodStatement return type void
statement code is: Variable.removeVariable("")
statement is: setVariableValue(Ljava/lang/String;I)V type is: class org.evosuite.testcase.statements.MethodStatement return type void
statement code is: Variable.setVariableValue("", 51)
statement is: setVariableValue(Ljava/lang/String;I)V type is: class org.evosuite.testcase.statements.MethodStatement return type void
statement code is: Variable.setVariableValue("", 2817)
statement is: getVariableValue(Ljava/lang/String;)I type is: class org.evosuite.testcase.statements.MethodStatement return type int
statement code is: int variableValue = Variable.getVariableValue("X)H`5?%v?~2\b")
statement is: setVariableValue(Ljava/lang/String;I)V type is: class org.evosuite.testcase.statements.MethodStatement return type void
statement code is: Variable.setVariableValue("7", 0)
statement is: getVariableValue(Ljava/lang/String;)I type is: class org.evosuite.testcase.statements.MethodStatement return type int
statement code is: int variableValue = Variable.getVariableValue("")
test data is: Variable.removeVariable("7");
Variable.addVariable("7");
Variable.addVariable("X)H`5?%v?~2\b");
Variable.getVariableValue("*");
Variable.getVariableValue("*");
Variable.removeVariable("X)H`5?%v?~2\b");
Variable.removeVariable("");
Variable.removeVariable("");
Variable.setVariableValue("", 51);
Variable.setVariableValue("", 2817);
Variable.getVariableValue("X)H`5?%v?~2\b");
Variable.setVariableValue("7", 0);
Variable.getVariableValue("");

** It was a parseable test case! 
Improved test data is: class DummyClass {
    public static void main() {
        Variable.removeVariable("$100");
        Variable.addVariable("X)H`5?%v?~2\b");
        Variable.getVariableValue("X)H`5?%v?~2\b");
        Variable.removeVariable("X)H`5?%v?~2\b");
        Variable.removeVariable("$0");
        Variable.setVariableValue("$0", 51);
        Variable.setVariableValue("$0", 2817);
        Variable.getVariableValue("X)H`5?%v?~2\b");
        Variable.setVariableValue("$7", 0);
        Variable.getVariableValue("$100");
    }
}
statement is: Variable.removeVariable("$100"), class spoon.support.reflect.code.CtInvocationImpl
invocation is: Variable.removeVariable("$100") target is: Variable method is: removeVariable(java.lang.String)
Matched Method is: removeVariable(Ljava/lang/String;)V
statement is: Variable.addVariable("X)H`5?%v?~2\b"), class spoon.support.reflect.code.CtInvocationImpl
invocation is: Variable.addVariable("X)H`5?%v?~2\b") target is: Variable method is: addVariable(java.lang.String)
Matched Method is: addVariable(Ljava/lang/String;)Z
statement is: Variable.getVariableValue("X)H`5?%v?~2\b"), class spoon.support.reflect.code.CtInvocationImpl
invocation is: Variable.getVariableValue("X)H`5?%v?~2\b") target is: Variable method is: getVariableValue(java.lang.String)
Matched Method is: getVariableValue(Ljava/lang/String;)I
statement is: Variable.removeVariable("X)H`5?%v?~2\b"), class spoon.support.reflect.code.CtInvocationImpl
invocation is: Variable.removeVariable("X)H`5?%v?~2\b") target is: Variable method is: removeVariable(java.lang.String)
Matched Method is: removeVariable(Ljava/lang/String;)V
statement is: Variable.removeVariable("$0"), class spoon.support.reflect.code.CtInvocationImpl
invocation is: Variable.removeVariable("$0") target is: Variable method is: removeVariable(java.lang.String)
Matched Method is: removeVariable(Ljava/lang/String;)V
statement is: Variable.setVariableValue("$0", 51), class spoon.support.reflect.code.CtInvocationImpl
invocation is: Variable.setVariableValue("$0", 51) target is: Variable method is: setVariableValue(java.lang.String,int)
Matched Method is: setVariableValue(Ljava/lang/String;I)V
statement is: Variable.setVariableValue("$0", 2817), class spoon.support.reflect.code.CtInvocationImpl
invocation is: Variable.setVariableValue("$0", 2817) target is: Variable method is: setVariableValue(java.lang.String,int)
Matched Method is: setVariableValue(Ljava/lang/String;I)V
statement is: Variable.getVariableValue("X)H`5?%v?~2\b"), class spoon.support.reflect.code.CtInvocationImpl
invocation is: Variable.getVariableValue("X)H`5?%v?~2\b") target is: Variable method is: getVariableValue(java.lang.String)
Matched Method is: getVariableValue(Ljava/lang/String;)I
statement is: Variable.setVariableValue("$7", 0), class spoon.support.reflect.code.CtInvocationImpl
invocation is: Variable.setVariableValue("$7", 0) target is: Variable method is: setVariableValue(java.lang.String,int)
Matched Method is: setVariableValue(Ljava/lang/String;I)V
statement is: Variable.getVariableValue("$100"), class spoon.support.reflect.code.CtInvocationImpl
invocation is: Variable.getVariableValue("$100") target is: Variable method is: getVariableValue(java.lang.String)
Matched Method is: getVariableValue(Ljava/lang/String;)I
TestCase is: String string = "$100";
Variable.removeVariable(string);
String string = "X)H`5?%v?~2\b";
Variable.addVariable(string);
String string = "X)H`5?%v?~2\b";
Variable.getVariableValue(string);
String string = "X)H`5?%v?~2\b";
Variable.removeVariable(string);
String string = "$0";
Variable.removeVariable(string);
String string = "$0";
int _int = 51;
Variable.setVariableValue(string, _int);
String string = "$0";
int _int = 2817;
Variable.setVariableValue(string, _int);
String string = "X)H`5?%v?~2\b";
Variable.getVariableValue(string);
String string = "$7";
int _int = 0;
Variable.setVariableValue(string, _int);
String string = "$100";
Variable.getVariableValue(string);

statement is: getVariableValue(Ljava/lang/String;)I type is: class org.evosuite.testcase.statements.MethodStatement return type int
statement code is: int variableValue = Variable.getVariableValue("X)H`5?%v?~2\b")
test data is: Variable.getVariableValue("X)H`5?%v?~2\b");

** It was a parseable test case! 
Improved test data is: class DummyClass {
    public static void main() {
        Variable.getVariableValue("userInput");
        "X);H`5?%v?~2\b" = "";
        null = $missing$;
    }
}
statement is: Variable.getVariableValue("userInput"), class spoon.support.reflect.code.CtInvocationImpl
invocation is: Variable.getVariableValue("userInput") target is: Variable method is: getVariableValue(java.lang.String)
Matched Method is: getVariableValue(Ljava/lang/String;)I
statement is: "X);H`5?%v?~2\b" = "", class spoon.support.reflect.code.CtAssignmentImpl
statement is: null = $missing$, class spoon.support.reflect.code.CtAssignmentImpl
TestCase is: String string = "userInput";
Variable.getVariableValue(string);

statement is: getVariableValue(Ljava/lang/String;)I type is: class org.evosuite.testcase.statements.MethodStatement return type int
statement code is: int variableValue = Variable.getVariableValue("*")
test data is: Variable.getVariableValue("*");

** It was a parseable test case! 
Improved test data is: class DummyClass {
    public static void main() {
        Variable.getVariableValue("https://www.example.com");
    }
}
statement is: Variable.getVariableValue("https://www.example.com"), class spoon.support.reflect.code.CtInvocationImpl
invocation is: Variable.getVariableValue("https://www.example.com") target is: Variable method is: getVariableValue(java.lang.String)
Matched Method is: getVariableValue(Ljava/lang/String;)I
TestCase is: String string = "https://www.example.com";
Variable.getVariableValue(string);

statement is: setVariableValue(Ljava/lang/String;I)V type is: class org.evosuite.testcase.statements.MethodStatement return type void
statement code is: Variable.setVariableValue("", 51)
test data is: Variable.setVariableValue("", 51);

** It was a parseable test case! 
Improved test data is: class DummyClass {
    public static void main() {
        Variable.setVariableValue("", 42);
    }
}
statement is: Variable.setVariableValue("", 42), class spoon.support.reflect.code.CtInvocationImpl
invocation is: Variable.setVariableValue("", 42) target is: Variable method is: setVariableValue(java.lang.String,int)
Matched Method is: setVariableValue(Ljava/lang/String;I)V
TestCase is: String string = "";
int _int = 42;
Variable.setVariableValue(string, _int);

* test suite isTestSuite: 12
Test 0: 
Variable.removeVariable("&");

Test 1: 
Variable.addVariable("7");
Test 2: 
Variable.removeVariable("7");
Variable.addVariable("7");
Variable.addVariable("X)H`5?%v?~2\b");
Variable.getVariableValue("*");
Variable.getVariableValue("*");
Variable.removeVariable("X)H`5?%v?~2\b");
Variable.removeVariable("");
Variable.removeVariable("");
Variable.setVariableValue("", 51);
Variable.setVariableValue("", 2817);
Variable.getVariableValue("X)H`5?%v?~2\b");
Variable.setVariableValue("7", 0);
Variable.getVariableValue("");
Test 3: 
Variable.getVariableValue("X)H`5?%v?~2\b");
Test 4: 
Variable.getVariableValue("*");
Test 5: 
Variable.setVariableValue("", 51);
Test 6: 

Test 7: 
Variable.addVariable("the number 7");

Test 8: 
Variable.removeVariable("$100");
Variable.addVariable("X)H`5?%v?~2\b");
Variable.getVariableValue("X)H`5?%v?~2\b");
Variable.removeVariable("X)H`5?%v?~2\b");
Variable.removeVariable("$0");
Variable.setVariableValue("$0", 51);
Variable.setVariableValue("$0", 2817);
Variable.getVariableValue("X)H`5?%v?~2\b");
Variable.setVariableValue("$7", 0);
Variable.getVariableValue("$100");

Test 9: 
Variable.getVariableValue("userInput");

Test 10: 
Variable.getVariableValue("https://www.example.com");

Test 11: 
Variable.setVariableValue("", 42);


* Generated after the refinement and before minimization 12 tests with total length 32
* test suite isTestSuite: 12
Test 0: 
Variable.removeVariable("&");

Test 1: 
Variable.addVariable("7");
Test 2: 
Variable.removeVariable("7");
Variable.addVariable("7");
Variable.addVariable("X)H`5?%v?~2\b");
Variable.getVariableValue("*");
Variable.getVariableValue("*");
Variable.removeVariable("X)H`5?%v?~2\b");
Variable.removeVariable("");
Variable.removeVariable("");
Variable.setVariableValue("", 51);
Variable.setVariableValue("", 2817);
Variable.getVariableValue("X)H`5?%v?~2\b");
Variable.setVariableValue("7", 0);
Variable.getVariableValue("");
Test 3: 
Variable.getVariableValue("X)H`5?%v?~2\b");
Test 4: 
Variable.getVariableValue("*");
Test 5: 
Variable.setVariableValue("", 51);
Test 6: 

Test 7: 
Variable.addVariable("the number 7");

Test 8: 
Variable.removeVariable("$100");
Variable.addVariable("X)H`5?%v?~2\b");
Variable.getVariableValue("X)H`5?%v?~2\b");
Variable.removeVariable("X)H`5?%v?~2\b");
Variable.removeVariable("$0");
Variable.setVariableValue("$0", 51);
Variable.setVariableValue("$0", 2817);
Variable.getVariableValue("X)H`5?%v?~2\b");
Variable.setVariableValue("$7", 0);
Variable.getVariableValue("$100");

Test 9: 
Variable.getVariableValue("userInput");

Test 10: 
Variable.getVariableValue("https://www.example.com");

Test 11: 
Variable.setVariableValue("", 42);


* Minimizing test suite
* test suite isTestSuite: 8
Test 0: 
Variable.setVariableValue("7", 0);
Test 1: 
Variable.addVariable("the number 7");
Test 2: 
Variable.removeVariable("$100");
Variable.addVariable("X)H`5?%v?~2\b");
Variable.getVariableValue("X)H`5?%v?~2\b");
Test 3: 
Variable.removeVariable("$100");
Variable.removeVariable("X)H`5?%v?~2\b");
Test 4: 
Variable.getVariableValue("*");
Test 5: 
Variable.getVariableValue("X)H`5?%v?~2\b");
Test 6: 
Variable.setVariableValue("$0", 51);
Test 7: 
Variable.removeVariable("&");

* Going to analyze the coverage criteria
* Coverage analysis for criterion BRANCH
* Coverage of criterion BRANCH: 96%
* Total number of goals: 23
* Number of covered goals: 22
* Coverage analysis for criterion LINE
* Coverage of criterion LINE: 97%
* Total number of goals: 37
* Number of covered goals: 36
* Coverage analysis for criterion OUTPUT
* Coverage of criterion OUTPUT: 80%
* Total number of goals: 5
* Number of covered goals: 4
* Coverage analysis for criterion METHOD
* Coverage of criterion METHOD: 100%
* Total number of goals: 4
* Number of covered goals: 4
* Coverage analysis for criterion CBRANCH
* Coverage of criterion CBRANCH: 96%
* Total number of goals: 23
* Number of covered goals: 22
* Generated 8 tests with total length 11
* Resulting test suite's coverage: 100% (average coverage for all fitness functions)
* Generating assertions
* Resulting test suite's mutation score: 76%
* Compiling and checking tests
Going to execute: removeTestsThatDoNotCompile
* Compiling Tests
** Write a test suite: 0 called: 0 to improve: false
* Compiling Tests
** Write a test suite: 0 called: 0 to improve: true
** Improve Understandability: ** Test Code is: Variable.setVariableValue("7", 0);

** It was a parseable test case! 
refined test name is: testSetVariableValueAndGetCorrectValue
* Compiling Tests
** Write a test suite: 0 called: 0 to improve: false
* Compiling Tests
** Write a test suite: 0 called: 0 to improve: true
** Improve Understandability: ** Test Code is: boolean addVariable = Variable.addVariable("the number 7");
assertTrue(addVariable);


** It was a parseable test case! 
refined test name is: testAddVariableWithValidInput
* Compiling Tests
** Write a test suite: 0 called: 0 to improve: false
* Compiling Tests
** Write a test suite: 0 called: 0 to improve: true
** Improve Understandability: ** Test Code is: Variable.removeVariable("$100");
boolean addVariable = Variable.addVariable("X)H`5?%v?~2\b");
assertTrue(addVariable);

int variableValue = Variable.getVariableValue("X)H`5?%v?~2\b");
assertEquals(0, variableValue);


** It was a parseable test case! 
refined test name is: testAddVariableWithSpecialCharacters
* Compiling Tests
refined test name is: testRemoveVariableWithNewVariableAdded
* Compiling Tests
** Write a test suite: 0 called: 0 to improve: false
* Compiling Tests
** Write a test suite: 0 called: 0 to improve: true
** Improve Understandability: ** Test Code is: Variable.removeVariable("$100");
Variable.removeVariable("X)H`5?%v?~2\b");

** It was a parseable test case! 
refined test name is: testRemoveVariables
* Compiling Tests
** Write a test suite: 0 called: 0 to improve: false
* Compiling Tests
** Write a test suite: 0 called: 0 to improve: true
** Improve Understandability: ** Test Code is: int variableValue = Variable.getVariableValue("*");
assertEquals((-1), variableValue);


** It was a parseable test case! 
refined test name is: testGetVariableValueWithAsteriskReturnsMinusOne
* Compiling Tests
** Write a test suite: 0 called: 0 to improve: false
* Compiling Tests
** Write a test suite: 0 called: 0 to improve: true
** Improve Understandability: ** Test Code is: int variableValue = Variable.getVariableValue("X)H`5?%v?~2\b");
assertEquals(0, variableValue);


** It was a parseable test case! 
refined test name is: testGetVariableValue
* Compiling Tests
** Write a test suite: 0 called: 0 to improve: false
* Compiling Tests
** Write a test suite: 0 called: 0 to improve: true
** Improve Understandability: ** Test Code is: Variable.setVariableValue("$0", 51);

** It was a parseable test case! 
refined test name is: testUpdateVariableValue
* Compiling Tests
refined test name is: testUpdateVariableValue
* Compiling Tests
** Write a test suite: 0 called: 0 to improve: false
* Compiling Tests
** Write a test suite: 0 called: 0 to improve: true
** Improve Understandability: ** Test Code is: Variable.removeVariable("&");

** It was a parseable test case! 
refined test name is: testRemoveVariablewithValidInputreturnsTrue
* Compiling Tests
refined test name is: testRemoveVariable
Going to execute: handleTestsThatAreUnstable
* Compiling Tests
[MASTER] 02:45:03.178 [logback-1] WARN  AgentLoader - Failed to find EvoSuite jar in current classloader. URLs of classloader:
file:/root/.sdkman/candidates/java/8.0.333.fx-librca/jre/../lib/tools.jar
file:/root/.sdkman/candidates/java/8.0.333.fx-librca/jre/lib/ext/cldrdata.jar
file:/root/.sdkman/candidates/java/8.0.333.fx-librca/jre/lib/ext/sunec.jar
file:/root/.sdkman/candidates/java/8.0.333.fx-librca/jre/lib/ext/localedata.jar
file:/root/.sdkman/candidates/java/8.0.333.fx-librca/jre/lib/ext/jaccess.jar
file:/tmp/EvoSuite_pathingJar4799521046159989845.jar
file:/root/.sdkman/candidates/java/8.0.333.fx-librca/jre/lib/ext/dnsns.jar
file:/root/.sdkman/candidates/java/8.0.333.fx-librca/jre/lib/ext/sunpkcs11.jar
file:/root/.sdkman/candidates/java/8.0.333.fx-librca/jre/lib/ext/zipfs.jar
file:/root/.sdkman/candidates/java/8.0.333.fx-librca/jre/lib/ext/jfxrt.jar
file:/root/.sdkman/candidates/java/8.0.333.fx-librca/jre/lib/ext/sunjce_provider.jar
file:/root/.sdkman/candidates/java/8.0.333.fx-librca/jre/lib/ext/nashorn.jar
[MASTER] 02:45:03.199 [logback-1] WARN  JUnitAnalyzer - Found unstable test named initializationError -> class java.lang.RuntimeException: Cannot find either the compilation target folder nor the EvoSuite jar in classpath: /tmp/EvoSuite_pathingJar4799521046159989845.jar
Going to execute: handleTestsThatAreUnstable
* Compiling Tests
[MASTER] 02:45:03.245 [logback-1] WARN  AgentLoader - Failed to find EvoSuite jar in current classloader. URLs of classloader:
file:/root/.sdkman/candidates/java/8.0.333.fx-librca/jre/../lib/tools.jar
file:/root/.sdkman/candidates/java/8.0.333.fx-librca/jre/lib/ext/cldrdata.jar
file:/root/.sdkman/candidates/java/8.0.333.fx-librca/jre/lib/ext/sunec.jar
file:/root/.sdkman/candidates/java/8.0.333.fx-librca/jre/lib/ext/localedata.jar
file:/root/.sdkman/candidates/java/8.0.333.fx-librca/jre/lib/ext/jaccess.jar
file:/tmp/EvoSuite_pathingJar4799521046159989845.jar
file:/root/.sdkman/candidates/java/8.0.333.fx-librca/jre/lib/ext/dnsns.jar
file:/root/.sdkman/candidates/java/8.0.333.fx-librca/jre/lib/ext/sunpkcs11.jar
file:/root/.sdkman/candidates/java/8.0.333.fx-librca/jre/lib/ext/zipfs.jar
file:/root/.sdkman/candidates/java/8.0.333.fx-librca/jre/lib/ext/jfxrt.jar
file:/root/.sdkman/candidates/java/8.0.333.fx-librca/jre/lib/ext/sunjce_provider.jar
file:/root/.sdkman/candidates/java/8.0.333.fx-librca/jre/lib/ext/nashorn.jar
[MASTER] 02:45:03.246 [logback-1] WARN  JUnitAnalyzer - Found unstable test named initializationError -> class java.lang.RuntimeException: Cannot find either the compilation target folder nor the EvoSuite jar in classpath: /tmp/EvoSuite_pathingJar4799521046159989845.jar
Going to execute: handleTestsThatAreUnstable
* Compiling Tests
** Write a test suite: 0 called: 0 to improve: false
[MASTER] 02:45:03.308 [logback-1] WARN  AgentLoader - Failed to find EvoSuite jar in current classloader. URLs of classloader:
file:/root/.sdkman/candidates/java/8.0.333.fx-librca/jre/../lib/tools.jar
file:/root/.sdkman/candidates/java/8.0.333.fx-librca/jre/lib/ext/cldrdata.jar
file:/root/.sdkman/candidates/java/8.0.333.fx-librca/jre/lib/ext/sunec.jar
file:/root/.sdkman/candidates/java/8.0.333.fx-librca/jre/lib/ext/localedata.jar
file:/root/.sdkman/candidates/java/8.0.333.fx-librca/jre/lib/ext/jaccess.jar
file:/tmp/EvoSuite_pathingJar4799521046159989845.jar
file:/root/.sdkman/candidates/java/8.0.333.fx-librca/jre/lib/ext/dnsns.jar
file:/root/.sdkman/candidates/java/8.0.333.fx-librca/jre/lib/ext/sunpkcs11.jar
file:/root/.sdkman/candidates/java/8.0.333.fx-librca/jre/lib/ext/zipfs.jar
file:/root/.sdkman/candidates/java/8.0.333.fx-librca/jre/lib/ext/jfxrt.jar
file:/root/.sdkman/candidates/java/8.0.333.fx-librca/jre/lib/ext/sunjce_provider.jar
file:/root/.sdkman/candidates/java/8.0.333.fx-librca/jre/lib/ext/nashorn.jar
[MASTER] 02:45:03.309 [logback-1] WARN  JUnitAnalyzer - Found unstable test named initializationError -> class java.lang.RuntimeException: Cannot find either the compilation target folder nor the EvoSuite jar in classpath: /tmp/EvoSuite_pathingJar4799521046159989845.jar
Going to execute: handleTestsThatAreUnstable
* Compiling Tests
[MASTER] 02:45:03.391 [logback-1] WARN  AgentLoader - Failed to find EvoSuite jar in current classloader. URLs of classloader:
file:/root/.sdkman/candidates/java/8.0.333.fx-librca/jre/../lib/tools.jar
file:/root/.sdkman/candidates/java/8.0.333.fx-librca/jre/lib/ext/cldrdata.jar
file:/root/.sdkman/candidates/java/8.0.333.fx-librca/jre/lib/ext/sunec.jar
file:/root/.sdkman/candidates/java/8.0.333.fx-librca/jre/lib/ext/localedata.jar
file:/root/.sdkman/candidates/java/8.0.333.fx-librca/jre/lib/ext/jaccess.jar
file:/tmp/EvoSuite_pathingJar4799521046159989845.jar
file:/root/.sdkman/candidates/java/8.0.333.fx-librca/jre/lib/ext/dnsns.jar
file:/root/.sdkman/candidates/java/8.0.333.fx-librca/jre/lib/ext/sunpkcs11.jar
file:/root/.sdkman/candidates/java/8.0.333.fx-librca/jre/lib/ext/zipfs.jar
file:/root/.sdkman/candidates/java/8.0.333.fx-librca/jre/lib/ext/jfxrt.jar
file:/root/.sdkman/candidates/java/8.0.333.fx-librca/jre/lib/ext/sunjce_provider.jar
file:/root/.sdkman/candidates/java/8.0.333.fx-librca/jre/lib/ext/nashorn.jar
[MASTER] 02:45:03.392 [logback-1] WARN  JUnitAnalyzer - Found unstable test named initializationError -> class java.lang.RuntimeException: Cannot find either the compilation target folder nor the EvoSuite jar in classpath: /tmp/EvoSuite_pathingJar4799521046159989845.jar
Going to execute: handleTestsThatAreUnstable
* Compiling Tests
[MASTER] 02:45:03.447 [logback-1] WARN  AgentLoader - Failed to find EvoSuite jar in current classloader. URLs of classloader:
file:/root/.sdkman/candidates/java/8.0.333.fx-librca/jre/../lib/tools.jar
file:/root/.sdkman/candidates/java/8.0.333.fx-librca/jre/lib/ext/cldrdata.jar
file:/root/.sdkman/candidates/java/8.0.333.fx-librca/jre/lib/ext/sunec.jar
file:/root/.sdkman/candidates/java/8.0.333.fx-librca/jre/lib/ext/localedata.jar
file:/root/.sdkman/candidates/java/8.0.333.fx-librca/jre/lib/ext/jaccess.jar
file:/tmp/EvoSuite_pathingJar4799521046159989845.jar
file:/root/.sdkman/candidates/java/8.0.333.fx-librca/jre/lib/ext/dnsns.jar
file:/root/.sdkman/candidates/java/8.0.333.fx-librca/jre/lib/ext/sunpkcs11.jar
file:/root/.sdkman/candidates/java/8.0.333.fx-librca/jre/lib/ext/zipfs.jar
file:/root/.sdkman/candidates/java/8.0.333.fx-librca/jre/lib/ext/jfxrt.jar
file:/root/.sdkman/candidates/java/8.0.333.fx-librca/jre/lib/ext/sunjce_provider.jar
file:/root/.sdkman/candidates/java/8.0.333.fx-librca/jre/lib/ext/nashorn.jar
[MASTER] 02:45:03.447 [logback-1] WARN  JUnitAnalyzer - Found unstable test named initializationError -> class java.lang.RuntimeException: Cannot find either the compilation target folder nor the EvoSuite jar in classpath: /tmp/EvoSuite_pathingJar4799521046159989845.jar
Going to execute: handleTestsThatAreUnstable
* Compiling Tests
[MASTER] 02:45:03.485 [logback-1] WARN  AgentLoader - Failed to find EvoSuite jar in current classloader. URLs of classloader:
file:/root/.sdkman/candidates/java/8.0.333.fx-librca/jre/../lib/tools.jar
file:/root/.sdkman/candidates/java/8.0.333.fx-librca/jre/lib/ext/cldrdata.jar
file:/root/.sdkman/candidates/java/8.0.333.fx-librca/jre/lib/ext/sunec.jar
file:/root/.sdkman/candidates/java/8.0.333.fx-librca/jre/lib/ext/localedata.jar
file:/root/.sdkman/candidates/java/8.0.333.fx-librca/jre/lib/ext/jaccess.jar
file:/tmp/EvoSuite_pathingJar4799521046159989845.jar
file:/root/.sdkman/candidates/java/8.0.333.fx-librca/jre/lib/ext/dnsns.jar
file:/root/.sdkman/candidates/java/8.0.333.fx-librca/jre/lib/ext/sunpkcs11.jar
file:/root/.sdkman/candidates/java/8.0.333.fx-librca/jre/lib/ext/zipfs.jar
file:/root/.sdkman/candidates/java/8.0.333.fx-librca/jre/lib/ext/jfxrt.jar
file:/root/.sdkman/candidates/java/8.0.333.fx-librca/jre/lib/ext/sunjce_provider.jar
file:/root/.sdkman/candidates/java/8.0.333.fx-librca/jre/lib/ext/nashorn.jar
[MASTER] 02:45:03.485 [logback-1] WARN  JUnitAnalyzer - Found unstable test named initializationError -> class java.lang.RuntimeException: Cannot find either the compilation target folder nor the EvoSuite jar in classpath: /tmp/EvoSuite_pathingJar4799521046159989845.jar
Going to execute: handleTestsThatAreUnstable
* Compiling Tests
** Write a test suite: 0 called: 0 to improve: false
[MASTER] 02:45:03.522 [logback-1] WARN  AgentLoader - Failed to find EvoSuite jar in current classloader. URLs of classloader:
file:/root/.sdkman/candidates/java/8.0.333.fx-librca/jre/../lib/tools.jar
file:/root/.sdkman/candidates/java/8.0.333.fx-librca/jre/lib/ext/cldrdata.jar
file:/root/.sdkman/candidates/java/8.0.333.fx-librca/jre/lib/ext/sunec.jar
file:/root/.sdkman/candidates/java/8.0.333.fx-librca/jre/lib/ext/localedata.jar
file:/root/.sdkman/candidates/java/8.0.333.fx-librca/jre/lib/ext/jaccess.jar
file:/tmp/EvoSuite_pathingJar4799521046159989845.jar
file:/root/.sdkman/candidates/java/8.0.333.fx-librca/jre/lib/ext/dnsns.jar
file:/root/.sdkman/candidates/java/8.0.333.fx-librca/jre/lib/ext/sunpkcs11.jar
file:/root/.sdkman/candidates/java/8.0.333.fx-librca/jre/lib/ext/zipfs.jar
file:/root/.sdkman/candidates/java/8.0.333.fx-librca/jre/lib/ext/jfxrt.jar
file:/root/.sdkman/candidates/java/8.0.333.fx-librca/jre/lib/ext/sunjce_provider.jar
file:/root/.sdkman/candidates/java/8.0.333.fx-librca/jre/lib/ext/nashorn.jar
[MASTER] 02:45:03.524 [logback-1] WARN  JUnitAnalyzer - Found unstable test named initializationError -> class java.lang.RuntimeException: Cannot find either the compilation target folder nor the EvoSuite jar in classpath: /tmp/EvoSuite_pathingJar4799521046159989845.jar
Going to execute: handleTestsThatAreUnstable
* Compiling Tests
** Write a test suite: 0 called: 0 to improve: false
[MASTER] 02:45:03.561 [logback-1] WARN  AgentLoader - Failed to find EvoSuite jar in current classloader. URLs of classloader:
file:/root/.sdkman/candidates/java/8.0.333.fx-librca/jre/../lib/tools.jar
file:/root/.sdkman/candidates/java/8.0.333.fx-librca/jre/lib/ext/cldrdata.jar
file:/root/.sdkman/candidates/java/8.0.333.fx-librca/jre/lib/ext/sunec.jar
file:/root/.sdkman/candidates/java/8.0.333.fx-librca/jre/lib/ext/localedata.jar
file:/root/.sdkman/candidates/java/8.0.333.fx-librca/jre/lib/ext/jaccess.jar
file:/tmp/EvoSuite_pathingJar4799521046159989845.jar
file:/root/.sdkman/candidates/java/8.0.333.fx-librca/jre/lib/ext/dnsns.jar
file:/root/.sdkman/candidates/java/8.0.333.fx-librca/jre/lib/ext/sunpkcs11.jar
file:/root/.sdkman/candidates/java/8.0.333.fx-librca/jre/lib/ext/zipfs.jar
file:/root/.sdkman/candidates/java/8.0.333.fx-librca/jre/lib/ext/jfxrt.jar
file:/root/.sdkman/candidates/java/8.0.333.fx-librca/jre/lib/ext/sunjce_provider.jar
file:/root/.sdkman/candidates/java/8.0.333.fx-librca/jre/lib/ext/nashorn.jar
[MASTER] 02:45:03.562 [logback-1] WARN  JUnitAnalyzer - Found unstable test named initializationError -> class java.lang.RuntimeException: Cannot find either the compilation target folder nor the EvoSuite jar in classpath: /tmp/EvoSuite_pathingJar4799521046159989845.jar
Going to execute: handleTestsThatAreUnstable
* Compiling Tests
** Write a test suite: 2 called: 0 to improve: false
** Write a test suite: 6 called: 1 to improve: false
** Write a test suite: 7 called: 2 to improve: false
[MASTER] 02:45:03.637 [logback-1] WARN  AgentLoader - Failed to find EvoSuite jar in current classloader. URLs of classloader:
file:/root/.sdkman/candidates/java/8.0.333.fx-librca/jre/../lib/tools.jar
file:/root/.sdkman/candidates/java/8.0.333.fx-librca/jre/lib/ext/cldrdata.jar
file:/root/.sdkman/candidates/java/8.0.333.fx-librca/jre/lib/ext/sunec.jar
file:/root/.sdkman/candidates/java/8.0.333.fx-librca/jre/lib/ext/localedata.jar
file:/root/.sdkman/candidates/java/8.0.333.fx-librca/jre/lib/ext/jaccess.jar
file:/tmp/EvoSuite_pathingJar4799521046159989845.jar
file:/root/.sdkman/candidates/java/8.0.333.fx-librca/jre/lib/ext/dnsns.jar
file:/root/.sdkman/candidates/java/8.0.333.fx-librca/jre/lib/ext/sunpkcs11.jar
file:/root/.sdkman/candidates/java/8.0.333.fx-librca/jre/lib/ext/zipfs.jar
file:/root/.sdkman/candidates/java/8.0.333.fx-librca/jre/lib/ext/jfxrt.jar
file:/root/.sdkman/candidates/java/8.0.333.fx-librca/jre/lib/ext/sunjce_provider.jar
file:/root/.sdkman/candidates/java/8.0.333.fx-librca/jre/lib/ext/nashorn.jar
[MASTER] 02:45:03.638 [logback-1] WARN  JUnitAnalyzer - Found unstable test named initializationError -> class java.lang.RuntimeException: Cannot find either the compilation target folder nor the EvoSuite jar in classpath: /tmp/EvoSuite_pathingJar4799521046159989845.jar
Going to execute: handleTestsThatAreUnstable
* Compiling Tests
** Write a test suite: 0 called: 0 to improve: false
** Write a test suite: 1 called: 1 to improve: false
** Write a test suite: 5 called: 2 to improve: false
[MASTER] 02:45:03.727 [logback-1] WARN  AgentLoader - Failed to find EvoSuite jar in current classloader. URLs of classloader:
file:/root/.sdkman/candidates/java/8.0.333.fx-librca/jre/../lib/tools.jar
file:/root/.sdkman/candidates/java/8.0.333.fx-librca/jre/lib/ext/cldrdata.jar
file:/root/.sdkman/candidates/java/8.0.333.fx-librca/jre/lib/ext/sunec.jar
file:/root/.sdkman/candidates/java/8.0.333.fx-librca/jre/lib/ext/localedata.jar
file:/root/.sdkman/candidates/java/8.0.333.fx-librca/jre/lib/ext/jaccess.jar
file:/tmp/EvoSuite_pathingJar4799521046159989845.jar
file:/root/.sdkman/candidates/java/8.0.333.fx-librca/jre/lib/ext/dnsns.jar
file:/root/.sdkman/candidates/java/8.0.333.fx-librca/jre/lib/ext/sunpkcs11.jar
file:/root/.sdkman/candidates/java/8.0.333.fx-librca/jre/lib/ext/zipfs.jar
file:/root/.sdkman/candidates/java/8.0.333.fx-librca/jre/lib/ext/jfxrt.jar
file:/root/.sdkman/candidates/java/8.0.333.fx-librca/jre/lib/ext/sunjce_provider.jar
file:/root/.sdkman/candidates/java/8.0.333.fx-librca/jre/lib/ext/nashorn.jar
[MASTER] 02:45:03.727 [logback-1] WARN  JUnitAnalyzer - Found unstable test named initializationError -> class java.lang.RuntimeException: Cannot find either the compilation target folder nor the EvoSuite jar in classpath: /tmp/EvoSuite_pathingJar4799521046159989845.jar
[MASTER] 02:45:03.876 [logback-1] WARN  TimeController - Already entered in phase: INLINING. This will mess up the timing calculations.
* test suite isTestSuite: 6
Test 0: 
Variable.removeVariable("&");

Test 1: 
Variable.addVariable("7");
Test 2: 
Variable.removeVariable("7");
Variable.addVariable("7");
Variable.addVariable("X)H`5?%v?~2\b");
Variable.getVariableValue("*");
Variable.getVariableValue("*");
Variable.removeVariable("X)H`5?%v?~2\b");
Variable.removeVariable("");
Variable.removeVariable("");
Variable.setVariableValue("", 63);
Variable.setVariableValue("", 2817);
Variable.getVariableValue("X)H`5?%v?~2\b");
Variable.setVariableValue("7", 0);
Variable.getVariableValue("");
Test 3: 
Variable.getVariableValue("X)H`5?%v?~2\b");
Test 4: 
Variable.getVariableValue("*");
Test 5: 
Variable.setVariableValue("", 63);

* Minimizing test suite
* test suite isTestSuite: 7
Test 0: 
Variable.setVariableValue("7", 0);
Test 1: 
Variable.addVariable("7");
Test 2: 
Variable.removeVariable("&");
Test 3: 
Variable.getVariableValue("X)H`5?%v?~2\b");
Test 4: 
Variable.getVariableValue("*");
Test 5: 
Variable.setVariableValue("", 63);
Test 6: 
Variable.removeVariable("7");

[MASTER] 02:45:07.410 [logback-1] WARN  TimeController - Already entered in phase: MINIMIZATION. This will mess up the timing calculations.
* Going to analyze the coverage criteria
* Coverage analysis for criterion BRANCH
* Coverage of criterion BRANCH: 91%
* Total number of goals: 23
* Number of covered goals: 21
* Coverage analysis for criterion LINE
* Coverage of criterion LINE: 95%
* Total number of goals: 37
* Number of covered goals: 35
* Coverage analysis for criterion OUTPUT
* Coverage of criterion OUTPUT: 80%
* Total number of goals: 5
* Number of covered goals: 4
* Coverage analysis for criterion METHOD
* Coverage of criterion METHOD: 100%
* Total number of goals: 4
* Number of covered goals: 4
* Coverage analysis for criterion CBRANCH
* Coverage of criterion CBRANCH: 91%
* Total number of goals: 23
* Number of covered goals: 21
* Generated 7 tests with total length 7
* Resulting test suite's coverage: 100% (average coverage for all fitness functions)
* Generating assertions
[MASTER] 02:45:07.455 [logback-1] WARN  TimeController - Already entered in phase: COVERAGE_ANALYSIS. This will mess up the timing calculations.
* Resulting test suite's mutation score: 55%
* Compiling and checking tests
[MASTER] 02:45:07.741 [logback-1] WARN  TimeController - Already entered in phase: ASSERTION_GENERATION. This will mess up the timing calculations.
Going to execute: removeTestsThatDoNotCompile
* Compiling Tests
** Write a test suite: 0 called: 0 to improve: false
* Compiling Tests
** Write a test suite: 0 called: 0 to improve: false
* Compiling Tests
** Write a test suite: 0 called: 0 to improve: false
* Compiling Tests
** Write a test suite: 0 called: 0 to improve: false
* Compiling Tests
** Write a test suite: 0 called: 0 to improve: false
* Compiling Tests
** Write a test suite: 0 called: 0 to improve: false
* Compiling Tests
** Write a test suite: 0 called: 0 to improve: false
Going to execute: handleTestsThatAreUnstable
* Compiling Tests
** Write a test suite: 0 called: 0 to improve: false
[MASTER] 02:45:08.073 [logback-1] WARN  AgentLoader - Failed to find EvoSuite jar in current classloader. URLs of classloader:
file:/root/.sdkman/candidates/java/8.0.333.fx-librca/jre/../lib/tools.jar
file:/root/.sdkman/candidates/java/8.0.333.fx-librca/jre/lib/ext/cldrdata.jar
file:/root/.sdkman/candidates/java/8.0.333.fx-librca/jre/lib/ext/sunec.jar
file:/root/.sdkman/candidates/java/8.0.333.fx-librca/jre/lib/ext/localedata.jar
file:/root/.sdkman/candidates/java/8.0.333.fx-librca/jre/lib/ext/jaccess.jar
file:/tmp/EvoSuite_pathingJar4799521046159989845.jar
file:/root/.sdkman/candidates/java/8.0.333.fx-librca/jre/lib/ext/dnsns.jar
file:/root/.sdkman/candidates/java/8.0.333.fx-librca/jre/lib/ext/sunpkcs11.jar
file:/root/.sdkman/candidates/java/8.0.333.fx-librca/jre/lib/ext/zipfs.jar
file:/root/.sdkman/candidates/java/8.0.333.fx-librca/jre/lib/ext/jfxrt.jar
file:/root/.sdkman/candidates/java/8.0.333.fx-librca/jre/lib/ext/sunjce_provider.jar
file:/root/.sdkman/candidates/java/8.0.333.fx-librca/jre/lib/ext/nashorn.jar
[MASTER] 02:45:08.074 [logback-1] WARN  JUnitAnalyzer - Found unstable test named initializationError -> class java.lang.RuntimeException: Cannot find either the compilation target folder nor the EvoSuite jar in classpath: /tmp/EvoSuite_pathingJar4799521046159989845.jar
Going to execute: handleTestsThatAreUnstable
* Compiling Tests
** Write a test suite: 0 called: 0 to improve: false
[MASTER] 02:45:08.121 [logback-1] WARN  AgentLoader - Failed to find EvoSuite jar in current classloader. URLs of classloader:
file:/root/.sdkman/candidates/java/8.0.333.fx-librca/jre/../lib/tools.jar
file:/root/.sdkman/candidates/java/8.0.333.fx-librca/jre/lib/ext/cldrdata.jar
file:/root/.sdkman/candidates/java/8.0.333.fx-librca/jre/lib/ext/sunec.jar
file:/root/.sdkman/candidates/java/8.0.333.fx-librca/jre/lib/ext/localedata.jar
file:/root/.sdkman/candidates/java/8.0.333.fx-librca/jre/lib/ext/jaccess.jar
file:/tmp/EvoSuite_pathingJar4799521046159989845.jar
file:/root/.sdkman/candidates/java/8.0.333.fx-librca/jre/lib/ext/dnsns.jar
file:/root/.sdkman/candidates/java/8.0.333.fx-librca/jre/lib/ext/sunpkcs11.jar
file:/root/.sdkman/candidates/java/8.0.333.fx-librca/jre/lib/ext/zipfs.jar
file:/root/.sdkman/candidates/java/8.0.333.fx-librca/jre/lib/ext/jfxrt.jar
file:/root/.sdkman/candidates/java/8.0.333.fx-librca/jre/lib/ext/sunjce_provider.jar
file:/root/.sdkman/candidates/java/8.0.333.fx-librca/jre/lib/ext/nashorn.jar
[MASTER] 02:45:08.122 [logback-1] WARN  JUnitAnalyzer - Found unstable test named initializationError -> class java.lang.RuntimeException: Cannot find either the compilation target folder nor the EvoSuite jar in classpath: /tmp/EvoSuite_pathingJar4799521046159989845.jar
Going to execute: handleTestsThatAreUnstable
* Compiling Tests
** Write a test suite: 0 called: 0 to improve: false
[MASTER] 02:45:08.166 [logback-1] WARN  AgentLoader - Failed to find EvoSuite jar in current classloader. URLs of classloader:
file:/root/.sdkman/candidates/java/8.0.333.fx-librca/jre/../lib/tools.jar
file:/root/.sdkman/candidates/java/8.0.333.fx-librca/jre/lib/ext/cldrdata.jar
file:/root/.sdkman/candidates/java/8.0.333.fx-librca/jre/lib/ext/sunec.jar
file:/root/.sdkman/candidates/java/8.0.333.fx-librca/jre/lib/ext/localedata.jar
file:/root/.sdkman/candidates/java/8.0.333.fx-librca/jre/lib/ext/jaccess.jar
file:/tmp/EvoSuite_pathingJar4799521046159989845.jar
file:/root/.sdkman/candidates/java/8.0.333.fx-librca/jre/lib/ext/dnsns.jar
file:/root/.sdkman/candidates/java/8.0.333.fx-librca/jre/lib/ext/sunpkcs11.jar
file:/root/.sdkman/candidates/java/8.0.333.fx-librca/jre/lib/ext/zipfs.jar
file:/root/.sdkman/candidates/java/8.0.333.fx-librca/jre/lib/ext/jfxrt.jar
file:/root/.sdkman/candidates/java/8.0.333.fx-librca/jre/lib/ext/sunjce_provider.jar
file:/root/.sdkman/candidates/java/8.0.333.fx-librca/jre/lib/ext/nashorn.jar
[MASTER] 02:45:08.167 [logback-1] WARN  JUnitAnalyzer - Found unstable test named initializationError -> class java.lang.RuntimeException: Cannot find either the compilation target folder nor the EvoSuite jar in classpath: /tmp/EvoSuite_pathingJar4799521046159989845.jar
Going to execute: handleTestsThatAreUnstable
* Compiling Tests
** Write a test suite: 0 called: 0 to improve: false
[MASTER] 02:45:08.208 [logback-1] WARN  AgentLoader - Failed to find EvoSuite jar in current classloader. URLs of classloader:
file:/root/.sdkman/candidates/java/8.0.333.fx-librca/jre/../lib/tools.jar
file:/root/.sdkman/candidates/java/8.0.333.fx-librca/jre/lib/ext/cldrdata.jar
file:/root/.sdkman/candidates/java/8.0.333.fx-librca/jre/lib/ext/sunec.jar
file:/root/.sdkman/candidates/java/8.0.333.fx-librca/jre/lib/ext/localedata.jar
file:/root/.sdkman/candidates/java/8.0.333.fx-librca/jre/lib/ext/jaccess.jar
file:/tmp/EvoSuite_pathingJar4799521046159989845.jar
file:/root/.sdkman/candidates/java/8.0.333.fx-librca/jre/lib/ext/dnsns.jar
file:/root/.sdkman/candidates/java/8.0.333.fx-librca/jre/lib/ext/sunpkcs11.jar
file:/root/.sdkman/candidates/java/8.0.333.fx-librca/jre/lib/ext/zipfs.jar
file:/root/.sdkman/candidates/java/8.0.333.fx-librca/jre/lib/ext/jfxrt.jar
file:/root/.sdkman/candidates/java/8.0.333.fx-librca/jre/lib/ext/sunjce_provider.jar
file:/root/.sdkman/candidates/java/8.0.333.fx-librca/jre/lib/ext/nashorn.jar
[MASTER] 02:45:08.209 [logback-1] WARN  JUnitAnalyzer - Found unstable test named initializationError -> class java.lang.RuntimeException: Cannot find either the compilation target folder nor the EvoSuite jar in classpath: /tmp/EvoSuite_pathingJar4799521046159989845.jar
Going to execute: handleTestsThatAreUnstable
* Compiling Tests
** Write a test suite: 0 called: 0 to improve: false
[MASTER] 02:45:08.249 [logback-1] WARN  AgentLoader - Failed to find EvoSuite jar in current classloader. URLs of classloader:
file:/root/.sdkman/candidates/java/8.0.333.fx-librca/jre/../lib/tools.jar
file:/root/.sdkman/candidates/java/8.0.333.fx-librca/jre/lib/ext/cldrdata.jar
file:/root/.sdkman/candidates/java/8.0.333.fx-librca/jre/lib/ext/sunec.jar
file:/root/.sdkman/candidates/java/8.0.333.fx-librca/jre/lib/ext/localedata.jar
file:/root/.sdkman/candidates/java/8.0.333.fx-librca/jre/lib/ext/jaccess.jar
file:/tmp/EvoSuite_pathingJar4799521046159989845.jar
file:/root/.sdkman/candidates/java/8.0.333.fx-librca/jre/lib/ext/dnsns.jar
file:/root/.sdkman/candidates/java/8.0.333.fx-librca/jre/lib/ext/sunpkcs11.jar
file:/root/.sdkman/candidates/java/8.0.333.fx-librca/jre/lib/ext/zipfs.jar
file:/root/.sdkman/candidates/java/8.0.333.fx-librca/jre/lib/ext/jfxrt.jar
file:/root/.sdkman/candidates/java/8.0.333.fx-librca/jre/lib/ext/sunjce_provider.jar
file:/root/.sdkman/candidates/java/8.0.333.fx-librca/jre/lib/ext/nashorn.jar
[MASTER] 02:45:08.251 [logback-1] WARN  JUnitAnalyzer - Found unstable test named initializationError -> class java.lang.RuntimeException: Cannot find either the compilation target folder nor the EvoSuite jar in classpath: /tmp/EvoSuite_pathingJar4799521046159989845.jar
Going to execute: handleTestsThatAreUnstable
* Compiling Tests
** Write a test suite: 0 called: 0 to improve: false
[MASTER] 02:45:08.302 [logback-1] WARN  AgentLoader - Failed to find EvoSuite jar in current classloader. URLs of classloader:
file:/root/.sdkman/candidates/java/8.0.333.fx-librca/jre/../lib/tools.jar
file:/root/.sdkman/candidates/java/8.0.333.fx-librca/jre/lib/ext/cldrdata.jar
file:/root/.sdkman/candidates/java/8.0.333.fx-librca/jre/lib/ext/sunec.jar
file:/root/.sdkman/candidates/java/8.0.333.fx-librca/jre/lib/ext/localedata.jar
file:/root/.sdkman/candidates/java/8.0.333.fx-librca/jre/lib/ext/jaccess.jar
file:/tmp/EvoSuite_pathingJar4799521046159989845.jar
file:/root/.sdkman/candidates/java/8.0.333.fx-librca/jre/lib/ext/dnsns.jar
file:/root/.sdkman/candidates/java/8.0.333.fx-librca/jre/lib/ext/sunpkcs11.jar
file:/root/.sdkman/candidates/java/8.0.333.fx-librca/jre/lib/ext/zipfs.jar
file:/root/.sdkman/candidates/java/8.0.333.fx-librca/jre/lib/ext/jfxrt.jar
file:/root/.sdkman/candidates/java/8.0.333.fx-librca/jre/lib/ext/sunjce_provider.jar
file:/root/.sdkman/candidates/java/8.0.333.fx-librca/jre/lib/ext/nashorn.jar
[MASTER] 02:45:08.303 [logback-1] WARN  JUnitAnalyzer - Found unstable test named initializationError -> class java.lang.RuntimeException: Cannot find either the compilation target folder nor the EvoSuite jar in classpath: /tmp/EvoSuite_pathingJar4799521046159989845.jar
Going to execute: handleTestsThatAreUnstable
* Compiling Tests
** Write a test suite: 0 called: 0 to improve: false
[MASTER] 02:45:08.346 [logback-1] WARN  AgentLoader - Failed to find EvoSuite jar in current classloader. URLs of classloader:
file:/root/.sdkman/candidates/java/8.0.333.fx-librca/jre/../lib/tools.jar
file:/root/.sdkman/candidates/java/8.0.333.fx-librca/jre/lib/ext/cldrdata.jar
file:/root/.sdkman/candidates/java/8.0.333.fx-librca/jre/lib/ext/sunec.jar
file:/root/.sdkman/candidates/java/8.0.333.fx-librca/jre/lib/ext/localedata.jar
file:/root/.sdkman/candidates/java/8.0.333.fx-librca/jre/lib/ext/jaccess.jar
file:/tmp/EvoSuite_pathingJar4799521046159989845.jar
file:/root/.sdkman/candidates/java/8.0.333.fx-librca/jre/lib/ext/dnsns.jar
file:/root/.sdkman/candidates/java/8.0.333.fx-librca/jre/lib/ext/sunpkcs11.jar
file:/root/.sdkman/candidates/java/8.0.333.fx-librca/jre/lib/ext/zipfs.jar
file:/root/.sdkman/candidates/java/8.0.333.fx-librca/jre/lib/ext/jfxrt.jar
file:/root/.sdkman/candidates/java/8.0.333.fx-librca/jre/lib/ext/sunjce_provider.jar
file:/root/.sdkman/candidates/java/8.0.333.fx-librca/jre/lib/ext/nashorn.jar
[MASTER] 02:45:08.348 [logback-1] WARN  JUnitAnalyzer - Found unstable test named initializationError -> class java.lang.RuntimeException: Cannot find either the compilation target folder nor the EvoSuite jar in classpath: /tmp/EvoSuite_pathingJar4799521046159989845.jar
Going to execute: handleTestsThatAreUnstable
* Compiling Tests
** Write a test suite: 0 called: 0 to improve: false
** Write a test suite: 1 called: 1 to improve: false
** Write a test suite: 2 called: 2 to improve: false
** Write a test suite: 3 called: 3 to improve: false
** Write a test suite: 4 called: 4 to improve: false
** Write a test suite: 5 called: 5 to improve: false
** Write a test suite: 6 called: 6 to improve: false
[MASTER] 02:45:08.433 [logback-1] WARN  AgentLoader - Failed to find EvoSuite jar in current classloader. URLs of classloader:
file:/root/.sdkman/candidates/java/8.0.333.fx-librca/jre/../lib/tools.jar
file:/root/.sdkman/candidates/java/8.0.333.fx-librca/jre/lib/ext/cldrdata.jar
file:/root/.sdkman/candidates/java/8.0.333.fx-librca/jre/lib/ext/sunec.jar
file:/root/.sdkman/candidates/java/8.0.333.fx-librca/jre/lib/ext/localedata.jar
file:/root/.sdkman/candidates/java/8.0.333.fx-librca/jre/lib/ext/jaccess.jar
file:/tmp/EvoSuite_pathingJar4799521046159989845.jar
file:/root/.sdkman/candidates/java/8.0.333.fx-librca/jre/lib/ext/dnsns.jar
file:/root/.sdkman/candidates/java/8.0.333.fx-librca/jre/lib/ext/sunpkcs11.jar
file:/root/.sdkman/candidates/java/8.0.333.fx-librca/jre/lib/ext/zipfs.jar
file:/root/.sdkman/candidates/java/8.0.333.fx-librca/jre/lib/ext/jfxrt.jar
file:/root/.sdkman/candidates/java/8.0.333.fx-librca/jre/lib/ext/sunjce_provider.jar
file:/root/.sdkman/candidates/java/8.0.333.fx-librca/jre/lib/ext/nashorn.jar
[MASTER] 02:45:08.434 [logback-1] WARN  JUnitAnalyzer - Found unstable test named initializationError -> class java.lang.RuntimeException: Cannot find either the compilation target folder nor the EvoSuite jar in classpath: /tmp/EvoSuite_pathingJar4799521046159989845.jar
Going to execute: handleTestsThatAreUnstable
* Compiling Tests
** Write a test suite: 0 called: 0 to improve: false
** Write a test suite: 1 called: 1 to improve: false
** Write a test suite: 2 called: 2 to improve: false
** Write a test suite: 3 called: 3 to improve: false
** Write a test suite: 4 called: 4 to improve: false
** Write a test suite: 5 called: 5 to improve: false
** Write a test suite: 6 called: 6 to improve: false
[MASTER] 02:45:08.536 [logback-1] WARN  AgentLoader - Failed to find EvoSuite jar in current classloader. URLs of classloader:
file:/root/.sdkman/candidates/java/8.0.333.fx-librca/jre/../lib/tools.jar
file:/root/.sdkman/candidates/java/8.0.333.fx-librca/jre/lib/ext/cldrdata.jar
file:/root/.sdkman/candidates/java/8.0.333.fx-librca/jre/lib/ext/sunec.jar
file:/root/.sdkman/candidates/java/8.0.333.fx-librca/jre/lib/ext/localedata.jar
file:/root/.sdkman/candidates/java/8.0.333.fx-librca/jre/lib/ext/jaccess.jar
file:/tmp/EvoSuite_pathingJar4799521046159989845.jar
file:/root/.sdkman/candidates/java/8.0.333.fx-librca/jre/lib/ext/dnsns.jar
file:/root/.sdkman/candidates/java/8.0.333.fx-librca/jre/lib/ext/sunpkcs11.jar
file:/root/.sdkman/candidates/java/8.0.333.fx-librca/jre/lib/ext/zipfs.jar
file:/root/.sdkman/candidates/java/8.0.333.fx-librca/jre/lib/ext/jfxrt.jar
file:/root/.sdkman/candidates/java/8.0.333.fx-librca/jre/lib/ext/sunjce_provider.jar
file:/root/.sdkman/candidates/java/8.0.333.fx-librca/jre/lib/ext/nashorn.jar
[MASTER] 02:45:08.537 [logback-1] WARN  JUnitAnalyzer - Found unstable test named initializationError -> class java.lang.RuntimeException: Cannot find either the compilation target folder nor the EvoSuite jar in classpath: /tmp/EvoSuite_pathingJar4799521046159989845.jar
* Writing tests to file
[MASTER] 02:45:08.539 [logback-1] WARN  TimeController - Already entered in phase: JUNIT_CHECK. This will mess up the timing calculations.
* Writing JUnit test case 'Variable_ESTest' to evosuite-tests
** Write a test suite: 0 called: 0 to improve: false
** Write a test suite: 1 called: 1 to improve: false
** Write a test suite: 5 called: 2 to improve: false
* Writing JUnit test case 'Variable_Original_ESTest' to evosuite-tests
** Write a test suite: 0 called: 0 to improve: false
** Write a test suite: 1 called: 1 to improve: false
** Write a test suite: 2 called: 2 to improve: false
** Write a test suite: 3 called: 3 to improve: false
** Write a test suite: 4 called: 4 to improve: false
** Write a test suite: 5 called: 5 to improve: false
** Write a test suite: 6 called: 6 to improve: false
* Done!

* Computation finished
