* EvoSuite 1.0.0-SNAPSHOT
* Going to generate test cases for class: jipa.Variable
* Starting Client-0
* Properties loaded from /home/roham/Results-Utestgen/dataset/SF110-new-res/26_jipa/evosuite-files/evosuite.properties
* Connecting to master process on port 10421
* Analyzing classpath: 
* Inheritance tree loaded from evosuite-files/inheritance.xml.gz
[MASTER] 01:00:34.975 [logback-1] WARN  InheritanceTree - Class not in inheritance graph: java.util.function.Consumer
[MASTER] 01:00:34.988 [logback-1] WARN  InheritanceTree - Class not in inheritance graph: java.util.function.Predicate
[MASTER] 01:00:34.989 [logback-1] WARN  InheritanceTree - Class not in inheritance graph: java.util.function.UnaryOperator
[MASTER] 01:00:34.998 [logback-1] WARN  InheritanceTree - Class not in inheritance graph: java.util.function.Function
* Finished analyzing classpath
* Generating tests for class jipa.Variable
* Test criteria:
  - Branch Coverage
  - Line Coverage
  - Method-Output Coverage
  - Top-Level Method Coverage
  - Context Branch Coverage
* Total number of test goals for DYNAMOSA: 92
[Progress:>                             0%] [Cov:>                                  0%]* Using seed 1710205233603
* Starting evolution
* Initial Number of Goals in DynaMOSA = 39 / 92
[Progress:>                             0%] [Cov:===================================100%]
* Search finished after 0s and 0 generations, 661 statements, best individual has fitness: 0.0
* Generated before the refinement 6 tests with total length 8
statement is: getVariableValue(Ljava/lang/String;)I type is: class org.evosuite.testcase.statements.MethodStatement return type int
statement code is: int variableValue = Variable.getVariableValue("")
statement is: String string = "" type is: class org.evosuite.testcase.statements.StringPrimitiveStatement return type class java.lang.String
statement code is: String string = ""
statement is: setVariableValue(Ljava/lang/String;I)V type is: class org.evosuite.testcase.statements.MethodStatement return type void
statement code is: Variable.setVariableValue(arg0, arg1)
test data is: int variableValue = Variable.getVariableValue("");
String string = "";
Variable.setVariableValue(string, variableValue);

** It was a parseable test case! 
Improved test data is: class DummyClass {
    public static void main() {
        int variableValue = 5;
        String string = "Testing the setVariableValue method";
        Variable.setVariableValue(string, variableValue);
    }
}
statement is: int variableValue = 5, class spoon.support.reflect.code.CtLocalVariableImpl
class spoon.support.reflect.code.CtLiteralImpl
statement is: String string = "Testing the setVariableValue method", class spoon.support.reflect.code.CtLocalVariableImpl
class spoon.support.reflect.code.CtLiteralImpl
statement is: Variable.setVariableValue(string, variableValue), class spoon.support.reflect.code.CtInvocationImpl
invocation is: Variable.setVariableValue(string, variableValue) target is: Variable method is: setVariableValue(java.lang.String,int)
Matched Method is: setVariableValue(Ljava/lang/String;I)V
TestCase is: int _int = 5;
String string = "Testing the setVariableValue method";
Variable.setVariableValue(string, _int);

statement is: addVariable(Ljava/lang/String;)Z type is: class org.evosuite.testcase.statements.MethodStatement return type boolean
statement code is: boolean addVariable = Variable.addVariable("")
test data is: Variable.addVariable("");

** It was a parseable test case! 
Improved test data is: class DummyClass {
    public static void main() {
        // Improved test data for the above code fragment
        Variable.addVariable("name");
        Variable.addVariable("age");
        Variable.addVariable("address");
        // Improved test data for the above code fragment
        Variable.addVariable("John Doe");
        Variable.addVariable(30);
        Variable.addVariable("123 Main St.");
    }
}
statement is: // Improved test data for the above code fragment
Variable.addVariable("name"), class spoon.support.reflect.code.CtInvocationImpl
invocation is: // Improved test data for the above code fragment
Variable.addVariable("name") target is: Variable method is: addVariable(java.lang.String)
Matched Method is: addVariable(Ljava/lang/String;)Z
statement is: Variable.addVariable("age"), class spoon.support.reflect.code.CtInvocationImpl
invocation is: Variable.addVariable("age") target is: Variable method is: addVariable(java.lang.String)
Matched Method is: addVariable(Ljava/lang/String;)Z
statement is: Variable.addVariable("address"), class spoon.support.reflect.code.CtInvocationImpl
invocation is: Variable.addVariable("address") target is: Variable method is: addVariable(java.lang.String)
Matched Method is: addVariable(Ljava/lang/String;)Z
statement is: // Improved test data for the above code fragment
Variable.addVariable("John Doe"), class spoon.support.reflect.code.CtInvocationImpl
invocation is: // Improved test data for the above code fragment
Variable.addVariable("John Doe") target is: Variable method is: addVariable(java.lang.String)
Matched Method is: addVariable(Ljava/lang/String;)Z
statement is: Variable.addVariable(30), class spoon.support.reflect.code.CtInvocationImpl
invocation is: Variable.addVariable(30) target is: Variable method is: addVariable(int)
Matched Method is: addVariable(Ljava/lang/String;)Z
statement is: Variable.addVariable("123 Main St."), class spoon.support.reflect.code.CtInvocationImpl
invocation is: Variable.addVariable("123 Main St.") target is: Variable method is: addVariable(java.lang.String)
Matched Method is: addVariable(Ljava/lang/String;)Z
TestCase is: String string = "name";
Variable.addVariable(string);
String string = "age";
Variable.addVariable(string);
String string = "address";
Variable.addVariable(string);
String string = "John Doe";
Variable.addVariable(string);
int _int = 30;
Variable.addVariable((String) _int);
String string = "123 Main St.";
Variable.addVariable(string);

statement is: getVariableValue(Ljava/lang/String;)I type is: class org.evosuite.testcase.statements.MethodStatement return type int
statement code is: int variableValue = Variable.getVariableValue("*")
test data is: Variable.getVariableValue("*");

** It was a parseable test case! 
Improved test data is: class DummyClass {
    public static void main() {
        Variable.getVariableValue("test_variable");
    }
}
statement is: Variable.getVariableValue("test_variable"), class spoon.support.reflect.code.CtInvocationImpl
invocation is: Variable.getVariableValue("test_variable") target is: Variable method is: getVariableValue(java.lang.String)
Matched Method is: getVariableValue(Ljava/lang/String;)I
TestCase is: String string = "test_variable";
Variable.getVariableValue(string);

statement is: setVariableValue(Ljava/lang/String;I)V type is: class org.evosuite.testcase.statements.MethodStatement return type void
statement code is: Variable.setVariableValue("", 1334)
test data is: Variable.setVariableValue("", 1334);

** It was a parseable test case! 
Improved test data is: class DummyClass {
    public static void main() {
        Variable.setVariableValue("", 123456789);
    }
}
statement is: Variable.setVariableValue("", 123456789), class spoon.support.reflect.code.CtInvocationImpl
invocation is: Variable.setVariableValue("", 123456789) target is: Variable method is: setVariableValue(java.lang.String,int)
Matched Method is: setVariableValue(Ljava/lang/String;I)V
TestCase is: String string = "";
int _int = 123456789;
Variable.setVariableValue(string, _int);

statement is: removeVariable(Ljava/lang/String;)V type is: class org.evosuite.testcase.statements.MethodStatement return type void
statement code is: Variable.removeVariable("&")
test data is: Variable.removeVariable("&");

** It was a parseable test case! 
Improved test data is: class DummyClass {
    public static void main() {
        Variable.removeVariable("*");
        Variable.removeVariable("/");
        Variable.removeVariable("#");
    }
}
statement is: Variable.removeVariable("*"), class spoon.support.reflect.code.CtInvocationImpl
invocation is: Variable.removeVariable("*") target is: Variable method is: removeVariable(java.lang.String)
Matched Method is: removeVariable(Ljava/lang/String;)V
statement is: Variable.removeVariable("/"), class spoon.support.reflect.code.CtInvocationImpl
invocation is: Variable.removeVariable("/") target is: Variable method is: removeVariable(java.lang.String)
Matched Method is: removeVariable(Ljava/lang/String;)V
statement is: Variable.removeVariable("#"), class spoon.support.reflect.code.CtInvocationImpl
invocation is: Variable.removeVariable("#") target is: Variable method is: removeVariable(java.lang.String)
Matched Method is: removeVariable(Ljava/lang/String;)V
TestCase is: String string = "*";
Variable.removeVariable(string);
String string = "/";
Variable.removeVariable(string);
String string = "#";
Variable.removeVariable(string);

statement is: setVariableValue(Ljava/lang/String;I)V type is: class org.evosuite.testcase.statements.MethodStatement return type void
statement code is: Variable.setVariableValue("&", 0)
test data is: Variable.setVariableValue("&", 0);

** It was a parseable test case! 
Improved test data is: class DummyClass {
    public static void main() {
        // Improved test data for the above code snippet
        Variable.setVariableValue("A", 10);
        Variable.setVariableValue("B", 20);
        Variable.setVariableValue("C", 30);
        Variable.setVariableValue("D", 40);
    }
}
statement is: // Improved test data for the above code snippet
Variable.setVariableValue("A", 10), class spoon.support.reflect.code.CtInvocationImpl
invocation is: // Improved test data for the above code snippet
Variable.setVariableValue("A", 10) target is: Variable method is: setVariableValue(java.lang.String,int)
Matched Method is: setVariableValue(Ljava/lang/String;I)V
statement is: Variable.setVariableValue("B", 20), class spoon.support.reflect.code.CtInvocationImpl
invocation is: Variable.setVariableValue("B", 20) target is: Variable method is: setVariableValue(java.lang.String,int)
Matched Method is: setVariableValue(Ljava/lang/String;I)V
statement is: Variable.setVariableValue("C", 30), class spoon.support.reflect.code.CtInvocationImpl
invocation is: Variable.setVariableValue("C", 30) target is: Variable method is: setVariableValue(java.lang.String,int)
Matched Method is: setVariableValue(Ljava/lang/String;I)V
statement is: Variable.setVariableValue("D", 40), class spoon.support.reflect.code.CtInvocationImpl
invocation is: Variable.setVariableValue("D", 40) target is: Variable method is: setVariableValue(java.lang.String,int)
Matched Method is: setVariableValue(Ljava/lang/String;I)V
TestCase is: String string = "A";
int _int = 10;
Variable.setVariableValue(string, _int);
String string = "B";
int _int = 20;
Variable.setVariableValue(string, _int);
String string = "C";
int _int = 30;
Variable.setVariableValue(string, _int);
String string = "D";
int _int = 40;
Variable.setVariableValue(string, _int);

* test suite isTestSuite: 12
Test 0: 
Variable.getVariableValue("");
Variable.setVariableValue("", 0);
Test 1: 
Variable.addVariable("");
Test 2: 
Variable.getVariableValue("*");
Test 3: 
Variable.setVariableValue("", 1334);
Test 4: 
Variable.removeVariable("&");
Test 5: 
Variable.setVariableValue("&", 0);
Test 6: 
Variable.setVariableValue("Testing the setVariableValue method", 5);

Test 7: 
Variable.addVariable("name");
Variable.addVariable("age");
Variable.addVariable("address");
Variable.addVariable("John Doe");
Variable.addVariable((String) 30);
String string = "123 Main St.";
Variable.addVariable(string);

Test 8: 
Variable.getVariableValue("test_variable");

Test 9: 
Variable.setVariableValue("", 123456789);

Test 10: 
Variable.removeVariable("*");
Variable.removeVariable("/");
Variable.removeVariable("#");

Test 11: 
Variable.setVariableValue("A", 10);
Variable.setVariableValue("B", 20);
Variable.setVariableValue("C", 30);
Variable.setVariableValue("D", 40);


* Generated after the refinement and before minimization 12 tests with total length 24
* test suite isTestSuite: 12
Test 0: 
Variable.getVariableValue("");
Variable.setVariableValue("", 0);
Test 1: 
Variable.addVariable("");
Test 2: 
Variable.getVariableValue("*");
Test 3: 
Variable.setVariableValue("", 1334);
Test 4: 
Variable.removeVariable("&");
Test 5: 
Variable.setVariableValue("&", 0);
Test 6: 
Variable.setVariableValue("Testing the setVariableValue method", 5);

Test 7: 
Variable.addVariable("name");
Variable.addVariable("age");
Variable.addVariable("address");
Variable.addVariable("John Doe");
Variable.addVariable((String) 30);
String string = "123 Main St.";
Variable.addVariable(string);

Test 8: 
Variable.getVariableValue("test_variable");

Test 9: 
Variable.setVariableValue("", 123456789);

Test 10: 
Variable.removeVariable("*");
Variable.removeVariable("/");
Variable.removeVariable("#");

Test 11: 
Variable.setVariableValue("A", 10);
Variable.setVariableValue("B", 20);
Variable.setVariableValue("C", 30);
Variable.setVariableValue("D", 40);


* Minimizing test suite
* test suite isTestSuite: 8
Test 0: 
Variable.setVariableValue("", 123456789);
Test 1: 
Variable.getVariableValue("");
Test 2: 
Variable.addVariable("");
Test 3: 
Variable.removeVariable("*");
Test 4: 
Variable.removeVariable("&");
Test 5: 
Variable.getVariableValue("*");
Test 6: 
Variable.getVariableValue("test_variable");
Test 7: 
Variable.setVariableValue("Testing the setVariableValue method", 5);

* Going to analyze the coverage criteria
* Coverage analysis for criterion BRANCH
* Coverage of criterion BRANCH: 96%
* Total number of goals: 23
* Number of covered goals: 22
* Coverage analysis for criterion LINE
* Coverage of criterion LINE: 84%
* Total number of goals: 37
* Number of covered goals: 31
* Coverage analysis for criterion OUTPUT
* Coverage of criterion OUTPUT: 60%
* Total number of goals: 5
* Number of covered goals: 3
* Coverage analysis for criterion METHOD
* Coverage of criterion METHOD: 100%
* Total number of goals: 4
* Number of covered goals: 4
* Coverage analysis for criterion CBRANCH
* Coverage of criterion CBRANCH: 96%
* Total number of goals: 23
* Number of covered goals: 22
* Generated 8 tests with total length 8
* Resulting test suite's coverage: 100% (average coverage for all fitness functions)
* Generating assertions
* Resulting test suite's mutation score: 54%
* Compiling and checking tests
Going to execute: removeTestsThatDoNotCompile
* Compiling Tests
** Write a test suite: 0 called: 0 to improve: false
* Compiling Tests
** Write a test suite: 0 called: 0 to improve: true
** Improve Understandability: ** Test Code is: Variable.setVariableValue("", 123456789);

** It was a parseable test case! 
refined test name is: testSetVariableValueWithValidInput
* Compiling Tests
** Write a test suite: 0 called: 0 to improve: false
* Compiling Tests
** Write a test suite: 0 called: 0 to improve: true
** Improve Understandability: ** Test Code is: int variableValue = Variable.getVariableValue("");
assertEquals(0, variableValue);


** It was a parseable test case! 
refined test name is: testGetVariableValueWhenVariableHasValueOfZero
* Compiling Tests
** Write a test suite: 0 called: 0 to improve: false
* Compiling Tests
** Write a test suite: 0 called: 0 to improve: true
** Improve Understandability: ** Test Code is: boolean addVariable = Variable.addVariable("");
assertTrue(addVariable);


** It was a parseable test case! 
refined test name is: testAddVariableWithEmptyString
* Compiling Tests
** Write a test suite: 0 called: 0 to improve: false
* Compiling Tests
** Write a test suite: 0 called: 0 to improve: true
** Improve Understandability: ** Test Code is: Variable.removeVariable("*");

** It was a parseable test case! 
refined test name is: testRemoveVariable
* Compiling Tests
refined test name is: testRemoveVariableshouldSetValueToNull
* Compiling Tests
** Write a test suite: 0 called: 0 to improve: false
* Compiling Tests
** Write a test suite: 0 called: 0 to improve: true
** Improve Understandability: ** Test Code is: Variable.removeVariable("&");

** It was a parseable test case! 
refined test name is: testRemoveVariableWithAmpersand
* Compiling Tests
** Write a test suite: 0 called: 0 to improve: false
* Compiling Tests
** Write a test suite: 0 called: 0 to improve: true
** Improve Understandability: ** Test Code is: int variableValue = Variable.getVariableValue("*");
assertEquals((-1), variableValue);


** It was a parseable test case! 
refined test name is: testGetVariableValue
* Compiling Tests
** Write a test suite: 0 called: 0 to improve: false
* Compiling Tests
** Write a test suite: 0 called: 0 to improve: true
** Improve Understandability: ** Test Code is: int variableValue = Variable.getVariableValue("test_variable");
assertEquals(0, variableValue);


** It was a parseable test case! 
refined test name is: testDefineAndRetrieveVariableValue
* Compiling Tests
refined test name is: testGetVariableValueShouldReturnZero
* Compiling Tests
** Write a test suite: 0 called: 0 to improve: false
* Compiling Tests
** Write a test suite: 0 called: 0 to improve: true
** Improve Understandability: ** Test Code is: Variable.setVariableValue("Testing the setVariableValue method", 5);

** It was a parseable test case! 
refined test name is: testSetVariableValueMethod
* Compiling Tests
refined test name is: testSetVariableValueShouldSetTheVariableToFive
Going to execute: handleTestsThatAreUnstable
* Compiling Tests
[MASTER] 01:09:36.759 [logback-1] WARN  AgentLoader - Failed to find EvoSuite jar in current classloader. URLs of classloader:
file:/root/.sdkman/candidates/java/8.0.333.fx-librca/jre/../lib/tools.jar
file:/root/.sdkman/candidates/java/8.0.333.fx-librca/jre/lib/ext/cldrdata.jar
file:/root/.sdkman/candidates/java/8.0.333.fx-librca/jre/lib/ext/sunec.jar
file:/root/.sdkman/candidates/java/8.0.333.fx-librca/jre/lib/ext/localedata.jar
file:/root/.sdkman/candidates/java/8.0.333.fx-librca/jre/lib/ext/jaccess.jar
file:/tmp/EvoSuite_pathingJar4496619363174884904.jar
file:/root/.sdkman/candidates/java/8.0.333.fx-librca/jre/lib/ext/dnsns.jar
file:/root/.sdkman/candidates/java/8.0.333.fx-librca/jre/lib/ext/sunpkcs11.jar
file:/root/.sdkman/candidates/java/8.0.333.fx-librca/jre/lib/ext/zipfs.jar
file:/root/.sdkman/candidates/java/8.0.333.fx-librca/jre/lib/ext/jfxrt.jar
file:/root/.sdkman/candidates/java/8.0.333.fx-librca/jre/lib/ext/sunjce_provider.jar
file:/root/.sdkman/candidates/java/8.0.333.fx-librca/jre/lib/ext/nashorn.jar
[MASTER] 01:09:36.775 [logback-1] WARN  JUnitAnalyzer - Found unstable test named initializationError -> class java.lang.RuntimeException: Cannot find either the compilation target folder nor the EvoSuite jar in classpath: /tmp/EvoSuite_pathingJar4496619363174884904.jar
Going to execute: handleTestsThatAreUnstable
* Compiling Tests
[MASTER] 01:09:36.820 [logback-1] WARN  AgentLoader - Failed to find EvoSuite jar in current classloader. URLs of classloader:
file:/root/.sdkman/candidates/java/8.0.333.fx-librca/jre/../lib/tools.jar
file:/root/.sdkman/candidates/java/8.0.333.fx-librca/jre/lib/ext/cldrdata.jar
file:/root/.sdkman/candidates/java/8.0.333.fx-librca/jre/lib/ext/sunec.jar
file:/root/.sdkman/candidates/java/8.0.333.fx-librca/jre/lib/ext/localedata.jar
file:/root/.sdkman/candidates/java/8.0.333.fx-librca/jre/lib/ext/jaccess.jar
file:/tmp/EvoSuite_pathingJar4496619363174884904.jar
file:/root/.sdkman/candidates/java/8.0.333.fx-librca/jre/lib/ext/dnsns.jar
file:/root/.sdkman/candidates/java/8.0.333.fx-librca/jre/lib/ext/sunpkcs11.jar
file:/root/.sdkman/candidates/java/8.0.333.fx-librca/jre/lib/ext/zipfs.jar
file:/root/.sdkman/candidates/java/8.0.333.fx-librca/jre/lib/ext/jfxrt.jar
file:/root/.sdkman/candidates/java/8.0.333.fx-librca/jre/lib/ext/sunjce_provider.jar
file:/root/.sdkman/candidates/java/8.0.333.fx-librca/jre/lib/ext/nashorn.jar
[MASTER] 01:09:36.821 [logback-1] WARN  JUnitAnalyzer - Found unstable test named initializationError -> class java.lang.RuntimeException: Cannot find either the compilation target folder nor the EvoSuite jar in classpath: /tmp/EvoSuite_pathingJar4496619363174884904.jar
Going to execute: handleTestsThatAreUnstable
* Compiling Tests
[MASTER] 01:09:36.860 [logback-1] WARN  AgentLoader - Failed to find EvoSuite jar in current classloader. URLs of classloader:
file:/root/.sdkman/candidates/java/8.0.333.fx-librca/jre/../lib/tools.jar
file:/root/.sdkman/candidates/java/8.0.333.fx-librca/jre/lib/ext/cldrdata.jar
file:/root/.sdkman/candidates/java/8.0.333.fx-librca/jre/lib/ext/sunec.jar
file:/root/.sdkman/candidates/java/8.0.333.fx-librca/jre/lib/ext/localedata.jar
file:/root/.sdkman/candidates/java/8.0.333.fx-librca/jre/lib/ext/jaccess.jar
file:/tmp/EvoSuite_pathingJar4496619363174884904.jar
file:/root/.sdkman/candidates/java/8.0.333.fx-librca/jre/lib/ext/dnsns.jar
file:/root/.sdkman/candidates/java/8.0.333.fx-librca/jre/lib/ext/sunpkcs11.jar
file:/root/.sdkman/candidates/java/8.0.333.fx-librca/jre/lib/ext/zipfs.jar
file:/root/.sdkman/candidates/java/8.0.333.fx-librca/jre/lib/ext/jfxrt.jar
file:/root/.sdkman/candidates/java/8.0.333.fx-librca/jre/lib/ext/sunjce_provider.jar
file:/root/.sdkman/candidates/java/8.0.333.fx-librca/jre/lib/ext/nashorn.jar
[MASTER] 01:09:36.861 [logback-1] WARN  JUnitAnalyzer - Found unstable test named initializationError -> class java.lang.RuntimeException: Cannot find either the compilation target folder nor the EvoSuite jar in classpath: /tmp/EvoSuite_pathingJar4496619363174884904.jar
Going to execute: handleTestsThatAreUnstable
* Compiling Tests
** Write a test suite: 0 called: 0 to improve: false
[MASTER] 01:09:36.902 [logback-1] WARN  AgentLoader - Failed to find EvoSuite jar in current classloader. URLs of classloader:
file:/root/.sdkman/candidates/java/8.0.333.fx-librca/jre/../lib/tools.jar
file:/root/.sdkman/candidates/java/8.0.333.fx-librca/jre/lib/ext/cldrdata.jar
file:/root/.sdkman/candidates/java/8.0.333.fx-librca/jre/lib/ext/sunec.jar
file:/root/.sdkman/candidates/java/8.0.333.fx-librca/jre/lib/ext/localedata.jar
file:/root/.sdkman/candidates/java/8.0.333.fx-librca/jre/lib/ext/jaccess.jar
file:/tmp/EvoSuite_pathingJar4496619363174884904.jar
file:/root/.sdkman/candidates/java/8.0.333.fx-librca/jre/lib/ext/dnsns.jar
file:/root/.sdkman/candidates/java/8.0.333.fx-librca/jre/lib/ext/sunpkcs11.jar
file:/root/.sdkman/candidates/java/8.0.333.fx-librca/jre/lib/ext/zipfs.jar
file:/root/.sdkman/candidates/java/8.0.333.fx-librca/jre/lib/ext/jfxrt.jar
file:/root/.sdkman/candidates/java/8.0.333.fx-librca/jre/lib/ext/sunjce_provider.jar
file:/root/.sdkman/candidates/java/8.0.333.fx-librca/jre/lib/ext/nashorn.jar
[MASTER] 01:09:36.903 [logback-1] WARN  JUnitAnalyzer - Found unstable test named initializationError -> class java.lang.RuntimeException: Cannot find either the compilation target folder nor the EvoSuite jar in classpath: /tmp/EvoSuite_pathingJar4496619363174884904.jar
Going to execute: handleTestsThatAreUnstable
* Compiling Tests
[MASTER] 01:09:36.952 [logback-1] WARN  AgentLoader - Failed to find EvoSuite jar in current classloader. URLs of classloader:
file:/root/.sdkman/candidates/java/8.0.333.fx-librca/jre/../lib/tools.jar
file:/root/.sdkman/candidates/java/8.0.333.fx-librca/jre/lib/ext/cldrdata.jar
file:/root/.sdkman/candidates/java/8.0.333.fx-librca/jre/lib/ext/sunec.jar
file:/root/.sdkman/candidates/java/8.0.333.fx-librca/jre/lib/ext/localedata.jar
file:/root/.sdkman/candidates/java/8.0.333.fx-librca/jre/lib/ext/jaccess.jar
file:/tmp/EvoSuite_pathingJar4496619363174884904.jar
file:/root/.sdkman/candidates/java/8.0.333.fx-librca/jre/lib/ext/dnsns.jar
file:/root/.sdkman/candidates/java/8.0.333.fx-librca/jre/lib/ext/sunpkcs11.jar
file:/root/.sdkman/candidates/java/8.0.333.fx-librca/jre/lib/ext/zipfs.jar
file:/root/.sdkman/candidates/java/8.0.333.fx-librca/jre/lib/ext/jfxrt.jar
file:/root/.sdkman/candidates/java/8.0.333.fx-librca/jre/lib/ext/sunjce_provider.jar
file:/root/.sdkman/candidates/java/8.0.333.fx-librca/jre/lib/ext/nashorn.jar
[MASTER] 01:09:36.954 [logback-1] WARN  JUnitAnalyzer - Found unstable test named initializationError -> class java.lang.RuntimeException: Cannot find either the compilation target folder nor the EvoSuite jar in classpath: /tmp/EvoSuite_pathingJar4496619363174884904.jar
Going to execute: handleTestsThatAreUnstable
* Compiling Tests
[MASTER] 01:09:37.005 [logback-1] WARN  AgentLoader - Failed to find EvoSuite jar in current classloader. URLs of classloader:
file:/root/.sdkman/candidates/java/8.0.333.fx-librca/jre/../lib/tools.jar
file:/root/.sdkman/candidates/java/8.0.333.fx-librca/jre/lib/ext/cldrdata.jar
file:/root/.sdkman/candidates/java/8.0.333.fx-librca/jre/lib/ext/sunec.jar
file:/root/.sdkman/candidates/java/8.0.333.fx-librca/jre/lib/ext/localedata.jar
file:/root/.sdkman/candidates/java/8.0.333.fx-librca/jre/lib/ext/jaccess.jar
file:/tmp/EvoSuite_pathingJar4496619363174884904.jar
file:/root/.sdkman/candidates/java/8.0.333.fx-librca/jre/lib/ext/dnsns.jar
file:/root/.sdkman/candidates/java/8.0.333.fx-librca/jre/lib/ext/sunpkcs11.jar
file:/root/.sdkman/candidates/java/8.0.333.fx-librca/jre/lib/ext/zipfs.jar
file:/root/.sdkman/candidates/java/8.0.333.fx-librca/jre/lib/ext/jfxrt.jar
file:/root/.sdkman/candidates/java/8.0.333.fx-librca/jre/lib/ext/sunjce_provider.jar
file:/root/.sdkman/candidates/java/8.0.333.fx-librca/jre/lib/ext/nashorn.jar
[MASTER] 01:09:37.006 [logback-1] WARN  JUnitAnalyzer - Found unstable test named initializationError -> class java.lang.RuntimeException: Cannot find either the compilation target folder nor the EvoSuite jar in classpath: /tmp/EvoSuite_pathingJar4496619363174884904.jar
Going to execute: handleTestsThatAreUnstable
* Compiling Tests
** Write a test suite: 0 called: 0 to improve: false
[MASTER] 01:09:37.055 [logback-1] WARN  AgentLoader - Failed to find EvoSuite jar in current classloader. URLs of classloader:
file:/root/.sdkman/candidates/java/8.0.333.fx-librca/jre/../lib/tools.jar
file:/root/.sdkman/candidates/java/8.0.333.fx-librca/jre/lib/ext/cldrdata.jar
file:/root/.sdkman/candidates/java/8.0.333.fx-librca/jre/lib/ext/sunec.jar
file:/root/.sdkman/candidates/java/8.0.333.fx-librca/jre/lib/ext/localedata.jar
file:/root/.sdkman/candidates/java/8.0.333.fx-librca/jre/lib/ext/jaccess.jar
file:/tmp/EvoSuite_pathingJar4496619363174884904.jar
file:/root/.sdkman/candidates/java/8.0.333.fx-librca/jre/lib/ext/dnsns.jar
file:/root/.sdkman/candidates/java/8.0.333.fx-librca/jre/lib/ext/sunpkcs11.jar
file:/root/.sdkman/candidates/java/8.0.333.fx-librca/jre/lib/ext/zipfs.jar
file:/root/.sdkman/candidates/java/8.0.333.fx-librca/jre/lib/ext/jfxrt.jar
file:/root/.sdkman/candidates/java/8.0.333.fx-librca/jre/lib/ext/sunjce_provider.jar
file:/root/.sdkman/candidates/java/8.0.333.fx-librca/jre/lib/ext/nashorn.jar
[MASTER] 01:09:37.056 [logback-1] WARN  JUnitAnalyzer - Found unstable test named initializationError -> class java.lang.RuntimeException: Cannot find either the compilation target folder nor the EvoSuite jar in classpath: /tmp/EvoSuite_pathingJar4496619363174884904.jar
Going to execute: handleTestsThatAreUnstable
* Compiling Tests
** Write a test suite: 0 called: 0 to improve: false
[MASTER] 01:09:37.104 [logback-1] WARN  AgentLoader - Failed to find EvoSuite jar in current classloader. URLs of classloader:
file:/root/.sdkman/candidates/java/8.0.333.fx-librca/jre/../lib/tools.jar
file:/root/.sdkman/candidates/java/8.0.333.fx-librca/jre/lib/ext/cldrdata.jar
file:/root/.sdkman/candidates/java/8.0.333.fx-librca/jre/lib/ext/sunec.jar
file:/root/.sdkman/candidates/java/8.0.333.fx-librca/jre/lib/ext/localedata.jar
file:/root/.sdkman/candidates/java/8.0.333.fx-librca/jre/lib/ext/jaccess.jar
file:/tmp/EvoSuite_pathingJar4496619363174884904.jar
file:/root/.sdkman/candidates/java/8.0.333.fx-librca/jre/lib/ext/dnsns.jar
file:/root/.sdkman/candidates/java/8.0.333.fx-librca/jre/lib/ext/sunpkcs11.jar
file:/root/.sdkman/candidates/java/8.0.333.fx-librca/jre/lib/ext/zipfs.jar
file:/root/.sdkman/candidates/java/8.0.333.fx-librca/jre/lib/ext/jfxrt.jar
file:/root/.sdkman/candidates/java/8.0.333.fx-librca/jre/lib/ext/sunjce_provider.jar
file:/root/.sdkman/candidates/java/8.0.333.fx-librca/jre/lib/ext/nashorn.jar
[MASTER] 01:09:37.106 [logback-1] WARN  JUnitAnalyzer - Found unstable test named initializationError -> class java.lang.RuntimeException: Cannot find either the compilation target folder nor the EvoSuite jar in classpath: /tmp/EvoSuite_pathingJar4496619363174884904.jar
Going to execute: handleTestsThatAreUnstable
* Compiling Tests
** Write a test suite: 3 called: 0 to improve: false
** Write a test suite: 6 called: 1 to improve: false
** Write a test suite: 7 called: 2 to improve: false
[MASTER] 01:09:37.191 [logback-1] WARN  AgentLoader - Failed to find EvoSuite jar in current classloader. URLs of classloader:
file:/root/.sdkman/candidates/java/8.0.333.fx-librca/jre/../lib/tools.jar
file:/root/.sdkman/candidates/java/8.0.333.fx-librca/jre/lib/ext/cldrdata.jar
file:/root/.sdkman/candidates/java/8.0.333.fx-librca/jre/lib/ext/sunec.jar
file:/root/.sdkman/candidates/java/8.0.333.fx-librca/jre/lib/ext/localedata.jar
file:/root/.sdkman/candidates/java/8.0.333.fx-librca/jre/lib/ext/jaccess.jar
file:/tmp/EvoSuite_pathingJar4496619363174884904.jar
file:/root/.sdkman/candidates/java/8.0.333.fx-librca/jre/lib/ext/dnsns.jar
file:/root/.sdkman/candidates/java/8.0.333.fx-librca/jre/lib/ext/sunpkcs11.jar
file:/root/.sdkman/candidates/java/8.0.333.fx-librca/jre/lib/ext/zipfs.jar
file:/root/.sdkman/candidates/java/8.0.333.fx-librca/jre/lib/ext/jfxrt.jar
file:/root/.sdkman/candidates/java/8.0.333.fx-librca/jre/lib/ext/sunjce_provider.jar
file:/root/.sdkman/candidates/java/8.0.333.fx-librca/jre/lib/ext/nashorn.jar
[MASTER] 01:09:37.192 [logback-1] WARN  JUnitAnalyzer - Found unstable test named initializationError -> class java.lang.RuntimeException: Cannot find either the compilation target folder nor the EvoSuite jar in classpath: /tmp/EvoSuite_pathingJar4496619363174884904.jar
Going to execute: handleTestsThatAreUnstable
* Compiling Tests
** Write a test suite: 0 called: 0 to improve: false
** Write a test suite: 1 called: 1 to improve: false
** Write a test suite: 4 called: 2 to improve: false
[MASTER] 01:09:37.284 [logback-1] WARN  AgentLoader - Failed to find EvoSuite jar in current classloader. URLs of classloader:
file:/root/.sdkman/candidates/java/8.0.333.fx-librca/jre/../lib/tools.jar
file:/root/.sdkman/candidates/java/8.0.333.fx-librca/jre/lib/ext/cldrdata.jar
file:/root/.sdkman/candidates/java/8.0.333.fx-librca/jre/lib/ext/sunec.jar
file:/root/.sdkman/candidates/java/8.0.333.fx-librca/jre/lib/ext/localedata.jar
file:/root/.sdkman/candidates/java/8.0.333.fx-librca/jre/lib/ext/jaccess.jar
file:/tmp/EvoSuite_pathingJar4496619363174884904.jar
file:/root/.sdkman/candidates/java/8.0.333.fx-librca/jre/lib/ext/dnsns.jar
file:/root/.sdkman/candidates/java/8.0.333.fx-librca/jre/lib/ext/sunpkcs11.jar
file:/root/.sdkman/candidates/java/8.0.333.fx-librca/jre/lib/ext/zipfs.jar
file:/root/.sdkman/candidates/java/8.0.333.fx-librca/jre/lib/ext/jfxrt.jar
file:/root/.sdkman/candidates/java/8.0.333.fx-librca/jre/lib/ext/sunjce_provider.jar
file:/root/.sdkman/candidates/java/8.0.333.fx-librca/jre/lib/ext/nashorn.jar
[MASTER] 01:09:37.285 [logback-1] WARN  JUnitAnalyzer - Found unstable test named initializationError -> class java.lang.RuntimeException: Cannot find either the compilation target folder nor the EvoSuite jar in classpath: /tmp/EvoSuite_pathingJar4496619363174884904.jar
[MASTER] 01:09:37.372 [logback-1] WARN  TimeController - Already entered in phase: INLINING. This will mess up the timing calculations.
* test suite isTestSuite: 5
Test 0: 
int variableValue = Variable.getVariableValue("");
String string = "&";
Variable.setVariableValue(string, variableValue);
Test 1: 
Variable.addVariable("");
Test 2: 
Variable.removeVariable("");
Variable.removeVariable("");
Test 3: 
Variable.getVariableValue("*");
Test 4: 
Variable.setVariableValue("", 1334);

* Minimizing test suite
* test suite isTestSuite: 4
Test 0: 
int variableValue = Variable.getVariableValue("");
String string = "&";
Variable.setVariableValue(string, variableValue);
Test 1: 
Variable.addVariable("");
Test 2: 
Variable.removeVariable("");
Variable.removeVariable("");
Test 3: 
Variable.getVariableValue("*");

[MASTER] 01:09:39.208 [logback-1] WARN  TimeController - Already entered in phase: MINIMIZATION. This will mess up the timing calculations.
* Going to analyze the coverage criteria
* Coverage analysis for criterion BRANCH
* Coverage of criterion BRANCH: 100%
* Total number of goals: 23
* Number of covered goals: 23
* Coverage analysis for criterion LINE
* Coverage of criterion LINE: 100%
* Total number of goals: 37
* Number of covered goals: 37
* Coverage analysis for criterion OUTPUT
* Coverage of criterion OUTPUT: 80%
* Total number of goals: 5
* Number of covered goals: 4
* Coverage analysis for criterion METHOD
* Coverage of criterion METHOD: 100%
* Total number of goals: 4
* Number of covered goals: 4
* Coverage analysis for criterion CBRANCH
* Coverage of criterion CBRANCH: 100%
* Total number of goals: 23
* Number of covered goals: 23
* Generated 4 tests with total length 7
* Resulting test suite's coverage: 100% (average coverage for all fitness functions)
* Generating assertions
[MASTER] 01:09:39.227 [logback-1] WARN  TimeController - Already entered in phase: COVERAGE_ANALYSIS. This will mess up the timing calculations.
* Resulting test suite's mutation score: 54%
[MASTER] 01:09:39.432 [logback-1] WARN  TimeController - Already entered in phase: ASSERTION_GENERATION. This will mess up the timing calculations.
* Compiling and checking tests
Going to execute: removeTestsThatDoNotCompile
* Compiling Tests
** Write a test suite: 0 called: 0 to improve: false
* Compiling Tests
** Write a test suite: 0 called: 0 to improve: false
* Compiling Tests
** Write a test suite: 0 called: 0 to improve: false
* Compiling Tests
** Write a test suite: 0 called: 0 to improve: false
Going to execute: handleTestsThatAreUnstable
* Compiling Tests
** Write a test suite: 0 called: 0 to improve: false
Going to execute: handleTestsThatAreUnstable
* Compiling Tests
[MASTER] 01:09:39.815 [logback-1] WARN  AgentLoader - Failed to find EvoSuite jar in current classloader. URLs of classloader:
file:/root/.sdkman/candidates/java/8.0.333.fx-librca/jre/../lib/tools.jar
file:/root/.sdkman/candidates/java/8.0.333.fx-librca/jre/lib/ext/cldrdata.jar
file:/root/.sdkman/candidates/java/8.0.333.fx-librca/jre/lib/ext/sunec.jar
file:/root/.sdkman/candidates/java/8.0.333.fx-librca/jre/lib/ext/localedata.jar
file:/root/.sdkman/candidates/java/8.0.333.fx-librca/jre/lib/ext/jaccess.jar
file:/tmp/EvoSuite_pathingJar4496619363174884904.jar
file:/root/.sdkman/candidates/java/8.0.333.fx-librca/jre/lib/ext/dnsns.jar
file:/root/.sdkman/candidates/java/8.0.333.fx-librca/jre/lib/ext/sunpkcs11.jar
file:/root/.sdkman/candidates/java/8.0.333.fx-librca/jre/lib/ext/zipfs.jar
file:/root/.sdkman/candidates/java/8.0.333.fx-librca/jre/lib/ext/jfxrt.jar
file:/root/.sdkman/candidates/java/8.0.333.fx-librca/jre/lib/ext/sunjce_provider.jar
file:/root/.sdkman/candidates/java/8.0.333.fx-librca/jre/lib/ext/nashorn.jar
[MASTER] 01:09:39.816 [logback-1] WARN  JUnitAnalyzer - Found unstable test named initializationError -> class java.lang.RuntimeException: Cannot find either the compilation target folder nor the EvoSuite jar in classpath: /tmp/EvoSuite_pathingJar4496619363174884904.jar
** Write a test suite: 0 called: 0 to improve: false
[MASTER] 01:09:39.869 [logback-1] WARN  AgentLoader - Failed to find EvoSuite jar in current classloader. URLs of classloader:
file:/root/.sdkman/candidates/java/8.0.333.fx-librca/jre/../lib/tools.jar
file:/root/.sdkman/candidates/java/8.0.333.fx-librca/jre/lib/ext/cldrdata.jar
file:/root/.sdkman/candidates/java/8.0.333.fx-librca/jre/lib/ext/sunec.jar
file:/root/.sdkman/candidates/java/8.0.333.fx-librca/jre/lib/ext/localedata.jar
file:/root/.sdkman/candidates/java/8.0.333.fx-librca/jre/lib/ext/jaccess.jar
file:/tmp/EvoSuite_pathingJar4496619363174884904.jar
file:/root/.sdkman/candidates/java/8.0.333.fx-librca/jre/lib/ext/dnsns.jar
file:/root/.sdkman/candidates/java/8.0.333.fx-librca/jre/lib/ext/sunpkcs11.jar
file:/root/.sdkman/candidates/java/8.0.333.fx-librca/jre/lib/ext/zipfs.jar
file:/root/.sdkman/candidates/java/8.0.333.fx-librca/jre/lib/ext/jfxrt.jar
file:/root/.sdkman/candidates/java/8.0.333.fx-librca/jre/lib/ext/sunjce_provider.jar
file:/root/.sdkman/candidates/java/8.0.333.fx-librca/jre/lib/ext/nashorn.jar
[MASTER] 01:09:39.870 [logback-1] WARN  JUnitAnalyzer - Found unstable test named initializationError -> class java.lang.RuntimeException: Cannot find either the compilation target folder nor the EvoSuite jar in classpath: /tmp/EvoSuite_pathingJar4496619363174884904.jar
Going to execute: handleTestsThatAreUnstable
* Compiling Tests
** Write a test suite: 0 called: 0 to improve: false
[MASTER] 01:09:39.911 [logback-1] WARN  AgentLoader - Failed to find EvoSuite jar in current classloader. URLs of classloader:
file:/root/.sdkman/candidates/java/8.0.333.fx-librca/jre/../lib/tools.jar
file:/root/.sdkman/candidates/java/8.0.333.fx-librca/jre/lib/ext/cldrdata.jar
file:/root/.sdkman/candidates/java/8.0.333.fx-librca/jre/lib/ext/sunec.jar
file:/root/.sdkman/candidates/java/8.0.333.fx-librca/jre/lib/ext/localedata.jar
file:/root/.sdkman/candidates/java/8.0.333.fx-librca/jre/lib/ext/jaccess.jar
file:/tmp/EvoSuite_pathingJar4496619363174884904.jar
file:/root/.sdkman/candidates/java/8.0.333.fx-librca/jre/lib/ext/dnsns.jar
file:/root/.sdkman/candidates/java/8.0.333.fx-librca/jre/lib/ext/sunpkcs11.jar
file:/root/.sdkman/candidates/java/8.0.333.fx-librca/jre/lib/ext/zipfs.jar
file:/root/.sdkman/candidates/java/8.0.333.fx-librca/jre/lib/ext/jfxrt.jar
file:/root/.sdkman/candidates/java/8.0.333.fx-librca/jre/lib/ext/sunjce_provider.jar
file:/root/.sdkman/candidates/java/8.0.333.fx-librca/jre/lib/ext/nashorn.jar
[MASTER] 01:09:39.912 [logback-1] WARN  JUnitAnalyzer - Found unstable test named initializationError -> class java.lang.RuntimeException: Cannot find either the compilation target folder nor the EvoSuite jar in classpath: /tmp/EvoSuite_pathingJar4496619363174884904.jar
Going to execute: handleTestsThatAreUnstable
* Compiling Tests
** Write a test suite: 0 called: 0 to improve: false
[MASTER] 01:09:39.979 [logback-1] WARN  AgentLoader - Failed to find EvoSuite jar in current classloader. URLs of classloader:
file:/root/.sdkman/candidates/java/8.0.333.fx-librca/jre/../lib/tools.jar
file:/root/.sdkman/candidates/java/8.0.333.fx-librca/jre/lib/ext/cldrdata.jar
file:/root/.sdkman/candidates/java/8.0.333.fx-librca/jre/lib/ext/sunec.jar
file:/root/.sdkman/candidates/java/8.0.333.fx-librca/jre/lib/ext/localedata.jar
file:/root/.sdkman/candidates/java/8.0.333.fx-librca/jre/lib/ext/jaccess.jar
file:/tmp/EvoSuite_pathingJar4496619363174884904.jar
file:/root/.sdkman/candidates/java/8.0.333.fx-librca/jre/lib/ext/dnsns.jar
file:/root/.sdkman/candidates/java/8.0.333.fx-librca/jre/lib/ext/sunpkcs11.jar
file:/root/.sdkman/candidates/java/8.0.333.fx-librca/jre/lib/ext/zipfs.jar
file:/root/.sdkman/candidates/java/8.0.333.fx-librca/jre/lib/ext/jfxrt.jar
file:/root/.sdkman/candidates/java/8.0.333.fx-librca/jre/lib/ext/sunjce_provider.jar
file:/root/.sdkman/candidates/java/8.0.333.fx-librca/jre/lib/ext/nashorn.jar
[MASTER] 01:09:39.980 [logback-1] WARN  JUnitAnalyzer - Found unstable test named initializationError -> class java.lang.RuntimeException: Cannot find either the compilation target folder nor the EvoSuite jar in classpath: /tmp/EvoSuite_pathingJar4496619363174884904.jar
Going to execute: handleTestsThatAreUnstable
* Compiling Tests
** Write a test suite: 0 called: 0 to improve: false
** Write a test suite: 1 called: 1 to improve: false
** Write a test suite: 2 called: 2 to improve: false
** Write a test suite: 3 called: 3 to improve: false
[MASTER] 01:09:40.043 [logback-1] WARN  AgentLoader - Failed to find EvoSuite jar in current classloader. URLs of classloader:
file:/root/.sdkman/candidates/java/8.0.333.fx-librca/jre/../lib/tools.jar
file:/root/.sdkman/candidates/java/8.0.333.fx-librca/jre/lib/ext/cldrdata.jar
file:/root/.sdkman/candidates/java/8.0.333.fx-librca/jre/lib/ext/sunec.jar
file:/root/.sdkman/candidates/java/8.0.333.fx-librca/jre/lib/ext/localedata.jar
file:/root/.sdkman/candidates/java/8.0.333.fx-librca/jre/lib/ext/jaccess.jar
file:/tmp/EvoSuite_pathingJar4496619363174884904.jar
file:/root/.sdkman/candidates/java/8.0.333.fx-librca/jre/lib/ext/dnsns.jar
file:/root/.sdkman/candidates/java/8.0.333.fx-librca/jre/lib/ext/sunpkcs11.jar
file:/root/.sdkman/candidates/java/8.0.333.fx-librca/jre/lib/ext/zipfs.jar
file:/root/.sdkman/candidates/java/8.0.333.fx-librca/jre/lib/ext/jfxrt.jar
file:/root/.sdkman/candidates/java/8.0.333.fx-librca/jre/lib/ext/sunjce_provider.jar
file:/root/.sdkman/candidates/java/8.0.333.fx-librca/jre/lib/ext/nashorn.jar
[MASTER] 01:09:40.044 [logback-1] WARN  JUnitAnalyzer - Found unstable test named initializationError -> class java.lang.RuntimeException: Cannot find either the compilation target folder nor the EvoSuite jar in classpath: /tmp/EvoSuite_pathingJar4496619363174884904.jar
Going to execute: handleTestsThatAreUnstable
* Compiling Tests
** Write a test suite: 0 called: 0 to improve: false
** Write a test suite: 1 called: 1 to improve: false
** Write a test suite: 2 called: 2 to improve: false
** Write a test suite: 3 called: 3 to improve: false
[MASTER] 01:09:40.105 [logback-1] WARN  AgentLoader - Failed to find EvoSuite jar in current classloader. URLs of classloader:
file:/root/.sdkman/candidates/java/8.0.333.fx-librca/jre/../lib/tools.jar
file:/root/.sdkman/candidates/java/8.0.333.fx-librca/jre/lib/ext/cldrdata.jar
file:/root/.sdkman/candidates/java/8.0.333.fx-librca/jre/lib/ext/sunec.jar
file:/root/.sdkman/candidates/java/8.0.333.fx-librca/jre/lib/ext/localedata.jar
file:/root/.sdkman/candidates/java/8.0.333.fx-librca/jre/lib/ext/jaccess.jar
file:/tmp/EvoSuite_pathingJar4496619363174884904.jar
file:/root/.sdkman/candidates/java/8.0.333.fx-librca/jre/lib/ext/dnsns.jar
file:/root/.sdkman/candidates/java/8.0.333.fx-librca/jre/lib/ext/sunpkcs11.jar
file:/root/.sdkman/candidates/java/8.0.333.fx-librca/jre/lib/ext/zipfs.jar
file:/root/.sdkman/candidates/java/8.0.333.fx-librca/jre/lib/ext/jfxrt.jar
file:/root/.sdkman/candidates/java/8.0.333.fx-librca/jre/lib/ext/sunjce_provider.jar
file:/root/.sdkman/candidates/java/8.0.333.fx-librca/jre/lib/ext/nashorn.jar
[MASTER] 01:09:40.107 [logback-1] WARN  JUnitAnalyzer - Found unstable test named initializationError -> class java.lang.RuntimeException: Cannot find either the compilation target folder nor the EvoSuite jar in classpath: /tmp/EvoSuite_pathingJar4496619363174884904.jar
* Writing tests to file
[MASTER] 01:09:40.108 [logback-1] WARN  TimeController - Already entered in phase: JUNIT_CHECK. This will mess up the timing calculations.
* Writing JUnit test case 'Variable_ESTest' to evosuite-tests
** Write a test suite: 0 called: 0 to improve: false
** Write a test suite: 1 called: 1 to improve: false
** Write a test suite: 4 called: 2 to improve: false
* Writing JUnit test case 'Variable_Original_ESTest' to evosuite-tests
** Write a test suite: 0 called: 0 to improve: false
** Write a test suite: 1 called: 1 to improve: false
** Write a test suite: 2 called: 2 to improve: false
** Write a test suite: 3 called: 3 to improve: false
* Done!

* Computation finished
