* EvoSuite 1.2.0
* WARNING - Generating JUnit 5 tests with the option to use a separate classloader will result in not runnable tests. Set either -Dtest_format=JUNIT4 or -Duse_separate_classloader=false
* Going to generate test cases for class: jipa.Main
* Starting Client-0
* Properties loaded from /home/roham/Results-Utestgen/dataset/SF110-ES-res/26_jipa/evosuite-files/evosuite.properties
* Connecting to master process on port 3303
* Analyzing classpath: 
* Inheritance tree loaded from evosuite-files/inheritance.xml.gz
* Finished analyzing classpath
* Generating tests for class jipa.Main
* Test criteria:
  - Branch Coverage
  - Line Coverage
  - Method-Output Coverage
  - Top-Level Method Coverage
  - Context Branch Coverage
* Total number of test goals for DYNAMOSA: 468
* Using seed 1709756531621
[Progress:>                             0%] [Cov:>                                  0%]* Starting evolution
* Initial Number of Goals in DynaMOSA = 152 / 468
[Progress:=>                            5%] [Cov:===============>                   44%][Progress:==>                           8%] [Cov:================>                  46%][Progress:===>                          12%] [Cov:==================>                54%][Progress:====>                         15%] [Cov:====================>              58%][Progress:====>                         16%] [Cov:====================>              58%][Progress:======>                       20%] [Cov:=====================>             62%][Progress:=======>                      24%] [Cov:======================>            64%][Progress:========>                     29%] [Cov:======================>            64%][Progress:=========>                    31%] [Cov:======================>            64%][Progress:=========>                    33%] [Cov:======================>            65%][Progress:==========>                   35%] [Cov:======================>            65%][Progress:==========>                   36%] [Cov:======================>            65%][Progress:===========>                  39%] [Cov:======================>            65%][Progress:============>                 42%] [Cov:======================>            65%][Progress:==============>               47%] [Cov:======================>            65%][Progress:===============>              51%] [Cov:=======================>           66%][Progress:================>             55%] [Cov:=======================>           66%][Progress:=================>            59%] [Cov:=======================>           66%][Progress:==================>           61%] [Cov:=======================>           66%][Progress:===================>          65%] [Cov:=======================>           67%][Progress:====================>         69%] [Cov:=======================>           67%][Progress:=====================>        72%] [Cov:=======================>           68%][Progress:=====================>        73%] [Cov:=======================>           68%][Progress:======================>       74%] [Cov:=======================>           68%][Progress:======================>       76%] [Cov:=======================>           68%][Progress:=======================>      78%] [Cov:========================>          69%][Progress:=======================>      78%] [Cov:========================>          69%][Progress:========================>     80%] [Cov:========================>          70%][Progress:========================>     82%] [Cov:========================>          71%][Progress:=========================>    84%] [Cov:========================>          71%][Progress:==========================>   88%] [Cov:========================>          71%][Progress:==========================>   89%] [Cov:========================>          71%][Progress:===========================>  90%] [Cov:========================>          71%][Progress:===========================>  90%] [Cov:=========================>         72%][Progress:===========================>  92%] [Cov:=========================>         72%][Progress:===========================>  93%] [Cov:=========================>         73%][Progress:============================> 95%] [Cov:=========================>         73%][Progress:=============================>97%] [Cov:=========================>         73%][Progress:=============================>99%] [Cov:=========================>         73%][Progress:==============================100%] [Cov:=========================>         74%][Progress:==============================100%] [Cov:=========================>         74%]
* Search finished after 103s and 40 generations, 9008 statements, best individual has fitness: 120.0
* Minimizing test suite
* Going to analyze the coverage criteria
* Coverage analysis for criterion BRANCH
* Coverage of criterion BRANCH: 76%
* Total number of goals: 134
* Number of covered goals: 102
* Coverage analysis for criterion LINE
* Coverage of criterion LINE: 73%
* Total number of goals: 161
* Number of covered goals: 118
* Coverage analysis for criterion OUTPUT
* Coverage of criterion OUTPUT: 52%
* Total number of goals: 25
* Number of covered goals: 13
* Coverage analysis for criterion METHOD
* Coverage of criterion METHOD: 100%
* Total number of goals: 14
* Number of covered goals: 14
* Coverage analysis for criterion CBRANCH
* Coverage of criterion CBRANCH: 76%
* Total number of goals: 134
* Number of covered goals: 102
* Generated 47 tests with total length 54
* Resulting test suite's coverage: 74% (average coverage for all fitness functions)
* Generating assertions
* Resulting test suite's mutation score: 50%
* Compiling and checking tests
[MASTER] 20:26:32.820 [logback-1] WARN  JUnitAnalyzer - Found unstable test named testGetStringValue() -> org.opentest4j.AssertionFailedError: expected: <0> but was: <-1>
[MASTER] 20:27:13.931 [logback-1] WARN  JUnitAnalyzer - Found unstable test named testGetStringValue1() -> org.opentest4j.AssertionFailedError: expected: <0> but was: <-1>
[MASTER] 20:27:21.550 [logback-1] WARN  JUnitAnalyzer - Found unstable test named testMainThrowsTooManyResourcesException() -> java.util.concurrent.ExecutionException: org.evosuite.runtime.TooManyResourcesException: Loop has been executed more times than the allowed 10000
[MASTER] 20:27:21.550 [logback-1] WARN  JUnitAnalyzer - Found unstable test named testGetStringValue1() -> org.opentest4j.AssertionFailedError: expected: <0> but was: <-1>
* Permissions denied during test execution: 
  - java.lang.RuntimePermission: 
         writeFileDescriptor: 4
* Writing tests to file
* Writing JUnit test case 'Main_ESTest' to evosuite-tests
* Done!

* Computation finished
