* EvoSuite 1.2.1-SNAPSHOT
* Going to generate test cases for class: jipa.Variable
* Starting Client-0
* Properties loaded from /home/ubuntu/UTestGen/Evaluation/getting_results/dataset/SF110/26_jipa/evosuite-files/evosuite.properties
* Connecting to master process on port 11359
* Analyzing classpath: 
* Inheritance tree loaded from evosuite-files/inheritance.xml.gz
[MASTER] 00:26:10.895 [logback-1] WARN  InheritanceTree - Class not in inheritance graph: java.util.function.Consumer
[MASTER] 00:26:10.906 [logback-1] WARN  InheritanceTree - Class not in inheritance graph: java.util.function.Predicate
[MASTER] 00:26:10.907 [logback-1] WARN  InheritanceTree - Class not in inheritance graph: java.util.function.UnaryOperator
[MASTER] 00:26:10.915 [logback-1] WARN  InheritanceTree - Class not in inheritance graph: java.util.function.Function
* Finished analyzing classpath
* Generating tests for class jipa.Variable
* Test criteria:
  - Branch Coverage
  - Line Coverage
  - Method-Output Coverage
  - Top-Level Method Coverage
  - Context Branch Coverage
* Total number of test goals for DYNAMOSA: 92
* Using seed 1709252769591
* Starting evolution
[Progress:>                             0%] [Cov:>                                  0%]* Initial Number of Goals in DynaMOSA = 39 / 92
[Progress:>                             0%] [Cov:=================================> 97%][Progress:>                             0%] [Cov:===================================100%]
* Search finished after 2s and 1 generations, 1092 statements, best individual has fitness: 0.0
* Generated before the refinement 6 tests with total length 40
statement is: setVariableValue(Ljava/lang/String;I)V type is: class org.evosuite.testcase.statements.MethodStatement return type void
statement code is: Variable.setVariableValue("UODyRuY!5l~rjcre", 0)
test data is: Variable.setVariableValue("UODyRuY!5l~rjcre", 0);

** It was a parseable test case! 
Improved test data is: class DummyClass {
    public static void main() {
        Variable.setVariableValue("UODyRuY!5l~rjcre", 42);// Changed the value to a more descriptive and representative example }}

    }
}
statement is: Variable.setVariableValue("UODyRuY!5l~rjcre", 42)// Changed the value to a more descriptive and representative example }}
, class spoon.support.reflect.code.CtInvocationImpl
invocation is: Variable.setVariableValue("UODyRuY!5l~rjcre", 42)// Changed the value to a more descriptive and representative example }}
 target is: Variable method is: setVariableValue(java.lang.String,int)
Matched Method is: setVariableValue(Ljava/lang/String;I)V
TestCase is: String string = "UODyRuY!5l~rjcre";
int _int = 42;
Variable.setVariableValue(string, _int);

statement is: addVariable(Ljava/lang/String;)Z type is: class org.evosuite.testcase.statements.MethodStatement return type boolean
statement code is: boolean addVariable = Variable.addVariable("&<qNn")
test data is: Variable.addVariable("&<qNn");

** It was a parseable test case! 
Improved test data is: class DummyClass {
    public static void main() {
        Variable.addVariable("Jane Doe");
    }
}
statement is: Variable.addVariable("Jane Doe"), class spoon.support.reflect.code.CtInvocationImpl
invocation is: Variable.addVariable("Jane Doe") target is: Variable method is: addVariable(java.lang.String)
Matched Method is: addVariable(Ljava/lang/String;)Z
TestCase is: String string = "Jane Doe";
Variable.addVariable(string);

statement is: getVariableValue(Ljava/lang/String;)I type is: class org.evosuite.testcase.statements.MethodStatement return type int
statement code is: int variableValue = Variable.getVariableValue("*PZCA_Se\":A,gX'/i'zs")
test data is: Variable.getVariableValue("*PZCA_Se\":A,gX'/i'zs");

** It was a parseable test case! 
Improved test data is: class DummyClass {
    public static void main() {
        Variable.getVariableValue("This is a sample variable value with multiple consecutive carriage returns:\r\r\r");
    }
}
statement is: Variable.getVariableValue("This is a sample variable value with multiple consecutive carriage returns:\r\r\r"), class spoon.support.reflect.code.CtInvocationImpl
invocation is: Variable.getVariableValue("This is a sample variable value with multiple consecutive carriage returns:\r\r\r") target is: Variable method is: getVariableValue(java.lang.String)
Matched Method is: getVariableValue(Ljava/lang/String;)I
TestCase is: String string = "This is a sample variable value with multiple consecutive carriage returns:\r\r\r";
Variable.getVariableValue(string);

statement is: getVariableValue(Ljava/lang/String;)I type is: class org.evosuite.testcase.statements.MethodStatement return type int
statement code is: int variableValue = Variable.getVariableValue("7_ ke9x")
test data is: Variable.getVariableValue("7_ ke9x");

** It was a parseable test case! 
Improved test data is: class DummyClass {
    public static void main() {
        Variable.getVariableValue("seven_keyboard");
    }
}
statement is: Variable.getVariableValue("seven_keyboard"), class spoon.support.reflect.code.CtInvocationImpl
invocation is: Variable.getVariableValue("seven_keyboard") target is: Variable method is: getVariableValue(java.lang.String)
Matched Method is: getVariableValue(Ljava/lang/String;)I
TestCase is: String string = "seven_keyboard";
Variable.getVariableValue(string);

statement is: setVariableValue(Ljava/lang/String;I)V type is: class org.evosuite.testcase.statements.MethodStatement return type void
statement code is: Variable.setVariableValue("", 3627)
test data is: Variable.setVariableValue("", 3627);

** It was a parseable test case! 
Improved test data is: class DummyClass {
    public static void main() {
        Variable.setVariableValue("", 1234);
    }
}
statement is: Variable.setVariableValue("", 1234), class spoon.support.reflect.code.CtInvocationImpl
invocation is: Variable.setVariableValue("", 1234) target is: Variable method is: setVariableValue(java.lang.String,int)
Matched Method is: setVariableValue(Ljava/lang/String;I)V
TestCase is: String string = "";
int _int = 1234;
Variable.setVariableValue(string, _int);

statement is: String string = "7\"<x&" type is: class org.evosuite.testcase.statements.StringPrimitiveStatement return type class java.lang.String
statement code is: String string = "7\"<x&"
statement is: addVariable(Ljava/lang/String;)Z type is: class org.evosuite.testcase.statements.MethodStatement return type boolean
statement code is: boolean addVariable = Variable.addVariable("7\"<x&")
statement is: String string = ">z>]}7}Xy8!!OSU" type is: class org.evosuite.testcase.statements.StringPrimitiveStatement return type class java.lang.String
statement code is: String string = ">z>]}7}Xy8!!OSU"
statement is: setVariableValue(Ljava/lang/String;I)V type is: class org.evosuite.testcase.statements.MethodStatement return type void
statement code is: Variable.setVariableValue(">z>]}7}Xy8!!OSU", 0)
statement is: setVariableValue(Ljava/lang/String;I)V type is: class org.evosuite.testcase.statements.MethodStatement return type void
statement code is: Variable.setVariableValue(">z>]}7}Xy8!!OSU", 0)
statement is: String string = "&" type is: class org.evosuite.testcase.statements.StringPrimitiveStatement return type class java.lang.String
statement code is: String string = "&"
statement is: removeVariable(Ljava/lang/String;)V type is: class org.evosuite.testcase.statements.MethodStatement return type void
statement code is: Variable.removeVariable("&")
statement is: getVariableValue(Ljava/lang/String;)I type is: class org.evosuite.testcase.statements.MethodStatement return type int
statement code is: int variableValue = Variable.getVariableValue("7\"<x&")
statement is: getVariableValue(Ljava/lang/String;)I type is: class org.evosuite.testcase.statements.MethodStatement return type int
statement code is: int variableValue = Variable.getVariableValue("7\"<x&")
statement is: String string = null type is: class org.evosuite.testcase.statements.NullStatement return type class java.lang.String
statement code is: String string = null
statement is: setVariableValue(Ljava/lang/String;I)V type is: class org.evosuite.testcase.statements.MethodStatement return type void
statement code is: Variable.setVariableValue((String) null, 0)
statement is: String string = "Z!|7~) " type is: class org.evosuite.testcase.statements.StringPrimitiveStatement return type class java.lang.String
statement code is: String string = "Z!|7~) "
statement is: removeVariable(Ljava/lang/String;)V type is: class org.evosuite.testcase.statements.MethodStatement return type void
statement code is: Variable.removeVariable(arg0)
statement is: int _int = 1 type is: class org.evosuite.testcase.statements.numeric.IntPrimitiveStatement return type int
statement code is: int _int = 1
statement is: setVariableValue(Ljava/lang/String;I)V type is: class org.evosuite.testcase.statements.MethodStatement return type void
statement code is: Variable.setVariableValue(arg0, arg1)
statement is: String string = "&" type is: class org.evosuite.testcase.statements.StringPrimitiveStatement return type class java.lang.String
statement code is: String string = "&"
statement is: int _int = 3222 type is: class org.evosuite.testcase.statements.numeric.IntPrimitiveStatement return type int
statement code is: int _int = 3222
statement is: setVariableValue(Ljava/lang/String;I)V type is: class org.evosuite.testcase.statements.MethodStatement return type void
statement code is: Variable.setVariableValue(arg0, arg1)
statement is: int _int = 0 type is: class org.evosuite.testcase.statements.numeric.IntPrimitiveStatement return type int
statement code is: int _int = 0
statement is: setVariableValue(Ljava/lang/String;I)V type is: class org.evosuite.testcase.statements.MethodStatement return type void
statement code is: Variable.setVariableValue(arg0, arg1)
statement is: String string = "mv" type is: class org.evosuite.testcase.statements.StringPrimitiveStatement return type class java.lang.String
statement code is: String string = "mv"
statement is: removeVariable(Ljava/lang/String;)V type is: class org.evosuite.testcase.statements.MethodStatement return type void
statement code is: Variable.removeVariable(arg0)
statement is: getVariableValue(Ljava/lang/String;)I type is: class org.evosuite.testcase.statements.MethodStatement return type int
statement code is: int variableValue = Variable.getVariableValue(arg0)
statement is: String string = "`O%+2k92N#'7J" type is: class org.evosuite.testcase.statements.StringPrimitiveStatement return type class java.lang.String
statement code is: String string = "`O%+2k92N#'7J"
statement is: setVariableValue(Ljava/lang/String;I)V type is: class org.evosuite.testcase.statements.MethodStatement return type void
statement code is: Variable.setVariableValue(arg0, arg1)
statement is: String string = "*" type is: class org.evosuite.testcase.statements.StringPrimitiveStatement return type class java.lang.String
statement code is: String string = "*"
statement is: removeVariable(Ljava/lang/String;)V type is: class org.evosuite.testcase.statements.MethodStatement return type void
statement code is: Variable.removeVariable(arg0)
statement is: String string = "+ObNxhs:Xqks .v.$D" type is: class org.evosuite.testcase.statements.StringPrimitiveStatement return type class java.lang.String
statement code is: String string = "+ObNxhs:Xqks .v.$D"
statement is: addVariable(Ljava/lang/String;)Z type is: class org.evosuite.testcase.statements.MethodStatement return type boolean
statement code is: boolean addVariable = Variable.addVariable(arg0)
statement is: String string = "" type is: class org.evosuite.testcase.statements.StringPrimitiveStatement return type class java.lang.String
statement code is: String string = ""
statement is: removeVariable(Ljava/lang/String;)V type is: class org.evosuite.testcase.statements.MethodStatement return type void
statement code is: Variable.removeVariable(arg0)
statement is: String string = "" type is: class org.evosuite.testcase.statements.StringPrimitiveStatement return type class java.lang.String
statement code is: String string = ""
statement is: addVariable(Ljava/lang/String;)Z type is: class org.evosuite.testcase.statements.MethodStatement return type boolean
statement code is: boolean addVariable = Variable.addVariable(arg0)
statement is: getVariableValue(Ljava/lang/String;)I type is: class org.evosuite.testcase.statements.MethodStatement return type int
statement code is: int variableValue = Variable.getVariableValue(arg0)
statement is: removeVariable(Ljava/lang/String;)V type is: class org.evosuite.testcase.statements.MethodStatement return type void
statement code is: Variable.removeVariable(arg0)
test data is: String string = "7\"<x&";
Variable.addVariable("7\"<x&");
String string = ">z>]}7}Xy8!!OSU";
Variable.setVariableValue(">z>]}7}Xy8!!OSU", 0);
Variable.setVariableValue(">z>]}7}Xy8!!OSU", 0);
String string = "&";
Variable.removeVariable("&");
Variable.getVariableValue("7\"<x&");
Variable.getVariableValue("7\"<x&");
String string = null;
Variable.setVariableValue((String) null, 0);
String string = "Z!|7~) ";
Variable.removeVariable(string);
int _int = 1;
Variable.setVariableValue(string, _int);
String string = "&";
int _int = 3222;
Variable.setVariableValue(string, _int);
int _int = 0;
Variable.setVariableValue(string, _int);
String string = "mv";
Variable.removeVariable(string);
int variableValue = Variable.getVariableValue(string);
String string = "`O%+2k92N#'7J";
Variable.setVariableValue(string, variableValue);
String string = "*";
Variable.removeVariable(string);
String string = "+ObNxhs:Xqks .v.$D";
Variable.addVariable(string);
String string = "";
Variable.removeVariable(string);
String string = "";
Variable.addVariable(string);
Variable.getVariableValue(string);
Variable.removeVariable(string);

** It was a parseable test case! 
Improved test data is: class DummyClass {
    public static void main() {
        and = $missing$;
    }
}
statement is: and = $missing$, class spoon.support.reflect.code.CtAssignmentImpl
* test suite isTestSuite: 11
Test 0: 
Variable.setVariableValue("UODyRuY!5l~rjcre", 0);

Test 1: 
Variable.addVariable("&<qNn");
Test 2: 
Variable.getVariableValue("*PZCA_Se\":A,gX'/i'zs");
Test 3: 
Variable.getVariableValue("7_ ke9x");
Test 4: 
Variable.setVariableValue("", 3627);
Test 5: 
String string = "7\"<x&";
Variable.addVariable("7\"<x&");
String string = ">z>]}7}Xy8!!OSU";
Variable.setVariableValue(">z>]}7}Xy8!!OSU", 0);
Variable.setVariableValue(">z>]}7}Xy8!!OSU", 0);
String string = "&";
Variable.removeVariable("&");
Variable.getVariableValue("7\"<x&");
Variable.getVariableValue("7\"<x&");
String string = null;
// Undeclared exception!
try { 
  Variable.setVariableValue((String) null, 0);
  fail("Expecting exception: NullPointerException");

} catch(NullPointerException e) {
   //
   // no message in exception (getMessage() returned null)
   //
}

String string = "Z!|7~) ";
Variable.removeVariable(string);
int _int = 1;
Variable.setVariableValue(string, _int);
String string = "&";
int _int = 3222;
Variable.setVariableValue(string, _int);
int _int = 0;
Variable.setVariableValue(string, _int);
String string = "mv";
Variable.removeVariable(string);
int variableValue = Variable.getVariableValue(string);
String string = "`O%+2k92N#'7J";
Variable.setVariableValue(string, variableValue);
String string = "*";
Variable.removeVariable(string);
String string = "+ObNxhs:Xqks .v.$D";
Variable.addVariable(string);
String string = "";
Variable.removeVariable(string);
String string = "";
Variable.addVariable(string);
Variable.getVariableValue(string);
Variable.removeVariable(string);
Test 6: 
Variable.setVariableValue("UODyRuY!5l~rjcre", 42);

Test 7: 
Variable.addVariable("Jane Doe");

Test 8: 
Variable.getVariableValue("This is a sample variable value with multiple consecutive carriage returns:\r\r\r");

Test 9: 
Variable.getVariableValue("seven_keyboard");

Test 10: 
Variable.setVariableValue("", 1234);


* Generated after the refinement and before minimization 11 tests with total length 45
* test suite isTestSuite: 11
Test 0: 
Variable.setVariableValue("UODyRuY!5l~rjcre", 0);

Test 1: 
Variable.addVariable("&<qNn");
Test 2: 
Variable.getVariableValue("*PZCA_Se\":A,gX'/i'zs");
Test 3: 
Variable.getVariableValue("7_ ke9x");
Test 4: 
Variable.setVariableValue("", 3627);
Test 5: 
String string = "7\"<x&";
Variable.addVariable("7\"<x&");
String string = ">z>]}7}Xy8!!OSU";
Variable.setVariableValue(">z>]}7}Xy8!!OSU", 0);
Variable.setVariableValue(">z>]}7}Xy8!!OSU", 0);
String string = "&";
Variable.removeVariable("&");
Variable.getVariableValue("7\"<x&");
Variable.getVariableValue("7\"<x&");
String string = null;
// Undeclared exception!
try { 
  Variable.setVariableValue((String) null, 0);
  fail("Expecting exception: NullPointerException");

} catch(NullPointerException e) {
   //
   // no message in exception (getMessage() returned null)
   //
}

String string = "Z!|7~) ";
Variable.removeVariable(string);
int _int = 1;
Variable.setVariableValue(string, _int);
String string = "&";
int _int = 3222;
Variable.setVariableValue(string, _int);
int _int = 0;
Variable.setVariableValue(string, _int);
String string = "mv";
Variable.removeVariable(string);
int variableValue = Variable.getVariableValue(string);
String string = "`O%+2k92N#'7J";
Variable.setVariableValue(string, variableValue);
String string = "*";
Variable.removeVariable(string);
String string = "+ObNxhs:Xqks .v.$D";
Variable.addVariable(string);
String string = "";
Variable.removeVariable(string);
String string = "";
Variable.addVariable(string);
Variable.getVariableValue(string);
Variable.removeVariable(string);
Test 6: 
Variable.setVariableValue("UODyRuY!5l~rjcre", 42);

Test 7: 
Variable.addVariable("Jane Doe");

Test 8: 
Variable.getVariableValue("This is a sample variable value with multiple consecutive carriage returns:\r\r\r");

Test 9: 
Variable.getVariableValue("seven_keyboard");

Test 10: 
Variable.setVariableValue("", 1234);


* Minimizing test suite
* test suite isTestSuite: 8
Test 0: 
Variable.setVariableValue("UODyRuY!5l~rjcre", 0);
Test 1: 
Variable.getVariableValue("7\"<x&");
Test 2: 
Variable.addVariable("&<qNn");
Test 3: 
Variable.removeVariable("&");
Test 4: 
Variable.getVariableValue("*PZCA_Se\":A,gX'/i'zs");
Test 5: 
Variable.getVariableValue("This is a sample variable value with multiple consecutive carriage returns:\r\r\r");
Test 6: 
Variable.setVariableValue("", 1234);
Test 7: 
Variable.addVariable("7\"<x&");

* Going to analyze the coverage criteria
* Coverage analysis for criterion BRANCH
* Coverage of criterion BRANCH: 91%
* Total number of goals: 23
* Number of covered goals: 21
* Coverage analysis for criterion LINE
* Coverage of criterion LINE: 95%
* Total number of goals: 37
* Number of covered goals: 35
* Coverage analysis for criterion OUTPUT
* Coverage of criterion OUTPUT: 100%
* Total number of goals: 5
* Number of covered goals: 5
* Coverage analysis for criterion METHOD
* Coverage of criterion METHOD: 100%
* Total number of goals: 4
* Number of covered goals: 4
* Coverage analysis for criterion CBRANCH
* Coverage of criterion CBRANCH: 91%
* Total number of goals: 23
* Number of covered goals: 21
* Generated 8 tests with total length 8
* Resulting test suite's coverage: 100% (average coverage for all fitness functions)
* Generating assertions
* Resulting test suite's mutation score: 59%
* Compiling and checking tests
Going to execute: removeTestsThatDoNotCompile
* Compiling Tests
** Write a test suite: 0 called: 0 to improve: false
* Compiling Tests
** Write a test suite: 0 called: 0 to improve: true
** Improve Understandability: ** Test Code is: Variable.setVariableValue("UODyRuY!5l~rjcre", 0);

** It was a parseable test case! 
refined test name is: testSetVariableValueToZero
* Compiling Tests
** Write a test suite: 0 called: 0 to improve: false
* Compiling Tests
** Write a test suite: 0 called: 0 to improve: true
** Improve Understandability: ** Test Code is: int variableValue = Variable.getVariableValue("7\"<x&");
assertEquals(0, variableValue);


** It was a parseable test case! 
refined test name is: testGetVariableValueWithValidInput
* Compiling Tests
** Write a test suite: 0 called: 0 to improve: false
* Compiling Tests
** Write a test suite: 0 called: 0 to improve: true
** Improve Understandability: ** Test Code is: boolean addVariable = Variable.addVariable("&<qNn");
assertTrue(addVariable);


** It was a parseable test case! 
refined test name is: testAddVariableValidInput
* Compiling Tests
** Write a test suite: 0 called: 0 to improve: false
* Compiling Tests
** Write a test suite: 0 called: 0 to improve: true
** Improve Understandability: ** Test Code is: Variable.removeVariable("&");

** It was a parseable test case! 
refined test name is: testRemoveVariableWithAmpersand
* Compiling Tests
** Write a test suite: 0 called: 0 to improve: false
* Compiling Tests
** Write a test suite: 0 called: 0 to improve: true
** Improve Understandability: ** Test Code is: int variableValue = Variable.getVariableValue("*PZCA_Se\":A,gX'/i'zs");
assertEquals((-1), variableValue);


** It was a parseable test case! 
refined test name is: testGetVariableValueReturnsNegativeOne
* Compiling Tests
** Write a test suite: 0 called: 0 to improve: false
* Compiling Tests
** Write a test suite: 0 called: 0 to improve: true
** Improve Understandability: ** Test Code is: int variableValue = Variable.getVariableValue("This is a sample variable value with multiple consecutive carriage returns:\r\r\r");
assertEquals(0, variableValue);


** It was a parseable test case! 
refined test name is: testGetVariableValueWithConsecutiveCarriageReturns
* Compiling Tests
** Write a test suite: 0 called: 0 to improve: false
* Compiling Tests
** Write a test suite: 0 called: 0 to improve: true
** Improve Understandability: ** Test Code is: Variable.setVariableValue("", 1234);

** It was a parseable test case! 
refined test name is: testSetVariableValueSetsCorrectValue
* Compiling Tests
** Write a test suite: 0 called: 0 to improve: false
* Compiling Tests
** Write a test suite: 0 called: 0 to improve: true
** Improve Understandability: ** Test Code is: boolean addVariable = Variable.addVariable("7\"<x&");
assertTrue(addVariable);


** It was a parseable test case! 
refined test name is: testAddVariableWithValidInput
Going to execute: handleTestsThatAreUnstable
* Compiling Tests
[MASTER] 00:27:40.194 [logback-1] WARN  AgentLoader - Failed to find EvoSuite jar in current classloader. URLs of classloader:
file:/home/ubuntu/.sdkman/candidates/java/8.0.333.fx-librca/jre/lib/ext/localedata.jar
file:/tmp/EvoSuite_pathingJar139730949786444728.jar
file:/home/ubuntu/.sdkman/candidates/java/8.0.333.fx-librca/jre/lib/ext/sunjce_provider.jar
file:/home/ubuntu/.sdkman/candidates/java/8.0.333.fx-librca/jre/../lib/tools.jar
file:/home/ubuntu/.sdkman/candidates/java/8.0.333.fx-librca/jre/lib/ext/sunpkcs11.jar
file:/home/ubuntu/.sdkman/candidates/java/8.0.333.fx-librca/jre/lib/ext/jaccess.jar
file:/home/ubuntu/.sdkman/candidates/java/8.0.333.fx-librca/jre/lib/ext/sunec.jar
file:/home/ubuntu/.sdkman/candidates/java/8.0.333.fx-librca/jre/lib/ext/zipfs.jar
file:/home/ubuntu/.sdkman/candidates/java/8.0.333.fx-librca/jre/lib/ext/jfxrt.jar
file:/home/ubuntu/.sdkman/candidates/java/8.0.333.fx-librca/jre/lib/ext/dnsns.jar
file:/home/ubuntu/.sdkman/candidates/java/8.0.333.fx-librca/jre/lib/ext/cldrdata.jar
file:/home/ubuntu/.sdkman/candidates/java/8.0.333.fx-librca/jre/lib/ext/nashorn.jar
[MASTER] 00:27:40.218 [logback-1] WARN  JUnitAnalyzer - Found unstable test named initializationError -> class java.lang.RuntimeException: Cannot find either the compilation target folder nor the EvoSuite jar in classpath: /tmp/EvoSuite_pathingJar139730949786444728.jar
Going to execute: handleTestsThatAreUnstable
* Compiling Tests
[MASTER] 00:27:40.284 [logback-1] WARN  AgentLoader - Failed to find EvoSuite jar in current classloader. URLs of classloader:
file:/home/ubuntu/.sdkman/candidates/java/8.0.333.fx-librca/jre/lib/ext/localedata.jar
file:/tmp/EvoSuite_pathingJar139730949786444728.jar
file:/home/ubuntu/.sdkman/candidates/java/8.0.333.fx-librca/jre/lib/ext/sunjce_provider.jar
file:/home/ubuntu/.sdkman/candidates/java/8.0.333.fx-librca/jre/../lib/tools.jar
file:/home/ubuntu/.sdkman/candidates/java/8.0.333.fx-librca/jre/lib/ext/sunpkcs11.jar
file:/home/ubuntu/.sdkman/candidates/java/8.0.333.fx-librca/jre/lib/ext/jaccess.jar
file:/home/ubuntu/.sdkman/candidates/java/8.0.333.fx-librca/jre/lib/ext/sunec.jar
file:/home/ubuntu/.sdkman/candidates/java/8.0.333.fx-librca/jre/lib/ext/zipfs.jar
file:/home/ubuntu/.sdkman/candidates/java/8.0.333.fx-librca/jre/lib/ext/jfxrt.jar
file:/home/ubuntu/.sdkman/candidates/java/8.0.333.fx-librca/jre/lib/ext/dnsns.jar
file:/home/ubuntu/.sdkman/candidates/java/8.0.333.fx-librca/jre/lib/ext/cldrdata.jar
file:/home/ubuntu/.sdkman/candidates/java/8.0.333.fx-librca/jre/lib/ext/nashorn.jar
[MASTER] 00:27:40.285 [logback-1] WARN  JUnitAnalyzer - Found unstable test named initializationError -> class java.lang.RuntimeException: Cannot find either the compilation target folder nor the EvoSuite jar in classpath: /tmp/EvoSuite_pathingJar139730949786444728.jar
Going to execute: handleTestsThatAreUnstable
* Compiling Tests
[MASTER] 00:27:40.355 [logback-1] WARN  AgentLoader - Failed to find EvoSuite jar in current classloader. URLs of classloader:
file:/home/ubuntu/.sdkman/candidates/java/8.0.333.fx-librca/jre/lib/ext/localedata.jar
file:/tmp/EvoSuite_pathingJar139730949786444728.jar
file:/home/ubuntu/.sdkman/candidates/java/8.0.333.fx-librca/jre/lib/ext/sunjce_provider.jar
file:/home/ubuntu/.sdkman/candidates/java/8.0.333.fx-librca/jre/../lib/tools.jar
file:/home/ubuntu/.sdkman/candidates/java/8.0.333.fx-librca/jre/lib/ext/sunpkcs11.jar
file:/home/ubuntu/.sdkman/candidates/java/8.0.333.fx-librca/jre/lib/ext/jaccess.jar
file:/home/ubuntu/.sdkman/candidates/java/8.0.333.fx-librca/jre/lib/ext/sunec.jar
file:/home/ubuntu/.sdkman/candidates/java/8.0.333.fx-librca/jre/lib/ext/zipfs.jar
file:/home/ubuntu/.sdkman/candidates/java/8.0.333.fx-librca/jre/lib/ext/jfxrt.jar
file:/home/ubuntu/.sdkman/candidates/java/8.0.333.fx-librca/jre/lib/ext/dnsns.jar
file:/home/ubuntu/.sdkman/candidates/java/8.0.333.fx-librca/jre/lib/ext/cldrdata.jar
file:/home/ubuntu/.sdkman/candidates/java/8.0.333.fx-librca/jre/lib/ext/nashorn.jar
Going to execute: handleTestsThatAreUnstable
* Compiling Tests
[MASTER] 00:27:40.356 [logback-1] WARN  JUnitAnalyzer - Found unstable test named initializationError -> class java.lang.RuntimeException: Cannot find either the compilation target folder nor the EvoSuite jar in classpath: /tmp/EvoSuite_pathingJar139730949786444728.jar
[MASTER] 00:27:40.417 [logback-1] WARN  AgentLoader - Failed to find EvoSuite jar in current classloader. URLs of classloader:
file:/home/ubuntu/.sdkman/candidates/java/8.0.333.fx-librca/jre/lib/ext/localedata.jar
file:/tmp/EvoSuite_pathingJar139730949786444728.jar
file:/home/ubuntu/.sdkman/candidates/java/8.0.333.fx-librca/jre/lib/ext/sunjce_provider.jar
file:/home/ubuntu/.sdkman/candidates/java/8.0.333.fx-librca/jre/../lib/tools.jar
file:/home/ubuntu/.sdkman/candidates/java/8.0.333.fx-librca/jre/lib/ext/sunpkcs11.jar
file:/home/ubuntu/.sdkman/candidates/java/8.0.333.fx-librca/jre/lib/ext/jaccess.jar
file:/home/ubuntu/.sdkman/candidates/java/8.0.333.fx-librca/jre/lib/ext/sunec.jar
file:/home/ubuntu/.sdkman/candidates/java/8.0.333.fx-librca/jre/lib/ext/zipfs.jar
file:/home/ubuntu/.sdkman/candidates/java/8.0.333.fx-librca/jre/lib/ext/jfxrt.jar
file:/home/ubuntu/.sdkman/candidates/java/8.0.333.fx-librca/jre/lib/ext/dnsns.jar
file:/home/ubuntu/.sdkman/candidates/java/8.0.333.fx-librca/jre/lib/ext/cldrdata.jar
file:/home/ubuntu/.sdkman/candidates/java/8.0.333.fx-librca/jre/lib/ext/nashorn.jar
Going to execute: handleTestsThatAreUnstable
* Compiling Tests
[MASTER] 00:27:40.419 [logback-1] WARN  JUnitAnalyzer - Found unstable test named initializationError -> class java.lang.RuntimeException: Cannot find either the compilation target folder nor the EvoSuite jar in classpath: /tmp/EvoSuite_pathingJar139730949786444728.jar
[MASTER] 00:27:40.511 [logback-1] WARN  AgentLoader - Failed to find EvoSuite jar in current classloader. URLs of classloader:
file:/home/ubuntu/.sdkman/candidates/java/8.0.333.fx-librca/jre/lib/ext/localedata.jar
file:/tmp/EvoSuite_pathingJar139730949786444728.jar
file:/home/ubuntu/.sdkman/candidates/java/8.0.333.fx-librca/jre/lib/ext/sunjce_provider.jar
file:/home/ubuntu/.sdkman/candidates/java/8.0.333.fx-librca/jre/../lib/tools.jar
file:/home/ubuntu/.sdkman/candidates/java/8.0.333.fx-librca/jre/lib/ext/sunpkcs11.jar
file:/home/ubuntu/.sdkman/candidates/java/8.0.333.fx-librca/jre/lib/ext/jaccess.jar
file:/home/ubuntu/.sdkman/candidates/java/8.0.333.fx-librca/jre/lib/ext/sunec.jar
file:/home/ubuntu/.sdkman/candidates/java/8.0.333.fx-librca/jre/lib/ext/zipfs.jar
file:/home/ubuntu/.sdkman/candidates/java/8.0.333.fx-librca/jre/lib/ext/jfxrt.jar
file:/home/ubuntu/.sdkman/candidates/java/8.0.333.fx-librca/jre/lib/ext/dnsns.jar
file:/home/ubuntu/.sdkman/candidates/java/8.0.333.fx-librca/jre/lib/ext/cldrdata.jar
file:/home/ubuntu/.sdkman/candidates/java/8.0.333.fx-librca/jre/lib/ext/nashorn.jar
Going to execute: handleTestsThatAreUnstable
* Compiling Tests
[MASTER] 00:27:40.513 [logback-1] WARN  JUnitAnalyzer - Found unstable test named initializationError -> class java.lang.RuntimeException: Cannot find either the compilation target folder nor the EvoSuite jar in classpath: /tmp/EvoSuite_pathingJar139730949786444728.jar
[MASTER] 00:27:40.613 [logback-1] WARN  AgentLoader - Failed to find EvoSuite jar in current classloader. URLs of classloader:
file:/home/ubuntu/.sdkman/candidates/java/8.0.333.fx-librca/jre/lib/ext/localedata.jar
file:/tmp/EvoSuite_pathingJar139730949786444728.jar
file:/home/ubuntu/.sdkman/candidates/java/8.0.333.fx-librca/jre/lib/ext/sunjce_provider.jar
file:/home/ubuntu/.sdkman/candidates/java/8.0.333.fx-librca/jre/../lib/tools.jar
file:/home/ubuntu/.sdkman/candidates/java/8.0.333.fx-librca/jre/lib/ext/sunpkcs11.jar
file:/home/ubuntu/.sdkman/candidates/java/8.0.333.fx-librca/jre/lib/ext/jaccess.jar
file:/home/ubuntu/.sdkman/candidates/java/8.0.333.fx-librca/jre/lib/ext/sunec.jar
file:/home/ubuntu/.sdkman/candidates/java/8.0.333.fx-librca/jre/lib/ext/zipfs.jar
file:/home/ubuntu/.sdkman/candidates/java/8.0.333.fx-librca/jre/lib/ext/jfxrt.jar
file:/home/ubuntu/.sdkman/candidates/java/8.0.333.fx-librca/jre/lib/ext/dnsns.jar
file:/home/ubuntu/.sdkman/candidates/java/8.0.333.fx-librca/jre/lib/ext/cldrdata.jar
file:/home/ubuntu/.sdkman/candidates/java/8.0.333.fx-librca/jre/lib/ext/nashorn.jar
[MASTER] 00:27:40.616 [logback-1] WARN  JUnitAnalyzer - Found unstable test named initializationError -> class java.lang.RuntimeException: Cannot find either the compilation target folder nor the EvoSuite jar in classpath: /tmp/EvoSuite_pathingJar139730949786444728.jar
Going to execute: handleTestsThatAreUnstable
* Compiling Tests
[MASTER] 00:27:40.710 [logback-1] WARN  AgentLoader - Failed to find EvoSuite jar in current classloader. URLs of classloader:
file:/home/ubuntu/.sdkman/candidates/java/8.0.333.fx-librca/jre/lib/ext/localedata.jar
file:/tmp/EvoSuite_pathingJar139730949786444728.jar
file:/home/ubuntu/.sdkman/candidates/java/8.0.333.fx-librca/jre/lib/ext/sunjce_provider.jar
file:/home/ubuntu/.sdkman/candidates/java/8.0.333.fx-librca/jre/../lib/tools.jar
file:/home/ubuntu/.sdkman/candidates/java/8.0.333.fx-librca/jre/lib/ext/sunpkcs11.jar
file:/home/ubuntu/.sdkman/candidates/java/8.0.333.fx-librca/jre/lib/ext/jaccess.jar
file:/home/ubuntu/.sdkman/candidates/java/8.0.333.fx-librca/jre/lib/ext/sunec.jar
file:/home/ubuntu/.sdkman/candidates/java/8.0.333.fx-librca/jre/lib/ext/zipfs.jar
file:/home/ubuntu/.sdkman/candidates/java/8.0.333.fx-librca/jre/lib/ext/jfxrt.jar
file:/home/ubuntu/.sdkman/candidates/java/8.0.333.fx-librca/jre/lib/ext/dnsns.jar
file:/home/ubuntu/.sdkman/candidates/java/8.0.333.fx-librca/jre/lib/ext/cldrdata.jar
file:/home/ubuntu/.sdkman/candidates/java/8.0.333.fx-librca/jre/lib/ext/nashorn.jar
Going to execute: handleTestsThatAreUnstable
* Compiling Tests
[MASTER] 00:27:40.712 [logback-1] WARN  JUnitAnalyzer - Found unstable test named initializationError -> class java.lang.RuntimeException: Cannot find either the compilation target folder nor the EvoSuite jar in classpath: /tmp/EvoSuite_pathingJar139730949786444728.jar
[MASTER] 00:27:40.826 [logback-1] WARN  AgentLoader - Failed to find EvoSuite jar in current classloader. URLs of classloader:
file:/home/ubuntu/.sdkman/candidates/java/8.0.333.fx-librca/jre/lib/ext/localedata.jar
file:/tmp/EvoSuite_pathingJar139730949786444728.jar
file:/home/ubuntu/.sdkman/candidates/java/8.0.333.fx-librca/jre/lib/ext/sunjce_provider.jar
file:/home/ubuntu/.sdkman/candidates/java/8.0.333.fx-librca/jre/../lib/tools.jar
file:/home/ubuntu/.sdkman/candidates/java/8.0.333.fx-librca/jre/lib/ext/sunpkcs11.jar
file:/home/ubuntu/.sdkman/candidates/java/8.0.333.fx-librca/jre/lib/ext/jaccess.jar
file:/home/ubuntu/.sdkman/candidates/java/8.0.333.fx-librca/jre/lib/ext/sunec.jar
file:/home/ubuntu/.sdkman/candidates/java/8.0.333.fx-librca/jre/lib/ext/zipfs.jar
file:/home/ubuntu/.sdkman/candidates/java/8.0.333.fx-librca/jre/lib/ext/jfxrt.jar
file:/home/ubuntu/.sdkman/candidates/java/8.0.333.fx-librca/jre/lib/ext/dnsns.jar
file:/home/ubuntu/.sdkman/candidates/java/8.0.333.fx-librca/jre/lib/ext/cldrdata.jar
file:/home/ubuntu/.sdkman/candidates/java/8.0.333.fx-librca/jre/lib/ext/nashorn.jar
Going to execute: handleTestsThatAreUnstable
* Compiling Tests
[MASTER] 00:27:40.829 [logback-1] WARN  JUnitAnalyzer - Found unstable test named initializationError -> class java.lang.RuntimeException: Cannot find either the compilation target folder nor the EvoSuite jar in classpath: /tmp/EvoSuite_pathingJar139730949786444728.jar
[MASTER] 00:27:41.037 [logback-1] WARN  AgentLoader - Failed to find EvoSuite jar in current classloader. URLs of classloader:
file:/home/ubuntu/.sdkman/candidates/java/8.0.333.fx-librca/jre/lib/ext/localedata.jar
file:/tmp/EvoSuite_pathingJar139730949786444728.jar
file:/home/ubuntu/.sdkman/candidates/java/8.0.333.fx-librca/jre/lib/ext/sunjce_provider.jar
file:/home/ubuntu/.sdkman/candidates/java/8.0.333.fx-librca/jre/../lib/tools.jar
file:/home/ubuntu/.sdkman/candidates/java/8.0.333.fx-librca/jre/lib/ext/sunpkcs11.jar
file:/home/ubuntu/.sdkman/candidates/java/8.0.333.fx-librca/jre/lib/ext/jaccess.jar
file:/home/ubuntu/.sdkman/candidates/java/8.0.333.fx-librca/jre/lib/ext/sunec.jar
file:/home/ubuntu/.sdkman/candidates/java/8.0.333.fx-librca/jre/lib/ext/zipfs.jar
file:/home/ubuntu/.sdkman/candidates/java/8.0.333.fx-librca/jre/lib/ext/jfxrt.jar
file:/home/ubuntu/.sdkman/candidates/java/8.0.333.fx-librca/jre/lib/ext/dnsns.jar
file:/home/ubuntu/.sdkman/candidates/java/8.0.333.fx-librca/jre/lib/ext/cldrdata.jar
file:/home/ubuntu/.sdkman/candidates/java/8.0.333.fx-librca/jre/lib/ext/nashorn.jar
Going to execute: handleTestsThatAreUnstable
* Compiling Tests
[MASTER] 00:27:41.041 [logback-1] WARN  JUnitAnalyzer - Found unstable test named initializationError -> class java.lang.RuntimeException: Cannot find either the compilation target folder nor the EvoSuite jar in classpath: /tmp/EvoSuite_pathingJar139730949786444728.jar
[MASTER] 00:27:41.253 [logback-1] WARN  AgentLoader - Failed to find EvoSuite jar in current classloader. URLs of classloader:
file:/home/ubuntu/.sdkman/candidates/java/8.0.333.fx-librca/jre/lib/ext/localedata.jar
file:/tmp/EvoSuite_pathingJar139730949786444728.jar
file:/home/ubuntu/.sdkman/candidates/java/8.0.333.fx-librca/jre/lib/ext/sunjce_provider.jar
file:/home/ubuntu/.sdkman/candidates/java/8.0.333.fx-librca/jre/../lib/tools.jar
file:/home/ubuntu/.sdkman/candidates/java/8.0.333.fx-librca/jre/lib/ext/sunpkcs11.jar
file:/home/ubuntu/.sdkman/candidates/java/8.0.333.fx-librca/jre/lib/ext/jaccess.jar
file:/home/ubuntu/.sdkman/candidates/java/8.0.333.fx-librca/jre/lib/ext/sunec.jar
file:/home/ubuntu/.sdkman/candidates/java/8.0.333.fx-librca/jre/lib/ext/zipfs.jar
file:/home/ubuntu/.sdkman/candidates/java/8.0.333.fx-librca/jre/lib/ext/jfxrt.jar
file:/home/ubuntu/.sdkman/candidates/java/8.0.333.fx-librca/jre/lib/ext/dnsns.jar
file:/home/ubuntu/.sdkman/candidates/java/8.0.333.fx-librca/jre/lib/ext/cldrdata.jar
file:/home/ubuntu/.sdkman/candidates/java/8.0.333.fx-librca/jre/lib/ext/nashorn.jar
* Writing tests to file
* Writing JUnit test case 'Variable_ESTest' to evosuite-tests
[MASTER] 00:27:41.257 [logback-1] WARN  JUnitAnalyzer - Found unstable test named initializationError -> class java.lang.RuntimeException: Cannot find either the compilation target folder nor the EvoSuite jar in classpath: /tmp/EvoSuite_pathingJar139730949786444728.jar
* Done!

* Computation finished
