To honour the JVM settings for this build a single-use Daemon process will be forked. For more on this, please refer to https://docs.gradle.org/8.6/userguide/gradle_daemon.html#sec:disabling_the_daemon in the Gradle documentation.
Daemon will be stopped at the end of the build 

> Task :compileJava

> Task :processResources NO-SOURCE
> Task :classes
> Task :jar
> Task :assemble
> Task :compileTestJava
> Task :processTestResources NO-SOURCE
> Task :testClasses

> Task :test

XPathLexer_ESTest > testOr() FAILED
    org.opentest4j.AssertionFailedError at XPathLexer_ESTest.java:405

XPathLexer_ESTest > testLAReturningAlphabeticChar() FAILED
    org.opentest4j.AssertionFailedError at XPathLexer_ESTest.java:288


> Task :test

XPathLexer_ESTest > testGetXPathReturningNull() FAILED
    org.opentest4j.AssertionFailedError at XPathLexer_ESTest.java:117

XPathLexer_ESTest > testIdentifierOrOperatorNameAndIdentifierOrOperatorNameReturningNull0() FAILED
    org.opentest4j.AssertionFailedError at XPathLexer_ESTest.java:795

XPathLexer_ESTest > testIdentifierOrOperatorNameAndIdentifierOrOperatorNameReturningNull1() FAILED
    org.opentest4j.AssertionFailedError at XPathLexer_ESTest.java:985

XPathLexer_ESTest > testIdentifierOrOperatorNameAndIdentifierOrOperatorNameReturningNull4() FAILED
    org.opentest4j.AssertionFailedError at XPathLexer_ESTest.java:1371

XPathLexer_ESTest > testNumber() FAILED
    org.opentest4j.AssertionFailedError at XPathLexer_ESTest.java:372

Axis_ESTest > testCreatesAxis() FAILED
    org.opentest4j.AssertionFailedError at Axis_ESTest.java:304

XPathLexer_ESTest > initializationError FAILED
    org.junit.runners.model.InvalidTestClassError at ParentRunner.java:525

Axis_ESTest > initializationError FAILED
    org.junit.runners.model.InvalidTestClassError at ParentRunner.java:525
There were failing tests. See the report at: file:///home/roham/Results-Utestgen/dataset/SF110-new-UTestGen-src/24_saxpath/build/reports/tests/test/index.html

> Task :jacocoTestReport
> Task :check
> Task :build

Deprecated Gradle features were used in this build, making it incompatible with Gradle 9.0.

You can use '--warning-mode all' to show the individual deprecation warnings and determine if they come from your own scripts or plugins.

For more on this, please refer to https://docs.gradle.org/8.6/userguide/command_line_interface.html#sec:command_line_warnings in the Gradle documentation.

BUILD SUCCESSFUL in 29s
5 actionable tasks: 5 executed
