* EvoSuite 1.0.0-SNAPSHOT
* Going to generate test cases for class: umd.cs.shop.JSJshop
* Starting Client-0
* Properties loaded from /home/roham/Results-Utestgen/dataset/SF110-new-res/85_shop/evosuite-files/evosuite.properties
* Connecting to master process on port 7024
* Analyzing classpath: 
* Inheritance tree loaded from evosuite-files/inheritance.xml.gz
[MASTER] 05:41:17.683 [logback-2] WARN  InheritanceTree - Class not in inheritance graph: java.util.function.Consumer
[MASTER] 05:41:17.699 [logback-2] WARN  InheritanceTree - Class not in inheritance graph: java.util.function.Predicate
[MASTER] 05:41:17.700 [logback-2] WARN  InheritanceTree - Class not in inheritance graph: java.util.function.UnaryOperator
[MASTER] 05:41:18.175 [logback-2] WARN  InheritanceTree - Class not in inheritance graph: java.util.function.Function
[MASTER] 05:41:19.396 [logback-2] WARN  InheritanceTree - Class not in inheritance graph: java.util.function.BiFunction
[MASTER] 05:41:19.399 [logback-2] WARN  InheritanceTree - Class not in inheritance graph: java.util.function.BiConsumer
[MASTER] 05:41:23.973 [logback-2] WARN  InheritanceTree - Class not in inheritance graph: java.time.ZoneId
[MASTER] 05:41:24.217 [logback-2] WARN  InheritanceTree - Class not in inheritance graph: java.time.temporal.Temporal
[MASTER] 05:41:24.221 [logback-2] WARN  InheritanceTree - Class not in inheritance graph: java.time.temporal.TemporalAccessor
[MASTER] 05:41:24.222 [logback-2] WARN  InheritanceTree - Class not in inheritance graph: java.time.temporal.TemporalField
[MASTER] 05:41:24.223 [logback-2] WARN  InheritanceTree - Class not in inheritance graph: java.time.temporal.TemporalUnit
[MASTER] 05:41:24.227 [logback-2] WARN  InheritanceTree - Class not in inheritance graph: java.time.temporal.TemporalAmount
[MASTER] 05:41:24.227 [logback-2] WARN  InheritanceTree - Class not in inheritance graph: java.time.Clock
[MASTER] 05:41:24.233 [logback-2] WARN  InheritanceTree - Class not in inheritance graph: java.time.temporal.TemporalQuery
[MASTER] 05:41:24.235 [logback-2] WARN  InheritanceTree - Class not in inheritance graph: java.time.temporal.TemporalAdjuster
[MASTER] 05:41:24.279 [logback-2] WARN  InheritanceTree - Class not in inheritance graph: java.time.chrono.Chronology
[MASTER] 05:41:24.313 [logback-2] WARN  InheritanceTree - Class not in inheritance graph: java.time.chrono.Era
* Finished analyzing classpath
* Generating tests for class umd.cs.shop.JSJshop
* Test criteria:
  - Branch Coverage
  - Line Coverage
  - Method-Output Coverage
  - Top-Level Method Coverage
  - Context Branch Coverage
* Total number of test goals for DYNAMOSA: 528
* Using seed 1710394874507
* Starting evolution
[Progress:>                             0%] [Cov:>                                  0%]* Initial Number of Goals in DynaMOSA = 132 / 528
[MASTER] 05:41:33.567 [logback-2] WARN  TestCluster - Failed to check cache for java.util.Comparator<T> : Type points to itself
[Progress:>                             3%] [Cov:==========>                        29%][Progress:==>                           9%] [Cov:==========>                        31%][Progress:===>                          11%] [Cov:===========>                       33%][Progress:===>                          13%] [Cov:============>                      35%][Progress:====>                         15%] [Cov:============>                      35%][Progress:====>                         16%] [Cov:============>                      35%][Progress:======>                       20%] [Cov:============>                      35%][Progress:======>                       20%] [Cov:============>                      35%][Progress:======>                       23%] [Cov:=============>                     38%][Progress:======>                       23%] [Cov:=============>                     38%][Progress:========>                     28%] [Cov:================>                  48%][Progress:=========>                    31%] [Cov:================>                  48%][Progress:=========>                    31%] [Cov:================>                  48%][Progress:=========>                    32%] [Cov:================>                  48%][Progress:===========>                  38%] [Cov:================>                  48%][Progress:============>                 41%] [Cov:=================>                 49%][Progress:============>                 41%] [Cov:=================>                 49%][Progress:=============>                44%] [Cov:=================>                 49%][Progress:==============>               48%] [Cov:=================>                 49%][Progress:===============>              50%] [Cov:=================>                 51%][Progress:===============>              50%] [Cov:=================>                 51%][Progress:===============>              52%] [Cov:=================>                 51%][Progress:=================>            57%] [Cov:=================>                 51%][Progress:=================>            57%] [Cov:==================>                52%][Progress:==================>           61%] [Cov:==================>                54%][Progress:===================>          65%] [Cov:==================>                54%][Progress:=====================>        70%] [Cov:==================>                54%][Progress:=====================>        70%] [Cov:==================>                54%][Progress:=====================>        72%] [Cov:==================>                54%][Progress:======================>       76%] [Cov:==================>                54%][Progress:=======================>      79%] [Cov:==================>                54%][Progress:=======================>      79%] [Cov:==================>                54%][Progress:========================>     81%] [Cov:==================>                54%][Progress:=========================>    84%] [Cov:==================>                54%][Progress:=========================>    84%] [Cov:===================>               55%][Progress:=========================>    86%] [Cov:===================>               55%][Progress:==========================>   87%] [Cov:===================>               55%][Progress:==========================>   87%] [Cov:===================>               55%][Progress:==========================>   87%] [Cov:===================>               55%][Progress:==========================>   87%] [Cov:===================>               55%][Progress:===========================>  93%] [Cov:===================>               55%][Progress:==============================100%] [Cov:===================>               55%][Progress:==============================100%] [Cov:===================>               55%]
* Search finished after 203s and 42 generations, 14031 statements, best individual has fitness: 246.0
* Generated before the refinement 28 tests with total length 78
statement is: umd.cs.shop.JSJshop()V type is: class org.evosuite.testcase.statements.ConstructorStatement return type class umd.cs.shop.JSJshop
statement code is: JSJshop jSJshop = new JSJshop()
statement is: getTree()Lumd/cs/shop/JSJshopNode; type is: class org.evosuite.testcase.statements.MethodStatement return type class umd.cs.shop.JSJshopNode
statement code is: JSJshopNode tree = jSJshop.getTree()
test data is: JSJshop jSJshop = new JSJshop();
jSJshop.getTree();

** It was a parseable test case! 
Improved test data is: class DummyClass {
    public static void main() {
        JSJshop jSJshop = new JSJshop();
        jSJshop.getTree();
        // Test data for getTree method
        int[] treeData = new int[]{ 1, 2, 3, 4, 5 };
        String[] treeKeys = new String[]{ "A", "B", "C", "D", "E" };
    }
}
statement is: JSJshop jSJshop = new JSJshop(), class spoon.support.reflect.code.CtLocalVariableImpl
class spoon.support.reflect.code.CtConstructorCallImpl
statement is: jSJshop.getTree(), class spoon.support.reflect.code.CtInvocationImpl
invocation is: jSJshop.getTree() target is: jSJshop method is: getTree()
source statement: umd.cs.shop.JSJshop()V callee: VariableReference: Statement 0, type umd.cs.shop.JSJshopindex is: 0
Matched Method is: getTree()Lumd/cs/shop/JSJshopNode;
statement is: // Test data for getTree method
int[] treeData = new int[]{ 1, 2, 3, 4, 5 }, class spoon.support.reflect.code.CtLocalVariableImpl
class spoon.support.reflect.code.CtNewArrayImpl
statement is: String[] treeKeys = new String[]{ "A", "B", "C", "D", "E" }, class spoon.support.reflect.code.CtLocalVariableImpl
class spoon.support.reflect.code.CtNewArrayImpl
TestCase is: JSJshop jSJshop = new JSJshop();
jSJshop.getTree();

statement is: umd.cs.shop.JSJshop()V type is: class org.evosuite.testcase.statements.ConstructorStatement return type class umd.cs.shop.JSJshop
statement code is: JSJshop jSJshop = new JSJshop()
statement is: getAppletURL(Ljava/lang/String;Ljavax/swing/JApplet;)Ljava/net/URL; type is: class org.evosuite.testcase.statements.MethodStatement return type class java.net.URL
statement code is: URL appletURL = jSJshop.getAppletURL("*_E", (JApplet) null)
test data is: JSJshop jSJshop = new JSJshop();
jSJshop.getAppletURL("*_E", (JApplet) null);

** It was a parseable test case! 
Improved test data is: class DummyClass {
    public static void main() {
        JSJshop jSJshop = new JSJshop();
        jSJshop.getAppletURL("https://www.example.com/_E", ((JApplet) (null)));
    }
}
statement is: JSJshop jSJshop = new JSJshop(), class spoon.support.reflect.code.CtLocalVariableImpl
class spoon.support.reflect.code.CtConstructorCallImpl
statement is: jSJshop.getAppletURL("https://www.example.com/_E", ((JApplet) (null))), class spoon.support.reflect.code.CtInvocationImpl
invocation is: jSJshop.getAppletURL("https://www.example.com/_E", ((JApplet) (null))) target is: jSJshop method is: getAppletURL(java.lang.String,JApplet)
source statement: umd.cs.shop.JSJshop()V callee: VariableReference: Statement 0, type umd.cs.shop.JSJshopindex is: 0
Matched Method is: getAppletURL(Ljava/lang/String;Ljavax/swing/JApplet;)Ljava/net/URL;
i 1 Parameters size() 1 Num of Method Parameters: 2
TestCase is: JSJshop jSJshop = new JSJshop();
String string = "https://www.example.com/_E";
JApplet jApplet = null;
jSJshop.getAppletURL(string, jApplet);

statement is: umd.cs.shop.JSTaskAtom()V type is: class org.evosuite.testcase.statements.ConstructorStatement return type class umd.cs.shop.JSTaskAtom
statement code is: JSTaskAtom jSTaskAtom = new JSTaskAtom()
statement is: umd.cs.shop.JSJshop(Ljava/lang/String;Lumd/cs/shop/JSTaskAtom;)V type is: class org.evosuite.testcase.statements.ConstructorStatement return type class umd.cs.shop.JSJshop
statement code is: JSJshop jSJshop = new JSJshop("List of tasks", arg1)
test data is: JSTaskAtom jSTaskAtom = new JSTaskAtom();
JSJshop jSJshop = new JSJshop("List of tasks", jSTaskAtom);

** It was a parseable test case! 
Improved test data is: class DummyClass {
    public static void main() {
        JSTaskAtom jSTaskAtom = new JSTaskAtom();
        JSJshop jSJshop = new JSJshop("List of tasks", jSTaskAtom);
    }
}
statement is: JSTaskAtom jSTaskAtom = new JSTaskAtom(), class spoon.support.reflect.code.CtLocalVariableImpl
class spoon.support.reflect.code.CtConstructorCallImpl
statement is: JSJshop jSJshop = new JSJshop("List of tasks", jSTaskAtom), class spoon.support.reflect.code.CtLocalVariableImpl
class spoon.support.reflect.code.CtConstructorCallImpl
TestCase is: JSTaskAtom jSTaskAtom = new JSTaskAtom();
String string = "List of tasks";
JSJshop jSJshop = new JSJshop(string, jSTaskAtom);

statement is: umd.cs.shop.JSJshop()V type is: class org.evosuite.testcase.statements.ConstructorStatement return type class umd.cs.shop.JSJshop
statement code is: JSJshop jSJshop = new JSJshop()
statement is: getSolution()Lumd/cs/shop/JSPairPlanTSListNodes; type is: class org.evosuite.testcase.statements.MethodStatement return type class umd.cs.shop.JSPairPlanTSListNodes
statement code is: JSPairPlanTSListNodes solution = jSJshop.getSolution()
test data is: JSJshop jSJshop = new JSJshop();
jSJshop.getSolution();

** It was a parseable test case! 
Improved test data is: class DummyClass {
    public static void main() {
        int x = 1234;
        int y = 5678;
        String name = "Jane Doe";
        double price = 99.99;
        char gender = 'F';
    }
}
statement is: int x = 1234, class spoon.support.reflect.code.CtLocalVariableImpl
class spoon.support.reflect.code.CtLiteralImpl
statement is: int y = 5678, class spoon.support.reflect.code.CtLocalVariableImpl
class spoon.support.reflect.code.CtLiteralImpl
statement is: String name = "Jane Doe", class spoon.support.reflect.code.CtLocalVariableImpl
class spoon.support.reflect.code.CtLiteralImpl
statement is: double price = 99.99, class spoon.support.reflect.code.CtLocalVariableImpl
class spoon.support.reflect.code.CtLiteralImpl
statement is: char gender = 'F', class spoon.support.reflect.code.CtLocalVariableImpl
class spoon.support.reflect.code.CtLiteralImpl
* this is vulnerable: int _int = 1234
* this is vulnerable: int _int = 5678
* this is vulnerable: String string = "Jane Doe"
* this is vulnerable: double _double = 99.99
* this is vulnerable: char _char = 'F'
TestCase is: int _int = 1234;
int _int = 5678;
String string = "Jane Doe";
double _double = 99.99;
char _char = 'F';

statement is: umd.cs.shop.JSJshop()V type is: class org.evosuite.testcase.statements.ConstructorStatement return type class umd.cs.shop.JSJshop
statement code is: JSJshop jSJshop = new JSJshop()
statement is: sol()Lumd/cs/shop/JSPlan; type is: class org.evosuite.testcase.statements.MethodStatement return type class umd.cs.shop.JSPlan
statement code is: JSPlan sol = jSJshop.sol()
test data is: JSJshop jSJshop = new JSJshop();
jSJshop.sol();

** It was a parseable test case! 
Improved test data is: class DummyClass {
    public static void main() {
        jSJshop jSJshop = new JSJshop();
        // Improved test data:
        int numOfItems = 10;
        double totalCost = 20.5;
        String itemName = "Widget";
        char color = 'R';
        jSJshop.addItem(numOfItems, totalCost, itemName, color);
    }
}
statement is: jSJshop jSJshop = new JSJshop(), class spoon.support.reflect.code.CtLocalVariableImpl
class spoon.support.reflect.code.CtConstructorCallImpl
statement is: // Improved test data:
int numOfItems = 10, class spoon.support.reflect.code.CtLocalVariableImpl
class spoon.support.reflect.code.CtLiteralImpl
statement is: double totalCost = 20.5, class spoon.support.reflect.code.CtLocalVariableImpl
class spoon.support.reflect.code.CtLiteralImpl
statement is: String itemName = "Widget", class spoon.support.reflect.code.CtLocalVariableImpl
class spoon.support.reflect.code.CtLiteralImpl
statement is: char color = 'R', class spoon.support.reflect.code.CtLocalVariableImpl
class spoon.support.reflect.code.CtLiteralImpl
statement is: jSJshop.addItem(numOfItems, totalCost, itemName, color), class spoon.support.reflect.code.CtInvocationImpl
invocation is: jSJshop.addItem(numOfItems, totalCost, itemName, color) target is: jSJshop method is: addItem(int,double,java.lang.String,char)
* this is vulnerable: int _int = 10
* this is vulnerable: double _double = 20.5
* this is vulnerable: String string = "Widget"
* this is vulnerable: char _char = 'R'
TestCase is: JSJshop jSJshop = new JSJshop();
int _int = 10;
double _double = 20.5;
String string = "Widget";
char _char = 'R';

statement is: umd.cs.shop.JSJshop()V type is: class org.evosuite.testcase.statements.ConstructorStatement return type class umd.cs.shop.JSJshop
statement code is: JSJshop jSJshop = new JSJshop()
statement is: tree()Lumd/cs/shop/JSJshopNode; type is: class org.evosuite.testcase.statements.MethodStatement return type class umd.cs.shop.JSJshopNode
statement code is: JSJshopNode tree = jSJshop.tree()
test data is: JSJshop jSJshop = new JSJshop();
jSJshop.tree();

** It was a parseable test case! 
Improved test data is: class DummyClass {
    public static void main() {
        jSJshop.addItem(new Item("Red Apple", 10.99));
        jSJshop.addItem(new Item("Yellow Orange", 20.99));
        jSJshop.addItem(new Item("Carrot", 30.99));
    }
}
statement is: jSJshop.addItem(new Item("Red Apple", 10.99)), class spoon.support.reflect.code.CtInvocationImpl
invocation is: jSJshop.addItem(new Item("Red Apple", 10.99)) target is: jSJshop method is: addItem(Item)
statement is: jSJshop.addItem(new Item("Yellow Orange", 20.99)), class spoon.support.reflect.code.CtInvocationImpl
invocation is: jSJshop.addItem(new Item("Yellow Orange", 20.99)) target is: jSJshop method is: addItem(Item)
statement is: jSJshop.addItem(new Item("Carrot", 30.99)), class spoon.support.reflect.code.CtInvocationImpl
invocation is: jSJshop.addItem(new Item("Carrot", 30.99)) target is: jSJshop method is: addItem(Item)
statement is: umd.cs.shop.JSJshop()V type is: class org.evosuite.testcase.statements.ConstructorStatement return type class umd.cs.shop.JSJshop
statement code is: JSJshop jSJshop = new JSJshop()
statement is: prob()Lumd/cs/shop/JSPlanningProblem; type is: class org.evosuite.testcase.statements.MethodStatement return type class umd.cs.shop.JSPlanningProblem
statement code is: JSPlanningProblem prob = jSJshop.prob()
test data is: JSJshop jSJshop = new JSJshop();
jSJshop.prob();

** It was a parseable test case! 
Improved test data is: class DummyClass {
    public static void main() {
        JSJshop jSJshop = new JSJshop();
        jSJshop.prob(10, 20);
    }
}
statement is: JSJshop jSJshop = new JSJshop(), class spoon.support.reflect.code.CtLocalVariableImpl
class spoon.support.reflect.code.CtConstructorCallImpl
statement is: jSJshop.prob(10, 20), class spoon.support.reflect.code.CtInvocationImpl
invocation is: jSJshop.prob(10, 20) target is: jSJshop method is: prob(int,int)
TestCase is: JSJshop jSJshop = new JSJshop();

statement is: umd.cs.shop.JSJshop()V type is: class org.evosuite.testcase.statements.ConstructorStatement return type class umd.cs.shop.JSJshop
statement code is: JSJshop jSJshop = new JSJshop()
statement is: dom()Lumd/cs/shop/JSPlanningDomain; type is: class org.evosuite.testcase.statements.MethodStatement return type class umd.cs.shop.JSPlanningDomain
statement code is: JSPlanningDomain dom = jSJshop.dom()
test data is: JSJshop jSJshop = new JSJshop();
jSJshop.dom();

** It was a parseable test case! 
Improved test data is: class DummyClass {
    public static void main() {
        JSJshop jSJshop = new JSJshop();
        jSJshop.dom(123456789, "ABCDEFGHIJKLMNOPQRSTUVWXYZ");
    }
}
statement is: JSJshop jSJshop = new JSJshop(), class spoon.support.reflect.code.CtLocalVariableImpl
class spoon.support.reflect.code.CtConstructorCallImpl
statement is: jSJshop.dom(123456789, "ABCDEFGHIJKLMNOPQRSTUVWXYZ"), class spoon.support.reflect.code.CtInvocationImpl
invocation is: jSJshop.dom(123456789, "ABCDEFGHIJKLMNOPQRSTUVWXYZ") target is: jSJshop method is: dom(int,java.lang.String)
TestCase is: JSJshop jSJshop = new JSJshop();

statement is: org.evosuite.testcase.statements.ArrayStatement@af3c4284 type is: class org.evosuite.testcase.statements.ArrayStatement return type class [Ljava.lang.String;
statement code is: String[] stringArray = new String[0]
statement is: main([Ljava/lang/String;)V type is: class org.evosuite.testcase.statements.MethodStatement return type void
statement code is: JSJshop.main(arg0)
test data is: String[] stringArray = new String[0];
JSJshop.main(stringArray);

** It was a parseable test case! 
Improved test data is: class DummyClass {
    public static void main() {
        String[] stringArray = new String[]{ "-c", "-v", "123456" };// The first two parameters are used to indicate that a customer is making a purchase and that the payment method is credit card, respectively. The third parameter is the amount of money being paid (in this case, $123.45).

        JSJshop.main(stringArray);
    }
}
statement is: String[] stringArray = new String[]{ "-c", "-v", "123456" }// The first two parameters are used to indicate that a customer is making a purchase and that the payment method is credit card, respectively. The third parameter is the amount of money being paid (in this case, $123.45).
, class spoon.support.reflect.code.CtLocalVariableImpl
class spoon.support.reflect.code.CtNewArrayImpl
Dimension: [] Ct is: String[] stringArray = new String[0] isAssignment: false Array: new String[]{ "-c", "-v", "123456" } Elements: ["-c", "-v", "123456"]
lengths: [0] []
statement is: JSJshop.main(stringArray), class spoon.support.reflect.code.CtInvocationImpl
invocation is: JSJshop.main(stringArray) target is: JSJshop method is: main(java.lang.String[])
Matched Method is: main([Ljava/lang/String;)V
i 0 Parameters size() 0 Num of Method Parameters: 1
TestCase is: String[] stringArray = null;
JSJshop.main(stringArray);

statement is: org.evosuite.testcase.statements.ArrayStatement@325b5ad2 type is: class org.evosuite.testcase.statements.ArrayStatement return type class [Ljava.lang.String;
statement code is: String[] stringArray = new String[6]
statement is: main([Ljava/lang/String;)V type is: class org.evosuite.testcase.statements.MethodStatement return type void
statement code is: JSJshop.main(arg0)
test data is: String[] stringArray = new String[6];
JSJshop.main(stringArray);

** It was a parseable test case! 
Improved test data is: class DummyClass {
    public static void main() {
        String[] stringArray = new String[6];
        stringArray[0] = "Hello";
        stringArray[1] = "World";
        stringArray[2] = "This";
        stringArray[3] = "Is";
        stringArray[4] = "A";
        stringArray[5] = "Test";
        JSJshop.main(stringArray);
    }
}
statement is: String[] stringArray = new String[6], class spoon.support.reflect.code.CtLocalVariableImpl
class spoon.support.reflect.code.CtNewArrayImpl
Dimension: [6] Ct is: String[] stringArray = new String[6] isAssignment: false Array: new String[6] Elements: []
lengths: [6] [6]
Their type are: class [Ljava.lang.String; String[]
statement is: stringArray[0] = "Hello", class spoon.support.reflect.code.CtAssignmentImpl
Assigned : stringArray[0] Assigned Type class spoon.support.reflect.code.CtArrayWriteImpl String Assignment:"Hello" Ct is: stringArray[0] = "Hello"
target : stringArray class spoon.support.reflect.code.CtLiteralImpl
statement is: stringArray[1] = "World", class spoon.support.reflect.code.CtAssignmentImpl
Assigned : stringArray[1] Assigned Type class spoon.support.reflect.code.CtArrayWriteImpl String Assignment:"World" Ct is: stringArray[1] = "World"
target : stringArray class spoon.support.reflect.code.CtLiteralImpl
statement is: stringArray[2] = "This", class spoon.support.reflect.code.CtAssignmentImpl
Assigned : stringArray[2] Assigned Type class spoon.support.reflect.code.CtArrayWriteImpl String Assignment:"This" Ct is: stringArray[2] = "This"
target : stringArray class spoon.support.reflect.code.CtLiteralImpl
statement is: stringArray[3] = "Is", class spoon.support.reflect.code.CtAssignmentImpl
Assigned : stringArray[3] Assigned Type class spoon.support.reflect.code.CtArrayWriteImpl String Assignment:"Is" Ct is: stringArray[3] = "Is"
target : stringArray class spoon.support.reflect.code.CtLiteralImpl
statement is: stringArray[4] = "A", class spoon.support.reflect.code.CtAssignmentImpl
Assigned : stringArray[4] Assigned Type class spoon.support.reflect.code.CtArrayWriteImpl String Assignment:"A" Ct is: stringArray[4] = "A"
target : stringArray class spoon.support.reflect.code.CtLiteralImpl
statement is: stringArray[5] = "Test", class spoon.support.reflect.code.CtAssignmentImpl
Assigned : stringArray[5] Assigned Type class spoon.support.reflect.code.CtArrayWriteImpl String Assignment:"Test" Ct is: stringArray[5] = "Test"
target : stringArray class spoon.support.reflect.code.CtLiteralImpl
statement is: JSJshop.main(stringArray), class spoon.support.reflect.code.CtInvocationImpl
invocation is: JSJshop.main(stringArray) target is: JSJshop method is: main(java.lang.String[])
Matched Method is: main([Ljava/lang/String;)V
TestCase is: String[] stringArray = new String[6];
JSJshop.main(stringArray);

statement is: org.evosuite.testcase.statements.ArrayStatement@b4800f33 type is: class org.evosuite.testcase.statements.ArrayStatement return type class [Ljava.lang.String;
statement code is: String[] stringArray = new String[3]
statement is: main([Ljava/lang/String;)V type is: class org.evosuite.testcase.statements.MethodStatement return type void
statement code is: JSJshop.main(arg0)
test data is: String[] stringArray = new String[3];
JSJshop.main(stringArray);

** It was a parseable test case! 
Improved test data is: class DummyClass {
    public static void main() {
        String[] stringArray = new String[]{ "-a", "--help" };
        JSJshop.main(stringArray);
    }
}
statement is: String[] stringArray = new String[]{ "-a", "--help" }, class spoon.support.reflect.code.CtLocalVariableImpl
class spoon.support.reflect.code.CtNewArrayImpl
Dimension: [] Ct is: String[] stringArray = new String[3] isAssignment: false Array: new String[]{ "-a", "--help" } Elements: ["-a", "--help"]
lengths: [3] []
statement is: JSJshop.main(stringArray), class spoon.support.reflect.code.CtInvocationImpl
invocation is: JSJshop.main(stringArray) target is: JSJshop method is: main(java.lang.String[])
Matched Method is: main([Ljava/lang/String;)V
i 0 Parameters size() 0 Num of Method Parameters: 1
TestCase is: String[] stringArray = null;
JSJshop.main(stringArray);

statement is: org.evosuite.testcase.statements.ArrayStatement@9daae96e type is: class org.evosuite.testcase.statements.ArrayStatement return type class [Ljava.lang.String;
statement code is: String[] stringArray = new String[3]
statement is: org.evosuite.testcase.statements.AssignmentStatement@6d2cd285 type is: class org.evosuite.testcase.statements.AssignmentStatement return type class java.lang.String
statement code is: stringArray[2] = "one"
statement is: main([Ljava/lang/String;)V type is: class org.evosuite.testcase.statements.MethodStatement return type void
statement code is: JSJshop.main(arg0)
test data is: String[] stringArray = new String[3];
stringArray[2] = "one";
JSJshop.main(stringArray);

** It was a parseable test case! 
Improved test data is: class DummyClass {
    public static void main() {
        String[] stringArray = new String[3];
        stringArray[0] = "apple";
        stringArray[1] = "banana";
        stringArray[2] = "cherry";
        JSJshop.main(stringArray);
    }
}
statement is: String[] stringArray = new String[3], class spoon.support.reflect.code.CtLocalVariableImpl
class spoon.support.reflect.code.CtNewArrayImpl
Dimension: [3] Ct is: String[] stringArray = new String[3] isAssignment: false Array: new String[3] Elements: []
lengths: [3] [3]
Their type are: class [Ljava.lang.String; String[]
statement is: stringArray[0] = "apple", class spoon.support.reflect.code.CtAssignmentImpl
Assigned : stringArray[0] Assigned Type class spoon.support.reflect.code.CtArrayWriteImpl String Assignment:"apple" Ct is: stringArray[0] = "apple"
target : stringArray class spoon.support.reflect.code.CtLiteralImpl
statement is: stringArray[1] = "banana", class spoon.support.reflect.code.CtAssignmentImpl
Assigned : stringArray[1] Assigned Type class spoon.support.reflect.code.CtArrayWriteImpl String Assignment:"banana" Ct is: stringArray[1] = "banana"
target : stringArray class spoon.support.reflect.code.CtLiteralImpl
statement is: stringArray[2] = "cherry", class spoon.support.reflect.code.CtAssignmentImpl
Assigned : stringArray[2] Assigned Type class spoon.support.reflect.code.CtArrayWriteImpl String Assignment:"cherry" Ct is: stringArray[2] = "cherry"
target : stringArray class spoon.support.reflect.code.CtLiteralImpl
statement is: JSJshop.main(stringArray), class spoon.support.reflect.code.CtInvocationImpl
invocation is: JSJshop.main(stringArray) target is: JSJshop method is: main(java.lang.String[])
Matched Method is: main([Ljava/lang/String;)V
TestCase is: String[] stringArray = new String[3];
String string = "apple";
stringArray[2] = string;
String string = "banana";
stringArray[2] = string;
String string = "cherry";
stringArray[2] = string;
JSJshop.main(stringArray);

statement is: org.evosuite.testcase.statements.ArrayStatement@c95d2cba type is: class org.evosuite.testcase.statements.ArrayStatement return type class [Ljava.lang.String;
statement code is: String[] stringArray = new String[3]
statement is: org.evosuite.testcase.statements.AssignmentStatement@2237345b type is: class org.evosuite.testcase.statements.AssignmentStatement return type class java.lang.String
statement code is: stringArray[2] = "all"
statement is: main([Ljava/lang/String;)V type is: class org.evosuite.testcase.statements.MethodStatement return type void
statement code is: JSJshop.main(arg0)
test data is: String[] stringArray = new String[3];
stringArray[2] = "all";
JSJshop.main(stringArray);

** It was a parseable test case! 
Improved test data is: class DummyClass {
    public static void main() {
        String[] stringArray = new String[3];
        stringArray[0] = "-f";
        stringArray[1] = "input.txt";
        stringArray[2] = "all";
        JSJshop.main(stringArray);
    }
}
statement is: String[] stringArray = new String[3], class spoon.support.reflect.code.CtLocalVariableImpl
class spoon.support.reflect.code.CtNewArrayImpl
Dimension: [3] Ct is: String[] stringArray = new String[3] isAssignment: false Array: new String[3] Elements: []
lengths: [3] [3]
Their type are: class [Ljava.lang.String; String[]
statement is: stringArray[0] = "-f", class spoon.support.reflect.code.CtAssignmentImpl
Assigned : stringArray[0] Assigned Type class spoon.support.reflect.code.CtArrayWriteImpl String Assignment:"-f" Ct is: stringArray[0] = "-f"
target : stringArray class spoon.support.reflect.code.CtLiteralImpl
statement is: stringArray[1] = "input.txt", class spoon.support.reflect.code.CtAssignmentImpl
Assigned : stringArray[1] Assigned Type class spoon.support.reflect.code.CtArrayWriteImpl String Assignment:"input.txt" Ct is: stringArray[1] = "input.txt"
target : stringArray class spoon.support.reflect.code.CtLiteralImpl
statement is: stringArray[2] = "all", class spoon.support.reflect.code.CtAssignmentImpl
Assigned : stringArray[2] Assigned Type class spoon.support.reflect.code.CtArrayWriteImpl String Assignment:"all" Ct is: stringArray[2] = "all"
target : stringArray class spoon.support.reflect.code.CtLiteralImpl
statement is: JSJshop.main(stringArray), class spoon.support.reflect.code.CtInvocationImpl
invocation is: JSJshop.main(stringArray) target is: JSJshop method is: main(java.lang.String[])
Matched Method is: main([Ljava/lang/String;)V
TestCase is: String[] stringArray = new String[3];
String string = "-f";
stringArray[2] = string;
String string = "input.txt";
stringArray[2] = string;
String string = "all";
stringArray[2] = string;
JSJshop.main(stringArray);

statement is: EvoSuiteFile evoSuiteFile = new EvoSuiteFile("WvPRdqIJTU_gL?") type is: class org.evosuite.testcase.statements.environment.FileNamePrimitiveStatement return type class org.evosuite.runtime.testdata.EvoSuiteFile
statement code is: EvoSuiteFile evoSuiteFile = new EvoSuiteFile("WvPRdqIJTU_gL?")
statement is: org.evosuite.testcase.statements.ArrayStatement@f1b21369 type is: class org.evosuite.testcase.statements.ArrayStatement return type class [B
statement code is: byte[] byteArray = new byte[5]
statement is: appendDataToFile(Lorg/evosuite/runtime/testdata/EvoSuiteFile;[B)Z type is: class org.evosuite.testcase.statements.MethodStatement return type boolean
statement code is: boolean appendDataToFile = FileSystemHandling.appendDataToFile(arg0, arg1)
statement is: org.evosuite.testcase.statements.ArrayStatement@6c83641d type is: class org.evosuite.testcase.statements.ArrayStatement return type class [Ljava.lang.String;
statement code is: String[] stringArray = new String[2]
statement is: org.evosuite.testcase.statements.AssignmentStatement@b8a605b2 type is: class org.evosuite.testcase.statements.AssignmentStatement return type class java.lang.String
statement code is: stringArray[0] = "WvPRdqIJTU_gL?"
statement is: main([Ljava/lang/String;)V type is: class org.evosuite.testcase.statements.MethodStatement return type void
statement code is: JSJshop.main(arg0)
test data is: EvoSuiteFile evoSuiteFile = new EvoSuiteFile("WvPRdqIJTU_gL?");
byte[] byteArray = new byte[5];
FileSystemHandling.appendDataToFile(evoSuiteFile, byteArray);
String[] stringArray = new String[2];
stringArray[0] = "WvPRdqIJTU_gL?";
JSJshop.main(stringArray);

** It was a parseable test case! 
Improved test data is: class DummyClass {
    public static void main() {
        EvoSuiteFile evoSuiteFile = new EvoSuiteFile("HelloWorld.txt");
        byte[] byteArray = new byte[5];
        FileSystemHandling.appendDataToFile(evoSuiteFile, byteArray);
        String[] stringArray = new String[2];
        stringArray[0] = "HelloWorld.txt";
        JSJshop.main(stringArray);
    }
}
statement is: EvoSuiteFile evoSuiteFile = new EvoSuiteFile("HelloWorld.txt"), class spoon.support.reflect.code.CtLocalVariableImpl
class spoon.support.reflect.code.CtConstructorCallImpl
statement is: byte[] byteArray = new byte[5], class spoon.support.reflect.code.CtLocalVariableImpl
class spoon.support.reflect.code.CtNewArrayImpl
Dimension: [5] Ct is: byte[] byteArray = new byte[5] isAssignment: false Array: new byte[5] Elements: []
lengths: [5] [5]
Their type are: class [B byte[]
statement is: FileSystemHandling.appendDataToFile(evoSuiteFile, byteArray), class spoon.support.reflect.code.CtInvocationImpl
invocation is: FileSystemHandling.appendDataToFile(evoSuiteFile, byteArray) target is: FileSystemHandling method is: appendDataToFile(EvoSuiteFile,byte[])
Matched Method is: appendDataToFile(Lorg/evosuite/runtime/testdata/EvoSuiteFile;[B)Z
i 1 Parameters size() 1 Num of Method Parameters: 2
statement is: String[] stringArray = new String[2], class spoon.support.reflect.code.CtLocalVariableImpl
class spoon.support.reflect.code.CtNewArrayImpl
Dimension: [2] Ct is: byte[] byteArray = new byte[5] isAssignment: false Array: new String[2] Elements: []
lengths: [5] [2]
Their type are: class [B String[]
Dimension: [2] Ct is: String[] stringArray = new String[2] isAssignment: false Array: new String[2] Elements: []
lengths: [2] [2]
Their type are: class [Ljava.lang.String; String[]
statement is: stringArray[0] = "HelloWorld.txt", class spoon.support.reflect.code.CtAssignmentImpl
Assigned : stringArray[0] Assigned Type class spoon.support.reflect.code.CtArrayWriteImpl String Assignment:"HelloWorld.txt" Ct is: stringArray[0] = "HelloWorld.txt"
target : stringArray class spoon.support.reflect.code.CtLiteralImpl
statement is: JSJshop.main(stringArray), class spoon.support.reflect.code.CtInvocationImpl
invocation is: JSJshop.main(stringArray) target is: JSJshop method is: main(java.lang.String[])
Matched Method is: main([Ljava/lang/String;)V
TestCase is: byte[] byteArray = new byte[5];
byte[] byteArray = null;
FileSystemHandling.appendDataToFile((EvoSuiteFile) byteArray, byteArray);
String[] stringArray = new String[2];
String string = "HelloWorld.txt";
stringArray[0] = string;
JSJshop.main(stringArray);

statement is: umd.cs.shop.JSJshop(Ljava/lang/String;Ljava/lang/String;)V type is: class org.evosuite.testcase.statements.ConstructorStatement return type class umd.cs.shop.JSJshop
statement code is: JSJshop jSJshop = new JSJshop("? ", "? ")
test data is: JSJshop jSJshop = new JSJshop("? ", "? ");

** It was a parseable test case! 
Improved test data is: class DummyClass {
    public static void main() {
        JSJshop jSJshop = new JSJshop("Java Shop", "The best place to buy Java books, computers, and other IT-related products");
    }
}
statement is: JSJshop jSJshop = new JSJshop("Java Shop", "The best place to buy Java books, computers, and other IT-related products"), class spoon.support.reflect.code.CtLocalVariableImpl
class spoon.support.reflect.code.CtConstructorCallImpl
TestCase is: String string = "Java Shop";
String string = "The best place to buy Java books, computers, and other IT-related products";
JSJshop jSJshop = new JSJshop(string, string);

statement is: umd.cs.shop.JSJshop()V type is: class org.evosuite.testcase.statements.ConstructorStatement return type class umd.cs.shop.JSJshop
statement code is: JSJshop jSJshop = new JSJshop()
statement is: getAddList()Lumd/cs/shop/JSListLogicalAtoms; type is: class org.evosuite.testcase.statements.MethodStatement return type class umd.cs.shop.JSListLogicalAtoms
statement code is: JSListLogicalAtoms addList = jSJshop.getAddList()
test data is: JSJshop jSJshop = new JSJshop();
jSJshop.getAddList();

** It was a parseable test case! 
Improved test data is: class DummyClass {
    public static void main() {
        JSJshop jSJshop = new JSJshop();
        jSJshop.getAddList();
        // Improved test data:
        int customerId = 1234;
        String customerName = "John Doe";
        double orderTotal = 100.0;
        String orderDate = "2022-02-28";
    }
}
statement is: JSJshop jSJshop = new JSJshop(), class spoon.support.reflect.code.CtLocalVariableImpl
class spoon.support.reflect.code.CtConstructorCallImpl
statement is: jSJshop.getAddList(), class spoon.support.reflect.code.CtInvocationImpl
invocation is: jSJshop.getAddList() target is: jSJshop method is: getAddList()
source statement: umd.cs.shop.JSJshop()V callee: VariableReference: Statement 0, type umd.cs.shop.JSJshopindex is: 0
Matched Method is: getAddList()Lumd/cs/shop/JSListLogicalAtoms;
statement is: // Improved test data:
int customerId = 1234, class spoon.support.reflect.code.CtLocalVariableImpl
class spoon.support.reflect.code.CtLiteralImpl
statement is: String customerName = "John Doe", class spoon.support.reflect.code.CtLocalVariableImpl
class spoon.support.reflect.code.CtLiteralImpl
statement is: double orderTotal = 100.0, class spoon.support.reflect.code.CtLocalVariableImpl
class spoon.support.reflect.code.CtLiteralImpl
statement is: String orderDate = "2022-02-28", class spoon.support.reflect.code.CtLocalVariableImpl
class spoon.support.reflect.code.CtLiteralImpl
* this is vulnerable: int _int = 1234
* this is vulnerable: String string = "John Doe"
* this is vulnerable: double _double = 100.0
* this is vulnerable: String string = "2022-02-28"
TestCase is: JSJshop jSJshop = new JSJshop();
jSJshop.getAddList();
int _int = 1234;
String string = "John Doe";
double _double = 100.0;
String string = "2022-02-28";

statement is: umd.cs.shop.JSJshop()V type is: class org.evosuite.testcase.statements.ConstructorStatement return type class umd.cs.shop.JSJshop
statement code is: JSJshop jSJshop = new JSJshop()
statement is: getDeleteList()Lumd/cs/shop/JSListLogicalAtoms; type is: class org.evosuite.testcase.statements.MethodStatement return type class umd.cs.shop.JSListLogicalAtoms
statement code is: JSListLogicalAtoms deleteList = jSJshop.getDeleteList()
test data is: JSJshop jSJshop = new JSJshop();
jSJshop.getDeleteList();

** It was a parseable test case! 
Improved test data is: class DummyClass {
    public static void main() {
        JSJshop jSJshop = new JSJshop();
        jSJshop.getDeleteList();
        // Improved test data
        int itemId = 1234;
        String deleteReason = "Incorrect quantity";
        jSJshop.deleteItem(itemId, deleteReason);
    }
}
statement is: JSJshop jSJshop = new JSJshop(), class spoon.support.reflect.code.CtLocalVariableImpl
class spoon.support.reflect.code.CtConstructorCallImpl
statement is: jSJshop.getDeleteList(), class spoon.support.reflect.code.CtInvocationImpl
invocation is: jSJshop.getDeleteList() target is: jSJshop method is: getDeleteList()
source statement: umd.cs.shop.JSJshop()V callee: VariableReference: Statement 0, type umd.cs.shop.JSJshopindex is: 0
Matched Method is: getDeleteList()Lumd/cs/shop/JSListLogicalAtoms;
statement is: // Improved test data
int itemId = 1234, class spoon.support.reflect.code.CtLocalVariableImpl
class spoon.support.reflect.code.CtLiteralImpl
statement is: String deleteReason = "Incorrect quantity", class spoon.support.reflect.code.CtLocalVariableImpl
class spoon.support.reflect.code.CtLiteralImpl
statement is: jSJshop.deleteItem(itemId, deleteReason), class spoon.support.reflect.code.CtInvocationImpl
invocation is: jSJshop.deleteItem(itemId, deleteReason) target is: jSJshop method is: deleteItem(int,java.lang.String)
* this is vulnerable: int _int = 1234
* this is vulnerable: String string = "Incorrect quantity"
TestCase is: JSJshop jSJshop = new JSJshop();
jSJshop.getDeleteList();
int _int = 1234;
String string = "Incorrect quantity";

statement is: EvoSuiteFile evoSuiteFile = new EvoSuiteFile("farp.shp") type is: class org.evosuite.testcase.statements.environment.FileNamePrimitiveStatement return type class org.evosuite.runtime.testdata.EvoSuiteFile
statement code is: EvoSuiteFile evoSuiteFile = new EvoSuiteFile("farp.shp")
statement is: appendLineToFile(Lorg/evosuite/runtime/testdata/EvoSuiteFile;Ljava/lang/String;)Z type is: class org.evosuite.testcase.statements.MethodStatement return type boolean
statement code is: boolean appendLineToFile = FileSystemHandling.appendLineToFile(arg0, "!4")
statement is: umd.cs.shop.JSJshop()V type is: class org.evosuite.testcase.statements.ConstructorStatement return type class umd.cs.shop.JSJshop
statement code is: JSJshop jSJshop = new JSJshop()
statement is: testParser()V type is: class org.evosuite.testcase.statements.MethodStatement return type void
statement code is: jSJshop.testParser()
test data is: EvoSuiteFile evoSuiteFile = new EvoSuiteFile("farp.shp");
FileSystemHandling.appendLineToFile(evoSuiteFile, "!4");
JSJshop jSJshop = new JSJshop();
jSJshop.testParser();

** It was a parseable test case! 
Improved test data is: class DummyClass {
    public static void main() {
        EvoSuiteFile evoSuiteFile = new EvoSuiteFile("farms.shp");
        FileSystemHandling.appendLineToFile(evoSuiteFile, "!10");
        JSJshop jSJshop = new JSJshop();
        jSJshop.testParser();
    }
}
statement is: EvoSuiteFile evoSuiteFile = new EvoSuiteFile("farms.shp"), class spoon.support.reflect.code.CtLocalVariableImpl
class spoon.support.reflect.code.CtConstructorCallImpl
statement is: FileSystemHandling.appendLineToFile(evoSuiteFile, "!10"), class spoon.support.reflect.code.CtInvocationImpl
invocation is: FileSystemHandling.appendLineToFile(evoSuiteFile, "!10") target is: FileSystemHandling method is: appendLineToFile(EvoSuiteFile,java.lang.String)
Matched Method is: appendLineToFile(Lorg/evosuite/runtime/testdata/EvoSuiteFile;Ljava/lang/String;)Z
i 1 Parameters size() 1 Num of Method Parameters: 2
statement is: JSJshop jSJshop = new JSJshop(), class spoon.support.reflect.code.CtLocalVariableImpl
class spoon.support.reflect.code.CtConstructorCallImpl
statement is: jSJshop.testParser(), class spoon.support.reflect.code.CtInvocationImpl
invocation is: jSJshop.testParser() target is: jSJshop method is: testParser()
source statement: umd.cs.shop.JSJshop()V callee: VariableReference: Statement 2, type umd.cs.shop.JSJshopindex is: 3
Matched Method is: testParser()V
TestCase is: String string = "!10";
String string = null;
boolean appendLineToFile = FileSystemHandling.appendLineToFile((EvoSuiteFile) string, string);
JSJshop jSJshop = new JSJshop();
((JSJshop) appendLineToFile).testParser();

statement is: EvoSuiteFile evoSuiteFile = new EvoSuiteFile("farp.shp") type is: class org.evosuite.testcase.statements.environment.FileNamePrimitiveStatement return type class org.evosuite.runtime.testdata.EvoSuiteFile
statement code is: EvoSuiteFile evoSuiteFile = new EvoSuiteFile("farp.shp")
statement is: appendStringToFile(Lorg/evosuite/runtime/testdata/EvoSuiteFile;Ljava/lang/String;)Z type is: class org.evosuite.testcase.statements.MethodStatement return type boolean
statement code is: boolean appendStringToFile = FileSystemHandling.appendStringToFile(arg0, "`:lGzP(")
statement is: umd.cs.shop.JSJshop()V type is: class org.evosuite.testcase.statements.ConstructorStatement return type class umd.cs.shop.JSJshop
statement code is: JSJshop jSJshop = new JSJshop()
statement is: testParser()V type is: class org.evosuite.testcase.statements.MethodStatement return type void
statement code is: jSJshop.testParser()
test data is: EvoSuiteFile evoSuiteFile = new EvoSuiteFile("farp.shp");
FileSystemHandling.appendStringToFile(evoSuiteFile, "`:lGzP(");
JSJshop jSJshop = new JSJshop();
jSJshop.testParser();

** It was a parseable test case! 
Improved test data is: class DummyClass {
    public static void main() {
        EvoSuiteFile evoSuiteFile = new EvoSuiteFile("farp.shp");
        FileSystemHandling.appendStringToFile(evoSuiteFile, "`:lGzP(1234567890);");
        JSJshop jSJshop = new JSJshop();
        jSJshop.testParser();
    }
}
statement is: EvoSuiteFile evoSuiteFile = new EvoSuiteFile("farp.shp"), class spoon.support.reflect.code.CtLocalVariableImpl
class spoon.support.reflect.code.CtConstructorCallImpl
statement is: FileSystemHandling.appendStringToFile(evoSuiteFile, "`:lGzP(1234567890);"), class spoon.support.reflect.code.CtInvocationImpl
invocation is: FileSystemHandling.appendStringToFile(evoSuiteFile, "`:lGzP(1234567890);") target is: FileSystemHandling method is: appendStringToFile(EvoSuiteFile,java.lang.String)
Matched Method is: appendStringToFile(Lorg/evosuite/runtime/testdata/EvoSuiteFile;Ljava/lang/String;)Z
i 1 Parameters size() 1 Num of Method Parameters: 2
statement is: JSJshop jSJshop = new JSJshop(), class spoon.support.reflect.code.CtLocalVariableImpl
class spoon.support.reflect.code.CtConstructorCallImpl
statement is: jSJshop.testParser(), class spoon.support.reflect.code.CtInvocationImpl
invocation is: jSJshop.testParser() target is: jSJshop method is: testParser()
source statement: umd.cs.shop.JSJshop()V callee: VariableReference: Statement 2, type umd.cs.shop.JSJshopindex is: 3
Matched Method is: testParser()V
TestCase is: String string = "`:lGzP(1234567890);";
String string = null;
boolean appendStringToFile = FileSystemHandling.appendStringToFile((EvoSuiteFile) string, string);
JSJshop jSJshop = new JSJshop();
((JSJshop) appendStringToFile).testParser();

statement is: EvoSuiteFile evoSuiteFile = new EvoSuiteFile("farp.shp") type is: class org.evosuite.testcase.statements.environment.FileNamePrimitiveStatement return type class org.evosuite.runtime.testdata.EvoSuiteFile
statement code is: EvoSuiteFile evoSuiteFile = new EvoSuiteFile("farp.shp")
statement is: appendStringToFile(Lorg/evosuite/runtime/testdata/EvoSuiteFile;Ljava/lang/String;)Z type is: class org.evosuite.testcase.statements.MethodStatement return type boolean
statement code is: boolean appendStringToFile = FileSystemHandling.appendStringToFile(arg0, "ragb>%jmq<n-|s)wma")
statement is: umd.cs.shop.JSJshop()V type is: class org.evosuite.testcase.statements.ConstructorStatement return type class umd.cs.shop.JSJshop
statement code is: JSJshop jSJshop = new JSJshop()
statement is: testParser()V type is: class org.evosuite.testcase.statements.MethodStatement return type void
statement code is: jSJshop.testParser()
test data is: EvoSuiteFile evoSuiteFile = new EvoSuiteFile("farp.shp");
FileSystemHandling.appendStringToFile(evoSuiteFile, "ragb>%jmq<n-|s)wma");
JSJshop jSJshop = new JSJshop();
jSJshop.testParser();

** It was a parseable test case! 
Improved test data is: class DummyClass {
    public static void main() {
        EvoSuiteFile evoSuiteFile = new EvoSuiteFile("farp.shp");
        FileSystemHandling.appendStringToFile(evoSuiteFile, "ragb>%jmq<n-|s)wma");
        JSJshop jSJshop = new JSJshop();
        jSJshop.testParser("farp.shp", "ragb>%jmq<n-|s)wma");
    }
}
statement is: EvoSuiteFile evoSuiteFile = new EvoSuiteFile("farp.shp"), class spoon.support.reflect.code.CtLocalVariableImpl
class spoon.support.reflect.code.CtConstructorCallImpl
statement is: FileSystemHandling.appendStringToFile(evoSuiteFile, "ragb>%jmq<n-|s)wma"), class spoon.support.reflect.code.CtInvocationImpl
invocation is: FileSystemHandling.appendStringToFile(evoSuiteFile, "ragb>%jmq<n-|s)wma") target is: FileSystemHandling method is: appendStringToFile(EvoSuiteFile,java.lang.String)
Matched Method is: appendStringToFile(Lorg/evosuite/runtime/testdata/EvoSuiteFile;Ljava/lang/String;)Z
i 1 Parameters size() 1 Num of Method Parameters: 2
statement is: JSJshop jSJshop = new JSJshop(), class spoon.support.reflect.code.CtLocalVariableImpl
class spoon.support.reflect.code.CtConstructorCallImpl
statement is: jSJshop.testParser("farp.shp", "ragb>%jmq<n-|s)wma"), class spoon.support.reflect.code.CtInvocationImpl
invocation is: jSJshop.testParser("farp.shp", "ragb>%jmq<n-|s)wma") target is: jSJshop method is: testParser(java.lang.String,java.lang.String)
TestCase is: String string = "ragb>%jmq<n-|s)wma";
String string = null;
FileSystemHandling.appendStringToFile((EvoSuiteFile) string, string);
JSJshop jSJshop = new JSJshop();

statement is: EvoSuiteFile evoSuiteFile = new EvoSuiteFile("farp.shp") type is: class org.evosuite.testcase.statements.environment.FileNamePrimitiveStatement return type class org.evosuite.runtime.testdata.EvoSuiteFile
statement code is: EvoSuiteFile evoSuiteFile = new EvoSuiteFile("farp.shp")
statement is: appendStringToFile(Lorg/evosuite/runtime/testdata/EvoSuiteFile;Ljava/lang/String;)Z type is: class org.evosuite.testcase.statements.MethodStatement return type boolean
statement code is: boolean appendStringToFile = FileSystemHandling.appendStringToFile(arg0, "Ut=?|voL$mJ")
statement is: umd.cs.shop.JSJshop()V type is: class org.evosuite.testcase.statements.ConstructorStatement return type class umd.cs.shop.JSJshop
statement code is: JSJshop jSJshop = new JSJshop()
statement is: testParser()V type is: class org.evosuite.testcase.statements.MethodStatement return type void
statement code is: jSJshop.testParser()
test data is: EvoSuiteFile evoSuiteFile = new EvoSuiteFile("farp.shp");
FileSystemHandling.appendStringToFile(evoSuiteFile, "Ut=?|voL$mJ");
JSJshop jSJshop = new JSJshop();
jSJshop.testParser();

** It was a parseable test case! 
Improved test data is: class DummyClass {
    public static void main() {
        EvoSuiteFile evoSuiteFile = new EvoSuiteFile("farp.shp");
        FileSystemHandling.appendStringToFile(evoSuiteFile, "Ut=?|voL$mJ");
        JSJshop jSJshop = new JSJshop();
        jSJshop.testParser();
    }
}
statement is: EvoSuiteFile evoSuiteFile = new EvoSuiteFile("farp.shp"), class spoon.support.reflect.code.CtLocalVariableImpl
class spoon.support.reflect.code.CtConstructorCallImpl
statement is: FileSystemHandling.appendStringToFile(evoSuiteFile, "Ut=?|voL$mJ"), class spoon.support.reflect.code.CtInvocationImpl
invocation is: FileSystemHandling.appendStringToFile(evoSuiteFile, "Ut=?|voL$mJ") target is: FileSystemHandling method is: appendStringToFile(EvoSuiteFile,java.lang.String)
Matched Method is: appendStringToFile(Lorg/evosuite/runtime/testdata/EvoSuiteFile;Ljava/lang/String;)Z
i 1 Parameters size() 1 Num of Method Parameters: 2
statement is: JSJshop jSJshop = new JSJshop(), class spoon.support.reflect.code.CtLocalVariableImpl
class spoon.support.reflect.code.CtConstructorCallImpl
statement is: jSJshop.testParser(), class spoon.support.reflect.code.CtInvocationImpl
invocation is: jSJshop.testParser() target is: jSJshop method is: testParser()
source statement: umd.cs.shop.JSJshop()V callee: VariableReference: Statement 2, type umd.cs.shop.JSJshopindex is: 3
Matched Method is: testParser()V
TestCase is: String string = "Ut=?|voL$mJ";
String string = null;
boolean appendStringToFile = FileSystemHandling.appendStringToFile((EvoSuiteFile) string, string);
JSJshop jSJshop = new JSJshop();
((JSJshop) appendStringToFile).testParser();

statement is: EvoSuiteFile evoSuiteFile = new EvoSuiteFile("farp.shp") type is: class org.evosuite.testcase.statements.environment.FileNamePrimitiveStatement return type class org.evosuite.runtime.testdata.EvoSuiteFile
statement code is: EvoSuiteFile evoSuiteFile = new EvoSuiteFile("farp.shp")
statement is: appendStringToFile(Lorg/evosuite/runtime/testdata/EvoSuiteFile;Ljava/lang/String;)Z type is: class org.evosuite.testcase.statements.MethodStatement return type boolean
statement code is: boolean appendStringToFile = FileSystemHandling.appendStringToFile(arg0, "/")
statement is: umd.cs.shop.JSJshop()V type is: class org.evosuite.testcase.statements.ConstructorStatement return type class umd.cs.shop.JSJshop
statement code is: JSJshop jSJshop = new JSJshop()
statement is: testParser()V type is: class org.evosuite.testcase.statements.MethodStatement return type void
statement code is: jSJshop.testParser()
test data is: EvoSuiteFile evoSuiteFile = new EvoSuiteFile("farp.shp");
FileSystemHandling.appendStringToFile(evoSuiteFile, "/");
JSJshop jSJshop = new JSJshop();
jSJshop.testParser();

** It was a parseable test case! 
Improved test data is: class DummyClass {
    public static void main() {
        EvoSuiteFile evoSuiteFile1 = new EvoSuiteFile("farp.shp");
        FileSystemHandling.appendStringToFile(evoSuiteFile1, "/");
        JSJshop jSJshop1 = new JSJshop();
        jSJshop1.testParser();
        EvoSuiteFile evoSuiteFile2 = new EvoSuiteFile("farp.shp");
        FileSystemHandling.appendStringToFile(evoSuiteFile2, "/");
        JSJshop jSJshop2 = new JSJshop();
        jSJshop2.testParser();
        EvoSuiteFile evoSuiteFile3 = new EvoSuiteFile("farp.shp");
        FileSystemHandling.appendStringToFile(evoSuiteFile3, "/");
        JSJshop jSJshop3 = new JSJshop();
        jSJshop3.testParser();
    }
}
statement is: EvoSuiteFile evoSuiteFile1 = new EvoSuiteFile("farp.shp"), class spoon.support.reflect.code.CtLocalVariableImpl
class spoon.support.reflect.code.CtConstructorCallImpl
statement is: FileSystemHandling.appendStringToFile(evoSuiteFile1, "/"), class spoon.support.reflect.code.CtInvocationImpl
invocation is: FileSystemHandling.appendStringToFile(evoSuiteFile1, "/") target is: FileSystemHandling method is: appendStringToFile(EvoSuiteFile,java.lang.String)
Matched Method is: appendStringToFile(Lorg/evosuite/runtime/testdata/EvoSuiteFile;Ljava/lang/String;)Z
i 1 Parameters size() 1 Num of Method Parameters: 2
statement is: JSJshop jSJshop1 = new JSJshop(), class spoon.support.reflect.code.CtLocalVariableImpl
class spoon.support.reflect.code.CtConstructorCallImpl
statement is: jSJshop1.testParser(), class spoon.support.reflect.code.CtInvocationImpl
invocation is: jSJshop1.testParser() target is: jSJshop1 method is: testParser()
source statement: umd.cs.shop.JSJshop()V callee: VariableReference: Statement 2, type umd.cs.shop.JSJshopindex is: 3
Matched Method is: testParser()V
statement is: EvoSuiteFile evoSuiteFile2 = new EvoSuiteFile("farp.shp"), class spoon.support.reflect.code.CtLocalVariableImpl
class spoon.support.reflect.code.CtConstructorCallImpl
statement is: FileSystemHandling.appendStringToFile(evoSuiteFile2, "/"), class spoon.support.reflect.code.CtInvocationImpl
invocation is: FileSystemHandling.appendStringToFile(evoSuiteFile2, "/") target is: FileSystemHandling method is: appendStringToFile(EvoSuiteFile,java.lang.String)
Matched Method is: appendStringToFile(Lorg/evosuite/runtime/testdata/EvoSuiteFile;Ljava/lang/String;)Z
i 1 Parameters size() 1 Num of Method Parameters: 2
statement is: JSJshop jSJshop2 = new JSJshop(), class spoon.support.reflect.code.CtLocalVariableImpl
class spoon.support.reflect.code.CtConstructorCallImpl
statement is: jSJshop2.testParser(), class spoon.support.reflect.code.CtInvocationImpl
invocation is: jSJshop2.testParser() target is: jSJshop2 method is: testParser()
source statement: umd.cs.shop.JSJshop()V callee: VariableReference: Statement 2, type umd.cs.shop.JSJshopindex is: 8
Matched Method is: testParser()V
statement is: EvoSuiteFile evoSuiteFile3 = new EvoSuiteFile("farp.shp"), class spoon.support.reflect.code.CtLocalVariableImpl
class spoon.support.reflect.code.CtConstructorCallImpl
statement is: FileSystemHandling.appendStringToFile(evoSuiteFile3, "/"), class spoon.support.reflect.code.CtInvocationImpl
invocation is: FileSystemHandling.appendStringToFile(evoSuiteFile3, "/") target is: FileSystemHandling method is: appendStringToFile(EvoSuiteFile,java.lang.String)
Matched Method is: appendStringToFile(Lorg/evosuite/runtime/testdata/EvoSuiteFile;Ljava/lang/String;)Z
i 1 Parameters size() 1 Num of Method Parameters: 2
statement is: JSJshop jSJshop3 = new JSJshop(), class spoon.support.reflect.code.CtLocalVariableImpl
class spoon.support.reflect.code.CtConstructorCallImpl
statement is: jSJshop3.testParser(), class spoon.support.reflect.code.CtInvocationImpl
invocation is: jSJshop3.testParser() target is: jSJshop3 method is: testParser()
source statement: umd.cs.shop.JSJshop()V callee: VariableReference: Statement 2, type umd.cs.shop.JSJshopindex is: 13
Matched Method is: testParser()V
TestCase is: String string = "/";
String string = null;
boolean appendStringToFile = FileSystemHandling.appendStringToFile((EvoSuiteFile) string, string);
JSJshop jSJshop = new JSJshop();
((JSJshop) appendStringToFile).testParser();
String string = "/";
String string = null;
FileSystemHandling.appendStringToFile((EvoSuiteFile) string, string);
JSJshop jSJshop = new JSJshop();
((JSJshop) appendStringToFile).testParser();
String string = "/";
String string = null;
FileSystemHandling.appendStringToFile((EvoSuiteFile) string, string);
JSJshop jSJshop = new JSJshop();
((JSJshop) appendStringToFile).testParser();

statement is: EvoSuiteFile evoSuiteFile = new EvoSuiteFile("WvPRdqIJTU_gL?") type is: class org.evosuite.testcase.statements.environment.FileNamePrimitiveStatement return type class org.evosuite.runtime.testdata.EvoSuiteFile
statement code is: EvoSuiteFile evoSuiteFile = new EvoSuiteFile("WvPRdqIJTU_gL?")
statement is: org.evosuite.testcase.statements.ArrayStatement@456aca23 type is: class org.evosuite.testcase.statements.ArrayStatement return type class [B
statement code is: byte[] byteArray = new byte[20]
statement is: org.evosuite.testcase.statements.AssignmentStatement@efa39194 type is: class org.evosuite.testcase.statements.AssignmentStatement return type byte
statement code is: byteArray[0] = (byte) (-4)
statement is: appendDataToFile(Lorg/evosuite/runtime/testdata/EvoSuiteFile;[B)Z type is: class org.evosuite.testcase.statements.MethodStatement return type boolean
statement code is: boolean appendDataToFile = FileSystemHandling.appendDataToFile(arg0, arg1)
statement is: org.evosuite.testcase.statements.ArrayStatement@b525c20c type is: class org.evosuite.testcase.statements.ArrayStatement return type class [Ljava.lang.String;
statement code is: String[] stringArray = new String[2]
statement is: org.evosuite.testcase.statements.AssignmentStatement@756472c3 type is: class org.evosuite.testcase.statements.AssignmentStatement return type class java.lang.String
statement code is: stringArray[0] = "WvPRdqIJTU_gL?"
statement is: main([Ljava/lang/String;)V type is: class org.evosuite.testcase.statements.MethodStatement return type void
statement code is: JSJshop.main(arg0)
test data is: EvoSuiteFile evoSuiteFile = new EvoSuiteFile("WvPRdqIJTU_gL?");
byte[] byteArray = new byte[20];
byteArray[0] = (byte) (-4);
FileSystemHandling.appendDataToFile(evoSuiteFile, byteArray);
String[] stringArray = new String[2];
stringArray[0] = "WvPRdqIJTU_gL?";
JSJshop.main(stringArray);

** It was a parseable test case! 
Improved test data is: class DummyClass {
    public static void main() {
        EvoSuiteFile evoSuiteFile = new EvoSuiteFile("testFile.txt");
        byte[] byteArray = new byte[20];
        for (int i = 0; i < byteArray.length; i++) {
            byteArray[i] = ((byte) (i % Byte.MAX_VALUE));
        }
        FileSystemHandling.appendDataToFile(evoSuiteFile, byteArray);
        String[] stringArray = new String[2];
        stringArray[0] = "abc";
        stringArray[1] = "/home/user/testDir";
        JSJshop.main(stringArray);
    }
}
statement is: EvoSuiteFile evoSuiteFile = new EvoSuiteFile("testFile.txt"), class spoon.support.reflect.code.CtLocalVariableImpl
class spoon.support.reflect.code.CtConstructorCallImpl
statement is: byte[] byteArray = new byte[20], class spoon.support.reflect.code.CtLocalVariableImpl
class spoon.support.reflect.code.CtNewArrayImpl
Dimension: [20] Ct is: byte[] byteArray = new byte[20] isAssignment: false Array: new byte[20] Elements: []
lengths: [20] [20]
Their type are: class [B byte[]
statement is: for (int i = 0; i < byteArray.length; i++) {
    byteArray[i] = ((byte) (i % Byte.MAX_VALUE));
}, class spoon.support.reflect.code.CtForImpl
statement is: FileSystemHandling.appendDataToFile(evoSuiteFile, byteArray), class spoon.support.reflect.code.CtInvocationImpl
invocation is: FileSystemHandling.appendDataToFile(evoSuiteFile, byteArray) target is: FileSystemHandling method is: appendDataToFile(EvoSuiteFile,byte[])
Matched Method is: appendDataToFile(Lorg/evosuite/runtime/testdata/EvoSuiteFile;[B)Z
i 1 Parameters size() 1 Num of Method Parameters: 2
statement is: String[] stringArray = new String[2], class spoon.support.reflect.code.CtLocalVariableImpl
class spoon.support.reflect.code.CtNewArrayImpl
Dimension: [2] Ct is: byte[] byteArray = new byte[20] isAssignment: false Array: new String[2] Elements: []
lengths: [20] [2]
Their type are: class [B String[]
Dimension: [2] Ct is: String[] stringArray = new String[2] isAssignment: false Array: new String[2] Elements: []
lengths: [2] [2]
Their type are: class [Ljava.lang.String; String[]
statement is: stringArray[0] = "abc", class spoon.support.reflect.code.CtAssignmentImpl
Assigned : stringArray[0] Assigned Type class spoon.support.reflect.code.CtArrayWriteImpl String Assignment:"abc" Ct is: stringArray[0] = "abc"
target : stringArray class spoon.support.reflect.code.CtLiteralImpl
TestCase Could not be added: org.evosuite.testcase.statements.AssignmentStatement@33904072
statement is: stringArray[1] = "/home/user/testDir", class spoon.support.reflect.code.CtAssignmentImpl
Assigned : stringArray[1] Assigned Type class spoon.support.reflect.code.CtArrayWriteImpl String Assignment:"/home/user/testDir" Ct is: stringArray[1] = "/home/user/testDir"
target : stringArray class spoon.support.reflect.code.CtLiteralImpl
TestCase Could not be added: org.evosuite.testcase.statements.AssignmentStatement@eea69f31
statement is: JSJshop.main(stringArray), class spoon.support.reflect.code.CtInvocationImpl
invocation is: JSJshop.main(stringArray) target is: JSJshop method is: main(java.lang.String[])
Matched Method is: main([Ljava/lang/String;)V
* this is vulnerable: String string = "abc"
* this is vulnerable: String string = "/home/user/testDir"
TestCase is: byte[] byteArray = new byte[20];
byte[] byteArray = null;
FileSystemHandling.appendDataToFile((EvoSuiteFile) byteArray, byteArray);
String[] stringArray = new String[2];
String string = "abc";
String string = "/home/user/testDir";
JSJshop.main(stringArray);

statement is: umd.cs.shop.JSJshop()V type is: class org.evosuite.testcase.statements.ConstructorStatement return type class umd.cs.shop.JSJshop
statement code is: JSJshop jSJshop = new JSJshop()
statement is: getBufferedReader(Ljava/lang/String;Ljava/lang/String;Ljavax/swing/JApplet;)Ljava/io/BufferedReader; type is: class org.evosuite.testcase.statements.MethodStatement return type class java.io.BufferedReader
statement code is: BufferedReader bufferedReader = jSJshop.getBufferedReader("`:lGzP(", "`:lGzP(", (JApplet) null)
test data is: JSJshop jSJshop = new JSJshop();
jSJshop.getBufferedReader("`:lGzP(", "`:lGzP(", (JApplet) null);

** It was a parseable test case! 
Improved test data is: class DummyClass {
    public static void main() {
        JSJshop jSJshop = new JSJshop();
        jSJshop.getBufferedReader("testFile1", "testFile2", ((JApplet) (null)));
    }
}
statement is: JSJshop jSJshop = new JSJshop(), class spoon.support.reflect.code.CtLocalVariableImpl
class spoon.support.reflect.code.CtConstructorCallImpl
statement is: jSJshop.getBufferedReader("testFile1", "testFile2", ((JApplet) (null))), class spoon.support.reflect.code.CtInvocationImpl
invocation is: jSJshop.getBufferedReader("testFile1", "testFile2", ((JApplet) (null))) target is: jSJshop method is: getBufferedReader(java.lang.String,java.lang.String,JApplet)
source statement: umd.cs.shop.JSJshop()V callee: VariableReference: Statement 0, type umd.cs.shop.JSJshopindex is: 0
Matched Method is: getBufferedReader(Ljava/lang/String;Ljava/lang/String;Ljavax/swing/JApplet;)Ljava/io/BufferedReader;
i 2 Parameters size() 2 Num of Method Parameters: 3
TestCase is: JSJshop jSJshop = new JSJshop();
String string = "testFile1";
String string = "testFile2";
JApplet jApplet = null;
jSJshop.getBufferedReader(string, string, jApplet);

statement is: umd.cs.shop.JSJshop()V type is: class org.evosuite.testcase.statements.ConstructorStatement return type class umd.cs.shop.JSJshop
statement code is: JSJshop jSJshop = new JSJshop()
statement is: getBufferedReader(Ljava/lang/String;Ljava/lang/String;Ljavax/swing/JApplet;)Ljava/io/BufferedReader; type is: class org.evosuite.testcase.statements.MethodStatement return type class java.io.BufferedReader
statement code is: BufferedReader bufferedReader = jSJshop.getBufferedReader("| ", (String) null, (JApplet) null)
test data is: JSJshop jSJshop = new JSJshop();
jSJshop.getBufferedReader("| ", (String) null, (JApplet) null);

** It was a parseable test case! 
Improved test data is: class DummyClass {
    public static void main() {
        JSJshop jSJshop = new JSJshop();
        jSJshop.getBufferedReader("Please enter your name: ", "John Doe", ((JApplet) (null)));
    }
}
statement is: JSJshop jSJshop = new JSJshop(), class spoon.support.reflect.code.CtLocalVariableImpl
class spoon.support.reflect.code.CtConstructorCallImpl
statement is: jSJshop.getBufferedReader("Please enter your name: ", "John Doe", ((JApplet) (null))), class spoon.support.reflect.code.CtInvocationImpl
invocation is: jSJshop.getBufferedReader("Please enter your name: ", "John Doe", ((JApplet) (null))) target is: jSJshop method is: getBufferedReader(java.lang.String,java.lang.String,JApplet)
source statement: umd.cs.shop.JSJshop()V callee: VariableReference: Statement 0, type umd.cs.shop.JSJshopindex is: 0
Matched Method is: getBufferedReader(Ljava/lang/String;Ljava/lang/String;Ljavax/swing/JApplet;)Ljava/io/BufferedReader;
i 2 Parameters size() 2 Num of Method Parameters: 3
TestCase is: JSJshop jSJshop = new JSJshop();
String string = "Please enter your name: ";
String string = "John Doe";
JApplet jApplet = null;
jSJshop.getBufferedReader(string, string, jApplet);

statement is: umd.cs.shop.JSJshop()V type is: class org.evosuite.testcase.statements.ConstructorStatement return type class umd.cs.shop.JSJshop
statement code is: JSJshop jSJshop = new JSJshop()
statement is: java.io.StringReader(Ljava/lang/String;)V type is: class org.evosuite.testcase.statements.ConstructorStatement return type class java.io.StringReader
statement code is: StringReader stringReader = new StringReader("xB11x]K_';U/1k.")
statement is: java.io.StreamTokenizer(Ljava/io/Reader;)V type is: class org.evosuite.testcase.statements.ConstructorStatement return type class java.io.StreamTokenizer
statement code is: StreamTokenizer streamTokenizer = new StreamTokenizer(arg0)
statement is: processToken(Ljava/io/StreamTokenizer;)V type is: class org.evosuite.testcase.statements.MethodStatement return type void
statement code is: jSJshop.processToken(arg0)
test data is: JSJshop jSJshop = new JSJshop();
StringReader stringReader = new StringReader("xB11x]K_';U/1k.");
StreamTokenizer streamTokenizer = new StreamTokenizer(stringReader);
jSJshop.processToken(streamTokenizer);

** It was a parseable test case! 
Improved test data is: class DummyClass {
    public static void main() {
        JSJshop jSJshop = new JSJshop();
        StringReader stringReader = new StringReader("xB11x]K_';U/1k.");
        StreamTokenizer streamTokenizer = new StreamTokenizer(stringReader);
        jSJshop.processToken(streamTokenizer);
        // Improved test data
        int id = 1;
        String name = "John Smith";
        double balance = 1000.0;
        boolean isActive = true;
        Date dateOfBirth = new Date(84, 5, 12);
    }
}
statement is: JSJshop jSJshop = new JSJshop(), class spoon.support.reflect.code.CtLocalVariableImpl
class spoon.support.reflect.code.CtConstructorCallImpl
statement is: StringReader stringReader = new StringReader("xB11x]K_';U/1k."), class spoon.support.reflect.code.CtLocalVariableImpl
class spoon.support.reflect.code.CtConstructorCallImpl
statement is: StreamTokenizer streamTokenizer = new StreamTokenizer(stringReader), class spoon.support.reflect.code.CtLocalVariableImpl
class spoon.support.reflect.code.CtConstructorCallImpl
statement is: jSJshop.processToken(streamTokenizer), class spoon.support.reflect.code.CtInvocationImpl
invocation is: jSJshop.processToken(streamTokenizer) target is: jSJshop method is: processToken(StreamTokenizer)
source statement: umd.cs.shop.JSJshop()V callee: VariableReference: Statement 0, type umd.cs.shop.JSJshopindex is: 0
Matched Method is: processToken(Ljava/io/StreamTokenizer;)V
statement is: // Improved test data
int id = 1, class spoon.support.reflect.code.CtLocalVariableImpl
class spoon.support.reflect.code.CtLiteralImpl
statement is: String name = "John Smith", class spoon.support.reflect.code.CtLocalVariableImpl
class spoon.support.reflect.code.CtLiteralImpl
statement is: double balance = 1000.0, class spoon.support.reflect.code.CtLocalVariableImpl
class spoon.support.reflect.code.CtLiteralImpl
statement is: boolean isActive = true, class spoon.support.reflect.code.CtLocalVariableImpl
class spoon.support.reflect.code.CtLiteralImpl
statement is: Date dateOfBirth = new Date(84, 5, 12), class spoon.support.reflect.code.CtLocalVariableImpl
class spoon.support.reflect.code.CtConstructorCallImpl
* this is vulnerable: int _int = 1
* this is vulnerable: String string = "John Smith"
* this is vulnerable: double _double = 1000.0
* this is vulnerable: boolean _boolean = true
TestCase is: JSJshop jSJshop = new JSJshop();
String string = "xB11x]K_';U/1k.";
StringReader stringReader = new StringReader(string);
StreamTokenizer streamTokenizer = new StreamTokenizer(stringReader);
jSJshop.processToken(streamTokenizer);
int _int = 1;
String string = "John Smith";
double _double = 1000.0;
boolean _boolean = true;

statement is: umd.cs.shop.JSJshop()V type is: class org.evosuite.testcase.statements.ConstructorStatement return type class umd.cs.shop.JSJshop
statement code is: JSJshop jSJshop = new JSJshop()
statement is: parserFile(Ljava/lang/String;)Z type is: class org.evosuite.testcase.statements.MethodStatement return type boolean
statement code is: boolean parserFile = jSJshop.parserFile("(%s6\u0005gkXm#;")
test data is: JSJshop jSJshop = new JSJshop();
jSJshop.parserFile("(%s6\u0005gkXm#;");

** It was a parseable test case! 
Improved test data is: class DummyClass {
    public static void main() {
        int x = 3;
        double y = 4.5;
        String z = "Hello World!";
        char c = 'a';
        // Improved test data
        int x = 10;
        double y = 2.5;
        String z = "Goodbye World!";
        char c = 'b';
        jSJshop.parserFile("(%s6\u0005gkXm#;", x, y, z, c);
    }
}
statement is: int x = 3, class spoon.support.reflect.code.CtLocalVariableImpl
class spoon.support.reflect.code.CtLiteralImpl
statement is: double y = 4.5, class spoon.support.reflect.code.CtLocalVariableImpl
class spoon.support.reflect.code.CtLiteralImpl
statement is: String z = "Hello World!", class spoon.support.reflect.code.CtLocalVariableImpl
class spoon.support.reflect.code.CtLiteralImpl
statement is: char c = 'a', class spoon.support.reflect.code.CtLocalVariableImpl
class spoon.support.reflect.code.CtLiteralImpl
statement is: // Improved test data
int x = 10, class spoon.support.reflect.code.CtLocalVariableImpl
class spoon.support.reflect.code.CtLiteralImpl
statement is: double y = 2.5, class spoon.support.reflect.code.CtLocalVariableImpl
class spoon.support.reflect.code.CtLiteralImpl
statement is: String z = "Goodbye World!", class spoon.support.reflect.code.CtLocalVariableImpl
class spoon.support.reflect.code.CtLiteralImpl
statement is: char c = 'b', class spoon.support.reflect.code.CtLocalVariableImpl
class spoon.support.reflect.code.CtLiteralImpl
statement is: jSJshop.parserFile("(%s6\u0005gkXm#;", x, y, z, c), class spoon.support.reflect.code.CtInvocationImpl
invocation is: jSJshop.parserFile("(%s6\u0005gkXm#;", x, y, z, c) target is: jSJshop method is: parserFile(java.lang.String,int,double,java.lang.String,char)
* this is vulnerable: int _int = 3
* this is vulnerable: double _double = 4.5
* this is vulnerable: String string = "Hello World!"
* this is vulnerable: char _char = 'a'
* this is vulnerable: int _int = 10
* this is vulnerable: double _double = 2.5
* this is vulnerable: String string = "Goodbye World!"
* this is vulnerable: char _char = 'b'
TestCase is: int _int = 3;
double _double = 4.5;
String string = "Hello World!";
char _char = 'a';
int _int = 10;
double _double = 2.5;
String string = "Goodbye World!";
char _char = 'b';

statement is: umd.cs.shop.JSJshop()V type is: class org.evosuite.testcase.statements.ConstructorStatement return type class umd.cs.shop.JSJshop
statement code is: JSJshop jSJshop = new JSJshop()
statement is: testParser()V type is: class org.evosuite.testcase.statements.MethodStatement return type void
statement code is: jSJshop.testParser()
test data is: JSJshop jSJshop = new JSJshop();
jSJshop.testParser();

** It was a parseable test case! 
Improved test data is: class DummyClass {
    public static void main() {
        // Improved test data
        JSJshop jSJshop = new JSJshop(10, "Test Shop", "123 Main St.", 5);
        jSJshop.testParser();
    }
}
statement is: // Improved test data
JSJshop jSJshop = new JSJshop(10, "Test Shop", "123 Main St.", 5), class spoon.support.reflect.code.CtLocalVariableImpl
class spoon.support.reflect.code.CtConstructorCallImpl
statement is: jSJshop.testParser(), class spoon.support.reflect.code.CtInvocationImpl
invocation is: jSJshop.testParser() target is: jSJshop method is: testParser()
* test suite isTestSuite: 54
Test 0: 
JSJshop jSJshop = new JSJshop();
jSJshop.getTree();
Test 1: 
JSJshop jSJshop = new JSJshop();
// Undeclared exception!
try { 
  jSJshop.getAppletURL("*_E", (JApplet) null);
  fail("Expecting exception: NullPointerException");

} catch(NullPointerException e) {
   //
   // no message in exception (getMessage() returned null)
   //
   verifyException("umd.cs.shop.JSJshop", e);
}

Test 2: 
JSTaskAtom jSTaskAtom = new JSTaskAtom();
JSJshop jSJshop = null;
try {
  jSJshop = new JSJshop("List of tasks", jSTaskAtom);
  fail("Expecting exception: NullPointerException");

} catch(NullPointerException e) {
   //
   // no message in exception (getMessage() returned null)
   //
   verifyException("umd.cs.shop.JSJshop", e);
}

Test 3: 
JSJshop jSJshop = new JSJshop();
jSJshop.getSolution();
Test 4: 
JSJshop jSJshop = new JSJshop();
jSJshop.sol();
Test 5: 
JSJshop jSJshop = new JSJshop();
jSJshop.tree();
Test 6: 
JSJshop jSJshop = new JSJshop();
jSJshop.prob();
Test 7: 
JSJshop jSJshop = new JSJshop();
jSJshop.dom();
Test 8: 
String[] stringArray = new String[0];
JSJshop.main(stringArray);
Test 9: 
String[] stringArray = new String[6];
JSJshop.main(stringArray);
Test 10: 
String[] stringArray = new String[3];
JSJshop.main(stringArray);
Test 11: 
String[] stringArray = new String[3];
stringArray[2] = "one";
// Undeclared exception!
try { 
  JSJshop.main(stringArray);
  fail("Expecting exception: NullPointerException");

} catch(NullPointerException e) {
   //
   // no message in exception (getMessage() returned null)
   //
   verifyException("org.evosuite.runtime.mock.java.io.MockFileInputStream", e);
}

Test 12: 
String[] stringArray = new String[3];
stringArray[2] = "all";
// Undeclared exception!
try { 
  JSJshop.main(stringArray);
  fail("Expecting exception: NullPointerException");

} catch(NullPointerException e) {
   //
   // no message in exception (getMessage() returned null)
   //
   verifyException("org.evosuite.runtime.mock.java.io.MockFileInputStream", e);
}

Test 13: 
EvoSuiteFile evoSuiteFile = new EvoSuiteFile("WvPRdqIJTU_gL?");
byte[] byteArray = new byte[5];
FileSystemHandling.appendDataToFile(evoSuiteFile, byteArray);
String[] stringArray = new String[2];
stringArray[0] = "WvPRdqIJTU_gL?";
// Undeclared exception!
try { 
  JSJshop.main(stringArray);
  fail("Expecting exception: NullPointerException");

} catch(NullPointerException e) {
   //
   // no message in exception (getMessage() returned null)
   //
   verifyException("org.evosuite.runtime.mock.java.io.MockFileInputStream", e);
}

Test 14: 
JSJshop jSJshop = null;
try {
  jSJshop = new JSJshop("? ", "? ");
  fail("Expecting exception: System.SystemExitException");

} catch(System.SystemExitException e) {
   //
   // no message in exception (getMessage() returned null)
   //
   verifyException("org.evosuite.runtime.System", e);
}

Test 15: 
JSJshop jSJshop = new JSJshop();
jSJshop.getAddList();
Test 16: 
JSJshop jSJshop = new JSJshop();
jSJshop.getDeleteList();
Test 17: 
EvoSuiteFile evoSuiteFile = new EvoSuiteFile("farp.shp");
FileSystemHandling.appendLineToFile(evoSuiteFile, "!4");
JSJshop jSJshop = new JSJshop();
jSJshop.testParser();
Test 18: 
EvoSuiteFile evoSuiteFile = new EvoSuiteFile("farp.shp");
FileSystemHandling.appendStringToFile(evoSuiteFile, "`:lGzP(");
JSJshop jSJshop = new JSJshop();
jSJshop.testParser();
Test 19: 
EvoSuiteFile evoSuiteFile = new EvoSuiteFile("farp.shp");
FileSystemHandling.appendStringToFile(evoSuiteFile, "ragb>%jmq<n-|s)wma");
JSJshop jSJshop = new JSJshop();
jSJshop.testParser();
Test 20: 
EvoSuiteFile evoSuiteFile = new EvoSuiteFile("farp.shp");
FileSystemHandling.appendStringToFile(evoSuiteFile, "Ut=?|voL$mJ");
JSJshop jSJshop = new JSJshop();
jSJshop.testParser();
Test 21: 
EvoSuiteFile evoSuiteFile = new EvoSuiteFile("farp.shp");
FileSystemHandling.appendStringToFile(evoSuiteFile, "/");
JSJshop jSJshop = new JSJshop();
jSJshop.testParser();
Test 22: 
EvoSuiteFile evoSuiteFile = new EvoSuiteFile("WvPRdqIJTU_gL?");
byte[] byteArray = new byte[20];
byteArray[0] = (byte) (-4);
FileSystemHandling.appendDataToFile(evoSuiteFile, byteArray);
String[] stringArray = new String[2];
stringArray[0] = "WvPRdqIJTU_gL?";
// Undeclared exception!
try { 
  JSJshop.main(stringArray);
  fail("Expecting exception: System.SystemExitException");

} catch(System.SystemExitException e) {
   //
   // no message in exception (getMessage() returned null)
   //
   verifyException("org.evosuite.runtime.System", e);
}

Test 23: 
JSJshop jSJshop = new JSJshop();
jSJshop.getBufferedReader("`:lGzP(", "`:lGzP(", (JApplet) null);
Test 24: 
JSJshop jSJshop = new JSJshop();
jSJshop.getBufferedReader("| ", (String) null, (JApplet) null);
Test 25: 
JSJshop jSJshop = new JSJshop();
StringReader stringReader = new StringReader("xB11x]K_';U/1k.");
StreamTokenizer streamTokenizer = new StreamTokenizer(stringReader);
// Undeclared exception!
try { 
  jSJshop.processToken(streamTokenizer);
  fail("Expecting exception: Error");

} catch(Error e) {
   //
   // no message in exception (getMessage() returned null)
   //
   verifyException("umd.cs.shop.JSJshop", e);
}

Test 26: 
JSJshop jSJshop = new JSJshop();
jSJshop.parserFile("(%s6\u0005gkXm#;");
Test 27: 
JSJshop jSJshop = new JSJshop();
// Undeclared exception!
try { 
  jSJshop.testParser();
  fail("Expecting exception: System.SystemExitException");

} catch(System.SystemExitException e) {
   //
   // no message in exception (getMessage() returned null)
   //
   verifyException("org.evosuite.runtime.System", e);
}

Test 28: 
JSJshop jSJshop = new JSJshop();
jSJshop.getTree();

Test 29: 
JSJshop jSJshop = new JSJshop();
jSJshop.getAppletURL("https://www.example.com/_E", (JApplet) null);

Test 30: 
JSTaskAtom jSTaskAtom = new JSTaskAtom();
JSJshop jSJshop = new JSJshop("List of tasks", jSTaskAtom);

Test 31: 

Test 32: 
JSJshop jSJshop = new JSJshop();

Test 33: 
JSJshop jSJshop = new JSJshop();

Test 34: 
JSJshop jSJshop = new JSJshop();

Test 35: 
JSJshop.main((String[]) null);

Test 36: 
String[] stringArray = new String[6];
JSJshop.main(stringArray);

Test 37: 
JSJshop.main((String[]) null);

Test 38: 
String[] stringArray = new String[3];
stringArray[2] = "apple";
stringArray[2] = "banana";
stringArray[2] = "cherry";
JSJshop.main(stringArray);

Test 39: 
String[] stringArray = new String[3];
stringArray[2] = "-f";
stringArray[2] = "input.txt";
stringArray[2] = "all";
JSJshop.main(stringArray);

Test 40: 
byte[] byteArray = new byte[5];
FileSystemHandling.appendDataToFile((EvoSuiteFile) byteArray, (byte[]) null);
String[] stringArray = new String[2];
String string = "HelloWorld.txt";
stringArray[0] = string;
JSJshop.main(stringArray);

Test 41: 
JSJshop jSJshop = new JSJshop("Java Shop", "The best place to buy Java books, computers, and other IT-related products");

Test 42: 
JSJshop jSJshop = new JSJshop();
jSJshop.getAddList();

Test 43: 
JSJshop jSJshop = new JSJshop();
jSJshop.getDeleteList();

Test 44: 
boolean appendLineToFile = FileSystemHandling.appendLineToFile((EvoSuiteFile) "!10", (String) null);
JSJshop jSJshop = new JSJshop();
((JSJshop) appendLineToFile).testParser();

Test 45: 
boolean appendStringToFile = FileSystemHandling.appendStringToFile((EvoSuiteFile) "`:lGzP(1234567890);", (String) null);
JSJshop jSJshop = new JSJshop();
((JSJshop) appendStringToFile).testParser();

Test 46: 
FileSystemHandling.appendStringToFile((EvoSuiteFile) "ragb>%jmq<n-|s)wma", (String) null);
JSJshop jSJshop = new JSJshop();

Test 47: 
boolean appendStringToFile = FileSystemHandling.appendStringToFile((EvoSuiteFile) "Ut=?|voL$mJ", (String) null);
JSJshop jSJshop = new JSJshop();
((JSJshop) appendStringToFile).testParser();

Test 48: 
boolean appendStringToFile = FileSystemHandling.appendStringToFile((EvoSuiteFile) "/", (String) null);
JSJshop jSJshop = new JSJshop();
((JSJshop) appendStringToFile).testParser();
String string = "/";
String string = null;
FileSystemHandling.appendStringToFile((EvoSuiteFile) string, string);
JSJshop jSJshop = new JSJshop();
((JSJshop) appendStringToFile).testParser();
String string = "/";
String string = null;
FileSystemHandling.appendStringToFile((EvoSuiteFile) string, string);
JSJshop jSJshop = new JSJshop();
((JSJshop) appendStringToFile).testParser();

Test 49: 
byte[] byteArray = new byte[20];
FileSystemHandling.appendDataToFile((EvoSuiteFile) byteArray, (byte[]) null);
String[] stringArray = new String[2];
JSJshop.main(stringArray);

Test 50: 
JSJshop jSJshop = new JSJshop();
jSJshop.getBufferedReader("testFile1", "testFile2", (JApplet) null);

Test 51: 
JSJshop jSJshop = new JSJshop();
jSJshop.getBufferedReader("Please enter your name: ", "John Doe", (JApplet) null);

Test 52: 
JSJshop jSJshop = new JSJshop();
StringReader stringReader = new StringReader("xB11x]K_';U/1k.");
StreamTokenizer streamTokenizer = new StreamTokenizer(stringReader);
jSJshop.processToken(streamTokenizer);

Test 53: 


* Generated after the refinement and before minimization 54 tests with total length 148
* test suite isTestSuite: 54
Test 0: 
JSJshop jSJshop = new JSJshop();
jSJshop.getTree();
Test 1: 
JSJshop jSJshop = new JSJshop();
// Undeclared exception!
try { 
  jSJshop.getAppletURL("*_E", (JApplet) null);
  fail("Expecting exception: NullPointerException");

} catch(NullPointerException e) {
   //
   // no message in exception (getMessage() returned null)
   //
   verifyException("umd.cs.shop.JSJshop", e);
}

Test 2: 
JSTaskAtom jSTaskAtom = new JSTaskAtom();
JSJshop jSJshop = null;
try {
  jSJshop = new JSJshop("List of tasks", jSTaskAtom);
  fail("Expecting exception: NullPointerException");

} catch(NullPointerException e) {
   //
   // no message in exception (getMessage() returned null)
   //
   verifyException("umd.cs.shop.JSJshop", e);
}

Test 3: 
JSJshop jSJshop = new JSJshop();
jSJshop.getSolution();
Test 4: 
JSJshop jSJshop = new JSJshop();
jSJshop.sol();
Test 5: 
JSJshop jSJshop = new JSJshop();
jSJshop.tree();
Test 6: 
JSJshop jSJshop = new JSJshop();
jSJshop.prob();
Test 7: 
JSJshop jSJshop = new JSJshop();
jSJshop.dom();
Test 8: 
String[] stringArray = new String[0];
JSJshop.main(stringArray);
Test 9: 
String[] stringArray = new String[6];
JSJshop.main(stringArray);
Test 10: 
String[] stringArray = new String[3];
JSJshop.main(stringArray);
Test 11: 
String[] stringArray = new String[3];
stringArray[2] = "one";
// Undeclared exception!
try { 
  JSJshop.main(stringArray);
  fail("Expecting exception: NullPointerException");

} catch(NullPointerException e) {
   //
   // no message in exception (getMessage() returned null)
   //
   verifyException("org.evosuite.runtime.mock.java.io.MockFileInputStream", e);
}

Test 12: 
String[] stringArray = new String[3];
stringArray[2] = "all";
// Undeclared exception!
try { 
  JSJshop.main(stringArray);
  fail("Expecting exception: NullPointerException");

} catch(NullPointerException e) {
   //
   // no message in exception (getMessage() returned null)
   //
   verifyException("org.evosuite.runtime.mock.java.io.MockFileInputStream", e);
}

Test 13: 
EvoSuiteFile evoSuiteFile = new EvoSuiteFile("WvPRdqIJTU_gL?");
byte[] byteArray = new byte[5];
FileSystemHandling.appendDataToFile(evoSuiteFile, byteArray);
String[] stringArray = new String[2];
stringArray[0] = "WvPRdqIJTU_gL?";
// Undeclared exception!
try { 
  JSJshop.main(stringArray);
  fail("Expecting exception: NullPointerException");

} catch(NullPointerException e) {
   //
   // no message in exception (getMessage() returned null)
   //
   verifyException("org.evosuite.runtime.mock.java.io.MockFileInputStream", e);
}

Test 14: 
JSJshop jSJshop = null;
try {
  jSJshop = new JSJshop("? ", "? ");
  fail("Expecting exception: System.SystemExitException");

} catch(System.SystemExitException e) {
   //
   // no message in exception (getMessage() returned null)
   //
   verifyException("org.evosuite.runtime.System", e);
}

Test 15: 
JSJshop jSJshop = new JSJshop();
jSJshop.getAddList();
Test 16: 
JSJshop jSJshop = new JSJshop();
jSJshop.getDeleteList();
Test 17: 
EvoSuiteFile evoSuiteFile = new EvoSuiteFile("farp.shp");
FileSystemHandling.appendLineToFile(evoSuiteFile, "!4");
JSJshop jSJshop = new JSJshop();
jSJshop.testParser();
Test 18: 
EvoSuiteFile evoSuiteFile = new EvoSuiteFile("farp.shp");
FileSystemHandling.appendStringToFile(evoSuiteFile, "`:lGzP(");
JSJshop jSJshop = new JSJshop();
jSJshop.testParser();
Test 19: 
EvoSuiteFile evoSuiteFile = new EvoSuiteFile("farp.shp");
FileSystemHandling.appendStringToFile(evoSuiteFile, "ragb>%jmq<n-|s)wma");
JSJshop jSJshop = new JSJshop();
jSJshop.testParser();
Test 20: 
EvoSuiteFile evoSuiteFile = new EvoSuiteFile("farp.shp");
FileSystemHandling.appendStringToFile(evoSuiteFile, "Ut=?|voL$mJ");
JSJshop jSJshop = new JSJshop();
jSJshop.testParser();
Test 21: 
EvoSuiteFile evoSuiteFile = new EvoSuiteFile("farp.shp");
FileSystemHandling.appendStringToFile(evoSuiteFile, "/");
JSJshop jSJshop = new JSJshop();
jSJshop.testParser();
Test 22: 
EvoSuiteFile evoSuiteFile = new EvoSuiteFile("WvPRdqIJTU_gL?");
byte[] byteArray = new byte[20];
byteArray[0] = (byte) (-4);
FileSystemHandling.appendDataToFile(evoSuiteFile, byteArray);
String[] stringArray = new String[2];
stringArray[0] = "WvPRdqIJTU_gL?";
// Undeclared exception!
try { 
  JSJshop.main(stringArray);
  fail("Expecting exception: System.SystemExitException");

} catch(System.SystemExitException e) {
   //
   // no message in exception (getMessage() returned null)
   //
   verifyException("org.evosuite.runtime.System", e);
}

Test 23: 
JSJshop jSJshop = new JSJshop();
jSJshop.getBufferedReader("`:lGzP(", "`:lGzP(", (JApplet) null);
Test 24: 
JSJshop jSJshop = new JSJshop();
jSJshop.getBufferedReader("| ", (String) null, (JApplet) null);
Test 25: 
JSJshop jSJshop = new JSJshop();
StringReader stringReader = new StringReader("xB11x]K_';U/1k.");
StreamTokenizer streamTokenizer = new StreamTokenizer(stringReader);
// Undeclared exception!
try { 
  jSJshop.processToken(streamTokenizer);
  fail("Expecting exception: Error");

} catch(Error e) {
   //
   // no message in exception (getMessage() returned null)
   //
   verifyException("umd.cs.shop.JSJshop", e);
}

Test 26: 
JSJshop jSJshop = new JSJshop();
jSJshop.parserFile("(%s6\u0005gkXm#;");
Test 27: 
JSJshop jSJshop = new JSJshop();
// Undeclared exception!
try { 
  jSJshop.testParser();
  fail("Expecting exception: System.SystemExitException");

} catch(System.SystemExitException e) {
   //
   // no message in exception (getMessage() returned null)
   //
   verifyException("org.evosuite.runtime.System", e);
}

Test 28: 
JSJshop jSJshop = new JSJshop();
jSJshop.getTree();

Test 29: 
JSJshop jSJshop = new JSJshop();
jSJshop.getAppletURL("https://www.example.com/_E", (JApplet) null);

Test 30: 
JSTaskAtom jSTaskAtom = new JSTaskAtom();
JSJshop jSJshop = new JSJshop("List of tasks", jSTaskAtom);

Test 31: 

Test 32: 
JSJshop jSJshop = new JSJshop();

Test 33: 
JSJshop jSJshop = new JSJshop();

Test 34: 
JSJshop jSJshop = new JSJshop();

Test 35: 
JSJshop.main((String[]) null);

Test 36: 
String[] stringArray = new String[6];
JSJshop.main(stringArray);

Test 37: 
JSJshop.main((String[]) null);

Test 38: 
String[] stringArray = new String[3];
stringArray[2] = "apple";
stringArray[2] = "banana";
stringArray[2] = "cherry";
JSJshop.main(stringArray);

Test 39: 
String[] stringArray = new String[3];
stringArray[2] = "-f";
stringArray[2] = "input.txt";
stringArray[2] = "all";
JSJshop.main(stringArray);

Test 40: 
byte[] byteArray = new byte[5];
FileSystemHandling.appendDataToFile((EvoSuiteFile) byteArray, (byte[]) null);
String[] stringArray = new String[2];
String string = "HelloWorld.txt";
stringArray[0] = string;
JSJshop.main(stringArray);

Test 41: 
JSJshop jSJshop = new JSJshop("Java Shop", "The best place to buy Java books, computers, and other IT-related products");

Test 42: 
JSJshop jSJshop = new JSJshop();
jSJshop.getAddList();

Test 43: 
JSJshop jSJshop = new JSJshop();
jSJshop.getDeleteList();

Test 44: 
boolean appendLineToFile = FileSystemHandling.appendLineToFile((EvoSuiteFile) "!10", (String) null);
JSJshop jSJshop = new JSJshop();
((JSJshop) appendLineToFile).testParser();

Test 45: 
boolean appendStringToFile = FileSystemHandling.appendStringToFile((EvoSuiteFile) "`:lGzP(1234567890);", (String) null);
JSJshop jSJshop = new JSJshop();
((JSJshop) appendStringToFile).testParser();

Test 46: 
FileSystemHandling.appendStringToFile((EvoSuiteFile) "ragb>%jmq<n-|s)wma", (String) null);
JSJshop jSJshop = new JSJshop();

Test 47: 
boolean appendStringToFile = FileSystemHandling.appendStringToFile((EvoSuiteFile) "Ut=?|voL$mJ", (String) null);
JSJshop jSJshop = new JSJshop();
((JSJshop) appendStringToFile).testParser();

Test 48: 
boolean appendStringToFile = FileSystemHandling.appendStringToFile((EvoSuiteFile) "/", (String) null);
JSJshop jSJshop = new JSJshop();
((JSJshop) appendStringToFile).testParser();
String string = "/";
String string = null;
FileSystemHandling.appendStringToFile((EvoSuiteFile) string, string);
JSJshop jSJshop = new JSJshop();
((JSJshop) appendStringToFile).testParser();
String string = "/";
String string = null;
FileSystemHandling.appendStringToFile((EvoSuiteFile) string, string);
JSJshop jSJshop = new JSJshop();
((JSJshop) appendStringToFile).testParser();

Test 49: 
byte[] byteArray = new byte[20];
FileSystemHandling.appendDataToFile((EvoSuiteFile) byteArray, (byte[]) null);
String[] stringArray = new String[2];
JSJshop.main(stringArray);

Test 50: 
JSJshop jSJshop = new JSJshop();
jSJshop.getBufferedReader("testFile1", "testFile2", (JApplet) null);

Test 51: 
JSJshop jSJshop = new JSJshop();
jSJshop.getBufferedReader("Please enter your name: ", "John Doe", (JApplet) null);

Test 52: 
JSJshop jSJshop = new JSJshop();
StringReader stringReader = new StringReader("xB11x]K_';U/1k.");
StreamTokenizer streamTokenizer = new StreamTokenizer(stringReader);
jSJshop.processToken(streamTokenizer);

Test 53: 


* Minimizing test suite
* test suite isTestSuite: 28
Test 0: 
JSJshop jSJshop = new JSJshop();
jSJshop.getTree();
Test 1: 
JSJshop jSJshop = new JSJshop();
// Undeclared exception!
try { 
  jSJshop.getAppletURL("https://www.example.com/_E", (JApplet) null);
  fail("Expecting exception: NullPointerException");

} catch(NullPointerException e) {
   //
   // no message in exception (getMessage() returned null)
   //
   verifyException("umd.cs.shop.JSJshop", e);
}

Test 2: 
JSTaskAtom jSTaskAtom = new JSTaskAtom();
JSJshop jSJshop = null;
try {
  jSJshop = new JSJshop("List of tasks", jSTaskAtom);
  fail("Expecting exception: NullPointerException");

} catch(NullPointerException e) {
   //
   // no message in exception (getMessage() returned null)
   //
   verifyException("umd.cs.shop.JSJshop", e);
}

Test 3: 
JSJshop jSJshop = new JSJshop();
jSJshop.getSolution();
Test 4: 
JSJshop jSJshop = new JSJshop();
jSJshop.sol();
Test 5: 
JSJshop jSJshop = new JSJshop();
jSJshop.tree();
Test 6: 
JSJshop jSJshop = new JSJshop();
jSJshop.prob();
Test 7: 
JSJshop jSJshop = new JSJshop();
jSJshop.dom();
Test 8: 
String[] stringArray = new String[0];
JSJshop.main(stringArray);
Test 9: 
String[] stringArray = new String[3];
JSJshop.main(stringArray);
Test 10: 
String[] stringArray = new String[6];
JSJshop.main(stringArray);
Test 11: 
String[] stringArray = new String[3];
stringArray[2] = "all";
// Undeclared exception!
try { 
  JSJshop.main(stringArray);
  fail("Expecting exception: NullPointerException");

} catch(NullPointerException e) {
   //
   // no message in exception (getMessage() returned null)
   //
   verifyException("org.evosuite.runtime.mock.java.io.MockFileInputStream", e);
}

Test 12: 
String[] stringArray = new String[3];
stringArray[2] = "one";
// Undeclared exception!
try { 
  JSJshop.main(stringArray);
  fail("Expecting exception: NullPointerException");

} catch(NullPointerException e) {
   //
   // no message in exception (getMessage() returned null)
   //
   verifyException("org.evosuite.runtime.mock.java.io.MockFileInputStream", e);
}

Test 13: 
EvoSuiteFile evoSuiteFile = new EvoSuiteFile("WvPRdqIJTU_gL?");
byte[] byteArray = new byte[5];
FileSystemHandling.appendDataToFile(evoSuiteFile, byteArray);
String[] stringArray = new String[2];
stringArray[0] = "WvPRdqIJTU_gL?";
// Undeclared exception!
try { 
  JSJshop.main(stringArray);
  fail("Expecting exception: NullPointerException");

} catch(NullPointerException e) {
   //
   // no message in exception (getMessage() returned null)
   //
   verifyException("org.evosuite.runtime.mock.java.io.MockFileInputStream", e);
}

Test 14: 
JSJshop jSJshop = null;
try {
  jSJshop = new JSJshop("Java Shop", "The best place to buy Java books, computers, and other IT-related products");
  fail("Expecting exception: System.SystemExitException");

} catch(System.SystemExitException e) {
   //
   // no message in exception (getMessage() returned null)
   //
   verifyException("org.evosuite.runtime.System", e);
}

Test 15: 
JSJshop jSJshop = new JSJshop();
jSJshop.getAddList();
Test 16: 
JSJshop jSJshop = new JSJshop();
jSJshop.getDeleteList();
Test 17: 
EvoSuiteFile evoSuiteFile = new EvoSuiteFile("farp.shp");
FileSystemHandling.appendLineToFile(evoSuiteFile, "!4");
JSJshop jSJshop = new JSJshop();
jSJshop.testParser();
Test 18: 
EvoSuiteFile evoSuiteFile = new EvoSuiteFile("farp.shp");
FileSystemHandling.appendStringToFile(evoSuiteFile, "`:lGzP(");
JSJshop jSJshop = new JSJshop();
jSJshop.testParser();
Test 19: 
EvoSuiteFile evoSuiteFile = new EvoSuiteFile("farp.shp");
FileSystemHandling.appendStringToFile(evoSuiteFile, "ragb>%jmq<n-|s)wma");
JSJshop jSJshop = new JSJshop();
jSJshop.testParser();
Test 20: 
EvoSuiteFile evoSuiteFile = new EvoSuiteFile("farp.shp");
FileSystemHandling.appendStringToFile(evoSuiteFile, "Ut=?|voL$mJ");
JSJshop jSJshop = new JSJshop();
jSJshop.testParser();
Test 21: 
EvoSuiteFile evoSuiteFile = new EvoSuiteFile("farp.shp");
FileSystemHandling.appendStringToFile(evoSuiteFile, "/");
JSJshop jSJshop = new JSJshop();
jSJshop.testParser();
Test 22: 
EvoSuiteFile evoSuiteFile = new EvoSuiteFile("WvPRdqIJTU_gL?");
byte[] byteArray = new byte[20];
byteArray[0] = (byte) (-4);
FileSystemHandling.appendDataToFile(evoSuiteFile, byteArray);
String[] stringArray = new String[2];
stringArray[0] = "WvPRdqIJTU_gL?";
// Undeclared exception!
try { 
  JSJshop.main(stringArray);
  fail("Expecting exception: System.SystemExitException");

} catch(System.SystemExitException e) {
   //
   // no message in exception (getMessage() returned null)
   //
   verifyException("org.evosuite.runtime.System", e);
}

Test 23: 
JSJshop jSJshop = new JSJshop();
jSJshop.getBufferedReader("Please enter your name: ", "John Doe", (JApplet) null);
Test 24: 
JSJshop jSJshop = new JSJshop();
jSJshop.getBufferedReader("| ", (String) null, (JApplet) null);
Test 25: 
JSJshop jSJshop = new JSJshop();
StringReader stringReader = new StringReader("xB11x]K_';U/1k.");
StreamTokenizer streamTokenizer = new StreamTokenizer(stringReader);
// Undeclared exception!
try { 
  jSJshop.processToken(streamTokenizer);
  fail("Expecting exception: Error");

} catch(Error e) {
   //
   // no message in exception (getMessage() returned null)
   //
   verifyException("umd.cs.shop.JSJshop", e);
}

Test 26: 
JSJshop jSJshop = new JSJshop();
jSJshop.parserFile("(%s6\u0005gkXm#;");
Test 27: 
JSJshop jSJshop = new JSJshop();
// Undeclared exception!
try { 
  jSJshop.testParser();
  fail("Expecting exception: System.SystemExitException");

} catch(System.SystemExitException e) {
   //
   // no message in exception (getMessage() returned null)
   //
   verifyException("org.evosuite.runtime.System", e);
}


* Going to analyze the coverage criteria
* Coverage analysis for criterion BRANCH
* Coverage of criterion BRANCH: 60%
* Total number of goals: 114
* Number of covered goals: 68
* Coverage analysis for criterion LINE
* Coverage of criterion LINE: 55%
* Total number of goals: 225
* Number of covered goals: 123
* Coverage analysis for criterion OUTPUT
* Coverage of criterion OUTPUT: 18%
* Total number of goals: 56
* Number of covered goals: 10
* Coverage analysis for criterion METHOD
* Coverage of criterion METHOD: 89%
* Total number of goals: 19
* Number of covered goals: 17
* Coverage analysis for criterion CBRANCH
* Coverage of criterion CBRANCH: 56%
* Total number of goals: 114
* Number of covered goals: 64
* Generated 28 tests with total length 78
* Resulting test suite's coverage: 56% (average coverage for all fitness functions)
* Generating assertions
* Resulting test suite's mutation score: 10%
* Compiling and checking tests
Going to execute: removeTestsThatDoNotCompile
* Compiling Tests
** Write a test suite: 0 called: 0 to improve: false
* Compiling Tests
** Write a test suite: 0 called: 0 to improve: true
** Improve Understandability: ** Test Code is: JSJshop jSJshop = new JSJshop();
JSJshopNode tree = jSJshop.getTree();
assertNull(tree);


** It was a parseable test case! 
refined test name is: testGetTreeEmptyShop
* Compiling Tests
** Write a test suite: 0 called: 0 to improve: false
* Compiling Tests
** Write a test suite: 0 called: 0 to improve: true
** Improve Understandability: ** Test Code is: JSJshop jSJshop = new JSJshop();
// Undeclared exception!
try { 
  jSJshop.getAppletURL("https://www.example.com/_E", (JApplet) null);
  fail("Expecting exception: NullPointerException");

} catch(NullPointerException e) {
   //
   // no message in exception (getMessage() returned null)
   //
   verifyException("umd.cs.shop.JSJshop", e);
}


** It was a parseable test case! 
refined test name is: testGetAppletURLWithNullAppletThrowsNPE
* Compiling Tests
** Write a test suite: 0 called: 0 to improve: false
* Compiling Tests
** Write a test suite: 0 called: 0 to improve: true
** Improve Understandability: ** Test Code is: JSTaskAtom arg1 = new JSTaskAtom();
JSJshop jSJshop = null;
try {
  jSJshop = new JSJshop("List of tasks", arg1);
  fail("Expecting exception: NullPointerException");

} catch(NullPointerException e) {
   //
   // no message in exception (getMessage() returned null)
   //
   verifyException("umd.cs.shop.JSJshop", e);
}


** It was a parseable test case! 
refined test name is: testNullArgumentToConstructor
* Compiling Tests
** Write a test suite: 0 called: 0 to improve: false
* Compiling Tests
** Write a test suite: 0 called: 0 to improve: true
** Improve Understandability: ** Test Code is: JSJshop jSJshop = new JSJshop();
JSPairPlanTSListNodes solution = jSJshop.getSolution();
assertNull(solution);


** It was a parseable test case! 
refined test name is: testGetSolutionReturnsNullWhenNotInitialized
* Compiling Tests
** Write a test suite: 0 called: 0 to improve: false
* Compiling Tests
** Write a test suite: 0 called: 0 to improve: true
** Improve Understandability: ** Test Code is: JSJshop jSJshop = new JSJshop();
JSPlan sol = jSJshop.sol();
assertNull(sol);


** It was a parseable test case! 
refined test name is: testSolutionIsNullWhenJSJShopObjectIsCreated
* Compiling Tests
** Write a test suite: 0 called: 0 to improve: false
* Compiling Tests
** Write a test suite: 0 called: 0 to improve: true
** Improve Understandability: ** Test Code is: JSJshop jSJshop = new JSJshop();
JSJshopNode tree = jSJshop.tree();
assertNull(tree);


** It was a parseable test case! 
refined test name is: testJSJshopTreeIsNull
* Compiling Tests
** Write a test suite: 0 called: 0 to improve: false
* Compiling Tests
** Write a test suite: 0 called: 0 to improve: true
** Improve Understandability: ** Test Code is: JSJshop jSJshop = new JSJshop();
JSPlanningProblem prob = jSJshop.prob();
assertNull(prob);


** It was a parseable test case! 
refined test name is: testJSJshopProbMethod
* Compiling Tests
** Write a test suite: 0 called: 0 to improve: false
* Compiling Tests
** Write a test suite: 0 called: 0 to improve: true
** Improve Understandability: ** Test Code is: JSJshop jSJshop = new JSJshop();
JSPlanningDomain dom = jSJshop.dom();
assertNull(dom);


** It was a parseable test case! 
refined test name is: testJSJshopCreation
* Compiling Tests
** Write a test suite: 0 called: 0 to improve: false
* Compiling Tests
** Write a test suite: 0 called: 0 to improve: true
** Improve Understandability: ** Test Code is: String[] arg0 = new String[0];
JSJshop.main(arg0);
assertEquals(0, arg0.length);


** It was a parseable test case! 
refined test name is: testMainMethodWithEmptyArray
* Compiling Tests
** Write a test suite: 0 called: 0 to improve: false
* Compiling Tests
** Write a test suite: 0 called: 0 to improve: true
** Improve Understandability: ** Test Code is: String[] arg0 = new String[3];
JSJshop.main(arg0);
assertEquals(3, arg0.length);


** It was a parseable test case! 
refined test name is: testLengthOfArgsArray
* Compiling Tests
** Write a test suite: 0 called: 0 to improve: false
* Compiling Tests
** Write a test suite: 0 called: 0 to improve: true
** Improve Understandability: ** Test Code is: String[] arg0 = new String[6];
JSJshop.main(arg0);
assertEquals(6, arg0.length);


** It was a parseable test case! 
refined test name is: testLengthOfArray
* Compiling Tests
** Write a test suite: 0 called: 0 to improve: false
* Compiling Tests
** Write a test suite: 0 called: 0 to improve: true
** Improve Understandability: ** Test Code is: String[] arg0 = new String[3];
arg0[2] = "all";
// Undeclared exception!
try { 
  JSJshop.main(arg0);
  fail("Expecting exception: NullPointerException");

} catch(NullPointerException e) {
   //
   // no message in exception (getMessage() returned null)
   //
   verifyException("org.evosuite.runtime.mock.java.io.MockFileInputStream", e);
}


** It was a parseable test case! 
refined test name is: testMainWithNullParameterThrowsNPE
* Compiling Tests
** Write a test suite: 0 called: 0 to improve: false
* Compiling Tests
** Write a test suite: 0 called: 0 to improve: true
** Improve Understandability: ** Test Code is: String[] arg0 = new String[3];
arg0[2] = "one";
// Undeclared exception!
try { 
  JSJshop.main(arg0);
  fail("Expecting exception: NullPointerException");

} catch(NullPointerException e) {
   //
   // no message in exception (getMessage() returned null)
   //
   verifyException("org.evosuite.runtime.mock.java.io.MockFileInputStream", e);
}


** It was a parseable test case! 
refined test name is: testInvalidArgumentsNullPointerException
* Compiling Tests
** Write a test suite: 0 called: 0 to improve: false
* Compiling Tests
** Write a test suite: 0 called: 0 to improve: false
* Compiling Tests
** Write a test suite: 0 called: 0 to improve: true
** Improve Understandability: ** Test Code is: JSJshop jSJshop = null;
try {
  jSJshop = new JSJshop("Java Shop", "The best place to buy Java books, computers, and other IT-related products");
  fail("Expecting exception: System.SystemExitException");

} catch(System.SystemExitException e) {
   //
   // no message in exception (getMessage() returned null)
   //
   verifyException("org.evosuite.runtime.System", e);
}


** It was a parseable test case! 
refined test name is: testConstructorWithValidInputCreatesNewObject
* Compiling Tests
** Write a test suite: 0 called: 0 to improve: false
* Compiling Tests
** Write a test suite: 0 called: 0 to improve: true
** Improve Understandability: ** Test Code is: JSJshop jSJshop = new JSJshop();
JSListLogicalAtoms addList = jSJshop.getAddList();
assertNull(addList);


** It was a parseable test case! 
refined test name is: testGetAddListReturnsNullWhenNoListIsPresent
* Compiling Tests
** Write a test suite: 0 called: 0 to improve: false
* Compiling Tests
** Write a test suite: 0 called: 0 to improve: true
** Improve Understandability: ** Test Code is: JSJshop jSJshop = new JSJshop();
JSListLogicalAtoms deleteList = jSJshop.getDeleteList();
assertNull(deleteList);


** It was a parseable test case! 
refined test name is: testGetDeleteListShouldReturnNull
* Compiling Tests
** Write a test suite: 0 called: 0 to improve: false
* Compiling Tests
** Write a test suite: 0 called: 0 to improve: true
** Improve Understandability: ** Test Code is: EvoSuiteFile arg0 = new EvoSuiteFile("farp.shp");
FileSystemHandling.appendLineToFile(arg0, "!4");
JSJshop jSJshop = new JSJshop();
jSJshop.testParser();
assertFalse(JSJshop.corbaToHicap);


** It was a parseable test case! 
refined test name is: testAppendLineToFile
* Compiling Tests
** Write a test suite: 0 called: 0 to improve: false
* Compiling Tests
** Write a test suite: 0 called: 0 to improve: true
** Improve Understandability: ** Test Code is: EvoSuiteFile arg0 = new EvoSuiteFile("farp.shp");
FileSystemHandling.appendStringToFile(arg0, "`:lGzP(");
JSJshop jSJshop = new JSJshop();
jSJshop.testParser();
assertFalse(JSJshop.corbaToHicap);


** It was a parseable test case! 
refined test name is: testAppendStringToFileWithCorrectParameters
* Compiling Tests
** Write a test suite: 0 called: 0 to improve: false
* Compiling Tests
** Write a test suite: 0 called: 0 to improve: true
** Improve Understandability: ** Test Code is: EvoSuiteFile arg0 = new EvoSuiteFile("farp.shp");
FileSystemHandling.appendStringToFile(arg0, "ragb>%jmq<n-|s)wma");
JSJshop jSJshop = new JSJshop();
jSJshop.testParser();
assertFalse(JSJshop.corbaToHicap);


** It was a parseable test case! 
refined test name is: testAppendStringToFile
* Compiling Tests
refined test name is: testAppendStringToFileAppendsStringToFile
* Compiling Tests
** Write a test suite: 0 called: 0 to improve: false
* Compiling Tests
** Write a test suite: 0 called: 0 to improve: true
** Improve Understandability: ** Test Code is: EvoSuiteFile arg0 = new EvoSuiteFile("farp.shp");
FileSystemHandling.appendStringToFile(arg0, "Ut=?|voL$mJ");
JSJshop jSJshop = new JSJshop();
jSJshop.testParser();
assertFalse(JSJshop.corbaToHicap);


** It was a parseable test case! 
refined test name is: testAppendingStringToFile
* Compiling Tests
refined test name is: testAppendStringToFile
* Compiling Tests
** Write a test suite: 0 called: 0 to improve: false
* Compiling Tests
** Write a test suite: 0 called: 0 to improve: true
** Improve Understandability: ** Test Code is: EvoSuiteFile arg0 = new EvoSuiteFile("farp.shp");
FileSystemHandling.appendStringToFile(arg0, "/");
JSJshop jSJshop = new JSJshop();
jSJshop.testParser();
assertFalse(JSJshop.corbaToHicap);


** It was a parseable test case! 
refined test name is: testAppendStringToFile
* Compiling Tests
** Write a test suite: 0 called: 0 to improve: false
* Compiling Tests
** Write a test suite: 0 called: 0 to improve: false
* Compiling Tests
** Write a test suite: 0 called: 0 to improve: true
** Improve Understandability: ** Test Code is: JSJshop jSJshop = new JSJshop();
BufferedReader bufferedReader = jSJshop.getBufferedReader("Please enter your name: ", "John Doe", (JApplet) null);
assertNull(bufferedReader);


** It was a parseable test case! 
refined test name is: testGetBufferedReaderWithUserInput
* Compiling Tests
** Write a test suite: 0 called: 0 to improve: false
* Compiling Tests
** Write a test suite: 0 called: 0 to improve: true
** Improve Understandability: ** Test Code is: JSJshop jSJshop = new JSJshop();
BufferedReader bufferedReader = jSJshop.getBufferedReader("| ", (String) null, (JApplet) null);
assertNull(bufferedReader);


** It was a parseable test case! 
refined test name is: testGetBufferedReaderWithInvalidAppletParameter
* Compiling Tests
** Write a test suite: 0 called: 0 to improve: false
* Compiling Tests
** Write a test suite: 0 called: 0 to improve: false
* Compiling Tests
** Write a test suite: 0 called: 0 to improve: true
** Improve Understandability: ** Test Code is: JSJshop jSJshop = new JSJshop();
boolean parserFile = jSJshop.parserFile("(%s6\u0005gkXm#;");
assertFalse(parserFile);


** It was a parseable test case! 
refined test name is: testParserFileReturnsFalseForInvalidJSONFile
* Compiling Tests
** Write a test suite: 0 called: 0 to improve: false
* Compiling Tests
** Write a test suite: 0 called: 0 to improve: true
** Improve Understandability: ** Test Code is: JSJshop jSJshop = new JSJshop();
// Undeclared exception!
try { 
  jSJshop.testParser();
  fail("Expecting exception: System.SystemExitException");

} catch(System.SystemExitException e) {
   //
   // no message in exception (getMessage() returned null)
   //
   verifyException("org.evosuite.runtime.System", e);
}


** It was a parseable test case! 
refined test name is: testUnexpectedExitWithParser
* Compiling Tests
refined test name is: testParser
Going to execute: handleTestsThatAreUnstable
* Compiling Tests
[MASTER] 06:47:20.883 [logback-2] WARN  AgentLoader - Failed to find EvoSuite jar in current classloader. URLs of classloader:
file:/root/.sdkman/candidates/java/8.0.333.fx-librca/jre/../lib/tools.jar
file:/root/.sdkman/candidates/java/8.0.333.fx-librca/jre/lib/ext/cldrdata.jar
file:/root/.sdkman/candidates/java/8.0.333.fx-librca/jre/lib/ext/sunec.jar
file:/root/.sdkman/candidates/java/8.0.333.fx-librca/jre/lib/ext/localedata.jar
file:/root/.sdkman/candidates/java/8.0.333.fx-librca/jre/lib/ext/jaccess.jar
file:/tmp/EvoSuite_pathingJar7181988061901718143.jar
file:/root/.sdkman/candidates/java/8.0.333.fx-librca/jre/lib/ext/dnsns.jar
file:/root/.sdkman/candidates/java/8.0.333.fx-librca/jre/lib/ext/sunpkcs11.jar
file:/root/.sdkman/candidates/java/8.0.333.fx-librca/jre/lib/ext/zipfs.jar
file:/root/.sdkman/candidates/java/8.0.333.fx-librca/jre/lib/ext/jfxrt.jar
file:/root/.sdkman/candidates/java/8.0.333.fx-librca/jre/lib/ext/sunjce_provider.jar
file:/root/.sdkman/candidates/java/8.0.333.fx-librca/jre/lib/ext/nashorn.jar
[MASTER] 06:47:20.928 [logback-2] WARN  JUnitAnalyzer - Found unstable test named initializationError -> class java.lang.RuntimeException: Cannot find either the compilation target folder nor the EvoSuite jar in classpath: /tmp/EvoSuite_pathingJar7181988061901718143.jar
Going to execute: handleTestsThatAreUnstable
* Compiling Tests
[MASTER] 06:47:21.021 [logback-2] WARN  AgentLoader - Failed to find EvoSuite jar in current classloader. URLs of classloader:
file:/root/.sdkman/candidates/java/8.0.333.fx-librca/jre/../lib/tools.jar
file:/root/.sdkman/candidates/java/8.0.333.fx-librca/jre/lib/ext/cldrdata.jar
file:/root/.sdkman/candidates/java/8.0.333.fx-librca/jre/lib/ext/sunec.jar
file:/root/.sdkman/candidates/java/8.0.333.fx-librca/jre/lib/ext/localedata.jar
file:/root/.sdkman/candidates/java/8.0.333.fx-librca/jre/lib/ext/jaccess.jar
file:/tmp/EvoSuite_pathingJar7181988061901718143.jar
file:/root/.sdkman/candidates/java/8.0.333.fx-librca/jre/lib/ext/dnsns.jar
file:/root/.sdkman/candidates/java/8.0.333.fx-librca/jre/lib/ext/sunpkcs11.jar
file:/root/.sdkman/candidates/java/8.0.333.fx-librca/jre/lib/ext/zipfs.jar
file:/root/.sdkman/candidates/java/8.0.333.fx-librca/jre/lib/ext/jfxrt.jar
file:/root/.sdkman/candidates/java/8.0.333.fx-librca/jre/lib/ext/sunjce_provider.jar
file:/root/.sdkman/candidates/java/8.0.333.fx-librca/jre/lib/ext/nashorn.jar
[MASTER] 06:47:21.021 [logback-2] WARN  JUnitAnalyzer - Found unstable test named initializationError -> class java.lang.RuntimeException: Cannot find either the compilation target folder nor the EvoSuite jar in classpath: /tmp/EvoSuite_pathingJar7181988061901718143.jar
Going to execute: handleTestsThatAreUnstable
* Compiling Tests
[MASTER] 06:47:21.133 [logback-2] WARN  AgentLoader - Failed to find EvoSuite jar in current classloader. URLs of classloader:
file:/root/.sdkman/candidates/java/8.0.333.fx-librca/jre/../lib/tools.jar
file:/root/.sdkman/candidates/java/8.0.333.fx-librca/jre/lib/ext/cldrdata.jar
file:/root/.sdkman/candidates/java/8.0.333.fx-librca/jre/lib/ext/sunec.jar
file:/root/.sdkman/candidates/java/8.0.333.fx-librca/jre/lib/ext/localedata.jar
file:/root/.sdkman/candidates/java/8.0.333.fx-librca/jre/lib/ext/jaccess.jar
file:/tmp/EvoSuite_pathingJar7181988061901718143.jar
file:/root/.sdkman/candidates/java/8.0.333.fx-librca/jre/lib/ext/dnsns.jar
file:/root/.sdkman/candidates/java/8.0.333.fx-librca/jre/lib/ext/sunpkcs11.jar
file:/root/.sdkman/candidates/java/8.0.333.fx-librca/jre/lib/ext/zipfs.jar
file:/root/.sdkman/candidates/java/8.0.333.fx-librca/jre/lib/ext/jfxrt.jar
file:/root/.sdkman/candidates/java/8.0.333.fx-librca/jre/lib/ext/sunjce_provider.jar
file:/root/.sdkman/candidates/java/8.0.333.fx-librca/jre/lib/ext/nashorn.jar
[MASTER] 06:47:21.134 [logback-2] WARN  JUnitAnalyzer - Found unstable test named initializationError -> class java.lang.RuntimeException: Cannot find either the compilation target folder nor the EvoSuite jar in classpath: /tmp/EvoSuite_pathingJar7181988061901718143.jar
Going to execute: handleTestsThatAreUnstable
* Compiling Tests
[MASTER] 06:47:21.202 [logback-2] WARN  AgentLoader - Failed to find EvoSuite jar in current classloader. URLs of classloader:
file:/root/.sdkman/candidates/java/8.0.333.fx-librca/jre/../lib/tools.jar
file:/root/.sdkman/candidates/java/8.0.333.fx-librca/jre/lib/ext/cldrdata.jar
file:/root/.sdkman/candidates/java/8.0.333.fx-librca/jre/lib/ext/sunec.jar
file:/root/.sdkman/candidates/java/8.0.333.fx-librca/jre/lib/ext/localedata.jar
file:/root/.sdkman/candidates/java/8.0.333.fx-librca/jre/lib/ext/jaccess.jar
file:/tmp/EvoSuite_pathingJar7181988061901718143.jar
file:/root/.sdkman/candidates/java/8.0.333.fx-librca/jre/lib/ext/dnsns.jar
file:/root/.sdkman/candidates/java/8.0.333.fx-librca/jre/lib/ext/sunpkcs11.jar
file:/root/.sdkman/candidates/java/8.0.333.fx-librca/jre/lib/ext/zipfs.jar
file:/root/.sdkman/candidates/java/8.0.333.fx-librca/jre/lib/ext/jfxrt.jar
file:/root/.sdkman/candidates/java/8.0.333.fx-librca/jre/lib/ext/sunjce_provider.jar
file:/root/.sdkman/candidates/java/8.0.333.fx-librca/jre/lib/ext/nashorn.jar
[MASTER] 06:47:21.202 [logback-2] WARN  JUnitAnalyzer - Found unstable test named initializationError -> class java.lang.RuntimeException: Cannot find either the compilation target folder nor the EvoSuite jar in classpath: /tmp/EvoSuite_pathingJar7181988061901718143.jar
Going to execute: handleTestsThatAreUnstable
* Compiling Tests
[MASTER] 06:47:21.274 [logback-2] WARN  AgentLoader - Failed to find EvoSuite jar in current classloader. URLs of classloader:
file:/root/.sdkman/candidates/java/8.0.333.fx-librca/jre/../lib/tools.jar
file:/root/.sdkman/candidates/java/8.0.333.fx-librca/jre/lib/ext/cldrdata.jar
file:/root/.sdkman/candidates/java/8.0.333.fx-librca/jre/lib/ext/sunec.jar
file:/root/.sdkman/candidates/java/8.0.333.fx-librca/jre/lib/ext/localedata.jar
file:/root/.sdkman/candidates/java/8.0.333.fx-librca/jre/lib/ext/jaccess.jar
file:/tmp/EvoSuite_pathingJar7181988061901718143.jar
file:/root/.sdkman/candidates/java/8.0.333.fx-librca/jre/lib/ext/dnsns.jar
file:/root/.sdkman/candidates/java/8.0.333.fx-librca/jre/lib/ext/sunpkcs11.jar
file:/root/.sdkman/candidates/java/8.0.333.fx-librca/jre/lib/ext/zipfs.jar
file:/root/.sdkman/candidates/java/8.0.333.fx-librca/jre/lib/ext/jfxrt.jar
file:/root/.sdkman/candidates/java/8.0.333.fx-librca/jre/lib/ext/sunjce_provider.jar
file:/root/.sdkman/candidates/java/8.0.333.fx-librca/jre/lib/ext/nashorn.jar
[MASTER] 06:47:21.275 [logback-2] WARN  JUnitAnalyzer - Found unstable test named initializationError -> class java.lang.RuntimeException: Cannot find either the compilation target folder nor the EvoSuite jar in classpath: /tmp/EvoSuite_pathingJar7181988061901718143.jar
Going to execute: handleTestsThatAreUnstable
* Compiling Tests
[MASTER] 06:47:21.436 [logback-2] WARN  AgentLoader - Failed to find EvoSuite jar in current classloader. URLs of classloader:
file:/root/.sdkman/candidates/java/8.0.333.fx-librca/jre/../lib/tools.jar
file:/root/.sdkman/candidates/java/8.0.333.fx-librca/jre/lib/ext/cldrdata.jar
file:/root/.sdkman/candidates/java/8.0.333.fx-librca/jre/lib/ext/sunec.jar
file:/root/.sdkman/candidates/java/8.0.333.fx-librca/jre/lib/ext/localedata.jar
file:/root/.sdkman/candidates/java/8.0.333.fx-librca/jre/lib/ext/jaccess.jar
file:/tmp/EvoSuite_pathingJar7181988061901718143.jar
file:/root/.sdkman/candidates/java/8.0.333.fx-librca/jre/lib/ext/dnsns.jar
file:/root/.sdkman/candidates/java/8.0.333.fx-librca/jre/lib/ext/sunpkcs11.jar
file:/root/.sdkman/candidates/java/8.0.333.fx-librca/jre/lib/ext/zipfs.jar
file:/root/.sdkman/candidates/java/8.0.333.fx-librca/jre/lib/ext/jfxrt.jar
file:/root/.sdkman/candidates/java/8.0.333.fx-librca/jre/lib/ext/sunjce_provider.jar
file:/root/.sdkman/candidates/java/8.0.333.fx-librca/jre/lib/ext/nashorn.jar
[MASTER] 06:47:21.437 [logback-2] WARN  JUnitAnalyzer - Found unstable test named initializationError -> class java.lang.RuntimeException: Cannot find either the compilation target folder nor the EvoSuite jar in classpath: /tmp/EvoSuite_pathingJar7181988061901718143.jar
Going to execute: handleTestsThatAreUnstable
* Compiling Tests
[MASTER] 06:47:21.566 [logback-2] WARN  AgentLoader - Failed to find EvoSuite jar in current classloader. URLs of classloader:
file:/root/.sdkman/candidates/java/8.0.333.fx-librca/jre/../lib/tools.jar
file:/root/.sdkman/candidates/java/8.0.333.fx-librca/jre/lib/ext/cldrdata.jar
file:/root/.sdkman/candidates/java/8.0.333.fx-librca/jre/lib/ext/sunec.jar
file:/root/.sdkman/candidates/java/8.0.333.fx-librca/jre/lib/ext/localedata.jar
file:/root/.sdkman/candidates/java/8.0.333.fx-librca/jre/lib/ext/jaccess.jar
file:/tmp/EvoSuite_pathingJar7181988061901718143.jar
file:/root/.sdkman/candidates/java/8.0.333.fx-librca/jre/lib/ext/dnsns.jar
file:/root/.sdkman/candidates/java/8.0.333.fx-librca/jre/lib/ext/sunpkcs11.jar
file:/root/.sdkman/candidates/java/8.0.333.fx-librca/jre/lib/ext/zipfs.jar
file:/root/.sdkman/candidates/java/8.0.333.fx-librca/jre/lib/ext/jfxrt.jar
file:/root/.sdkman/candidates/java/8.0.333.fx-librca/jre/lib/ext/sunjce_provider.jar
file:/root/.sdkman/candidates/java/8.0.333.fx-librca/jre/lib/ext/nashorn.jar
[MASTER] 06:47:21.567 [logback-2] WARN  JUnitAnalyzer - Found unstable test named initializationError -> class java.lang.RuntimeException: Cannot find either the compilation target folder nor the EvoSuite jar in classpath: /tmp/EvoSuite_pathingJar7181988061901718143.jar
Going to execute: handleTestsThatAreUnstable
* Compiling Tests
[MASTER] 06:47:21.790 [logback-2] WARN  AgentLoader - Failed to find EvoSuite jar in current classloader. URLs of classloader:
file:/root/.sdkman/candidates/java/8.0.333.fx-librca/jre/../lib/tools.jar
file:/root/.sdkman/candidates/java/8.0.333.fx-librca/jre/lib/ext/cldrdata.jar
file:/root/.sdkman/candidates/java/8.0.333.fx-librca/jre/lib/ext/sunec.jar
file:/root/.sdkman/candidates/java/8.0.333.fx-librca/jre/lib/ext/localedata.jar
file:/root/.sdkman/candidates/java/8.0.333.fx-librca/jre/lib/ext/jaccess.jar
file:/tmp/EvoSuite_pathingJar7181988061901718143.jar
file:/root/.sdkman/candidates/java/8.0.333.fx-librca/jre/lib/ext/dnsns.jar
file:/root/.sdkman/candidates/java/8.0.333.fx-librca/jre/lib/ext/sunpkcs11.jar
file:/root/.sdkman/candidates/java/8.0.333.fx-librca/jre/lib/ext/zipfs.jar
file:/root/.sdkman/candidates/java/8.0.333.fx-librca/jre/lib/ext/jfxrt.jar
file:/root/.sdkman/candidates/java/8.0.333.fx-librca/jre/lib/ext/sunjce_provider.jar
file:/root/.sdkman/candidates/java/8.0.333.fx-librca/jre/lib/ext/nashorn.jar
[MASTER] 06:47:21.791 [logback-2] WARN  JUnitAnalyzer - Found unstable test named initializationError -> class java.lang.RuntimeException: Cannot find either the compilation target folder nor the EvoSuite jar in classpath: /tmp/EvoSuite_pathingJar7181988061901718143.jar
Going to execute: handleTestsThatAreUnstable
* Compiling Tests
[MASTER] 06:47:21.903 [logback-2] WARN  AgentLoader - Failed to find EvoSuite jar in current classloader. URLs of classloader:
file:/root/.sdkman/candidates/java/8.0.333.fx-librca/jre/../lib/tools.jar
file:/root/.sdkman/candidates/java/8.0.333.fx-librca/jre/lib/ext/cldrdata.jar
file:/root/.sdkman/candidates/java/8.0.333.fx-librca/jre/lib/ext/sunec.jar
file:/root/.sdkman/candidates/java/8.0.333.fx-librca/jre/lib/ext/localedata.jar
file:/root/.sdkman/candidates/java/8.0.333.fx-librca/jre/lib/ext/jaccess.jar
file:/tmp/EvoSuite_pathingJar7181988061901718143.jar
file:/root/.sdkman/candidates/java/8.0.333.fx-librca/jre/lib/ext/dnsns.jar
file:/root/.sdkman/candidates/java/8.0.333.fx-librca/jre/lib/ext/sunpkcs11.jar
file:/root/.sdkman/candidates/java/8.0.333.fx-librca/jre/lib/ext/zipfs.jar
file:/root/.sdkman/candidates/java/8.0.333.fx-librca/jre/lib/ext/jfxrt.jar
file:/root/.sdkman/candidates/java/8.0.333.fx-librca/jre/lib/ext/sunjce_provider.jar
file:/root/.sdkman/candidates/java/8.0.333.fx-librca/jre/lib/ext/nashorn.jar
[MASTER] 06:47:21.904 [logback-2] WARN  JUnitAnalyzer - Found unstable test named initializationError -> class java.lang.RuntimeException: Cannot find either the compilation target folder nor the EvoSuite jar in classpath: /tmp/EvoSuite_pathingJar7181988061901718143.jar
Going to execute: handleTestsThatAreUnstable
* Compiling Tests
[MASTER] 06:47:22.036 [logback-2] WARN  AgentLoader - Failed to find EvoSuite jar in current classloader. URLs of classloader:
file:/root/.sdkman/candidates/java/8.0.333.fx-librca/jre/../lib/tools.jar
file:/root/.sdkman/candidates/java/8.0.333.fx-librca/jre/lib/ext/cldrdata.jar
file:/root/.sdkman/candidates/java/8.0.333.fx-librca/jre/lib/ext/sunec.jar
file:/root/.sdkman/candidates/java/8.0.333.fx-librca/jre/lib/ext/localedata.jar
file:/root/.sdkman/candidates/java/8.0.333.fx-librca/jre/lib/ext/jaccess.jar
file:/tmp/EvoSuite_pathingJar7181988061901718143.jar
file:/root/.sdkman/candidates/java/8.0.333.fx-librca/jre/lib/ext/dnsns.jar
file:/root/.sdkman/candidates/java/8.0.333.fx-librca/jre/lib/ext/sunpkcs11.jar
file:/root/.sdkman/candidates/java/8.0.333.fx-librca/jre/lib/ext/zipfs.jar
file:/root/.sdkman/candidates/java/8.0.333.fx-librca/jre/lib/ext/jfxrt.jar
file:/root/.sdkman/candidates/java/8.0.333.fx-librca/jre/lib/ext/sunjce_provider.jar
file:/root/.sdkman/candidates/java/8.0.333.fx-librca/jre/lib/ext/nashorn.jar
[MASTER] 06:47:22.037 [logback-2] WARN  JUnitAnalyzer - Found unstable test named initializationError -> class java.lang.RuntimeException: Cannot find either the compilation target folder nor the EvoSuite jar in classpath: /tmp/EvoSuite_pathingJar7181988061901718143.jar
Going to execute: handleTestsThatAreUnstable
* Compiling Tests
[MASTER] 06:47:22.116 [logback-2] WARN  AgentLoader - Failed to find EvoSuite jar in current classloader. URLs of classloader:
file:/root/.sdkman/candidates/java/8.0.333.fx-librca/jre/../lib/tools.jar
file:/root/.sdkman/candidates/java/8.0.333.fx-librca/jre/lib/ext/cldrdata.jar
file:/root/.sdkman/candidates/java/8.0.333.fx-librca/jre/lib/ext/sunec.jar
file:/root/.sdkman/candidates/java/8.0.333.fx-librca/jre/lib/ext/localedata.jar
file:/root/.sdkman/candidates/java/8.0.333.fx-librca/jre/lib/ext/jaccess.jar
file:/tmp/EvoSuite_pathingJar7181988061901718143.jar
file:/root/.sdkman/candidates/java/8.0.333.fx-librca/jre/lib/ext/dnsns.jar
file:/root/.sdkman/candidates/java/8.0.333.fx-librca/jre/lib/ext/sunpkcs11.jar
file:/root/.sdkman/candidates/java/8.0.333.fx-librca/jre/lib/ext/zipfs.jar
file:/root/.sdkman/candidates/java/8.0.333.fx-librca/jre/lib/ext/jfxrt.jar
file:/root/.sdkman/candidates/java/8.0.333.fx-librca/jre/lib/ext/sunjce_provider.jar
file:/root/.sdkman/candidates/java/8.0.333.fx-librca/jre/lib/ext/nashorn.jar
[MASTER] 06:47:22.117 [logback-2] WARN  JUnitAnalyzer - Found unstable test named initializationError -> class java.lang.RuntimeException: Cannot find either the compilation target folder nor the EvoSuite jar in classpath: /tmp/EvoSuite_pathingJar7181988061901718143.jar
Going to execute: handleTestsThatAreUnstable
* Compiling Tests
Going to execute: handleTestsThatAreUnstable
[MASTER] 06:47:22.241 [logback-2] WARN  AgentLoader - Failed to find EvoSuite jar in current classloader. URLs of classloader:
file:/root/.sdkman/candidates/java/8.0.333.fx-librca/jre/../lib/tools.jar
file:/root/.sdkman/candidates/java/8.0.333.fx-librca/jre/lib/ext/cldrdata.jar
file:/root/.sdkman/candidates/java/8.0.333.fx-librca/jre/lib/ext/sunec.jar
file:/root/.sdkman/candidates/java/8.0.333.fx-librca/jre/lib/ext/localedata.jar
file:/root/.sdkman/candidates/java/8.0.333.fx-librca/jre/lib/ext/jaccess.jar
file:/tmp/EvoSuite_pathingJar7181988061901718143.jar
file:/root/.sdkman/candidates/java/8.0.333.fx-librca/jre/lib/ext/dnsns.jar
file:/root/.sdkman/candidates/java/8.0.333.fx-librca/jre/lib/ext/sunpkcs11.jar
file:/root/.sdkman/candidates/java/8.0.333.fx-librca/jre/lib/ext/zipfs.jar
file:/root/.sdkman/candidates/java/8.0.333.fx-librca/jre/lib/ext/jfxrt.jar
file:/root/.sdkman/candidates/java/8.0.333.fx-librca/jre/lib/ext/sunjce_provider.jar
file:/root/.sdkman/candidates/java/8.0.333.fx-librca/jre/lib/ext/nashorn.jar
[MASTER] 06:47:22.242 [logback-2] WARN  JUnitAnalyzer - Found unstable test named initializationError -> class java.lang.RuntimeException: Cannot find either the compilation target folder nor the EvoSuite jar in classpath: /tmp/EvoSuite_pathingJar7181988061901718143.jar
* Compiling Tests
[MASTER] 06:47:22.332 [logback-2] WARN  AgentLoader - Failed to find EvoSuite jar in current classloader. URLs of classloader:
file:/root/.sdkman/candidates/java/8.0.333.fx-librca/jre/../lib/tools.jar
file:/root/.sdkman/candidates/java/8.0.333.fx-librca/jre/lib/ext/cldrdata.jar
file:/root/.sdkman/candidates/java/8.0.333.fx-librca/jre/lib/ext/sunec.jar
file:/root/.sdkman/candidates/java/8.0.333.fx-librca/jre/lib/ext/localedata.jar
file:/root/.sdkman/candidates/java/8.0.333.fx-librca/jre/lib/ext/jaccess.jar
file:/tmp/EvoSuite_pathingJar7181988061901718143.jar
file:/root/.sdkman/candidates/java/8.0.333.fx-librca/jre/lib/ext/dnsns.jar
file:/root/.sdkman/candidates/java/8.0.333.fx-librca/jre/lib/ext/sunpkcs11.jar
file:/root/.sdkman/candidates/java/8.0.333.fx-librca/jre/lib/ext/zipfs.jar
file:/root/.sdkman/candidates/java/8.0.333.fx-librca/jre/lib/ext/jfxrt.jar
file:/root/.sdkman/candidates/java/8.0.333.fx-librca/jre/lib/ext/sunjce_provider.jar
file:/root/.sdkman/candidates/java/8.0.333.fx-librca/jre/lib/ext/nashorn.jar
[MASTER] 06:47:22.333 [logback-2] WARN  JUnitAnalyzer - Found unstable test named initializationError -> class java.lang.RuntimeException: Cannot find either the compilation target folder nor the EvoSuite jar in classpath: /tmp/EvoSuite_pathingJar7181988061901718143.jar
Going to execute: handleTestsThatAreUnstable
* Compiling Tests
[MASTER] 06:47:22.469 [logback-2] WARN  AgentLoader - Failed to find EvoSuite jar in current classloader. URLs of classloader:
file:/root/.sdkman/candidates/java/8.0.333.fx-librca/jre/../lib/tools.jar
file:/root/.sdkman/candidates/java/8.0.333.fx-librca/jre/lib/ext/cldrdata.jar
file:/root/.sdkman/candidates/java/8.0.333.fx-librca/jre/lib/ext/sunec.jar
file:/root/.sdkman/candidates/java/8.0.333.fx-librca/jre/lib/ext/localedata.jar
file:/root/.sdkman/candidates/java/8.0.333.fx-librca/jre/lib/ext/jaccess.jar
file:/tmp/EvoSuite_pathingJar7181988061901718143.jar
file:/root/.sdkman/candidates/java/8.0.333.fx-librca/jre/lib/ext/dnsns.jar
file:/root/.sdkman/candidates/java/8.0.333.fx-librca/jre/lib/ext/sunpkcs11.jar
file:/root/.sdkman/candidates/java/8.0.333.fx-librca/jre/lib/ext/zipfs.jar
file:/root/.sdkman/candidates/java/8.0.333.fx-librca/jre/lib/ext/jfxrt.jar
file:/root/.sdkman/candidates/java/8.0.333.fx-librca/jre/lib/ext/sunjce_provider.jar
file:/root/.sdkman/candidates/java/8.0.333.fx-librca/jre/lib/ext/nashorn.jar
[MASTER] 06:47:22.469 [logback-2] WARN  JUnitAnalyzer - Found unstable test named initializationError -> class java.lang.RuntimeException: Cannot find either the compilation target folder nor the EvoSuite jar in classpath: /tmp/EvoSuite_pathingJar7181988061901718143.jar
Going to execute: handleTestsThatAreUnstable
* Compiling Tests
[MASTER] 06:47:22.572 [logback-2] WARN  AgentLoader - Failed to find EvoSuite jar in current classloader. URLs of classloader:
file:/root/.sdkman/candidates/java/8.0.333.fx-librca/jre/../lib/tools.jar
file:/root/.sdkman/candidates/java/8.0.333.fx-librca/jre/lib/ext/cldrdata.jar
file:/root/.sdkman/candidates/java/8.0.333.fx-librca/jre/lib/ext/sunec.jar
file:/root/.sdkman/candidates/java/8.0.333.fx-librca/jre/lib/ext/localedata.jar
file:/root/.sdkman/candidates/java/8.0.333.fx-librca/jre/lib/ext/jaccess.jar
file:/tmp/EvoSuite_pathingJar7181988061901718143.jar
file:/root/.sdkman/candidates/java/8.0.333.fx-librca/jre/lib/ext/dnsns.jar
file:/root/.sdkman/candidates/java/8.0.333.fx-librca/jre/lib/ext/sunpkcs11.jar
file:/root/.sdkman/candidates/java/8.0.333.fx-librca/jre/lib/ext/zipfs.jar
file:/root/.sdkman/candidates/java/8.0.333.fx-librca/jre/lib/ext/jfxrt.jar
file:/root/.sdkman/candidates/java/8.0.333.fx-librca/jre/lib/ext/sunjce_provider.jar
file:/root/.sdkman/candidates/java/8.0.333.fx-librca/jre/lib/ext/nashorn.jar
[MASTER] 06:47:22.573 [logback-2] WARN  JUnitAnalyzer - Found unstable test named initializationError -> class java.lang.RuntimeException: Cannot find either the compilation target folder nor the EvoSuite jar in classpath: /tmp/EvoSuite_pathingJar7181988061901718143.jar
Going to execute: handleTestsThatAreUnstable
* Compiling Tests
[MASTER] 06:47:22.742 [logback-2] WARN  AgentLoader - Failed to find EvoSuite jar in current classloader. URLs of classloader:
file:/root/.sdkman/candidates/java/8.0.333.fx-librca/jre/../lib/tools.jar
file:/root/.sdkman/candidates/java/8.0.333.fx-librca/jre/lib/ext/cldrdata.jar
file:/root/.sdkman/candidates/java/8.0.333.fx-librca/jre/lib/ext/sunec.jar
file:/root/.sdkman/candidates/java/8.0.333.fx-librca/jre/lib/ext/localedata.jar
file:/root/.sdkman/candidates/java/8.0.333.fx-librca/jre/lib/ext/jaccess.jar
file:/tmp/EvoSuite_pathingJar7181988061901718143.jar
file:/root/.sdkman/candidates/java/8.0.333.fx-librca/jre/lib/ext/dnsns.jar
file:/root/.sdkman/candidates/java/8.0.333.fx-librca/jre/lib/ext/sunpkcs11.jar
file:/root/.sdkman/candidates/java/8.0.333.fx-librca/jre/lib/ext/zipfs.jar
file:/root/.sdkman/candidates/java/8.0.333.fx-librca/jre/lib/ext/jfxrt.jar
file:/root/.sdkman/candidates/java/8.0.333.fx-librca/jre/lib/ext/sunjce_provider.jar
file:/root/.sdkman/candidates/java/8.0.333.fx-librca/jre/lib/ext/nashorn.jar
Going to execute: handleTestsThatAreUnstable
[MASTER] 06:47:22.747 [logback-2] WARN  JUnitAnalyzer - Found unstable test named initializationError -> class java.lang.RuntimeException: Cannot find either the compilation target folder nor the EvoSuite jar in classpath: /tmp/EvoSuite_pathingJar7181988061901718143.jar
* Compiling Tests
Going to execute: handleTestsThatAreUnstable
[MASTER] 06:47:22.923 [logback-2] WARN  AgentLoader - Failed to find EvoSuite jar in current classloader. URLs of classloader:
file:/root/.sdkman/candidates/java/8.0.333.fx-librca/jre/../lib/tools.jar
file:/root/.sdkman/candidates/java/8.0.333.fx-librca/jre/lib/ext/cldrdata.jar
file:/root/.sdkman/candidates/java/8.0.333.fx-librca/jre/lib/ext/sunec.jar
file:/root/.sdkman/candidates/java/8.0.333.fx-librca/jre/lib/ext/localedata.jar
file:/root/.sdkman/candidates/java/8.0.333.fx-librca/jre/lib/ext/jaccess.jar
file:/tmp/EvoSuite_pathingJar7181988061901718143.jar
file:/root/.sdkman/candidates/java/8.0.333.fx-librca/jre/lib/ext/dnsns.jar
file:/root/.sdkman/candidates/java/8.0.333.fx-librca/jre/lib/ext/sunpkcs11.jar
file:/root/.sdkman/candidates/java/8.0.333.fx-librca/jre/lib/ext/zipfs.jar
file:/root/.sdkman/candidates/java/8.0.333.fx-librca/jre/lib/ext/jfxrt.jar
file:/root/.sdkman/candidates/java/8.0.333.fx-librca/jre/lib/ext/sunjce_provider.jar
file:/root/.sdkman/candidates/java/8.0.333.fx-librca/jre/lib/ext/nashorn.jar
[MASTER] 06:47:22.923 [logback-2] WARN  JUnitAnalyzer - Found unstable test named initializationError -> class java.lang.RuntimeException: Cannot find either the compilation target folder nor the EvoSuite jar in classpath: /tmp/EvoSuite_pathingJar7181988061901718143.jar
* Compiling Tests
[MASTER] 06:47:23.039 [logback-2] WARN  AgentLoader - Failed to find EvoSuite jar in current classloader. URLs of classloader:
file:/root/.sdkman/candidates/java/8.0.333.fx-librca/jre/../lib/tools.jar
file:/root/.sdkman/candidates/java/8.0.333.fx-librca/jre/lib/ext/cldrdata.jar
file:/root/.sdkman/candidates/java/8.0.333.fx-librca/jre/lib/ext/sunec.jar
file:/root/.sdkman/candidates/java/8.0.333.fx-librca/jre/lib/ext/localedata.jar
file:/root/.sdkman/candidates/java/8.0.333.fx-librca/jre/lib/ext/jaccess.jar
file:/tmp/EvoSuite_pathingJar7181988061901718143.jar
file:/root/.sdkman/candidates/java/8.0.333.fx-librca/jre/lib/ext/dnsns.jar
file:/root/.sdkman/candidates/java/8.0.333.fx-librca/jre/lib/ext/sunpkcs11.jar
file:/root/.sdkman/candidates/java/8.0.333.fx-librca/jre/lib/ext/zipfs.jar
file:/root/.sdkman/candidates/java/8.0.333.fx-librca/jre/lib/ext/jfxrt.jar
file:/root/.sdkman/candidates/java/8.0.333.fx-librca/jre/lib/ext/sunjce_provider.jar
file:/root/.sdkman/candidates/java/8.0.333.fx-librca/jre/lib/ext/nashorn.jar
[MASTER] 06:47:23.040 [logback-2] WARN  JUnitAnalyzer - Found unstable test named initializationError -> class java.lang.RuntimeException: Cannot find either the compilation target folder nor the EvoSuite jar in classpath: /tmp/EvoSuite_pathingJar7181988061901718143.jar
Going to execute: handleTestsThatAreUnstable
* Compiling Tests
** Write a test suite: 0 called: 0 to improve: false
Going to execute: handleTestsThatAreUnstable
* Compiling Tests
[MASTER] 06:47:23.146 [logback-2] WARN  AgentLoader - Failed to find EvoSuite jar in current classloader. URLs of classloader:
file:/root/.sdkman/candidates/java/8.0.333.fx-librca/jre/../lib/tools.jar
file:/root/.sdkman/candidates/java/8.0.333.fx-librca/jre/lib/ext/cldrdata.jar
file:/root/.sdkman/candidates/java/8.0.333.fx-librca/jre/lib/ext/sunec.jar
file:/root/.sdkman/candidates/java/8.0.333.fx-librca/jre/lib/ext/localedata.jar
file:/root/.sdkman/candidates/java/8.0.333.fx-librca/jre/lib/ext/jaccess.jar
file:/tmp/EvoSuite_pathingJar7181988061901718143.jar
file:/root/.sdkman/candidates/java/8.0.333.fx-librca/jre/lib/ext/dnsns.jar
file:/root/.sdkman/candidates/java/8.0.333.fx-librca/jre/lib/ext/sunpkcs11.jar
file:/root/.sdkman/candidates/java/8.0.333.fx-librca/jre/lib/ext/zipfs.jar
file:/root/.sdkman/candidates/java/8.0.333.fx-librca/jre/lib/ext/jfxrt.jar
file:/root/.sdkman/candidates/java/8.0.333.fx-librca/jre/lib/ext/sunjce_provider.jar
file:/root/.sdkman/candidates/java/8.0.333.fx-librca/jre/lib/ext/nashorn.jar
[MASTER] 06:47:23.147 [logback-2] WARN  JUnitAnalyzer - Found unstable test named initializationError -> class java.lang.RuntimeException: Cannot find either the compilation target folder nor the EvoSuite jar in classpath: /tmp/EvoSuite_pathingJar7181988061901718143.jar
** Write a test suite: 0 called: 0 to improve: false
[MASTER] 06:47:23.297 [logback-2] WARN  AgentLoader - Failed to find EvoSuite jar in current classloader. URLs of classloader:
file:/root/.sdkman/candidates/java/8.0.333.fx-librca/jre/../lib/tools.jar
file:/root/.sdkman/candidates/java/8.0.333.fx-librca/jre/lib/ext/cldrdata.jar
file:/root/.sdkman/candidates/java/8.0.333.fx-librca/jre/lib/ext/sunec.jar
file:/root/.sdkman/candidates/java/8.0.333.fx-librca/jre/lib/ext/localedata.jar
file:/root/.sdkman/candidates/java/8.0.333.fx-librca/jre/lib/ext/jaccess.jar
file:/tmp/EvoSuite_pathingJar7181988061901718143.jar
file:/root/.sdkman/candidates/java/8.0.333.fx-librca/jre/lib/ext/dnsns.jar
file:/root/.sdkman/candidates/java/8.0.333.fx-librca/jre/lib/ext/sunpkcs11.jar
file:/root/.sdkman/candidates/java/8.0.333.fx-librca/jre/lib/ext/zipfs.jar
file:/root/.sdkman/candidates/java/8.0.333.fx-librca/jre/lib/ext/jfxrt.jar
file:/root/.sdkman/candidates/java/8.0.333.fx-librca/jre/lib/ext/sunjce_provider.jar
file:/root/.sdkman/candidates/java/8.0.333.fx-librca/jre/lib/ext/nashorn.jar
Going to execute: handleTestsThatAreUnstable
[MASTER] 06:47:23.300 [logback-2] WARN  JUnitAnalyzer - Found unstable test named initializationError -> class java.lang.RuntimeException: Cannot find either the compilation target folder nor the EvoSuite jar in classpath: /tmp/EvoSuite_pathingJar7181988061901718143.jar
* Compiling Tests
[MASTER] 06:47:23.465 [logback-2] WARN  AgentLoader - Failed to find EvoSuite jar in current classloader. URLs of classloader:
file:/root/.sdkman/candidates/java/8.0.333.fx-librca/jre/../lib/tools.jar
file:/root/.sdkman/candidates/java/8.0.333.fx-librca/jre/lib/ext/cldrdata.jar
file:/root/.sdkman/candidates/java/8.0.333.fx-librca/jre/lib/ext/sunec.jar
file:/root/.sdkman/candidates/java/8.0.333.fx-librca/jre/lib/ext/localedata.jar
file:/root/.sdkman/candidates/java/8.0.333.fx-librca/jre/lib/ext/jaccess.jar
file:/tmp/EvoSuite_pathingJar7181988061901718143.jar
file:/root/.sdkman/candidates/java/8.0.333.fx-librca/jre/lib/ext/dnsns.jar
file:/root/.sdkman/candidates/java/8.0.333.fx-librca/jre/lib/ext/sunpkcs11.jar
file:/root/.sdkman/candidates/java/8.0.333.fx-librca/jre/lib/ext/zipfs.jar
file:/root/.sdkman/candidates/java/8.0.333.fx-librca/jre/lib/ext/jfxrt.jar
file:/root/.sdkman/candidates/java/8.0.333.fx-librca/jre/lib/ext/sunjce_provider.jar
file:/root/.sdkman/candidates/java/8.0.333.fx-librca/jre/lib/ext/nashorn.jar
[MASTER] 06:47:23.466 [logback-2] WARN  JUnitAnalyzer - Found unstable test named initializationError -> class java.lang.RuntimeException: Cannot find either the compilation target folder nor the EvoSuite jar in classpath: /tmp/EvoSuite_pathingJar7181988061901718143.jar
Going to execute: handleTestsThatAreUnstable
* Compiling Tests
[MASTER] 06:47:23.597 [logback-2] WARN  AgentLoader - Failed to find EvoSuite jar in current classloader. URLs of classloader:
file:/root/.sdkman/candidates/java/8.0.333.fx-librca/jre/../lib/tools.jar
file:/root/.sdkman/candidates/java/8.0.333.fx-librca/jre/lib/ext/cldrdata.jar
file:/root/.sdkman/candidates/java/8.0.333.fx-librca/jre/lib/ext/sunec.jar
file:/root/.sdkman/candidates/java/8.0.333.fx-librca/jre/lib/ext/localedata.jar
file:/root/.sdkman/candidates/java/8.0.333.fx-librca/jre/lib/ext/jaccess.jar
file:/tmp/EvoSuite_pathingJar7181988061901718143.jar
file:/root/.sdkman/candidates/java/8.0.333.fx-librca/jre/lib/ext/dnsns.jar
file:/root/.sdkman/candidates/java/8.0.333.fx-librca/jre/lib/ext/sunpkcs11.jar
file:/root/.sdkman/candidates/java/8.0.333.fx-librca/jre/lib/ext/zipfs.jar
file:/root/.sdkman/candidates/java/8.0.333.fx-librca/jre/lib/ext/jfxrt.jar
file:/root/.sdkman/candidates/java/8.0.333.fx-librca/jre/lib/ext/sunjce_provider.jar
file:/root/.sdkman/candidates/java/8.0.333.fx-librca/jre/lib/ext/nashorn.jar
[MASTER] 06:47:23.598 [logback-2] WARN  JUnitAnalyzer - Found unstable test named initializationError -> class java.lang.RuntimeException: Cannot find either the compilation target folder nor the EvoSuite jar in classpath: /tmp/EvoSuite_pathingJar7181988061901718143.jar
Going to execute: handleTestsThatAreUnstable
* Compiling Tests
Going to execute: handleTestsThatAreUnstable
[MASTER] 06:47:23.713 [logback-2] WARN  AgentLoader - Failed to find EvoSuite jar in current classloader. URLs of classloader:
file:/root/.sdkman/candidates/java/8.0.333.fx-librca/jre/../lib/tools.jar
file:/root/.sdkman/candidates/java/8.0.333.fx-librca/jre/lib/ext/cldrdata.jar
file:/root/.sdkman/candidates/java/8.0.333.fx-librca/jre/lib/ext/sunec.jar
file:/root/.sdkman/candidates/java/8.0.333.fx-librca/jre/lib/ext/localedata.jar
file:/root/.sdkman/candidates/java/8.0.333.fx-librca/jre/lib/ext/jaccess.jar
file:/tmp/EvoSuite_pathingJar7181988061901718143.jar
file:/root/.sdkman/candidates/java/8.0.333.fx-librca/jre/lib/ext/dnsns.jar
file:/root/.sdkman/candidates/java/8.0.333.fx-librca/jre/lib/ext/sunpkcs11.jar
file:/root/.sdkman/candidates/java/8.0.333.fx-librca/jre/lib/ext/zipfs.jar
file:/root/.sdkman/candidates/java/8.0.333.fx-librca/jre/lib/ext/jfxrt.jar
file:/root/.sdkman/candidates/java/8.0.333.fx-librca/jre/lib/ext/sunjce_provider.jar
file:/root/.sdkman/candidates/java/8.0.333.fx-librca/jre/lib/ext/nashorn.jar
[MASTER] 06:47:23.715 [logback-2] WARN  JUnitAnalyzer - Found unstable test named initializationError -> class java.lang.RuntimeException: Cannot find either the compilation target folder nor the EvoSuite jar in classpath: /tmp/EvoSuite_pathingJar7181988061901718143.jar
* Compiling Tests
[MASTER] 06:47:23.910 [logback-2] WARN  AgentLoader - Failed to find EvoSuite jar in current classloader. URLs of classloader:
file:/root/.sdkman/candidates/java/8.0.333.fx-librca/jre/../lib/tools.jar
file:/root/.sdkman/candidates/java/8.0.333.fx-librca/jre/lib/ext/cldrdata.jar
file:/root/.sdkman/candidates/java/8.0.333.fx-librca/jre/lib/ext/sunec.jar
file:/root/.sdkman/candidates/java/8.0.333.fx-librca/jre/lib/ext/localedata.jar
file:/root/.sdkman/candidates/java/8.0.333.fx-librca/jre/lib/ext/jaccess.jar
file:/tmp/EvoSuite_pathingJar7181988061901718143.jar
file:/root/.sdkman/candidates/java/8.0.333.fx-librca/jre/lib/ext/dnsns.jar
file:/root/.sdkman/candidates/java/8.0.333.fx-librca/jre/lib/ext/sunpkcs11.jar
file:/root/.sdkman/candidates/java/8.0.333.fx-librca/jre/lib/ext/zipfs.jar
file:/root/.sdkman/candidates/java/8.0.333.fx-librca/jre/lib/ext/jfxrt.jar
file:/root/.sdkman/candidates/java/8.0.333.fx-librca/jre/lib/ext/sunjce_provider.jar
file:/root/.sdkman/candidates/java/8.0.333.fx-librca/jre/lib/ext/nashorn.jar
[MASTER] 06:47:23.910 [logback-2] WARN  JUnitAnalyzer - Found unstable test named initializationError -> class java.lang.RuntimeException: Cannot find either the compilation target folder nor the EvoSuite jar in classpath: /tmp/EvoSuite_pathingJar7181988061901718143.jar
Going to execute: handleTestsThatAreUnstable
* Compiling Tests
** Write a test suite: 0 called: 0 to improve: false
[MASTER] 06:47:24.067 [logback-2] WARN  AgentLoader - Failed to find EvoSuite jar in current classloader. URLs of classloader:
file:/root/.sdkman/candidates/java/8.0.333.fx-librca/jre/../lib/tools.jar
file:/root/.sdkman/candidates/java/8.0.333.fx-librca/jre/lib/ext/cldrdata.jar
file:/root/.sdkman/candidates/java/8.0.333.fx-librca/jre/lib/ext/sunec.jar
file:/root/.sdkman/candidates/java/8.0.333.fx-librca/jre/lib/ext/localedata.jar
file:/root/.sdkman/candidates/java/8.0.333.fx-librca/jre/lib/ext/jaccess.jar
file:/tmp/EvoSuite_pathingJar7181988061901718143.jar
file:/root/.sdkman/candidates/java/8.0.333.fx-librca/jre/lib/ext/dnsns.jar
file:/root/.sdkman/candidates/java/8.0.333.fx-librca/jre/lib/ext/sunpkcs11.jar
file:/root/.sdkman/candidates/java/8.0.333.fx-librca/jre/lib/ext/zipfs.jar
file:/root/.sdkman/candidates/java/8.0.333.fx-librca/jre/lib/ext/jfxrt.jar
file:/root/.sdkman/candidates/java/8.0.333.fx-librca/jre/lib/ext/sunjce_provider.jar
file:/root/.sdkman/candidates/java/8.0.333.fx-librca/jre/lib/ext/nashorn.jar
[MASTER] 06:47:24.068 [logback-2] WARN  JUnitAnalyzer - Found unstable test named initializationError -> class java.lang.RuntimeException: Cannot find either the compilation target folder nor the EvoSuite jar in classpath: /tmp/EvoSuite_pathingJar7181988061901718143.jar
Going to execute: handleTestsThatAreUnstable
* Compiling Tests
** Write a test suite: 18 called: 0 to improve: false
** Write a test suite: 19 called: 1 to improve: false
** Write a test suite: 24 called: 2 to improve: false
[MASTER] 06:47:25.062 [logback-2] WARN  AgentLoader - Failed to find EvoSuite jar in current classloader. URLs of classloader:
file:/root/.sdkman/candidates/java/8.0.333.fx-librca/jre/../lib/tools.jar
file:/root/.sdkman/candidates/java/8.0.333.fx-librca/jre/lib/ext/cldrdata.jar
file:/root/.sdkman/candidates/java/8.0.333.fx-librca/jre/lib/ext/sunec.jar
file:/root/.sdkman/candidates/java/8.0.333.fx-librca/jre/lib/ext/localedata.jar
file:/root/.sdkman/candidates/java/8.0.333.fx-librca/jre/lib/ext/jaccess.jar
file:/tmp/EvoSuite_pathingJar7181988061901718143.jar
file:/root/.sdkman/candidates/java/8.0.333.fx-librca/jre/lib/ext/dnsns.jar
file:/root/.sdkman/candidates/java/8.0.333.fx-librca/jre/lib/ext/sunpkcs11.jar
file:/root/.sdkman/candidates/java/8.0.333.fx-librca/jre/lib/ext/zipfs.jar
file:/root/.sdkman/candidates/java/8.0.333.fx-librca/jre/lib/ext/jfxrt.jar
file:/root/.sdkman/candidates/java/8.0.333.fx-librca/jre/lib/ext/sunjce_provider.jar
file:/root/.sdkman/candidates/java/8.0.333.fx-librca/jre/lib/ext/nashorn.jar
[MASTER] 06:47:25.063 [logback-2] WARN  JUnitAnalyzer - Found unstable test named initializationError -> class java.lang.RuntimeException: Cannot find either the compilation target folder nor the EvoSuite jar in classpath: /tmp/EvoSuite_pathingJar7181988061901718143.jar
Going to execute: handleTestsThatAreUnstable
* Compiling Tests
** Write a test suite: 0 called: 0 to improve: false
** Write a test suite: 5 called: 1 to improve: false
** Write a test suite: 6 called: 2 to improve: false
[MASTER] 06:47:25.835 [logback-2] WARN  AgentLoader - Failed to find EvoSuite jar in current classloader. URLs of classloader:
file:/root/.sdkman/candidates/java/8.0.333.fx-librca/jre/../lib/tools.jar
file:/root/.sdkman/candidates/java/8.0.333.fx-librca/jre/lib/ext/cldrdata.jar
file:/root/.sdkman/candidates/java/8.0.333.fx-librca/jre/lib/ext/sunec.jar
file:/root/.sdkman/candidates/java/8.0.333.fx-librca/jre/lib/ext/localedata.jar
file:/root/.sdkman/candidates/java/8.0.333.fx-librca/jre/lib/ext/jaccess.jar
file:/tmp/EvoSuite_pathingJar7181988061901718143.jar
file:/root/.sdkman/candidates/java/8.0.333.fx-librca/jre/lib/ext/dnsns.jar
file:/root/.sdkman/candidates/java/8.0.333.fx-librca/jre/lib/ext/sunpkcs11.jar
file:/root/.sdkman/candidates/java/8.0.333.fx-librca/jre/lib/ext/zipfs.jar
file:/root/.sdkman/candidates/java/8.0.333.fx-librca/jre/lib/ext/jfxrt.jar
file:/root/.sdkman/candidates/java/8.0.333.fx-librca/jre/lib/ext/sunjce_provider.jar
file:/root/.sdkman/candidates/java/8.0.333.fx-librca/jre/lib/ext/nashorn.jar
[MASTER] 06:47:25.836 [logback-2] WARN  JUnitAnalyzer - Found unstable test named initializationError -> class java.lang.RuntimeException: Cannot find either the compilation target folder nor the EvoSuite jar in classpath: /tmp/EvoSuite_pathingJar7181988061901718143.jar
[MASTER] 06:47:26.575 [logback-2] WARN  TimeController - Already entered in phase: INLINING. This will mess up the timing calculations.
* test suite isTestSuite: 26
Test 0: 
JSJshop jSJshop = new JSJshop();
jSJshop.getTree();
Test 1: 
JSJshop jSJshop = new JSJshop();
// Undeclared exception!
try { 
  jSJshop.getAppletURL("*_E", (JApplet) null);
  fail("Expecting exception: NullPointerException");

} catch(NullPointerException e) {
   //
   // no message in exception (getMessage() returned null)
   //
   verifyException("umd.cs.shop.JSJshop", e);
}

Test 2: 
JSTaskAtom jSTaskAtom = new JSTaskAtom();
JSJshop jSJshop = null;
try {
  jSJshop = new JSJshop("List of tasks", jSTaskAtom);
  fail("Expecting exception: NullPointerException");

} catch(NullPointerException e) {
   //
   // no message in exception (getMessage() returned null)
   //
   verifyException("umd.cs.shop.JSJshop", e);
}

Test 3: 
JSJshop jSJshop = new JSJshop();
jSJshop.getSolution();
Test 4: 
JSJshop jSJshop = new JSJshop();
jSJshop.sol();
Test 5: 
JSJshop jSJshop = new JSJshop();
jSJshop.tree();
Test 6: 
JSJshop jSJshop = new JSJshop();
jSJshop.prob();
Test 7: 
JSJshop jSJshop = new JSJshop();
jSJshop.dom();
Test 8: 
String[] stringArray = new String[0];
JSJshop.main(stringArray);
Test 9: 
String[] stringArray = new String[6];
JSJshop.main(stringArray);
Test 10: 
String[] stringArray = new String[3];
JSJshop.main(stringArray);
Test 11: 
String[] stringArray = new String[3];
stringArray[2] = "one";
// Undeclared exception!
try { 
  JSJshop.main(stringArray);
  fail("Expecting exception: NullPointerException");

} catch(NullPointerException e) {
   //
   // no message in exception (getMessage() returned null)
   //
   verifyException("org.evosuite.runtime.mock.java.io.MockFileInputStream", e);
}

Test 12: 
String[] stringArray = new String[3];
stringArray[2] = "all";
// Undeclared exception!
try { 
  JSJshop.main(stringArray);
  fail("Expecting exception: NullPointerException");

} catch(NullPointerException e) {
   //
   // no message in exception (getMessage() returned null)
   //
   verifyException("org.evosuite.runtime.mock.java.io.MockFileInputStream", e);
}

Test 13: 
JSJshop jSJshop = new JSJshop();
jSJshop.getAddList();
Test 14: 
JSJshop jSJshop = new JSJshop();
jSJshop.getDeleteList();
Test 15: 
EvoSuiteFile evoSuiteFile = new EvoSuiteFile("farp.shp");
FileSystemHandling.appendStringToFile(evoSuiteFile, "`:lGzP(");
JSJshop jSJshop = new JSJshop();
jSJshop.testParser();
Test 16: 
EvoSuiteFile evoSuiteFile = new EvoSuiteFile("farp.shp");
FileSystemHandling.appendStringToFile(evoSuiteFile, "Ut=?|voL$mJ");
JSJshop jSJshop = new JSJshop();
jSJshop.testParser();
Test 17: 
EvoSuiteFile evoSuiteFile = new EvoSuiteFile("WvPRdqIJTU_gL?");
byte[] byteArray = new byte[5];
FileSystemHandling.appendDataToFile(evoSuiteFile, byteArray);
String[] stringArray = new String[2];
stringArray[0] = "WvPRdqIJTU_gL?";
// Undeclared exception!
try { 
  JSJshop.main(stringArray);
  fail("Expecting exception: System.SystemExitException");

} catch(System.SystemExitException e) {
   //
   // no message in exception (getMessage() returned null)
   //
   verifyException("org.evosuite.runtime.System", e);
}

Test 18: 
JSJshop jSJshop = new JSJshop();
jSJshop.getBufferedReader("`:lGzP(", "`:lGzP(", (JApplet) null);
Test 19: 
JSJshop jSJshop = new JSJshop();
jSJshop.getBufferedReader("| ", (String) null, (JApplet) null);
Test 20: 
JSJshop jSJshop = null;
try {
  jSJshop = new JSJshop("? ", "? ");
  fail("Expecting exception: System.SystemExitException");

} catch(System.SystemExitException e) {
   //
   // no message in exception (getMessage() returned null)
   //
   verifyException("org.evosuite.runtime.System", e);
}

Test 21: 
EvoSuiteFile evoSuiteFile = new EvoSuiteFile("farp.shp");
FileSystemHandling.appendStringToFile(evoSuiteFile, "!4");
JSJshop jSJshop = new JSJshop();
jSJshop.testParser();
Test 22: 
EvoSuiteFile evoSuiteFile = new EvoSuiteFile("farp.shp");
FileSystemHandling.appendStringToFile(evoSuiteFile, "ragb>%jmq<n-|s)wma");
JSJshop jSJshop = new JSJshop();
jSJshop.testParser();
Test 23: 
JSJshop jSJshop = new JSJshop();
StringReader stringReader = new StringReader("xB11x]K_';U/1k.");
StreamTokenizer streamTokenizer = new StreamTokenizer(stringReader);
// Undeclared exception!
try { 
  jSJshop.processToken(streamTokenizer);
  fail("Expecting exception: Error");

} catch(Error e) {
   //
   // no message in exception (getMessage() returned null)
   //
   verifyException("umd.cs.shop.JSJshop", e);
}

Test 24: 
JSJshop jSJshop = new JSJshop();
jSJshop.parserFile("(%s6\u0005gkXm#;");
Test 25: 
JSJshop jSJshop = new JSJshop();
// Undeclared exception!
try { 
  jSJshop.testParser();
  fail("Expecting exception: System.SystemExitException");

} catch(System.SystemExitException e) {
   //
   // no message in exception (getMessage() returned null)
   //
   verifyException("org.evosuite.runtime.System", e);
}


* Minimizing test suite
* test suite isTestSuite: 26
Test 0: 
JSJshop jSJshop = new JSJshop();
jSJshop.getTree();
Test 1: 
JSJshop jSJshop = new JSJshop();
// Undeclared exception!
try { 
  jSJshop.getAppletURL("*_E", (JApplet) null);
  fail("Expecting exception: NullPointerException");

} catch(NullPointerException e) {
   //
   // no message in exception (getMessage() returned null)
   //
   verifyException("umd.cs.shop.JSJshop", e);
}

Test 2: 
JSTaskAtom jSTaskAtom = new JSTaskAtom();
JSJshop jSJshop = null;
try {
  jSJshop = new JSJshop("List of tasks", jSTaskAtom);
  fail("Expecting exception: NullPointerException");

} catch(NullPointerException e) {
   //
   // no message in exception (getMessage() returned null)
   //
   verifyException("umd.cs.shop.JSJshop", e);
}

Test 3: 
JSJshop jSJshop = new JSJshop();
jSJshop.getSolution();
Test 4: 
JSJshop jSJshop = new JSJshop();
jSJshop.sol();
Test 5: 
JSJshop jSJshop = new JSJshop();
jSJshop.tree();
Test 6: 
JSJshop jSJshop = new JSJshop();
jSJshop.prob();
Test 7: 
JSJshop jSJshop = new JSJshop();
jSJshop.dom();
Test 8: 
String[] stringArray = new String[0];
JSJshop.main(stringArray);
Test 9: 
String[] stringArray = new String[3];
JSJshop.main(stringArray);
Test 10: 
String[] stringArray = new String[6];
JSJshop.main(stringArray);
Test 11: 
String[] stringArray = new String[3];
stringArray[2] = "all";
// Undeclared exception!
try { 
  JSJshop.main(stringArray);
  fail("Expecting exception: NullPointerException");

} catch(NullPointerException e) {
   //
   // no message in exception (getMessage() returned null)
   //
   verifyException("org.evosuite.runtime.mock.java.io.MockFileInputStream", e);
}

Test 12: 
String[] stringArray = new String[3];
stringArray[2] = "one";
// Undeclared exception!
try { 
  JSJshop.main(stringArray);
  fail("Expecting exception: NullPointerException");

} catch(NullPointerException e) {
   //
   // no message in exception (getMessage() returned null)
   //
   verifyException("org.evosuite.runtime.mock.java.io.MockFileInputStream", e);
}

Test 13: 
JSJshop jSJshop = null;
try {
  jSJshop = new JSJshop("? ", "? ");
  fail("Expecting exception: System.SystemExitException");

} catch(System.SystemExitException e) {
   //
   // no message in exception (getMessage() returned null)
   //
   verifyException("org.evosuite.runtime.System", e);
}

Test 14: 
JSJshop jSJshop = new JSJshop();
jSJshop.getAddList();
Test 15: 
JSJshop jSJshop = new JSJshop();
jSJshop.getDeleteList();
Test 16: 
EvoSuiteFile evoSuiteFile = new EvoSuiteFile("farp.shp");
FileSystemHandling.appendStringToFile(evoSuiteFile, "!4");
JSJshop jSJshop = new JSJshop();
jSJshop.testParser();
Test 17: 
EvoSuiteFile evoSuiteFile = new EvoSuiteFile("farp.shp");
FileSystemHandling.appendStringToFile(evoSuiteFile, "`:lGzP(");
JSJshop jSJshop = new JSJshop();
jSJshop.testParser();
Test 18: 
EvoSuiteFile evoSuiteFile = new EvoSuiteFile("farp.shp");
FileSystemHandling.appendStringToFile(evoSuiteFile, "ragb>%jmq<n-|s)wma");
JSJshop jSJshop = new JSJshop();
jSJshop.testParser();
Test 19: 
EvoSuiteFile evoSuiteFile = new EvoSuiteFile("farp.shp");
FileSystemHandling.appendStringToFile(evoSuiteFile, "Ut=?|voL$mJ");
JSJshop jSJshop = new JSJshop();
jSJshop.testParser();
Test 20: 
EvoSuiteFile evoSuiteFile = new EvoSuiteFile("WvPRdqIJTU_gL?");
byte[] byteArray = new byte[5];
FileSystemHandling.appendDataToFile(evoSuiteFile, byteArray);
String[] stringArray = new String[2];
stringArray[0] = "WvPRdqIJTU_gL?";
// Undeclared exception!
try { 
  JSJshop.main(stringArray);
  fail("Expecting exception: System.SystemExitException");

} catch(System.SystemExitException e) {
   //
   // no message in exception (getMessage() returned null)
   //
   verifyException("org.evosuite.runtime.System", e);
}

Test 21: 
JSJshop jSJshop = new JSJshop();
jSJshop.getBufferedReader("`:lGzP(", "`:lGzP(", (JApplet) null);
Test 22: 
JSJshop jSJshop = new JSJshop();
jSJshop.getBufferedReader("| ", (String) null, (JApplet) null);
Test 23: 
JSJshop jSJshop = new JSJshop();
StringReader stringReader = new StringReader("xB11x]K_';U/1k.");
StreamTokenizer streamTokenizer = new StreamTokenizer(stringReader);
// Undeclared exception!
try { 
  jSJshop.processToken(streamTokenizer);
  fail("Expecting exception: Error");

} catch(Error e) {
   //
   // no message in exception (getMessage() returned null)
   //
   verifyException("umd.cs.shop.JSJshop", e);
}

Test 24: 
JSJshop jSJshop = new JSJshop();
jSJshop.parserFile("(%s6\u0005gkXm#;");
Test 25: 
JSJshop jSJshop = new JSJshop();
// Undeclared exception!
try { 
  jSJshop.testParser();
  fail("Expecting exception: System.SystemExitException");

} catch(System.SystemExitException e) {
   //
   // no message in exception (getMessage() returned null)
   //
   verifyException("org.evosuite.runtime.System", e);
}


[MASTER] 06:47:35.572 [logback-2] WARN  TimeController - Already entered in phase: MINIMIZATION. This will mess up the timing calculations.
* Going to analyze the coverage criteria
* Coverage analysis for criterion BRANCH
* Coverage of criterion BRANCH: 54%
* Total number of goals: 114
* Number of covered goals: 61
* Coverage analysis for criterion LINE
* Coverage of criterion LINE: 50%
* Total number of goals: 225
* Number of covered goals: 112
* Coverage analysis for criterion OUTPUT
* Coverage of criterion OUTPUT: 18%
* Total number of goals: 56
* Number of covered goals: 10
* Coverage analysis for criterion METHOD
* Coverage of criterion METHOD: 89%
* Total number of goals: 19
* Number of covered goals: 17
* Coverage analysis for criterion CBRANCH
* Coverage of criterion CBRANCH: 52%
* Total number of goals: 114
* Number of covered goals: 59
[MASTER] 06:47:35.697 [logback-2] WARN  TimeController - Already entered in phase: COVERAGE_ANALYSIS. This will mess up the timing calculations.
* Generated 26 tests with total length 67
* Resulting test suite's coverage: 56% (average coverage for all fitness functions)
* Generating assertions
* Resulting test suite's mutation score: 10%
* Compiling and checking tests
[MASTER] 06:47:39.376 [logback-2] WARN  TimeController - Already entered in phase: ASSERTION_GENERATION. This will mess up the timing calculations.
Going to execute: removeTestsThatDoNotCompile
* Compiling Tests
** Write a test suite: 0 called: 0 to improve: false
* Compiling Tests
** Write a test suite: 0 called: 0 to improve: false
* Compiling Tests
** Write a test suite: 0 called: 0 to improve: false
* Compiling Tests
** Write a test suite: 0 called: 0 to improve: false
* Compiling Tests
** Write a test suite: 0 called: 0 to improve: false
* Compiling Tests
** Write a test suite: 0 called: 0 to improve: false
* Compiling Tests
** Write a test suite: 0 called: 0 to improve: false
* Compiling Tests
** Write a test suite: 0 called: 0 to improve: false
* Compiling Tests
** Write a test suite: 0 called: 0 to improve: false
* Compiling Tests
** Write a test suite: 0 called: 0 to improve: false
* Compiling Tests
** Write a test suite: 0 called: 0 to improve: false
* Compiling Tests
** Write a test suite: 0 called: 0 to improve: false
* Compiling Tests
** Write a test suite: 0 called: 0 to improve: false
* Compiling Tests
** Write a test suite: 0 called: 0 to improve: false
* Compiling Tests
** Write a test suite: 0 called: 0 to improve: false
* Compiling Tests
** Write a test suite: 0 called: 0 to improve: false
* Compiling Tests
** Write a test suite: 0 called: 0 to improve: false
* Compiling Tests
** Write a test suite: 0 called: 0 to improve: false
* Compiling Tests
** Write a test suite: 0 called: 0 to improve: false
* Compiling Tests
** Write a test suite: 0 called: 0 to improve: false
* Compiling Tests
** Write a test suite: 0 called: 0 to improve: false
* Compiling Tests
** Write a test suite: 0 called: 0 to improve: false
* Compiling Tests
** Write a test suite: 0 called: 0 to improve: false
* Compiling Tests
** Write a test suite: 0 called: 0 to improve: false
* Compiling Tests
** Write a test suite: 0 called: 0 to improve: false
* Compiling Tests
** Write a test suite: 0 called: 0 to improve: false
Going to execute: handleTestsThatAreUnstable
* Compiling Tests
** Write a test suite: 0 called: 0 to improve: false
[MASTER] 06:47:41.277 [logback-2] WARN  AgentLoader - Failed to find EvoSuite jar in current classloader. URLs of classloader:
file:/root/.sdkman/candidates/java/8.0.333.fx-librca/jre/../lib/tools.jar
file:/root/.sdkman/candidates/java/8.0.333.fx-librca/jre/lib/ext/cldrdata.jar
file:/root/.sdkman/candidates/java/8.0.333.fx-librca/jre/lib/ext/sunec.jar
file:/root/.sdkman/candidates/java/8.0.333.fx-librca/jre/lib/ext/localedata.jar
file:/root/.sdkman/candidates/java/8.0.333.fx-librca/jre/lib/ext/jaccess.jar
file:/tmp/EvoSuite_pathingJar7181988061901718143.jar
file:/root/.sdkman/candidates/java/8.0.333.fx-librca/jre/lib/ext/dnsns.jar
file:/root/.sdkman/candidates/java/8.0.333.fx-librca/jre/lib/ext/sunpkcs11.jar
file:/root/.sdkman/candidates/java/8.0.333.fx-librca/jre/lib/ext/zipfs.jar
file:/root/.sdkman/candidates/java/8.0.333.fx-librca/jre/lib/ext/jfxrt.jar
file:/root/.sdkman/candidates/java/8.0.333.fx-librca/jre/lib/ext/sunjce_provider.jar
file:/root/.sdkman/candidates/java/8.0.333.fx-librca/jre/lib/ext/nashorn.jar
[MASTER] 06:47:41.280 [logback-2] WARN  JUnitAnalyzer - Found unstable test named initializationError -> class java.lang.RuntimeException: Cannot find either the compilation target folder nor the EvoSuite jar in classpath: /tmp/EvoSuite_pathingJar7181988061901718143.jar
Going to execute: handleTestsThatAreUnstable
* Compiling Tests
** Write a test suite: 0 called: 0 to improve: false
[MASTER] 06:47:41.405 [logback-2] WARN  AgentLoader - Failed to find EvoSuite jar in current classloader. URLs of classloader:
file:/root/.sdkman/candidates/java/8.0.333.fx-librca/jre/../lib/tools.jar
file:/root/.sdkman/candidates/java/8.0.333.fx-librca/jre/lib/ext/cldrdata.jar
file:/root/.sdkman/candidates/java/8.0.333.fx-librca/jre/lib/ext/sunec.jar
file:/root/.sdkman/candidates/java/8.0.333.fx-librca/jre/lib/ext/localedata.jar
file:/root/.sdkman/candidates/java/8.0.333.fx-librca/jre/lib/ext/jaccess.jar
file:/tmp/EvoSuite_pathingJar7181988061901718143.jar
file:/root/.sdkman/candidates/java/8.0.333.fx-librca/jre/lib/ext/dnsns.jar
file:/root/.sdkman/candidates/java/8.0.333.fx-librca/jre/lib/ext/sunpkcs11.jar
file:/root/.sdkman/candidates/java/8.0.333.fx-librca/jre/lib/ext/zipfs.jar
file:/root/.sdkman/candidates/java/8.0.333.fx-librca/jre/lib/ext/jfxrt.jar
file:/root/.sdkman/candidates/java/8.0.333.fx-librca/jre/lib/ext/sunjce_provider.jar
file:/root/.sdkman/candidates/java/8.0.333.fx-librca/jre/lib/ext/nashorn.jar
[MASTER] 06:47:41.407 [logback-2] WARN  JUnitAnalyzer - Found unstable test named initializationError -> class java.lang.RuntimeException: Cannot find either the compilation target folder nor the EvoSuite jar in classpath: /tmp/EvoSuite_pathingJar7181988061901718143.jar
Going to execute: handleTestsThatAreUnstable
* Compiling Tests
** Write a test suite: 0 called: 0 to improve: false
[MASTER] 06:47:41.517 [logback-2] WARN  AgentLoader - Failed to find EvoSuite jar in current classloader. URLs of classloader:
file:/root/.sdkman/candidates/java/8.0.333.fx-librca/jre/../lib/tools.jar
file:/root/.sdkman/candidates/java/8.0.333.fx-librca/jre/lib/ext/cldrdata.jar
file:/root/.sdkman/candidates/java/8.0.333.fx-librca/jre/lib/ext/sunec.jar
file:/root/.sdkman/candidates/java/8.0.333.fx-librca/jre/lib/ext/localedata.jar
file:/root/.sdkman/candidates/java/8.0.333.fx-librca/jre/lib/ext/jaccess.jar
file:/tmp/EvoSuite_pathingJar7181988061901718143.jar
file:/root/.sdkman/candidates/java/8.0.333.fx-librca/jre/lib/ext/dnsns.jar
file:/root/.sdkman/candidates/java/8.0.333.fx-librca/jre/lib/ext/sunpkcs11.jar
file:/root/.sdkman/candidates/java/8.0.333.fx-librca/jre/lib/ext/zipfs.jar
file:/root/.sdkman/candidates/java/8.0.333.fx-librca/jre/lib/ext/jfxrt.jar
file:/root/.sdkman/candidates/java/8.0.333.fx-librca/jre/lib/ext/sunjce_provider.jar
file:/root/.sdkman/candidates/java/8.0.333.fx-librca/jre/lib/ext/nashorn.jar
[MASTER] 06:47:41.520 [logback-2] WARN  JUnitAnalyzer - Found unstable test named initializationError -> class java.lang.RuntimeException: Cannot find either the compilation target folder nor the EvoSuite jar in classpath: /tmp/EvoSuite_pathingJar7181988061901718143.jar
Going to execute: handleTestsThatAreUnstable
* Compiling Tests
** Write a test suite: 0 called: 0 to improve: false
[MASTER] 06:47:41.653 [logback-2] WARN  AgentLoader - Failed to find EvoSuite jar in current classloader. URLs of classloader:
file:/root/.sdkman/candidates/java/8.0.333.fx-librca/jre/../lib/tools.jar
file:/root/.sdkman/candidates/java/8.0.333.fx-librca/jre/lib/ext/cldrdata.jar
file:/root/.sdkman/candidates/java/8.0.333.fx-librca/jre/lib/ext/sunec.jar
file:/root/.sdkman/candidates/java/8.0.333.fx-librca/jre/lib/ext/localedata.jar
file:/root/.sdkman/candidates/java/8.0.333.fx-librca/jre/lib/ext/jaccess.jar
file:/tmp/EvoSuite_pathingJar7181988061901718143.jar
file:/root/.sdkman/candidates/java/8.0.333.fx-librca/jre/lib/ext/dnsns.jar
file:/root/.sdkman/candidates/java/8.0.333.fx-librca/jre/lib/ext/sunpkcs11.jar
file:/root/.sdkman/candidates/java/8.0.333.fx-librca/jre/lib/ext/zipfs.jar
file:/root/.sdkman/candidates/java/8.0.333.fx-librca/jre/lib/ext/jfxrt.jar
file:/root/.sdkman/candidates/java/8.0.333.fx-librca/jre/lib/ext/sunjce_provider.jar
file:/root/.sdkman/candidates/java/8.0.333.fx-librca/jre/lib/ext/nashorn.jar
[MASTER] 06:47:41.654 [logback-2] WARN  JUnitAnalyzer - Found unstable test named initializationError -> class java.lang.RuntimeException: Cannot find either the compilation target folder nor the EvoSuite jar in classpath: /tmp/EvoSuite_pathingJar7181988061901718143.jar
Going to execute: handleTestsThatAreUnstable
* Compiling Tests
** Write a test suite: 0 called: 0 to improve: false
[MASTER] 06:47:41.732 [logback-2] WARN  AgentLoader - Failed to find EvoSuite jar in current classloader. URLs of classloader:
file:/root/.sdkman/candidates/java/8.0.333.fx-librca/jre/../lib/tools.jar
file:/root/.sdkman/candidates/java/8.0.333.fx-librca/jre/lib/ext/cldrdata.jar
file:/root/.sdkman/candidates/java/8.0.333.fx-librca/jre/lib/ext/sunec.jar
file:/root/.sdkman/candidates/java/8.0.333.fx-librca/jre/lib/ext/localedata.jar
file:/root/.sdkman/candidates/java/8.0.333.fx-librca/jre/lib/ext/jaccess.jar
file:/tmp/EvoSuite_pathingJar7181988061901718143.jar
file:/root/.sdkman/candidates/java/8.0.333.fx-librca/jre/lib/ext/dnsns.jar
file:/root/.sdkman/candidates/java/8.0.333.fx-librca/jre/lib/ext/sunpkcs11.jar
file:/root/.sdkman/candidates/java/8.0.333.fx-librca/jre/lib/ext/zipfs.jar
file:/root/.sdkman/candidates/java/8.0.333.fx-librca/jre/lib/ext/jfxrt.jar
file:/root/.sdkman/candidates/java/8.0.333.fx-librca/jre/lib/ext/sunjce_provider.jar
file:/root/.sdkman/candidates/java/8.0.333.fx-librca/jre/lib/ext/nashorn.jar
[MASTER] 06:47:41.742 [logback-2] WARN  JUnitAnalyzer - Found unstable test named initializationError -> class java.lang.RuntimeException: Cannot find either the compilation target folder nor the EvoSuite jar in classpath: /tmp/EvoSuite_pathingJar7181988061901718143.jar
Going to execute: handleTestsThatAreUnstable
* Compiling Tests
** Write a test suite: 0 called: 0 to improve: false
[MASTER] 06:47:41.838 [logback-2] WARN  AgentLoader - Failed to find EvoSuite jar in current classloader. URLs of classloader:
file:/root/.sdkman/candidates/java/8.0.333.fx-librca/jre/../lib/tools.jar
file:/root/.sdkman/candidates/java/8.0.333.fx-librca/jre/lib/ext/cldrdata.jar
file:/root/.sdkman/candidates/java/8.0.333.fx-librca/jre/lib/ext/sunec.jar
file:/root/.sdkman/candidates/java/8.0.333.fx-librca/jre/lib/ext/localedata.jar
file:/root/.sdkman/candidates/java/8.0.333.fx-librca/jre/lib/ext/jaccess.jar
file:/tmp/EvoSuite_pathingJar7181988061901718143.jar
file:/root/.sdkman/candidates/java/8.0.333.fx-librca/jre/lib/ext/dnsns.jar
file:/root/.sdkman/candidates/java/8.0.333.fx-librca/jre/lib/ext/sunpkcs11.jar
file:/root/.sdkman/candidates/java/8.0.333.fx-librca/jre/lib/ext/zipfs.jar
file:/root/.sdkman/candidates/java/8.0.333.fx-librca/jre/lib/ext/jfxrt.jar
file:/root/.sdkman/candidates/java/8.0.333.fx-librca/jre/lib/ext/sunjce_provider.jar
file:/root/.sdkman/candidates/java/8.0.333.fx-librca/jre/lib/ext/nashorn.jar
[MASTER] 06:47:41.839 [logback-2] WARN  JUnitAnalyzer - Found unstable test named initializationError -> class java.lang.RuntimeException: Cannot find either the compilation target folder nor the EvoSuite jar in classpath: /tmp/EvoSuite_pathingJar7181988061901718143.jar
Going to execute: handleTestsThatAreUnstable
* Compiling Tests
** Write a test suite: 0 called: 0 to improve: false
[MASTER] 06:47:41.925 [logback-2] WARN  AgentLoader - Failed to find EvoSuite jar in current classloader. URLs of classloader:
file:/root/.sdkman/candidates/java/8.0.333.fx-librca/jre/../lib/tools.jar
file:/root/.sdkman/candidates/java/8.0.333.fx-librca/jre/lib/ext/cldrdata.jar
file:/root/.sdkman/candidates/java/8.0.333.fx-librca/jre/lib/ext/sunec.jar
file:/root/.sdkman/candidates/java/8.0.333.fx-librca/jre/lib/ext/localedata.jar
file:/root/.sdkman/candidates/java/8.0.333.fx-librca/jre/lib/ext/jaccess.jar
file:/tmp/EvoSuite_pathingJar7181988061901718143.jar
file:/root/.sdkman/candidates/java/8.0.333.fx-librca/jre/lib/ext/dnsns.jar
file:/root/.sdkman/candidates/java/8.0.333.fx-librca/jre/lib/ext/sunpkcs11.jar
file:/root/.sdkman/candidates/java/8.0.333.fx-librca/jre/lib/ext/zipfs.jar
file:/root/.sdkman/candidates/java/8.0.333.fx-librca/jre/lib/ext/jfxrt.jar
file:/root/.sdkman/candidates/java/8.0.333.fx-librca/jre/lib/ext/sunjce_provider.jar
file:/root/.sdkman/candidates/java/8.0.333.fx-librca/jre/lib/ext/nashorn.jar
[MASTER] 06:47:41.927 [logback-2] WARN  JUnitAnalyzer - Found unstable test named initializationError -> class java.lang.RuntimeException: Cannot find either the compilation target folder nor the EvoSuite jar in classpath: /tmp/EvoSuite_pathingJar7181988061901718143.jar
Going to execute: handleTestsThatAreUnstable
* Compiling Tests
** Write a test suite: 0 called: 0 to improve: false
[MASTER] 06:47:41.992 [logback-2] WARN  AgentLoader - Failed to find EvoSuite jar in current classloader. URLs of classloader:
file:/root/.sdkman/candidates/java/8.0.333.fx-librca/jre/../lib/tools.jar
file:/root/.sdkman/candidates/java/8.0.333.fx-librca/jre/lib/ext/cldrdata.jar
file:/root/.sdkman/candidates/java/8.0.333.fx-librca/jre/lib/ext/sunec.jar
file:/root/.sdkman/candidates/java/8.0.333.fx-librca/jre/lib/ext/localedata.jar
file:/root/.sdkman/candidates/java/8.0.333.fx-librca/jre/lib/ext/jaccess.jar
file:/tmp/EvoSuite_pathingJar7181988061901718143.jar
file:/root/.sdkman/candidates/java/8.0.333.fx-librca/jre/lib/ext/dnsns.jar
file:/root/.sdkman/candidates/java/8.0.333.fx-librca/jre/lib/ext/sunpkcs11.jar
file:/root/.sdkman/candidates/java/8.0.333.fx-librca/jre/lib/ext/zipfs.jar
file:/root/.sdkman/candidates/java/8.0.333.fx-librca/jre/lib/ext/jfxrt.jar
file:/root/.sdkman/candidates/java/8.0.333.fx-librca/jre/lib/ext/sunjce_provider.jar
file:/root/.sdkman/candidates/java/8.0.333.fx-librca/jre/lib/ext/nashorn.jar
[MASTER] 06:47:41.993 [logback-2] WARN  JUnitAnalyzer - Found unstable test named initializationError -> class java.lang.RuntimeException: Cannot find either the compilation target folder nor the EvoSuite jar in classpath: /tmp/EvoSuite_pathingJar7181988061901718143.jar
Going to execute: handleTestsThatAreUnstable
* Compiling Tests
** Write a test suite: 0 called: 0 to improve: false
[MASTER] 06:47:42.054 [logback-2] WARN  AgentLoader - Failed to find EvoSuite jar in current classloader. URLs of classloader:
file:/root/.sdkman/candidates/java/8.0.333.fx-librca/jre/../lib/tools.jar
file:/root/.sdkman/candidates/java/8.0.333.fx-librca/jre/lib/ext/cldrdata.jar
file:/root/.sdkman/candidates/java/8.0.333.fx-librca/jre/lib/ext/sunec.jar
file:/root/.sdkman/candidates/java/8.0.333.fx-librca/jre/lib/ext/localedata.jar
file:/root/.sdkman/candidates/java/8.0.333.fx-librca/jre/lib/ext/jaccess.jar
file:/tmp/EvoSuite_pathingJar7181988061901718143.jar
file:/root/.sdkman/candidates/java/8.0.333.fx-librca/jre/lib/ext/dnsns.jar
file:/root/.sdkman/candidates/java/8.0.333.fx-librca/jre/lib/ext/sunpkcs11.jar
file:/root/.sdkman/candidates/java/8.0.333.fx-librca/jre/lib/ext/zipfs.jar
file:/root/.sdkman/candidates/java/8.0.333.fx-librca/jre/lib/ext/jfxrt.jar
file:/root/.sdkman/candidates/java/8.0.333.fx-librca/jre/lib/ext/sunjce_provider.jar
file:/root/.sdkman/candidates/java/8.0.333.fx-librca/jre/lib/ext/nashorn.jar
[MASTER] 06:47:42.055 [logback-2] WARN  JUnitAnalyzer - Found unstable test named initializationError -> class java.lang.RuntimeException: Cannot find either the compilation target folder nor the EvoSuite jar in classpath: /tmp/EvoSuite_pathingJar7181988061901718143.jar
Going to execute: handleTestsThatAreUnstable
* Compiling Tests
** Write a test suite: 0 called: 0 to improve: false
Going to execute: handleTestsThatAreUnstable
* Compiling Tests
[MASTER] 06:47:42.098 [logback-2] WARN  AgentLoader - Failed to find EvoSuite jar in current classloader. URLs of classloader:
file:/root/.sdkman/candidates/java/8.0.333.fx-librca/jre/../lib/tools.jar
file:/root/.sdkman/candidates/java/8.0.333.fx-librca/jre/lib/ext/cldrdata.jar
file:/root/.sdkman/candidates/java/8.0.333.fx-librca/jre/lib/ext/sunec.jar
file:/root/.sdkman/candidates/java/8.0.333.fx-librca/jre/lib/ext/localedata.jar
file:/root/.sdkman/candidates/java/8.0.333.fx-librca/jre/lib/ext/jaccess.jar
file:/tmp/EvoSuite_pathingJar7181988061901718143.jar
file:/root/.sdkman/candidates/java/8.0.333.fx-librca/jre/lib/ext/dnsns.jar
file:/root/.sdkman/candidates/java/8.0.333.fx-librca/jre/lib/ext/sunpkcs11.jar
file:/root/.sdkman/candidates/java/8.0.333.fx-librca/jre/lib/ext/zipfs.jar
file:/root/.sdkman/candidates/java/8.0.333.fx-librca/jre/lib/ext/jfxrt.jar
file:/root/.sdkman/candidates/java/8.0.333.fx-librca/jre/lib/ext/sunjce_provider.jar
file:/root/.sdkman/candidates/java/8.0.333.fx-librca/jre/lib/ext/nashorn.jar
[MASTER] 06:47:42.098 [logback-2] WARN  JUnitAnalyzer - Found unstable test named initializationError -> class java.lang.RuntimeException: Cannot find either the compilation target folder nor the EvoSuite jar in classpath: /tmp/EvoSuite_pathingJar7181988061901718143.jar
** Write a test suite: 0 called: 0 to improve: false
Going to execute: handleTestsThatAreUnstable
* Compiling Tests
[MASTER] 06:47:42.137 [logback-2] WARN  AgentLoader - Failed to find EvoSuite jar in current classloader. URLs of classloader:
file:/root/.sdkman/candidates/java/8.0.333.fx-librca/jre/../lib/tools.jar
file:/root/.sdkman/candidates/java/8.0.333.fx-librca/jre/lib/ext/cldrdata.jar
file:/root/.sdkman/candidates/java/8.0.333.fx-librca/jre/lib/ext/sunec.jar
file:/root/.sdkman/candidates/java/8.0.333.fx-librca/jre/lib/ext/localedata.jar
file:/root/.sdkman/candidates/java/8.0.333.fx-librca/jre/lib/ext/jaccess.jar
file:/tmp/EvoSuite_pathingJar7181988061901718143.jar
file:/root/.sdkman/candidates/java/8.0.333.fx-librca/jre/lib/ext/dnsns.jar
file:/root/.sdkman/candidates/java/8.0.333.fx-librca/jre/lib/ext/sunpkcs11.jar
file:/root/.sdkman/candidates/java/8.0.333.fx-librca/jre/lib/ext/zipfs.jar
file:/root/.sdkman/candidates/java/8.0.333.fx-librca/jre/lib/ext/jfxrt.jar
file:/root/.sdkman/candidates/java/8.0.333.fx-librca/jre/lib/ext/sunjce_provider.jar
file:/root/.sdkman/candidates/java/8.0.333.fx-librca/jre/lib/ext/nashorn.jar
[MASTER] 06:47:42.138 [logback-2] WARN  JUnitAnalyzer - Found unstable test named initializationError -> class java.lang.RuntimeException: Cannot find either the compilation target folder nor the EvoSuite jar in classpath: /tmp/EvoSuite_pathingJar7181988061901718143.jar
** Write a test suite: 0 called: 0 to improve: false
[MASTER] 06:47:42.208 [logback-2] WARN  AgentLoader - Failed to find EvoSuite jar in current classloader. URLs of classloader:
file:/root/.sdkman/candidates/java/8.0.333.fx-librca/jre/../lib/tools.jar
file:/root/.sdkman/candidates/java/8.0.333.fx-librca/jre/lib/ext/cldrdata.jar
file:/root/.sdkman/candidates/java/8.0.333.fx-librca/jre/lib/ext/sunec.jar
file:/root/.sdkman/candidates/java/8.0.333.fx-librca/jre/lib/ext/localedata.jar
file:/root/.sdkman/candidates/java/8.0.333.fx-librca/jre/lib/ext/jaccess.jar
file:/tmp/EvoSuite_pathingJar7181988061901718143.jar
file:/root/.sdkman/candidates/java/8.0.333.fx-librca/jre/lib/ext/dnsns.jar
file:/root/.sdkman/candidates/java/8.0.333.fx-librca/jre/lib/ext/sunpkcs11.jar
file:/root/.sdkman/candidates/java/8.0.333.fx-librca/jre/lib/ext/zipfs.jar
file:/root/.sdkman/candidates/java/8.0.333.fx-librca/jre/lib/ext/jfxrt.jar
file:/root/.sdkman/candidates/java/8.0.333.fx-librca/jre/lib/ext/sunjce_provider.jar
file:/root/.sdkman/candidates/java/8.0.333.fx-librca/jre/lib/ext/nashorn.jar
[MASTER] 06:47:42.209 [logback-2] WARN  JUnitAnalyzer - Found unstable test named initializationError -> class java.lang.RuntimeException: Cannot find either the compilation target folder nor the EvoSuite jar in classpath: /tmp/EvoSuite_pathingJar7181988061901718143.jar
Going to execute: handleTestsThatAreUnstable
* Compiling Tests
** Write a test suite: 0 called: 0 to improve: false
[MASTER] 06:47:42.260 [logback-2] WARN  AgentLoader - Failed to find EvoSuite jar in current classloader. URLs of classloader:
file:/root/.sdkman/candidates/java/8.0.333.fx-librca/jre/../lib/tools.jar
file:/root/.sdkman/candidates/java/8.0.333.fx-librca/jre/lib/ext/cldrdata.jar
file:/root/.sdkman/candidates/java/8.0.333.fx-librca/jre/lib/ext/sunec.jar
file:/root/.sdkman/candidates/java/8.0.333.fx-librca/jre/lib/ext/localedata.jar
file:/root/.sdkman/candidates/java/8.0.333.fx-librca/jre/lib/ext/jaccess.jar
file:/tmp/EvoSuite_pathingJar7181988061901718143.jar
file:/root/.sdkman/candidates/java/8.0.333.fx-librca/jre/lib/ext/dnsns.jar
file:/root/.sdkman/candidates/java/8.0.333.fx-librca/jre/lib/ext/sunpkcs11.jar
file:/root/.sdkman/candidates/java/8.0.333.fx-librca/jre/lib/ext/zipfs.jar
file:/root/.sdkman/candidates/java/8.0.333.fx-librca/jre/lib/ext/jfxrt.jar
file:/root/.sdkman/candidates/java/8.0.333.fx-librca/jre/lib/ext/sunjce_provider.jar
file:/root/.sdkman/candidates/java/8.0.333.fx-librca/jre/lib/ext/nashorn.jar
[MASTER] 06:47:42.276 [logback-2] WARN  JUnitAnalyzer - Found unstable test named initializationError -> class java.lang.RuntimeException: Cannot find either the compilation target folder nor the EvoSuite jar in classpath: /tmp/EvoSuite_pathingJar7181988061901718143.jar
Going to execute: handleTestsThatAreUnstable
* Compiling Tests
** Write a test suite: 0 called: 0 to improve: false
[MASTER] 06:47:42.344 [logback-2] WARN  AgentLoader - Failed to find EvoSuite jar in current classloader. URLs of classloader:
file:/root/.sdkman/candidates/java/8.0.333.fx-librca/jre/../lib/tools.jar
file:/root/.sdkman/candidates/java/8.0.333.fx-librca/jre/lib/ext/cldrdata.jar
file:/root/.sdkman/candidates/java/8.0.333.fx-librca/jre/lib/ext/sunec.jar
file:/root/.sdkman/candidates/java/8.0.333.fx-librca/jre/lib/ext/localedata.jar
file:/root/.sdkman/candidates/java/8.0.333.fx-librca/jre/lib/ext/jaccess.jar
file:/tmp/EvoSuite_pathingJar7181988061901718143.jar
file:/root/.sdkman/candidates/java/8.0.333.fx-librca/jre/lib/ext/dnsns.jar
file:/root/.sdkman/candidates/java/8.0.333.fx-librca/jre/lib/ext/sunpkcs11.jar
file:/root/.sdkman/candidates/java/8.0.333.fx-librca/jre/lib/ext/zipfs.jar
file:/root/.sdkman/candidates/java/8.0.333.fx-librca/jre/lib/ext/jfxrt.jar
file:/root/.sdkman/candidates/java/8.0.333.fx-librca/jre/lib/ext/sunjce_provider.jar
file:/root/.sdkman/candidates/java/8.0.333.fx-librca/jre/lib/ext/nashorn.jar
[MASTER] 06:47:42.345 [logback-2] WARN  JUnitAnalyzer - Found unstable test named initializationError -> class java.lang.RuntimeException: Cannot find either the compilation target folder nor the EvoSuite jar in classpath: /tmp/EvoSuite_pathingJar7181988061901718143.jar
Going to execute: handleTestsThatAreUnstable
* Compiling Tests
** Write a test suite: 0 called: 0 to improve: false
[MASTER] 06:47:42.405 [logback-2] WARN  AgentLoader - Failed to find EvoSuite jar in current classloader. URLs of classloader:
file:/root/.sdkman/candidates/java/8.0.333.fx-librca/jre/../lib/tools.jar
file:/root/.sdkman/candidates/java/8.0.333.fx-librca/jre/lib/ext/cldrdata.jar
file:/root/.sdkman/candidates/java/8.0.333.fx-librca/jre/lib/ext/sunec.jar
file:/root/.sdkman/candidates/java/8.0.333.fx-librca/jre/lib/ext/localedata.jar
file:/root/.sdkman/candidates/java/8.0.333.fx-librca/jre/lib/ext/jaccess.jar
file:/tmp/EvoSuite_pathingJar7181988061901718143.jar
file:/root/.sdkman/candidates/java/8.0.333.fx-librca/jre/lib/ext/dnsns.jar
file:/root/.sdkman/candidates/java/8.0.333.fx-librca/jre/lib/ext/sunpkcs11.jar
file:/root/.sdkman/candidates/java/8.0.333.fx-librca/jre/lib/ext/zipfs.jar
file:/root/.sdkman/candidates/java/8.0.333.fx-librca/jre/lib/ext/jfxrt.jar
file:/root/.sdkman/candidates/java/8.0.333.fx-librca/jre/lib/ext/sunjce_provider.jar
file:/root/.sdkman/candidates/java/8.0.333.fx-librca/jre/lib/ext/nashorn.jar
[MASTER] 06:47:42.406 [logback-2] WARN  JUnitAnalyzer - Found unstable test named initializationError -> class java.lang.RuntimeException: Cannot find either the compilation target folder nor the EvoSuite jar in classpath: /tmp/EvoSuite_pathingJar7181988061901718143.jar
Going to execute: handleTestsThatAreUnstable
* Compiling Tests
** Write a test suite: 0 called: 0 to improve: false
[MASTER] 06:47:42.485 [logback-2] WARN  AgentLoader - Failed to find EvoSuite jar in current classloader. URLs of classloader:
file:/root/.sdkman/candidates/java/8.0.333.fx-librca/jre/../lib/tools.jar
file:/root/.sdkman/candidates/java/8.0.333.fx-librca/jre/lib/ext/cldrdata.jar
file:/root/.sdkman/candidates/java/8.0.333.fx-librca/jre/lib/ext/sunec.jar
file:/root/.sdkman/candidates/java/8.0.333.fx-librca/jre/lib/ext/localedata.jar
file:/root/.sdkman/candidates/java/8.0.333.fx-librca/jre/lib/ext/jaccess.jar
file:/tmp/EvoSuite_pathingJar7181988061901718143.jar
file:/root/.sdkman/candidates/java/8.0.333.fx-librca/jre/lib/ext/dnsns.jar
file:/root/.sdkman/candidates/java/8.0.333.fx-librca/jre/lib/ext/sunpkcs11.jar
file:/root/.sdkman/candidates/java/8.0.333.fx-librca/jre/lib/ext/zipfs.jar
file:/root/.sdkman/candidates/java/8.0.333.fx-librca/jre/lib/ext/jfxrt.jar
file:/root/.sdkman/candidates/java/8.0.333.fx-librca/jre/lib/ext/sunjce_provider.jar
file:/root/.sdkman/candidates/java/8.0.333.fx-librca/jre/lib/ext/nashorn.jar
[MASTER] 06:47:42.487 [logback-2] WARN  JUnitAnalyzer - Found unstable test named initializationError -> class java.lang.RuntimeException: Cannot find either the compilation target folder nor the EvoSuite jar in classpath: /tmp/EvoSuite_pathingJar7181988061901718143.jar
Going to execute: handleTestsThatAreUnstable
* Compiling Tests
** Write a test suite: 0 called: 0 to improve: false
[MASTER] 06:47:42.589 [logback-2] WARN  AgentLoader - Failed to find EvoSuite jar in current classloader. URLs of classloader:
file:/root/.sdkman/candidates/java/8.0.333.fx-librca/jre/../lib/tools.jar
file:/root/.sdkman/candidates/java/8.0.333.fx-librca/jre/lib/ext/cldrdata.jar
file:/root/.sdkman/candidates/java/8.0.333.fx-librca/jre/lib/ext/sunec.jar
file:/root/.sdkman/candidates/java/8.0.333.fx-librca/jre/lib/ext/localedata.jar
file:/root/.sdkman/candidates/java/8.0.333.fx-librca/jre/lib/ext/jaccess.jar
file:/tmp/EvoSuite_pathingJar7181988061901718143.jar
file:/root/.sdkman/candidates/java/8.0.333.fx-librca/jre/lib/ext/dnsns.jar
file:/root/.sdkman/candidates/java/8.0.333.fx-librca/jre/lib/ext/sunpkcs11.jar
file:/root/.sdkman/candidates/java/8.0.333.fx-librca/jre/lib/ext/zipfs.jar
file:/root/.sdkman/candidates/java/8.0.333.fx-librca/jre/lib/ext/jfxrt.jar
file:/root/.sdkman/candidates/java/8.0.333.fx-librca/jre/lib/ext/sunjce_provider.jar
file:/root/.sdkman/candidates/java/8.0.333.fx-librca/jre/lib/ext/nashorn.jar
[MASTER] 06:47:42.591 [logback-2] WARN  JUnitAnalyzer - Found unstable test named initializationError -> class java.lang.RuntimeException: Cannot find either the compilation target folder nor the EvoSuite jar in classpath: /tmp/EvoSuite_pathingJar7181988061901718143.jar
Going to execute: handleTestsThatAreUnstable
* Compiling Tests
** Write a test suite: 0 called: 0 to improve: false
[MASTER] 06:47:42.689 [logback-2] WARN  AgentLoader - Failed to find EvoSuite jar in current classloader. URLs of classloader:
file:/root/.sdkman/candidates/java/8.0.333.fx-librca/jre/../lib/tools.jar
file:/root/.sdkman/candidates/java/8.0.333.fx-librca/jre/lib/ext/cldrdata.jar
file:/root/.sdkman/candidates/java/8.0.333.fx-librca/jre/lib/ext/sunec.jar
file:/root/.sdkman/candidates/java/8.0.333.fx-librca/jre/lib/ext/localedata.jar
file:/root/.sdkman/candidates/java/8.0.333.fx-librca/jre/lib/ext/jaccess.jar
file:/tmp/EvoSuite_pathingJar7181988061901718143.jar
file:/root/.sdkman/candidates/java/8.0.333.fx-librca/jre/lib/ext/dnsns.jar
file:/root/.sdkman/candidates/java/8.0.333.fx-librca/jre/lib/ext/sunpkcs11.jar
file:/root/.sdkman/candidates/java/8.0.333.fx-librca/jre/lib/ext/zipfs.jar
file:/root/.sdkman/candidates/java/8.0.333.fx-librca/jre/lib/ext/jfxrt.jar
file:/root/.sdkman/candidates/java/8.0.333.fx-librca/jre/lib/ext/sunjce_provider.jar
file:/root/.sdkman/candidates/java/8.0.333.fx-librca/jre/lib/ext/nashorn.jar
[MASTER] 06:47:42.690 [logback-2] WARN  JUnitAnalyzer - Found unstable test named initializationError -> class java.lang.RuntimeException: Cannot find either the compilation target folder nor the EvoSuite jar in classpath: /tmp/EvoSuite_pathingJar7181988061901718143.jar
Going to execute: handleTestsThatAreUnstable
* Compiling Tests
** Write a test suite: 0 called: 0 to improve: false
[MASTER] 06:47:42.787 [logback-2] WARN  AgentLoader - Failed to find EvoSuite jar in current classloader. URLs of classloader:
file:/root/.sdkman/candidates/java/8.0.333.fx-librca/jre/../lib/tools.jar
file:/root/.sdkman/candidates/java/8.0.333.fx-librca/jre/lib/ext/cldrdata.jar
file:/root/.sdkman/candidates/java/8.0.333.fx-librca/jre/lib/ext/sunec.jar
file:/root/.sdkman/candidates/java/8.0.333.fx-librca/jre/lib/ext/localedata.jar
file:/root/.sdkman/candidates/java/8.0.333.fx-librca/jre/lib/ext/jaccess.jar
file:/tmp/EvoSuite_pathingJar7181988061901718143.jar
file:/root/.sdkman/candidates/java/8.0.333.fx-librca/jre/lib/ext/dnsns.jar
file:/root/.sdkman/candidates/java/8.0.333.fx-librca/jre/lib/ext/sunpkcs11.jar
file:/root/.sdkman/candidates/java/8.0.333.fx-librca/jre/lib/ext/zipfs.jar
file:/root/.sdkman/candidates/java/8.0.333.fx-librca/jre/lib/ext/jfxrt.jar
file:/root/.sdkman/candidates/java/8.0.333.fx-librca/jre/lib/ext/sunjce_provider.jar
file:/root/.sdkman/candidates/java/8.0.333.fx-librca/jre/lib/ext/nashorn.jar
[MASTER] 06:47:42.787 [logback-2] WARN  JUnitAnalyzer - Found unstable test named initializationError -> class java.lang.RuntimeException: Cannot find either the compilation target folder nor the EvoSuite jar in classpath: /tmp/EvoSuite_pathingJar7181988061901718143.jar
Going to execute: handleTestsThatAreUnstable
* Compiling Tests
** Write a test suite: 0 called: 0 to improve: false
[MASTER] 06:47:42.847 [logback-2] WARN  AgentLoader - Failed to find EvoSuite jar in current classloader. URLs of classloader:
file:/root/.sdkman/candidates/java/8.0.333.fx-librca/jre/../lib/tools.jar
file:/root/.sdkman/candidates/java/8.0.333.fx-librca/jre/lib/ext/cldrdata.jar
file:/root/.sdkman/candidates/java/8.0.333.fx-librca/jre/lib/ext/sunec.jar
file:/root/.sdkman/candidates/java/8.0.333.fx-librca/jre/lib/ext/localedata.jar
file:/root/.sdkman/candidates/java/8.0.333.fx-librca/jre/lib/ext/jaccess.jar
file:/tmp/EvoSuite_pathingJar7181988061901718143.jar
file:/root/.sdkman/candidates/java/8.0.333.fx-librca/jre/lib/ext/dnsns.jar
file:/root/.sdkman/candidates/java/8.0.333.fx-librca/jre/lib/ext/sunpkcs11.jar
file:/root/.sdkman/candidates/java/8.0.333.fx-librca/jre/lib/ext/zipfs.jar
file:/root/.sdkman/candidates/java/8.0.333.fx-librca/jre/lib/ext/jfxrt.jar
file:/root/.sdkman/candidates/java/8.0.333.fx-librca/jre/lib/ext/sunjce_provider.jar
file:/root/.sdkman/candidates/java/8.0.333.fx-librca/jre/lib/ext/nashorn.jar
[MASTER] 06:47:42.848 [logback-2] WARN  JUnitAnalyzer - Found unstable test named initializationError -> class java.lang.RuntimeException: Cannot find either the compilation target folder nor the EvoSuite jar in classpath: /tmp/EvoSuite_pathingJar7181988061901718143.jar
Going to execute: handleTestsThatAreUnstable
* Compiling Tests
** Write a test suite: 0 called: 0 to improve: false
[MASTER] 06:47:42.915 [logback-2] WARN  AgentLoader - Failed to find EvoSuite jar in current classloader. URLs of classloader:
file:/root/.sdkman/candidates/java/8.0.333.fx-librca/jre/../lib/tools.jar
file:/root/.sdkman/candidates/java/8.0.333.fx-librca/jre/lib/ext/cldrdata.jar
file:/root/.sdkman/candidates/java/8.0.333.fx-librca/jre/lib/ext/sunec.jar
file:/root/.sdkman/candidates/java/8.0.333.fx-librca/jre/lib/ext/localedata.jar
file:/root/.sdkman/candidates/java/8.0.333.fx-librca/jre/lib/ext/jaccess.jar
file:/tmp/EvoSuite_pathingJar7181988061901718143.jar
file:/root/.sdkman/candidates/java/8.0.333.fx-librca/jre/lib/ext/dnsns.jar
file:/root/.sdkman/candidates/java/8.0.333.fx-librca/jre/lib/ext/sunpkcs11.jar
file:/root/.sdkman/candidates/java/8.0.333.fx-librca/jre/lib/ext/zipfs.jar
file:/root/.sdkman/candidates/java/8.0.333.fx-librca/jre/lib/ext/jfxrt.jar
file:/root/.sdkman/candidates/java/8.0.333.fx-librca/jre/lib/ext/sunjce_provider.jar
file:/root/.sdkman/candidates/java/8.0.333.fx-librca/jre/lib/ext/nashorn.jar
[MASTER] 06:47:42.916 [logback-2] WARN  JUnitAnalyzer - Found unstable test named initializationError -> class java.lang.RuntimeException: Cannot find either the compilation target folder nor the EvoSuite jar in classpath: /tmp/EvoSuite_pathingJar7181988061901718143.jar
Going to execute: handleTestsThatAreUnstable
* Compiling Tests
** Write a test suite: 0 called: 0 to improve: false
[MASTER] 06:47:42.978 [logback-2] WARN  AgentLoader - Failed to find EvoSuite jar in current classloader. URLs of classloader:
file:/root/.sdkman/candidates/java/8.0.333.fx-librca/jre/../lib/tools.jar
file:/root/.sdkman/candidates/java/8.0.333.fx-librca/jre/lib/ext/cldrdata.jar
file:/root/.sdkman/candidates/java/8.0.333.fx-librca/jre/lib/ext/sunec.jar
file:/root/.sdkman/candidates/java/8.0.333.fx-librca/jre/lib/ext/localedata.jar
file:/root/.sdkman/candidates/java/8.0.333.fx-librca/jre/lib/ext/jaccess.jar
file:/tmp/EvoSuite_pathingJar7181988061901718143.jar
file:/root/.sdkman/candidates/java/8.0.333.fx-librca/jre/lib/ext/dnsns.jar
file:/root/.sdkman/candidates/java/8.0.333.fx-librca/jre/lib/ext/sunpkcs11.jar
file:/root/.sdkman/candidates/java/8.0.333.fx-librca/jre/lib/ext/zipfs.jar
file:/root/.sdkman/candidates/java/8.0.333.fx-librca/jre/lib/ext/jfxrt.jar
file:/root/.sdkman/candidates/java/8.0.333.fx-librca/jre/lib/ext/sunjce_provider.jar
file:/root/.sdkman/candidates/java/8.0.333.fx-librca/jre/lib/ext/nashorn.jar
[MASTER] 06:47:42.978 [logback-2] WARN  JUnitAnalyzer - Found unstable test named initializationError -> class java.lang.RuntimeException: Cannot find either the compilation target folder nor the EvoSuite jar in classpath: /tmp/EvoSuite_pathingJar7181988061901718143.jar
Going to execute: handleTestsThatAreUnstable
* Compiling Tests
** Write a test suite: 0 called: 0 to improve: false
[MASTER] 06:47:43.029 [logback-2] WARN  AgentLoader - Failed to find EvoSuite jar in current classloader. URLs of classloader:
file:/root/.sdkman/candidates/java/8.0.333.fx-librca/jre/../lib/tools.jar
file:/root/.sdkman/candidates/java/8.0.333.fx-librca/jre/lib/ext/cldrdata.jar
file:/root/.sdkman/candidates/java/8.0.333.fx-librca/jre/lib/ext/sunec.jar
file:/root/.sdkman/candidates/java/8.0.333.fx-librca/jre/lib/ext/localedata.jar
file:/root/.sdkman/candidates/java/8.0.333.fx-librca/jre/lib/ext/jaccess.jar
file:/tmp/EvoSuite_pathingJar7181988061901718143.jar
file:/root/.sdkman/candidates/java/8.0.333.fx-librca/jre/lib/ext/dnsns.jar
file:/root/.sdkman/candidates/java/8.0.333.fx-librca/jre/lib/ext/sunpkcs11.jar
file:/root/.sdkman/candidates/java/8.0.333.fx-librca/jre/lib/ext/zipfs.jar
file:/root/.sdkman/candidates/java/8.0.333.fx-librca/jre/lib/ext/jfxrt.jar
file:/root/.sdkman/candidates/java/8.0.333.fx-librca/jre/lib/ext/sunjce_provider.jar
file:/root/.sdkman/candidates/java/8.0.333.fx-librca/jre/lib/ext/nashorn.jar
[MASTER] 06:47:43.029 [logback-2] WARN  JUnitAnalyzer - Found unstable test named initializationError -> class java.lang.RuntimeException: Cannot find either the compilation target folder nor the EvoSuite jar in classpath: /tmp/EvoSuite_pathingJar7181988061901718143.jar
Going to execute: handleTestsThatAreUnstable
* Compiling Tests
** Write a test suite: 0 called: 0 to improve: false
[MASTER] 06:47:43.074 [logback-2] WARN  AgentLoader - Failed to find EvoSuite jar in current classloader. URLs of classloader:
file:/root/.sdkman/candidates/java/8.0.333.fx-librca/jre/../lib/tools.jar
file:/root/.sdkman/candidates/java/8.0.333.fx-librca/jre/lib/ext/cldrdata.jar
file:/root/.sdkman/candidates/java/8.0.333.fx-librca/jre/lib/ext/sunec.jar
file:/root/.sdkman/candidates/java/8.0.333.fx-librca/jre/lib/ext/localedata.jar
file:/root/.sdkman/candidates/java/8.0.333.fx-librca/jre/lib/ext/jaccess.jar
file:/tmp/EvoSuite_pathingJar7181988061901718143.jar
file:/root/.sdkman/candidates/java/8.0.333.fx-librca/jre/lib/ext/dnsns.jar
file:/root/.sdkman/candidates/java/8.0.333.fx-librca/jre/lib/ext/sunpkcs11.jar
file:/root/.sdkman/candidates/java/8.0.333.fx-librca/jre/lib/ext/zipfs.jar
file:/root/.sdkman/candidates/java/8.0.333.fx-librca/jre/lib/ext/jfxrt.jar
file:/root/.sdkman/candidates/java/8.0.333.fx-librca/jre/lib/ext/sunjce_provider.jar
file:/root/.sdkman/candidates/java/8.0.333.fx-librca/jre/lib/ext/nashorn.jar
[MASTER] 06:47:43.075 [logback-2] WARN  JUnitAnalyzer - Found unstable test named initializationError -> class java.lang.RuntimeException: Cannot find either the compilation target folder nor the EvoSuite jar in classpath: /tmp/EvoSuite_pathingJar7181988061901718143.jar
Going to execute: handleTestsThatAreUnstable
* Compiling Tests
** Write a test suite: 0 called: 0 to improve: false
** Write a test suite: 1 called: 1 to improve: false
** Write a test suite: 2 called: 2 to improve: false
** Write a test suite: 3 called: 3 to improve: false
** Write a test suite: 4 called: 4 to improve: false
** Write a test suite: 5 called: 5 to improve: false
** Write a test suite: 6 called: 6 to improve: false
** Write a test suite: 7 called: 7 to improve: false
** Write a test suite: 8 called: 8 to improve: false
** Write a test suite: 9 called: 9 to improve: false
** Write a test suite: 10 called: 10 to improve: false
** Write a test suite: 11 called: 11 to improve: false
** Write a test suite: 12 called: 12 to improve: false
** Write a test suite: 13 called: 13 to improve: false
** Write a test suite: 14 called: 14 to improve: false
** Write a test suite: 15 called: 15 to improve: false
** Write a test suite: 16 called: 16 to improve: false
** Write a test suite: 17 called: 17 to improve: false
** Write a test suite: 18 called: 18 to improve: false
** Write a test suite: 19 called: 19 to improve: false
** Write a test suite: 20 called: 20 to improve: false
** Write a test suite: 21 called: 21 to improve: false
** Write a test suite: 22 called: 22 to improve: false
** Write a test suite: 23 called: 23 to improve: false
[MASTER] 06:47:43.464 [logback-2] WARN  AgentLoader - Failed to find EvoSuite jar in current classloader. URLs of classloader:
file:/root/.sdkman/candidates/java/8.0.333.fx-librca/jre/../lib/tools.jar
file:/root/.sdkman/candidates/java/8.0.333.fx-librca/jre/lib/ext/cldrdata.jar
file:/root/.sdkman/candidates/java/8.0.333.fx-librca/jre/lib/ext/sunec.jar
file:/root/.sdkman/candidates/java/8.0.333.fx-librca/jre/lib/ext/localedata.jar
file:/root/.sdkman/candidates/java/8.0.333.fx-librca/jre/lib/ext/jaccess.jar
file:/tmp/EvoSuite_pathingJar7181988061901718143.jar
file:/root/.sdkman/candidates/java/8.0.333.fx-librca/jre/lib/ext/dnsns.jar
file:/root/.sdkman/candidates/java/8.0.333.fx-librca/jre/lib/ext/sunpkcs11.jar
file:/root/.sdkman/candidates/java/8.0.333.fx-librca/jre/lib/ext/zipfs.jar
file:/root/.sdkman/candidates/java/8.0.333.fx-librca/jre/lib/ext/jfxrt.jar
file:/root/.sdkman/candidates/java/8.0.333.fx-librca/jre/lib/ext/sunjce_provider.jar
file:/root/.sdkman/candidates/java/8.0.333.fx-librca/jre/lib/ext/nashorn.jar
[MASTER] 06:47:43.466 [logback-2] WARN  JUnitAnalyzer - Found unstable test named initializationError -> class java.lang.RuntimeException: Cannot find either the compilation target folder nor the EvoSuite jar in classpath: /tmp/EvoSuite_pathingJar7181988061901718143.jar
Going to execute: handleTestsThatAreUnstable
* Compiling Tests
** Write a test suite: 0 called: 0 to improve: false
** Write a test suite: 1 called: 1 to improve: false
** Write a test suite: 2 called: 2 to improve: false
** Write a test suite: 3 called: 3 to improve: false
** Write a test suite: 4 called: 4 to improve: false
** Write a test suite: 5 called: 5 to improve: false
** Write a test suite: 6 called: 6 to improve: false
** Write a test suite: 7 called: 7 to improve: false
** Write a test suite: 8 called: 8 to improve: false
** Write a test suite: 9 called: 9 to improve: false
** Write a test suite: 10 called: 10 to improve: false
** Write a test suite: 11 called: 11 to improve: false
** Write a test suite: 12 called: 12 to improve: false
** Write a test suite: 13 called: 13 to improve: false
** Write a test suite: 14 called: 14 to improve: false
** Write a test suite: 15 called: 15 to improve: false
** Write a test suite: 16 called: 16 to improve: false
** Write a test suite: 17 called: 17 to improve: false
** Write a test suite: 18 called: 18 to improve: false
** Write a test suite: 19 called: 19 to improve: false
** Write a test suite: 20 called: 20 to improve: false
** Write a test suite: 21 called: 21 to improve: false
** Write a test suite: 22 called: 22 to improve: false
** Write a test suite: 23 called: 23 to improve: false
[MASTER] 06:47:43.807 [logback-2] WARN  AgentLoader - Failed to find EvoSuite jar in current classloader. URLs of classloader:
file:/root/.sdkman/candidates/java/8.0.333.fx-librca/jre/../lib/tools.jar
file:/root/.sdkman/candidates/java/8.0.333.fx-librca/jre/lib/ext/cldrdata.jar
file:/root/.sdkman/candidates/java/8.0.333.fx-librca/jre/lib/ext/sunec.jar
file:/root/.sdkman/candidates/java/8.0.333.fx-librca/jre/lib/ext/localedata.jar
file:/root/.sdkman/candidates/java/8.0.333.fx-librca/jre/lib/ext/jaccess.jar
file:/tmp/EvoSuite_pathingJar7181988061901718143.jar
file:/root/.sdkman/candidates/java/8.0.333.fx-librca/jre/lib/ext/dnsns.jar
file:/root/.sdkman/candidates/java/8.0.333.fx-librca/jre/lib/ext/sunpkcs11.jar
file:/root/.sdkman/candidates/java/8.0.333.fx-librca/jre/lib/ext/zipfs.jar
file:/root/.sdkman/candidates/java/8.0.333.fx-librca/jre/lib/ext/jfxrt.jar
file:/root/.sdkman/candidates/java/8.0.333.fx-librca/jre/lib/ext/sunjce_provider.jar
file:/root/.sdkman/candidates/java/8.0.333.fx-librca/jre/lib/ext/nashorn.jar
[MASTER] 06:47:43.808 [logback-2] WARN  JUnitAnalyzer - Found unstable test named initializationError -> class java.lang.RuntimeException: Cannot find either the compilation target folder nor the EvoSuite jar in classpath: /tmp/EvoSuite_pathingJar7181988061901718143.jar
* Writing tests to file
[MASTER] 06:47:43.812 [logback-2] WARN  TimeController - Already entered in phase: JUNIT_CHECK. This will mess up the timing calculations.
* Writing JUnit test case 'JSJshop_ESTest' to evosuite-tests
** Write a test suite: 0 called: 0 to improve: false
** Write a test suite: 5 called: 1 to improve: false
** Write a test suite: 6 called: 2 to improve: false
* Writing JUnit test case 'JSJshop_Original_ESTest' to evosuite-tests
** Write a test suite: 0 called: 0 to improve: false
** Write a test suite: 1 called: 1 to improve: false
** Write a test suite: 2 called: 2 to improve: false
** Write a test suite: 3 called: 3 to improve: false
** Write a test suite: 4 called: 4 to improve: false
** Write a test suite: 5 called: 5 to improve: false
** Write a test suite: 6 called: 6 to improve: false
** Write a test suite: 7 called: 7 to improve: false
** Write a test suite: 8 called: 8 to improve: false
** Write a test suite: 9 called: 9 to improve: false
** Write a test suite: 10 called: 10 to improve: false
** Write a test suite: 11 called: 11 to improve: false
** Write a test suite: 12 called: 12 to improve: false
** Write a test suite: 13 called: 13 to improve: false
** Write a test suite: 14 called: 14 to improve: false
** Write a test suite: 15 called: 15 to improve: false
** Write a test suite: 16 called: 16 to improve: false
** Write a test suite: 17 called: 17 to improve: false
** Write a test suite: 18 called: 18 to improve: false
** Write a test suite: 19 called: 19 to improve: false
** Write a test suite: 20 called: 20 to improve: false
** Write a test suite: 21 called: 21 to improve: false
** Write a test suite: 22 called: 22 to improve: false
** Write a test suite: 23 called: 23 to improve: false
* Done!

* Computation finished
