* EvoSuite 1.0.0-SNAPSHOT
* Going to generate test cases for class: umd.cs.shop.JSJshop
* Starting Client-0
* Properties loaded from /home/roham/Results-Utestgen/dataset/SF110-new-res/85_shop/evosuite-files/evosuite.properties
* Connecting to master process on port 13395
* Analyzing classpath: 
* Inheritance tree loaded from evosuite-files/inheritance.xml.gz
[MASTER] 11:17:17.173 [logback-1] WARN  InheritanceTree - Class not in inheritance graph: java.util.function.Consumer
[MASTER] 11:17:17.187 [logback-1] WARN  InheritanceTree - Class not in inheritance graph: java.util.function.Predicate
[MASTER] 11:17:17.188 [logback-1] WARN  InheritanceTree - Class not in inheritance graph: java.util.function.UnaryOperator
[MASTER] 11:17:17.497 [logback-1] WARN  InheritanceTree - Class not in inheritance graph: java.util.function.Function
[MASTER] 11:17:18.101 [logback-1] WARN  InheritanceTree - Class not in inheritance graph: java.util.function.BiFunction
[MASTER] 11:17:18.103 [logback-1] WARN  InheritanceTree - Class not in inheritance graph: java.util.function.BiConsumer
[MASTER] 11:17:19.717 [logback-1] WARN  InheritanceTree - Class not in inheritance graph: java.time.ZoneId
[MASTER] 11:17:19.779 [logback-1] WARN  InheritanceTree - Class not in inheritance graph: java.time.temporal.Temporal
[MASTER] 11:17:19.780 [logback-1] WARN  InheritanceTree - Class not in inheritance graph: java.time.temporal.TemporalAccessor
[MASTER] 11:17:19.780 [logback-1] WARN  InheritanceTree - Class not in inheritance graph: java.time.temporal.TemporalField
[MASTER] 11:17:19.781 [logback-1] WARN  InheritanceTree - Class not in inheritance graph: java.time.temporal.TemporalUnit
[MASTER] 11:17:19.781 [logback-1] WARN  InheritanceTree - Class not in inheritance graph: java.time.temporal.TemporalAmount
[MASTER] 11:17:19.782 [logback-1] WARN  InheritanceTree - Class not in inheritance graph: java.time.Clock
[MASTER] 11:17:19.782 [logback-1] WARN  InheritanceTree - Class not in inheritance graph: java.time.temporal.TemporalQuery
[MASTER] 11:17:19.783 [logback-1] WARN  InheritanceTree - Class not in inheritance graph: java.time.temporal.TemporalAdjuster
[MASTER] 11:17:19.800 [logback-1] WARN  InheritanceTree - Class not in inheritance graph: java.time.chrono.Chronology
[MASTER] 11:17:19.810 [logback-1] WARN  InheritanceTree - Class not in inheritance graph: java.time.chrono.Era
* Finished analyzing classpath
* Generating tests for class umd.cs.shop.JSJshop
* Test criteria:
  - Branch Coverage
  - Line Coverage
  - Method-Output Coverage
  - Top-Level Method Coverage
  - Context Branch Coverage
* Total number of test goals for DYNAMOSA: 528
* Using seed 1710328634869
* Starting evolution
[Progress:>                             0%] [Cov:>                                  0%]* Initial Number of Goals in DynaMOSA = 132 / 528
[Progress:>                             3%] [Cov:========>                          24%][Progress:==>                           9%] [Cov:==============>                    41%][Progress:===>                          12%] [Cov:===============>                   43%][Progress:===>                          12%] [Cov:===============>                   43%][Progress:====>                         15%] [Cov:================>                  46%][Progress:======>                       20%] [Cov:================>                  46%][Progress:=======>                      24%] [Cov:================>                  47%][Progress:========>                     27%] [Cov:================>                  47%][Progress:=========>                    30%] [Cov:================>                  47%][Progress:=========>                    33%] [Cov:================>                  47%][Progress:===========>                  37%] [Cov:================>                  47%][Progress:============>                 40%] [Cov:================>                  47%][Progress:============>                 43%] [Cov:================>                  48%][Progress:=============>                46%] [Cov:================>                  48%][Progress:==============>               47%] [Cov:================>                  48%][Progress:==============>               47%] [Cov:================>                  48%][Progress:==============>               48%] [Cov:================>                  48%][Progress:===============>              51%] [Cov:================>                  48%][Progress:===============>              51%] [Cov:=================>                 49%][Progress:===============>              51%] [Cov:=================>                 49%][Progress:=================>            57%] [Cov:=================>                 50%][Progress:=================>            57%] [Cov:=================>                 50%][Progress:==================>           60%] [Cov:=================>                 50%][Progress:===================>          66%] [Cov:=================>                 50%][Progress:=======================>      78%] [Cov:=================>                 50%][MASTER] 11:18:44.843 [logback-1] WARN  TestCluster - Failed to check cache for java.util.Comparator<T> : Type points to itself
[Progress:=========================>    84%] [Cov:=================>                 50%][Progress:=========================>    84%] [Cov:=================>                 50%][Progress:=========================>    84%] [Cov:=================>                 50%][Progress:===========================>  90%] [Cov:=================>                 50%][Progress:===========================>  90%] [Cov:=================>                 51%][Progress:==============================100%] [Cov:==================>                54%][Progress:==============================100%] [Cov:==================>                54%]
* Search finished after 103s and 31 generations, 10048 statements, best individual has fitness: 256.0
* Generated before the refinement 26 tests with total length 66
statement is: umd.cs.shop.JSJshop()V type is: class org.evosuite.testcase.statements.ConstructorStatement return type class umd.cs.shop.JSJshop
statement code is: JSJshop jSJshop = new JSJshop()
statement is: getTree()Lumd/cs/shop/JSJshopNode; type is: class org.evosuite.testcase.statements.MethodStatement return type class umd.cs.shop.JSJshopNode
statement code is: JSJshopNode tree = jSJshop.getTree()
test data is: JSJshop jSJshop = new JSJshop();
jSJshop.getTree();

** It was a parseable test case! 
Improved test data is: class DummyClass {
    public static void main() {
        JSJshop jSJshop = new JSJshop();
        jSJshop.getTree();
        // Test data is improved by adding more descriptive and representative values to the primitive variables
        int numProducts = 10;
        double totalPrice = 500.0;
        String productName = "Awesome Product";
        char productCategory = 'E';
    }
}
statement is: JSJshop jSJshop = new JSJshop(), class spoon.support.reflect.code.CtLocalVariableImpl
class spoon.support.reflect.code.CtConstructorCallImpl
statement is: jSJshop.getTree(), class spoon.support.reflect.code.CtInvocationImpl
invocation is: jSJshop.getTree() target is: jSJshop method is: getTree()
source statement: umd.cs.shop.JSJshop()V callee: VariableReference: Statement 0, type umd.cs.shop.JSJshopindex is: 0
Matched Method is: getTree()Lumd/cs/shop/JSJshopNode;
statement is: // Test data is improved by adding more descriptive and representative values to the primitive variables
int numProducts = 10, class spoon.support.reflect.code.CtLocalVariableImpl
class spoon.support.reflect.code.CtLiteralImpl
statement is: double totalPrice = 500.0, class spoon.support.reflect.code.CtLocalVariableImpl
class spoon.support.reflect.code.CtLiteralImpl
statement is: String productName = "Awesome Product", class spoon.support.reflect.code.CtLocalVariableImpl
class spoon.support.reflect.code.CtLiteralImpl
statement is: char productCategory = 'E', class spoon.support.reflect.code.CtLocalVariableImpl
class spoon.support.reflect.code.CtLiteralImpl
* this is vulnerable: int _int = 10
* this is vulnerable: double _double = 500.0
* this is vulnerable: String string = "Awesome Product"
* this is vulnerable: char _char = 'E'
TestCase is: JSJshop jSJshop = new JSJshop();
jSJshop.getTree();
int _int = 10;
double _double = 500.0;
String string = "Awesome Product";
char _char = 'E';

statement is: umd.cs.shop.JSJshop()V type is: class org.evosuite.testcase.statements.ConstructorStatement return type class umd.cs.shop.JSJshop
statement code is: JSJshop jSJshop = new JSJshop()
statement is: getAppletURL(Ljava/lang/String;Ljavax/swing/JApplet;)Ljava/net/URL; type is: class org.evosuite.testcase.statements.MethodStatement return type class java.net.URL
statement code is: URL appletURL = jSJshop.getAppletURL("{1W-S", (JApplet) null)
test data is: JSJshop jSJshop = new JSJshop();
jSJshop.getAppletURL("{1W-S", (JApplet) null);

** It was a parseable test case! 
Improved test data is: class DummyClass {
    public static void main() {
        jSJshop.getAppletURL("https://www.example.com/", ((JApplet) (null)));
        // Replace with a URL that is not an absolute path
        jSJshop.getAppletURL("/my-applet.html", ((JApplet) (null)));
        // Replace with a valid string value
        jSJshop.getAppletURL("My Applet Title", ((JApplet) (null)));
        // Replace with an invalid string value
        jSJshop.getAppletURL(null, ((JApplet) (null)));
    }
}
statement is: jSJshop.getAppletURL("https://www.example.com/", ((JApplet) (null))), class spoon.support.reflect.code.CtInvocationImpl
invocation is: jSJshop.getAppletURL("https://www.example.com/", ((JApplet) (null))) target is: jSJshop method is: getAppletURL(java.lang.String,JApplet)
statement is: // Replace with a URL that is not an absolute path
jSJshop.getAppletURL("/my-applet.html", ((JApplet) (null))), class spoon.support.reflect.code.CtInvocationImpl
invocation is: // Replace with a URL that is not an absolute path
jSJshop.getAppletURL("/my-applet.html", ((JApplet) (null))) target is: jSJshop method is: getAppletURL(java.lang.String,JApplet)
statement is: // Replace with a valid string value
jSJshop.getAppletURL("My Applet Title", ((JApplet) (null))), class spoon.support.reflect.code.CtInvocationImpl
invocation is: // Replace with a valid string value
jSJshop.getAppletURL("My Applet Title", ((JApplet) (null))) target is: jSJshop method is: getAppletURL(java.lang.String,JApplet)
statement is: // Replace with an invalid string value
jSJshop.getAppletURL(null, ((JApplet) (null))), class spoon.support.reflect.code.CtInvocationImpl
invocation is: // Replace with an invalid string value
jSJshop.getAppletURL(null, ((JApplet) (null))) target is: jSJshop method is: getAppletURL(<unknown>,JApplet)
statement is: umd.cs.shop.JSJshop()V type is: class org.evosuite.testcase.statements.ConstructorStatement return type class umd.cs.shop.JSJshop
statement code is: JSJshop jSJshop = new JSJshop()
statement is: getSolution()Lumd/cs/shop/JSPairPlanTSListNodes; type is: class org.evosuite.testcase.statements.MethodStatement return type class umd.cs.shop.JSPairPlanTSListNodes
statement code is: JSPairPlanTSListNodes solution = jSJshop.getSolution()
test data is: JSJshop jSJshop = new JSJshop();
jSJshop.getSolution();

** It was a parseable test case! 
Improved test data is: class DummyClass {
    public static void main() {
        JSJshop jSJshop = new JSJshop();
        // Improved test data:
        jSJshop.getSolution(5, "John", 100);// where 5 is the number of items in the shop, John is the name of the customer, and 100 is the budget for the shopping trip }}

    }
}
statement is: JSJshop jSJshop = new JSJshop(), class spoon.support.reflect.code.CtLocalVariableImpl
class spoon.support.reflect.code.CtConstructorCallImpl
statement is: // Improved test data:
jSJshop.getSolution(5, "John", 100)// where 5 is the number of items in the shop, John is the name of the customer, and 100 is the budget for the shopping trip }}
, class spoon.support.reflect.code.CtInvocationImpl
invocation is: // Improved test data:
jSJshop.getSolution(5, "John", 100)// where 5 is the number of items in the shop, John is the name of the customer, and 100 is the budget for the shopping trip }}
 target is: jSJshop method is: getSolution(int,java.lang.String,int)
TestCase is: JSJshop jSJshop = new JSJshop();

statement is: umd.cs.shop.JSJshop()V type is: class org.evosuite.testcase.statements.ConstructorStatement return type class umd.cs.shop.JSJshop
statement code is: JSJshop jSJshop = new JSJshop()
statement is: sol()Lumd/cs/shop/JSPlan; type is: class org.evosuite.testcase.statements.MethodStatement return type class umd.cs.shop.JSPlan
statement code is: JSPlan sol = jSJshop.sol()
test data is: JSJshop jSJshop = new JSJshop();
jSJshop.sol();

** It was a parseable test case! 
Improved test data is: class DummyClass {
    public static void main() {
        @In
        the code;
        @In
        the we;
        creating a;
        instance of;
        the JSJshop;
        class and {
            calling the;

            sol method;

            on it;

            since the;

            sol method;

            is not;

            defined in;

            the provided;

            we cannot;

            know what;

            it does;

            or how;

            it behaves;

            we need;

            to provide;

            more descriptive;

            test data;

            that would;

            help us;

            understand the;

            behavior of;

            the method;

            Instead of;

            using a;

            primitive value;

            the argument;

            of the;

            sol we;

            sol method;

            can use;

            a more;

            illustrative example;

            such as;

            a String;

            to better;

            represent the;

            situation being;

            This will;

            make it;

            clearer what;

            the method;

            is expected;

            and why;

            After making;

            these the;

            these changes;

            improved test;

            data would;

            look like;

            JSJshop jSJshop = new JSJshop();
        }
    }
}
statement is: @In
the code, class spoon.support.reflect.code.CtLocalVariableImpl
statement is: @In
the we, class spoon.support.reflect.code.CtLocalVariableImpl
statement is: creating a, class spoon.support.reflect.code.CtLocalVariableImpl
statement is: instance of, class spoon.support.reflect.code.CtLocalVariableImpl
statement is: the JSJshop, class spoon.support.reflect.code.CtLocalVariableImpl
statement is: class and {
    calling the;

    sol method;

    on it;

    since the;

    sol method;

    is not;

    defined in;

    the provided;

    we cannot;

    know what;

    it does;

    or how;

    it behaves;

    we need;

    to provide;

    more descriptive;

    test data;

    that would;

    help us;

    understand the;

    behavior of;

    the method;

    Instead of;

    using a;

    primitive value;

    the argument;

    of the;

    sol we;

    sol method;

    can use;

    a more;

    illustrative example;

    such as;

    a String;

    to better;

    represent the;

    situation being;

    This will;

    make it;

    clearer what;

    the method;

    is expected;

    and why;

    After making;

    these the;

    these changes;

    improved test;

    data would;

    look like;

    JSJshop jSJshop = new JSJshop();
}, class spoon.support.reflect.declaration.CtClassImpl
statement is: umd.cs.shop.JSJshop()V type is: class org.evosuite.testcase.statements.ConstructorStatement return type class umd.cs.shop.JSJshop
statement code is: JSJshop jSJshop = new JSJshop()
statement is: tree()Lumd/cs/shop/JSJshopNode; type is: class org.evosuite.testcase.statements.MethodStatement return type class umd.cs.shop.JSJshopNode
statement code is: JSJshopNode tree = jSJshop.tree()
test data is: JSJshop jSJshop = new JSJshop();
jSJshop.tree();

** It was a parseable test case! 
Improved test data is: class DummyClass {
    public static void main() {
        JSJshop jSJshop = new JSJshop();
        // Add more descriptive and representative test data here
        jSJshop.tree(new TreeNode<String>("Root", new TreeNode<String>("Child 1", new TreeNode<String>("Grandchild 1")), new TreeNode<String>("Child 2"), new TreeNode<String>("Child 3")));
    }
}
statement is: JSJshop jSJshop = new JSJshop(), class spoon.support.reflect.code.CtLocalVariableImpl
class spoon.support.reflect.code.CtConstructorCallImpl
statement is: // Add more descriptive and representative test data here
jSJshop.tree(new TreeNode<String>("Root", new TreeNode<String>("Child 1", new TreeNode<String>("Grandchild 1")), new TreeNode<String>("Child 2"), new TreeNode<String>("Child 3"))), class spoon.support.reflect.code.CtInvocationImpl
invocation is: // Add more descriptive and representative test data here
jSJshop.tree(new TreeNode<String>("Root", new TreeNode<String>("Child 1", new TreeNode<String>("Grandchild 1")), new TreeNode<String>("Child 2"), new TreeNode<String>("Child 3"))) target is: jSJshop method is: tree(TreeNode)
TestCase is: JSJshop jSJshop = new JSJshop();

statement is: umd.cs.shop.JSJshop()V type is: class org.evosuite.testcase.statements.ConstructorStatement return type class umd.cs.shop.JSJshop
statement code is: JSJshop jSJshop = new JSJshop()
statement is: prob()Lumd/cs/shop/JSPlanningProblem; type is: class org.evosuite.testcase.statements.MethodStatement return type class umd.cs.shop.JSPlanningProblem
statement code is: JSPlanningProblem prob = jSJshop.prob()
test data is: JSJshop jSJshop = new JSJshop();
jSJshop.prob();

** It was a parseable test case! 
Improved test data is: class DummyClass {
    public static void main() {
        // Improved test data
        int numItems = 5;
        String[] items = new String[]{ "apple", "banana", "orange", "grape", "pineapple" };
        double[] prices = new double[]{ 1.2, 1.4, 1.6, 2.1, 3.2 };
        jSJshop.addItem(numItems, items, prices);
        jSJshop.prob();
    }
}
statement is: // Improved test data
int numItems = 5, class spoon.support.reflect.code.CtLocalVariableImpl
class spoon.support.reflect.code.CtLiteralImpl
statement is: String[] items = new String[]{ "apple", "banana", "orange", "grape", "pineapple" }, class spoon.support.reflect.code.CtLocalVariableImpl
class spoon.support.reflect.code.CtNewArrayImpl
statement is: double[] prices = new double[]{ 1.2, 1.4, 1.6, 2.1, 3.2 }, class spoon.support.reflect.code.CtLocalVariableImpl
class spoon.support.reflect.code.CtNewArrayImpl
statement is: jSJshop.addItem(numItems, items, prices), class spoon.support.reflect.code.CtInvocationImpl
invocation is: jSJshop.addItem(numItems, items, prices) target is: jSJshop method is: addItem(int,java.lang.String[],double[])
statement is: jSJshop.prob(), class spoon.support.reflect.code.CtInvocationImpl
invocation is: jSJshop.prob() target is: jSJshop method is: prob()
* this is vulnerable: int _int = 5
TestCase is: int _int = 5;

statement is: umd.cs.shop.JSJshop()V type is: class org.evosuite.testcase.statements.ConstructorStatement return type class umd.cs.shop.JSJshop
statement code is: JSJshop jSJshop = new JSJshop()
statement is: dom()Lumd/cs/shop/JSPlanningDomain; type is: class org.evosuite.testcase.statements.MethodStatement return type class umd.cs.shop.JSPlanningDomain
statement code is: JSPlanningDomain dom = jSJshop.dom()
test data is: JSJshop jSJshop = new JSJshop();
jSJshop.dom();

** It was a parseable test case! 
Improved test data is: class DummyClass {
    public static void main() {
        JSJshop jSJshop = new JSJshop();
        jSJshop.dom();
        // Replace the primitive values and Strings with more descriptive and representative examples:
        int numCustomers = 100;// Before: 50

        double avgOrderValue = 25.99;// Before: 19.99

        String promoCode = "FREEBAE";// Before: "SALE20"

        // Improve the test data to make it more comprehensive and realistic:
        int[] customerIds = new int[numCustomers];// Generate an array of unique customer IDs

        for (int i = 0; i < numCustomers; i++) {
            customerIds[i] = ((int) (Math.random() * 1000));
        }
        double[] orderValues = new double[numCustomers];// Generate an array of random order values

        for (int i = 0; i < numCustomers; i++) {
            orderValues[i] = Math.random() * avgOrderValue;
        }
        String[] promoCodes = new String[numCustomers];// Generate an array of unique promo codes

        for (int i = 0; i < numCustomers; i++) {
            promoCodes[i] = "PROMO" + ((char) ('A' + (Math.random() * 26)));
        }
        // Use the improved test data to test the functionality of the jSJshop class:
        for (int i = 0; i < numCustomers; i++) {
            jSJshop.addCustomer(customerIds[i], orderValues[i], promoCodes[i]);
        }
        // Check that the correct number of customers, orders, and discounts have been applied:
        assertEquals(jSJshop.getNumCustomers(), numCustomers);
        for (int i = 0; i < numCustomers; i++) {
            assertEquals(jSJshop.getCustomerOrderValue(customerIds[i]), orderValues[i], 0.01);
        }
        // Check that the correct discounts have been applied:
        for (int i = 0; i < numCustomers; i++) {
            assertEquals(jSJshop.getCustomerDiscountValue(customerIds[i]), avgOrderValue * 0.1, 0.01);
        }
        // Check that the correct promo codes have been applied:
        for (int i = 0; i < numCustomers; i++) {
            assertEquals(jSJshop.getCustomerPromoCode(customerIds[i]), promoCodes[i]);
        }
    }
}
statement is: JSJshop jSJshop = new JSJshop(), class spoon.support.reflect.code.CtLocalVariableImpl
class spoon.support.reflect.code.CtConstructorCallImpl
statement is: jSJshop.dom(), class spoon.support.reflect.code.CtInvocationImpl
invocation is: jSJshop.dom() target is: jSJshop method is: dom()
source statement: umd.cs.shop.JSJshop()V callee: VariableReference: Statement 0, type umd.cs.shop.JSJshopindex is: 0
Matched Method is: dom()Lumd/cs/shop/JSPlanningDomain;
statement is: // Replace the primitive values and Strings with more descriptive and representative examples:
int numCustomers = 100// Before: 50
, class spoon.support.reflect.code.CtLocalVariableImpl
class spoon.support.reflect.code.CtLiteralImpl
statement is: double avgOrderValue = 25.99// Before: 19.99
, class spoon.support.reflect.code.CtLocalVariableImpl
class spoon.support.reflect.code.CtLiteralImpl
statement is: String promoCode = "FREEBAE"// Before: "SALE20"
, class spoon.support.reflect.code.CtLocalVariableImpl
class spoon.support.reflect.code.CtLiteralImpl
statement is: // Improve the test data to make it more comprehensive and realistic:
int[] customerIds = new int[numCustomers]// Generate an array of unique customer IDs
, class spoon.support.reflect.code.CtLocalVariableImpl
class spoon.support.reflect.code.CtNewArrayImpl
statement is: for (int i = 0; i < numCustomers; i++) {
    customerIds[i] = ((int) (Math.random() * 1000));
}, class spoon.support.reflect.code.CtForImpl
statement is: double[] orderValues = new double[numCustomers]// Generate an array of random order values
, class spoon.support.reflect.code.CtLocalVariableImpl
class spoon.support.reflect.code.CtNewArrayImpl
statement is: for (int i = 0; i < numCustomers; i++) {
    orderValues[i] = Math.random() * avgOrderValue;
}, class spoon.support.reflect.code.CtForImpl
statement is: String[] promoCodes = new String[numCustomers]// Generate an array of unique promo codes
, class spoon.support.reflect.code.CtLocalVariableImpl
class spoon.support.reflect.code.CtNewArrayImpl
statement is: for (int i = 0; i < numCustomers; i++) {
    promoCodes[i] = "PROMO" + ((char) ('A' + (Math.random() * 26)));
}, class spoon.support.reflect.code.CtForImpl
statement is: // Use the improved test data to test the functionality of the jSJshop class:
for (int i = 0; i < numCustomers; i++) {
    jSJshop.addCustomer(customerIds[i], orderValues[i], promoCodes[i]);
}, class spoon.support.reflect.code.CtForImpl
statement is: // Check that the correct number of customers, orders, and discounts have been applied:
assertEquals(jSJshop.getNumCustomers(), numCustomers), class spoon.support.reflect.code.CtInvocationImpl
invocation is: // Check that the correct number of customers, orders, and discounts have been applied:
assertEquals(jSJshop.getNumCustomers(), numCustomers) target is:  method is: assertEquals(<unknown>,int)
statement is: for (int i = 0; i < numCustomers; i++) {
    assertEquals(jSJshop.getCustomerOrderValue(customerIds[i]), orderValues[i], 0.01);
}, class spoon.support.reflect.code.CtForImpl
statement is: // Check that the correct discounts have been applied:
for (int i = 0; i < numCustomers; i++) {
    assertEquals(jSJshop.getCustomerDiscountValue(customerIds[i]), avgOrderValue * 0.1, 0.01);
}, class spoon.support.reflect.code.CtForImpl
statement is: // Check that the correct promo codes have been applied:
for (int i = 0; i < numCustomers; i++) {
    assertEquals(jSJshop.getCustomerPromoCode(customerIds[i]), promoCodes[i]);
}, class spoon.support.reflect.code.CtForImpl
* this is vulnerable: int _int = 100
* this is vulnerable: double _double = 25.99
* this is vulnerable: String string = "FREEBAE"
TestCase is: JSJshop jSJshop = new JSJshop();
jSJshop.dom();
int _int = 100;
double _double = 25.99;
String string = "FREEBAE";

statement is: org.evosuite.testcase.statements.ArrayStatement@2b4d71b1 type is: class org.evosuite.testcase.statements.ArrayStatement return type class [Ljava.lang.String;
statement code is: String[] stringArray = new String[1]
statement is: main([Ljava/lang/String;)V type is: class org.evosuite.testcase.statements.MethodStatement return type void
statement code is: JSJshop.main(arg0)
test data is: String[] stringArray = new String[1];
JSJshop.main(stringArray);

** It was a parseable test case! 
Improved test data is: class DummyClass {
    public static void main() {
        String[] stringArray = new String[1];
        stringArray[0] = "example_input.txt";
        JSJshop.main(stringArray);
    }
}
statement is: String[] stringArray = new String[1], class spoon.support.reflect.code.CtLocalVariableImpl
class spoon.support.reflect.code.CtNewArrayImpl
Dimension: [1] Ct is: String[] stringArray = new String[1] isAssignment: false Array: new String[1] Elements: []
lengths: [1] [1]
Their type are: class [Ljava.lang.String; String[]
statement is: stringArray[0] = "example_input.txt", class spoon.support.reflect.code.CtAssignmentImpl
Assigned : stringArray[0] Assigned Type class spoon.support.reflect.code.CtArrayWriteImpl String Assignment:"example_input.txt" Ct is: stringArray[0] = "example_input.txt"
target : stringArray class spoon.support.reflect.code.CtLiteralImpl
statement is: JSJshop.main(stringArray), class spoon.support.reflect.code.CtInvocationImpl
invocation is: JSJshop.main(stringArray) target is: JSJshop method is: main(java.lang.String[])
Matched Method is: main([Ljava/lang/String;)V
TestCase is: String[] stringArray = new String[1];
JSJshop.main(stringArray);

statement is: org.evosuite.testcase.statements.ArrayStatement@f9ce3899 type is: class org.evosuite.testcase.statements.ArrayStatement return type class [Ljava.lang.String;
statement code is: String[] stringArray = new String[6]
statement is: main([Ljava/lang/String;)V type is: class org.evosuite.testcase.statements.MethodStatement return type void
statement code is: JSJshop.main(arg0)
test data is: String[] stringArray = new String[6];
JSJshop.main(stringArray);

** It was a parseable test case! 
Improved test data is: class DummyClass {
    public static void main() {
        String[] stringArray = new String[]{ "apples", "bananas", "oranges", "grapes", "strawberries" };
        JSJshop.main(stringArray);
    }
}
statement is: String[] stringArray = new String[]{ "apples", "bananas", "oranges", "grapes", "strawberries" }, class spoon.support.reflect.code.CtLocalVariableImpl
class spoon.support.reflect.code.CtNewArrayImpl
Dimension: [] Ct is: String[] stringArray = new String[6] isAssignment: false Array: new String[]{ "apples", "bananas", "oranges", "grapes", "strawberries" } Elements: ["apples", "bananas", "oranges", "grapes", "strawberries"]
lengths: [6] []
statement is: JSJshop.main(stringArray), class spoon.support.reflect.code.CtInvocationImpl
invocation is: JSJshop.main(stringArray) target is: JSJshop method is: main(java.lang.String[])
Matched Method is: main([Ljava/lang/String;)V
i 0 Parameters size() 0 Num of Method Parameters: 1
TestCase is: String[] stringArray = null;
JSJshop.main(stringArray);

statement is: org.evosuite.testcase.statements.ArrayStatement@81b6b578 type is: class org.evosuite.testcase.statements.ArrayStatement return type class [Ljava.lang.String;
statement code is: String[] stringArray = new String[2]
statement is: main([Ljava/lang/String;)V type is: class org.evosuite.testcase.statements.MethodStatement return type void
statement code is: JSJshop.main(arg0)
test data is: String[] stringArray = new String[2];
JSJshop.main(stringArray);

** It was a parseable test case! 
Improved test data is: class DummyClass {
    public static void main() {
        String[] stringArray = new String[2];
        stringArray[0] = "a1b2c3";
        stringArray[1] = "xyzABCdefGHIjklMNOPqrstUVwxyz";
        JSJshop.main(stringArray);
    }
}
statement is: String[] stringArray = new String[2], class spoon.support.reflect.code.CtLocalVariableImpl
class spoon.support.reflect.code.CtNewArrayImpl
Dimension: [2] Ct is: String[] stringArray = new String[2] isAssignment: false Array: new String[2] Elements: []
lengths: [2] [2]
Their type are: class [Ljava.lang.String; String[]
statement is: stringArray[0] = "a1b2c3", class spoon.support.reflect.code.CtAssignmentImpl
Assigned : stringArray[0] Assigned Type class spoon.support.reflect.code.CtArrayWriteImpl String Assignment:"a1b2c3" Ct is: stringArray[0] = "a1b2c3"
target : stringArray class spoon.support.reflect.code.CtLiteralImpl
statement is: stringArray[1] = "xyzABCdefGHIjklMNOPqrstUVwxyz", class spoon.support.reflect.code.CtAssignmentImpl
Assigned : stringArray[1] Assigned Type class spoon.support.reflect.code.CtArrayWriteImpl String Assignment:"xyzABCdefGHIjklMNOPqrstUVwxyz" Ct is: stringArray[1] = "xyzABCdefGHIjklMNOPqrstUVwxyz"
target : stringArray class spoon.support.reflect.code.CtLiteralImpl
statement is: JSJshop.main(stringArray), class spoon.support.reflect.code.CtInvocationImpl
invocation is: JSJshop.main(stringArray) target is: JSJshop method is: main(java.lang.String[])
Matched Method is: main([Ljava/lang/String;)V
TestCase is: String[] stringArray = new String[2];
JSJshop.main(stringArray);

statement is: umd.cs.shop.JSJshop(Ljava/lang/String;Ljava/lang/String;)V type is: class org.evosuite.testcase.statements.ConstructorStatement return type class umd.cs.shop.JSJshop
statement code is: JSJshop jSJshop = new JSJshop("r*", "r*")
test data is: JSJshop jSJshop = new JSJshop("r*", "r*");

** It was a parseable test case! 
Improved test data is: class DummyClass {
    public static void main() {
        JSJshop jSJshop = new JSJshop("restaurant name", "location");
    }
}
statement is: JSJshop jSJshop = new JSJshop("restaurant name", "location"), class spoon.support.reflect.code.CtLocalVariableImpl
class spoon.support.reflect.code.CtConstructorCallImpl
TestCase is: String string = "restaurant name";
String string = "location";
JSJshop jSJshop = new JSJshop(string, string);

statement is: umd.cs.shop.JSJshop()V type is: class org.evosuite.testcase.statements.ConstructorStatement return type class umd.cs.shop.JSJshop
statement code is: JSJshop jSJshop = new JSJshop()
statement is: getAddList()Lumd/cs/shop/JSListLogicalAtoms; type is: class org.evosuite.testcase.statements.MethodStatement return type class umd.cs.shop.JSListLogicalAtoms
statement code is: JSListLogicalAtoms addList = jSJshop.getAddList()
test data is: JSJshop jSJshop = new JSJshop();
jSJshop.getAddList();

** It was a parseable test case! 
Improved test data is: class DummyClass {
    public static void main() {
        jSJshop jSJshop = new JSJshop();
        // Improve the test data by changing the primitive values and Strings (such as integers, doubles, strings, chars) to more illustrative examples.
        jSJshop.getAddList();
        // Example: Use descriptive values instead of hardcoded ones.
        jSJshop.setName("Test Shop");
        jSJshop.setAddress("123 Main St.");
        jSJshop.setCity("Anytown");
        jSJshop.setState("CA");
        jSJshop.setZipCode("12345");
        jSJshop.setPhoneNumber("(123) 456-7890");
        jSJshop.setWebsite("www.testshop.com");
    }
}
statement is: jSJshop jSJshop = new JSJshop(), class spoon.support.reflect.code.CtLocalVariableImpl
class spoon.support.reflect.code.CtConstructorCallImpl
statement is: // Improve the test data by changing the primitive values and Strings (such as integers, doubles, strings, chars) to more illustrative examples.
jSJshop.getAddList(), class spoon.support.reflect.code.CtInvocationImpl
invocation is: // Improve the test data by changing the primitive values and Strings (such as integers, doubles, strings, chars) to more illustrative examples.
jSJshop.getAddList() target is: jSJshop method is: getAddList()
statement is: // Example: Use descriptive values instead of hardcoded ones.
jSJshop.setName("Test Shop"), class spoon.support.reflect.code.CtInvocationImpl
invocation is: // Example: Use descriptive values instead of hardcoded ones.
jSJshop.setName("Test Shop") target is: jSJshop method is: setName(java.lang.String)
statement is: jSJshop.setAddress("123 Main St."), class spoon.support.reflect.code.CtInvocationImpl
invocation is: jSJshop.setAddress("123 Main St.") target is: jSJshop method is: setAddress(java.lang.String)
statement is: jSJshop.setCity("Anytown"), class spoon.support.reflect.code.CtInvocationImpl
invocation is: jSJshop.setCity("Anytown") target is: jSJshop method is: setCity(java.lang.String)
statement is: jSJshop.setState("CA"), class spoon.support.reflect.code.CtInvocationImpl
invocation is: jSJshop.setState("CA") target is: jSJshop method is: setState(java.lang.String)
statement is: jSJshop.setZipCode("12345"), class spoon.support.reflect.code.CtInvocationImpl
invocation is: jSJshop.setZipCode("12345") target is: jSJshop method is: setZipCode(java.lang.String)
statement is: jSJshop.setPhoneNumber("(123) 456-7890"), class spoon.support.reflect.code.CtInvocationImpl
invocation is: jSJshop.setPhoneNumber("(123) 456-7890") target is: jSJshop method is: setPhoneNumber(java.lang.String)
statement is: jSJshop.setWebsite("www.testshop.com"), class spoon.support.reflect.code.CtInvocationImpl
invocation is: jSJshop.setWebsite("www.testshop.com") target is: jSJshop method is: setWebsite(java.lang.String)
TestCase is: JSJshop jSJshop = new JSJshop();

statement is: umd.cs.shop.JSJshop()V type is: class org.evosuite.testcase.statements.ConstructorStatement return type class umd.cs.shop.JSJshop
statement code is: JSJshop jSJshop = new JSJshop()
statement is: getDeleteList()Lumd/cs/shop/JSListLogicalAtoms; type is: class org.evosuite.testcase.statements.MethodStatement return type class umd.cs.shop.JSListLogicalAtoms
statement code is: JSListLogicalAtoms deleteList = jSJshop.getDeleteList()
test data is: JSJshop jSJshop = new JSJshop();
jSJshop.getDeleteList();

** It was a parseable test case! 
Improved test data is: class DummyClass {
    public static void main() {
        JSJshop jSJshop = new JSJshop();
        jSJshop.getDeleteList(new String[]{ "Item 1", "Item 2" });
    }
}
statement is: JSJshop jSJshop = new JSJshop(), class spoon.support.reflect.code.CtLocalVariableImpl
class spoon.support.reflect.code.CtConstructorCallImpl
statement is: jSJshop.getDeleteList(new String[]{ "Item 1", "Item 2" }), class spoon.support.reflect.code.CtInvocationImpl
invocation is: jSJshop.getDeleteList(new String[]{ "Item 1", "Item 2" }) target is: jSJshop method is: getDeleteList(java.lang.String[])
TestCase is: JSJshop jSJshop = new JSJshop();

statement is: EvoSuiteFile evoSuiteFile = new EvoSuiteFile("farp.shp") type is: class org.evosuite.testcase.statements.environment.FileNamePrimitiveStatement return type class org.evosuite.runtime.testdata.EvoSuiteFile
statement code is: EvoSuiteFile evoSuiteFile = new EvoSuiteFile("farp.shp")
statement is: appendStringToFile(Lorg/evosuite/runtime/testdata/EvoSuiteFile;Ljava/lang/String;)Z type is: class org.evosuite.testcase.statements.MethodStatement return type boolean
statement code is: boolean appendStringToFile = FileSystemHandling.appendStringToFile(arg0, "6eX:28b</eA")
statement is: umd.cs.shop.JSJshop()V type is: class org.evosuite.testcase.statements.ConstructorStatement return type class umd.cs.shop.JSJshop
statement code is: JSJshop jSJshop = new JSJshop()
statement is: testParser()V type is: class org.evosuite.testcase.statements.MethodStatement return type void
statement code is: jSJshop.testParser()
test data is: EvoSuiteFile evoSuiteFile = new EvoSuiteFile("farp.shp");
FileSystemHandling.appendStringToFile(evoSuiteFile, "6eX:28b</eA");
JSJshop jSJshop = new JSJshop();
jSJshop.testParser();

** It was a parseable test case! 
Improved test data is: class DummyClass {
    public static void main() {
        EvoSuiteFile evoSuiteFile = new EvoSuiteFile("farp.shp");
        FileSystemHandling.appendStringToFile(evoSuiteFile, "6eX:28b</eA");
        JSJshop jSJshop = new JSJshop();
        jSJshop.testParser("This is a test data string for the method testParser()", 10);
    }
}
statement is: EvoSuiteFile evoSuiteFile = new EvoSuiteFile("farp.shp"), class spoon.support.reflect.code.CtLocalVariableImpl
class spoon.support.reflect.code.CtConstructorCallImpl
statement is: FileSystemHandling.appendStringToFile(evoSuiteFile, "6eX:28b</eA"), class spoon.support.reflect.code.CtInvocationImpl
invocation is: FileSystemHandling.appendStringToFile(evoSuiteFile, "6eX:28b</eA") target is: FileSystemHandling method is: appendStringToFile(EvoSuiteFile,java.lang.String)
Matched Method is: appendStringToFile(Lorg/evosuite/runtime/testdata/EvoSuiteFile;Ljava/lang/String;)Z
i 1 Parameters size() 1 Num of Method Parameters: 2
statement is: JSJshop jSJshop = new JSJshop(), class spoon.support.reflect.code.CtLocalVariableImpl
class spoon.support.reflect.code.CtConstructorCallImpl
statement is: jSJshop.testParser("This is a test data string for the method testParser()", 10), class spoon.support.reflect.code.CtInvocationImpl
invocation is: jSJshop.testParser("This is a test data string for the method testParser()", 10) target is: jSJshop method is: testParser(java.lang.String,int)
TestCase is: String string = "6eX:28b</eA";
String string = null;
FileSystemHandling.appendStringToFile((EvoSuiteFile) string, string);
JSJshop jSJshop = new JSJshop();

statement is: EvoSuiteFile evoSuiteFile = new EvoSuiteFile("farp.shp") type is: class org.evosuite.testcase.statements.environment.FileNamePrimitiveStatement return type class org.evosuite.runtime.testdata.EvoSuiteFile
statement code is: EvoSuiteFile evoSuiteFile = new EvoSuiteFile("farp.shp")
statement is: appendStringToFile(Lorg/evosuite/runtime/testdata/EvoSuiteFile;Ljava/lang/String;)Z type is: class org.evosuite.testcase.statements.MethodStatement return type boolean
statement code is: boolean appendStringToFile = FileSystemHandling.appendStringToFile(arg0, "8):a8A2g7p4'[cO")
statement is: umd.cs.shop.JSJshop()V type is: class org.evosuite.testcase.statements.ConstructorStatement return type class umd.cs.shop.JSJshop
statement code is: JSJshop jSJshop = new JSJshop()
statement is: testParser()V type is: class org.evosuite.testcase.statements.MethodStatement return type void
statement code is: jSJshop.testParser()
test data is: EvoSuiteFile evoSuiteFile = new EvoSuiteFile("farp.shp");
FileSystemHandling.appendStringToFile(evoSuiteFile, "8):a8A2g7p4'[cO");
JSJshop jSJshop = new JSJshop();
jSJshop.testParser();

** It was a parseable test case! 
Improved test data is: class DummyClass {
    public static void main() {
        EvoSuiteFile evoSuiteFile = new EvoSuiteFile("farps_shapefile.shp");
        FileSystemHandling.appendStringToFile(evoSuiteFile, "50.1234,-12.3456", 1024);
        JSJshop jSJshop = new JSJshop();
        jSJshop.testParser();
    }
}
statement is: EvoSuiteFile evoSuiteFile = new EvoSuiteFile("farps_shapefile.shp"), class spoon.support.reflect.code.CtLocalVariableImpl
class spoon.support.reflect.code.CtConstructorCallImpl
statement is: FileSystemHandling.appendStringToFile(evoSuiteFile, "50.1234,-12.3456", 1024), class spoon.support.reflect.code.CtInvocationImpl
invocation is: FileSystemHandling.appendStringToFile(evoSuiteFile, "50.1234,-12.3456", 1024) target is: FileSystemHandling method is: appendStringToFile(EvoSuiteFile,java.lang.String,int)
statement is: JSJshop jSJshop = new JSJshop(), class spoon.support.reflect.code.CtLocalVariableImpl
class spoon.support.reflect.code.CtConstructorCallImpl
statement is: jSJshop.testParser(), class spoon.support.reflect.code.CtInvocationImpl
invocation is: jSJshop.testParser() target is: jSJshop method is: testParser()
source statement: umd.cs.shop.JSJshop()V callee: VariableReference: Statement 2, type umd.cs.shop.JSJshopindex is: 0
Matched Method is: testParser()V
TestCase Could not be added: testParser()V
TestCase is: JSJshop jSJshop = new JSJshop();

statement is: EvoSuiteFile evoSuiteFile = new EvoSuiteFile("farp.shp") type is: class org.evosuite.testcase.statements.environment.FileNamePrimitiveStatement return type class org.evosuite.runtime.testdata.EvoSuiteFile
statement code is: EvoSuiteFile evoSuiteFile = new EvoSuiteFile("farp.shp")
statement is: appendStringToFile(Lorg/evosuite/runtime/testdata/EvoSuiteFile;Ljava/lang/String;)Z type is: class org.evosuite.testcase.statements.MethodStatement return type boolean
statement code is: boolean appendStringToFile = FileSystemHandling.appendStringToFile(arg0, "cRsHxDKm!y;Nc8")
statement is: umd.cs.shop.JSJshop()V type is: class org.evosuite.testcase.statements.ConstructorStatement return type class umd.cs.shop.JSJshop
statement code is: JSJshop jSJshop = new JSJshop()
statement is: testParser()V type is: class org.evosuite.testcase.statements.MethodStatement return type void
statement code is: jSJshop.testParser()
test data is: EvoSuiteFile evoSuiteFile = new EvoSuiteFile("farp.shp");
FileSystemHandling.appendStringToFile(evoSuiteFile, "cRsHxDKm!y;Nc8");
JSJshop jSJshop = new JSJshop();
jSJshop.testParser();

** It was a parseable test case! 
Improved test data is: class DummyClass {
    public static void main() {
        EvoSuiteFile evoSuiteFile = new EvoSuiteFile("farp.shp");
        FileSystemHandling.appendStringToFile(evoSuiteFile, "Sample Text From FARP File");
        JSJshop jSJshop = new JSJshop();
        jSJshop.testParser();
    }
}
statement is: EvoSuiteFile evoSuiteFile = new EvoSuiteFile("farp.shp"), class spoon.support.reflect.code.CtLocalVariableImpl
class spoon.support.reflect.code.CtConstructorCallImpl
statement is: FileSystemHandling.appendStringToFile(evoSuiteFile, "Sample Text From FARP File"), class spoon.support.reflect.code.CtInvocationImpl
invocation is: FileSystemHandling.appendStringToFile(evoSuiteFile, "Sample Text From FARP File") target is: FileSystemHandling method is: appendStringToFile(EvoSuiteFile,java.lang.String)
Matched Method is: appendStringToFile(Lorg/evosuite/runtime/testdata/EvoSuiteFile;Ljava/lang/String;)Z
i 1 Parameters size() 1 Num of Method Parameters: 2
statement is: JSJshop jSJshop = new JSJshop(), class spoon.support.reflect.code.CtLocalVariableImpl
class spoon.support.reflect.code.CtConstructorCallImpl
statement is: jSJshop.testParser(), class spoon.support.reflect.code.CtInvocationImpl
invocation is: jSJshop.testParser() target is: jSJshop method is: testParser()
source statement: umd.cs.shop.JSJshop()V callee: VariableReference: Statement 2, type umd.cs.shop.JSJshopindex is: 3
Matched Method is: testParser()V
TestCase is: String string = "Sample Text From FARP File";
String string = null;
boolean appendStringToFile = FileSystemHandling.appendStringToFile((EvoSuiteFile) string, string);
JSJshop jSJshop = new JSJshop();
((JSJshop) appendStringToFile).testParser();

statement is: umd.cs.shop.JSJshop()V type is: class org.evosuite.testcase.statements.ConstructorStatement return type class umd.cs.shop.JSJshop
statement code is: JSJshop jSJshop = new JSJshop()
statement is: EvoSuiteFile evoSuiteFile = new EvoSuiteFile("farp.shp") type is: class org.evosuite.testcase.statements.environment.FileNamePrimitiveStatement return type class org.evosuite.runtime.testdata.EvoSuiteFile
statement code is: EvoSuiteFile evoSuiteFile = new EvoSuiteFile("farp.shp")
statement is: appendLineToFile(Lorg/evosuite/runtime/testdata/EvoSuiteFile;Ljava/lang/String;)Z type is: class org.evosuite.testcase.statements.MethodStatement return type boolean
statement code is: boolean appendLineToFile = FileSystemHandling.appendLineToFile(arg0, "]-FclXGJ")
statement is: testParser()V type is: class org.evosuite.testcase.statements.MethodStatement return type void
statement code is: jSJshop.testParser()
test data is: JSJshop jSJshop = new JSJshop();
EvoSuiteFile evoSuiteFile = new EvoSuiteFile("farp.shp");
FileSystemHandling.appendLineToFile(evoSuiteFile, "]-FclXGJ");
jSJshop.testParser();

** It was a parseable test case! 
Improved test data is: class DummyClass {
    public static void main() {
        JSJshop jSJshop = new JSJshop();
        EvoSuiteFile evoSuiteFile = new EvoSuiteFile("farp.shp");
        FileSystemHandling.appendLineToFile(evoSuiteFile, "]-FclXGJ");
        jSJshop.testParser();
    }
}
statement is: JSJshop jSJshop = new JSJshop(), class spoon.support.reflect.code.CtLocalVariableImpl
class spoon.support.reflect.code.CtConstructorCallImpl
statement is: EvoSuiteFile evoSuiteFile = new EvoSuiteFile("farp.shp"), class spoon.support.reflect.code.CtLocalVariableImpl
class spoon.support.reflect.code.CtConstructorCallImpl
statement is: FileSystemHandling.appendLineToFile(evoSuiteFile, "]-FclXGJ"), class spoon.support.reflect.code.CtInvocationImpl
invocation is: FileSystemHandling.appendLineToFile(evoSuiteFile, "]-FclXGJ") target is: FileSystemHandling method is: appendLineToFile(EvoSuiteFile,java.lang.String)
Matched Method is: appendLineToFile(Lorg/evosuite/runtime/testdata/EvoSuiteFile;Ljava/lang/String;)Z
i 1 Parameters size() 1 Num of Method Parameters: 2
statement is: jSJshop.testParser(), class spoon.support.reflect.code.CtInvocationImpl
invocation is: jSJshop.testParser() target is: jSJshop method is: testParser()
source statement: umd.cs.shop.JSJshop()V callee: VariableReference: Statement 0, type umd.cs.shop.JSJshopindex is: 0
Matched Method is: testParser()V
TestCase is: JSJshop jSJshop = new JSJshop();
String string = "]-FclXGJ";
String string = null;
FileSystemHandling.appendLineToFile((EvoSuiteFile) string, string);
jSJshop.testParser();

statement is: EvoSuiteFile evoSuiteFile = new EvoSuiteFile("farp.shp") type is: class org.evosuite.testcase.statements.environment.FileNamePrimitiveStatement return type class org.evosuite.runtime.testdata.EvoSuiteFile
statement code is: EvoSuiteFile evoSuiteFile = new EvoSuiteFile("farp.shp")
statement is: appendLineToFile(Lorg/evosuite/runtime/testdata/EvoSuiteFile;Ljava/lang/String;)Z type is: class org.evosuite.testcase.statements.MethodStatement return type boolean
statement code is: boolean appendLineToFile = FileSystemHandling.appendLineToFile(arg0, "`)Z=-+,")
statement is: umd.cs.shop.JSJshop()V type is: class org.evosuite.testcase.statements.ConstructorStatement return type class umd.cs.shop.JSJshop
statement code is: JSJshop jSJshop = new JSJshop()
statement is: testParser()V type is: class org.evosuite.testcase.statements.MethodStatement return type void
statement code is: jSJshop.testParser()
test data is: EvoSuiteFile evoSuiteFile = new EvoSuiteFile("farp.shp");
FileSystemHandling.appendLineToFile(evoSuiteFile, "`)Z=-+,");
JSJshop jSJshop = new JSJshop();
jSJshop.testParser();

** It was a parseable test case! 
Improved test data is: class DummyClass {
    public static void main() {
        EvoSuiteFile evoSuiteFile = new EvoSuiteFile("farp.shp");
        FileSystemHandling.appendLineToFile(evoSuiteFile, "1234567890-=!@#$%^&*()_+");
        JSJshop jSJshop = new JSJshop();
        jSJshop.testParser();
    }
}
statement is: EvoSuiteFile evoSuiteFile = new EvoSuiteFile("farp.shp"), class spoon.support.reflect.code.CtLocalVariableImpl
class spoon.support.reflect.code.CtConstructorCallImpl
statement is: FileSystemHandling.appendLineToFile(evoSuiteFile, "1234567890-=!@#$%^&*()_+"), class spoon.support.reflect.code.CtInvocationImpl
invocation is: FileSystemHandling.appendLineToFile(evoSuiteFile, "1234567890-=!@#$%^&*()_+") target is: FileSystemHandling method is: appendLineToFile(EvoSuiteFile,java.lang.String)
Matched Method is: appendLineToFile(Lorg/evosuite/runtime/testdata/EvoSuiteFile;Ljava/lang/String;)Z
i 1 Parameters size() 1 Num of Method Parameters: 2
statement is: JSJshop jSJshop = new JSJshop(), class spoon.support.reflect.code.CtLocalVariableImpl
class spoon.support.reflect.code.CtConstructorCallImpl
statement is: jSJshop.testParser(), class spoon.support.reflect.code.CtInvocationImpl
invocation is: jSJshop.testParser() target is: jSJshop method is: testParser()
source statement: umd.cs.shop.JSJshop()V callee: VariableReference: Statement 2, type umd.cs.shop.JSJshopindex is: 3
Matched Method is: testParser()V
TestCase is: String string = "1234567890-=!@#$%^&*()_+";
String string = null;
boolean appendLineToFile = FileSystemHandling.appendLineToFile((EvoSuiteFile) string, string);
JSJshop jSJshop = new JSJshop();
((JSJshop) appendLineToFile).testParser();

statement is: umd.cs.shop.JSTaskAtom()V type is: class org.evosuite.testcase.statements.ConstructorStatement return type class umd.cs.shop.JSTaskAtom
statement code is: JSTaskAtom jSTaskAtom = new JSTaskAtom()
statement is: EvoSuiteFile evoSuiteFile = new EvoSuiteFile("al") type is: class org.evosuite.testcase.statements.environment.FileNamePrimitiveStatement return type class org.evosuite.runtime.testdata.EvoSuiteFile
statement code is: EvoSuiteFile evoSuiteFile = new EvoSuiteFile("al")
statement is: appendLineToFile(Lorg/evosuite/runtime/testdata/EvoSuiteFile;Ljava/lang/String;)Z type is: class org.evosuite.testcase.statements.MethodStatement return type boolean
statement code is: boolean appendLineToFile = FileSystemHandling.appendLineToFile(arg0, "albm@f)[}")
statement is: umd.cs.shop.JSJshop(Ljava/lang/String;Lumd/cs/shop/JSTaskAtom;)V type is: class org.evosuite.testcase.statements.ConstructorStatement return type class umd.cs.shop.JSJshop
statement code is: JSJshop jSJshop = new JSJshop("al", arg1)
test data is: JSTaskAtom jSTaskAtom = new JSTaskAtom();
EvoSuiteFile evoSuiteFile = new EvoSuiteFile("al");
FileSystemHandling.appendLineToFile(evoSuiteFile, "albm@f)[}");
JSJshop jSJshop = new JSJshop("al", jSTaskAtom);

** It was a parseable test case! 
Improved test data is: class DummyClass {
    public static void main() {
        JSTaskAtom jSTaskAtom = new JSTaskAtom();
        EvoSuiteFile evoSuiteFile = new EvoSuiteFile("al");
        FileSystemHandling.appendLineToFile(evoSuiteFile, "albm@f)[}");
        JSJshop jSJshop = new JSJshop("al", jSTaskAtom);
    }
}
statement is: JSTaskAtom jSTaskAtom = new JSTaskAtom(), class spoon.support.reflect.code.CtLocalVariableImpl
class spoon.support.reflect.code.CtConstructorCallImpl
statement is: EvoSuiteFile evoSuiteFile = new EvoSuiteFile("al"), class spoon.support.reflect.code.CtLocalVariableImpl
class spoon.support.reflect.code.CtConstructorCallImpl
statement is: FileSystemHandling.appendLineToFile(evoSuiteFile, "albm@f)[}"), class spoon.support.reflect.code.CtInvocationImpl
invocation is: FileSystemHandling.appendLineToFile(evoSuiteFile, "albm@f)[}") target is: FileSystemHandling method is: appendLineToFile(EvoSuiteFile,java.lang.String)
Matched Method is: appendLineToFile(Lorg/evosuite/runtime/testdata/EvoSuiteFile;Ljava/lang/String;)Z
i 1 Parameters size() 1 Num of Method Parameters: 2
statement is: JSJshop jSJshop = new JSJshop("al", jSTaskAtom), class spoon.support.reflect.code.CtLocalVariableImpl
class spoon.support.reflect.code.CtConstructorCallImpl
TestCase is: JSTaskAtom jSTaskAtom = new JSTaskAtom();
String string = "albm@f)[}";
String string = null;
FileSystemHandling.appendLineToFile((EvoSuiteFile) string, string);
String string = "al";
JSJshop jSJshop = new JSJshop(string, jSTaskAtom);

statement is: umd.cs.shop.JSJshop()V type is: class org.evosuite.testcase.statements.ConstructorStatement return type class umd.cs.shop.JSJshop
statement code is: JSJshop jSJshop = new JSJshop()
statement is: getBufferedReader(Ljava/lang/String;Ljava/lang/String;Ljavax/swing/JApplet;)Ljava/io/BufferedReader; type is: class org.evosuite.testcase.statements.MethodStatement return type class java.io.BufferedReader
statement code is: BufferedReader bufferedReader = jSJshop.getBufferedReader("!#SPCP]i/", "!#SPCP]i/", (JApplet) null)
test data is: JSJshop jSJshop = new JSJshop();
jSJshop.getBufferedReader("!#SPCP]i/", "!#SPCP]i/", (JApplet) null);

** It was a parseable test case! 
Improved test data is: class DummyClass {
    public static void main() {
        JSJshop jSJshop = new JSJshop();
        jSJshop.getBufferedReader("!#SPCP]i/", "!#SPCP]i/", ((JApplet) (null)));
        // Improved test data
        JSJshop jSJshop = new JSJshop();
        jSJshop.getBufferedReader("!#SPCP]i/", "!#SPCP]i/", ((JApplet) (null)), 123456789);
    }
}
statement is: JSJshop jSJshop = new JSJshop(), class spoon.support.reflect.code.CtLocalVariableImpl
class spoon.support.reflect.code.CtConstructorCallImpl
statement is: jSJshop.getBufferedReader("!#SPCP]i/", "!#SPCP]i/", ((JApplet) (null))), class spoon.support.reflect.code.CtInvocationImpl
invocation is: jSJshop.getBufferedReader("!#SPCP]i/", "!#SPCP]i/", ((JApplet) (null))) target is: jSJshop method is: getBufferedReader(java.lang.String,java.lang.String,JApplet)
source statement: umd.cs.shop.JSJshop()V callee: VariableReference: Statement 0, type umd.cs.shop.JSJshopindex is: 0
Matched Method is: getBufferedReader(Ljava/lang/String;Ljava/lang/String;Ljavax/swing/JApplet;)Ljava/io/BufferedReader;
i 2 Parameters size() 2 Num of Method Parameters: 3
statement is: // Improved test data
JSJshop jSJshop = new JSJshop(), class spoon.support.reflect.code.CtLocalVariableImpl
class spoon.support.reflect.code.CtConstructorCallImpl
statement is: jSJshop.getBufferedReader("!#SPCP]i/", "!#SPCP]i/", ((JApplet) (null)), 123456789), class spoon.support.reflect.code.CtInvocationImpl
invocation is: jSJshop.getBufferedReader("!#SPCP]i/", "!#SPCP]i/", ((JApplet) (null)), 123456789) target is: jSJshop method is: getBufferedReader(java.lang.String,java.lang.String,JApplet,int)
TestCase is: JSJshop jSJshop = new JSJshop();
String string = "!#SPCP]i/";
String string = "!#SPCP]i/";
JApplet jApplet = null;
jSJshop.getBufferedReader(string, string, jApplet);
JSJshop jSJshop = new JSJshop();

statement is: umd.cs.shop.JSJshop()V type is: class org.evosuite.testcase.statements.ConstructorStatement return type class umd.cs.shop.JSJshop
statement code is: JSJshop jSJshop = new JSJshop()
statement is: getBufferedReader(Ljava/lang/String;Ljava/lang/String;Ljavax/swing/JApplet;)Ljava/io/BufferedReader; type is: class org.evosuite.testcase.statements.MethodStatement return type class java.io.BufferedReader
statement code is: BufferedReader bufferedReader = jSJshop.getBufferedReader("KowQRUpR&4i", (String) null, (JApplet) null)
test data is: JSJshop jSJshop = new JSJshop();
jSJshop.getBufferedReader("KowQRUpR&4i", (String) null, (JApplet) null);

** It was a parseable test case! 
Improved test data is: class DummyClass {
    public static void main() {
        JSJshop jSJshop = new JSJshop();
        jSJshop.getBufferedReader("KowQRUpR&4i", "Sample Input", ((JApplet) (null)));
    }
}
statement is: JSJshop jSJshop = new JSJshop(), class spoon.support.reflect.code.CtLocalVariableImpl
class spoon.support.reflect.code.CtConstructorCallImpl
statement is: jSJshop.getBufferedReader("KowQRUpR&4i", "Sample Input", ((JApplet) (null))), class spoon.support.reflect.code.CtInvocationImpl
invocation is: jSJshop.getBufferedReader("KowQRUpR&4i", "Sample Input", ((JApplet) (null))) target is: jSJshop method is: getBufferedReader(java.lang.String,java.lang.String,JApplet)
source statement: umd.cs.shop.JSJshop()V callee: VariableReference: Statement 0, type umd.cs.shop.JSJshopindex is: 0
Matched Method is: getBufferedReader(Ljava/lang/String;Ljava/lang/String;Ljavax/swing/JApplet;)Ljava/io/BufferedReader;
i 2 Parameters size() 2 Num of Method Parameters: 3
TestCase is: JSJshop jSJshop = new JSJshop();
String string = "KowQRUpR&4i";
String string = "Sample Input";
JApplet jApplet = null;
jSJshop.getBufferedReader(string, string, jApplet);

statement is: umd.cs.shop.JSJshop()V type is: class org.evosuite.testcase.statements.ConstructorStatement return type class umd.cs.shop.JSJshop
statement code is: JSJshop jSJshop = new JSJshop()
statement is: java.io.StringReader(Ljava/lang/String;)V type is: class org.evosuite.testcase.statements.ConstructorStatement return type class java.io.StringReader
statement code is: StringReader stringReader = new StringReader("umd.cs.shop.JSPlanningDomain")
statement is: java.io.StreamTokenizer(Ljava/io/Reader;)V type is: class org.evosuite.testcase.statements.ConstructorStatement return type class java.io.StreamTokenizer
statement code is: StreamTokenizer streamTokenizer = new StreamTokenizer(arg0)
statement is: processToken(Ljava/io/StreamTokenizer;)V type is: class org.evosuite.testcase.statements.MethodStatement return type void
statement code is: jSJshop.processToken(arg0)
test data is: JSJshop jSJshop = new JSJshop();
StringReader stringReader = new StringReader("umd.cs.shop.JSPlanningDomain");
StreamTokenizer streamTokenizer = new StreamTokenizer(stringReader);
jSJshop.processToken(streamTokenizer);

** It was a parseable test case! 
Improved test data is: class DummyClass {
    public static void main() {
        // Improved test data for the code snippet
        StringReader stringReader = new StringReader("umd.cs.shop.JSPlanningDomain");
        StreamTokenizer streamTokenizer = new StreamTokenizer(stringReader);
        jSJshop.processToken(streamTokenizer);
    }
}
statement is: // Improved test data for the code snippet
StringReader stringReader = new StringReader("umd.cs.shop.JSPlanningDomain"), class spoon.support.reflect.code.CtLocalVariableImpl
class spoon.support.reflect.code.CtConstructorCallImpl
statement is: StreamTokenizer streamTokenizer = new StreamTokenizer(stringReader), class spoon.support.reflect.code.CtLocalVariableImpl
class spoon.support.reflect.code.CtConstructorCallImpl
statement is: jSJshop.processToken(streamTokenizer), class spoon.support.reflect.code.CtInvocationImpl
invocation is: jSJshop.processToken(streamTokenizer) target is: jSJshop method is: processToken(StreamTokenizer)
TestCase is: String string = "umd.cs.shop.JSPlanningDomain";
StringReader stringReader = new StringReader(string);
StreamTokenizer streamTokenizer = new StreamTokenizer(stringReader);

statement is: umd.cs.shop.JSJshop()V type is: class org.evosuite.testcase.statements.ConstructorStatement return type class umd.cs.shop.JSJshop
statement code is: JSJshop jSJshop = new JSJshop()
statement is: parserFile(Ljava/lang/String;)Z type is: class org.evosuite.testcase.statements.MethodStatement return type boolean
statement code is: boolean parserFile = jSJshop.parserFile("umd.cs.shop.JSPairPlanTSListNodes")
test data is: JSJshop jSJshop = new JSJshop();
jSJshop.parserFile("umd.cs.shop.JSPairPlanTSListNodes");

** It was a parseable test case! 
Improved test data is: class DummyClass {
    public static void main() {
        JSJshop jSJshop = new JSJshop();
        jSJshop.parserFile("umd.cs.shop.JSPairPlanTSListNodes");
    }
}
statement is: JSJshop jSJshop = new JSJshop(), class spoon.support.reflect.code.CtLocalVariableImpl
class spoon.support.reflect.code.CtConstructorCallImpl
statement is: jSJshop.parserFile("umd.cs.shop.JSPairPlanTSListNodes"), class spoon.support.reflect.code.CtInvocationImpl
invocation is: jSJshop.parserFile("umd.cs.shop.JSPairPlanTSListNodes") target is: jSJshop method is: parserFile(java.lang.String)
source statement: umd.cs.shop.JSJshop()V callee: VariableReference: Statement 0, type umd.cs.shop.JSJshopindex is: 0
Matched Method is: parserFile(Ljava/lang/String;)Z
TestCase is: JSJshop jSJshop = new JSJshop();
String string = "umd.cs.shop.JSPairPlanTSListNodes";
jSJshop.parserFile(string);

statement is: org.evosuite.testcase.statements.ArrayStatement@bf22c3ff type is: class org.evosuite.testcase.statements.ArrayStatement return type class [Ljava.lang.String;
statement code is: String[] stringArray = new String[4]
statement is: org.evosuite.testcase.statements.AssignmentStatement@e27f4cc5 type is: class org.evosuite.testcase.statements.AssignmentStatement return type class java.lang.String
statement code is: stringArray[2] = "1"
statement is: main([Ljava/lang/String;)V type is: class org.evosuite.testcase.statements.MethodStatement return type void
statement code is: JSJshop.main(arg0)
test data is: String[] stringArray = new String[4];
stringArray[2] = "1";
JSJshop.main(stringArray);

** It was a parseable test case! 
Improved test data is: class DummyClass {
    public static void main() {
        String[] stringArray = new String[4];
        stringArray[0] = "1";// Changed from "1" to make the test more descriptive and representative of the situation being tested.

        stringArray[2] = "123";// Changed from "123" to make the test more descriptive and representative of the situation being tested.

        JSJshop.main(stringArray);
    }
}
statement is: String[] stringArray = new String[4], class spoon.support.reflect.code.CtLocalVariableImpl
class spoon.support.reflect.code.CtNewArrayImpl
Dimension: [4] Ct is: String[] stringArray = new String[4] isAssignment: false Array: new String[4] Elements: []
lengths: [4] [4]
Their type are: class [Ljava.lang.String; String[]
statement is: stringArray[0] = "1"// Changed from "1" to make the test more descriptive and representative of the situation being tested.
, class spoon.support.reflect.code.CtAssignmentImpl
Assigned : stringArray[0] Assigned Type class spoon.support.reflect.code.CtArrayWriteImpl String Assignment:"1" Ct is: stringArray[0] = "1"// Changed from "1" to make the test more descriptive and representative of the situation being tested.

target : stringArray class spoon.support.reflect.code.CtLiteralImpl
statement is: stringArray[2] = "123"// Changed from "123" to make the test more descriptive and representative of the situation being tested.
, class spoon.support.reflect.code.CtAssignmentImpl
Assigned : stringArray[2] Assigned Type class spoon.support.reflect.code.CtArrayWriteImpl String Assignment:"123" Ct is: stringArray[2] = "123"// Changed from "123" to make the test more descriptive and representative of the situation being tested.

target : stringArray class spoon.support.reflect.code.CtLiteralImpl
statement is: JSJshop.main(stringArray), class spoon.support.reflect.code.CtInvocationImpl
invocation is: JSJshop.main(stringArray) target is: JSJshop method is: main(java.lang.String[])
Matched Method is: main([Ljava/lang/String;)V
TestCase is: String[] stringArray = new String[4];
String string = "1";
stringArray[2] = string;
String string = "123";
stringArray[2] = string;
JSJshop.main(stringArray);

statement is: umd.cs.shop.JSJshop()V type is: class org.evosuite.testcase.statements.ConstructorStatement return type class umd.cs.shop.JSJshop
statement code is: JSJshop jSJshop = new JSJshop()
statement is: testParser()V type is: class org.evosuite.testcase.statements.MethodStatement return type void
statement code is: jSJshop.testParser()
test data is: JSJshop jSJshop = new JSJshop();
jSJshop.testParser();

** It was a parseable test case! 
Improved test data is: class DummyClass {
    public static void main() {
        JSJshop jSJshop = new JSJshop();
        jSJshop.testParser();
        // Improved test data
        int totalItems = 5;
        String[] itemNames = new String[]{ "Apple", "Orange", "Banana", "Mango", "Pear" };
        double[] itemPrices = new double[]{ 1.99, 2.99, 3.99, 4.99, 5.99 };
        boolean[] itemAvailability = new boolean[]{ true, false, true, false, true };
        String[] itemDescriptions = new String[]{ "A juicy red apple", "A tangy orange", "A sweet and curly banana", "A tropical mango", "A peachy pear" };
    }
}
statement is: JSJshop jSJshop = new JSJshop(), class spoon.support.reflect.code.CtLocalVariableImpl
class spoon.support.reflect.code.CtConstructorCallImpl
statement is: jSJshop.testParser(), class spoon.support.reflect.code.CtInvocationImpl
invocation is: jSJshop.testParser() target is: jSJshop method is: testParser()
source statement: umd.cs.shop.JSJshop()V callee: VariableReference: Statement 0, type umd.cs.shop.JSJshopindex is: 0
Matched Method is: testParser()V
statement is: // Improved test data
int totalItems = 5, class spoon.support.reflect.code.CtLocalVariableImpl
class spoon.support.reflect.code.CtLiteralImpl
statement is: String[] itemNames = new String[]{ "Apple", "Orange", "Banana", "Mango", "Pear" }, class spoon.support.reflect.code.CtLocalVariableImpl
class spoon.support.reflect.code.CtNewArrayImpl
statement is: double[] itemPrices = new double[]{ 1.99, 2.99, 3.99, 4.99, 5.99 }, class spoon.support.reflect.code.CtLocalVariableImpl
class spoon.support.reflect.code.CtNewArrayImpl
statement is: boolean[] itemAvailability = new boolean[]{ true, false, true, false, true }, class spoon.support.reflect.code.CtLocalVariableImpl
class spoon.support.reflect.code.CtNewArrayImpl
statement is: String[] itemDescriptions = new String[]{ "A juicy red apple", "A tangy orange", "A sweet and curly banana", "A tropical mango", "A peachy pear" }, class spoon.support.reflect.code.CtLocalVariableImpl
class spoon.support.reflect.code.CtNewArrayImpl
* this is vulnerable: int _int = 5
TestCase is: JSJshop jSJshop = new JSJshop();
jSJshop.testParser();
int _int = 5;

statement is: umd.cs.shop.JSJshop()V type is: class org.evosuite.testcase.statements.ConstructorStatement return type class umd.cs.shop.JSJshop
statement code is: JSJshop jSJshop = new JSJshop()
statement is: setFile(Ljava/lang/String;Lumd/cs/shop/JSTaskAtom;)Lumd/cs/shop/JSPairPlanTSListNodes; type is: class org.evosuite.testcase.statements.MethodStatement return type class umd.cs.shop.JSPairPlanTSListNodes
statement code is: JSPairPlanTSListNodes setFile = jSJshop.setFile(" ", (JSTaskAtom) null)
test data is: JSJshop jSJshop = new JSJshop();
jSJshop.setFile(" ", (JSTaskAtom) null);

** It was a parseable test case! 
Improved test data is: class DummyClass {
    public static void main() {
        JSJshop jSJshop = new JSJshop();
        jSJshop.setFile("C:\\Users\\John Doe\\Documents\\file.txt", ((JSTaskAtom) (null)));
    }
}
statement is: JSJshop jSJshop = new JSJshop(), class spoon.support.reflect.code.CtLocalVariableImpl
class spoon.support.reflect.code.CtConstructorCallImpl
statement is: jSJshop.setFile("C:\\Users\\John Doe\\Documents\\file.txt", ((JSTaskAtom) (null))), class spoon.support.reflect.code.CtInvocationImpl
invocation is: jSJshop.setFile("C:\\Users\\John Doe\\Documents\\file.txt", ((JSTaskAtom) (null))) target is: jSJshop method is: setFile(java.lang.String,JSTaskAtom)
source statement: umd.cs.shop.JSJshop()V callee: VariableReference: Statement 0, type umd.cs.shop.JSJshopindex is: 0
Matched Method is: setFile(Ljava/lang/String;Lumd/cs/shop/JSTaskAtom;)Lumd/cs/shop/JSPairPlanTSListNodes;
i 1 Parameters size() 1 Num of Method Parameters: 2
TestCase is: JSJshop jSJshop = new JSJshop();
String string = "C:\\Users\\John Doe\\Documents\\file.txt";
JSTaskAtom jSTaskAtom = null;
jSJshop.setFile(string, jSTaskAtom);

* test suite isTestSuite: 50
Test 0: 
JSJshop jSJshop = new JSJshop();
jSJshop.getTree();
Test 1: 
JSJshop jSJshop = new JSJshop();
// Undeclared exception!
try { 
  jSJshop.getAppletURL("{1W-S", (JApplet) null);
  fail("Expecting exception: NullPointerException");

} catch(NullPointerException e) {
   //
   // no message in exception (getMessage() returned null)
   //
   verifyException("umd.cs.shop.JSJshop", e);
}

Test 2: 
JSJshop jSJshop = new JSJshop();
jSJshop.getSolution();
Test 3: 
JSJshop jSJshop = new JSJshop();
jSJshop.sol();
Test 4: 
JSJshop jSJshop = new JSJshop();
jSJshop.tree();
Test 5: 
JSJshop jSJshop = new JSJshop();
jSJshop.prob();
Test 6: 
JSJshop jSJshop = new JSJshop();
jSJshop.dom();
Test 7: 
String[] stringArray = new String[1];
JSJshop.main(stringArray);
Test 8: 
String[] stringArray = new String[6];
JSJshop.main(stringArray);
Test 9: 
String[] stringArray = new String[2];
// Undeclared exception!
try { 
  JSJshop.main(stringArray);
  fail("Expecting exception: NullPointerException");

} catch(NullPointerException e) {
   //
   // no message in exception (getMessage() returned null)
   //
   verifyException("org.evosuite.runtime.mock.java.io.MockFileInputStream", e);
}

Test 10: 
JSJshop jSJshop = null;
try {
  jSJshop = new JSJshop("r*", "r*");
  fail("Expecting exception: System.SystemExitException");

} catch(System.SystemExitException e) {
   //
   // no message in exception (getMessage() returned null)
   //
   verifyException("org.evosuite.runtime.System", e);
}

Test 11: 
JSJshop jSJshop = new JSJshop();
jSJshop.getAddList();
Test 12: 
JSJshop jSJshop = new JSJshop();
jSJshop.getDeleteList();
Test 13: 
EvoSuiteFile evoSuiteFile = new EvoSuiteFile("farp.shp");
FileSystemHandling.appendStringToFile(evoSuiteFile, "6eX:28b</eA");
JSJshop jSJshop = new JSJshop();
jSJshop.testParser();
Test 14: 
EvoSuiteFile evoSuiteFile = new EvoSuiteFile("farp.shp");
FileSystemHandling.appendStringToFile(evoSuiteFile, "8):a8A2g7p4'[cO");
JSJshop jSJshop = new JSJshop();
jSJshop.testParser();
Test 15: 
EvoSuiteFile evoSuiteFile = new EvoSuiteFile("farp.shp");
FileSystemHandling.appendStringToFile(evoSuiteFile, "cRsHxDKm!y;Nc8");
JSJshop jSJshop = new JSJshop();
jSJshop.testParser();
Test 16: 
JSJshop jSJshop = new JSJshop();
EvoSuiteFile evoSuiteFile = new EvoSuiteFile("farp.shp");
FileSystemHandling.appendLineToFile(evoSuiteFile, "]-FclXGJ");
jSJshop.testParser();
Test 17: 
EvoSuiteFile evoSuiteFile = new EvoSuiteFile("farp.shp");
FileSystemHandling.appendLineToFile(evoSuiteFile, "`)Z=-+,");
JSJshop jSJshop = new JSJshop();
jSJshop.testParser();
Test 18: 
JSTaskAtom jSTaskAtom = new JSTaskAtom();
EvoSuiteFile evoSuiteFile = new EvoSuiteFile("al");
FileSystemHandling.appendLineToFile(evoSuiteFile, "albm@f)[}");
JSJshop jSJshop = null;
try {
  jSJshop = new JSJshop("al", jSTaskAtom);
  fail("Expecting exception: NullPointerException");

} catch(NullPointerException e) {
   //
   // no message in exception (getMessage() returned null)
   //
   verifyException("umd.cs.shop.JSJshop", e);
}

Test 19: 
JSJshop jSJshop = new JSJshop();
jSJshop.getBufferedReader("!#SPCP]i/", "!#SPCP]i/", (JApplet) null);
Test 20: 
JSJshop jSJshop = new JSJshop();
jSJshop.getBufferedReader("KowQRUpR&4i", (String) null, (JApplet) null);
Test 21: 
JSJshop jSJshop = new JSJshop();
StringReader stringReader = new StringReader("umd.cs.shop.JSPlanningDomain");
StreamTokenizer streamTokenizer = new StreamTokenizer(stringReader);
// Undeclared exception!
try { 
  jSJshop.processToken(streamTokenizer);
  fail("Expecting exception: Error");

} catch(Error e) {
   //
   // no message in exception (getMessage() returned null)
   //
   verifyException("umd.cs.shop.JSJshop", e);
}

Test 22: 
JSJshop jSJshop = new JSJshop();
jSJshop.parserFile("umd.cs.shop.JSPairPlanTSListNodes");
Test 23: 
String[] stringArray = new String[4];
stringArray[2] = "1";
JSJshop.main(stringArray);
Test 24: 
JSJshop jSJshop = new JSJshop();
// Undeclared exception!
try { 
  jSJshop.testParser();
  fail("Expecting exception: System.SystemExitException");

} catch(System.SystemExitException e) {
   //
   // no message in exception (getMessage() returned null)
   //
   verifyException("org.evosuite.runtime.System", e);
}

Test 25: 
JSJshop jSJshop = new JSJshop();
// Undeclared exception!
try { 
  jSJshop.setFile(" ", (JSTaskAtom) null);
  fail("Expecting exception: NullPointerException");

} catch(NullPointerException e) {
   //
   // no message in exception (getMessage() returned null)
   //
   verifyException("umd.cs.shop.JSJshop", e);
}

Test 26: 
JSJshop jSJshop = new JSJshop();
jSJshop.getTree();

Test 27: 
JSJshop jSJshop = new JSJshop();

Test 28: 
JSJshop jSJshop = new JSJshop();

Test 29: 

Test 30: 
JSJshop jSJshop = new JSJshop();
jSJshop.dom();

Test 31: 
String[] stringArray = new String[1];
JSJshop.main(stringArray);

Test 32: 
JSJshop.main((String[]) null);

Test 33: 
String[] stringArray = new String[2];
JSJshop.main(stringArray);

Test 34: 
JSJshop jSJshop = new JSJshop("restaurant name", "location");

Test 35: 
JSJshop jSJshop = new JSJshop();

Test 36: 
JSJshop jSJshop = new JSJshop();

Test 37: 
FileSystemHandling.appendStringToFile((EvoSuiteFile) "6eX:28b</eA", (String) null);
JSJshop jSJshop = new JSJshop();

Test 38: 
JSJshop jSJshop = new JSJshop();

Test 39: 
boolean appendStringToFile = FileSystemHandling.appendStringToFile((EvoSuiteFile) "Sample Text From FARP File", (String) null);
JSJshop jSJshop = new JSJshop();
((JSJshop) appendStringToFile).testParser();

Test 40: 
JSJshop jSJshop = new JSJshop();
FileSystemHandling.appendLineToFile((EvoSuiteFile) "]-FclXGJ", (String) null);
jSJshop.testParser();

Test 41: 
boolean appendLineToFile = FileSystemHandling.appendLineToFile((EvoSuiteFile) "1234567890-=!@#$%^&*()_+", (String) null);
JSJshop jSJshop = new JSJshop();
((JSJshop) appendLineToFile).testParser();

Test 42: 
JSTaskAtom jSTaskAtom = new JSTaskAtom();
FileSystemHandling.appendLineToFile((EvoSuiteFile) "albm@f)[}", (String) null);
String string = "al";
JSJshop jSJshop = new JSJshop(string, jSTaskAtom);

Test 43: 
JSJshop jSJshop = new JSJshop();
jSJshop.getBufferedReader("!#SPCP]i/", "!#SPCP]i/", (JApplet) null);
JSJshop jSJshop = new JSJshop();

Test 44: 
JSJshop jSJshop = new JSJshop();
jSJshop.getBufferedReader("KowQRUpR&4i", "Sample Input", (JApplet) null);

Test 45: 
StringReader stringReader = new StringReader("umd.cs.shop.JSPlanningDomain");
StreamTokenizer streamTokenizer = new StreamTokenizer(stringReader);

Test 46: 
JSJshop jSJshop = new JSJshop();
jSJshop.parserFile("umd.cs.shop.JSPairPlanTSListNodes");

Test 47: 
String[] stringArray = new String[4];
stringArray[2] = "1";
stringArray[2] = "123";
JSJshop.main(stringArray);

Test 48: 
JSJshop jSJshop = new JSJshop();
jSJshop.testParser();

Test 49: 
JSJshop jSJshop = new JSJshop();
jSJshop.setFile("C:UsersJohn DoeDocuments\file.txt", (JSTaskAtom) null);


* Generated after the refinement and before minimization 50 tests with total length 113
* test suite isTestSuite: 50
Test 0: 
JSJshop jSJshop = new JSJshop();
jSJshop.getTree();
Test 1: 
JSJshop jSJshop = new JSJshop();
// Undeclared exception!
try { 
  jSJshop.getAppletURL("{1W-S", (JApplet) null);
  fail("Expecting exception: NullPointerException");

} catch(NullPointerException e) {
   //
   // no message in exception (getMessage() returned null)
   //
   verifyException("umd.cs.shop.JSJshop", e);
}

Test 2: 
JSJshop jSJshop = new JSJshop();
jSJshop.getSolution();
Test 3: 
JSJshop jSJshop = new JSJshop();
jSJshop.sol();
Test 4: 
JSJshop jSJshop = new JSJshop();
jSJshop.tree();
Test 5: 
JSJshop jSJshop = new JSJshop();
jSJshop.prob();
Test 6: 
JSJshop jSJshop = new JSJshop();
jSJshop.dom();
Test 7: 
String[] stringArray = new String[1];
JSJshop.main(stringArray);
Test 8: 
String[] stringArray = new String[6];
JSJshop.main(stringArray);
Test 9: 
String[] stringArray = new String[2];
// Undeclared exception!
try { 
  JSJshop.main(stringArray);
  fail("Expecting exception: NullPointerException");

} catch(NullPointerException e) {
   //
   // no message in exception (getMessage() returned null)
   //
   verifyException("org.evosuite.runtime.mock.java.io.MockFileInputStream", e);
}

Test 10: 
JSJshop jSJshop = null;
try {
  jSJshop = new JSJshop("r*", "r*");
  fail("Expecting exception: System.SystemExitException");

} catch(System.SystemExitException e) {
   //
   // no message in exception (getMessage() returned null)
   //
   verifyException("org.evosuite.runtime.System", e);
}

Test 11: 
JSJshop jSJshop = new JSJshop();
jSJshop.getAddList();
Test 12: 
JSJshop jSJshop = new JSJshop();
jSJshop.getDeleteList();
Test 13: 
EvoSuiteFile evoSuiteFile = new EvoSuiteFile("farp.shp");
FileSystemHandling.appendStringToFile(evoSuiteFile, "6eX:28b</eA");
JSJshop jSJshop = new JSJshop();
jSJshop.testParser();
Test 14: 
EvoSuiteFile evoSuiteFile = new EvoSuiteFile("farp.shp");
FileSystemHandling.appendStringToFile(evoSuiteFile, "8):a8A2g7p4'[cO");
JSJshop jSJshop = new JSJshop();
jSJshop.testParser();
Test 15: 
EvoSuiteFile evoSuiteFile = new EvoSuiteFile("farp.shp");
FileSystemHandling.appendStringToFile(evoSuiteFile, "cRsHxDKm!y;Nc8");
JSJshop jSJshop = new JSJshop();
jSJshop.testParser();
Test 16: 
JSJshop jSJshop = new JSJshop();
EvoSuiteFile evoSuiteFile = new EvoSuiteFile("farp.shp");
FileSystemHandling.appendLineToFile(evoSuiteFile, "]-FclXGJ");
jSJshop.testParser();
Test 17: 
EvoSuiteFile evoSuiteFile = new EvoSuiteFile("farp.shp");
FileSystemHandling.appendLineToFile(evoSuiteFile, "`)Z=-+,");
JSJshop jSJshop = new JSJshop();
jSJshop.testParser();
Test 18: 
JSTaskAtom jSTaskAtom = new JSTaskAtom();
EvoSuiteFile evoSuiteFile = new EvoSuiteFile("al");
FileSystemHandling.appendLineToFile(evoSuiteFile, "albm@f)[}");
JSJshop jSJshop = null;
try {
  jSJshop = new JSJshop("al", jSTaskAtom);
  fail("Expecting exception: NullPointerException");

} catch(NullPointerException e) {
   //
   // no message in exception (getMessage() returned null)
   //
   verifyException("umd.cs.shop.JSJshop", e);
}

Test 19: 
JSJshop jSJshop = new JSJshop();
jSJshop.getBufferedReader("!#SPCP]i/", "!#SPCP]i/", (JApplet) null);
Test 20: 
JSJshop jSJshop = new JSJshop();
jSJshop.getBufferedReader("KowQRUpR&4i", (String) null, (JApplet) null);
Test 21: 
JSJshop jSJshop = new JSJshop();
StringReader stringReader = new StringReader("umd.cs.shop.JSPlanningDomain");
StreamTokenizer streamTokenizer = new StreamTokenizer(stringReader);
// Undeclared exception!
try { 
  jSJshop.processToken(streamTokenizer);
  fail("Expecting exception: Error");

} catch(Error e) {
   //
   // no message in exception (getMessage() returned null)
   //
   verifyException("umd.cs.shop.JSJshop", e);
}

Test 22: 
JSJshop jSJshop = new JSJshop();
jSJshop.parserFile("umd.cs.shop.JSPairPlanTSListNodes");
Test 23: 
String[] stringArray = new String[4];
stringArray[2] = "1";
JSJshop.main(stringArray);
Test 24: 
JSJshop jSJshop = new JSJshop();
// Undeclared exception!
try { 
  jSJshop.testParser();
  fail("Expecting exception: System.SystemExitException");

} catch(System.SystemExitException e) {
   //
   // no message in exception (getMessage() returned null)
   //
   verifyException("org.evosuite.runtime.System", e);
}

Test 25: 
JSJshop jSJshop = new JSJshop();
// Undeclared exception!
try { 
  jSJshop.setFile(" ", (JSTaskAtom) null);
  fail("Expecting exception: NullPointerException");

} catch(NullPointerException e) {
   //
   // no message in exception (getMessage() returned null)
   //
   verifyException("umd.cs.shop.JSJshop", e);
}

Test 26: 
JSJshop jSJshop = new JSJshop();
jSJshop.getTree();

Test 27: 
JSJshop jSJshop = new JSJshop();

Test 28: 
JSJshop jSJshop = new JSJshop();

Test 29: 

Test 30: 
JSJshop jSJshop = new JSJshop();
jSJshop.dom();

Test 31: 
String[] stringArray = new String[1];
JSJshop.main(stringArray);

Test 32: 
JSJshop.main((String[]) null);

Test 33: 
String[] stringArray = new String[2];
JSJshop.main(stringArray);

Test 34: 
JSJshop jSJshop = new JSJshop("restaurant name", "location");

Test 35: 
JSJshop jSJshop = new JSJshop();

Test 36: 
JSJshop jSJshop = new JSJshop();

Test 37: 
FileSystemHandling.appendStringToFile((EvoSuiteFile) "6eX:28b</eA", (String) null);
JSJshop jSJshop = new JSJshop();

Test 38: 
JSJshop jSJshop = new JSJshop();

Test 39: 
boolean appendStringToFile = FileSystemHandling.appendStringToFile((EvoSuiteFile) "Sample Text From FARP File", (String) null);
JSJshop jSJshop = new JSJshop();
((JSJshop) appendStringToFile).testParser();

Test 40: 
JSJshop jSJshop = new JSJshop();
FileSystemHandling.appendLineToFile((EvoSuiteFile) "]-FclXGJ", (String) null);
jSJshop.testParser();

Test 41: 
boolean appendLineToFile = FileSystemHandling.appendLineToFile((EvoSuiteFile) "1234567890-=!@#$%^&*()_+", (String) null);
JSJshop jSJshop = new JSJshop();
((JSJshop) appendLineToFile).testParser();

Test 42: 
JSTaskAtom jSTaskAtom = new JSTaskAtom();
FileSystemHandling.appendLineToFile((EvoSuiteFile) "albm@f)[}", (String) null);
String string = "al";
JSJshop jSJshop = new JSJshop(string, jSTaskAtom);

Test 43: 
JSJshop jSJshop = new JSJshop();
jSJshop.getBufferedReader("!#SPCP]i/", "!#SPCP]i/", (JApplet) null);
JSJshop jSJshop = new JSJshop();

Test 44: 
JSJshop jSJshop = new JSJshop();
jSJshop.getBufferedReader("KowQRUpR&4i", "Sample Input", (JApplet) null);

Test 45: 
StringReader stringReader = new StringReader("umd.cs.shop.JSPlanningDomain");
StreamTokenizer streamTokenizer = new StreamTokenizer(stringReader);

Test 46: 
JSJshop jSJshop = new JSJshop();
jSJshop.parserFile("umd.cs.shop.JSPairPlanTSListNodes");

Test 47: 
String[] stringArray = new String[4];
stringArray[2] = "1";
stringArray[2] = "123";
JSJshop.main(stringArray);

Test 48: 
JSJshop jSJshop = new JSJshop();
jSJshop.testParser();

Test 49: 
JSJshop jSJshop = new JSJshop();
jSJshop.setFile("C:UsersJohn DoeDocuments\file.txt", (JSTaskAtom) null);


* Minimizing test suite
* test suite isTestSuite: 26
Test 0: 
JSJshop jSJshop = new JSJshop();
jSJshop.getTree();
Test 1: 
JSJshop jSJshop = new JSJshop();
// Undeclared exception!
try { 
  jSJshop.getAppletURL("{1W-S", (JApplet) null);
  fail("Expecting exception: NullPointerException");

} catch(NullPointerException e) {
   //
   // no message in exception (getMessage() returned null)
   //
   verifyException("umd.cs.shop.JSJshop", e);
}

Test 2: 
JSJshop jSJshop = new JSJshop();
jSJshop.getSolution();
Test 3: 
JSJshop jSJshop = new JSJshop();
jSJshop.sol();
Test 4: 
JSJshop jSJshop = new JSJshop();
jSJshop.tree();
Test 5: 
JSJshop jSJshop = new JSJshop();
jSJshop.prob();
Test 6: 
JSJshop jSJshop = new JSJshop();
jSJshop.dom();
Test 7: 
String[] stringArray = new String[1];
JSJshop.main(stringArray);
Test 8: 
String[] stringArray = new String[2];
// Undeclared exception!
try { 
  JSJshop.main(stringArray);
  fail("Expecting exception: NullPointerException");

} catch(NullPointerException e) {
   //
   // no message in exception (getMessage() returned null)
   //
   verifyException("org.evosuite.runtime.mock.java.io.MockFileInputStream", e);
}

Test 9: 
String[] stringArray = new String[6];
JSJshop.main(stringArray);
Test 10: 
JSJshop jSJshop = null;
try {
  jSJshop = new JSJshop("restaurant name", "location");
  fail("Expecting exception: System.SystemExitException");

} catch(System.SystemExitException e) {
   //
   // no message in exception (getMessage() returned null)
   //
   verifyException("org.evosuite.runtime.System", e);
}

Test 11: 
JSJshop jSJshop = new JSJshop();
jSJshop.getAddList();
Test 12: 
JSJshop jSJshop = new JSJshop();
jSJshop.getDeleteList();
Test 13: 
EvoSuiteFile evoSuiteFile = new EvoSuiteFile("farp.shp");
FileSystemHandling.appendLineToFile(evoSuiteFile, "`)Z=-+,");
JSJshop jSJshop = new JSJshop();
jSJshop.testParser();
Test 14: 
EvoSuiteFile evoSuiteFile = new EvoSuiteFile("farp.shp");
FileSystemHandling.appendStringToFile(evoSuiteFile, "6eX:28b</eA");
JSJshop jSJshop = new JSJshop();
jSJshop.testParser();
Test 15: 
EvoSuiteFile evoSuiteFile = new EvoSuiteFile("farp.shp");
FileSystemHandling.appendStringToFile(evoSuiteFile, "8):a8A2g7p4'[cO");
JSJshop jSJshop = new JSJshop();
jSJshop.testParser();
Test 16: 
EvoSuiteFile evoSuiteFile = new EvoSuiteFile("farp.shp");
FileSystemHandling.appendStringToFile(evoSuiteFile, "cRsHxDKm!y;Nc8");
JSJshop jSJshop = new JSJshop();
jSJshop.testParser();
Test 17: 
JSJshop jSJshop = new JSJshop();
EvoSuiteFile evoSuiteFile = new EvoSuiteFile("farp.shp");
FileSystemHandling.appendLineToFile(evoSuiteFile, "]-FclXGJ");
jSJshop.testParser();
Test 18: 
JSTaskAtom jSTaskAtom = new JSTaskAtom();
EvoSuiteFile evoSuiteFile = new EvoSuiteFile("al");
FileSystemHandling.appendLineToFile(evoSuiteFile, "albm@f)[}");
JSJshop jSJshop = null;
try {
  jSJshop = new JSJshop("al", jSTaskAtom);
  fail("Expecting exception: NullPointerException");

} catch(NullPointerException e) {
   //
   // no message in exception (getMessage() returned null)
   //
   verifyException("umd.cs.shop.JSJshop", e);
}

Test 19: 
JSJshop jSJshop = new JSJshop();
jSJshop.getBufferedReader("KowQRUpR&4i", "Sample Input", (JApplet) null);
Test 20: 
JSJshop jSJshop = new JSJshop();
jSJshop.getBufferedReader("KowQRUpR&4i", (String) null, (JApplet) null);
Test 21: 
JSJshop jSJshop = new JSJshop();
StringReader stringReader = new StringReader("umd.cs.shop.JSPlanningDomain");
StreamTokenizer streamTokenizer = new StreamTokenizer(stringReader);
// Undeclared exception!
try { 
  jSJshop.processToken(streamTokenizer);
  fail("Expecting exception: Error");

} catch(Error e) {
   //
   // no message in exception (getMessage() returned null)
   //
   verifyException("umd.cs.shop.JSJshop", e);
}

Test 22: 
JSJshop jSJshop = new JSJshop();
jSJshop.parserFile("umd.cs.shop.JSPairPlanTSListNodes");
Test 23: 
String[] stringArray = new String[4];
stringArray[2] = "1";
JSJshop.main(stringArray);
Test 24: 
JSJshop jSJshop = new JSJshop();
// Undeclared exception!
try { 
  jSJshop.testParser();
  fail("Expecting exception: System.SystemExitException");

} catch(System.SystemExitException e) {
   //
   // no message in exception (getMessage() returned null)
   //
   verifyException("org.evosuite.runtime.System", e);
}

Test 25: 
JSJshop jSJshop = new JSJshop();
// Undeclared exception!
try { 
  jSJshop.setFile(" ", (JSTaskAtom) null);
  fail("Expecting exception: NullPointerException");

} catch(NullPointerException e) {
   //
   // no message in exception (getMessage() returned null)
   //
   verifyException("umd.cs.shop.JSJshop", e);
}


* Going to analyze the coverage criteria
* Coverage analysis for criterion BRANCH
* Coverage of criterion BRANCH: 57%
* Total number of goals: 114
* Number of covered goals: 65
* Coverage analysis for criterion LINE
* Coverage of criterion LINE: 52%
* Total number of goals: 225
* Number of covered goals: 117
* Coverage analysis for criterion OUTPUT
* Coverage of criterion OUTPUT: 18%
* Total number of goals: 56
* Number of covered goals: 10
* Coverage analysis for criterion METHOD
* Coverage of criterion METHOD: 95%
* Total number of goals: 19
* Number of covered goals: 18
* Coverage analysis for criterion CBRANCH
* Coverage of criterion CBRANCH: 55%
* Total number of goals: 114
* Number of covered goals: 63
* Generated 26 tests with total length 66
* Resulting test suite's coverage: 54% (average coverage for all fitness functions)
* Generating assertions
* Resulting test suite's mutation score: 8%
* Compiling and checking tests
Going to execute: removeTestsThatDoNotCompile
* Compiling Tests
** Write a test suite: 0 called: 0 to improve: false
* Compiling Tests
** Write a test suite: 0 called: 0 to improve: true
** Improve Understandability: ** Test Code is: JSJshop jSJshop = new JSJshop();
JSJshopNode tree = jSJshop.getTree();
assertNull(tree);


** It was a parseable test case! 
refined test name is: testGetTreeReturnsNullWhenNoNodesExist
* Compiling Tests
** Write a test suite: 0 called: 0 to improve: false
* Compiling Tests
** Write a test suite: 0 called: 0 to improve: true
** Improve Understandability: ** Test Code is: JSJshop jSJshop = new JSJshop();
// Undeclared exception!
try { 
  jSJshop.getAppletURL("{1W-S", (JApplet) null);
  fail("Expecting exception: NullPointerException");

} catch(NullPointerException e) {
   //
   // no message in exception (getMessage() returned null)
   //
   verifyException("umd.cs.shop.JSJshop", e);
}


** It was a parseable test case! 
refined test name is: testGetAppletURLErrorWhenSecondArgumentIsNull
* Compiling Tests
** Write a test suite: 0 called: 0 to improve: false
* Compiling Tests
** Write a test suite: 0 called: 0 to improve: true
** Improve Understandability: ** Test Code is: JSJshop jSJshop = new JSJshop();
JSPairPlanTSListNodes solution = jSJshop.getSolution();
assertNull(solution);


** It was a parseable test case! 
refined test name is: testGetSolutionReturnsNullWhenNoSolutionAvailable
* Compiling Tests
** Write a test suite: 0 called: 0 to improve: false
* Compiling Tests
** Write a test suite: 0 called: 0 to improve: true
** Improve Understandability: ** Test Code is: JSJshop jSJshop = new JSJshop();
JSPlan sol = jSJshop.sol();
assertNull(sol);


** It was a parseable test case! 
refined test name is: testSolutionIsNullWhenNoPlansExist
* Compiling Tests
** Write a test suite: 0 called: 0 to improve: false
* Compiling Tests
** Write a test suite: 0 called: 0 to improve: true
** Improve Understandability: ** Test Code is: JSJshop jSJshop = new JSJshop();
JSJshopNode tree = jSJshop.tree();
assertNull(tree);


** It was a parseable test case! 
refined test name is: testTreeMethodReturnsNull
* Compiling Tests
** Write a test suite: 0 called: 0 to improve: false
* Compiling Tests
** Write a test suite: 0 called: 0 to improve: true
** Improve Understandability: ** Test Code is: JSJshop jSJshop = new JSJshop();
JSPlanningProblem prob = jSJshop.prob();
assertNull(prob);


** It was a parseable test case! 
refined test name is: testJSJshopProbReturnsNonNullValue
* Compiling Tests
** Write a test suite: 0 called: 0 to improve: false
* Compiling Tests
** Write a test suite: 0 called: 0 to improve: true
** Improve Understandability: ** Test Code is: JSJshop jSJshop = new JSJshop();
JSPlanningDomain dom = jSJshop.dom();
assertNull(dom);


** It was a parseable test case! 
refined test name is: testJSJshopPlanningDomainIsNull
* Compiling Tests
** Write a test suite: 0 called: 0 to improve: false
* Compiling Tests
** Write a test suite: 0 called: 0 to improve: true
** Improve Understandability: ** Test Code is: String[] arg0 = new String[1];
JSJshop.main(arg0);
assertEquals(1, arg0.length);


** It was a parseable test case! 
refined test name is: testLengthOfArgument
* Compiling Tests
** Write a test suite: 0 called: 0 to improve: false
* Compiling Tests
** Write a test suite: 0 called: 0 to improve: true
** Improve Understandability: ** Test Code is: String[] arg0 = new String[2];
// Undeclared exception!
try { 
  JSJshop.main(arg0);
  fail("Expecting exception: NullPointerException");

} catch(NullPointerException e) {
   //
   // no message in exception (getMessage() returned null)
   //
   verifyException("org.evosuite.runtime.mock.java.io.MockFileInputStream", e);
}


** It was a parseable test case! 
refined test name is: testNullPointerExceptionWhenArgsIsNull
* Compiling Tests
** Write a test suite: 0 called: 0 to improve: false
* Compiling Tests
** Write a test suite: 0 called: 0 to improve: true
** Improve Understandability: ** Test Code is: String[] arg0 = new String[6];
JSJshop.main(arg0);
assertEquals(6, arg0.length);


** It was a parseable test case! 
refined test name is: testThatJSJshopMainReturnsAnArrayOf6Strings
* Compiling Tests
refined test name is: testJSJshopMainReturnsArrayOf6Strings
* Compiling Tests
** Write a test suite: 0 called: 0 to improve: false
* Compiling Tests
** Write a test suite: 0 called: 0 to improve: true
** Improve Understandability: ** Test Code is: JSJshop jSJshop = null;
try {
  jSJshop = new JSJshop("restaurant name", "location");
  fail("Expecting exception: System.SystemExitException");

} catch(System.SystemExitException e) {
   //
   // no message in exception (getMessage() returned null)
   //
   verifyException("org.evosuite.runtime.System", e);
}


** It was a parseable test case! 
refined test name is: testStartThrowsSystemExistException
* Compiling Tests
refined test name is: testStartThrowsExceptionWhenCalledTwice
* Compiling Tests
** Write a test suite: 0 called: 0 to improve: false
* Compiling Tests
** Write a test suite: 0 called: 0 to improve: true
** Improve Understandability: ** Test Code is: JSJshop jSJshop = new JSJshop();
JSListLogicalAtoms addList = jSJshop.getAddList();
assertNull(addList);


** It was a parseable test case! 
refined test name is: testGetAddListReturnsNull
* Compiling Tests
** Write a test suite: 0 called: 0 to improve: false
* Compiling Tests
** Write a test suite: 0 called: 0 to improve: true
** Improve Understandability: ** Test Code is: JSJshop jSJshop = new JSJshop();
JSListLogicalAtoms deleteList = jSJshop.getDeleteList();
assertNull(deleteList);


** It was a parseable test case! 
refined test name is: testDeleteListIsNullWhenCreated
* Compiling Tests
** Write a test suite: 0 called: 0 to improve: false
* Compiling Tests
** Write a test suite: 0 called: 0 to improve: true
** Improve Understandability: ** Test Code is: EvoSuiteFile arg0 = new EvoSuiteFile("farp.shp");
FileSystemHandling.appendLineToFile(arg0, "`)Z=-+,");
JSJshop jSJshop = new JSJshop();
jSJshop.testParser();
assertFalse(JSJshop.corbaToHicap);


** It was a parseable test case! 
refined test name is: testAppendLineToFile
* Compiling Tests
** Write a test suite: 0 called: 0 to improve: false
* Compiling Tests
** Write a test suite: 0 called: 0 to improve: true
** Improve Understandability: ** Test Code is: EvoSuiteFile arg0 = new EvoSuiteFile("farp.shp");
FileSystemHandling.appendStringToFile(arg0, "6eX:28b</eA");
JSJshop jSJshop = new JSJshop();
jSJshop.testParser();
assertFalse(JSJshop.corbaToHicap);


** It was a parseable test case! 
refined test name is: testAppendStringToFile
* Compiling Tests
** Write a test suite: 0 called: 0 to improve: false
* Compiling Tests
** Write a test suite: 0 called: 0 to improve: true
** Improve Understandability: ** Test Code is: EvoSuiteFile arg0 = new EvoSuiteFile("farp.shp");
FileSystemHandling.appendStringToFile(arg0, "8):a8A2g7p4'[cO");
JSJshop jSJshop = new JSJshop();
jSJshop.testParser();
assertFalse(JSJshop.corbaToHicap);


** It was a parseable test case! 
refined test name is: testModifyingFileContents
* Compiling Tests
** Write a test suite: 0 called: 0 to improve: false
* Compiling Tests
** Write a test suite: 0 called: 0 to improve: true
** Improve Understandability: ** Test Code is: EvoSuiteFile arg0 = new EvoSuiteFile("farp.shp");
FileSystemHandling.appendStringToFile(arg0, "cRsHxDKm!y;Nc8");
JSJshop jSJshop = new JSJshop();
jSJshop.testParser();
assertFalse(JSJshop.corbaToHicap);


** It was a parseable test case! 
refined test name is: testAppendingStringToFile
* Compiling Tests
refined test name is: testAppendingStringToFileWithValidInput
* Compiling Tests
** Write a test suite: 0 called: 0 to improve: false
* Compiling Tests
** Write a test suite: 0 called: 0 to improve: true
** Improve Understandability: ** Test Code is: JSJshop jSJshop = new JSJshop();
EvoSuiteFile arg0 = new EvoSuiteFile("farp.shp");
FileSystemHandling.appendLineToFile(arg0, "]-FclXGJ");
jSJshop.testParser();
assertFalse(JSJshop.corbaToHicap);


** It was a parseable test case! 
refined test name is: testParseCorbaFlag
* Compiling Tests
** Write a test suite: 0 called: 0 to improve: false
* Compiling Tests
** Write a test suite: 0 called: 0 to improve: true
** Improve Understandability: ** Test Code is: JSTaskAtom arg1 = new JSTaskAtom();
EvoSuiteFile arg0 = new EvoSuiteFile("al");
FileSystemHandling.appendLineToFile(arg0, "albm@f)[}");
JSJshop jSJshop = null;
try {
  jSJshop = new JSJshop("al", arg1);
  fail("Expecting exception: NullPointerException");

} catch(NullPointerException e) {
   //
   // no message in exception (getMessage() returned null)
   //
   verifyException("umd.cs.shop.JSJshop", e);
}


** It was a parseable test case! 
refined test name is: testInvalidAtomCreationThrowsNullPointerException
* Compiling Tests
** Write a test suite: 0 called: 0 to improve: false
* Compiling Tests
** Write a test suite: 0 called: 0 to improve: true
** Improve Understandability: ** Test Code is: JSJshop jSJshop = new JSJshop();
BufferedReader bufferedReader = jSJshop.getBufferedReader("KowQRUpR&4i", "Sample Input", (JApplet) null);
assertNull(bufferedReader);


** It was a parseable test case! 
refined test name is: testGetBufferedReaderWithInvalidInputReturnsNull
* Compiling Tests
** Write a test suite: 0 called: 0 to improve: false
* Compiling Tests
** Write a test suite: 0 called: 0 to improve: true
** Improve Understandability: ** Test Code is: JSJshop jSJshop = new JSJshop();
BufferedReader bufferedReader = jSJshop.getBufferedReader("KowQRUpR&4i", (String) null, (JApplet) null);
assertNull(bufferedReader);


** It was a parseable test case! 
refined test name is: testGetBufferedReaderWithInvalidPathReturnsNull
* Compiling Tests
refined test name is: testGetBufferedReaderWithInvalidFilePath
* Compiling Tests
** Write a test suite: 0 called: 0 to improve: false
* Compiling Tests
** Write a test suite: 0 called: 0 to improve: false
* Compiling Tests
** Write a test suite: 0 called: 0 to improve: true
** Improve Understandability: ** Test Code is: JSJshop jSJshop = new JSJshop();
boolean parserFile = jSJshop.parserFile("umd.cs.shop.JSPairPlanTSListNodes");
assertFalse(parserFile);


** It was a parseable test case! 
refined test name is: testParseFileReturnsFalseForInvalidFile
* Compiling Tests
** Write a test suite: 0 called: 0 to improve: false
* Compiling Tests
** Write a test suite: 0 called: 0 to improve: true
** Improve Understandability: ** Test Code is: String[] arg0 = new String[4];
arg0[2] = "1";
JSJshop.main(arg0);
assertEquals(4, arg0.length);


** It was a parseable test case! 
refined test name is: testMainMethodWithValidInputArguments
* Compiling Tests
refined test name is: testMainMethodWithNonEmptyArray
* Compiling Tests
** Write a test suite: 0 called: 0 to improve: false
* Compiling Tests
** Write a test suite: 0 called: 0 to improve: true
** Improve Understandability: ** Test Code is: JSJshop jSJshop = new JSJshop();
// Undeclared exception!
try { 
  jSJshop.testParser();
  fail("Expecting exception: System.SystemExitException");

} catch(System.SystemExitException e) {
   //
   // no message in exception (getMessage() returned null)
   //
   verifyException("org.evosuite.runtime.System", e);
}


** It was a parseable test case! 
refined test name is: testParserInvalidInputThrowsSystemExitException
* Compiling Tests
refined test name is: testThrowExceptionOnInvalidInput
* Compiling Tests
** Write a test suite: 0 called: 0 to improve: false
* Compiling Tests
** Write a test suite: 0 called: 0 to improve: true
** Improve Understandability: ** Test Code is: JSJshop jSJshop = new JSJshop();
// Undeclared exception!
try { 
  jSJshop.setFile(" ", (JSTaskAtom) null);
  fail("Expecting exception: NullPointerException");

} catch(NullPointerException e) {
   //
   // no message in exception (getMessage() returned null)
   //
   verifyException("umd.cs.shop.JSJshop", e);
}


** It was a parseable test case! 
refined test name is: testSetFileWithEmptyFileNameAndNullTaskAtom
Going to execute: handleTestsThatAreUnstable
* Compiling Tests
[MASTER] 12:17:17.030 [logback-1] WARN  AgentLoader - Failed to find EvoSuite jar in current classloader. URLs of classloader:
file:/root/.sdkman/candidates/java/8.0.333.fx-librca/jre/../lib/tools.jar
file:/tmp/EvoSuite_pathingJar3038940880205238832.jar
file:/root/.sdkman/candidates/java/8.0.333.fx-librca/jre/lib/ext/cldrdata.jar
file:/root/.sdkman/candidates/java/8.0.333.fx-librca/jre/lib/ext/sunec.jar
file:/root/.sdkman/candidates/java/8.0.333.fx-librca/jre/lib/ext/localedata.jar
file:/root/.sdkman/candidates/java/8.0.333.fx-librca/jre/lib/ext/jaccess.jar
file:/root/.sdkman/candidates/java/8.0.333.fx-librca/jre/lib/ext/dnsns.jar
file:/root/.sdkman/candidates/java/8.0.333.fx-librca/jre/lib/ext/sunpkcs11.jar
file:/root/.sdkman/candidates/java/8.0.333.fx-librca/jre/lib/ext/zipfs.jar
file:/root/.sdkman/candidates/java/8.0.333.fx-librca/jre/lib/ext/jfxrt.jar
file:/root/.sdkman/candidates/java/8.0.333.fx-librca/jre/lib/ext/sunjce_provider.jar
file:/root/.sdkman/candidates/java/8.0.333.fx-librca/jre/lib/ext/nashorn.jar
[MASTER] 12:17:17.061 [logback-1] WARN  JUnitAnalyzer - Found unstable test named initializationError -> class java.lang.RuntimeException: Cannot find either the compilation target folder nor the EvoSuite jar in classpath: /tmp/EvoSuite_pathingJar3038940880205238832.jar
Going to execute: handleTestsThatAreUnstable
* Compiling Tests
[MASTER] 12:17:17.117 [logback-1] WARN  AgentLoader - Failed to find EvoSuite jar in current classloader. URLs of classloader:
file:/root/.sdkman/candidates/java/8.0.333.fx-librca/jre/../lib/tools.jar
file:/tmp/EvoSuite_pathingJar3038940880205238832.jar
file:/root/.sdkman/candidates/java/8.0.333.fx-librca/jre/lib/ext/cldrdata.jar
file:/root/.sdkman/candidates/java/8.0.333.fx-librca/jre/lib/ext/sunec.jar
file:/root/.sdkman/candidates/java/8.0.333.fx-librca/jre/lib/ext/localedata.jar
file:/root/.sdkman/candidates/java/8.0.333.fx-librca/jre/lib/ext/jaccess.jar
file:/root/.sdkman/candidates/java/8.0.333.fx-librca/jre/lib/ext/dnsns.jar
file:/root/.sdkman/candidates/java/8.0.333.fx-librca/jre/lib/ext/sunpkcs11.jar
file:/root/.sdkman/candidates/java/8.0.333.fx-librca/jre/lib/ext/zipfs.jar
file:/root/.sdkman/candidates/java/8.0.333.fx-librca/jre/lib/ext/jfxrt.jar
file:/root/.sdkman/candidates/java/8.0.333.fx-librca/jre/lib/ext/sunjce_provider.jar
file:/root/.sdkman/candidates/java/8.0.333.fx-librca/jre/lib/ext/nashorn.jar
Going to execute: handleTestsThatAreUnstable
* Compiling Tests
[MASTER] 12:17:17.120 [logback-1] WARN  JUnitAnalyzer - Found unstable test named initializationError -> class java.lang.RuntimeException: Cannot find either the compilation target folder nor the EvoSuite jar in classpath: /tmp/EvoSuite_pathingJar3038940880205238832.jar
[MASTER] 12:17:17.166 [logback-1] WARN  AgentLoader - Failed to find EvoSuite jar in current classloader. URLs of classloader:
file:/root/.sdkman/candidates/java/8.0.333.fx-librca/jre/../lib/tools.jar
file:/tmp/EvoSuite_pathingJar3038940880205238832.jar
file:/root/.sdkman/candidates/java/8.0.333.fx-librca/jre/lib/ext/cldrdata.jar
file:/root/.sdkman/candidates/java/8.0.333.fx-librca/jre/lib/ext/sunec.jar
file:/root/.sdkman/candidates/java/8.0.333.fx-librca/jre/lib/ext/localedata.jar
file:/root/.sdkman/candidates/java/8.0.333.fx-librca/jre/lib/ext/jaccess.jar
file:/root/.sdkman/candidates/java/8.0.333.fx-librca/jre/lib/ext/dnsns.jar
file:/root/.sdkman/candidates/java/8.0.333.fx-librca/jre/lib/ext/sunpkcs11.jar
file:/root/.sdkman/candidates/java/8.0.333.fx-librca/jre/lib/ext/zipfs.jar
file:/root/.sdkman/candidates/java/8.0.333.fx-librca/jre/lib/ext/jfxrt.jar
file:/root/.sdkman/candidates/java/8.0.333.fx-librca/jre/lib/ext/sunjce_provider.jar
file:/root/.sdkman/candidates/java/8.0.333.fx-librca/jre/lib/ext/nashorn.jar
[MASTER] 12:17:17.168 [logback-1] WARN  JUnitAnalyzer - Found unstable test named initializationError -> class java.lang.RuntimeException: Cannot find either the compilation target folder nor the EvoSuite jar in classpath: /tmp/EvoSuite_pathingJar3038940880205238832.jar
Going to execute: handleTestsThatAreUnstable
* Compiling Tests
[MASTER] 12:17:17.210 [logback-1] WARN  AgentLoader - Failed to find EvoSuite jar in current classloader. URLs of classloader:
file:/root/.sdkman/candidates/java/8.0.333.fx-librca/jre/../lib/tools.jar
file:/tmp/EvoSuite_pathingJar3038940880205238832.jar
file:/root/.sdkman/candidates/java/8.0.333.fx-librca/jre/lib/ext/cldrdata.jar
file:/root/.sdkman/candidates/java/8.0.333.fx-librca/jre/lib/ext/sunec.jar
file:/root/.sdkman/candidates/java/8.0.333.fx-librca/jre/lib/ext/localedata.jar
file:/root/.sdkman/candidates/java/8.0.333.fx-librca/jre/lib/ext/jaccess.jar
file:/root/.sdkman/candidates/java/8.0.333.fx-librca/jre/lib/ext/dnsns.jar
file:/root/.sdkman/candidates/java/8.0.333.fx-librca/jre/lib/ext/sunpkcs11.jar
file:/root/.sdkman/candidates/java/8.0.333.fx-librca/jre/lib/ext/zipfs.jar
file:/root/.sdkman/candidates/java/8.0.333.fx-librca/jre/lib/ext/jfxrt.jar
file:/root/.sdkman/candidates/java/8.0.333.fx-librca/jre/lib/ext/sunjce_provider.jar
file:/root/.sdkman/candidates/java/8.0.333.fx-librca/jre/lib/ext/nashorn.jar
[MASTER] 12:17:17.211 [logback-1] WARN  JUnitAnalyzer - Found unstable test named initializationError -> class java.lang.RuntimeException: Cannot find either the compilation target folder nor the EvoSuite jar in classpath: /tmp/EvoSuite_pathingJar3038940880205238832.jar
Going to execute: handleTestsThatAreUnstable
* Compiling Tests
[MASTER] 12:17:17.253 [logback-1] WARN  AgentLoader - Failed to find EvoSuite jar in current classloader. URLs of classloader:
file:/root/.sdkman/candidates/java/8.0.333.fx-librca/jre/../lib/tools.jar
file:/tmp/EvoSuite_pathingJar3038940880205238832.jar
file:/root/.sdkman/candidates/java/8.0.333.fx-librca/jre/lib/ext/cldrdata.jar
file:/root/.sdkman/candidates/java/8.0.333.fx-librca/jre/lib/ext/sunec.jar
file:/root/.sdkman/candidates/java/8.0.333.fx-librca/jre/lib/ext/localedata.jar
file:/root/.sdkman/candidates/java/8.0.333.fx-librca/jre/lib/ext/jaccess.jar
file:/root/.sdkman/candidates/java/8.0.333.fx-librca/jre/lib/ext/dnsns.jar
file:/root/.sdkman/candidates/java/8.0.333.fx-librca/jre/lib/ext/sunpkcs11.jar
file:/root/.sdkman/candidates/java/8.0.333.fx-librca/jre/lib/ext/zipfs.jar
file:/root/.sdkman/candidates/java/8.0.333.fx-librca/jre/lib/ext/jfxrt.jar
file:/root/.sdkman/candidates/java/8.0.333.fx-librca/jre/lib/ext/sunjce_provider.jar
file:/root/.sdkman/candidates/java/8.0.333.fx-librca/jre/lib/ext/nashorn.jar
[MASTER] 12:17:17.254 [logback-1] WARN  JUnitAnalyzer - Found unstable test named initializationError -> class java.lang.RuntimeException: Cannot find either the compilation target folder nor the EvoSuite jar in classpath: /tmp/EvoSuite_pathingJar3038940880205238832.jar
Going to execute: handleTestsThatAreUnstable
* Compiling Tests
[MASTER] 12:17:17.295 [logback-1] WARN  AgentLoader - Failed to find EvoSuite jar in current classloader. URLs of classloader:
file:/root/.sdkman/candidates/java/8.0.333.fx-librca/jre/../lib/tools.jar
file:/tmp/EvoSuite_pathingJar3038940880205238832.jar
file:/root/.sdkman/candidates/java/8.0.333.fx-librca/jre/lib/ext/cldrdata.jar
file:/root/.sdkman/candidates/java/8.0.333.fx-librca/jre/lib/ext/sunec.jar
file:/root/.sdkman/candidates/java/8.0.333.fx-librca/jre/lib/ext/localedata.jar
file:/root/.sdkman/candidates/java/8.0.333.fx-librca/jre/lib/ext/jaccess.jar
file:/root/.sdkman/candidates/java/8.0.333.fx-librca/jre/lib/ext/dnsns.jar
file:/root/.sdkman/candidates/java/8.0.333.fx-librca/jre/lib/ext/sunpkcs11.jar
file:/root/.sdkman/candidates/java/8.0.333.fx-librca/jre/lib/ext/zipfs.jar
file:/root/.sdkman/candidates/java/8.0.333.fx-librca/jre/lib/ext/jfxrt.jar
file:/root/.sdkman/candidates/java/8.0.333.fx-librca/jre/lib/ext/sunjce_provider.jar
file:/root/.sdkman/candidates/java/8.0.333.fx-librca/jre/lib/ext/nashorn.jar
[MASTER] 12:17:17.296 [logback-1] WARN  JUnitAnalyzer - Found unstable test named initializationError -> class java.lang.RuntimeException: Cannot find either the compilation target folder nor the EvoSuite jar in classpath: /tmp/EvoSuite_pathingJar3038940880205238832.jar
Going to execute: handleTestsThatAreUnstable
* Compiling Tests
[MASTER] 12:17:17.354 [logback-1] WARN  AgentLoader - Failed to find EvoSuite jar in current classloader. URLs of classloader:
file:/root/.sdkman/candidates/java/8.0.333.fx-librca/jre/../lib/tools.jar
file:/tmp/EvoSuite_pathingJar3038940880205238832.jar
file:/root/.sdkman/candidates/java/8.0.333.fx-librca/jre/lib/ext/cldrdata.jar
file:/root/.sdkman/candidates/java/8.0.333.fx-librca/jre/lib/ext/sunec.jar
file:/root/.sdkman/candidates/java/8.0.333.fx-librca/jre/lib/ext/localedata.jar
file:/root/.sdkman/candidates/java/8.0.333.fx-librca/jre/lib/ext/jaccess.jar
file:/root/.sdkman/candidates/java/8.0.333.fx-librca/jre/lib/ext/dnsns.jar
file:/root/.sdkman/candidates/java/8.0.333.fx-librca/jre/lib/ext/sunpkcs11.jar
file:/root/.sdkman/candidates/java/8.0.333.fx-librca/jre/lib/ext/zipfs.jar
file:/root/.sdkman/candidates/java/8.0.333.fx-librca/jre/lib/ext/jfxrt.jar
file:/root/.sdkman/candidates/java/8.0.333.fx-librca/jre/lib/ext/sunjce_provider.jar
file:/root/.sdkman/candidates/java/8.0.333.fx-librca/jre/lib/ext/nashorn.jar
[MASTER] 12:17:17.355 [logback-1] WARN  JUnitAnalyzer - Found unstable test named initializationError -> class java.lang.RuntimeException: Cannot find either the compilation target folder nor the EvoSuite jar in classpath: /tmp/EvoSuite_pathingJar3038940880205238832.jar
Going to execute: handleTestsThatAreUnstable
* Compiling Tests
[MASTER] 12:17:17.409 [logback-1] WARN  AgentLoader - Failed to find EvoSuite jar in current classloader. URLs of classloader:
file:/root/.sdkman/candidates/java/8.0.333.fx-librca/jre/../lib/tools.jar
file:/tmp/EvoSuite_pathingJar3038940880205238832.jar
file:/root/.sdkman/candidates/java/8.0.333.fx-librca/jre/lib/ext/cldrdata.jar
file:/root/.sdkman/candidates/java/8.0.333.fx-librca/jre/lib/ext/sunec.jar
file:/root/.sdkman/candidates/java/8.0.333.fx-librca/jre/lib/ext/localedata.jar
file:/root/.sdkman/candidates/java/8.0.333.fx-librca/jre/lib/ext/jaccess.jar
file:/root/.sdkman/candidates/java/8.0.333.fx-librca/jre/lib/ext/dnsns.jar
file:/root/.sdkman/candidates/java/8.0.333.fx-librca/jre/lib/ext/sunpkcs11.jar
file:/root/.sdkman/candidates/java/8.0.333.fx-librca/jre/lib/ext/zipfs.jar
file:/root/.sdkman/candidates/java/8.0.333.fx-librca/jre/lib/ext/jfxrt.jar
file:/root/.sdkman/candidates/java/8.0.333.fx-librca/jre/lib/ext/sunjce_provider.jar
file:/root/.sdkman/candidates/java/8.0.333.fx-librca/jre/lib/ext/nashorn.jar
[MASTER] 12:17:17.410 [logback-1] WARN  JUnitAnalyzer - Found unstable test named initializationError -> class java.lang.RuntimeException: Cannot find either the compilation target folder nor the EvoSuite jar in classpath: /tmp/EvoSuite_pathingJar3038940880205238832.jar
Going to execute: handleTestsThatAreUnstable
* Compiling Tests
[MASTER] 12:17:17.459 [logback-1] WARN  AgentLoader - Failed to find EvoSuite jar in current classloader. URLs of classloader:
file:/root/.sdkman/candidates/java/8.0.333.fx-librca/jre/../lib/tools.jar
file:/tmp/EvoSuite_pathingJar3038940880205238832.jar
file:/root/.sdkman/candidates/java/8.0.333.fx-librca/jre/lib/ext/cldrdata.jar
file:/root/.sdkman/candidates/java/8.0.333.fx-librca/jre/lib/ext/sunec.jar
file:/root/.sdkman/candidates/java/8.0.333.fx-librca/jre/lib/ext/localedata.jar
file:/root/.sdkman/candidates/java/8.0.333.fx-librca/jre/lib/ext/jaccess.jar
file:/root/.sdkman/candidates/java/8.0.333.fx-librca/jre/lib/ext/dnsns.jar
file:/root/.sdkman/candidates/java/8.0.333.fx-librca/jre/lib/ext/sunpkcs11.jar
file:/root/.sdkman/candidates/java/8.0.333.fx-librca/jre/lib/ext/zipfs.jar
file:/root/.sdkman/candidates/java/8.0.333.fx-librca/jre/lib/ext/jfxrt.jar
file:/root/.sdkman/candidates/java/8.0.333.fx-librca/jre/lib/ext/sunjce_provider.jar
file:/root/.sdkman/candidates/java/8.0.333.fx-librca/jre/lib/ext/nashorn.jar
[MASTER] 12:17:17.460 [logback-1] WARN  JUnitAnalyzer - Found unstable test named initializationError -> class java.lang.RuntimeException: Cannot find either the compilation target folder nor the EvoSuite jar in classpath: /tmp/EvoSuite_pathingJar3038940880205238832.jar
Going to execute: handleTestsThatAreUnstable
* Compiling Tests
** Write a test suite: 0 called: 0 to improve: false
[MASTER] 12:17:17.527 [logback-1] WARN  AgentLoader - Failed to find EvoSuite jar in current classloader. URLs of classloader:
file:/root/.sdkman/candidates/java/8.0.333.fx-librca/jre/../lib/tools.jar
file:/tmp/EvoSuite_pathingJar3038940880205238832.jar
file:/root/.sdkman/candidates/java/8.0.333.fx-librca/jre/lib/ext/cldrdata.jar
file:/root/.sdkman/candidates/java/8.0.333.fx-librca/jre/lib/ext/sunec.jar
file:/root/.sdkman/candidates/java/8.0.333.fx-librca/jre/lib/ext/localedata.jar
file:/root/.sdkman/candidates/java/8.0.333.fx-librca/jre/lib/ext/jaccess.jar
file:/root/.sdkman/candidates/java/8.0.333.fx-librca/jre/lib/ext/dnsns.jar
file:/root/.sdkman/candidates/java/8.0.333.fx-librca/jre/lib/ext/sunpkcs11.jar
file:/root/.sdkman/candidates/java/8.0.333.fx-librca/jre/lib/ext/zipfs.jar
file:/root/.sdkman/candidates/java/8.0.333.fx-librca/jre/lib/ext/jfxrt.jar
file:/root/.sdkman/candidates/java/8.0.333.fx-librca/jre/lib/ext/sunjce_provider.jar
file:/root/.sdkman/candidates/java/8.0.333.fx-librca/jre/lib/ext/nashorn.jar
[MASTER] 12:17:17.527 [logback-1] WARN  JUnitAnalyzer - Found unstable test named initializationError -> class java.lang.RuntimeException: Cannot find either the compilation target folder nor the EvoSuite jar in classpath: /tmp/EvoSuite_pathingJar3038940880205238832.jar
Going to execute: handleTestsThatAreUnstable
* Compiling Tests
** Write a test suite: 0 called: 0 to improve: false
[MASTER] 12:17:17.579 [logback-1] WARN  AgentLoader - Failed to find EvoSuite jar in current classloader. URLs of classloader:
file:/root/.sdkman/candidates/java/8.0.333.fx-librca/jre/../lib/tools.jar
file:/tmp/EvoSuite_pathingJar3038940880205238832.jar
file:/root/.sdkman/candidates/java/8.0.333.fx-librca/jre/lib/ext/cldrdata.jar
file:/root/.sdkman/candidates/java/8.0.333.fx-librca/jre/lib/ext/sunec.jar
file:/root/.sdkman/candidates/java/8.0.333.fx-librca/jre/lib/ext/localedata.jar
file:/root/.sdkman/candidates/java/8.0.333.fx-librca/jre/lib/ext/jaccess.jar
file:/root/.sdkman/candidates/java/8.0.333.fx-librca/jre/lib/ext/dnsns.jar
file:/root/.sdkman/candidates/java/8.0.333.fx-librca/jre/lib/ext/sunpkcs11.jar
file:/root/.sdkman/candidates/java/8.0.333.fx-librca/jre/lib/ext/zipfs.jar
file:/root/.sdkman/candidates/java/8.0.333.fx-librca/jre/lib/ext/jfxrt.jar
file:/root/.sdkman/candidates/java/8.0.333.fx-librca/jre/lib/ext/sunjce_provider.jar
file:/root/.sdkman/candidates/java/8.0.333.fx-librca/jre/lib/ext/nashorn.jar
[MASTER] 12:17:17.580 [logback-1] WARN  JUnitAnalyzer - Found unstable test named initializationError -> class java.lang.RuntimeException: Cannot find either the compilation target folder nor the EvoSuite jar in classpath: /tmp/EvoSuite_pathingJar3038940880205238832.jar
Going to execute: handleTestsThatAreUnstable
* Compiling Tests
[MASTER] 12:17:17.619 [logback-1] WARN  AgentLoader - Failed to find EvoSuite jar in current classloader. URLs of classloader:
file:/root/.sdkman/candidates/java/8.0.333.fx-librca/jre/../lib/tools.jar
file:/tmp/EvoSuite_pathingJar3038940880205238832.jar
file:/root/.sdkman/candidates/java/8.0.333.fx-librca/jre/lib/ext/cldrdata.jar
file:/root/.sdkman/candidates/java/8.0.333.fx-librca/jre/lib/ext/sunec.jar
file:/root/.sdkman/candidates/java/8.0.333.fx-librca/jre/lib/ext/localedata.jar
file:/root/.sdkman/candidates/java/8.0.333.fx-librca/jre/lib/ext/jaccess.jar
file:/root/.sdkman/candidates/java/8.0.333.fx-librca/jre/lib/ext/dnsns.jar
file:/root/.sdkman/candidates/java/8.0.333.fx-librca/jre/lib/ext/sunpkcs11.jar
file:/root/.sdkman/candidates/java/8.0.333.fx-librca/jre/lib/ext/zipfs.jar
file:/root/.sdkman/candidates/java/8.0.333.fx-librca/jre/lib/ext/jfxrt.jar
file:/root/.sdkman/candidates/java/8.0.333.fx-librca/jre/lib/ext/sunjce_provider.jar
file:/root/.sdkman/candidates/java/8.0.333.fx-librca/jre/lib/ext/nashorn.jar
Going to execute: handleTestsThatAreUnstable
* Compiling Tests
[MASTER] 12:17:17.620 [logback-1] WARN  JUnitAnalyzer - Found unstable test named initializationError -> class java.lang.RuntimeException: Cannot find either the compilation target folder nor the EvoSuite jar in classpath: /tmp/EvoSuite_pathingJar3038940880205238832.jar
[MASTER] 12:17:17.664 [logback-1] WARN  AgentLoader - Failed to find EvoSuite jar in current classloader. URLs of classloader:
file:/root/.sdkman/candidates/java/8.0.333.fx-librca/jre/../lib/tools.jar
file:/tmp/EvoSuite_pathingJar3038940880205238832.jar
file:/root/.sdkman/candidates/java/8.0.333.fx-librca/jre/lib/ext/cldrdata.jar
file:/root/.sdkman/candidates/java/8.0.333.fx-librca/jre/lib/ext/sunec.jar
file:/root/.sdkman/candidates/java/8.0.333.fx-librca/jre/lib/ext/localedata.jar
file:/root/.sdkman/candidates/java/8.0.333.fx-librca/jre/lib/ext/jaccess.jar
file:/root/.sdkman/candidates/java/8.0.333.fx-librca/jre/lib/ext/dnsns.jar
file:/root/.sdkman/candidates/java/8.0.333.fx-librca/jre/lib/ext/sunpkcs11.jar
file:/root/.sdkman/candidates/java/8.0.333.fx-librca/jre/lib/ext/zipfs.jar
file:/root/.sdkman/candidates/java/8.0.333.fx-librca/jre/lib/ext/jfxrt.jar
file:/root/.sdkman/candidates/java/8.0.333.fx-librca/jre/lib/ext/sunjce_provider.jar
file:/root/.sdkman/candidates/java/8.0.333.fx-librca/jre/lib/ext/nashorn.jar
[MASTER] 12:17:17.664 [logback-1] WARN  JUnitAnalyzer - Found unstable test named initializationError -> class java.lang.RuntimeException: Cannot find either the compilation target folder nor the EvoSuite jar in classpath: /tmp/EvoSuite_pathingJar3038940880205238832.jar
Going to execute: handleTestsThatAreUnstable
* Compiling Tests
[MASTER] 12:17:17.711 [logback-1] WARN  AgentLoader - Failed to find EvoSuite jar in current classloader. URLs of classloader:
file:/root/.sdkman/candidates/java/8.0.333.fx-librca/jre/../lib/tools.jar
file:/tmp/EvoSuite_pathingJar3038940880205238832.jar
file:/root/.sdkman/candidates/java/8.0.333.fx-librca/jre/lib/ext/cldrdata.jar
file:/root/.sdkman/candidates/java/8.0.333.fx-librca/jre/lib/ext/sunec.jar
file:/root/.sdkman/candidates/java/8.0.333.fx-librca/jre/lib/ext/localedata.jar
file:/root/.sdkman/candidates/java/8.0.333.fx-librca/jre/lib/ext/jaccess.jar
file:/root/.sdkman/candidates/java/8.0.333.fx-librca/jre/lib/ext/dnsns.jar
file:/root/.sdkman/candidates/java/8.0.333.fx-librca/jre/lib/ext/sunpkcs11.jar
file:/root/.sdkman/candidates/java/8.0.333.fx-librca/jre/lib/ext/zipfs.jar
file:/root/.sdkman/candidates/java/8.0.333.fx-librca/jre/lib/ext/jfxrt.jar
file:/root/.sdkman/candidates/java/8.0.333.fx-librca/jre/lib/ext/sunjce_provider.jar
file:/root/.sdkman/candidates/java/8.0.333.fx-librca/jre/lib/ext/nashorn.jar
[MASTER] 12:17:17.712 [logback-1] WARN  JUnitAnalyzer - Found unstable test named initializationError -> class java.lang.RuntimeException: Cannot find either the compilation target folder nor the EvoSuite jar in classpath: /tmp/EvoSuite_pathingJar3038940880205238832.jar
Going to execute: handleTestsThatAreUnstable
* Compiling Tests
[MASTER] 12:17:17.759 [logback-1] WARN  AgentLoader - Failed to find EvoSuite jar in current classloader. URLs of classloader:
file:/root/.sdkman/candidates/java/8.0.333.fx-librca/jre/../lib/tools.jar
file:/tmp/EvoSuite_pathingJar3038940880205238832.jar
file:/root/.sdkman/candidates/java/8.0.333.fx-librca/jre/lib/ext/cldrdata.jar
file:/root/.sdkman/candidates/java/8.0.333.fx-librca/jre/lib/ext/sunec.jar
file:/root/.sdkman/candidates/java/8.0.333.fx-librca/jre/lib/ext/localedata.jar
file:/root/.sdkman/candidates/java/8.0.333.fx-librca/jre/lib/ext/jaccess.jar
file:/root/.sdkman/candidates/java/8.0.333.fx-librca/jre/lib/ext/dnsns.jar
file:/root/.sdkman/candidates/java/8.0.333.fx-librca/jre/lib/ext/sunpkcs11.jar
file:/root/.sdkman/candidates/java/8.0.333.fx-librca/jre/lib/ext/zipfs.jar
file:/root/.sdkman/candidates/java/8.0.333.fx-librca/jre/lib/ext/jfxrt.jar
file:/root/.sdkman/candidates/java/8.0.333.fx-librca/jre/lib/ext/sunjce_provider.jar
file:/root/.sdkman/candidates/java/8.0.333.fx-librca/jre/lib/ext/nashorn.jar
[MASTER] 12:17:17.760 [logback-1] WARN  JUnitAnalyzer - Found unstable test named initializationError -> class java.lang.RuntimeException: Cannot find either the compilation target folder nor the EvoSuite jar in classpath: /tmp/EvoSuite_pathingJar3038940880205238832.jar
Going to execute: handleTestsThatAreUnstable
* Compiling Tests
[MASTER] 12:17:17.810 [logback-1] WARN  AgentLoader - Failed to find EvoSuite jar in current classloader. URLs of classloader:
file:/root/.sdkman/candidates/java/8.0.333.fx-librca/jre/../lib/tools.jar
file:/tmp/EvoSuite_pathingJar3038940880205238832.jar
file:/root/.sdkman/candidates/java/8.0.333.fx-librca/jre/lib/ext/cldrdata.jar
file:/root/.sdkman/candidates/java/8.0.333.fx-librca/jre/lib/ext/sunec.jar
file:/root/.sdkman/candidates/java/8.0.333.fx-librca/jre/lib/ext/localedata.jar
file:/root/.sdkman/candidates/java/8.0.333.fx-librca/jre/lib/ext/jaccess.jar
file:/root/.sdkman/candidates/java/8.0.333.fx-librca/jre/lib/ext/dnsns.jar
file:/root/.sdkman/candidates/java/8.0.333.fx-librca/jre/lib/ext/sunpkcs11.jar
file:/root/.sdkman/candidates/java/8.0.333.fx-librca/jre/lib/ext/zipfs.jar
file:/root/.sdkman/candidates/java/8.0.333.fx-librca/jre/lib/ext/jfxrt.jar
file:/root/.sdkman/candidates/java/8.0.333.fx-librca/jre/lib/ext/sunjce_provider.jar
file:/root/.sdkman/candidates/java/8.0.333.fx-librca/jre/lib/ext/nashorn.jar
[MASTER] 12:17:17.811 [logback-1] WARN  JUnitAnalyzer - Found unstable test named initializationError -> class java.lang.RuntimeException: Cannot find either the compilation target folder nor the EvoSuite jar in classpath: /tmp/EvoSuite_pathingJar3038940880205238832.jar
Going to execute: handleTestsThatAreUnstable
* Compiling Tests
** Write a test suite: 0 called: 0 to improve: false
[MASTER] 12:17:17.858 [logback-1] WARN  AgentLoader - Failed to find EvoSuite jar in current classloader. URLs of classloader:
file:/root/.sdkman/candidates/java/8.0.333.fx-librca/jre/../lib/tools.jar
file:/tmp/EvoSuite_pathingJar3038940880205238832.jar
file:/root/.sdkman/candidates/java/8.0.333.fx-librca/jre/lib/ext/cldrdata.jar
file:/root/.sdkman/candidates/java/8.0.333.fx-librca/jre/lib/ext/sunec.jar
file:/root/.sdkman/candidates/java/8.0.333.fx-librca/jre/lib/ext/localedata.jar
file:/root/.sdkman/candidates/java/8.0.333.fx-librca/jre/lib/ext/jaccess.jar
file:/root/.sdkman/candidates/java/8.0.333.fx-librca/jre/lib/ext/dnsns.jar
file:/root/.sdkman/candidates/java/8.0.333.fx-librca/jre/lib/ext/sunpkcs11.jar
file:/root/.sdkman/candidates/java/8.0.333.fx-librca/jre/lib/ext/zipfs.jar
file:/root/.sdkman/candidates/java/8.0.333.fx-librca/jre/lib/ext/jfxrt.jar
file:/root/.sdkman/candidates/java/8.0.333.fx-librca/jre/lib/ext/sunjce_provider.jar
file:/root/.sdkman/candidates/java/8.0.333.fx-librca/jre/lib/ext/nashorn.jar
[MASTER] 12:17:17.859 [logback-1] WARN  JUnitAnalyzer - Found unstable test named initializationError -> class java.lang.RuntimeException: Cannot find either the compilation target folder nor the EvoSuite jar in classpath: /tmp/EvoSuite_pathingJar3038940880205238832.jar
Going to execute: handleTestsThatAreUnstable
* Compiling Tests
[MASTER] 12:17:17.904 [logback-1] WARN  AgentLoader - Failed to find EvoSuite jar in current classloader. URLs of classloader:
file:/root/.sdkman/candidates/java/8.0.333.fx-librca/jre/../lib/tools.jar
file:/tmp/EvoSuite_pathingJar3038940880205238832.jar
file:/root/.sdkman/candidates/java/8.0.333.fx-librca/jre/lib/ext/cldrdata.jar
file:/root/.sdkman/candidates/java/8.0.333.fx-librca/jre/lib/ext/sunec.jar
file:/root/.sdkman/candidates/java/8.0.333.fx-librca/jre/lib/ext/localedata.jar
file:/root/.sdkman/candidates/java/8.0.333.fx-librca/jre/lib/ext/jaccess.jar
file:/root/.sdkman/candidates/java/8.0.333.fx-librca/jre/lib/ext/dnsns.jar
file:/root/.sdkman/candidates/java/8.0.333.fx-librca/jre/lib/ext/sunpkcs11.jar
file:/root/.sdkman/candidates/java/8.0.333.fx-librca/jre/lib/ext/zipfs.jar
file:/root/.sdkman/candidates/java/8.0.333.fx-librca/jre/lib/ext/jfxrt.jar
file:/root/.sdkman/candidates/java/8.0.333.fx-librca/jre/lib/ext/sunjce_provider.jar
file:/root/.sdkman/candidates/java/8.0.333.fx-librca/jre/lib/ext/nashorn.jar
[MASTER] 12:17:17.905 [logback-1] WARN  JUnitAnalyzer - Found unstable test named initializationError -> class java.lang.RuntimeException: Cannot find either the compilation target folder nor the EvoSuite jar in classpath: /tmp/EvoSuite_pathingJar3038940880205238832.jar
Going to execute: handleTestsThatAreUnstable
* Compiling Tests
[MASTER] 12:17:17.959 [logback-1] WARN  AgentLoader - Failed to find EvoSuite jar in current classloader. URLs of classloader:
file:/root/.sdkman/candidates/java/8.0.333.fx-librca/jre/../lib/tools.jar
file:/tmp/EvoSuite_pathingJar3038940880205238832.jar
file:/root/.sdkman/candidates/java/8.0.333.fx-librca/jre/lib/ext/cldrdata.jar
file:/root/.sdkman/candidates/java/8.0.333.fx-librca/jre/lib/ext/sunec.jar
file:/root/.sdkman/candidates/java/8.0.333.fx-librca/jre/lib/ext/localedata.jar
file:/root/.sdkman/candidates/java/8.0.333.fx-librca/jre/lib/ext/jaccess.jar
file:/root/.sdkman/candidates/java/8.0.333.fx-librca/jre/lib/ext/dnsns.jar
file:/root/.sdkman/candidates/java/8.0.333.fx-librca/jre/lib/ext/sunpkcs11.jar
file:/root/.sdkman/candidates/java/8.0.333.fx-librca/jre/lib/ext/zipfs.jar
file:/root/.sdkman/candidates/java/8.0.333.fx-librca/jre/lib/ext/jfxrt.jar
file:/root/.sdkman/candidates/java/8.0.333.fx-librca/jre/lib/ext/sunjce_provider.jar
file:/root/.sdkman/candidates/java/8.0.333.fx-librca/jre/lib/ext/nashorn.jar
[MASTER] 12:17:17.960 [logback-1] WARN  JUnitAnalyzer - Found unstable test named initializationError -> class java.lang.RuntimeException: Cannot find either the compilation target folder nor the EvoSuite jar in classpath: /tmp/EvoSuite_pathingJar3038940880205238832.jar
Going to execute: handleTestsThatAreUnstable
* Compiling Tests
[MASTER] 12:17:18.010 [logback-1] WARN  AgentLoader - Failed to find EvoSuite jar in current classloader. URLs of classloader:
file:/root/.sdkman/candidates/java/8.0.333.fx-librca/jre/../lib/tools.jar
file:/tmp/EvoSuite_pathingJar3038940880205238832.jar
file:/root/.sdkman/candidates/java/8.0.333.fx-librca/jre/lib/ext/cldrdata.jar
file:/root/.sdkman/candidates/java/8.0.333.fx-librca/jre/lib/ext/sunec.jar
file:/root/.sdkman/candidates/java/8.0.333.fx-librca/jre/lib/ext/localedata.jar
file:/root/.sdkman/candidates/java/8.0.333.fx-librca/jre/lib/ext/jaccess.jar
file:/root/.sdkman/candidates/java/8.0.333.fx-librca/jre/lib/ext/dnsns.jar
file:/root/.sdkman/candidates/java/8.0.333.fx-librca/jre/lib/ext/sunpkcs11.jar
file:/root/.sdkman/candidates/java/8.0.333.fx-librca/jre/lib/ext/zipfs.jar
file:/root/.sdkman/candidates/java/8.0.333.fx-librca/jre/lib/ext/jfxrt.jar
file:/root/.sdkman/candidates/java/8.0.333.fx-librca/jre/lib/ext/sunjce_provider.jar
file:/root/.sdkman/candidates/java/8.0.333.fx-librca/jre/lib/ext/nashorn.jar
[MASTER] 12:17:18.013 [logback-1] WARN  JUnitAnalyzer - Found unstable test named initializationError -> class java.lang.RuntimeException: Cannot find either the compilation target folder nor the EvoSuite jar in classpath: /tmp/EvoSuite_pathingJar3038940880205238832.jar
Going to execute: handleTestsThatAreUnstable
* Compiling Tests
** Write a test suite: 0 called: 0 to improve: false
[MASTER] 12:17:18.061 [logback-1] WARN  AgentLoader - Failed to find EvoSuite jar in current classloader. URLs of classloader:
file:/root/.sdkman/candidates/java/8.0.333.fx-librca/jre/../lib/tools.jar
file:/tmp/EvoSuite_pathingJar3038940880205238832.jar
file:/root/.sdkman/candidates/java/8.0.333.fx-librca/jre/lib/ext/cldrdata.jar
file:/root/.sdkman/candidates/java/8.0.333.fx-librca/jre/lib/ext/sunec.jar
file:/root/.sdkman/candidates/java/8.0.333.fx-librca/jre/lib/ext/localedata.jar
file:/root/.sdkman/candidates/java/8.0.333.fx-librca/jre/lib/ext/jaccess.jar
file:/root/.sdkman/candidates/java/8.0.333.fx-librca/jre/lib/ext/dnsns.jar
file:/root/.sdkman/candidates/java/8.0.333.fx-librca/jre/lib/ext/sunpkcs11.jar
file:/root/.sdkman/candidates/java/8.0.333.fx-librca/jre/lib/ext/zipfs.jar
file:/root/.sdkman/candidates/java/8.0.333.fx-librca/jre/lib/ext/jfxrt.jar
file:/root/.sdkman/candidates/java/8.0.333.fx-librca/jre/lib/ext/sunjce_provider.jar
file:/root/.sdkman/candidates/java/8.0.333.fx-librca/jre/lib/ext/nashorn.jar
[MASTER] 12:17:18.061 [logback-1] WARN  JUnitAnalyzer - Found unstable test named initializationError -> class java.lang.RuntimeException: Cannot find either the compilation target folder nor the EvoSuite jar in classpath: /tmp/EvoSuite_pathingJar3038940880205238832.jar
Going to execute: handleTestsThatAreUnstable
* Compiling Tests
[MASTER] 12:17:18.106 [logback-1] WARN  AgentLoader - Failed to find EvoSuite jar in current classloader. URLs of classloader:
file:/root/.sdkman/candidates/java/8.0.333.fx-librca/jre/../lib/tools.jar
file:/tmp/EvoSuite_pathingJar3038940880205238832.jar
file:/root/.sdkman/candidates/java/8.0.333.fx-librca/jre/lib/ext/cldrdata.jar
file:/root/.sdkman/candidates/java/8.0.333.fx-librca/jre/lib/ext/sunec.jar
file:/root/.sdkman/candidates/java/8.0.333.fx-librca/jre/lib/ext/localedata.jar
file:/root/.sdkman/candidates/java/8.0.333.fx-librca/jre/lib/ext/jaccess.jar
file:/root/.sdkman/candidates/java/8.0.333.fx-librca/jre/lib/ext/dnsns.jar
file:/root/.sdkman/candidates/java/8.0.333.fx-librca/jre/lib/ext/sunpkcs11.jar
file:/root/.sdkman/candidates/java/8.0.333.fx-librca/jre/lib/ext/zipfs.jar
file:/root/.sdkman/candidates/java/8.0.333.fx-librca/jre/lib/ext/jfxrt.jar
file:/root/.sdkman/candidates/java/8.0.333.fx-librca/jre/lib/ext/sunjce_provider.jar
file:/root/.sdkman/candidates/java/8.0.333.fx-librca/jre/lib/ext/nashorn.jar
Going to execute: handleTestsThatAreUnstable
[MASTER] 12:17:18.107 [logback-1] WARN  JUnitAnalyzer - Found unstable test named initializationError -> class java.lang.RuntimeException: Cannot find either the compilation target folder nor the EvoSuite jar in classpath: /tmp/EvoSuite_pathingJar3038940880205238832.jar
* Compiling Tests
** Write a test suite: 0 called: 0 to improve: false
[MASTER] 12:17:18.382 [logback-1] WARN  AgentLoader - Failed to find EvoSuite jar in current classloader. URLs of classloader:
file:/root/.sdkman/candidates/java/8.0.333.fx-librca/jre/../lib/tools.jar
file:/tmp/EvoSuite_pathingJar3038940880205238832.jar
file:/root/.sdkman/candidates/java/8.0.333.fx-librca/jre/lib/ext/cldrdata.jar
file:/root/.sdkman/candidates/java/8.0.333.fx-librca/jre/lib/ext/sunec.jar
file:/root/.sdkman/candidates/java/8.0.333.fx-librca/jre/lib/ext/localedata.jar
file:/root/.sdkman/candidates/java/8.0.333.fx-librca/jre/lib/ext/jaccess.jar
file:/root/.sdkman/candidates/java/8.0.333.fx-librca/jre/lib/ext/dnsns.jar
file:/root/.sdkman/candidates/java/8.0.333.fx-librca/jre/lib/ext/sunpkcs11.jar
file:/root/.sdkman/candidates/java/8.0.333.fx-librca/jre/lib/ext/zipfs.jar
file:/root/.sdkman/candidates/java/8.0.333.fx-librca/jre/lib/ext/jfxrt.jar
file:/root/.sdkman/candidates/java/8.0.333.fx-librca/jre/lib/ext/sunjce_provider.jar
file:/root/.sdkman/candidates/java/8.0.333.fx-librca/jre/lib/ext/nashorn.jar
[MASTER] 12:17:18.383 [logback-1] WARN  JUnitAnalyzer - Found unstable test named initializationError -> class java.lang.RuntimeException: Cannot find either the compilation target folder nor the EvoSuite jar in classpath: /tmp/EvoSuite_pathingJar3038940880205238832.jar
Going to execute: handleTestsThatAreUnstable
* Compiling Tests
** Write a test suite: 0 called: 0 to improve: false
[MASTER] 12:17:18.441 [logback-1] WARN  AgentLoader - Failed to find EvoSuite jar in current classloader. URLs of classloader:
file:/root/.sdkman/candidates/java/8.0.333.fx-librca/jre/../lib/tools.jar
file:/tmp/EvoSuite_pathingJar3038940880205238832.jar
file:/root/.sdkman/candidates/java/8.0.333.fx-librca/jre/lib/ext/cldrdata.jar
file:/root/.sdkman/candidates/java/8.0.333.fx-librca/jre/lib/ext/sunec.jar
file:/root/.sdkman/candidates/java/8.0.333.fx-librca/jre/lib/ext/localedata.jar
file:/root/.sdkman/candidates/java/8.0.333.fx-librca/jre/lib/ext/jaccess.jar
file:/root/.sdkman/candidates/java/8.0.333.fx-librca/jre/lib/ext/dnsns.jar
file:/root/.sdkman/candidates/java/8.0.333.fx-librca/jre/lib/ext/sunpkcs11.jar
file:/root/.sdkman/candidates/java/8.0.333.fx-librca/jre/lib/ext/zipfs.jar
file:/root/.sdkman/candidates/java/8.0.333.fx-librca/jre/lib/ext/jfxrt.jar
file:/root/.sdkman/candidates/java/8.0.333.fx-librca/jre/lib/ext/sunjce_provider.jar
file:/root/.sdkman/candidates/java/8.0.333.fx-librca/jre/lib/ext/nashorn.jar
[MASTER] 12:17:18.442 [logback-1] WARN  JUnitAnalyzer - Found unstable test named initializationError -> class java.lang.RuntimeException: Cannot find either the compilation target folder nor the EvoSuite jar in classpath: /tmp/EvoSuite_pathingJar3038940880205238832.jar
Going to execute: handleTestsThatAreUnstable
* Compiling Tests
[MASTER] 12:17:18.498 [logback-1] WARN  AgentLoader - Failed to find EvoSuite jar in current classloader. URLs of classloader:
file:/root/.sdkman/candidates/java/8.0.333.fx-librca/jre/../lib/tools.jar
file:/tmp/EvoSuite_pathingJar3038940880205238832.jar
file:/root/.sdkman/candidates/java/8.0.333.fx-librca/jre/lib/ext/cldrdata.jar
file:/root/.sdkman/candidates/java/8.0.333.fx-librca/jre/lib/ext/sunec.jar
file:/root/.sdkman/candidates/java/8.0.333.fx-librca/jre/lib/ext/localedata.jar
file:/root/.sdkman/candidates/java/8.0.333.fx-librca/jre/lib/ext/jaccess.jar
file:/root/.sdkman/candidates/java/8.0.333.fx-librca/jre/lib/ext/dnsns.jar
file:/root/.sdkman/candidates/java/8.0.333.fx-librca/jre/lib/ext/sunpkcs11.jar
file:/root/.sdkman/candidates/java/8.0.333.fx-librca/jre/lib/ext/zipfs.jar
file:/root/.sdkman/candidates/java/8.0.333.fx-librca/jre/lib/ext/jfxrt.jar
file:/root/.sdkman/candidates/java/8.0.333.fx-librca/jre/lib/ext/sunjce_provider.jar
file:/root/.sdkman/candidates/java/8.0.333.fx-librca/jre/lib/ext/nashorn.jar
[MASTER] 12:17:18.499 [logback-1] WARN  JUnitAnalyzer - Found unstable test named initializationError -> class java.lang.RuntimeException: Cannot find either the compilation target folder nor the EvoSuite jar in classpath: /tmp/EvoSuite_pathingJar3038940880205238832.jar
Going to execute: handleTestsThatAreUnstable
* Compiling Tests
** Write a test suite: 9 called: 0 to improve: false
** Write a test suite: 10 called: 1 to improve: false
** Write a test suite: 16 called: 2 to improve: false
** Write a test suite: 20 called: 3 to improve: false
** Write a test suite: 22 called: 4 to improve: false
** Write a test suite: 23 called: 5 to improve: false
[MASTER] 12:17:18.740 [logback-1] WARN  AgentLoader - Failed to find EvoSuite jar in current classloader. URLs of classloader:
file:/root/.sdkman/candidates/java/8.0.333.fx-librca/jre/../lib/tools.jar
file:/tmp/EvoSuite_pathingJar3038940880205238832.jar
file:/root/.sdkman/candidates/java/8.0.333.fx-librca/jre/lib/ext/cldrdata.jar
file:/root/.sdkman/candidates/java/8.0.333.fx-librca/jre/lib/ext/sunec.jar
file:/root/.sdkman/candidates/java/8.0.333.fx-librca/jre/lib/ext/localedata.jar
file:/root/.sdkman/candidates/java/8.0.333.fx-librca/jre/lib/ext/jaccess.jar
file:/root/.sdkman/candidates/java/8.0.333.fx-librca/jre/lib/ext/dnsns.jar
file:/root/.sdkman/candidates/java/8.0.333.fx-librca/jre/lib/ext/sunpkcs11.jar
file:/root/.sdkman/candidates/java/8.0.333.fx-librca/jre/lib/ext/zipfs.jar
file:/root/.sdkman/candidates/java/8.0.333.fx-librca/jre/lib/ext/jfxrt.jar
file:/root/.sdkman/candidates/java/8.0.333.fx-librca/jre/lib/ext/sunjce_provider.jar
file:/root/.sdkman/candidates/java/8.0.333.fx-librca/jre/lib/ext/nashorn.jar
[MASTER] 12:17:18.741 [logback-1] WARN  JUnitAnalyzer - Found unstable test named initializationError -> class java.lang.RuntimeException: Cannot find either the compilation target folder nor the EvoSuite jar in classpath: /tmp/EvoSuite_pathingJar3038940880205238832.jar
Going to execute: handleTestsThatAreUnstable
* Compiling Tests
** Write a test suite: 1 called: 0 to improve: false
** Write a test suite: 2 called: 1 to improve: false
** Write a test suite: 4 called: 2 to improve: false
** Write a test suite: 8 called: 3 to improve: false
** Write a test suite: 14 called: 4 to improve: false
** Write a test suite: 15 called: 5 to improve: false
[MASTER] 12:17:18.903 [logback-1] WARN  AgentLoader - Failed to find EvoSuite jar in current classloader. URLs of classloader:
file:/root/.sdkman/candidates/java/8.0.333.fx-librca/jre/../lib/tools.jar
file:/tmp/EvoSuite_pathingJar3038940880205238832.jar
file:/root/.sdkman/candidates/java/8.0.333.fx-librca/jre/lib/ext/cldrdata.jar
file:/root/.sdkman/candidates/java/8.0.333.fx-librca/jre/lib/ext/sunec.jar
file:/root/.sdkman/candidates/java/8.0.333.fx-librca/jre/lib/ext/localedata.jar
file:/root/.sdkman/candidates/java/8.0.333.fx-librca/jre/lib/ext/jaccess.jar
file:/root/.sdkman/candidates/java/8.0.333.fx-librca/jre/lib/ext/dnsns.jar
file:/root/.sdkman/candidates/java/8.0.333.fx-librca/jre/lib/ext/sunpkcs11.jar
file:/root/.sdkman/candidates/java/8.0.333.fx-librca/jre/lib/ext/zipfs.jar
file:/root/.sdkman/candidates/java/8.0.333.fx-librca/jre/lib/ext/jfxrt.jar
file:/root/.sdkman/candidates/java/8.0.333.fx-librca/jre/lib/ext/sunjce_provider.jar
file:/root/.sdkman/candidates/java/8.0.333.fx-librca/jre/lib/ext/nashorn.jar
[MASTER] 12:17:18.904 [logback-1] WARN  JUnitAnalyzer - Found unstable test named initializationError -> class java.lang.RuntimeException: Cannot find either the compilation target folder nor the EvoSuite jar in classpath: /tmp/EvoSuite_pathingJar3038940880205238832.jar
[MASTER] 12:17:19.027 [logback-1] WARN  TimeController - Already entered in phase: INLINING. This will mess up the timing calculations.
* test suite isTestSuite: 27
Test 0: 
JSJshop jSJshop = new JSJshop();
jSJshop.getTree();
Test 1: 
JSJshop jSJshop = new JSJshop();
// Undeclared exception!
try { 
  jSJshop.getAppletURL("{1W-S", (JApplet) null);
  fail("Expecting exception: NullPointerException");

} catch(NullPointerException e) {
   //
   // no message in exception (getMessage() returned null)
   //
   verifyException("umd.cs.shop.JSJshop", e);
}

Test 2: 
JSJshop jSJshop = new JSJshop();
jSJshop.getSolution();
Test 3: 
JSJshop jSJshop = new JSJshop();
jSJshop.sol();
Test 4: 
JSJshop jSJshop = new JSJshop();
jSJshop.tree();
Test 5: 
JSJshop jSJshop = new JSJshop();
jSJshop.prob();
Test 6: 
JSJshop jSJshop = new JSJshop();
jSJshop.dom();
Test 7: 
String[] stringArray = new String[1];
JSJshop.main(stringArray);
Test 8: 
String[] stringArray = new String[6];
JSJshop.main(stringArray);
Test 9: 
String[] stringArray = new String[2];
// Undeclared exception!
try { 
  JSJshop.main(stringArray);
  fail("Expecting exception: NullPointerException");

} catch(NullPointerException e) {
   //
   // no message in exception (getMessage() returned null)
   //
   verifyException("org.evosuite.runtime.mock.java.io.MockFileInputStream", e);
}

Test 10: 
JSJshop jSJshop = null;
try {
  jSJshop = new JSJshop("r*", "r*");
  fail("Expecting exception: System.SystemExitException");

} catch(System.SystemExitException e) {
   //
   // no message in exception (getMessage() returned null)
   //
   verifyException("org.evosuite.runtime.System", e);
}

Test 11: 
JSJshop jSJshop = new JSJshop();
jSJshop.getAddList();
Test 12: 
JSJshop jSJshop = new JSJshop();
jSJshop.getDeleteList();
Test 13: 
EvoSuiteFile evoSuiteFile = new EvoSuiteFile("farp.shp");
FileSystemHandling.appendStringToFile(evoSuiteFile, "6eX:28b</eA");
JSJshop jSJshop = new JSJshop();
jSJshop.testParser();
Test 14: 
EvoSuiteFile evoSuiteFile = new EvoSuiteFile("farp.shp");
FileSystemHandling.appendStringToFile(evoSuiteFile, "8):a8A2g7p4'[cO");
JSJshop jSJshop = new JSJshop();
jSJshop.testParser();
Test 15: 
EvoSuiteFile evoSuiteFile = new EvoSuiteFile("farp.shp");
FileSystemHandling.appendStringToFile(evoSuiteFile, "cRsHxDKm!y;Nc8");
JSJshop jSJshop = new JSJshop();
jSJshop.testParser();
Test 16: 
JSJshop jSJshop = new JSJshop();
EvoSuiteFile evoSuiteFile = new EvoSuiteFile("farp.shp");
FileSystemHandling.appendLineToFile(evoSuiteFile, "]-FclXGJ");
jSJshop.testParser();
Test 17: 
EvoSuiteFile evoSuiteFile = new EvoSuiteFile("farp.shp");
FileSystemHandling.appendLineToFile(evoSuiteFile, "`)Z=-+,");
JSJshop jSJshop = new JSJshop();
jSJshop.testParser();
Test 18: 
EvoSuiteFile evoSuiteFile = new EvoSuiteFile("farp.shp");
FileSystemHandling.appendLineToFile(evoSuiteFile, ", ");
JSJshop jSJshop = new JSJshop();
jSJshop.testParser();
Test 19: 
JSTaskAtom jSTaskAtom = new JSTaskAtom();
EvoSuiteFile evoSuiteFile = new EvoSuiteFile("al");
FileSystemHandling.appendLineToFile(evoSuiteFile, "albm@f)[}");
JSJshop jSJshop = null;
try {
  jSJshop = new JSJshop("al", jSTaskAtom);
  fail("Expecting exception: NullPointerException");

} catch(NullPointerException e) {
   //
   // no message in exception (getMessage() returned null)
   //
   verifyException("umd.cs.shop.JSJshop", e);
}

Test 20: 
JSJshop jSJshop = new JSJshop();
jSJshop.getBufferedReader((String) null, "KowQRUpR&4i", (JApplet) null);
Test 21: 
JSJshop jSJshop = new JSJshop();
jSJshop.getBufferedReader("KowQRUpR&4i", (String) null, (JApplet) null);
Test 22: 
JSJshop jSJshop = new JSJshop();
StringReader stringReader = new StringReader("umd.cs.shop.JSPlanningDomain");
StreamTokenizer streamTokenizer = new StreamTokenizer(stringReader);
// Undeclared exception!
try { 
  jSJshop.processToken(streamTokenizer);
  fail("Expecting exception: Error");

} catch(Error e) {
   //
   // no message in exception (getMessage() returned null)
   //
   verifyException("umd.cs.shop.JSJshop", e);
}

Test 23: 
JSJshop jSJshop = new JSJshop();
jSJshop.parserFile("umd.cs.shop.JSPairPlanTSListNodes");
Test 24: 
String[] stringArray = new String[4];
stringArray[2] = "1";
JSJshop.main(stringArray);
Test 25: 
JSJshop jSJshop = new JSJshop();
// Undeclared exception!
try { 
  jSJshop.testParser();
  fail("Expecting exception: System.SystemExitException");

} catch(System.SystemExitException e) {
   //
   // no message in exception (getMessage() returned null)
   //
   verifyException("org.evosuite.runtime.System", e);
}

Test 26: 
JSJshop jSJshop = new JSJshop();
// Undeclared exception!
try { 
  jSJshop.setFile(" ", (JSTaskAtom) null);
  fail("Expecting exception: NullPointerException");

} catch(NullPointerException e) {
   //
   // no message in exception (getMessage() returned null)
   //
   verifyException("umd.cs.shop.JSJshop", e);
}


* Minimizing test suite
[MASTER] 12:17:21.534 [logback-1] WARN  TimeController - Already entered in phase: MINIMIZATION. This will mess up the timing calculations.
* test suite isTestSuite: 25
Test 0: 
JSJshop jSJshop = new JSJshop();
jSJshop.getTree();
Test 1: 
JSJshop jSJshop = new JSJshop();
// Undeclared exception!
try { 
  jSJshop.getAppletURL("{1W-S", (JApplet) null);
  fail("Expecting exception: NullPointerException");

} catch(NullPointerException e) {
   //
   // no message in exception (getMessage() returned null)
   //
   verifyException("umd.cs.shop.JSJshop", e);
}

Test 2: 
JSJshop jSJshop = new JSJshop();
jSJshop.getSolution();
Test 3: 
JSJshop jSJshop = new JSJshop();
jSJshop.sol();
Test 4: 
JSJshop jSJshop = new JSJshop();
jSJshop.tree();
Test 5: 
JSJshop jSJshop = new JSJshop();
jSJshop.prob();
Test 6: 
JSJshop jSJshop = new JSJshop();
jSJshop.dom();
Test 7: 
String[] stringArray = new String[1];
JSJshop.main(stringArray);
Test 8: 
String[] stringArray = new String[2];
// Undeclared exception!
try { 
  JSJshop.main(stringArray);
  fail("Expecting exception: NullPointerException");

} catch(NullPointerException e) {
   //
   // no message in exception (getMessage() returned null)
   //
   verifyException("org.evosuite.runtime.mock.java.io.MockFileInputStream", e);
}

Test 9: 
String[] stringArray = new String[6];
JSJshop.main(stringArray);
Test 10: 
JSJshop jSJshop = null;
try {
  jSJshop = new JSJshop("r*", "r*");
  fail("Expecting exception: System.SystemExitException");

} catch(System.SystemExitException e) {
   //
   // no message in exception (getMessage() returned null)
   //
   verifyException("org.evosuite.runtime.System", e);
}

Test 11: 
JSJshop jSJshop = new JSJshop();
jSJshop.getAddList();
Test 12: 
JSJshop jSJshop = new JSJshop();
jSJshop.getDeleteList();
Test 13: 
EvoSuiteFile evoSuiteFile = new EvoSuiteFile("farp.shp");
FileSystemHandling.appendStringToFile(evoSuiteFile, "6eX:28b</eA");
JSJshop jSJshop = new JSJshop();
jSJshop.testParser();
Test 14: 
EvoSuiteFile evoSuiteFile = new EvoSuiteFile("farp.shp");
FileSystemHandling.appendStringToFile(evoSuiteFile, "cRsHxDKm!y;Nc8");
JSJshop jSJshop = new JSJshop();
jSJshop.testParser();
Test 15: 
JSJshop jSJshop = new JSJshop();
EvoSuiteFile evoSuiteFile = new EvoSuiteFile("farp.shp");
FileSystemHandling.appendLineToFile(evoSuiteFile, "]-FclXGJ");
jSJshop.testParser();
Test 16: 
EvoSuiteFile evoSuiteFile = new EvoSuiteFile("farp.shp");
FileSystemHandling.appendLineToFile(evoSuiteFile, "`)Z=-+,");
JSJshop jSJshop = new JSJshop();
jSJshop.testParser();
Test 17: 
JSTaskAtom jSTaskAtom = new JSTaskAtom();
EvoSuiteFile evoSuiteFile = new EvoSuiteFile("al");
FileSystemHandling.appendLineToFile(evoSuiteFile, "albm@f)[}");
JSJshop jSJshop = null;
try {
  jSJshop = new JSJshop("al", jSTaskAtom);
  fail("Expecting exception: NullPointerException");

} catch(NullPointerException e) {
   //
   // no message in exception (getMessage() returned null)
   //
   verifyException("umd.cs.shop.JSJshop", e);
}

Test 18: 
JSJshop jSJshop = new JSJshop();
jSJshop.getBufferedReader((String) null, "KowQRUpR&4i", (JApplet) null);
Test 19: 
JSJshop jSJshop = new JSJshop();
jSJshop.getBufferedReader("KowQRUpR&4i", (String) null, (JApplet) null);
Test 20: 
JSJshop jSJshop = new JSJshop();
StringReader stringReader = new StringReader("umd.cs.shop.JSPlanningDomain");
StreamTokenizer streamTokenizer = new StreamTokenizer(stringReader);
// Undeclared exception!
try { 
  jSJshop.processToken(streamTokenizer);
  fail("Expecting exception: Error");

} catch(Error e) {
   //
   // no message in exception (getMessage() returned null)
   //
   verifyException("umd.cs.shop.JSJshop", e);
}

Test 21: 
JSJshop jSJshop = new JSJshop();
jSJshop.parserFile("umd.cs.shop.JSPairPlanTSListNodes");
Test 22: 
String[] stringArray = new String[4];
stringArray[2] = "1";
JSJshop.main(stringArray);
Test 23: 
JSJshop jSJshop = new JSJshop();
// Undeclared exception!
try { 
  jSJshop.testParser();
  fail("Expecting exception: System.SystemExitException");

} catch(System.SystemExitException e) {
   //
   // no message in exception (getMessage() returned null)
   //
   verifyException("org.evosuite.runtime.System", e);
}

Test 24: 
JSJshop jSJshop = new JSJshop();
// Undeclared exception!
try { 
  jSJshop.setFile(" ", (JSTaskAtom) null);
  fail("Expecting exception: NullPointerException");

} catch(NullPointerException e) {
   //
   // no message in exception (getMessage() returned null)
   //
   verifyException("umd.cs.shop.JSJshop", e);
}


* Going to analyze the coverage criteria
* Coverage analysis for criterion BRANCH
* Coverage of criterion BRANCH: 50%
* Total number of goals: 114
* Number of covered goals: 57
* Coverage analysis for criterion LINE
* Coverage of criterion LINE: 48%
* Total number of goals: 225
* Number of covered goals: 109
* Coverage analysis for criterion OUTPUT
* Coverage of criterion OUTPUT: 18%
* Total number of goals: 56
* Number of covered goals: 10
* Coverage analysis for criterion METHOD
* Coverage of criterion METHOD: 95%
* Total number of goals: 19
* Number of covered goals: 18
* Coverage analysis for criterion CBRANCH
* Coverage of criterion CBRANCH: 48%
* Total number of goals: 114
* Number of covered goals: 55
* Generated 25 tests with total length 62
* Resulting test suite's coverage: 54% (average coverage for all fitness functions)
* Generating assertions
[MASTER] 12:17:21.616 [logback-1] WARN  TimeController - Already entered in phase: COVERAGE_ANALYSIS. This will mess up the timing calculations.
* Resulting test suite's mutation score: 8%
* Compiling and checking tests
Going to execute: removeTestsThatDoNotCompile
[MASTER] 12:17:24.788 [logback-1] WARN  TimeController - Already entered in phase: ASSERTION_GENERATION. This will mess up the timing calculations.
* Compiling Tests
** Write a test suite: 0 called: 0 to improve: false
* Compiling Tests
** Write a test suite: 0 called: 0 to improve: false
* Compiling Tests
** Write a test suite: 0 called: 0 to improve: false
* Compiling Tests
** Write a test suite: 0 called: 0 to improve: false
* Compiling Tests
** Write a test suite: 0 called: 0 to improve: false
* Compiling Tests
** Write a test suite: 0 called: 0 to improve: false
* Compiling Tests
** Write a test suite: 0 called: 0 to improve: false
* Compiling Tests
** Write a test suite: 0 called: 0 to improve: false
* Compiling Tests
** Write a test suite: 0 called: 0 to improve: false
* Compiling Tests
** Write a test suite: 0 called: 0 to improve: false
* Compiling Tests
** Write a test suite: 0 called: 0 to improve: false
* Compiling Tests
** Write a test suite: 0 called: 0 to improve: false
* Compiling Tests
** Write a test suite: 0 called: 0 to improve: false
* Compiling Tests
** Write a test suite: 0 called: 0 to improve: false
* Compiling Tests
** Write a test suite: 0 called: 0 to improve: false
* Compiling Tests
** Write a test suite: 0 called: 0 to improve: false
* Compiling Tests
** Write a test suite: 0 called: 0 to improve: false
* Compiling Tests
** Write a test suite: 0 called: 0 to improve: false
* Compiling Tests
** Write a test suite: 0 called: 0 to improve: false
* Compiling Tests
** Write a test suite: 0 called: 0 to improve: false
* Compiling Tests
** Write a test suite: 0 called: 0 to improve: false
* Compiling Tests
** Write a test suite: 0 called: 0 to improve: false
* Compiling Tests
** Write a test suite: 0 called: 0 to improve: false
* Compiling Tests
** Write a test suite: 0 called: 0 to improve: false
* Compiling Tests
** Write a test suite: 0 called: 0 to improve: false
Going to execute: handleTestsThatAreUnstable
* Compiling Tests
** Write a test suite: 0 called: 0 to improve: false
[MASTER] 12:17:25.872 [logback-1] WARN  AgentLoader - Failed to find EvoSuite jar in current classloader. URLs of classloader:
file:/root/.sdkman/candidates/java/8.0.333.fx-librca/jre/../lib/tools.jar
file:/tmp/EvoSuite_pathingJar3038940880205238832.jar
file:/root/.sdkman/candidates/java/8.0.333.fx-librca/jre/lib/ext/cldrdata.jar
file:/root/.sdkman/candidates/java/8.0.333.fx-librca/jre/lib/ext/sunec.jar
file:/root/.sdkman/candidates/java/8.0.333.fx-librca/jre/lib/ext/localedata.jar
file:/root/.sdkman/candidates/java/8.0.333.fx-librca/jre/lib/ext/jaccess.jar
file:/root/.sdkman/candidates/java/8.0.333.fx-librca/jre/lib/ext/dnsns.jar
file:/root/.sdkman/candidates/java/8.0.333.fx-librca/jre/lib/ext/sunpkcs11.jar
file:/root/.sdkman/candidates/java/8.0.333.fx-librca/jre/lib/ext/zipfs.jar
file:/root/.sdkman/candidates/java/8.0.333.fx-librca/jre/lib/ext/jfxrt.jar
file:/root/.sdkman/candidates/java/8.0.333.fx-librca/jre/lib/ext/sunjce_provider.jar
file:/root/.sdkman/candidates/java/8.0.333.fx-librca/jre/lib/ext/nashorn.jar
[MASTER] 12:17:25.873 [logback-1] WARN  JUnitAnalyzer - Found unstable test named initializationError -> class java.lang.RuntimeException: Cannot find either the compilation target folder nor the EvoSuite jar in classpath: /tmp/EvoSuite_pathingJar3038940880205238832.jar
Going to execute: handleTestsThatAreUnstable
* Compiling Tests
** Write a test suite: 0 called: 0 to improve: false
[MASTER] 12:17:25.923 [logback-1] WARN  AgentLoader - Failed to find EvoSuite jar in current classloader. URLs of classloader:
file:/root/.sdkman/candidates/java/8.0.333.fx-librca/jre/../lib/tools.jar
file:/tmp/EvoSuite_pathingJar3038940880205238832.jar
file:/root/.sdkman/candidates/java/8.0.333.fx-librca/jre/lib/ext/cldrdata.jar
file:/root/.sdkman/candidates/java/8.0.333.fx-librca/jre/lib/ext/sunec.jar
file:/root/.sdkman/candidates/java/8.0.333.fx-librca/jre/lib/ext/localedata.jar
file:/root/.sdkman/candidates/java/8.0.333.fx-librca/jre/lib/ext/jaccess.jar
file:/root/.sdkman/candidates/java/8.0.333.fx-librca/jre/lib/ext/dnsns.jar
file:/root/.sdkman/candidates/java/8.0.333.fx-librca/jre/lib/ext/sunpkcs11.jar
file:/root/.sdkman/candidates/java/8.0.333.fx-librca/jre/lib/ext/zipfs.jar
file:/root/.sdkman/candidates/java/8.0.333.fx-librca/jre/lib/ext/jfxrt.jar
file:/root/.sdkman/candidates/java/8.0.333.fx-librca/jre/lib/ext/sunjce_provider.jar
file:/root/.sdkman/candidates/java/8.0.333.fx-librca/jre/lib/ext/nashorn.jar
[MASTER] 12:17:25.924 [logback-1] WARN  JUnitAnalyzer - Found unstable test named initializationError -> class java.lang.RuntimeException: Cannot find either the compilation target folder nor the EvoSuite jar in classpath: /tmp/EvoSuite_pathingJar3038940880205238832.jar
Going to execute: handleTestsThatAreUnstable
* Compiling Tests
** Write a test suite: 0 called: 0 to improve: false
[MASTER] 12:17:25.959 [logback-1] WARN  AgentLoader - Failed to find EvoSuite jar in current classloader. URLs of classloader:
file:/root/.sdkman/candidates/java/8.0.333.fx-librca/jre/../lib/tools.jar
file:/tmp/EvoSuite_pathingJar3038940880205238832.jar
file:/root/.sdkman/candidates/java/8.0.333.fx-librca/jre/lib/ext/cldrdata.jar
file:/root/.sdkman/candidates/java/8.0.333.fx-librca/jre/lib/ext/sunec.jar
file:/root/.sdkman/candidates/java/8.0.333.fx-librca/jre/lib/ext/localedata.jar
file:/root/.sdkman/candidates/java/8.0.333.fx-librca/jre/lib/ext/jaccess.jar
file:/root/.sdkman/candidates/java/8.0.333.fx-librca/jre/lib/ext/dnsns.jar
file:/root/.sdkman/candidates/java/8.0.333.fx-librca/jre/lib/ext/sunpkcs11.jar
file:/root/.sdkman/candidates/java/8.0.333.fx-librca/jre/lib/ext/zipfs.jar
file:/root/.sdkman/candidates/java/8.0.333.fx-librca/jre/lib/ext/jfxrt.jar
file:/root/.sdkman/candidates/java/8.0.333.fx-librca/jre/lib/ext/sunjce_provider.jar
file:/root/.sdkman/candidates/java/8.0.333.fx-librca/jre/lib/ext/nashorn.jar
[MASTER] 12:17:25.960 [logback-1] WARN  JUnitAnalyzer - Found unstable test named initializationError -> class java.lang.RuntimeException: Cannot find either the compilation target folder nor the EvoSuite jar in classpath: /tmp/EvoSuite_pathingJar3038940880205238832.jar
Going to execute: handleTestsThatAreUnstable
* Compiling Tests
** Write a test suite: 0 called: 0 to improve: false
[MASTER] 12:17:25.995 [logback-1] WARN  AgentLoader - Failed to find EvoSuite jar in current classloader. URLs of classloader:
file:/root/.sdkman/candidates/java/8.0.333.fx-librca/jre/../lib/tools.jar
file:/tmp/EvoSuite_pathingJar3038940880205238832.jar
file:/root/.sdkman/candidates/java/8.0.333.fx-librca/jre/lib/ext/cldrdata.jar
file:/root/.sdkman/candidates/java/8.0.333.fx-librca/jre/lib/ext/sunec.jar
file:/root/.sdkman/candidates/java/8.0.333.fx-librca/jre/lib/ext/localedata.jar
file:/root/.sdkman/candidates/java/8.0.333.fx-librca/jre/lib/ext/jaccess.jar
file:/root/.sdkman/candidates/java/8.0.333.fx-librca/jre/lib/ext/dnsns.jar
file:/root/.sdkman/candidates/java/8.0.333.fx-librca/jre/lib/ext/sunpkcs11.jar
file:/root/.sdkman/candidates/java/8.0.333.fx-librca/jre/lib/ext/zipfs.jar
file:/root/.sdkman/candidates/java/8.0.333.fx-librca/jre/lib/ext/jfxrt.jar
file:/root/.sdkman/candidates/java/8.0.333.fx-librca/jre/lib/ext/sunjce_provider.jar
file:/root/.sdkman/candidates/java/8.0.333.fx-librca/jre/lib/ext/nashorn.jar
[MASTER] 12:17:25.996 [logback-1] WARN  JUnitAnalyzer - Found unstable test named initializationError -> class java.lang.RuntimeException: Cannot find either the compilation target folder nor the EvoSuite jar in classpath: /tmp/EvoSuite_pathingJar3038940880205238832.jar
Going to execute: handleTestsThatAreUnstable
* Compiling Tests
** Write a test suite: 0 called: 0 to improve: false
[MASTER] 12:17:26.033 [logback-1] WARN  AgentLoader - Failed to find EvoSuite jar in current classloader. URLs of classloader:
file:/root/.sdkman/candidates/java/8.0.333.fx-librca/jre/../lib/tools.jar
file:/tmp/EvoSuite_pathingJar3038940880205238832.jar
file:/root/.sdkman/candidates/java/8.0.333.fx-librca/jre/lib/ext/cldrdata.jar
file:/root/.sdkman/candidates/java/8.0.333.fx-librca/jre/lib/ext/sunec.jar
file:/root/.sdkman/candidates/java/8.0.333.fx-librca/jre/lib/ext/localedata.jar
file:/root/.sdkman/candidates/java/8.0.333.fx-librca/jre/lib/ext/jaccess.jar
file:/root/.sdkman/candidates/java/8.0.333.fx-librca/jre/lib/ext/dnsns.jar
file:/root/.sdkman/candidates/java/8.0.333.fx-librca/jre/lib/ext/sunpkcs11.jar
file:/root/.sdkman/candidates/java/8.0.333.fx-librca/jre/lib/ext/zipfs.jar
file:/root/.sdkman/candidates/java/8.0.333.fx-librca/jre/lib/ext/jfxrt.jar
file:/root/.sdkman/candidates/java/8.0.333.fx-librca/jre/lib/ext/sunjce_provider.jar
file:/root/.sdkman/candidates/java/8.0.333.fx-librca/jre/lib/ext/nashorn.jar
[MASTER] 12:17:26.034 [logback-1] WARN  JUnitAnalyzer - Found unstable test named initializationError -> class java.lang.RuntimeException: Cannot find either the compilation target folder nor the EvoSuite jar in classpath: /tmp/EvoSuite_pathingJar3038940880205238832.jar
Going to execute: handleTestsThatAreUnstable
* Compiling Tests
** Write a test suite: 0 called: 0 to improve: false
[MASTER] 12:17:26.075 [logback-1] WARN  AgentLoader - Failed to find EvoSuite jar in current classloader. URLs of classloader:
file:/root/.sdkman/candidates/java/8.0.333.fx-librca/jre/../lib/tools.jar
file:/tmp/EvoSuite_pathingJar3038940880205238832.jar
file:/root/.sdkman/candidates/java/8.0.333.fx-librca/jre/lib/ext/cldrdata.jar
file:/root/.sdkman/candidates/java/8.0.333.fx-librca/jre/lib/ext/sunec.jar
file:/root/.sdkman/candidates/java/8.0.333.fx-librca/jre/lib/ext/localedata.jar
file:/root/.sdkman/candidates/java/8.0.333.fx-librca/jre/lib/ext/jaccess.jar
file:/root/.sdkman/candidates/java/8.0.333.fx-librca/jre/lib/ext/dnsns.jar
file:/root/.sdkman/candidates/java/8.0.333.fx-librca/jre/lib/ext/sunpkcs11.jar
file:/root/.sdkman/candidates/java/8.0.333.fx-librca/jre/lib/ext/zipfs.jar
file:/root/.sdkman/candidates/java/8.0.333.fx-librca/jre/lib/ext/jfxrt.jar
file:/root/.sdkman/candidates/java/8.0.333.fx-librca/jre/lib/ext/sunjce_provider.jar
file:/root/.sdkman/candidates/java/8.0.333.fx-librca/jre/lib/ext/nashorn.jar
[MASTER] 12:17:26.076 [logback-1] WARN  JUnitAnalyzer - Found unstable test named initializationError -> class java.lang.RuntimeException: Cannot find either the compilation target folder nor the EvoSuite jar in classpath: /tmp/EvoSuite_pathingJar3038940880205238832.jar
Going to execute: handleTestsThatAreUnstable
* Compiling Tests
** Write a test suite: 0 called: 0 to improve: false
[MASTER] 12:17:26.117 [logback-1] WARN  AgentLoader - Failed to find EvoSuite jar in current classloader. URLs of classloader:
file:/root/.sdkman/candidates/java/8.0.333.fx-librca/jre/../lib/tools.jar
file:/tmp/EvoSuite_pathingJar3038940880205238832.jar
file:/root/.sdkman/candidates/java/8.0.333.fx-librca/jre/lib/ext/cldrdata.jar
file:/root/.sdkman/candidates/java/8.0.333.fx-librca/jre/lib/ext/sunec.jar
file:/root/.sdkman/candidates/java/8.0.333.fx-librca/jre/lib/ext/localedata.jar
file:/root/.sdkman/candidates/java/8.0.333.fx-librca/jre/lib/ext/jaccess.jar
file:/root/.sdkman/candidates/java/8.0.333.fx-librca/jre/lib/ext/dnsns.jar
file:/root/.sdkman/candidates/java/8.0.333.fx-librca/jre/lib/ext/sunpkcs11.jar
file:/root/.sdkman/candidates/java/8.0.333.fx-librca/jre/lib/ext/zipfs.jar
file:/root/.sdkman/candidates/java/8.0.333.fx-librca/jre/lib/ext/jfxrt.jar
file:/root/.sdkman/candidates/java/8.0.333.fx-librca/jre/lib/ext/sunjce_provider.jar
file:/root/.sdkman/candidates/java/8.0.333.fx-librca/jre/lib/ext/nashorn.jar
[MASTER] 12:17:26.118 [logback-1] WARN  JUnitAnalyzer - Found unstable test named initializationError -> class java.lang.RuntimeException: Cannot find either the compilation target folder nor the EvoSuite jar in classpath: /tmp/EvoSuite_pathingJar3038940880205238832.jar
Going to execute: handleTestsThatAreUnstable
* Compiling Tests
** Write a test suite: 0 called: 0 to improve: false
[MASTER] 12:17:26.163 [logback-1] WARN  AgentLoader - Failed to find EvoSuite jar in current classloader. URLs of classloader:
file:/root/.sdkman/candidates/java/8.0.333.fx-librca/jre/../lib/tools.jar
file:/tmp/EvoSuite_pathingJar3038940880205238832.jar
file:/root/.sdkman/candidates/java/8.0.333.fx-librca/jre/lib/ext/cldrdata.jar
file:/root/.sdkman/candidates/java/8.0.333.fx-librca/jre/lib/ext/sunec.jar
file:/root/.sdkman/candidates/java/8.0.333.fx-librca/jre/lib/ext/localedata.jar
file:/root/.sdkman/candidates/java/8.0.333.fx-librca/jre/lib/ext/jaccess.jar
file:/root/.sdkman/candidates/java/8.0.333.fx-librca/jre/lib/ext/dnsns.jar
file:/root/.sdkman/candidates/java/8.0.333.fx-librca/jre/lib/ext/sunpkcs11.jar
file:/root/.sdkman/candidates/java/8.0.333.fx-librca/jre/lib/ext/zipfs.jar
file:/root/.sdkman/candidates/java/8.0.333.fx-librca/jre/lib/ext/jfxrt.jar
file:/root/.sdkman/candidates/java/8.0.333.fx-librca/jre/lib/ext/sunjce_provider.jar
file:/root/.sdkman/candidates/java/8.0.333.fx-librca/jre/lib/ext/nashorn.jar
[MASTER] 12:17:26.164 [logback-1] WARN  JUnitAnalyzer - Found unstable test named initializationError -> class java.lang.RuntimeException: Cannot find either the compilation target folder nor the EvoSuite jar in classpath: /tmp/EvoSuite_pathingJar3038940880205238832.jar
Going to execute: handleTestsThatAreUnstable
* Compiling Tests
** Write a test suite: 0 called: 0 to improve: false
[MASTER] 12:17:26.220 [logback-1] WARN  AgentLoader - Failed to find EvoSuite jar in current classloader. URLs of classloader:
file:/root/.sdkman/candidates/java/8.0.333.fx-librca/jre/../lib/tools.jar
file:/tmp/EvoSuite_pathingJar3038940880205238832.jar
file:/root/.sdkman/candidates/java/8.0.333.fx-librca/jre/lib/ext/cldrdata.jar
file:/root/.sdkman/candidates/java/8.0.333.fx-librca/jre/lib/ext/sunec.jar
file:/root/.sdkman/candidates/java/8.0.333.fx-librca/jre/lib/ext/localedata.jar
file:/root/.sdkman/candidates/java/8.0.333.fx-librca/jre/lib/ext/jaccess.jar
file:/root/.sdkman/candidates/java/8.0.333.fx-librca/jre/lib/ext/dnsns.jar
file:/root/.sdkman/candidates/java/8.0.333.fx-librca/jre/lib/ext/sunpkcs11.jar
file:/root/.sdkman/candidates/java/8.0.333.fx-librca/jre/lib/ext/zipfs.jar
file:/root/.sdkman/candidates/java/8.0.333.fx-librca/jre/lib/ext/jfxrt.jar
file:/root/.sdkman/candidates/java/8.0.333.fx-librca/jre/lib/ext/sunjce_provider.jar
file:/root/.sdkman/candidates/java/8.0.333.fx-librca/jre/lib/ext/nashorn.jar
[MASTER] 12:17:26.221 [logback-1] WARN  JUnitAnalyzer - Found unstable test named initializationError -> class java.lang.RuntimeException: Cannot find either the compilation target folder nor the EvoSuite jar in classpath: /tmp/EvoSuite_pathingJar3038940880205238832.jar
Going to execute: handleTestsThatAreUnstable
* Compiling Tests
** Write a test suite: 0 called: 0 to improve: false
[MASTER] 12:17:26.263 [logback-1] WARN  AgentLoader - Failed to find EvoSuite jar in current classloader. URLs of classloader:
file:/root/.sdkman/candidates/java/8.0.333.fx-librca/jre/../lib/tools.jar
file:/tmp/EvoSuite_pathingJar3038940880205238832.jar
file:/root/.sdkman/candidates/java/8.0.333.fx-librca/jre/lib/ext/cldrdata.jar
file:/root/.sdkman/candidates/java/8.0.333.fx-librca/jre/lib/ext/sunec.jar
file:/root/.sdkman/candidates/java/8.0.333.fx-librca/jre/lib/ext/localedata.jar
file:/root/.sdkman/candidates/java/8.0.333.fx-librca/jre/lib/ext/jaccess.jar
file:/root/.sdkman/candidates/java/8.0.333.fx-librca/jre/lib/ext/dnsns.jar
file:/root/.sdkman/candidates/java/8.0.333.fx-librca/jre/lib/ext/sunpkcs11.jar
file:/root/.sdkman/candidates/java/8.0.333.fx-librca/jre/lib/ext/zipfs.jar
file:/root/.sdkman/candidates/java/8.0.333.fx-librca/jre/lib/ext/jfxrt.jar
file:/root/.sdkman/candidates/java/8.0.333.fx-librca/jre/lib/ext/sunjce_provider.jar
file:/root/.sdkman/candidates/java/8.0.333.fx-librca/jre/lib/ext/nashorn.jar
[MASTER] 12:17:26.264 [logback-1] WARN  JUnitAnalyzer - Found unstable test named initializationError -> class java.lang.RuntimeException: Cannot find either the compilation target folder nor the EvoSuite jar in classpath: /tmp/EvoSuite_pathingJar3038940880205238832.jar
Going to execute: handleTestsThatAreUnstable
* Compiling Tests
** Write a test suite: 0 called: 0 to improve: false
[MASTER] 12:17:26.318 [logback-1] WARN  AgentLoader - Failed to find EvoSuite jar in current classloader. URLs of classloader:
file:/root/.sdkman/candidates/java/8.0.333.fx-librca/jre/../lib/tools.jar
file:/tmp/EvoSuite_pathingJar3038940880205238832.jar
file:/root/.sdkman/candidates/java/8.0.333.fx-librca/jre/lib/ext/cldrdata.jar
file:/root/.sdkman/candidates/java/8.0.333.fx-librca/jre/lib/ext/sunec.jar
file:/root/.sdkman/candidates/java/8.0.333.fx-librca/jre/lib/ext/localedata.jar
file:/root/.sdkman/candidates/java/8.0.333.fx-librca/jre/lib/ext/jaccess.jar
file:/root/.sdkman/candidates/java/8.0.333.fx-librca/jre/lib/ext/dnsns.jar
file:/root/.sdkman/candidates/java/8.0.333.fx-librca/jre/lib/ext/sunpkcs11.jar
file:/root/.sdkman/candidates/java/8.0.333.fx-librca/jre/lib/ext/zipfs.jar
file:/root/.sdkman/candidates/java/8.0.333.fx-librca/jre/lib/ext/jfxrt.jar
file:/root/.sdkman/candidates/java/8.0.333.fx-librca/jre/lib/ext/sunjce_provider.jar
file:/root/.sdkman/candidates/java/8.0.333.fx-librca/jre/lib/ext/nashorn.jar
[MASTER] 12:17:26.318 [logback-1] WARN  JUnitAnalyzer - Found unstable test named initializationError -> class java.lang.RuntimeException: Cannot find either the compilation target folder nor the EvoSuite jar in classpath: /tmp/EvoSuite_pathingJar3038940880205238832.jar
Going to execute: handleTestsThatAreUnstable
* Compiling Tests
** Write a test suite: 0 called: 0 to improve: false
[MASTER] 12:17:26.357 [logback-1] WARN  AgentLoader - Failed to find EvoSuite jar in current classloader. URLs of classloader:
file:/root/.sdkman/candidates/java/8.0.333.fx-librca/jre/../lib/tools.jar
file:/tmp/EvoSuite_pathingJar3038940880205238832.jar
file:/root/.sdkman/candidates/java/8.0.333.fx-librca/jre/lib/ext/cldrdata.jar
file:/root/.sdkman/candidates/java/8.0.333.fx-librca/jre/lib/ext/sunec.jar
file:/root/.sdkman/candidates/java/8.0.333.fx-librca/jre/lib/ext/localedata.jar
file:/root/.sdkman/candidates/java/8.0.333.fx-librca/jre/lib/ext/jaccess.jar
file:/root/.sdkman/candidates/java/8.0.333.fx-librca/jre/lib/ext/dnsns.jar
file:/root/.sdkman/candidates/java/8.0.333.fx-librca/jre/lib/ext/sunpkcs11.jar
file:/root/.sdkman/candidates/java/8.0.333.fx-librca/jre/lib/ext/zipfs.jar
file:/root/.sdkman/candidates/java/8.0.333.fx-librca/jre/lib/ext/jfxrt.jar
file:/root/.sdkman/candidates/java/8.0.333.fx-librca/jre/lib/ext/sunjce_provider.jar
file:/root/.sdkman/candidates/java/8.0.333.fx-librca/jre/lib/ext/nashorn.jar
[MASTER] 12:17:26.357 [logback-1] WARN  JUnitAnalyzer - Found unstable test named initializationError -> class java.lang.RuntimeException: Cannot find either the compilation target folder nor the EvoSuite jar in classpath: /tmp/EvoSuite_pathingJar3038940880205238832.jar
Going to execute: handleTestsThatAreUnstable
* Compiling Tests
** Write a test suite: 0 called: 0 to improve: false
[MASTER] 12:17:26.403 [logback-1] WARN  AgentLoader - Failed to find EvoSuite jar in current classloader. URLs of classloader:
file:/root/.sdkman/candidates/java/8.0.333.fx-librca/jre/../lib/tools.jar
file:/tmp/EvoSuite_pathingJar3038940880205238832.jar
file:/root/.sdkman/candidates/java/8.0.333.fx-librca/jre/lib/ext/cldrdata.jar
file:/root/.sdkman/candidates/java/8.0.333.fx-librca/jre/lib/ext/sunec.jar
file:/root/.sdkman/candidates/java/8.0.333.fx-librca/jre/lib/ext/localedata.jar
file:/root/.sdkman/candidates/java/8.0.333.fx-librca/jre/lib/ext/jaccess.jar
file:/root/.sdkman/candidates/java/8.0.333.fx-librca/jre/lib/ext/dnsns.jar
file:/root/.sdkman/candidates/java/8.0.333.fx-librca/jre/lib/ext/sunpkcs11.jar
file:/root/.sdkman/candidates/java/8.0.333.fx-librca/jre/lib/ext/zipfs.jar
file:/root/.sdkman/candidates/java/8.0.333.fx-librca/jre/lib/ext/jfxrt.jar
file:/root/.sdkman/candidates/java/8.0.333.fx-librca/jre/lib/ext/sunjce_provider.jar
file:/root/.sdkman/candidates/java/8.0.333.fx-librca/jre/lib/ext/nashorn.jar
[MASTER] 12:17:26.406 [logback-1] WARN  JUnitAnalyzer - Found unstable test named initializationError -> class java.lang.RuntimeException: Cannot find either the compilation target folder nor the EvoSuite jar in classpath: /tmp/EvoSuite_pathingJar3038940880205238832.jar
Going to execute: handleTestsThatAreUnstable
* Compiling Tests
** Write a test suite: 0 called: 0 to improve: false
[MASTER] 12:17:26.459 [logback-1] WARN  AgentLoader - Failed to find EvoSuite jar in current classloader. URLs of classloader:
file:/root/.sdkman/candidates/java/8.0.333.fx-librca/jre/../lib/tools.jar
file:/tmp/EvoSuite_pathingJar3038940880205238832.jar
file:/root/.sdkman/candidates/java/8.0.333.fx-librca/jre/lib/ext/cldrdata.jar
file:/root/.sdkman/candidates/java/8.0.333.fx-librca/jre/lib/ext/sunec.jar
file:/root/.sdkman/candidates/java/8.0.333.fx-librca/jre/lib/ext/localedata.jar
file:/root/.sdkman/candidates/java/8.0.333.fx-librca/jre/lib/ext/jaccess.jar
file:/root/.sdkman/candidates/java/8.0.333.fx-librca/jre/lib/ext/dnsns.jar
file:/root/.sdkman/candidates/java/8.0.333.fx-librca/jre/lib/ext/sunpkcs11.jar
file:/root/.sdkman/candidates/java/8.0.333.fx-librca/jre/lib/ext/zipfs.jar
file:/root/.sdkman/candidates/java/8.0.333.fx-librca/jre/lib/ext/jfxrt.jar
file:/root/.sdkman/candidates/java/8.0.333.fx-librca/jre/lib/ext/sunjce_provider.jar
file:/root/.sdkman/candidates/java/8.0.333.fx-librca/jre/lib/ext/nashorn.jar
[MASTER] 12:17:26.460 [logback-1] WARN  JUnitAnalyzer - Found unstable test named initializationError -> class java.lang.RuntimeException: Cannot find either the compilation target folder nor the EvoSuite jar in classpath: /tmp/EvoSuite_pathingJar3038940880205238832.jar
Going to execute: handleTestsThatAreUnstable
* Compiling Tests
** Write a test suite: 0 called: 0 to improve: false
[MASTER] 12:17:26.501 [logback-1] WARN  AgentLoader - Failed to find EvoSuite jar in current classloader. URLs of classloader:
file:/root/.sdkman/candidates/java/8.0.333.fx-librca/jre/../lib/tools.jar
file:/tmp/EvoSuite_pathingJar3038940880205238832.jar
file:/root/.sdkman/candidates/java/8.0.333.fx-librca/jre/lib/ext/cldrdata.jar
file:/root/.sdkman/candidates/java/8.0.333.fx-librca/jre/lib/ext/sunec.jar
file:/root/.sdkman/candidates/java/8.0.333.fx-librca/jre/lib/ext/localedata.jar
file:/root/.sdkman/candidates/java/8.0.333.fx-librca/jre/lib/ext/jaccess.jar
file:/root/.sdkman/candidates/java/8.0.333.fx-librca/jre/lib/ext/dnsns.jar
file:/root/.sdkman/candidates/java/8.0.333.fx-librca/jre/lib/ext/sunpkcs11.jar
file:/root/.sdkman/candidates/java/8.0.333.fx-librca/jre/lib/ext/zipfs.jar
file:/root/.sdkman/candidates/java/8.0.333.fx-librca/jre/lib/ext/jfxrt.jar
file:/root/.sdkman/candidates/java/8.0.333.fx-librca/jre/lib/ext/sunjce_provider.jar
file:/root/.sdkman/candidates/java/8.0.333.fx-librca/jre/lib/ext/nashorn.jar
[MASTER] 12:17:26.502 [logback-1] WARN  JUnitAnalyzer - Found unstable test named initializationError -> class java.lang.RuntimeException: Cannot find either the compilation target folder nor the EvoSuite jar in classpath: /tmp/EvoSuite_pathingJar3038940880205238832.jar
Going to execute: handleTestsThatAreUnstable
* Compiling Tests
** Write a test suite: 0 called: 0 to improve: false
[MASTER] 12:17:26.556 [logback-1] WARN  AgentLoader - Failed to find EvoSuite jar in current classloader. URLs of classloader:
file:/root/.sdkman/candidates/java/8.0.333.fx-librca/jre/../lib/tools.jar
file:/tmp/EvoSuite_pathingJar3038940880205238832.jar
file:/root/.sdkman/candidates/java/8.0.333.fx-librca/jre/lib/ext/cldrdata.jar
file:/root/.sdkman/candidates/java/8.0.333.fx-librca/jre/lib/ext/sunec.jar
file:/root/.sdkman/candidates/java/8.0.333.fx-librca/jre/lib/ext/localedata.jar
file:/root/.sdkman/candidates/java/8.0.333.fx-librca/jre/lib/ext/jaccess.jar
file:/root/.sdkman/candidates/java/8.0.333.fx-librca/jre/lib/ext/dnsns.jar
file:/root/.sdkman/candidates/java/8.0.333.fx-librca/jre/lib/ext/sunpkcs11.jar
file:/root/.sdkman/candidates/java/8.0.333.fx-librca/jre/lib/ext/zipfs.jar
file:/root/.sdkman/candidates/java/8.0.333.fx-librca/jre/lib/ext/jfxrt.jar
file:/root/.sdkman/candidates/java/8.0.333.fx-librca/jre/lib/ext/sunjce_provider.jar
file:/root/.sdkman/candidates/java/8.0.333.fx-librca/jre/lib/ext/nashorn.jar
[MASTER] 12:17:26.557 [logback-1] WARN  JUnitAnalyzer - Found unstable test named initializationError -> class java.lang.RuntimeException: Cannot find either the compilation target folder nor the EvoSuite jar in classpath: /tmp/EvoSuite_pathingJar3038940880205238832.jar
Going to execute: handleTestsThatAreUnstable
* Compiling Tests
** Write a test suite: 0 called: 0 to improve: false
[MASTER] 12:17:26.620 [logback-1] WARN  AgentLoader - Failed to find EvoSuite jar in current classloader. URLs of classloader:
file:/root/.sdkman/candidates/java/8.0.333.fx-librca/jre/../lib/tools.jar
file:/tmp/EvoSuite_pathingJar3038940880205238832.jar
file:/root/.sdkman/candidates/java/8.0.333.fx-librca/jre/lib/ext/cldrdata.jar
file:/root/.sdkman/candidates/java/8.0.333.fx-librca/jre/lib/ext/sunec.jar
file:/root/.sdkman/candidates/java/8.0.333.fx-librca/jre/lib/ext/localedata.jar
file:/root/.sdkman/candidates/java/8.0.333.fx-librca/jre/lib/ext/jaccess.jar
file:/root/.sdkman/candidates/java/8.0.333.fx-librca/jre/lib/ext/dnsns.jar
file:/root/.sdkman/candidates/java/8.0.333.fx-librca/jre/lib/ext/sunpkcs11.jar
file:/root/.sdkman/candidates/java/8.0.333.fx-librca/jre/lib/ext/zipfs.jar
file:/root/.sdkman/candidates/java/8.0.333.fx-librca/jre/lib/ext/jfxrt.jar
file:/root/.sdkman/candidates/java/8.0.333.fx-librca/jre/lib/ext/sunjce_provider.jar
file:/root/.sdkman/candidates/java/8.0.333.fx-librca/jre/lib/ext/nashorn.jar
[MASTER] 12:17:26.621 [logback-1] WARN  JUnitAnalyzer - Found unstable test named initializationError -> class java.lang.RuntimeException: Cannot find either the compilation target folder nor the EvoSuite jar in classpath: /tmp/EvoSuite_pathingJar3038940880205238832.jar
Going to execute: handleTestsThatAreUnstable
* Compiling Tests
** Write a test suite: 0 called: 0 to improve: false
[MASTER] 12:17:26.689 [logback-1] WARN  AgentLoader - Failed to find EvoSuite jar in current classloader. URLs of classloader:
file:/root/.sdkman/candidates/java/8.0.333.fx-librca/jre/../lib/tools.jar
file:/tmp/EvoSuite_pathingJar3038940880205238832.jar
file:/root/.sdkman/candidates/java/8.0.333.fx-librca/jre/lib/ext/cldrdata.jar
file:/root/.sdkman/candidates/java/8.0.333.fx-librca/jre/lib/ext/sunec.jar
file:/root/.sdkman/candidates/java/8.0.333.fx-librca/jre/lib/ext/localedata.jar
file:/root/.sdkman/candidates/java/8.0.333.fx-librca/jre/lib/ext/jaccess.jar
file:/root/.sdkman/candidates/java/8.0.333.fx-librca/jre/lib/ext/dnsns.jar
file:/root/.sdkman/candidates/java/8.0.333.fx-librca/jre/lib/ext/sunpkcs11.jar
file:/root/.sdkman/candidates/java/8.0.333.fx-librca/jre/lib/ext/zipfs.jar
file:/root/.sdkman/candidates/java/8.0.333.fx-librca/jre/lib/ext/jfxrt.jar
file:/root/.sdkman/candidates/java/8.0.333.fx-librca/jre/lib/ext/sunjce_provider.jar
file:/root/.sdkman/candidates/java/8.0.333.fx-librca/jre/lib/ext/nashorn.jar
[MASTER] 12:17:26.690 [logback-1] WARN  JUnitAnalyzer - Found unstable test named initializationError -> class java.lang.RuntimeException: Cannot find either the compilation target folder nor the EvoSuite jar in classpath: /tmp/EvoSuite_pathingJar3038940880205238832.jar
Going to execute: handleTestsThatAreUnstable
* Compiling Tests
** Write a test suite: 0 called: 0 to improve: false
[MASTER] 12:17:26.744 [logback-1] WARN  AgentLoader - Failed to find EvoSuite jar in current classloader. URLs of classloader:
file:/root/.sdkman/candidates/java/8.0.333.fx-librca/jre/../lib/tools.jar
file:/tmp/EvoSuite_pathingJar3038940880205238832.jar
file:/root/.sdkman/candidates/java/8.0.333.fx-librca/jre/lib/ext/cldrdata.jar
file:/root/.sdkman/candidates/java/8.0.333.fx-librca/jre/lib/ext/sunec.jar
file:/root/.sdkman/candidates/java/8.0.333.fx-librca/jre/lib/ext/localedata.jar
file:/root/.sdkman/candidates/java/8.0.333.fx-librca/jre/lib/ext/jaccess.jar
file:/root/.sdkman/candidates/java/8.0.333.fx-librca/jre/lib/ext/dnsns.jar
file:/root/.sdkman/candidates/java/8.0.333.fx-librca/jre/lib/ext/sunpkcs11.jar
file:/root/.sdkman/candidates/java/8.0.333.fx-librca/jre/lib/ext/zipfs.jar
file:/root/.sdkman/candidates/java/8.0.333.fx-librca/jre/lib/ext/jfxrt.jar
file:/root/.sdkman/candidates/java/8.0.333.fx-librca/jre/lib/ext/sunjce_provider.jar
file:/root/.sdkman/candidates/java/8.0.333.fx-librca/jre/lib/ext/nashorn.jar
[MASTER] 12:17:26.744 [logback-1] WARN  JUnitAnalyzer - Found unstable test named initializationError -> class java.lang.RuntimeException: Cannot find either the compilation target folder nor the EvoSuite jar in classpath: /tmp/EvoSuite_pathingJar3038940880205238832.jar
Going to execute: handleTestsThatAreUnstable
* Compiling Tests
** Write a test suite: 0 called: 0 to improve: false
[MASTER] 12:17:26.793 [logback-1] WARN  AgentLoader - Failed to find EvoSuite jar in current classloader. URLs of classloader:
file:/root/.sdkman/candidates/java/8.0.333.fx-librca/jre/../lib/tools.jar
file:/tmp/EvoSuite_pathingJar3038940880205238832.jar
file:/root/.sdkman/candidates/java/8.0.333.fx-librca/jre/lib/ext/cldrdata.jar
file:/root/.sdkman/candidates/java/8.0.333.fx-librca/jre/lib/ext/sunec.jar
file:/root/.sdkman/candidates/java/8.0.333.fx-librca/jre/lib/ext/localedata.jar
file:/root/.sdkman/candidates/java/8.0.333.fx-librca/jre/lib/ext/jaccess.jar
file:/root/.sdkman/candidates/java/8.0.333.fx-librca/jre/lib/ext/dnsns.jar
file:/root/.sdkman/candidates/java/8.0.333.fx-librca/jre/lib/ext/sunpkcs11.jar
file:/root/.sdkman/candidates/java/8.0.333.fx-librca/jre/lib/ext/zipfs.jar
file:/root/.sdkman/candidates/java/8.0.333.fx-librca/jre/lib/ext/jfxrt.jar
file:/root/.sdkman/candidates/java/8.0.333.fx-librca/jre/lib/ext/sunjce_provider.jar
file:/root/.sdkman/candidates/java/8.0.333.fx-librca/jre/lib/ext/nashorn.jar
[MASTER] 12:17:26.794 [logback-1] WARN  JUnitAnalyzer - Found unstable test named initializationError -> class java.lang.RuntimeException: Cannot find either the compilation target folder nor the EvoSuite jar in classpath: /tmp/EvoSuite_pathingJar3038940880205238832.jar
Going to execute: handleTestsThatAreUnstable
* Compiling Tests
** Write a test suite: 0 called: 0 to improve: false
[MASTER] 12:17:26.860 [logback-1] WARN  AgentLoader - Failed to find EvoSuite jar in current classloader. URLs of classloader:
file:/root/.sdkman/candidates/java/8.0.333.fx-librca/jre/../lib/tools.jar
file:/tmp/EvoSuite_pathingJar3038940880205238832.jar
file:/root/.sdkman/candidates/java/8.0.333.fx-librca/jre/lib/ext/cldrdata.jar
file:/root/.sdkman/candidates/java/8.0.333.fx-librca/jre/lib/ext/sunec.jar
file:/root/.sdkman/candidates/java/8.0.333.fx-librca/jre/lib/ext/localedata.jar
file:/root/.sdkman/candidates/java/8.0.333.fx-librca/jre/lib/ext/jaccess.jar
file:/root/.sdkman/candidates/java/8.0.333.fx-librca/jre/lib/ext/dnsns.jar
file:/root/.sdkman/candidates/java/8.0.333.fx-librca/jre/lib/ext/sunpkcs11.jar
file:/root/.sdkman/candidates/java/8.0.333.fx-librca/jre/lib/ext/zipfs.jar
file:/root/.sdkman/candidates/java/8.0.333.fx-librca/jre/lib/ext/jfxrt.jar
file:/root/.sdkman/candidates/java/8.0.333.fx-librca/jre/lib/ext/sunjce_provider.jar
file:/root/.sdkman/candidates/java/8.0.333.fx-librca/jre/lib/ext/nashorn.jar
[MASTER] 12:17:26.860 [logback-1] WARN  JUnitAnalyzer - Found unstable test named initializationError -> class java.lang.RuntimeException: Cannot find either the compilation target folder nor the EvoSuite jar in classpath: /tmp/EvoSuite_pathingJar3038940880205238832.jar
Going to execute: handleTestsThatAreUnstable
* Compiling Tests
** Write a test suite: 0 called: 0 to improve: false
[MASTER] 12:17:26.914 [logback-1] WARN  AgentLoader - Failed to find EvoSuite jar in current classloader. URLs of classloader:
file:/root/.sdkman/candidates/java/8.0.333.fx-librca/jre/../lib/tools.jar
file:/tmp/EvoSuite_pathingJar3038940880205238832.jar
file:/root/.sdkman/candidates/java/8.0.333.fx-librca/jre/lib/ext/cldrdata.jar
file:/root/.sdkman/candidates/java/8.0.333.fx-librca/jre/lib/ext/sunec.jar
file:/root/.sdkman/candidates/java/8.0.333.fx-librca/jre/lib/ext/localedata.jar
file:/root/.sdkman/candidates/java/8.0.333.fx-librca/jre/lib/ext/jaccess.jar
file:/root/.sdkman/candidates/java/8.0.333.fx-librca/jre/lib/ext/dnsns.jar
file:/root/.sdkman/candidates/java/8.0.333.fx-librca/jre/lib/ext/sunpkcs11.jar
file:/root/.sdkman/candidates/java/8.0.333.fx-librca/jre/lib/ext/zipfs.jar
file:/root/.sdkman/candidates/java/8.0.333.fx-librca/jre/lib/ext/jfxrt.jar
file:/root/.sdkman/candidates/java/8.0.333.fx-librca/jre/lib/ext/sunjce_provider.jar
file:/root/.sdkman/candidates/java/8.0.333.fx-librca/jre/lib/ext/nashorn.jar
[MASTER] 12:17:26.915 [logback-1] WARN  JUnitAnalyzer - Found unstable test named initializationError -> class java.lang.RuntimeException: Cannot find either the compilation target folder nor the EvoSuite jar in classpath: /tmp/EvoSuite_pathingJar3038940880205238832.jar
Going to execute: handleTestsThatAreUnstable
* Compiling Tests
** Write a test suite: 0 called: 0 to improve: false
[MASTER] 12:17:26.981 [logback-1] WARN  AgentLoader - Failed to find EvoSuite jar in current classloader. URLs of classloader:
file:/root/.sdkman/candidates/java/8.0.333.fx-librca/jre/../lib/tools.jar
file:/tmp/EvoSuite_pathingJar3038940880205238832.jar
file:/root/.sdkman/candidates/java/8.0.333.fx-librca/jre/lib/ext/cldrdata.jar
file:/root/.sdkman/candidates/java/8.0.333.fx-librca/jre/lib/ext/sunec.jar
file:/root/.sdkman/candidates/java/8.0.333.fx-librca/jre/lib/ext/localedata.jar
file:/root/.sdkman/candidates/java/8.0.333.fx-librca/jre/lib/ext/jaccess.jar
file:/root/.sdkman/candidates/java/8.0.333.fx-librca/jre/lib/ext/dnsns.jar
file:/root/.sdkman/candidates/java/8.0.333.fx-librca/jre/lib/ext/sunpkcs11.jar
file:/root/.sdkman/candidates/java/8.0.333.fx-librca/jre/lib/ext/zipfs.jar
file:/root/.sdkman/candidates/java/8.0.333.fx-librca/jre/lib/ext/jfxrt.jar
file:/root/.sdkman/candidates/java/8.0.333.fx-librca/jre/lib/ext/sunjce_provider.jar
file:/root/.sdkman/candidates/java/8.0.333.fx-librca/jre/lib/ext/nashorn.jar
[MASTER] 12:17:26.982 [logback-1] WARN  JUnitAnalyzer - Found unstable test named initializationError -> class java.lang.RuntimeException: Cannot find either the compilation target folder nor the EvoSuite jar in classpath: /tmp/EvoSuite_pathingJar3038940880205238832.jar
Going to execute: handleTestsThatAreUnstable
* Compiling Tests
** Write a test suite: 0 called: 0 to improve: false
[MASTER] 12:17:27.031 [logback-1] WARN  AgentLoader - Failed to find EvoSuite jar in current classloader. URLs of classloader:
file:/root/.sdkman/candidates/java/8.0.333.fx-librca/jre/../lib/tools.jar
file:/tmp/EvoSuite_pathingJar3038940880205238832.jar
file:/root/.sdkman/candidates/java/8.0.333.fx-librca/jre/lib/ext/cldrdata.jar
file:/root/.sdkman/candidates/java/8.0.333.fx-librca/jre/lib/ext/sunec.jar
file:/root/.sdkman/candidates/java/8.0.333.fx-librca/jre/lib/ext/localedata.jar
file:/root/.sdkman/candidates/java/8.0.333.fx-librca/jre/lib/ext/jaccess.jar
file:/root/.sdkman/candidates/java/8.0.333.fx-librca/jre/lib/ext/dnsns.jar
file:/root/.sdkman/candidates/java/8.0.333.fx-librca/jre/lib/ext/sunpkcs11.jar
file:/root/.sdkman/candidates/java/8.0.333.fx-librca/jre/lib/ext/zipfs.jar
file:/root/.sdkman/candidates/java/8.0.333.fx-librca/jre/lib/ext/jfxrt.jar
file:/root/.sdkman/candidates/java/8.0.333.fx-librca/jre/lib/ext/sunjce_provider.jar
file:/root/.sdkman/candidates/java/8.0.333.fx-librca/jre/lib/ext/nashorn.jar
[MASTER] 12:17:27.031 [logback-1] WARN  JUnitAnalyzer - Found unstable test named initializationError -> class java.lang.RuntimeException: Cannot find either the compilation target folder nor the EvoSuite jar in classpath: /tmp/EvoSuite_pathingJar3038940880205238832.jar
Going to execute: handleTestsThatAreUnstable
* Compiling Tests
** Write a test suite: 0 called: 0 to improve: false
** Write a test suite: 1 called: 1 to improve: false
** Write a test suite: 2 called: 2 to improve: false
** Write a test suite: 3 called: 3 to improve: false
** Write a test suite: 4 called: 4 to improve: false
** Write a test suite: 5 called: 5 to improve: false
** Write a test suite: 6 called: 6 to improve: false
** Write a test suite: 7 called: 7 to improve: false
** Write a test suite: 8 called: 8 to improve: false
** Write a test suite: 9 called: 9 to improve: false
** Write a test suite: 10 called: 10 to improve: false
** Write a test suite: 11 called: 11 to improve: false
** Write a test suite: 12 called: 12 to improve: false
** Write a test suite: 13 called: 13 to improve: false
** Write a test suite: 14 called: 14 to improve: false
** Write a test suite: 15 called: 15 to improve: false
** Write a test suite: 16 called: 16 to improve: false
** Write a test suite: 17 called: 17 to improve: false
** Write a test suite: 18 called: 18 to improve: false
** Write a test suite: 19 called: 19 to improve: false
** Write a test suite: 20 called: 20 to improve: false
** Write a test suite: 21 called: 21 to improve: false
** Write a test suite: 22 called: 22 to improve: false
** Write a test suite: 23 called: 23 to improve: false
[MASTER] 12:17:27.441 [logback-1] WARN  AgentLoader - Failed to find EvoSuite jar in current classloader. URLs of classloader:
file:/root/.sdkman/candidates/java/8.0.333.fx-librca/jre/../lib/tools.jar
file:/tmp/EvoSuite_pathingJar3038940880205238832.jar
file:/root/.sdkman/candidates/java/8.0.333.fx-librca/jre/lib/ext/cldrdata.jar
file:/root/.sdkman/candidates/java/8.0.333.fx-librca/jre/lib/ext/sunec.jar
file:/root/.sdkman/candidates/java/8.0.333.fx-librca/jre/lib/ext/localedata.jar
file:/root/.sdkman/candidates/java/8.0.333.fx-librca/jre/lib/ext/jaccess.jar
file:/root/.sdkman/candidates/java/8.0.333.fx-librca/jre/lib/ext/dnsns.jar
file:/root/.sdkman/candidates/java/8.0.333.fx-librca/jre/lib/ext/sunpkcs11.jar
file:/root/.sdkman/candidates/java/8.0.333.fx-librca/jre/lib/ext/zipfs.jar
file:/root/.sdkman/candidates/java/8.0.333.fx-librca/jre/lib/ext/jfxrt.jar
file:/root/.sdkman/candidates/java/8.0.333.fx-librca/jre/lib/ext/sunjce_provider.jar
file:/root/.sdkman/candidates/java/8.0.333.fx-librca/jre/lib/ext/nashorn.jar
[MASTER] 12:17:27.442 [logback-1] WARN  JUnitAnalyzer - Found unstable test named initializationError -> class java.lang.RuntimeException: Cannot find either the compilation target folder nor the EvoSuite jar in classpath: /tmp/EvoSuite_pathingJar3038940880205238832.jar
Going to execute: handleTestsThatAreUnstable
* Compiling Tests
** Write a test suite: 0 called: 0 to improve: false
** Write a test suite: 1 called: 1 to improve: false
** Write a test suite: 2 called: 2 to improve: false
** Write a test suite: 3 called: 3 to improve: false
** Write a test suite: 4 called: 4 to improve: false
** Write a test suite: 5 called: 5 to improve: false
** Write a test suite: 6 called: 6 to improve: false
** Write a test suite: 7 called: 7 to improve: false
** Write a test suite: 8 called: 8 to improve: false
** Write a test suite: 9 called: 9 to improve: false
** Write a test suite: 10 called: 10 to improve: false
** Write a test suite: 11 called: 11 to improve: false
** Write a test suite: 12 called: 12 to improve: false
** Write a test suite: 13 called: 13 to improve: false
** Write a test suite: 14 called: 14 to improve: false
** Write a test suite: 15 called: 15 to improve: false
** Write a test suite: 16 called: 16 to improve: false
** Write a test suite: 17 called: 17 to improve: false
** Write a test suite: 18 called: 18 to improve: false
** Write a test suite: 19 called: 19 to improve: false
** Write a test suite: 20 called: 20 to improve: false
** Write a test suite: 21 called: 21 to improve: false
** Write a test suite: 22 called: 22 to improve: false
** Write a test suite: 23 called: 23 to improve: false
[MASTER] 12:17:28.006 [logback-1] WARN  AgentLoader - Failed to find EvoSuite jar in current classloader. URLs of classloader:
file:/root/.sdkman/candidates/java/8.0.333.fx-librca/jre/../lib/tools.jar
file:/tmp/EvoSuite_pathingJar3038940880205238832.jar
file:/root/.sdkman/candidates/java/8.0.333.fx-librca/jre/lib/ext/cldrdata.jar
file:/root/.sdkman/candidates/java/8.0.333.fx-librca/jre/lib/ext/sunec.jar
file:/root/.sdkman/candidates/java/8.0.333.fx-librca/jre/lib/ext/localedata.jar
file:/root/.sdkman/candidates/java/8.0.333.fx-librca/jre/lib/ext/jaccess.jar
file:/root/.sdkman/candidates/java/8.0.333.fx-librca/jre/lib/ext/dnsns.jar
file:/root/.sdkman/candidates/java/8.0.333.fx-librca/jre/lib/ext/sunpkcs11.jar
file:/root/.sdkman/candidates/java/8.0.333.fx-librca/jre/lib/ext/zipfs.jar
file:/root/.sdkman/candidates/java/8.0.333.fx-librca/jre/lib/ext/jfxrt.jar
file:/root/.sdkman/candidates/java/8.0.333.fx-librca/jre/lib/ext/sunjce_provider.jar
file:/root/.sdkman/candidates/java/8.0.333.fx-librca/jre/lib/ext/nashorn.jar
[MASTER] 12:17:28.006 [logback-1] WARN  JUnitAnalyzer - Found unstable test named initializationError -> class java.lang.RuntimeException: Cannot find either the compilation target folder nor the EvoSuite jar in classpath: /tmp/EvoSuite_pathingJar3038940880205238832.jar
* Writing tests to file
[MASTER] 12:17:28.009 [logback-1] WARN  TimeController - Already entered in phase: JUNIT_CHECK. This will mess up the timing calculations.
* Writing JUnit test case 'JSJshop_ESTest' to evosuite-tests
** Write a test suite: 1 called: 0 to improve: false
** Write a test suite: 2 called: 1 to improve: false
** Write a test suite: 4 called: 2 to improve: false
** Write a test suite: 8 called: 3 to improve: false
** Write a test suite: 14 called: 4 to improve: false
** Write a test suite: 15 called: 5 to improve: false
* Writing JUnit test case 'JSJshop_Original_ESTest' to evosuite-tests
** Write a test suite: 0 called: 0 to improve: false
** Write a test suite: 1 called: 1 to improve: false
** Write a test suite: 2 called: 2 to improve: false
** Write a test suite: 3 called: 3 to improve: false
** Write a test suite: 4 called: 4 to improve: false
** Write a test suite: 5 called: 5 to improve: false
** Write a test suite: 6 called: 6 to improve: false
** Write a test suite: 7 called: 7 to improve: false
** Write a test suite: 8 called: 8 to improve: false
** Write a test suite: 9 called: 9 to improve: false
** Write a test suite: 10 called: 10 to improve: false
** Write a test suite: 11 called: 11 to improve: false
** Write a test suite: 12 called: 12 to improve: false
** Write a test suite: 13 called: 13 to improve: false
** Write a test suite: 14 called: 14 to improve: false
** Write a test suite: 15 called: 15 to improve: false
** Write a test suite: 16 called: 16 to improve: false
** Write a test suite: 17 called: 17 to improve: false
** Write a test suite: 18 called: 18 to improve: false
** Write a test suite: 19 called: 19 to improve: false
** Write a test suite: 20 called: 20 to improve: false
** Write a test suite: 21 called: 21 to improve: false
** Write a test suite: 22 called: 22 to improve: false
** Write a test suite: 23 called: 23 to improve: false
* Done!

* Computation finished
