* EvoSuite 1.0.0-SNAPSHOT
* Going to generate test cases for class: umd.cs.shop.JSJshop
* Starting Client-0
* Properties loaded from /home/roham/Results-Utestgen/dataset/SF110-new-res/85_shop/evosuite-files/evosuite.properties
* Connecting to master process on port 17159
* Analyzing classpath: 
* Inheritance tree loaded from evosuite-files/inheritance.xml.gz
[MASTER] 10:40:17.769 [logback-1] WARN  InheritanceTree - Class not in inheritance graph: java.util.function.Consumer
[MASTER] 10:40:17.802 [logback-1] WARN  InheritanceTree - Class not in inheritance graph: java.util.function.Predicate
[MASTER] 10:40:17.804 [logback-1] WARN  InheritanceTree - Class not in inheritance graph: java.util.function.UnaryOperator
[MASTER] 10:40:18.714 [logback-1] WARN  InheritanceTree - Class not in inheritance graph: java.util.function.Function
[MASTER] 10:40:20.493 [logback-1] WARN  InheritanceTree - Class not in inheritance graph: java.util.function.BiFunction
[MASTER] 10:40:20.509 [logback-1] WARN  InheritanceTree - Class not in inheritance graph: java.util.function.BiConsumer
[MASTER] 10:40:24.028 [logback-1] WARN  InheritanceTree - Class not in inheritance graph: java.time.ZoneId
[MASTER] 10:40:24.091 [logback-1] WARN  InheritanceTree - Class not in inheritance graph: java.time.temporal.Temporal
[MASTER] 10:40:24.092 [logback-1] WARN  InheritanceTree - Class not in inheritance graph: java.time.temporal.TemporalAccessor
[MASTER] 10:40:24.092 [logback-1] WARN  InheritanceTree - Class not in inheritance graph: java.time.temporal.TemporalField
[MASTER] 10:40:24.093 [logback-1] WARN  InheritanceTree - Class not in inheritance graph: java.time.temporal.TemporalUnit
[MASTER] 10:40:24.093 [logback-1] WARN  InheritanceTree - Class not in inheritance graph: java.time.temporal.TemporalAmount
[MASTER] 10:40:24.093 [logback-1] WARN  InheritanceTree - Class not in inheritance graph: java.time.Clock
[MASTER] 10:40:24.094 [logback-1] WARN  InheritanceTree - Class not in inheritance graph: java.time.temporal.TemporalQuery
[MASTER] 10:40:24.095 [logback-1] WARN  InheritanceTree - Class not in inheritance graph: java.time.temporal.TemporalAdjuster
[MASTER] 10:40:24.110 [logback-1] WARN  InheritanceTree - Class not in inheritance graph: java.time.chrono.Chronology
[MASTER] 10:40:24.118 [logback-1] WARN  InheritanceTree - Class not in inheritance graph: java.time.chrono.Era
* Finished analyzing classpath
* Generating tests for class umd.cs.shop.JSJshop
* Test criteria:
  - Branch Coverage
  - Line Coverage
  - Method-Output Coverage
  - Top-Level Method Coverage
  - Context Branch Coverage
* Total number of test goals for DYNAMOSA: 528
* Using seed 1710412812419
* Starting evolution
[Progress:>                             0%] [Cov:>                                  0%]* Initial Number of Goals in DynaMOSA = 132 / 528
[Progress:=>                            6%] [Cov:==========>                        29%][Progress:===>                          10%] [Cov:==========>                        31%][Progress:===>                          10%] [Cov:==========>                        31%][Progress:===>                          11%] [Cov:===========>                       33%][Progress:====>                         16%] [Cov:===========>                       33%][Progress:======>                       23%] [Cov:===========>                       33%][Progress:=======>                      25%] [Cov:===========>                       33%][Progress:========>                     27%] [Cov:===========>                       33%][Progress:========>                     28%] [Cov:===========>                       33%][Progress:==========>                   34%] [Cov:===========>                       33%][Progress:===========>                  37%] [Cov:===========>                       33%][Progress:============>                 40%] [Cov:===========>                       33%][Progress:=============>                46%] [Cov:===========>                       33%][Progress:===============>              50%] [Cov:===========>                       33%][Progress:===============>              52%] [Cov:===========>                       33%][Progress:===============>              53%] [Cov:============>                      35%][Progress:===============>              53%] [Cov:============>                      35%][Progress:==================>           60%] [Cov:============>                      35%][Progress:==================>           61%] [Cov:============>                      35%][Progress:====================>         67%] [Cov:============>                      35%][Progress:=====================>        70%] [Cov:============>                      35%][Progress:=====================>        72%] [Cov:============>                      35%][Progress:======================>       74%] [Cov:============>                      35%][Progress:=======================>      77%] [Cov:============>                      35%][Progress:=======================>      79%] [Cov:============>                      35%][Progress:=======================>      79%] [Cov:============>                      35%][Progress:========================>     82%] [Cov:============>                      36%][MASTER] 10:43:12.577 [logback-1] WARN  TestCluster - Failed to check cache for java.util.Comparator<T> : Type points to itself
[Progress:========================>     83%] [Cov:============>                      36%][Progress:=========================>    86%] [Cov:============>                      36%][Progress:===========================>  90%] [Cov:============>                      36%][Progress:===========================>  90%] [Cov:============>                      36%][Progress:===========================>  93%] [Cov:================>                  48%][Progress:=============================>97%] [Cov:================>                  48%][Progress:=============================>97%] [Cov:================>                  48%][Progress:=============================>97%] [Cov:================>                  48%][Progress:=============================>97%] [Cov:================>                  48%][Progress:=============================>97%] [Cov:================>                  48%][Progress:==============================100%] [Cov:================>                  48%]
* Search finished after 210s and 37 generations, 8509 statements, best individual has fitness: 296.0
* Generated before the refinement 22 tests with total length 49
statement is: umd.cs.shop.JSJshop()V type is: class org.evosuite.testcase.statements.ConstructorStatement return type class umd.cs.shop.JSJshop
statement code is: JSJshop jSJshop = new JSJshop()
statement is: getTree()Lumd/cs/shop/JSJshopNode; type is: class org.evosuite.testcase.statements.MethodStatement return type class umd.cs.shop.JSJshopNode
statement code is: JSJshopNode tree = jSJshop.getTree()
test data is: JSJshop jSJshop = new JSJshop();
jSJshop.getTree();

** It was a parseable test case! 
Improved test data is: class DummyClass {
    public static void main() {
        JSJshop jSJshop = new JSJshop();
        jSJshop.getTree();
        // Improved test data
        int treeSize = 5;// Change the primitive value to a more descriptive example

        String treeColor = "Green";// Change the String value to a more descriptive example

        jSJshop.setTree(treeSize, treeColor);
    }
}
statement is: JSJshop jSJshop = new JSJshop(), class spoon.support.reflect.code.CtLocalVariableImpl
class spoon.support.reflect.code.CtConstructorCallImpl
statement is: jSJshop.getTree(), class spoon.support.reflect.code.CtInvocationImpl
invocation is: jSJshop.getTree() target is: jSJshop method is: getTree()
source statement: umd.cs.shop.JSJshop()V callee: VariableReference: Statement 0, type umd.cs.shop.JSJshopindex is: 0
Matched Method is: getTree()Lumd/cs/shop/JSJshopNode;
statement is: // Improved test data
int treeSize = 5// Change the primitive value to a more descriptive example
, class spoon.support.reflect.code.CtLocalVariableImpl
class spoon.support.reflect.code.CtLiteralImpl
statement is: String treeColor = "Green"// Change the String value to a more descriptive example
, class spoon.support.reflect.code.CtLocalVariableImpl
class spoon.support.reflect.code.CtLiteralImpl
statement is: jSJshop.setTree(treeSize, treeColor), class spoon.support.reflect.code.CtInvocationImpl
invocation is: jSJshop.setTree(treeSize, treeColor) target is: jSJshop method is: setTree(int,java.lang.String)
* this is vulnerable: int _int = 5
* this is vulnerable: String string = "Green"
TestCase is: JSJshop jSJshop = new JSJshop();
jSJshop.getTree();
int _int = 5;
String string = "Green";

statement is: umd.cs.shop.JSJshop()V type is: class org.evosuite.testcase.statements.ConstructorStatement return type class umd.cs.shop.JSJshop
statement code is: JSJshop jSJshop = new JSJshop()
statement is: getAppletURL(Ljava/lang/String;Ljavax/swing/JApplet;)Ljava/net/URL; type is: class org.evosuite.testcase.statements.MethodStatement return type class java.net.URL
statement code is: URL appletURL = jSJshop.getAppletURL("", (JApplet) null)
test data is: JSJshop jSJshop = new JSJshop();
jSJshop.getAppletURL("", (JApplet) null);

** It was a parseable test case! 
Improved test data is: class DummyClass {
    public static void main() {
        JSJshop jSJshop = new JSJshop();
        jSJshop.getAppletURL("https://www.example.com", ((JApplet) (null)));
        // Testing a URL that is not a valid applet URL
        jSJshop.getAppletURL("http://www.example.com", ((JApplet) (null)));
        // Testing an invalid JApplet object }}
    }
}
statement is: JSJshop jSJshop = new JSJshop(), class spoon.support.reflect.code.CtLocalVariableImpl
class spoon.support.reflect.code.CtConstructorCallImpl
statement is: jSJshop.getAppletURL("https://www.example.com", ((JApplet) (null))), class spoon.support.reflect.code.CtInvocationImpl
invocation is: jSJshop.getAppletURL("https://www.example.com", ((JApplet) (null))) target is: jSJshop method is: getAppletURL(java.lang.String,JApplet)
source statement: umd.cs.shop.JSJshop()V callee: VariableReference: Statement 0, type umd.cs.shop.JSJshopindex is: 0
Matched Method is: getAppletURL(Ljava/lang/String;Ljavax/swing/JApplet;)Ljava/net/URL;
i 1 Parameters size() 1 Num of Method Parameters: 2
statement is: // Testing a URL that is not a valid applet URL
jSJshop.getAppletURL("http://www.example.com", ((JApplet) (null))), class spoon.support.reflect.code.CtInvocationImpl
invocation is: // Testing a URL that is not a valid applet URL
jSJshop.getAppletURL("http://www.example.com", ((JApplet) (null))) target is: jSJshop method is: getAppletURL(java.lang.String,JApplet)
source statement: umd.cs.shop.JSJshop()V callee: VariableReference: Statement 0, type umd.cs.shop.JSJshopindex is: 0
Matched Method is: getAppletURL(Ljava/lang/String;Ljavax/swing/JApplet;)Ljava/net/URL;
i 1 Parameters size() 1 Num of Method Parameters: 2
statement is: // Testing an invalid JApplet object }}, class spoon.support.reflect.code.CtCommentImpl
TestCase is: JSJshop jSJshop = new JSJshop();
String string = "https://www.example.com";
JApplet jApplet = null;
jSJshop.getAppletURL(string, jApplet);
String string = "http://www.example.com";
JApplet jApplet = null;
jSJshop.getAppletURL(string, jApplet);

statement is: umd.cs.shop.JSJshop(Ljava/lang/String;Lumd/cs/shop/JSTaskAtom;)V type is: class org.evosuite.testcase.statements.ConstructorStatement return type class umd.cs.shop.JSJshop
statement code is: JSJshop jSJshop = new JSJshop(";vd;xD", (JSTaskAtom) null)
test data is: JSJshop jSJshop = new JSJshop(";vd;xD", (JSTaskAtom) null);

** It was a parseable test case! 
Improved test data is: class DummyClass {
    public static void main() {
        JSJshop jSJshop = new JSJshop("TestShop", ((JSTaskAtom) (null)));
    }
}
statement is: JSJshop jSJshop = new JSJshop("TestShop", ((JSTaskAtom) (null))), class spoon.support.reflect.code.CtLocalVariableImpl
class spoon.support.reflect.code.CtConstructorCallImpl
TestCase is: String string = "TestShop";
JSJshop jSJshop = new JSJshop(string, (JSTaskAtom) null);

statement is: umd.cs.shop.JSJshop()V type is: class org.evosuite.testcase.statements.ConstructorStatement return type class umd.cs.shop.JSJshop
statement code is: JSJshop jSJshop = new JSJshop()
statement is: getSolution()Lumd/cs/shop/JSPairPlanTSListNodes; type is: class org.evosuite.testcase.statements.MethodStatement return type class umd.cs.shop.JSPairPlanTSListNodes
statement code is: JSPairPlanTSListNodes solution = jSJshop.getSolution()
test data is: JSJshop jSJshop = new JSJshop();
jSJshop.getSolution();

** It was a parseable test case! 
Improved test data is: class DummyClass {
    public static void main() {
        int num1 = 5;
        int num2 = 3;
        String str1 = "hello";
        String str2 = "world";
    }
}
statement is: int num1 = 5, class spoon.support.reflect.code.CtLocalVariableImpl
class spoon.support.reflect.code.CtLiteralImpl
statement is: int num2 = 3, class spoon.support.reflect.code.CtLocalVariableImpl
class spoon.support.reflect.code.CtLiteralImpl
statement is: String str1 = "hello", class spoon.support.reflect.code.CtLocalVariableImpl
class spoon.support.reflect.code.CtLiteralImpl
statement is: String str2 = "world", class spoon.support.reflect.code.CtLocalVariableImpl
class spoon.support.reflect.code.CtLiteralImpl
* this is vulnerable: int _int = 5
* this is vulnerable: int _int = 3
* this is vulnerable: String string = "hello"
* this is vulnerable: String string = "world"
TestCase is: int _int = 5;
int _int = 3;
String string = "hello";
String string = "world";

statement is: umd.cs.shop.JSJshop()V type is: class org.evosuite.testcase.statements.ConstructorStatement return type class umd.cs.shop.JSJshop
statement code is: JSJshop jSJshop = new JSJshop()
statement is: sol()Lumd/cs/shop/JSPlan; type is: class org.evosuite.testcase.statements.MethodStatement return type class umd.cs.shop.JSPlan
statement code is: JSPlan sol = jSJshop.sol()
test data is: JSJshop jSJshop = new JSJshop();
jSJshop.sol();

** It was a parseable test case! 
Improved test data is: class DummyClass {
    public static void main() {
        JSJshop jSJshop = new JSJshop();
        jSJshop.sol();
        // Test data for the sol method
        String[] inputs = new String[]{ "2,3,4", "10,5,6" };
        int[] outputs = new int[]{ 2, 10 };
    }
}
statement is: JSJshop jSJshop = new JSJshop(), class spoon.support.reflect.code.CtLocalVariableImpl
class spoon.support.reflect.code.CtConstructorCallImpl
statement is: jSJshop.sol(), class spoon.support.reflect.code.CtInvocationImpl
invocation is: jSJshop.sol() target is: jSJshop method is: sol()
source statement: umd.cs.shop.JSJshop()V callee: VariableReference: Statement 0, type umd.cs.shop.JSJshopindex is: 0
Matched Method is: sol()Lumd/cs/shop/JSPlan;
statement is: // Test data for the sol method
String[] inputs = new String[]{ "2,3,4", "10,5,6" }, class spoon.support.reflect.code.CtLocalVariableImpl
class spoon.support.reflect.code.CtNewArrayImpl
statement is: int[] outputs = new int[]{ 2, 10 }, class spoon.support.reflect.code.CtLocalVariableImpl
class spoon.support.reflect.code.CtNewArrayImpl
TestCase is: JSJshop jSJshop = new JSJshop();
jSJshop.sol();

statement is: umd.cs.shop.JSJshop()V type is: class org.evosuite.testcase.statements.ConstructorStatement return type class umd.cs.shop.JSJshop
statement code is: JSJshop jSJshop = new JSJshop()
statement is: tree()Lumd/cs/shop/JSJshopNode; type is: class org.evosuite.testcase.statements.MethodStatement return type class umd.cs.shop.JSJshopNode
statement code is: JSJshopNode tree = jSJshop.tree()
test data is: JSJshop jSJshop = new JSJshop();
jSJshop.tree();

** It was a parseable test case! 
Improved test data is: class DummyClass {
    public static void main() {
        int a = 3;
        int b = 5;
        String str1 = "Apple";
        String str2 = "Orange";
    }
}
statement is: int a = 3, class spoon.support.reflect.code.CtLocalVariableImpl
class spoon.support.reflect.code.CtLiteralImpl
statement is: int b = 5, class spoon.support.reflect.code.CtLocalVariableImpl
class spoon.support.reflect.code.CtLiteralImpl
statement is: String str1 = "Apple", class spoon.support.reflect.code.CtLocalVariableImpl
class spoon.support.reflect.code.CtLiteralImpl
statement is: String str2 = "Orange", class spoon.support.reflect.code.CtLocalVariableImpl
class spoon.support.reflect.code.CtLiteralImpl
* this is vulnerable: int _int = 3
* this is vulnerable: int _int = 5
* this is vulnerable: String string = "Apple"
* this is vulnerable: String string = "Orange"
TestCase is: int _int = 3;
int _int = 5;
String string = "Apple";
String string = "Orange";

statement is: umd.cs.shop.JSJshop()V type is: class org.evosuite.testcase.statements.ConstructorStatement return type class umd.cs.shop.JSJshop
statement code is: JSJshop jSJshop = new JSJshop()
statement is: prob()Lumd/cs/shop/JSPlanningProblem; type is: class org.evosuite.testcase.statements.MethodStatement return type class umd.cs.shop.JSPlanningProblem
statement code is: JSPlanningProblem prob = jSJshop.prob()
test data is: JSJshop jSJshop = new JSJshop();
jSJshop.prob();

** It was a parseable test case! 
Improved test data is: class DummyClass {
    public static void main() {
        // Test data for the method "prob()"
        int[] numbers = new int[]{ -1, -2, -3, -4, -5, -6, -7, -8, -9 };
        double[] probabilities = new double[]{ 0.1, 0.2, 0.3, 0.4, 0.5, 0.6, 0.7, 0.8, 0.9 };
    }
}
statement is: // Test data for the method "prob()"
int[] numbers = new int[]{ -1, -2, -3, -4, -5, -6, -7, -8, -9 }, class spoon.support.reflect.code.CtLocalVariableImpl
class spoon.support.reflect.code.CtNewArrayImpl
statement is: double[] probabilities = new double[]{ 0.1, 0.2, 0.3, 0.4, 0.5, 0.6, 0.7, 0.8, 0.9 }, class spoon.support.reflect.code.CtLocalVariableImpl
class spoon.support.reflect.code.CtNewArrayImpl
statement is: umd.cs.shop.JSJshop()V type is: class org.evosuite.testcase.statements.ConstructorStatement return type class umd.cs.shop.JSJshop
statement code is: JSJshop jSJshop = new JSJshop()
statement is: dom()Lumd/cs/shop/JSPlanningDomain; type is: class org.evosuite.testcase.statements.MethodStatement return type class umd.cs.shop.JSPlanningDomain
statement code is: JSPlanningDomain dom = jSJshop.dom()
test data is: JSJshop jSJshop = new JSJshop();
jSJshop.dom();

** It was a parseable test case! 
Improved test data is: class DummyClass {
    public static void main() {
        @Carefully
        review the;
        @The
        code snippet;
        is a;
        class that {
            creates an;

            instance of;

            the JSJshop;

            class and {
                calls the;

                 dom() {
                }
            }
        }
        method method;
    }
}
statement is: @Carefully
review the, class spoon.support.reflect.code.CtLocalVariableImpl
statement is: @The
code snippet, class spoon.support.reflect.code.CtLocalVariableImpl
statement is: is a, class spoon.support.reflect.code.CtLocalVariableImpl
statement is: class that {
    creates an;

    instance of;

    the JSJshop;

    class and {
        calls the;

         dom() {
        }
    }
}, class spoon.support.reflect.declaration.CtClassImpl
statement is: method method, class spoon.support.reflect.code.CtLocalVariableImpl
statement is: org.evosuite.testcase.statements.ArrayStatement@23dc296c type is: class org.evosuite.testcase.statements.ArrayStatement return type class [Ljava.lang.String;
statement code is: String[] stringArray = new String[0]
statement is: main([Ljava/lang/String;)V type is: class org.evosuite.testcase.statements.MethodStatement return type void
statement code is: JSJshop.main(arg0)
test data is: String[] stringArray = new String[0];
JSJshop.main(stringArray);

** It was a parseable test case! 
Improved test data is: class DummyClass {
    public static void main() {
        String[] stringArray = new String[]{ "--help" };
        JSJshop.main(stringArray);
    }
}
statement is: String[] stringArray = new String[]{ "--help" }, class spoon.support.reflect.code.CtLocalVariableImpl
class spoon.support.reflect.code.CtNewArrayImpl
Dimension: [] Ct is: String[] stringArray = new String[0] isAssignment: false Array: new String[]{ "--help" } Elements: ["--help"]
lengths: [0] []
statement is: JSJshop.main(stringArray), class spoon.support.reflect.code.CtInvocationImpl
invocation is: JSJshop.main(stringArray) target is: JSJshop method is: main(java.lang.String[])
Matched Method is: main([Ljava/lang/String;)V
i 0 Parameters size() 0 Num of Method Parameters: 1
TestCase is: String[] stringArray = null;
JSJshop.main(stringArray);

statement is: org.evosuite.testcase.statements.ArrayStatement@93980c2d type is: class org.evosuite.testcase.statements.ArrayStatement return type class [Ljava.lang.String;
statement code is: String[] stringArray = new String[8]
statement is: main([Ljava/lang/String;)V type is: class org.evosuite.testcase.statements.MethodStatement return type void
statement code is: JSJshop.main(arg0)
test data is: String[] stringArray = new String[8];
JSJshop.main(stringArray);

** It was a parseable test case! 
Improved test data is: class DummyClass {
    public static void main() {
        String[] stringArray = new String[]{ "-Djavax.net.ssl.trustStore=<path to truststore>", "-Djavax.net.ssl.trustStorePassword=<password>", "-Djavax.net.debug=true", "--enable-preview", "--show-version" };
        JSJshop.main(stringArray);
    }
}
statement is: String[] stringArray = new String[]{ "-Djavax.net.ssl.trustStore=<path to truststore>", "-Djavax.net.ssl.trustStorePassword=<password>", "-Djavax.net.debug=true", "--enable-preview", "--show-version" }, class spoon.support.reflect.code.CtLocalVariableImpl
class spoon.support.reflect.code.CtNewArrayImpl
Dimension: [] Ct is: String[] stringArray = new String[8] isAssignment: false Array: new String[]{ "-Djavax.net.ssl.trustStore=<path to truststore>", "-Djavax.net.ssl.trustStorePassword=<password>", "-Djavax.net.debug=true", "--enable-preview", "--show-version" } Elements: ["-Djavax.net.ssl.trustStore=<path to truststore>", "-Djavax.net.ssl.trustStorePassword=<password>", "-Djavax.net.debug=true", "--enable-preview", "--show-version"]
lengths: [8] []
statement is: JSJshop.main(stringArray), class spoon.support.reflect.code.CtInvocationImpl
invocation is: JSJshop.main(stringArray) target is: JSJshop method is: main(java.lang.String[])
Matched Method is: main([Ljava/lang/String;)V
i 0 Parameters size() 0 Num of Method Parameters: 1
TestCase is: String[] stringArray = null;
JSJshop.main(stringArray);

statement is: org.evosuite.testcase.statements.ArrayStatement@deeb0cb3 type is: class org.evosuite.testcase.statements.ArrayStatement return type class [Ljava.lang.String;
statement code is: String[] stringArray = new String[4]
statement is: org.evosuite.testcase.statements.AssignmentStatement@b9b80232 type is: class org.evosuite.testcase.statements.AssignmentStatement return type class java.lang.String
statement code is: stringArray[2] = "one"
statement is: main([Ljava/lang/String;)V type is: class org.evosuite.testcase.statements.MethodStatement return type void
statement code is: JSJshop.main(arg0)
test data is: String[] stringArray = new String[4];
stringArray[2] = "one";
JSJshop.main(stringArray);

** It was a parseable test case! 
Improved test data is: class DummyClass {
    public static void main() {
        String[] stringArray = new String[4];
        stringArray[0] = "apples";
        stringArray[1] = "bananas";
        stringArray[2] = "oranges";
        stringArray[3] = "grapes";
        JSJshop.main(stringArray);
    }
}
statement is: String[] stringArray = new String[4], class spoon.support.reflect.code.CtLocalVariableImpl
class spoon.support.reflect.code.CtNewArrayImpl
Dimension: [4] Ct is: String[] stringArray = new String[4] isAssignment: false Array: new String[4] Elements: []
lengths: [4] [4]
Their type are: class [Ljava.lang.String; String[]
statement is: stringArray[0] = "apples", class spoon.support.reflect.code.CtAssignmentImpl
Assigned : stringArray[0] Assigned Type class spoon.support.reflect.code.CtArrayWriteImpl String Assignment:"apples" Ct is: stringArray[0] = "apples"
target : stringArray class spoon.support.reflect.code.CtLiteralImpl
statement is: stringArray[1] = "bananas", class spoon.support.reflect.code.CtAssignmentImpl
Assigned : stringArray[1] Assigned Type class spoon.support.reflect.code.CtArrayWriteImpl String Assignment:"bananas" Ct is: stringArray[1] = "bananas"
target : stringArray class spoon.support.reflect.code.CtLiteralImpl
statement is: stringArray[2] = "oranges", class spoon.support.reflect.code.CtAssignmentImpl
Assigned : stringArray[2] Assigned Type class spoon.support.reflect.code.CtArrayWriteImpl String Assignment:"oranges" Ct is: stringArray[2] = "oranges"
target : stringArray class spoon.support.reflect.code.CtLiteralImpl
statement is: stringArray[3] = "grapes", class spoon.support.reflect.code.CtAssignmentImpl
Assigned : stringArray[3] Assigned Type class spoon.support.reflect.code.CtArrayWriteImpl String Assignment:"grapes" Ct is: stringArray[3] = "grapes"
target : stringArray class spoon.support.reflect.code.CtLiteralImpl
statement is: JSJshop.main(stringArray), class spoon.support.reflect.code.CtInvocationImpl
invocation is: JSJshop.main(stringArray) target is: JSJshop method is: main(java.lang.String[])
Matched Method is: main([Ljava/lang/String;)V
TestCase is: String[] stringArray = new String[4];
String string = "apples";
stringArray[2] = string;
String string = "bananas";
stringArray[2] = string;
String string = "oranges";
stringArray[2] = string;
String string = "grapes";
stringArray[2] = string;
JSJshop.main(stringArray);

statement is: org.evosuite.testcase.statements.ArrayStatement@1939b8e0 type is: class org.evosuite.testcase.statements.ArrayStatement return type class [Ljava.lang.String;
statement code is: String[] stringArray = new String[2]
statement is: org.evosuite.testcase.statements.AssignmentStatement@944b3fc6 type is: class org.evosuite.testcase.statements.AssignmentStatement return type class java.lang.String
statement code is: stringArray[0] = ""
statement is: main([Ljava/lang/String;)V type is: class org.evosuite.testcase.statements.MethodStatement return type void
statement code is: JSJshop.main(arg0)
test data is: String[] stringArray = new String[2];
stringArray[0] = "";
JSJshop.main(stringArray);

** It was a parseable test case! 
Improved test data is: class DummyClass {
    public static void main() {
        String[] stringArray = new String[2];
        stringArray[0] = "--help";
        JSJshop.main(stringArray);
    }
}
statement is: String[] stringArray = new String[2], class spoon.support.reflect.code.CtLocalVariableImpl
class spoon.support.reflect.code.CtNewArrayImpl
Dimension: [2] Ct is: String[] stringArray = new String[2] isAssignment: false Array: new String[2] Elements: []
lengths: [2] [2]
Their type are: class [Ljava.lang.String; String[]
statement is: stringArray[0] = "--help", class spoon.support.reflect.code.CtAssignmentImpl
Assigned : stringArray[0] Assigned Type class spoon.support.reflect.code.CtArrayWriteImpl String Assignment:"--help" Ct is: stringArray[0] = "--help"
target : stringArray class spoon.support.reflect.code.CtLiteralImpl
statement is: JSJshop.main(stringArray), class spoon.support.reflect.code.CtInvocationImpl
invocation is: JSJshop.main(stringArray) target is: JSJshop method is: main(java.lang.String[])
Matched Method is: main([Ljava/lang/String;)V
TestCase is: String[] stringArray = new String[2];
String string = "--help";
stringArray[0] = string;
JSJshop.main(stringArray);

statement is: umd.cs.shop.JSJshop()V type is: class org.evosuite.testcase.statements.ConstructorStatement return type class umd.cs.shop.JSJshop
statement code is: JSJshop jSJshop = new JSJshop()
statement is: getAddList()Lumd/cs/shop/JSListLogicalAtoms; type is: class org.evosuite.testcase.statements.MethodStatement return type class umd.cs.shop.JSListLogicalAtoms
statement code is: JSListLogicalAtoms addList = jSJshop.getAddList()
test data is: JSJshop jSJshop = new JSJshop();
jSJshop.getAddList();

** It was a parseable test case! 
Improved test data is: class DummyClass {
    public static void main() {
        JSJshop jSJshop = new JSJshop();
        jSJshop.getAddList();
        int quantity = 8;
        double price = 50.99;
        String itemName = "Size 8 Shoe";
        char gender = 'M';
    }
}
statement is: JSJshop jSJshop = new JSJshop(), class spoon.support.reflect.code.CtLocalVariableImpl
class spoon.support.reflect.code.CtConstructorCallImpl
statement is: jSJshop.getAddList(), class spoon.support.reflect.code.CtInvocationImpl
invocation is: jSJshop.getAddList() target is: jSJshop method is: getAddList()
source statement: umd.cs.shop.JSJshop()V callee: VariableReference: Statement 0, type umd.cs.shop.JSJshopindex is: 0
Matched Method is: getAddList()Lumd/cs/shop/JSListLogicalAtoms;
statement is: int quantity = 8, class spoon.support.reflect.code.CtLocalVariableImpl
class spoon.support.reflect.code.CtLiteralImpl
statement is: double price = 50.99, class spoon.support.reflect.code.CtLocalVariableImpl
class spoon.support.reflect.code.CtLiteralImpl
statement is: String itemName = "Size 8 Shoe", class spoon.support.reflect.code.CtLocalVariableImpl
class spoon.support.reflect.code.CtLiteralImpl
statement is: char gender = 'M', class spoon.support.reflect.code.CtLocalVariableImpl
class spoon.support.reflect.code.CtLiteralImpl
* this is vulnerable: int _int = 8
* this is vulnerable: double _double = 50.99
* this is vulnerable: String string = "Size 8 Shoe"
* this is vulnerable: char _char = 'M'
TestCase is: JSJshop jSJshop = new JSJshop();
jSJshop.getAddList();
int _int = 8;
double _double = 50.99;
String string = "Size 8 Shoe";
char _char = 'M';

statement is: umd.cs.shop.JSJshop()V type is: class org.evosuite.testcase.statements.ConstructorStatement return type class umd.cs.shop.JSJshop
statement code is: JSJshop jSJshop = new JSJshop()
statement is: getDeleteList()Lumd/cs/shop/JSListLogicalAtoms; type is: class org.evosuite.testcase.statements.MethodStatement return type class umd.cs.shop.JSListLogicalAtoms
statement code is: JSListLogicalAtoms deleteList = jSJshop.getDeleteList()
test data is: JSJshop jSJshop = new JSJshop();
jSJshop.getDeleteList();

** It was a parseable test case! 
Improved test data is: class DummyClass {
    public static void main() {
        JSJshop jSJshop = new JSJshop();
        jSJshop.getDeleteList();
    }
}
statement is: JSJshop jSJshop = new JSJshop(), class spoon.support.reflect.code.CtLocalVariableImpl
class spoon.support.reflect.code.CtConstructorCallImpl
statement is: jSJshop.getDeleteList(), class spoon.support.reflect.code.CtInvocationImpl
invocation is: jSJshop.getDeleteList() target is: jSJshop method is: getDeleteList()
source statement: umd.cs.shop.JSJshop()V callee: VariableReference: Statement 0, type umd.cs.shop.JSJshopindex is: 0
Matched Method is: getDeleteList()Lumd/cs/shop/JSListLogicalAtoms;
TestCase is: JSJshop jSJshop = new JSJshop();
jSJshop.getDeleteList();

statement is: EvoSuiteFile evoSuiteFile = new EvoSuiteFile("farp.shp") type is: class org.evosuite.testcase.statements.environment.FileNamePrimitiveStatement return type class org.evosuite.runtime.testdata.EvoSuiteFile
statement code is: EvoSuiteFile evoSuiteFile = new EvoSuiteFile("farp.shp")
statement is: appendStringToFile(Lorg/evosuite/runtime/testdata/EvoSuiteFile;Ljava/lang/String;)Z type is: class org.evosuite.testcase.statements.MethodStatement return type boolean
statement code is: boolean appendStringToFile = FileSystemHandling.appendStringToFile(arg0, "umd.cs.shop.jsjshop")
statement is: umd.cs.shop.JSJshop()V type is: class org.evosuite.testcase.statements.ConstructorStatement return type class umd.cs.shop.JSJshop
statement code is: JSJshop jSJshop = new JSJshop()
statement is: testParser()V type is: class org.evosuite.testcase.statements.MethodStatement return type void
statement code is: jSJshop.testParser()
test data is: EvoSuiteFile evoSuiteFile = new EvoSuiteFile("farp.shp");
FileSystemHandling.appendStringToFile(evoSuiteFile, "umd.cs.shop.jsjshop");
JSJshop jSJshop = new JSJshop();
jSJshop.testParser();

** It was a parseable test case! 
Improved test data is: class DummyClass {
    public static void main() {
        EvoSuiteFile evoSuiteFile = new EvoSuiteFile("farp.shp");
        FileSystemHandling.appendStringToFile(evoSuiteFile, "umd.cs.shop.jsjshop");
        JSJshop jSJshop = new JSJshop();
        jSJshop.testParser();
    }
}
statement is: EvoSuiteFile evoSuiteFile = new EvoSuiteFile("farp.shp"), class spoon.support.reflect.code.CtLocalVariableImpl
class spoon.support.reflect.code.CtConstructorCallImpl
statement is: FileSystemHandling.appendStringToFile(evoSuiteFile, "umd.cs.shop.jsjshop"), class spoon.support.reflect.code.CtInvocationImpl
invocation is: FileSystemHandling.appendStringToFile(evoSuiteFile, "umd.cs.shop.jsjshop") target is: FileSystemHandling method is: appendStringToFile(EvoSuiteFile,java.lang.String)
Matched Method is: appendStringToFile(Lorg/evosuite/runtime/testdata/EvoSuiteFile;Ljava/lang/String;)Z
i 1 Parameters size() 1 Num of Method Parameters: 2
statement is: JSJshop jSJshop = new JSJshop(), class spoon.support.reflect.code.CtLocalVariableImpl
class spoon.support.reflect.code.CtConstructorCallImpl
statement is: jSJshop.testParser(), class spoon.support.reflect.code.CtInvocationImpl
invocation is: jSJshop.testParser() target is: jSJshop method is: testParser()
source statement: umd.cs.shop.JSJshop()V callee: VariableReference: Statement 2, type umd.cs.shop.JSJshopindex is: 3
Matched Method is: testParser()V
TestCase is: String string = "umd.cs.shop.jsjshop";
String string = null;
boolean appendStringToFile = FileSystemHandling.appendStringToFile((EvoSuiteFile) string, string);
JSJshop jSJshop = new JSJshop();
((JSJshop) appendStringToFile).testParser();

statement is: umd.cs.shop.JSJshop(Ljava/lang/String;Ljava/lang/String;)V type is: class org.evosuite.testcase.statements.ConstructorStatement return type class umd.cs.shop.JSJshop
statement code is: JSJshop jSJshop = new JSJshop("|g[vkgNnjF$Nq; ", "|g[vkgNnjF$Nq; ")
test data is: JSJshop jSJshop = new JSJshop("|g[vkgNnjF$Nq; ", "|g[vkgNnjF$Nq; ");

** It was a parseable test case! 
Improved test data is: class DummyClass {
    public static void main() {
        JSJshop jSJshop = new JSJshop("EliteGadgetEmporium", "OnlineRetailer");
    }
}
statement is: JSJshop jSJshop = new JSJshop("EliteGadgetEmporium", "OnlineRetailer"), class spoon.support.reflect.code.CtLocalVariableImpl
class spoon.support.reflect.code.CtConstructorCallImpl
TestCase is: String string = "EliteGadgetEmporium";
String string = "OnlineRetailer";
JSJshop jSJshop = new JSJshop(string, string);

statement is: umd.cs.shop.JSJshop()V type is: class org.evosuite.testcase.statements.ConstructorStatement return type class umd.cs.shop.JSJshop
statement code is: JSJshop jSJshop = new JSJshop()
statement is: getBufferedReader(Ljava/lang/String;Ljava/lang/String;Ljavax/swing/JApplet;)Ljava/io/BufferedReader; type is: class org.evosuite.testcase.statements.MethodStatement return type class java.io.BufferedReader
statement code is: BufferedReader bufferedReader = jSJshop.getBufferedReader("", "", (JApplet) null)
test data is: JSJshop jSJshop = new JSJshop();
jSJshop.getBufferedReader("", "", (JApplet) null);

** It was a parseable test case! 
Improved test data is: class DummyClass {
    public static void main() {
        JSJshop jSJshop = new JSJshop();
        jSJshop.getBufferedReader("input.txt", "output.txt", ((JApplet) (null)));
    }
}
statement is: JSJshop jSJshop = new JSJshop(), class spoon.support.reflect.code.CtLocalVariableImpl
class spoon.support.reflect.code.CtConstructorCallImpl
statement is: jSJshop.getBufferedReader("input.txt", "output.txt", ((JApplet) (null))), class spoon.support.reflect.code.CtInvocationImpl
invocation is: jSJshop.getBufferedReader("input.txt", "output.txt", ((JApplet) (null))) target is: jSJshop method is: getBufferedReader(java.lang.String,java.lang.String,JApplet)
source statement: umd.cs.shop.JSJshop()V callee: VariableReference: Statement 0, type umd.cs.shop.JSJshopindex is: 0
Matched Method is: getBufferedReader(Ljava/lang/String;Ljava/lang/String;Ljavax/swing/JApplet;)Ljava/io/BufferedReader;
i 2 Parameters size() 2 Num of Method Parameters: 3
TestCase is: JSJshop jSJshop = new JSJshop();
String string = "input.txt";
String string = "output.txt";
JApplet jApplet = null;
jSJshop.getBufferedReader(string, string, jApplet);

statement is: umd.cs.shop.JSJshop()V type is: class org.evosuite.testcase.statements.ConstructorStatement return type class umd.cs.shop.JSJshop
statement code is: JSJshop jSJshop = new JSJshop()
statement is: getBufferedReader(Ljava/lang/String;Ljava/lang/String;Ljavax/swing/JApplet;)Ljava/io/BufferedReader; type is: class org.evosuite.testcase.statements.MethodStatement return type class java.io.BufferedReader
statement code is: BufferedReader bufferedReader = jSJshop.getBufferedReader("|", (String) null, (JApplet) null)
test data is: JSJshop jSJshop = new JSJshop();
jSJshop.getBufferedReader("|", (String) null, (JApplet) null);

** It was a parseable test case! 
Improved test data is: class DummyClass {
    public static void main() {
        jSJshop.getBufferedReader("|", "Hello World!", null);
    }
}
statement is: jSJshop.getBufferedReader("|", "Hello World!", null), class spoon.support.reflect.code.CtInvocationImpl
invocation is: jSJshop.getBufferedReader("|", "Hello World!", null) target is: jSJshop method is: getBufferedReader(java.lang.String,java.lang.String,<unknown>)
statement is: umd.cs.shop.JSJshop()V type is: class org.evosuite.testcase.statements.ConstructorStatement return type class umd.cs.shop.JSJshop
statement code is: JSJshop jSJshop = new JSJshop()
statement is: java.io.PipedReader()V type is: class org.evosuite.testcase.statements.ConstructorStatement return type class java.io.PipedReader
statement code is: PipedReader pipedReader = new PipedReader()
statement is: java.io.StreamTokenizer(Ljava/io/Reader;)V type is: class org.evosuite.testcase.statements.ConstructorStatement return type class java.io.StreamTokenizer
statement code is: StreamTokenizer streamTokenizer = new StreamTokenizer(arg0)
statement is: processToken(Ljava/io/StreamTokenizer;)V type is: class org.evosuite.testcase.statements.MethodStatement return type void
statement code is: jSJshop.processToken(arg0)
test data is: JSJshop jSJshop = new JSJshop();
PipedReader pipedReader = new PipedReader();
StreamTokenizer streamTokenizer = new StreamTokenizer(pipedReader);
jSJshop.processToken(streamTokenizer);

** It was a parseable test case! 
Improved test data is: class DummyClass {
    public static void main() {
        JSJshop jSJshop = new JSJshop();
        PipedReader pipedReader = new PipedReader("This is a sample text to be processed by the JSJshop program.");
        StreamTokenizer streamTokenizer = new StreamTokenizer(pipedReader);
        jSJshop.processToken(streamTokenizer);
    }
}
statement is: JSJshop jSJshop = new JSJshop(), class spoon.support.reflect.code.CtLocalVariableImpl
class spoon.support.reflect.code.CtConstructorCallImpl
statement is: PipedReader pipedReader = new PipedReader("This is a sample text to be processed by the JSJshop program."), class spoon.support.reflect.code.CtLocalVariableImpl
class spoon.support.reflect.code.CtConstructorCallImpl
statement is: StreamTokenizer streamTokenizer = new StreamTokenizer(pipedReader), class spoon.support.reflect.code.CtLocalVariableImpl
class spoon.support.reflect.code.CtConstructorCallImpl
TestCase Could not be added: java.io.StreamTokenizer(Ljava/io/Reader;)V
statement is: jSJshop.processToken(streamTokenizer), class spoon.support.reflect.code.CtInvocationImpl
invocation is: jSJshop.processToken(streamTokenizer) target is: jSJshop method is: processToken(StreamTokenizer)
source statement: umd.cs.shop.JSJshop()V callee: VariableReference: Statement 0, type umd.cs.shop.JSJshopindex is: 0
Matched Method is: processToken(Ljava/io/StreamTokenizer;)V
i 0 Parameters size() 0 Num of Method Parameters: 1
TestCase is: JSJshop jSJshop = new JSJshop();
StreamTokenizer streamTokenizer = null;
jSJshop.processToken(streamTokenizer);

statement is: umd.cs.shop.JSJshop()V type is: class org.evosuite.testcase.statements.ConstructorStatement return type class umd.cs.shop.JSJshop
statement code is: JSJshop jSJshop = new JSJshop()
statement is: parserFile(Ljava/lang/String;)Z type is: class org.evosuite.testcase.statements.MethodStatement return type boolean
statement code is: boolean parserFile = jSJshop.parserFile("umd.cs.shop.JSTasks")
test data is: JSJshop jSJshop = new JSJshop();
jSJshop.parserFile("umd.cs.shop.JSTasks");

** It was a parseable test case! 
Improved test data is: class DummyClass {
    public static void main() {
        JSJshop jSJshop = new JSJshop();
        jSJshop.parserFile("umd.cs.shop.JSTasks");
    }
}
statement is: JSJshop jSJshop = new JSJshop(), class spoon.support.reflect.code.CtLocalVariableImpl
class spoon.support.reflect.code.CtConstructorCallImpl
statement is: jSJshop.parserFile("umd.cs.shop.JSTasks"), class spoon.support.reflect.code.CtInvocationImpl
invocation is: jSJshop.parserFile("umd.cs.shop.JSTasks") target is: jSJshop method is: parserFile(java.lang.String)
source statement: umd.cs.shop.JSJshop()V callee: VariableReference: Statement 0, type umd.cs.shop.JSJshopindex is: 0
Matched Method is: parserFile(Ljava/lang/String;)Z
TestCase is: JSJshop jSJshop = new JSJshop();
String string = "umd.cs.shop.JSTasks";
jSJshop.parserFile(string);

statement is: umd.cs.shop.JSJshop()V type is: class org.evosuite.testcase.statements.ConstructorStatement return type class umd.cs.shop.JSJshop
statement code is: JSJshop jSJshop = new JSJshop()
statement is: testParser()V type is: class org.evosuite.testcase.statements.MethodStatement return type void
statement code is: jSJshop.testParser()
test data is: JSJshop jSJshop = new JSJshop();
jSJshop.testParser();

** It was a parseable test case! 
Improved test data is: class DummyClass {
    public static void main() {
        JSJshop jSJshop = new JSJshop();
        jSJshop.testParser();
    }
}
statement is: JSJshop jSJshop = new JSJshop(), class spoon.support.reflect.code.CtLocalVariableImpl
class spoon.support.reflect.code.CtConstructorCallImpl
statement is: jSJshop.testParser(), class spoon.support.reflect.code.CtInvocationImpl
invocation is: jSJshop.testParser() target is: jSJshop method is: testParser()
source statement: umd.cs.shop.JSJshop()V callee: VariableReference: Statement 0, type umd.cs.shop.JSJshopindex is: 0
Matched Method is: testParser()V
TestCase is: JSJshop jSJshop = new JSJshop();
jSJshop.testParser();

statement is: umd.cs.shop.JSJshop()V type is: class org.evosuite.testcase.statements.ConstructorStatement return type class umd.cs.shop.JSJshop
statement code is: JSJshop jSJshop = new JSJshop()
statement is: umd.cs.shop.JSTaskAtom()V type is: class org.evosuite.testcase.statements.ConstructorStatement return type class umd.cs.shop.JSTaskAtom
statement code is: JSTaskAtom jSTaskAtom = new JSTaskAtom()
statement is: setFile(Ljava/lang/String;Lumd/cs/shop/JSTaskAtom;)Lumd/cs/shop/JSPairPlanTSListNodes; type is: class org.evosuite.testcase.statements.MethodStatement return type class umd.cs.shop.JSPairPlanTSListNodes
statement code is: JSPairPlanTSListNodes setFile = jSJshop.setFile("[zwR6vXa+PTIi#8", arg1)
test data is: JSJshop jSJshop = new JSJshop();
JSTaskAtom jSTaskAtom = new JSTaskAtom();
jSJshop.setFile("[zwR6vXa+PTIi#8", jSTaskAtom);

** It was a parseable test case! 
Improved test data is: class DummyClass {
    public static void main() {
        JSJshop jSJshop = new JSJshop();
        JSTaskAtom jSTaskAtom = new JSTaskAtom();
        jSJshop.setFile("[zwR6vXa+PTIi#8", jSTaskAtom);
    }
}
statement is: JSJshop jSJshop = new JSJshop(), class spoon.support.reflect.code.CtLocalVariableImpl
class spoon.support.reflect.code.CtConstructorCallImpl
statement is: JSTaskAtom jSTaskAtom = new JSTaskAtom(), class spoon.support.reflect.code.CtLocalVariableImpl
class spoon.support.reflect.code.CtConstructorCallImpl
statement is: jSJshop.setFile("[zwR6vXa+PTIi#8", jSTaskAtom), class spoon.support.reflect.code.CtInvocationImpl
invocation is: jSJshop.setFile("[zwR6vXa+PTIi#8", jSTaskAtom) target is: jSJshop method is: setFile(java.lang.String,JSTaskAtom)
source statement: umd.cs.shop.JSJshop()V callee: VariableReference: Statement 0, type umd.cs.shop.JSJshopindex is: 0
Matched Method is: setFile(Ljava/lang/String;Lumd/cs/shop/JSTaskAtom;)Lumd/cs/shop/JSPairPlanTSListNodes;
TestCase is: JSJshop jSJshop = new JSJshop();
JSTaskAtom jSTaskAtom = new JSTaskAtom();
String string = "[zwR6vXa+PTIi#8";
jSJshop.setFile(string, jSTaskAtom);

* test suite isTestSuite: 41
Test 0: 
JSJshop jSJshop = new JSJshop();
jSJshop.getTree();
Test 1: 
JSJshop jSJshop = new JSJshop();
// Undeclared exception!
try { 
  jSJshop.getAppletURL("", (JApplet) null);
  fail("Expecting exception: NullPointerException");

} catch(NullPointerException e) {
   //
   // no message in exception (getMessage() returned null)
   //
   verifyException("umd.cs.shop.JSJshop", e);
}

Test 2: 
JSJshop jSJshop = null;
try {
  jSJshop = new JSJshop(";vd;xD", (JSTaskAtom) null);
  fail("Expecting exception: NullPointerException");

} catch(NullPointerException e) {
   //
   // no message in exception (getMessage() returned null)
   //
   verifyException("umd.cs.shop.JSJshop", e);
}

Test 3: 
JSJshop jSJshop = new JSJshop();
jSJshop.getSolution();
Test 4: 
JSJshop jSJshop = new JSJshop();
jSJshop.sol();
Test 5: 
JSJshop jSJshop = new JSJshop();
jSJshop.tree();
Test 6: 
JSJshop jSJshop = new JSJshop();
jSJshop.prob();
Test 7: 
JSJshop jSJshop = new JSJshop();
jSJshop.dom();
Test 8: 
String[] stringArray = new String[0];
JSJshop.main(stringArray);
Test 9: 
String[] stringArray = new String[8];
JSJshop.main(stringArray);
Test 10: 
String[] stringArray = new String[4];
stringArray[2] = "one";
JSJshop.main(stringArray);
Test 11: 
String[] stringArray = new String[2];
stringArray[0] = "";
// Undeclared exception!
try { 
  JSJshop.main(stringArray);
  fail("Expecting exception: System.SystemExitException");

} catch(System.SystemExitException e) {
   //
   // no message in exception (getMessage() returned null)
   //
   verifyException("org.evosuite.runtime.System", e);
}

Test 12: 
JSJshop jSJshop = new JSJshop();
jSJshop.getAddList();
Test 13: 
JSJshop jSJshop = new JSJshop();
jSJshop.getDeleteList();
Test 14: 
EvoSuiteFile evoSuiteFile = new EvoSuiteFile("farp.shp");
FileSystemHandling.appendStringToFile(evoSuiteFile, "umd.cs.shop.jsjshop");
JSJshop jSJshop = new JSJshop();
jSJshop.testParser();
Test 15: 
JSJshop jSJshop = null;
try {
  jSJshop = new JSJshop("|g[vkgNnjF$Nq; ", "|g[vkgNnjF$Nq; ");
  fail("Expecting exception: System.SystemExitException");

} catch(System.SystemExitException e) {
   //
   // no message in exception (getMessage() returned null)
   //
   verifyException("org.evosuite.runtime.System", e);
}

Test 16: 
JSJshop jSJshop = new JSJshop();
jSJshop.getBufferedReader("", "", (JApplet) null);
Test 17: 
JSJshop jSJshop = new JSJshop();
jSJshop.getBufferedReader("|", (String) null, (JApplet) null);
Test 18: 
JSJshop jSJshop = new JSJshop();
PipedReader pipedReader = new PipedReader();
StreamTokenizer streamTokenizer = new StreamTokenizer(pipedReader);
// Undeclared exception!
try { 
  jSJshop.processToken(streamTokenizer);
  fail("Expecting exception: Error");

} catch(Error e) {
   //
   // no message in exception (getMessage() returned null)
   //
   verifyException("umd.cs.shop.JSJshop", e);
}

Test 19: 
JSJshop jSJshop = new JSJshop();
jSJshop.parserFile("umd.cs.shop.JSTasks");
Test 20: 
JSJshop jSJshop = new JSJshop();
// Undeclared exception!
try { 
  jSJshop.testParser();
  fail("Expecting exception: System.SystemExitException");

} catch(System.SystemExitException e) {
   //
   // no message in exception (getMessage() returned null)
   //
   verifyException("org.evosuite.runtime.System", e);
}

Test 21: 
JSJshop jSJshop = new JSJshop();
JSTaskAtom jSTaskAtom = new JSTaskAtom();
// Undeclared exception!
try { 
  jSJshop.setFile("[zwR6vXa+PTIi#8", jSTaskAtom);
  fail("Expecting exception: NullPointerException");

} catch(NullPointerException e) {
   //
   // no message in exception (getMessage() returned null)
   //
   verifyException("umd.cs.shop.JSJshop", e);
}

Test 22: 
JSJshop jSJshop = new JSJshop();
jSJshop.getTree();

Test 23: 
JSJshop jSJshop = new JSJshop();
jSJshop.getAppletURL("https://www.example.com", (JApplet) null);
String string = "http://www.example.com";
JApplet jApplet = null;
jSJshop.getAppletURL(string, jApplet);

Test 24: 
JSJshop jSJshop = new JSJshop("TestShop", (JSTaskAtom) null);

Test 25: 

Test 26: 
JSJshop jSJshop = new JSJshop();
jSJshop.sol();

Test 27: 

Test 28: 
JSJshop.main((String[]) null);

Test 29: 
JSJshop.main((String[]) null);

Test 30: 
String[] stringArray = new String[4];
stringArray[2] = "apples";
stringArray[2] = "bananas";
stringArray[2] = "oranges";
stringArray[2] = "grapes";
JSJshop.main(stringArray);

Test 31: 
String[] stringArray = new String[2];
stringArray[0] = "--help";
JSJshop.main(stringArray);

Test 32: 
JSJshop jSJshop = new JSJshop();
jSJshop.getAddList();

Test 33: 
JSJshop jSJshop = new JSJshop();
jSJshop.getDeleteList();

Test 34: 
boolean appendStringToFile = FileSystemHandling.appendStringToFile((EvoSuiteFile) "umd.cs.shop.jsjshop", (String) null);
JSJshop jSJshop = new JSJshop();
((JSJshop) appendStringToFile).testParser();

Test 35: 
JSJshop jSJshop = new JSJshop("EliteGadgetEmporium", "OnlineRetailer");

Test 36: 
JSJshop jSJshop = new JSJshop();
jSJshop.getBufferedReader("input.txt", "output.txt", (JApplet) null);

Test 37: 
JSJshop jSJshop = new JSJshop();
jSJshop.processToken((StreamTokenizer) null);

Test 38: 
JSJshop jSJshop = new JSJshop();
jSJshop.parserFile("umd.cs.shop.JSTasks");

Test 39: 
JSJshop jSJshop = new JSJshop();
jSJshop.testParser();

Test 40: 
JSJshop jSJshop = new JSJshop();
JSTaskAtom jSTaskAtom = new JSTaskAtom();
jSJshop.setFile("[zwR6vXa+PTIi#8", jSTaskAtom);


* Generated after the refinement and before minimization 41 tests with total length 89
* test suite isTestSuite: 41
Test 0: 
JSJshop jSJshop = new JSJshop();
jSJshop.getTree();
Test 1: 
JSJshop jSJshop = new JSJshop();
// Undeclared exception!
try { 
  jSJshop.getAppletURL("", (JApplet) null);
  fail("Expecting exception: NullPointerException");

} catch(NullPointerException e) {
   //
   // no message in exception (getMessage() returned null)
   //
   verifyException("umd.cs.shop.JSJshop", e);
}

Test 2: 
JSJshop jSJshop = null;
try {
  jSJshop = new JSJshop(";vd;xD", (JSTaskAtom) null);
  fail("Expecting exception: NullPointerException");

} catch(NullPointerException e) {
   //
   // no message in exception (getMessage() returned null)
   //
   verifyException("umd.cs.shop.JSJshop", e);
}

Test 3: 
JSJshop jSJshop = new JSJshop();
jSJshop.getSolution();
Test 4: 
JSJshop jSJshop = new JSJshop();
jSJshop.sol();
Test 5: 
JSJshop jSJshop = new JSJshop();
jSJshop.tree();
Test 6: 
JSJshop jSJshop = new JSJshop();
jSJshop.prob();
Test 7: 
JSJshop jSJshop = new JSJshop();
jSJshop.dom();
Test 8: 
String[] stringArray = new String[0];
JSJshop.main(stringArray);
Test 9: 
String[] stringArray = new String[8];
JSJshop.main(stringArray);
Test 10: 
String[] stringArray = new String[4];
stringArray[2] = "one";
JSJshop.main(stringArray);
Test 11: 
String[] stringArray = new String[2];
stringArray[0] = "";
// Undeclared exception!
try { 
  JSJshop.main(stringArray);
  fail("Expecting exception: System.SystemExitException");

} catch(System.SystemExitException e) {
   //
   // no message in exception (getMessage() returned null)
   //
   verifyException("org.evosuite.runtime.System", e);
}

Test 12: 
JSJshop jSJshop = new JSJshop();
jSJshop.getAddList();
Test 13: 
JSJshop jSJshop = new JSJshop();
jSJshop.getDeleteList();
Test 14: 
EvoSuiteFile evoSuiteFile = new EvoSuiteFile("farp.shp");
FileSystemHandling.appendStringToFile(evoSuiteFile, "umd.cs.shop.jsjshop");
JSJshop jSJshop = new JSJshop();
jSJshop.testParser();
Test 15: 
JSJshop jSJshop = null;
try {
  jSJshop = new JSJshop("|g[vkgNnjF$Nq; ", "|g[vkgNnjF$Nq; ");
  fail("Expecting exception: System.SystemExitException");

} catch(System.SystemExitException e) {
   //
   // no message in exception (getMessage() returned null)
   //
   verifyException("org.evosuite.runtime.System", e);
}

Test 16: 
JSJshop jSJshop = new JSJshop();
jSJshop.getBufferedReader("", "", (JApplet) null);
Test 17: 
JSJshop jSJshop = new JSJshop();
jSJshop.getBufferedReader("|", (String) null, (JApplet) null);
Test 18: 
JSJshop jSJshop = new JSJshop();
PipedReader pipedReader = new PipedReader();
StreamTokenizer streamTokenizer = new StreamTokenizer(pipedReader);
// Undeclared exception!
try { 
  jSJshop.processToken(streamTokenizer);
  fail("Expecting exception: Error");

} catch(Error e) {
   //
   // no message in exception (getMessage() returned null)
   //
   verifyException("umd.cs.shop.JSJshop", e);
}

Test 19: 
JSJshop jSJshop = new JSJshop();
jSJshop.parserFile("umd.cs.shop.JSTasks");
Test 20: 
JSJshop jSJshop = new JSJshop();
// Undeclared exception!
try { 
  jSJshop.testParser();
  fail("Expecting exception: System.SystemExitException");

} catch(System.SystemExitException e) {
   //
   // no message in exception (getMessage() returned null)
   //
   verifyException("org.evosuite.runtime.System", e);
}

Test 21: 
JSJshop jSJshop = new JSJshop();
JSTaskAtom jSTaskAtom = new JSTaskAtom();
// Undeclared exception!
try { 
  jSJshop.setFile("[zwR6vXa+PTIi#8", jSTaskAtom);
  fail("Expecting exception: NullPointerException");

} catch(NullPointerException e) {
   //
   // no message in exception (getMessage() returned null)
   //
   verifyException("umd.cs.shop.JSJshop", e);
}

Test 22: 
JSJshop jSJshop = new JSJshop();
jSJshop.getTree();

Test 23: 
JSJshop jSJshop = new JSJshop();
jSJshop.getAppletURL("https://www.example.com", (JApplet) null);
String string = "http://www.example.com";
JApplet jApplet = null;
jSJshop.getAppletURL(string, jApplet);

Test 24: 
JSJshop jSJshop = new JSJshop("TestShop", (JSTaskAtom) null);

Test 25: 

Test 26: 
JSJshop jSJshop = new JSJshop();
jSJshop.sol();

Test 27: 

Test 28: 
JSJshop.main((String[]) null);

Test 29: 
JSJshop.main((String[]) null);

Test 30: 
String[] stringArray = new String[4];
stringArray[2] = "apples";
stringArray[2] = "bananas";
stringArray[2] = "oranges";
stringArray[2] = "grapes";
JSJshop.main(stringArray);

Test 31: 
String[] stringArray = new String[2];
stringArray[0] = "--help";
JSJshop.main(stringArray);

Test 32: 
JSJshop jSJshop = new JSJshop();
jSJshop.getAddList();

Test 33: 
JSJshop jSJshop = new JSJshop();
jSJshop.getDeleteList();

Test 34: 
boolean appendStringToFile = FileSystemHandling.appendStringToFile((EvoSuiteFile) "umd.cs.shop.jsjshop", (String) null);
JSJshop jSJshop = new JSJshop();
((JSJshop) appendStringToFile).testParser();

Test 35: 
JSJshop jSJshop = new JSJshop("EliteGadgetEmporium", "OnlineRetailer");

Test 36: 
JSJshop jSJshop = new JSJshop();
jSJshop.getBufferedReader("input.txt", "output.txt", (JApplet) null);

Test 37: 
JSJshop jSJshop = new JSJshop();
jSJshop.processToken((StreamTokenizer) null);

Test 38: 
JSJshop jSJshop = new JSJshop();
jSJshop.parserFile("umd.cs.shop.JSTasks");

Test 39: 
JSJshop jSJshop = new JSJshop();
jSJshop.testParser();

Test 40: 
JSJshop jSJshop = new JSJshop();
JSTaskAtom jSTaskAtom = new JSTaskAtom();
jSJshop.setFile("[zwR6vXa+PTIi#8", jSTaskAtom);


* Minimizing test suite
* test suite isTestSuite: 22
Test 0: 
JSJshop jSJshop = new JSJshop();
jSJshop.getTree();
Test 1: 
JSJshop jSJshop = new JSJshop();
// Undeclared exception!
try { 
  jSJshop.getAppletURL("https://www.example.com", (JApplet) null);
  fail("Expecting exception: NullPointerException");

} catch(NullPointerException e) {
   //
   // no message in exception (getMessage() returned null)
   //
   verifyException("umd.cs.shop.JSJshop", e);
}

Test 2: 
JSJshop jSJshop = null;
try {
  jSJshop = new JSJshop("TestShop", (JSTaskAtom) null);
  fail("Expecting exception: NullPointerException");

} catch(NullPointerException e) {
   //
   // no message in exception (getMessage() returned null)
   //
   verifyException("umd.cs.shop.JSJshop", e);
}

Test 3: 
JSJshop jSJshop = new JSJshop();
jSJshop.getSolution();
Test 4: 
JSJshop jSJshop = new JSJshop();
jSJshop.sol();
Test 5: 
JSJshop jSJshop = new JSJshop();
jSJshop.tree();
Test 6: 
JSJshop jSJshop = new JSJshop();
jSJshop.prob();
Test 7: 
JSJshop jSJshop = new JSJshop();
jSJshop.dom();
Test 8: 
String[] stringArray = new String[0];
JSJshop.main(stringArray);
Test 9: 
String[] stringArray = new String[8];
JSJshop.main(stringArray);
Test 10: 
String[] stringArray = new String[4];
stringArray[2] = "one";
JSJshop.main(stringArray);
Test 11: 
String[] stringArray = new String[2];
stringArray[0] = "--help";
// Undeclared exception!
try { 
  JSJshop.main(stringArray);
  fail("Expecting exception: System.SystemExitException");

} catch(System.SystemExitException e) {
   //
   // no message in exception (getMessage() returned null)
   //
   verifyException("org.evosuite.runtime.System", e);
}

Test 12: 
JSJshop jSJshop = new JSJshop();
jSJshop.getAddList();
Test 13: 
JSJshop jSJshop = new JSJshop();
jSJshop.getDeleteList();
Test 14: 
EvoSuiteFile evoSuiteFile = new EvoSuiteFile("farp.shp");
FileSystemHandling.appendStringToFile(evoSuiteFile, "umd.cs.shop.jsjshop");
JSJshop jSJshop = new JSJshop();
jSJshop.testParser();
Test 15: 
JSJshop jSJshop = new JSJshop();
jSJshop.getBufferedReader("input.txt", "output.txt", (JApplet) null);
Test 16: 
JSJshop jSJshop = new JSJshop();
jSJshop.getBufferedReader("|", (String) null, (JApplet) null);
Test 17: 
JSJshop jSJshop = new JSJshop();
PipedReader pipedReader = new PipedReader();
StreamTokenizer streamTokenizer = new StreamTokenizer(pipedReader);
// Undeclared exception!
try { 
  jSJshop.processToken(streamTokenizer);
  fail("Expecting exception: Error");

} catch(Error e) {
   //
   // no message in exception (getMessage() returned null)
   //
   verifyException("umd.cs.shop.JSJshop", e);
}

Test 18: 
JSJshop jSJshop = null;
try {
  jSJshop = new JSJshop("EliteGadgetEmporium", "OnlineRetailer");
  fail("Expecting exception: System.SystemExitException");

} catch(System.SystemExitException e) {
   //
   // no message in exception (getMessage() returned null)
   //
   verifyException("org.evosuite.runtime.System", e);
}

Test 19: 
JSJshop jSJshop = new JSJshop();
jSJshop.parserFile("umd.cs.shop.JSTasks");
Test 20: 
JSJshop jSJshop = new JSJshop();
// Undeclared exception!
try { 
  jSJshop.testParser();
  fail("Expecting exception: System.SystemExitException");

} catch(System.SystemExitException e) {
   //
   // no message in exception (getMessage() returned null)
   //
   verifyException("org.evosuite.runtime.System", e);
}

Test 21: 
JSJshop jSJshop = new JSJshop();
JSTaskAtom jSTaskAtom = new JSTaskAtom();
// Undeclared exception!
try { 
  jSJshop.setFile("[zwR6vXa+PTIi#8", jSTaskAtom);
  fail("Expecting exception: NullPointerException");

} catch(NullPointerException e) {
   //
   // no message in exception (getMessage() returned null)
   //
   verifyException("umd.cs.shop.JSJshop", e);
}


* Going to analyze the coverage criteria
* Coverage analysis for criterion BRANCH
* Coverage of criterion BRANCH: 44%
* Total number of goals: 114
* Number of covered goals: 50
* Coverage analysis for criterion LINE
* Coverage of criterion LINE: 42%
* Total number of goals: 225
* Number of covered goals: 94
* Coverage analysis for criterion OUTPUT
* Coverage of criterion OUTPUT: 18%
* Total number of goals: 56
* Number of covered goals: 10
* Coverage analysis for criterion METHOD
* Coverage of criterion METHOD: 95%
* Total number of goals: 19
* Number of covered goals: 18
* Coverage analysis for criterion CBRANCH
* Coverage of criterion CBRANCH: 44%
* Total number of goals: 114
* Number of covered goals: 50
* Generated 22 tests with total length 49
* Resulting test suite's coverage: 49% (average coverage for all fitness functions)
* Generating assertions
* Resulting test suite's mutation score: 9%
* Compiling and checking tests
Going to execute: removeTestsThatDoNotCompile
* Compiling Tests
** Write a test suite: 0 called: 0 to improve: false
* Compiling Tests
** Write a test suite: 0 called: 0 to improve: true
** Improve Understandability: ** Test Code is: JSJshop jSJshop = new JSJshop();
JSJshopNode tree = jSJshop.getTree();
assertNull(tree);


** It was a parseable test case! 
refined test name is: testGetTreeReturnsNullWhenJSJshopObjectIsEmpty
* Compiling Tests
** Write a test suite: 0 called: 0 to improve: false
* Compiling Tests
** Write a test suite: 0 called: 0 to improve: true
** Improve Understandability: ** Test Code is: JSJshop jSJshop = new JSJshop();
// Undeclared exception!
try { 
  jSJshop.getAppletURL("https://www.example.com", (JApplet) null);
  fail("Expecting exception: NullPointerException");

} catch(NullPointerException e) {
   //
   // no message in exception (getMessage() returned null)
   //
   verifyException("umd.cs.shop.JSJshop", e);
}


** It was a parseable test case! 
refined test name is: testInvalidAppletURLNullPointerException
* Compiling Tests
** Write a test suite: 0 called: 0 to improve: false
* Compiling Tests
** Write a test suite: 0 called: 0 to improve: true
** Improve Understandability: ** Test Code is: JSJshop jSJshop = null;
try {
  jSJshop = new JSJshop("TestShop", (JSTaskAtom) null);
  fail("Expecting exception: NullPointerException");

} catch(NullPointerException e) {
   //
   // no message in exception (getMessage() returned null)
   //
   verifyException("umd.cs.shop.JSJshop", e);
}


** It was a parseable test case! 
refined test name is: testNullTaskAtomConstructor
* Compiling Tests
** Write a test suite: 0 called: 0 to improve: false
* Compiling Tests
** Write a test suite: 0 called: 0 to improve: true
** Improve Understandability: ** Test Code is: JSJshop jSJshop = new JSJshop();
JSPairPlanTSListNodes solution = jSJshop.getSolution();
assertNull(solution);


** It was a parseable test case! 
refined test name is: testGetSolutionForEmptyNodeList
* Compiling Tests
** Write a test suite: 0 called: 0 to improve: false
* Compiling Tests
** Write a test suite: 0 called: 0 to improve: true
** Improve Understandability: ** Test Code is: JSJshop jSJshop = new JSJshop();
JSPlan sol = jSJshop.sol();
assertNull(sol);


** It was a parseable test case! 
refined test name is: testNullSolution
* Compiling Tests
refined test name is: testJSShopSolReturnsNull
* Compiling Tests
** Write a test suite: 0 called: 0 to improve: false
* Compiling Tests
** Write a test suite: 0 called: 0 to improve: true
** Improve Understandability: ** Test Code is: JSJshop jSJshop = new JSJshop();
JSJshopNode tree = jSJshop.tree();
assertNull(tree);


** It was a parseable test case! 
refined test name is: testJSJshopTreeMethodReturnsNull
* Compiling Tests
** Write a test suite: 0 called: 0 to improve: false
* Compiling Tests
** Write a test suite: 0 called: 0 to improve: true
** Improve Understandability: ** Test Code is: JSJshop jSJshop = new JSJshop();
JSPlanningProblem prob = jSJshop.prob();
assertNull(prob);


** It was a parseable test case! 
refined test name is: testProbMethodReturnsNull
* Compiling Tests
** Write a test suite: 0 called: 0 to improve: false
* Compiling Tests
** Write a test suite: 0 called: 0 to improve: true
** Improve Understandability: ** Test Code is: JSJshop jSJshop = new JSJshop();
JSPlanningDomain dom = jSJshop.dom();
assertNull(dom);


** It was a parseable test case! 
refined test name is: testJSPlanningDomainIsNullWhenNotInitializedYet
* Compiling Tests
** Write a test suite: 0 called: 0 to improve: false
* Compiling Tests
** Write a test suite: 0 called: 0 to improve: true
** Improve Understandability: ** Test Code is: String[] arg0 = new String[0];
JSJshop.main(arg0);
assertEquals(0, arg0.length);


** It was a parseable test case! 
refined test name is: testMainMethodReturnsZeroLengthStringArray
* Compiling Tests
** Write a test suite: 0 called: 0 to improve: false
* Compiling Tests
** Write a test suite: 0 called: 0 to improve: true
** Improve Understandability: ** Test Code is: String[] arg0 = new String[8];
JSJshop.main(arg0);
assertEquals(8, arg0.length);


** It was a parseable test case! 
refined test name is: testMainMethodWithoutArguments
* Compiling Tests
** Write a test suite: 0 called: 0 to improve: false
* Compiling Tests
** Write a test suite: 0 called: 0 to improve: true
** Improve Understandability: ** Test Code is: String[] arg0 = new String[4];
arg0[2] = "one";
JSJshop.main(arg0);
assertEquals(4, arg0.length);


** It was a parseable test case! 
refined test name is: testAddingStringToArraySetsLengthToFour
* Compiling Tests
** Write a test suite: 0 called: 0 to improve: false
* Compiling Tests
** Write a test suite: 0 called: 0 to improve: true
** Improve Understandability: ** Test Code is: String[] arg0 = new String[2];
arg0[0] = "--help";
// Undeclared exception!
try { 
  JSJshop.main(arg0);
  fail("Expecting exception: System.SystemExitException");

} catch(System.SystemExitException e) {
   //
   // no message in exception (getMessage() returned null)
   //
   verifyException("org.evosuite.runtime.System", e);
}


** It was a parseable test case! 
refined test name is: testHelpOptionExitsCorrectly
* Compiling Tests
refined test name is: testProgramExitsCorrectlyWhenHelpOptionIsSpecified
* Compiling Tests
** Write a test suite: 0 called: 0 to improve: false
* Compiling Tests
** Write a test suite: 0 called: 0 to improve: true
** Improve Understandability: ** Test Code is: JSJshop jSJshop = new JSJshop();
JSListLogicalAtoms addList = jSJshop.getAddList();
assertNull(addList);


** It was a parseable test case! 
refined test name is: testGetAddListNoAdds
* Compiling Tests
refined test name is: testGetAddListReturnsNullWhenNoAddsArePresent
* Compiling Tests
** Write a test suite: 0 called: 0 to improve: false
* Compiling Tests
** Write a test suite: 0 called: 0 to improve: true
** Improve Understandability: ** Test Code is: JSJshop jSJshop = new JSJshop();
JSListLogicalAtoms deleteList = jSJshop.getDeleteList();
assertNull(deleteList);


** It was a parseable test case! 
refined test name is: testGetDeleteListShouldReturnNullWhenEmpty
* Compiling Tests
** Write a test suite: 0 called: 0 to improve: false
* Compiling Tests
** Write a test suite: 0 called: 0 to improve: true
** Improve Understandability: ** Test Code is: EvoSuiteFile arg0 = new EvoSuiteFile("farp.shp");
FileSystemHandling.appendStringToFile(arg0, "umd.cs.shop.jsjshop");
JSJshop jSJshop = new JSJshop();
jSJshop.testParser();
assertFalse(JSJshop.corbaToHicap);


** It was a parseable test case! 
refined test name is: testAppendStringToFileAndParserWorksCorrectly
* Compiling Tests
refined test name is: testAppendingStringToFile
* Compiling Tests
** Write a test suite: 0 called: 0 to improve: false
* Compiling Tests
** Write a test suite: 0 called: 0 to improve: true
** Improve Understandability: ** Test Code is: JSJshop jSJshop = new JSJshop();
BufferedReader bufferedReader = jSJshop.getBufferedReader("input.txt", "output.txt", (JApplet) null);
assertNull(bufferedReader);


** It was a parseable test case! 
refined test name is: testGetBufferedReaderWithInputAndOutputFiles
* Compiling Tests
refined test name is: testGetBufferedReader
* Compiling Tests
** Write a test suite: 0 called: 0 to improve: false
* Compiling Tests
** Write a test suite: 0 called: 0 to improve: true
** Improve Understandability: ** Test Code is: JSJshop jSJshop = new JSJshop();
BufferedReader bufferedReader = jSJshop.getBufferedReader("|", (String) null, (JApplet) null);
assertNull(bufferedReader);


** It was a parseable test case! 
refined test name is: testGetBufferedReadernullInputs
* Compiling Tests
** Write a test suite: 0 called: 0 to improve: false
* Compiling Tests
** Write a test suite: 0 called: 0 to improve: false
* Compiling Tests
** Write a test suite: 0 called: 0 to improve: true
** Improve Understandability: ** Test Code is: JSJshop jSJshop = null;
try {
  jSJshop = new JSJshop("EliteGadgetEmporium", "OnlineRetailer");
  fail("Expecting exception: System.SystemExitException");

} catch(System.SystemExitException e) {
   //
   // no message in exception (getMessage() returned null)
   //
   verifyException("org.evosuite.runtime.System", e);
}


** It was a parseable test case! 
refined test name is: testCreateInstanceWithInvalidArguments
* Compiling Tests
** Write a test suite: 0 called: 0 to improve: false
* Compiling Tests
** Write a test suite: 0 called: 0 to improve: true
** Improve Understandability: ** Test Code is: JSJshop jSJshop = new JSJshop();
boolean parserFile = jSJshop.parserFile("umd.cs.shop.JSTasks");
assertFalse(parserFile);


** It was a parseable test case! 
refined test name is: testParseInvalidFilePath
* Compiling Tests
** Write a test suite: 0 called: 0 to improve: false
* Compiling Tests
** Write a test suite: 0 called: 0 to improve: true
** Improve Understandability: ** Test Code is: JSJshop jSJshop = new JSJshop();
// Undeclared exception!
try { 
  jSJshop.testParser();
  fail("Expecting exception: System.SystemExitException");

} catch(System.SystemExitException e) {
   //
   // no message in exception (getMessage() returned null)
   //
   verifyException("org.evosuite.runtime.System", e);
}


** It was a parseable test case! 
refined test name is: testParserThrowsSystemExitException
* Compiling Tests
** Write a test suite: 0 called: 0 to improve: false
* Compiling Tests
** Write a test suite: 0 called: 0 to improve: true
** Improve Understandability: ** Test Code is: JSJshop jSJshop = new JSJshop();
JSTaskAtom arg1 = new JSTaskAtom();
// Undeclared exception!
try { 
  jSJshop.setFile("[zwR6vXa+PTIi#8", arg1);
  fail("Expecting exception: NullPointerException");

} catch(NullPointerException e) {
   //
   // no message in exception (getMessage() returned null)
   //
   verifyException("umd.cs.shop.JSJshop", e);
}


** It was a parseable test case! 
refined test name is: testSetFileWithNullPathThrowsNullPointerException
Going to execute: handleTestsThatAreUnstable
* Compiling Tests
[MASTER] 13:40:31.600 [logback-1] WARN  AgentLoader - Failed to find EvoSuite jar in current classloader. URLs of classloader:
file:/root/.sdkman/candidates/java/8.0.333.fx-librca/jre/../lib/tools.jar
file:/root/.sdkman/candidates/java/8.0.333.fx-librca/jre/lib/ext/cldrdata.jar
file:/root/.sdkman/candidates/java/8.0.333.fx-librca/jre/lib/ext/sunec.jar
file:/root/.sdkman/candidates/java/8.0.333.fx-librca/jre/lib/ext/localedata.jar
file:/tmp/EvoSuite_pathingJar1250079161392612262.jar
file:/root/.sdkman/candidates/java/8.0.333.fx-librca/jre/lib/ext/jaccess.jar
file:/root/.sdkman/candidates/java/8.0.333.fx-librca/jre/lib/ext/dnsns.jar
file:/root/.sdkman/candidates/java/8.0.333.fx-librca/jre/lib/ext/sunpkcs11.jar
file:/root/.sdkman/candidates/java/8.0.333.fx-librca/jre/lib/ext/zipfs.jar
file:/root/.sdkman/candidates/java/8.0.333.fx-librca/jre/lib/ext/jfxrt.jar
file:/root/.sdkman/candidates/java/8.0.333.fx-librca/jre/lib/ext/sunjce_provider.jar
file:/root/.sdkman/candidates/java/8.0.333.fx-librca/jre/lib/ext/nashorn.jar
[MASTER] 13:40:31.630 [logback-1] WARN  JUnitAnalyzer - Found unstable test named initializationError -> class java.lang.RuntimeException: Cannot find either the compilation target folder nor the EvoSuite jar in classpath: /tmp/EvoSuite_pathingJar1250079161392612262.jar
Going to execute: handleTestsThatAreUnstable
* Compiling Tests
Going to execute: handleTestsThatAreUnstable
[MASTER] 13:40:31.678 [logback-1] WARN  AgentLoader - Failed to find EvoSuite jar in current classloader. URLs of classloader:
file:/root/.sdkman/candidates/java/8.0.333.fx-librca/jre/../lib/tools.jar
file:/root/.sdkman/candidates/java/8.0.333.fx-librca/jre/lib/ext/cldrdata.jar
file:/root/.sdkman/candidates/java/8.0.333.fx-librca/jre/lib/ext/sunec.jar
file:/root/.sdkman/candidates/java/8.0.333.fx-librca/jre/lib/ext/localedata.jar
file:/tmp/EvoSuite_pathingJar1250079161392612262.jar
file:/root/.sdkman/candidates/java/8.0.333.fx-librca/jre/lib/ext/jaccess.jar
file:/root/.sdkman/candidates/java/8.0.333.fx-librca/jre/lib/ext/dnsns.jar
file:/root/.sdkman/candidates/java/8.0.333.fx-librca/jre/lib/ext/sunpkcs11.jar
file:/root/.sdkman/candidates/java/8.0.333.fx-librca/jre/lib/ext/zipfs.jar
file:/root/.sdkman/candidates/java/8.0.333.fx-librca/jre/lib/ext/jfxrt.jar
file:/root/.sdkman/candidates/java/8.0.333.fx-librca/jre/lib/ext/sunjce_provider.jar
file:/root/.sdkman/candidates/java/8.0.333.fx-librca/jre/lib/ext/nashorn.jar
[MASTER] 13:40:31.679 [logback-1] WARN  JUnitAnalyzer - Found unstable test named initializationError -> class java.lang.RuntimeException: Cannot find either the compilation target folder nor the EvoSuite jar in classpath: /tmp/EvoSuite_pathingJar1250079161392612262.jar
* Compiling Tests
Going to execute: handleTestsThatAreUnstable
[MASTER] 13:40:31.728 [logback-1] WARN  AgentLoader - Failed to find EvoSuite jar in current classloader. URLs of classloader:
file:/root/.sdkman/candidates/java/8.0.333.fx-librca/jre/../lib/tools.jar
file:/root/.sdkman/candidates/java/8.0.333.fx-librca/jre/lib/ext/cldrdata.jar
file:/root/.sdkman/candidates/java/8.0.333.fx-librca/jre/lib/ext/sunec.jar
file:/root/.sdkman/candidates/java/8.0.333.fx-librca/jre/lib/ext/localedata.jar
file:/tmp/EvoSuite_pathingJar1250079161392612262.jar
file:/root/.sdkman/candidates/java/8.0.333.fx-librca/jre/lib/ext/jaccess.jar
file:/root/.sdkman/candidates/java/8.0.333.fx-librca/jre/lib/ext/dnsns.jar
file:/root/.sdkman/candidates/java/8.0.333.fx-librca/jre/lib/ext/sunpkcs11.jar
file:/root/.sdkman/candidates/java/8.0.333.fx-librca/jre/lib/ext/zipfs.jar
file:/root/.sdkman/candidates/java/8.0.333.fx-librca/jre/lib/ext/jfxrt.jar
file:/root/.sdkman/candidates/java/8.0.333.fx-librca/jre/lib/ext/sunjce_provider.jar
file:/root/.sdkman/candidates/java/8.0.333.fx-librca/jre/lib/ext/nashorn.jar
[MASTER] 13:40:31.729 [logback-1] WARN  JUnitAnalyzer - Found unstable test named initializationError -> class java.lang.RuntimeException: Cannot find either the compilation target folder nor the EvoSuite jar in classpath: /tmp/EvoSuite_pathingJar1250079161392612262.jar
* Compiling Tests
[MASTER] 13:40:31.769 [logback-1] WARN  AgentLoader - Failed to find EvoSuite jar in current classloader. URLs of classloader:
file:/root/.sdkman/candidates/java/8.0.333.fx-librca/jre/../lib/tools.jar
file:/root/.sdkman/candidates/java/8.0.333.fx-librca/jre/lib/ext/cldrdata.jar
file:/root/.sdkman/candidates/java/8.0.333.fx-librca/jre/lib/ext/sunec.jar
file:/root/.sdkman/candidates/java/8.0.333.fx-librca/jre/lib/ext/localedata.jar
file:/tmp/EvoSuite_pathingJar1250079161392612262.jar
file:/root/.sdkman/candidates/java/8.0.333.fx-librca/jre/lib/ext/jaccess.jar
file:/root/.sdkman/candidates/java/8.0.333.fx-librca/jre/lib/ext/dnsns.jar
file:/root/.sdkman/candidates/java/8.0.333.fx-librca/jre/lib/ext/sunpkcs11.jar
file:/root/.sdkman/candidates/java/8.0.333.fx-librca/jre/lib/ext/zipfs.jar
file:/root/.sdkman/candidates/java/8.0.333.fx-librca/jre/lib/ext/jfxrt.jar
file:/root/.sdkman/candidates/java/8.0.333.fx-librca/jre/lib/ext/sunjce_provider.jar
file:/root/.sdkman/candidates/java/8.0.333.fx-librca/jre/lib/ext/nashorn.jar
[MASTER] 13:40:31.771 [logback-1] WARN  JUnitAnalyzer - Found unstable test named initializationError -> class java.lang.RuntimeException: Cannot find either the compilation target folder nor the EvoSuite jar in classpath: /tmp/EvoSuite_pathingJar1250079161392612262.jar
Going to execute: handleTestsThatAreUnstable
* Compiling Tests
** Write a test suite: 0 called: 0 to improve: false
[MASTER] 13:40:31.819 [logback-1] WARN  AgentLoader - Failed to find EvoSuite jar in current classloader. URLs of classloader:
file:/root/.sdkman/candidates/java/8.0.333.fx-librca/jre/../lib/tools.jar
file:/root/.sdkman/candidates/java/8.0.333.fx-librca/jre/lib/ext/cldrdata.jar
file:/root/.sdkman/candidates/java/8.0.333.fx-librca/jre/lib/ext/sunec.jar
file:/root/.sdkman/candidates/java/8.0.333.fx-librca/jre/lib/ext/localedata.jar
file:/tmp/EvoSuite_pathingJar1250079161392612262.jar
file:/root/.sdkman/candidates/java/8.0.333.fx-librca/jre/lib/ext/jaccess.jar
file:/root/.sdkman/candidates/java/8.0.333.fx-librca/jre/lib/ext/dnsns.jar
file:/root/.sdkman/candidates/java/8.0.333.fx-librca/jre/lib/ext/sunpkcs11.jar
file:/root/.sdkman/candidates/java/8.0.333.fx-librca/jre/lib/ext/zipfs.jar
file:/root/.sdkman/candidates/java/8.0.333.fx-librca/jre/lib/ext/jfxrt.jar
file:/root/.sdkman/candidates/java/8.0.333.fx-librca/jre/lib/ext/sunjce_provider.jar
file:/root/.sdkman/candidates/java/8.0.333.fx-librca/jre/lib/ext/nashorn.jar
[MASTER] 13:40:31.820 [logback-1] WARN  JUnitAnalyzer - Found unstable test named initializationError -> class java.lang.RuntimeException: Cannot find either the compilation target folder nor the EvoSuite jar in classpath: /tmp/EvoSuite_pathingJar1250079161392612262.jar
Going to execute: handleTestsThatAreUnstable
* Compiling Tests
[MASTER] 13:40:31.880 [logback-1] WARN  AgentLoader - Failed to find EvoSuite jar in current classloader. URLs of classloader:
file:/root/.sdkman/candidates/java/8.0.333.fx-librca/jre/../lib/tools.jar
file:/root/.sdkman/candidates/java/8.0.333.fx-librca/jre/lib/ext/cldrdata.jar
file:/root/.sdkman/candidates/java/8.0.333.fx-librca/jre/lib/ext/sunec.jar
file:/root/.sdkman/candidates/java/8.0.333.fx-librca/jre/lib/ext/localedata.jar
file:/tmp/EvoSuite_pathingJar1250079161392612262.jar
file:/root/.sdkman/candidates/java/8.0.333.fx-librca/jre/lib/ext/jaccess.jar
file:/root/.sdkman/candidates/java/8.0.333.fx-librca/jre/lib/ext/dnsns.jar
file:/root/.sdkman/candidates/java/8.0.333.fx-librca/jre/lib/ext/sunpkcs11.jar
file:/root/.sdkman/candidates/java/8.0.333.fx-librca/jre/lib/ext/zipfs.jar
file:/root/.sdkman/candidates/java/8.0.333.fx-librca/jre/lib/ext/jfxrt.jar
file:/root/.sdkman/candidates/java/8.0.333.fx-librca/jre/lib/ext/sunjce_provider.jar
file:/root/.sdkman/candidates/java/8.0.333.fx-librca/jre/lib/ext/nashorn.jar
[MASTER] 13:40:31.882 [logback-1] WARN  JUnitAnalyzer - Found unstable test named initializationError -> class java.lang.RuntimeException: Cannot find either the compilation target folder nor the EvoSuite jar in classpath: /tmp/EvoSuite_pathingJar1250079161392612262.jar
Going to execute: handleTestsThatAreUnstable
* Compiling Tests
[MASTER] 13:40:31.930 [logback-1] WARN  AgentLoader - Failed to find EvoSuite jar in current classloader. URLs of classloader:
file:/root/.sdkman/candidates/java/8.0.333.fx-librca/jre/../lib/tools.jar
file:/root/.sdkman/candidates/java/8.0.333.fx-librca/jre/lib/ext/cldrdata.jar
file:/root/.sdkman/candidates/java/8.0.333.fx-librca/jre/lib/ext/sunec.jar
file:/root/.sdkman/candidates/java/8.0.333.fx-librca/jre/lib/ext/localedata.jar
file:/tmp/EvoSuite_pathingJar1250079161392612262.jar
file:/root/.sdkman/candidates/java/8.0.333.fx-librca/jre/lib/ext/jaccess.jar
file:/root/.sdkman/candidates/java/8.0.333.fx-librca/jre/lib/ext/dnsns.jar
file:/root/.sdkman/candidates/java/8.0.333.fx-librca/jre/lib/ext/sunpkcs11.jar
file:/root/.sdkman/candidates/java/8.0.333.fx-librca/jre/lib/ext/zipfs.jar
file:/root/.sdkman/candidates/java/8.0.333.fx-librca/jre/lib/ext/jfxrt.jar
file:/root/.sdkman/candidates/java/8.0.333.fx-librca/jre/lib/ext/sunjce_provider.jar
file:/root/.sdkman/candidates/java/8.0.333.fx-librca/jre/lib/ext/nashorn.jar
[MASTER] 13:40:31.931 [logback-1] WARN  JUnitAnalyzer - Found unstable test named initializationError -> class java.lang.RuntimeException: Cannot find either the compilation target folder nor the EvoSuite jar in classpath: /tmp/EvoSuite_pathingJar1250079161392612262.jar
Going to execute: handleTestsThatAreUnstable
* Compiling Tests
[MASTER] 13:40:31.983 [logback-1] WARN  AgentLoader - Failed to find EvoSuite jar in current classloader. URLs of classloader:
file:/root/.sdkman/candidates/java/8.0.333.fx-librca/jre/../lib/tools.jar
file:/root/.sdkman/candidates/java/8.0.333.fx-librca/jre/lib/ext/cldrdata.jar
file:/root/.sdkman/candidates/java/8.0.333.fx-librca/jre/lib/ext/sunec.jar
file:/root/.sdkman/candidates/java/8.0.333.fx-librca/jre/lib/ext/localedata.jar
file:/tmp/EvoSuite_pathingJar1250079161392612262.jar
file:/root/.sdkman/candidates/java/8.0.333.fx-librca/jre/lib/ext/jaccess.jar
file:/root/.sdkman/candidates/java/8.0.333.fx-librca/jre/lib/ext/dnsns.jar
file:/root/.sdkman/candidates/java/8.0.333.fx-librca/jre/lib/ext/sunpkcs11.jar
file:/root/.sdkman/candidates/java/8.0.333.fx-librca/jre/lib/ext/zipfs.jar
file:/root/.sdkman/candidates/java/8.0.333.fx-librca/jre/lib/ext/jfxrt.jar
file:/root/.sdkman/candidates/java/8.0.333.fx-librca/jre/lib/ext/sunjce_provider.jar
file:/root/.sdkman/candidates/java/8.0.333.fx-librca/jre/lib/ext/nashorn.jar
[MASTER] 13:40:31.984 [logback-1] WARN  JUnitAnalyzer - Found unstable test named initializationError -> class java.lang.RuntimeException: Cannot find either the compilation target folder nor the EvoSuite jar in classpath: /tmp/EvoSuite_pathingJar1250079161392612262.jar
Going to execute: handleTestsThatAreUnstable
* Compiling Tests
[MASTER] 13:40:32.043 [logback-1] WARN  AgentLoader - Failed to find EvoSuite jar in current classloader. URLs of classloader:
file:/root/.sdkman/candidates/java/8.0.333.fx-librca/jre/../lib/tools.jar
file:/root/.sdkman/candidates/java/8.0.333.fx-librca/jre/lib/ext/cldrdata.jar
file:/root/.sdkman/candidates/java/8.0.333.fx-librca/jre/lib/ext/sunec.jar
file:/root/.sdkman/candidates/java/8.0.333.fx-librca/jre/lib/ext/localedata.jar
file:/tmp/EvoSuite_pathingJar1250079161392612262.jar
file:/root/.sdkman/candidates/java/8.0.333.fx-librca/jre/lib/ext/jaccess.jar
file:/root/.sdkman/candidates/java/8.0.333.fx-librca/jre/lib/ext/dnsns.jar
file:/root/.sdkman/candidates/java/8.0.333.fx-librca/jre/lib/ext/sunpkcs11.jar
file:/root/.sdkman/candidates/java/8.0.333.fx-librca/jre/lib/ext/zipfs.jar
file:/root/.sdkman/candidates/java/8.0.333.fx-librca/jre/lib/ext/jfxrt.jar
file:/root/.sdkman/candidates/java/8.0.333.fx-librca/jre/lib/ext/sunjce_provider.jar
file:/root/.sdkman/candidates/java/8.0.333.fx-librca/jre/lib/ext/nashorn.jar
[MASTER] 13:40:32.045 [logback-1] WARN  JUnitAnalyzer - Found unstable test named initializationError -> class java.lang.RuntimeException: Cannot find either the compilation target folder nor the EvoSuite jar in classpath: /tmp/EvoSuite_pathingJar1250079161392612262.jar
Going to execute: handleTestsThatAreUnstable
* Compiling Tests
[MASTER] 13:40:32.098 [logback-1] WARN  AgentLoader - Failed to find EvoSuite jar in current classloader. URLs of classloader:
file:/root/.sdkman/candidates/java/8.0.333.fx-librca/jre/../lib/tools.jar
file:/root/.sdkman/candidates/java/8.0.333.fx-librca/jre/lib/ext/cldrdata.jar
file:/root/.sdkman/candidates/java/8.0.333.fx-librca/jre/lib/ext/sunec.jar
file:/root/.sdkman/candidates/java/8.0.333.fx-librca/jre/lib/ext/localedata.jar
file:/tmp/EvoSuite_pathingJar1250079161392612262.jar
file:/root/.sdkman/candidates/java/8.0.333.fx-librca/jre/lib/ext/jaccess.jar
file:/root/.sdkman/candidates/java/8.0.333.fx-librca/jre/lib/ext/dnsns.jar
file:/root/.sdkman/candidates/java/8.0.333.fx-librca/jre/lib/ext/sunpkcs11.jar
file:/root/.sdkman/candidates/java/8.0.333.fx-librca/jre/lib/ext/zipfs.jar
file:/root/.sdkman/candidates/java/8.0.333.fx-librca/jre/lib/ext/jfxrt.jar
file:/root/.sdkman/candidates/java/8.0.333.fx-librca/jre/lib/ext/sunjce_provider.jar
file:/root/.sdkman/candidates/java/8.0.333.fx-librca/jre/lib/ext/nashorn.jar
[MASTER] 13:40:32.100 [logback-1] WARN  JUnitAnalyzer - Found unstable test named initializationError -> class java.lang.RuntimeException: Cannot find either the compilation target folder nor the EvoSuite jar in classpath: /tmp/EvoSuite_pathingJar1250079161392612262.jar
Going to execute: handleTestsThatAreUnstable
* Compiling Tests
[MASTER] 13:40:32.155 [logback-1] WARN  AgentLoader - Failed to find EvoSuite jar in current classloader. URLs of classloader:
file:/root/.sdkman/candidates/java/8.0.333.fx-librca/jre/../lib/tools.jar
file:/root/.sdkman/candidates/java/8.0.333.fx-librca/jre/lib/ext/cldrdata.jar
file:/root/.sdkman/candidates/java/8.0.333.fx-librca/jre/lib/ext/sunec.jar
file:/root/.sdkman/candidates/java/8.0.333.fx-librca/jre/lib/ext/localedata.jar
file:/tmp/EvoSuite_pathingJar1250079161392612262.jar
file:/root/.sdkman/candidates/java/8.0.333.fx-librca/jre/lib/ext/jaccess.jar
file:/root/.sdkman/candidates/java/8.0.333.fx-librca/jre/lib/ext/dnsns.jar
file:/root/.sdkman/candidates/java/8.0.333.fx-librca/jre/lib/ext/sunpkcs11.jar
file:/root/.sdkman/candidates/java/8.0.333.fx-librca/jre/lib/ext/zipfs.jar
file:/root/.sdkman/candidates/java/8.0.333.fx-librca/jre/lib/ext/jfxrt.jar
file:/root/.sdkman/candidates/java/8.0.333.fx-librca/jre/lib/ext/sunjce_provider.jar
file:/root/.sdkman/candidates/java/8.0.333.fx-librca/jre/lib/ext/nashorn.jar
[MASTER] 13:40:32.156 [logback-1] WARN  JUnitAnalyzer - Found unstable test named initializationError -> class java.lang.RuntimeException: Cannot find either the compilation target folder nor the EvoSuite jar in classpath: /tmp/EvoSuite_pathingJar1250079161392612262.jar
Going to execute: handleTestsThatAreUnstable
* Compiling Tests
** Write a test suite: 0 called: 0 to improve: false
[MASTER] 13:40:32.221 [logback-1] WARN  AgentLoader - Failed to find EvoSuite jar in current classloader. URLs of classloader:
file:/root/.sdkman/candidates/java/8.0.333.fx-librca/jre/../lib/tools.jar
file:/root/.sdkman/candidates/java/8.0.333.fx-librca/jre/lib/ext/cldrdata.jar
file:/root/.sdkman/candidates/java/8.0.333.fx-librca/jre/lib/ext/sunec.jar
file:/root/.sdkman/candidates/java/8.0.333.fx-librca/jre/lib/ext/localedata.jar
file:/tmp/EvoSuite_pathingJar1250079161392612262.jar
file:/root/.sdkman/candidates/java/8.0.333.fx-librca/jre/lib/ext/jaccess.jar
file:/root/.sdkman/candidates/java/8.0.333.fx-librca/jre/lib/ext/dnsns.jar
file:/root/.sdkman/candidates/java/8.0.333.fx-librca/jre/lib/ext/sunpkcs11.jar
file:/root/.sdkman/candidates/java/8.0.333.fx-librca/jre/lib/ext/zipfs.jar
file:/root/.sdkman/candidates/java/8.0.333.fx-librca/jre/lib/ext/jfxrt.jar
file:/root/.sdkman/candidates/java/8.0.333.fx-librca/jre/lib/ext/sunjce_provider.jar
file:/root/.sdkman/candidates/java/8.0.333.fx-librca/jre/lib/ext/nashorn.jar
[MASTER] 13:40:32.223 [logback-1] WARN  JUnitAnalyzer - Found unstable test named initializationError -> class java.lang.RuntimeException: Cannot find either the compilation target folder nor the EvoSuite jar in classpath: /tmp/EvoSuite_pathingJar1250079161392612262.jar
Going to execute: handleTestsThatAreUnstable
* Compiling Tests
** Write a test suite: 0 called: 0 to improve: false
[MASTER] 13:40:32.270 [logback-1] WARN  AgentLoader - Failed to find EvoSuite jar in current classloader. URLs of classloader:
file:/root/.sdkman/candidates/java/8.0.333.fx-librca/jre/../lib/tools.jar
file:/root/.sdkman/candidates/java/8.0.333.fx-librca/jre/lib/ext/cldrdata.jar
file:/root/.sdkman/candidates/java/8.0.333.fx-librca/jre/lib/ext/sunec.jar
file:/root/.sdkman/candidates/java/8.0.333.fx-librca/jre/lib/ext/localedata.jar
file:/tmp/EvoSuite_pathingJar1250079161392612262.jar
file:/root/.sdkman/candidates/java/8.0.333.fx-librca/jre/lib/ext/jaccess.jar
file:/root/.sdkman/candidates/java/8.0.333.fx-librca/jre/lib/ext/dnsns.jar
file:/root/.sdkman/candidates/java/8.0.333.fx-librca/jre/lib/ext/sunpkcs11.jar
file:/root/.sdkman/candidates/java/8.0.333.fx-librca/jre/lib/ext/zipfs.jar
file:/root/.sdkman/candidates/java/8.0.333.fx-librca/jre/lib/ext/jfxrt.jar
file:/root/.sdkman/candidates/java/8.0.333.fx-librca/jre/lib/ext/sunjce_provider.jar
file:/root/.sdkman/candidates/java/8.0.333.fx-librca/jre/lib/ext/nashorn.jar
[MASTER] 13:40:32.272 [logback-1] WARN  JUnitAnalyzer - Found unstable test named initializationError -> class java.lang.RuntimeException: Cannot find either the compilation target folder nor the EvoSuite jar in classpath: /tmp/EvoSuite_pathingJar1250079161392612262.jar
Going to execute: handleTestsThatAreUnstable
* Compiling Tests
[MASTER] 13:40:32.318 [logback-1] WARN  AgentLoader - Failed to find EvoSuite jar in current classloader. URLs of classloader:
file:/root/.sdkman/candidates/java/8.0.333.fx-librca/jre/../lib/tools.jar
file:/root/.sdkman/candidates/java/8.0.333.fx-librca/jre/lib/ext/cldrdata.jar
file:/root/.sdkman/candidates/java/8.0.333.fx-librca/jre/lib/ext/sunec.jar
file:/root/.sdkman/candidates/java/8.0.333.fx-librca/jre/lib/ext/localedata.jar
file:/tmp/EvoSuite_pathingJar1250079161392612262.jar
file:/root/.sdkman/candidates/java/8.0.333.fx-librca/jre/lib/ext/jaccess.jar
file:/root/.sdkman/candidates/java/8.0.333.fx-librca/jre/lib/ext/dnsns.jar
file:/root/.sdkman/candidates/java/8.0.333.fx-librca/jre/lib/ext/sunpkcs11.jar
file:/root/.sdkman/candidates/java/8.0.333.fx-librca/jre/lib/ext/zipfs.jar
file:/root/.sdkman/candidates/java/8.0.333.fx-librca/jre/lib/ext/jfxrt.jar
file:/root/.sdkman/candidates/java/8.0.333.fx-librca/jre/lib/ext/sunjce_provider.jar
file:/root/.sdkman/candidates/java/8.0.333.fx-librca/jre/lib/ext/nashorn.jar
[MASTER] 13:40:32.319 [logback-1] WARN  JUnitAnalyzer - Found unstable test named initializationError -> class java.lang.RuntimeException: Cannot find either the compilation target folder nor the EvoSuite jar in classpath: /tmp/EvoSuite_pathingJar1250079161392612262.jar
Going to execute: handleTestsThatAreUnstable
* Compiling Tests
** Write a test suite: 0 called: 0 to improve: false
[MASTER] 13:40:32.366 [logback-1] WARN  AgentLoader - Failed to find EvoSuite jar in current classloader. URLs of classloader:
file:/root/.sdkman/candidates/java/8.0.333.fx-librca/jre/../lib/tools.jar
file:/root/.sdkman/candidates/java/8.0.333.fx-librca/jre/lib/ext/cldrdata.jar
file:/root/.sdkman/candidates/java/8.0.333.fx-librca/jre/lib/ext/sunec.jar
file:/root/.sdkman/candidates/java/8.0.333.fx-librca/jre/lib/ext/localedata.jar
file:/tmp/EvoSuite_pathingJar1250079161392612262.jar
file:/root/.sdkman/candidates/java/8.0.333.fx-librca/jre/lib/ext/jaccess.jar
file:/root/.sdkman/candidates/java/8.0.333.fx-librca/jre/lib/ext/dnsns.jar
file:/root/.sdkman/candidates/java/8.0.333.fx-librca/jre/lib/ext/sunpkcs11.jar
file:/root/.sdkman/candidates/java/8.0.333.fx-librca/jre/lib/ext/zipfs.jar
file:/root/.sdkman/candidates/java/8.0.333.fx-librca/jre/lib/ext/jfxrt.jar
file:/root/.sdkman/candidates/java/8.0.333.fx-librca/jre/lib/ext/sunjce_provider.jar
file:/root/.sdkman/candidates/java/8.0.333.fx-librca/jre/lib/ext/nashorn.jar
[MASTER] 13:40:32.367 [logback-1] WARN  JUnitAnalyzer - Found unstable test named initializationError -> class java.lang.RuntimeException: Cannot find either the compilation target folder nor the EvoSuite jar in classpath: /tmp/EvoSuite_pathingJar1250079161392612262.jar
Going to execute: handleTestsThatAreUnstable
* Compiling Tests
** Write a test suite: 0 called: 0 to improve: false
[MASTER] 13:40:32.429 [logback-1] WARN  AgentLoader - Failed to find EvoSuite jar in current classloader. URLs of classloader:
file:/root/.sdkman/candidates/java/8.0.333.fx-librca/jre/../lib/tools.jar
file:/root/.sdkman/candidates/java/8.0.333.fx-librca/jre/lib/ext/cldrdata.jar
file:/root/.sdkman/candidates/java/8.0.333.fx-librca/jre/lib/ext/sunec.jar
file:/root/.sdkman/candidates/java/8.0.333.fx-librca/jre/lib/ext/localedata.jar
file:/tmp/EvoSuite_pathingJar1250079161392612262.jar
file:/root/.sdkman/candidates/java/8.0.333.fx-librca/jre/lib/ext/jaccess.jar
file:/root/.sdkman/candidates/java/8.0.333.fx-librca/jre/lib/ext/dnsns.jar
file:/root/.sdkman/candidates/java/8.0.333.fx-librca/jre/lib/ext/sunpkcs11.jar
file:/root/.sdkman/candidates/java/8.0.333.fx-librca/jre/lib/ext/zipfs.jar
file:/root/.sdkman/candidates/java/8.0.333.fx-librca/jre/lib/ext/jfxrt.jar
file:/root/.sdkman/candidates/java/8.0.333.fx-librca/jre/lib/ext/sunjce_provider.jar
file:/root/.sdkman/candidates/java/8.0.333.fx-librca/jre/lib/ext/nashorn.jar
[MASTER] 13:40:32.430 [logback-1] WARN  JUnitAnalyzer - Found unstable test named initializationError -> class java.lang.RuntimeException: Cannot find either the compilation target folder nor the EvoSuite jar in classpath: /tmp/EvoSuite_pathingJar1250079161392612262.jar
Going to execute: handleTestsThatAreUnstable
* Compiling Tests
[MASTER] 13:40:32.487 [logback-1] WARN  AgentLoader - Failed to find EvoSuite jar in current classloader. URLs of classloader:
file:/root/.sdkman/candidates/java/8.0.333.fx-librca/jre/../lib/tools.jar
file:/root/.sdkman/candidates/java/8.0.333.fx-librca/jre/lib/ext/cldrdata.jar
file:/root/.sdkman/candidates/java/8.0.333.fx-librca/jre/lib/ext/sunec.jar
file:/root/.sdkman/candidates/java/8.0.333.fx-librca/jre/lib/ext/localedata.jar
file:/tmp/EvoSuite_pathingJar1250079161392612262.jar
file:/root/.sdkman/candidates/java/8.0.333.fx-librca/jre/lib/ext/jaccess.jar
file:/root/.sdkman/candidates/java/8.0.333.fx-librca/jre/lib/ext/dnsns.jar
file:/root/.sdkman/candidates/java/8.0.333.fx-librca/jre/lib/ext/sunpkcs11.jar
file:/root/.sdkman/candidates/java/8.0.333.fx-librca/jre/lib/ext/zipfs.jar
file:/root/.sdkman/candidates/java/8.0.333.fx-librca/jre/lib/ext/jfxrt.jar
file:/root/.sdkman/candidates/java/8.0.333.fx-librca/jre/lib/ext/sunjce_provider.jar
file:/root/.sdkman/candidates/java/8.0.333.fx-librca/jre/lib/ext/nashorn.jar
[MASTER] 13:40:32.488 [logback-1] WARN  JUnitAnalyzer - Found unstable test named initializationError -> class java.lang.RuntimeException: Cannot find either the compilation target folder nor the EvoSuite jar in classpath: /tmp/EvoSuite_pathingJar1250079161392612262.jar
Going to execute: handleTestsThatAreUnstable
* Compiling Tests
[MASTER] 13:40:32.551 [logback-1] WARN  AgentLoader - Failed to find EvoSuite jar in current classloader. URLs of classloader:
file:/root/.sdkman/candidates/java/8.0.333.fx-librca/jre/../lib/tools.jar
file:/root/.sdkman/candidates/java/8.0.333.fx-librca/jre/lib/ext/cldrdata.jar
file:/root/.sdkman/candidates/java/8.0.333.fx-librca/jre/lib/ext/sunec.jar
file:/root/.sdkman/candidates/java/8.0.333.fx-librca/jre/lib/ext/localedata.jar
file:/tmp/EvoSuite_pathingJar1250079161392612262.jar
file:/root/.sdkman/candidates/java/8.0.333.fx-librca/jre/lib/ext/jaccess.jar
file:/root/.sdkman/candidates/java/8.0.333.fx-librca/jre/lib/ext/dnsns.jar
file:/root/.sdkman/candidates/java/8.0.333.fx-librca/jre/lib/ext/sunpkcs11.jar
file:/root/.sdkman/candidates/java/8.0.333.fx-librca/jre/lib/ext/zipfs.jar
file:/root/.sdkman/candidates/java/8.0.333.fx-librca/jre/lib/ext/jfxrt.jar
file:/root/.sdkman/candidates/java/8.0.333.fx-librca/jre/lib/ext/sunjce_provider.jar
file:/root/.sdkman/candidates/java/8.0.333.fx-librca/jre/lib/ext/nashorn.jar
[MASTER] 13:40:32.552 [logback-1] WARN  JUnitAnalyzer - Found unstable test named initializationError -> class java.lang.RuntimeException: Cannot find either the compilation target folder nor the EvoSuite jar in classpath: /tmp/EvoSuite_pathingJar1250079161392612262.jar
Going to execute: handleTestsThatAreUnstable
* Compiling Tests
[MASTER] 13:40:32.605 [logback-1] WARN  AgentLoader - Failed to find EvoSuite jar in current classloader. URLs of classloader:
file:/root/.sdkman/candidates/java/8.0.333.fx-librca/jre/../lib/tools.jar
file:/root/.sdkman/candidates/java/8.0.333.fx-librca/jre/lib/ext/cldrdata.jar
file:/root/.sdkman/candidates/java/8.0.333.fx-librca/jre/lib/ext/sunec.jar
file:/root/.sdkman/candidates/java/8.0.333.fx-librca/jre/lib/ext/localedata.jar
file:/tmp/EvoSuite_pathingJar1250079161392612262.jar
file:/root/.sdkman/candidates/java/8.0.333.fx-librca/jre/lib/ext/jaccess.jar
file:/root/.sdkman/candidates/java/8.0.333.fx-librca/jre/lib/ext/dnsns.jar
file:/root/.sdkman/candidates/java/8.0.333.fx-librca/jre/lib/ext/sunpkcs11.jar
file:/root/.sdkman/candidates/java/8.0.333.fx-librca/jre/lib/ext/zipfs.jar
file:/root/.sdkman/candidates/java/8.0.333.fx-librca/jre/lib/ext/jfxrt.jar
file:/root/.sdkman/candidates/java/8.0.333.fx-librca/jre/lib/ext/sunjce_provider.jar
file:/root/.sdkman/candidates/java/8.0.333.fx-librca/jre/lib/ext/nashorn.jar
[MASTER] 13:40:32.607 [logback-1] WARN  JUnitAnalyzer - Found unstable test named initializationError -> class java.lang.RuntimeException: Cannot find either the compilation target folder nor the EvoSuite jar in classpath: /tmp/EvoSuite_pathingJar1250079161392612262.jar
Going to execute: handleTestsThatAreUnstable
* Compiling Tests
[MASTER] 13:40:32.668 [logback-1] WARN  AgentLoader - Failed to find EvoSuite jar in current classloader. URLs of classloader:
file:/root/.sdkman/candidates/java/8.0.333.fx-librca/jre/../lib/tools.jar
file:/root/.sdkman/candidates/java/8.0.333.fx-librca/jre/lib/ext/cldrdata.jar
file:/root/.sdkman/candidates/java/8.0.333.fx-librca/jre/lib/ext/sunec.jar
file:/root/.sdkman/candidates/java/8.0.333.fx-librca/jre/lib/ext/localedata.jar
file:/tmp/EvoSuite_pathingJar1250079161392612262.jar
file:/root/.sdkman/candidates/java/8.0.333.fx-librca/jre/lib/ext/jaccess.jar
file:/root/.sdkman/candidates/java/8.0.333.fx-librca/jre/lib/ext/dnsns.jar
file:/root/.sdkman/candidates/java/8.0.333.fx-librca/jre/lib/ext/sunpkcs11.jar
file:/root/.sdkman/candidates/java/8.0.333.fx-librca/jre/lib/ext/zipfs.jar
file:/root/.sdkman/candidates/java/8.0.333.fx-librca/jre/lib/ext/jfxrt.jar
file:/root/.sdkman/candidates/java/8.0.333.fx-librca/jre/lib/ext/sunjce_provider.jar
file:/root/.sdkman/candidates/java/8.0.333.fx-librca/jre/lib/ext/nashorn.jar
[MASTER] 13:40:32.671 [logback-1] WARN  JUnitAnalyzer - Found unstable test named initializationError -> class java.lang.RuntimeException: Cannot find either the compilation target folder nor the EvoSuite jar in classpath: /tmp/EvoSuite_pathingJar1250079161392612262.jar
Going to execute: handleTestsThatAreUnstable
* Compiling Tests
[MASTER] 13:40:32.723 [logback-1] WARN  AgentLoader - Failed to find EvoSuite jar in current classloader. URLs of classloader:
file:/root/.sdkman/candidates/java/8.0.333.fx-librca/jre/../lib/tools.jar
file:/root/.sdkman/candidates/java/8.0.333.fx-librca/jre/lib/ext/cldrdata.jar
file:/root/.sdkman/candidates/java/8.0.333.fx-librca/jre/lib/ext/sunec.jar
file:/root/.sdkman/candidates/java/8.0.333.fx-librca/jre/lib/ext/localedata.jar
file:/tmp/EvoSuite_pathingJar1250079161392612262.jar
file:/root/.sdkman/candidates/java/8.0.333.fx-librca/jre/lib/ext/jaccess.jar
file:/root/.sdkman/candidates/java/8.0.333.fx-librca/jre/lib/ext/dnsns.jar
file:/root/.sdkman/candidates/java/8.0.333.fx-librca/jre/lib/ext/sunpkcs11.jar
file:/root/.sdkman/candidates/java/8.0.333.fx-librca/jre/lib/ext/zipfs.jar
file:/root/.sdkman/candidates/java/8.0.333.fx-librca/jre/lib/ext/jfxrt.jar
file:/root/.sdkman/candidates/java/8.0.333.fx-librca/jre/lib/ext/sunjce_provider.jar
file:/root/.sdkman/candidates/java/8.0.333.fx-librca/jre/lib/ext/nashorn.jar
[MASTER] 13:40:32.724 [logback-1] WARN  JUnitAnalyzer - Found unstable test named initializationError -> class java.lang.RuntimeException: Cannot find either the compilation target folder nor the EvoSuite jar in classpath: /tmp/EvoSuite_pathingJar1250079161392612262.jar
Going to execute: handleTestsThatAreUnstable
* Compiling Tests
** Write a test suite: 4 called: 0 to improve: false
** Write a test suite: 11 called: 1 to improve: false
** Write a test suite: 12 called: 2 to improve: false
** Write a test suite: 14 called: 3 to improve: false
** Write a test suite: 15 called: 4 to improve: false
[MASTER] 13:40:33.080 [logback-1] WARN  AgentLoader - Failed to find EvoSuite jar in current classloader. URLs of classloader:
file:/root/.sdkman/candidates/java/8.0.333.fx-librca/jre/../lib/tools.jar
file:/root/.sdkman/candidates/java/8.0.333.fx-librca/jre/lib/ext/cldrdata.jar
file:/root/.sdkman/candidates/java/8.0.333.fx-librca/jre/lib/ext/sunec.jar
file:/root/.sdkman/candidates/java/8.0.333.fx-librca/jre/lib/ext/localedata.jar
file:/tmp/EvoSuite_pathingJar1250079161392612262.jar
file:/root/.sdkman/candidates/java/8.0.333.fx-librca/jre/lib/ext/jaccess.jar
file:/root/.sdkman/candidates/java/8.0.333.fx-librca/jre/lib/ext/dnsns.jar
file:/root/.sdkman/candidates/java/8.0.333.fx-librca/jre/lib/ext/sunpkcs11.jar
file:/root/.sdkman/candidates/java/8.0.333.fx-librca/jre/lib/ext/zipfs.jar
file:/root/.sdkman/candidates/java/8.0.333.fx-librca/jre/lib/ext/jfxrt.jar
file:/root/.sdkman/candidates/java/8.0.333.fx-librca/jre/lib/ext/sunjce_provider.jar
file:/root/.sdkman/candidates/java/8.0.333.fx-librca/jre/lib/ext/nashorn.jar
[MASTER] 13:40:33.081 [logback-1] WARN  JUnitAnalyzer - Found unstable test named initializationError -> class java.lang.RuntimeException: Cannot find either the compilation target folder nor the EvoSuite jar in classpath: /tmp/EvoSuite_pathingJar1250079161392612262.jar
Going to execute: handleTestsThatAreUnstable
* Compiling Tests
** Write a test suite: 5 called: 0 to improve: false
** Write a test suite: 6 called: 1 to improve: false
** Write a test suite: 8 called: 2 to improve: false
** Write a test suite: 9 called: 3 to improve: false
** Write a test suite: 16 called: 4 to improve: false
[MASTER] 13:40:33.591 [logback-1] WARN  AgentLoader - Failed to find EvoSuite jar in current classloader. URLs of classloader:
file:/root/.sdkman/candidates/java/8.0.333.fx-librca/jre/../lib/tools.jar
file:/root/.sdkman/candidates/java/8.0.333.fx-librca/jre/lib/ext/cldrdata.jar
file:/root/.sdkman/candidates/java/8.0.333.fx-librca/jre/lib/ext/sunec.jar
file:/root/.sdkman/candidates/java/8.0.333.fx-librca/jre/lib/ext/localedata.jar
file:/tmp/EvoSuite_pathingJar1250079161392612262.jar
file:/root/.sdkman/candidates/java/8.0.333.fx-librca/jre/lib/ext/jaccess.jar
file:/root/.sdkman/candidates/java/8.0.333.fx-librca/jre/lib/ext/dnsns.jar
file:/root/.sdkman/candidates/java/8.0.333.fx-librca/jre/lib/ext/sunpkcs11.jar
file:/root/.sdkman/candidates/java/8.0.333.fx-librca/jre/lib/ext/zipfs.jar
file:/root/.sdkman/candidates/java/8.0.333.fx-librca/jre/lib/ext/jfxrt.jar
file:/root/.sdkman/candidates/java/8.0.333.fx-librca/jre/lib/ext/sunjce_provider.jar
file:/root/.sdkman/candidates/java/8.0.333.fx-librca/jre/lib/ext/nashorn.jar
[MASTER] 13:40:33.592 [logback-1] WARN  JUnitAnalyzer - Found unstable test named initializationError -> class java.lang.RuntimeException: Cannot find either the compilation target folder nor the EvoSuite jar in classpath: /tmp/EvoSuite_pathingJar1250079161392612262.jar
[MASTER] 13:40:33.958 [logback-1] WARN  TimeController - Already entered in phase: INLINING. This will mess up the timing calculations.
* test suite isTestSuite: 22
Test 0: 
JSJshop jSJshop = new JSJshop();
jSJshop.getTree();
Test 1: 
JSJshop jSJshop = new JSJshop();
// Undeclared exception!
try { 
  jSJshop.getAppletURL("", (JApplet) null);
  fail("Expecting exception: NullPointerException");

} catch(NullPointerException e) {
   //
   // no message in exception (getMessage() returned null)
   //
   verifyException("umd.cs.shop.JSJshop", e);
}

Test 2: 
JSJshop jSJshop = null;
try {
  jSJshop = new JSJshop(";vd;xD", (JSTaskAtom) null);
  fail("Expecting exception: NullPointerException");

} catch(NullPointerException e) {
   //
   // no message in exception (getMessage() returned null)
   //
   verifyException("umd.cs.shop.JSJshop", e);
}

Test 3: 
JSJshop jSJshop = new JSJshop();
jSJshop.getSolution();
Test 4: 
JSJshop jSJshop = new JSJshop();
jSJshop.sol();
Test 5: 
JSJshop jSJshop = new JSJshop();
jSJshop.tree();
Test 6: 
JSJshop jSJshop = new JSJshop();
jSJshop.prob();
Test 7: 
JSJshop jSJshop = new JSJshop();
jSJshop.dom();
Test 8: 
String[] stringArray = new String[0];
JSJshop.main(stringArray);
Test 9: 
String[] stringArray = new String[8];
JSJshop.main(stringArray);
Test 10: 
String[] stringArray = new String[4];
stringArray[2] = "one";
JSJshop.main(stringArray);
Test 11: 
String[] stringArray = new String[2];
stringArray[0] = "";
// Undeclared exception!
try { 
  JSJshop.main(stringArray);
  fail("Expecting exception: System.SystemExitException");

} catch(System.SystemExitException e) {
   //
   // no message in exception (getMessage() returned null)
   //
   verifyException("org.evosuite.runtime.System", e);
}

Test 12: 
JSJshop jSJshop = new JSJshop();
jSJshop.getAddList();
Test 13: 
JSJshop jSJshop = new JSJshop();
jSJshop.getDeleteList();
Test 14: 
EvoSuiteFile evoSuiteFile = new EvoSuiteFile("farp.shp");
FileSystemHandling.appendStringToFile(evoSuiteFile, "umd.cs.shop.jsjshop");
JSJshop jSJshop = new JSJshop();
jSJshop.testParser();
Test 15: 
JSJshop jSJshop = null;
try {
  jSJshop = new JSJshop("|g[vkgNnjF$Nq; ", "|g[vkgNnjF$Nq; ");
  fail("Expecting exception: System.SystemExitException");

} catch(System.SystemExitException e) {
   //
   // no message in exception (getMessage() returned null)
   //
   verifyException("org.evosuite.runtime.System", e);
}

Test 16: 
JSJshop jSJshop = new JSJshop();
jSJshop.getBufferedReader("", "", (JApplet) null);
Test 17: 
JSJshop jSJshop = new JSJshop();
jSJshop.getBufferedReader("|", (String) null, (JApplet) null);
Test 18: 
JSJshop jSJshop = new JSJshop();
PipedReader pipedReader = new PipedReader();
StreamTokenizer streamTokenizer = new StreamTokenizer(pipedReader);
// Undeclared exception!
try { 
  jSJshop.processToken(streamTokenizer);
  fail("Expecting exception: Error");

} catch(Error e) {
   //
   // no message in exception (getMessage() returned null)
   //
   verifyException("umd.cs.shop.JSJshop", e);
}

Test 19: 
JSJshop jSJshop = new JSJshop();
jSJshop.parserFile("umd.cs.shop.JSTasks");
Test 20: 
JSJshop jSJshop = new JSJshop();
// Undeclared exception!
try { 
  jSJshop.testParser();
  fail("Expecting exception: System.SystemExitException");

} catch(System.SystemExitException e) {
   //
   // no message in exception (getMessage() returned null)
   //
   verifyException("org.evosuite.runtime.System", e);
}

Test 21: 
JSJshop jSJshop = new JSJshop();
JSTaskAtom jSTaskAtom = new JSTaskAtom();
// Undeclared exception!
try { 
  jSJshop.setFile("[zwR6vXa+PTIi#8", jSTaskAtom);
  fail("Expecting exception: NullPointerException");

} catch(NullPointerException e) {
   //
   // no message in exception (getMessage() returned null)
   //
   verifyException("umd.cs.shop.JSJshop", e);
}


* Minimizing test suite
* test suite isTestSuite: 22
Test 0: 
JSJshop jSJshop = new JSJshop();
jSJshop.getTree();
Test 1: 
JSJshop jSJshop = new JSJshop();
// Undeclared exception!
try { 
  jSJshop.getAppletURL("", (JApplet) null);
  fail("Expecting exception: NullPointerException");

} catch(NullPointerException e) {
   //
   // no message in exception (getMessage() returned null)
   //
   verifyException("umd.cs.shop.JSJshop", e);
}

Test 2: 
JSJshop jSJshop = null;
try {
  jSJshop = new JSJshop(";vd;xD", (JSTaskAtom) null);
  fail("Expecting exception: NullPointerException");

} catch(NullPointerException e) {
   //
   // no message in exception (getMessage() returned null)
   //
   verifyException("umd.cs.shop.JSJshop", e);
}

Test 3: 
JSJshop jSJshop = new JSJshop();
jSJshop.getSolution();
Test 4: 
JSJshop jSJshop = new JSJshop();
jSJshop.sol();
Test 5: 
JSJshop jSJshop = new JSJshop();
jSJshop.tree();
Test 6: 
JSJshop jSJshop = new JSJshop();
jSJshop.prob();
Test 7: 
JSJshop jSJshop = new JSJshop();
jSJshop.dom();
Test 8: 
String[] stringArray = new String[0];
JSJshop.main(stringArray);
Test 9: 
String[] stringArray = new String[8];
JSJshop.main(stringArray);
Test 10: 
String[] stringArray = new String[2];
// Undeclared exception!
try { 
  JSJshop.main(stringArray);
  fail("Expecting exception: NullPointerException");

} catch(NullPointerException e) {
   //
   // no message in exception (getMessage() returned null)
   //
   verifyException("org.evosuite.runtime.mock.java.io.MockFileInputStream", e);
}

Test 11: 
String[] stringArray = new String[4];
stringArray[2] = "one";
JSJshop.main(stringArray);
Test 12: 
JSJshop jSJshop = null;
try {
  jSJshop = new JSJshop("|g[vkgNnjF$Nq; ", "|g[vkgNnjF$Nq; ");
  fail("Expecting exception: System.SystemExitException");

} catch(System.SystemExitException e) {
   //
   // no message in exception (getMessage() returned null)
   //
   verifyException("org.evosuite.runtime.System", e);
}

Test 13: 
JSJshop jSJshop = new JSJshop();
jSJshop.getAddList();
Test 14: 
JSJshop jSJshop = new JSJshop();
jSJshop.getDeleteList();
Test 15: 
EvoSuiteFile evoSuiteFile = new EvoSuiteFile("farp.shp");
FileSystemHandling.appendStringToFile(evoSuiteFile, "umd.cs.shop.jsjshop");
JSJshop jSJshop = new JSJshop();
jSJshop.testParser();
Test 16: 
JSJshop jSJshop = new JSJshop();
jSJshop.getBufferedReader("", "", (JApplet) null);
Test 17: 
JSJshop jSJshop = new JSJshop();
jSJshop.getBufferedReader("|", (String) null, (JApplet) null);
Test 18: 
JSJshop jSJshop = new JSJshop();
PipedReader pipedReader = new PipedReader();
StreamTokenizer streamTokenizer = new StreamTokenizer(pipedReader);
// Undeclared exception!
try { 
  jSJshop.processToken(streamTokenizer);
  fail("Expecting exception: Error");

} catch(Error e) {
   //
   // no message in exception (getMessage() returned null)
   //
   verifyException("umd.cs.shop.JSJshop", e);
}

Test 19: 
JSJshop jSJshop = new JSJshop();
jSJshop.parserFile("umd.cs.shop.JSTasks");
Test 20: 
JSJshop jSJshop = new JSJshop();
// Undeclared exception!
try { 
  jSJshop.testParser();
  fail("Expecting exception: System.SystemExitException");

} catch(System.SystemExitException e) {
   //
   // no message in exception (getMessage() returned null)
   //
   verifyException("org.evosuite.runtime.System", e);
}

Test 21: 
JSJshop jSJshop = new JSJshop();
JSTaskAtom jSTaskAtom = new JSTaskAtom();
// Undeclared exception!
try { 
  jSJshop.setFile("[zwR6vXa+PTIi#8", jSTaskAtom);
  fail("Expecting exception: NullPointerException");

} catch(NullPointerException e) {
   //
   // no message in exception (getMessage() returned null)
   //
   verifyException("umd.cs.shop.JSJshop", e);
}


[MASTER] 13:40:38.823 [logback-1] WARN  TimeController - Already entered in phase: MINIMIZATION. This will mess up the timing calculations.
* Going to analyze the coverage criteria
* Coverage analysis for criterion BRANCH
* Coverage of criterion BRANCH: 43%
* Total number of goals: 114
* Number of covered goals: 49
* Coverage analysis for criterion LINE
* Coverage of criterion LINE: 43%
* Total number of goals: 225
* Number of covered goals: 96
* Coverage analysis for criterion OUTPUT
* Coverage of criterion OUTPUT: 18%
* Total number of goals: 56
* Number of covered goals: 10
* Coverage analysis for criterion METHOD
* Coverage of criterion METHOD: 95%
* Total number of goals: 19
* Number of covered goals: 18
* Coverage analysis for criterion CBRANCH
* Coverage of criterion CBRANCH: 43%
* Total number of goals: 114
* Number of covered goals: 49
* Generated 22 tests with total length 48
* Resulting test suite's coverage: 49% (average coverage for all fitness functions)
* Generating assertions
[MASTER] 13:40:39.056 [logback-1] WARN  TimeController - Already entered in phase: COVERAGE_ANALYSIS. This will mess up the timing calculations.
* Resulting test suite's mutation score: 9%
* Compiling and checking tests
[MASTER] 13:40:43.126 [logback-1] WARN  TimeController - Already entered in phase: ASSERTION_GENERATION. This will mess up the timing calculations.
Going to execute: removeTestsThatDoNotCompile
* Compiling Tests
** Write a test suite: 0 called: 0 to improve: false
* Compiling Tests
** Write a test suite: 0 called: 0 to improve: false
* Compiling Tests
** Write a test suite: 0 called: 0 to improve: false
* Compiling Tests
** Write a test suite: 0 called: 0 to improve: false
* Compiling Tests
** Write a test suite: 0 called: 0 to improve: false
* Compiling Tests
** Write a test suite: 0 called: 0 to improve: false
* Compiling Tests
** Write a test suite: 0 called: 0 to improve: false
* Compiling Tests
** Write a test suite: 0 called: 0 to improve: false
* Compiling Tests
** Write a test suite: 0 called: 0 to improve: false
* Compiling Tests
** Write a test suite: 0 called: 0 to improve: false
* Compiling Tests
** Write a test suite: 0 called: 0 to improve: false
* Compiling Tests
** Write a test suite: 0 called: 0 to improve: false
* Compiling Tests
** Write a test suite: 0 called: 0 to improve: false
* Compiling Tests
** Write a test suite: 0 called: 0 to improve: false
* Compiling Tests
** Write a test suite: 0 called: 0 to improve: false
* Compiling Tests
** Write a test suite: 0 called: 0 to improve: false
* Compiling Tests
** Write a test suite: 0 called: 0 to improve: false
* Compiling Tests
** Write a test suite: 0 called: 0 to improve: false
* Compiling Tests
** Write a test suite: 0 called: 0 to improve: false
* Compiling Tests
** Write a test suite: 0 called: 0 to improve: false
* Compiling Tests
** Write a test suite: 0 called: 0 to improve: false
* Compiling Tests
** Write a test suite: 0 called: 0 to improve: false
Going to execute: handleTestsThatAreUnstable
* Compiling Tests
** Write a test suite: 0 called: 0 to improve: false
[MASTER] 13:40:44.546 [logback-1] WARN  AgentLoader - Failed to find EvoSuite jar in current classloader. URLs of classloader:
file:/root/.sdkman/candidates/java/8.0.333.fx-librca/jre/../lib/tools.jar
file:/root/.sdkman/candidates/java/8.0.333.fx-librca/jre/lib/ext/cldrdata.jar
file:/root/.sdkman/candidates/java/8.0.333.fx-librca/jre/lib/ext/sunec.jar
file:/root/.sdkman/candidates/java/8.0.333.fx-librca/jre/lib/ext/localedata.jar
file:/tmp/EvoSuite_pathingJar1250079161392612262.jar
file:/root/.sdkman/candidates/java/8.0.333.fx-librca/jre/lib/ext/jaccess.jar
file:/root/.sdkman/candidates/java/8.0.333.fx-librca/jre/lib/ext/dnsns.jar
file:/root/.sdkman/candidates/java/8.0.333.fx-librca/jre/lib/ext/sunpkcs11.jar
file:/root/.sdkman/candidates/java/8.0.333.fx-librca/jre/lib/ext/zipfs.jar
file:/root/.sdkman/candidates/java/8.0.333.fx-librca/jre/lib/ext/jfxrt.jar
file:/root/.sdkman/candidates/java/8.0.333.fx-librca/jre/lib/ext/sunjce_provider.jar
file:/root/.sdkman/candidates/java/8.0.333.fx-librca/jre/lib/ext/nashorn.jar
[MASTER] 13:40:44.552 [logback-1] WARN  JUnitAnalyzer - Found unstable test named initializationError -> class java.lang.RuntimeException: Cannot find either the compilation target folder nor the EvoSuite jar in classpath: /tmp/EvoSuite_pathingJar1250079161392612262.jar
Going to execute: handleTestsThatAreUnstable
* Compiling Tests
** Write a test suite: 0 called: 0 to improve: false
[MASTER] 13:40:44.593 [logback-1] WARN  AgentLoader - Failed to find EvoSuite jar in current classloader. URLs of classloader:
file:/root/.sdkman/candidates/java/8.0.333.fx-librca/jre/../lib/tools.jar
file:/root/.sdkman/candidates/java/8.0.333.fx-librca/jre/lib/ext/cldrdata.jar
file:/root/.sdkman/candidates/java/8.0.333.fx-librca/jre/lib/ext/sunec.jar
file:/root/.sdkman/candidates/java/8.0.333.fx-librca/jre/lib/ext/localedata.jar
file:/tmp/EvoSuite_pathingJar1250079161392612262.jar
file:/root/.sdkman/candidates/java/8.0.333.fx-librca/jre/lib/ext/jaccess.jar
file:/root/.sdkman/candidates/java/8.0.333.fx-librca/jre/lib/ext/dnsns.jar
file:/root/.sdkman/candidates/java/8.0.333.fx-librca/jre/lib/ext/sunpkcs11.jar
file:/root/.sdkman/candidates/java/8.0.333.fx-librca/jre/lib/ext/zipfs.jar
file:/root/.sdkman/candidates/java/8.0.333.fx-librca/jre/lib/ext/jfxrt.jar
file:/root/.sdkman/candidates/java/8.0.333.fx-librca/jre/lib/ext/sunjce_provider.jar
file:/root/.sdkman/candidates/java/8.0.333.fx-librca/jre/lib/ext/nashorn.jar
Going to execute: handleTestsThatAreUnstable
* Compiling Tests
** Write a test suite: 0 called: 0 to improve: false
[MASTER] 13:40:44.595 [logback-1] WARN  JUnitAnalyzer - Found unstable test named initializationError -> class java.lang.RuntimeException: Cannot find either the compilation target folder nor the EvoSuite jar in classpath: /tmp/EvoSuite_pathingJar1250079161392612262.jar
[MASTER] 13:40:44.634 [logback-1] WARN  AgentLoader - Failed to find EvoSuite jar in current classloader. URLs of classloader:
file:/root/.sdkman/candidates/java/8.0.333.fx-librca/jre/../lib/tools.jar
file:/root/.sdkman/candidates/java/8.0.333.fx-librca/jre/lib/ext/cldrdata.jar
file:/root/.sdkman/candidates/java/8.0.333.fx-librca/jre/lib/ext/sunec.jar
file:/root/.sdkman/candidates/java/8.0.333.fx-librca/jre/lib/ext/localedata.jar
file:/tmp/EvoSuite_pathingJar1250079161392612262.jar
file:/root/.sdkman/candidates/java/8.0.333.fx-librca/jre/lib/ext/jaccess.jar
file:/root/.sdkman/candidates/java/8.0.333.fx-librca/jre/lib/ext/dnsns.jar
file:/root/.sdkman/candidates/java/8.0.333.fx-librca/jre/lib/ext/sunpkcs11.jar
file:/root/.sdkman/candidates/java/8.0.333.fx-librca/jre/lib/ext/zipfs.jar
file:/root/.sdkman/candidates/java/8.0.333.fx-librca/jre/lib/ext/jfxrt.jar
file:/root/.sdkman/candidates/java/8.0.333.fx-librca/jre/lib/ext/sunjce_provider.jar
file:/root/.sdkman/candidates/java/8.0.333.fx-librca/jre/lib/ext/nashorn.jar
[MASTER] 13:40:44.635 [logback-1] WARN  JUnitAnalyzer - Found unstable test named initializationError -> class java.lang.RuntimeException: Cannot find either the compilation target folder nor the EvoSuite jar in classpath: /tmp/EvoSuite_pathingJar1250079161392612262.jar
Going to execute: handleTestsThatAreUnstable
* Compiling Tests
** Write a test suite: 0 called: 0 to improve: false
[MASTER] 13:40:44.700 [logback-1] WARN  AgentLoader - Failed to find EvoSuite jar in current classloader. URLs of classloader:
file:/root/.sdkman/candidates/java/8.0.333.fx-librca/jre/../lib/tools.jar
file:/root/.sdkman/candidates/java/8.0.333.fx-librca/jre/lib/ext/cldrdata.jar
file:/root/.sdkman/candidates/java/8.0.333.fx-librca/jre/lib/ext/sunec.jar
file:/root/.sdkman/candidates/java/8.0.333.fx-librca/jre/lib/ext/localedata.jar
file:/tmp/EvoSuite_pathingJar1250079161392612262.jar
file:/root/.sdkman/candidates/java/8.0.333.fx-librca/jre/lib/ext/jaccess.jar
file:/root/.sdkman/candidates/java/8.0.333.fx-librca/jre/lib/ext/dnsns.jar
file:/root/.sdkman/candidates/java/8.0.333.fx-librca/jre/lib/ext/sunpkcs11.jar
file:/root/.sdkman/candidates/java/8.0.333.fx-librca/jre/lib/ext/zipfs.jar
file:/root/.sdkman/candidates/java/8.0.333.fx-librca/jre/lib/ext/jfxrt.jar
file:/root/.sdkman/candidates/java/8.0.333.fx-librca/jre/lib/ext/sunjce_provider.jar
file:/root/.sdkman/candidates/java/8.0.333.fx-librca/jre/lib/ext/nashorn.jar
[MASTER] 13:40:44.701 [logback-1] WARN  JUnitAnalyzer - Found unstable test named initializationError -> class java.lang.RuntimeException: Cannot find either the compilation target folder nor the EvoSuite jar in classpath: /tmp/EvoSuite_pathingJar1250079161392612262.jar
Going to execute: handleTestsThatAreUnstable
* Compiling Tests
** Write a test suite: 0 called: 0 to improve: false
[MASTER] 13:40:44.735 [logback-1] WARN  AgentLoader - Failed to find EvoSuite jar in current classloader. URLs of classloader:
file:/root/.sdkman/candidates/java/8.0.333.fx-librca/jre/../lib/tools.jar
file:/root/.sdkman/candidates/java/8.0.333.fx-librca/jre/lib/ext/cldrdata.jar
file:/root/.sdkman/candidates/java/8.0.333.fx-librca/jre/lib/ext/sunec.jar
file:/root/.sdkman/candidates/java/8.0.333.fx-librca/jre/lib/ext/localedata.jar
file:/tmp/EvoSuite_pathingJar1250079161392612262.jar
file:/root/.sdkman/candidates/java/8.0.333.fx-librca/jre/lib/ext/jaccess.jar
file:/root/.sdkman/candidates/java/8.0.333.fx-librca/jre/lib/ext/dnsns.jar
file:/root/.sdkman/candidates/java/8.0.333.fx-librca/jre/lib/ext/sunpkcs11.jar
file:/root/.sdkman/candidates/java/8.0.333.fx-librca/jre/lib/ext/zipfs.jar
file:/root/.sdkman/candidates/java/8.0.333.fx-librca/jre/lib/ext/jfxrt.jar
file:/root/.sdkman/candidates/java/8.0.333.fx-librca/jre/lib/ext/sunjce_provider.jar
file:/root/.sdkman/candidates/java/8.0.333.fx-librca/jre/lib/ext/nashorn.jar
[MASTER] 13:40:44.737 [logback-1] WARN  JUnitAnalyzer - Found unstable test named initializationError -> class java.lang.RuntimeException: Cannot find either the compilation target folder nor the EvoSuite jar in classpath: /tmp/EvoSuite_pathingJar1250079161392612262.jar
Going to execute: handleTestsThatAreUnstable
* Compiling Tests
** Write a test suite: 0 called: 0 to improve: false
[MASTER] 13:40:44.776 [logback-1] WARN  AgentLoader - Failed to find EvoSuite jar in current classloader. URLs of classloader:
file:/root/.sdkman/candidates/java/8.0.333.fx-librca/jre/../lib/tools.jar
file:/root/.sdkman/candidates/java/8.0.333.fx-librca/jre/lib/ext/cldrdata.jar
file:/root/.sdkman/candidates/java/8.0.333.fx-librca/jre/lib/ext/sunec.jar
file:/root/.sdkman/candidates/java/8.0.333.fx-librca/jre/lib/ext/localedata.jar
file:/tmp/EvoSuite_pathingJar1250079161392612262.jar
file:/root/.sdkman/candidates/java/8.0.333.fx-librca/jre/lib/ext/jaccess.jar
file:/root/.sdkman/candidates/java/8.0.333.fx-librca/jre/lib/ext/dnsns.jar
file:/root/.sdkman/candidates/java/8.0.333.fx-librca/jre/lib/ext/sunpkcs11.jar
file:/root/.sdkman/candidates/java/8.0.333.fx-librca/jre/lib/ext/zipfs.jar
file:/root/.sdkman/candidates/java/8.0.333.fx-librca/jre/lib/ext/jfxrt.jar
file:/root/.sdkman/candidates/java/8.0.333.fx-librca/jre/lib/ext/sunjce_provider.jar
file:/root/.sdkman/candidates/java/8.0.333.fx-librca/jre/lib/ext/nashorn.jar
[MASTER] 13:40:44.777 [logback-1] WARN  JUnitAnalyzer - Found unstable test named initializationError -> class java.lang.RuntimeException: Cannot find either the compilation target folder nor the EvoSuite jar in classpath: /tmp/EvoSuite_pathingJar1250079161392612262.jar
Going to execute: handleTestsThatAreUnstable
* Compiling Tests
** Write a test suite: 0 called: 0 to improve: false
[MASTER] 13:40:44.813 [logback-1] WARN  AgentLoader - Failed to find EvoSuite jar in current classloader. URLs of classloader:
file:/root/.sdkman/candidates/java/8.0.333.fx-librca/jre/../lib/tools.jar
file:/root/.sdkman/candidates/java/8.0.333.fx-librca/jre/lib/ext/cldrdata.jar
file:/root/.sdkman/candidates/java/8.0.333.fx-librca/jre/lib/ext/sunec.jar
file:/root/.sdkman/candidates/java/8.0.333.fx-librca/jre/lib/ext/localedata.jar
file:/tmp/EvoSuite_pathingJar1250079161392612262.jar
file:/root/.sdkman/candidates/java/8.0.333.fx-librca/jre/lib/ext/jaccess.jar
file:/root/.sdkman/candidates/java/8.0.333.fx-librca/jre/lib/ext/dnsns.jar
file:/root/.sdkman/candidates/java/8.0.333.fx-librca/jre/lib/ext/sunpkcs11.jar
file:/root/.sdkman/candidates/java/8.0.333.fx-librca/jre/lib/ext/zipfs.jar
file:/root/.sdkman/candidates/java/8.0.333.fx-librca/jre/lib/ext/jfxrt.jar
file:/root/.sdkman/candidates/java/8.0.333.fx-librca/jre/lib/ext/sunjce_provider.jar
file:/root/.sdkman/candidates/java/8.0.333.fx-librca/jre/lib/ext/nashorn.jar
[MASTER] 13:40:44.814 [logback-1] WARN  JUnitAnalyzer - Found unstable test named initializationError -> class java.lang.RuntimeException: Cannot find either the compilation target folder nor the EvoSuite jar in classpath: /tmp/EvoSuite_pathingJar1250079161392612262.jar
Going to execute: handleTestsThatAreUnstable
* Compiling Tests
** Write a test suite: 0 called: 0 to improve: false
[MASTER] 13:40:44.854 [logback-1] WARN  AgentLoader - Failed to find EvoSuite jar in current classloader. URLs of classloader:
file:/root/.sdkman/candidates/java/8.0.333.fx-librca/jre/../lib/tools.jar
file:/root/.sdkman/candidates/java/8.0.333.fx-librca/jre/lib/ext/cldrdata.jar
file:/root/.sdkman/candidates/java/8.0.333.fx-librca/jre/lib/ext/sunec.jar
file:/root/.sdkman/candidates/java/8.0.333.fx-librca/jre/lib/ext/localedata.jar
file:/tmp/EvoSuite_pathingJar1250079161392612262.jar
file:/root/.sdkman/candidates/java/8.0.333.fx-librca/jre/lib/ext/jaccess.jar
file:/root/.sdkman/candidates/java/8.0.333.fx-librca/jre/lib/ext/dnsns.jar
file:/root/.sdkman/candidates/java/8.0.333.fx-librca/jre/lib/ext/sunpkcs11.jar
file:/root/.sdkman/candidates/java/8.0.333.fx-librca/jre/lib/ext/zipfs.jar
file:/root/.sdkman/candidates/java/8.0.333.fx-librca/jre/lib/ext/jfxrt.jar
file:/root/.sdkman/candidates/java/8.0.333.fx-librca/jre/lib/ext/sunjce_provider.jar
file:/root/.sdkman/candidates/java/8.0.333.fx-librca/jre/lib/ext/nashorn.jar
[MASTER] 13:40:44.856 [logback-1] WARN  JUnitAnalyzer - Found unstable test named initializationError -> class java.lang.RuntimeException: Cannot find either the compilation target folder nor the EvoSuite jar in classpath: /tmp/EvoSuite_pathingJar1250079161392612262.jar
Going to execute: handleTestsThatAreUnstable
* Compiling Tests
** Write a test suite: 0 called: 0 to improve: false
[MASTER] 13:40:44.897 [logback-1] WARN  AgentLoader - Failed to find EvoSuite jar in current classloader. URLs of classloader:
file:/root/.sdkman/candidates/java/8.0.333.fx-librca/jre/../lib/tools.jar
file:/root/.sdkman/candidates/java/8.0.333.fx-librca/jre/lib/ext/cldrdata.jar
file:/root/.sdkman/candidates/java/8.0.333.fx-librca/jre/lib/ext/sunec.jar
file:/root/.sdkman/candidates/java/8.0.333.fx-librca/jre/lib/ext/localedata.jar
file:/tmp/EvoSuite_pathingJar1250079161392612262.jar
file:/root/.sdkman/candidates/java/8.0.333.fx-librca/jre/lib/ext/jaccess.jar
file:/root/.sdkman/candidates/java/8.0.333.fx-librca/jre/lib/ext/dnsns.jar
file:/root/.sdkman/candidates/java/8.0.333.fx-librca/jre/lib/ext/sunpkcs11.jar
file:/root/.sdkman/candidates/java/8.0.333.fx-librca/jre/lib/ext/zipfs.jar
file:/root/.sdkman/candidates/java/8.0.333.fx-librca/jre/lib/ext/jfxrt.jar
file:/root/.sdkman/candidates/java/8.0.333.fx-librca/jre/lib/ext/sunjce_provider.jar
file:/root/.sdkman/candidates/java/8.0.333.fx-librca/jre/lib/ext/nashorn.jar
[MASTER] 13:40:44.898 [logback-1] WARN  JUnitAnalyzer - Found unstable test named initializationError -> class java.lang.RuntimeException: Cannot find either the compilation target folder nor the EvoSuite jar in classpath: /tmp/EvoSuite_pathingJar1250079161392612262.jar
Going to execute: handleTestsThatAreUnstable
* Compiling Tests
** Write a test suite: 0 called: 0 to improve: false
[MASTER] 13:40:44.943 [logback-1] WARN  AgentLoader - Failed to find EvoSuite jar in current classloader. URLs of classloader:
file:/root/.sdkman/candidates/java/8.0.333.fx-librca/jre/../lib/tools.jar
file:/root/.sdkman/candidates/java/8.0.333.fx-librca/jre/lib/ext/cldrdata.jar
file:/root/.sdkman/candidates/java/8.0.333.fx-librca/jre/lib/ext/sunec.jar
file:/root/.sdkman/candidates/java/8.0.333.fx-librca/jre/lib/ext/localedata.jar
file:/tmp/EvoSuite_pathingJar1250079161392612262.jar
file:/root/.sdkman/candidates/java/8.0.333.fx-librca/jre/lib/ext/jaccess.jar
file:/root/.sdkman/candidates/java/8.0.333.fx-librca/jre/lib/ext/dnsns.jar
file:/root/.sdkman/candidates/java/8.0.333.fx-librca/jre/lib/ext/sunpkcs11.jar
file:/root/.sdkman/candidates/java/8.0.333.fx-librca/jre/lib/ext/zipfs.jar
file:/root/.sdkman/candidates/java/8.0.333.fx-librca/jre/lib/ext/jfxrt.jar
file:/root/.sdkman/candidates/java/8.0.333.fx-librca/jre/lib/ext/sunjce_provider.jar
file:/root/.sdkman/candidates/java/8.0.333.fx-librca/jre/lib/ext/nashorn.jar
[MASTER] 13:40:44.944 [logback-1] WARN  JUnitAnalyzer - Found unstable test named initializationError -> class java.lang.RuntimeException: Cannot find either the compilation target folder nor the EvoSuite jar in classpath: /tmp/EvoSuite_pathingJar1250079161392612262.jar
Going to execute: handleTestsThatAreUnstable
* Compiling Tests
** Write a test suite: 0 called: 0 to improve: false
[MASTER] 13:40:44.984 [logback-1] WARN  AgentLoader - Failed to find EvoSuite jar in current classloader. URLs of classloader:
file:/root/.sdkman/candidates/java/8.0.333.fx-librca/jre/../lib/tools.jar
file:/root/.sdkman/candidates/java/8.0.333.fx-librca/jre/lib/ext/cldrdata.jar
file:/root/.sdkman/candidates/java/8.0.333.fx-librca/jre/lib/ext/sunec.jar
file:/root/.sdkman/candidates/java/8.0.333.fx-librca/jre/lib/ext/localedata.jar
file:/tmp/EvoSuite_pathingJar1250079161392612262.jar
file:/root/.sdkman/candidates/java/8.0.333.fx-librca/jre/lib/ext/jaccess.jar
file:/root/.sdkman/candidates/java/8.0.333.fx-librca/jre/lib/ext/dnsns.jar
file:/root/.sdkman/candidates/java/8.0.333.fx-librca/jre/lib/ext/sunpkcs11.jar
file:/root/.sdkman/candidates/java/8.0.333.fx-librca/jre/lib/ext/zipfs.jar
file:/root/.sdkman/candidates/java/8.0.333.fx-librca/jre/lib/ext/jfxrt.jar
file:/root/.sdkman/candidates/java/8.0.333.fx-librca/jre/lib/ext/sunjce_provider.jar
file:/root/.sdkman/candidates/java/8.0.333.fx-librca/jre/lib/ext/nashorn.jar
[MASTER] 13:40:44.986 [logback-1] WARN  JUnitAnalyzer - Found unstable test named initializationError -> class java.lang.RuntimeException: Cannot find either the compilation target folder nor the EvoSuite jar in classpath: /tmp/EvoSuite_pathingJar1250079161392612262.jar
Going to execute: handleTestsThatAreUnstable
* Compiling Tests
** Write a test suite: 0 called: 0 to improve: false
[MASTER] 13:40:45.029 [logback-1] WARN  AgentLoader - Failed to find EvoSuite jar in current classloader. URLs of classloader:
file:/root/.sdkman/candidates/java/8.0.333.fx-librca/jre/../lib/tools.jar
file:/root/.sdkman/candidates/java/8.0.333.fx-librca/jre/lib/ext/cldrdata.jar
file:/root/.sdkman/candidates/java/8.0.333.fx-librca/jre/lib/ext/sunec.jar
file:/root/.sdkman/candidates/java/8.0.333.fx-librca/jre/lib/ext/localedata.jar
file:/tmp/EvoSuite_pathingJar1250079161392612262.jar
file:/root/.sdkman/candidates/java/8.0.333.fx-librca/jre/lib/ext/jaccess.jar
file:/root/.sdkman/candidates/java/8.0.333.fx-librca/jre/lib/ext/dnsns.jar
file:/root/.sdkman/candidates/java/8.0.333.fx-librca/jre/lib/ext/sunpkcs11.jar
file:/root/.sdkman/candidates/java/8.0.333.fx-librca/jre/lib/ext/zipfs.jar
file:/root/.sdkman/candidates/java/8.0.333.fx-librca/jre/lib/ext/jfxrt.jar
file:/root/.sdkman/candidates/java/8.0.333.fx-librca/jre/lib/ext/sunjce_provider.jar
file:/root/.sdkman/candidates/java/8.0.333.fx-librca/jre/lib/ext/nashorn.jar
[MASTER] 13:40:45.030 [logback-1] WARN  JUnitAnalyzer - Found unstable test named initializationError -> class java.lang.RuntimeException: Cannot find either the compilation target folder nor the EvoSuite jar in classpath: /tmp/EvoSuite_pathingJar1250079161392612262.jar
Going to execute: handleTestsThatAreUnstable
* Compiling Tests
** Write a test suite: 0 called: 0 to improve: false
[MASTER] 13:40:45.078 [logback-1] WARN  AgentLoader - Failed to find EvoSuite jar in current classloader. URLs of classloader:
file:/root/.sdkman/candidates/java/8.0.333.fx-librca/jre/../lib/tools.jar
file:/root/.sdkman/candidates/java/8.0.333.fx-librca/jre/lib/ext/cldrdata.jar
file:/root/.sdkman/candidates/java/8.0.333.fx-librca/jre/lib/ext/sunec.jar
file:/root/.sdkman/candidates/java/8.0.333.fx-librca/jre/lib/ext/localedata.jar
file:/tmp/EvoSuite_pathingJar1250079161392612262.jar
file:/root/.sdkman/candidates/java/8.0.333.fx-librca/jre/lib/ext/jaccess.jar
file:/root/.sdkman/candidates/java/8.0.333.fx-librca/jre/lib/ext/dnsns.jar
file:/root/.sdkman/candidates/java/8.0.333.fx-librca/jre/lib/ext/sunpkcs11.jar
file:/root/.sdkman/candidates/java/8.0.333.fx-librca/jre/lib/ext/zipfs.jar
file:/root/.sdkman/candidates/java/8.0.333.fx-librca/jre/lib/ext/jfxrt.jar
file:/root/.sdkman/candidates/java/8.0.333.fx-librca/jre/lib/ext/sunjce_provider.jar
file:/root/.sdkman/candidates/java/8.0.333.fx-librca/jre/lib/ext/nashorn.jar
[MASTER] 13:40:45.079 [logback-1] WARN  JUnitAnalyzer - Found unstable test named initializationError -> class java.lang.RuntimeException: Cannot find either the compilation target folder nor the EvoSuite jar in classpath: /tmp/EvoSuite_pathingJar1250079161392612262.jar
Going to execute: handleTestsThatAreUnstable
* Compiling Tests
** Write a test suite: 0 called: 0 to improve: false
Going to execute: handleTestsThatAreUnstable
* Compiling Tests
[MASTER] 13:40:45.143 [logback-1] WARN  AgentLoader - Failed to find EvoSuite jar in current classloader. URLs of classloader:
file:/root/.sdkman/candidates/java/8.0.333.fx-librca/jre/../lib/tools.jar
file:/root/.sdkman/candidates/java/8.0.333.fx-librca/jre/lib/ext/cldrdata.jar
file:/root/.sdkman/candidates/java/8.0.333.fx-librca/jre/lib/ext/sunec.jar
file:/root/.sdkman/candidates/java/8.0.333.fx-librca/jre/lib/ext/localedata.jar
file:/tmp/EvoSuite_pathingJar1250079161392612262.jar
file:/root/.sdkman/candidates/java/8.0.333.fx-librca/jre/lib/ext/jaccess.jar
file:/root/.sdkman/candidates/java/8.0.333.fx-librca/jre/lib/ext/dnsns.jar
file:/root/.sdkman/candidates/java/8.0.333.fx-librca/jre/lib/ext/sunpkcs11.jar
file:/root/.sdkman/candidates/java/8.0.333.fx-librca/jre/lib/ext/zipfs.jar
file:/root/.sdkman/candidates/java/8.0.333.fx-librca/jre/lib/ext/jfxrt.jar
file:/root/.sdkman/candidates/java/8.0.333.fx-librca/jre/lib/ext/sunjce_provider.jar
file:/root/.sdkman/candidates/java/8.0.333.fx-librca/jre/lib/ext/nashorn.jar
[MASTER] 13:40:45.144 [logback-1] WARN  JUnitAnalyzer - Found unstable test named initializationError -> class java.lang.RuntimeException: Cannot find either the compilation target folder nor the EvoSuite jar in classpath: /tmp/EvoSuite_pathingJar1250079161392612262.jar
** Write a test suite: 0 called: 0 to improve: false
[MASTER] 13:40:45.201 [logback-1] WARN  AgentLoader - Failed to find EvoSuite jar in current classloader. URLs of classloader:
file:/root/.sdkman/candidates/java/8.0.333.fx-librca/jre/../lib/tools.jar
file:/root/.sdkman/candidates/java/8.0.333.fx-librca/jre/lib/ext/cldrdata.jar
file:/root/.sdkman/candidates/java/8.0.333.fx-librca/jre/lib/ext/sunec.jar
file:/root/.sdkman/candidates/java/8.0.333.fx-librca/jre/lib/ext/localedata.jar
file:/tmp/EvoSuite_pathingJar1250079161392612262.jar
file:/root/.sdkman/candidates/java/8.0.333.fx-librca/jre/lib/ext/jaccess.jar
file:/root/.sdkman/candidates/java/8.0.333.fx-librca/jre/lib/ext/dnsns.jar
file:/root/.sdkman/candidates/java/8.0.333.fx-librca/jre/lib/ext/sunpkcs11.jar
file:/root/.sdkman/candidates/java/8.0.333.fx-librca/jre/lib/ext/zipfs.jar
file:/root/.sdkman/candidates/java/8.0.333.fx-librca/jre/lib/ext/jfxrt.jar
file:/root/.sdkman/candidates/java/8.0.333.fx-librca/jre/lib/ext/sunjce_provider.jar
file:/root/.sdkman/candidates/java/8.0.333.fx-librca/jre/lib/ext/nashorn.jar
[MASTER] 13:40:45.204 [logback-1] WARN  JUnitAnalyzer - Found unstable test named initializationError -> class java.lang.RuntimeException: Cannot find either the compilation target folder nor the EvoSuite jar in classpath: /tmp/EvoSuite_pathingJar1250079161392612262.jar
Going to execute: handleTestsThatAreUnstable
* Compiling Tests
** Write a test suite: 0 called: 0 to improve: false
Going to execute: handleTestsThatAreUnstable
[MASTER] 13:40:45.276 [logback-1] WARN  AgentLoader - Failed to find EvoSuite jar in current classloader. URLs of classloader:
file:/root/.sdkman/candidates/java/8.0.333.fx-librca/jre/../lib/tools.jar
file:/root/.sdkman/candidates/java/8.0.333.fx-librca/jre/lib/ext/cldrdata.jar
file:/root/.sdkman/candidates/java/8.0.333.fx-librca/jre/lib/ext/sunec.jar
file:/root/.sdkman/candidates/java/8.0.333.fx-librca/jre/lib/ext/localedata.jar
file:/tmp/EvoSuite_pathingJar1250079161392612262.jar
file:/root/.sdkman/candidates/java/8.0.333.fx-librca/jre/lib/ext/jaccess.jar
file:/root/.sdkman/candidates/java/8.0.333.fx-librca/jre/lib/ext/dnsns.jar
file:/root/.sdkman/candidates/java/8.0.333.fx-librca/jre/lib/ext/sunpkcs11.jar
file:/root/.sdkman/candidates/java/8.0.333.fx-librca/jre/lib/ext/zipfs.jar
file:/root/.sdkman/candidates/java/8.0.333.fx-librca/jre/lib/ext/jfxrt.jar
file:/root/.sdkman/candidates/java/8.0.333.fx-librca/jre/lib/ext/sunjce_provider.jar
file:/root/.sdkman/candidates/java/8.0.333.fx-librca/jre/lib/ext/nashorn.jar
[MASTER] 13:40:45.276 [logback-1] WARN  JUnitAnalyzer - Found unstable test named initializationError -> class java.lang.RuntimeException: Cannot find either the compilation target folder nor the EvoSuite jar in classpath: /tmp/EvoSuite_pathingJar1250079161392612262.jar
* Compiling Tests
** Write a test suite: 0 called: 0 to improve: false
[MASTER] 13:40:45.330 [logback-1] WARN  AgentLoader - Failed to find EvoSuite jar in current classloader. URLs of classloader:
file:/root/.sdkman/candidates/java/8.0.333.fx-librca/jre/../lib/tools.jar
file:/root/.sdkman/candidates/java/8.0.333.fx-librca/jre/lib/ext/cldrdata.jar
file:/root/.sdkman/candidates/java/8.0.333.fx-librca/jre/lib/ext/sunec.jar
file:/root/.sdkman/candidates/java/8.0.333.fx-librca/jre/lib/ext/localedata.jar
file:/tmp/EvoSuite_pathingJar1250079161392612262.jar
file:/root/.sdkman/candidates/java/8.0.333.fx-librca/jre/lib/ext/jaccess.jar
file:/root/.sdkman/candidates/java/8.0.333.fx-librca/jre/lib/ext/dnsns.jar
file:/root/.sdkman/candidates/java/8.0.333.fx-librca/jre/lib/ext/sunpkcs11.jar
file:/root/.sdkman/candidates/java/8.0.333.fx-librca/jre/lib/ext/zipfs.jar
file:/root/.sdkman/candidates/java/8.0.333.fx-librca/jre/lib/ext/jfxrt.jar
file:/root/.sdkman/candidates/java/8.0.333.fx-librca/jre/lib/ext/sunjce_provider.jar
file:/root/.sdkman/candidates/java/8.0.333.fx-librca/jre/lib/ext/nashorn.jar
[MASTER] 13:40:45.332 [logback-1] WARN  JUnitAnalyzer - Found unstable test named initializationError -> class java.lang.RuntimeException: Cannot find either the compilation target folder nor the EvoSuite jar in classpath: /tmp/EvoSuite_pathingJar1250079161392612262.jar
Going to execute: handleTestsThatAreUnstable
* Compiling Tests
** Write a test suite: 0 called: 0 to improve: false
[MASTER] 13:40:45.386 [logback-1] WARN  AgentLoader - Failed to find EvoSuite jar in current classloader. URLs of classloader:
file:/root/.sdkman/candidates/java/8.0.333.fx-librca/jre/../lib/tools.jar
file:/root/.sdkman/candidates/java/8.0.333.fx-librca/jre/lib/ext/cldrdata.jar
file:/root/.sdkman/candidates/java/8.0.333.fx-librca/jre/lib/ext/sunec.jar
file:/root/.sdkman/candidates/java/8.0.333.fx-librca/jre/lib/ext/localedata.jar
file:/tmp/EvoSuite_pathingJar1250079161392612262.jar
file:/root/.sdkman/candidates/java/8.0.333.fx-librca/jre/lib/ext/jaccess.jar
file:/root/.sdkman/candidates/java/8.0.333.fx-librca/jre/lib/ext/dnsns.jar
file:/root/.sdkman/candidates/java/8.0.333.fx-librca/jre/lib/ext/sunpkcs11.jar
file:/root/.sdkman/candidates/java/8.0.333.fx-librca/jre/lib/ext/zipfs.jar
file:/root/.sdkman/candidates/java/8.0.333.fx-librca/jre/lib/ext/jfxrt.jar
file:/root/.sdkman/candidates/java/8.0.333.fx-librca/jre/lib/ext/sunjce_provider.jar
file:/root/.sdkman/candidates/java/8.0.333.fx-librca/jre/lib/ext/nashorn.jar
[MASTER] 13:40:45.387 [logback-1] WARN  JUnitAnalyzer - Found unstable test named initializationError -> class java.lang.RuntimeException: Cannot find either the compilation target folder nor the EvoSuite jar in classpath: /tmp/EvoSuite_pathingJar1250079161392612262.jar
Going to execute: handleTestsThatAreUnstable
* Compiling Tests
** Write a test suite: 0 called: 0 to improve: false
[MASTER] 13:40:45.445 [logback-1] WARN  AgentLoader - Failed to find EvoSuite jar in current classloader. URLs of classloader:
file:/root/.sdkman/candidates/java/8.0.333.fx-librca/jre/../lib/tools.jar
file:/root/.sdkman/candidates/java/8.0.333.fx-librca/jre/lib/ext/cldrdata.jar
file:/root/.sdkman/candidates/java/8.0.333.fx-librca/jre/lib/ext/sunec.jar
file:/root/.sdkman/candidates/java/8.0.333.fx-librca/jre/lib/ext/localedata.jar
file:/tmp/EvoSuite_pathingJar1250079161392612262.jar
file:/root/.sdkman/candidates/java/8.0.333.fx-librca/jre/lib/ext/jaccess.jar
file:/root/.sdkman/candidates/java/8.0.333.fx-librca/jre/lib/ext/dnsns.jar
file:/root/.sdkman/candidates/java/8.0.333.fx-librca/jre/lib/ext/sunpkcs11.jar
file:/root/.sdkman/candidates/java/8.0.333.fx-librca/jre/lib/ext/zipfs.jar
file:/root/.sdkman/candidates/java/8.0.333.fx-librca/jre/lib/ext/jfxrt.jar
file:/root/.sdkman/candidates/java/8.0.333.fx-librca/jre/lib/ext/sunjce_provider.jar
file:/root/.sdkman/candidates/java/8.0.333.fx-librca/jre/lib/ext/nashorn.jar
[MASTER] 13:40:45.445 [logback-1] WARN  JUnitAnalyzer - Found unstable test named initializationError -> class java.lang.RuntimeException: Cannot find either the compilation target folder nor the EvoSuite jar in classpath: /tmp/EvoSuite_pathingJar1250079161392612262.jar
Going to execute: handleTestsThatAreUnstable
* Compiling Tests
** Write a test suite: 0 called: 0 to improve: false
[MASTER] 13:40:45.518 [logback-1] WARN  AgentLoader - Failed to find EvoSuite jar in current classloader. URLs of classloader:
file:/root/.sdkman/candidates/java/8.0.333.fx-librca/jre/../lib/tools.jar
file:/root/.sdkman/candidates/java/8.0.333.fx-librca/jre/lib/ext/cldrdata.jar
file:/root/.sdkman/candidates/java/8.0.333.fx-librca/jre/lib/ext/sunec.jar
file:/root/.sdkman/candidates/java/8.0.333.fx-librca/jre/lib/ext/localedata.jar
file:/tmp/EvoSuite_pathingJar1250079161392612262.jar
file:/root/.sdkman/candidates/java/8.0.333.fx-librca/jre/lib/ext/jaccess.jar
file:/root/.sdkman/candidates/java/8.0.333.fx-librca/jre/lib/ext/dnsns.jar
file:/root/.sdkman/candidates/java/8.0.333.fx-librca/jre/lib/ext/sunpkcs11.jar
file:/root/.sdkman/candidates/java/8.0.333.fx-librca/jre/lib/ext/zipfs.jar
file:/root/.sdkman/candidates/java/8.0.333.fx-librca/jre/lib/ext/jfxrt.jar
file:/root/.sdkman/candidates/java/8.0.333.fx-librca/jre/lib/ext/sunjce_provider.jar
file:/root/.sdkman/candidates/java/8.0.333.fx-librca/jre/lib/ext/nashorn.jar
[MASTER] 13:40:45.518 [logback-1] WARN  JUnitAnalyzer - Found unstable test named initializationError -> class java.lang.RuntimeException: Cannot find either the compilation target folder nor the EvoSuite jar in classpath: /tmp/EvoSuite_pathingJar1250079161392612262.jar
Going to execute: handleTestsThatAreUnstable
* Compiling Tests
** Write a test suite: 0 called: 0 to improve: false
[MASTER] 13:40:45.561 [logback-1] WARN  AgentLoader - Failed to find EvoSuite jar in current classloader. URLs of classloader:
file:/root/.sdkman/candidates/java/8.0.333.fx-librca/jre/../lib/tools.jar
file:/root/.sdkman/candidates/java/8.0.333.fx-librca/jre/lib/ext/cldrdata.jar
file:/root/.sdkman/candidates/java/8.0.333.fx-librca/jre/lib/ext/sunec.jar
file:/root/.sdkman/candidates/java/8.0.333.fx-librca/jre/lib/ext/localedata.jar
file:/tmp/EvoSuite_pathingJar1250079161392612262.jar
file:/root/.sdkman/candidates/java/8.0.333.fx-librca/jre/lib/ext/jaccess.jar
file:/root/.sdkman/candidates/java/8.0.333.fx-librca/jre/lib/ext/dnsns.jar
file:/root/.sdkman/candidates/java/8.0.333.fx-librca/jre/lib/ext/sunpkcs11.jar
file:/root/.sdkman/candidates/java/8.0.333.fx-librca/jre/lib/ext/zipfs.jar
file:/root/.sdkman/candidates/java/8.0.333.fx-librca/jre/lib/ext/jfxrt.jar
file:/root/.sdkman/candidates/java/8.0.333.fx-librca/jre/lib/ext/sunjce_provider.jar
file:/root/.sdkman/candidates/java/8.0.333.fx-librca/jre/lib/ext/nashorn.jar
[MASTER] 13:40:45.562 [logback-1] WARN  JUnitAnalyzer - Found unstable test named initializationError -> class java.lang.RuntimeException: Cannot find either the compilation target folder nor the EvoSuite jar in classpath: /tmp/EvoSuite_pathingJar1250079161392612262.jar
Going to execute: handleTestsThatAreUnstable
* Compiling Tests
** Write a test suite: 0 called: 0 to improve: false
** Write a test suite: 1 called: 1 to improve: false
** Write a test suite: 2 called: 2 to improve: false
** Write a test suite: 3 called: 3 to improve: false
** Write a test suite: 4 called: 4 to improve: false
** Write a test suite: 5 called: 5 to improve: false
** Write a test suite: 6 called: 6 to improve: false
** Write a test suite: 7 called: 7 to improve: false
** Write a test suite: 8 called: 8 to improve: false
** Write a test suite: 9 called: 9 to improve: false
** Write a test suite: 10 called: 10 to improve: false
** Write a test suite: 11 called: 11 to improve: false
** Write a test suite: 12 called: 12 to improve: false
** Write a test suite: 13 called: 13 to improve: false
** Write a test suite: 14 called: 14 to improve: false
** Write a test suite: 15 called: 15 to improve: false
** Write a test suite: 16 called: 16 to improve: false
** Write a test suite: 17 called: 17 to improve: false
** Write a test suite: 18 called: 18 to improve: false
** Write a test suite: 19 called: 19 to improve: false
** Write a test suite: 20 called: 20 to improve: false
[MASTER] 13:40:45.847 [logback-1] WARN  AgentLoader - Failed to find EvoSuite jar in current classloader. URLs of classloader:
file:/root/.sdkman/candidates/java/8.0.333.fx-librca/jre/../lib/tools.jar
file:/root/.sdkman/candidates/java/8.0.333.fx-librca/jre/lib/ext/cldrdata.jar
file:/root/.sdkman/candidates/java/8.0.333.fx-librca/jre/lib/ext/sunec.jar
file:/root/.sdkman/candidates/java/8.0.333.fx-librca/jre/lib/ext/localedata.jar
file:/tmp/EvoSuite_pathingJar1250079161392612262.jar
file:/root/.sdkman/candidates/java/8.0.333.fx-librca/jre/lib/ext/jaccess.jar
file:/root/.sdkman/candidates/java/8.0.333.fx-librca/jre/lib/ext/dnsns.jar
file:/root/.sdkman/candidates/java/8.0.333.fx-librca/jre/lib/ext/sunpkcs11.jar
file:/root/.sdkman/candidates/java/8.0.333.fx-librca/jre/lib/ext/zipfs.jar
file:/root/.sdkman/candidates/java/8.0.333.fx-librca/jre/lib/ext/jfxrt.jar
file:/root/.sdkman/candidates/java/8.0.333.fx-librca/jre/lib/ext/sunjce_provider.jar
file:/root/.sdkman/candidates/java/8.0.333.fx-librca/jre/lib/ext/nashorn.jar
[MASTER] 13:40:45.848 [logback-1] WARN  JUnitAnalyzer - Found unstable test named initializationError -> class java.lang.RuntimeException: Cannot find either the compilation target folder nor the EvoSuite jar in classpath: /tmp/EvoSuite_pathingJar1250079161392612262.jar
Going to execute: handleTestsThatAreUnstable
* Compiling Tests
** Write a test suite: 0 called: 0 to improve: false
** Write a test suite: 1 called: 1 to improve: false
** Write a test suite: 2 called: 2 to improve: false
** Write a test suite: 3 called: 3 to improve: false
** Write a test suite: 4 called: 4 to improve: false
** Write a test suite: 5 called: 5 to improve: false
** Write a test suite: 6 called: 6 to improve: false
** Write a test suite: 7 called: 7 to improve: false
** Write a test suite: 8 called: 8 to improve: false
** Write a test suite: 9 called: 9 to improve: false
** Write a test suite: 10 called: 10 to improve: false
** Write a test suite: 11 called: 11 to improve: false
** Write a test suite: 12 called: 12 to improve: false
** Write a test suite: 13 called: 13 to improve: false
** Write a test suite: 14 called: 14 to improve: false
** Write a test suite: 15 called: 15 to improve: false
** Write a test suite: 16 called: 16 to improve: false
** Write a test suite: 17 called: 17 to improve: false
** Write a test suite: 18 called: 18 to improve: false
** Write a test suite: 19 called: 19 to improve: false
** Write a test suite: 20 called: 20 to improve: false
[MASTER] 13:40:46.133 [logback-1] WARN  AgentLoader - Failed to find EvoSuite jar in current classloader. URLs of classloader:
file:/root/.sdkman/candidates/java/8.0.333.fx-librca/jre/../lib/tools.jar
file:/root/.sdkman/candidates/java/8.0.333.fx-librca/jre/lib/ext/cldrdata.jar
file:/root/.sdkman/candidates/java/8.0.333.fx-librca/jre/lib/ext/sunec.jar
file:/root/.sdkman/candidates/java/8.0.333.fx-librca/jre/lib/ext/localedata.jar
file:/tmp/EvoSuite_pathingJar1250079161392612262.jar
file:/root/.sdkman/candidates/java/8.0.333.fx-librca/jre/lib/ext/jaccess.jar
file:/root/.sdkman/candidates/java/8.0.333.fx-librca/jre/lib/ext/dnsns.jar
file:/root/.sdkman/candidates/java/8.0.333.fx-librca/jre/lib/ext/sunpkcs11.jar
file:/root/.sdkman/candidates/java/8.0.333.fx-librca/jre/lib/ext/zipfs.jar
file:/root/.sdkman/candidates/java/8.0.333.fx-librca/jre/lib/ext/jfxrt.jar
file:/root/.sdkman/candidates/java/8.0.333.fx-librca/jre/lib/ext/sunjce_provider.jar
file:/root/.sdkman/candidates/java/8.0.333.fx-librca/jre/lib/ext/nashorn.jar
[MASTER] 13:40:46.134 [logback-1] WARN  JUnitAnalyzer - Found unstable test named initializationError -> class java.lang.RuntimeException: Cannot find either the compilation target folder nor the EvoSuite jar in classpath: /tmp/EvoSuite_pathingJar1250079161392612262.jar
* Writing tests to file
[MASTER] 13:40:46.136 [logback-1] WARN  TimeController - Already entered in phase: JUNIT_CHECK. This will mess up the timing calculations.
* Writing JUnit test case 'JSJshop_ESTest' to evosuite-tests
** Write a test suite: 5 called: 0 to improve: false
** Write a test suite: 6 called: 1 to improve: false
** Write a test suite: 8 called: 2 to improve: false
** Write a test suite: 9 called: 3 to improve: false
** Write a test suite: 16 called: 4 to improve: false
* Writing JUnit test case 'JSJshop_Original_ESTest' to evosuite-tests
** Write a test suite: 0 called: 0 to improve: false
** Write a test suite: 1 called: 1 to improve: false
** Write a test suite: 2 called: 2 to improve: false
** Write a test suite: 3 called: 3 to improve: false
** Write a test suite: 4 called: 4 to improve: false
** Write a test suite: 5 called: 5 to improve: false
** Write a test suite: 6 called: 6 to improve: false
** Write a test suite: 7 called: 7 to improve: false
** Write a test suite: 8 called: 8 to improve: false
** Write a test suite: 9 called: 9 to improve: false
** Write a test suite: 10 called: 10 to improve: false
** Write a test suite: 11 called: 11 to improve: false
** Write a test suite: 12 called: 12 to improve: false
** Write a test suite: 13 called: 13 to improve: false
** Write a test suite: 14 called: 14 to improve: false
** Write a test suite: 15 called: 15 to improve: false
** Write a test suite: 16 called: 16 to improve: false
** Write a test suite: 17 called: 17 to improve: false
** Write a test suite: 18 called: 18 to improve: false
** Write a test suite: 19 called: 19 to improve: false
** Write a test suite: 20 called: 20 to improve: false
* Done!

* Computation finished
