* EvoSuite 1.0.0-SNAPSHOT
* Going to generate test cases for class: umd.cs.shop.JSJshop
* Starting Client-0
* Properties loaded from /home/roham/Results-Utestgen/dataset/SF110-new-res/85_shop/evosuite-files/evosuite.properties
* Connecting to master process on port 8201
* Analyzing classpath: 
* Inheritance tree loaded from evosuite-files/inheritance.xml.gz
[MASTER] 11:29:31.411 [logback-1] WARN  InheritanceTree - Class not in inheritance graph: java.util.function.Consumer
[MASTER] 11:29:31.427 [logback-1] WARN  InheritanceTree - Class not in inheritance graph: java.util.function.Predicate
[MASTER] 11:29:31.429 [logback-1] WARN  InheritanceTree - Class not in inheritance graph: java.util.function.UnaryOperator
[MASTER] 11:29:31.747 [logback-1] WARN  InheritanceTree - Class not in inheritance graph: java.util.function.Function
[MASTER] 11:29:32.511 [logback-1] WARN  InheritanceTree - Class not in inheritance graph: java.util.function.BiFunction
[MASTER] 11:29:32.513 [logback-1] WARN  InheritanceTree - Class not in inheritance graph: java.util.function.BiConsumer
[MASTER] 11:29:34.665 [logback-1] WARN  InheritanceTree - Class not in inheritance graph: java.time.ZoneId
[MASTER] 11:29:34.733 [logback-1] WARN  InheritanceTree - Class not in inheritance graph: java.time.temporal.Temporal
[MASTER] 11:29:34.734 [logback-1] WARN  InheritanceTree - Class not in inheritance graph: java.time.temporal.TemporalAccessor
[MASTER] 11:29:34.735 [logback-1] WARN  InheritanceTree - Class not in inheritance graph: java.time.temporal.TemporalField
[MASTER] 11:29:34.736 [logback-1] WARN  InheritanceTree - Class not in inheritance graph: java.time.temporal.TemporalUnit
[MASTER] 11:29:34.738 [logback-1] WARN  InheritanceTree - Class not in inheritance graph: java.time.temporal.TemporalAmount
[MASTER] 11:29:34.739 [logback-1] WARN  InheritanceTree - Class not in inheritance graph: java.time.Clock
[MASTER] 11:29:34.740 [logback-1] WARN  InheritanceTree - Class not in inheritance graph: java.time.temporal.TemporalQuery
[MASTER] 11:29:34.744 [logback-1] WARN  InheritanceTree - Class not in inheritance graph: java.time.temporal.TemporalAdjuster
[MASTER] 11:29:34.759 [logback-1] WARN  InheritanceTree - Class not in inheritance graph: java.time.chrono.Chronology
[MASTER] 11:29:34.769 [logback-1] WARN  InheritanceTree - Class not in inheritance graph: java.time.chrono.Era
* Finished analyzing classpath
* Generating tests for class umd.cs.shop.JSJshop
* Test criteria:
  - Branch Coverage
  - Line Coverage
  - Method-Output Coverage
  - Top-Level Method Coverage
  - Context Branch Coverage
* Total number of test goals for DYNAMOSA: 528
* Using seed 1710329368852
* Starting evolution
[Progress:>                             0%] [Cov:>                                  0%]* Initial Number of Goals in DynaMOSA = 132 / 528
[Progress:>                             1%] [Cov:======>                            18%][Progress:>                             1%] [Cov:=======>                           21%][Progress:=>                            5%] [Cov:==========>                        29%][Progress:=>                            5%] [Cov:==========>                        29%][Progress:=>                            5%] [Cov:==========>                        30%][Progress:==>                           7%] [Cov:==============>                    42%][Progress:==>                           7%] [Cov:==============>                    42%][Progress:==>                           7%] [Cov:===============>                   45%][Progress:==>                           9%] [Cov:================>                  46%][Progress:===>                          11%] [Cov:=================>                 50%][Progress:===>                          13%] [Cov:=================>                 51%][Progress:===>                          13%] [Cov:=================>                 51%][Progress:====>                         15%] [Cov:=================>                 51%][Progress:====>                         15%] [Cov:=================>                 51%][Progress:====>                         16%] [Cov:=================>                 51%][Progress:=====>                        19%] [Cov:=================>                 51%][Progress:======>                       22%] [Cov:=================>                 51%][Progress:========>                     29%] [Cov:=================>                 51%][Progress:=========>                    31%] [Cov:=================>                 51%][Progress:==========>                   34%] [Cov:==================>                52%][Progress:==========>                   35%] [Cov:==================>                53%][Progress:==========>                   35%] [Cov:==================>                53%][Progress:===========>                  37%] [Cov:==================>                53%][Progress:===========>                  38%] [Cov:==================>                53%][Progress:===========>                  38%] [Cov:==================>                53%][Progress:===========>                  39%] [Cov:==================>                53%][Progress:===========>                  39%] [Cov:==================>                53%][Progress:============>                 40%] [Cov:==================>                54%][Progress:=============>                44%] [Cov:==================>                54%][Progress:==============>               47%] [Cov:==================>                54%][Progress:==============>               49%] [Cov:==================>                54%][Progress:==============>               49%] [Cov:==================>                54%][Progress:===============>              51%] [Cov:==================>                54%][Progress:===============>              51%] [Cov:==================>                54%][Progress:================>             54%] [Cov:==================>                54%][Progress:================>             56%] [Cov:==================>                54%][Progress:================>             56%] [Cov:==================>                54%][Progress:=================>            58%] [Cov:==================>                54%][Progress:==================>           63%] [Cov:==================>                54%][Progress:===================>          64%] [Cov:==================>                54%][Progress:===================>          64%] [Cov:===================>               55%][Progress:====================>         67%] [Cov:===================>               55%][Progress:====================>         67%] [Cov:===================>               55%][Progress:====================>         68%] [Cov:===================>               55%][Progress:=====================>        71%] [Cov:===================>               55%][Progress:=====================>        71%] [Cov:===================>               55%][Progress:=====================>        73%] [Cov:===================>               55%][Progress:=======================>      79%] [Cov:===================>               55%][Progress:========================>     83%] [Cov:===================>               55%][Progress:=========================>    86%] [Cov:===================>               55%][Progress:==========================>   88%] [Cov:===================>               55%][Progress:===========================>  92%] [Cov:===================>               55%][Progress:============================> 94%] [Cov:===================>               55%][Progress:============================> 95%] [Cov:===================>               55%][Progress:============================> 95%] [Cov:===================>               55%][Progress:=============================>97%] [Cov:===================>               55%][Progress:=============================>99%] [Cov:===================>               55%][MASTER] 11:32:59.626 [logback-1] WARN  CoverageArchive - A solution with a timeout/exception result has been added to the archive. The covered goal was umd.cs.shop.JSJshop.getBufferedReader(Ljava/lang/String;Ljava/lang/String;)Ljava/io/BufferedReader;: Line 389
[Progress:==============================100%] [Cov:===================>               55%]
* Search finished after 204s and 57 generations, 15217 statements, best individual has fitness: 249.0
* Generated before the refinement 31 tests with total length 81
statement is: umd.cs.shop.JSJshop()V type is: class org.evosuite.testcase.statements.ConstructorStatement return type class umd.cs.shop.JSJshop
statement code is: JSJshop jSJshop = new JSJshop()
statement is: getTree()Lumd/cs/shop/JSJshopNode; type is: class org.evosuite.testcase.statements.MethodStatement return type class umd.cs.shop.JSJshopNode
statement code is: JSJshopNode tree = jSJshop.getTree()
test data is: JSJshop jSJshop = new JSJshop();
jSJshop.getTree();

** It was a parseable test case! 
Improved test data is: class DummyClass {
    public static void main() {
        // Improved test data
        int[] numbers = new int[]{ 1, 2, 3, 4, 5 };
        String[] strings = new String[]{ "apple", "banana", "cherry" };
        char[] chars = new char[]{ 'a', 'b', 'c' };
        double[] doubles = new double[]{ 1.0, 2.0, 3.0 };
        jSJshop.setTree(numbers);
        jSJshop.setStrings(strings);
        jSJshop.setChars(chars);
        jSJshop.setDoubles(doubles);
    }
}
statement is: // Improved test data
int[] numbers = new int[]{ 1, 2, 3, 4, 5 }, class spoon.support.reflect.code.CtLocalVariableImpl
class spoon.support.reflect.code.CtNewArrayImpl
statement is: String[] strings = new String[]{ "apple", "banana", "cherry" }, class spoon.support.reflect.code.CtLocalVariableImpl
class spoon.support.reflect.code.CtNewArrayImpl
statement is: char[] chars = new char[]{ 'a', 'b', 'c' }, class spoon.support.reflect.code.CtLocalVariableImpl
class spoon.support.reflect.code.CtNewArrayImpl
statement is: double[] doubles = new double[]{ 1.0, 2.0, 3.0 }, class spoon.support.reflect.code.CtLocalVariableImpl
class spoon.support.reflect.code.CtNewArrayImpl
statement is: jSJshop.setTree(numbers), class spoon.support.reflect.code.CtInvocationImpl
invocation is: jSJshop.setTree(numbers) target is: jSJshop method is: setTree(int[])
statement is: jSJshop.setStrings(strings), class spoon.support.reflect.code.CtInvocationImpl
invocation is: jSJshop.setStrings(strings) target is: jSJshop method is: setStrings(java.lang.String[])
statement is: jSJshop.setChars(chars), class spoon.support.reflect.code.CtInvocationImpl
invocation is: jSJshop.setChars(chars) target is: jSJshop method is: setChars(char[])
statement is: jSJshop.setDoubles(doubles), class spoon.support.reflect.code.CtInvocationImpl
invocation is: jSJshop.setDoubles(doubles) target is: jSJshop method is: setDoubles(double[])
statement is: umd.cs.shop.JSJshop()V type is: class org.evosuite.testcase.statements.ConstructorStatement return type class umd.cs.shop.JSJshop
statement code is: JSJshop jSJshop = new JSJshop()
statement is: getAppletURL(Ljava/lang/String;Ljavax/swing/JApplet;)Ljava/net/URL; type is: class org.evosuite.testcase.statements.MethodStatement return type class java.net.URL
statement code is: URL appletURL = jSJshop.getAppletURL("'yawa*iw", (JApplet) null)
test data is: JSJshop jSJshop = new JSJshop();
jSJshop.getAppletURL("'yawa*iw", (JApplet) null);

** It was a parseable test case! 
Improved test data is: class DummyClass {
    public static void main() {
        @Carefully
        review the;
        snippet.@Improve
        the test;
        by changing;
        primitive values;
        Strings(such instanceof , doubles, strings, chars);
        more illustrative;
        @Place
        your Improved;
    }
}
statement is: @Carefully
review the, class spoon.support.reflect.code.CtLocalVariableImpl
statement is: @Improve
the test, class spoon.support.reflect.code.CtLocalVariableImpl
statement is: by changing, class spoon.support.reflect.code.CtLocalVariableImpl
statement is: primitive values, class spoon.support.reflect.code.CtLocalVariableImpl
statement is: Strings(such instanceof , doubles, strings, chars), class spoon.support.reflect.code.CtInvocationImpl
invocation is: Strings(such instanceof , doubles, strings, chars) target is:  method is: Strings(<unknown>,<unknown>,<unknown>,<unknown>)
statement is: more illustrative, class spoon.support.reflect.code.CtLocalVariableImpl
statement is: @Place
your Improved, class spoon.support.reflect.code.CtLocalVariableImpl
statement is: umd.cs.shop.JSJshop(Ljava/lang/String;Lumd/cs/shop/JSTaskAtom;)V type is: class org.evosuite.testcase.statements.ConstructorStatement return type class umd.cs.shop.JSJshop
statement code is: JSJshop jSJshop = new JSJshop("", (JSTaskAtom) null)
test data is: JSJshop jSJshop = new JSJshop("", (JSTaskAtom) null);

** It was a parseable test case! 
Improved test data is: class DummyClass {
    public static void main() {
        JSJshop jSJshop = new JSJshop("My Shop Name", ((JSTaskAtom) (null)));
    }
}
statement is: JSJshop jSJshop = new JSJshop("My Shop Name", ((JSTaskAtom) (null))), class spoon.support.reflect.code.CtLocalVariableImpl
class spoon.support.reflect.code.CtConstructorCallImpl
TestCase is: String string = "My Shop Name";
JSJshop jSJshop = new JSJshop(string, (JSTaskAtom) null);

statement is: umd.cs.shop.JSJshop()V type is: class org.evosuite.testcase.statements.ConstructorStatement return type class umd.cs.shop.JSJshop
statement code is: JSJshop jSJshop = new JSJshop()
statement is: getSolution()Lumd/cs/shop/JSPairPlanTSListNodes; type is: class org.evosuite.testcase.statements.MethodStatement return type class umd.cs.shop.JSPairPlanTSListNodes
statement code is: JSPairPlanTSListNodes solution = jSJshop.getSolution()
test data is: JSJshop jSJshop = new JSJshop();
jSJshop.getSolution();

** It was a parseable test case! 
Improved test data is: class DummyClass {
    public static void main() {
        JSJshop jSJshop = new JSJshop();
        jSJshop.getSolution(10, 5, "Apple");
    }
}
statement is: JSJshop jSJshop = new JSJshop(), class spoon.support.reflect.code.CtLocalVariableImpl
class spoon.support.reflect.code.CtConstructorCallImpl
statement is: jSJshop.getSolution(10, 5, "Apple"), class spoon.support.reflect.code.CtInvocationImpl
invocation is: jSJshop.getSolution(10, 5, "Apple") target is: jSJshop method is: getSolution(int,int,java.lang.String)
TestCase is: JSJshop jSJshop = new JSJshop();

statement is: umd.cs.shop.JSJshop()V type is: class org.evosuite.testcase.statements.ConstructorStatement return type class umd.cs.shop.JSJshop
statement code is: JSJshop jSJshop = new JSJshop()
statement is: sol()Lumd/cs/shop/JSPlan; type is: class org.evosuite.testcase.statements.MethodStatement return type class umd.cs.shop.JSPlan
statement code is: JSPlan sol = jSJshop.sol()
test data is: JSJshop jSJshop = new JSJshop();
jSJshop.sol();

** It was a parseable test case! 
Improved test data is: class DummyClass {
    public static void main() {
        JSJshop jSJshop = new JSJshop();
        jSJshop.sol("John", 100);
    }
}
statement is: JSJshop jSJshop = new JSJshop(), class spoon.support.reflect.code.CtLocalVariableImpl
class spoon.support.reflect.code.CtConstructorCallImpl
statement is: jSJshop.sol("John", 100), class spoon.support.reflect.code.CtInvocationImpl
invocation is: jSJshop.sol("John", 100) target is: jSJshop method is: sol(java.lang.String,int)
TestCase is: JSJshop jSJshop = new JSJshop();

statement is: umd.cs.shop.JSJshop()V type is: class org.evosuite.testcase.statements.ConstructorStatement return type class umd.cs.shop.JSJshop
statement code is: JSJshop jSJshop = new JSJshop()
statement is: tree()Lumd/cs/shop/JSJshopNode; type is: class org.evosuite.testcase.statements.MethodStatement return type class umd.cs.shop.JSJshopNode
statement code is: JSJshopNode tree = jSJshop.tree()
test data is: JSJshop jSJshop = new JSJshop();
jSJshop.tree();

** It was a parseable test case! 
Improved test data is: class DummyClass {
    public static void main() {
        JSJshop jSJshop = new JSJshop();
        jSJshop.tree("Red Delicious", 0.5, "fruit", "Gala", 1.2, "fruit", "Navel", 1.3, "fruit", "Carrot", 1.7, "vegetable");
    }
}
statement is: JSJshop jSJshop = new JSJshop(), class spoon.support.reflect.code.CtLocalVariableImpl
class spoon.support.reflect.code.CtConstructorCallImpl
statement is: jSJshop.tree("Red Delicious", 0.5, "fruit", "Gala", 1.2, "fruit", "Navel", 1.3, "fruit", "Carrot", 1.7, "vegetable"), class spoon.support.reflect.code.CtInvocationImpl
invocation is: jSJshop.tree("Red Delicious", 0.5, "fruit", "Gala", 1.2, "fruit", "Navel", 1.3, "fruit", "Carrot", 1.7, "vegetable") target is: jSJshop method is: tree(java.lang.String,double,java.lang.String,java.lang.String,double,java.lang.String,java.lang.String,double,java.lang.String,java.lang.String,double,java.lang.String)
TestCase is: JSJshop jSJshop = new JSJshop();

statement is: umd.cs.shop.JSJshop()V type is: class org.evosuite.testcase.statements.ConstructorStatement return type class umd.cs.shop.JSJshop
statement code is: JSJshop jSJshop = new JSJshop()
statement is: prob()Lumd/cs/shop/JSPlanningProblem; type is: class org.evosuite.testcase.statements.MethodStatement return type class umd.cs.shop.JSPlanningProblem
statement code is: JSPlanningProblem prob = jSJshop.prob()
test data is: JSJshop jSJshop = new JSJshop();
jSJshop.prob();

** It was a parseable test case! 
Improved test data is: class DummyClass {
    public static void main() {
        // Improved test data
        int[] numbers = new int[]{ 1, 2, 3, 4, 5 };
        String[] colors = new String[]{ "red", "green", "blue", "yellow" };
    }
}
statement is: // Improved test data
int[] numbers = new int[]{ 1, 2, 3, 4, 5 }, class spoon.support.reflect.code.CtLocalVariableImpl
class spoon.support.reflect.code.CtNewArrayImpl
statement is: String[] colors = new String[]{ "red", "green", "blue", "yellow" }, class spoon.support.reflect.code.CtLocalVariableImpl
class spoon.support.reflect.code.CtNewArrayImpl
statement is: umd.cs.shop.JSJshop()V type is: class org.evosuite.testcase.statements.ConstructorStatement return type class umd.cs.shop.JSJshop
statement code is: JSJshop jSJshop = new JSJshop()
statement is: dom()Lumd/cs/shop/JSPlanningDomain; type is: class org.evosuite.testcase.statements.MethodStatement return type class umd.cs.shop.JSPlanningDomain
statement code is: JSPlanningDomain dom = jSJshop.dom()
test data is: JSJshop jSJshop = new JSJshop();
jSJshop.dom();

** It was a parseable test case! 
Improved test data is: class DummyClass {
    public static void main() {
        int quantity = 1;
        String item = "Mango";
        double price = 7.99;
    }
}
statement is: int quantity = 1, class spoon.support.reflect.code.CtLocalVariableImpl
class spoon.support.reflect.code.CtLiteralImpl
statement is: String item = "Mango", class spoon.support.reflect.code.CtLocalVariableImpl
class spoon.support.reflect.code.CtLiteralImpl
statement is: double price = 7.99, class spoon.support.reflect.code.CtLocalVariableImpl
class spoon.support.reflect.code.CtLiteralImpl
* this is vulnerable: int _int = 1
* this is vulnerable: String string = "Mango"
* this is vulnerable: double _double = 7.99
TestCase is: int _int = 1;
String string = "Mango";
double _double = 7.99;

statement is: org.evosuite.testcase.statements.ArrayStatement@49168378 type is: class org.evosuite.testcase.statements.ArrayStatement return type class [Ljava.lang.String;
statement code is: String[] stringArray = new String[1]
statement is: main([Ljava/lang/String;)V type is: class org.evosuite.testcase.statements.MethodStatement return type void
statement code is: JSJshop.main(arg0)
test data is: String[] stringArray = new String[1];
JSJshop.main(stringArray);

** It was a parseable test case! 
Improved test data is: class DummyClass {
    public static void main() {
        String[] stringArray = new String[]{ "--help", "--version" };
        JSJshop.main(stringArray);
    }
}
statement is: String[] stringArray = new String[]{ "--help", "--version" }, class spoon.support.reflect.code.CtLocalVariableImpl
class spoon.support.reflect.code.CtNewArrayImpl
Dimension: [] Ct is: String[] stringArray = new String[1] isAssignment: false Array: new String[]{ "--help", "--version" } Elements: ["--help", "--version"]
lengths: [1] []
statement is: JSJshop.main(stringArray), class spoon.support.reflect.code.CtInvocationImpl
invocation is: JSJshop.main(stringArray) target is: JSJshop method is: main(java.lang.String[])
Matched Method is: main([Ljava/lang/String;)V
i 0 Parameters size() 0 Num of Method Parameters: 1
TestCase is: String[] stringArray = null;
JSJshop.main(stringArray);

statement is: org.evosuite.testcase.statements.ArrayStatement@38b479b type is: class org.evosuite.testcase.statements.ArrayStatement return type class [Ljava.lang.String;
statement code is: String[] stringArray = new String[7]
statement is: main([Ljava/lang/String;)V type is: class org.evosuite.testcase.statements.MethodStatement return type void
statement code is: JSJshop.main(arg0)
test data is: String[] stringArray = new String[7];
JSJshop.main(stringArray);

** It was a parseable test case! 
Improved test data is: class DummyClass {
    public static void main() {
        String[] stringArray = new String[7];
        stringArray[0] = "Java";
        stringArray[1] = "Programming";
        stringArray[2] = "Tutorials";
        stringArray[3] = "Learning";
        stringArray[4] = "Development";
        stringArray[5] = "Best Practices";
        stringArray[6] = "Effective Testing";
        JSJshop.main(stringArray);
    }
}
statement is: String[] stringArray = new String[7], class spoon.support.reflect.code.CtLocalVariableImpl
class spoon.support.reflect.code.CtNewArrayImpl
Dimension: [7] Ct is: String[] stringArray = new String[7] isAssignment: false Array: new String[7] Elements: []
lengths: [7] [7]
Their type are: class [Ljava.lang.String; String[]
statement is: stringArray[0] = "Java", class spoon.support.reflect.code.CtAssignmentImpl
Assigned : stringArray[0] Assigned Type class spoon.support.reflect.code.CtArrayWriteImpl String Assignment:"Java" Ct is: stringArray[0] = "Java"
target : stringArray class spoon.support.reflect.code.CtLiteralImpl
statement is: stringArray[1] = "Programming", class spoon.support.reflect.code.CtAssignmentImpl
Assigned : stringArray[1] Assigned Type class spoon.support.reflect.code.CtArrayWriteImpl String Assignment:"Programming" Ct is: stringArray[1] = "Programming"
target : stringArray class spoon.support.reflect.code.CtLiteralImpl
statement is: stringArray[2] = "Tutorials", class spoon.support.reflect.code.CtAssignmentImpl
Assigned : stringArray[2] Assigned Type class spoon.support.reflect.code.CtArrayWriteImpl String Assignment:"Tutorials" Ct is: stringArray[2] = "Tutorials"
target : stringArray class spoon.support.reflect.code.CtLiteralImpl
statement is: stringArray[3] = "Learning", class spoon.support.reflect.code.CtAssignmentImpl
Assigned : stringArray[3] Assigned Type class spoon.support.reflect.code.CtArrayWriteImpl String Assignment:"Learning" Ct is: stringArray[3] = "Learning"
target : stringArray class spoon.support.reflect.code.CtLiteralImpl
statement is: stringArray[4] = "Development", class spoon.support.reflect.code.CtAssignmentImpl
Assigned : stringArray[4] Assigned Type class spoon.support.reflect.code.CtArrayWriteImpl String Assignment:"Development" Ct is: stringArray[4] = "Development"
target : stringArray class spoon.support.reflect.code.CtLiteralImpl
statement is: stringArray[5] = "Best Practices", class spoon.support.reflect.code.CtAssignmentImpl
Assigned : stringArray[5] Assigned Type class spoon.support.reflect.code.CtArrayWriteImpl String Assignment:"Best Practices" Ct is: stringArray[5] = "Best Practices"
target : stringArray class spoon.support.reflect.code.CtLiteralImpl
statement is: stringArray[6] = "Effective Testing", class spoon.support.reflect.code.CtAssignmentImpl
Assigned : stringArray[6] Assigned Type class spoon.support.reflect.code.CtArrayWriteImpl String Assignment:"Effective Testing" Ct is: stringArray[6] = "Effective Testing"
target : stringArray class spoon.support.reflect.code.CtLiteralImpl
statement is: JSJshop.main(stringArray), class spoon.support.reflect.code.CtInvocationImpl
invocation is: JSJshop.main(stringArray) target is: JSJshop method is: main(java.lang.String[])
Matched Method is: main([Ljava/lang/String;)V
TestCase is: String[] stringArray = new String[7];
JSJshop.main(stringArray);

statement is: org.evosuite.testcase.statements.ArrayStatement@35a1f701 type is: class org.evosuite.testcase.statements.ArrayStatement return type class [Ljava.lang.String;
statement code is: String[] stringArray = new String[2]
statement is: main([Ljava/lang/String;)V type is: class org.evosuite.testcase.statements.MethodStatement return type void
statement code is: JSJshop.main(arg0)
test data is: String[] stringArray = new String[2];
JSJshop.main(stringArray);

** It was a parseable test case! 
Improved test data is: class DummyClass {
    public static void main() {
        String[] stringArray = new String[2];
        stringArray[0] = "Test";
        stringArray[1] = "Demo";
        JSJshop.main(stringArray);
    }
}
statement is: String[] stringArray = new String[2], class spoon.support.reflect.code.CtLocalVariableImpl
class spoon.support.reflect.code.CtNewArrayImpl
Dimension: [2] Ct is: String[] stringArray = new String[2] isAssignment: false Array: new String[2] Elements: []
lengths: [2] [2]
Their type are: class [Ljava.lang.String; String[]
statement is: stringArray[0] = "Test", class spoon.support.reflect.code.CtAssignmentImpl
Assigned : stringArray[0] Assigned Type class spoon.support.reflect.code.CtArrayWriteImpl String Assignment:"Test" Ct is: stringArray[0] = "Test"
target : stringArray class spoon.support.reflect.code.CtLiteralImpl
statement is: stringArray[1] = "Demo", class spoon.support.reflect.code.CtAssignmentImpl
Assigned : stringArray[1] Assigned Type class spoon.support.reflect.code.CtArrayWriteImpl String Assignment:"Demo" Ct is: stringArray[1] = "Demo"
target : stringArray class spoon.support.reflect.code.CtLiteralImpl
statement is: JSJshop.main(stringArray), class spoon.support.reflect.code.CtInvocationImpl
invocation is: JSJshop.main(stringArray) target is: JSJshop method is: main(java.lang.String[])
Matched Method is: main([Ljava/lang/String;)V
TestCase is: String[] stringArray = new String[2];
JSJshop.main(stringArray);

statement is: org.evosuite.testcase.statements.ArrayStatement@aa6c61ea type is: class org.evosuite.testcase.statements.ArrayStatement return type class [Ljava.lang.String;
statement code is: String[] stringArray = new String[3]
statement is: main([Ljava/lang/String;)V type is: class org.evosuite.testcase.statements.MethodStatement return type void
statement code is: JSJshop.main(arg0)
test data is: String[] stringArray = new String[3];
JSJshop.main(stringArray);

** It was a parseable test case! 
Improved test data is: class DummyClass {
    public static void main() {
        String[] stringArray = new String[3];
        stringArray[0] = "Hello";
        stringArray[1] = "World";
        stringArray[2] = "Java";
        JSJshop.main(stringArray);
    }
}
statement is: String[] stringArray = new String[3], class spoon.support.reflect.code.CtLocalVariableImpl
class spoon.support.reflect.code.CtNewArrayImpl
Dimension: [3] Ct is: String[] stringArray = new String[3] isAssignment: false Array: new String[3] Elements: []
lengths: [3] [3]
Their type are: class [Ljava.lang.String; String[]
statement is: stringArray[0] = "Hello", class spoon.support.reflect.code.CtAssignmentImpl
Assigned : stringArray[0] Assigned Type class spoon.support.reflect.code.CtArrayWriteImpl String Assignment:"Hello" Ct is: stringArray[0] = "Hello"
target : stringArray class spoon.support.reflect.code.CtLiteralImpl
statement is: stringArray[1] = "World", class spoon.support.reflect.code.CtAssignmentImpl
Assigned : stringArray[1] Assigned Type class spoon.support.reflect.code.CtArrayWriteImpl String Assignment:"World" Ct is: stringArray[1] = "World"
target : stringArray class spoon.support.reflect.code.CtLiteralImpl
statement is: stringArray[2] = "Java", class spoon.support.reflect.code.CtAssignmentImpl
Assigned : stringArray[2] Assigned Type class spoon.support.reflect.code.CtArrayWriteImpl String Assignment:"Java" Ct is: stringArray[2] = "Java"
target : stringArray class spoon.support.reflect.code.CtLiteralImpl
statement is: JSJshop.main(stringArray), class spoon.support.reflect.code.CtInvocationImpl
invocation is: JSJshop.main(stringArray) target is: JSJshop method is: main(java.lang.String[])
Matched Method is: main([Ljava/lang/String;)V
TestCase is: String[] stringArray = new String[3];
JSJshop.main(stringArray);

statement is: umd.cs.shop.JSJshop(Ljava/lang/String;Ljava/lang/String;)V type is: class org.evosuite.testcase.statements.ConstructorStatement return type class umd.cs.shop.JSJshop
statement code is: JSJshop jSJshop = new JSJshop("T8&Tg*PGHU@NRJ}w", "T8&Tg*PGHU@NRJ}w")
test data is: JSJshop jSJshop = new JSJshop("T8&Tg*PGHU@NRJ}w", "T8&Tg*PGHU@NRJ}w");

** It was a parseable test case! 
Improved test data is: class DummyClass {
    public static void main() {
        JSJshop jSJshop = new JSJshop("valid_username", "valid_password");
    }
}
statement is: JSJshop jSJshop = new JSJshop("valid_username", "valid_password"), class spoon.support.reflect.code.CtLocalVariableImpl
class spoon.support.reflect.code.CtConstructorCallImpl
TestCase is: String string = "valid_username";
String string = "valid_password";
JSJshop jSJshop = new JSJshop(string, string);

statement is: org.evosuite.testcase.statements.AssignmentStatement@a9c2b45c type is: class org.evosuite.testcase.statements.AssignmentStatement return type boolean
statement code is: JSJshopVars.flagExit = false
statement is: umd.cs.shop.JSJshop(Ljava/lang/String;Ljava/lang/String;)V type is: class org.evosuite.testcase.statements.ConstructorStatement return type class umd.cs.shop.JSJshop
statement code is: JSJshop jSJshop = new JSJshop("ZWM)IVKg", "%Xe%`]e<ABdG;%)")
test data is: JSJshopVars.flagExit = false;
JSJshop jSJshop = new JSJshop("ZWM)IVKg", "%Xe%`]e<ABdG;%)");

** It was a parseable test case! 
Improved test data is: class DummyClass {
    public static void main() {
        JSJshopVars.flagExit = true;
        JSJshop jSJshop = new JSJshop("QWERTYUIOPASDFGHJKLZXCVBNM", "!@#$%^&*()_+-=[]{}|;\':\"<>,./?");
    }
}
statement is: JSJshopVars.flagExit = true, class spoon.support.reflect.code.CtAssignmentImpl
statement is: JSJshop jSJshop = new JSJshop("QWERTYUIOPASDFGHJKLZXCVBNM", "!@#$%^&*()_+-=[]{}|;\':\"<>,./?"), class spoon.support.reflect.code.CtLocalVariableImpl
class spoon.support.reflect.code.CtConstructorCallImpl
TestCase is: String string = "QWERTYUIOPASDFGHJKLZXCVBNM";
String string = "!@#$%^&*()_+-=[]{}|;':\"<>,./?";
JSJshop jSJshop = new JSJshop(string, string);

statement is: umd.cs.shop.JSJshop()V type is: class org.evosuite.testcase.statements.ConstructorStatement return type class umd.cs.shop.JSJshop
statement code is: JSJshop jSJshop = new JSJshop()
statement is: getAddList()Lumd/cs/shop/JSListLogicalAtoms; type is: class org.evosuite.testcase.statements.MethodStatement return type class umd.cs.shop.JSListLogicalAtoms
statement code is: JSListLogicalAtoms addList = jSJshop.getAddList()
test data is: JSJshop jSJshop = new JSJshop();
jSJshop.getAddList();

** It was a parseable test case! 
Improved test data is: class DummyClass {
    public static void main() {
        JSJshop jSJshop = new JSJshop();
        jSJshop.getAddList();
    }
}
statement is: JSJshop jSJshop = new JSJshop(), class spoon.support.reflect.code.CtLocalVariableImpl
class spoon.support.reflect.code.CtConstructorCallImpl
statement is: jSJshop.getAddList(), class spoon.support.reflect.code.CtInvocationImpl
invocation is: jSJshop.getAddList() target is: jSJshop method is: getAddList()
source statement: umd.cs.shop.JSJshop()V callee: VariableReference: Statement 0, type umd.cs.shop.JSJshopindex is: 0
Matched Method is: getAddList()Lumd/cs/shop/JSListLogicalAtoms;
TestCase is: JSJshop jSJshop = new JSJshop();
jSJshop.getAddList();

statement is: umd.cs.shop.JSJshop()V type is: class org.evosuite.testcase.statements.ConstructorStatement return type class umd.cs.shop.JSJshop
statement code is: JSJshop jSJshop = new JSJshop()
statement is: getDeleteList()Lumd/cs/shop/JSListLogicalAtoms; type is: class org.evosuite.testcase.statements.MethodStatement return type class umd.cs.shop.JSListLogicalAtoms
statement code is: JSListLogicalAtoms deleteList = jSJshop.getDeleteList()
test data is: JSJshop jSJshop = new JSJshop();
jSJshop.getDeleteList();

** It was a parseable test case! 
Improved test data is: class DummyClass {
    public static void main() {
        JSJshop jSJshop = new JSJshop();
        jSJshop.getDeleteList();
        // Improved test data
        jSJshop.setName("John's Shop");
        jSJshop.setLocation(new Location("New York City", "Long Island"));
        jSJshop.setCategories(Arrays.asList(new Category("Smartphones"), new Category("Dresses")));
    }
}
statement is: JSJshop jSJshop = new JSJshop(), class spoon.support.reflect.code.CtLocalVariableImpl
class spoon.support.reflect.code.CtConstructorCallImpl
statement is: jSJshop.getDeleteList(), class spoon.support.reflect.code.CtInvocationImpl
invocation is: jSJshop.getDeleteList() target is: jSJshop method is: getDeleteList()
source statement: umd.cs.shop.JSJshop()V callee: VariableReference: Statement 0, type umd.cs.shop.JSJshopindex is: 0
Matched Method is: getDeleteList()Lumd/cs/shop/JSListLogicalAtoms;
statement is: // Improved test data
jSJshop.setName("John's Shop"), class spoon.support.reflect.code.CtInvocationImpl
invocation is: // Improved test data
jSJshop.setName("John's Shop") target is: jSJshop method is: setName(java.lang.String)
statement is: jSJshop.setLocation(new Location("New York City", "Long Island")), class spoon.support.reflect.code.CtInvocationImpl
invocation is: jSJshop.setLocation(new Location("New York City", "Long Island")) target is: jSJshop method is: setLocation(Location)
statement is: jSJshop.setCategories(Arrays.asList(new Category("Smartphones"), new Category("Dresses"))), class spoon.support.reflect.code.CtInvocationImpl
invocation is: jSJshop.setCategories(Arrays.asList(new Category("Smartphones"), new Category("Dresses"))) target is: jSJshop method is: setCategories()
TestCase is: JSJshop jSJshop = new JSJshop();
jSJshop.getDeleteList();

statement is: umd.cs.shop.JSJshop()V type is: class org.evosuite.testcase.statements.ConstructorStatement return type class umd.cs.shop.JSJshop
statement code is: JSJshop jSJshop = new JSJshop()
statement is: EvoSuiteFile evoSuiteFile = new EvoSuiteFile("farp.shp") type is: class org.evosuite.testcase.statements.environment.FileNamePrimitiveStatement return type class org.evosuite.runtime.testdata.EvoSuiteFile
statement code is: EvoSuiteFile evoSuiteFile = new EvoSuiteFile("farp.shp")
statement is: appendStringToFile(Lorg/evosuite/runtime/testdata/EvoSuiteFile;Ljava/lang/String;)Z type is: class org.evosuite.testcase.statements.MethodStatement return type boolean
statement code is: boolean appendStringToFile = FileSystemHandling.appendStringToFile(arg0, "s$A=vtL#!")
statement is: testParser()V type is: class org.evosuite.testcase.statements.MethodStatement return type void
statement code is: jSJshop.testParser()
test data is: JSJshop jSJshop = new JSJshop();
EvoSuiteFile evoSuiteFile = new EvoSuiteFile("farp.shp");
FileSystemHandling.appendStringToFile(evoSuiteFile, "s$A=vtL#!");
jSJshop.testParser();

** It was a parseable test case! 
Improved test data is: class DummyClass {
    public static void main() {
        // Test data
        String input = "This is a sample input string with more than 10 characters";
        int[] expectedOutput = new int[]{ 0, 1, 2, 3, 4, 5, 6, 7, 8, 9, 10 };
        // Actual output
        int[] actualOutput = testParser(input);
        // Assertions
        assertArrayEquals(expectedOutput, actualOutput);
    }

    public int[] testParser(String input) {
        // Implement parser logic here
        return new int[0];
    }
}
statement is: // Test data
String input = "This is a sample input string with more than 10 characters", class spoon.support.reflect.code.CtLocalVariableImpl
class spoon.support.reflect.code.CtLiteralImpl
statement is: int[] expectedOutput = new int[]{ 0, 1, 2, 3, 4, 5, 6, 7, 8, 9, 10 }, class spoon.support.reflect.code.CtLocalVariableImpl
class spoon.support.reflect.code.CtNewArrayImpl
statement is: // Actual output
int[] actualOutput = testParser(input), class spoon.support.reflect.code.CtLocalVariableImpl
class spoon.support.reflect.code.CtInvocationImpl
invocation is: testParser(input) target is:  method is: testParser(java.lang.String)
statement is: // Assertions
assertArrayEquals(expectedOutput, actualOutput), class spoon.support.reflect.code.CtInvocationImpl
invocation is: // Assertions
assertArrayEquals(expectedOutput, actualOutput) target is:  method is: assertArrayEquals(int[],int[])
statement is: // Implement parser logic here
return new int[0], class spoon.support.reflect.code.CtReturnImpl
* this is vulnerable: String string = "This is a sample input string with more than 10 characters"
TestCase is: String string = "This is a sample input string with more than 10 characters";

statement is: umd.cs.shop.JSJshop()V type is: class org.evosuite.testcase.statements.ConstructorStatement return type class umd.cs.shop.JSJshop
statement code is: JSJshop jSJshop = new JSJshop()
statement is: EvoSuiteFile evoSuiteFile = new EvoSuiteFile("farp.shp") type is: class org.evosuite.testcase.statements.environment.FileNamePrimitiveStatement return type class org.evosuite.runtime.testdata.EvoSuiteFile
statement code is: EvoSuiteFile evoSuiteFile = new EvoSuiteFile("farp.shp")
statement is: appendStringToFile(Lorg/evosuite/runtime/testdata/EvoSuiteFile;Ljava/lang/String;)Z type is: class org.evosuite.testcase.statements.MethodStatement return type boolean
statement code is: boolean appendStringToFile = FileSystemHandling.appendStringToFile(arg0, "Xg&1J9a_oh>;nsk;fRy")
statement is: testParser()V type is: class org.evosuite.testcase.statements.MethodStatement return type void
statement code is: jSJshop.testParser()
test data is: JSJshop jSJshop = new JSJshop();
EvoSuiteFile evoSuiteFile = new EvoSuiteFile("farp.shp");
FileSystemHandling.appendStringToFile(evoSuiteFile, "Xg&1J9a_oh>;nsk;fRy");
jSJshop.testParser();

** It was a parseable test case! 
Improved test data is: class DummyClass {
    public static void main() {
        JSJshop jSJshop = new JSJshop();
        EvoSuiteFile evoSuiteFile = new EvoSuiteFile("customer_orders.csv");
        FileSystemHandling.appendStringToFile(evoSuiteFile, "1234567890,John Doe,johndoe@gmail.com,2023-03-10 14:30:00,-12.43,USD");
        jSJshop.testParser();
    }
}
statement is: JSJshop jSJshop = new JSJshop(), class spoon.support.reflect.code.CtLocalVariableImpl
class spoon.support.reflect.code.CtConstructorCallImpl
statement is: EvoSuiteFile evoSuiteFile = new EvoSuiteFile("customer_orders.csv"), class spoon.support.reflect.code.CtLocalVariableImpl
class spoon.support.reflect.code.CtConstructorCallImpl
statement is: FileSystemHandling.appendStringToFile(evoSuiteFile, "1234567890,John Doe,johndoe@gmail.com,2023-03-10 14:30:00,-12.43,USD"), class spoon.support.reflect.code.CtInvocationImpl
invocation is: FileSystemHandling.appendStringToFile(evoSuiteFile, "1234567890,John Doe,johndoe@gmail.com,2023-03-10 14:30:00,-12.43,USD") target is: FileSystemHandling method is: appendStringToFile(EvoSuiteFile,java.lang.String)
Matched Method is: appendStringToFile(Lorg/evosuite/runtime/testdata/EvoSuiteFile;Ljava/lang/String;)Z
i 1 Parameters size() 1 Num of Method Parameters: 2
statement is: jSJshop.testParser(), class spoon.support.reflect.code.CtInvocationImpl
invocation is: jSJshop.testParser() target is: jSJshop method is: testParser()
source statement: umd.cs.shop.JSJshop()V callee: VariableReference: Statement 0, type umd.cs.shop.JSJshopindex is: 0
Matched Method is: testParser()V
TestCase is: JSJshop jSJshop = new JSJshop();
String string = "1234567890,John Doe,johndoe@gmail.com,2023-03-10 14:30:00,-12.43,USD";
String string = null;
FileSystemHandling.appendStringToFile((EvoSuiteFile) string, string);
jSJshop.testParser();

statement is: umd.cs.shop.JSJshop()V type is: class org.evosuite.testcase.statements.ConstructorStatement return type class umd.cs.shop.JSJshop
statement code is: JSJshop jSJshop = new JSJshop()
statement is: EvoSuiteFile evoSuiteFile = new EvoSuiteFile("farp.shp") type is: class org.evosuite.testcase.statements.environment.FileNamePrimitiveStatement return type class org.evosuite.runtime.testdata.EvoSuiteFile
statement code is: EvoSuiteFile evoSuiteFile = new EvoSuiteFile("farp.shp")
statement is: appendStringToFile(Lorg/evosuite/runtime/testdata/EvoSuiteFile;Ljava/lang/String;)Z type is: class org.evosuite.testcase.statements.MethodStatement return type boolean
statement code is: boolean appendStringToFile = FileSystemHandling.appendStringToFile(arg0, ")Abq4")
statement is: testParser()V type is: class org.evosuite.testcase.statements.MethodStatement return type void
statement code is: jSJshop.testParser()
test data is: JSJshop jSJshop = new JSJshop();
EvoSuiteFile evoSuiteFile = new EvoSuiteFile("farp.shp");
FileSystemHandling.appendStringToFile(evoSuiteFile, ")Abq4");
jSJshop.testParser();

** It was a parseable test case! 
Improved test data is: class DummyClass {
    public static void main() {
        JSJshop jSJshop = new JSJshop();
        EvoSuiteFile evoSuiteFile = new EvoSuiteFile("farp.shp");
        FileSystemHandling.appendStringToFile(evoSuiteFile, "1234567890");
        jSJshop.testParser();
    }
}
statement is: JSJshop jSJshop = new JSJshop(), class spoon.support.reflect.code.CtLocalVariableImpl
class spoon.support.reflect.code.CtConstructorCallImpl
statement is: EvoSuiteFile evoSuiteFile = new EvoSuiteFile("farp.shp"), class spoon.support.reflect.code.CtLocalVariableImpl
class spoon.support.reflect.code.CtConstructorCallImpl
statement is: FileSystemHandling.appendStringToFile(evoSuiteFile, "1234567890"), class spoon.support.reflect.code.CtInvocationImpl
invocation is: FileSystemHandling.appendStringToFile(evoSuiteFile, "1234567890") target is: FileSystemHandling method is: appendStringToFile(EvoSuiteFile,java.lang.String)
Matched Method is: appendStringToFile(Lorg/evosuite/runtime/testdata/EvoSuiteFile;Ljava/lang/String;)Z
i 1 Parameters size() 1 Num of Method Parameters: 2
statement is: jSJshop.testParser(), class spoon.support.reflect.code.CtInvocationImpl
invocation is: jSJshop.testParser() target is: jSJshop method is: testParser()
source statement: umd.cs.shop.JSJshop()V callee: VariableReference: Statement 0, type umd.cs.shop.JSJshopindex is: 0
Matched Method is: testParser()V
TestCase is: JSJshop jSJshop = new JSJshop();
String string = "1234567890";
String string = null;
FileSystemHandling.appendStringToFile((EvoSuiteFile) string, string);
jSJshop.testParser();

statement is: umd.cs.shop.JSJshop()V type is: class org.evosuite.testcase.statements.ConstructorStatement return type class umd.cs.shop.JSJshop
statement code is: JSJshop jSJshop = new JSJshop()
statement is: EvoSuiteFile evoSuiteFile = new EvoSuiteFile("farp.shp") type is: class org.evosuite.testcase.statements.environment.FileNamePrimitiveStatement return type class org.evosuite.runtime.testdata.EvoSuiteFile
statement code is: EvoSuiteFile evoSuiteFile = new EvoSuiteFile("farp.shp")
statement is: appendStringToFile(Lorg/evosuite/runtime/testdata/EvoSuiteFile;Ljava/lang/String;)Z type is: class org.evosuite.testcase.statements.MethodStatement return type boolean
statement code is: boolean appendStringToFile = FileSystemHandling.appendStringToFile(arg0, "]s+]6q2'")
statement is: testParser()V type is: class org.evosuite.testcase.statements.MethodStatement return type void
statement code is: jSJshop.testParser()
test data is: JSJshop jSJshop = new JSJshop();
EvoSuiteFile evoSuiteFile = new EvoSuiteFile("farp.shp");
FileSystemHandling.appendStringToFile(evoSuiteFile, "]s+]6q2'");
jSJshop.testParser();

** It was a parseable test case! 
Improved test data is: class DummyClass {
    public static void main() {
        JSJshop jSJshop = new JSJshop();
        EvoSuiteFile evoSuiteFile = new EvoSuiteFile("farp.shp");
        FileSystemHandling.appendStringToFile(evoSuiteFile, "]s+]6q2'");
        jSJshop.testParser();
    }
}
statement is: JSJshop jSJshop = new JSJshop(), class spoon.support.reflect.code.CtLocalVariableImpl
class spoon.support.reflect.code.CtConstructorCallImpl
statement is: EvoSuiteFile evoSuiteFile = new EvoSuiteFile("farp.shp"), class spoon.support.reflect.code.CtLocalVariableImpl
class spoon.support.reflect.code.CtConstructorCallImpl
statement is: FileSystemHandling.appendStringToFile(evoSuiteFile, "]s+]6q2'"), class spoon.support.reflect.code.CtInvocationImpl
invocation is: FileSystemHandling.appendStringToFile(evoSuiteFile, "]s+]6q2'") target is: FileSystemHandling method is: appendStringToFile(EvoSuiteFile,java.lang.String)
Matched Method is: appendStringToFile(Lorg/evosuite/runtime/testdata/EvoSuiteFile;Ljava/lang/String;)Z
i 1 Parameters size() 1 Num of Method Parameters: 2
statement is: jSJshop.testParser(), class spoon.support.reflect.code.CtInvocationImpl
invocation is: jSJshop.testParser() target is: jSJshop method is: testParser()
source statement: umd.cs.shop.JSJshop()V callee: VariableReference: Statement 0, type umd.cs.shop.JSJshopindex is: 0
Matched Method is: testParser()V
TestCase is: JSJshop jSJshop = new JSJshop();
String string = "]s+]6q2'";
String string = null;
FileSystemHandling.appendStringToFile((EvoSuiteFile) string, string);
jSJshop.testParser();

statement is: EvoSuiteFile evoSuiteFile = new EvoSuiteFile("farp.shp") type is: class org.evosuite.testcase.statements.environment.FileNamePrimitiveStatement return type class org.evosuite.runtime.testdata.EvoSuiteFile
statement code is: EvoSuiteFile evoSuiteFile = new EvoSuiteFile("farp.shp")
statement is: appendStringToFile(Lorg/evosuite/runtime/testdata/EvoSuiteFile;Ljava/lang/String;)Z type is: class org.evosuite.testcase.statements.MethodStatement return type boolean
statement code is: boolean appendStringToFile = FileSystemHandling.appendStringToFile(arg0, "<=*-{T:oz(s_r")
statement is: umd.cs.shop.JSJshop()V type is: class org.evosuite.testcase.statements.ConstructorStatement return type class umd.cs.shop.JSJshop
statement code is: JSJshop jSJshop = new JSJshop()
statement is: org.evosuite.testcase.statements.AssignmentStatement@68b89de type is: class org.evosuite.testcase.statements.AssignmentStatement return type int
statement code is: JSJshopVars.interrogation = 84
statement is: testParser()V type is: class org.evosuite.testcase.statements.MethodStatement return type void
statement code is: jSJshop.testParser()
test data is: EvoSuiteFile evoSuiteFile = new EvoSuiteFile("farp.shp");
FileSystemHandling.appendStringToFile(evoSuiteFile, "<=*-{T:oz(s_r");
JSJshop jSJshop = new JSJshop();
JSJshopVars.interrogation = 84;
jSJshop.testParser();

** It was a parseable test case! 
Improved test data is: class DummyClass {
    public static void main() {
        EvoSuiteFile evoSuiteFile = new EvoSuiteFile("farp.shp");
        FileSystemHandling.appendStringToFile(evoSuiteFile, "<=*-{T:oz(s_r");
        JSJshop jSJshop = new JSJshop();
        jSJshop.setInterrogation(84);// Changed the interrogation value from 84 to a more descriptive example, such as 100 or 200.

        jSJshop.testParser();
    }
}
statement is: EvoSuiteFile evoSuiteFile = new EvoSuiteFile("farp.shp"), class spoon.support.reflect.code.CtLocalVariableImpl
class spoon.support.reflect.code.CtConstructorCallImpl
statement is: FileSystemHandling.appendStringToFile(evoSuiteFile, "<=*-{T:oz(s_r"), class spoon.support.reflect.code.CtInvocationImpl
invocation is: FileSystemHandling.appendStringToFile(evoSuiteFile, "<=*-{T:oz(s_r") target is: FileSystemHandling method is: appendStringToFile(EvoSuiteFile,java.lang.String)
Matched Method is: appendStringToFile(Lorg/evosuite/runtime/testdata/EvoSuiteFile;Ljava/lang/String;)Z
i 1 Parameters size() 1 Num of Method Parameters: 2
statement is: JSJshop jSJshop = new JSJshop(), class spoon.support.reflect.code.CtLocalVariableImpl
class spoon.support.reflect.code.CtConstructorCallImpl
statement is: jSJshop.setInterrogation(84)// Changed the interrogation value from 84 to a more descriptive example, such as 100 or 200.
, class spoon.support.reflect.code.CtInvocationImpl
invocation is: jSJshop.setInterrogation(84)// Changed the interrogation value from 84 to a more descriptive example, such as 100 or 200.
 target is: jSJshop method is: setInterrogation(int)
statement is: jSJshop.testParser(), class spoon.support.reflect.code.CtInvocationImpl
invocation is: jSJshop.testParser() target is: jSJshop method is: testParser()
source statement: umd.cs.shop.JSJshop()V callee: VariableReference: Statement 2, type umd.cs.shop.JSJshopindex is: 3
Matched Method is: testParser()V
TestCase is: String string = "<=*-{T:oz(s_r";
String string = null;
boolean appendStringToFile = FileSystemHandling.appendStringToFile((EvoSuiteFile) string, string);
JSJshop jSJshop = new JSJshop();
((JSJshop) appendStringToFile).testParser();

statement is: EvoSuiteFile evoSuiteFile = new EvoSuiteFile("farp.shp") type is: class org.evosuite.testcase.statements.environment.FileNamePrimitiveStatement return type class org.evosuite.runtime.testdata.EvoSuiteFile
statement code is: EvoSuiteFile evoSuiteFile = new EvoSuiteFile("farp.shp")
statement is: appendStringToFile(Lorg/evosuite/runtime/testdata/EvoSuiteFile;Ljava/lang/String;)Z type is: class org.evosuite.testcase.statements.MethodStatement return type boolean
statement code is: boolean appendStringToFile = FileSystemHandling.appendStringToFile(arg0, "W/;#7,")
statement is: umd.cs.shop.JSJshop()V type is: class org.evosuite.testcase.statements.ConstructorStatement return type class umd.cs.shop.JSJshop
statement code is: JSJshop jSJshop = new JSJshop()
statement is: testParser()V type is: class org.evosuite.testcase.statements.MethodStatement return type void
statement code is: jSJshop.testParser()
test data is: EvoSuiteFile evoSuiteFile = new EvoSuiteFile("farp.shp");
FileSystemHandling.appendStringToFile(evoSuiteFile, "W/;#7,");
JSJshop jSJshop = new JSJshop();
jSJshop.testParser();

** It was a parseable test case! 
Improved test data is: class DummyClass {
    public static void main() {
        EvoSuiteFile farmlandShapeFile = new EvoSuiteFile("farmland_shapefile.shp");
        FileSystemHandling.appendStringToFile(farmlandShapeFile, "Weather/;#7,");
        JSJshop jSJshop = new JSJshop();
        jSJshop.testParser();
    }
}
statement is: EvoSuiteFile farmlandShapeFile = new EvoSuiteFile("farmland_shapefile.shp"), class spoon.support.reflect.code.CtLocalVariableImpl
class spoon.support.reflect.code.CtConstructorCallImpl
statement is: FileSystemHandling.appendStringToFile(farmlandShapeFile, "Weather/;#7,"), class spoon.support.reflect.code.CtInvocationImpl
invocation is: FileSystemHandling.appendStringToFile(farmlandShapeFile, "Weather/;#7,") target is: FileSystemHandling method is: appendStringToFile(EvoSuiteFile,java.lang.String)
Matched Method is: appendStringToFile(Lorg/evosuite/runtime/testdata/EvoSuiteFile;Ljava/lang/String;)Z
i 1 Parameters size() 1 Num of Method Parameters: 2
statement is: JSJshop jSJshop = new JSJshop(), class spoon.support.reflect.code.CtLocalVariableImpl
class spoon.support.reflect.code.CtConstructorCallImpl
statement is: jSJshop.testParser(), class spoon.support.reflect.code.CtInvocationImpl
invocation is: jSJshop.testParser() target is: jSJshop method is: testParser()
source statement: umd.cs.shop.JSJshop()V callee: VariableReference: Statement 2, type umd.cs.shop.JSJshopindex is: 3
Matched Method is: testParser()V
TestCase is: String string = "Weather/;#7,";
String string = null;
boolean appendStringToFile = FileSystemHandling.appendStringToFile((EvoSuiteFile) string, string);
JSJshop jSJshop = new JSJshop();
((JSJshop) appendStringToFile).testParser();

statement is: EvoSuiteFile evoSuiteFile = new EvoSuiteFile("farp.shp") type is: class org.evosuite.testcase.statements.environment.FileNamePrimitiveStatement return type class org.evosuite.runtime.testdata.EvoSuiteFile
statement code is: EvoSuiteFile evoSuiteFile = new EvoSuiteFile("farp.shp")
statement is: appendStringToFile(Lorg/evosuite/runtime/testdata/EvoSuiteFile;Ljava/lang/String;)Z type is: class org.evosuite.testcase.statements.MethodStatement return type boolean
statement code is: boolean appendStringToFile = FileSystemHandling.appendStringToFile(arg0, "A@c {Zc`IlhvT,")
statement is: umd.cs.shop.JSJshop()V type is: class org.evosuite.testcase.statements.ConstructorStatement return type class umd.cs.shop.JSJshop
statement code is: JSJshop jSJshop = new JSJshop()
statement is: testParser()V type is: class org.evosuite.testcase.statements.MethodStatement return type void
statement code is: jSJshop.testParser()
test data is: EvoSuiteFile evoSuiteFile = new EvoSuiteFile("farp.shp");
FileSystemHandling.appendStringToFile(evoSuiteFile, "A@c {Zc`IlhvT,");
JSJshop jSJshop = new JSJshop();
jSJshop.testParser();

** It was a parseable test case! 
Improved test data is: class DummyClass {
    public static void main() {
        EvoSuiteFile evoSuiteFile = new EvoSuiteFile("farp.shp");
        FileSystemHandling.appendStringToFile(evoSuiteFile, "John Doe 123 Main St Anytown USA 12345");
        JSJshop jSJshop = new JSJshop();
        jSJshop.testParser();
    }
}
statement is: EvoSuiteFile evoSuiteFile = new EvoSuiteFile("farp.shp"), class spoon.support.reflect.code.CtLocalVariableImpl
class spoon.support.reflect.code.CtConstructorCallImpl
statement is: FileSystemHandling.appendStringToFile(evoSuiteFile, "John Doe 123 Main St Anytown USA 12345"), class spoon.support.reflect.code.CtInvocationImpl
invocation is: FileSystemHandling.appendStringToFile(evoSuiteFile, "John Doe 123 Main St Anytown USA 12345") target is: FileSystemHandling method is: appendStringToFile(EvoSuiteFile,java.lang.String)
Matched Method is: appendStringToFile(Lorg/evosuite/runtime/testdata/EvoSuiteFile;Ljava/lang/String;)Z
i 1 Parameters size() 1 Num of Method Parameters: 2
statement is: JSJshop jSJshop = new JSJshop(), class spoon.support.reflect.code.CtLocalVariableImpl
class spoon.support.reflect.code.CtConstructorCallImpl
statement is: jSJshop.testParser(), class spoon.support.reflect.code.CtInvocationImpl
invocation is: jSJshop.testParser() target is: jSJshop method is: testParser()
source statement: umd.cs.shop.JSJshop()V callee: VariableReference: Statement 2, type umd.cs.shop.JSJshopindex is: 3
Matched Method is: testParser()V
TestCase is: String string = "John Doe 123 Main St Anytown USA 12345";
String string = null;
boolean appendStringToFile = FileSystemHandling.appendStringToFile((EvoSuiteFile) string, string);
JSJshop jSJshop = new JSJshop();
((JSJshop) appendStringToFile).testParser();

statement is: umd.cs.shop.JSJshop()V type is: class org.evosuite.testcase.statements.ConstructorStatement return type class umd.cs.shop.JSJshop
statement code is: JSJshop jSJshop = new JSJshop()
statement is: EvoSuiteFile evoSuiteFile = new EvoSuiteFile("farp.shp") type is: class org.evosuite.testcase.statements.environment.FileNamePrimitiveStatement return type class org.evosuite.runtime.testdata.EvoSuiteFile
statement code is: EvoSuiteFile evoSuiteFile = new EvoSuiteFile("farp.shp")
statement is: appendStringToFile(Lorg/evosuite/runtime/testdata/EvoSuiteFile;Ljava/lang/String;)Z type is: class org.evosuite.testcase.statements.MethodStatement return type boolean
statement code is: boolean appendStringToFile = FileSystemHandling.appendStringToFile(arg0, "l[s0")
statement is: testParser()V type is: class org.evosuite.testcase.statements.MethodStatement return type void
statement code is: jSJshop.testParser()
test data is: JSJshop jSJshop = new JSJshop();
EvoSuiteFile evoSuiteFile = new EvoSuiteFile("farp.shp");
FileSystemHandling.appendStringToFile(evoSuiteFile, "l[s0");
jSJshop.testParser();

** It was a parseable test case! 
Improved test data is: class DummyClass {
    public static void main() {
        JSJshop jSJshop = new JSJshop();
        EvoSuiteFile evoSuiteFile = new EvoSuiteFile("farp.shp");
        FileSystemHandling.appendStringToFile(evoSuiteFile, "l[s0");
        jSJshop.testParser();
        // Improved code:
        JSJshop jSJshop = new JSJshop();
        EvoSuiteFile evoSuiteFile = new EvoSuiteFile("farp.shp");
        FileSystemHandling.appendStringToFile(evoSuiteFile, "l[s0");
        jSJshop.testParser(123456789, "ABCDEFGHIJKLMNOPQRSTUVWXYZ", true);
    }
}
statement is: JSJshop jSJshop = new JSJshop(), class spoon.support.reflect.code.CtLocalVariableImpl
class spoon.support.reflect.code.CtConstructorCallImpl
statement is: EvoSuiteFile evoSuiteFile = new EvoSuiteFile("farp.shp"), class spoon.support.reflect.code.CtLocalVariableImpl
class spoon.support.reflect.code.CtConstructorCallImpl
statement is: FileSystemHandling.appendStringToFile(evoSuiteFile, "l[s0"), class spoon.support.reflect.code.CtInvocationImpl
invocation is: FileSystemHandling.appendStringToFile(evoSuiteFile, "l[s0") target is: FileSystemHandling method is: appendStringToFile(EvoSuiteFile,java.lang.String)
Matched Method is: appendStringToFile(Lorg/evosuite/runtime/testdata/EvoSuiteFile;Ljava/lang/String;)Z
i 1 Parameters size() 1 Num of Method Parameters: 2
statement is: jSJshop.testParser(), class spoon.support.reflect.code.CtInvocationImpl
invocation is: jSJshop.testParser() target is: jSJshop method is: testParser()
source statement: umd.cs.shop.JSJshop()V callee: VariableReference: Statement 0, type umd.cs.shop.JSJshopindex is: 0
Matched Method is: testParser()V
statement is: // Improved code:
JSJshop jSJshop = new JSJshop(), class spoon.support.reflect.code.CtLocalVariableImpl
class spoon.support.reflect.code.CtConstructorCallImpl
statement is: EvoSuiteFile evoSuiteFile = new EvoSuiteFile("farp.shp"), class spoon.support.reflect.code.CtLocalVariableImpl
class spoon.support.reflect.code.CtConstructorCallImpl
statement is: FileSystemHandling.appendStringToFile(evoSuiteFile, "l[s0"), class spoon.support.reflect.code.CtInvocationImpl
invocation is: FileSystemHandling.appendStringToFile(evoSuiteFile, "l[s0") target is: FileSystemHandling method is: appendStringToFile(EvoSuiteFile,java.lang.String)
Matched Method is: appendStringToFile(Lorg/evosuite/runtime/testdata/EvoSuiteFile;Ljava/lang/String;)Z
i 1 Parameters size() 1 Num of Method Parameters: 2
statement is: jSJshop.testParser(123456789, "ABCDEFGHIJKLMNOPQRSTUVWXYZ", true), class spoon.support.reflect.code.CtInvocationImpl
invocation is: jSJshop.testParser(123456789, "ABCDEFGHIJKLMNOPQRSTUVWXYZ", true) target is: jSJshop method is: testParser(int,java.lang.String,boolean)
TestCase is: JSJshop jSJshop = new JSJshop();
String string = "l[s0";
String string = null;
FileSystemHandling.appendStringToFile((EvoSuiteFile) string, string);
jSJshop.testParser();
JSJshop jSJshop = new JSJshop();
String string = "l[s0";
String string = null;
FileSystemHandling.appendStringToFile((EvoSuiteFile) string, string);

statement is: umd.cs.shop.JSJshop()V type is: class org.evosuite.testcase.statements.ConstructorStatement return type class umd.cs.shop.JSJshop
statement code is: JSJshop jSJshop = new JSJshop()
statement is: getBufferedReader(Ljava/lang/String;Ljava/lang/String;Ljavax/swing/JApplet;)Ljava/io/BufferedReader; type is: class org.evosuite.testcase.statements.MethodStatement return type class java.io.BufferedReader
statement code is: BufferedReader bufferedReader = jSJshop.getBufferedReader(" Expecting 'first'", "failed substitution", (JApplet) null)
test data is: JSJshop jSJshop = new JSJshop();
jSJshop.getBufferedReader(" Expecting 'first'", "failed substitution", (JApplet) null);

** It was a parseable test case! 
Improved test data is: class DummyClass {
    public static void main() {
        JSJshop jSJshop = new JSJshop();
        jSJshop.getBufferedReader("Expecting 'first'", "failed substitution", ((JApplet) (null)));
    }
}
statement is: JSJshop jSJshop = new JSJshop(), class spoon.support.reflect.code.CtLocalVariableImpl
class spoon.support.reflect.code.CtConstructorCallImpl
statement is: jSJshop.getBufferedReader("Expecting 'first'", "failed substitution", ((JApplet) (null))), class spoon.support.reflect.code.CtInvocationImpl
invocation is: jSJshop.getBufferedReader("Expecting 'first'", "failed substitution", ((JApplet) (null))) target is: jSJshop method is: getBufferedReader(java.lang.String,java.lang.String,JApplet)
source statement: umd.cs.shop.JSJshop()V callee: VariableReference: Statement 0, type umd.cs.shop.JSJshopindex is: 0
Matched Method is: getBufferedReader(Ljava/lang/String;Ljava/lang/String;Ljavax/swing/JApplet;)Ljava/io/BufferedReader;
i 2 Parameters size() 2 Num of Method Parameters: 3
TestCase is: JSJshop jSJshop = new JSJshop();
String string = "Expecting 'first'";
String string = "failed substitution";
JApplet jApplet = null;
jSJshop.getBufferedReader(string, string, jApplet);

statement is: umd.cs.shop.JSJshop()V type is: class org.evosuite.testcase.statements.ConstructorStatement return type class umd.cs.shop.JSJshop
statement code is: JSJshop jSJshop = new JSJshop()
statement is: getBufferedReader(Ljava/lang/String;Ljava/lang/String;Ljavax/swing/JApplet;)Ljava/io/BufferedReader; type is: class org.evosuite.testcase.statements.MethodStatement return type class java.io.BufferedReader
statement code is: BufferedReader bufferedReader = jSJshop.getBufferedReader((String) null, (String) null, (JApplet) null)
test data is: JSJshop jSJshop = new JSJshop();
jSJshop.getBufferedReader((String) null, (String) null, (JApplet) null);

** It was a parseable test case! 
Improved test data is: class DummyClass {
    public static void main() {
        JSJshop jSJshop = new JSJshop();
        jSJshop.getBufferedReader("input.txt", "UTF-8", null);
    }
}
statement is: JSJshop jSJshop = new JSJshop(), class spoon.support.reflect.code.CtLocalVariableImpl
class spoon.support.reflect.code.CtConstructorCallImpl
statement is: jSJshop.getBufferedReader("input.txt", "UTF-8", null), class spoon.support.reflect.code.CtInvocationImpl
invocation is: jSJshop.getBufferedReader("input.txt", "UTF-8", null) target is: jSJshop method is: getBufferedReader(java.lang.String,java.lang.String,<unknown>)
source statement: umd.cs.shop.JSJshop()V callee: VariableReference: Statement 0, type umd.cs.shop.JSJshopindex is: 0
Matched Method is: getBufferedReader(Ljava/lang/String;Ljava/lang/String;Ljavax/swing/JApplet;)Ljava/io/BufferedReader;
i 2 Parameters size() 2 Num of Method Parameters: 3
TestCase is: JSJshop jSJshop = new JSJshop();
String string = "input.txt";
String string = "UTF-8";
JApplet jApplet = null;
jSJshop.getBufferedReader(string, string, jApplet);

statement is: EvoSuiteFile evoSuiteFile = new EvoSuiteFile(" Expecting ')' for planning domain/ Expecting ')' for planning domain") type is: class org.evosuite.testcase.statements.environment.FileNamePrimitiveStatement return type class org.evosuite.runtime.testdata.EvoSuiteFile
statement code is: EvoSuiteFile evoSuiteFile = new EvoSuiteFile(" Expecting ')' for planning domain/ Expecting ')' for planning domain")
statement is: appendLineToFile(Lorg/evosuite/runtime/testdata/EvoSuiteFile;Ljava/lang/String;)Z type is: class org.evosuite.testcase.statements.MethodStatement return type boolean
statement code is: boolean appendLineToFile = FileSystemHandling.appendLineToFile(arg0, "h2")
statement is: umd.cs.shop.JSJshop()V type is: class org.evosuite.testcase.statements.ConstructorStatement return type class umd.cs.shop.JSJshop
statement code is: JSJshop jSJshop = new JSJshop()
statement is: getBufferedReader(Ljava/lang/String;Ljava/lang/String;Ljavax/swing/JApplet;)Ljava/io/BufferedReader; type is: class org.evosuite.testcase.statements.MethodStatement return type class java.io.BufferedReader
statement code is: BufferedReader bufferedReader = jSJshop.getBufferedReader(" Expecting ')' for planning domain", " Expecting ')' for planning domain", (JApplet) null)
test data is: EvoSuiteFile evoSuiteFile = new EvoSuiteFile(" Expecting ')' for planning domain/ Expecting ')' for planning domain");
FileSystemHandling.appendLineToFile(evoSuiteFile, "h2");
JSJshop jSJshop = new JSJshop();
jSJshop.getBufferedReader(" Expecting ')' for planning domain", " Expecting ')' for planning domain", (JApplet) null);

** It was a parseable test case! 
Improved test data is: class DummyClass {
    public static void main() {
        EvoSuiteFile evoSuiteFile = new EvoSuiteFile("input_file.txt");
        FileSystemHandling.appendLineToFile(evoSuiteFile, "h2");
        JSJshop jSJshop = new JSJshop();
        jSJshop.getBufferedReader("input_file.txt", ((JApplet) (null)));
    }
}
statement is: EvoSuiteFile evoSuiteFile = new EvoSuiteFile("input_file.txt"), class spoon.support.reflect.code.CtLocalVariableImpl
class spoon.support.reflect.code.CtConstructorCallImpl
statement is: FileSystemHandling.appendLineToFile(evoSuiteFile, "h2"), class spoon.support.reflect.code.CtInvocationImpl
invocation is: FileSystemHandling.appendLineToFile(evoSuiteFile, "h2") target is: FileSystemHandling method is: appendLineToFile(EvoSuiteFile,java.lang.String)
Matched Method is: appendLineToFile(Lorg/evosuite/runtime/testdata/EvoSuiteFile;Ljava/lang/String;)Z
i 1 Parameters size() 1 Num of Method Parameters: 2
statement is: JSJshop jSJshop = new JSJshop(), class spoon.support.reflect.code.CtLocalVariableImpl
class spoon.support.reflect.code.CtConstructorCallImpl
statement is: jSJshop.getBufferedReader("input_file.txt", ((JApplet) (null))), class spoon.support.reflect.code.CtInvocationImpl
invocation is: jSJshop.getBufferedReader("input_file.txt", ((JApplet) (null))) target is: jSJshop method is: getBufferedReader(java.lang.String,JApplet)
TestCase is: String string = "h2";
String string = null;
FileSystemHandling.appendLineToFile((EvoSuiteFile) string, string);
JSJshop jSJshop = new JSJshop();

statement is: umd.cs.shop.JSJshop()V type is: class org.evosuite.testcase.statements.ConstructorStatement return type class umd.cs.shop.JSJshop
statement code is: JSJshop jSJshop = new JSJshop()
statement is: java.io.PipedReader()V type is: class org.evosuite.testcase.statements.ConstructorStatement return type class java.io.PipedReader
statement code is: PipedReader pipedReader = new PipedReader()
statement is: java.io.StreamTokenizer(Ljava/io/Reader;)V type is: class org.evosuite.testcase.statements.ConstructorStatement return type class java.io.StreamTokenizer
statement code is: StreamTokenizer streamTokenizer = new StreamTokenizer(arg0)
statement is: processToken(Ljava/io/StreamTokenizer;)V type is: class org.evosuite.testcase.statements.MethodStatement return type void
statement code is: jSJshop.processToken(arg0)
test data is: JSJshop jSJshop = new JSJshop();
PipedReader pipedReader = new PipedReader();
StreamTokenizer streamTokenizer = new StreamTokenizer(pipedReader);
jSJshop.processToken(streamTokenizer);

** It was a parseable test case! 
Improved test data is: class DummyClass {
    public static void main() {
        JSJshop jSJshop = new JSJshop();
        PipedReader pipedReader = new PipedReader("This is a test string for the processToken method.");
        StreamTokenizer streamTokenizer = new StreamTokenizer(pipedReader);
        jSJshop.processToken(streamTokenizer);
    }
}
statement is: JSJshop jSJshop = new JSJshop(), class spoon.support.reflect.code.CtLocalVariableImpl
class spoon.support.reflect.code.CtConstructorCallImpl
statement is: PipedReader pipedReader = new PipedReader("This is a test string for the processToken method."), class spoon.support.reflect.code.CtLocalVariableImpl
class spoon.support.reflect.code.CtConstructorCallImpl
statement is: StreamTokenizer streamTokenizer = new StreamTokenizer(pipedReader), class spoon.support.reflect.code.CtLocalVariableImpl
class spoon.support.reflect.code.CtConstructorCallImpl
TestCase Could not be added: java.io.StreamTokenizer(Ljava/io/Reader;)V
statement is: jSJshop.processToken(streamTokenizer), class spoon.support.reflect.code.CtInvocationImpl
invocation is: jSJshop.processToken(streamTokenizer) target is: jSJshop method is: processToken(StreamTokenizer)
source statement: umd.cs.shop.JSJshop()V callee: VariableReference: Statement 0, type umd.cs.shop.JSJshopindex is: 0
Matched Method is: processToken(Ljava/io/StreamTokenizer;)V
i 0 Parameters size() 0 Num of Method Parameters: 1
TestCase is: JSJshop jSJshop = new JSJshop();
StreamTokenizer streamTokenizer = null;
jSJshop.processToken(streamTokenizer);

statement is: umd.cs.shop.JSJshop()V type is: class org.evosuite.testcase.statements.ConstructorStatement return type class umd.cs.shop.JSJshop
statement code is: JSJshop jSJshop = new JSJshop()
statement is: parserFile(Ljava/lang/String;)Z type is: class org.evosuite.testcase.statements.MethodStatement return type boolean
statement code is: boolean parserFile = jSJshop.parserFile("` ")
test data is: JSJshop jSJshop = new JSJshop();
jSJshop.parserFile("` ");

** It was a parseable test case! 
Improved test data is: class DummyClass {
    public static void main() {
        JSJshop jSJshop = new JSJshop();
        String filePath = "test_data/test_file.txt";
        jSJshop.parserFile(filePath);
    }
}
statement is: JSJshop jSJshop = new JSJshop(), class spoon.support.reflect.code.CtLocalVariableImpl
class spoon.support.reflect.code.CtConstructorCallImpl
statement is: String filePath = "test_data/test_file.txt", class spoon.support.reflect.code.CtLocalVariableImpl
class spoon.support.reflect.code.CtLiteralImpl
statement is: jSJshop.parserFile(filePath), class spoon.support.reflect.code.CtInvocationImpl
invocation is: jSJshop.parserFile(filePath) target is: jSJshop method is: parserFile(java.lang.String)
source statement: umd.cs.shop.JSJshop()V callee: VariableReference: Statement 0, type umd.cs.shop.JSJshopindex is: 0
Matched Method is: parserFile(Ljava/lang/String;)Z
TestCase is: JSJshop jSJshop = new JSJshop();
String string = "test_data/test_file.txt";
jSJshop.parserFile(string);

statement is: umd.cs.shop.JSJshop()V type is: class org.evosuite.testcase.statements.ConstructorStatement return type class umd.cs.shop.JSJshop
statement code is: JSJshop jSJshop = new JSJshop()
statement is: testParser()V type is: class org.evosuite.testcase.statements.MethodStatement return type void
statement code is: jSJshop.testParser()
test data is: JSJshop jSJshop = new JSJshop();
jSJshop.testParser();

** It was a parseable test case! 
Improved test data is: class DummyClass {
    public static void main() {
        int age = 25;// Change this to a more descriptive value, such as 25 or 45

        String name = "Alice";// Change this to a more descriptive value, such as "Alice" or "Bob"

        jSJshop.setAge(age);
        jSJshop.setName(name);
    }
}
statement is: int age = 25// Change this to a more descriptive value, such as 25 or 45
, class spoon.support.reflect.code.CtLocalVariableImpl
class spoon.support.reflect.code.CtLiteralImpl
statement is: String name = "Alice"// Change this to a more descriptive value, such as "Alice" or "Bob"
, class spoon.support.reflect.code.CtLocalVariableImpl
class spoon.support.reflect.code.CtLiteralImpl
statement is: jSJshop.setAge(age), class spoon.support.reflect.code.CtInvocationImpl
invocation is: jSJshop.setAge(age) target is: jSJshop method is: setAge(int)
statement is: jSJshop.setName(name), class spoon.support.reflect.code.CtInvocationImpl
invocation is: jSJshop.setName(name) target is: jSJshop method is: setName(java.lang.String)
* this is vulnerable: int _int = 25
* this is vulnerable: String string = "Alice"
TestCase is: int _int = 25;
String string = "Alice";

statement is: umd.cs.shop.JSJshop()V type is: class org.evosuite.testcase.statements.ConstructorStatement return type class umd.cs.shop.JSJshop
statement code is: JSJshop jSJshop = new JSJshop()
statement is: setFile(Ljava/lang/String;Lumd/cs/shop/JSTaskAtom;)Lumd/cs/shop/JSPairPlanTSListNodes; type is: class org.evosuite.testcase.statements.MethodStatement return type class umd.cs.shop.JSPairPlanTSListNodes
statement code is: JSPairPlanTSListNodes setFile = jSJshop.setFile("MAUB^sI^mr{{AZ,$]k", (JSTaskAtom) null)
test data is: JSJshop jSJshop = new JSJshop();
jSJshop.setFile("MAUB^sI^mr{{AZ,$]k", (JSTaskAtom) null);

** It was a parseable test case! 
Improved test data is: class DummyClass {
    public static void main() {
        JSJshop jSJshop = new JSJshop();
    }
}
statement is: JSJshop jSJshop = new JSJshop(), class spoon.support.reflect.code.CtLocalVariableImpl
class spoon.support.reflect.code.CtConstructorCallImpl
TestCase is: JSJshop jSJshop = new JSJshop();

* test suite isTestSuite: 59
Test 0: 
JSJshop jSJshop = new JSJshop();
jSJshop.getTree();
Test 1: 
JSJshop jSJshop = new JSJshop();
// Undeclared exception!
try { 
  jSJshop.getAppletURL("'yawa*iw", (JApplet) null);
  fail("Expecting exception: NullPointerException");

} catch(NullPointerException e) {
   //
   // no message in exception (getMessage() returned null)
   //
   verifyException("umd.cs.shop.JSJshop", e);
}

Test 2: 
JSJshop jSJshop = null;
try {
  jSJshop = new JSJshop("", (JSTaskAtom) null);
  fail("Expecting exception: NullPointerException");

} catch(NullPointerException e) {
   //
   // no message in exception (getMessage() returned null)
   //
   verifyException("umd.cs.shop.JSJshop", e);
}

Test 3: 
JSJshop jSJshop = new JSJshop();
jSJshop.getSolution();
Test 4: 
JSJshop jSJshop = new JSJshop();
jSJshop.sol();
Test 5: 
JSJshop jSJshop = new JSJshop();
jSJshop.tree();
Test 6: 
JSJshop jSJshop = new JSJshop();
jSJshop.prob();
Test 7: 
JSJshop jSJshop = new JSJshop();
jSJshop.dom();
Test 8: 
String[] stringArray = new String[1];
JSJshop.main(stringArray);
Test 9: 
String[] stringArray = new String[7];
JSJshop.main(stringArray);
Test 10: 
String[] stringArray = new String[2];
// Undeclared exception!
try { 
  JSJshop.main(stringArray);
  fail("Expecting exception: NullPointerException");

} catch(NullPointerException e) {
   //
   // no message in exception (getMessage() returned null)
   //
   verifyException("org.evosuite.runtime.mock.java.io.MockFileInputStream", e);
}

Test 11: 
String[] stringArray = new String[3];
JSJshop.main(stringArray);
Test 12: 
JSJshop jSJshop = null;
try {
  jSJshop = new JSJshop("T8&Tg*PGHU@NRJ}w", "T8&Tg*PGHU@NRJ}w");
  fail("Expecting exception: System.SystemExitException");

} catch(System.SystemExitException e) {
   //
   // no message in exception (getMessage() returned null)
   //
   verifyException("org.evosuite.runtime.System", e);
}

Test 13: 
JSJshopVars.flagExit = false;
JSJshop jSJshop = new JSJshop("ZWM)IVKg", "%Xe%`]e<ABdG;%)");
Test 14: 
JSJshop jSJshop = new JSJshop();
jSJshop.getAddList();
Test 15: 
JSJshop jSJshop = new JSJshop();
jSJshop.getDeleteList();
Test 16: 
JSJshop jSJshop = new JSJshop();
EvoSuiteFile evoSuiteFile = new EvoSuiteFile("farp.shp");
FileSystemHandling.appendStringToFile(evoSuiteFile, "s$A=vtL#!");
jSJshop.testParser();
Test 17: 
JSJshop jSJshop = new JSJshop();
EvoSuiteFile evoSuiteFile = new EvoSuiteFile("farp.shp");
FileSystemHandling.appendStringToFile(evoSuiteFile, "Xg&1J9a_oh>;nsk;fRy");
jSJshop.testParser();
Test 18: 
JSJshop jSJshop = new JSJshop();
EvoSuiteFile evoSuiteFile = new EvoSuiteFile("farp.shp");
FileSystemHandling.appendStringToFile(evoSuiteFile, ")Abq4");
jSJshop.testParser();
Test 19: 
JSJshop jSJshop = new JSJshop();
EvoSuiteFile evoSuiteFile = new EvoSuiteFile("farp.shp");
FileSystemHandling.appendStringToFile(evoSuiteFile, "]s+]6q2'");
jSJshop.testParser();
Test 20: 
EvoSuiteFile evoSuiteFile = new EvoSuiteFile("farp.shp");
FileSystemHandling.appendStringToFile(evoSuiteFile, "<=*-{T:oz(s_r");
JSJshop jSJshop = new JSJshop();
JSJshopVars.interrogation = 84;
jSJshop.testParser();
Test 21: 
EvoSuiteFile evoSuiteFile = new EvoSuiteFile("farp.shp");
FileSystemHandling.appendStringToFile(evoSuiteFile, "W/;#7,");
JSJshop jSJshop = new JSJshop();
jSJshop.testParser();
Test 22: 
EvoSuiteFile evoSuiteFile = new EvoSuiteFile("farp.shp");
FileSystemHandling.appendStringToFile(evoSuiteFile, "A@c {Zc`IlhvT,");
JSJshop jSJshop = new JSJshop();
jSJshop.testParser();
Test 23: 
JSJshop jSJshop = new JSJshop();
EvoSuiteFile evoSuiteFile = new EvoSuiteFile("farp.shp");
FileSystemHandling.appendStringToFile(evoSuiteFile, "l[s0");
jSJshop.testParser();
Test 24: 
JSJshop jSJshop = new JSJshop();
jSJshop.getBufferedReader(" Expecting 'first'", "failed substitution", (JApplet) null);
Test 25: 
JSJshop jSJshop = new JSJshop();
jSJshop.getBufferedReader((String) null, (String) null, (JApplet) null);
Test 26: 
EvoSuiteFile evoSuiteFile = new EvoSuiteFile(" Expecting ')' for planning domain/ Expecting ')' for planning domain");
FileSystemHandling.appendLineToFile(evoSuiteFile, "h2");
JSJshop jSJshop = new JSJshop();
jSJshop.getBufferedReader(" Expecting ')' for planning domain", " Expecting ')' for planning domain", (JApplet) null);
Test 27: 
JSJshop jSJshop = new JSJshop();
PipedReader pipedReader = new PipedReader();
StreamTokenizer streamTokenizer = new StreamTokenizer(pipedReader);
// Undeclared exception!
try { 
  jSJshop.processToken(streamTokenizer);
  fail("Expecting exception: Error");

} catch(Error e) {
   //
   // no message in exception (getMessage() returned null)
   //
   verifyException("umd.cs.shop.JSJshop", e);
}

Test 28: 
JSJshop jSJshop = new JSJshop();
jSJshop.parserFile("` ");
Test 29: 
JSJshop jSJshop = new JSJshop();
// Undeclared exception!
try { 
  jSJshop.testParser();
  fail("Expecting exception: System.SystemExitException");

} catch(System.SystemExitException e) {
   //
   // no message in exception (getMessage() returned null)
   //
   verifyException("org.evosuite.runtime.System", e);
}

Test 30: 
JSJshop jSJshop = new JSJshop();
// Undeclared exception!
try { 
  jSJshop.setFile("MAUB^sI^mr{{AZ,$]k", (JSTaskAtom) null);
  fail("Expecting exception: NullPointerException");

} catch(NullPointerException e) {
   //
   // no message in exception (getMessage() returned null)
   //
   verifyException("umd.cs.shop.JSJshop", e);
}

Test 31: 
JSJshop jSJshop = new JSJshop("My Shop Name", (JSTaskAtom) null);

Test 32: 
JSJshop jSJshop = new JSJshop();

Test 33: 
JSJshop jSJshop = new JSJshop();

Test 34: 
JSJshop jSJshop = new JSJshop();

Test 35: 

Test 36: 
JSJshop.main((String[]) null);

Test 37: 
String[] stringArray = new String[7];
JSJshop.main(stringArray);

Test 38: 
String[] stringArray = new String[2];
JSJshop.main(stringArray);

Test 39: 
String[] stringArray = new String[3];
JSJshop.main(stringArray);

Test 40: 
JSJshop jSJshop = new JSJshop("valid_username", "valid_password");

Test 41: 
JSJshop jSJshop = new JSJshop("QWERTYUIOPASDFGHJKLZXCVBNM", "!@#$%^&*()_+-=[]{}|;':\"<>,./?");

Test 42: 
JSJshop jSJshop = new JSJshop();
jSJshop.getAddList();

Test 43: 
JSJshop jSJshop = new JSJshop();
jSJshop.getDeleteList();

Test 44: 

Test 45: 
JSJshop jSJshop = new JSJshop();
FileSystemHandling.appendStringToFile((EvoSuiteFile) "1234567890,John Doe,johndoe@gmail.com,2023-03-10 14:30:00,-12.43,USD", (String) null);
jSJshop.testParser();

Test 46: 
JSJshop jSJshop = new JSJshop();
FileSystemHandling.appendStringToFile((EvoSuiteFile) "1234567890", (String) null);
jSJshop.testParser();

Test 47: 
JSJshop jSJshop = new JSJshop();
FileSystemHandling.appendStringToFile((EvoSuiteFile) "]s+]6q2'", (String) null);
jSJshop.testParser();

Test 48: 
boolean appendStringToFile = FileSystemHandling.appendStringToFile((EvoSuiteFile) "<=*-{T:oz(s_r", (String) null);
JSJshop jSJshop = new JSJshop();
((JSJshop) appendStringToFile).testParser();

Test 49: 
boolean appendStringToFile = FileSystemHandling.appendStringToFile((EvoSuiteFile) "Weather/;#7,", (String) null);
JSJshop jSJshop = new JSJshop();
((JSJshop) appendStringToFile).testParser();

Test 50: 
boolean appendStringToFile = FileSystemHandling.appendStringToFile((EvoSuiteFile) "John Doe 123 Main St Anytown USA 12345", (String) null);
JSJshop jSJshop = new JSJshop();
((JSJshop) appendStringToFile).testParser();

Test 51: 
JSJshop jSJshop = new JSJshop();
FileSystemHandling.appendStringToFile((EvoSuiteFile) "l[s0", (String) null);
jSJshop.testParser();
JSJshop jSJshop = new JSJshop();
String string = "l[s0";
String string = null;
FileSystemHandling.appendStringToFile((EvoSuiteFile) string, string);

Test 52: 
JSJshop jSJshop = new JSJshop();
jSJshop.getBufferedReader("Expecting 'first'", "failed substitution", (JApplet) null);

Test 53: 
JSJshop jSJshop = new JSJshop();
jSJshop.getBufferedReader("input.txt", "UTF-8", (JApplet) null);

Test 54: 
FileSystemHandling.appendLineToFile((EvoSuiteFile) "h2", (String) null);
JSJshop jSJshop = new JSJshop();

Test 55: 
JSJshop jSJshop = new JSJshop();
jSJshop.processToken((StreamTokenizer) null);

Test 56: 
JSJshop jSJshop = new JSJshop();
jSJshop.parserFile("test_data/test_file.txt");

Test 57: 

Test 58: 
JSJshop jSJshop = new JSJshop();


* Generated after the refinement and before minimization 59 tests with total length 134
* test suite isTestSuite: 59
Test 0: 
JSJshop jSJshop = new JSJshop();
jSJshop.getTree();
Test 1: 
JSJshop jSJshop = new JSJshop();
// Undeclared exception!
try { 
  jSJshop.getAppletURL("'yawa*iw", (JApplet) null);
  fail("Expecting exception: NullPointerException");

} catch(NullPointerException e) {
   //
   // no message in exception (getMessage() returned null)
   //
   verifyException("umd.cs.shop.JSJshop", e);
}

Test 2: 
JSJshop jSJshop = null;
try {
  jSJshop = new JSJshop("", (JSTaskAtom) null);
  fail("Expecting exception: NullPointerException");

} catch(NullPointerException e) {
   //
   // no message in exception (getMessage() returned null)
   //
   verifyException("umd.cs.shop.JSJshop", e);
}

Test 3: 
JSJshop jSJshop = new JSJshop();
jSJshop.getSolution();
Test 4: 
JSJshop jSJshop = new JSJshop();
jSJshop.sol();
Test 5: 
JSJshop jSJshop = new JSJshop();
jSJshop.tree();
Test 6: 
JSJshop jSJshop = new JSJshop();
jSJshop.prob();
Test 7: 
JSJshop jSJshop = new JSJshop();
jSJshop.dom();
Test 8: 
String[] stringArray = new String[1];
JSJshop.main(stringArray);
Test 9: 
String[] stringArray = new String[7];
JSJshop.main(stringArray);
Test 10: 
String[] stringArray = new String[2];
// Undeclared exception!
try { 
  JSJshop.main(stringArray);
  fail("Expecting exception: NullPointerException");

} catch(NullPointerException e) {
   //
   // no message in exception (getMessage() returned null)
   //
   verifyException("org.evosuite.runtime.mock.java.io.MockFileInputStream", e);
}

Test 11: 
String[] stringArray = new String[3];
JSJshop.main(stringArray);
Test 12: 
JSJshop jSJshop = null;
try {
  jSJshop = new JSJshop("T8&Tg*PGHU@NRJ}w", "T8&Tg*PGHU@NRJ}w");
  fail("Expecting exception: System.SystemExitException");

} catch(System.SystemExitException e) {
   //
   // no message in exception (getMessage() returned null)
   //
   verifyException("org.evosuite.runtime.System", e);
}

Test 13: 
JSJshopVars.flagExit = false;
JSJshop jSJshop = new JSJshop("ZWM)IVKg", "%Xe%`]e<ABdG;%)");
Test 14: 
JSJshop jSJshop = new JSJshop();
jSJshop.getAddList();
Test 15: 
JSJshop jSJshop = new JSJshop();
jSJshop.getDeleteList();
Test 16: 
JSJshop jSJshop = new JSJshop();
EvoSuiteFile evoSuiteFile = new EvoSuiteFile("farp.shp");
FileSystemHandling.appendStringToFile(evoSuiteFile, "s$A=vtL#!");
jSJshop.testParser();
Test 17: 
JSJshop jSJshop = new JSJshop();
EvoSuiteFile evoSuiteFile = new EvoSuiteFile("farp.shp");
FileSystemHandling.appendStringToFile(evoSuiteFile, "Xg&1J9a_oh>;nsk;fRy");
jSJshop.testParser();
Test 18: 
JSJshop jSJshop = new JSJshop();
EvoSuiteFile evoSuiteFile = new EvoSuiteFile("farp.shp");
FileSystemHandling.appendStringToFile(evoSuiteFile, ")Abq4");
jSJshop.testParser();
Test 19: 
JSJshop jSJshop = new JSJshop();
EvoSuiteFile evoSuiteFile = new EvoSuiteFile("farp.shp");
FileSystemHandling.appendStringToFile(evoSuiteFile, "]s+]6q2'");
jSJshop.testParser();
Test 20: 
EvoSuiteFile evoSuiteFile = new EvoSuiteFile("farp.shp");
FileSystemHandling.appendStringToFile(evoSuiteFile, "<=*-{T:oz(s_r");
JSJshop jSJshop = new JSJshop();
JSJshopVars.interrogation = 84;
jSJshop.testParser();
Test 21: 
EvoSuiteFile evoSuiteFile = new EvoSuiteFile("farp.shp");
FileSystemHandling.appendStringToFile(evoSuiteFile, "W/;#7,");
JSJshop jSJshop = new JSJshop();
jSJshop.testParser();
Test 22: 
EvoSuiteFile evoSuiteFile = new EvoSuiteFile("farp.shp");
FileSystemHandling.appendStringToFile(evoSuiteFile, "A@c {Zc`IlhvT,");
JSJshop jSJshop = new JSJshop();
jSJshop.testParser();
Test 23: 
JSJshop jSJshop = new JSJshop();
EvoSuiteFile evoSuiteFile = new EvoSuiteFile("farp.shp");
FileSystemHandling.appendStringToFile(evoSuiteFile, "l[s0");
jSJshop.testParser();
Test 24: 
JSJshop jSJshop = new JSJshop();
jSJshop.getBufferedReader(" Expecting 'first'", "failed substitution", (JApplet) null);
Test 25: 
JSJshop jSJshop = new JSJshop();
jSJshop.getBufferedReader((String) null, (String) null, (JApplet) null);
Test 26: 
EvoSuiteFile evoSuiteFile = new EvoSuiteFile(" Expecting ')' for planning domain/ Expecting ')' for planning domain");
FileSystemHandling.appendLineToFile(evoSuiteFile, "h2");
JSJshop jSJshop = new JSJshop();
jSJshop.getBufferedReader(" Expecting ')' for planning domain", " Expecting ')' for planning domain", (JApplet) null);
Test 27: 
JSJshop jSJshop = new JSJshop();
PipedReader pipedReader = new PipedReader();
StreamTokenizer streamTokenizer = new StreamTokenizer(pipedReader);
// Undeclared exception!
try { 
  jSJshop.processToken(streamTokenizer);
  fail("Expecting exception: Error");

} catch(Error e) {
   //
   // no message in exception (getMessage() returned null)
   //
   verifyException("umd.cs.shop.JSJshop", e);
}

Test 28: 
JSJshop jSJshop = new JSJshop();
jSJshop.parserFile("` ");
Test 29: 
JSJshop jSJshop = new JSJshop();
// Undeclared exception!
try { 
  jSJshop.testParser();
  fail("Expecting exception: System.SystemExitException");

} catch(System.SystemExitException e) {
   //
   // no message in exception (getMessage() returned null)
   //
   verifyException("org.evosuite.runtime.System", e);
}

Test 30: 
JSJshop jSJshop = new JSJshop();
// Undeclared exception!
try { 
  jSJshop.setFile("MAUB^sI^mr{{AZ,$]k", (JSTaskAtom) null);
  fail("Expecting exception: NullPointerException");

} catch(NullPointerException e) {
   //
   // no message in exception (getMessage() returned null)
   //
   verifyException("umd.cs.shop.JSJshop", e);
}

Test 31: 
JSJshop jSJshop = new JSJshop("My Shop Name", (JSTaskAtom) null);

Test 32: 
JSJshop jSJshop = new JSJshop();

Test 33: 
JSJshop jSJshop = new JSJshop();

Test 34: 
JSJshop jSJshop = new JSJshop();

Test 35: 

Test 36: 
JSJshop.main((String[]) null);

Test 37: 
String[] stringArray = new String[7];
JSJshop.main(stringArray);

Test 38: 
String[] stringArray = new String[2];
JSJshop.main(stringArray);

Test 39: 
String[] stringArray = new String[3];
JSJshop.main(stringArray);

Test 40: 
JSJshop jSJshop = new JSJshop("valid_username", "valid_password");

Test 41: 
JSJshop jSJshop = new JSJshop("QWERTYUIOPASDFGHJKLZXCVBNM", "!@#$%^&*()_+-=[]{}|;':\"<>,./?");

Test 42: 
JSJshop jSJshop = new JSJshop();
jSJshop.getAddList();

Test 43: 
JSJshop jSJshop = new JSJshop();
jSJshop.getDeleteList();

Test 44: 

Test 45: 
JSJshop jSJshop = new JSJshop();
FileSystemHandling.appendStringToFile((EvoSuiteFile) "1234567890,John Doe,johndoe@gmail.com,2023-03-10 14:30:00,-12.43,USD", (String) null);
jSJshop.testParser();

Test 46: 
JSJshop jSJshop = new JSJshop();
FileSystemHandling.appendStringToFile((EvoSuiteFile) "1234567890", (String) null);
jSJshop.testParser();

Test 47: 
JSJshop jSJshop = new JSJshop();
FileSystemHandling.appendStringToFile((EvoSuiteFile) "]s+]6q2'", (String) null);
jSJshop.testParser();

Test 48: 
boolean appendStringToFile = FileSystemHandling.appendStringToFile((EvoSuiteFile) "<=*-{T:oz(s_r", (String) null);
JSJshop jSJshop = new JSJshop();
((JSJshop) appendStringToFile).testParser();

Test 49: 
boolean appendStringToFile = FileSystemHandling.appendStringToFile((EvoSuiteFile) "Weather/;#7,", (String) null);
JSJshop jSJshop = new JSJshop();
((JSJshop) appendStringToFile).testParser();

Test 50: 
boolean appendStringToFile = FileSystemHandling.appendStringToFile((EvoSuiteFile) "John Doe 123 Main St Anytown USA 12345", (String) null);
JSJshop jSJshop = new JSJshop();
((JSJshop) appendStringToFile).testParser();

Test 51: 
JSJshop jSJshop = new JSJshop();
FileSystemHandling.appendStringToFile((EvoSuiteFile) "l[s0", (String) null);
jSJshop.testParser();
JSJshop jSJshop = new JSJshop();
String string = "l[s0";
String string = null;
FileSystemHandling.appendStringToFile((EvoSuiteFile) string, string);

Test 52: 
JSJshop jSJshop = new JSJshop();
jSJshop.getBufferedReader("Expecting 'first'", "failed substitution", (JApplet) null);

Test 53: 
JSJshop jSJshop = new JSJshop();
jSJshop.getBufferedReader("input.txt", "UTF-8", (JApplet) null);

Test 54: 
FileSystemHandling.appendLineToFile((EvoSuiteFile) "h2", (String) null);
JSJshop jSJshop = new JSJshop();

Test 55: 
JSJshop jSJshop = new JSJshop();
jSJshop.processToken((StreamTokenizer) null);

Test 56: 
JSJshop jSJshop = new JSJshop();
jSJshop.parserFile("test_data/test_file.txt");

Test 57: 

Test 58: 
JSJshop jSJshop = new JSJshop();


* Minimizing test suite
* test suite isTestSuite: 31
Test 0: 
JSJshop jSJshop = new JSJshop();
jSJshop.getTree();
Test 1: 
JSJshop jSJshop = new JSJshop();
// Undeclared exception!
try { 
  jSJshop.getAppletURL("'yawa*iw", (JApplet) null);
  fail("Expecting exception: NullPointerException");

} catch(NullPointerException e) {
   //
   // no message in exception (getMessage() returned null)
   //
   verifyException("umd.cs.shop.JSJshop", e);
}

Test 2: 
JSJshop jSJshop = null;
try {
  jSJshop = new JSJshop("My Shop Name", (JSTaskAtom) null);
  fail("Expecting exception: NullPointerException");

} catch(NullPointerException e) {
   //
   // no message in exception (getMessage() returned null)
   //
   verifyException("umd.cs.shop.JSJshop", e);
}

Test 3: 
JSJshop jSJshop = new JSJshop();
jSJshop.getSolution();
Test 4: 
JSJshop jSJshop = new JSJshop();
jSJshop.sol();
Test 5: 
JSJshop jSJshop = new JSJshop();
jSJshop.tree();
Test 6: 
JSJshop jSJshop = new JSJshop();
jSJshop.prob();
Test 7: 
JSJshop jSJshop = new JSJshop();
jSJshop.dom();
Test 8: 
String[] stringArray = new String[1];
JSJshop.main(stringArray);
Test 9: 
String[] stringArray = new String[2];
// Undeclared exception!
try { 
  JSJshop.main(stringArray);
  fail("Expecting exception: NullPointerException");

} catch(NullPointerException e) {
   //
   // no message in exception (getMessage() returned null)
   //
   verifyException("org.evosuite.runtime.mock.java.io.MockFileInputStream", e);
}

Test 10: 
String[] stringArray = new String[7];
JSJshop.main(stringArray);
Test 11: 
String[] stringArray = new String[3];
JSJshop.main(stringArray);
Test 12: 
JSJshop jSJshop = null;
try {
  jSJshop = new JSJshop("QWERTYUIOPASDFGHJKLZXCVBNM", "!@#$%^&*()_+-=[]{}|;':\"<>,./?");
  fail("Expecting exception: System.SystemExitException");

} catch(System.SystemExitException e) {
   //
   // no message in exception (getMessage() returned null)
   //
   verifyException("org.evosuite.runtime.System", e);
}

Test 13: 
JSJshopVars.flagExit = false;
JSJshop jSJshop = new JSJshop("ZWM)IVKg", "%Xe%`]e<ABdG;%)");
Test 14: 
JSJshop jSJshop = new JSJshop();
jSJshop.getAddList();
Test 15: 
JSJshop jSJshop = new JSJshop();
jSJshop.getDeleteList();
Test 16: 
EvoSuiteFile evoSuiteFile = new EvoSuiteFile("farp.shp");
FileSystemHandling.appendStringToFile(evoSuiteFile, "A@c {Zc`IlhvT,");
JSJshop jSJshop = new JSJshop();
jSJshop.testParser();
Test 17: 
JSJshop jSJshop = new JSJshop();
EvoSuiteFile evoSuiteFile = new EvoSuiteFile("farp.shp");
FileSystemHandling.appendStringToFile(evoSuiteFile, "Xg&1J9a_oh>;nsk;fRy");
jSJshop.testParser();
Test 18: 
JSJshop jSJshop = new JSJshop();
EvoSuiteFile evoSuiteFile = new EvoSuiteFile("farp.shp");
FileSystemHandling.appendStringToFile(evoSuiteFile, ")Abq4");
jSJshop.testParser();
Test 19: 
JSJshop jSJshop = new JSJshop();
EvoSuiteFile evoSuiteFile = new EvoSuiteFile("farp.shp");
FileSystemHandling.appendStringToFile(evoSuiteFile, "]s+]6q2'");
jSJshop.testParser();
Test 20: 
JSJshop jSJshop = new JSJshop();
EvoSuiteFile evoSuiteFile = new EvoSuiteFile("farp.shp");
FileSystemHandling.appendStringToFile(evoSuiteFile, "s$A=vtL#!");
jSJshop.testParser();
Test 21: 
EvoSuiteFile evoSuiteFile = new EvoSuiteFile("farp.shp");
FileSystemHandling.appendStringToFile(evoSuiteFile, "<=*-{T:oz(s_r");
JSJshop jSJshop = new JSJshop();
JSJshopVars.interrogation = 84;
jSJshop.testParser();
Test 22: 
EvoSuiteFile evoSuiteFile = new EvoSuiteFile("farp.shp");
FileSystemHandling.appendStringToFile(evoSuiteFile, "W/;#7,");
JSJshop jSJshop = new JSJshop();
jSJshop.testParser();
Test 23: 
JSJshop jSJshop = new JSJshop();
EvoSuiteFile evoSuiteFile = new EvoSuiteFile("farp.shp");
FileSystemHandling.appendStringToFile(evoSuiteFile, "l[s0");
jSJshop.testParser();
Test 24: 
JSJshop jSJshop = new JSJshop();
jSJshop.getBufferedReader("Expecting 'first'", "failed substitution", (JApplet) null);
Test 25: 
JSJshop jSJshop = new JSJshop();
jSJshop.getBufferedReader((String) null, (String) null, (JApplet) null);
Test 26: 
EvoSuiteFile evoSuiteFile = new EvoSuiteFile(" Expecting ')' for planning domain/ Expecting ')' for planning domain");
FileSystemHandling.appendLineToFile(evoSuiteFile, "h2");
JSJshop jSJshop = new JSJshop();
jSJshop.getBufferedReader(" Expecting ')' for planning domain", " Expecting ')' for planning domain", (JApplet) null);
Test 27: 
JSJshop jSJshop = new JSJshop();
PipedReader pipedReader = new PipedReader();
StreamTokenizer streamTokenizer = new StreamTokenizer(pipedReader);
// Undeclared exception!
try { 
  jSJshop.processToken(streamTokenizer);
  fail("Expecting exception: Error");

} catch(Error e) {
   //
   // no message in exception (getMessage() returned null)
   //
   verifyException("umd.cs.shop.JSJshop", e);
}

Test 28: 
JSJshop jSJshop = new JSJshop();
jSJshop.parserFile("` ");
Test 29: 
JSJshop jSJshop = new JSJshop();
// Undeclared exception!
try { 
  jSJshop.testParser();
  fail("Expecting exception: System.SystemExitException");

} catch(System.SystemExitException e) {
   //
   // no message in exception (getMessage() returned null)
   //
   verifyException("org.evosuite.runtime.System", e);
}

Test 30: 
JSJshop jSJshop = new JSJshop();
// Undeclared exception!
try { 
  jSJshop.setFile("MAUB^sI^mr{{AZ,$]k", (JSTaskAtom) null);
  fail("Expecting exception: NullPointerException");

} catch(NullPointerException e) {
   //
   // no message in exception (getMessage() returned null)
   //
   verifyException("umd.cs.shop.JSJshop", e);
}


* Going to analyze the coverage criteria
* Coverage analysis for criterion BRANCH
* Coverage of criterion BRANCH: 61%
* Total number of goals: 114
* Number of covered goals: 69
* Coverage analysis for criterion LINE
* Coverage of criterion LINE: 52%
* Total number of goals: 225
* Number of covered goals: 117
* Coverage analysis for criterion OUTPUT
* Coverage of criterion OUTPUT: 20%
* Total number of goals: 56
* Number of covered goals: 11
* Coverage analysis for criterion METHOD
* Coverage of criterion METHOD: 95%
* Total number of goals: 19
* Number of covered goals: 18
* Coverage analysis for criterion CBRANCH
* Coverage of criterion CBRANCH: 61%
* Total number of goals: 114
* Number of covered goals: 69
* Generated 31 tests with total length 81
* Resulting test suite's coverage: 55% (average coverage for all fitness functions)
* Generating assertions
* Resulting test suite's mutation score: 11%
* Compiling and checking tests
Going to execute: removeTestsThatDoNotCompile
* Compiling Tests
** Write a test suite: 0 called: 0 to improve: false
* Compiling Tests
** Write a test suite: 0 called: 0 to improve: true
** Improve Understandability: ** Test Code is: JSJshop jSJshop = new JSJshop();
JSJshopNode tree = jSJshop.getTree();
assertNull(tree);


** It was a parseable test case! 
refined test name is: testGetTreeshouldReturnNonNullValue
* Compiling Tests
** Write a test suite: 0 called: 0 to improve: false
* Compiling Tests
** Write a test suite: 0 called: 0 to improve: true
** Improve Understandability: ** Test Code is: JSJshop jSJshop = new JSJshop();
// Undeclared exception!
try { 
  jSJshop.getAppletURL("'yawa*iw", (JApplet) null);
  fail("Expecting exception: NullPointerException");

} catch(NullPointerException e) {
   //
   // no message in exception (getMessage() returned null)
   //
   verifyException("umd.cs.shop.JSJshop", e);
}


** It was a parseable test case! 
refined test name is: testGetAppletURLThrowsNPEWithNullParameter
* Compiling Tests
refined test name is: testGetAppletURLThrowsNPEWithNullParameter
* Compiling Tests
** Write a test suite: 0 called: 0 to improve: false
* Compiling Tests
** Write a test suite: 0 called: 0 to improve: true
** Improve Understandability: ** Test Code is: JSJshop jSJshop = null;
try {
  jSJshop = new JSJshop("My Shop Name", (JSTaskAtom) null);
  fail("Expecting exception: NullPointerException");

} catch(NullPointerException e) {
   //
   // no message in exception (getMessage() returned null)
   //
   verifyException("umd.cs.shop.JSJshop", e);
}


** It was a parseable test case! 
refined test name is: testNullTaskAtomConstructor
* Compiling Tests
** Write a test suite: 0 called: 0 to improve: false
* Compiling Tests
** Write a test suite: 0 called: 0 to improve: true
** Improve Understandability: ** Test Code is: JSJshop jSJshop = new JSJshop();
JSPairPlanTSListNodes solution = jSJshop.getSolution();
assertNull(solution);


** It was a parseable test case! 
refined test name is: testGetSolutionReturnsNullWhenNoSolutionExists
* Compiling Tests
** Write a test suite: 0 called: 0 to improve: false
* Compiling Tests
** Write a test suite: 0 called: 0 to improve: true
** Improve Understandability: ** Test Code is: JSJshop jSJshop = new JSJshop();
JSPlan sol = jSJshop.sol();
assertNull(sol);


** It was a parseable test case! 
refined test name is: testSolMethodReturnsNull
* Compiling Tests
** Write a test suite: 0 called: 0 to improve: false
* Compiling Tests
** Write a test suite: 0 called: 0 to improve: true
** Improve Understandability: ** Test Code is: JSJshop jSJshop = new JSJshop();
JSJshopNode tree = jSJshop.tree();
assertNull(tree);


** It was a parseable test case! 
refined test name is: testJSJshopTreeReturnsNullWhenCartIsEmpty
* Compiling Tests
** Write a test suite: 0 called: 0 to improve: false
* Compiling Tests
** Write a test suite: 0 called: 0 to improve: true
** Improve Understandability: ** Test Code is: JSJshop jSJshop = new JSJshop();
JSPlanningProblem prob = jSJshop.prob();
assertNull(prob);


** It was a parseable test case! 
refined test name is: testValidPlanningProblem
* Compiling Tests
refined test name is: testValidJSJshopCreationAndProb
* Compiling Tests
** Write a test suite: 0 called: 0 to improve: false
* Compiling Tests
** Write a test suite: 0 called: 0 to improve: true
** Improve Understandability: ** Test Code is: JSJshop jSJshop = new JSJshop();
JSPlanningDomain dom = jSJshop.dom();
assertNull(dom);


** It was a parseable test case! 
refined test name is: testCreateJSJshopObjectAndCheckDomainIsNull
* Compiling Tests
** Write a test suite: 0 called: 0 to improve: false
* Compiling Tests
** Write a test suite: 0 called: 0 to improve: true
** Improve Understandability: ** Test Code is: String[] arg0 = new String[1];
JSJshop.main(arg0);
assertEquals(1, arg0.length);


** It was a parseable test case! 
refined test name is: testEmptyArguments
* Compiling Tests
** Write a test suite: 0 called: 0 to improve: false
* Compiling Tests
** Write a test suite: 0 called: 0 to improve: true
** Improve Understandability: ** Test Code is: String[] arg0 = new String[2];
// Undeclared exception!
try { 
  JSJshop.main(arg0);
  fail("Expecting exception: NullPointerException");

} catch(NullPointerException e) {
   //
   // no message in exception (getMessage() returned null)
   //
   verifyException("org.evosuite.runtime.mock.java.io.MockFileInputStream", e);
}


** It was a parseable test case! 
refined test name is: testMainWithNullArgument
* Compiling Tests
** Write a test suite: 0 called: 0 to improve: false
* Compiling Tests
** Write a test suite: 0 called: 0 to improve: true
** Improve Understandability: ** Test Code is: String[] arg0 = new String[7];
JSJshop.main(arg0);
assertEquals(7, arg0.length);


** It was a parseable test case! 
refined test name is: testJSJshopMainWithValidArguments
* Compiling Tests
** Write a test suite: 0 called: 0 to improve: false
* Compiling Tests
** Write a test suite: 0 called: 0 to improve: true
** Improve Understandability: ** Test Code is: String[] arg0 = new String[3];
JSJshop.main(arg0);
assertEquals(3, arg0.length);


** It was a parseable test case! 
refined test name is: testMainMethodWithArrayOfThreeStrings
* Compiling Tests
** Write a test suite: 0 called: 0 to improve: false
* Compiling Tests
** Write a test suite: 0 called: 0 to improve: true
** Improve Understandability: ** Test Code is: JSJshop jSJshop = null;
try {
  jSJshop = new JSJshop("QWERTYUIOPASDFGHJKLZXCVBNM", "!@#$%^&*()_+-=[]{}|;':\"<>,./?");
  fail("Expecting exception: System.SystemExitException");

} catch(System.SystemExitException e) {
   //
   // no message in exception (getMessage() returned null)
   //
   verifyException("org.evosuite.runtime.System", e);
}


** It was a parseable test case! 
refined test name is: testConstructorWithInvalidInputThrowsException
* Compiling Tests
** Write a test suite: 0 called: 0 to improve: false
* Compiling Tests
** Write a test suite: 0 called: 0 to improve: true
** Improve Understandability: ** Test Code is: JSJshopVars.flagExit = false;
JSJshop jSJshop = new JSJshop("ZWM)IVKg", "%Xe%`]e<ABdG;%)");
assertFalse(JSJshop.corbaToHicap);


** It was a parseable test case! 
refined test name is: testCorbaToHicapIsFalse
* Compiling Tests
** Write a test suite: 0 called: 0 to improve: false
* Compiling Tests
** Write a test suite: 0 called: 0 to improve: true
** Improve Understandability: ** Test Code is: JSJshop jSJshop = new JSJshop();
JSListLogicalAtoms addList = jSJshop.getAddList();
assertNull(addList);


** It was a parseable test case! 
refined test name is: testGetAddListReturnsNull
* Compiling Tests
** Write a test suite: 0 called: 0 to improve: false
* Compiling Tests
** Write a test suite: 0 called: 0 to improve: true
** Improve Understandability: ** Test Code is: JSJshop jSJshop = new JSJshop();
JSListLogicalAtoms deleteList = jSJshop.getDeleteList();
assertNull(deleteList);


** It was a parseable test case! 
refined test name is: testGetDeleteListNoAtomsToDelete
* Compiling Tests
refined test name is: testGetDeleteListWithEmptyListReturnsNull
* Compiling Tests
** Write a test suite: 0 called: 0 to improve: false
* Compiling Tests
** Write a test suite: 0 called: 0 to improve: true
** Improve Understandability: ** Test Code is: EvoSuiteFile arg0 = new EvoSuiteFile("farp.shp");
FileSystemHandling.appendStringToFile(arg0, "A@c {Zc`IlhvT,");
JSJshop jSJshop = new JSJshop();
jSJshop.testParser();
assertFalse(JSJshop.corbaToHicap);


** It was a parseable test case! 
refined test name is: testAppendStringToFileWithInvalidCharacter
* Compiling Tests
** Write a test suite: 0 called: 0 to improve: false
* Compiling Tests
** Write a test suite: 0 called: 0 to improve: true
** Improve Understandability: ** Test Code is: JSJshop jSJshop = new JSJshop();
EvoSuiteFile arg0 = new EvoSuiteFile("farp.shp");
FileSystemHandling.appendStringToFile(arg0, "Xg&1J9a_oh>;nsk;fRy");
jSJshop.testParser();
assertFalse(JSJshop.corbaToHicap);


** It was a parseable test case! 
refined test name is: testParserWhenStringIsCorrectlyParsed
* Compiling Tests
** Write a test suite: 0 called: 0 to improve: false
* Compiling Tests
** Write a test suite: 0 called: 0 to improve: true
** Improve Understandability: ** Test Code is: JSJshop jSJshop = new JSJshop();
EvoSuiteFile arg0 = new EvoSuiteFile("farp.shp");
FileSystemHandling.appendStringToFile(arg0, ")Abq4");
jSJshop.testParser();
assertFalse(JSJshop.corbaToHicap);


** It was a parseable test case! 
refined test name is: testParserReturnsCorrectResult
* Compiling Tests
refined test name is: testParserWithValidInputFile
* Compiling Tests
** Write a test suite: 0 called: 0 to improve: false
* Compiling Tests
** Write a test suite: 0 called: 0 to improve: true
** Improve Understandability: ** Test Code is: JSJshop jSJshop = new JSJshop();
EvoSuiteFile arg0 = new EvoSuiteFile("farp.shp");
FileSystemHandling.appendStringToFile(arg0, "]s+]6q2'");
jSJshop.testParser();
assertFalse(JSJshop.corbaToHicap);


** It was a parseable test case! 
refined test name is: testParserSetsCorbaToHicapToFalse
* Compiling Tests
refined test name is: testJSJshopCorbaToHicapFalse
* Compiling Tests
** Write a test suite: 0 called: 0 to improve: false
* Compiling Tests
** Write a test suite: 0 called: 0 to improve: true
** Improve Understandability: ** Test Code is: JSJshop jSJshop = new JSJshop();
EvoSuiteFile arg0 = new EvoSuiteFile("farp.shp");
FileSystemHandling.appendStringToFile(arg0, "s$A=vtL#!");
jSJshop.testParser();
assertFalse(JSJshop.corbaToHicap);


** It was a parseable test case! 
refined test name is: testAppendStringToFileAndParser
* Compiling Tests
** Write a test suite: 0 called: 0 to improve: false
* Compiling Tests
** Write a test suite: 0 called: 0 to improve: true
** Improve Understandability: ** Test Code is: EvoSuiteFile arg0 = new EvoSuiteFile("farp.shp");
FileSystemHandling.appendStringToFile(arg0, "<=*-{T:oz(s_r");
JSJshop jSJshop = new JSJshop();
JSJshopVars.interrogation = 84;
jSJshop.testParser();
assertFalse(JSJshop.corbaToHicap);


** It was a parseable test case! 
refined test name is: testParserCorrectlyInterpretsCorbaToHicapVariable
* Compiling Tests
** Write a test suite: 0 called: 0 to improve: false
* Compiling Tests
** Write a test suite: 0 called: 0 to improve: true
** Improve Understandability: ** Test Code is: EvoSuiteFile arg0 = new EvoSuiteFile("farp.shp");
FileSystemHandling.appendStringToFile(arg0, "W/;#7,");
JSJshop jSJshop = new JSJshop();
jSJshop.testParser();
assertFalse(JSJshop.corbaToHicap);


** It was a parseable test case! 
refined test name is: testAppendStringToFile
* Compiling Tests
** Write a test suite: 0 called: 0 to improve: false
* Compiling Tests
** Write a test suite: 0 called: 0 to improve: true
** Improve Understandability: ** Test Code is: JSJshop jSJshop = new JSJshop();
EvoSuiteFile arg0 = new EvoSuiteFile("farp.shp");
FileSystemHandling.appendStringToFile(arg0, "l[s0");
jSJshop.testParser();
assertFalse(JSJshop.corbaToHicap);


** It was a parseable test case! 
refined test name is: testCorbaToHicapFlagIsResetWhenAppendingString
* Compiling Tests
** Write a test suite: 0 called: 0 to improve: false
* Compiling Tests
** Write a test suite: 0 called: 0 to improve: true
** Improve Understandability: ** Test Code is: JSJshop jSJshop = new JSJshop();
BufferedReader bufferedReader = jSJshop.getBufferedReader("Expecting 'first'", "failed substitution", (JApplet) null);
assertNull(bufferedReader);


** It was a parseable test case! 
refined test name is: testGetBufferedReaderReturnsNull
* Compiling Tests
** Write a test suite: 0 called: 0 to improve: false
* Compiling Tests
** Write a test suite: 0 called: 0 to improve: true
** Improve Understandability: ** Test Code is: JSJshop jSJshop = new JSJshop();
BufferedReader bufferedReader = jSJshop.getBufferedReader((String) null, (String) null, (JApplet) null);
assertNull(bufferedReader);


** It was a parseable test case! 
refined test name is: testGetBufferedReaderWithNullFileName
* Compiling Tests
** Write a test suite: 0 called: 0 to improve: false
* Compiling Tests
** Write a test suite: 0 called: 0 to improve: true
** Improve Understandability: ** Test Code is: EvoSuiteFile arg0 = new EvoSuiteFile(" Expecting ')' for planning domain/ Expecting ')' for planning domain");
FileSystemHandling.appendLineToFile(arg0, "h2");
JSJshop jSJshop = new JSJshop();
BufferedReader bufferedReader = jSJshop.getBufferedReader(" Expecting ')' for planning domain", " Expecting ')' for planning domain", (JApplet) null);
assertNotNull(bufferedReader);


** It was a parseable test case! 
refined test name is: testGetBufferedReaderShouldReturnNonNull
* Compiling Tests
** Write a test suite: 0 called: 0 to improve: false
* Compiling Tests
** Write a test suite: 0 called: 0 to improve: false
* Compiling Tests
** Write a test suite: 0 called: 0 to improve: true
** Improve Understandability: ** Test Code is: JSJshop jSJshop = new JSJshop();
boolean parserFile = jSJshop.parserFile("` ");
assertFalse(parserFile);


** It was a parseable test case! 
refined test name is: testInvalidFilePath
* Compiling Tests
** Write a test suite: 0 called: 0 to improve: false
* Compiling Tests
** Write a test suite: 0 called: 0 to improve: true
** Improve Understandability: ** Test Code is: JSJshop jSJshop = new JSJshop();
// Undeclared exception!
try { 
  jSJshop.testParser();
  fail("Expecting exception: System.SystemExitException");

} catch(System.SystemExitException e) {
   //
   // no message in exception (getMessage() returned null)
   //
   verifyException("org.evosuite.runtime.System", e);
}


** It was a parseable test case! 
refined test name is: testInvalidInputDataShouldThrowException
* Compiling Tests
** Write a test suite: 0 called: 0 to improve: false
* Compiling Tests
** Write a test suite: 0 called: 0 to improve: true
** Improve Understandability: ** Test Code is: JSJshop jSJshop = new JSJshop();
// Undeclared exception!
try { 
  jSJshop.setFile("MAUB^sI^mr{{AZ,$]k", (JSTaskAtom) null);
  fail("Expecting exception: NullPointerException");

} catch(NullPointerException e) {
   //
   // no message in exception (getMessage() returned null)
   //
   verifyException("umd.cs.shop.JSJshop", e);
}


** It was a parseable test case! 
refined test name is: testSetFileWithNullAtomThrowsNullPointerException
Going to execute: handleTestsThatAreUnstable
* Compiling Tests
[MASTER] 13:01:41.347 [logback-1] WARN  AgentLoader - Failed to find EvoSuite jar in current classloader. URLs of classloader:
file:/root/.sdkman/candidates/java/8.0.333.fx-librca/jre/../lib/tools.jar
file:/root/.sdkman/candidates/java/8.0.333.fx-librca/jre/lib/ext/cldrdata.jar
file:/root/.sdkman/candidates/java/8.0.333.fx-librca/jre/lib/ext/sunec.jar
file:/root/.sdkman/candidates/java/8.0.333.fx-librca/jre/lib/ext/localedata.jar
file:/root/.sdkman/candidates/java/8.0.333.fx-librca/jre/lib/ext/jaccess.jar
file:/tmp/EvoSuite_pathingJar7145905304376211956.jar
file:/root/.sdkman/candidates/java/8.0.333.fx-librca/jre/lib/ext/dnsns.jar
file:/root/.sdkman/candidates/java/8.0.333.fx-librca/jre/lib/ext/sunpkcs11.jar
file:/root/.sdkman/candidates/java/8.0.333.fx-librca/jre/lib/ext/zipfs.jar
file:/root/.sdkman/candidates/java/8.0.333.fx-librca/jre/lib/ext/jfxrt.jar
file:/root/.sdkman/candidates/java/8.0.333.fx-librca/jre/lib/ext/sunjce_provider.jar
file:/root/.sdkman/candidates/java/8.0.333.fx-librca/jre/lib/ext/nashorn.jar
[MASTER] 13:01:41.383 [logback-1] WARN  JUnitAnalyzer - Found unstable test named initializationError -> class java.lang.RuntimeException: Cannot find either the compilation target folder nor the EvoSuite jar in classpath: /tmp/EvoSuite_pathingJar7145905304376211956.jar
Going to execute: handleTestsThatAreUnstable
* Compiling Tests
** Write a test suite: 0 called: 0 to improve: false
[MASTER] 13:01:41.443 [logback-1] WARN  AgentLoader - Failed to find EvoSuite jar in current classloader. URLs of classloader:
file:/root/.sdkman/candidates/java/8.0.333.fx-librca/jre/../lib/tools.jar
file:/root/.sdkman/candidates/java/8.0.333.fx-librca/jre/lib/ext/cldrdata.jar
file:/root/.sdkman/candidates/java/8.0.333.fx-librca/jre/lib/ext/sunec.jar
file:/root/.sdkman/candidates/java/8.0.333.fx-librca/jre/lib/ext/localedata.jar
file:/root/.sdkman/candidates/java/8.0.333.fx-librca/jre/lib/ext/jaccess.jar
file:/tmp/EvoSuite_pathingJar7145905304376211956.jar
file:/root/.sdkman/candidates/java/8.0.333.fx-librca/jre/lib/ext/dnsns.jar
file:/root/.sdkman/candidates/java/8.0.333.fx-librca/jre/lib/ext/sunpkcs11.jar
file:/root/.sdkman/candidates/java/8.0.333.fx-librca/jre/lib/ext/zipfs.jar
file:/root/.sdkman/candidates/java/8.0.333.fx-librca/jre/lib/ext/jfxrt.jar
file:/root/.sdkman/candidates/java/8.0.333.fx-librca/jre/lib/ext/sunjce_provider.jar
file:/root/.sdkman/candidates/java/8.0.333.fx-librca/jre/lib/ext/nashorn.jar
[MASTER] 13:01:41.444 [logback-1] WARN  JUnitAnalyzer - Found unstable test named initializationError -> class java.lang.RuntimeException: Cannot find either the compilation target folder nor the EvoSuite jar in classpath: /tmp/EvoSuite_pathingJar7145905304376211956.jar
Going to execute: handleTestsThatAreUnstable
* Compiling Tests
[MASTER] 13:01:41.505 [logback-1] WARN  AgentLoader - Failed to find EvoSuite jar in current classloader. URLs of classloader:
file:/root/.sdkman/candidates/java/8.0.333.fx-librca/jre/../lib/tools.jar
file:/root/.sdkman/candidates/java/8.0.333.fx-librca/jre/lib/ext/cldrdata.jar
file:/root/.sdkman/candidates/java/8.0.333.fx-librca/jre/lib/ext/sunec.jar
file:/root/.sdkman/candidates/java/8.0.333.fx-librca/jre/lib/ext/localedata.jar
file:/root/.sdkman/candidates/java/8.0.333.fx-librca/jre/lib/ext/jaccess.jar
file:/tmp/EvoSuite_pathingJar7145905304376211956.jar
file:/root/.sdkman/candidates/java/8.0.333.fx-librca/jre/lib/ext/dnsns.jar
file:/root/.sdkman/candidates/java/8.0.333.fx-librca/jre/lib/ext/sunpkcs11.jar
file:/root/.sdkman/candidates/java/8.0.333.fx-librca/jre/lib/ext/zipfs.jar
file:/root/.sdkman/candidates/java/8.0.333.fx-librca/jre/lib/ext/jfxrt.jar
file:/root/.sdkman/candidates/java/8.0.333.fx-librca/jre/lib/ext/sunjce_provider.jar
file:/root/.sdkman/candidates/java/8.0.333.fx-librca/jre/lib/ext/nashorn.jar
[MASTER] 13:01:41.506 [logback-1] WARN  JUnitAnalyzer - Found unstable test named initializationError -> class java.lang.RuntimeException: Cannot find either the compilation target folder nor the EvoSuite jar in classpath: /tmp/EvoSuite_pathingJar7145905304376211956.jar
Going to execute: handleTestsThatAreUnstable
* Compiling Tests
[MASTER] 13:01:41.547 [logback-1] WARN  AgentLoader - Failed to find EvoSuite jar in current classloader. URLs of classloader:
file:/root/.sdkman/candidates/java/8.0.333.fx-librca/jre/../lib/tools.jar
file:/root/.sdkman/candidates/java/8.0.333.fx-librca/jre/lib/ext/cldrdata.jar
file:/root/.sdkman/candidates/java/8.0.333.fx-librca/jre/lib/ext/sunec.jar
file:/root/.sdkman/candidates/java/8.0.333.fx-librca/jre/lib/ext/localedata.jar
file:/root/.sdkman/candidates/java/8.0.333.fx-librca/jre/lib/ext/jaccess.jar
file:/tmp/EvoSuite_pathingJar7145905304376211956.jar
file:/root/.sdkman/candidates/java/8.0.333.fx-librca/jre/lib/ext/dnsns.jar
file:/root/.sdkman/candidates/java/8.0.333.fx-librca/jre/lib/ext/sunpkcs11.jar
file:/root/.sdkman/candidates/java/8.0.333.fx-librca/jre/lib/ext/zipfs.jar
file:/root/.sdkman/candidates/java/8.0.333.fx-librca/jre/lib/ext/jfxrt.jar
file:/root/.sdkman/candidates/java/8.0.333.fx-librca/jre/lib/ext/sunjce_provider.jar
file:/root/.sdkman/candidates/java/8.0.333.fx-librca/jre/lib/ext/nashorn.jar
[MASTER] 13:01:41.548 [logback-1] WARN  JUnitAnalyzer - Found unstable test named initializationError -> class java.lang.RuntimeException: Cannot find either the compilation target folder nor the EvoSuite jar in classpath: /tmp/EvoSuite_pathingJar7145905304376211956.jar
Going to execute: handleTestsThatAreUnstable
* Compiling Tests
[MASTER] 13:01:41.590 [logback-1] WARN  AgentLoader - Failed to find EvoSuite jar in current classloader. URLs of classloader:
file:/root/.sdkman/candidates/java/8.0.333.fx-librca/jre/../lib/tools.jar
file:/root/.sdkman/candidates/java/8.0.333.fx-librca/jre/lib/ext/cldrdata.jar
file:/root/.sdkman/candidates/java/8.0.333.fx-librca/jre/lib/ext/sunec.jar
file:/root/.sdkman/candidates/java/8.0.333.fx-librca/jre/lib/ext/localedata.jar
file:/root/.sdkman/candidates/java/8.0.333.fx-librca/jre/lib/ext/jaccess.jar
file:/tmp/EvoSuite_pathingJar7145905304376211956.jar
file:/root/.sdkman/candidates/java/8.0.333.fx-librca/jre/lib/ext/dnsns.jar
file:/root/.sdkman/candidates/java/8.0.333.fx-librca/jre/lib/ext/sunpkcs11.jar
file:/root/.sdkman/candidates/java/8.0.333.fx-librca/jre/lib/ext/zipfs.jar
file:/root/.sdkman/candidates/java/8.0.333.fx-librca/jre/lib/ext/jfxrt.jar
file:/root/.sdkman/candidates/java/8.0.333.fx-librca/jre/lib/ext/sunjce_provider.jar
file:/root/.sdkman/candidates/java/8.0.333.fx-librca/jre/lib/ext/nashorn.jar
[MASTER] 13:01:41.591 [logback-1] WARN  JUnitAnalyzer - Found unstable test named initializationError -> class java.lang.RuntimeException: Cannot find either the compilation target folder nor the EvoSuite jar in classpath: /tmp/EvoSuite_pathingJar7145905304376211956.jar
Going to execute: handleTestsThatAreUnstable
* Compiling Tests
[MASTER] 13:01:41.633 [logback-1] WARN  AgentLoader - Failed to find EvoSuite jar in current classloader. URLs of classloader:
file:/root/.sdkman/candidates/java/8.0.333.fx-librca/jre/../lib/tools.jar
file:/root/.sdkman/candidates/java/8.0.333.fx-librca/jre/lib/ext/cldrdata.jar
file:/root/.sdkman/candidates/java/8.0.333.fx-librca/jre/lib/ext/sunec.jar
file:/root/.sdkman/candidates/java/8.0.333.fx-librca/jre/lib/ext/localedata.jar
file:/root/.sdkman/candidates/java/8.0.333.fx-librca/jre/lib/ext/jaccess.jar
file:/tmp/EvoSuite_pathingJar7145905304376211956.jar
file:/root/.sdkman/candidates/java/8.0.333.fx-librca/jre/lib/ext/dnsns.jar
file:/root/.sdkman/candidates/java/8.0.333.fx-librca/jre/lib/ext/sunpkcs11.jar
file:/root/.sdkman/candidates/java/8.0.333.fx-librca/jre/lib/ext/zipfs.jar
file:/root/.sdkman/candidates/java/8.0.333.fx-librca/jre/lib/ext/jfxrt.jar
file:/root/.sdkman/candidates/java/8.0.333.fx-librca/jre/lib/ext/sunjce_provider.jar
file:/root/.sdkman/candidates/java/8.0.333.fx-librca/jre/lib/ext/nashorn.jar
[MASTER] 13:01:41.634 [logback-1] WARN  JUnitAnalyzer - Found unstable test named initializationError -> class java.lang.RuntimeException: Cannot find either the compilation target folder nor the EvoSuite jar in classpath: /tmp/EvoSuite_pathingJar7145905304376211956.jar
Going to execute: handleTestsThatAreUnstable
* Compiling Tests
** Write a test suite: 0 called: 0 to improve: false
[MASTER] 13:01:41.685 [logback-1] WARN  AgentLoader - Failed to find EvoSuite jar in current classloader. URLs of classloader:
file:/root/.sdkman/candidates/java/8.0.333.fx-librca/jre/../lib/tools.jar
file:/root/.sdkman/candidates/java/8.0.333.fx-librca/jre/lib/ext/cldrdata.jar
file:/root/.sdkman/candidates/java/8.0.333.fx-librca/jre/lib/ext/sunec.jar
file:/root/.sdkman/candidates/java/8.0.333.fx-librca/jre/lib/ext/localedata.jar
file:/root/.sdkman/candidates/java/8.0.333.fx-librca/jre/lib/ext/jaccess.jar
file:/tmp/EvoSuite_pathingJar7145905304376211956.jar
file:/root/.sdkman/candidates/java/8.0.333.fx-librca/jre/lib/ext/dnsns.jar
file:/root/.sdkman/candidates/java/8.0.333.fx-librca/jre/lib/ext/sunpkcs11.jar
file:/root/.sdkman/candidates/java/8.0.333.fx-librca/jre/lib/ext/zipfs.jar
file:/root/.sdkman/candidates/java/8.0.333.fx-librca/jre/lib/ext/jfxrt.jar
file:/root/.sdkman/candidates/java/8.0.333.fx-librca/jre/lib/ext/sunjce_provider.jar
file:/root/.sdkman/candidates/java/8.0.333.fx-librca/jre/lib/ext/nashorn.jar
[MASTER] 13:01:41.686 [logback-1] WARN  JUnitAnalyzer - Found unstable test named initializationError -> class java.lang.RuntimeException: Cannot find either the compilation target folder nor the EvoSuite jar in classpath: /tmp/EvoSuite_pathingJar7145905304376211956.jar
Going to execute: handleTestsThatAreUnstable
* Compiling Tests
[MASTER] 13:01:41.728 [logback-1] WARN  AgentLoader - Failed to find EvoSuite jar in current classloader. URLs of classloader:
file:/root/.sdkman/candidates/java/8.0.333.fx-librca/jre/../lib/tools.jar
file:/root/.sdkman/candidates/java/8.0.333.fx-librca/jre/lib/ext/cldrdata.jar
file:/root/.sdkman/candidates/java/8.0.333.fx-librca/jre/lib/ext/sunec.jar
file:/root/.sdkman/candidates/java/8.0.333.fx-librca/jre/lib/ext/localedata.jar
file:/root/.sdkman/candidates/java/8.0.333.fx-librca/jre/lib/ext/jaccess.jar
file:/tmp/EvoSuite_pathingJar7145905304376211956.jar
file:/root/.sdkman/candidates/java/8.0.333.fx-librca/jre/lib/ext/dnsns.jar
file:/root/.sdkman/candidates/java/8.0.333.fx-librca/jre/lib/ext/sunpkcs11.jar
file:/root/.sdkman/candidates/java/8.0.333.fx-librca/jre/lib/ext/zipfs.jar
file:/root/.sdkman/candidates/java/8.0.333.fx-librca/jre/lib/ext/jfxrt.jar
file:/root/.sdkman/candidates/java/8.0.333.fx-librca/jre/lib/ext/sunjce_provider.jar
file:/root/.sdkman/candidates/java/8.0.333.fx-librca/jre/lib/ext/nashorn.jar
[MASTER] 13:01:41.728 [logback-1] WARN  JUnitAnalyzer - Found unstable test named initializationError -> class java.lang.RuntimeException: Cannot find either the compilation target folder nor the EvoSuite jar in classpath: /tmp/EvoSuite_pathingJar7145905304376211956.jar
Going to execute: handleTestsThatAreUnstable
* Compiling Tests
[MASTER] 13:01:41.772 [logback-1] WARN  AgentLoader - Failed to find EvoSuite jar in current classloader. URLs of classloader:
file:/root/.sdkman/candidates/java/8.0.333.fx-librca/jre/../lib/tools.jar
file:/root/.sdkman/candidates/java/8.0.333.fx-librca/jre/lib/ext/cldrdata.jar
file:/root/.sdkman/candidates/java/8.0.333.fx-librca/jre/lib/ext/sunec.jar
file:/root/.sdkman/candidates/java/8.0.333.fx-librca/jre/lib/ext/localedata.jar
file:/root/.sdkman/candidates/java/8.0.333.fx-librca/jre/lib/ext/jaccess.jar
file:/tmp/EvoSuite_pathingJar7145905304376211956.jar
file:/root/.sdkman/candidates/java/8.0.333.fx-librca/jre/lib/ext/dnsns.jar
file:/root/.sdkman/candidates/java/8.0.333.fx-librca/jre/lib/ext/sunpkcs11.jar
file:/root/.sdkman/candidates/java/8.0.333.fx-librca/jre/lib/ext/zipfs.jar
file:/root/.sdkman/candidates/java/8.0.333.fx-librca/jre/lib/ext/jfxrt.jar
file:/root/.sdkman/candidates/java/8.0.333.fx-librca/jre/lib/ext/sunjce_provider.jar
file:/root/.sdkman/candidates/java/8.0.333.fx-librca/jre/lib/ext/nashorn.jar
[MASTER] 13:01:41.773 [logback-1] WARN  JUnitAnalyzer - Found unstable test named initializationError -> class java.lang.RuntimeException: Cannot find either the compilation target folder nor the EvoSuite jar in classpath: /tmp/EvoSuite_pathingJar7145905304376211956.jar
Going to execute: handleTestsThatAreUnstable
* Compiling Tests
[MASTER] 13:01:41.826 [logback-1] WARN  AgentLoader - Failed to find EvoSuite jar in current classloader. URLs of classloader:
file:/root/.sdkman/candidates/java/8.0.333.fx-librca/jre/../lib/tools.jar
file:/root/.sdkman/candidates/java/8.0.333.fx-librca/jre/lib/ext/cldrdata.jar
file:/root/.sdkman/candidates/java/8.0.333.fx-librca/jre/lib/ext/sunec.jar
file:/root/.sdkman/candidates/java/8.0.333.fx-librca/jre/lib/ext/localedata.jar
file:/root/.sdkman/candidates/java/8.0.333.fx-librca/jre/lib/ext/jaccess.jar
file:/tmp/EvoSuite_pathingJar7145905304376211956.jar
file:/root/.sdkman/candidates/java/8.0.333.fx-librca/jre/lib/ext/dnsns.jar
file:/root/.sdkman/candidates/java/8.0.333.fx-librca/jre/lib/ext/sunpkcs11.jar
file:/root/.sdkman/candidates/java/8.0.333.fx-librca/jre/lib/ext/zipfs.jar
file:/root/.sdkman/candidates/java/8.0.333.fx-librca/jre/lib/ext/jfxrt.jar
file:/root/.sdkman/candidates/java/8.0.333.fx-librca/jre/lib/ext/sunjce_provider.jar
file:/root/.sdkman/candidates/java/8.0.333.fx-librca/jre/lib/ext/nashorn.jar
[MASTER] 13:01:41.827 [logback-1] WARN  JUnitAnalyzer - Found unstable test named initializationError -> class java.lang.RuntimeException: Cannot find either the compilation target folder nor the EvoSuite jar in classpath: /tmp/EvoSuite_pathingJar7145905304376211956.jar
Going to execute: handleTestsThatAreUnstable
* Compiling Tests
[MASTER] 13:01:41.870 [logback-1] WARN  AgentLoader - Failed to find EvoSuite jar in current classloader. URLs of classloader:
file:/root/.sdkman/candidates/java/8.0.333.fx-librca/jre/../lib/tools.jar
file:/root/.sdkman/candidates/java/8.0.333.fx-librca/jre/lib/ext/cldrdata.jar
file:/root/.sdkman/candidates/java/8.0.333.fx-librca/jre/lib/ext/sunec.jar
file:/root/.sdkman/candidates/java/8.0.333.fx-librca/jre/lib/ext/localedata.jar
file:/root/.sdkman/candidates/java/8.0.333.fx-librca/jre/lib/ext/jaccess.jar
file:/tmp/EvoSuite_pathingJar7145905304376211956.jar
file:/root/.sdkman/candidates/java/8.0.333.fx-librca/jre/lib/ext/dnsns.jar
file:/root/.sdkman/candidates/java/8.0.333.fx-librca/jre/lib/ext/sunpkcs11.jar
file:/root/.sdkman/candidates/java/8.0.333.fx-librca/jre/lib/ext/zipfs.jar
file:/root/.sdkman/candidates/java/8.0.333.fx-librca/jre/lib/ext/jfxrt.jar
file:/root/.sdkman/candidates/java/8.0.333.fx-librca/jre/lib/ext/sunjce_provider.jar
file:/root/.sdkman/candidates/java/8.0.333.fx-librca/jre/lib/ext/nashorn.jar
[MASTER] 13:01:41.871 [logback-1] WARN  JUnitAnalyzer - Found unstable test named initializationError -> class java.lang.RuntimeException: Cannot find either the compilation target folder nor the EvoSuite jar in classpath: /tmp/EvoSuite_pathingJar7145905304376211956.jar
Going to execute: handleTestsThatAreUnstable
* Compiling Tests
[MASTER] 13:01:41.914 [logback-1] WARN  AgentLoader - Failed to find EvoSuite jar in current classloader. URLs of classloader:
file:/root/.sdkman/candidates/java/8.0.333.fx-librca/jre/../lib/tools.jar
file:/root/.sdkman/candidates/java/8.0.333.fx-librca/jre/lib/ext/cldrdata.jar
file:/root/.sdkman/candidates/java/8.0.333.fx-librca/jre/lib/ext/sunec.jar
file:/root/.sdkman/candidates/java/8.0.333.fx-librca/jre/lib/ext/localedata.jar
file:/root/.sdkman/candidates/java/8.0.333.fx-librca/jre/lib/ext/jaccess.jar
file:/tmp/EvoSuite_pathingJar7145905304376211956.jar
file:/root/.sdkman/candidates/java/8.0.333.fx-librca/jre/lib/ext/dnsns.jar
file:/root/.sdkman/candidates/java/8.0.333.fx-librca/jre/lib/ext/sunpkcs11.jar
file:/root/.sdkman/candidates/java/8.0.333.fx-librca/jre/lib/ext/zipfs.jar
file:/root/.sdkman/candidates/java/8.0.333.fx-librca/jre/lib/ext/jfxrt.jar
file:/root/.sdkman/candidates/java/8.0.333.fx-librca/jre/lib/ext/sunjce_provider.jar
file:/root/.sdkman/candidates/java/8.0.333.fx-librca/jre/lib/ext/nashorn.jar
[MASTER] 13:01:41.915 [logback-1] WARN  JUnitAnalyzer - Found unstable test named initializationError -> class java.lang.RuntimeException: Cannot find either the compilation target folder nor the EvoSuite jar in classpath: /tmp/EvoSuite_pathingJar7145905304376211956.jar
Going to execute: handleTestsThatAreUnstable
* Compiling Tests
[MASTER] 13:01:41.964 [logback-1] WARN  AgentLoader - Failed to find EvoSuite jar in current classloader. URLs of classloader:
file:/root/.sdkman/candidates/java/8.0.333.fx-librca/jre/../lib/tools.jar
file:/root/.sdkman/candidates/java/8.0.333.fx-librca/jre/lib/ext/cldrdata.jar
file:/root/.sdkman/candidates/java/8.0.333.fx-librca/jre/lib/ext/sunec.jar
file:/root/.sdkman/candidates/java/8.0.333.fx-librca/jre/lib/ext/localedata.jar
file:/root/.sdkman/candidates/java/8.0.333.fx-librca/jre/lib/ext/jaccess.jar
file:/tmp/EvoSuite_pathingJar7145905304376211956.jar
file:/root/.sdkman/candidates/java/8.0.333.fx-librca/jre/lib/ext/dnsns.jar
file:/root/.sdkman/candidates/java/8.0.333.fx-librca/jre/lib/ext/sunpkcs11.jar
file:/root/.sdkman/candidates/java/8.0.333.fx-librca/jre/lib/ext/zipfs.jar
file:/root/.sdkman/candidates/java/8.0.333.fx-librca/jre/lib/ext/jfxrt.jar
file:/root/.sdkman/candidates/java/8.0.333.fx-librca/jre/lib/ext/sunjce_provider.jar
file:/root/.sdkman/candidates/java/8.0.333.fx-librca/jre/lib/ext/nashorn.jar
[MASTER] 13:01:41.965 [logback-1] WARN  JUnitAnalyzer - Found unstable test named initializationError -> class java.lang.RuntimeException: Cannot find either the compilation target folder nor the EvoSuite jar in classpath: /tmp/EvoSuite_pathingJar7145905304376211956.jar
Going to execute: handleTestsThatAreUnstable
* Compiling Tests
[MASTER] 13:01:42.007 [logback-1] WARN  AgentLoader - Failed to find EvoSuite jar in current classloader. URLs of classloader:
file:/root/.sdkman/candidates/java/8.0.333.fx-librca/jre/../lib/tools.jar
file:/root/.sdkman/candidates/java/8.0.333.fx-librca/jre/lib/ext/cldrdata.jar
file:/root/.sdkman/candidates/java/8.0.333.fx-librca/jre/lib/ext/sunec.jar
file:/root/.sdkman/candidates/java/8.0.333.fx-librca/jre/lib/ext/localedata.jar
file:/root/.sdkman/candidates/java/8.0.333.fx-librca/jre/lib/ext/jaccess.jar
file:/tmp/EvoSuite_pathingJar7145905304376211956.jar
file:/root/.sdkman/candidates/java/8.0.333.fx-librca/jre/lib/ext/dnsns.jar
file:/root/.sdkman/candidates/java/8.0.333.fx-librca/jre/lib/ext/sunpkcs11.jar
file:/root/.sdkman/candidates/java/8.0.333.fx-librca/jre/lib/ext/zipfs.jar
file:/root/.sdkman/candidates/java/8.0.333.fx-librca/jre/lib/ext/jfxrt.jar
file:/root/.sdkman/candidates/java/8.0.333.fx-librca/jre/lib/ext/sunjce_provider.jar
file:/root/.sdkman/candidates/java/8.0.333.fx-librca/jre/lib/ext/nashorn.jar
[MASTER] 13:01:42.008 [logback-1] WARN  JUnitAnalyzer - Found unstable test named initializationError -> class java.lang.RuntimeException: Cannot find either the compilation target folder nor the EvoSuite jar in classpath: /tmp/EvoSuite_pathingJar7145905304376211956.jar
Going to execute: handleTestsThatAreUnstable
* Compiling Tests
[MASTER] 13:01:42.052 [logback-1] WARN  AgentLoader - Failed to find EvoSuite jar in current classloader. URLs of classloader:
file:/root/.sdkman/candidates/java/8.0.333.fx-librca/jre/../lib/tools.jar
file:/root/.sdkman/candidates/java/8.0.333.fx-librca/jre/lib/ext/cldrdata.jar
file:/root/.sdkman/candidates/java/8.0.333.fx-librca/jre/lib/ext/sunec.jar
file:/root/.sdkman/candidates/java/8.0.333.fx-librca/jre/lib/ext/localedata.jar
file:/root/.sdkman/candidates/java/8.0.333.fx-librca/jre/lib/ext/jaccess.jar
file:/tmp/EvoSuite_pathingJar7145905304376211956.jar
file:/root/.sdkman/candidates/java/8.0.333.fx-librca/jre/lib/ext/dnsns.jar
file:/root/.sdkman/candidates/java/8.0.333.fx-librca/jre/lib/ext/sunpkcs11.jar
file:/root/.sdkman/candidates/java/8.0.333.fx-librca/jre/lib/ext/zipfs.jar
file:/root/.sdkman/candidates/java/8.0.333.fx-librca/jre/lib/ext/jfxrt.jar
file:/root/.sdkman/candidates/java/8.0.333.fx-librca/jre/lib/ext/sunjce_provider.jar
file:/root/.sdkman/candidates/java/8.0.333.fx-librca/jre/lib/ext/nashorn.jar
[MASTER] 13:01:42.053 [logback-1] WARN  JUnitAnalyzer - Found unstable test named initializationError -> class java.lang.RuntimeException: Cannot find either the compilation target folder nor the EvoSuite jar in classpath: /tmp/EvoSuite_pathingJar7145905304376211956.jar
Going to execute: handleTestsThatAreUnstable
* Compiling Tests
** Write a test suite: 0 called: 0 to improve: false
[MASTER] 13:01:42.101 [logback-1] WARN  AgentLoader - Failed to find EvoSuite jar in current classloader. URLs of classloader:
file:/root/.sdkman/candidates/java/8.0.333.fx-librca/jre/../lib/tools.jar
file:/root/.sdkman/candidates/java/8.0.333.fx-librca/jre/lib/ext/cldrdata.jar
file:/root/.sdkman/candidates/java/8.0.333.fx-librca/jre/lib/ext/sunec.jar
file:/root/.sdkman/candidates/java/8.0.333.fx-librca/jre/lib/ext/localedata.jar
file:/root/.sdkman/candidates/java/8.0.333.fx-librca/jre/lib/ext/jaccess.jar
file:/tmp/EvoSuite_pathingJar7145905304376211956.jar
file:/root/.sdkman/candidates/java/8.0.333.fx-librca/jre/lib/ext/dnsns.jar
file:/root/.sdkman/candidates/java/8.0.333.fx-librca/jre/lib/ext/sunpkcs11.jar
file:/root/.sdkman/candidates/java/8.0.333.fx-librca/jre/lib/ext/zipfs.jar
file:/root/.sdkman/candidates/java/8.0.333.fx-librca/jre/lib/ext/jfxrt.jar
file:/root/.sdkman/candidates/java/8.0.333.fx-librca/jre/lib/ext/sunjce_provider.jar
file:/root/.sdkman/candidates/java/8.0.333.fx-librca/jre/lib/ext/nashorn.jar
[MASTER] 13:01:42.102 [logback-1] WARN  JUnitAnalyzer - Found unstable test named initializationError -> class java.lang.RuntimeException: Cannot find either the compilation target folder nor the EvoSuite jar in classpath: /tmp/EvoSuite_pathingJar7145905304376211956.jar
Going to execute: handleTestsThatAreUnstable
* Compiling Tests
[MASTER] 13:01:42.150 [logback-1] WARN  AgentLoader - Failed to find EvoSuite jar in current classloader. URLs of classloader:
file:/root/.sdkman/candidates/java/8.0.333.fx-librca/jre/../lib/tools.jar
file:/root/.sdkman/candidates/java/8.0.333.fx-librca/jre/lib/ext/cldrdata.jar
file:/root/.sdkman/candidates/java/8.0.333.fx-librca/jre/lib/ext/sunec.jar
file:/root/.sdkman/candidates/java/8.0.333.fx-librca/jre/lib/ext/localedata.jar
file:/root/.sdkman/candidates/java/8.0.333.fx-librca/jre/lib/ext/jaccess.jar
file:/tmp/EvoSuite_pathingJar7145905304376211956.jar
file:/root/.sdkman/candidates/java/8.0.333.fx-librca/jre/lib/ext/dnsns.jar
file:/root/.sdkman/candidates/java/8.0.333.fx-librca/jre/lib/ext/sunpkcs11.jar
file:/root/.sdkman/candidates/java/8.0.333.fx-librca/jre/lib/ext/zipfs.jar
file:/root/.sdkman/candidates/java/8.0.333.fx-librca/jre/lib/ext/jfxrt.jar
file:/root/.sdkman/candidates/java/8.0.333.fx-librca/jre/lib/ext/sunjce_provider.jar
file:/root/.sdkman/candidates/java/8.0.333.fx-librca/jre/lib/ext/nashorn.jar
[MASTER] 13:01:42.151 [logback-1] WARN  JUnitAnalyzer - Found unstable test named initializationError -> class java.lang.RuntimeException: Cannot find either the compilation target folder nor the EvoSuite jar in classpath: /tmp/EvoSuite_pathingJar7145905304376211956.jar
Going to execute: handleTestsThatAreUnstable
* Compiling Tests
[MASTER] 13:01:42.195 [logback-1] WARN  AgentLoader - Failed to find EvoSuite jar in current classloader. URLs of classloader:
file:/root/.sdkman/candidates/java/8.0.333.fx-librca/jre/../lib/tools.jar
file:/root/.sdkman/candidates/java/8.0.333.fx-librca/jre/lib/ext/cldrdata.jar
file:/root/.sdkman/candidates/java/8.0.333.fx-librca/jre/lib/ext/sunec.jar
file:/root/.sdkman/candidates/java/8.0.333.fx-librca/jre/lib/ext/localedata.jar
file:/root/.sdkman/candidates/java/8.0.333.fx-librca/jre/lib/ext/jaccess.jar
file:/tmp/EvoSuite_pathingJar7145905304376211956.jar
file:/root/.sdkman/candidates/java/8.0.333.fx-librca/jre/lib/ext/dnsns.jar
file:/root/.sdkman/candidates/java/8.0.333.fx-librca/jre/lib/ext/sunpkcs11.jar
file:/root/.sdkman/candidates/java/8.0.333.fx-librca/jre/lib/ext/zipfs.jar
file:/root/.sdkman/candidates/java/8.0.333.fx-librca/jre/lib/ext/jfxrt.jar
file:/root/.sdkman/candidates/java/8.0.333.fx-librca/jre/lib/ext/sunjce_provider.jar
file:/root/.sdkman/candidates/java/8.0.333.fx-librca/jre/lib/ext/nashorn.jar
[MASTER] 13:01:42.196 [logback-1] WARN  JUnitAnalyzer - Found unstable test named initializationError -> class java.lang.RuntimeException: Cannot find either the compilation target folder nor the EvoSuite jar in classpath: /tmp/EvoSuite_pathingJar7145905304376211956.jar
Going to execute: handleTestsThatAreUnstable
* Compiling Tests
** Write a test suite: 0 called: 0 to improve: false
[MASTER] 13:01:42.243 [logback-1] WARN  AgentLoader - Failed to find EvoSuite jar in current classloader. URLs of classloader:
file:/root/.sdkman/candidates/java/8.0.333.fx-librca/jre/../lib/tools.jar
file:/root/.sdkman/candidates/java/8.0.333.fx-librca/jre/lib/ext/cldrdata.jar
file:/root/.sdkman/candidates/java/8.0.333.fx-librca/jre/lib/ext/sunec.jar
file:/root/.sdkman/candidates/java/8.0.333.fx-librca/jre/lib/ext/localedata.jar
file:/root/.sdkman/candidates/java/8.0.333.fx-librca/jre/lib/ext/jaccess.jar
file:/tmp/EvoSuite_pathingJar7145905304376211956.jar
file:/root/.sdkman/candidates/java/8.0.333.fx-librca/jre/lib/ext/dnsns.jar
file:/root/.sdkman/candidates/java/8.0.333.fx-librca/jre/lib/ext/sunpkcs11.jar
file:/root/.sdkman/candidates/java/8.0.333.fx-librca/jre/lib/ext/zipfs.jar
file:/root/.sdkman/candidates/java/8.0.333.fx-librca/jre/lib/ext/jfxrt.jar
file:/root/.sdkman/candidates/java/8.0.333.fx-librca/jre/lib/ext/sunjce_provider.jar
file:/root/.sdkman/candidates/java/8.0.333.fx-librca/jre/lib/ext/nashorn.jar
[MASTER] 13:01:42.244 [logback-1] WARN  JUnitAnalyzer - Found unstable test named initializationError -> class java.lang.RuntimeException: Cannot find either the compilation target folder nor the EvoSuite jar in classpath: /tmp/EvoSuite_pathingJar7145905304376211956.jar
Going to execute: handleTestsThatAreUnstable
* Compiling Tests
** Write a test suite: 0 called: 0 to improve: false
[MASTER] 13:01:42.295 [logback-1] WARN  AgentLoader - Failed to find EvoSuite jar in current classloader. URLs of classloader:
file:/root/.sdkman/candidates/java/8.0.333.fx-librca/jre/../lib/tools.jar
file:/root/.sdkman/candidates/java/8.0.333.fx-librca/jre/lib/ext/cldrdata.jar
file:/root/.sdkman/candidates/java/8.0.333.fx-librca/jre/lib/ext/sunec.jar
file:/root/.sdkman/candidates/java/8.0.333.fx-librca/jre/lib/ext/localedata.jar
file:/root/.sdkman/candidates/java/8.0.333.fx-librca/jre/lib/ext/jaccess.jar
file:/tmp/EvoSuite_pathingJar7145905304376211956.jar
file:/root/.sdkman/candidates/java/8.0.333.fx-librca/jre/lib/ext/dnsns.jar
file:/root/.sdkman/candidates/java/8.0.333.fx-librca/jre/lib/ext/sunpkcs11.jar
file:/root/.sdkman/candidates/java/8.0.333.fx-librca/jre/lib/ext/zipfs.jar
file:/root/.sdkman/candidates/java/8.0.333.fx-librca/jre/lib/ext/jfxrt.jar
file:/root/.sdkman/candidates/java/8.0.333.fx-librca/jre/lib/ext/sunjce_provider.jar
file:/root/.sdkman/candidates/java/8.0.333.fx-librca/jre/lib/ext/nashorn.jar
[MASTER] 13:01:42.298 [logback-1] WARN  JUnitAnalyzer - Found unstable test named initializationError -> class java.lang.RuntimeException: Cannot find either the compilation target folder nor the EvoSuite jar in classpath: /tmp/EvoSuite_pathingJar7145905304376211956.jar
Going to execute: handleTestsThatAreUnstable
* Compiling Tests
[MASTER] 13:01:42.353 [logback-1] WARN  AgentLoader - Failed to find EvoSuite jar in current classloader. URLs of classloader:
file:/root/.sdkman/candidates/java/8.0.333.fx-librca/jre/../lib/tools.jar
file:/root/.sdkman/candidates/java/8.0.333.fx-librca/jre/lib/ext/cldrdata.jar
file:/root/.sdkman/candidates/java/8.0.333.fx-librca/jre/lib/ext/sunec.jar
file:/root/.sdkman/candidates/java/8.0.333.fx-librca/jre/lib/ext/localedata.jar
file:/root/.sdkman/candidates/java/8.0.333.fx-librca/jre/lib/ext/jaccess.jar
file:/tmp/EvoSuite_pathingJar7145905304376211956.jar
file:/root/.sdkman/candidates/java/8.0.333.fx-librca/jre/lib/ext/dnsns.jar
file:/root/.sdkman/candidates/java/8.0.333.fx-librca/jre/lib/ext/sunpkcs11.jar
file:/root/.sdkman/candidates/java/8.0.333.fx-librca/jre/lib/ext/zipfs.jar
file:/root/.sdkman/candidates/java/8.0.333.fx-librca/jre/lib/ext/jfxrt.jar
file:/root/.sdkman/candidates/java/8.0.333.fx-librca/jre/lib/ext/sunjce_provider.jar
file:/root/.sdkman/candidates/java/8.0.333.fx-librca/jre/lib/ext/nashorn.jar
[MASTER] 13:01:42.354 [logback-1] WARN  JUnitAnalyzer - Found unstable test named initializationError -> class java.lang.RuntimeException: Cannot find either the compilation target folder nor the EvoSuite jar in classpath: /tmp/EvoSuite_pathingJar7145905304376211956.jar
Going to execute: handleTestsThatAreUnstable
* Compiling Tests
[MASTER] 13:01:42.406 [logback-1] WARN  AgentLoader - Failed to find EvoSuite jar in current classloader. URLs of classloader:
file:/root/.sdkman/candidates/java/8.0.333.fx-librca/jre/../lib/tools.jar
file:/root/.sdkman/candidates/java/8.0.333.fx-librca/jre/lib/ext/cldrdata.jar
file:/root/.sdkman/candidates/java/8.0.333.fx-librca/jre/lib/ext/sunec.jar
file:/root/.sdkman/candidates/java/8.0.333.fx-librca/jre/lib/ext/localedata.jar
file:/root/.sdkman/candidates/java/8.0.333.fx-librca/jre/lib/ext/jaccess.jar
file:/tmp/EvoSuite_pathingJar7145905304376211956.jar
file:/root/.sdkman/candidates/java/8.0.333.fx-librca/jre/lib/ext/dnsns.jar
file:/root/.sdkman/candidates/java/8.0.333.fx-librca/jre/lib/ext/sunpkcs11.jar
file:/root/.sdkman/candidates/java/8.0.333.fx-librca/jre/lib/ext/zipfs.jar
file:/root/.sdkman/candidates/java/8.0.333.fx-librca/jre/lib/ext/jfxrt.jar
file:/root/.sdkman/candidates/java/8.0.333.fx-librca/jre/lib/ext/sunjce_provider.jar
file:/root/.sdkman/candidates/java/8.0.333.fx-librca/jre/lib/ext/nashorn.jar
[MASTER] 13:01:42.407 [logback-1] WARN  JUnitAnalyzer - Found unstable test named initializationError -> class java.lang.RuntimeException: Cannot find either the compilation target folder nor the EvoSuite jar in classpath: /tmp/EvoSuite_pathingJar7145905304376211956.jar
Going to execute: handleTestsThatAreUnstable
* Compiling Tests
[MASTER] 13:01:42.454 [logback-1] WARN  AgentLoader - Failed to find EvoSuite jar in current classloader. URLs of classloader:
file:/root/.sdkman/candidates/java/8.0.333.fx-librca/jre/../lib/tools.jar
file:/root/.sdkman/candidates/java/8.0.333.fx-librca/jre/lib/ext/cldrdata.jar
file:/root/.sdkman/candidates/java/8.0.333.fx-librca/jre/lib/ext/sunec.jar
file:/root/.sdkman/candidates/java/8.0.333.fx-librca/jre/lib/ext/localedata.jar
file:/root/.sdkman/candidates/java/8.0.333.fx-librca/jre/lib/ext/jaccess.jar
file:/tmp/EvoSuite_pathingJar7145905304376211956.jar
file:/root/.sdkman/candidates/java/8.0.333.fx-librca/jre/lib/ext/dnsns.jar
file:/root/.sdkman/candidates/java/8.0.333.fx-librca/jre/lib/ext/sunpkcs11.jar
file:/root/.sdkman/candidates/java/8.0.333.fx-librca/jre/lib/ext/zipfs.jar
file:/root/.sdkman/candidates/java/8.0.333.fx-librca/jre/lib/ext/jfxrt.jar
file:/root/.sdkman/candidates/java/8.0.333.fx-librca/jre/lib/ext/sunjce_provider.jar
file:/root/.sdkman/candidates/java/8.0.333.fx-librca/jre/lib/ext/nashorn.jar
[MASTER] 13:01:42.455 [logback-1] WARN  JUnitAnalyzer - Found unstable test named initializationError -> class java.lang.RuntimeException: Cannot find either the compilation target folder nor the EvoSuite jar in classpath: /tmp/EvoSuite_pathingJar7145905304376211956.jar
Going to execute: handleTestsThatAreUnstable
* Compiling Tests
[MASTER] 13:01:42.507 [logback-1] WARN  AgentLoader - Failed to find EvoSuite jar in current classloader. URLs of classloader:
file:/root/.sdkman/candidates/java/8.0.333.fx-librca/jre/../lib/tools.jar
file:/root/.sdkman/candidates/java/8.0.333.fx-librca/jre/lib/ext/cldrdata.jar
file:/root/.sdkman/candidates/java/8.0.333.fx-librca/jre/lib/ext/sunec.jar
file:/root/.sdkman/candidates/java/8.0.333.fx-librca/jre/lib/ext/localedata.jar
file:/root/.sdkman/candidates/java/8.0.333.fx-librca/jre/lib/ext/jaccess.jar
file:/tmp/EvoSuite_pathingJar7145905304376211956.jar
file:/root/.sdkman/candidates/java/8.0.333.fx-librca/jre/lib/ext/dnsns.jar
file:/root/.sdkman/candidates/java/8.0.333.fx-librca/jre/lib/ext/sunpkcs11.jar
file:/root/.sdkman/candidates/java/8.0.333.fx-librca/jre/lib/ext/zipfs.jar
file:/root/.sdkman/candidates/java/8.0.333.fx-librca/jre/lib/ext/jfxrt.jar
file:/root/.sdkman/candidates/java/8.0.333.fx-librca/jre/lib/ext/sunjce_provider.jar
file:/root/.sdkman/candidates/java/8.0.333.fx-librca/jre/lib/ext/nashorn.jar
[MASTER] 13:01:42.526 [logback-1] WARN  JUnitAnalyzer - Found unstable test named initializationError -> class java.lang.RuntimeException: Cannot find either the compilation target folder nor the EvoSuite jar in classpath: /tmp/EvoSuite_pathingJar7145905304376211956.jar
Going to execute: handleTestsThatAreUnstable
* Compiling Tests
[MASTER] 13:01:42.585 [logback-1] WARN  AgentLoader - Failed to find EvoSuite jar in current classloader. URLs of classloader:
file:/root/.sdkman/candidates/java/8.0.333.fx-librca/jre/../lib/tools.jar
file:/root/.sdkman/candidates/java/8.0.333.fx-librca/jre/lib/ext/cldrdata.jar
file:/root/.sdkman/candidates/java/8.0.333.fx-librca/jre/lib/ext/sunec.jar
file:/root/.sdkman/candidates/java/8.0.333.fx-librca/jre/lib/ext/localedata.jar
file:/root/.sdkman/candidates/java/8.0.333.fx-librca/jre/lib/ext/jaccess.jar
file:/tmp/EvoSuite_pathingJar7145905304376211956.jar
file:/root/.sdkman/candidates/java/8.0.333.fx-librca/jre/lib/ext/dnsns.jar
file:/root/.sdkman/candidates/java/8.0.333.fx-librca/jre/lib/ext/sunpkcs11.jar
file:/root/.sdkman/candidates/java/8.0.333.fx-librca/jre/lib/ext/zipfs.jar
file:/root/.sdkman/candidates/java/8.0.333.fx-librca/jre/lib/ext/jfxrt.jar
file:/root/.sdkman/candidates/java/8.0.333.fx-librca/jre/lib/ext/sunjce_provider.jar
file:/root/.sdkman/candidates/java/8.0.333.fx-librca/jre/lib/ext/nashorn.jar
[MASTER] 13:01:42.586 [logback-1] WARN  JUnitAnalyzer - Found unstable test named initializationError -> class java.lang.RuntimeException: Cannot find either the compilation target folder nor the EvoSuite jar in classpath: /tmp/EvoSuite_pathingJar7145905304376211956.jar
Going to execute: handleTestsThatAreUnstable
* Compiling Tests
[MASTER] 13:01:42.634 [logback-1] WARN  AgentLoader - Failed to find EvoSuite jar in current classloader. URLs of classloader:
file:/root/.sdkman/candidates/java/8.0.333.fx-librca/jre/../lib/tools.jar
file:/root/.sdkman/candidates/java/8.0.333.fx-librca/jre/lib/ext/cldrdata.jar
file:/root/.sdkman/candidates/java/8.0.333.fx-librca/jre/lib/ext/sunec.jar
file:/root/.sdkman/candidates/java/8.0.333.fx-librca/jre/lib/ext/localedata.jar
file:/root/.sdkman/candidates/java/8.0.333.fx-librca/jre/lib/ext/jaccess.jar
file:/tmp/EvoSuite_pathingJar7145905304376211956.jar
file:/root/.sdkman/candidates/java/8.0.333.fx-librca/jre/lib/ext/dnsns.jar
file:/root/.sdkman/candidates/java/8.0.333.fx-librca/jre/lib/ext/sunpkcs11.jar
file:/root/.sdkman/candidates/java/8.0.333.fx-librca/jre/lib/ext/zipfs.jar
file:/root/.sdkman/candidates/java/8.0.333.fx-librca/jre/lib/ext/jfxrt.jar
file:/root/.sdkman/candidates/java/8.0.333.fx-librca/jre/lib/ext/sunjce_provider.jar
file:/root/.sdkman/candidates/java/8.0.333.fx-librca/jre/lib/ext/nashorn.jar
[MASTER] 13:01:42.635 [logback-1] WARN  JUnitAnalyzer - Found unstable test named initializationError -> class java.lang.RuntimeException: Cannot find either the compilation target folder nor the EvoSuite jar in classpath: /tmp/EvoSuite_pathingJar7145905304376211956.jar
Going to execute: handleTestsThatAreUnstable
* Compiling Tests
[MASTER] 13:01:42.683 [logback-1] WARN  AgentLoader - Failed to find EvoSuite jar in current classloader. URLs of classloader:
file:/root/.sdkman/candidates/java/8.0.333.fx-librca/jre/../lib/tools.jar
file:/root/.sdkman/candidates/java/8.0.333.fx-librca/jre/lib/ext/cldrdata.jar
file:/root/.sdkman/candidates/java/8.0.333.fx-librca/jre/lib/ext/sunec.jar
file:/root/.sdkman/candidates/java/8.0.333.fx-librca/jre/lib/ext/localedata.jar
file:/root/.sdkman/candidates/java/8.0.333.fx-librca/jre/lib/ext/jaccess.jar
file:/tmp/EvoSuite_pathingJar7145905304376211956.jar
file:/root/.sdkman/candidates/java/8.0.333.fx-librca/jre/lib/ext/dnsns.jar
file:/root/.sdkman/candidates/java/8.0.333.fx-librca/jre/lib/ext/sunpkcs11.jar
file:/root/.sdkman/candidates/java/8.0.333.fx-librca/jre/lib/ext/zipfs.jar
file:/root/.sdkman/candidates/java/8.0.333.fx-librca/jre/lib/ext/jfxrt.jar
file:/root/.sdkman/candidates/java/8.0.333.fx-librca/jre/lib/ext/sunjce_provider.jar
file:/root/.sdkman/candidates/java/8.0.333.fx-librca/jre/lib/ext/nashorn.jar
Going to execute: handleTestsThatAreUnstable
* Compiling Tests
[MASTER] 13:01:42.684 [logback-1] WARN  JUnitAnalyzer - Found unstable test named initializationError -> class java.lang.RuntimeException: Cannot find either the compilation target folder nor the EvoSuite jar in classpath: /tmp/EvoSuite_pathingJar7145905304376211956.jar
[MASTER] 13:01:42.728 [logback-1] WARN  AgentLoader - Failed to find EvoSuite jar in current classloader. URLs of classloader:
file:/root/.sdkman/candidates/java/8.0.333.fx-librca/jre/../lib/tools.jar
file:/root/.sdkman/candidates/java/8.0.333.fx-librca/jre/lib/ext/cldrdata.jar
file:/root/.sdkman/candidates/java/8.0.333.fx-librca/jre/lib/ext/sunec.jar
file:/root/.sdkman/candidates/java/8.0.333.fx-librca/jre/lib/ext/localedata.jar
file:/root/.sdkman/candidates/java/8.0.333.fx-librca/jre/lib/ext/jaccess.jar
file:/tmp/EvoSuite_pathingJar7145905304376211956.jar
file:/root/.sdkman/candidates/java/8.0.333.fx-librca/jre/lib/ext/dnsns.jar
file:/root/.sdkman/candidates/java/8.0.333.fx-librca/jre/lib/ext/sunpkcs11.jar
file:/root/.sdkman/candidates/java/8.0.333.fx-librca/jre/lib/ext/zipfs.jar
file:/root/.sdkman/candidates/java/8.0.333.fx-librca/jre/lib/ext/jfxrt.jar
file:/root/.sdkman/candidates/java/8.0.333.fx-librca/jre/lib/ext/sunjce_provider.jar
file:/root/.sdkman/candidates/java/8.0.333.fx-librca/jre/lib/ext/nashorn.jar
[MASTER] 13:01:42.728 [logback-1] WARN  JUnitAnalyzer - Found unstable test named initializationError -> class java.lang.RuntimeException: Cannot find either the compilation target folder nor the EvoSuite jar in classpath: /tmp/EvoSuite_pathingJar7145905304376211956.jar
Going to execute: handleTestsThatAreUnstable
* Compiling Tests
Going to execute: handleTestsThatAreUnstable
* Compiling Tests
[MASTER] 13:01:42.781 [logback-1] WARN  AgentLoader - Failed to find EvoSuite jar in current classloader. URLs of classloader:
file:/root/.sdkman/candidates/java/8.0.333.fx-librca/jre/../lib/tools.jar
file:/root/.sdkman/candidates/java/8.0.333.fx-librca/jre/lib/ext/cldrdata.jar
file:/root/.sdkman/candidates/java/8.0.333.fx-librca/jre/lib/ext/sunec.jar
file:/root/.sdkman/candidates/java/8.0.333.fx-librca/jre/lib/ext/localedata.jar
file:/root/.sdkman/candidates/java/8.0.333.fx-librca/jre/lib/ext/jaccess.jar
file:/tmp/EvoSuite_pathingJar7145905304376211956.jar
file:/root/.sdkman/candidates/java/8.0.333.fx-librca/jre/lib/ext/dnsns.jar
file:/root/.sdkman/candidates/java/8.0.333.fx-librca/jre/lib/ext/sunpkcs11.jar
file:/root/.sdkman/candidates/java/8.0.333.fx-librca/jre/lib/ext/zipfs.jar
file:/root/.sdkman/candidates/java/8.0.333.fx-librca/jre/lib/ext/jfxrt.jar
file:/root/.sdkman/candidates/java/8.0.333.fx-librca/jre/lib/ext/sunjce_provider.jar
file:/root/.sdkman/candidates/java/8.0.333.fx-librca/jre/lib/ext/nashorn.jar
[MASTER] 13:01:42.782 [logback-1] WARN  JUnitAnalyzer - Found unstable test named initializationError -> class java.lang.RuntimeException: Cannot find either the compilation target folder nor the EvoSuite jar in classpath: /tmp/EvoSuite_pathingJar7145905304376211956.jar
[MASTER] 13:01:42.835 [logback-1] WARN  AgentLoader - Failed to find EvoSuite jar in current classloader. URLs of classloader:
file:/root/.sdkman/candidates/java/8.0.333.fx-librca/jre/../lib/tools.jar
file:/root/.sdkman/candidates/java/8.0.333.fx-librca/jre/lib/ext/cldrdata.jar
file:/root/.sdkman/candidates/java/8.0.333.fx-librca/jre/lib/ext/sunec.jar
file:/root/.sdkman/candidates/java/8.0.333.fx-librca/jre/lib/ext/localedata.jar
file:/root/.sdkman/candidates/java/8.0.333.fx-librca/jre/lib/ext/jaccess.jar
file:/tmp/EvoSuite_pathingJar7145905304376211956.jar
file:/root/.sdkman/candidates/java/8.0.333.fx-librca/jre/lib/ext/dnsns.jar
file:/root/.sdkman/candidates/java/8.0.333.fx-librca/jre/lib/ext/sunpkcs11.jar
file:/root/.sdkman/candidates/java/8.0.333.fx-librca/jre/lib/ext/zipfs.jar
file:/root/.sdkman/candidates/java/8.0.333.fx-librca/jre/lib/ext/jfxrt.jar
file:/root/.sdkman/candidates/java/8.0.333.fx-librca/jre/lib/ext/sunjce_provider.jar
file:/root/.sdkman/candidates/java/8.0.333.fx-librca/jre/lib/ext/nashorn.jar
[MASTER] 13:01:42.836 [logback-1] WARN  JUnitAnalyzer - Found unstable test named initializationError -> class java.lang.RuntimeException: Cannot find either the compilation target folder nor the EvoSuite jar in classpath: /tmp/EvoSuite_pathingJar7145905304376211956.jar
Going to execute: handleTestsThatAreUnstable
* Compiling Tests
** Write a test suite: 1 called: 0 to improve: false
** Write a test suite: 6 called: 1 to improve: false
** Write a test suite: 15 called: 2 to improve: false
** Write a test suite: 18 called: 3 to improve: false
** Write a test suite: 19 called: 4 to improve: false
[MASTER] 13:01:43.341 [logback-1] WARN  AgentLoader - Failed to find EvoSuite jar in current classloader. URLs of classloader:
file:/root/.sdkman/candidates/java/8.0.333.fx-librca/jre/../lib/tools.jar
file:/root/.sdkman/candidates/java/8.0.333.fx-librca/jre/lib/ext/cldrdata.jar
file:/root/.sdkman/candidates/java/8.0.333.fx-librca/jre/lib/ext/sunec.jar
file:/root/.sdkman/candidates/java/8.0.333.fx-librca/jre/lib/ext/localedata.jar
file:/root/.sdkman/candidates/java/8.0.333.fx-librca/jre/lib/ext/jaccess.jar
file:/tmp/EvoSuite_pathingJar7145905304376211956.jar
file:/root/.sdkman/candidates/java/8.0.333.fx-librca/jre/lib/ext/dnsns.jar
file:/root/.sdkman/candidates/java/8.0.333.fx-librca/jre/lib/ext/sunpkcs11.jar
file:/root/.sdkman/candidates/java/8.0.333.fx-librca/jre/lib/ext/zipfs.jar
file:/root/.sdkman/candidates/java/8.0.333.fx-librca/jre/lib/ext/jfxrt.jar
file:/root/.sdkman/candidates/java/8.0.333.fx-librca/jre/lib/ext/sunjce_provider.jar
file:/root/.sdkman/candidates/java/8.0.333.fx-librca/jre/lib/ext/nashorn.jar
[MASTER] 13:01:43.342 [logback-1] WARN  JUnitAnalyzer - Found unstable test named initializationError -> class java.lang.RuntimeException: Cannot find either the compilation target folder nor the EvoSuite jar in classpath: /tmp/EvoSuite_pathingJar7145905304376211956.jar
Going to execute: handleTestsThatAreUnstable
* Compiling Tests
** Write a test suite: 10 called: 0 to improve: false
** Write a test suite: 11 called: 1 to improve: false
** Write a test suite: 14 called: 2 to improve: false
** Write a test suite: 23 called: 3 to improve: false
** Write a test suite: 28 called: 4 to improve: false
[MASTER] 13:01:43.899 [logback-1] WARN  AgentLoader - Failed to find EvoSuite jar in current classloader. URLs of classloader:
file:/root/.sdkman/candidates/java/8.0.333.fx-librca/jre/../lib/tools.jar
file:/root/.sdkman/candidates/java/8.0.333.fx-librca/jre/lib/ext/cldrdata.jar
file:/root/.sdkman/candidates/java/8.0.333.fx-librca/jre/lib/ext/sunec.jar
file:/root/.sdkman/candidates/java/8.0.333.fx-librca/jre/lib/ext/localedata.jar
file:/root/.sdkman/candidates/java/8.0.333.fx-librca/jre/lib/ext/jaccess.jar
file:/tmp/EvoSuite_pathingJar7145905304376211956.jar
file:/root/.sdkman/candidates/java/8.0.333.fx-librca/jre/lib/ext/dnsns.jar
file:/root/.sdkman/candidates/java/8.0.333.fx-librca/jre/lib/ext/sunpkcs11.jar
file:/root/.sdkman/candidates/java/8.0.333.fx-librca/jre/lib/ext/zipfs.jar
file:/root/.sdkman/candidates/java/8.0.333.fx-librca/jre/lib/ext/jfxrt.jar
file:/root/.sdkman/candidates/java/8.0.333.fx-librca/jre/lib/ext/sunjce_provider.jar
file:/root/.sdkman/candidates/java/8.0.333.fx-librca/jre/lib/ext/nashorn.jar
[MASTER] 13:01:43.900 [logback-1] WARN  JUnitAnalyzer - Found unstable test named initializationError -> class java.lang.RuntimeException: Cannot find either the compilation target folder nor the EvoSuite jar in classpath: /tmp/EvoSuite_pathingJar7145905304376211956.jar
[MASTER] 13:01:44.341 [logback-1] WARN  TimeController - Already entered in phase: INLINING. This will mess up the timing calculations.
* test suite isTestSuite: 27
Test 0: 
JSJshop jSJshop = new JSJshop();
jSJshop.getTree();
Test 1: 
JSJshop jSJshop = new JSJshop();
// Undeclared exception!
try { 
  jSJshop.getAppletURL("'yawa*iw", (JApplet) null);
  fail("Expecting exception: NullPointerException");

} catch(NullPointerException e) {
   //
   // no message in exception (getMessage() returned null)
   //
   verifyException("umd.cs.shop.JSJshop", e);
}

Test 2: 
JSJshop jSJshop = null;
try {
  jSJshop = new JSJshop("", (JSTaskAtom) null);
  fail("Expecting exception: NullPointerException");

} catch(NullPointerException e) {
   //
   // no message in exception (getMessage() returned null)
   //
   verifyException("umd.cs.shop.JSJshop", e);
}

Test 3: 
JSJshop jSJshop = new JSJshop();
jSJshop.getSolution();
Test 4: 
JSJshop jSJshop = new JSJshop();
jSJshop.sol();
Test 5: 
JSJshop jSJshop = new JSJshop();
jSJshop.tree();
Test 6: 
JSJshop jSJshop = new JSJshop();
jSJshop.prob();
Test 7: 
JSJshop jSJshop = new JSJshop();
jSJshop.dom();
Test 8: 
String[] stringArray = new String[1];
JSJshop.main(stringArray);
Test 9: 
String[] stringArray = new String[7];
JSJshop.main(stringArray);
Test 10: 
String[] stringArray = new String[3];
JSJshop.main(stringArray);
Test 11: 
JSJshop jSJshop = new JSJshop();
jSJshop.getAddList();
Test 12: 
JSJshop jSJshop = new JSJshop();
jSJshop.getDeleteList();
Test 13: 
JSJshop jSJshop = new JSJshop();
EvoSuiteFile evoSuiteFile = new EvoSuiteFile("farp.shp");
FileSystemHandling.appendStringToFile(evoSuiteFile, "Xg&1J9a_oh>;nsk;fRy");
jSJshop.testParser();
Test 14: 
JSJshop jSJshop = new JSJshop();
EvoSuiteFile evoSuiteFile = new EvoSuiteFile("farp.shp");
FileSystemHandling.appendStringToFile(evoSuiteFile, "]s+]6q2'");
jSJshop.testParser();
Test 15: 
EvoSuiteFile evoSuiteFile = new EvoSuiteFile("farp.shp");
FileSystemHandling.appendStringToFile(evoSuiteFile, "Z7^&j`%Y\"");
JSJshop jSJshop = new JSJshop();
jSJshop.testParser();
Test 16: 
EvoSuiteFile evoSuiteFile = new EvoSuiteFile("farp.shp");
FileSystemHandling.appendStringToFile(evoSuiteFile, "W/;#7,");
JSJshop jSJshop = new JSJshop();
jSJshop.testParser();
Test 17: 
JSJshop jSJshop = new JSJshop();
jSJshop.getBufferedReader(" Expecting 'first'", "failed substitution", (JApplet) null);
Test 18: 
JSJshop jSJshop = new JSJshop();
jSJshop.getBufferedReader((String) null, (String) null, (JApplet) null);
Test 19: 
EvoSuiteFile evoSuiteFile = new EvoSuiteFile(" Expecting ')' for planning domain/ Expecting ')' for planning domain");
FileSystemHandling.appendLineToFile(evoSuiteFile, "h2");
JSJshop jSJshop = new JSJshop();
jSJshop.getBufferedReader(" Expecting ')' for planning domain", " Expecting ')' for planning domain", (JApplet) null);
Test 20: 
JSJshop jSJshop = new JSJshop();
PipedReader pipedReader = new PipedReader();
StreamTokenizer streamTokenizer = new StreamTokenizer(pipedReader);
// Undeclared exception!
try { 
  jSJshop.processToken(streamTokenizer);
  fail("Expecting exception: Error");

} catch(Error e) {
   //
   // no message in exception (getMessage() returned null)
   //
   verifyException("umd.cs.shop.JSJshop", e);
}

Test 21: 
JSJshop jSJshop = new JSJshop("(Yd2JU2$<K:Y", "t6_@~~");
Test 22: 
EvoSuiteFile evoSuiteFile = new EvoSuiteFile("farp.shp");
FileSystemHandling.appendStringToFile(evoSuiteFile, "<=*-{T:oz(s_r");
JSJshop jSJshop = new JSJshop();
jSJshop.testParser();
Test 23: 
JSJshop jSJshop = new JSJshop();
jSJshop.parserFile("` ");
Test 24: 
String[] stringArray = new String[2];
stringArray[0] = "";
JSJshop.main(stringArray);
Test 25: 
JSJshop jSJshop = new JSJshop();
// Undeclared exception!
try { 
  jSJshop.testParser();
  fail("Expecting exception: System.SystemExitException");

} catch(System.SystemExitException e) {
   //
   // no message in exception (getMessage() returned null)
   //
   verifyException("org.evosuite.runtime.System", e);
}

Test 26: 
JSJshop jSJshop = new JSJshop();
// Undeclared exception!
try { 
  jSJshop.setFile("MAUB^sI^mr{{AZ,$]k", (JSTaskAtom) null);
  fail("Expecting exception: NullPointerException");

} catch(NullPointerException e) {
   //
   // no message in exception (getMessage() returned null)
   //
   verifyException("umd.cs.shop.JSJshop", e);
}


* Minimizing test suite
* test suite isTestSuite: 27
Test 0: 
JSJshop jSJshop = new JSJshop();
jSJshop.getTree();
Test 1: 
JSJshop jSJshop = new JSJshop();
// Undeclared exception!
try { 
  jSJshop.getAppletURL("'yawa*iw", (JApplet) null);
  fail("Expecting exception: NullPointerException");

} catch(NullPointerException e) {
   //
   // no message in exception (getMessage() returned null)
   //
   verifyException("umd.cs.shop.JSJshop", e);
}

Test 2: 
JSJshop jSJshop = null;
try {
  jSJshop = new JSJshop("", (JSTaskAtom) null);
  fail("Expecting exception: NullPointerException");

} catch(NullPointerException e) {
   //
   // no message in exception (getMessage() returned null)
   //
   verifyException("umd.cs.shop.JSJshop", e);
}

Test 3: 
JSJshop jSJshop = new JSJshop();
jSJshop.getSolution();
Test 4: 
JSJshop jSJshop = new JSJshop();
jSJshop.sol();
Test 5: 
JSJshop jSJshop = new JSJshop();
jSJshop.tree();
Test 6: 
JSJshop jSJshop = new JSJshop();
jSJshop.prob();
Test 7: 
JSJshop jSJshop = new JSJshop();
jSJshop.dom();
Test 8: 
String[] stringArray = new String[1];
JSJshop.main(stringArray);
Test 9: 
String[] stringArray = new String[3];
JSJshop.main(stringArray);
Test 10: 
String[] stringArray = new String[7];
JSJshop.main(stringArray);
Test 11: 
JSJshop jSJshop = new JSJshop("(Yd2JU2$<K:Y", "t6_@~~");
Test 12: 
JSJshop jSJshop = new JSJshop();
jSJshop.getAddList();
Test 13: 
JSJshop jSJshop = new JSJshop();
jSJshop.getDeleteList();
Test 14: 
EvoSuiteFile evoSuiteFile = new EvoSuiteFile("farp.shp");
FileSystemHandling.appendStringToFile(evoSuiteFile, "<=*-{T:oz(s_r");
JSJshop jSJshop = new JSJshop();
jSJshop.testParser();
Test 15: 
EvoSuiteFile evoSuiteFile = new EvoSuiteFile("farp.shp");
FileSystemHandling.appendStringToFile(evoSuiteFile, "W/;#7,");
JSJshop jSJshop = new JSJshop();
jSJshop.testParser();
Test 16: 
JSJshop jSJshop = new JSJshop();
EvoSuiteFile evoSuiteFile = new EvoSuiteFile("farp.shp");
FileSystemHandling.appendStringToFile(evoSuiteFile, "]s+]6q2'");
jSJshop.testParser();
Test 17: 
JSJshop jSJshop = new JSJshop();
EvoSuiteFile evoSuiteFile = new EvoSuiteFile("farp.shp");
FileSystemHandling.appendStringToFile(evoSuiteFile, "Xg&1J9a_oh>;nsk;fRy");
jSJshop.testParser();
Test 18: 
EvoSuiteFile evoSuiteFile = new EvoSuiteFile("farp.shp");
FileSystemHandling.appendStringToFile(evoSuiteFile, "Z7^&j`%Y\"");
JSJshop jSJshop = new JSJshop();
jSJshop.testParser();
Test 19: 
JSJshop jSJshop = new JSJshop();
jSJshop.getBufferedReader(" Expecting 'first'", "failed substitution", (JApplet) null);
Test 20: 
JSJshop jSJshop = new JSJshop();
jSJshop.getBufferedReader((String) null, (String) null, (JApplet) null);
Test 21: 
EvoSuiteFile evoSuiteFile = new EvoSuiteFile(" Expecting ')' for planning domain/ Expecting ')' for planning domain");
FileSystemHandling.appendLineToFile(evoSuiteFile, "h2");
JSJshop jSJshop = new JSJshop();
jSJshop.getBufferedReader(" Expecting ')' for planning domain", " Expecting ')' for planning domain", (JApplet) null);
Test 22: 
JSJshop jSJshop = new JSJshop();
PipedReader pipedReader = new PipedReader();
StreamTokenizer streamTokenizer = new StreamTokenizer(pipedReader);
// Undeclared exception!
try { 
  jSJshop.processToken(streamTokenizer);
  fail("Expecting exception: Error");

} catch(Error e) {
   //
   // no message in exception (getMessage() returned null)
   //
   verifyException("umd.cs.shop.JSJshop", e);
}

Test 23: 
JSJshop jSJshop = new JSJshop();
jSJshop.parserFile("` ");
Test 24: 
String[] stringArray = new String[2];
stringArray[0] = "";
JSJshop.main(stringArray);
Test 25: 
JSJshop jSJshop = new JSJshop();
// Undeclared exception!
try { 
  jSJshop.testParser();
  fail("Expecting exception: System.SystemExitException");

} catch(System.SystemExitException e) {
   //
   // no message in exception (getMessage() returned null)
   //
   verifyException("org.evosuite.runtime.System", e);
}

Test 26: 
JSJshop jSJshop = new JSJshop();
// Undeclared exception!
try { 
  jSJshop.setFile("MAUB^sI^mr{{AZ,$]k", (JSTaskAtom) null);
  fail("Expecting exception: NullPointerException");

} catch(NullPointerException e) {
   //
   // no message in exception (getMessage() returned null)
   //
   verifyException("umd.cs.shop.JSJshop", e);
}


* Going to analyze the coverage criteria
[MASTER] 13:01:51.457 [logback-1] WARN  TimeController - Already entered in phase: MINIMIZATION. This will mess up the timing calculations.
* Coverage analysis for criterion BRANCH
* Coverage of criterion BRANCH: 55%
* Total number of goals: 114
* Number of covered goals: 63
* Coverage analysis for criterion LINE
* Coverage of criterion LINE: 50%
* Total number of goals: 225
* Number of covered goals: 112
* Coverage analysis for criterion OUTPUT
* Coverage of criterion OUTPUT: 20%
* Total number of goals: 56
* Number of covered goals: 11
* Coverage analysis for criterion METHOD
* Coverage of criterion METHOD: 95%
* Total number of goals: 19
* Number of covered goals: 18
* Coverage analysis for criterion CBRANCH
* Coverage of criterion CBRANCH: 55%
* Total number of goals: 114
* Number of covered goals: 63
* Generated 27 tests with total length 67
* Resulting test suite's coverage: 55% (average coverage for all fitness functions)
* Generating assertions
[MASTER] 13:01:51.577 [logback-1] WARN  TimeController - Already entered in phase: COVERAGE_ANALYSIS. This will mess up the timing calculations.
* Resulting test suite's mutation score: 11%
* Compiling and checking tests
[MASTER] 13:01:55.602 [logback-1] WARN  TimeController - Already entered in phase: ASSERTION_GENERATION. This will mess up the timing calculations.
Going to execute: removeTestsThatDoNotCompile
* Compiling Tests
** Write a test suite: 0 called: 0 to improve: false
* Compiling Tests
** Write a test suite: 0 called: 0 to improve: false
* Compiling Tests
** Write a test suite: 0 called: 0 to improve: false
* Compiling Tests
** Write a test suite: 0 called: 0 to improve: false
* Compiling Tests
** Write a test suite: 0 called: 0 to improve: false
* Compiling Tests
** Write a test suite: 0 called: 0 to improve: false
* Compiling Tests
** Write a test suite: 0 called: 0 to improve: false
* Compiling Tests
** Write a test suite: 0 called: 0 to improve: false
* Compiling Tests
** Write a test suite: 0 called: 0 to improve: false
* Compiling Tests
** Write a test suite: 0 called: 0 to improve: false
* Compiling Tests
** Write a test suite: 0 called: 0 to improve: false
* Compiling Tests
** Write a test suite: 0 called: 0 to improve: false
* Compiling Tests
** Write a test suite: 0 called: 0 to improve: false
* Compiling Tests
** Write a test suite: 0 called: 0 to improve: false
* Compiling Tests
** Write a test suite: 0 called: 0 to improve: false
* Compiling Tests
** Write a test suite: 0 called: 0 to improve: false
* Compiling Tests
** Write a test suite: 0 called: 0 to improve: false
* Compiling Tests
** Write a test suite: 0 called: 0 to improve: false
* Compiling Tests
** Write a test suite: 0 called: 0 to improve: false
* Compiling Tests
** Write a test suite: 0 called: 0 to improve: false
* Compiling Tests
** Write a test suite: 0 called: 0 to improve: false
* Compiling Tests
** Write a test suite: 0 called: 0 to improve: false
* Compiling Tests
** Write a test suite: 0 called: 0 to improve: false
* Compiling Tests
** Write a test suite: 0 called: 0 to improve: false
* Compiling Tests
** Write a test suite: 0 called: 0 to improve: false
* Compiling Tests
** Write a test suite: 0 called: 0 to improve: false
* Compiling Tests
** Write a test suite: 0 called: 0 to improve: false
Going to execute: handleTestsThatAreUnstable
* Compiling Tests
** Write a test suite: 0 called: 0 to improve: false
[MASTER] 13:01:56.927 [logback-1] WARN  AgentLoader - Failed to find EvoSuite jar in current classloader. URLs of classloader:
file:/root/.sdkman/candidates/java/8.0.333.fx-librca/jre/../lib/tools.jar
file:/root/.sdkman/candidates/java/8.0.333.fx-librca/jre/lib/ext/cldrdata.jar
file:/root/.sdkman/candidates/java/8.0.333.fx-librca/jre/lib/ext/sunec.jar
file:/root/.sdkman/candidates/java/8.0.333.fx-librca/jre/lib/ext/localedata.jar
file:/root/.sdkman/candidates/java/8.0.333.fx-librca/jre/lib/ext/jaccess.jar
file:/tmp/EvoSuite_pathingJar7145905304376211956.jar
file:/root/.sdkman/candidates/java/8.0.333.fx-librca/jre/lib/ext/dnsns.jar
file:/root/.sdkman/candidates/java/8.0.333.fx-librca/jre/lib/ext/sunpkcs11.jar
file:/root/.sdkman/candidates/java/8.0.333.fx-librca/jre/lib/ext/zipfs.jar
file:/root/.sdkman/candidates/java/8.0.333.fx-librca/jre/lib/ext/jfxrt.jar
file:/root/.sdkman/candidates/java/8.0.333.fx-librca/jre/lib/ext/sunjce_provider.jar
file:/root/.sdkman/candidates/java/8.0.333.fx-librca/jre/lib/ext/nashorn.jar
[MASTER] 13:01:56.928 [logback-1] WARN  JUnitAnalyzer - Found unstable test named initializationError -> class java.lang.RuntimeException: Cannot find either the compilation target folder nor the EvoSuite jar in classpath: /tmp/EvoSuite_pathingJar7145905304376211956.jar
Going to execute: handleTestsThatAreUnstable
* Compiling Tests
** Write a test suite: 0 called: 0 to improve: false
[MASTER] 13:01:56.973 [logback-1] WARN  AgentLoader - Failed to find EvoSuite jar in current classloader. URLs of classloader:
file:/root/.sdkman/candidates/java/8.0.333.fx-librca/jre/../lib/tools.jar
file:/root/.sdkman/candidates/java/8.0.333.fx-librca/jre/lib/ext/cldrdata.jar
file:/root/.sdkman/candidates/java/8.0.333.fx-librca/jre/lib/ext/sunec.jar
file:/root/.sdkman/candidates/java/8.0.333.fx-librca/jre/lib/ext/localedata.jar
file:/root/.sdkman/candidates/java/8.0.333.fx-librca/jre/lib/ext/jaccess.jar
file:/tmp/EvoSuite_pathingJar7145905304376211956.jar
file:/root/.sdkman/candidates/java/8.0.333.fx-librca/jre/lib/ext/dnsns.jar
file:/root/.sdkman/candidates/java/8.0.333.fx-librca/jre/lib/ext/sunpkcs11.jar
file:/root/.sdkman/candidates/java/8.0.333.fx-librca/jre/lib/ext/zipfs.jar
file:/root/.sdkman/candidates/java/8.0.333.fx-librca/jre/lib/ext/jfxrt.jar
file:/root/.sdkman/candidates/java/8.0.333.fx-librca/jre/lib/ext/sunjce_provider.jar
file:/root/.sdkman/candidates/java/8.0.333.fx-librca/jre/lib/ext/nashorn.jar
[MASTER] 13:01:56.974 [logback-1] WARN  JUnitAnalyzer - Found unstable test named initializationError -> class java.lang.RuntimeException: Cannot find either the compilation target folder nor the EvoSuite jar in classpath: /tmp/EvoSuite_pathingJar7145905304376211956.jar
Going to execute: handleTestsThatAreUnstable
* Compiling Tests
** Write a test suite: 0 called: 0 to improve: false
[MASTER] 13:01:57.042 [logback-1] WARN  AgentLoader - Failed to find EvoSuite jar in current classloader. URLs of classloader:
file:/root/.sdkman/candidates/java/8.0.333.fx-librca/jre/../lib/tools.jar
file:/root/.sdkman/candidates/java/8.0.333.fx-librca/jre/lib/ext/cldrdata.jar
file:/root/.sdkman/candidates/java/8.0.333.fx-librca/jre/lib/ext/sunec.jar
file:/root/.sdkman/candidates/java/8.0.333.fx-librca/jre/lib/ext/localedata.jar
file:/root/.sdkman/candidates/java/8.0.333.fx-librca/jre/lib/ext/jaccess.jar
file:/tmp/EvoSuite_pathingJar7145905304376211956.jar
file:/root/.sdkman/candidates/java/8.0.333.fx-librca/jre/lib/ext/dnsns.jar
file:/root/.sdkman/candidates/java/8.0.333.fx-librca/jre/lib/ext/sunpkcs11.jar
file:/root/.sdkman/candidates/java/8.0.333.fx-librca/jre/lib/ext/zipfs.jar
file:/root/.sdkman/candidates/java/8.0.333.fx-librca/jre/lib/ext/jfxrt.jar
file:/root/.sdkman/candidates/java/8.0.333.fx-librca/jre/lib/ext/sunjce_provider.jar
file:/root/.sdkman/candidates/java/8.0.333.fx-librca/jre/lib/ext/nashorn.jar
[MASTER] 13:01:57.043 [logback-1] WARN  JUnitAnalyzer - Found unstable test named initializationError -> class java.lang.RuntimeException: Cannot find either the compilation target folder nor the EvoSuite jar in classpath: /tmp/EvoSuite_pathingJar7145905304376211956.jar
Going to execute: handleTestsThatAreUnstable
* Compiling Tests
** Write a test suite: 0 called: 0 to improve: false
[MASTER] 13:01:57.091 [logback-1] WARN  AgentLoader - Failed to find EvoSuite jar in current classloader. URLs of classloader:
file:/root/.sdkman/candidates/java/8.0.333.fx-librca/jre/../lib/tools.jar
file:/root/.sdkman/candidates/java/8.0.333.fx-librca/jre/lib/ext/cldrdata.jar
file:/root/.sdkman/candidates/java/8.0.333.fx-librca/jre/lib/ext/sunec.jar
file:/root/.sdkman/candidates/java/8.0.333.fx-librca/jre/lib/ext/localedata.jar
file:/root/.sdkman/candidates/java/8.0.333.fx-librca/jre/lib/ext/jaccess.jar
file:/tmp/EvoSuite_pathingJar7145905304376211956.jar
file:/root/.sdkman/candidates/java/8.0.333.fx-librca/jre/lib/ext/dnsns.jar
file:/root/.sdkman/candidates/java/8.0.333.fx-librca/jre/lib/ext/sunpkcs11.jar
file:/root/.sdkman/candidates/java/8.0.333.fx-librca/jre/lib/ext/zipfs.jar
file:/root/.sdkman/candidates/java/8.0.333.fx-librca/jre/lib/ext/jfxrt.jar
file:/root/.sdkman/candidates/java/8.0.333.fx-librca/jre/lib/ext/sunjce_provider.jar
file:/root/.sdkman/candidates/java/8.0.333.fx-librca/jre/lib/ext/nashorn.jar
[MASTER] 13:01:57.092 [logback-1] WARN  JUnitAnalyzer - Found unstable test named initializationError -> class java.lang.RuntimeException: Cannot find either the compilation target folder nor the EvoSuite jar in classpath: /tmp/EvoSuite_pathingJar7145905304376211956.jar
Going to execute: handleTestsThatAreUnstable
* Compiling Tests
** Write a test suite: 0 called: 0 to improve: false
[MASTER] 13:01:57.135 [logback-1] WARN  AgentLoader - Failed to find EvoSuite jar in current classloader. URLs of classloader:
file:/root/.sdkman/candidates/java/8.0.333.fx-librca/jre/../lib/tools.jar
file:/root/.sdkman/candidates/java/8.0.333.fx-librca/jre/lib/ext/cldrdata.jar
file:/root/.sdkman/candidates/java/8.0.333.fx-librca/jre/lib/ext/sunec.jar
file:/root/.sdkman/candidates/java/8.0.333.fx-librca/jre/lib/ext/localedata.jar
file:/root/.sdkman/candidates/java/8.0.333.fx-librca/jre/lib/ext/jaccess.jar
file:/tmp/EvoSuite_pathingJar7145905304376211956.jar
file:/root/.sdkman/candidates/java/8.0.333.fx-librca/jre/lib/ext/dnsns.jar
file:/root/.sdkman/candidates/java/8.0.333.fx-librca/jre/lib/ext/sunpkcs11.jar
file:/root/.sdkman/candidates/java/8.0.333.fx-librca/jre/lib/ext/zipfs.jar
file:/root/.sdkman/candidates/java/8.0.333.fx-librca/jre/lib/ext/jfxrt.jar
file:/root/.sdkman/candidates/java/8.0.333.fx-librca/jre/lib/ext/sunjce_provider.jar
file:/root/.sdkman/candidates/java/8.0.333.fx-librca/jre/lib/ext/nashorn.jar
[MASTER] 13:01:57.136 [logback-1] WARN  JUnitAnalyzer - Found unstable test named initializationError -> class java.lang.RuntimeException: Cannot find either the compilation target folder nor the EvoSuite jar in classpath: /tmp/EvoSuite_pathingJar7145905304376211956.jar
Going to execute: handleTestsThatAreUnstable
* Compiling Tests
** Write a test suite: 0 called: 0 to improve: false
[MASTER] 13:01:57.184 [logback-1] WARN  AgentLoader - Failed to find EvoSuite jar in current classloader. URLs of classloader:
file:/root/.sdkman/candidates/java/8.0.333.fx-librca/jre/../lib/tools.jar
file:/root/.sdkman/candidates/java/8.0.333.fx-librca/jre/lib/ext/cldrdata.jar
file:/root/.sdkman/candidates/java/8.0.333.fx-librca/jre/lib/ext/sunec.jar
file:/root/.sdkman/candidates/java/8.0.333.fx-librca/jre/lib/ext/localedata.jar
file:/root/.sdkman/candidates/java/8.0.333.fx-librca/jre/lib/ext/jaccess.jar
file:/tmp/EvoSuite_pathingJar7145905304376211956.jar
file:/root/.sdkman/candidates/java/8.0.333.fx-librca/jre/lib/ext/dnsns.jar
file:/root/.sdkman/candidates/java/8.0.333.fx-librca/jre/lib/ext/sunpkcs11.jar
file:/root/.sdkman/candidates/java/8.0.333.fx-librca/jre/lib/ext/zipfs.jar
file:/root/.sdkman/candidates/java/8.0.333.fx-librca/jre/lib/ext/jfxrt.jar
file:/root/.sdkman/candidates/java/8.0.333.fx-librca/jre/lib/ext/sunjce_provider.jar
file:/root/.sdkman/candidates/java/8.0.333.fx-librca/jre/lib/ext/nashorn.jar
[MASTER] 13:01:57.185 [logback-1] WARN  JUnitAnalyzer - Found unstable test named initializationError -> class java.lang.RuntimeException: Cannot find either the compilation target folder nor the EvoSuite jar in classpath: /tmp/EvoSuite_pathingJar7145905304376211956.jar
Going to execute: handleTestsThatAreUnstable
* Compiling Tests
** Write a test suite: 0 called: 0 to improve: false
[MASTER] 13:01:57.232 [logback-1] WARN  AgentLoader - Failed to find EvoSuite jar in current classloader. URLs of classloader:
file:/root/.sdkman/candidates/java/8.0.333.fx-librca/jre/../lib/tools.jar
file:/root/.sdkman/candidates/java/8.0.333.fx-librca/jre/lib/ext/cldrdata.jar
file:/root/.sdkman/candidates/java/8.0.333.fx-librca/jre/lib/ext/sunec.jar
file:/root/.sdkman/candidates/java/8.0.333.fx-librca/jre/lib/ext/localedata.jar
file:/root/.sdkman/candidates/java/8.0.333.fx-librca/jre/lib/ext/jaccess.jar
file:/tmp/EvoSuite_pathingJar7145905304376211956.jar
file:/root/.sdkman/candidates/java/8.0.333.fx-librca/jre/lib/ext/dnsns.jar
file:/root/.sdkman/candidates/java/8.0.333.fx-librca/jre/lib/ext/sunpkcs11.jar
file:/root/.sdkman/candidates/java/8.0.333.fx-librca/jre/lib/ext/zipfs.jar
file:/root/.sdkman/candidates/java/8.0.333.fx-librca/jre/lib/ext/jfxrt.jar
file:/root/.sdkman/candidates/java/8.0.333.fx-librca/jre/lib/ext/sunjce_provider.jar
file:/root/.sdkman/candidates/java/8.0.333.fx-librca/jre/lib/ext/nashorn.jar
[MASTER] 13:01:57.233 [logback-1] WARN  JUnitAnalyzer - Found unstable test named initializationError -> class java.lang.RuntimeException: Cannot find either the compilation target folder nor the EvoSuite jar in classpath: /tmp/EvoSuite_pathingJar7145905304376211956.jar
Going to execute: handleTestsThatAreUnstable
* Compiling Tests
** Write a test suite: 0 called: 0 to improve: false
[MASTER] 13:01:57.278 [logback-1] WARN  AgentLoader - Failed to find EvoSuite jar in current classloader. URLs of classloader:
file:/root/.sdkman/candidates/java/8.0.333.fx-librca/jre/../lib/tools.jar
file:/root/.sdkman/candidates/java/8.0.333.fx-librca/jre/lib/ext/cldrdata.jar
file:/root/.sdkman/candidates/java/8.0.333.fx-librca/jre/lib/ext/sunec.jar
file:/root/.sdkman/candidates/java/8.0.333.fx-librca/jre/lib/ext/localedata.jar
file:/root/.sdkman/candidates/java/8.0.333.fx-librca/jre/lib/ext/jaccess.jar
file:/tmp/EvoSuite_pathingJar7145905304376211956.jar
file:/root/.sdkman/candidates/java/8.0.333.fx-librca/jre/lib/ext/dnsns.jar
file:/root/.sdkman/candidates/java/8.0.333.fx-librca/jre/lib/ext/sunpkcs11.jar
file:/root/.sdkman/candidates/java/8.0.333.fx-librca/jre/lib/ext/zipfs.jar
file:/root/.sdkman/candidates/java/8.0.333.fx-librca/jre/lib/ext/jfxrt.jar
file:/root/.sdkman/candidates/java/8.0.333.fx-librca/jre/lib/ext/sunjce_provider.jar
file:/root/.sdkman/candidates/java/8.0.333.fx-librca/jre/lib/ext/nashorn.jar
[MASTER] 13:01:57.281 [logback-1] WARN  JUnitAnalyzer - Found unstable test named initializationError -> class java.lang.RuntimeException: Cannot find either the compilation target folder nor the EvoSuite jar in classpath: /tmp/EvoSuite_pathingJar7145905304376211956.jar
Going to execute: handleTestsThatAreUnstable
* Compiling Tests
** Write a test suite: 0 called: 0 to improve: false
[MASTER] 13:01:57.328 [logback-1] WARN  AgentLoader - Failed to find EvoSuite jar in current classloader. URLs of classloader:
file:/root/.sdkman/candidates/java/8.0.333.fx-librca/jre/../lib/tools.jar
file:/root/.sdkman/candidates/java/8.0.333.fx-librca/jre/lib/ext/cldrdata.jar
file:/root/.sdkman/candidates/java/8.0.333.fx-librca/jre/lib/ext/sunec.jar
file:/root/.sdkman/candidates/java/8.0.333.fx-librca/jre/lib/ext/localedata.jar
file:/root/.sdkman/candidates/java/8.0.333.fx-librca/jre/lib/ext/jaccess.jar
file:/tmp/EvoSuite_pathingJar7145905304376211956.jar
file:/root/.sdkman/candidates/java/8.0.333.fx-librca/jre/lib/ext/dnsns.jar
file:/root/.sdkman/candidates/java/8.0.333.fx-librca/jre/lib/ext/sunpkcs11.jar
file:/root/.sdkman/candidates/java/8.0.333.fx-librca/jre/lib/ext/zipfs.jar
file:/root/.sdkman/candidates/java/8.0.333.fx-librca/jre/lib/ext/jfxrt.jar
file:/root/.sdkman/candidates/java/8.0.333.fx-librca/jre/lib/ext/sunjce_provider.jar
file:/root/.sdkman/candidates/java/8.0.333.fx-librca/jre/lib/ext/nashorn.jar
[MASTER] 13:01:57.329 [logback-1] WARN  JUnitAnalyzer - Found unstable test named initializationError -> class java.lang.RuntimeException: Cannot find either the compilation target folder nor the EvoSuite jar in classpath: /tmp/EvoSuite_pathingJar7145905304376211956.jar
Going to execute: handleTestsThatAreUnstable
* Compiling Tests
** Write a test suite: 0 called: 0 to improve: false
[MASTER] 13:01:57.387 [logback-1] WARN  AgentLoader - Failed to find EvoSuite jar in current classloader. URLs of classloader:
file:/root/.sdkman/candidates/java/8.0.333.fx-librca/jre/../lib/tools.jar
file:/root/.sdkman/candidates/java/8.0.333.fx-librca/jre/lib/ext/cldrdata.jar
file:/root/.sdkman/candidates/java/8.0.333.fx-librca/jre/lib/ext/sunec.jar
file:/root/.sdkman/candidates/java/8.0.333.fx-librca/jre/lib/ext/localedata.jar
file:/root/.sdkman/candidates/java/8.0.333.fx-librca/jre/lib/ext/jaccess.jar
file:/tmp/EvoSuite_pathingJar7145905304376211956.jar
file:/root/.sdkman/candidates/java/8.0.333.fx-librca/jre/lib/ext/dnsns.jar
file:/root/.sdkman/candidates/java/8.0.333.fx-librca/jre/lib/ext/sunpkcs11.jar
file:/root/.sdkman/candidates/java/8.0.333.fx-librca/jre/lib/ext/zipfs.jar
file:/root/.sdkman/candidates/java/8.0.333.fx-librca/jre/lib/ext/jfxrt.jar
file:/root/.sdkman/candidates/java/8.0.333.fx-librca/jre/lib/ext/sunjce_provider.jar
file:/root/.sdkman/candidates/java/8.0.333.fx-librca/jre/lib/ext/nashorn.jar
[MASTER] 13:01:57.388 [logback-1] WARN  JUnitAnalyzer - Found unstable test named initializationError -> class java.lang.RuntimeException: Cannot find either the compilation target folder nor the EvoSuite jar in classpath: /tmp/EvoSuite_pathingJar7145905304376211956.jar
Going to execute: handleTestsThatAreUnstable
* Compiling Tests
** Write a test suite: 0 called: 0 to improve: false
[MASTER] 13:01:57.432 [logback-1] WARN  AgentLoader - Failed to find EvoSuite jar in current classloader. URLs of classloader:
file:/root/.sdkman/candidates/java/8.0.333.fx-librca/jre/../lib/tools.jar
file:/root/.sdkman/candidates/java/8.0.333.fx-librca/jre/lib/ext/cldrdata.jar
file:/root/.sdkman/candidates/java/8.0.333.fx-librca/jre/lib/ext/sunec.jar
file:/root/.sdkman/candidates/java/8.0.333.fx-librca/jre/lib/ext/localedata.jar
file:/root/.sdkman/candidates/java/8.0.333.fx-librca/jre/lib/ext/jaccess.jar
file:/tmp/EvoSuite_pathingJar7145905304376211956.jar
file:/root/.sdkman/candidates/java/8.0.333.fx-librca/jre/lib/ext/dnsns.jar
file:/root/.sdkman/candidates/java/8.0.333.fx-librca/jre/lib/ext/sunpkcs11.jar
file:/root/.sdkman/candidates/java/8.0.333.fx-librca/jre/lib/ext/zipfs.jar
file:/root/.sdkman/candidates/java/8.0.333.fx-librca/jre/lib/ext/jfxrt.jar
file:/root/.sdkman/candidates/java/8.0.333.fx-librca/jre/lib/ext/sunjce_provider.jar
file:/root/.sdkman/candidates/java/8.0.333.fx-librca/jre/lib/ext/nashorn.jar
[MASTER] 13:01:57.433 [logback-1] WARN  JUnitAnalyzer - Found unstable test named initializationError -> class java.lang.RuntimeException: Cannot find either the compilation target folder nor the EvoSuite jar in classpath: /tmp/EvoSuite_pathingJar7145905304376211956.jar
Going to execute: handleTestsThatAreUnstable
* Compiling Tests
** Write a test suite: 0 called: 0 to improve: false
[MASTER] 13:01:57.478 [logback-1] WARN  AgentLoader - Failed to find EvoSuite jar in current classloader. URLs of classloader:
file:/root/.sdkman/candidates/java/8.0.333.fx-librca/jre/../lib/tools.jar
file:/root/.sdkman/candidates/java/8.0.333.fx-librca/jre/lib/ext/cldrdata.jar
file:/root/.sdkman/candidates/java/8.0.333.fx-librca/jre/lib/ext/sunec.jar
file:/root/.sdkman/candidates/java/8.0.333.fx-librca/jre/lib/ext/localedata.jar
file:/root/.sdkman/candidates/java/8.0.333.fx-librca/jre/lib/ext/jaccess.jar
file:/tmp/EvoSuite_pathingJar7145905304376211956.jar
file:/root/.sdkman/candidates/java/8.0.333.fx-librca/jre/lib/ext/dnsns.jar
file:/root/.sdkman/candidates/java/8.0.333.fx-librca/jre/lib/ext/sunpkcs11.jar
file:/root/.sdkman/candidates/java/8.0.333.fx-librca/jre/lib/ext/zipfs.jar
file:/root/.sdkman/candidates/java/8.0.333.fx-librca/jre/lib/ext/jfxrt.jar
file:/root/.sdkman/candidates/java/8.0.333.fx-librca/jre/lib/ext/sunjce_provider.jar
file:/root/.sdkman/candidates/java/8.0.333.fx-librca/jre/lib/ext/nashorn.jar
[MASTER] 13:01:57.479 [logback-1] WARN  JUnitAnalyzer - Found unstable test named initializationError -> class java.lang.RuntimeException: Cannot find either the compilation target folder nor the EvoSuite jar in classpath: /tmp/EvoSuite_pathingJar7145905304376211956.jar
Going to execute: handleTestsThatAreUnstable
* Compiling Tests
** Write a test suite: 0 called: 0 to improve: false
Going to execute: handleTestsThatAreUnstable
[MASTER] 13:01:57.522 [logback-1] WARN  AgentLoader - Failed to find EvoSuite jar in current classloader. URLs of classloader:
file:/root/.sdkman/candidates/java/8.0.333.fx-librca/jre/../lib/tools.jar
file:/root/.sdkman/candidates/java/8.0.333.fx-librca/jre/lib/ext/cldrdata.jar
file:/root/.sdkman/candidates/java/8.0.333.fx-librca/jre/lib/ext/sunec.jar
file:/root/.sdkman/candidates/java/8.0.333.fx-librca/jre/lib/ext/localedata.jar
file:/root/.sdkman/candidates/java/8.0.333.fx-librca/jre/lib/ext/jaccess.jar
file:/tmp/EvoSuite_pathingJar7145905304376211956.jar
file:/root/.sdkman/candidates/java/8.0.333.fx-librca/jre/lib/ext/dnsns.jar
file:/root/.sdkman/candidates/java/8.0.333.fx-librca/jre/lib/ext/sunpkcs11.jar
file:/root/.sdkman/candidates/java/8.0.333.fx-librca/jre/lib/ext/zipfs.jar
file:/root/.sdkman/candidates/java/8.0.333.fx-librca/jre/lib/ext/jfxrt.jar
file:/root/.sdkman/candidates/java/8.0.333.fx-librca/jre/lib/ext/sunjce_provider.jar
file:/root/.sdkman/candidates/java/8.0.333.fx-librca/jre/lib/ext/nashorn.jar
[MASTER] 13:01:57.523 [logback-1] WARN  JUnitAnalyzer - Found unstable test named initializationError -> class java.lang.RuntimeException: Cannot find either the compilation target folder nor the EvoSuite jar in classpath: /tmp/EvoSuite_pathingJar7145905304376211956.jar
* Compiling Tests
** Write a test suite: 0 called: 0 to improve: false
[MASTER] 13:01:57.568 [logback-1] WARN  AgentLoader - Failed to find EvoSuite jar in current classloader. URLs of classloader:
file:/root/.sdkman/candidates/java/8.0.333.fx-librca/jre/../lib/tools.jar
file:/root/.sdkman/candidates/java/8.0.333.fx-librca/jre/lib/ext/cldrdata.jar
file:/root/.sdkman/candidates/java/8.0.333.fx-librca/jre/lib/ext/sunec.jar
file:/root/.sdkman/candidates/java/8.0.333.fx-librca/jre/lib/ext/localedata.jar
file:/root/.sdkman/candidates/java/8.0.333.fx-librca/jre/lib/ext/jaccess.jar
file:/tmp/EvoSuite_pathingJar7145905304376211956.jar
file:/root/.sdkman/candidates/java/8.0.333.fx-librca/jre/lib/ext/dnsns.jar
file:/root/.sdkman/candidates/java/8.0.333.fx-librca/jre/lib/ext/sunpkcs11.jar
file:/root/.sdkman/candidates/java/8.0.333.fx-librca/jre/lib/ext/zipfs.jar
file:/root/.sdkman/candidates/java/8.0.333.fx-librca/jre/lib/ext/jfxrt.jar
file:/root/.sdkman/candidates/java/8.0.333.fx-librca/jre/lib/ext/sunjce_provider.jar
file:/root/.sdkman/candidates/java/8.0.333.fx-librca/jre/lib/ext/nashorn.jar
[MASTER] 13:01:57.569 [logback-1] WARN  JUnitAnalyzer - Found unstable test named initializationError -> class java.lang.RuntimeException: Cannot find either the compilation target folder nor the EvoSuite jar in classpath: /tmp/EvoSuite_pathingJar7145905304376211956.jar
Going to execute: handleTestsThatAreUnstable
* Compiling Tests
** Write a test suite: 0 called: 0 to improve: false
[MASTER] 13:01:57.620 [logback-1] WARN  AgentLoader - Failed to find EvoSuite jar in current classloader. URLs of classloader:
file:/root/.sdkman/candidates/java/8.0.333.fx-librca/jre/../lib/tools.jar
file:/root/.sdkman/candidates/java/8.0.333.fx-librca/jre/lib/ext/cldrdata.jar
file:/root/.sdkman/candidates/java/8.0.333.fx-librca/jre/lib/ext/sunec.jar
file:/root/.sdkman/candidates/java/8.0.333.fx-librca/jre/lib/ext/localedata.jar
file:/root/.sdkman/candidates/java/8.0.333.fx-librca/jre/lib/ext/jaccess.jar
file:/tmp/EvoSuite_pathingJar7145905304376211956.jar
file:/root/.sdkman/candidates/java/8.0.333.fx-librca/jre/lib/ext/dnsns.jar
file:/root/.sdkman/candidates/java/8.0.333.fx-librca/jre/lib/ext/sunpkcs11.jar
file:/root/.sdkman/candidates/java/8.0.333.fx-librca/jre/lib/ext/zipfs.jar
file:/root/.sdkman/candidates/java/8.0.333.fx-librca/jre/lib/ext/jfxrt.jar
file:/root/.sdkman/candidates/java/8.0.333.fx-librca/jre/lib/ext/sunjce_provider.jar
file:/root/.sdkman/candidates/java/8.0.333.fx-librca/jre/lib/ext/nashorn.jar
[MASTER] 13:01:57.620 [logback-1] WARN  JUnitAnalyzer - Found unstable test named initializationError -> class java.lang.RuntimeException: Cannot find either the compilation target folder nor the EvoSuite jar in classpath: /tmp/EvoSuite_pathingJar7145905304376211956.jar
Going to execute: handleTestsThatAreUnstable
* Compiling Tests
** Write a test suite: 0 called: 0 to improve: false
[MASTER] 13:01:57.670 [logback-1] WARN  AgentLoader - Failed to find EvoSuite jar in current classloader. URLs of classloader:
file:/root/.sdkman/candidates/java/8.0.333.fx-librca/jre/../lib/tools.jar
file:/root/.sdkman/candidates/java/8.0.333.fx-librca/jre/lib/ext/cldrdata.jar
file:/root/.sdkman/candidates/java/8.0.333.fx-librca/jre/lib/ext/sunec.jar
file:/root/.sdkman/candidates/java/8.0.333.fx-librca/jre/lib/ext/localedata.jar
file:/root/.sdkman/candidates/java/8.0.333.fx-librca/jre/lib/ext/jaccess.jar
file:/tmp/EvoSuite_pathingJar7145905304376211956.jar
file:/root/.sdkman/candidates/java/8.0.333.fx-librca/jre/lib/ext/dnsns.jar
file:/root/.sdkman/candidates/java/8.0.333.fx-librca/jre/lib/ext/sunpkcs11.jar
file:/root/.sdkman/candidates/java/8.0.333.fx-librca/jre/lib/ext/zipfs.jar
file:/root/.sdkman/candidates/java/8.0.333.fx-librca/jre/lib/ext/jfxrt.jar
file:/root/.sdkman/candidates/java/8.0.333.fx-librca/jre/lib/ext/sunjce_provider.jar
file:/root/.sdkman/candidates/java/8.0.333.fx-librca/jre/lib/ext/nashorn.jar
[MASTER] 13:01:57.671 [logback-1] WARN  JUnitAnalyzer - Found unstable test named initializationError -> class java.lang.RuntimeException: Cannot find either the compilation target folder nor the EvoSuite jar in classpath: /tmp/EvoSuite_pathingJar7145905304376211956.jar
Going to execute: handleTestsThatAreUnstable
* Compiling Tests
** Write a test suite: 0 called: 0 to improve: false
[MASTER] 13:01:57.719 [logback-1] WARN  AgentLoader - Failed to find EvoSuite jar in current classloader. URLs of classloader:
file:/root/.sdkman/candidates/java/8.0.333.fx-librca/jre/../lib/tools.jar
file:/root/.sdkman/candidates/java/8.0.333.fx-librca/jre/lib/ext/cldrdata.jar
file:/root/.sdkman/candidates/java/8.0.333.fx-librca/jre/lib/ext/sunec.jar
file:/root/.sdkman/candidates/java/8.0.333.fx-librca/jre/lib/ext/localedata.jar
file:/root/.sdkman/candidates/java/8.0.333.fx-librca/jre/lib/ext/jaccess.jar
file:/tmp/EvoSuite_pathingJar7145905304376211956.jar
file:/root/.sdkman/candidates/java/8.0.333.fx-librca/jre/lib/ext/dnsns.jar
file:/root/.sdkman/candidates/java/8.0.333.fx-librca/jre/lib/ext/sunpkcs11.jar
file:/root/.sdkman/candidates/java/8.0.333.fx-librca/jre/lib/ext/zipfs.jar
file:/root/.sdkman/candidates/java/8.0.333.fx-librca/jre/lib/ext/jfxrt.jar
file:/root/.sdkman/candidates/java/8.0.333.fx-librca/jre/lib/ext/sunjce_provider.jar
file:/root/.sdkman/candidates/java/8.0.333.fx-librca/jre/lib/ext/nashorn.jar
[MASTER] 13:01:57.720 [logback-1] WARN  JUnitAnalyzer - Found unstable test named initializationError -> class java.lang.RuntimeException: Cannot find either the compilation target folder nor the EvoSuite jar in classpath: /tmp/EvoSuite_pathingJar7145905304376211956.jar
Going to execute: handleTestsThatAreUnstable
* Compiling Tests
** Write a test suite: 0 called: 0 to improve: false
[MASTER] 13:01:57.769 [logback-1] WARN  AgentLoader - Failed to find EvoSuite jar in current classloader. URLs of classloader:
file:/root/.sdkman/candidates/java/8.0.333.fx-librca/jre/../lib/tools.jar
file:/root/.sdkman/candidates/java/8.0.333.fx-librca/jre/lib/ext/cldrdata.jar
file:/root/.sdkman/candidates/java/8.0.333.fx-librca/jre/lib/ext/sunec.jar
file:/root/.sdkman/candidates/java/8.0.333.fx-librca/jre/lib/ext/localedata.jar
file:/root/.sdkman/candidates/java/8.0.333.fx-librca/jre/lib/ext/jaccess.jar
file:/tmp/EvoSuite_pathingJar7145905304376211956.jar
file:/root/.sdkman/candidates/java/8.0.333.fx-librca/jre/lib/ext/dnsns.jar
file:/root/.sdkman/candidates/java/8.0.333.fx-librca/jre/lib/ext/sunpkcs11.jar
file:/root/.sdkman/candidates/java/8.0.333.fx-librca/jre/lib/ext/zipfs.jar
file:/root/.sdkman/candidates/java/8.0.333.fx-librca/jre/lib/ext/jfxrt.jar
file:/root/.sdkman/candidates/java/8.0.333.fx-librca/jre/lib/ext/sunjce_provider.jar
file:/root/.sdkman/candidates/java/8.0.333.fx-librca/jre/lib/ext/nashorn.jar
[MASTER] 13:01:57.770 [logback-1] WARN  JUnitAnalyzer - Found unstable test named initializationError -> class java.lang.RuntimeException: Cannot find either the compilation target folder nor the EvoSuite jar in classpath: /tmp/EvoSuite_pathingJar7145905304376211956.jar
Going to execute: handleTestsThatAreUnstable
* Compiling Tests
** Write a test suite: 0 called: 0 to improve: false
[MASTER] 13:01:57.825 [logback-1] WARN  AgentLoader - Failed to find EvoSuite jar in current classloader. URLs of classloader:
file:/root/.sdkman/candidates/java/8.0.333.fx-librca/jre/../lib/tools.jar
file:/root/.sdkman/candidates/java/8.0.333.fx-librca/jre/lib/ext/cldrdata.jar
file:/root/.sdkman/candidates/java/8.0.333.fx-librca/jre/lib/ext/sunec.jar
file:/root/.sdkman/candidates/java/8.0.333.fx-librca/jre/lib/ext/localedata.jar
file:/root/.sdkman/candidates/java/8.0.333.fx-librca/jre/lib/ext/jaccess.jar
file:/tmp/EvoSuite_pathingJar7145905304376211956.jar
file:/root/.sdkman/candidates/java/8.0.333.fx-librca/jre/lib/ext/dnsns.jar
file:/root/.sdkman/candidates/java/8.0.333.fx-librca/jre/lib/ext/sunpkcs11.jar
file:/root/.sdkman/candidates/java/8.0.333.fx-librca/jre/lib/ext/zipfs.jar
file:/root/.sdkman/candidates/java/8.0.333.fx-librca/jre/lib/ext/jfxrt.jar
file:/root/.sdkman/candidates/java/8.0.333.fx-librca/jre/lib/ext/sunjce_provider.jar
file:/root/.sdkman/candidates/java/8.0.333.fx-librca/jre/lib/ext/nashorn.jar
[MASTER] 13:01:57.826 [logback-1] WARN  JUnitAnalyzer - Found unstable test named initializationError -> class java.lang.RuntimeException: Cannot find either the compilation target folder nor the EvoSuite jar in classpath: /tmp/EvoSuite_pathingJar7145905304376211956.jar
Going to execute: handleTestsThatAreUnstable
* Compiling Tests
** Write a test suite: 0 called: 0 to improve: false
[MASTER] 13:01:57.871 [logback-1] WARN  AgentLoader - Failed to find EvoSuite jar in current classloader. URLs of classloader:
file:/root/.sdkman/candidates/java/8.0.333.fx-librca/jre/../lib/tools.jar
file:/root/.sdkman/candidates/java/8.0.333.fx-librca/jre/lib/ext/cldrdata.jar
file:/root/.sdkman/candidates/java/8.0.333.fx-librca/jre/lib/ext/sunec.jar
file:/root/.sdkman/candidates/java/8.0.333.fx-librca/jre/lib/ext/localedata.jar
file:/root/.sdkman/candidates/java/8.0.333.fx-librca/jre/lib/ext/jaccess.jar
file:/tmp/EvoSuite_pathingJar7145905304376211956.jar
file:/root/.sdkman/candidates/java/8.0.333.fx-librca/jre/lib/ext/dnsns.jar
file:/root/.sdkman/candidates/java/8.0.333.fx-librca/jre/lib/ext/sunpkcs11.jar
file:/root/.sdkman/candidates/java/8.0.333.fx-librca/jre/lib/ext/zipfs.jar
file:/root/.sdkman/candidates/java/8.0.333.fx-librca/jre/lib/ext/jfxrt.jar
file:/root/.sdkman/candidates/java/8.0.333.fx-librca/jre/lib/ext/sunjce_provider.jar
file:/root/.sdkman/candidates/java/8.0.333.fx-librca/jre/lib/ext/nashorn.jar
[MASTER] 13:01:57.872 [logback-1] WARN  JUnitAnalyzer - Found unstable test named initializationError -> class java.lang.RuntimeException: Cannot find either the compilation target folder nor the EvoSuite jar in classpath: /tmp/EvoSuite_pathingJar7145905304376211956.jar
Going to execute: handleTestsThatAreUnstable
* Compiling Tests
** Write a test suite: 0 called: 0 to improve: false
[MASTER] 13:01:57.923 [logback-1] WARN  AgentLoader - Failed to find EvoSuite jar in current classloader. URLs of classloader:
file:/root/.sdkman/candidates/java/8.0.333.fx-librca/jre/../lib/tools.jar
file:/root/.sdkman/candidates/java/8.0.333.fx-librca/jre/lib/ext/cldrdata.jar
file:/root/.sdkman/candidates/java/8.0.333.fx-librca/jre/lib/ext/sunec.jar
file:/root/.sdkman/candidates/java/8.0.333.fx-librca/jre/lib/ext/localedata.jar
file:/root/.sdkman/candidates/java/8.0.333.fx-librca/jre/lib/ext/jaccess.jar
file:/tmp/EvoSuite_pathingJar7145905304376211956.jar
file:/root/.sdkman/candidates/java/8.0.333.fx-librca/jre/lib/ext/dnsns.jar
file:/root/.sdkman/candidates/java/8.0.333.fx-librca/jre/lib/ext/sunpkcs11.jar
file:/root/.sdkman/candidates/java/8.0.333.fx-librca/jre/lib/ext/zipfs.jar
file:/root/.sdkman/candidates/java/8.0.333.fx-librca/jre/lib/ext/jfxrt.jar
file:/root/.sdkman/candidates/java/8.0.333.fx-librca/jre/lib/ext/sunjce_provider.jar
file:/root/.sdkman/candidates/java/8.0.333.fx-librca/jre/lib/ext/nashorn.jar
[MASTER] 13:01:57.924 [logback-1] WARN  JUnitAnalyzer - Found unstable test named initializationError -> class java.lang.RuntimeException: Cannot find either the compilation target folder nor the EvoSuite jar in classpath: /tmp/EvoSuite_pathingJar7145905304376211956.jar
Going to execute: handleTestsThatAreUnstable
* Compiling Tests
** Write a test suite: 0 called: 0 to improve: false
[MASTER] 13:01:57.972 [logback-1] WARN  AgentLoader - Failed to find EvoSuite jar in current classloader. URLs of classloader:
file:/root/.sdkman/candidates/java/8.0.333.fx-librca/jre/../lib/tools.jar
file:/root/.sdkman/candidates/java/8.0.333.fx-librca/jre/lib/ext/cldrdata.jar
file:/root/.sdkman/candidates/java/8.0.333.fx-librca/jre/lib/ext/sunec.jar
file:/root/.sdkman/candidates/java/8.0.333.fx-librca/jre/lib/ext/localedata.jar
file:/root/.sdkman/candidates/java/8.0.333.fx-librca/jre/lib/ext/jaccess.jar
file:/tmp/EvoSuite_pathingJar7145905304376211956.jar
file:/root/.sdkman/candidates/java/8.0.333.fx-librca/jre/lib/ext/dnsns.jar
file:/root/.sdkman/candidates/java/8.0.333.fx-librca/jre/lib/ext/sunpkcs11.jar
file:/root/.sdkman/candidates/java/8.0.333.fx-librca/jre/lib/ext/zipfs.jar
file:/root/.sdkman/candidates/java/8.0.333.fx-librca/jre/lib/ext/jfxrt.jar
file:/root/.sdkman/candidates/java/8.0.333.fx-librca/jre/lib/ext/sunjce_provider.jar
file:/root/.sdkman/candidates/java/8.0.333.fx-librca/jre/lib/ext/nashorn.jar
[MASTER] 13:01:57.973 [logback-1] WARN  JUnitAnalyzer - Found unstable test named initializationError -> class java.lang.RuntimeException: Cannot find either the compilation target folder nor the EvoSuite jar in classpath: /tmp/EvoSuite_pathingJar7145905304376211956.jar
Going to execute: handleTestsThatAreUnstable
* Compiling Tests
** Write a test suite: 0 called: 0 to improve: false
[MASTER] 13:01:58.191 [logback-1] WARN  AgentLoader - Failed to find EvoSuite jar in current classloader. URLs of classloader:
file:/root/.sdkman/candidates/java/8.0.333.fx-librca/jre/../lib/tools.jar
file:/root/.sdkman/candidates/java/8.0.333.fx-librca/jre/lib/ext/cldrdata.jar
file:/root/.sdkman/candidates/java/8.0.333.fx-librca/jre/lib/ext/sunec.jar
file:/root/.sdkman/candidates/java/8.0.333.fx-librca/jre/lib/ext/localedata.jar
file:/root/.sdkman/candidates/java/8.0.333.fx-librca/jre/lib/ext/jaccess.jar
file:/tmp/EvoSuite_pathingJar7145905304376211956.jar
file:/root/.sdkman/candidates/java/8.0.333.fx-librca/jre/lib/ext/dnsns.jar
file:/root/.sdkman/candidates/java/8.0.333.fx-librca/jre/lib/ext/sunpkcs11.jar
file:/root/.sdkman/candidates/java/8.0.333.fx-librca/jre/lib/ext/zipfs.jar
file:/root/.sdkman/candidates/java/8.0.333.fx-librca/jre/lib/ext/jfxrt.jar
file:/root/.sdkman/candidates/java/8.0.333.fx-librca/jre/lib/ext/sunjce_provider.jar
file:/root/.sdkman/candidates/java/8.0.333.fx-librca/jre/lib/ext/nashorn.jar
[MASTER] 13:01:58.193 [logback-1] WARN  JUnitAnalyzer - Found unstable test named initializationError -> class java.lang.RuntimeException: Cannot find either the compilation target folder nor the EvoSuite jar in classpath: /tmp/EvoSuite_pathingJar7145905304376211956.jar
Going to execute: handleTestsThatAreUnstable
* Compiling Tests
** Write a test suite: 0 called: 0 to improve: false
[MASTER] 13:01:58.227 [logback-1] WARN  AgentLoader - Failed to find EvoSuite jar in current classloader. URLs of classloader:
file:/root/.sdkman/candidates/java/8.0.333.fx-librca/jre/../lib/tools.jar
file:/root/.sdkman/candidates/java/8.0.333.fx-librca/jre/lib/ext/cldrdata.jar
file:/root/.sdkman/candidates/java/8.0.333.fx-librca/jre/lib/ext/sunec.jar
file:/root/.sdkman/candidates/java/8.0.333.fx-librca/jre/lib/ext/localedata.jar
file:/root/.sdkman/candidates/java/8.0.333.fx-librca/jre/lib/ext/jaccess.jar
file:/tmp/EvoSuite_pathingJar7145905304376211956.jar
file:/root/.sdkman/candidates/java/8.0.333.fx-librca/jre/lib/ext/dnsns.jar
file:/root/.sdkman/candidates/java/8.0.333.fx-librca/jre/lib/ext/sunpkcs11.jar
file:/root/.sdkman/candidates/java/8.0.333.fx-librca/jre/lib/ext/zipfs.jar
file:/root/.sdkman/candidates/java/8.0.333.fx-librca/jre/lib/ext/jfxrt.jar
file:/root/.sdkman/candidates/java/8.0.333.fx-librca/jre/lib/ext/sunjce_provider.jar
file:/root/.sdkman/candidates/java/8.0.333.fx-librca/jre/lib/ext/nashorn.jar
[MASTER] 13:01:58.227 [logback-1] WARN  JUnitAnalyzer - Found unstable test named initializationError -> class java.lang.RuntimeException: Cannot find either the compilation target folder nor the EvoSuite jar in classpath: /tmp/EvoSuite_pathingJar7145905304376211956.jar
Going to execute: handleTestsThatAreUnstable
* Compiling Tests
** Write a test suite: 0 called: 0 to improve: false
[MASTER] 13:01:58.251 [logback-1] WARN  AgentLoader - Failed to find EvoSuite jar in current classloader. URLs of classloader:
file:/root/.sdkman/candidates/java/8.0.333.fx-librca/jre/../lib/tools.jar
file:/root/.sdkman/candidates/java/8.0.333.fx-librca/jre/lib/ext/cldrdata.jar
file:/root/.sdkman/candidates/java/8.0.333.fx-librca/jre/lib/ext/sunec.jar
file:/root/.sdkman/candidates/java/8.0.333.fx-librca/jre/lib/ext/localedata.jar
file:/root/.sdkman/candidates/java/8.0.333.fx-librca/jre/lib/ext/jaccess.jar
file:/tmp/EvoSuite_pathingJar7145905304376211956.jar
file:/root/.sdkman/candidates/java/8.0.333.fx-librca/jre/lib/ext/dnsns.jar
file:/root/.sdkman/candidates/java/8.0.333.fx-librca/jre/lib/ext/sunpkcs11.jar
file:/root/.sdkman/candidates/java/8.0.333.fx-librca/jre/lib/ext/zipfs.jar
file:/root/.sdkman/candidates/java/8.0.333.fx-librca/jre/lib/ext/jfxrt.jar
file:/root/.sdkman/candidates/java/8.0.333.fx-librca/jre/lib/ext/sunjce_provider.jar
file:/root/.sdkman/candidates/java/8.0.333.fx-librca/jre/lib/ext/nashorn.jar
[MASTER] 13:01:58.252 [logback-1] WARN  JUnitAnalyzer - Found unstable test named initializationError -> class java.lang.RuntimeException: Cannot find either the compilation target folder nor the EvoSuite jar in classpath: /tmp/EvoSuite_pathingJar7145905304376211956.jar
Going to execute: handleTestsThatAreUnstable
* Compiling Tests
** Write a test suite: 0 called: 0 to improve: false
[MASTER] 13:01:58.277 [logback-1] WARN  AgentLoader - Failed to find EvoSuite jar in current classloader. URLs of classloader:
file:/root/.sdkman/candidates/java/8.0.333.fx-librca/jre/../lib/tools.jar
file:/root/.sdkman/candidates/java/8.0.333.fx-librca/jre/lib/ext/cldrdata.jar
file:/root/.sdkman/candidates/java/8.0.333.fx-librca/jre/lib/ext/sunec.jar
file:/root/.sdkman/candidates/java/8.0.333.fx-librca/jre/lib/ext/localedata.jar
file:/root/.sdkman/candidates/java/8.0.333.fx-librca/jre/lib/ext/jaccess.jar
file:/tmp/EvoSuite_pathingJar7145905304376211956.jar
file:/root/.sdkman/candidates/java/8.0.333.fx-librca/jre/lib/ext/dnsns.jar
file:/root/.sdkman/candidates/java/8.0.333.fx-librca/jre/lib/ext/sunpkcs11.jar
file:/root/.sdkman/candidates/java/8.0.333.fx-librca/jre/lib/ext/zipfs.jar
file:/root/.sdkman/candidates/java/8.0.333.fx-librca/jre/lib/ext/jfxrt.jar
file:/root/.sdkman/candidates/java/8.0.333.fx-librca/jre/lib/ext/sunjce_provider.jar
file:/root/.sdkman/candidates/java/8.0.333.fx-librca/jre/lib/ext/nashorn.jar
[MASTER] 13:01:58.277 [logback-1] WARN  JUnitAnalyzer - Found unstable test named initializationError -> class java.lang.RuntimeException: Cannot find either the compilation target folder nor the EvoSuite jar in classpath: /tmp/EvoSuite_pathingJar7145905304376211956.jar
Going to execute: handleTestsThatAreUnstable
* Compiling Tests
** Write a test suite: 0 called: 0 to improve: false
** Write a test suite: 1 called: 1 to improve: false
** Write a test suite: 2 called: 2 to improve: false
** Write a test suite: 3 called: 3 to improve: false
** Write a test suite: 4 called: 4 to improve: false
** Write a test suite: 5 called: 5 to improve: false
** Write a test suite: 6 called: 6 to improve: false
** Write a test suite: 7 called: 7 to improve: false
** Write a test suite: 8 called: 8 to improve: false
** Write a test suite: 9 called: 9 to improve: false
** Write a test suite: 10 called: 10 to improve: false
** Write a test suite: 11 called: 11 to improve: false
** Write a test suite: 12 called: 12 to improve: false
** Write a test suite: 13 called: 13 to improve: false
** Write a test suite: 14 called: 14 to improve: false
** Write a test suite: 15 called: 15 to improve: false
** Write a test suite: 16 called: 16 to improve: false
** Write a test suite: 17 called: 17 to improve: false
** Write a test suite: 18 called: 18 to improve: false
** Write a test suite: 19 called: 19 to improve: false
** Write a test suite: 20 called: 20 to improve: false
** Write a test suite: 21 called: 21 to improve: false
** Write a test suite: 22 called: 22 to improve: false
** Write a test suite: 23 called: 23 to improve: false
** Write a test suite: 24 called: 24 to improve: false
** Write a test suite: 25 called: 25 to improve: false
[MASTER] 13:01:58.392 [logback-1] WARN  AgentLoader - Failed to find EvoSuite jar in current classloader. URLs of classloader:
file:/root/.sdkman/candidates/java/8.0.333.fx-librca/jre/../lib/tools.jar
file:/root/.sdkman/candidates/java/8.0.333.fx-librca/jre/lib/ext/cldrdata.jar
file:/root/.sdkman/candidates/java/8.0.333.fx-librca/jre/lib/ext/sunec.jar
file:/root/.sdkman/candidates/java/8.0.333.fx-librca/jre/lib/ext/localedata.jar
file:/root/.sdkman/candidates/java/8.0.333.fx-librca/jre/lib/ext/jaccess.jar
file:/tmp/EvoSuite_pathingJar7145905304376211956.jar
file:/root/.sdkman/candidates/java/8.0.333.fx-librca/jre/lib/ext/dnsns.jar
file:/root/.sdkman/candidates/java/8.0.333.fx-librca/jre/lib/ext/sunpkcs11.jar
file:/root/.sdkman/candidates/java/8.0.333.fx-librca/jre/lib/ext/zipfs.jar
file:/root/.sdkman/candidates/java/8.0.333.fx-librca/jre/lib/ext/jfxrt.jar
file:/root/.sdkman/candidates/java/8.0.333.fx-librca/jre/lib/ext/sunjce_provider.jar
file:/root/.sdkman/candidates/java/8.0.333.fx-librca/jre/lib/ext/nashorn.jar
[MASTER] 13:01:58.393 [logback-1] WARN  JUnitAnalyzer - Found unstable test named initializationError -> class java.lang.RuntimeException: Cannot find either the compilation target folder nor the EvoSuite jar in classpath: /tmp/EvoSuite_pathingJar7145905304376211956.jar
Going to execute: handleTestsThatAreUnstable
* Compiling Tests
** Write a test suite: 0 called: 0 to improve: false
** Write a test suite: 1 called: 1 to improve: false
** Write a test suite: 2 called: 2 to improve: false
** Write a test suite: 3 called: 3 to improve: false
** Write a test suite: 4 called: 4 to improve: false
** Write a test suite: 5 called: 5 to improve: false
** Write a test suite: 6 called: 6 to improve: false
** Write a test suite: 7 called: 7 to improve: false
** Write a test suite: 8 called: 8 to improve: false
** Write a test suite: 9 called: 9 to improve: false
** Write a test suite: 10 called: 10 to improve: false
** Write a test suite: 11 called: 11 to improve: false
** Write a test suite: 12 called: 12 to improve: false
** Write a test suite: 13 called: 13 to improve: false
** Write a test suite: 14 called: 14 to improve: false
** Write a test suite: 15 called: 15 to improve: false
** Write a test suite: 16 called: 16 to improve: false
** Write a test suite: 17 called: 17 to improve: false
** Write a test suite: 18 called: 18 to improve: false
** Write a test suite: 19 called: 19 to improve: false
** Write a test suite: 20 called: 20 to improve: false
** Write a test suite: 21 called: 21 to improve: false
** Write a test suite: 22 called: 22 to improve: false
** Write a test suite: 23 called: 23 to improve: false
** Write a test suite: 24 called: 24 to improve: false
** Write a test suite: 25 called: 25 to improve: false
[MASTER] 13:01:58.584 [logback-1] WARN  AgentLoader - Failed to find EvoSuite jar in current classloader. URLs of classloader:
file:/root/.sdkman/candidates/java/8.0.333.fx-librca/jre/../lib/tools.jar
file:/root/.sdkman/candidates/java/8.0.333.fx-librca/jre/lib/ext/cldrdata.jar
file:/root/.sdkman/candidates/java/8.0.333.fx-librca/jre/lib/ext/sunec.jar
file:/root/.sdkman/candidates/java/8.0.333.fx-librca/jre/lib/ext/localedata.jar
file:/root/.sdkman/candidates/java/8.0.333.fx-librca/jre/lib/ext/jaccess.jar
file:/tmp/EvoSuite_pathingJar7145905304376211956.jar
file:/root/.sdkman/candidates/java/8.0.333.fx-librca/jre/lib/ext/dnsns.jar
file:/root/.sdkman/candidates/java/8.0.333.fx-librca/jre/lib/ext/sunpkcs11.jar
file:/root/.sdkman/candidates/java/8.0.333.fx-librca/jre/lib/ext/zipfs.jar
file:/root/.sdkman/candidates/java/8.0.333.fx-librca/jre/lib/ext/jfxrt.jar
file:/root/.sdkman/candidates/java/8.0.333.fx-librca/jre/lib/ext/sunjce_provider.jar
file:/root/.sdkman/candidates/java/8.0.333.fx-librca/jre/lib/ext/nashorn.jar
* Writing tests to file
* Writing JUnit test case 'JSJshop_ESTest' to evosuite-tests
[MASTER] 13:01:58.586 [logback-1] WARN  JUnitAnalyzer - Found unstable test named initializationError -> class java.lang.RuntimeException: Cannot find either the compilation target folder nor the EvoSuite jar in classpath: /tmp/EvoSuite_pathingJar7145905304376211956.jar
[MASTER] 13:01:58.588 [logback-1] WARN  TimeController - Already entered in phase: JUNIT_CHECK. This will mess up the timing calculations.
** Write a test suite: 10 called: 0 to improve: false
** Write a test suite: 11 called: 1 to improve: false
** Write a test suite: 14 called: 2 to improve: false
** Write a test suite: 23 called: 3 to improve: false
** Write a test suite: 28 called: 4 to improve: false
* Writing JUnit test case 'JSJshop_Original_ESTest' to evosuite-tests
** Write a test suite: 0 called: 0 to improve: false
** Write a test suite: 1 called: 1 to improve: false
** Write a test suite: 2 called: 2 to improve: false
** Write a test suite: 3 called: 3 to improve: false
** Write a test suite: 4 called: 4 to improve: false
** Write a test suite: 5 called: 5 to improve: false
** Write a test suite: 6 called: 6 to improve: false
** Write a test suite: 7 called: 7 to improve: false
** Write a test suite: 8 called: 8 to improve: false
** Write a test suite: 9 called: 9 to improve: false
** Write a test suite: 10 called: 10 to improve: false
** Write a test suite: 11 called: 11 to improve: false
** Write a test suite: 12 called: 12 to improve: false
** Write a test suite: 13 called: 13 to improve: false
** Write a test suite: 14 called: 14 to improve: false
** Write a test suite: 15 called: 15 to improve: false
** Write a test suite: 16 called: 16 to improve: false
** Write a test suite: 17 called: 17 to improve: false
** Write a test suite: 18 called: 18 to improve: false
** Write a test suite: 19 called: 19 to improve: false
** Write a test suite: 20 called: 20 to improve: false
** Write a test suite: 21 called: 21 to improve: false
** Write a test suite: 22 called: 22 to improve: false
** Write a test suite: 23 called: 23 to improve: false
** Write a test suite: 24 called: 24 to improve: false
** Write a test suite: 25 called: 25 to improve: false
* Done!

* Computation finished
