* EvoSuite 1.2.1-SNAPSHOT
* Going to generate test cases for class: jigl.image.ops.levelOps.Clip
* Starting Client-0
* Properties loaded from /home/ubuntu/UTestGen/Evaluation/getting_results/dataset/SF110/89_jiggler/evosuite-files/evosuite.properties
* Connecting to master process on port 14591
* Analyzing classpath: 
* Inheritance tree loaded from evosuite-files/inheritance.xml.gz
[MASTER] 09:54:00.617 [logback-1] WARN  InheritanceTree - Class not in inheritance graph: java.util.function.BiFunction
[MASTER] 09:54:00.617 [logback-1] WARN  InheritanceTree - Class not in inheritance graph: java.util.function.Function
[MASTER] 09:54:00.618 [logback-1] WARN  InheritanceTree - Class not in inheritance graph: java.util.function.BiConsumer
[MASTER] 09:54:01.372 [logback-1] WARN  InheritanceTree - Class not in inheritance graph: java.util.function.Consumer
[MASTER] 09:54:01.373 [logback-1] WARN  InheritanceTree - Class not in inheritance graph: java.util.function.Predicate
[MASTER] 09:54:01.379 [logback-1] WARN  InheritanceTree - Class not in inheritance graph: java.util.function.UnaryOperator
[MASTER] 09:54:03.492 [logback-1] WARN  InheritanceTree - Class not in inheritance graph: java.time.ZoneId
[MASTER] 09:54:03.624 [logback-1] WARN  InheritanceTree - Class not in inheritance graph: java.time.temporal.Temporal
[MASTER] 09:54:03.624 [logback-1] WARN  InheritanceTree - Class not in inheritance graph: java.time.temporal.TemporalAccessor
[MASTER] 09:54:03.624 [logback-1] WARN  InheritanceTree - Class not in inheritance graph: java.time.temporal.TemporalField
[MASTER] 09:54:03.624 [logback-1] WARN  InheritanceTree - Class not in inheritance graph: java.time.temporal.TemporalUnit
[MASTER] 09:54:03.625 [logback-1] WARN  InheritanceTree - Class not in inheritance graph: java.time.temporal.TemporalAmount
[MASTER] 09:54:03.626 [logback-1] WARN  InheritanceTree - Class not in inheritance graph: java.time.Clock
[MASTER] 09:54:03.626 [logback-1] WARN  InheritanceTree - Class not in inheritance graph: java.time.temporal.TemporalQuery
[MASTER] 09:54:03.626 [logback-1] WARN  InheritanceTree - Class not in inheritance graph: java.time.temporal.TemporalAdjuster
[MASTER] 09:54:03.641 [logback-1] WARN  InheritanceTree - Class not in inheritance graph: java.time.chrono.Chronology
* Finished analyzing classpath
* Generating tests for class jigl.image.ops.levelOps.Clip
* Test criteria:
  - Branch Coverage
  - Line Coverage
  - Method-Output Coverage
  - Top-Level Method Coverage
  - Context Branch Coverage
* Total number of test goals for DYNAMOSA: 200
* Using seed 1709286837117
* Starting evolution
[Progress:>                             0%] [Cov:>                                  0%]* Initial Number of Goals in DynaMOSA = 122 / 200
[MASTER] 09:54:07.061 [logback-1] WARN  TestCluster - Failed to check cache for jigl.image.Image<T> : Type points to itself
[Progress:>                             2%] [Cov:================>                  46%][Progress:>                             3%] [Cov:====================>              58%][Progress:============>                 40%] [Cov:====================>              58%][Progress:============>                 41%] [Cov:=====================>             60%][Progress:============>                 41%] [Cov:======================>            63%][Progress:============>                 41%] [Cov:======================>            63%][Progress:=============>                45%] [Cov:======================>            63%][Progress:=============>                45%] [Cov:======================>            63%][Progress:=============>                46%] [Cov:======================>            64%][Progress:=============>                46%] [Cov:======================>            64%][Progress:=============>                46%] [Cov:======================>            64%][Progress:============================> 94%] [Cov:======================>            64%][Progress:============================> 96%] [Cov:======================>            64%][Progress:==============================100%] [Cov:======================>            64%]
* Search finished after 105s and 13 generations, 5681 statements, best individual has fitness: 94.0
* Generated before the refinement 9 tests with total length 30
statement is: jigl.image.ops.levelOps.Clip(II)V type is: class org.evosuite.testcase.statements.ConstructorStatement return type class jigl.image.ops.levelOps.Clip
statement code is: Clip clip = new Clip((-16), (-16))
statement is: apply(Ljigl/image/types/GrayImage;)Ljigl/image/Image; type is: class org.evosuite.testcase.statements.MethodStatement return type jigl.image.Image<T>
statement code is: Image apply = clip.apply((GrayImage) null)
test data is: Clip clip = new Clip((-16), (-16));
clip.apply((GrayImage) null);

** It was a parseable test case! 
Improved test data is: class DummyClass {
    public static void main() {
        // Test case 1: Apply a clip with negative coordinates on a GrayImage object
        ClipBounds clipBounds = new ClipBounds(-20, -20);
        GrayImage sourceImage = new GrayImage(512, 512, 8, ColorSpace.RGB);
        clipBounds.apply(sourceImage);
        // Test case 2: Apply a clip with positive coordinates on a RGBImage object
        ClipBounds clipBounds = new ClipBounds(0, 0, 100, 100);
        RGBImage sourceImage = new RGBImage(512, 512, 8, ColorSpace.RGB);
        clipBounds.apply(sourceImage);
    }
}
statement is: // Test case 1: Apply a clip with negative coordinates on a GrayImage object
ClipBounds clipBounds = new ClipBounds(-20, -20), class spoon.support.reflect.code.CtLocalVariableImpl
class spoon.support.reflect.code.CtConstructorCallImpl
statement is: GrayImage sourceImage = new GrayImage(512, 512, 8, ColorSpace.RGB), class spoon.support.reflect.code.CtLocalVariableImpl
class spoon.support.reflect.code.CtConstructorCallImpl
statement is: clipBounds.apply(sourceImage), class spoon.support.reflect.code.CtInvocationImpl
invocation is: clipBounds.apply(sourceImage) target is: clipBounds method is: apply(GrayImage)
statement is: // Test case 2: Apply a clip with positive coordinates on a RGBImage object
ClipBounds clipBounds = new ClipBounds(0, 0, 100, 100), class spoon.support.reflect.code.CtLocalVariableImpl
class spoon.support.reflect.code.CtConstructorCallImpl
statement is: RGBImage sourceImage = new RGBImage(512, 512, 8, ColorSpace.RGB), class spoon.support.reflect.code.CtLocalVariableImpl
class spoon.support.reflect.code.CtConstructorCallImpl
statement is: clipBounds.apply(sourceImage), class spoon.support.reflect.code.CtInvocationImpl
invocation is: clipBounds.apply(sourceImage) target is: clipBounds method is: apply(RGBImage)
statement is: jigl.image.types.ColorImage()V type is: class org.evosuite.testcase.statements.ConstructorStatement return type class jigl.image.types.ColorImage
statement code is: ColorImage colorImage = new ColorImage()
statement is: jigl.image.ops.levelOps.Clip(II)V type is: class org.evosuite.testcase.statements.ConstructorStatement return type class jigl.image.ops.levelOps.Clip
statement code is: Clip clip = new Clip(297, 297)
statement is: apply(Ljigl/image/types/ColorImage;)Ljigl/image/Image; type is: class org.evosuite.testcase.statements.MethodStatement return type jigl.image.Image<T>
statement code is: Image apply = clip.apply(arg0)
test data is: ColorImage colorImage = new ColorImage();
Clip clip = new Clip(297, 297);
clip.apply(colorImage);

** It was a parseable test case! 
Improved test data is: class DummyClass {
    public static void main() {
        ColorImage colorImage = new ColorImage(300, 300);
        Clip clip = new Clip(500, 500);
        clip.apply(colorImage);
    }
}
statement is: ColorImage colorImage = new ColorImage(300, 300), class spoon.support.reflect.code.CtLocalVariableImpl
class spoon.support.reflect.code.CtConstructorCallImpl
statement is: Clip clip = new Clip(500, 500), class spoon.support.reflect.code.CtLocalVariableImpl
class spoon.support.reflect.code.CtConstructorCallImpl
statement is: clip.apply(colorImage), class spoon.support.reflect.code.CtInvocationImpl
invocation is: clip.apply(colorImage) target is: clip method is: apply(ColorImage)
source statement: jigl.image.ops.levelOps.Clip(II)V callee: VariableReference: Statement 1, type jigl.image.ops.levelOps.Clipindex is: 2
Matched Method is: apply(Ljigl/image/types/ColorImage;)Ljigl/image/Image;
i 0 Parameters size() 0 Num of Method Parameters: 1
TestCase is: int _int = 500;
int _int = 500;
Clip clip = new Clip(_int, _int);
ColorImage colorImage = null;
((Clip) _int).apply(colorImage);

statement is: jigl.image.types.InterpolatedRealColorImage()V type is: class org.evosuite.testcase.statements.ConstructorStatement return type class jigl.image.types.InterpolatedRealColorImage
statement code is: InterpolatedRealColorImage interpolatedRealColorImage = new InterpolatedRealColorImage()
statement is: jigl.image.ops.levelOps.Clip(FF)V type is: class org.evosuite.testcase.statements.ConstructorStatement return type class jigl.image.ops.levelOps.Clip
statement code is: Clip clip = new Clip((float) (-32768), (float) (-32768))
statement is: apply(Ljigl/image/types/RealColorImage;)Ljigl/image/Image; type is: class org.evosuite.testcase.statements.MethodStatement return type jigl.image.Image<T>
statement code is: Image apply = clip.apply((RealColorImage) arg0)
test data is: InterpolatedRealColorImage interpolatedRealColorImage = new InterpolatedRealColorImage();
Clip clip = new Clip((float) (-32768), (float) (-32768));
clip.apply((RealColorImage) interpolatedRealColorImage);

** It was a parseable test case! 
Improved test data is: class DummyClass {
    public static void main() {
        and = $missing$;
    }
}
statement is: and = $missing$, class spoon.support.reflect.code.CtAssignmentImpl
statement is: jigl.image.ops.levelOps.Clip(FF)V type is: class org.evosuite.testcase.statements.ConstructorStatement return type class jigl.image.ops.levelOps.Clip
statement code is: Clip clip = new Clip(911.87F, 1678.7975F)
statement is: jigl.image.ROI()V type is: class org.evosuite.testcase.statements.ConstructorStatement return type class jigl.image.ROI
statement code is: ROI rOI = new ROI()
statement is: jigl.image.types.InterpolatedRealColorImage(II)V type is: class org.evosuite.testcase.statements.ConstructorStatement return type class jigl.image.types.InterpolatedRealColorImage
statement code is: InterpolatedRealColorImage interpolatedRealColorImage = new InterpolatedRealColorImage(839, 0)
statement is: apply(Ljigl/image/types/RealColorImage;Ljigl/image/ROI;)Ljigl/image/Image; type is: class org.evosuite.testcase.statements.MethodStatement return type jigl.image.Image<T>
statement code is: Image apply = clip.apply((RealColorImage) arg0, arg1)
test data is: Clip clip = new Clip(911.87F, 1678.7975F);
ROI rOI = new ROI();
InterpolatedRealColorImage interpolatedRealColorImage = new InterpolatedRealColorImage(839, 0);
clip.apply((RealColorImage) interpolatedRealColorImage, rOI);

** It was a parseable test case! 
Improved test data is: class DummyClass {
    public static void main() {
    }
}
statement is: jigl.image.ops.levelOps.Clip(II)V type is: class org.evosuite.testcase.statements.ConstructorStatement return type class jigl.image.ops.levelOps.Clip
statement code is: Clip clip = new Clip((-1), 1)
statement is: KernelType kernelType = KernelType.D_XY type is: class org.evosuite.testcase.statements.EnumPrimitiveStatement return type class jigl.image.types.KernelType
statement code is: KernelType kernelType = KernelType.D_XY
statement is: jigl.image.types.ImageKernel(Ljigl/image/types/KernelType;)V type is: class org.evosuite.testcase.statements.ConstructorStatement return type class jigl.image.types.ImageKernel
statement code is: ImageKernel imageKernel = new ImageKernel(arg0)
statement is: apply(Ljigl/image/types/RealGrayImage;)Ljigl/image/Image; type is: class org.evosuite.testcase.statements.MethodStatement return type jigl.image.Image<T>
statement code is: Image apply = clip.apply((RealGrayImage) arg0)
test data is: Clip clip = new Clip((-1), 1);
KernelType kernelType = KernelType.D_XY;
ImageKernel imageKernel = new ImageKernel(kernelType);
clip.apply((RealGrayImage) imageKernel);

** It was a parseable test case! 
Improved test data is: class DummyClass {
    public static void main() {
        Clip clip = new Clip(0, 100);
        KernelType kernelType = KernelType.D_XY;
        ImageKernel imageKernel = new ImageKernel(kernelType);
        clip.apply(((RealGrayImage) (imageKernel)));
    }
}
statement is: Clip clip = new Clip(0, 100), class spoon.support.reflect.code.CtLocalVariableImpl
class spoon.support.reflect.code.CtConstructorCallImpl
statement is: KernelType kernelType = KernelType.D_XY, class spoon.support.reflect.code.CtLocalVariableImpl
class spoon.support.reflect.code.CtFieldReadImpl
Field is: KernelType.D_XY is KernelType
statement is: ImageKernel imageKernel = new ImageKernel(kernelType), class spoon.support.reflect.code.CtLocalVariableImpl
class spoon.support.reflect.code.CtConstructorCallImpl
statement is: clip.apply(((RealGrayImage) (imageKernel))), class spoon.support.reflect.code.CtInvocationImpl
invocation is: clip.apply(((RealGrayImage) (imageKernel))) target is: clip method is: apply(RealGrayImage)
source statement: jigl.image.ops.levelOps.Clip(II)V callee: VariableReference: Statement 0, type jigl.image.ops.levelOps.Clipindex is: 2
Matched Method is: apply(Ljigl/image/types/RealGrayImage;)Ljigl/image/Image;
TestCase is: int _int = 0;
int _int = 100;
Clip clip = new Clip(_int, _int);
ImageKernel imageKernel = new ImageKernel((KernelType) _int);
((Clip) _int).apply((RealGrayImage) imageKernel);

statement is: jigl.image.ROI(IIII)V type is: class org.evosuite.testcase.statements.ConstructorStatement return type class jigl.image.ROI
statement code is: ROI rOI = new ROI(1, 2965, Integer.MIN_VALUE, 961)
statement is: jigl.image.ops.levelOps.Clip(II)V type is: class org.evosuite.testcase.statements.ConstructorStatement return type class jigl.image.ops.levelOps.Clip
statement code is: Clip clip = new Clip(0, 1)
statement is: jigl.image.types.InterpolatedColorImage()V type is: class org.evosuite.testcase.statements.ConstructorStatement return type class jigl.image.types.InterpolatedColorImage
statement code is: InterpolatedColorImage interpolatedColorImage = new InterpolatedColorImage()
statement is: apply(Ljigl/image/types/ColorImage;Ljigl/image/ROI;)Ljigl/image/Image; type is: class org.evosuite.testcase.statements.MethodStatement return type jigl.image.Image<T>
statement code is: Image apply = clip.apply((ColorImage) arg0, arg1)
test data is: ROI rOI = new ROI(1, 2965, Integer.MIN_VALUE, 961);
Clip clip = new Clip(0, 1);
InterpolatedColorImage interpolatedColorImage = new InterpolatedColorImage();
clip.apply((ColorImage) interpolatedColorImage, rOI);

** It was a parseable test case! 
Improved test data is: class DummyClass {
    public static void main() {
        ROI rOI = new ROI(1, 2965, Integer.MIN_VALUE, 961);// Region Of Interest with x=1, y=2965, width=Integer.MIN_VALUE, height=961

        Clip clip = new Clip(0, 1);// Clip with x=0, y=1

        InterpolatedColorImage interpolatedColorImage = new InterpolatedColorImage();// Instance of the InterpolatedColorImage class

        clip.apply(((ColorImage) (interpolatedColorImage)), rOI);// Apply the clip to the interpolated color image with the specified region of interest }}

    }
}
statement is: ROI rOI = new ROI(1, 2965, Integer.MIN_VALUE, 961)// Region Of Interest with x=1, y=2965, width=Integer.MIN_VALUE, height=961
, class spoon.support.reflect.code.CtLocalVariableImpl
class spoon.support.reflect.code.CtConstructorCallImpl
statement is: Clip clip = new Clip(0, 1)// Clip with x=0, y=1
, class spoon.support.reflect.code.CtLocalVariableImpl
class spoon.support.reflect.code.CtConstructorCallImpl
statement is: InterpolatedColorImage interpolatedColorImage = new InterpolatedColorImage()// Instance of the InterpolatedColorImage class
, class spoon.support.reflect.code.CtLocalVariableImpl
class spoon.support.reflect.code.CtConstructorCallImpl
statement is: clip.apply(((ColorImage) (interpolatedColorImage)), rOI)// Apply the clip to the interpolated color image with the specified region of interest }}
, class spoon.support.reflect.code.CtInvocationImpl
invocation is: clip.apply(((ColorImage) (interpolatedColorImage)), rOI)// Apply the clip to the interpolated color image with the specified region of interest }}
 target is: clip method is: apply(ColorImage,ROI)
source statement: jigl.image.ops.levelOps.Clip(II)V callee: VariableReference: Statement 1, type jigl.image.ops.levelOps.Clipindex is: 6
Matched Method is: apply(Ljigl/image/types/ColorImage;Ljigl/image/ROI;)Ljigl/image/Image;
TestCase is: int _int = 1;
int _int = 2965;
int _int = 961;
ROI rOI = new ROI(_int, _int, _int, 961);
int _int = 0;
int _int = 1;
Clip clip = new Clip(_int, _int);
InterpolatedColorImage interpolatedColorImage = new InterpolatedColorImage();
((Clip) _int).apply((ColorImage) interpolatedColorImage, rOI);

statement is: jigl.image.ops.levelOps.Clip(FF)V type is: class org.evosuite.testcase.statements.ConstructorStatement return type class jigl.image.ops.levelOps.Clip
statement code is: Clip clip = new Clip(1043.711F, 0.0F)
statement is: jigl.image.ROI()V type is: class org.evosuite.testcase.statements.ConstructorStatement return type class jigl.image.ROI
statement code is: ROI rOI = new ROI()
statement is: KernelType kernelType = KernelType.LAPLACIAN_8 type is: class org.evosuite.testcase.statements.EnumPrimitiveStatement return type class jigl.image.types.KernelType
statement code is: KernelType kernelType = KernelType.LAPLACIAN_8
statement is: jigl.image.types.ImageKernel(Ljigl/image/types/KernelType;)V type is: class org.evosuite.testcase.statements.ConstructorStatement return type class jigl.image.types.ImageKernel
statement code is: ImageKernel imageKernel = new ImageKernel(arg0)
statement is: apply(Ljigl/image/types/RealGrayImage;Ljigl/image/ROI;)Ljigl/image/Image; type is: class org.evosuite.testcase.statements.MethodStatement return type jigl.image.Image<T>
statement code is: Image apply = clip.apply((RealGrayImage) arg0, arg1)
test data is: Clip clip = new Clip(1043.711F, 0.0F);
ROI rOI = new ROI();
KernelType kernelType = KernelType.LAPLACIAN_8;
ImageKernel imageKernel = new ImageKernel(kernelType);
clip.apply((RealGrayImage) imageKernel, rOI);

** It was a parseable test case! 
Improved test data is: class DummyClass {
    public static void main() {
        Clip clip = new Clip(1043.711F, 0.0F);
        ROI rOI = new ROI();
        KernelType kernelType = KernelType.LAPLACIAN_8;
        ImageKernel imageKernel = new ImageKernel(kernelType);
        clip.apply(((RealGrayImage) (imageKernel)), rOI, new Coordinate(10, 10), new Coordinate(20, 20));
    }
}
statement is: Clip clip = new Clip(1043.711F, 0.0F), class spoon.support.reflect.code.CtLocalVariableImpl
class spoon.support.reflect.code.CtConstructorCallImpl
statement is: ROI rOI = new ROI(), class spoon.support.reflect.code.CtLocalVariableImpl
class spoon.support.reflect.code.CtConstructorCallImpl
statement is: KernelType kernelType = KernelType.LAPLACIAN_8, class spoon.support.reflect.code.CtLocalVariableImpl
class spoon.support.reflect.code.CtFieldReadImpl
Field is: KernelType.LAPLACIAN_8 is KernelType
statement is: ImageKernel imageKernel = new ImageKernel(kernelType), class spoon.support.reflect.code.CtLocalVariableImpl
class spoon.support.reflect.code.CtConstructorCallImpl
statement is: clip.apply(((RealGrayImage) (imageKernel)), rOI, new Coordinate(10, 10), new Coordinate(20, 20)), class spoon.support.reflect.code.CtInvocationImpl
invocation is: clip.apply(((RealGrayImage) (imageKernel)), rOI, new Coordinate(10, 10), new Coordinate(20, 20)) target is: clip method is: apply(RealGrayImage,ROI,Coordinate,Coordinate)
TestCase is: float _float = 1043.711F;
float _float = 0.0F;
Clip clip = new Clip(_float, _float);
ROI rOI = new ROI();
ImageKernel imageKernel = new ImageKernel((KernelType) clip);

statement is: org.evosuite.testcase.statements.ArrayStatement@553e0f96 type is: class org.evosuite.testcase.statements.ArrayStatement return type class [Ljava.lang.String;
statement code is: String[] stringArray = new String[8]
statement is: main([Ljava/lang/String;)V type is: class org.evosuite.testcase.statements.MethodStatement return type void
statement code is: Clip.main(arg0)
test data is: String[] stringArray = new String[8];
Clip.main(stringArray);

** It was a parseable test case! 
Improved test data is: class DummyClass {
    public static void main() {
        String[] stringArray = new String[8];
        stringArray[0] = "This is a test";
        stringArray[1] = "This is another test";
        stringArray[2] = "And another one";
        stringArray[3] = "And a fourth test";
        stringArray[4] = "A fifth test";
        stringArray[5] = "Sixth test";
        stringArray[6] = "Seventh test";
        stringArray[7] = "Eighth test";
        Clip.main(stringArray);
    }
}
statement is: String[] stringArray = new String[8], class spoon.support.reflect.code.CtLocalVariableImpl
class spoon.support.reflect.code.CtNewArrayImpl
Dimension: [8] Ct is: String[] stringArray = new String[8] isAssignment: false Array: new String[8] Elements: []
lengths: [8] [8]
Their type are: class [Ljava.lang.String; String[]
statement is: stringArray[0] = "This is a test", class spoon.support.reflect.code.CtAssignmentImpl
Assigned : stringArray[0] Assigned Type class spoon.support.reflect.code.CtArrayWriteImpl String Assignment:"This is a test" Ct is: stringArray[0] = "This is a test"
target : stringArray class spoon.support.reflect.code.CtLiteralImpl
statement is: stringArray[1] = "This is another test", class spoon.support.reflect.code.CtAssignmentImpl
Assigned : stringArray[1] Assigned Type class spoon.support.reflect.code.CtArrayWriteImpl String Assignment:"This is another test" Ct is: stringArray[1] = "This is another test"
target : stringArray class spoon.support.reflect.code.CtLiteralImpl
statement is: stringArray[2] = "And another one", class spoon.support.reflect.code.CtAssignmentImpl
Assigned : stringArray[2] Assigned Type class spoon.support.reflect.code.CtArrayWriteImpl String Assignment:"And another one" Ct is: stringArray[2] = "And another one"
target : stringArray class spoon.support.reflect.code.CtLiteralImpl
statement is: stringArray[3] = "And a fourth test", class spoon.support.reflect.code.CtAssignmentImpl
Assigned : stringArray[3] Assigned Type class spoon.support.reflect.code.CtArrayWriteImpl String Assignment:"And a fourth test" Ct is: stringArray[3] = "And a fourth test"
target : stringArray class spoon.support.reflect.code.CtLiteralImpl
statement is: stringArray[4] = "A fifth test", class spoon.support.reflect.code.CtAssignmentImpl
Assigned : stringArray[4] Assigned Type class spoon.support.reflect.code.CtArrayWriteImpl String Assignment:"A fifth test" Ct is: stringArray[4] = "A fifth test"
target : stringArray class spoon.support.reflect.code.CtLiteralImpl
statement is: stringArray[5] = "Sixth test", class spoon.support.reflect.code.CtAssignmentImpl
Assigned : stringArray[5] Assigned Type class spoon.support.reflect.code.CtArrayWriteImpl String Assignment:"Sixth test" Ct is: stringArray[5] = "Sixth test"
target : stringArray class spoon.support.reflect.code.CtLiteralImpl
statement is: stringArray[6] = "Seventh test", class spoon.support.reflect.code.CtAssignmentImpl
Assigned : stringArray[6] Assigned Type class spoon.support.reflect.code.CtArrayWriteImpl String Assignment:"Seventh test" Ct is: stringArray[6] = "Seventh test"
target : stringArray class spoon.support.reflect.code.CtLiteralImpl
statement is: stringArray[7] = "Eighth test", class spoon.support.reflect.code.CtAssignmentImpl
Assigned : stringArray[7] Assigned Type class spoon.support.reflect.code.CtArrayWriteImpl String Assignment:"Eighth test" Ct is: stringArray[7] = "Eighth test"
target : stringArray class spoon.support.reflect.code.CtLiteralImpl
statement is: Clip.main(stringArray), class spoon.support.reflect.code.CtInvocationImpl
invocation is: Clip.main(stringArray) target is: Clip method is: main(java.lang.String[])
Matched Method is: main([Ljava/lang/String;)V
TestCase is: String[] stringArray = new String[8];
Clip.main(stringArray);

statement is: jigl.image.ops.levelOps.Clip(FF)V type is: class org.evosuite.testcase.statements.ConstructorStatement return type class jigl.image.ops.levelOps.Clip
statement code is: Clip clip = new Clip((-32768.0F), (-32768.0F))
statement is: jigl.image.ROI(IIII)V type is: class org.evosuite.testcase.statements.ConstructorStatement return type class jigl.image.ROI
statement code is: ROI rOI = new ROI((-268), (-3024), (-3024), (-3024))
statement is: apply(Ljigl/image/types/GrayImage;Ljigl/image/ROI;)Ljigl/image/Image; type is: class org.evosuite.testcase.statements.MethodStatement return type jigl.image.Image<T>
statement code is: Image apply = clip.apply((GrayImage) null, arg1)
test data is: Clip clip = new Clip((-32768.0F), (-32768.0F));
ROI rOI = new ROI((-268), (-3024), (-3024), (-3024));
clip.apply((GrayImage) null, rOI);

** It was a parseable test case! 
Improved test data is: class DummyClass {
    public static void main() {
        Clip clip = new Clip(Float.MIN_VALUE, Float.MIN_VALUE);
        ROI rOI = new ROI(Integer.MIN_VALUE, Integer.MIN_VALUE, Integer.MIN_VALUE, Integer.MIN_VALUE);
        clip.apply(((GrayImage) (null)), rOI);
    }
}
statement is: Clip clip = new Clip(Float.MIN_VALUE, Float.MIN_VALUE), class spoon.support.reflect.code.CtLocalVariableImpl
class spoon.support.reflect.code.CtConstructorCallImpl
statement is: ROI rOI = new ROI(Integer.MIN_VALUE, Integer.MIN_VALUE, Integer.MIN_VALUE, Integer.MIN_VALUE), class spoon.support.reflect.code.CtLocalVariableImpl
class spoon.support.reflect.code.CtConstructorCallImpl
statement is: clip.apply(((GrayImage) (null)), rOI), class spoon.support.reflect.code.CtInvocationImpl
invocation is: clip.apply(((GrayImage) (null)), rOI) target is: clip method is: apply(GrayImage,ROI)
source statement: jigl.image.ops.levelOps.Clip(FF)V callee: VariableReference: Statement 0, type jigl.image.ops.levelOps.Clipindex is: 0
Matched Method is: apply(Ljigl/image/types/GrayImage;Ljigl/image/ROI;)Ljigl/image/Image;
i 1 Parameters size() 1 Num of Method Parameters: 2
TestCase is: Clip clip = new Clip((-32768.0F), (-32768.0F));
ROI rOI = new ROI((-268), (-3024), (-3024), (-3024));
ROI rOI = null;
clip.apply((GrayImage) rOI, rOI);

* test suite isTestSuite: 15
Test 0: 
Clip clip = new Clip((-16), (-16));
// Undeclared exception!
try { 
  clip.apply((GrayImage) null);
  fail("Expecting exception: NullPointerException");

} catch(NullPointerException e) {
   //
   // no message in exception (getMessage() returned null)
   //
   verifyException("jigl.image.ops.levelOps.Clip", e);
}

Test 1: 
ColorImage colorImage = new ColorImage();
Clip clip = new Clip(297, 297);
// Undeclared exception!
try { 
  clip.apply(colorImage);
  fail("Expecting exception: NullPointerException");

} catch(NullPointerException e) {
   //
   // no message in exception (getMessage() returned null)
   //
   verifyException("jigl.image.ops.levelOps.Clip", e);
}

Test 2: 
InterpolatedRealColorImage interpolatedRealColorImage = new InterpolatedRealColorImage();
Clip clip = new Clip((float) (-32768), (float) (-32768));
// Undeclared exception!
try { 
  clip.apply((RealColorImage) interpolatedRealColorImage);
  fail("Expecting exception: NullPointerException");

} catch(NullPointerException e) {
   //
   // no message in exception (getMessage() returned null)
   //
   verifyException("jigl.image.ops.levelOps.Clip", e);
}

Test 3: 
Clip clip = new Clip(911.87F, 1678.7975F);
ROI rOI = new ROI();
InterpolatedRealColorImage interpolatedRealColorImage = new InterpolatedRealColorImage(839, 0);
// Undeclared exception!
try { 
  clip.apply((RealColorImage) interpolatedRealColorImage, rOI);
  fail("Expecting exception: ArrayIndexOutOfBoundsException");

} catch(ArrayIndexOutOfBoundsException e) {
   //
   // 0
   //
   verifyException("jigl.image.types.RealGrayImage", e);
}

Test 4: 
Clip clip = new Clip((-1), 1);
KernelType kernelType = KernelType.D_XY;
ImageKernel imageKernel = new ImageKernel(kernelType);
clip.apply((RealGrayImage) imageKernel);
Test 5: 
ROI rOI = new ROI(1, 2965, Integer.MIN_VALUE, 961);
Clip clip = new Clip(0, 1);
InterpolatedColorImage interpolatedColorImage = new InterpolatedColorImage();
// Undeclared exception!
try { 
  clip.apply((ColorImage) interpolatedColorImage, rOI);
  fail("Expecting exception: NullPointerException");

} catch(NullPointerException e) {
   //
   // no message in exception (getMessage() returned null)
   //
   verifyException("jigl.image.ops.levelOps.Clip", e);
}

Test 6: 
Clip clip = new Clip(1043.711F, 0.0F);
ROI rOI = new ROI();
KernelType kernelType = KernelType.LAPLACIAN_8;
ImageKernel imageKernel = new ImageKernel(kernelType);
clip.apply((RealGrayImage) imageKernel, rOI);
Test 7: 
String[] stringArray = new String[8];
Clip.main(stringArray);
Test 8: 
Clip clip = new Clip((-32768.0F), (-32768.0F));
ROI rOI = new ROI((-268), (-3024), (-3024), (-3024));
// Undeclared exception!
try { 
  clip.apply((GrayImage) null, rOI);
  fail("Expecting exception: NullPointerException");

} catch(NullPointerException e) {
   //
   // no message in exception (getMessage() returned null)
   //
   verifyException("jigl.image.ops.levelOps.Clip", e);
}

Test 9: 
Clip clip = new Clip(500, 500);
((Clip)500).apply((ColorImage) null);

Test 10: 
int _int = 0;
Clip clip = new Clip(0, 100);
ImageKernel imageKernel = new ImageKernel((KernelType) 100);
((Clip) _int).apply((RealGrayImage) imageKernel);

Test 11: 
ROI rOI = new ROI(1, 2965, 961, 961);
Clip clip = new Clip(0, 1);
InterpolatedColorImage interpolatedColorImage = new InterpolatedColorImage();
((Clip)2965).apply((ColorImage) interpolatedColorImage, rOI);

Test 12: 
Clip clip = new Clip(1043.711F, 0.0F);
ROI rOI = new ROI();
ImageKernel imageKernel = new ImageKernel((KernelType) clip);

Test 13: 
String[] stringArray = new String[8];
Clip.main(stringArray);

Test 14: 
Clip clip = new Clip((-32768.0F), (-32768.0F));
ROI rOI = new ROI((-268), (-3024), (-3024), (-3024));
clip.apply((GrayImage) rOI, (ROI) null);


* Generated after the refinement and before minimization 15 tests with total length 48
* test suite isTestSuite: 15
Test 0: 
Clip clip = new Clip((-16), (-16));
// Undeclared exception!
try { 
  clip.apply((GrayImage) null);
  fail("Expecting exception: NullPointerException");

} catch(NullPointerException e) {
   //
   // no message in exception (getMessage() returned null)
   //
   verifyException("jigl.image.ops.levelOps.Clip", e);
}

Test 1: 
ColorImage colorImage = new ColorImage();
Clip clip = new Clip(297, 297);
// Undeclared exception!
try { 
  clip.apply(colorImage);
  fail("Expecting exception: NullPointerException");

} catch(NullPointerException e) {
   //
   // no message in exception (getMessage() returned null)
   //
   verifyException("jigl.image.ops.levelOps.Clip", e);
}

Test 2: 
InterpolatedRealColorImage interpolatedRealColorImage = new InterpolatedRealColorImage();
Clip clip = new Clip((float) (-32768), (float) (-32768));
// Undeclared exception!
try { 
  clip.apply((RealColorImage) interpolatedRealColorImage);
  fail("Expecting exception: NullPointerException");

} catch(NullPointerException e) {
   //
   // no message in exception (getMessage() returned null)
   //
   verifyException("jigl.image.ops.levelOps.Clip", e);
}

Test 3: 
Clip clip = new Clip(911.87F, 1678.7975F);
ROI rOI = new ROI();
InterpolatedRealColorImage interpolatedRealColorImage = new InterpolatedRealColorImage(839, 0);
// Undeclared exception!
try { 
  clip.apply((RealColorImage) interpolatedRealColorImage, rOI);
  fail("Expecting exception: ArrayIndexOutOfBoundsException");

} catch(ArrayIndexOutOfBoundsException e) {
   //
   // 0
   //
   verifyException("jigl.image.types.RealGrayImage", e);
}

Test 4: 
Clip clip = new Clip((-1), 1);
KernelType kernelType = KernelType.D_XY;
ImageKernel imageKernel = new ImageKernel(kernelType);
clip.apply((RealGrayImage) imageKernel);
Test 5: 
ROI rOI = new ROI(1, 2965, Integer.MIN_VALUE, 961);
Clip clip = new Clip(0, 1);
InterpolatedColorImage interpolatedColorImage = new InterpolatedColorImage();
// Undeclared exception!
try { 
  clip.apply((ColorImage) interpolatedColorImage, rOI);
  fail("Expecting exception: NullPointerException");

} catch(NullPointerException e) {
   //
   // no message in exception (getMessage() returned null)
   //
   verifyException("jigl.image.ops.levelOps.Clip", e);
}

Test 6: 
Clip clip = new Clip(1043.711F, 0.0F);
ROI rOI = new ROI();
KernelType kernelType = KernelType.LAPLACIAN_8;
ImageKernel imageKernel = new ImageKernel(kernelType);
clip.apply((RealGrayImage) imageKernel, rOI);
Test 7: 
String[] stringArray = new String[8];
Clip.main(stringArray);
Test 8: 
Clip clip = new Clip((-32768.0F), (-32768.0F));
ROI rOI = new ROI((-268), (-3024), (-3024), (-3024));
// Undeclared exception!
try { 
  clip.apply((GrayImage) null, rOI);
  fail("Expecting exception: NullPointerException");

} catch(NullPointerException e) {
   //
   // no message in exception (getMessage() returned null)
   //
   verifyException("jigl.image.ops.levelOps.Clip", e);
}

Test 9: 
Clip clip = new Clip(500, 500);
((Clip)500).apply((ColorImage) null);

Test 10: 
int _int = 0;
Clip clip = new Clip(0, 100);
ImageKernel imageKernel = new ImageKernel((KernelType) 100);
((Clip) _int).apply((RealGrayImage) imageKernel);

Test 11: 
ROI rOI = new ROI(1, 2965, 961, 961);
Clip clip = new Clip(0, 1);
InterpolatedColorImage interpolatedColorImage = new InterpolatedColorImage();
((Clip)2965).apply((ColorImage) interpolatedColorImage, rOI);

Test 12: 
Clip clip = new Clip(1043.711F, 0.0F);
ROI rOI = new ROI();
ImageKernel imageKernel = new ImageKernel((KernelType) clip);

Test 13: 
String[] stringArray = new String[8];
Clip.main(stringArray);

Test 14: 
Clip clip = new Clip((-32768.0F), (-32768.0F));
ROI rOI = new ROI((-268), (-3024), (-3024), (-3024));
clip.apply((GrayImage) rOI, (ROI) null);


* Minimizing test suite
* test suite isTestSuite: 9
Test 0: 
Clip clip = new Clip((-16), (-16));
// Undeclared exception!
try { 
  clip.apply((GrayImage) null);
  fail("Expecting exception: NullPointerException");

} catch(NullPointerException e) {
   //
   // no message in exception (getMessage() returned null)
   //
   verifyException("jigl.image.ops.levelOps.Clip", e);
}

Test 1: 
Clip clip = new Clip((-32768.0F), (-32768.0F));
ROI rOI = new ROI((-268), (-3024), (-3024), (-3024));
// Undeclared exception!
try { 
  clip.apply((GrayImage) null, rOI);
  fail("Expecting exception: NullPointerException");

} catch(NullPointerException e) {
   //
   // no message in exception (getMessage() returned null)
   //
   verifyException("jigl.image.ops.levelOps.Clip", e);
}

Test 2: 
ROI rOI = new ROI(1, 2965, Integer.MIN_VALUE, 961);
Clip clip = new Clip(0, 1);
InterpolatedColorImage interpolatedColorImage = new InterpolatedColorImage();
// Undeclared exception!
try { 
  clip.apply((ColorImage) interpolatedColorImage, rOI);
  fail("Expecting exception: NullPointerException");

} catch(NullPointerException e) {
   //
   // no message in exception (getMessage() returned null)
   //
   verifyException("jigl.image.ops.levelOps.Clip", e);
}

Test 3: 
ColorImage colorImage = new ColorImage();
Clip clip = new Clip(297, 297);
// Undeclared exception!
try { 
  clip.apply(colorImage);
  fail("Expecting exception: NullPointerException");

} catch(NullPointerException e) {
   //
   // no message in exception (getMessage() returned null)
   //
   verifyException("jigl.image.ops.levelOps.Clip", e);
}

Test 4: 
InterpolatedRealColorImage interpolatedRealColorImage = new InterpolatedRealColorImage();
Clip clip = new Clip((float) (-32768), (float) (-32768));
// Undeclared exception!
try { 
  clip.apply((RealColorImage) interpolatedRealColorImage);
  fail("Expecting exception: NullPointerException");

} catch(NullPointerException e) {
   //
   // no message in exception (getMessage() returned null)
   //
   verifyException("jigl.image.ops.levelOps.Clip", e);
}

Test 5: 
String[] stringArray = new String[8];
Clip.main(stringArray);
Test 6: 
Clip clip = new Clip(911.87F, 1678.7975F);
ROI rOI = new ROI();
InterpolatedRealColorImage interpolatedRealColorImage = new InterpolatedRealColorImage(839, 0);
// Undeclared exception!
try { 
  clip.apply((RealColorImage) interpolatedRealColorImage, rOI);
  fail("Expecting exception: ArrayIndexOutOfBoundsException");

} catch(ArrayIndexOutOfBoundsException e) {
   //
   // 0
   //
   verifyException("jigl.image.types.RealGrayImage", e);
}

Test 7: 
Clip clip = new Clip((-1), 1);
KernelType kernelType = KernelType.D_XY;
ImageKernel imageKernel = new ImageKernel(kernelType);
clip.apply((RealGrayImage) imageKernel);
Test 8: 
Clip clip = new Clip(1043.711F, 0.0F);
ROI rOI = new ROI();
KernelType kernelType = KernelType.LAPLACIAN_8;
ImageKernel imageKernel = new ImageKernel(kernelType);
clip.apply((RealGrayImage) imageKernel, rOI);

* Going to analyze the coverage criteria
* Coverage analysis for criterion BRANCH
* Coverage of criterion BRANCH: 79%
* Total number of goals: 33
* Number of covered goals: 26
* Coverage analysis for criterion LINE
* Coverage of criterion LINE: 58%
* Total number of goals: 67
* Number of covered goals: 39
* Coverage analysis for criterion OUTPUT
* Coverage of criterion OUTPUT: 7%
* Total number of goals: 56
* Number of covered goals: 4
* Coverage analysis for criterion METHOD
* Coverage of criterion METHOD: 100%
* Total number of goals: 11
* Number of covered goals: 11
* Coverage analysis for criterion CBRANCH
* Coverage of criterion CBRANCH: 79%
* Total number of goals: 33
* Number of covered goals: 26
* Generated 9 tests with total length 30
* Resulting test suite's coverage: 65% (average coverage for all fitness functions)
* Generating assertions
* Resulting test suite's mutation score: 18%
* Compiling and checking tests
Going to execute: removeTestsThatDoNotCompile
* Compiling Tests
** Write a test suite: 0 called: 0 to improve: false
* Compiling Tests
** Write a test suite: 0 called: 0 to improve: true
** Improve Understandability: ** Test Code is: Clip clip = new Clip((-16), (-16));
// Undeclared exception!
try { 
  clip.apply((GrayImage) null);
  fail("Expecting exception: NullPointerException");

} catch(NullPointerException e) {
   //
   // no message in exception (getMessage() returned null)
   //
   verifyException("jigl.image.ops.levelOps.Clip", e);
}


** It was a parseable test case! 
refined test name is: testApplyMethodWithNegativeDimensions
* Compiling Tests
** Write a test suite: 0 called: 0 to improve: false
* Compiling Tests
** Write a test suite: 0 called: 0 to improve: true
** Improve Understandability: ** Test Code is: Clip clip = new Clip((-32768.0F), (-32768.0F));
ROI arg1 = new ROI((-268), (-3024), (-3024), (-3024));
// Undeclared exception!
try { 
  clip.apply((GrayImage) null, arg1);
  fail("Expecting exception: NullPointerException");

} catch(NullPointerException e) {
   //
   // no message in exception (getMessage() returned null)
   //
   verifyException("jigl.image.ops.levelOps.Clip", e);
}


** It was a parseable test case! 
refined test name is: testApplywithNullImagethrowsNullPointerException
* Compiling Tests
** Write a test suite: 0 called: 0 to improve: false
* Compiling Tests
** Write a test suite: 0 called: 0 to improve: true
** Improve Understandability: ** Test Code is: ROI arg1 = new ROI(1, 2965, Integer.MIN_VALUE, 961);
Clip clip = new Clip(0, 1);
InterpolatedColorImage arg0 = new InterpolatedColorImage();
// Undeclared exception!
try { 
  clip.apply((ColorImage) arg0, arg1);
  fail("Expecting exception: NullPointerException");

} catch(NullPointerException e) {
   //
   // no message in exception (getMessage() returned null)
   //
   verifyException("jigl.image.ops.levelOps.Clip", e);
}


** It was a parseable test case! 
refined test name is: testApplyThrowsNullPointerExceptionWhenImageIsNull
* Compiling Tests
** Write a test suite: 0 called: 0 to improve: false
* Compiling Tests
** Write a test suite: 0 called: 0 to improve: true
** Improve Understandability: ** Test Code is: ColorImage arg0 = new ColorImage();
Clip clip = new Clip(297, 297);
// Undeclared exception!
try { 
  clip.apply(arg0);
  fail("Expecting exception: NullPointerException");

} catch(NullPointerException e) {
   //
   // no message in exception (getMessage() returned null)
   //
   verifyException("jigl.image.ops.levelOps.Clip", e);
}


** It was a parseable test case! 
refined test name is: testApplyThrowsNPEWhenImageIsNull
* Compiling Tests
** Write a test suite: 0 called: 0 to improve: false
* Compiling Tests
** Write a test suite: 0 called: 0 to improve: true
** Improve Understandability: ** Test Code is: InterpolatedRealColorImage arg0 = new InterpolatedRealColorImage();
Clip clip = new Clip((float) (-32768), (float) (-32768));
// Undeclared exception!
try { 
  clip.apply((RealColorImage) arg0);
  fail("Expecting exception: NullPointerException");

} catch(NullPointerException e) {
   //
   // no message in exception (getMessage() returned null)
   //
   verifyException("jigl.image.ops.levelOps.Clip", e);
}


** It was a parseable test case! 
refined test name is: testApplyThrowsNullPointerExceptionWhenImageIsNull
* Compiling Tests
** Write a test suite: 0 called: 0 to improve: false
* Compiling Tests
** Write a test suite: 0 called: 0 to improve: true
** Improve Understandability: ** Test Code is: String[] arg0 = new String[8];
Clip.main(arg0);
assertEquals(8, arg0.length);


** It was a parseable test case! 
refined test name is: testMainMethodWithEightArguments
* Compiling Tests
** Write a test suite: 0 called: 0 to improve: false
* Compiling Tests
** Write a test suite: 0 called: 0 to improve: true
** Improve Understandability: ** Test Code is: Clip clip = new Clip(911.87F, 1678.7975F);
ROI arg1 = new ROI();
InterpolatedRealColorImage arg0 = new InterpolatedRealColorImage(839, 0);
// Undeclared exception!
try { 
  clip.apply((RealColorImage) arg0, arg1);
  fail("Expecting exception: ArrayIndexOutOfBoundsException");

} catch(ArrayIndexOutOfBoundsException e) {
   //
   // 0
   //
   verifyException("jigl.image.types.RealGrayImage", e);
}


** It was a parseable test case! 
refined test name is: testApplyClipWithInvalidROI
* Compiling Tests
** Write a test suite: 0 called: 0 to improve: false
* Compiling Tests
** Write a test suite: 0 called: 0 to improve: false
Going to execute: handleTestsThatAreUnstable
* Compiling Tests
[MASTER] 09:57:32.897 [logback-1] WARN  AgentLoader - Failed to find EvoSuite jar in current classloader. URLs of classloader:
file:/home/ubuntu/.sdkman/candidates/java/8.0.333.fx-librca/jre/lib/ext/localedata.jar
file:/home/ubuntu/.sdkman/candidates/java/8.0.333.fx-librca/jre/lib/ext/sunjce_provider.jar
file:/tmp/EvoSuite_pathingJar5645624311681323705.jar
file:/home/ubuntu/.sdkman/candidates/java/8.0.333.fx-librca/jre/../lib/tools.jar
file:/home/ubuntu/.sdkman/candidates/java/8.0.333.fx-librca/jre/lib/ext/sunpkcs11.jar
file:/home/ubuntu/.sdkman/candidates/java/8.0.333.fx-librca/jre/lib/ext/jaccess.jar
file:/home/ubuntu/.sdkman/candidates/java/8.0.333.fx-librca/jre/lib/ext/sunec.jar
file:/home/ubuntu/.sdkman/candidates/java/8.0.333.fx-librca/jre/lib/ext/zipfs.jar
file:/home/ubuntu/.sdkman/candidates/java/8.0.333.fx-librca/jre/lib/ext/jfxrt.jar
file:/home/ubuntu/.sdkman/candidates/java/8.0.333.fx-librca/jre/lib/ext/dnsns.jar
file:/home/ubuntu/.sdkman/candidates/java/8.0.333.fx-librca/jre/lib/ext/cldrdata.jar
file:/home/ubuntu/.sdkman/candidates/java/8.0.333.fx-librca/jre/lib/ext/nashorn.jar
[MASTER] 09:57:32.980 [logback-1] WARN  JUnitAnalyzer - Found unstable test named initializationError -> class java.lang.RuntimeException: Cannot find either the compilation target folder nor the EvoSuite jar in classpath: /tmp/EvoSuite_pathingJar5645624311681323705.jar
Going to execute: handleTestsThatAreUnstable
* Compiling Tests
[MASTER] 09:57:33.893 [logback-1] WARN  AgentLoader - Failed to find EvoSuite jar in current classloader. URLs of classloader:
file:/home/ubuntu/.sdkman/candidates/java/8.0.333.fx-librca/jre/lib/ext/localedata.jar
file:/home/ubuntu/.sdkman/candidates/java/8.0.333.fx-librca/jre/lib/ext/sunjce_provider.jar
file:/tmp/EvoSuite_pathingJar5645624311681323705.jar
file:/home/ubuntu/.sdkman/candidates/java/8.0.333.fx-librca/jre/../lib/tools.jar
file:/home/ubuntu/.sdkman/candidates/java/8.0.333.fx-librca/jre/lib/ext/sunpkcs11.jar
file:/home/ubuntu/.sdkman/candidates/java/8.0.333.fx-librca/jre/lib/ext/jaccess.jar
file:/home/ubuntu/.sdkman/candidates/java/8.0.333.fx-librca/jre/lib/ext/sunec.jar
file:/home/ubuntu/.sdkman/candidates/java/8.0.333.fx-librca/jre/lib/ext/zipfs.jar
file:/home/ubuntu/.sdkman/candidates/java/8.0.333.fx-librca/jre/lib/ext/jfxrt.jar
file:/home/ubuntu/.sdkman/candidates/java/8.0.333.fx-librca/jre/lib/ext/dnsns.jar
file:/home/ubuntu/.sdkman/candidates/java/8.0.333.fx-librca/jre/lib/ext/cldrdata.jar
file:/home/ubuntu/.sdkman/candidates/java/8.0.333.fx-librca/jre/lib/ext/nashorn.jar
[MASTER] 09:57:33.898 [logback-1] WARN  JUnitAnalyzer - Found unstable test named initializationError -> class java.lang.RuntimeException: Cannot find either the compilation target folder nor the EvoSuite jar in classpath: /tmp/EvoSuite_pathingJar5645624311681323705.jar
Going to execute: handleTestsThatAreUnstable
* Compiling Tests
[MASTER] 09:57:34.396 [logback-1] WARN  AgentLoader - Failed to find EvoSuite jar in current classloader. URLs of classloader:
file:/home/ubuntu/.sdkman/candidates/java/8.0.333.fx-librca/jre/lib/ext/localedata.jar
file:/home/ubuntu/.sdkman/candidates/java/8.0.333.fx-librca/jre/lib/ext/sunjce_provider.jar
file:/tmp/EvoSuite_pathingJar5645624311681323705.jar
file:/home/ubuntu/.sdkman/candidates/java/8.0.333.fx-librca/jre/../lib/tools.jar
file:/home/ubuntu/.sdkman/candidates/java/8.0.333.fx-librca/jre/lib/ext/sunpkcs11.jar
file:/home/ubuntu/.sdkman/candidates/java/8.0.333.fx-librca/jre/lib/ext/jaccess.jar
file:/home/ubuntu/.sdkman/candidates/java/8.0.333.fx-librca/jre/lib/ext/sunec.jar
file:/home/ubuntu/.sdkman/candidates/java/8.0.333.fx-librca/jre/lib/ext/zipfs.jar
file:/home/ubuntu/.sdkman/candidates/java/8.0.333.fx-librca/jre/lib/ext/jfxrt.jar
file:/home/ubuntu/.sdkman/candidates/java/8.0.333.fx-librca/jre/lib/ext/dnsns.jar
file:/home/ubuntu/.sdkman/candidates/java/8.0.333.fx-librca/jre/lib/ext/cldrdata.jar
file:/home/ubuntu/.sdkman/candidates/java/8.0.333.fx-librca/jre/lib/ext/nashorn.jar
[MASTER] 09:57:34.409 [logback-1] WARN  JUnitAnalyzer - Found unstable test named initializationError -> class java.lang.RuntimeException: Cannot find either the compilation target folder nor the EvoSuite jar in classpath: /tmp/EvoSuite_pathingJar5645624311681323705.jar
Going to execute: handleTestsThatAreUnstable
* Compiling Tests
[MASTER] 09:57:34.827 [logback-1] WARN  AgentLoader - Failed to find EvoSuite jar in current classloader. URLs of classloader:
file:/home/ubuntu/.sdkman/candidates/java/8.0.333.fx-librca/jre/lib/ext/localedata.jar
file:/home/ubuntu/.sdkman/candidates/java/8.0.333.fx-librca/jre/lib/ext/sunjce_provider.jar
file:/tmp/EvoSuite_pathingJar5645624311681323705.jar
file:/home/ubuntu/.sdkman/candidates/java/8.0.333.fx-librca/jre/../lib/tools.jar
file:/home/ubuntu/.sdkman/candidates/java/8.0.333.fx-librca/jre/lib/ext/sunpkcs11.jar
file:/home/ubuntu/.sdkman/candidates/java/8.0.333.fx-librca/jre/lib/ext/jaccess.jar
file:/home/ubuntu/.sdkman/candidates/java/8.0.333.fx-librca/jre/lib/ext/sunec.jar
file:/home/ubuntu/.sdkman/candidates/java/8.0.333.fx-librca/jre/lib/ext/zipfs.jar
file:/home/ubuntu/.sdkman/candidates/java/8.0.333.fx-librca/jre/lib/ext/jfxrt.jar
file:/home/ubuntu/.sdkman/candidates/java/8.0.333.fx-librca/jre/lib/ext/dnsns.jar
file:/home/ubuntu/.sdkman/candidates/java/8.0.333.fx-librca/jre/lib/ext/cldrdata.jar
file:/home/ubuntu/.sdkman/candidates/java/8.0.333.fx-librca/jre/lib/ext/nashorn.jar
[MASTER] 09:57:34.849 [logback-1] WARN  JUnitAnalyzer - Found unstable test named initializationError -> class java.lang.RuntimeException: Cannot find either the compilation target folder nor the EvoSuite jar in classpath: /tmp/EvoSuite_pathingJar5645624311681323705.jar
Going to execute: handleTestsThatAreUnstable
* Compiling Tests
[MASTER] 09:57:35.311 [logback-1] WARN  AgentLoader - Failed to find EvoSuite jar in current classloader. URLs of classloader:
file:/home/ubuntu/.sdkman/candidates/java/8.0.333.fx-librca/jre/lib/ext/localedata.jar
file:/home/ubuntu/.sdkman/candidates/java/8.0.333.fx-librca/jre/lib/ext/sunjce_provider.jar
file:/tmp/EvoSuite_pathingJar5645624311681323705.jar
file:/home/ubuntu/.sdkman/candidates/java/8.0.333.fx-librca/jre/../lib/tools.jar
file:/home/ubuntu/.sdkman/candidates/java/8.0.333.fx-librca/jre/lib/ext/sunpkcs11.jar
file:/home/ubuntu/.sdkman/candidates/java/8.0.333.fx-librca/jre/lib/ext/jaccess.jar
file:/home/ubuntu/.sdkman/candidates/java/8.0.333.fx-librca/jre/lib/ext/sunec.jar
file:/home/ubuntu/.sdkman/candidates/java/8.0.333.fx-librca/jre/lib/ext/zipfs.jar
file:/home/ubuntu/.sdkman/candidates/java/8.0.333.fx-librca/jre/lib/ext/jfxrt.jar
file:/home/ubuntu/.sdkman/candidates/java/8.0.333.fx-librca/jre/lib/ext/dnsns.jar
file:/home/ubuntu/.sdkman/candidates/java/8.0.333.fx-librca/jre/lib/ext/cldrdata.jar
file:/home/ubuntu/.sdkman/candidates/java/8.0.333.fx-librca/jre/lib/ext/nashorn.jar
[MASTER] 09:57:35.329 [logback-1] WARN  JUnitAnalyzer - Found unstable test named initializationError -> class java.lang.RuntimeException: Cannot find either the compilation target folder nor the EvoSuite jar in classpath: /tmp/EvoSuite_pathingJar5645624311681323705.jar
Going to execute: handleTestsThatAreUnstable
* Compiling Tests
[MASTER] 09:57:35.852 [logback-1] WARN  AgentLoader - Failed to find EvoSuite jar in current classloader. URLs of classloader:
file:/home/ubuntu/.sdkman/candidates/java/8.0.333.fx-librca/jre/lib/ext/localedata.jar
file:/home/ubuntu/.sdkman/candidates/java/8.0.333.fx-librca/jre/lib/ext/sunjce_provider.jar
file:/tmp/EvoSuite_pathingJar5645624311681323705.jar
file:/home/ubuntu/.sdkman/candidates/java/8.0.333.fx-librca/jre/../lib/tools.jar
file:/home/ubuntu/.sdkman/candidates/java/8.0.333.fx-librca/jre/lib/ext/sunpkcs11.jar
file:/home/ubuntu/.sdkman/candidates/java/8.0.333.fx-librca/jre/lib/ext/jaccess.jar
file:/home/ubuntu/.sdkman/candidates/java/8.0.333.fx-librca/jre/lib/ext/sunec.jar
file:/home/ubuntu/.sdkman/candidates/java/8.0.333.fx-librca/jre/lib/ext/zipfs.jar
file:/home/ubuntu/.sdkman/candidates/java/8.0.333.fx-librca/jre/lib/ext/jfxrt.jar
file:/home/ubuntu/.sdkman/candidates/java/8.0.333.fx-librca/jre/lib/ext/dnsns.jar
file:/home/ubuntu/.sdkman/candidates/java/8.0.333.fx-librca/jre/lib/ext/cldrdata.jar
file:/home/ubuntu/.sdkman/candidates/java/8.0.333.fx-librca/jre/lib/ext/nashorn.jar
[MASTER] 09:57:35.862 [logback-1] WARN  JUnitAnalyzer - Found unstable test named initializationError -> class java.lang.RuntimeException: Cannot find either the compilation target folder nor the EvoSuite jar in classpath: /tmp/EvoSuite_pathingJar5645624311681323705.jar
Going to execute: handleTestsThatAreUnstable
* Compiling Tests
[MASTER] 09:57:36.454 [logback-1] WARN  AgentLoader - Failed to find EvoSuite jar in current classloader. URLs of classloader:
file:/home/ubuntu/.sdkman/candidates/java/8.0.333.fx-librca/jre/lib/ext/localedata.jar
file:/home/ubuntu/.sdkman/candidates/java/8.0.333.fx-librca/jre/lib/ext/sunjce_provider.jar
file:/tmp/EvoSuite_pathingJar5645624311681323705.jar
file:/home/ubuntu/.sdkman/candidates/java/8.0.333.fx-librca/jre/../lib/tools.jar
file:/home/ubuntu/.sdkman/candidates/java/8.0.333.fx-librca/jre/lib/ext/sunpkcs11.jar
file:/home/ubuntu/.sdkman/candidates/java/8.0.333.fx-librca/jre/lib/ext/jaccess.jar
file:/home/ubuntu/.sdkman/candidates/java/8.0.333.fx-librca/jre/lib/ext/sunec.jar
file:/home/ubuntu/.sdkman/candidates/java/8.0.333.fx-librca/jre/lib/ext/zipfs.jar
file:/home/ubuntu/.sdkman/candidates/java/8.0.333.fx-librca/jre/lib/ext/jfxrt.jar
file:/home/ubuntu/.sdkman/candidates/java/8.0.333.fx-librca/jre/lib/ext/dnsns.jar
file:/home/ubuntu/.sdkman/candidates/java/8.0.333.fx-librca/jre/lib/ext/cldrdata.jar
file:/home/ubuntu/.sdkman/candidates/java/8.0.333.fx-librca/jre/lib/ext/nashorn.jar
[MASTER] 09:57:36.468 [logback-1] WARN  JUnitAnalyzer - Found unstable test named initializationError -> class java.lang.RuntimeException: Cannot find either the compilation target folder nor the EvoSuite jar in classpath: /tmp/EvoSuite_pathingJar5645624311681323705.jar
Going to execute: handleTestsThatAreUnstable
* Compiling Tests
[MASTER] 09:57:37.073 [logback-1] WARN  AgentLoader - Failed to find EvoSuite jar in current classloader. URLs of classloader:
file:/home/ubuntu/.sdkman/candidates/java/8.0.333.fx-librca/jre/lib/ext/localedata.jar
file:/home/ubuntu/.sdkman/candidates/java/8.0.333.fx-librca/jre/lib/ext/sunjce_provider.jar
file:/tmp/EvoSuite_pathingJar5645624311681323705.jar
file:/home/ubuntu/.sdkman/candidates/java/8.0.333.fx-librca/jre/../lib/tools.jar
file:/home/ubuntu/.sdkman/candidates/java/8.0.333.fx-librca/jre/lib/ext/sunpkcs11.jar
file:/home/ubuntu/.sdkman/candidates/java/8.0.333.fx-librca/jre/lib/ext/jaccess.jar
file:/home/ubuntu/.sdkman/candidates/java/8.0.333.fx-librca/jre/lib/ext/sunec.jar
file:/home/ubuntu/.sdkman/candidates/java/8.0.333.fx-librca/jre/lib/ext/zipfs.jar
file:/home/ubuntu/.sdkman/candidates/java/8.0.333.fx-librca/jre/lib/ext/jfxrt.jar
file:/home/ubuntu/.sdkman/candidates/java/8.0.333.fx-librca/jre/lib/ext/dnsns.jar
file:/home/ubuntu/.sdkman/candidates/java/8.0.333.fx-librca/jre/lib/ext/cldrdata.jar
file:/home/ubuntu/.sdkman/candidates/java/8.0.333.fx-librca/jre/lib/ext/nashorn.jar
[MASTER] 09:57:37.097 [logback-1] WARN  JUnitAnalyzer - Found unstable test named initializationError -> class java.lang.RuntimeException: Cannot find either the compilation target folder nor the EvoSuite jar in classpath: /tmp/EvoSuite_pathingJar5645624311681323705.jar
Going to execute: handleTestsThatAreUnstable
* Compiling Tests
[MASTER] 09:57:38.685 [logback-1] WARN  AgentLoader - Failed to find EvoSuite jar in current classloader. URLs of classloader:
file:/home/ubuntu/.sdkman/candidates/java/8.0.333.fx-librca/jre/lib/ext/localedata.jar
file:/home/ubuntu/.sdkman/candidates/java/8.0.333.fx-librca/jre/lib/ext/sunjce_provider.jar
file:/tmp/EvoSuite_pathingJar5645624311681323705.jar
file:/home/ubuntu/.sdkman/candidates/java/8.0.333.fx-librca/jre/../lib/tools.jar
file:/home/ubuntu/.sdkman/candidates/java/8.0.333.fx-librca/jre/lib/ext/sunpkcs11.jar
file:/home/ubuntu/.sdkman/candidates/java/8.0.333.fx-librca/jre/lib/ext/jaccess.jar
file:/home/ubuntu/.sdkman/candidates/java/8.0.333.fx-librca/jre/lib/ext/sunec.jar
file:/home/ubuntu/.sdkman/candidates/java/8.0.333.fx-librca/jre/lib/ext/zipfs.jar
file:/home/ubuntu/.sdkman/candidates/java/8.0.333.fx-librca/jre/lib/ext/jfxrt.jar
file:/home/ubuntu/.sdkman/candidates/java/8.0.333.fx-librca/jre/lib/ext/dnsns.jar
file:/home/ubuntu/.sdkman/candidates/java/8.0.333.fx-librca/jre/lib/ext/cldrdata.jar
file:/home/ubuntu/.sdkman/candidates/java/8.0.333.fx-librca/jre/lib/ext/nashorn.jar
[MASTER] 09:57:38.705 [logback-1] WARN  JUnitAnalyzer - Found unstable test named initializationError -> class java.lang.RuntimeException: Cannot find either the compilation target folder nor the EvoSuite jar in classpath: /tmp/EvoSuite_pathingJar5645624311681323705.jar
* Writing tests to file
* Writing JUnit test case 'Clip_ESTest' to evosuite-tests
* Done!

* Computation finished
