* EvoSuite 1.2.1-SNAPSHOT
* Going to generate test cases for class: jigl.image.levelSetTool.LevelSetNudge
* Starting Client-0
* Properties loaded from /home/ubuntu/UTestGen/Evaluation/getting_results/dataset/SF110/89_jiggler/evosuite-files/evosuite.properties
* Connecting to master process on port 15899
* Analyzing classpath: 
* Inheritance tree loaded from evosuite-files/inheritance.xml.gz
[MASTER] 10:10:52.452 [logback-1] WARN  InheritanceTree - Class not in inheritance graph: java.util.function.BiFunction
[MASTER] 10:10:52.454 [logback-1] WARN  InheritanceTree - Class not in inheritance graph: java.util.function.Function
[MASTER] 10:10:52.455 [logback-1] WARN  InheritanceTree - Class not in inheritance graph: java.util.function.BiConsumer
[MASTER] 10:10:53.300 [logback-1] WARN  InheritanceTree - Class not in inheritance graph: java.util.function.Consumer
[MASTER] 10:10:53.305 [logback-1] WARN  InheritanceTree - Class not in inheritance graph: java.util.function.Predicate
[MASTER] 10:10:53.312 [logback-1] WARN  InheritanceTree - Class not in inheritance graph: java.util.function.UnaryOperator
[MASTER] 10:10:54.650 [logback-1] WARN  InheritanceTree - Class not in inheritance graph: java.time.ZoneId
[MASTER] 10:10:54.702 [logback-1] WARN  InheritanceTree - Class not in inheritance graph: java.time.temporal.Temporal
[MASTER] 10:10:54.703 [logback-1] WARN  InheritanceTree - Class not in inheritance graph: java.time.temporal.TemporalAccessor
[MASTER] 10:10:54.705 [logback-1] WARN  InheritanceTree - Class not in inheritance graph: java.time.temporal.TemporalField
[MASTER] 10:10:54.706 [logback-1] WARN  InheritanceTree - Class not in inheritance graph: java.time.temporal.TemporalUnit
[MASTER] 10:10:54.706 [logback-1] WARN  InheritanceTree - Class not in inheritance graph: java.time.temporal.TemporalAmount
[MASTER] 10:10:54.706 [logback-1] WARN  InheritanceTree - Class not in inheritance graph: java.time.Clock
[MASTER] 10:10:54.707 [logback-1] WARN  InheritanceTree - Class not in inheritance graph: java.time.temporal.TemporalQuery
[MASTER] 10:10:54.707 [logback-1] WARN  InheritanceTree - Class not in inheritance graph: java.time.temporal.TemporalAdjuster
[MASTER] 10:10:54.713 [logback-1] WARN  InheritanceTree - Class not in inheritance graph: java.time.chrono.Chronology
* Finished analyzing classpath
* Generating tests for class jigl.image.levelSetTool.LevelSetNudge
* Test criteria:
  - Branch Coverage
  - Line Coverage
  - Method-Output Coverage
  - Top-Level Method Coverage
  - Context Branch Coverage
* Total number of test goals for DYNAMOSA: 407
* Using seed 1709287849733
* Starting evolution
[Progress:>                             0%] [Cov:>                                  0%]* Initial Number of Goals in DynaMOSA = 48 / 407
[Progress:===========================>  90%] [Cov:================>                  46%][Progress:===========================>  90%] [Cov:=================>                 49%][Progress:==============================100%] [Cov:=================>                 49%]
* Search finished after 158s and 2 generations, 1362 statements, best individual has fitness: 250.0
[MASTER] 10:13:33.305 [logback-1] WARN  TimeController - Phase SEARCH lasted too long, 58 seconds more than allowed.
* Generated before the refinement 7 tests with total length 22
statement is: jigl.image.types.RealColorImage(II)V type is: class org.evosuite.testcase.statements.ConstructorStatement return type class jigl.image.types.RealColorImage
statement code is: RealColorImage realColorImage = new RealColorImage(0, 0)
statement is: jigl.image.levelSetTool.LevelSetNudge(Ljigl/image/types/RealColorImage;)V type is: class org.evosuite.testcase.statements.ConstructorStatement return type class jigl.image.levelSetTool.LevelSetNudge
statement code is: LevelSetNudge levelSetNudge = new LevelSetNudge(arg0)
statement is: reset()V type is: class org.evosuite.testcase.statements.MethodStatement return type void
statement code is: levelSetNudge.reset()
test data is: RealColorImage realColorImage = new RealColorImage(0, 0);
LevelSetNudge levelSetNudge = new LevelSetNudge(realColorImage);
levelSetNudge.reset();

** It was a parseable test case! 
Improved test data is: class DummyClass {
    public static void main() {
        RealColorImage realColorImage = new RealColorImage(100, 200);
        LevelSetNudge levelSetNudge = new LevelSetNudge(realColorImage);
        levelSetNudge.reset();
    }
}
statement is: RealColorImage realColorImage = new RealColorImage(100, 200), class spoon.support.reflect.code.CtLocalVariableImpl
class spoon.support.reflect.code.CtConstructorCallImpl
statement is: LevelSetNudge levelSetNudge = new LevelSetNudge(realColorImage), class spoon.support.reflect.code.CtLocalVariableImpl
class spoon.support.reflect.code.CtConstructorCallImpl
statement is: levelSetNudge.reset(), class spoon.support.reflect.code.CtInvocationImpl
invocation is: levelSetNudge.reset() target is: levelSetNudge method is: reset()
source statement: jigl.image.levelSetTool.LevelSetNudge(Ljigl/image/types/RealColorImage;)V callee: VariableReference: Statement 1, type jigl.image.levelSetTool.LevelSetNudgeindex is: 3
Matched Method is: reset()V
TestCase is: int _int = 100;
int _int = 200;
RealColorImage realColorImage = new RealColorImage(_int, _int);
LevelSetNudge levelSetNudge = new LevelSetNudge(realColorImage);
((LevelSetNudge) _int).reset();

statement is: jigl.image.types.RealColorImage(II)V type is: class org.evosuite.testcase.statements.ConstructorStatement return type class jigl.image.types.RealColorImage
statement code is: RealColorImage realColorImage = new RealColorImage(2243, 2243)
statement is: jigl.image.levelSetTool.LevelSetNudge(Ljigl/image/types/RealColorImage;)V type is: class org.evosuite.testcase.statements.ConstructorStatement return type class jigl.image.levelSetTool.LevelSetNudge
statement code is: LevelSetNudge levelSetNudge = new LevelSetNudge(arg0)
statement is: apply(IIIIZZ)V type is: class org.evosuite.testcase.statements.MethodStatement return type void
statement code is: levelSetNudge.apply(0, 2243, 1111, 13, false, false)
test data is: RealColorImage realColorImage = new RealColorImage(2243, 2243);
LevelSetNudge levelSetNudge = new LevelSetNudge(realColorImage);
levelSetNudge.apply(0, 2243, 1111, 13, false, false);

** It was a parseable test case! 
Improved test data is: class DummyClass {
    public static void main() {
        RealColorImage realColorImage = new RealColorImage(640, 480);
        LevelSetNudge levelSetNudge = new LevelSetNudge(realColorImage);
        levelSetNudge.apply(250, 450, 10, 3, true, false);
    }
}
statement is: RealColorImage realColorImage = new RealColorImage(640, 480), class spoon.support.reflect.code.CtLocalVariableImpl
class spoon.support.reflect.code.CtConstructorCallImpl
statement is: LevelSetNudge levelSetNudge = new LevelSetNudge(realColorImage), class spoon.support.reflect.code.CtLocalVariableImpl
class spoon.support.reflect.code.CtConstructorCallImpl
statement is: levelSetNudge.apply(250, 450, 10, 3, true, false), class spoon.support.reflect.code.CtInvocationImpl
invocation is: levelSetNudge.apply(250, 450, 10, 3, true, false) target is: levelSetNudge method is: apply(int,int,int,int,boolean,boolean)
source statement: jigl.image.levelSetTool.LevelSetNudge(Ljigl/image/types/RealColorImage;)V callee: VariableReference: Statement 1, type jigl.image.levelSetTool.LevelSetNudgeindex is: 3
Matched Method is: apply(IIIIZZ)V
TestCase is: int _int = 640;
int _int = 480;
RealColorImage realColorImage = new RealColorImage(_int, _int);
LevelSetNudge levelSetNudge = new LevelSetNudge(realColorImage);
int _int = 250;
int _int = 450;
int _int = 10;
int _int = 3;
boolean _boolean = true;
boolean _boolean = false;
((LevelSetNudge) _int).apply(_int, _int, _int, _int, _boolean, _boolean);

statement is: jigl.image.types.RealColorImage(II)V type is: class org.evosuite.testcase.statements.ConstructorStatement return type class jigl.image.types.RealColorImage
statement code is: RealColorImage realColorImage = new RealColorImage(0, 0)
statement is: jigl.image.levelSetTool.LevelSetNudge(Ljigl/image/types/RealColorImage;)V type is: class org.evosuite.testcase.statements.ConstructorStatement return type class jigl.image.levelSetTool.LevelSetNudge
statement code is: LevelSetNudge levelSetNudge = new LevelSetNudge(arg0)
statement is: apply(IIIIZZ)V type is: class org.evosuite.testcase.statements.MethodStatement return type void
statement code is: levelSetNudge.apply((-1), 2185, 255, 1315, true, true)
test data is: RealColorImage realColorImage = new RealColorImage(0, 0);
LevelSetNudge levelSetNudge = new LevelSetNudge(realColorImage);
levelSetNudge.apply((-1), 2185, 255, 1315, true, true);

** It was a parseable test case! 
Improved test data is: class DummyClass {
    public static void main() {
        RealColorImage realColorImage = new RealColorImage(-100, -500);
        LevelSetNudge levelSetNudge = new LevelSetNudge(realColorImage);
        levelSetNudge.apply(expectedX, expectedY, expectedValue, isNudgeUp, isNudgeLeft);
    }
}
statement is: RealColorImage realColorImage = new RealColorImage(-100, -500), class spoon.support.reflect.code.CtLocalVariableImpl
class spoon.support.reflect.code.CtConstructorCallImpl
statement is: LevelSetNudge levelSetNudge = new LevelSetNudge(realColorImage), class spoon.support.reflect.code.CtLocalVariableImpl
class spoon.support.reflect.code.CtConstructorCallImpl
statement is: levelSetNudge.apply(expectedX, expectedY, expectedValue, isNudgeUp, isNudgeLeft), class spoon.support.reflect.code.CtInvocationImpl
invocation is: levelSetNudge.apply(expectedX, expectedY, expectedValue, isNudgeUp, isNudgeLeft) target is: levelSetNudge method is: apply()
TestCase is: RealColorImage realColorImage = new RealColorImage(0, 0);
LevelSetNudge levelSetNudge = new LevelSetNudge(realColorImage);

statement is: jigl.image.types.RealColorImage()V type is: class org.evosuite.testcase.statements.ConstructorStatement return type class jigl.image.types.RealColorImage
statement code is: RealColorImage realColorImage = new RealColorImage()
statement is: jigl.image.levelSetTool.LevelSetNudge(Ljigl/image/types/RealColorImage;)V type is: class org.evosuite.testcase.statements.ConstructorStatement return type class jigl.image.levelSetTool.LevelSetNudge
statement code is: LevelSetNudge levelSetNudge = new LevelSetNudge(arg0)
statement is: computeNudge(IIIIZZ)V type is: class org.evosuite.testcase.statements.MethodStatement return type void
statement code is: levelSetNudge.computeNudge(0, 0, 7, (-79), false, false)
test data is: RealColorImage realColorImage = new RealColorImage();
LevelSetNudge levelSetNudge = new LevelSetNudge(realColorImage);
levelSetNudge.computeNudge(0, 0, 7, (-79), false, false);

** It was a parseable test case! 
Improved test data is: class DummyClass {
    public static void main() {
        RealColorImage realColorImage = new RealColorImage();
        realColorImage.setPixel(0, 0, 7, BLACK);
        LevelSetNudge levelSetNudge = new LevelSetNudge(realColorImage);
        levelSetNudge.computeNudge(0, 0, 7, -123, false, false);
    }
}
statement is: RealColorImage realColorImage = new RealColorImage(), class spoon.support.reflect.code.CtLocalVariableImpl
class spoon.support.reflect.code.CtConstructorCallImpl
statement is: realColorImage.setPixel(0, 0, 7, BLACK), class spoon.support.reflect.code.CtInvocationImpl
invocation is: realColorImage.setPixel(0, 0, 7, BLACK) target is: realColorImage method is: setPixel(int,int,int)
statement is: LevelSetNudge levelSetNudge = new LevelSetNudge(realColorImage), class spoon.support.reflect.code.CtLocalVariableImpl
class spoon.support.reflect.code.CtConstructorCallImpl
statement is: levelSetNudge.computeNudge(0, 0, 7, -123, false, false), class spoon.support.reflect.code.CtInvocationImpl
invocation is: levelSetNudge.computeNudge(0, 0, 7, -123, false, false) target is: levelSetNudge method is: computeNudge(int,int,int,int,boolean,boolean)
source statement: jigl.image.levelSetTool.LevelSetNudge(Ljigl/image/types/RealColorImage;)V callee: VariableReference: Statement 1, type jigl.image.levelSetTool.LevelSetNudgeindex is: 1
Matched Method is: computeNudge(IIIIZZ)V
i 5 Parameters size() 5 Num of Method Parameters: 6
TestCase is: RealColorImage realColorImage = new RealColorImage();
LevelSetNudge levelSetNudge = new LevelSetNudge(realColorImage);
int _int = 0;
int _int = 0;
int _int = 7;
boolean _boolean = false;
boolean _boolean = false;
boolean _boolean = null;
levelSetNudge.computeNudge(_int, _int, _int, (int) _boolean, _boolean, _boolean);

statement is: jigl.image.types.RealColorImage(II)V type is: class org.evosuite.testcase.statements.ConstructorStatement return type class jigl.image.types.RealColorImage
statement code is: RealColorImage realColorImage = new RealColorImage(0, 0)
statement is: jigl.image.levelSetTool.LevelSetNudge(Ljigl/image/types/RealColorImage;)V type is: class org.evosuite.testcase.statements.ConstructorStatement return type class jigl.image.levelSetTool.LevelSetNudge
statement code is: LevelSetNudge levelSetNudge = new LevelSetNudge(arg0)
statement is: computeNudge(IIIIZZ)V type is: class org.evosuite.testcase.statements.MethodStatement return type void
statement code is: levelSetNudge.computeNudge((-758), 5, 1012, 369, true, true)
test data is: RealColorImage realColorImage = new RealColorImage(0, 0);
LevelSetNudge levelSetNudge = new LevelSetNudge(realColorImage);
levelSetNudge.computeNudge((-758), 5, 1012, 369, true, true);

** It was a parseable test case! 
Improved test data is: class DummyClass {
    public static void main() {
        RealColorImage realColorImage = new RealColorImage(100, 100);
        LevelSetNudge levelSetNudge = new LevelSetNudge(realColorImage);
        levelSetNudge.computeNudge(-258, 50, 374, 469, true, true);
    }
}
statement is: RealColorImage realColorImage = new RealColorImage(100, 100), class spoon.support.reflect.code.CtLocalVariableImpl
class spoon.support.reflect.code.CtConstructorCallImpl
statement is: LevelSetNudge levelSetNudge = new LevelSetNudge(realColorImage), class spoon.support.reflect.code.CtLocalVariableImpl
class spoon.support.reflect.code.CtConstructorCallImpl
statement is: levelSetNudge.computeNudge(-258, 50, 374, 469, true, true), class spoon.support.reflect.code.CtInvocationImpl
invocation is: levelSetNudge.computeNudge(-258, 50, 374, 469, true, true) target is: levelSetNudge method is: computeNudge(int,int,int,int,boolean,boolean)
source statement: jigl.image.levelSetTool.LevelSetNudge(Ljigl/image/types/RealColorImage;)V callee: VariableReference: Statement 1, type jigl.image.levelSetTool.LevelSetNudgeindex is: 3
Matched Method is: computeNudge(IIIIZZ)V
i 5 Parameters size() 5 Num of Method Parameters: 6
TestCase is: int _int = 100;
int _int = 100;
RealColorImage realColorImage = new RealColorImage(_int, _int);
LevelSetNudge levelSetNudge = new LevelSetNudge(realColorImage);
int _int = 50;
int _int = 374;
int _int = 469;
boolean _boolean = true;
boolean _boolean = true;
boolean _boolean = null;
((LevelSetNudge) _int).computeNudge(_int, _int, _int, (int) _boolean, _boolean, _boolean);

statement is: jigl.image.types.RealColorImage(II)V type is: class org.evosuite.testcase.statements.ConstructorStatement return type class jigl.image.types.RealColorImage
statement code is: RealColorImage realColorImage = new RealColorImage(0, 0)
statement is: jigl.image.levelSetTool.LevelSetNudge(Ljigl/image/types/RealColorImage;)V type is: class org.evosuite.testcase.statements.ConstructorStatement return type class jigl.image.levelSetTool.LevelSetNudge
statement code is: LevelSetNudge levelSetNudge = new LevelSetNudge(arg0)
statement is: plane(I)Ljigl/image/types/RealGrayImage; type is: class org.evosuite.testcase.statements.MethodStatement return type class jigl.image.types.RealGrayImage
statement code is: RealGrayImage plane = realColorImage.plane(0)
statement is: constrainTop(Ljigl/image/types/RealGrayImage;IID)D type is: class org.evosuite.testcase.statements.MethodStatement return type double
statement code is: double constrainTop = levelSetNudge.constrainTop(arg0, 0, 369, 219.64731248)
test data is: RealColorImage realColorImage = new RealColorImage(0, 0);
LevelSetNudge levelSetNudge = new LevelSetNudge(realColorImage);
RealGrayImage plane = realColorImage.plane(0);
levelSetNudge.constrainTop(plane, 0, 369, 219.64731248);

** It was a parseable test case! 
Improved test data is: class DummyClass {
    public static void main() {
        RealColorImage realColorImage = new RealColorImage(0, 0);
        LevelSetNudge levelSetNudge = new LevelSetNudge(realColorImage);
        RealGrayImage plane = realColorImage.plane(0);
        levelSetNudge.constrainTop(plane, 0, 369, 219.64731248);
    }
}
statement is: RealColorImage realColorImage = new RealColorImage(0, 0), class spoon.support.reflect.code.CtLocalVariableImpl
class spoon.support.reflect.code.CtConstructorCallImpl
statement is: LevelSetNudge levelSetNudge = new LevelSetNudge(realColorImage), class spoon.support.reflect.code.CtLocalVariableImpl
class spoon.support.reflect.code.CtConstructorCallImpl
statement is: RealGrayImage plane = realColorImage.plane(0), class spoon.support.reflect.code.CtLocalVariableImpl
class spoon.support.reflect.code.CtInvocationImpl
invocation is: realColorImage.plane(0) target is: realColorImage method is: plane(int)
source statement: jigl.image.types.RealColorImage(II)V callee: VariableReference: Statement 0, type jigl.image.types.RealColorImageindex is: 2
Matched Method is: plane(I)Ljigl/image/types/RealGrayImage;
statement is: levelSetNudge.constrainTop(plane, 0, 369, 219.64731248), class spoon.support.reflect.code.CtInvocationImpl
invocation is: levelSetNudge.constrainTop(plane, 0, 369, 219.64731248) target is: levelSetNudge method is: constrainTop(RealGrayImage,int,int,double)
source statement: jigl.image.levelSetTool.LevelSetNudge(Ljigl/image/types/RealColorImage;)V callee: VariableReference: Statement 1, type jigl.image.levelSetTool.LevelSetNudgeindex is: 3
Matched Method is: constrainTop(Ljigl/image/types/RealGrayImage;IID)D
TestCase is: int _int = 0;
int _int = 0;
RealColorImage realColorImage = new RealColorImage(_int, _int);
LevelSetNudge levelSetNudge = new LevelSetNudge(realColorImage);
int _int = 0;
RealGrayImage plane = ((RealColorImage) _int).plane(_int);
int _int = 0;
int _int = 369;
double _double = 219.64731248;
((LevelSetNudge) _int).constrainTop(plane, _int, _int, _double);

statement is: jigl.image.types.RealColorImage()V type is: class org.evosuite.testcase.statements.ConstructorStatement return type class jigl.image.types.RealColorImage
statement code is: RealColorImage realColorImage = new RealColorImage()
statement is: jigl.image.levelSetTool.LevelSetNudge(Ljigl/image/types/RealColorImage;)V type is: class org.evosuite.testcase.statements.ConstructorStatement return type class jigl.image.levelSetTool.LevelSetNudge
statement code is: LevelSetNudge levelSetNudge = new LevelSetNudge(arg0)
statement is: computePinch(IIII)V type is: class org.evosuite.testcase.statements.MethodStatement return type void
statement code is: levelSetNudge.computePinch((-496), (-1210), (-1210), (-1210))
test data is: RealColorImage realColorImage = new RealColorImage();
LevelSetNudge levelSetNudge = new LevelSetNudge(realColorImage);
levelSetNudge.computePinch((-496), (-1210), (-1210), (-1210));

** It was a parseable test case! 
Improved test data is: class DummyClass {
    public static void main() {
        RealColorImage realColorImage = new RealColorImage();
        LevelSetNudge levelSetNudge = new LevelSetNudge(realColorImage);
        levelSetNudge.computePinch(-496, -1210, -1210, -1210);
    }
}
statement is: RealColorImage realColorImage = new RealColorImage(), class spoon.support.reflect.code.CtLocalVariableImpl
class spoon.support.reflect.code.CtConstructorCallImpl
statement is: LevelSetNudge levelSetNudge = new LevelSetNudge(realColorImage), class spoon.support.reflect.code.CtLocalVariableImpl
class spoon.support.reflect.code.CtConstructorCallImpl
statement is: levelSetNudge.computePinch(-496, -1210, -1210, -1210), class spoon.support.reflect.code.CtInvocationImpl
invocation is: levelSetNudge.computePinch(-496, -1210, -1210, -1210) target is: levelSetNudge method is: computePinch(int,int,int,int)
source statement: jigl.image.levelSetTool.LevelSetNudge(Ljigl/image/types/RealColorImage;)V callee: VariableReference: Statement 1, type jigl.image.levelSetTool.LevelSetNudgeindex is: 1
Matched Method is: computePinch(IIII)V
i 0 Parameters size() 0 Num of Method Parameters: 4
i 1 Parameters size() 0 Num of Method Parameters: 4
i 2 Parameters size() 0 Num of Method Parameters: 4
i 3 Parameters size() 0 Num of Method Parameters: 4
TestCase is: RealColorImage realColorImage = new RealColorImage();
LevelSetNudge levelSetNudge = new LevelSetNudge(realColorImage);
int _int = null;
int _int = null;
int _int = null;
int _int = null;
levelSetNudge.computePinch(_int, _int, _int, _int);

* test suite isTestSuite: 14
Test 0: 
RealColorImage realColorImage = new RealColorImage(0, 0);
LevelSetNudge levelSetNudge = new LevelSetNudge(realColorImage);
levelSetNudge.reset();
Test 1: 
RealColorImage realColorImage = new RealColorImage(2243, 2243);
LevelSetNudge levelSetNudge = new LevelSetNudge(realColorImage);
levelSetNudge.apply(0, 2243, 1111, 13, false, false);
Test 2: 
RealColorImage realColorImage = new RealColorImage(0, 0);
LevelSetNudge levelSetNudge = new LevelSetNudge(realColorImage);
levelSetNudge.apply((-1), 2185, 255, 1315, true, true);
Test 3: 
RealColorImage realColorImage = new RealColorImage();
LevelSetNudge levelSetNudge = new LevelSetNudge(realColorImage);
levelSetNudge.computeNudge(0, 0, 7, (-79), false, false);
Test 4: 
RealColorImage realColorImage = new RealColorImage(0, 0);
LevelSetNudge levelSetNudge = new LevelSetNudge(realColorImage);
// Undeclared exception!
try { 
  levelSetNudge.computeNudge((-758), 5, 1012, 369, true, true);
  fail("Expecting exception: NullPointerException");

} catch(NullPointerException e) {
   //
   // no message in exception (getMessage() returned null)
   //
   verifyException("jigl.image.levelSetTool.LevelSetNudge", e);
}

Test 5: 
RealColorImage realColorImage = new RealColorImage(0, 0);
LevelSetNudge levelSetNudge = new LevelSetNudge(realColorImage);
RealGrayImage plane = realColorImage.plane(0);
levelSetNudge.constrainTop(plane, 0, 369, 219.64731248);
Test 6: 
RealColorImage realColorImage = new RealColorImage();
LevelSetNudge levelSetNudge = new LevelSetNudge(realColorImage);
levelSetNudge.computePinch((-496), (-1210), (-1210), (-1210));
Test 7: 
RealColorImage realColorImage = new RealColorImage(100, 200);
LevelSetNudge levelSetNudge = new LevelSetNudge(realColorImage);
((LevelSetNudge)200).reset();

Test 8: 
RealColorImage realColorImage = new RealColorImage(640, 480);
LevelSetNudge levelSetNudge = new LevelSetNudge(realColorImage);
((LevelSetNudge)480).apply(250, 450, 10, 3, true, false);

Test 9: 
RealColorImage realColorImage = new RealColorImage(0, 0);
LevelSetNudge levelSetNudge = new LevelSetNudge(realColorImage);

Test 10: 
RealColorImage realColorImage = new RealColorImage();
LevelSetNudge levelSetNudge = new LevelSetNudge(realColorImage);
levelSetNudge.computeNudge(0, 0, 7, (int) false, false, (boolean) (Boolean) null);

Test 11: 
RealColorImage realColorImage = new RealColorImage(100, 100);
LevelSetNudge levelSetNudge = new LevelSetNudge(realColorImage);
((LevelSetNudge)100).computeNudge(50, 374, 469, (int) true, true, (boolean) (Boolean) null);

Test 12: 
int _int = 0;
RealColorImage realColorImage = new RealColorImage(0, 0);
LevelSetNudge levelSetNudge = new LevelSetNudge(realColorImage);
RealGrayImage plane = ((RealColorImage)0).plane(0);
int _int = 0;
int _int = 369;
double _double = 219.64731248;
((LevelSetNudge) _int).constrainTop(plane, _int, _int, _double);

Test 13: 
RealColorImage realColorImage = new RealColorImage();
LevelSetNudge levelSetNudge = new LevelSetNudge(realColorImage);
levelSetNudge.computePinch((int) (Integer) null, (int) (Integer) null, (int) (Integer) null, (int) (Integer) null);


* Generated after the refinement and before minimization 14 tests with total length 47
* test suite isTestSuite: 14
Test 0: 
RealColorImage realColorImage = new RealColorImage(0, 0);
LevelSetNudge levelSetNudge = new LevelSetNudge(realColorImage);
levelSetNudge.reset();
Test 1: 
RealColorImage realColorImage = new RealColorImage(2243, 2243);
LevelSetNudge levelSetNudge = new LevelSetNudge(realColorImage);
levelSetNudge.apply(0, 2243, 1111, 13, false, false);
Test 2: 
RealColorImage realColorImage = new RealColorImage(0, 0);
LevelSetNudge levelSetNudge = new LevelSetNudge(realColorImage);
levelSetNudge.apply((-1), 2185, 255, 1315, true, true);
Test 3: 
RealColorImage realColorImage = new RealColorImage();
LevelSetNudge levelSetNudge = new LevelSetNudge(realColorImage);
levelSetNudge.computeNudge(0, 0, 7, (-79), false, false);
Test 4: 
RealColorImage realColorImage = new RealColorImage(0, 0);
LevelSetNudge levelSetNudge = new LevelSetNudge(realColorImage);
// Undeclared exception!
try { 
  levelSetNudge.computeNudge((-758), 5, 1012, 369, true, true);
  fail("Expecting exception: NullPointerException");

} catch(NullPointerException e) {
   //
   // no message in exception (getMessage() returned null)
   //
   verifyException("jigl.image.levelSetTool.LevelSetNudge", e);
}

Test 5: 
RealColorImage realColorImage = new RealColorImage(0, 0);
LevelSetNudge levelSetNudge = new LevelSetNudge(realColorImage);
RealGrayImage plane = realColorImage.plane(0);
levelSetNudge.constrainTop(plane, 0, 369, 219.64731248);
Test 6: 
RealColorImage realColorImage = new RealColorImage();
LevelSetNudge levelSetNudge = new LevelSetNudge(realColorImage);
levelSetNudge.computePinch((-496), (-1210), (-1210), (-1210));
Test 7: 
RealColorImage realColorImage = new RealColorImage(100, 200);
LevelSetNudge levelSetNudge = new LevelSetNudge(realColorImage);
((LevelSetNudge)200).reset();

Test 8: 
RealColorImage realColorImage = new RealColorImage(640, 480);
LevelSetNudge levelSetNudge = new LevelSetNudge(realColorImage);
((LevelSetNudge)480).apply(250, 450, 10, 3, true, false);

Test 9: 
RealColorImage realColorImage = new RealColorImage(0, 0);
LevelSetNudge levelSetNudge = new LevelSetNudge(realColorImage);

Test 10: 
RealColorImage realColorImage = new RealColorImage();
LevelSetNudge levelSetNudge = new LevelSetNudge(realColorImage);
levelSetNudge.computeNudge(0, 0, 7, (int) false, false, (boolean) (Boolean) null);

Test 11: 
RealColorImage realColorImage = new RealColorImage(100, 100);
LevelSetNudge levelSetNudge = new LevelSetNudge(realColorImage);
((LevelSetNudge)100).computeNudge(50, 374, 469, (int) true, true, (boolean) (Boolean) null);

Test 12: 
int _int = 0;
RealColorImage realColorImage = new RealColorImage(0, 0);
LevelSetNudge levelSetNudge = new LevelSetNudge(realColorImage);
RealGrayImage plane = ((RealColorImage)0).plane(0);
int _int = 0;
int _int = 369;
double _double = 219.64731248;
((LevelSetNudge) _int).constrainTop(plane, _int, _int, _double);

Test 13: 
RealColorImage realColorImage = new RealColorImage();
LevelSetNudge levelSetNudge = new LevelSetNudge(realColorImage);
levelSetNudge.computePinch((int) (Integer) null, (int) (Integer) null, (int) (Integer) null, (int) (Integer) null);


* Minimizing test suite
* test suite isTestSuite: 7
Test 0: 
RealColorImage realColorImage = new RealColorImage(0, 0);
LevelSetNudge levelSetNudge = new LevelSetNudge(realColorImage);
levelSetNudge.reset();
Test 1: 
RealColorImage realColorImage = new RealColorImage(0, 0);
LevelSetNudge levelSetNudge = new LevelSetNudge(realColorImage);
levelSetNudge.apply((-1), 2185, 255, 1315, true, true);
Test 2: 
RealColorImage realColorImage = new RealColorImage(2243, 2243);
LevelSetNudge levelSetNudge = new LevelSetNudge(realColorImage);
levelSetNudge.apply(0, 2243, 1111, 13, false, false);
Test 3: 
RealColorImage realColorImage = new RealColorImage();
LevelSetNudge levelSetNudge = new LevelSetNudge(realColorImage);
levelSetNudge.computeNudge(0, 0, 7, (-79), false, false);
Test 4: 
RealColorImage realColorImage = new RealColorImage(0, 0);
LevelSetNudge levelSetNudge = new LevelSetNudge(realColorImage);
// Undeclared exception!
try { 
  levelSetNudge.computeNudge((-758), 5, 1012, 369, true, true);
  fail("Expecting exception: NullPointerException");

} catch(NullPointerException e) {
   //
   // no message in exception (getMessage() returned null)
   //
}

Test 5: 
RealColorImage realColorImage = new RealColorImage(0, 0);
LevelSetNudge levelSetNudge = new LevelSetNudge(realColorImage);
RealGrayImage plane = realColorImage.plane(0);
levelSetNudge.constrainTop(plane, 0, 369, 219.64731248);
Test 6: 
RealColorImage realColorImage = new RealColorImage();
LevelSetNudge levelSetNudge = new LevelSetNudge(realColorImage);
levelSetNudge.computePinch((-496), (-1210), (-1210), (-1210));

* Going to analyze the coverage criteria
* Coverage analysis for criterion BRANCH
* Coverage of criterion BRANCH: 36%
* Total number of goals: 118
* Number of covered goals: 42
* Coverage analysis for criterion LINE
* Coverage of criterion LINE: 41%
* Total number of goals: 162
* Number of covered goals: 66
* Coverage analysis for criterion OUTPUT
* Coverage of criterion OUTPUT: 33%
* Total number of goals: 3
* Number of covered goals: 1
* Coverage analysis for criterion METHOD
* Coverage of criterion METHOD: 100%
* Total number of goals: 6
* Number of covered goals: 6
* Coverage analysis for criterion CBRANCH
* Coverage of criterion CBRANCH: 36%
* Total number of goals: 118
* Number of covered goals: 42
* Generated 7 tests with total length 22
* Resulting test suite's coverage: 49% (average coverage for all fitness functions)
* Generating assertions
* Resulting test suite's mutation score: 4%
* Compiling and checking tests
Going to execute: removeTestsThatDoNotCompile
* Compiling Tests
** Write a test suite: 0 called: 0 to improve: false
* Compiling Tests
** Write a test suite: 0 called: 0 to improve: true
** Improve Understandability: ** Test Code is: RealColorImage arg0 = new RealColorImage(0, 0);
LevelSetNudge levelSetNudge = new LevelSetNudge(arg0);
levelSetNudge.reset();

** It was a parseable test case! 
refined test name is: testResetshouldResetLevelSetToEmptyString
* Compiling Tests
refined test name is: testResetLevelSetNudgeResetsLevelSet
* Compiling Tests
** Write a test suite: 0 called: 0 to improve: false
* Compiling Tests
** Write a test suite: 0 called: 0 to improve: true
** Improve Understandability: ** Test Code is: RealColorImage arg0 = new RealColorImage(0, 0);
LevelSetNudge levelSetNudge = new LevelSetNudge(arg0);
levelSetNudge.apply((-1), 2185, 255, 1315, true, true);

** It was a parseable test case! 
refined test name is: testLevelSetNudge
* Compiling Tests
refined test name is: testLevelSetNudge
* Compiling Tests
** Write a test suite: 0 called: 0 to improve: false
* Compiling Tests
** Write a test suite: 0 called: 0 to improve: true
** Improve Understandability: ** Test Code is: RealColorImage arg0 = new RealColorImage(2243, 2243);
LevelSetNudge levelSetNudge = new LevelSetNudge(arg0);
levelSetNudge.apply(0, 2243, 1111, 13, false, false);

** It was a parseable test case! 
refined test name is: testApplyLevelSetNudge
* Compiling Tests
** Write a test suite: 0 called: 0 to improve: false
* Compiling Tests
** Write a test suite: 0 called: 0 to improve: true
** Improve Understandability: ** Test Code is: RealColorImage arg0 = new RealColorImage();
LevelSetNudge levelSetNudge = new LevelSetNudge(arg0);
levelSetNudge.computeNudge(0, 0, 7, (-79), false, false);

** It was a parseable test case! 
refined test name is: testComputeNudgeReturnsNonNullResult
* Compiling Tests
refined test name is: testComputeNudgeReturnsNonNullResult
* Compiling Tests
** Write a test suite: 0 called: 0 to improve: false
* Compiling Tests
** Write a test suite: 0 called: 0 to improve: true
** Improve Understandability: ** Test Code is: RealColorImage arg0 = new RealColorImage(0, 0);
LevelSetNudge levelSetNudge = new LevelSetNudge(arg0);
// Undeclared exception!
try { 
  levelSetNudge.computeNudge((-758), 5, 1012, 369, true, true);
  fail("Expecting exception: NullPointerException");

} catch(NullPointerException e) {
   //
   // no message in exception (getMessage() returned null)
   //
   verifyException("jigl.image.levelSetTool.LevelSetNudge", e);
}


** It was a parseable test case! 
refined test name is: testComputeNudgeNullPointerException
* Compiling Tests
** Write a test suite: 0 called: 0 to improve: false
* Compiling Tests
** Write a test suite: 0 called: 0 to improve: false
* Compiling Tests
** Write a test suite: 0 called: 0 to improve: true
** Improve Understandability: ** Test Code is: RealColorImage arg0 = new RealColorImage();
LevelSetNudge levelSetNudge = new LevelSetNudge(arg0);
levelSetNudge.computePinch((-496), (-1210), (-1210), (-1210));

** It was a parseable test case! 
refined test name is: testComputePinch
Going to execute: handleTestsThatAreUnstable
* Compiling Tests
** Write a test suite: 0 called: 0 to improve: false
[MASTER] 10:16:04.372 [logback-1] WARN  AgentLoader - Failed to find EvoSuite jar in current classloader. URLs of classloader:
file:/tmp/EvoSuite_pathingJar2700409182203246486.jar
file:/home/ubuntu/.sdkman/candidates/java/8.0.333.fx-librca/jre/lib/ext/localedata.jar
file:/home/ubuntu/.sdkman/candidates/java/8.0.333.fx-librca/jre/lib/ext/sunjce_provider.jar
file:/home/ubuntu/.sdkman/candidates/java/8.0.333.fx-librca/jre/../lib/tools.jar
file:/home/ubuntu/.sdkman/candidates/java/8.0.333.fx-librca/jre/lib/ext/sunpkcs11.jar
file:/home/ubuntu/.sdkman/candidates/java/8.0.333.fx-librca/jre/lib/ext/jaccess.jar
file:/home/ubuntu/.sdkman/candidates/java/8.0.333.fx-librca/jre/lib/ext/sunec.jar
file:/home/ubuntu/.sdkman/candidates/java/8.0.333.fx-librca/jre/lib/ext/zipfs.jar
file:/home/ubuntu/.sdkman/candidates/java/8.0.333.fx-librca/jre/lib/ext/jfxrt.jar
file:/home/ubuntu/.sdkman/candidates/java/8.0.333.fx-librca/jre/lib/ext/dnsns.jar
file:/home/ubuntu/.sdkman/candidates/java/8.0.333.fx-librca/jre/lib/ext/cldrdata.jar
file:/home/ubuntu/.sdkman/candidates/java/8.0.333.fx-librca/jre/lib/ext/nashorn.jar
Going to execute: handleTestsThatAreUnstable
[MASTER] 10:16:04.406 [logback-1] WARN  JUnitAnalyzer - Found unstable test named initializationError -> class java.lang.RuntimeException: Cannot find either the compilation target folder nor the EvoSuite jar in classpath: /tmp/EvoSuite_pathingJar2700409182203246486.jar
* Compiling Tests
** Write a test suite: 0 called: 0 to improve: false
[MASTER] 10:16:04.580 [logback-1] WARN  AgentLoader - Failed to find EvoSuite jar in current classloader. URLs of classloader:
file:/tmp/EvoSuite_pathingJar2700409182203246486.jar
file:/home/ubuntu/.sdkman/candidates/java/8.0.333.fx-librca/jre/lib/ext/localedata.jar
file:/home/ubuntu/.sdkman/candidates/java/8.0.333.fx-librca/jre/lib/ext/sunjce_provider.jar
file:/home/ubuntu/.sdkman/candidates/java/8.0.333.fx-librca/jre/../lib/tools.jar
file:/home/ubuntu/.sdkman/candidates/java/8.0.333.fx-librca/jre/lib/ext/sunpkcs11.jar
file:/home/ubuntu/.sdkman/candidates/java/8.0.333.fx-librca/jre/lib/ext/jaccess.jar
file:/home/ubuntu/.sdkman/candidates/java/8.0.333.fx-librca/jre/lib/ext/sunec.jar
file:/home/ubuntu/.sdkman/candidates/java/8.0.333.fx-librca/jre/lib/ext/zipfs.jar
file:/home/ubuntu/.sdkman/candidates/java/8.0.333.fx-librca/jre/lib/ext/jfxrt.jar
file:/home/ubuntu/.sdkman/candidates/java/8.0.333.fx-librca/jre/lib/ext/dnsns.jar
file:/home/ubuntu/.sdkman/candidates/java/8.0.333.fx-librca/jre/lib/ext/cldrdata.jar
file:/home/ubuntu/.sdkman/candidates/java/8.0.333.fx-librca/jre/lib/ext/nashorn.jar
[MASTER] 10:16:04.582 [logback-1] WARN  JUnitAnalyzer - Found unstable test named initializationError -> class java.lang.RuntimeException: Cannot find either the compilation target folder nor the EvoSuite jar in classpath: /tmp/EvoSuite_pathingJar2700409182203246486.jar
Going to execute: handleTestsThatAreUnstable
* Compiling Tests
Going to execute: handleTestsThatAreUnstable
* Compiling Tests
[MASTER] 10:16:04.771 [logback-1] WARN  AgentLoader - Failed to find EvoSuite jar in current classloader. URLs of classloader:
file:/tmp/EvoSuite_pathingJar2700409182203246486.jar
file:/home/ubuntu/.sdkman/candidates/java/8.0.333.fx-librca/jre/lib/ext/localedata.jar
file:/home/ubuntu/.sdkman/candidates/java/8.0.333.fx-librca/jre/lib/ext/sunjce_provider.jar
file:/home/ubuntu/.sdkman/candidates/java/8.0.333.fx-librca/jre/../lib/tools.jar
file:/home/ubuntu/.sdkman/candidates/java/8.0.333.fx-librca/jre/lib/ext/sunpkcs11.jar
file:/home/ubuntu/.sdkman/candidates/java/8.0.333.fx-librca/jre/lib/ext/jaccess.jar
file:/home/ubuntu/.sdkman/candidates/java/8.0.333.fx-librca/jre/lib/ext/sunec.jar
file:/home/ubuntu/.sdkman/candidates/java/8.0.333.fx-librca/jre/lib/ext/zipfs.jar
file:/home/ubuntu/.sdkman/candidates/java/8.0.333.fx-librca/jre/lib/ext/jfxrt.jar
file:/home/ubuntu/.sdkman/candidates/java/8.0.333.fx-librca/jre/lib/ext/dnsns.jar
file:/home/ubuntu/.sdkman/candidates/java/8.0.333.fx-librca/jre/lib/ext/cldrdata.jar
file:/home/ubuntu/.sdkman/candidates/java/8.0.333.fx-librca/jre/lib/ext/nashorn.jar
[MASTER] 10:16:04.772 [logback-1] WARN  JUnitAnalyzer - Found unstable test named initializationError -> class java.lang.RuntimeException: Cannot find either the compilation target folder nor the EvoSuite jar in classpath: /tmp/EvoSuite_pathingJar2700409182203246486.jar
** Write a test suite: 0 called: 0 to improve: false
[MASTER] 10:16:04.883 [logback-1] WARN  AgentLoader - Failed to find EvoSuite jar in current classloader. URLs of classloader:
file:/tmp/EvoSuite_pathingJar2700409182203246486.jar
file:/home/ubuntu/.sdkman/candidates/java/8.0.333.fx-librca/jre/lib/ext/localedata.jar
file:/home/ubuntu/.sdkman/candidates/java/8.0.333.fx-librca/jre/lib/ext/sunjce_provider.jar
file:/home/ubuntu/.sdkman/candidates/java/8.0.333.fx-librca/jre/../lib/tools.jar
file:/home/ubuntu/.sdkman/candidates/java/8.0.333.fx-librca/jre/lib/ext/sunpkcs11.jar
file:/home/ubuntu/.sdkman/candidates/java/8.0.333.fx-librca/jre/lib/ext/jaccess.jar
file:/home/ubuntu/.sdkman/candidates/java/8.0.333.fx-librca/jre/lib/ext/sunec.jar
file:/home/ubuntu/.sdkman/candidates/java/8.0.333.fx-librca/jre/lib/ext/zipfs.jar
file:/home/ubuntu/.sdkman/candidates/java/8.0.333.fx-librca/jre/lib/ext/jfxrt.jar
file:/home/ubuntu/.sdkman/candidates/java/8.0.333.fx-librca/jre/lib/ext/dnsns.jar
file:/home/ubuntu/.sdkman/candidates/java/8.0.333.fx-librca/jre/lib/ext/cldrdata.jar
file:/home/ubuntu/.sdkman/candidates/java/8.0.333.fx-librca/jre/lib/ext/nashorn.jar
[MASTER] 10:16:04.901 [logback-1] WARN  JUnitAnalyzer - Found unstable test named initializationError -> class java.lang.RuntimeException: Cannot find either the compilation target folder nor the EvoSuite jar in classpath: /tmp/EvoSuite_pathingJar2700409182203246486.jar
Going to execute: handleTestsThatAreUnstable
* Compiling Tests
Going to execute: handleTestsThatAreUnstable
[MASTER] 10:16:05.042 [logback-1] WARN  AgentLoader - Failed to find EvoSuite jar in current classloader. URLs of classloader:
file:/tmp/EvoSuite_pathingJar2700409182203246486.jar
file:/home/ubuntu/.sdkman/candidates/java/8.0.333.fx-librca/jre/lib/ext/localedata.jar
file:/home/ubuntu/.sdkman/candidates/java/8.0.333.fx-librca/jre/lib/ext/sunjce_provider.jar
file:/home/ubuntu/.sdkman/candidates/java/8.0.333.fx-librca/jre/../lib/tools.jar
file:/home/ubuntu/.sdkman/candidates/java/8.0.333.fx-librca/jre/lib/ext/sunpkcs11.jar
file:/home/ubuntu/.sdkman/candidates/java/8.0.333.fx-librca/jre/lib/ext/jaccess.jar
file:/home/ubuntu/.sdkman/candidates/java/8.0.333.fx-librca/jre/lib/ext/sunec.jar
file:/home/ubuntu/.sdkman/candidates/java/8.0.333.fx-librca/jre/lib/ext/zipfs.jar
file:/home/ubuntu/.sdkman/candidates/java/8.0.333.fx-librca/jre/lib/ext/jfxrt.jar
file:/home/ubuntu/.sdkman/candidates/java/8.0.333.fx-librca/jre/lib/ext/dnsns.jar
file:/home/ubuntu/.sdkman/candidates/java/8.0.333.fx-librca/jre/lib/ext/cldrdata.jar
file:/home/ubuntu/.sdkman/candidates/java/8.0.333.fx-librca/jre/lib/ext/nashorn.jar
[MASTER] 10:16:05.043 [logback-1] WARN  JUnitAnalyzer - Found unstable test named initializationError -> class java.lang.RuntimeException: Cannot find either the compilation target folder nor the EvoSuite jar in classpath: /tmp/EvoSuite_pathingJar2700409182203246486.jar
* Compiling Tests
[MASTER] 10:16:05.211 [logback-1] WARN  AgentLoader - Failed to find EvoSuite jar in current classloader. URLs of classloader:
file:/tmp/EvoSuite_pathingJar2700409182203246486.jar
file:/home/ubuntu/.sdkman/candidates/java/8.0.333.fx-librca/jre/lib/ext/localedata.jar
file:/home/ubuntu/.sdkman/candidates/java/8.0.333.fx-librca/jre/lib/ext/sunjce_provider.jar
file:/home/ubuntu/.sdkman/candidates/java/8.0.333.fx-librca/jre/../lib/tools.jar
file:/home/ubuntu/.sdkman/candidates/java/8.0.333.fx-librca/jre/lib/ext/sunpkcs11.jar
file:/home/ubuntu/.sdkman/candidates/java/8.0.333.fx-librca/jre/lib/ext/jaccess.jar
file:/home/ubuntu/.sdkman/candidates/java/8.0.333.fx-librca/jre/lib/ext/sunec.jar
file:/home/ubuntu/.sdkman/candidates/java/8.0.333.fx-librca/jre/lib/ext/zipfs.jar
file:/home/ubuntu/.sdkman/candidates/java/8.0.333.fx-librca/jre/lib/ext/jfxrt.jar
file:/home/ubuntu/.sdkman/candidates/java/8.0.333.fx-librca/jre/lib/ext/dnsns.jar
file:/home/ubuntu/.sdkman/candidates/java/8.0.333.fx-librca/jre/lib/ext/cldrdata.jar
file:/home/ubuntu/.sdkman/candidates/java/8.0.333.fx-librca/jre/lib/ext/nashorn.jar
[MASTER] 10:16:05.212 [logback-1] WARN  JUnitAnalyzer - Found unstable test named initializationError -> class java.lang.RuntimeException: Cannot find either the compilation target folder nor the EvoSuite jar in classpath: /tmp/EvoSuite_pathingJar2700409182203246486.jar
Going to execute: handleTestsThatAreUnstable
* Compiling Tests
** Write a test suite: 0 called: 0 to improve: false
** Write a test suite: 1 called: 1 to improve: false
** Write a test suite: 3 called: 2 to improve: false
Going to execute: handleTestsThatAreUnstable
[MASTER] 10:16:05.494 [logback-1] WARN  AgentLoader - Failed to find EvoSuite jar in current classloader. URLs of classloader:
file:/tmp/EvoSuite_pathingJar2700409182203246486.jar
file:/home/ubuntu/.sdkman/candidates/java/8.0.333.fx-librca/jre/lib/ext/localedata.jar
file:/home/ubuntu/.sdkman/candidates/java/8.0.333.fx-librca/jre/lib/ext/sunjce_provider.jar
file:/home/ubuntu/.sdkman/candidates/java/8.0.333.fx-librca/jre/../lib/tools.jar
file:/home/ubuntu/.sdkman/candidates/java/8.0.333.fx-librca/jre/lib/ext/sunpkcs11.jar
file:/home/ubuntu/.sdkman/candidates/java/8.0.333.fx-librca/jre/lib/ext/jaccess.jar
file:/home/ubuntu/.sdkman/candidates/java/8.0.333.fx-librca/jre/lib/ext/sunec.jar
file:/home/ubuntu/.sdkman/candidates/java/8.0.333.fx-librca/jre/lib/ext/zipfs.jar
file:/home/ubuntu/.sdkman/candidates/java/8.0.333.fx-librca/jre/lib/ext/jfxrt.jar
file:/home/ubuntu/.sdkman/candidates/java/8.0.333.fx-librca/jre/lib/ext/dnsns.jar
file:/home/ubuntu/.sdkman/candidates/java/8.0.333.fx-librca/jre/lib/ext/cldrdata.jar
file:/home/ubuntu/.sdkman/candidates/java/8.0.333.fx-librca/jre/lib/ext/nashorn.jar
[MASTER] 10:16:05.495 [logback-1] WARN  JUnitAnalyzer - Found unstable test named initializationError -> class java.lang.RuntimeException: Cannot find either the compilation target folder nor the EvoSuite jar in classpath: /tmp/EvoSuite_pathingJar2700409182203246486.jar
* Compiling Tests
** Write a test suite: 2 called: 0 to improve: false
** Write a test suite: 4 called: 1 to improve: false
** Write a test suite: 5 called: 2 to improve: false
* Writing tests to file
[MASTER] 10:16:05.735 [logback-1] WARN  AgentLoader - Failed to find EvoSuite jar in current classloader. URLs of classloader:
file:/tmp/EvoSuite_pathingJar2700409182203246486.jar
file:/home/ubuntu/.sdkman/candidates/java/8.0.333.fx-librca/jre/lib/ext/localedata.jar
file:/home/ubuntu/.sdkman/candidates/java/8.0.333.fx-librca/jre/lib/ext/sunjce_provider.jar
file:/home/ubuntu/.sdkman/candidates/java/8.0.333.fx-librca/jre/../lib/tools.jar
file:/home/ubuntu/.sdkman/candidates/java/8.0.333.fx-librca/jre/lib/ext/sunpkcs11.jar
file:/home/ubuntu/.sdkman/candidates/java/8.0.333.fx-librca/jre/lib/ext/jaccess.jar
file:/home/ubuntu/.sdkman/candidates/java/8.0.333.fx-librca/jre/lib/ext/sunec.jar
file:/home/ubuntu/.sdkman/candidates/java/8.0.333.fx-librca/jre/lib/ext/zipfs.jar
file:/home/ubuntu/.sdkman/candidates/java/8.0.333.fx-librca/jre/lib/ext/jfxrt.jar
file:/home/ubuntu/.sdkman/candidates/java/8.0.333.fx-librca/jre/lib/ext/dnsns.jar
file:/home/ubuntu/.sdkman/candidates/java/8.0.333.fx-librca/jre/lib/ext/cldrdata.jar
file:/home/ubuntu/.sdkman/candidates/java/8.0.333.fx-librca/jre/lib/ext/nashorn.jar
[MASTER] 10:16:05.737 [logback-1] WARN  JUnitAnalyzer - Found unstable test named initializationError -> class java.lang.RuntimeException: Cannot find either the compilation target folder nor the EvoSuite jar in classpath: /tmp/EvoSuite_pathingJar2700409182203246486.jar
* Writing JUnit test case 'LevelSetNudge_ESTest' to evosuite-tests
** Write a test suite: 2 called: 0 to improve: false
** Write a test suite: 4 called: 1 to improve: false
** Write a test suite: 5 called: 2 to improve: false
* Done!

* Computation finished
