* EvoSuite 1.0.0-SNAPSHOT
* Going to generate test cases for class: ghm.follow.gui.TabbedPane
* Starting Client-0
* Properties loaded from /home/roham/Results-Utestgen/dataset/SF110-new-res/41_follow/evosuite-files/evosuite.properties
* Connecting to master process on port 20324
* Analyzing classpath: 
* Inheritance tree loaded from evosuite-files/inheritance.xml.gz
[MASTER] 03:59:52.907 [logback-1] WARN  InheritanceTree - Class not in inheritance graph: java.util.function.Consumer
[MASTER] 03:59:52.909 [logback-1] WARN  InheritanceTree - Class not in inheritance graph: java.util.function.Predicate
[MASTER] 03:59:53.126 [logback-1] WARN  InheritanceTree - Class not in inheritance graph: java.util.function.UnaryOperator
[MASTER] 03:59:53.182 [logback-1] WARN  InheritanceTree - Class not in inheritance graph: java.util.function.BiFunction
[MASTER] 03:59:53.183 [logback-1] WARN  InheritanceTree - Class not in inheritance graph: java.util.function.Function
[MASTER] 03:59:53.184 [logback-1] WARN  InheritanceTree - Class not in inheritance graph: java.util.function.BiConsumer
[MASTER] 03:59:54.841 [logback-1] WARN  InheritanceTree - Class not in inheritance graph: java.time.ZoneId
[MASTER] 03:59:54.858 [logback-1] WARN  InheritanceTree - Class not in inheritance graph: java.time.temporal.Temporal
[MASTER] 03:59:54.858 [logback-1] WARN  InheritanceTree - Class not in inheritance graph: java.time.temporal.TemporalAccessor
[MASTER] 03:59:54.859 [logback-1] WARN  InheritanceTree - Class not in inheritance graph: java.time.temporal.TemporalField
[MASTER] 03:59:54.860 [logback-1] WARN  InheritanceTree - Class not in inheritance graph: java.time.temporal.TemporalUnit
[MASTER] 03:59:54.860 [logback-1] WARN  InheritanceTree - Class not in inheritance graph: java.time.temporal.TemporalAmount
[MASTER] 03:59:54.860 [logback-1] WARN  InheritanceTree - Class not in inheritance graph: java.time.Clock
[MASTER] 03:59:54.861 [logback-1] WARN  InheritanceTree - Class not in inheritance graph: java.time.temporal.TemporalQuery
[MASTER] 03:59:54.862 [logback-1] WARN  InheritanceTree - Class not in inheritance graph: java.time.temporal.TemporalAdjuster
[MASTER] 03:59:54.940 [logback-1] WARN  InheritanceTree - Class not in inheritance graph: java.time.chrono.Chronology
[MASTER] 03:59:54.956 [logback-1] WARN  InheritanceTree - Class not in inheritance graph: java.time.chrono.Era
* Finished analyzing classpath
* Generating tests for class ghm.follow.gui.TabbedPane
* Test criteria:
  - Branch Coverage
  - Line Coverage
  - Method-Output Coverage
  - Top-Level Method Coverage
  - Context Branch Coverage
* Total number of test goals for DYNAMOSA: 103
* Using seed 1710215990161
* Starting evolution
[Progress:>                             0%] [Cov:>                                  0%]* Initial Number of Goals in DynaMOSA = 52 / 103
[Progress:=>                            4%] [Cov:============>                      37%][Progress:=>                            6%] [Cov:============>                      37%][Progress:==>                           7%] [Cov:============>                      37%][Progress:==>                           7%] [Cov:============>                      37%][Progress:===>                          11%] [Cov:============>                      37%][Progress:===>                          12%] [Cov:============>                      37%][Progress:===>                          12%] [Cov:============>                      37%][Progress:===>                          13%] [Cov:============>                      37%][Progress:====>                         14%] [Cov:============>                      37%][Progress:====>                         16%] [Cov:============>                      37%][Progress:====>                         16%] [Cov:==============>                    41%][Progress:====>                         16%] [Cov:==============>                    41%][Progress:====>                         16%] [Cov:==============>                    41%][Progress:=====>                        17%] [Cov:==============>                    41%][Progress:=====>                        17%] [Cov:==============>                    41%][Progress:=====>                        18%] [Cov:==============>                    41%][Progress:=====>                        18%] [Cov:==============>                    41%][Progress:=====>                        18%] [Cov:==============>                    41%][Progress:=====>                        18%] [Cov:==============>                    41%][Progress:=====>                        19%] [Cov:==============>                    41%][Progress:=====>                        19%] [Cov:==============>                    41%][Progress:=====>                        19%] [Cov:==============>                    41%][Progress:=====>                        19%] [Cov:==============>                    41%][Progress:======>                       20%] [Cov:==============>                    41%][Progress:======>                       20%] [Cov:==============>                    41%][Progress:======>                       20%] [Cov:==============>                    41%][Progress:======>                       20%] [Cov:==============>                    41%][Progress:======>                       21%] [Cov:==============>                    41%][Progress:======>                       21%] [Cov:==============>                    41%][Progress:======>                       21%] [Cov:==============>                    41%][Progress:======>                       21%] [Cov:==============>                    41%][Progress:======>                       22%] [Cov:==============>                    41%][Progress:======>                       22%] [Cov:==============>                    41%][Progress:======>                       22%] [Cov:==============>                    41%][Progress:======>                       22%] [Cov:==============>                    41%][Progress:======>                       23%] [Cov:==============>                    41%][Progress:======>                       23%] [Cov:==============>                    41%][Progress:======>                       23%] [Cov:==============>                    41%][Progress:======>                       23%] [Cov:==============>                    41%][Progress:=======>                      24%] [Cov:==============>                    41%][Progress:=======>                      24%] [Cov:==============>                    41%][Progress:=======>                      24%] [Cov:==============>                    41%][Progress:=======>                      24%] [Cov:==============>                    41%][Progress:=======>                      25%] [Cov:==============>                    41%][Progress:=======>                      25%] [Cov:==============>                    41%][Progress:=======>                      25%] [Cov:==============>                    41%][Progress:=======>                      25%] [Cov:==============>                    41%][Progress:=======>                      26%] [Cov:==============>                    41%][Progress:=======>                      26%] [Cov:==============>                    41%][Progress:=======>                      26%] [Cov:==============>                    41%][Progress:=======>                      26%] [Cov:==============>                    41%][Progress:=======>                      26%] [Cov:==============>                    41%][Progress:========>                     27%] [Cov:===============>                   43%][Progress:========>                     27%] [Cov:===============>                   43%][Progress:========>                     27%] [Cov:===============>                   43%][Progress:========>                     27%] [Cov:===============>                   43%][MASTER] 04:00:24.066 [logback-1] WARN  InheritanceTree - Class not in inheritance graph: java.time.chrono.ChronoLocalDate
[Progress:========>                     27%] [Cov:===============>                   43%][Progress:========>                     28%] [Cov:===============>                   43%][Progress:========>                     28%] [Cov:===============>                   43%][Progress:========>                     28%] [Cov:===============>                   43%][Progress:========>                     28%] [Cov:===============>                   43%][Progress:========>                     29%] [Cov:===============>                   43%][Progress:========>                     29%] [Cov:===============>                   43%][Progress:========>                     29%] [Cov:===============>                   43%][Progress:========>                     29%] [Cov:===============>                   43%][Progress:========>                     29%] [Cov:===============>                   43%][Progress:========>                     29%] [Cov:===============>                   43%][Progress:=========>                    30%] [Cov:===============>                   43%][Progress:=========>                    30%] [Cov:===============>                   43%][Progress:=========>                    30%] [Cov:===============>                   43%][Progress:=========>                    30%] [Cov:===============>                   43%][Progress:=========>                    30%] [Cov:===============>                   43%][Progress:=========>                    31%] [Cov:===============>                   43%][Progress:=========>                    31%] [Cov:===============>                   43%][Progress:=========>                    31%] [Cov:===============>                   43%][Progress:=========>                    31%] [Cov:===============>                   43%][Progress:=========>                    31%] [Cov:===============>                   43%][Progress:=========>                    31%] [Cov:===============>                   43%][Progress:=========>                    32%] [Cov:===============>                   43%][Progress:=========>                    32%] [Cov:===============>                   43%][Progress:=========>                    32%] [Cov:===============>                   43%][Progress:=========>                    32%] [Cov:===============>                   43%][Progress:=========>                    32%] [Cov:===============>                   43%][Progress:=========>                    32%] [Cov:===============>                   43%][Progress:=========>                    33%] [Cov:===============>                   43%][Progress:=========>                    33%] [Cov:===============>                   43%][Progress:=========>                    33%] [Cov:===============>                   43%][Progress:=========>                    33%] [Cov:===============>                   43%][Progress:=========>                    33%] [Cov:===============>                   43%][Progress:==========>                   34%] [Cov:===============>                   43%][Progress:==========>                   34%] [Cov:===============>                   43%][Progress:==========>                   34%] [Cov:===============>                   43%][Progress:==========>                   34%] [Cov:===============>                   43%][Progress:==========>                   34%] [Cov:===============>                   43%][Progress:==========>                   34%] [Cov:===============>                   43%][Progress:==========>                   35%] [Cov:===============>                   43%][Progress:==========>                   35%] [Cov:===============>                   43%][Progress:==========>                   35%] [Cov:===============>                   43%][Progress:==========>                   35%] [Cov:===============>                   43%][Progress:==========>                   35%] [Cov:===============>                   43%][Progress:==========>                   36%] [Cov:===============>                   43%][Progress:==========>                   36%] [Cov:===============>                   43%][Progress:==========>                   36%] [Cov:===============>                   43%][Progress:==========>                   36%] [Cov:===============>                   43%][Progress:==========>                   36%] [Cov:===============>                   43%][Progress:==========>                   36%] [Cov:===============>                   43%][Progress:==========>                   36%] [Cov:===============>                   43%][Progress:===========>                  37%] [Cov:===============>                   43%][Progress:===========>                  37%] [Cov:===============>                   43%][Progress:===========>                  37%] [Cov:===============>                   43%][Progress:===========>                  37%] [Cov:===============>                   43%][Progress:===========>                  37%] [Cov:===============>                   43%][Progress:===========>                  37%] [Cov:===============>                   43%][Progress:===========>                  37%] [Cov:===============>                   43%][Progress:===========>                  38%] [Cov:===============>                   43%][Progress:===========>                  38%] [Cov:===============>                   43%][Progress:===========>                  38%] [Cov:===============>                   43%][Progress:===========>                  38%] [Cov:===============>                   43%][Progress:===========>                  38%] [Cov:===============>                   43%][Progress:===========>                  38%] [Cov:===============>                   43%][Progress:===========>                  39%] [Cov:===============>                   43%][Progress:===========>                  39%] [Cov:===============>                   43%][Progress:===========>                  39%] [Cov:===============>                   43%][Progress:===========>                  39%] [Cov:===============>                   43%][Progress:===========>                  39%] [Cov:===============>                   43%][Progress:===========>                  39%] [Cov:===============>                   43%][Progress:===========>                  39%] [Cov:===============>                   43%][Progress:============>                 40%] [Cov:===============>                   43%][Progress:============>                 40%] [Cov:===============>                   43%][Progress:============>                 43%] [Cov:===============>                   43%][Progress:============>                 43%] [Cov:===============>                   43%][Progress:============>                 43%] [Cov:===============>                   43%][Progress:============>                 43%] [Cov:===============>                   43%][Progress:============>                 43%] [Cov:===============>                   43%][Progress:=============>                44%] [Cov:===============>                   43%][Progress:=============>                44%] [Cov:===============>                   43%][Progress:=============>                44%] [Cov:===============>                   43%][Progress:=============>                44%] [Cov:===============>                   43%][Progress:=============>                44%] [Cov:===============>                   43%][Progress:=============>                44%] [Cov:===============>                   43%][Progress:=============>                44%] [Cov:===============>                   43%][Progress:=============>                44%] [Cov:===============>                   43%][Progress:=============>                45%] [Cov:===============>                   43%][Progress:=============>                45%] [Cov:===============>                   43%][Progress:=============>                45%] [Cov:===============>                   43%][Progress:=============>                45%] [Cov:===============>                   43%][Progress:=============>                45%] [Cov:===============>                   43%][Progress:=============>                45%] [Cov:===============>                   43%][Progress:=============>                46%] [Cov:===============>                   43%][Progress:=============>                46%] [Cov:===============>                   43%][Progress:=============>                46%] [Cov:===============>                   43%][Progress:=============>                46%] [Cov:===============>                   43%][Progress:=============>                46%] [Cov:===============>                   43%][Progress:=============>                46%] [Cov:===============>                   43%][Progress:==============>               47%] [Cov:===============>                   43%][Progress:==============>               47%] [Cov:===============>                   43%][Progress:==============>               47%] [Cov:===============>                   43%][Progress:==============>               47%] [Cov:===============>                   43%][Progress:==============>               47%] [Cov:===============>                   43%][Progress:==============>               47%] [Cov:===============>                   43%][Progress:==============>               48%] [Cov:===============>                   43%][Progress:==============>               48%] [Cov:===============>                   43%][Progress:==============>               48%] [Cov:===============>                   43%][Progress:==============>               48%] [Cov:===============>                   43%][Progress:==============>               48%] [Cov:===============>                   43%][Progress:==============>               49%] [Cov:===============>                   43%][Progress:==============>               49%] [Cov:===============>                   43%][Progress:==============>               49%] [Cov:===============>                   43%][Progress:==============>               49%] [Cov:===============>                   43%][Progress:==============>               49%] [Cov:===============>                   43%][Progress:==============>               49%] [Cov:===============>                   43%][Progress:==============>               49%] [Cov:===============>                   43%][Progress:===============>              50%] [Cov:===============>                   43%][Progress:===============>              50%] [Cov:===============>                   43%][Progress:===============>              50%] [Cov:===============>                   43%][Progress:===============>              50%] [Cov:===============>                   43%][Progress:===============>              50%] [Cov:===============>                   43%][Progress:===============>              50%] [Cov:===============>                   43%][Progress:===============>              50%] [Cov:===============>                   43%][Progress:===============>              51%] [Cov:===============>                   43%][Progress:===============>              51%] [Cov:===============>                   43%][Progress:===============>              51%] [Cov:===============>                   43%][Progress:===============>              51%] [Cov:===============>                   43%][Progress:===============>              51%] [Cov:===============>                   43%][Progress:===============>              51%] [Cov:===============>                   43%][Progress:===============>              52%] [Cov:===============>                   43%][Progress:===============>              52%] [Cov:===============>                   43%][Progress:===============>              52%] [Cov:===============>                   43%][Progress:===============>              52%] [Cov:===============>                   43%][Progress:===============>              52%] [Cov:===============>                   43%][Progress:===============>              52%] [Cov:===============>                   43%][Progress:===============>              52%] [Cov:===============>                   43%][Progress:===============>              52%] [Cov:===============>                   43%][Progress:===============>              52%] [Cov:===============>                   43%][Progress:===============>              53%] [Cov:===============>                   43%][Progress:===============>              53%] [Cov:===============>                   43%][Progress:===============>              53%] [Cov:===============>                   43%][Progress:===============>              53%] [Cov:===============>                   43%][Progress:===============>              53%] [Cov:===============>                   43%][Progress:===============>              53%] [Cov:===============>                   43%][Progress:===============>              53%] [Cov:===============>                   43%][Progress:================>             54%] [Cov:===============>                   43%][Progress:================>             54%] [Cov:===============>                   43%][Progress:================>             54%] [Cov:===============>                   43%][Progress:================>             54%] [Cov:===============>                   43%][Progress:================>             54%] [Cov:===============>                   43%][Progress:================>             54%] [Cov:===============>                   43%][Progress:================>             54%] [Cov:===============>                   43%][Progress:================>             55%] [Cov:===============>                   43%][Progress:================>             55%] [Cov:===============>                   43%][Progress:================>             55%] [Cov:===============>                   43%][Progress:================>             55%] [Cov:===============>                   43%][Progress:================>             55%] [Cov:===============>                   43%][Progress:================>             55%] [Cov:===============>                   43%][Progress:================>             55%] [Cov:===============>                   43%][Progress:================>             56%] [Cov:===============>                   43%][Progress:================>             56%] [Cov:===============>                   43%][Progress:================>             56%] [Cov:===============>                   43%][Progress:================>             56%] [Cov:===============>                   43%][Progress:================>             56%] [Cov:===============>                   43%][Progress:================>             56%] [Cov:===============>                   43%][Progress:================>             56%] [Cov:===============>                   43%][Progress:=================>            57%] [Cov:===============>                   43%][Progress:=================>            57%] [Cov:===============>                   43%][Progress:=================>            57%] [Cov:===============>                   43%][Progress:=================>            57%] [Cov:===============>                   43%][Progress:=================>            57%] [Cov:===============>                   43%][Progress:=================>            57%] [Cov:===============>                   43%][Progress:=================>            57%] [Cov:===============>                   43%][Progress:=================>            57%] [Cov:===============>                   43%][Progress:=================>            58%] [Cov:===============>                   43%][Progress:=================>            58%] [Cov:===============>                   43%][Progress:=================>            58%] [Cov:===============>                   43%][Progress:=================>            58%] [Cov:===============>                   43%][Progress:=================>            58%] [Cov:===============>                   43%][Progress:=================>            58%] [Cov:===============>                   43%][Progress:=================>            58%] [Cov:===============>                   43%][Progress:=================>            59%] [Cov:===============>                   43%][Progress:=================>            59%] [Cov:===============>                   43%][Progress:=================>            59%] [Cov:===============>                   43%][Progress:=================>            59%] [Cov:===============>                   43%][Progress:=================>            59%] [Cov:===============>                   43%][Progress:=================>            59%] [Cov:===============>                   43%][Progress:==================>           60%] [Cov:===============>                   43%][Progress:==================>           60%] [Cov:===============>                   43%][Progress:==================>           60%] [Cov:===============>                   43%][Progress:==================>           60%] [Cov:===============>                   43%][Progress:==================>           60%] [Cov:===============>                   43%][Progress:==================>           60%] [Cov:===============>                   43%][Progress:==================>           60%] [Cov:===============>                   43%][Progress:==================>           61%] [Cov:===============>                   43%][Progress:==================>           61%] [Cov:===============>                   43%][Progress:==================>           61%] [Cov:===============>                   43%][Progress:==================>           61%] [Cov:===============>                   43%][Progress:==================>           61%] [Cov:===============>                   43%][Progress:==================>           61%] [Cov:===============>                   43%][Progress:==================>           61%] [Cov:===============>                   43%][Progress:==================>           61%] [Cov:===============>                   43%][Progress:==================>           62%] [Cov:===============>                   43%][Progress:==================>           62%] [Cov:===============>                   43%][Progress:==================>           62%] [Cov:===============>                   43%][Progress:==================>           62%] [Cov:===============>                   43%][Progress:==================>           62%] [Cov:===============>                   43%][Progress:==================>           62%] [Cov:===============>                   43%][Progress:==================>           62%] [Cov:===============>                   43%][Progress:==================>           63%] [Cov:===============>                   43%][Progress:==================>           63%] [Cov:===============>                   43%][Progress:==================>           63%] [Cov:=================>                 50%][Progress:==================>           63%] [Cov:=================>                 50%][Progress:==================>           63%] [Cov:=================>                 50%][Progress:==================>           63%] [Cov:=================>                 50%][Progress:==================>           63%] [Cov:=================>                 50%][Progress:===================>          64%] [Cov:=================>                 50%][Progress:===================>          64%] [Cov:=================>                 50%][Progress:===================>          64%] [Cov:=================>                 50%][Progress:===================>          64%] [Cov:=================>                 50%][Progress:===================>          64%] [Cov:=================>                 50%][Progress:===================>          64%] [Cov:=================>                 50%][Progress:===================>          65%] [Cov:=================>                 50%][Progress:===================>          65%] [Cov:=================>                 50%][Progress:===================>          65%] [Cov:=================>                 50%][Progress:===================>          65%] [Cov:=================>                 50%][Progress:===================>          65%] [Cov:=================>                 50%][Progress:===================>          65%] [Cov:=================>                 50%][Progress:===================>          65%] [Cov:=================>                 50%][Progress:===================>          66%] [Cov:=================>                 50%][Progress:===================>          66%] [Cov:=================>                 50%][Progress:===================>          66%] [Cov:=================>                 50%][Progress:====================>         67%] [Cov:=================>                 50%][Progress:====================>         67%] [Cov:=================>                 50%][Progress:====================>         67%] [Cov:=================>                 50%][Progress:====================>         67%] [Cov:=================>                 50%][Progress:====================>         68%] [Cov:=================>                 50%][Progress:====================>         68%] [Cov:=================>                 50%][Progress:====================>         68%] [Cov:=================>                 50%][Progress:====================>         68%] [Cov:=================>                 50%][Progress:====================>         68%] [Cov:=================>                 50%][Progress:====================>         68%] [Cov:=================>                 50%][Progress:====================>         68%] [Cov:=================>                 50%][Progress:====================>         69%] [Cov:=================>                 50%][Progress:====================>         69%] [Cov:=================>                 50%][Progress:====================>         69%] [Cov:=================>                 50%][Progress:====================>         69%] [Cov:=================>                 50%][Progress:====================>         69%] [Cov:=================>                 50%][Progress:====================>         69%] [Cov:=================>                 50%][Progress:====================>         69%] [Cov:=================>                 50%][Progress:====================>         69%] [Cov:=================>                 50%][Progress:====================>         69%] [Cov:=================>                 50%][Progress:=====================>        70%] [Cov:=================>                 50%][Progress:=====================>        70%] [Cov:=================>                 50%][Progress:=====================>        70%] [Cov:=================>                 50%][Progress:=====================>        70%] [Cov:=================>                 50%][Progress:=====================>        70%] [Cov:=================>                 50%][Progress:=====================>        70%] [Cov:=================>                 50%][Progress:=====================>        70%] [Cov:=================>                 50%][Progress:=====================>        70%] [Cov:=================>                 50%][Progress:=====================>        70%] [Cov:=================>                 50%][Progress:=====================>        71%] [Cov:=================>                 50%][Progress:=====================>        71%] [Cov:=================>                 50%][Progress:=====================>        71%] [Cov:=================>                 50%][Progress:=====================>        71%] [Cov:=================>                 50%][Progress:=====================>        71%] [Cov:=================>                 50%][Progress:=====================>        71%] [Cov:=================>                 50%][Progress:=====================>        71%] [Cov:=================>                 50%][Progress:=====================>        71%] [Cov:=================>                 50%][Progress:=====================>        72%] [Cov:=================>                 50%][Progress:=====================>        72%] [Cov:=================>                 50%][Progress:=====================>        72%] [Cov:=================>                 50%][Progress:=====================>        72%] [Cov:=================>                 50%][Progress:=====================>        72%] [Cov:=================>                 50%][Progress:=====================>        72%] [Cov:=================>                 50%][Progress:=====================>        72%] [Cov:=================>                 50%][Progress:=====================>        72%] [Cov:=================>                 50%][Progress:=====================>        73%] [Cov:=================>                 50%][Progress:=====================>        73%] [Cov:=================>                 50%][Progress:=====================>        73%] [Cov:=================>                 50%][Progress:=====================>        73%] [Cov:=================>                 50%][Progress:=====================>        73%] [Cov:=================>                 50%][Progress:=====================>        73%] [Cov:=================>                 50%][Progress:=====================>        73%] [Cov:=================>                 50%][Progress:======================>       74%] [Cov:=================>                 50%][Progress:======================>       74%] [Cov:=================>                 50%][Progress:======================>       74%] [Cov:=================>                 50%][Progress:======================>       74%] [Cov:=================>                 50%][Progress:======================>       74%] [Cov:=================>                 50%][Progress:======================>       75%] [Cov:=================>                 50%][Progress:======================>       75%] [Cov:=================>                 50%][Progress:======================>       75%] [Cov:=================>                 50%][Progress:======================>       75%] [Cov:=================>                 50%][Progress:======================>       75%] [Cov:=================>                 50%][Progress:======================>       75%] [Cov:=================>                 50%][Progress:======================>       75%] [Cov:=================>                 50%][Progress:======================>       76%] [Cov:=================>                 50%][Progress:======================>       76%] [Cov:=================>                 50%][Progress:======================>       76%] [Cov:=================>                 50%][Progress:======================>       76%] [Cov:=================>                 50%][Progress:======================>       76%] [Cov:=================>                 50%][Progress:======================>       76%] [Cov:==================>                53%][MASTER] 04:01:13.078 [logback-1] WARN  TestCluster - Failed to check cache for java.lang.Comparable<T> : Type points to itself
[Progress:======================>       76%] [Cov:==================>                53%][Progress:=======================>      77%] [Cov:==================>                53%][Progress:=======================>      77%] [Cov:==================>                53%][Progress:=======================>      77%] [Cov:==================>                53%][Progress:=======================>      77%] [Cov:==================>                53%][Progress:=======================>      77%] [Cov:==================>                53%][Progress:=======================>      77%] [Cov:==================>                53%][Progress:=======================>      78%] [Cov:==================>                53%][Progress:=======================>      78%] [Cov:==================>                53%][Progress:=======================>      78%] [Cov:==================>                53%][Progress:=======================>      78%] [Cov:==================>                53%][Progress:=======================>      78%] [Cov:==================>                53%][Progress:=======================>      78%] [Cov:==================>                53%][Progress:=======================>      78%] [Cov:==================>                53%][Progress:=======================>      78%] [Cov:==================>                53%][Progress:=======================>      79%] [Cov:==================>                53%][Progress:=======================>      79%] [Cov:==================>                53%][Progress:=======================>      79%] [Cov:==================>                53%][Progress:=======================>      79%] [Cov:==================>                53%][Progress:=======================>      79%] [Cov:==================>                53%][Progress:=======================>      79%] [Cov:==================>                53%][Progress:=======================>      79%] [Cov:==================>                53%][Progress:=======================>      79%] [Cov:==================>                53%][Progress:========================>     80%] [Cov:==================>                53%][Progress:========================>     80%] [Cov:==================>                53%][Progress:========================>     80%] [Cov:==================>                53%][Progress:========================>     80%] [Cov:==================>                53%][Progress:========================>     80%] [Cov:==================>                53%][Progress:========================>     80%] [Cov:==================>                53%][Progress:========================>     80%] [Cov:==================>                53%][Progress:========================>     80%] [Cov:==================>                53%][Progress:========================>     80%] [Cov:==================>                53%][Progress:========================>     81%] [Cov:==================>                53%][Progress:========================>     81%] [Cov:==================>                53%][Progress:========================>     81%] [Cov:==================>                53%][MASTER] 04:01:17.600 [logback-1] WARN  TestCluster - Failed to check cache for java.util.function.Predicate<T> : Type points to itself
[Progress:========================>     81%] [Cov:==================>                53%][Progress:========================>     81%] [Cov:==================>                53%][Progress:========================>     81%] [Cov:==================>                53%][Progress:========================>     81%] [Cov:==================>                53%][Progress:========================>     81%] [Cov:==================>                53%][Progress:========================>     81%] [Cov:==================>                53%][Progress:========================>     82%] [Cov:==================>                53%][Progress:========================>     82%] [Cov:==================>                53%][Progress:========================>     82%] [Cov:==================>                53%][Progress:========================>     82%] [Cov:==================>                53%][Progress:========================>     82%] [Cov:==================>                53%][Progress:========================>     82%] [Cov:==================>                53%][Progress:========================>     82%] [Cov:==================>                53%][Progress:========================>     82%] [Cov:==================>                53%][Progress:========================>     83%] [Cov:==================>                53%][Progress:========================>     83%] [Cov:==================>                53%][Progress:========================>     83%] [Cov:==================>                53%][Progress:========================>     83%] [Cov:==================>                53%][Progress:========================>     83%] [Cov:==================>                53%][Progress:========================>     83%] [Cov:==================>                53%][Progress:========================>     83%] [Cov:==================>                53%][Progress:=========================>    84%] [Cov:==================>                53%][Progress:=========================>    84%] [Cov:==================>                53%][Progress:=========================>    84%] [Cov:==================>                53%][Progress:=========================>    84%] [Cov:==================>                53%][Progress:=========================>    84%] [Cov:==================>                53%][Progress:=========================>    84%] [Cov:==================>                53%][MASTER] 04:01:21.061 [logback-1] WARN  TestCluster - Failed to check cache for javax.swing.JComboBox<E> : Type points to itself
[Progress:=========================>    84%] [Cov:==================>                53%][Progress:=========================>    85%] [Cov:==================>                53%][Progress:=========================>    85%] [Cov:==================>                53%][Progress:=========================>    85%] [Cov:==================>                53%][Progress:=========================>    85%] [Cov:==================>                53%][Progress:=========================>    85%] [Cov:==================>                53%][Progress:=========================>    85%] [Cov:==================>                53%][Progress:=========================>    85%] [Cov:==================>                53%][Progress:=========================>    86%] [Cov:==================>                53%][Progress:=========================>    86%] [Cov:==================>                53%][Progress:=========================>    86%] [Cov:==================>                53%][Progress:=========================>    86%] [Cov:==================>                53%][Progress:=========================>    86%] [Cov:==================>                53%][Progress:=========================>    86%] [Cov:=======================>           67%][Progress:=========================>    86%] [Cov:=======================>           67%][Progress:=========================>    86%] [Cov:=======================>           68%][Progress:==========================>   87%] [Cov:=======================>           68%][Progress:==========================>   87%] [Cov:=======================>           68%][Progress:==========================>   87%] [Cov:=======================>           68%][Progress:==========================>   87%] [Cov:========================>          69%][Progress:==========================>   87%] [Cov:========================>          69%][Progress:==========================>   88%] [Cov:========================>          69%][Progress:==========================>   88%] [Cov:========================>          69%][Progress:==========================>   88%] [Cov:========================>          69%][Progress:==========================>   88%] [Cov:========================>          69%][Progress:==========================>   88%] [Cov:========================>          69%][Progress:==========================>   89%] [Cov:========================>          69%][Progress:==========================>   89%] [Cov:========================>          69%][Progress:==========================>   89%] [Cov:========================>          69%][Progress:==========================>   89%] [Cov:========================>          69%][Progress:==========================>   89%] [Cov:========================>          69%][Progress:===========================>  90%] [Cov:========================>          69%][Progress:===========================>  90%] [Cov:========================>          69%][Progress:===========================>  90%] [Cov:========================>          69%][Progress:===========================>  90%] [Cov:========================>          69%][Progress:===========================>  90%] [Cov:========================>          69%][Progress:===========================>  91%] [Cov:========================>          69%][Progress:===========================>  91%] [Cov:========================>          69%][Progress:===========================>  91%] [Cov:========================>          69%][Progress:===========================>  91%] [Cov:========================>          69%][Progress:===========================>  92%] [Cov:========================>          69%][Progress:===========================>  92%] [Cov:========================>          69%][Progress:===========================>  92%] [Cov:========================>          69%][Progress:===========================>  92%] [Cov:========================>          69%][Progress:===========================>  92%] [Cov:========================>          69%][Progress:===========================>  93%] [Cov:========================>          69%][Progress:===========================>  93%] [Cov:========================>          69%][Progress:===========================>  93%] [Cov:========================>          69%][Progress:===========================>  93%] [Cov:========================>          69%][Progress:============================> 94%] [Cov:========================>          69%][Progress:============================> 94%] [Cov:========================>          69%][Progress:============================> 94%] [Cov:========================>          69%][Progress:============================> 94%] [Cov:========================>          69%][Progress:============================> 95%] [Cov:========================>          69%][Progress:============================> 95%] [Cov:========================>          69%][Progress:============================> 95%] [Cov:========================>          69%][Progress:============================> 95%] [Cov:========================>          69%][Progress:============================> 95%] [Cov:========================>          69%][Progress:============================> 96%] [Cov:========================>          69%][Progress:============================> 96%] [Cov:========================>          69%][Progress:============================> 96%] [Cov:========================>          69%][Progress:============================> 96%] [Cov:========================>          69%][Progress:============================> 96%] [Cov:========================>          69%][Progress:=============================>97%] [Cov:========================>          69%][Progress:=============================>97%] [Cov:========================>          69%][Progress:=============================>97%] [Cov:========================>          69%][Progress:=============================>97%] [Cov:========================>          69%][Progress:=============================>98%] [Cov:========================>          69%][Progress:=============================>98%] [Cov:========================>          69%][Progress:=============================>98%] [Cov:========================>          69%][Progress:=============================>98%] [Cov:========================>          69%][Progress:=============================>98%] [Cov:========================>          69%][Progress:=============================>98%] [Cov:========================>          69%][Progress:=============================>99%] [Cov:========================>          69%][Progress:=============================>99%] [Cov:========================>          69%][Progress:=============================>99%] [Cov:========================>          69%][Progress:=============================>99%] [Cov:========================>          69%][Progress:=============================>99%] [Cov:========================>          69%][Progress:=============================>99%] [Cov:========================>          69%][Progress:==============================100%] [Cov:========================>          69%][Progress:==============================100%] [Cov:========================>          69%][Progress:==============================100%] [Cov:========================>          69%][Progress:==============================100%] [Cov:========================>          69%][Progress:==============================100%] [Cov:========================>          69%][Progress:==============================100%] [Cov:========================>          69%][Progress:==============================100%] [Cov:========================>          69%]
* Search finished after 101s and 505 generations, 145793 statements, best individual has fitness: 37.0
* Generated before the refinement 6 tests with total length 30
statement is: ghm.follow.config.FollowAppAttributes()V type is: class org.evosuite.testcase.statements.ConstructorStatement return type class ghm.follow.config.FollowAppAttributes
statement code is: FollowAppAttributes followAppAttributes = new FollowAppAttributes()
statement is: ghm.follow.gui.TabbedPane(Lghm/follow/config/FollowAppAttributes;)V type is: class org.evosuite.testcase.statements.ConstructorStatement return type class ghm.follow.gui.TabbedPane
statement code is: TabbedPane tabbedPane = new TabbedPane(arg0)
statement is: findComponentAt(II)Ljava/awt/Component; type is: class org.evosuite.testcase.statements.MethodStatement return type class java.awt.Component
statement code is: Component findComponentAt = tabbedPane.findComponentAt(2, 4)
test data is: FollowAppAttributes followAppAttributes = new FollowAppAttributes();
TabbedPane tabbedPane = new TabbedPane(followAppAttributes);
tabbedPane.findComponentAt(2, 4);

** It was a parseable test case! 
Improved test data is: class DummyClass {
    public static void main() {
        FollowAppAttributes followAppAttributes = new FollowAppAttributes();
        followAppAttributes.setFollow("username");
        followAppAttributes.setAppId("app_id");
        TabbedPane tabbedPane = new TabbedPane(followAppAttributes);
        tabbedPane.findComponentAt(2, 4);
    }
}
statement is: FollowAppAttributes followAppAttributes = new FollowAppAttributes(), class spoon.support.reflect.code.CtLocalVariableImpl
class spoon.support.reflect.code.CtConstructorCallImpl
statement is: followAppAttributes.setFollow("username"), class spoon.support.reflect.code.CtInvocationImpl
invocation is: followAppAttributes.setFollow("username") target is: followAppAttributes method is: setFollow(java.lang.String)
statement is: followAppAttributes.setAppId("app_id"), class spoon.support.reflect.code.CtInvocationImpl
invocation is: followAppAttributes.setAppId("app_id") target is: followAppAttributes method is: setAppId(java.lang.String)
statement is: TabbedPane tabbedPane = new TabbedPane(followAppAttributes), class spoon.support.reflect.code.CtLocalVariableImpl
class spoon.support.reflect.code.CtConstructorCallImpl
statement is: tabbedPane.findComponentAt(2, 4), class spoon.support.reflect.code.CtInvocationImpl
invocation is: tabbedPane.findComponentAt(2, 4) target is: tabbedPane method is: findComponentAt(int,int)
source statement: ghm.follow.gui.TabbedPane(Lghm/follow/config/FollowAppAttributes;)V callee: VariableReference: Statement 1, type ghm.follow.gui.TabbedPaneindex is: 1
Matched Method is: findComponentAt(II)Ljava/awt/Component;
TestCase is: FollowAppAttributes followAppAttributes = new FollowAppAttributes();
TabbedPane tabbedPane = new TabbedPane(followAppAttributes);
int _int = 2;
int _int = 4;
tabbedPane.findComponentAt(_int, _int);

statement is: ghm.follow.config.FollowAppAttributes()V type is: class org.evosuite.testcase.statements.ConstructorStatement return type class ghm.follow.config.FollowAppAttributes
statement code is: FollowAppAttributes followAppAttributes = new FollowAppAttributes()
statement is: org.evosuite.runtime.mock.java.io.MockFile(Ljava/lang/String;Ljava/lang/String;)V type is: class org.evosuite.testcase.statements.ConstructorStatement return type class org.evosuite.runtime.mock.java.io.MockFile
statement code is: MockFile mockFile = new MockFile("fileChooser.lastDir", "Migrating v1.5 properties to 1.6.0.")
statement is: java.awt.Font(Ljava/util/Map;)V type is: class org.evosuite.testcase.statements.ConstructorStatement return type class java.awt.Font
statement code is: Font font = new Font((Map<? extends AttributedCharacterIterator.Attribute, ?>) null)
statement is: ghm.follow.gui.FileFollowingPane(Ljava/io/File;IIZLjava/awt/Font;I)V type is: class org.evosuite.testcase.statements.ConstructorStatement return type class ghm.follow.gui.FileFollowingPane
statement code is: FileFollowingPane fileFollowingPane = new FileFollowingPane(arg0, 0, 2, false, arg4, 2)
statement is: ghm.follow.gui.TabbedPane(Lghm/follow/config/FollowAppAttributes;)V type is: class org.evosuite.testcase.statements.ConstructorStatement return type class ghm.follow.gui.TabbedPane
statement code is: TabbedPane tabbedPane = new TabbedPane(arg0)
statement is: addTab(Ljava/lang/String;Ljava/awt/Component;)V type is: class org.evosuite.testcase.statements.MethodStatement return type void
statement code is: tabbedPane.addTab("tabs.placement", (Component) arg1)
statement is: setSize(II)V type is: class org.evosuite.testcase.statements.MethodStatement return type void
statement code is: tabbedPane.setSize(3, 2)
statement is: findComponentAt(II)Ljava/awt/Component; type is: class org.evosuite.testcase.statements.MethodStatement return type class ghm.follow.gui.TabbedPane
statement code is: TabbedPane findComponentAt = (TabbedPane)tabbedPane.findComponentAt(1, 1)
test data is: FollowAppAttributes followAppAttributes = new FollowAppAttributes();
MockFile mockFile = new MockFile("fileChooser.lastDir", "Migrating v1.5 properties to 1.6.0.");
Font font = new Font((Map<? extends AttributedCharacterIterator.Attribute, ?>) null);
FileFollowingPane fileFollowingPane = new FileFollowingPane(mockFile, 0, 2, false, font, 2);
TabbedPane tabbedPane = new TabbedPane(followAppAttributes);
tabbedPane.addTab("tabs.placement", (Component) fileFollowingPane);
tabbedPane.setSize(3, 2);
tabbedPane.findComponentAt(1, 1);

** It was a parseable test case! 
Improved test data is: class DummyClass {
    public static void main() {
        FollowAppAttributes followAppAttributes = new FollowAppAttributes();
        MockFile mockFile = new MockFile("fileChooser.lastDir", "Migrating v1.5 properties to 1.6.0.");
        Font font = new Font(new Font.PLAIN(), 12);// using a specific font size

        FileFollowingPane fileFollowingPane = new FileFollowingPane(mockFile, 0, 2, false, font, 2);
        TabbedPane tabbedPane = new TabbedPane(followAppAttributes);
        tabbedPane.addTab("tabs.placement", ((Component) (fileFollowingPane)));
        tabbedPane.setSize(3, 2);
        tabbedPane.findComponentAt(1, 1);
    }
}
statement is: FollowAppAttributes followAppAttributes = new FollowAppAttributes(), class spoon.support.reflect.code.CtLocalVariableImpl
class spoon.support.reflect.code.CtConstructorCallImpl
statement is: MockFile mockFile = new MockFile("fileChooser.lastDir", "Migrating v1.5 properties to 1.6.0."), class spoon.support.reflect.code.CtLocalVariableImpl
class spoon.support.reflect.code.CtConstructorCallImpl
statement is: Font font = new Font(new Font.PLAIN(), 12)// using a specific font size
, class spoon.support.reflect.code.CtLocalVariableImpl
class spoon.support.reflect.code.CtConstructorCallImpl
statement is: FileFollowingPane fileFollowingPane = new FileFollowingPane(mockFile, 0, 2, false, font, 2), class spoon.support.reflect.code.CtLocalVariableImpl
class spoon.support.reflect.code.CtConstructorCallImpl
statement is: TabbedPane tabbedPane = new TabbedPane(followAppAttributes), class spoon.support.reflect.code.CtLocalVariableImpl
class spoon.support.reflect.code.CtConstructorCallImpl
statement is: tabbedPane.addTab("tabs.placement", ((Component) (fileFollowingPane))), class spoon.support.reflect.code.CtInvocationImpl
invocation is: tabbedPane.addTab("tabs.placement", ((Component) (fileFollowingPane))) target is: tabbedPane method is: addTab(java.lang.String,Component)
source statement: ghm.follow.gui.TabbedPane(Lghm/follow/config/FollowAppAttributes;)V callee: VariableReference: Statement 4, type ghm.follow.gui.TabbedPaneindex is: 9
Matched Method is: addTab(Ljava/lang/String;Ljava/awt/Component;)V
statement is: tabbedPane.setSize(3, 2), class spoon.support.reflect.code.CtInvocationImpl
invocation is: tabbedPane.setSize(3, 2) target is: tabbedPane method is: setSize(int,int)
source statement: ghm.follow.gui.TabbedPane(Lghm/follow/config/FollowAppAttributes;)V callee: VariableReference: Statement 4, type ghm.follow.gui.TabbedPaneindex is: 9
Matched Method is: setSize(II)V
statement is: tabbedPane.findComponentAt(1, 1), class spoon.support.reflect.code.CtInvocationImpl
invocation is: tabbedPane.findComponentAt(1, 1) target is: tabbedPane method is: findComponentAt(int,int)
source statement: ghm.follow.gui.TabbedPane(Lghm/follow/config/FollowAppAttributes;)V callee: VariableReference: Statement 4, type ghm.follow.gui.TabbedPaneindex is: 9
Matched Method is: findComponentAt(II)Ljava/awt/Component;
TestCase is: FollowAppAttributes followAppAttributes = new FollowAppAttributes();
String string = "fileChooser.lastDir";
String string = "Migrating v1.5 properties to 1.6.0.";
MockFile mockFile = new MockFile(string, string);
int _int = 0;
int _int = 2;
boolean _boolean = false;
int _int = 2;
FileFollowingPane fileFollowingPane = new FileFollowingPane(mockFile, _int, _int, _boolean, (Font) _int, 2);
TabbedPane tabbedPane = new TabbedPane(followAppAttributes);
String string = "tabs.placement";
((JTabbedPane) _int).addTab(string, (Component) fileFollowingPane);
int _int = 3;
int _int = 2;
((Component) _int).setSize(_int, _int);
int _int = 1;
int _int = 1;
((TabbedPane) _int).findComponentAt(_int, _int);

statement is: ghm.follow.config.FollowAppAttributes()V type is: class org.evosuite.testcase.statements.ConstructorStatement return type class ghm.follow.config.FollowAppAttributes
statement code is: FollowAppAttributes followAppAttributes = new FollowAppAttributes()
statement is: org.evosuite.runtime.mock.java.io.MockFile(Ljava/lang/String;Ljava/lang/String;)V type is: class org.evosuite.testcase.statements.ConstructorStatement return type class org.evosuite.runtime.mock.java.io.MockFile
statement code is: MockFile mockFile = new MockFile("fileChooser.lastDir", "Migrating v1.5 properties to 1.6.0.")
statement is: java.awt.Font(Ljava/util/Map;)V type is: class org.evosuite.testcase.statements.ConstructorStatement return type class java.awt.Font
statement code is: Font font = new Font((Map<? extends AttributedCharacterIterator.Attribute, ?>) null)
statement is: ghm.follow.gui.FileFollowingPane(Ljava/io/File;IIZLjava/awt/Font;I)V type is: class org.evosuite.testcase.statements.ConstructorStatement return type class ghm.follow.gui.FileFollowingPane
statement code is: FileFollowingPane fileFollowingPane = new FileFollowingPane(arg0, 0, 2, false, arg4, 2)
statement is: ghm.follow.gui.TabbedPane(Lghm/follow/config/FollowAppAttributes;)V type is: class org.evosuite.testcase.statements.ConstructorStatement return type class ghm.follow.gui.TabbedPane
statement code is: TabbedPane tabbedPane = new TabbedPane(arg0)
statement is: addTab(Ljava/lang/String;Ljava/awt/Component;)V type is: class org.evosuite.testcase.statements.MethodStatement return type void
statement code is: tabbedPane.addTab("tabs.placement", (Component) arg1)
statement is: removeTabAt(I)V type is: class org.evosuite.testcase.statements.MethodStatement return type void
statement code is: tabbedPane.removeTabAt(0)
test data is: FollowAppAttributes followAppAttributes = new FollowAppAttributes();
MockFile mockFile = new MockFile("fileChooser.lastDir", "Migrating v1.5 properties to 1.6.0.");
Font font = new Font((Map<? extends AttributedCharacterIterator.Attribute, ?>) null);
FileFollowingPane fileFollowingPane = new FileFollowingPane(mockFile, 0, 2, false, font, 2);
TabbedPane tabbedPane = new TabbedPane(followAppAttributes);
tabbedPane.addTab("tabs.placement", (Component) fileFollowingPane);
tabbedPane.removeTabAt(0);

** It was a parseable test case! 
Improved test data is: class DummyClass {
    public static void main() {
        FollowAppAttributes followAppAttributes = new FollowAppAttributes();
        MockFile mockFile = new MockFile("fileChooser.lastDir", "Migrating v1.5 properties to 1.6.0.");
        Font font = new Font(((Map<? extends AttributedCharacterIterator.Attribute, ?>) (null)));
        FileFollowingPane fileFollowingPane = new FileFollowingPane(mockFile, 0, 2, false, font, 2);
        TabbedPane tabbedPane = new TabbedPane(followAppAttributes);
        tabbedPane.addTab("tabs.placement", ((Component) (fileFollowingPane)));
        tabbedPane.removeTabAt(1);// Removing the second tab from the tabbed pane }}

    }
}
statement is: FollowAppAttributes followAppAttributes = new FollowAppAttributes(), class spoon.support.reflect.code.CtLocalVariableImpl
class spoon.support.reflect.code.CtConstructorCallImpl
statement is: MockFile mockFile = new MockFile("fileChooser.lastDir", "Migrating v1.5 properties to 1.6.0."), class spoon.support.reflect.code.CtLocalVariableImpl
class spoon.support.reflect.code.CtConstructorCallImpl
statement is: Font font = new Font(((Map<? extends AttributedCharacterIterator.Attribute, ?>) (null))), class spoon.support.reflect.code.CtLocalVariableImpl
class spoon.support.reflect.code.CtConstructorCallImpl
statement is: FileFollowingPane fileFollowingPane = new FileFollowingPane(mockFile, 0, 2, false, font, 2), class spoon.support.reflect.code.CtLocalVariableImpl
class spoon.support.reflect.code.CtConstructorCallImpl
statement is: TabbedPane tabbedPane = new TabbedPane(followAppAttributes), class spoon.support.reflect.code.CtLocalVariableImpl
class spoon.support.reflect.code.CtConstructorCallImpl
statement is: tabbedPane.addTab("tabs.placement", ((Component) (fileFollowingPane))), class spoon.support.reflect.code.CtInvocationImpl
invocation is: tabbedPane.addTab("tabs.placement", ((Component) (fileFollowingPane))) target is: tabbedPane method is: addTab(java.lang.String,Component)
source statement: ghm.follow.gui.TabbedPane(Lghm/follow/config/FollowAppAttributes;)V callee: VariableReference: Statement 4, type ghm.follow.gui.TabbedPaneindex is: 10
Matched Method is: addTab(Ljava/lang/String;Ljava/awt/Component;)V
statement is: tabbedPane.removeTabAt(1)// Removing the second tab from the tabbed pane }}
, class spoon.support.reflect.code.CtInvocationImpl
invocation is: tabbedPane.removeTabAt(1)// Removing the second tab from the tabbed pane }}
 target is: tabbedPane method is: removeTabAt(int)
source statement: ghm.follow.gui.TabbedPane(Lghm/follow/config/FollowAppAttributes;)V callee: VariableReference: Statement 4, type ghm.follow.gui.TabbedPaneindex is: 10
Matched Method is: removeTabAt(I)V
TestCase is: FollowAppAttributes followAppAttributes = new FollowAppAttributes();
String string = "fileChooser.lastDir";
String string = "Migrating v1.5 properties to 1.6.0.";
MockFile mockFile = new MockFile(string, string);
Font font = new Font((Map<? extends AttributedCharacterIterator.Attribute, ?>) null);
int _int = 0;
int _int = 2;
boolean _boolean = false;
int _int = 2;
FileFollowingPane fileFollowingPane = new FileFollowingPane(mockFile, _int, _int, _boolean, font, _int);
TabbedPane tabbedPane = new TabbedPane(followAppAttributes);
String string = "tabs.placement";
((JTabbedPane) font).addTab(string, (Component) fileFollowingPane);
int _int = 1;
((TabbedPane) font).removeTabAt(_int);

statement is: ghm.follow.config.FollowAppAttributes()V type is: class org.evosuite.testcase.statements.ConstructorStatement return type class ghm.follow.config.FollowAppAttributes
statement code is: FollowAppAttributes followAppAttributes = new FollowAppAttributes()
statement is: ghm.follow.gui.TabbedPane(Lghm/follow/config/FollowAppAttributes;)V type is: class org.evosuite.testcase.statements.ConstructorStatement return type class ghm.follow.gui.TabbedPane
statement code is: TabbedPane tabbedPane = new TabbedPane(arg0)
statement is: setSelectedIndex(I)V type is: class org.evosuite.testcase.statements.MethodStatement return type void
statement code is: tabbedPane.setSelectedIndex((-1))
test data is: FollowAppAttributes followAppAttributes = new FollowAppAttributes();
TabbedPane tabbedPane = new TabbedPane(followAppAttributes);
tabbedPane.setSelectedIndex((-1));

** It was a parseable test case! 
Improved test data is: class DummyClass {
    public static void main() {
        FollowAppAttributes followAppAttributes = new FollowAppAttributes();
        followAppAttributes.setMaximumFollowers(5000);
        followAppAttributes.setMaximumFollowing(2000);
        followAppAttributes.setMaximumTweets(10000);
        TabbedPane tabbedPane = new TabbedPane(followAppAttributes);
        tabbedPane.setSelectedIndex(5);// select the 6th tab, which is the one with the maximum followers }}

    }
}
statement is: FollowAppAttributes followAppAttributes = new FollowAppAttributes(), class spoon.support.reflect.code.CtLocalVariableImpl
class spoon.support.reflect.code.CtConstructorCallImpl
statement is: followAppAttributes.setMaximumFollowers(5000), class spoon.support.reflect.code.CtInvocationImpl
invocation is: followAppAttributes.setMaximumFollowers(5000) target is: followAppAttributes method is: setMaximumFollowers(int)
statement is: followAppAttributes.setMaximumFollowing(2000), class spoon.support.reflect.code.CtInvocationImpl
invocation is: followAppAttributes.setMaximumFollowing(2000) target is: followAppAttributes method is: setMaximumFollowing(int)
statement is: followAppAttributes.setMaximumTweets(10000), class spoon.support.reflect.code.CtInvocationImpl
invocation is: followAppAttributes.setMaximumTweets(10000) target is: followAppAttributes method is: setMaximumTweets(int)
statement is: TabbedPane tabbedPane = new TabbedPane(followAppAttributes), class spoon.support.reflect.code.CtLocalVariableImpl
class spoon.support.reflect.code.CtConstructorCallImpl
statement is: tabbedPane.setSelectedIndex(5)// select the 6th tab, which is the one with the maximum followers }}
, class spoon.support.reflect.code.CtInvocationImpl
invocation is: tabbedPane.setSelectedIndex(5)// select the 6th tab, which is the one with the maximum followers }}
 target is: tabbedPane method is: setSelectedIndex(int)
source statement: ghm.follow.gui.TabbedPane(Lghm/follow/config/FollowAppAttributes;)V callee: VariableReference: Statement 1, type ghm.follow.gui.TabbedPaneindex is: 1
Matched Method is: setSelectedIndex(I)V
TestCase is: FollowAppAttributes followAppAttributes = new FollowAppAttributes();
TabbedPane tabbedPane = new TabbedPane(followAppAttributes);
int _int = 5;
tabbedPane.setSelectedIndex(_int);

statement is: ghm.follow.config.FollowAppAttributes()V type is: class org.evosuite.testcase.statements.ConstructorStatement return type class ghm.follow.config.FollowAppAttributes
statement code is: FollowAppAttributes followAppAttributes = new FollowAppAttributes()
statement is: ghm.follow.gui.TabbedPane(Lghm/follow/config/FollowAppAttributes;)V type is: class org.evosuite.testcase.statements.ConstructorStatement return type class ghm.follow.gui.TabbedPane
statement code is: TabbedPane tabbedPane = new TabbedPane(arg0)
statement is: setIgnoreRepaint(Z)V type is: class org.evosuite.testcase.statements.MethodStatement return type void
statement code is: tabbedPane.setIgnoreRepaint(true)
statement is: setSize(II)V type is: class org.evosuite.testcase.statements.MethodStatement return type void
statement code is: tabbedPane.setSize(3, 2)
statement is: findComponentAt(II)Ljava/awt/Component; type is: class org.evosuite.testcase.statements.MethodStatement return type class ghm.follow.gui.TabbedPane
statement code is: TabbedPane findComponentAt = (TabbedPane)tabbedPane.findComponentAt(1, 1)
test data is: FollowAppAttributes followAppAttributes = new FollowAppAttributes();
TabbedPane tabbedPane = new TabbedPane(followAppAttributes);
tabbedPane.setIgnoreRepaint(true);
tabbedPane.setSize(3, 2);
tabbedPane.findComponentAt(1, 1);

** It was a parseable test case! 
Improved test data is: class DummyClass {
    public static void main() {
        FollowAppAttributes followAppAttributes = new FollowAppAttributes();
        TabbedPane tabbedPane = new TabbedPane(followAppAttributes);
        tabbedPane.setIgnoreRepaint(true);
        tabbedPane.setSize(3, 2);
        tabbedPane.findComponentAt(1, 1);
    }
}
statement is: FollowAppAttributes followAppAttributes = new FollowAppAttributes(), class spoon.support.reflect.code.CtLocalVariableImpl
class spoon.support.reflect.code.CtConstructorCallImpl
statement is: TabbedPane tabbedPane = new TabbedPane(followAppAttributes), class spoon.support.reflect.code.CtLocalVariableImpl
class spoon.support.reflect.code.CtConstructorCallImpl
statement is: tabbedPane.setIgnoreRepaint(true), class spoon.support.reflect.code.CtInvocationImpl
invocation is: tabbedPane.setIgnoreRepaint(true) target is: tabbedPane method is: setIgnoreRepaint(boolean)
source statement: ghm.follow.gui.TabbedPane(Lghm/follow/config/FollowAppAttributes;)V callee: VariableReference: Statement 1, type ghm.follow.gui.TabbedPaneindex is: 1
Matched Method is: setIgnoreRepaint(Z)V
statement is: tabbedPane.setSize(3, 2), class spoon.support.reflect.code.CtInvocationImpl
invocation is: tabbedPane.setSize(3, 2) target is: tabbedPane method is: setSize(int,int)
source statement: ghm.follow.gui.TabbedPane(Lghm/follow/config/FollowAppAttributes;)V callee: VariableReference: Statement 1, type ghm.follow.gui.TabbedPaneindex is: 1
Matched Method is: setSize(II)V
statement is: tabbedPane.findComponentAt(1, 1), class spoon.support.reflect.code.CtInvocationImpl
invocation is: tabbedPane.findComponentAt(1, 1) target is: tabbedPane method is: findComponentAt(int,int)
source statement: ghm.follow.gui.TabbedPane(Lghm/follow/config/FollowAppAttributes;)V callee: VariableReference: Statement 1, type ghm.follow.gui.TabbedPaneindex is: 1
Matched Method is: findComponentAt(II)Ljava/awt/Component;
TestCase is: FollowAppAttributes followAppAttributes = new FollowAppAttributes();
TabbedPane tabbedPane = new TabbedPane(followAppAttributes);
boolean _boolean = true;
tabbedPane.setIgnoreRepaint(_boolean);
int _int = 3;
int _int = 2;
tabbedPane.setSize(_int, _int);
int _int = 1;
int _int = 1;
tabbedPane.findComponentAt(_int, _int);

statement is: ghm.follow.config.FollowAppAttributes()V type is: class org.evosuite.testcase.statements.ConstructorStatement return type class ghm.follow.config.FollowAppAttributes
statement code is: FollowAppAttributes followAppAttributes = new FollowAppAttributes()
statement is: ghm.follow.gui.TabbedPane(Lghm/follow/config/FollowAppAttributes;)V type is: class org.evosuite.testcase.statements.ConstructorStatement return type class ghm.follow.gui.TabbedPane
statement code is: TabbedPane tabbedPane = new TabbedPane(arg0)
statement is: add(Ljava/awt/Component;Ljava/lang/Object;I)V type is: class org.evosuite.testcase.statements.MethodStatement return type void
statement code is: tabbedPane.add((Component) null, (Object) null, 0)
statement is: setSelectedComponent(Lghm/follow/gui/FileFollowingPane;)V type is: class org.evosuite.testcase.statements.MethodStatement return type void
statement code is: tabbedPane.setSelectedComponent((FileFollowingPane) null)
test data is: FollowAppAttributes followAppAttributes = new FollowAppAttributes();
TabbedPane tabbedPane = new TabbedPane(followAppAttributes);
tabbedPane.add((Component) null, (Object) null, 0);
tabbedPane.setSelectedComponent((FileFollowingPane) null);

** It was a parseable test case! 
Improved test data is: class DummyClass {
    public static void main() {
        FollowAppAttributes followAppAttributes = new FollowAppAttributes();
        followAppAttributes.setFollowAppSettings(new FileFollowingSettings("test_file"));
        TabbedPane tabbedPane = new TabbedPane(followAppAttributes);
        tabbedPane.add(new Component(), "Test component", 0);
        tabbedPane.setSelectedComponent(new FileFollowingPane());
        // Test to ensure that the selected component is correctly set to a file following pane. }}
    }
}
statement is: FollowAppAttributes followAppAttributes = new FollowAppAttributes(), class spoon.support.reflect.code.CtLocalVariableImpl
class spoon.support.reflect.code.CtConstructorCallImpl
statement is: followAppAttributes.setFollowAppSettings(new FileFollowingSettings("test_file")), class spoon.support.reflect.code.CtInvocationImpl
invocation is: followAppAttributes.setFollowAppSettings(new FileFollowingSettings("test_file")) target is: followAppAttributes method is: setFollowAppSettings(FileFollowingSettings)
statement is: TabbedPane tabbedPane = new TabbedPane(followAppAttributes), class spoon.support.reflect.code.CtLocalVariableImpl
class spoon.support.reflect.code.CtConstructorCallImpl
statement is: tabbedPane.add(new Component(), "Test component", 0), class spoon.support.reflect.code.CtInvocationImpl
invocation is: tabbedPane.add(new Component(), "Test component", 0) target is: tabbedPane method is: add(Component,java.lang.String,int)
source statement: ghm.follow.gui.TabbedPane(Lghm/follow/config/FollowAppAttributes;)V callee: VariableReference: Statement 1, type ghm.follow.gui.TabbedPaneindex is: 1
Matched Method is: add(Ljava/awt/Component;Ljava/lang/Object;I)V
i 2 Parameters size() 2 Num of Method Parameters: 3
statement is: tabbedPane.setSelectedComponent(new FileFollowingPane()), class spoon.support.reflect.code.CtInvocationImpl
invocation is: tabbedPane.setSelectedComponent(new FileFollowingPane()) target is: tabbedPane method is: setSelectedComponent(FileFollowingPane)
source statement: ghm.follow.gui.TabbedPane(Lghm/follow/config/FollowAppAttributes;)V callee: VariableReference: Statement 1, type ghm.follow.gui.TabbedPaneindex is: 1
Matched Method is: setSelectedComponent(Lghm/follow/gui/FileFollowingPane;)V
i 0 Parameters size() 0 Num of Method Parameters: 1
statement is: // Test to ensure that the selected component is correctly set to a file following pane. }}, class spoon.support.reflect.code.CtCommentImpl
TestCase is: FollowAppAttributes followAppAttributes = new FollowAppAttributes();
TabbedPane tabbedPane = new TabbedPane(followAppAttributes);
String string = "Test component";
int _int = 0;
int _int = null;
tabbedPane.add((Component) string, (Object) _int, _int);
FileFollowingPane fileFollowingPane = null;
tabbedPane.setSelectedComponent(fileFollowingPane);

* test suite isTestSuite: 12
Test 0: 
FollowAppAttributes followAppAttributes = new FollowAppAttributes();
TabbedPane tabbedPane = new TabbedPane(followAppAttributes);
tabbedPane.findComponentAt(2, 4);
Test 1: 
FollowAppAttributes followAppAttributes = new FollowAppAttributes();
MockFile mockFile = new MockFile("fileChooser.lastDir", "Migrating v1.5 properties to 1.6.0.");
Font font = new Font((Map<? extends AttributedCharacterIterator.Attribute, ?>) null);
FileFollowingPane fileFollowingPane = new FileFollowingPane(mockFile, 0, 2, false, font, 2);
TabbedPane tabbedPane = new TabbedPane(followAppAttributes);
tabbedPane.addTab("tabs.placement", (Component) fileFollowingPane);
tabbedPane.setSize(3, 2);
tabbedPane.findComponentAt(1, 1);
Test 2: 
FollowAppAttributes followAppAttributes = new FollowAppAttributes();
MockFile mockFile = new MockFile("fileChooser.lastDir", "Migrating v1.5 properties to 1.6.0.");
Font font = new Font((Map<? extends AttributedCharacterIterator.Attribute, ?>) null);
FileFollowingPane fileFollowingPane = new FileFollowingPane(mockFile, 0, 2, false, font, 2);
TabbedPane tabbedPane = new TabbedPane(followAppAttributes);
tabbedPane.addTab("tabs.placement", (Component) fileFollowingPane);
tabbedPane.removeTabAt(0);
Test 3: 
FollowAppAttributes followAppAttributes = new FollowAppAttributes();
TabbedPane tabbedPane = new TabbedPane(followAppAttributes);
tabbedPane.setSelectedIndex((-1));
Test 4: 
FollowAppAttributes followAppAttributes = new FollowAppAttributes();
TabbedPane tabbedPane = new TabbedPane(followAppAttributes);
tabbedPane.setIgnoreRepaint(true);
tabbedPane.setSize(3, 2);
tabbedPane.findComponentAt(1, 1);
Test 5: 
FollowAppAttributes followAppAttributes = new FollowAppAttributes();
TabbedPane tabbedPane = new TabbedPane(followAppAttributes);
tabbedPane.add((Component) null, (Object) null, 0);
tabbedPane.setSelectedComponent((FileFollowingPane) null);
Test 6: 
FollowAppAttributes followAppAttributes = new FollowAppAttributes();
TabbedPane tabbedPane = new TabbedPane(followAppAttributes);
tabbedPane.findComponentAt(2, 4);

Test 7: 
FollowAppAttributes followAppAttributes = new FollowAppAttributes();
MockFile mockFile = new MockFile("fileChooser.lastDir", "Migrating v1.5 properties to 1.6.0.");
int _int = 0;
FileFollowingPane fileFollowingPane = new FileFollowingPane(mockFile, 0, 2, false, (Font) 2, 2);
TabbedPane tabbedPane = new TabbedPane(followAppAttributes);
String string = "tabs.placement";
((JTabbedPane) _int).addTab(string, (Component) fileFollowingPane);
int _int = 3;
int _int = 2;
((Component) _int).setSize(_int, _int);
int _int = 1;
int _int = 1;
((TabbedPane) _int).findComponentAt(_int, _int);

Test 8: 
FollowAppAttributes followAppAttributes = new FollowAppAttributes();
MockFile mockFile = new MockFile("fileChooser.lastDir", "Migrating v1.5 properties to 1.6.0.");
Font font = new Font((Map<? extends AttributedCharacterIterator.Attribute, ?>) null);
FileFollowingPane fileFollowingPane = new FileFollowingPane(mockFile, 0, 2, false, font, 2);
TabbedPane tabbedPane = new TabbedPane(followAppAttributes);
((JTabbedPane) font).addTab("tabs.placement", (Component) fileFollowingPane);
int _int = 1;
((TabbedPane) font).removeTabAt(_int);

Test 9: 
FollowAppAttributes followAppAttributes = new FollowAppAttributes();
TabbedPane tabbedPane = new TabbedPane(followAppAttributes);
tabbedPane.setSelectedIndex(5);

Test 10: 
FollowAppAttributes followAppAttributes = new FollowAppAttributes();
TabbedPane tabbedPane = new TabbedPane(followAppAttributes);
tabbedPane.setIgnoreRepaint(true);
tabbedPane.setSize(3, 2);
tabbedPane.findComponentAt(1, 1);

Test 11: 
FollowAppAttributes followAppAttributes = new FollowAppAttributes();
TabbedPane tabbedPane = new TabbedPane(followAppAttributes);
tabbedPane.add((Component) "Test component", (Object) 0, (int) (Integer) null);
FileFollowingPane fileFollowingPane = null;
tabbedPane.setSelectedComponent(fileFollowingPane);


* Generated after the refinement and before minimization 12 tests with total length 67
* test suite isTestSuite: 12
Test 0: 
FollowAppAttributes followAppAttributes = new FollowAppAttributes();
TabbedPane tabbedPane = new TabbedPane(followAppAttributes);
tabbedPane.findComponentAt(2, 4);
Test 1: 
FollowAppAttributes followAppAttributes = new FollowAppAttributes();
MockFile mockFile = new MockFile("fileChooser.lastDir", "Migrating v1.5 properties to 1.6.0.");
Font font = new Font((Map<? extends AttributedCharacterIterator.Attribute, ?>) null);
FileFollowingPane fileFollowingPane = new FileFollowingPane(mockFile, 0, 2, false, font, 2);
TabbedPane tabbedPane = new TabbedPane(followAppAttributes);
tabbedPane.addTab("tabs.placement", (Component) fileFollowingPane);
tabbedPane.setSize(3, 2);
tabbedPane.findComponentAt(1, 1);
Test 2: 
FollowAppAttributes followAppAttributes = new FollowAppAttributes();
MockFile mockFile = new MockFile("fileChooser.lastDir", "Migrating v1.5 properties to 1.6.0.");
Font font = new Font((Map<? extends AttributedCharacterIterator.Attribute, ?>) null);
FileFollowingPane fileFollowingPane = new FileFollowingPane(mockFile, 0, 2, false, font, 2);
TabbedPane tabbedPane = new TabbedPane(followAppAttributes);
tabbedPane.addTab("tabs.placement", (Component) fileFollowingPane);
tabbedPane.removeTabAt(0);
Test 3: 
FollowAppAttributes followAppAttributes = new FollowAppAttributes();
TabbedPane tabbedPane = new TabbedPane(followAppAttributes);
tabbedPane.setSelectedIndex((-1));
Test 4: 
FollowAppAttributes followAppAttributes = new FollowAppAttributes();
TabbedPane tabbedPane = new TabbedPane(followAppAttributes);
tabbedPane.setIgnoreRepaint(true);
tabbedPane.setSize(3, 2);
tabbedPane.findComponentAt(1, 1);
Test 5: 
FollowAppAttributes followAppAttributes = new FollowAppAttributes();
TabbedPane tabbedPane = new TabbedPane(followAppAttributes);
tabbedPane.add((Component) null, (Object) null, 0);
tabbedPane.setSelectedComponent((FileFollowingPane) null);
Test 6: 
FollowAppAttributes followAppAttributes = new FollowAppAttributes();
TabbedPane tabbedPane = new TabbedPane(followAppAttributes);
tabbedPane.findComponentAt(2, 4);

Test 7: 
FollowAppAttributes followAppAttributes = new FollowAppAttributes();
MockFile mockFile = new MockFile("fileChooser.lastDir", "Migrating v1.5 properties to 1.6.0.");
int _int = 0;
FileFollowingPane fileFollowingPane = new FileFollowingPane(mockFile, 0, 2, false, (Font) 2, 2);
TabbedPane tabbedPane = new TabbedPane(followAppAttributes);
String string = "tabs.placement";
((JTabbedPane) _int).addTab(string, (Component) fileFollowingPane);
int _int = 3;
int _int = 2;
((Component) _int).setSize(_int, _int);
int _int = 1;
int _int = 1;
((TabbedPane) _int).findComponentAt(_int, _int);

Test 8: 
FollowAppAttributes followAppAttributes = new FollowAppAttributes();
MockFile mockFile = new MockFile("fileChooser.lastDir", "Migrating v1.5 properties to 1.6.0.");
Font font = new Font((Map<? extends AttributedCharacterIterator.Attribute, ?>) null);
FileFollowingPane fileFollowingPane = new FileFollowingPane(mockFile, 0, 2, false, font, 2);
TabbedPane tabbedPane = new TabbedPane(followAppAttributes);
((JTabbedPane) font).addTab("tabs.placement", (Component) fileFollowingPane);
int _int = 1;
((TabbedPane) font).removeTabAt(_int);

Test 9: 
FollowAppAttributes followAppAttributes = new FollowAppAttributes();
TabbedPane tabbedPane = new TabbedPane(followAppAttributes);
tabbedPane.setSelectedIndex(5);

Test 10: 
FollowAppAttributes followAppAttributes = new FollowAppAttributes();
TabbedPane tabbedPane = new TabbedPane(followAppAttributes);
tabbedPane.setIgnoreRepaint(true);
tabbedPane.setSize(3, 2);
tabbedPane.findComponentAt(1, 1);

Test 11: 
FollowAppAttributes followAppAttributes = new FollowAppAttributes();
TabbedPane tabbedPane = new TabbedPane(followAppAttributes);
tabbedPane.add((Component) "Test component", (Object) 0, (int) (Integer) null);
FileFollowingPane fileFollowingPane = null;
tabbedPane.setSelectedComponent(fileFollowingPane);


* Minimizing test suite
* test suite isTestSuite: 6
Test 0: 
FollowAppAttributes followAppAttributes = new FollowAppAttributes();
TabbedPane tabbedPane = new TabbedPane(followAppAttributes);
tabbedPane.findComponentAt(2, 4);
Test 1: 
FollowAppAttributes followAppAttributes = new FollowAppAttributes();
MockFile mockFile = new MockFile("fileChooser.lastDir", "Migrating v1.5 properties to 1.6.0.");
Font font = new Font((Map<? extends AttributedCharacterIterator.Attribute, ?>) null);
FileFollowingPane fileFollowingPane = new FileFollowingPane(mockFile, 0, 2, false, font, 2);
TabbedPane tabbedPane = new TabbedPane(followAppAttributes);
tabbedPane.addTab("tabs.placement", (Component) fileFollowingPane);
tabbedPane.setSize(3, 2);
tabbedPane.findComponentAt(1, 1);
Test 2: 
FollowAppAttributes followAppAttributes = new FollowAppAttributes();
TabbedPane tabbedPane = new TabbedPane(followAppAttributes);
tabbedPane.setSelectedIndex((-1));
Test 3: 
FollowAppAttributes followAppAttributes = new FollowAppAttributes();
TabbedPane tabbedPane = new TabbedPane(followAppAttributes);
tabbedPane.setIgnoreRepaint(true);
tabbedPane.setSize(3, 2);
tabbedPane.findComponentAt(1, 1);
Test 4: 
FollowAppAttributes followAppAttributes = new FollowAppAttributes();
MockFile mockFile = new MockFile("fileChooser.lastDir", "Migrating v1.5 properties to 1.6.0.");
Font font = new Font((Map<? extends AttributedCharacterIterator.Attribute, ?>) null);
FileFollowingPane fileFollowingPane = new FileFollowingPane(mockFile, 0, 2, false, font, 2);
TabbedPane tabbedPane = new TabbedPane(followAppAttributes);
tabbedPane.addTab("tabs.placement", (Component) fileFollowingPane);
tabbedPane.removeTabAt(0);
Test 5: 
FollowAppAttributes followAppAttributes = new FollowAppAttributes();
TabbedPane tabbedPane = new TabbedPane(followAppAttributes);
tabbedPane.add((Component) null, (Object) null, 0);
tabbedPane.setSelectedComponent((FileFollowingPane) null);

* Going to analyze the coverage criteria
* Coverage analysis for criterion BRANCH
* Coverage of criterion BRANCH: 70%
* Total number of goals: 20
* Number of covered goals: 14
* Coverage analysis for criterion LINE
* Coverage of criterion LINE: 94%
* Total number of goals: 31
* Number of covered goals: 29
* Coverage analysis for criterion OUTPUT
* Coverage of criterion OUTPUT: 15%
* Total number of goals: 27
* Number of covered goals: 4
* Coverage analysis for criterion METHOD
* Coverage of criterion METHOD: 100%
* Total number of goals: 5
* Number of covered goals: 5
* Coverage analysis for criterion CBRANCH
* Coverage of criterion CBRANCH: 70%
* Total number of goals: 20
* Number of covered goals: 14
* Generated 6 tests with total length 30
* Resulting test suite's coverage: 70% (average coverage for all fitness functions)
* Generating assertions
* Resulting test suite's mutation score: 30%
* Compiling and checking tests
Going to execute: removeTestsThatDoNotCompile
* Compiling Tests
** Write a test suite: 0 called: 0 to improve: false
* Compiling Tests
** Write a test suite: 0 called: 0 to improve: true
** Improve Understandability: ** Test Code is: FollowAppAttributes arg0 = new FollowAppAttributes();
TabbedPane tabbedPane = new TabbedPane(arg0);
Component findComponentAt = tabbedPane.findComponentAt(2, 4);
assertNull(findComponentAt);


** It was a parseable test case! 
refined test name is: testFindComponentAtNullWhenPositionOutOfBounds
* Compiling Tests
** Write a test suite: 0 called: 0 to improve: false
* Compiling Tests
** Write a test suite: 0 called: 0 to improve: false
* Compiling Tests
** Write a test suite: 0 called: 0 to improve: true
** Improve Understandability: ** Test Code is: FollowAppAttributes arg0 = new FollowAppAttributes();
TabbedPane tabbedPane = new TabbedPane(arg0);
tabbedPane.setSelectedIndex((-1));
assertFalse(tabbedPane.getIgnoreRepaint());


** It was a parseable test case! 
refined test name is: testIgnoreRepaintWhenSelectedIndexIsMinusOne
* Compiling Tests
** Write a test suite: 0 called: 0 to improve: false
* Compiling Tests
** Write a test suite: 0 called: 0 to improve: true
** Improve Understandability: ** Test Code is: FollowAppAttributes arg0 = new FollowAppAttributes();
TabbedPane tabbedPane = new TabbedPane(arg0);
tabbedPane.setIgnoreRepaint(true);
tabbedPane.setSize(3, 2);
Component findComponentAt = tabbedPane.findComponentAt(1, 1);
assertTrue(findComponentAt.getIgnoreRepaint());


** It was a parseable test case! 
refined test name is: testTabbedPaneIgnoreRepaintProperty
* Compiling Tests
** Write a test suite: 0 called: 0 to improve: false
* Compiling Tests
** Write a test suite: 0 called: 0 to improve: false
* Compiling Tests
** Write a test suite: 0 called: 0 to improve: true
** Improve Understandability: ** Test Code is: FollowAppAttributes arg0 = new FollowAppAttributes();
TabbedPane tabbedPane = new TabbedPane(arg0);
tabbedPane.add((Component) null, (Object) null, 0);
tabbedPane.setSelectedComponent((FileFollowingPane) null);
assertFalse(tabbedPane.isFocusCycleRoot());


** It was a parseable test case! 
refined test name is: testAddTabSetsSelectedComponentToNewlyAddedTab
Going to execute: handleTestsThatAreUnstable
* Compiling Tests
[MASTER] 04:04:22.796 [logback-1] WARN  AgentLoader - Failed to find EvoSuite jar in current classloader. URLs of classloader:
file:/tmp/EvoSuite_pathingJar4071814078486009293.jar
file:/root/.sdkman/candidates/java/8.0.333.fx-librca/jre/../lib/tools.jar
file:/root/.sdkman/candidates/java/8.0.333.fx-librca/jre/lib/ext/cldrdata.jar
file:/root/.sdkman/candidates/java/8.0.333.fx-librca/jre/lib/ext/sunec.jar
file:/root/.sdkman/candidates/java/8.0.333.fx-librca/jre/lib/ext/localedata.jar
file:/root/.sdkman/candidates/java/8.0.333.fx-librca/jre/lib/ext/jaccess.jar
file:/root/.sdkman/candidates/java/8.0.333.fx-librca/jre/lib/ext/dnsns.jar
file:/root/.sdkman/candidates/java/8.0.333.fx-librca/jre/lib/ext/sunpkcs11.jar
file:/root/.sdkman/candidates/java/8.0.333.fx-librca/jre/lib/ext/zipfs.jar
file:/root/.sdkman/candidates/java/8.0.333.fx-librca/jre/lib/ext/jfxrt.jar
file:/root/.sdkman/candidates/java/8.0.333.fx-librca/jre/lib/ext/sunjce_provider.jar
file:/root/.sdkman/candidates/java/8.0.333.fx-librca/jre/lib/ext/nashorn.jar
Going to execute: handleTestsThatAreUnstable
* Compiling Tests
[MASTER] 04:04:22.812 [logback-1] WARN  JUnitAnalyzer - Found unstable test named initializationError -> class java.lang.RuntimeException: Cannot find either the compilation target folder nor the EvoSuite jar in classpath: /tmp/EvoSuite_pathingJar4071814078486009293.jar
[MASTER] 04:04:22.865 [logback-1] WARN  AgentLoader - Failed to find EvoSuite jar in current classloader. URLs of classloader:
file:/tmp/EvoSuite_pathingJar4071814078486009293.jar
file:/root/.sdkman/candidates/java/8.0.333.fx-librca/jre/../lib/tools.jar
file:/root/.sdkman/candidates/java/8.0.333.fx-librca/jre/lib/ext/cldrdata.jar
file:/root/.sdkman/candidates/java/8.0.333.fx-librca/jre/lib/ext/sunec.jar
file:/root/.sdkman/candidates/java/8.0.333.fx-librca/jre/lib/ext/localedata.jar
file:/root/.sdkman/candidates/java/8.0.333.fx-librca/jre/lib/ext/jaccess.jar
file:/root/.sdkman/candidates/java/8.0.333.fx-librca/jre/lib/ext/dnsns.jar
file:/root/.sdkman/candidates/java/8.0.333.fx-librca/jre/lib/ext/sunpkcs11.jar
file:/root/.sdkman/candidates/java/8.0.333.fx-librca/jre/lib/ext/zipfs.jar
file:/root/.sdkman/candidates/java/8.0.333.fx-librca/jre/lib/ext/jfxrt.jar
file:/root/.sdkman/candidates/java/8.0.333.fx-librca/jre/lib/ext/sunjce_provider.jar
file:/root/.sdkman/candidates/java/8.0.333.fx-librca/jre/lib/ext/nashorn.jar
[MASTER] 04:04:22.866 [logback-1] WARN  JUnitAnalyzer - Found unstable test named initializationError -> class java.lang.RuntimeException: Cannot find either the compilation target folder nor the EvoSuite jar in classpath: /tmp/EvoSuite_pathingJar4071814078486009293.jar
Going to execute: handleTestsThatAreUnstable
* Compiling Tests
[MASTER] 04:04:22.919 [logback-1] WARN  AgentLoader - Failed to find EvoSuite jar in current classloader. URLs of classloader:
file:/tmp/EvoSuite_pathingJar4071814078486009293.jar
file:/root/.sdkman/candidates/java/8.0.333.fx-librca/jre/../lib/tools.jar
file:/root/.sdkman/candidates/java/8.0.333.fx-librca/jre/lib/ext/cldrdata.jar
file:/root/.sdkman/candidates/java/8.0.333.fx-librca/jre/lib/ext/sunec.jar
file:/root/.sdkman/candidates/java/8.0.333.fx-librca/jre/lib/ext/localedata.jar
file:/root/.sdkman/candidates/java/8.0.333.fx-librca/jre/lib/ext/jaccess.jar
file:/root/.sdkman/candidates/java/8.0.333.fx-librca/jre/lib/ext/dnsns.jar
file:/root/.sdkman/candidates/java/8.0.333.fx-librca/jre/lib/ext/sunpkcs11.jar
file:/root/.sdkman/candidates/java/8.0.333.fx-librca/jre/lib/ext/zipfs.jar
file:/root/.sdkman/candidates/java/8.0.333.fx-librca/jre/lib/ext/jfxrt.jar
file:/root/.sdkman/candidates/java/8.0.333.fx-librca/jre/lib/ext/sunjce_provider.jar
file:/root/.sdkman/candidates/java/8.0.333.fx-librca/jre/lib/ext/nashorn.jar
[MASTER] 04:04:22.920 [logback-1] WARN  JUnitAnalyzer - Found unstable test named initializationError -> class java.lang.RuntimeException: Cannot find either the compilation target folder nor the EvoSuite jar in classpath: /tmp/EvoSuite_pathingJar4071814078486009293.jar
Going to execute: handleTestsThatAreUnstable
* Compiling Tests
Going to execute: handleTestsThatAreUnstable
* Compiling Tests
[MASTER] 04:04:22.988 [logback-1] WARN  AgentLoader - Failed to find EvoSuite jar in current classloader. URLs of classloader:
file:/tmp/EvoSuite_pathingJar4071814078486009293.jar
file:/root/.sdkman/candidates/java/8.0.333.fx-librca/jre/../lib/tools.jar
file:/root/.sdkman/candidates/java/8.0.333.fx-librca/jre/lib/ext/cldrdata.jar
file:/root/.sdkman/candidates/java/8.0.333.fx-librca/jre/lib/ext/sunec.jar
file:/root/.sdkman/candidates/java/8.0.333.fx-librca/jre/lib/ext/localedata.jar
file:/root/.sdkman/candidates/java/8.0.333.fx-librca/jre/lib/ext/jaccess.jar
file:/root/.sdkman/candidates/java/8.0.333.fx-librca/jre/lib/ext/dnsns.jar
file:/root/.sdkman/candidates/java/8.0.333.fx-librca/jre/lib/ext/sunpkcs11.jar
file:/root/.sdkman/candidates/java/8.0.333.fx-librca/jre/lib/ext/zipfs.jar
file:/root/.sdkman/candidates/java/8.0.333.fx-librca/jre/lib/ext/jfxrt.jar
file:/root/.sdkman/candidates/java/8.0.333.fx-librca/jre/lib/ext/sunjce_provider.jar
file:/root/.sdkman/candidates/java/8.0.333.fx-librca/jre/lib/ext/nashorn.jar
[MASTER] 04:04:22.989 [logback-1] WARN  JUnitAnalyzer - Found unstable test named initializationError -> class java.lang.RuntimeException: Cannot find either the compilation target folder nor the EvoSuite jar in classpath: /tmp/EvoSuite_pathingJar4071814078486009293.jar
[MASTER] 04:04:23.069 [logback-1] WARN  AgentLoader - Failed to find EvoSuite jar in current classloader. URLs of classloader:
file:/tmp/EvoSuite_pathingJar4071814078486009293.jar
file:/root/.sdkman/candidates/java/8.0.333.fx-librca/jre/../lib/tools.jar
file:/root/.sdkman/candidates/java/8.0.333.fx-librca/jre/lib/ext/cldrdata.jar
file:/root/.sdkman/candidates/java/8.0.333.fx-librca/jre/lib/ext/sunec.jar
file:/root/.sdkman/candidates/java/8.0.333.fx-librca/jre/lib/ext/localedata.jar
file:/root/.sdkman/candidates/java/8.0.333.fx-librca/jre/lib/ext/jaccess.jar
file:/root/.sdkman/candidates/java/8.0.333.fx-librca/jre/lib/ext/dnsns.jar
file:/root/.sdkman/candidates/java/8.0.333.fx-librca/jre/lib/ext/sunpkcs11.jar
file:/root/.sdkman/candidates/java/8.0.333.fx-librca/jre/lib/ext/zipfs.jar
file:/root/.sdkman/candidates/java/8.0.333.fx-librca/jre/lib/ext/jfxrt.jar
file:/root/.sdkman/candidates/java/8.0.333.fx-librca/jre/lib/ext/sunjce_provider.jar
file:/root/.sdkman/candidates/java/8.0.333.fx-librca/jre/lib/ext/nashorn.jar
[MASTER] 04:04:23.070 [logback-1] WARN  JUnitAnalyzer - Found unstable test named initializationError -> class java.lang.RuntimeException: Cannot find either the compilation target folder nor the EvoSuite jar in classpath: /tmp/EvoSuite_pathingJar4071814078486009293.jar
Going to execute: handleTestsThatAreUnstable
* Compiling Tests
[MASTER] 04:04:23.149 [logback-1] WARN  AgentLoader - Failed to find EvoSuite jar in current classloader. URLs of classloader:
file:/tmp/EvoSuite_pathingJar4071814078486009293.jar
file:/root/.sdkman/candidates/java/8.0.333.fx-librca/jre/../lib/tools.jar
file:/root/.sdkman/candidates/java/8.0.333.fx-librca/jre/lib/ext/cldrdata.jar
file:/root/.sdkman/candidates/java/8.0.333.fx-librca/jre/lib/ext/sunec.jar
file:/root/.sdkman/candidates/java/8.0.333.fx-librca/jre/lib/ext/localedata.jar
file:/root/.sdkman/candidates/java/8.0.333.fx-librca/jre/lib/ext/jaccess.jar
file:/root/.sdkman/candidates/java/8.0.333.fx-librca/jre/lib/ext/dnsns.jar
file:/root/.sdkman/candidates/java/8.0.333.fx-librca/jre/lib/ext/sunpkcs11.jar
file:/root/.sdkman/candidates/java/8.0.333.fx-librca/jre/lib/ext/zipfs.jar
file:/root/.sdkman/candidates/java/8.0.333.fx-librca/jre/lib/ext/jfxrt.jar
file:/root/.sdkman/candidates/java/8.0.333.fx-librca/jre/lib/ext/sunjce_provider.jar
file:/root/.sdkman/candidates/java/8.0.333.fx-librca/jre/lib/ext/nashorn.jar
[MASTER] 04:04:23.150 [logback-1] WARN  JUnitAnalyzer - Found unstable test named initializationError -> class java.lang.RuntimeException: Cannot find either the compilation target folder nor the EvoSuite jar in classpath: /tmp/EvoSuite_pathingJar4071814078486009293.jar
[MASTER] 04:04:23.253 [logback-1] WARN  TimeController - Already entered in phase: INLINING. This will mess up the timing calculations.
* test suite isTestSuite: 6
Test 0: 
FollowAppAttributes followAppAttributes = new FollowAppAttributes();
TabbedPane tabbedPane = new TabbedPane(followAppAttributes);
tabbedPane.findComponentAt(2, 4);
Test 1: 
FollowAppAttributes followAppAttributes = new FollowAppAttributes();
MockFile mockFile = new MockFile("fileChooser.lastDir", "Migrating v1.5 properties to 1.6.0.");
Font font = new Font((Map<? extends AttributedCharacterIterator.Attribute, ?>) null);
FileFollowingPane fileFollowingPane = new FileFollowingPane(mockFile, 0, 2, false, font, 2);
TabbedPane tabbedPane = new TabbedPane(followAppAttributes);
tabbedPane.addTab("tabs.placement", (Component) fileFollowingPane);
tabbedPane.setSize(3, 2);
tabbedPane.findComponentAt(1, 1);
Test 2: 
FollowAppAttributes followAppAttributes = new FollowAppAttributes();
MockFile mockFile = new MockFile("fileChooser.lastDir", "Migrating v1.5 properties to 1.6.0.");
Font font = new Font((Map<? extends AttributedCharacterIterator.Attribute, ?>) null);
FileFollowingPane fileFollowingPane = new FileFollowingPane(mockFile, 0, 2, false, font, 2);
TabbedPane tabbedPane = new TabbedPane(followAppAttributes);
tabbedPane.addTab("tabs.placement", (Component) fileFollowingPane);
tabbedPane.removeTabAt(0);
Test 3: 
FollowAppAttributes followAppAttributes = new FollowAppAttributes();
TabbedPane tabbedPane = new TabbedPane(followAppAttributes);
tabbedPane.setSelectedIndex((-1));
Test 4: 
FollowAppAttributes followAppAttributes = new FollowAppAttributes();
TabbedPane tabbedPane = new TabbedPane(followAppAttributes);
tabbedPane.setIgnoreRepaint(true);
tabbedPane.setSize(3, 2);
tabbedPane.findComponentAt(1, 1);
Test 5: 
FollowAppAttributes followAppAttributes = new FollowAppAttributes();
TabbedPane tabbedPane = new TabbedPane(followAppAttributes);
tabbedPane.add((Component) null, (Object) null, 0);
tabbedPane.setSelectedComponent((FileFollowingPane) null);

* Minimizing test suite
[MASTER] 04:04:25.184 [logback-1] WARN  TimeController - Already entered in phase: MINIMIZATION. This will mess up the timing calculations.
* test suite isTestSuite: 6
Test 0: 
FollowAppAttributes followAppAttributes = new FollowAppAttributes();
TabbedPane tabbedPane = new TabbedPane(followAppAttributes);
tabbedPane.setSelectedIndex((-1));
Test 1: 
FollowAppAttributes followAppAttributes = new FollowAppAttributes();
TabbedPane tabbedPane = new TabbedPane(followAppAttributes);
tabbedPane.findComponentAt(2, 4);
Test 2: 
FollowAppAttributes followAppAttributes = new FollowAppAttributes();
MockFile mockFile = new MockFile("fileChooser.lastDir", "Migrating v1.5 properties to 1.6.0.");
Font font = new Font((Map<? extends AttributedCharacterIterator.Attribute, ?>) null);
FileFollowingPane fileFollowingPane = new FileFollowingPane(mockFile, 0, 2, false, font, 2);
TabbedPane tabbedPane = new TabbedPane(followAppAttributes);
tabbedPane.addTab("tabs.placement", (Component) fileFollowingPane);
tabbedPane.setSize(3, 2);
tabbedPane.findComponentAt(1, 1);
Test 3: 
FollowAppAttributes followAppAttributes = new FollowAppAttributes();
TabbedPane tabbedPane = new TabbedPane(followAppAttributes);
tabbedPane.setIgnoreRepaint(true);
tabbedPane.setSize(3, 2);
tabbedPane.findComponentAt(1, 1);
Test 4: 
FollowAppAttributes followAppAttributes = new FollowAppAttributes();
MockFile mockFile = new MockFile("fileChooser.lastDir", "Migrating v1.5 properties to 1.6.0.");
Font font = new Font((Map<? extends AttributedCharacterIterator.Attribute, ?>) null);
FileFollowingPane fileFollowingPane = new FileFollowingPane(mockFile, 0, 2, false, font, 2);
TabbedPane tabbedPane = new TabbedPane(followAppAttributes);
tabbedPane.addTab("tabs.placement", (Component) fileFollowingPane);
tabbedPane.removeTabAt(0);
Test 5: 
FollowAppAttributes followAppAttributes = new FollowAppAttributes();
TabbedPane tabbedPane = new TabbedPane(followAppAttributes);
tabbedPane.add((Component) null, (Object) null, 0);
tabbedPane.setSelectedComponent((FileFollowingPane) null);

* Going to analyze the coverage criteria
* Coverage analysis for criterion BRANCH
* Coverage of criterion BRANCH: 70%
* Total number of goals: 20
* Number of covered goals: 14
* Coverage analysis for criterion LINE
* Coverage of criterion LINE: 94%
* Total number of goals: 31
* Number of covered goals: 29
* Coverage analysis for criterion OUTPUT
* Coverage of criterion OUTPUT: 15%
* Total number of goals: 27
* Number of covered goals: 4
* Coverage analysis for criterion METHOD
* Coverage of criterion METHOD: 100%
* Total number of goals: 5
* Number of covered goals: 5
* Coverage analysis for criterion CBRANCH
* Coverage of criterion CBRANCH: 70%
* Total number of goals: 20
* Number of covered goals: 14
[MASTER] 04:04:25.200 [logback-1] WARN  TimeController - Already entered in phase: COVERAGE_ANALYSIS. This will mess up the timing calculations.
* Generated 6 tests with total length 30
* Resulting test suite's coverage: 70% (average coverage for all fitness functions)
* Generating assertions
* Resulting test suite's mutation score: 30%
[MASTER] 04:04:27.844 [logback-1] WARN  TimeController - Already entered in phase: ASSERTION_GENERATION. This will mess up the timing calculations.
* Compiling and checking tests
Going to execute: removeTestsThatDoNotCompile
* Compiling Tests
** Write a test suite: 0 called: 0 to improve: false
* Compiling Tests
** Write a test suite: 0 called: 0 to improve: false
* Compiling Tests
** Write a test suite: 0 called: 0 to improve: false
* Compiling Tests
** Write a test suite: 0 called: 0 to improve: false
* Compiling Tests
** Write a test suite: 0 called: 0 to improve: false
* Compiling Tests
** Write a test suite: 0 called: 0 to improve: false
Going to execute: handleTestsThatAreUnstable
* Compiling Tests
** Write a test suite: 0 called: 0 to improve: false
[MASTER] 04:04:28.272 [logback-1] WARN  AgentLoader - Failed to find EvoSuite jar in current classloader. URLs of classloader:
file:/tmp/EvoSuite_pathingJar4071814078486009293.jar
file:/root/.sdkman/candidates/java/8.0.333.fx-librca/jre/../lib/tools.jar
file:/root/.sdkman/candidates/java/8.0.333.fx-librca/jre/lib/ext/cldrdata.jar
file:/root/.sdkman/candidates/java/8.0.333.fx-librca/jre/lib/ext/sunec.jar
file:/root/.sdkman/candidates/java/8.0.333.fx-librca/jre/lib/ext/localedata.jar
file:/root/.sdkman/candidates/java/8.0.333.fx-librca/jre/lib/ext/jaccess.jar
file:/root/.sdkman/candidates/java/8.0.333.fx-librca/jre/lib/ext/dnsns.jar
file:/root/.sdkman/candidates/java/8.0.333.fx-librca/jre/lib/ext/sunpkcs11.jar
file:/root/.sdkman/candidates/java/8.0.333.fx-librca/jre/lib/ext/zipfs.jar
file:/root/.sdkman/candidates/java/8.0.333.fx-librca/jre/lib/ext/jfxrt.jar
file:/root/.sdkman/candidates/java/8.0.333.fx-librca/jre/lib/ext/sunjce_provider.jar
file:/root/.sdkman/candidates/java/8.0.333.fx-librca/jre/lib/ext/nashorn.jar
[MASTER] 04:04:28.273 [logback-1] WARN  JUnitAnalyzer - Found unstable test named initializationError -> class java.lang.RuntimeException: Cannot find either the compilation target folder nor the EvoSuite jar in classpath: /tmp/EvoSuite_pathingJar4071814078486009293.jar
Going to execute: handleTestsThatAreUnstable
* Compiling Tests
** Write a test suite: 0 called: 0 to improve: false
[MASTER] 04:04:28.323 [logback-1] WARN  AgentLoader - Failed to find EvoSuite jar in current classloader. URLs of classloader:
file:/tmp/EvoSuite_pathingJar4071814078486009293.jar
file:/root/.sdkman/candidates/java/8.0.333.fx-librca/jre/../lib/tools.jar
file:/root/.sdkman/candidates/java/8.0.333.fx-librca/jre/lib/ext/cldrdata.jar
file:/root/.sdkman/candidates/java/8.0.333.fx-librca/jre/lib/ext/sunec.jar
file:/root/.sdkman/candidates/java/8.0.333.fx-librca/jre/lib/ext/localedata.jar
file:/root/.sdkman/candidates/java/8.0.333.fx-librca/jre/lib/ext/jaccess.jar
file:/root/.sdkman/candidates/java/8.0.333.fx-librca/jre/lib/ext/dnsns.jar
file:/root/.sdkman/candidates/java/8.0.333.fx-librca/jre/lib/ext/sunpkcs11.jar
file:/root/.sdkman/candidates/java/8.0.333.fx-librca/jre/lib/ext/zipfs.jar
file:/root/.sdkman/candidates/java/8.0.333.fx-librca/jre/lib/ext/jfxrt.jar
file:/root/.sdkman/candidates/java/8.0.333.fx-librca/jre/lib/ext/sunjce_provider.jar
file:/root/.sdkman/candidates/java/8.0.333.fx-librca/jre/lib/ext/nashorn.jar
[MASTER] 04:04:28.324 [logback-1] WARN  JUnitAnalyzer - Found unstable test named initializationError -> class java.lang.RuntimeException: Cannot find either the compilation target folder nor the EvoSuite jar in classpath: /tmp/EvoSuite_pathingJar4071814078486009293.jar
Going to execute: handleTestsThatAreUnstable
* Compiling Tests
** Write a test suite: 0 called: 0 to improve: false
[MASTER] 04:04:28.375 [logback-1] WARN  AgentLoader - Failed to find EvoSuite jar in current classloader. URLs of classloader:
file:/tmp/EvoSuite_pathingJar4071814078486009293.jar
file:/root/.sdkman/candidates/java/8.0.333.fx-librca/jre/../lib/tools.jar
file:/root/.sdkman/candidates/java/8.0.333.fx-librca/jre/lib/ext/cldrdata.jar
file:/root/.sdkman/candidates/java/8.0.333.fx-librca/jre/lib/ext/sunec.jar
file:/root/.sdkman/candidates/java/8.0.333.fx-librca/jre/lib/ext/localedata.jar
file:/root/.sdkman/candidates/java/8.0.333.fx-librca/jre/lib/ext/jaccess.jar
file:/root/.sdkman/candidates/java/8.0.333.fx-librca/jre/lib/ext/dnsns.jar
file:/root/.sdkman/candidates/java/8.0.333.fx-librca/jre/lib/ext/sunpkcs11.jar
file:/root/.sdkman/candidates/java/8.0.333.fx-librca/jre/lib/ext/zipfs.jar
file:/root/.sdkman/candidates/java/8.0.333.fx-librca/jre/lib/ext/jfxrt.jar
file:/root/.sdkman/candidates/java/8.0.333.fx-librca/jre/lib/ext/sunjce_provider.jar
file:/root/.sdkman/candidates/java/8.0.333.fx-librca/jre/lib/ext/nashorn.jar
[MASTER] 04:04:28.376 [logback-1] WARN  JUnitAnalyzer - Found unstable test named initializationError -> class java.lang.RuntimeException: Cannot find either the compilation target folder nor the EvoSuite jar in classpath: /tmp/EvoSuite_pathingJar4071814078486009293.jar
Going to execute: handleTestsThatAreUnstable
* Compiling Tests
** Write a test suite: 0 called: 0 to improve: false
[MASTER] 04:04:28.425 [logback-1] WARN  AgentLoader - Failed to find EvoSuite jar in current classloader. URLs of classloader:
file:/tmp/EvoSuite_pathingJar4071814078486009293.jar
file:/root/.sdkman/candidates/java/8.0.333.fx-librca/jre/../lib/tools.jar
file:/root/.sdkman/candidates/java/8.0.333.fx-librca/jre/lib/ext/cldrdata.jar
file:/root/.sdkman/candidates/java/8.0.333.fx-librca/jre/lib/ext/sunec.jar
file:/root/.sdkman/candidates/java/8.0.333.fx-librca/jre/lib/ext/localedata.jar
file:/root/.sdkman/candidates/java/8.0.333.fx-librca/jre/lib/ext/jaccess.jar
file:/root/.sdkman/candidates/java/8.0.333.fx-librca/jre/lib/ext/dnsns.jar
file:/root/.sdkman/candidates/java/8.0.333.fx-librca/jre/lib/ext/sunpkcs11.jar
file:/root/.sdkman/candidates/java/8.0.333.fx-librca/jre/lib/ext/zipfs.jar
file:/root/.sdkman/candidates/java/8.0.333.fx-librca/jre/lib/ext/jfxrt.jar
file:/root/.sdkman/candidates/java/8.0.333.fx-librca/jre/lib/ext/sunjce_provider.jar
file:/root/.sdkman/candidates/java/8.0.333.fx-librca/jre/lib/ext/nashorn.jar
[MASTER] 04:04:28.426 [logback-1] WARN  JUnitAnalyzer - Found unstable test named initializationError -> class java.lang.RuntimeException: Cannot find either the compilation target folder nor the EvoSuite jar in classpath: /tmp/EvoSuite_pathingJar4071814078486009293.jar
Going to execute: handleTestsThatAreUnstable
* Compiling Tests
** Write a test suite: 0 called: 0 to improve: false
** Write a test suite: 1 called: 1 to improve: false
** Write a test suite: 2 called: 2 to improve: false
** Write a test suite: 3 called: 3 to improve: false
[MASTER] 04:04:28.514 [logback-1] WARN  AgentLoader - Failed to find EvoSuite jar in current classloader. URLs of classloader:
file:/tmp/EvoSuite_pathingJar4071814078486009293.jar
file:/root/.sdkman/candidates/java/8.0.333.fx-librca/jre/../lib/tools.jar
file:/root/.sdkman/candidates/java/8.0.333.fx-librca/jre/lib/ext/cldrdata.jar
file:/root/.sdkman/candidates/java/8.0.333.fx-librca/jre/lib/ext/sunec.jar
file:/root/.sdkman/candidates/java/8.0.333.fx-librca/jre/lib/ext/localedata.jar
file:/root/.sdkman/candidates/java/8.0.333.fx-librca/jre/lib/ext/jaccess.jar
file:/root/.sdkman/candidates/java/8.0.333.fx-librca/jre/lib/ext/dnsns.jar
file:/root/.sdkman/candidates/java/8.0.333.fx-librca/jre/lib/ext/sunpkcs11.jar
file:/root/.sdkman/candidates/java/8.0.333.fx-librca/jre/lib/ext/zipfs.jar
file:/root/.sdkman/candidates/java/8.0.333.fx-librca/jre/lib/ext/jfxrt.jar
file:/root/.sdkman/candidates/java/8.0.333.fx-librca/jre/lib/ext/sunjce_provider.jar
file:/root/.sdkman/candidates/java/8.0.333.fx-librca/jre/lib/ext/nashorn.jar
[MASTER] 04:04:28.515 [logback-1] WARN  JUnitAnalyzer - Found unstable test named initializationError -> class java.lang.RuntimeException: Cannot find either the compilation target folder nor the EvoSuite jar in classpath: /tmp/EvoSuite_pathingJar4071814078486009293.jar
Going to execute: handleTestsThatAreUnstable
* Compiling Tests
** Write a test suite: 0 called: 0 to improve: false
** Write a test suite: 1 called: 1 to improve: false
** Write a test suite: 2 called: 2 to improve: false
** Write a test suite: 3 called: 3 to improve: false
[MASTER] 04:04:28.612 [logback-1] WARN  AgentLoader - Failed to find EvoSuite jar in current classloader. URLs of classloader:
file:/tmp/EvoSuite_pathingJar4071814078486009293.jar
file:/root/.sdkman/candidates/java/8.0.333.fx-librca/jre/../lib/tools.jar
file:/root/.sdkman/candidates/java/8.0.333.fx-librca/jre/lib/ext/cldrdata.jar
file:/root/.sdkman/candidates/java/8.0.333.fx-librca/jre/lib/ext/sunec.jar
file:/root/.sdkman/candidates/java/8.0.333.fx-librca/jre/lib/ext/localedata.jar
file:/root/.sdkman/candidates/java/8.0.333.fx-librca/jre/lib/ext/jaccess.jar
file:/root/.sdkman/candidates/java/8.0.333.fx-librca/jre/lib/ext/dnsns.jar
file:/root/.sdkman/candidates/java/8.0.333.fx-librca/jre/lib/ext/sunpkcs11.jar
file:/root/.sdkman/candidates/java/8.0.333.fx-librca/jre/lib/ext/zipfs.jar
file:/root/.sdkman/candidates/java/8.0.333.fx-librca/jre/lib/ext/jfxrt.jar
file:/root/.sdkman/candidates/java/8.0.333.fx-librca/jre/lib/ext/sunjce_provider.jar
file:/root/.sdkman/candidates/java/8.0.333.fx-librca/jre/lib/ext/nashorn.jar
[MASTER] 04:04:28.612 [logback-1] WARN  JUnitAnalyzer - Found unstable test named initializationError -> class java.lang.RuntimeException: Cannot find either the compilation target folder nor the EvoSuite jar in classpath: /tmp/EvoSuite_pathingJar4071814078486009293.jar
* Writing tests to file
[MASTER] 04:04:28.615 [logback-1] WARN  TimeController - Already entered in phase: JUNIT_CHECK. This will mess up the timing calculations.
* Writing JUnit test case 'TabbedPane_ESTest' to evosuite-tests
* Writing JUnit test case 'TabbedPane_Original_ESTest' to evosuite-tests
** Write a test suite: 0 called: 0 to improve: false
** Write a test suite: 1 called: 1 to improve: false
** Write a test suite: 2 called: 2 to improve: false
** Write a test suite: 3 called: 3 to improve: false
* Done!

* Computation finished
