* EvoSuite 1.0.0-SNAPSHOT
* Going to generate test cases for class: Newzgrabber.BatchDriver
* Starting Client-0
* Properties loaded from /home/roham/Results-Utestgen/dataset/SF110-new-res/99_newzgrabber/evosuite-files/evosuite.properties
* Connecting to master process on port 20679
* Analyzing classpath: 
* Inheritance tree loaded from evosuite-files/inheritance.xml.gz
* Finished analyzing classpath
* Generating tests for class Newzgrabber.BatchDriver
* Test criteria:
  - Branch Coverage
  - Line Coverage
  - Method-Output Coverage
  - Top-Level Method Coverage
  - Context Branch Coverage
* Total number of test goals for DYNAMOSA: 171
* Using seed 1710465928413
* Starting evolution
[Progress:>                             0%] [Cov:>                                  0%]* Initial Number of Goals in DynaMOSA = 47 / 171
[Progress:>                             0%] [Cov:==>                                7%][Progress:=>                            5%] [Cov:==>                                7%][Progress:===>                          11%] [Cov:==>                                7%][Progress:======>                       21%] [Cov:==>                                7%][Progress:======>                       21%] [Cov:==>                                7%][Progress:=======>                      26%] [Cov:==>                                7%][Progress:=========>                    32%] [Cov:===>                               9%][Progress:===========>                  37%] [Cov:===>                               9%][Progress:============>                 42%] [Cov:===>                               9%][Progress:============>                 42%] [Cov:===>                               9%][Progress:===============>              52%] [Cov:====>                              12%][Progress:=================>            57%] [Cov:=========>                         28%][Progress:=================>            58%] [Cov:=========>                         28%][Progress:=================>            58%] [Cov:=========>                         28%][Progress:=================>            58%] [Cov:=========>                         28%][Progress:=================>            58%] [Cov:=========>                         28%][Progress:=================>            58%] [Cov:=========>                         28%][Progress:=================>            58%] [Cov:=========>                         28%][Progress:=================>            58%] [Cov:=========>                         28%][Progress:=================>            58%] [Cov:=========>                         28%][Progress:=================>            58%] [Cov:=========>                         28%][Progress:=================>            59%] [Cov:=========>                         28%][Progress:=================>            59%] [Cov:=========>                         28%][Progress:=================>            59%] [Cov:=========>                         28%][Progress:=================>            59%] [Cov:=========>                         28%][Progress:===================>          64%] [Cov:=========>                         28%][Progress:===================>          64%] [Cov:=========>                         28%][Progress:===================>          64%] [Cov:=========>                         28%][Progress:===================>          64%] [Cov:=========>                         28%][Progress:===================>          64%] [Cov:=========>                         28%][Progress:===================>          65%] [Cov:=========>                         28%][Progress:===================>          65%] [Cov:=========>                         28%][Progress:===================>          65%] [Cov:=========>                         28%][Progress:===================>          65%] [Cov:=========>                         28%][Progress:=====================>        70%] [Cov:=========>                         28%][Progress:=====================>        70%] [Cov:=========>                         28%][Progress:=====================>        70%] [Cov:=========>                         28%][Progress:=====================>        70%] [Cov:=========>                         28%][Progress:=====================>        70%] [Cov:=========>                         28%][Progress:=====================>        70%] [Cov:=========>                         28%][Progress:=====================>        70%] [Cov:=========>                         28%][Progress:=====================>        70%] [Cov:=========>                         28%][Progress:=====================>        70%] [Cov:=========>                         28%][Progress:======================>       76%] [Cov:=========>                         28%][Progress:======================>       76%] [Cov:=========>                         28%][Progress:======================>       76%] [Cov:=========>                         28%][Progress:======================>       76%] [Cov:=========>                         28%][Progress:======================>       76%] [Cov:=========>                         28%][Progress:======================>       76%] [Cov:=========>                         28%][Progress:========================>     81%] [Cov:=========>                         28%][Progress:========================>     81%] [Cov:=========>                         28%][Progress:========================>     81%] [Cov:=========>                         28%][Progress:========================>     81%] [Cov:=========>                         28%][Progress:===========================>  92%] [Cov:=========>                         28%][Progress:===========================>  92%] [Cov:=========>                         28%][Progress:===========================>  92%] [Cov:=========>                         28%][Progress:===========================>  92%] [Cov:=========>                         28%][Progress:=============================>97%] [Cov:=========>                         28%][Progress:=============================>97%] [Cov:=========>                         28%][Progress:=============================>97%] [Cov:=========>                         28%][Progress:=============================>97%] [Cov:=========>                         28%][Progress:=============================>97%] [Cov:=========>                         28%][Progress:=============================>97%] [Cov:=========>                         28%][Progress:=============================>97%] [Cov:=========>                         28%][Progress:=============================>98%] [Cov:=========>                         28%][Progress:=============================>98%] [Cov:=========>                         28%][Progress:=============================>98%] [Cov:=========>                         28%][Progress:==============================100%] [Cov:=========>                         28%]
* Search finished after 103s and 67 generations, 20123 statements, best individual has fitness: 135.0
* Generated before the refinement 3 tests with total length 15
statement is: EvoSuiteFile evoSuiteFile = new EvoSuiteFile("$+lLESo<") type is: class org.evosuite.testcase.statements.environment.FileNamePrimitiveStatement return type class org.evosuite.runtime.testdata.EvoSuiteFile
statement code is: EvoSuiteFile evoSuiteFile = new EvoSuiteFile("$+lLESo<")
statement is: org.evosuite.testcase.statements.ArrayStatement@26cee7e5 type is: class org.evosuite.testcase.statements.ArrayStatement return type class [B
statement code is: byte[] byteArray = new byte[1]
statement is: appendDataToFile(Lorg/evosuite/runtime/testdata/EvoSuiteFile;[B)Z type is: class org.evosuite.testcase.statements.MethodStatement return type boolean
statement code is: boolean appendDataToFile = FileSystemHandling.appendDataToFile(arg0, arg1)
statement is: Newzgrabber.BatchDriver(Ljava/lang/String;Ljava/lang/String;)V type is: class org.evosuite.testcase.statements.ConstructorStatement return type class Newzgrabber.BatchDriver
statement code is: BatchDriver batchDriver = new BatchDriver("$+lLESo<", "$+lLESo<")
statement is: getSubjectLines()[Ljava/lang/String; type is: class org.evosuite.testcase.statements.MethodStatement return type class [Ljava.lang.String;
statement code is: String[] subjectLines = batchDriver.getSubjectLines()
test data is: EvoSuiteFile evoSuiteFile = new EvoSuiteFile("$+lLESo<");
byte[] byteArray = new byte[1];
FileSystemHandling.appendDataToFile(evoSuiteFile, byteArray);
BatchDriver batchDriver = new BatchDriver("$+lLESo<", "$+lLESo<");
batchDriver.getSubjectLines();

** It was a parseable test case! 
Improved test data is: class DummyClass {
    public static void main() {
        EvoSuiteFile evoSuiteFile = new EvoSuiteFile("example-file");
        byte[] byteArray = new byte[]{ 1, 2, 3, 4, 5 };
        FileSystemHandling.appendDataToFile(evoSuiteFile, byteArray);
        BatchDriver batchDriver = new BatchDriver("example-batch-driver", "example-subject");
        batchDriver.getSubjectLines();
    }
}
statement is: EvoSuiteFile evoSuiteFile = new EvoSuiteFile("example-file"), class spoon.support.reflect.code.CtLocalVariableImpl
class spoon.support.reflect.code.CtConstructorCallImpl
statement is: byte[] byteArray = new byte[]{ 1, 2, 3, 4, 5 }, class spoon.support.reflect.code.CtLocalVariableImpl
class spoon.support.reflect.code.CtNewArrayImpl
Dimension: [] Ct is: byte[] byteArray = new byte[1] isAssignment: false Array: new byte[]{ 1, 2, 3, 4, 5 } Elements: [1, 2, 3, 4, 5]
lengths: [1] []
statement is: FileSystemHandling.appendDataToFile(evoSuiteFile, byteArray), class spoon.support.reflect.code.CtInvocationImpl
invocation is: FileSystemHandling.appendDataToFile(evoSuiteFile, byteArray) target is: FileSystemHandling method is: appendDataToFile(EvoSuiteFile,byte[])
Matched Method is: appendDataToFile(Lorg/evosuite/runtime/testdata/EvoSuiteFile;[B)Z
i 0 Parameters size() 0 Num of Method Parameters: 2
i 1 Parameters size() 0 Num of Method Parameters: 2
statement is: BatchDriver batchDriver = new BatchDriver("example-batch-driver", "example-subject"), class spoon.support.reflect.code.CtLocalVariableImpl
class spoon.support.reflect.code.CtConstructorCallImpl
statement is: batchDriver.getSubjectLines(), class spoon.support.reflect.code.CtInvocationImpl
invocation is: batchDriver.getSubjectLines() target is: batchDriver method is: getSubjectLines()
source statement: Newzgrabber.BatchDriver(Ljava/lang/String;Ljava/lang/String;)V callee: VariableReference: Statement 3, type Newzgrabber.BatchDriverindex is: 5
Matched Method is: getSubjectLines()[Ljava/lang/String;
TestCase is: EvoSuiteFile evoSuiteFile = null;
byte[] byteArray = null;
FileSystemHandling.appendDataToFile(evoSuiteFile, byteArray);
String string = "example-batch-driver";
String string = "example-subject";
BatchDriver batchDriver = new BatchDriver(string, string);
((BatchDriver) string).getSubjectLines();

statement is: EvoSuiteFile evoSuiteFile = new EvoSuiteFile("$+lLESo<") type is: class org.evosuite.testcase.statements.environment.FileNamePrimitiveStatement return type class org.evosuite.runtime.testdata.EvoSuiteFile
statement code is: EvoSuiteFile evoSuiteFile = new EvoSuiteFile("$+lLESo<")
statement is: org.evosuite.testcase.statements.ArrayStatement@8fa3a839 type is: class org.evosuite.testcase.statements.ArrayStatement return type class [B
statement code is: byte[] byteArray = new byte[1]
statement is: appendDataToFile(Lorg/evosuite/runtime/testdata/EvoSuiteFile;[B)Z type is: class org.evosuite.testcase.statements.MethodStatement return type boolean
statement code is: boolean appendDataToFile = FileSystemHandling.appendDataToFile(arg0, arg1)
statement is: Newzgrabber.BatchDriver(Ljava/lang/String;Ljava/lang/String;)V type is: class org.evosuite.testcase.statements.ConstructorStatement return type class Newzgrabber.BatchDriver
statement code is: BatchDriver batchDriver = new BatchDriver("$+lLESo<", "$+lLESo<")
statement is: getGroups()[Ljava/lang/String; type is: class org.evosuite.testcase.statements.MethodStatement return type class [Ljava.lang.String;
statement code is: String[] groups = batchDriver.getGroups()
test data is: EvoSuiteFile evoSuiteFile = new EvoSuiteFile("$+lLESo<");
byte[] byteArray = new byte[1];
FileSystemHandling.appendDataToFile(evoSuiteFile, byteArray);
BatchDriver batchDriver = new BatchDriver("$+lLESo<", "$+lLESo<");
batchDriver.getGroups();

** It was a parseable test case! 
Improved test data is: class DummyClass {
    public static void main() {
        EvoSuiteFile evoSuiteFile = new EvoSuiteFile("example.txt");
        byte[] byteArray = new byte[]{ ((byte) (0xde)), ((byte) (0xad)), ((byte) (0xbe)), ((byte) (0xef)) };// a sample byte array of length 4

        FileSystemHandling.appendDataToFile(evoSuiteFile, byteArray);
        BatchDriver batchDriver = new BatchDriver("example.txt", "example.txt");
        batchDriver.getGroups();
    }
}
statement is: EvoSuiteFile evoSuiteFile = new EvoSuiteFile("example.txt"), class spoon.support.reflect.code.CtLocalVariableImpl
class spoon.support.reflect.code.CtConstructorCallImpl
statement is: byte[] byteArray = new byte[]{ ((byte) (0xde)), ((byte) (0xad)), ((byte) (0xbe)), ((byte) (0xef)) }// a sample byte array of length 4
, class spoon.support.reflect.code.CtLocalVariableImpl
class spoon.support.reflect.code.CtNewArrayImpl
Dimension: [] Ct is: byte[] byteArray = new byte[1] isAssignment: false Array: new byte[]{ ((byte) (0xde)), ((byte) (0xad)), ((byte) (0xbe)), ((byte) (0xef)) } Elements: [((byte) (0xde)), ((byte) (0xad)), ((byte) (0xbe)), ((byte) (0xef))]
lengths: [1] []
statement is: FileSystemHandling.appendDataToFile(evoSuiteFile, byteArray), class spoon.support.reflect.code.CtInvocationImpl
invocation is: FileSystemHandling.appendDataToFile(evoSuiteFile, byteArray) target is: FileSystemHandling method is: appendDataToFile(EvoSuiteFile,byte[])
Matched Method is: appendDataToFile(Lorg/evosuite/runtime/testdata/EvoSuiteFile;[B)Z
i 0 Parameters size() 0 Num of Method Parameters: 2
i 1 Parameters size() 0 Num of Method Parameters: 2
statement is: BatchDriver batchDriver = new BatchDriver("example.txt", "example.txt"), class spoon.support.reflect.code.CtLocalVariableImpl
class spoon.support.reflect.code.CtConstructorCallImpl
statement is: batchDriver.getGroups(), class spoon.support.reflect.code.CtInvocationImpl
invocation is: batchDriver.getGroups() target is: batchDriver method is: getGroups()
source statement: Newzgrabber.BatchDriver(Ljava/lang/String;Ljava/lang/String;)V callee: VariableReference: Statement 3, type Newzgrabber.BatchDriverindex is: 5
Matched Method is: getGroups()[Ljava/lang/String;
TestCase is: EvoSuiteFile evoSuiteFile = null;
byte[] byteArray = null;
FileSystemHandling.appendDataToFile(evoSuiteFile, byteArray);
String string = "example.txt";
String string = "example.txt";
BatchDriver batchDriver = new BatchDriver(string, string);
((BatchDriver) string).getGroups();

statement is: EvoSuiteFile evoSuiteFile = new EvoSuiteFile("$+lLESo<") type is: class org.evosuite.testcase.statements.environment.FileNamePrimitiveStatement return type class org.evosuite.runtime.testdata.EvoSuiteFile
statement code is: EvoSuiteFile evoSuiteFile = new EvoSuiteFile("$+lLESo<")
statement is: org.evosuite.testcase.statements.ArrayStatement@f4ace365 type is: class org.evosuite.testcase.statements.ArrayStatement return type class [B
statement code is: byte[] byteArray = new byte[1]
statement is: appendDataToFile(Lorg/evosuite/runtime/testdata/EvoSuiteFile;[B)Z type is: class org.evosuite.testcase.statements.MethodStatement return type boolean
statement code is: boolean appendDataToFile = FileSystemHandling.appendDataToFile(arg0, arg1)
statement is: Newzgrabber.BatchDriver(Ljava/lang/String;Ljava/lang/String;)V type is: class org.evosuite.testcase.statements.ConstructorStatement return type class Newzgrabber.BatchDriver
statement code is: BatchDriver batchDriver = new BatchDriver("$+lLESo<", "$+lLESo<")
statement is: getBatchJob(Ljava/lang/String;)LNewzgrabber/BatchJob; type is: class org.evosuite.testcase.statements.MethodStatement return type class Newzgrabber.BatchJob
statement code is: BatchJob batchJob = batchDriver.getBatchJob("$+lLESo<")
test data is: EvoSuiteFile evoSuiteFile = new EvoSuiteFile("$+lLESo<");
byte[] byteArray = new byte[1];
FileSystemHandling.appendDataToFile(evoSuiteFile, byteArray);
BatchDriver batchDriver = new BatchDriver("$+lLESo<", "$+lLESo<");
batchDriver.getBatchJob("$+lLESo<");

** It was a parseable test case! 
Improved test data is: class DummyClass {
    public static void main() {
        EvoSuiteFile evoSuiteFile = new EvoSuiteFile("example_file_name");
        byte[] byteArray = new byte[1];
        FileSystemHandling.appendDataToFile(evoSuiteFile, byteArray);
        BatchDriver batchDriver = new BatchDriver("example_batch_job", "example_batch_job");
        batchDriver.getBatchJob("example_batch_job");
    }
}
statement is: EvoSuiteFile evoSuiteFile = new EvoSuiteFile("example_file_name"), class spoon.support.reflect.code.CtLocalVariableImpl
class spoon.support.reflect.code.CtConstructorCallImpl
statement is: byte[] byteArray = new byte[1], class spoon.support.reflect.code.CtLocalVariableImpl
class spoon.support.reflect.code.CtNewArrayImpl
Dimension: [1] Ct is: byte[] byteArray = new byte[1] isAssignment: false Array: new byte[1] Elements: []
lengths: [1] [1]
Their type are: class [B byte[]
statement is: FileSystemHandling.appendDataToFile(evoSuiteFile, byteArray), class spoon.support.reflect.code.CtInvocationImpl
invocation is: FileSystemHandling.appendDataToFile(evoSuiteFile, byteArray) target is: FileSystemHandling method is: appendDataToFile(EvoSuiteFile,byte[])
Matched Method is: appendDataToFile(Lorg/evosuite/runtime/testdata/EvoSuiteFile;[B)Z
i 1 Parameters size() 1 Num of Method Parameters: 2
statement is: BatchDriver batchDriver = new BatchDriver("example_batch_job", "example_batch_job"), class spoon.support.reflect.code.CtLocalVariableImpl
class spoon.support.reflect.code.CtConstructorCallImpl
statement is: batchDriver.getBatchJob("example_batch_job"), class spoon.support.reflect.code.CtInvocationImpl
invocation is: batchDriver.getBatchJob("example_batch_job") target is: batchDriver method is: getBatchJob(java.lang.String)
source statement: Newzgrabber.BatchDriver(Ljava/lang/String;Ljava/lang/String;)V callee: VariableReference: Statement 3, type Newzgrabber.BatchDriverindex is: 5
Matched Method is: getBatchJob(Ljava/lang/String;)LNewzgrabber/BatchJob;
TestCase is: byte[] byteArray = new byte[1];
byte[] byteArray = null;
FileSystemHandling.appendDataToFile((EvoSuiteFile) byteArray, byteArray);
String string = "example_batch_job";
String string = "example_batch_job";
BatchDriver batchDriver = new BatchDriver(string, string);
String string = "example_batch_job";
((BatchDriver) string).getBatchJob(string);

* test suite isTestSuite: 6
Test 0: 
EvoSuiteFile evoSuiteFile = new EvoSuiteFile("$+lLESo<");
byte[] byteArray = new byte[1];
FileSystemHandling.appendDataToFile(evoSuiteFile, byteArray);
BatchDriver batchDriver = new BatchDriver("$+lLESo<", "$+lLESo<");
batchDriver.getSubjectLines();
Test 1: 
EvoSuiteFile evoSuiteFile = new EvoSuiteFile("$+lLESo<");
byte[] byteArray = new byte[1];
FileSystemHandling.appendDataToFile(evoSuiteFile, byteArray);
BatchDriver batchDriver = new BatchDriver("$+lLESo<", "$+lLESo<");
batchDriver.getGroups();
Test 2: 
EvoSuiteFile evoSuiteFile = new EvoSuiteFile("$+lLESo<");
byte[] byteArray = new byte[1];
FileSystemHandling.appendDataToFile(evoSuiteFile, byteArray);
BatchDriver batchDriver = new BatchDriver("$+lLESo<", "$+lLESo<");
batchDriver.getBatchJob("$+lLESo<");
Test 3: 
FileSystemHandling.appendDataToFile((EvoSuiteFile) null, (byte[]) null);
String string = "example-batch-driver";
BatchDriver batchDriver = new BatchDriver("example-batch-driver", "example-subject");
((BatchDriver) string).getSubjectLines();

Test 4: 
FileSystemHandling.appendDataToFile((EvoSuiteFile) null, (byte[]) null);
String string = "example.txt";
BatchDriver batchDriver = new BatchDriver("example.txt", "example.txt");
((BatchDriver) string).getGroups();

Test 5: 
byte[] byteArray = new byte[1];
FileSystemHandling.appendDataToFile((EvoSuiteFile) byteArray, (byte[]) null);
String string = "example_batch_job";
String string = "example_batch_job";
BatchDriver batchDriver = new BatchDriver(string, string);
String string = "example_batch_job";
((BatchDriver) string).getBatchJob(string);


* Generated after the refinement and before minimization 6 tests with total length 30
* test suite isTestSuite: 6
Test 0: 
EvoSuiteFile evoSuiteFile = new EvoSuiteFile("$+lLESo<");
byte[] byteArray = new byte[1];
FileSystemHandling.appendDataToFile(evoSuiteFile, byteArray);
BatchDriver batchDriver = new BatchDriver("$+lLESo<", "$+lLESo<");
batchDriver.getSubjectLines();
Test 1: 
EvoSuiteFile evoSuiteFile = new EvoSuiteFile("$+lLESo<");
byte[] byteArray = new byte[1];
FileSystemHandling.appendDataToFile(evoSuiteFile, byteArray);
BatchDriver batchDriver = new BatchDriver("$+lLESo<", "$+lLESo<");
batchDriver.getGroups();
Test 2: 
EvoSuiteFile evoSuiteFile = new EvoSuiteFile("$+lLESo<");
byte[] byteArray = new byte[1];
FileSystemHandling.appendDataToFile(evoSuiteFile, byteArray);
BatchDriver batchDriver = new BatchDriver("$+lLESo<", "$+lLESo<");
batchDriver.getBatchJob("$+lLESo<");
Test 3: 
FileSystemHandling.appendDataToFile((EvoSuiteFile) null, (byte[]) null);
String string = "example-batch-driver";
BatchDriver batchDriver = new BatchDriver("example-batch-driver", "example-subject");
((BatchDriver) string).getSubjectLines();

Test 4: 
FileSystemHandling.appendDataToFile((EvoSuiteFile) null, (byte[]) null);
String string = "example.txt";
BatchDriver batchDriver = new BatchDriver("example.txt", "example.txt");
((BatchDriver) string).getGroups();

Test 5: 
byte[] byteArray = new byte[1];
FileSystemHandling.appendDataToFile((EvoSuiteFile) byteArray, (byte[]) null);
String string = "example_batch_job";
String string = "example_batch_job";
BatchDriver batchDriver = new BatchDriver(string, string);
String string = "example_batch_job";
((BatchDriver) string).getBatchJob(string);


* Minimizing test suite
* test suite isTestSuite: 3
Test 0: 
EvoSuiteFile evoSuiteFile = new EvoSuiteFile("$+lLESo<");
byte[] byteArray = new byte[1];
FileSystemHandling.appendDataToFile(evoSuiteFile, byteArray);
BatchDriver batchDriver = new BatchDriver("$+lLESo<", "$+lLESo<");
batchDriver.getSubjectLines();
Test 1: 
EvoSuiteFile evoSuiteFile = new EvoSuiteFile("$+lLESo<");
byte[] byteArray = new byte[1];
FileSystemHandling.appendDataToFile(evoSuiteFile, byteArray);
BatchDriver batchDriver = new BatchDriver("$+lLESo<", "$+lLESo<");
batchDriver.getGroups();
Test 2: 
EvoSuiteFile evoSuiteFile = new EvoSuiteFile("$+lLESo<");
byte[] byteArray = new byte[1];
FileSystemHandling.appendDataToFile(evoSuiteFile, byteArray);
BatchDriver batchDriver = new BatchDriver("$+lLESo<", "$+lLESo<");
batchDriver.getBatchJob("$+lLESo<");

* Going to analyze the coverage criteria
* Coverage analysis for criterion BRANCH
* Coverage of criterion BRANCH: 9%
* Total number of goals: 32
* Number of covered goals: 3
* Coverage analysis for criterion LINE
* Coverage of criterion LINE: 27%
* Total number of goals: 90
* Number of covered goals: 24
* Coverage analysis for criterion OUTPUT
* Coverage of criterion OUTPUT: 23%
* Total number of goals: 13
* Number of covered goals: 3
* Coverage analysis for criterion METHOD
* Coverage of criterion METHOD: 100%
* Total number of goals: 4
* Number of covered goals: 4
* Coverage analysis for criterion CBRANCH
* Coverage of criterion CBRANCH: 9%
* Total number of goals: 32
* Number of covered goals: 3
* Generated 3 tests with total length 15
* Resulting test suite's coverage: 29% (average coverage for all fitness functions)
* Generating assertions
* Resulting test suite's mutation score: 4%
* Compiling and checking tests
Going to execute: removeTestsThatDoNotCompile
* Compiling Tests
** Write a test suite: 0 called: 0 to improve: false
* Compiling Tests
** Write a test suite: 0 called: 0 to improve: true
** Improve Understandability: ** Test Code is: EvoSuiteFile arg0 = new EvoSuiteFile("$+lLESo<");
byte[] arg1 = new byte[1];
FileSystemHandling.appendDataToFile(arg0, arg1);
BatchDriver batchDriver = new BatchDriver("$+lLESo<", "$+lLESo<");
String[] subjectLines = batchDriver.getSubjectLines();
assertNull(subjectLines);


** It was a parseable test case! 
refined test name is: testAppendDataToFile
* Compiling Tests
** Write a test suite: 0 called: 0 to improve: false
* Compiling Tests
** Write a test suite: 0 called: 0 to improve: true
** Improve Understandability: ** Test Code is: EvoSuiteFile arg0 = new EvoSuiteFile("$+lLESo<");
byte[] arg1 = new byte[1];
FileSystemHandling.appendDataToFile(arg0, arg1);
BatchDriver batchDriver = new BatchDriver("$+lLESo<", "$+lLESo<");
String[] groups = batchDriver.getGroups();
assertEquals(0, groups.length);


** It was a parseable test case! 
refined test name is: testAppendDataToFileEmptyFile
* Compiling Tests
** Write a test suite: 0 called: 0 to improve: false
* Compiling Tests
** Write a test suite: 0 called: 0 to improve: true
** Improve Understandability: ** Test Code is: EvoSuiteFile arg0 = new EvoSuiteFile("$+lLESo<");
byte[] arg1 = new byte[1];
FileSystemHandling.appendDataToFile(arg0, arg1);
BatchDriver batchDriver = new BatchDriver("$+lLESo<", "$+lLESo<");
BatchJob batchJob = batchDriver.getBatchJob("$+lLESo<");
assertNull(batchJob);


** It was a parseable test case! 
refined test name is: testAppendDataToNullFilename
Going to execute: handleTestsThatAreUnstable
* Compiling Tests
[MASTER] 01:35:03.804 [logback-1] WARN  AgentLoader - Failed to find EvoSuite jar in current classloader. URLs of classloader:
file:/root/.sdkman/candidates/java/8.0.333.fx-librca/jre/../lib/tools.jar
file:/root/.sdkman/candidates/java/8.0.333.fx-librca/jre/lib/ext/cldrdata.jar
file:/root/.sdkman/candidates/java/8.0.333.fx-librca/jre/lib/ext/sunec.jar
file:/root/.sdkman/candidates/java/8.0.333.fx-librca/jre/lib/ext/localedata.jar
file:/tmp/EvoSuite_pathingJar7519438336580748434.jar
file:/root/.sdkman/candidates/java/8.0.333.fx-librca/jre/lib/ext/jaccess.jar
file:/root/.sdkman/candidates/java/8.0.333.fx-librca/jre/lib/ext/dnsns.jar
file:/root/.sdkman/candidates/java/8.0.333.fx-librca/jre/lib/ext/sunpkcs11.jar
file:/root/.sdkman/candidates/java/8.0.333.fx-librca/jre/lib/ext/zipfs.jar
file:/root/.sdkman/candidates/java/8.0.333.fx-librca/jre/lib/ext/jfxrt.jar
file:/root/.sdkman/candidates/java/8.0.333.fx-librca/jre/lib/ext/sunjce_provider.jar
file:/root/.sdkman/candidates/java/8.0.333.fx-librca/jre/lib/ext/nashorn.jar
[MASTER] 01:35:03.826 [logback-1] WARN  JUnitAnalyzer - Found unstable test named initializationError -> class java.lang.RuntimeException: Cannot find either the compilation target folder nor the EvoSuite jar in classpath: /tmp/EvoSuite_pathingJar7519438336580748434.jar
Going to execute: handleTestsThatAreUnstable
* Compiling Tests
Going to execute: handleTestsThatAreUnstable
* Compiling Tests
[MASTER] 01:35:03.896 [logback-1] WARN  AgentLoader - Failed to find EvoSuite jar in current classloader. URLs of classloader:
file:/root/.sdkman/candidates/java/8.0.333.fx-librca/jre/../lib/tools.jar
file:/root/.sdkman/candidates/java/8.0.333.fx-librca/jre/lib/ext/cldrdata.jar
file:/root/.sdkman/candidates/java/8.0.333.fx-librca/jre/lib/ext/sunec.jar
file:/root/.sdkman/candidates/java/8.0.333.fx-librca/jre/lib/ext/localedata.jar
file:/tmp/EvoSuite_pathingJar7519438336580748434.jar
file:/root/.sdkman/candidates/java/8.0.333.fx-librca/jre/lib/ext/jaccess.jar
file:/root/.sdkman/candidates/java/8.0.333.fx-librca/jre/lib/ext/dnsns.jar
file:/root/.sdkman/candidates/java/8.0.333.fx-librca/jre/lib/ext/sunpkcs11.jar
file:/root/.sdkman/candidates/java/8.0.333.fx-librca/jre/lib/ext/zipfs.jar
file:/root/.sdkman/candidates/java/8.0.333.fx-librca/jre/lib/ext/jfxrt.jar
file:/root/.sdkman/candidates/java/8.0.333.fx-librca/jre/lib/ext/sunjce_provider.jar
file:/root/.sdkman/candidates/java/8.0.333.fx-librca/jre/lib/ext/nashorn.jar
[MASTER] 01:35:03.897 [logback-1] WARN  JUnitAnalyzer - Found unstable test named initializationError -> class java.lang.RuntimeException: Cannot find either the compilation target folder nor the EvoSuite jar in classpath: /tmp/EvoSuite_pathingJar7519438336580748434.jar
Going to execute: handleTestsThatAreUnstable
* Compiling Tests
[MASTER] 01:35:03.960 [logback-1] WARN  AgentLoader - Failed to find EvoSuite jar in current classloader. URLs of classloader:
file:/root/.sdkman/candidates/java/8.0.333.fx-librca/jre/../lib/tools.jar
file:/root/.sdkman/candidates/java/8.0.333.fx-librca/jre/lib/ext/cldrdata.jar
file:/root/.sdkman/candidates/java/8.0.333.fx-librca/jre/lib/ext/sunec.jar
file:/root/.sdkman/candidates/java/8.0.333.fx-librca/jre/lib/ext/localedata.jar
file:/tmp/EvoSuite_pathingJar7519438336580748434.jar
file:/root/.sdkman/candidates/java/8.0.333.fx-librca/jre/lib/ext/jaccess.jar
file:/root/.sdkman/candidates/java/8.0.333.fx-librca/jre/lib/ext/dnsns.jar
file:/root/.sdkman/candidates/java/8.0.333.fx-librca/jre/lib/ext/sunpkcs11.jar
file:/root/.sdkman/candidates/java/8.0.333.fx-librca/jre/lib/ext/zipfs.jar
file:/root/.sdkman/candidates/java/8.0.333.fx-librca/jre/lib/ext/jfxrt.jar
file:/root/.sdkman/candidates/java/8.0.333.fx-librca/jre/lib/ext/sunjce_provider.jar
file:/root/.sdkman/candidates/java/8.0.333.fx-librca/jre/lib/ext/nashorn.jar
[MASTER] 01:35:03.961 [logback-1] WARN  JUnitAnalyzer - Found unstable test named initializationError -> class java.lang.RuntimeException: Cannot find either the compilation target folder nor the EvoSuite jar in classpath: /tmp/EvoSuite_pathingJar7519438336580748434.jar
[MASTER] 01:35:04.031 [logback-1] WARN  AgentLoader - Failed to find EvoSuite jar in current classloader. URLs of classloader:
file:/root/.sdkman/candidates/java/8.0.333.fx-librca/jre/../lib/tools.jar
file:/root/.sdkman/candidates/java/8.0.333.fx-librca/jre/lib/ext/cldrdata.jar
file:/root/.sdkman/candidates/java/8.0.333.fx-librca/jre/lib/ext/sunec.jar
file:/root/.sdkman/candidates/java/8.0.333.fx-librca/jre/lib/ext/localedata.jar
file:/tmp/EvoSuite_pathingJar7519438336580748434.jar
file:/root/.sdkman/candidates/java/8.0.333.fx-librca/jre/lib/ext/jaccess.jar
file:/root/.sdkman/candidates/java/8.0.333.fx-librca/jre/lib/ext/dnsns.jar
file:/root/.sdkman/candidates/java/8.0.333.fx-librca/jre/lib/ext/sunpkcs11.jar
file:/root/.sdkman/candidates/java/8.0.333.fx-librca/jre/lib/ext/zipfs.jar
file:/root/.sdkman/candidates/java/8.0.333.fx-librca/jre/lib/ext/jfxrt.jar
file:/root/.sdkman/candidates/java/8.0.333.fx-librca/jre/lib/ext/sunjce_provider.jar
file:/root/.sdkman/candidates/java/8.0.333.fx-librca/jre/lib/ext/nashorn.jar
[MASTER] 01:35:04.032 [logback-1] WARN  JUnitAnalyzer - Found unstable test named initializationError -> class java.lang.RuntimeException: Cannot find either the compilation target folder nor the EvoSuite jar in classpath: /tmp/EvoSuite_pathingJar7519438336580748434.jar
Going to execute: handleTestsThatAreUnstable
* Compiling Tests
[MASTER] 01:35:04.108 [logback-1] WARN  AgentLoader - Failed to find EvoSuite jar in current classloader. URLs of classloader:
file:/root/.sdkman/candidates/java/8.0.333.fx-librca/jre/../lib/tools.jar
file:/root/.sdkman/candidates/java/8.0.333.fx-librca/jre/lib/ext/cldrdata.jar
file:/root/.sdkman/candidates/java/8.0.333.fx-librca/jre/lib/ext/sunec.jar
file:/root/.sdkman/candidates/java/8.0.333.fx-librca/jre/lib/ext/localedata.jar
file:/tmp/EvoSuite_pathingJar7519438336580748434.jar
file:/root/.sdkman/candidates/java/8.0.333.fx-librca/jre/lib/ext/jaccess.jar
file:/root/.sdkman/candidates/java/8.0.333.fx-librca/jre/lib/ext/dnsns.jar
file:/root/.sdkman/candidates/java/8.0.333.fx-librca/jre/lib/ext/sunpkcs11.jar
file:/root/.sdkman/candidates/java/8.0.333.fx-librca/jre/lib/ext/zipfs.jar
file:/root/.sdkman/candidates/java/8.0.333.fx-librca/jre/lib/ext/jfxrt.jar
file:/root/.sdkman/candidates/java/8.0.333.fx-librca/jre/lib/ext/sunjce_provider.jar
file:/root/.sdkman/candidates/java/8.0.333.fx-librca/jre/lib/ext/nashorn.jar
[MASTER] 01:35:04.109 [logback-1] WARN  JUnitAnalyzer - Found unstable test named initializationError -> class java.lang.RuntimeException: Cannot find either the compilation target folder nor the EvoSuite jar in classpath: /tmp/EvoSuite_pathingJar7519438336580748434.jar
[MASTER] 01:35:04.154 [logback-1] WARN  TimeController - Already entered in phase: INLINING. This will mess up the timing calculations.
* test suite isTestSuite: 3
Test 0: 
EvoSuiteFile evoSuiteFile = new EvoSuiteFile("$+lLESo<");
byte[] byteArray = new byte[1];
FileSystemHandling.appendDataToFile(evoSuiteFile, byteArray);
BatchDriver batchDriver = new BatchDriver("$+lLESo<", "$+lLESo<");
batchDriver.getSubjectLines();
Test 1: 
EvoSuiteFile evoSuiteFile = new EvoSuiteFile("$+lLESo<");
byte[] byteArray = new byte[1];
FileSystemHandling.appendDataToFile(evoSuiteFile, byteArray);
BatchDriver batchDriver = new BatchDriver("$+lLESo<", "$+lLESo<");
batchDriver.getGroups();
Test 2: 
EvoSuiteFile evoSuiteFile = new EvoSuiteFile("$+lLESo<");
byte[] byteArray = new byte[1];
FileSystemHandling.appendDataToFile(evoSuiteFile, byteArray);
BatchDriver batchDriver = new BatchDriver("$+lLESo<", "$+lLESo<");
batchDriver.getBatchJob("$+lLESo<");

* Minimizing test suite
[MASTER] 01:35:04.422 [logback-1] WARN  TimeController - Already entered in phase: MINIMIZATION. This will mess up the timing calculations.
* test suite isTestSuite: 3
Test 0: 
EvoSuiteFile evoSuiteFile = new EvoSuiteFile("$+lLESo<");
byte[] byteArray = new byte[1];
FileSystemHandling.appendDataToFile(evoSuiteFile, byteArray);
BatchDriver batchDriver = new BatchDriver("$+lLESo<", "$+lLESo<");
batchDriver.getSubjectLines();
Test 1: 
EvoSuiteFile evoSuiteFile = new EvoSuiteFile("$+lLESo<");
byte[] byteArray = new byte[1];
FileSystemHandling.appendDataToFile(evoSuiteFile, byteArray);
BatchDriver batchDriver = new BatchDriver("$+lLESo<", "$+lLESo<");
batchDriver.getGroups();
Test 2: 
EvoSuiteFile evoSuiteFile = new EvoSuiteFile("$+lLESo<");
byte[] byteArray = new byte[1];
FileSystemHandling.appendDataToFile(evoSuiteFile, byteArray);
BatchDriver batchDriver = new BatchDriver("$+lLESo<", "$+lLESo<");
batchDriver.getBatchJob("$+lLESo<");

* Going to analyze the coverage criteria
* Coverage analysis for criterion BRANCH
* Coverage of criterion BRANCH: 9%
* Total number of goals: 32
* Number of covered goals: 3
* Coverage analysis for criterion LINE
* Coverage of criterion LINE: 27%
* Total number of goals: 90
* Number of covered goals: 24
* Coverage analysis for criterion OUTPUT
* Coverage of criterion OUTPUT: 23%
* Total number of goals: 13
* Number of covered goals: 3
* Coverage analysis for criterion METHOD
* Coverage of criterion METHOD: 100%
* Total number of goals: 4
* Number of covered goals: 4
* Coverage analysis for criterion CBRANCH
* Coverage of criterion CBRANCH: 9%
* Total number of goals: 32
* Number of covered goals: 3
[MASTER] 01:35:04.438 [logback-1] WARN  TimeController - Already entered in phase: COVERAGE_ANALYSIS. This will mess up the timing calculations.
* Generated 3 tests with total length 15
* Resulting test suite's coverage: 29% (average coverage for all fitness functions)
* Generating assertions
* Resulting test suite's mutation score: 4%
* Compiling and checking tests
[MASTER] 01:35:04.812 [logback-1] WARN  TimeController - Already entered in phase: ASSERTION_GENERATION. This will mess up the timing calculations.
Going to execute: removeTestsThatDoNotCompile
* Compiling Tests
** Write a test suite: 0 called: 0 to improve: false
* Compiling Tests
** Write a test suite: 0 called: 0 to improve: false
* Compiling Tests
** Write a test suite: 0 called: 0 to improve: false
Going to execute: handleTestsThatAreUnstable
* Compiling Tests
** Write a test suite: 0 called: 0 to improve: false
[MASTER] 01:35:05.105 [logback-1] WARN  AgentLoader - Failed to find EvoSuite jar in current classloader. URLs of classloader:
file:/root/.sdkman/candidates/java/8.0.333.fx-librca/jre/../lib/tools.jar
file:/root/.sdkman/candidates/java/8.0.333.fx-librca/jre/lib/ext/cldrdata.jar
file:/root/.sdkman/candidates/java/8.0.333.fx-librca/jre/lib/ext/sunec.jar
file:/root/.sdkman/candidates/java/8.0.333.fx-librca/jre/lib/ext/localedata.jar
file:/tmp/EvoSuite_pathingJar7519438336580748434.jar
file:/root/.sdkman/candidates/java/8.0.333.fx-librca/jre/lib/ext/jaccess.jar
file:/root/.sdkman/candidates/java/8.0.333.fx-librca/jre/lib/ext/dnsns.jar
file:/root/.sdkman/candidates/java/8.0.333.fx-librca/jre/lib/ext/sunpkcs11.jar
file:/root/.sdkman/candidates/java/8.0.333.fx-librca/jre/lib/ext/zipfs.jar
file:/root/.sdkman/candidates/java/8.0.333.fx-librca/jre/lib/ext/jfxrt.jar
file:/root/.sdkman/candidates/java/8.0.333.fx-librca/jre/lib/ext/sunjce_provider.jar
file:/root/.sdkman/candidates/java/8.0.333.fx-librca/jre/lib/ext/nashorn.jar
[MASTER] 01:35:05.106 [logback-1] WARN  JUnitAnalyzer - Found unstable test named initializationError -> class java.lang.RuntimeException: Cannot find either the compilation target folder nor the EvoSuite jar in classpath: /tmp/EvoSuite_pathingJar7519438336580748434.jar
Going to execute: handleTestsThatAreUnstable
* Compiling Tests
** Write a test suite: 0 called: 0 to improve: false
[MASTER] 01:35:05.176 [logback-1] WARN  AgentLoader - Failed to find EvoSuite jar in current classloader. URLs of classloader:
file:/root/.sdkman/candidates/java/8.0.333.fx-librca/jre/../lib/tools.jar
file:/root/.sdkman/candidates/java/8.0.333.fx-librca/jre/lib/ext/cldrdata.jar
file:/root/.sdkman/candidates/java/8.0.333.fx-librca/jre/lib/ext/sunec.jar
file:/root/.sdkman/candidates/java/8.0.333.fx-librca/jre/lib/ext/localedata.jar
file:/tmp/EvoSuite_pathingJar7519438336580748434.jar
file:/root/.sdkman/candidates/java/8.0.333.fx-librca/jre/lib/ext/jaccess.jar
file:/root/.sdkman/candidates/java/8.0.333.fx-librca/jre/lib/ext/dnsns.jar
file:/root/.sdkman/candidates/java/8.0.333.fx-librca/jre/lib/ext/sunpkcs11.jar
file:/root/.sdkman/candidates/java/8.0.333.fx-librca/jre/lib/ext/zipfs.jar
file:/root/.sdkman/candidates/java/8.0.333.fx-librca/jre/lib/ext/jfxrt.jar
file:/root/.sdkman/candidates/java/8.0.333.fx-librca/jre/lib/ext/sunjce_provider.jar
file:/root/.sdkman/candidates/java/8.0.333.fx-librca/jre/lib/ext/nashorn.jar
[MASTER] 01:35:05.177 [logback-1] WARN  JUnitAnalyzer - Found unstable test named initializationError -> class java.lang.RuntimeException: Cannot find either the compilation target folder nor the EvoSuite jar in classpath: /tmp/EvoSuite_pathingJar7519438336580748434.jar
Going to execute: handleTestsThatAreUnstable
* Compiling Tests
** Write a test suite: 0 called: 0 to improve: false
[MASTER] 01:35:05.251 [logback-1] WARN  AgentLoader - Failed to find EvoSuite jar in current classloader. URLs of classloader:
file:/root/.sdkman/candidates/java/8.0.333.fx-librca/jre/../lib/tools.jar
file:/root/.sdkman/candidates/java/8.0.333.fx-librca/jre/lib/ext/cldrdata.jar
file:/root/.sdkman/candidates/java/8.0.333.fx-librca/jre/lib/ext/sunec.jar
file:/root/.sdkman/candidates/java/8.0.333.fx-librca/jre/lib/ext/localedata.jar
file:/tmp/EvoSuite_pathingJar7519438336580748434.jar
file:/root/.sdkman/candidates/java/8.0.333.fx-librca/jre/lib/ext/jaccess.jar
file:/root/.sdkman/candidates/java/8.0.333.fx-librca/jre/lib/ext/dnsns.jar
file:/root/.sdkman/candidates/java/8.0.333.fx-librca/jre/lib/ext/sunpkcs11.jar
file:/root/.sdkman/candidates/java/8.0.333.fx-librca/jre/lib/ext/zipfs.jar
file:/root/.sdkman/candidates/java/8.0.333.fx-librca/jre/lib/ext/jfxrt.jar
file:/root/.sdkman/candidates/java/8.0.333.fx-librca/jre/lib/ext/sunjce_provider.jar
file:/root/.sdkman/candidates/java/8.0.333.fx-librca/jre/lib/ext/nashorn.jar
Going to execute: handleTestsThatAreUnstable
* Compiling Tests
** Write a test suite: 0 called: 0 to improve: false
** Write a test suite: 1 called: 1 to improve: false
** Write a test suite: 2 called: 2 to improve: false
[MASTER] 01:35:05.253 [logback-1] WARN  JUnitAnalyzer - Found unstable test named initializationError -> class java.lang.RuntimeException: Cannot find either the compilation target folder nor the EvoSuite jar in classpath: /tmp/EvoSuite_pathingJar7519438336580748434.jar
[MASTER] 01:35:05.321 [logback-1] WARN  AgentLoader - Failed to find EvoSuite jar in current classloader. URLs of classloader:
file:/root/.sdkman/candidates/java/8.0.333.fx-librca/jre/../lib/tools.jar
file:/root/.sdkman/candidates/java/8.0.333.fx-librca/jre/lib/ext/cldrdata.jar
file:/root/.sdkman/candidates/java/8.0.333.fx-librca/jre/lib/ext/sunec.jar
file:/root/.sdkman/candidates/java/8.0.333.fx-librca/jre/lib/ext/localedata.jar
file:/tmp/EvoSuite_pathingJar7519438336580748434.jar
file:/root/.sdkman/candidates/java/8.0.333.fx-librca/jre/lib/ext/jaccess.jar
file:/root/.sdkman/candidates/java/8.0.333.fx-librca/jre/lib/ext/dnsns.jar
file:/root/.sdkman/candidates/java/8.0.333.fx-librca/jre/lib/ext/sunpkcs11.jar
file:/root/.sdkman/candidates/java/8.0.333.fx-librca/jre/lib/ext/zipfs.jar
file:/root/.sdkman/candidates/java/8.0.333.fx-librca/jre/lib/ext/jfxrt.jar
file:/root/.sdkman/candidates/java/8.0.333.fx-librca/jre/lib/ext/sunjce_provider.jar
file:/root/.sdkman/candidates/java/8.0.333.fx-librca/jre/lib/ext/nashorn.jar
Going to execute: handleTestsThatAreUnstable
* Compiling Tests
** Write a test suite: 0 called: 0 to improve: false
** Write a test suite: 1 called: 1 to improve: false
** Write a test suite: 2 called: 2 to improve: false
[MASTER] 01:35:05.322 [logback-1] WARN  JUnitAnalyzer - Found unstable test named initializationError -> class java.lang.RuntimeException: Cannot find either the compilation target folder nor the EvoSuite jar in classpath: /tmp/EvoSuite_pathingJar7519438336580748434.jar
[MASTER] 01:35:05.399 [logback-1] WARN  AgentLoader - Failed to find EvoSuite jar in current classloader. URLs of classloader:
file:/root/.sdkman/candidates/java/8.0.333.fx-librca/jre/../lib/tools.jar
file:/root/.sdkman/candidates/java/8.0.333.fx-librca/jre/lib/ext/cldrdata.jar
file:/root/.sdkman/candidates/java/8.0.333.fx-librca/jre/lib/ext/sunec.jar
file:/root/.sdkman/candidates/java/8.0.333.fx-librca/jre/lib/ext/localedata.jar
file:/tmp/EvoSuite_pathingJar7519438336580748434.jar
file:/root/.sdkman/candidates/java/8.0.333.fx-librca/jre/lib/ext/jaccess.jar
file:/root/.sdkman/candidates/java/8.0.333.fx-librca/jre/lib/ext/dnsns.jar
file:/root/.sdkman/candidates/java/8.0.333.fx-librca/jre/lib/ext/sunpkcs11.jar
file:/root/.sdkman/candidates/java/8.0.333.fx-librca/jre/lib/ext/zipfs.jar
file:/root/.sdkman/candidates/java/8.0.333.fx-librca/jre/lib/ext/jfxrt.jar
file:/root/.sdkman/candidates/java/8.0.333.fx-librca/jre/lib/ext/sunjce_provider.jar
file:/root/.sdkman/candidates/java/8.0.333.fx-librca/jre/lib/ext/nashorn.jar
[MASTER] 01:35:05.400 [logback-1] WARN  JUnitAnalyzer - Found unstable test named initializationError -> class java.lang.RuntimeException: Cannot find either the compilation target folder nor the EvoSuite jar in classpath: /tmp/EvoSuite_pathingJar7519438336580748434.jar
* Writing tests to file
[MASTER] 01:35:05.402 [logback-1] WARN  TimeController - Already entered in phase: JUNIT_CHECK. This will mess up the timing calculations.
* Writing JUnit test case 'BatchDriver_ESTest' to evosuite-tests
* Writing JUnit test case 'BatchDriver_Original_ESTest' to evosuite-tests
** Write a test suite: 0 called: 0 to improve: false
** Write a test suite: 1 called: 1 to improve: false
** Write a test suite: 2 called: 2 to improve: false
* Done!

* Computation finished
