* EvoSuite 1.2.1-SNAPSHOT
* Going to generate test cases for class: Newzgrabber.Downloader
* Starting Client-0
* Properties loaded from /home/ubuntu/UTestGen/Evaluation/getting_results/dataset/SF110/99_newzgrabber/evosuite-files/evosuite.properties
* Connecting to master process on port 20084
* Analyzing classpath: 
* Inheritance tree loaded from evosuite-files/inheritance.xml.gz
[MASTER] 12:23:19.594 [logback-1] WARN  InheritanceTree - Class not in inheritance graph: java.util.function.Consumer
[MASTER] 12:23:19.594 [logback-1] WARN  InheritanceTree - Class not in inheritance graph: java.util.function.Predicate
[MASTER] 12:23:19.598 [logback-1] WARN  InheritanceTree - Class not in inheritance graph: java.util.function.UnaryOperator
[MASTER] 12:23:19.691 [logback-1] WARN  InheritanceTree - Class not in inheritance graph: java.util.function.BiFunction
[MASTER] 12:23:19.691 [logback-1] WARN  InheritanceTree - Class not in inheritance graph: java.util.function.Function
[MASTER] 12:23:19.691 [logback-1] WARN  InheritanceTree - Class not in inheritance graph: java.util.function.BiConsumer
[MASTER] 12:23:20.597 [logback-1] WARN  InheritanceTree - Class not in inheritance graph: java.time.ZoneId
[MASTER] 12:23:20.622 [logback-1] WARN  InheritanceTree - Class not in inheritance graph: java.time.temporal.Temporal
[MASTER] 12:23:20.622 [logback-1] WARN  InheritanceTree - Class not in inheritance graph: java.time.temporal.TemporalAccessor
[MASTER] 12:23:20.622 [logback-1] WARN  InheritanceTree - Class not in inheritance graph: java.time.temporal.TemporalField
[MASTER] 12:23:20.622 [logback-1] WARN  InheritanceTree - Class not in inheritance graph: java.time.temporal.TemporalUnit
[MASTER] 12:23:20.622 [logback-1] WARN  InheritanceTree - Class not in inheritance graph: java.time.temporal.TemporalAmount
[MASTER] 12:23:20.623 [logback-1] WARN  InheritanceTree - Class not in inheritance graph: java.time.Clock
[MASTER] 12:23:20.623 [logback-1] WARN  InheritanceTree - Class not in inheritance graph: java.time.temporal.TemporalQuery
[MASTER] 12:23:20.623 [logback-1] WARN  InheritanceTree - Class not in inheritance graph: java.time.temporal.TemporalAdjuster
[MASTER] 12:23:20.630 [logback-1] WARN  InheritanceTree - Class not in inheritance graph: java.time.chrono.Chronology
[MASTER] 12:23:20.634 [logback-1] WARN  InheritanceTree - Class not in inheritance graph: java.time.chrono.Era
* Finished analyzing classpath
* Generating tests for class Newzgrabber.Downloader
* Test criteria:
  - Branch Coverage
  - Line Coverage
  - Method-Output Coverage
  - Top-Level Method Coverage
  - Context Branch Coverage
* Total number of test goals for DYNAMOSA: 905
* Using seed 1709295794478
* Starting evolution
[Progress:>                             0%] [Cov:>                                  0%]* Initial Number of Goals in DynaMOSA = 91 / 905
[Progress:===>                          10%] [Cov:============>                      36%][Progress:===>                          11%] [Cov:============>                      37%][Progress:===>                          12%] [Cov:==============>                    40%][Progress:===>                          12%] [Cov:==============>                    40%][Progress:===>                          13%] [Cov:==============>                    40%][Progress:=====>                        18%] [Cov:==============>                    40%][Progress:=====>                        18%] [Cov:==============>                    40%][Progress:======>                       20%] [Cov:==============>                    42%][Progress:=======>                      25%] [Cov:===============>                   43%][Progress:=======>                      25%] [Cov:===============>                   43%][Progress:=======>                      26%] [Cov:===============>                   43%][Progress:==========>                   36%] [Cov:===============>                   43%][Progress:===========>                  37%] [Cov:===============>                   44%][Progress:===========>                  37%] [Cov:===============>                   44%][Progress:===========>                  38%] [Cov:===============>                   44%][Progress:===========>                  38%] [Cov:===============>                   44%][Progress:===========>                  39%] [Cov:===============>                   44%][Progress:===========>                  39%] [Cov:===============>                   44%][Progress:=============>                45%] [Cov:===============>                   44%][Progress:=============>                45%] [Cov:===============>                   44%][Progress:===============>              50%] [Cov:================>                  46%][Progress:===============>              51%] [Cov:================>                  46%][Progress:===============>              51%] [Cov:================>                  46%][Progress:===============>              51%] [Cov:================>                  46%][Progress:===============>              51%] [Cov:================>                  46%][Progress:===============>              51%] [Cov:================>                  46%][Progress:===============>              52%] [Cov:================>                  46%][Progress:===============>              52%] [Cov:================>                  46%][Progress:===============>              52%] [Cov:================>                  46%][Progress:===============>              53%] [Cov:================>                  46%][Progress:=================>            58%] [Cov:================>                  46%][Progress:=================>            59%] [Cov:================>                  46%][Progress:====================>         69%] [Cov:================>                  46%][Progress:======================>       74%] [Cov:================>                  46%][Progress:=======================>      79%] [Cov:================>                  46%][Progress:===========================>  90%] [Cov:================>                  46%][Progress:===========================>  91%] [Cov:================>                  46%][Progress:===========================>  91%] [Cov:================>                  46%][Progress:===========================>  91%] [Cov:================>                  46%][Progress:===========================>  91%] [Cov:================>                  46%][Progress:=============================>97%] [Cov:================>                  46%][Progress:=============================>97%] [Cov:================>                  46%][Progress:=============================>97%] [Cov:================>                  46%][Progress:=============================>97%] [Cov:================>                  48%][Progress:=============================>97%] [Cov:================>                  48%][Progress:==============================100%] [Cov:================>                  48%]
* Search finished after 102s and 45 generations, 15139 statements, best individual has fitness: 753.0
* Generated before the refinement 24 tests with total length 69
statement is: Newzgrabber.Downloader()V type is: class org.evosuite.testcase.statements.ConstructorStatement return type class Newzgrabber.Downloader
statement code is: Downloader downloader = new Downloader()
statement is: setTotalLines(J)V type is: class org.evosuite.testcase.statements.MethodStatement return type void
statement code is: downloader.setTotalLines((-1L))
statement is: getTotalLines()J type is: class org.evosuite.testcase.statements.MethodStatement return type long
statement code is: long totalLines = downloader.getTotalLines()
test data is: Downloader downloader = new Downloader();
downloader.setTotalLines((-1L));
downloader.getTotalLines();

** It was a parseable test case! 
Improved test data is: class DummyClass {
    public static void main() {
        Downloader downloader = new Downloader();
        downloader.setTotalLines(1000L);// Large number to simulate a large file size

        downloader.getTotalLines();
    }
}
statement is: Downloader downloader = new Downloader(), class spoon.support.reflect.code.CtLocalVariableImpl
class spoon.support.reflect.code.CtConstructorCallImpl
statement is: downloader.setTotalLines(1000L)// Large number to simulate a large file size
, class spoon.support.reflect.code.CtInvocationImpl
invocation is: downloader.setTotalLines(1000L)// Large number to simulate a large file size
 target is: downloader method is: setTotalLines(long)
source statement: Newzgrabber.Downloader()V callee: VariableReference: Statement 0, type Newzgrabber.Downloaderindex is: 0
Matched Method is: setTotalLines(J)V
statement is: downloader.getTotalLines(), class spoon.support.reflect.code.CtInvocationImpl
invocation is: downloader.getTotalLines() target is: downloader method is: getTotalLines()
source statement: Newzgrabber.Downloader()V callee: VariableReference: Statement 0, type Newzgrabber.Downloaderindex is: 0
Matched Method is: getTotalLines()J
TestCase is: Downloader downloader = new Downloader();
long _long = 1000L;
downloader.setTotalLines(_long);
downloader.getTotalLines();

statement is: Newzgrabber.Downloader()V type is: class org.evosuite.testcase.statements.ConstructorStatement return type class Newzgrabber.Downloader
statement code is: Downloader downloader = new Downloader()
statement is: org.evosuite.testcase.statements.ArrayStatement@12510130 type is: class org.evosuite.testcase.statements.ArrayStatement return type class [Ljava.lang.Object;
statement code is: Object[] objectArray = new Object[0]
statement is: setDownloadData([Ljava/lang/Object;)V type is: class org.evosuite.testcase.statements.MethodStatement return type void
statement code is: downloader.setDownloadData(arg0)
test data is: Downloader downloader = new Downloader();
Object[] objectArray = new Object[0];
downloader.setDownloadData(objectArray);

** It was a parseable test case! 
Improved test data is: class DummyClass {
    public static void main() {
        Downloader downloader = new Downloader();
        Object[] objectArray = new Object[]{ "file1.txt", "file2.txt", "file3.txt" };
        downloader.setDownloadData(objectArray);
    }
}
statement is: Downloader downloader = new Downloader(), class spoon.support.reflect.code.CtLocalVariableImpl
class spoon.support.reflect.code.CtConstructorCallImpl
statement is: Object[] objectArray = new Object[]{ "file1.txt", "file2.txt", "file3.txt" }, class spoon.support.reflect.code.CtLocalVariableImpl
class spoon.support.reflect.code.CtNewArrayImpl
Dimension: [] Ct is: Object[] objectArray = new Object[0] isAssignment: false Array: new Object[]{ "file1.txt", "file2.txt", "file3.txt" } Elements: ["file1.txt", "file2.txt", "file3.txt"]
lengths: [0] []
statement is: downloader.setDownloadData(objectArray), class spoon.support.reflect.code.CtInvocationImpl
invocation is: downloader.setDownloadData(objectArray) target is: downloader method is: setDownloadData(java.lang.Object[])
source statement: Newzgrabber.Downloader()V callee: VariableReference: Statement 0, type Newzgrabber.Downloaderindex is: 0
Matched Method is: setDownloadData([Ljava/lang/Object;)V
i 0 Parameters size() 0 Num of Method Parameters: 1
TestCase is: Downloader downloader = new Downloader();
Object[] objectArray = null;
downloader.setDownloadData(objectArray);

statement is: Newzgrabber.Downloader()V type is: class org.evosuite.testcase.statements.ConstructorStatement return type class Newzgrabber.Downloader
statement code is: Downloader downloader = new Downloader()
statement is: setTableIndex(I)V type is: class org.evosuite.testcase.statements.MethodStatement return type void
statement code is: downloader.setTableIndex(1799)
test data is: Downloader downloader = new Downloader();
downloader.setTableIndex(1799);

** It was a parseable test case! 
Improved test data is: class DummyClass {
    public static void main() {
        Downloader downloader = new Downloader();
        downloader.setTableIndex(3000);
    }
}
statement is: Downloader downloader = new Downloader(), class spoon.support.reflect.code.CtLocalVariableImpl
class spoon.support.reflect.code.CtConstructorCallImpl
statement is: downloader.setTableIndex(3000), class spoon.support.reflect.code.CtInvocationImpl
invocation is: downloader.setTableIndex(3000) target is: downloader method is: setTableIndex(int)
source statement: Newzgrabber.Downloader()V callee: VariableReference: Statement 0, type Newzgrabber.Downloaderindex is: 0
Matched Method is: setTableIndex(I)V
TestCase is: Downloader downloader = new Downloader();
int _int = 3000;
downloader.setTableIndex(_int);

statement is: Newzgrabber.Downloader()V type is: class org.evosuite.testcase.statements.ConstructorStatement return type class Newzgrabber.Downloader
statement code is: Downloader downloader = new Downloader()
statement is: setServer(Ljava/lang/String;)V type is: class org.evosuite.testcase.statements.MethodStatement return type void
statement code is: downloader.setServer("E#<-XD e#R%OL")
test data is: Downloader downloader = new Downloader();
downloader.setServer("E#<-XD e#R%OL");

** It was a parseable test case! 
Improved test data is: class DummyClass {
    public static void main() {
        Downloader downloader = new Downloader();
        downloader.setServer("https://www.example.com");// This is an illustrative example of a server URL

        downloader.setUsername("johndoe");// This is an illustrative example of a username

        downloader.setPassword("password123");// This is an illustrative example of a password

        downloader.setQueryParameters("key1=value1&key2=value2");// This is an illustrative example of query parameters }}

    }
}
statement is: Downloader downloader = new Downloader(), class spoon.support.reflect.code.CtLocalVariableImpl
class spoon.support.reflect.code.CtConstructorCallImpl
statement is: downloader.setServer("https://www.example.com")// This is an illustrative example of a server URL
, class spoon.support.reflect.code.CtInvocationImpl
invocation is: downloader.setServer("https://www.example.com")// This is an illustrative example of a server URL
 target is: downloader method is: setServer(java.lang.String)
source statement: Newzgrabber.Downloader()V callee: VariableReference: Statement 0, type Newzgrabber.Downloaderindex is: 0
Matched Method is: setServer(Ljava/lang/String;)V
statement is: downloader.setUsername("johndoe")// This is an illustrative example of a username
, class spoon.support.reflect.code.CtInvocationImpl
invocation is: downloader.setUsername("johndoe")// This is an illustrative example of a username
 target is: downloader method is: setUsername(java.lang.String)
statement is: downloader.setPassword("password123")// This is an illustrative example of a password
, class spoon.support.reflect.code.CtInvocationImpl
invocation is: downloader.setPassword("password123")// This is an illustrative example of a password
 target is: downloader method is: setPassword(java.lang.String)
statement is: downloader.setQueryParameters("key1=value1&key2=value2")// This is an illustrative example of query parameters }}
, class spoon.support.reflect.code.CtInvocationImpl
invocation is: downloader.setQueryParameters("key1=value1&key2=value2")// This is an illustrative example of query parameters }}
 target is: downloader method is: setQueryParameters(java.lang.String)
TestCase is: Downloader downloader = new Downloader();
String string = "https://www.example.com";
downloader.setServer(string);

statement is: Newzgrabber.Downloader()V type is: class org.evosuite.testcase.statements.ConstructorStatement return type class Newzgrabber.Downloader
statement code is: Downloader downloader = new Downloader()
statement is: setTitle(Ljava/lang/String;)V type is: class org.evosuite.testcase.statements.MethodStatement return type void
statement code is: downloader.setTitle("Sad-bdE#Z%s%ZEc")
test data is: Downloader downloader = new Downloader();
downloader.setTitle("Sad-bdE#Z%s%ZEc");

** It was a parseable test case! 
Improved test data is: class DummyClass {
    public static void main() {
        Downloader downloader = new Downloader();
        downloader.setTitle("Awesome Video Game");
    }
}
statement is: Downloader downloader = new Downloader(), class spoon.support.reflect.code.CtLocalVariableImpl
class spoon.support.reflect.code.CtConstructorCallImpl
statement is: downloader.setTitle("Awesome Video Game"), class spoon.support.reflect.code.CtInvocationImpl
invocation is: downloader.setTitle("Awesome Video Game") target is: downloader method is: setTitle(java.lang.String)
source statement: Newzgrabber.Downloader()V callee: VariableReference: Statement 0, type Newzgrabber.Downloaderindex is: 0
Matched Method is: setTitle(Ljava/lang/String;)V
TestCase is: Downloader downloader = new Downloader();
String string = "Awesome Video Game";
downloader.setTitle(string);

statement is: Newzgrabber.Downloader()V type is: class org.evosuite.testcase.statements.ConstructorStatement return type class Newzgrabber.Downloader
statement code is: Downloader downloader = new Downloader()
statement is: setUsername(Ljava/lang/String;)V type is: class org.evosuite.testcase.statements.MethodStatement return type void
statement code is: downloader.setUsername("")
test data is: Downloader downloader = new Downloader();
downloader.setUsername("");

** It was a parseable test case! 
Improved test data is: class DummyClass {
    public static void main() {
        Downloader downloader = new Downloader();
        downloader.setUsername("John Doe");
    }
}
statement is: Downloader downloader = new Downloader(), class spoon.support.reflect.code.CtLocalVariableImpl
class spoon.support.reflect.code.CtConstructorCallImpl
statement is: downloader.setUsername("John Doe"), class spoon.support.reflect.code.CtInvocationImpl
invocation is: downloader.setUsername("John Doe") target is: downloader method is: setUsername(java.lang.String)
source statement: Newzgrabber.Downloader()V callee: VariableReference: Statement 0, type Newzgrabber.Downloaderindex is: 0
Matched Method is: setUsername(Ljava/lang/String;)V
TestCase is: Downloader downloader = new Downloader();
String string = "John Doe";
downloader.setUsername(string);

statement is: Newzgrabber.Downloader()V type is: class org.evosuite.testcase.statements.ConstructorStatement return type class Newzgrabber.Downloader
statement code is: Downloader downloader = new Downloader()
statement is: getGroup()Ljava/lang/String; type is: class org.evosuite.testcase.statements.MethodStatement return type class java.lang.String
statement code is: String group = downloader.getGroup()
test data is: Downloader downloader = new Downloader();
downloader.getGroup();

** It was a parseable test case! 
Improved test data is: class DummyClass {
    public static void main() {
        Downloader downloader = new Downloader("https://www.example.com");
        downloader.setGroup(5);
    }
}
statement is: Downloader downloader = new Downloader("https://www.example.com"), class spoon.support.reflect.code.CtLocalVariableImpl
class spoon.support.reflect.code.CtConstructorCallImpl
statement is: downloader.setGroup(5), class spoon.support.reflect.code.CtInvocationImpl
invocation is: downloader.setGroup(5) target is: downloader method is: setGroup(int)
statement is: Newzgrabber.Downloader()V type is: class org.evosuite.testcase.statements.ConstructorStatement return type class Newzgrabber.Downloader
statement code is: Downloader downloader = new Downloader()
statement is: getTotalLines()J type is: class org.evosuite.testcase.statements.MethodStatement return type long
statement code is: long totalLines = downloader.getTotalLines()
test data is: Downloader downloader = new Downloader();
downloader.getTotalLines();

** It was a parseable test case! 
Improved test data is: class DummyClass {
    public static void main() {
        String url = "https://www.example.com/file.txt";
        String username = "john";
        String password = "doe";
        String outputFilePath = "C:\\temp\\output.txt";
        int chunkSize = 1024;
        int timeout = 5;
        int retryCount = 3;
        Downloader downloader = new Downloader(url, username, password);
        downloader.setOutputFilePath(outputFilePath);
        downloader.setChunkSize(chunkSize);
        downloader.setTimeout(timeout);
        downloader.setRetryCount(retryCount);
        downloader.getTotalLines();
    }
}
statement is: String url = "https://www.example.com/file.txt", class spoon.support.reflect.code.CtLocalVariableImpl
class spoon.support.reflect.code.CtLiteralImpl
statement is: String username = "john", class spoon.support.reflect.code.CtLocalVariableImpl
class spoon.support.reflect.code.CtLiteralImpl
statement is: String password = "doe", class spoon.support.reflect.code.CtLocalVariableImpl
class spoon.support.reflect.code.CtLiteralImpl
statement is: String outputFilePath = "C:\\temp\\output.txt", class spoon.support.reflect.code.CtLocalVariableImpl
class spoon.support.reflect.code.CtLiteralImpl
statement is: int chunkSize = 1024, class spoon.support.reflect.code.CtLocalVariableImpl
class spoon.support.reflect.code.CtLiteralImpl
statement is: int timeout = 5, class spoon.support.reflect.code.CtLocalVariableImpl
class spoon.support.reflect.code.CtLiteralImpl
statement is: int retryCount = 3, class spoon.support.reflect.code.CtLocalVariableImpl
class spoon.support.reflect.code.CtLiteralImpl
statement is: Downloader downloader = new Downloader(url, username, password), class spoon.support.reflect.code.CtLocalVariableImpl
class spoon.support.reflect.code.CtConstructorCallImpl
statement is: downloader.setOutputFilePath(outputFilePath), class spoon.support.reflect.code.CtInvocationImpl
invocation is: downloader.setOutputFilePath(outputFilePath) target is: downloader method is: setOutputFilePath(java.lang.String)
statement is: downloader.setChunkSize(chunkSize), class spoon.support.reflect.code.CtInvocationImpl
invocation is: downloader.setChunkSize(chunkSize) target is: downloader method is: setChunkSize(int)
statement is: downloader.setTimeout(timeout), class spoon.support.reflect.code.CtInvocationImpl
invocation is: downloader.setTimeout(timeout) target is: downloader method is: setTimeout(int)
statement is: downloader.setRetryCount(retryCount), class spoon.support.reflect.code.CtInvocationImpl
invocation is: downloader.setRetryCount(retryCount) target is: downloader method is: setRetryCount(int)
statement is: downloader.getTotalLines(), class spoon.support.reflect.code.CtInvocationImpl
invocation is: downloader.getTotalLines() target is: downloader method is: getTotalLines()
* this is vulnerable: String string = "https://www.example.com/file.txt"
* this is vulnerable: String string = "john"
* this is vulnerable: String string = "doe"
* this is vulnerable: String string = "C:\\temp\\output.txt"
* this is vulnerable: int _int = 1024
* this is vulnerable: int _int = 5
* this is vulnerable: int _int = 3
TestCase is: String string = "https://www.example.com/file.txt";
String string = "john";
String string = "doe";
String string = "C:\\temp\\output.txt";
int _int = 1024;
int _int = 5;
int _int = 3;

statement is: Newzgrabber.Downloader()V type is: class org.evosuite.testcase.statements.ConstructorStatement return type class Newzgrabber.Downloader
statement code is: Downloader downloader = new Downloader()
statement is: setTimeout(I)V type is: class org.evosuite.testcase.statements.MethodStatement return type void
statement code is: downloader.setTimeout(0)
statement is: getTimeout()I type is: class org.evosuite.testcase.statements.MethodStatement return type int
statement code is: int timeout = downloader.getTimeout()
test data is: Downloader downloader = new Downloader();
downloader.setTimeout(0);
downloader.getTimeout();

** It was a parseable test case! 
Improved test data is: class DummyClass {
    public static void main() {
        Downloader downloader = new Downloader();
        downloader.setTimeout(10);
        downloader.getTimeout();
    }
}
statement is: Downloader downloader = new Downloader(), class spoon.support.reflect.code.CtLocalVariableImpl
class spoon.support.reflect.code.CtConstructorCallImpl
statement is: downloader.setTimeout(10), class spoon.support.reflect.code.CtInvocationImpl
invocation is: downloader.setTimeout(10) target is: downloader method is: setTimeout(int)
source statement: Newzgrabber.Downloader()V callee: VariableReference: Statement 0, type Newzgrabber.Downloaderindex is: 0
Matched Method is: setTimeout(I)V
statement is: downloader.getTimeout(), class spoon.support.reflect.code.CtInvocationImpl
invocation is: downloader.getTimeout() target is: downloader method is: getTimeout()
source statement: Newzgrabber.Downloader()V callee: VariableReference: Statement 0, type Newzgrabber.Downloaderindex is: 0
Matched Method is: getTimeout()I
TestCase is: Downloader downloader = new Downloader();
int _int = 10;
downloader.setTimeout(_int);
downloader.getTimeout();

statement is: Newzgrabber.Downloader()V type is: class org.evosuite.testcase.statements.ConstructorStatement return type class Newzgrabber.Downloader
statement code is: Downloader downloader = new Downloader()
statement is: org.evosuite.testcase.statements.ArrayStatement@4f58e6c7 type is: class org.evosuite.testcase.statements.ArrayStatement return type class [J
statement code is: long[] longArray = new long[0]
statement is: setIds([J)V type is: class org.evosuite.testcase.statements.MethodStatement return type void
statement code is: downloader.setIds(arg0)
statement is: startDownload()V type is: class org.evosuite.testcase.statements.MethodStatement return type void
statement code is: downloader.startDownload()
test data is: Downloader downloader = new Downloader();
long[] longArray = new long[0];
downloader.setIds(longArray);
downloader.startDownload();

** It was a parseable test case! 
Improved test data is: class DummyClass {
    public static void main() {
        Downloader downloader = new Downloader();
        // Improved test data
        long[] longArray = new long[]{ 1, 2, 3 };
        downloader.setIds(longArray);
        downloader.startDownload();
    }
}
statement is: Downloader downloader = new Downloader(), class spoon.support.reflect.code.CtLocalVariableImpl
class spoon.support.reflect.code.CtConstructorCallImpl
statement is: // Improved test data
long[] longArray = new long[]{ 1, 2, 3 }, class spoon.support.reflect.code.CtLocalVariableImpl
class spoon.support.reflect.code.CtNewArrayImpl
Dimension: [] Ct is: long[] longArray = new long[0] isAssignment: false Array: new long[]{ 1, 2, 3 } Elements: [1, 2, 3]
lengths: [0] []
statement is: downloader.setIds(longArray), class spoon.support.reflect.code.CtInvocationImpl
invocation is: downloader.setIds(longArray) target is: downloader method is: setIds(long[])
source statement: Newzgrabber.Downloader()V callee: VariableReference: Statement 0, type Newzgrabber.Downloaderindex is: 0
Matched Method is: setIds([J)V
i 0 Parameters size() 0 Num of Method Parameters: 1
statement is: downloader.startDownload(), class spoon.support.reflect.code.CtInvocationImpl
invocation is: downloader.startDownload() target is: downloader method is: startDownload()
source statement: Newzgrabber.Downloader()V callee: VariableReference: Statement 0, type Newzgrabber.Downloaderindex is: 0
Matched Method is: startDownload()V
TestCase is: Downloader downloader = new Downloader();
long[] longArray = null;
downloader.setIds(longArray);
downloader.startDownload();

statement is: Newzgrabber.Downloader()V type is: class org.evosuite.testcase.statements.ConstructorStatement return type class Newzgrabber.Downloader
statement code is: Downloader downloader = new Downloader()
statement is: setPassword(Ljava/lang/String;)V type is: class org.evosuite.testcase.statements.MethodStatement return type void
statement code is: downloader.setPassword("Zm3SgecO*p")
test data is: Downloader downloader = new Downloader();
downloader.setPassword("Zm3SgecO*p");

** It was a parseable test case! 
Improved test data is: class DummyClass {
    public static void main() {
        Downloader downloader = new Downloader();
        downloader.setPassword("a1B2c3D4e5F6g7H8i9J0");
    }
}
statement is: Downloader downloader = new Downloader(), class spoon.support.reflect.code.CtLocalVariableImpl
class spoon.support.reflect.code.CtConstructorCallImpl
statement is: downloader.setPassword("a1B2c3D4e5F6g7H8i9J0"), class spoon.support.reflect.code.CtInvocationImpl
invocation is: downloader.setPassword("a1B2c3D4e5F6g7H8i9J0") target is: downloader method is: setPassword(java.lang.String)
source statement: Newzgrabber.Downloader()V callee: VariableReference: Statement 0, type Newzgrabber.Downloaderindex is: 0
Matched Method is: setPassword(Ljava/lang/String;)V
TestCase is: Downloader downloader = new Downloader();
String string = "a1B2c3D4e5F6g7H8i9J0";
downloader.setPassword(string);

statement is: Newzgrabber.Downloader()V type is: class org.evosuite.testcase.statements.ConstructorStatement return type class Newzgrabber.Downloader
statement code is: Downloader downloader = new Downloader()
statement is: org.evosuite.runtime.mock.java.io.MockFile(Ljava/lang/String;)V type is: class org.evosuite.testcase.statements.ConstructorStatement return type class org.evosuite.runtime.mock.java.io.MockFile
statement code is: MockFile mockFile = new MockFile("!=t4mFrU.@}1p")
statement is: setDownloadDirectory(Ljava/io/File;)V type is: class org.evosuite.testcase.statements.MethodStatement return type void
statement code is: downloader.setDownloadDirectory(arg0)
test data is: Downloader downloader = new Downloader();
MockFile mockFile = new MockFile("!=t4mFrU.@}1p");
downloader.setDownloadDirectory(mockFile);

** It was a parseable test case! 
Improved test data is: class DummyClass {
    public static void main() {
        Downloader downloader = new Downloader();
        MockFile mockFile = new MockFile("valid_file_name");
        downloader.setDownloadDirectory(mockFile);
    }
}
statement is: Downloader downloader = new Downloader(), class spoon.support.reflect.code.CtLocalVariableImpl
class spoon.support.reflect.code.CtConstructorCallImpl
statement is: MockFile mockFile = new MockFile("valid_file_name"), class spoon.support.reflect.code.CtLocalVariableImpl
class spoon.support.reflect.code.CtConstructorCallImpl
statement is: downloader.setDownloadDirectory(mockFile), class spoon.support.reflect.code.CtInvocationImpl
invocation is: downloader.setDownloadDirectory(mockFile) target is: downloader method is: setDownloadDirectory(MockFile)
source statement: Newzgrabber.Downloader()V callee: VariableReference: Statement 0, type Newzgrabber.Downloaderindex is: 0
Matched Method is: setDownloadDirectory(Ljava/io/File;)V
TestCase is: Downloader downloader = new Downloader();
String string = "valid_file_name";
MockFile mockFile = new MockFile(string);
downloader.setDownloadDirectory(mockFile);

statement is: Newzgrabber.Downloader()V type is: class org.evosuite.testcase.statements.ConstructorStatement return type class Newzgrabber.Downloader
statement code is: Downloader downloader = new Downloader()
statement is: getTimeout()I type is: class org.evosuite.testcase.statements.MethodStatement return type int
statement code is: int timeout = downloader.getTimeout()
test data is: Downloader downloader = new Downloader();
downloader.getTimeout();

** It was a parseable test case! 
Improved test data is: class DummyClass {
    public static void main() {
        // Improved test data for the Downloader class
        Downloader downloader = new Downloader();
        downloader.setTimeout(10);// set timeout to 10 seconds }}

    }
}
statement is: // Improved test data for the Downloader class
Downloader downloader = new Downloader(), class spoon.support.reflect.code.CtLocalVariableImpl
class spoon.support.reflect.code.CtConstructorCallImpl
statement is: downloader.setTimeout(10)// set timeout to 10 seconds }}
, class spoon.support.reflect.code.CtInvocationImpl
invocation is: downloader.setTimeout(10)// set timeout to 10 seconds }}
 target is: downloader method is: setTimeout(int)
TestCase is: Downloader downloader = new Downloader();

statement is: Newzgrabber.Downloader()V type is: class org.evosuite.testcase.statements.ConstructorStatement return type class Newzgrabber.Downloader
statement code is: Downloader downloader = new Downloader()
statement is: getBaseMessageId()J type is: class org.evosuite.testcase.statements.MethodStatement return type long
statement code is: long baseMessageId = downloader.getBaseMessageId()
test data is: Downloader downloader = new Downloader();
downloader.getBaseMessageId();

** It was a parseable test case! 
Improved test data is: class DummyClass {
    public static void main() {
        Downloader downloader = new Downloader();
        String baseMessageId = downloader.getBaseMessageId();
        assertEquals("12345", baseMessageId);
    }
}
statement is: Downloader downloader = new Downloader(), class spoon.support.reflect.code.CtLocalVariableImpl
class spoon.support.reflect.code.CtConstructorCallImpl
statement is: String baseMessageId = downloader.getBaseMessageId(), class spoon.support.reflect.code.CtLocalVariableImpl
class spoon.support.reflect.code.CtInvocationImpl
invocation is: downloader.getBaseMessageId() target is: downloader method is: getBaseMessageId()
source statement: Newzgrabber.Downloader()V callee: VariableReference: Statement 0, type Newzgrabber.Downloaderindex is: 0
Matched Method is: getBaseMessageId()J
statement is: assertEquals("12345", baseMessageId), class spoon.support.reflect.code.CtInvocationImpl
invocation is: assertEquals("12345", baseMessageId) target is:  method is: assertEquals(java.lang.String,java.lang.String)
TestCase is: Downloader downloader = new Downloader();
downloader.getBaseMessageId();

statement is: Newzgrabber.Downloader()V type is: class org.evosuite.testcase.statements.ConstructorStatement return type class Newzgrabber.Downloader
statement code is: Downloader downloader = new Downloader()
statement is: org.evosuite.testcase.statements.ArrayStatement@8be5fd42 type is: class org.evosuite.testcase.statements.ArrayStatement return type class [J
statement code is: long[] longArray = new long[2]
statement is: setIds([J)V type is: class org.evosuite.testcase.statements.MethodStatement return type void
statement code is: downloader.setIds(arg0)
statement is: getBaseMessageId()J type is: class org.evosuite.testcase.statements.MethodStatement return type long
statement code is: long baseMessageId = downloader.getBaseMessageId()
test data is: Downloader downloader = new Downloader();
long[] longArray = new long[2];
downloader.setIds(longArray);
downloader.getBaseMessageId();

** It was a parseable test case! 
Improved test data is: class DummyClass {
    public static void main() {
        Downloader downloader = new Downloader();
        long[] longArray = new long[]{ 1, 3 };
        downloader.setIds(longArray);
        downloader.getBaseMessageId();
    }
}
statement is: Downloader downloader = new Downloader(), class spoon.support.reflect.code.CtLocalVariableImpl
class spoon.support.reflect.code.CtConstructorCallImpl
statement is: long[] longArray = new long[]{ 1, 3 }, class spoon.support.reflect.code.CtLocalVariableImpl
class spoon.support.reflect.code.CtNewArrayImpl
Dimension: [] Ct is: long[] longArray = new long[2] isAssignment: false Array: new long[]{ 1, 3 } Elements: [1, 3]
lengths: [2] []
statement is: downloader.setIds(longArray), class spoon.support.reflect.code.CtInvocationImpl
invocation is: downloader.setIds(longArray) target is: downloader method is: setIds(long[])
source statement: Newzgrabber.Downloader()V callee: VariableReference: Statement 0, type Newzgrabber.Downloaderindex is: 0
Matched Method is: setIds([J)V
i 0 Parameters size() 0 Num of Method Parameters: 1
statement is: downloader.getBaseMessageId(), class spoon.support.reflect.code.CtInvocationImpl
invocation is: downloader.getBaseMessageId() target is: downloader method is: getBaseMessageId()
source statement: Newzgrabber.Downloader()V callee: VariableReference: Statement 0, type Newzgrabber.Downloaderindex is: 0
Matched Method is: getBaseMessageId()J
TestCase is: Downloader downloader = new Downloader();
long[] longArray = null;
downloader.setIds(longArray);
downloader.getBaseMessageId();

statement is: Newzgrabber.Downloader()V type is: class org.evosuite.testcase.statements.ConstructorStatement return type class Newzgrabber.Downloader
statement code is: Downloader downloader = new Downloader()
statement is: close()V type is: class org.evosuite.testcase.statements.MethodStatement return type void
statement code is: downloader.close()
test data is: Downloader downloader = new Downloader();
downloader.close();

** It was a parseable test case! 
Improved test data is: class DummyClass {
    public static void main() {
        // Improved test data
        Downloader downloader = new Downloader("https://www.example.com", "my_file.txt");
        downloader.setConnectionTimeout(10000);
        downloader.setReadTimeout(20000);
        downloader.close();
    }
}
statement is: // Improved test data
Downloader downloader = new Downloader("https://www.example.com", "my_file.txt"), class spoon.support.reflect.code.CtLocalVariableImpl
class spoon.support.reflect.code.CtConstructorCallImpl
statement is: downloader.setConnectionTimeout(10000), class spoon.support.reflect.code.CtInvocationImpl
invocation is: downloader.setConnectionTimeout(10000) target is: downloader method is: setConnectionTimeout(int)
statement is: downloader.setReadTimeout(20000), class spoon.support.reflect.code.CtInvocationImpl
invocation is: downloader.setReadTimeout(20000) target is: downloader method is: setReadTimeout(int)
statement is: downloader.close(), class spoon.support.reflect.code.CtInvocationImpl
invocation is: downloader.close() target is: downloader method is: close()
statement is: Newzgrabber.Downloader()V type is: class org.evosuite.testcase.statements.ConstructorStatement return type class Newzgrabber.Downloader
statement code is: Downloader downloader = new Downloader()
statement is: org.evosuite.testcase.statements.AssignmentStatement@95749631 type is: class org.evosuite.testcase.statements.AssignmentStatement return type boolean
statement code is: Newzgrabber.verbose = true
statement is: close()V type is: class org.evosuite.testcase.statements.MethodStatement return type void
statement code is: downloader.close()
test data is: Downloader downloader = new Downloader();
Newzgrabber.verbose = true;
downloader.close();

** It was a parseable test case! 
Improved test data is: class DummyClass {
    public static void main() {
        Downloader downloader = new Downloader("https://www.example.com/download", "Testing NewzGrabber");
        Newzgrabber.verbose = true;
        downloader.close();
    }
}
statement is: Downloader downloader = new Downloader("https://www.example.com/download", "Testing NewzGrabber"), class spoon.support.reflect.code.CtLocalVariableImpl
class spoon.support.reflect.code.CtConstructorCallImpl
statement is: Newzgrabber.verbose = true, class spoon.support.reflect.code.CtAssignmentImpl
statement is: downloader.close(), class spoon.support.reflect.code.CtInvocationImpl
invocation is: downloader.close() target is: downloader method is: close()
statement is: Newzgrabber.Downloader()V type is: class org.evosuite.testcase.statements.ConstructorStatement return type class Newzgrabber.Downloader
statement code is: Downloader downloader = new Downloader()
statement is: org.evosuite.testcase.statements.ArrayStatement@75a3f976 type is: class org.evosuite.testcase.statements.ArrayStatement return type class [J
statement code is: long[] longArray = new long[3]
statement is: setIds([J)V type is: class org.evosuite.testcase.statements.MethodStatement return type void
statement code is: downloader.setIds(arg0)
statement is: startDownload()V type is: class org.evosuite.testcase.statements.MethodStatement return type void
statement code is: downloader.startDownload()
test data is: Downloader downloader = new Downloader();
long[] longArray = new long[3];
downloader.setIds(longArray);
downloader.startDownload();

** It was a parseable test case! 
Improved test data is: class DummyClass {
    public static void main() {
        Downloader downloader = new Downloader();
        long[] longArray = new long[]{ 1234, 5678, 9012 };
        downloader.setIds(longArray);
        downloader.startDownload();
    }
}
statement is: Downloader downloader = new Downloader(), class spoon.support.reflect.code.CtLocalVariableImpl
class spoon.support.reflect.code.CtConstructorCallImpl
statement is: long[] longArray = new long[]{ 1234, 5678, 9012 }, class spoon.support.reflect.code.CtLocalVariableImpl
class spoon.support.reflect.code.CtNewArrayImpl
Dimension: [] Ct is: long[] longArray = new long[3] isAssignment: false Array: new long[]{ 1234, 5678, 9012 } Elements: [1234, 5678, 9012]
lengths: [3] []
statement is: downloader.setIds(longArray), class spoon.support.reflect.code.CtInvocationImpl
invocation is: downloader.setIds(longArray) target is: downloader method is: setIds(long[])
source statement: Newzgrabber.Downloader()V callee: VariableReference: Statement 0, type Newzgrabber.Downloaderindex is: 0
Matched Method is: setIds([J)V
i 0 Parameters size() 0 Num of Method Parameters: 1
statement is: downloader.startDownload(), class spoon.support.reflect.code.CtInvocationImpl
invocation is: downloader.startDownload() target is: downloader method is: startDownload()
source statement: Newzgrabber.Downloader()V callee: VariableReference: Statement 0, type Newzgrabber.Downloaderindex is: 0
Matched Method is: startDownload()V
TestCase is: Downloader downloader = new Downloader();
long[] longArray = null;
downloader.setIds(longArray);
downloader.startDownload();

statement is: Newzgrabber.Downloader()V type is: class org.evosuite.testcase.statements.ConstructorStatement return type class Newzgrabber.Downloader
statement code is: Downloader downloader = new Downloader()
statement is: org.evosuite.testcase.statements.AssignmentStatement@4b7f2f78 type is: class org.evosuite.testcase.statements.AssignmentStatement return type boolean
statement code is: Newzgrabber.verbose = true
statement is: org.evosuite.testcase.statements.ArrayStatement@55df1209 type is: class org.evosuite.testcase.statements.ArrayStatement return type class [J
statement code is: long[] longArray = new long[3]
statement is: setIds([J)V type is: class org.evosuite.testcase.statements.MethodStatement return type void
statement code is: downloader.setIds(arg0)
statement is: startDownload()V type is: class org.evosuite.testcase.statements.MethodStatement return type void
statement code is: downloader.startDownload()
test data is: Downloader downloader = new Downloader();
Newzgrabber.verbose = true;
long[] longArray = new long[3];
downloader.setIds(longArray);
downloader.startDownload();

** It was a parseable test case! 
Improved test data is: class DummyClass {
    public static void main() {
        Downloader downloader = new Downloader();
        Newzgrabber.verbose = true;
        long[] longArray = new long[]{ 123456789, 234567890, 345678901 };// Improved test data: more descriptive and representative of the situation being tested

        downloader.setIds(longArray);
        downloader.startDownload();
    }
}
statement is: Downloader downloader = new Downloader(), class spoon.support.reflect.code.CtLocalVariableImpl
class spoon.support.reflect.code.CtConstructorCallImpl
statement is: Newzgrabber.verbose = true, class spoon.support.reflect.code.CtAssignmentImpl
statement is: long[] longArray = new long[]{ 123456789, 234567890, 345678901 }// Improved test data: more descriptive and representative of the situation being tested
, class spoon.support.reflect.code.CtLocalVariableImpl
class spoon.support.reflect.code.CtNewArrayImpl
Dimension: [] Ct is: long[] longArray = new long[3] isAssignment: false Array: new long[]{ 123456789, 234567890, 345678901 } Elements: [123456789, 234567890, 345678901]
lengths: [3] []
statement is: downloader.setIds(longArray), class spoon.support.reflect.code.CtInvocationImpl
invocation is: downloader.setIds(longArray) target is: downloader method is: setIds(long[])
source statement: Newzgrabber.Downloader()V callee: VariableReference: Statement 0, type Newzgrabber.Downloaderindex is: 0
Matched Method is: setIds([J)V
i 0 Parameters size() 0 Num of Method Parameters: 1
statement is: downloader.startDownload(), class spoon.support.reflect.code.CtInvocationImpl
invocation is: downloader.startDownload() target is: downloader method is: startDownload()
source statement: Newzgrabber.Downloader()V callee: VariableReference: Statement 0, type Newzgrabber.Downloaderindex is: 0
Matched Method is: startDownload()V
TestCase is: Downloader downloader = new Downloader();
long[] longArray = null;
downloader.setIds(longArray);
downloader.startDownload();

statement is: Newzgrabber.Downloader()V type is: class org.evosuite.testcase.statements.ConstructorStatement return type class Newzgrabber.Downloader
statement code is: Downloader downloader = new Downloader()
statement is: org.evosuite.testcase.statements.ArrayStatement@c23e066 type is: class org.evosuite.testcase.statements.ArrayStatement return type class [J
statement code is: long[] longArray = new long[3]
statement is: org.evosuite.testcase.statements.AssignmentStatement@a8ef92f7 type is: class org.evosuite.testcase.statements.AssignmentStatement return type long
statement code is: longArray[0] = 20L
statement is: setIds([J)V type is: class org.evosuite.testcase.statements.MethodStatement return type void
statement code is: downloader.setIds(arg0)
statement is: getBaseMessageId()J type is: class org.evosuite.testcase.statements.MethodStatement return type long
statement code is: long baseMessageId = downloader.getBaseMessageId()
test data is: Downloader downloader = new Downloader();
long[] longArray = new long[3];
longArray[0] = 20L;
downloader.setIds(longArray);
downloader.getBaseMessageId();

** It was a parseable test case! 
Improved test data is: class DummyClass {
    public static void main() {
        Downloader downloader = new Downloader();
        long[] longArray = new long[3];
        // Changed the value of the first element in the array to a more representative value for testing purposes.
        longArray[0] = 123456789L;
        downloader.setIds(longArray);
        downloader.getBaseMessageId();
    }
}
statement is: Downloader downloader = new Downloader(), class spoon.support.reflect.code.CtLocalVariableImpl
class spoon.support.reflect.code.CtConstructorCallImpl
statement is: long[] longArray = new long[3], class spoon.support.reflect.code.CtLocalVariableImpl
class spoon.support.reflect.code.CtNewArrayImpl
Dimension: [3] Ct is: long[] longArray = new long[3] isAssignment: false Array: new long[3] Elements: []
lengths: [3] [3]
Their type are: class [J long[]
statement is: // Changed the value of the first element in the array to a more representative value for testing purposes.
longArray[0] = 123456789L, class spoon.support.reflect.code.CtAssignmentImpl
Assigned : longArray[0] Assigned Type class spoon.support.reflect.code.CtArrayWriteImpl long Assignment:123456789L Ct is: // Changed the value of the first element in the array to a more representative value for testing purposes.
longArray[0] = 123456789L
target : longArray class spoon.support.reflect.code.CtLiteralImpl
statement is: downloader.setIds(longArray), class spoon.support.reflect.code.CtInvocationImpl
invocation is: downloader.setIds(longArray) target is: downloader method is: setIds(long[])
source statement: Newzgrabber.Downloader()V callee: VariableReference: Statement 0, type Newzgrabber.Downloaderindex is: 0
Matched Method is: setIds([J)V
statement is: downloader.getBaseMessageId(), class spoon.support.reflect.code.CtInvocationImpl
invocation is: downloader.getBaseMessageId() target is: downloader method is: getBaseMessageId()
source statement: Newzgrabber.Downloader()V callee: VariableReference: Statement 0, type Newzgrabber.Downloaderindex is: 0
Matched Method is: getBaseMessageId()J
TestCase is: Downloader downloader = new Downloader();
long[] longArray = new long[3];
long _long = 123456789L;
longArray[0] = _long;
downloader.setIds(longArray);
downloader.getBaseMessageId();

statement is: Newzgrabber.Downloader()V type is: class org.evosuite.testcase.statements.ConstructorStatement return type class Newzgrabber.Downloader
statement code is: Downloader downloader = new Downloader()
statement is: setGroup(Ljava/lang/String;)V type is: class org.evosuite.testcase.statements.MethodStatement return type void
statement code is: downloader.setGroup("")
statement is: getGroup()Ljava/lang/String; type is: class org.evosuite.testcase.statements.MethodStatement return type class java.lang.String
statement code is: String group = downloader.getGroup()
test data is: Downloader downloader = new Downloader();
downloader.setGroup("");
downloader.getGroup();

** It was a parseable test case! 
Improved test data is: class DummyClass {
    public static void main() {
        Downloader downloader = new Downloader();
        downloader.setGroup("Group1");
        String expectedGroup = "Group1";
        String actualGroup = downloader.getGroup();
        assertEquals(expectedGroup, actualGroup);
        Downloader downloader2 = new Downloader();
        downloader2.setGroup("Group2");
        String expectedGroup2 = "Group2";
        String actualGroup2 = downloader2.getGroup();
        assertEquals(expectedGroup2, actualGroup2);
        Downloader downloader3 = new Downloader();
        downloader3.setGroup("Group3");
        String expectedGroup3 = "Group3";
        String actualGroup3 = downloader3.getGroup();
        assertEquals(expectedGroup3, actualGroup3);
    }
}
statement is: Downloader downloader = new Downloader(), class spoon.support.reflect.code.CtLocalVariableImpl
class spoon.support.reflect.code.CtConstructorCallImpl
statement is: downloader.setGroup("Group1"), class spoon.support.reflect.code.CtInvocationImpl
invocation is: downloader.setGroup("Group1") target is: downloader method is: setGroup(java.lang.String)
source statement: Newzgrabber.Downloader()V callee: VariableReference: Statement 0, type Newzgrabber.Downloaderindex is: 0
Matched Method is: setGroup(Ljava/lang/String;)V
statement is: String expectedGroup = "Group1", class spoon.support.reflect.code.CtLocalVariableImpl
class spoon.support.reflect.code.CtLiteralImpl
statement is: String actualGroup = downloader.getGroup(), class spoon.support.reflect.code.CtLocalVariableImpl
class spoon.support.reflect.code.CtInvocationImpl
invocation is: downloader.getGroup() target is: downloader method is: getGroup()
source statement: Newzgrabber.Downloader()V callee: VariableReference: Statement 0, type Newzgrabber.Downloaderindex is: 0
Matched Method is: getGroup()Ljava/lang/String;
statement is: assertEquals(expectedGroup, actualGroup), class spoon.support.reflect.code.CtInvocationImpl
invocation is: assertEquals(expectedGroup, actualGroup) target is:  method is: assertEquals(java.lang.String,java.lang.String)
statement is: Downloader downloader2 = new Downloader(), class spoon.support.reflect.code.CtLocalVariableImpl
class spoon.support.reflect.code.CtConstructorCallImpl
statement is: downloader2.setGroup("Group2"), class spoon.support.reflect.code.CtInvocationImpl
invocation is: downloader2.setGroup("Group2") target is: downloader2 method is: setGroup(java.lang.String)
source statement: Newzgrabber.Downloader()V callee: VariableReference: Statement 0, type Newzgrabber.Downloaderindex is: 5
Matched Method is: setGroup(Ljava/lang/String;)V
statement is: String expectedGroup2 = "Group2", class spoon.support.reflect.code.CtLocalVariableImpl
class spoon.support.reflect.code.CtLiteralImpl
statement is: String actualGroup2 = downloader2.getGroup(), class spoon.support.reflect.code.CtLocalVariableImpl
class spoon.support.reflect.code.CtInvocationImpl
invocation is: downloader2.getGroup() target is: downloader2 method is: getGroup()
source statement: Newzgrabber.Downloader()V callee: VariableReference: Statement 0, type Newzgrabber.Downloaderindex is: 5
Matched Method is: getGroup()Ljava/lang/String;
statement is: assertEquals(expectedGroup2, actualGroup2), class spoon.support.reflect.code.CtInvocationImpl
invocation is: assertEquals(expectedGroup2, actualGroup2) target is:  method is: assertEquals(java.lang.String,java.lang.String)
statement is: Downloader downloader3 = new Downloader(), class spoon.support.reflect.code.CtLocalVariableImpl
class spoon.support.reflect.code.CtConstructorCallImpl
statement is: downloader3.setGroup("Group3"), class spoon.support.reflect.code.CtInvocationImpl
invocation is: downloader3.setGroup("Group3") target is: downloader3 method is: setGroup(java.lang.String)
source statement: Newzgrabber.Downloader()V callee: VariableReference: Statement 0, type Newzgrabber.Downloaderindex is: 10
Matched Method is: setGroup(Ljava/lang/String;)V
statement is: String expectedGroup3 = "Group3", class spoon.support.reflect.code.CtLocalVariableImpl
class spoon.support.reflect.code.CtLiteralImpl
statement is: String actualGroup3 = downloader3.getGroup(), class spoon.support.reflect.code.CtLocalVariableImpl
class spoon.support.reflect.code.CtInvocationImpl
invocation is: downloader3.getGroup() target is: downloader3 method is: getGroup()
source statement: Newzgrabber.Downloader()V callee: VariableReference: Statement 0, type Newzgrabber.Downloaderindex is: 10
Matched Method is: getGroup()Ljava/lang/String;
statement is: assertEquals(expectedGroup3, actualGroup3), class spoon.support.reflect.code.CtInvocationImpl
invocation is: assertEquals(expectedGroup3, actualGroup3) target is:  method is: assertEquals(java.lang.String,java.lang.String)
* this is vulnerable: String string = "Group1"
* this is vulnerable: String string = "Group2"
* this is vulnerable: String string = "Group3"
TestCase is: Downloader downloader = new Downloader();
String string = "Group1";
downloader.setGroup(string);
String string = "Group1";
downloader.getGroup();
Downloader downloader = new Downloader();
String string = "Group2";
downloader.setGroup(string);
String string = "Group2";
downloader.getGroup();
Downloader downloader = new Downloader();
String string = "Group3";
downloader.setGroup(string);
String string = "Group3";
downloader.getGroup();

statement is: Newzgrabber.Downloader()V type is: class org.evosuite.testcase.statements.ConstructorStatement return type class Newzgrabber.Downloader
statement code is: Downloader downloader = new Downloader()
statement is: setGroup(Ljava/lang/String;)V type is: class org.evosuite.testcase.statements.MethodStatement return type void
statement code is: downloader.setGroup("8hJ\"EL.6!8AD?")
statement is: getGroup()Ljava/lang/String; type is: class org.evosuite.testcase.statements.MethodStatement return type class java.lang.String
statement code is: String group = downloader.getGroup()
test data is: Downloader downloader = new Downloader();
downloader.setGroup("8hJ\"EL.6!8AD?");
downloader.getGroup();

** It was a parseable test case! 
Improved test data is: class DummyClass {
    public static void main() {
        Downloader downloader = new Downloader();
        downloader.setGroup("Marketing Team");
        downloader.getGroup();
    }
}
statement is: Downloader downloader = new Downloader(), class spoon.support.reflect.code.CtLocalVariableImpl
class spoon.support.reflect.code.CtConstructorCallImpl
statement is: downloader.setGroup("Marketing Team"), class spoon.support.reflect.code.CtInvocationImpl
invocation is: downloader.setGroup("Marketing Team") target is: downloader method is: setGroup(java.lang.String)
source statement: Newzgrabber.Downloader()V callee: VariableReference: Statement 0, type Newzgrabber.Downloaderindex is: 0
Matched Method is: setGroup(Ljava/lang/String;)V
statement is: downloader.getGroup(), class spoon.support.reflect.code.CtInvocationImpl
invocation is: downloader.getGroup() target is: downloader method is: getGroup()
source statement: Newzgrabber.Downloader()V callee: VariableReference: Statement 0, type Newzgrabber.Downloaderindex is: 0
Matched Method is: getGroup()Ljava/lang/String;
TestCase is: Downloader downloader = new Downloader();
String string = "Marketing Team";
downloader.setGroup(string);
downloader.getGroup();

statement is: Newzgrabber.Downloader()V type is: class org.evosuite.testcase.statements.ConstructorStatement return type class Newzgrabber.Downloader
statement code is: Downloader downloader = new Downloader()
statement is: setTimeout(I)V type is: class org.evosuite.testcase.statements.MethodStatement return type void
statement code is: downloader.setTimeout(9)
statement is: getTimeout()I type is: class org.evosuite.testcase.statements.MethodStatement return type int
statement code is: int timeout = downloader.getTimeout()
test data is: Downloader downloader = new Downloader();
downloader.setTimeout(9);
downloader.getTimeout();

** It was a parseable test case! 
Improved test data is: class DummyClass {
    public static void main() {
        // Improved test data
        // Set the timeout to a more descriptive value (e.g., 10 seconds)
        downloader.setTimeout(10);
        // Get the current timeout setting and assert that it is correct
        assertEquals(10, downloader.getTimeout());
    }
}
statement is: // Improved test data
// Set the timeout to a more descriptive value (e.g., 10 seconds)
downloader.setTimeout(10), class spoon.support.reflect.code.CtInvocationImpl
invocation is: // Improved test data
// Set the timeout to a more descriptive value (e.g., 10 seconds)
downloader.setTimeout(10) target is: downloader method is: setTimeout(int)
statement is: // Get the current timeout setting and assert that it is correct
assertEquals(10, downloader.getTimeout()), class spoon.support.reflect.code.CtInvocationImpl
invocation is: // Get the current timeout setting and assert that it is correct
assertEquals(10, downloader.getTimeout()) target is:  method is: assertEquals(int,<unknown>)
statement is: Newzgrabber.Downloader()V type is: class org.evosuite.testcase.statements.ConstructorStatement return type class Newzgrabber.Downloader
statement code is: Downloader downloader = new Downloader()
statement is: setTotalLines(J)V type is: class org.evosuite.testcase.statements.MethodStatement return type void
statement code is: downloader.setTotalLines(100L)
statement is: getTotalLines()J type is: class org.evosuite.testcase.statements.MethodStatement return type long
statement code is: long totalLines = downloader.getTotalLines()
test data is: Downloader downloader = new Downloader();
downloader.setTotalLines(100L);
downloader.getTotalLines();

** It was a parseable test case! 
Improved test data is: class DummyClass {
    public static void main() {
        Downloader downloader = new Downloader();
        downloader.setTotalLines(100000L);
        downloader.getTotalLines();
    }
}
statement is: Downloader downloader = new Downloader(), class spoon.support.reflect.code.CtLocalVariableImpl
class spoon.support.reflect.code.CtConstructorCallImpl
statement is: downloader.setTotalLines(100000L), class spoon.support.reflect.code.CtInvocationImpl
invocation is: downloader.setTotalLines(100000L) target is: downloader method is: setTotalLines(long)
source statement: Newzgrabber.Downloader()V callee: VariableReference: Statement 0, type Newzgrabber.Downloaderindex is: 0
Matched Method is: setTotalLines(J)V
statement is: downloader.getTotalLines(), class spoon.support.reflect.code.CtInvocationImpl
invocation is: downloader.getTotalLines() target is: downloader method is: getTotalLines()
source statement: Newzgrabber.Downloader()V callee: VariableReference: Statement 0, type Newzgrabber.Downloaderindex is: 0
Matched Method is: getTotalLines()J
TestCase is: Downloader downloader = new Downloader();
long _long = 100000L;
downloader.setTotalLines(_long);
downloader.getTotalLines();

* test suite isTestSuite: 44
Test 0: 
Downloader downloader = new Downloader();
downloader.setTotalLines((-1L));
downloader.getTotalLines();
Test 1: 
Downloader downloader = new Downloader();
Object[] objectArray = new Object[0];
downloader.setDownloadData(objectArray);
Test 2: 
Downloader downloader = new Downloader();
downloader.setTableIndex(1799);
Test 3: 
Downloader downloader = new Downloader();
downloader.setServer("E#<-XD e#R%OL");
Test 4: 
Downloader downloader = new Downloader();
downloader.setTitle("Sad-bdE#Z%s%ZEc");
Test 5: 
Downloader downloader = new Downloader();
downloader.setUsername("");
Test 6: 
Downloader downloader = new Downloader();
downloader.getGroup();
Test 7: 
Downloader downloader = new Downloader();
downloader.getTotalLines();
Test 8: 
Downloader downloader = new Downloader();
downloader.setTimeout(0);
downloader.getTimeout();
Test 9: 
Downloader downloader = new Downloader();
long[] longArray = new long[0];
downloader.setIds(longArray);
downloader.startDownload();
Test 10: 
Downloader downloader = new Downloader();
downloader.setPassword("Zm3SgecO*p");
Test 11: 
Downloader downloader = new Downloader();
MockFile mockFile = new MockFile("!=t4mFrU.@}1p");
downloader.setDownloadDirectory(mockFile);
Test 12: 
Downloader downloader = new Downloader();
downloader.getTimeout();
Test 13: 
Downloader downloader = new Downloader();
downloader.getBaseMessageId();
Test 14: 
Downloader downloader = new Downloader();
long[] longArray = new long[2];
downloader.setIds(longArray);
downloader.getBaseMessageId();
Test 15: 
Downloader downloader = new Downloader();
downloader.close();
Test 16: 
Downloader downloader = new Downloader();
Newzgrabber.verbose = true;
downloader.close();
Test 17: 
Downloader downloader = new Downloader();
long[] longArray = new long[3];
downloader.setIds(longArray);
// Undeclared exception!
try { 
  downloader.startDownload();
  fail("Expecting exception: NullPointerException");

} catch(NullPointerException e) {
   //
   // no message in exception (getMessage() returned null)
   //
   verifyException("Newzgrabber.Downloader", e);
}

Test 18: 
Downloader downloader = new Downloader();
Newzgrabber.verbose = true;
long[] longArray = new long[3];
downloader.setIds(longArray);
// Undeclared exception!
try { 
  downloader.startDownload();
  fail("Expecting exception: NullPointerException");

} catch(NullPointerException e) {
   //
   // no message in exception (getMessage() returned null)
   //
   verifyException("Newzgrabber.Downloader", e);
}

Test 19: 
Downloader downloader = new Downloader();
long[] longArray = new long[3];
longArray[0] = 20L;
downloader.setIds(longArray);
downloader.getBaseMessageId();
Test 20: 
Downloader downloader = new Downloader();
downloader.setGroup("");
downloader.getGroup();
Test 21: 
Downloader downloader = new Downloader();
downloader.setGroup("8hJ\"EL.6!8AD?");
downloader.getGroup();
Test 22: 
Downloader downloader = new Downloader();
downloader.setTimeout(9);
downloader.getTimeout();
Test 23: 
Downloader downloader = new Downloader();
downloader.setTotalLines(100L);
downloader.getTotalLines();
Test 24: 
Downloader downloader = new Downloader();
downloader.setTotalLines(1000L);
downloader.getTotalLines();

Test 25: 
Downloader downloader = new Downloader();
downloader.setDownloadData((Object[]) null);

Test 26: 
Downloader downloader = new Downloader();
downloader.setTableIndex(3000);

Test 27: 
Downloader downloader = new Downloader();
downloader.setServer("https://www.example.com");

Test 28: 
Downloader downloader = new Downloader();
downloader.setTitle("Awesome Video Game");

Test 29: 
Downloader downloader = new Downloader();
downloader.setUsername("John Doe");

Test 30: 

Test 31: 
Downloader downloader = new Downloader();
downloader.setTimeout(10);
downloader.getTimeout();

Test 32: 
Downloader downloader = new Downloader();
downloader.setIds((long[]) null);
downloader.startDownload();

Test 33: 
Downloader downloader = new Downloader();
downloader.setPassword("a1B2c3D4e5F6g7H8i9J0");

Test 34: 
Downloader downloader = new Downloader();
MockFile mockFile = new MockFile("valid_file_name");
downloader.setDownloadDirectory(mockFile);

Test 35: 
Downloader downloader = new Downloader();

Test 36: 
Downloader downloader = new Downloader();
downloader.getBaseMessageId();

Test 37: 
Downloader downloader = new Downloader();
downloader.setIds((long[]) null);
downloader.getBaseMessageId();

Test 38: 
Downloader downloader = new Downloader();
downloader.setIds((long[]) null);
downloader.startDownload();

Test 39: 
Downloader downloader = new Downloader();
downloader.setIds((long[]) null);
downloader.startDownload();

Test 40: 
Downloader downloader = new Downloader();
long[] longArray = new long[3];
longArray[0] = 123456789L;
downloader.setIds(longArray);
downloader.getBaseMessageId();

Test 41: 
Downloader downloader = new Downloader();
downloader.setGroup("Group1");
downloader.getGroup();
Downloader downloader = new Downloader();
downloader.setGroup("Group2");
downloader.getGroup();
Downloader downloader = new Downloader();
downloader.setGroup("Group3");
downloader.getGroup();

Test 42: 
Downloader downloader = new Downloader();
downloader.setGroup("Marketing Team");
downloader.getGroup();

Test 43: 
Downloader downloader = new Downloader();
downloader.setTotalLines(100000L);
downloader.getTotalLines();


* Generated after the refinement and before minimization 44 tests with total length 125
* test suite isTestSuite: 44
Test 0: 
Downloader downloader = new Downloader();
downloader.setTotalLines((-1L));
downloader.getTotalLines();
Test 1: 
Downloader downloader = new Downloader();
Object[] objectArray = new Object[0];
downloader.setDownloadData(objectArray);
Test 2: 
Downloader downloader = new Downloader();
downloader.setTableIndex(1799);
Test 3: 
Downloader downloader = new Downloader();
downloader.setServer("E#<-XD e#R%OL");
Test 4: 
Downloader downloader = new Downloader();
downloader.setTitle("Sad-bdE#Z%s%ZEc");
Test 5: 
Downloader downloader = new Downloader();
downloader.setUsername("");
Test 6: 
Downloader downloader = new Downloader();
downloader.getGroup();
Test 7: 
Downloader downloader = new Downloader();
downloader.getTotalLines();
Test 8: 
Downloader downloader = new Downloader();
downloader.setTimeout(0);
downloader.getTimeout();
Test 9: 
Downloader downloader = new Downloader();
long[] longArray = new long[0];
downloader.setIds(longArray);
downloader.startDownload();
Test 10: 
Downloader downloader = new Downloader();
downloader.setPassword("Zm3SgecO*p");
Test 11: 
Downloader downloader = new Downloader();
MockFile mockFile = new MockFile("!=t4mFrU.@}1p");
downloader.setDownloadDirectory(mockFile);
Test 12: 
Downloader downloader = new Downloader();
downloader.getTimeout();
Test 13: 
Downloader downloader = new Downloader();
downloader.getBaseMessageId();
Test 14: 
Downloader downloader = new Downloader();
long[] longArray = new long[2];
downloader.setIds(longArray);
downloader.getBaseMessageId();
Test 15: 
Downloader downloader = new Downloader();
downloader.close();
Test 16: 
Downloader downloader = new Downloader();
Newzgrabber.verbose = true;
downloader.close();
Test 17: 
Downloader downloader = new Downloader();
long[] longArray = new long[3];
downloader.setIds(longArray);
// Undeclared exception!
try { 
  downloader.startDownload();
  fail("Expecting exception: NullPointerException");

} catch(NullPointerException e) {
   //
   // no message in exception (getMessage() returned null)
   //
   verifyException("Newzgrabber.Downloader", e);
}

Test 18: 
Downloader downloader = new Downloader();
Newzgrabber.verbose = true;
long[] longArray = new long[3];
downloader.setIds(longArray);
// Undeclared exception!
try { 
  downloader.startDownload();
  fail("Expecting exception: NullPointerException");

} catch(NullPointerException e) {
   //
   // no message in exception (getMessage() returned null)
   //
   verifyException("Newzgrabber.Downloader", e);
}

Test 19: 
Downloader downloader = new Downloader();
long[] longArray = new long[3];
longArray[0] = 20L;
downloader.setIds(longArray);
downloader.getBaseMessageId();
Test 20: 
Downloader downloader = new Downloader();
downloader.setGroup("");
downloader.getGroup();
Test 21: 
Downloader downloader = new Downloader();
downloader.setGroup("8hJ\"EL.6!8AD?");
downloader.getGroup();
Test 22: 
Downloader downloader = new Downloader();
downloader.setTimeout(9);
downloader.getTimeout();
Test 23: 
Downloader downloader = new Downloader();
downloader.setTotalLines(100L);
downloader.getTotalLines();
Test 24: 
Downloader downloader = new Downloader();
downloader.setTotalLines(1000L);
downloader.getTotalLines();

Test 25: 
Downloader downloader = new Downloader();
downloader.setDownloadData((Object[]) null);

Test 26: 
Downloader downloader = new Downloader();
downloader.setTableIndex(3000);

Test 27: 
Downloader downloader = new Downloader();
downloader.setServer("https://www.example.com");

Test 28: 
Downloader downloader = new Downloader();
downloader.setTitle("Awesome Video Game");

Test 29: 
Downloader downloader = new Downloader();
downloader.setUsername("John Doe");

Test 30: 

Test 31: 
Downloader downloader = new Downloader();
downloader.setTimeout(10);
downloader.getTimeout();

Test 32: 
Downloader downloader = new Downloader();
downloader.setIds((long[]) null);
downloader.startDownload();

Test 33: 
Downloader downloader = new Downloader();
downloader.setPassword("a1B2c3D4e5F6g7H8i9J0");

Test 34: 
Downloader downloader = new Downloader();
MockFile mockFile = new MockFile("valid_file_name");
downloader.setDownloadDirectory(mockFile);

Test 35: 
Downloader downloader = new Downloader();

Test 36: 
Downloader downloader = new Downloader();
downloader.getBaseMessageId();

Test 37: 
Downloader downloader = new Downloader();
downloader.setIds((long[]) null);
downloader.getBaseMessageId();

Test 38: 
Downloader downloader = new Downloader();
downloader.setIds((long[]) null);
downloader.startDownload();

Test 39: 
Downloader downloader = new Downloader();
downloader.setIds((long[]) null);
downloader.startDownload();

Test 40: 
Downloader downloader = new Downloader();
long[] longArray = new long[3];
longArray[0] = 123456789L;
downloader.setIds(longArray);
downloader.getBaseMessageId();

Test 41: 
Downloader downloader = new Downloader();
downloader.setGroup("Group1");
downloader.getGroup();
Downloader downloader = new Downloader();
downloader.setGroup("Group2");
downloader.getGroup();
Downloader downloader = new Downloader();
downloader.setGroup("Group3");
downloader.getGroup();

Test 42: 
Downloader downloader = new Downloader();
downloader.setGroup("Marketing Team");
downloader.getGroup();

Test 43: 
Downloader downloader = new Downloader();
downloader.setTotalLines(100000L);
downloader.getTotalLines();


* Minimizing test suite
* test suite isTestSuite: 24
Test 0: 
Downloader downloader = new Downloader();
downloader.setTotalLines(100000L);
downloader.getTotalLines();
Test 1: 
Downloader downloader = new Downloader();
downloader.setDownloadData((Object[]) null);
Test 2: 
Downloader downloader = new Downloader();
downloader.setTableIndex(3000);
Test 3: 
Downloader downloader = new Downloader();
downloader.setServer("https://www.example.com");
Test 4: 
Downloader downloader = new Downloader();
downloader.setTitle("Awesome Video Game");
Test 5: 
Downloader downloader = new Downloader();
downloader.setUsername("John Doe");
Test 6: 
Downloader downloader = new Downloader();
downloader.getGroup();
Test 7: 
Downloader downloader = new Downloader();
downloader.getTotalLines();
Test 8: 
Downloader downloader = new Downloader();
downloader.setTimeout(10);
downloader.getTimeout();
Test 9: 
Downloader downloader = new Downloader();
downloader.setPassword("a1B2c3D4e5F6g7H8i9J0");
Test 10: 
Downloader downloader = new Downloader();
MockFile mockFile = new MockFile("valid_file_name");
downloader.setDownloadDirectory(mockFile);
Test 11: 
Downloader downloader = new Downloader();
downloader.getTimeout();
Test 12: 
Downloader downloader = new Downloader();
downloader.getBaseMessageId();
Test 13: 
Downloader downloader = new Downloader();
long[] longArray = new long[3];
downloader.setIds(longArray);
downloader.getBaseMessageId();
Test 14: 
Downloader downloader = new Downloader();
downloader.close();
Test 15: 
Downloader downloader = new Downloader();
Newzgrabber.verbose = true;
downloader.close();
Test 16: 
Downloader downloader = new Downloader();
long[] longArray = new long[3];
downloader.setIds(longArray);
// Undeclared exception!
try { 
  downloader.startDownload();
  fail("Expecting exception: NullPointerException");

} catch(NullPointerException e) {
   //
   // no message in exception (getMessage() returned null)
   //
   verifyException("Newzgrabber.Downloader", e);
}

Test 17: 
Downloader downloader = new Downloader();
long[] longArray = new long[0];
downloader.setIds(longArray);
downloader.startDownload();
Test 18: 
Downloader downloader = new Downloader();
Newzgrabber.verbose = true;
long[] longArray = new long[3];
downloader.setIds(longArray);
// Undeclared exception!
try { 
  downloader.startDownload();
  fail("Expecting exception: NullPointerException");

} catch(NullPointerException e) {
   //
   // no message in exception (getMessage() returned null)
   //
   verifyException("Newzgrabber.Downloader", e);
}

Test 19: 
Downloader downloader = new Downloader();
long[] longArray = new long[3];
longArray[0] = 123456789L;
downloader.setIds(longArray);
downloader.getBaseMessageId();
Test 20: 
Downloader downloader = new Downloader();
downloader.setGroup("");
downloader.getGroup();
Test 21: 
Downloader downloader = new Downloader();
downloader.setGroup("8hJ\"EL.6!8AD?");
downloader.getGroup();
Test 22: 
Downloader downloader = new Downloader();
downloader.setTimeout(0);
downloader.getTimeout();
Test 23: 
Downloader downloader = new Downloader();
downloader.setTotalLines((-1L));
downloader.getTotalLines();

* Going to analyze the coverage criteria
* Coverage analysis for criterion BRANCH
* Coverage of criterion BRANCH: 12%
* Total number of goals: 268
* Number of covered goals: 31
* Coverage analysis for criterion LINE
* Coverage of criterion LINE: 17%
* Total number of goals: 339
* Number of covered goals: 56
* Coverage analysis for criterion OUTPUT
* Coverage of criterion OUTPUT: 100%
* Total number of goals: 12
* Number of covered goals: 12
* Coverage analysis for criterion METHOD
* Coverage of criterion METHOD: 100%
* Total number of goals: 18
* Number of covered goals: 18
* Coverage analysis for criterion CBRANCH
* Coverage of criterion CBRANCH: 12%
* Total number of goals: 268
* Number of covered goals: 31
* Generated 24 tests with total length 68
* Resulting test suite's coverage: 48% (average coverage for all fitness functions)
* Generating assertions
* Resulting test suite's mutation score: 12%
* Compiling and checking tests
Going to execute: removeTestsThatDoNotCompile
* Compiling Tests
** Write a test suite: 0 called: 0 to improve: false
* Compiling Tests
** Write a test suite: 0 called: 0 to improve: true
** Improve Understandability: ** Test Code is: Downloader downloader = new Downloader();
downloader.setTotalLines(100000L);
long totalLines = downloader.getTotalLines();
assertEquals(100000L, totalLines);


** It was a parseable test case! 
refined test name is: testDownloadergetTotalLines
* Compiling Tests
** Write a test suite: 0 called: 0 to improve: false
* Compiling Tests
** Write a test suite: 0 called: 0 to improve: true
** Improve Understandability: ** Test Code is: Downloader downloader = new Downloader();
downloader.setDownloadData((Object[]) null);
assertFalse(downloader.ABORT);
assertEquals((-1), downloader.getTimeout());


** It was a parseable test case! 
refined test name is: testSetDownloadDataNullData
* Compiling Tests
** Write a test suite: 0 called: 0 to improve: false
* Compiling Tests
** Write a test suite: 0 called: 0 to improve: true
** Improve Understandability: ** Test Code is: Downloader downloader = new Downloader();
downloader.setTableIndex(3000);
assertFalse(downloader.ABORT);
assertEquals((-1), downloader.getTimeout());


** It was a parseable test case! 
refined test name is: testDownloadInvalidCredentials
* Compiling Tests
refined test name is: testDownloadWithInvalidCredentials
* Compiling Tests
** Write a test suite: 0 called: 0 to improve: false
* Compiling Tests
** Write a test suite: 0 called: 0 to improve: true
** Improve Understandability: ** Test Code is: Downloader downloader = new Downloader();
downloader.setServer("https://www.example.com");
assertEquals((-1), downloader.getTimeout());
assertFalse(downloader.ABORT);


** It was a parseable test case! 
refined test name is: testDefaultValuesSetCorrectly
* Compiling Tests
refined test name is: testDownloadWithDefaultValues
* Compiling Tests
** Write a test suite: 0 called: 0 to improve: false
* Compiling Tests
** Write a test suite: 0 called: 0 to improve: true
** Improve Understandability: ** Test Code is: Downloader downloader = new Downloader();
downloader.setTitle("Awesome Video Game");
assertFalse(downloader.ABORT);
assertEquals((-1), downloader.getTimeout());


** It was a parseable test case! 
refined test name is: testDownloadShouldNotBeAbortedAndTimeoutIsMinusOne
* Compiling Tests
refined test name is: testDownloadStartsWithCorrectSettings
* Compiling Tests
** Write a test suite: 0 called: 0 to improve: false
* Compiling Tests
** Write a test suite: 0 called: 0 to improve: true
** Improve Understandability: ** Test Code is: Downloader downloader = new Downloader();
downloader.setUsername("John Doe");
assertFalse(downloader.ABORT);
assertEquals((-1), downloader.getTimeout());


** It was a parseable test case! 
refined test name is: testDownloadWithValidURLAndCredentials
* Compiling Tests
refined test name is: testDownloadWithValidCredentialsAndUrl
* Compiling Tests
** Write a test suite: 0 called: 0 to improve: false
* Compiling Tests
** Write a test suite: 0 called: 0 to improve: true
** Improve Understandability: ** Test Code is: Downloader downloader = new Downloader();
downloader.getGroup();
assertFalse(downloader.ABORT);
assertEquals((-1), downloader.getTimeout());


** It was a parseable test case! 
refined test name is: testDownloadStartWithoutTimeout
* Compiling Tests
refined test name is: testStartDownloadWithoutTimeout
* Compiling Tests
** Write a test suite: 0 called: 0 to improve: false
* Compiling Tests
** Write a test suite: 0 called: 0 to improve: true
** Improve Understandability: ** Test Code is: Downloader downloader = new Downloader();
downloader.getTotalLines();
assertEquals((-1), downloader.getTimeout());
assertFalse(downloader.ABORT);


** It was a parseable test case! 
refined test name is: testGetTotalLinesReturnsMinusOneForUnknownFileSize
* Compiling Tests
refined test name is: testGetTotalLinesReturnsMinusOneForUnknownFileSize
* Compiling Tests
** Write a test suite: 0 called: 0 to improve: false
* Compiling Tests
** Write a test suite: 0 called: 0 to improve: true
** Improve Understandability: ** Test Code is: Downloader downloader = new Downloader();
downloader.setTimeout(10);
int timeout = downloader.getTimeout();
assertEquals(10, timeout);


** It was a parseable test case! 
refined test name is: testSetDownloadTimeout
* Compiling Tests
** Write a test suite: 0 called: 0 to improve: false
* Compiling Tests
** Write a test suite: 0 called: 0 to improve: true
** Improve Understandability: ** Test Code is: Downloader downloader = new Downloader();
downloader.setPassword("a1B2c3D4e5F6g7H8i9J0");
assertFalse(downloader.ABORT);
assertEquals((-1), downloader.getTimeout());


** It was a parseable test case! 
refined test name is: testDownloadWithPasswordSet
* Compiling Tests
refined test name is: testDownloadWithPasswordSet
* Compiling Tests
** Write a test suite: 0 called: 0 to improve: false
* Compiling Tests
** Write a test suite: 0 called: 0 to improve: true
** Improve Understandability: ** Test Code is: Downloader downloader = new Downloader();
MockFile arg0 = new MockFile("valid_file_name");
downloader.setDownloadDirectory(arg0);
assertEquals((-1), downloader.getTimeout());
assertFalse(downloader.ABORT);


** It was a parseable test case! 
refined test name is: testSetDownloadDirectoryValidFilePath
* Compiling Tests
** Write a test suite: 0 called: 0 to improve: false
* Compiling Tests
** Write a test suite: 0 called: 0 to improve: true
** Improve Understandability: ** Test Code is: Downloader downloader = new Downloader();
int timeout = downloader.getTimeout();
assertEquals((-1), timeout);
assertFalse(downloader.ABORT);


** It was a parseable test case! 
refined test name is: testDefaultTimeoutValueAndABORTFlagIsFalse
* Compiling Tests
** Write a test suite: 0 called: 0 to improve: false
* Compiling Tests
** Write a test suite: 0 called: 0 to improve: true
** Improve Understandability: ** Test Code is: Downloader downloader = new Downloader();
long baseMessageId = downloader.getBaseMessageId();
assertFalse(downloader.ABORT);
assertEquals((-1), downloader.getTimeout());
assertEquals((-1L), baseMessageId);


** It was a parseable test case! 
refined test name is: testDownloadWithDefaultSettings
* Compiling Tests
refined test name is: testDownload
* Compiling Tests
** Write a test suite: 0 called: 0 to improve: false
* Compiling Tests
** Write a test suite: 0 called: 0 to improve: true
** Improve Understandability: ** Test Code is: Downloader downloader = new Downloader();
long[] arg0 = new long[3];
downloader.setIds(arg0);
downloader.getBaseMessageId();
assertEquals((-1), downloader.getTimeout());
assertFalse(downloader.ABORT);


** It was a parseable test case! 
refined test name is: testGetBaseMessageIdWithTimeoutABORTFalse
* Compiling Tests
** Write a test suite: 0 called: 0 to improve: false
* Compiling Tests
** Write a test suite: 0 called: 0 to improve: true
** Improve Understandability: ** Test Code is: Downloader downloader = new Downloader();
downloader.close();
assertFalse(downloader.ABORT);
assertEquals((-1), downloader.getTimeout());


** It was a parseable test case! 
refined test name is: testCloseDownloaderVerifyStateAfterClose
* Compiling Tests
** Write a test suite: 0 called: 0 to improve: false
* Compiling Tests
** Write a test suite: 0 called: 0 to improve: true
** Improve Understandability: ** Test Code is: Downloader downloader = new Downloader();
Newzgrabber.verbose = true;
downloader.close();
assertEquals((-1), downloader.getTimeout());
assertFalse(downloader.ABORT);


** It was a parseable test case! 
refined test name is: testDownloadVerboseFlag
* Compiling Tests
** Write a test suite: 0 called: 0 to improve: false
* Compiling Tests
** Write a test suite: 0 called: 0 to improve: true
** Improve Understandability: ** Test Code is: Downloader downloader = new Downloader();
long[] arg0 = new long[3];
downloader.setIds(arg0);
// Undeclared exception!
try { 
  downloader.startDownload();
  fail("Expecting exception: NullPointerException");

} catch(NullPointerException e) {
   //
   // no message in exception (getMessage() returned null)
   //
   verifyException("Newzgrabber.Downloader", e);
}


** It was a parseable test case! 
refined test name is: testNullIdsThrowsException
* Compiling Tests
** Write a test suite: 0 called: 0 to improve: false
* Compiling Tests
** Write a test suite: 0 called: 0 to improve: true
** Improve Understandability: ** Test Code is: Downloader downloader = new Downloader();
long[] arg0 = new long[0];
downloader.setIds(arg0);
downloader.startDownload();
assertEquals((-1), downloader.getTimeout());
assertFalse(downloader.ABORT);


** It was a parseable test case! 
refined test name is: testSetIdsWithNonEmptyArray
* Compiling Tests
refined test name is: testSetIds
* Compiling Tests
** Write a test suite: 0 called: 0 to improve: false
* Compiling Tests
** Write a test suite: 0 called: 0 to improve: true
** Improve Understandability: ** Test Code is: Downloader downloader = new Downloader();
Newzgrabber.verbose = true;
long[] arg0 = new long[3];
downloader.setIds(arg0);
// Undeclared exception!
try { 
  downloader.startDownload();
  fail("Expecting exception: NullPointerException");

} catch(NullPointerException e) {
   //
   // no message in exception (getMessage() returned null)
   //
   verifyException("Newzgrabber.Downloader", e);
}


** It was a parseable test case! 
refined test name is: testNullArgumentExceptionThrownStartDownload
* Compiling Tests
** Write a test suite: 0 called: 0 to improve: false
* Compiling Tests
** Write a test suite: 0 called: 0 to improve: true
** Improve Understandability: ** Test Code is: Downloader downloader = new Downloader();
long[] arg0 = new long[3];
arg0[0] = 123456789L;
downloader.setIds(arg0);
long baseMessageId = downloader.getBaseMessageId();
assertEquals(123456789L, baseMessageId);


** It was a parseable test case! 
refined test name is: testGetBaseMessageIdReturnsCorrectValue
* Compiling Tests
** Write a test suite: 0 called: 0 to improve: false
* Compiling Tests
** Write a test suite: 0 called: 0 to improve: true
** Improve Understandability: ** Test Code is: Downloader downloader = new Downloader();
downloader.setGroup("");
downloader.getGroup();
assertEquals((-1), downloader.getTimeout());
assertFalse(downloader.ABORT);


** It was a parseable test case! 
refined test name is: testDownloadSettings
* Compiling Tests
refined test name is: testDownloadSettings
* Compiling Tests
** Write a test suite: 0 called: 0 to improve: false
* Compiling Tests
** Write a test suite: 0 called: 0 to improve: true
** Improve Understandability: ** Test Code is: Downloader downloader = new Downloader();
downloader.setGroup("8hJ\"EL.6!8AD?");
downloader.getGroup();
assertEquals((-1), downloader.getTimeout());
assertFalse(downloader.ABORT);


** It was a parseable test case! 
refined test name is: testGetGroupAndTimeout
* Compiling Tests
** Write a test suite: 0 called: 0 to improve: false
* Compiling Tests
** Write a test suite: 0 called: 0 to improve: true
** Improve Understandability: ** Test Code is: Downloader downloader = new Downloader();
assertEquals((-1), downloader.getTimeout());

downloader.setTimeout(0);
int timeout = downloader.getTimeout();
assertEquals(0, timeout);


** It was a parseable test case! 
refined test name is: testSetterAndGetterForTimeoutValue
* Compiling Tests
** Write a test suite: 0 called: 0 to improve: false
* Compiling Tests
** Write a test suite: 0 called: 0 to improve: true
** Improve Understandability: ** Test Code is: Downloader downloader = new Downloader();
downloader.setTotalLines((-1L));
long totalLines = downloader.getTotalLines();
assertEquals((-1L), totalLines);


** It was a parseable test case! 
refined test name is: testGetTotalLinesWithNegativeValue
Going to execute: handleTestsThatAreUnstable
* Compiling Tests
[MASTER] 12:28:42.017 [logback-1] WARN  AgentLoader - Failed to find EvoSuite jar in current classloader. URLs of classloader:
file:/home/ubuntu/.sdkman/candidates/java/8.0.333.fx-librca/jre/lib/ext/localedata.jar
file:/home/ubuntu/.sdkman/candidates/java/8.0.333.fx-librca/jre/lib/ext/sunjce_provider.jar
file:/tmp/EvoSuite_pathingJar8531187212961871733.jar
file:/home/ubuntu/.sdkman/candidates/java/8.0.333.fx-librca/jre/../lib/tools.jar
file:/home/ubuntu/.sdkman/candidates/java/8.0.333.fx-librca/jre/lib/ext/sunpkcs11.jar
file:/home/ubuntu/.sdkman/candidates/java/8.0.333.fx-librca/jre/lib/ext/jaccess.jar
file:/home/ubuntu/.sdkman/candidates/java/8.0.333.fx-librca/jre/lib/ext/sunec.jar
file:/home/ubuntu/.sdkman/candidates/java/8.0.333.fx-librca/jre/lib/ext/zipfs.jar
file:/home/ubuntu/.sdkman/candidates/java/8.0.333.fx-librca/jre/lib/ext/jfxrt.jar
file:/home/ubuntu/.sdkman/candidates/java/8.0.333.fx-librca/jre/lib/ext/dnsns.jar
file:/home/ubuntu/.sdkman/candidates/java/8.0.333.fx-librca/jre/lib/ext/cldrdata.jar
file:/home/ubuntu/.sdkman/candidates/java/8.0.333.fx-librca/jre/lib/ext/nashorn.jar
Going to execute: handleTestsThatAreUnstable
[MASTER] 12:28:42.033 [logback-1] WARN  JUnitAnalyzer - Found unstable test named initializationError -> class java.lang.RuntimeException: Cannot find either the compilation target folder nor the EvoSuite jar in classpath: /tmp/EvoSuite_pathingJar8531187212961871733.jar
* Compiling Tests
[MASTER] 12:28:42.190 [logback-1] WARN  AgentLoader - Failed to find EvoSuite jar in current classloader. URLs of classloader:
file:/home/ubuntu/.sdkman/candidates/java/8.0.333.fx-librca/jre/lib/ext/localedata.jar
file:/home/ubuntu/.sdkman/candidates/java/8.0.333.fx-librca/jre/lib/ext/sunjce_provider.jar
file:/tmp/EvoSuite_pathingJar8531187212961871733.jar
file:/home/ubuntu/.sdkman/candidates/java/8.0.333.fx-librca/jre/../lib/tools.jar
file:/home/ubuntu/.sdkman/candidates/java/8.0.333.fx-librca/jre/lib/ext/sunpkcs11.jar
file:/home/ubuntu/.sdkman/candidates/java/8.0.333.fx-librca/jre/lib/ext/jaccess.jar
file:/home/ubuntu/.sdkman/candidates/java/8.0.333.fx-librca/jre/lib/ext/sunec.jar
file:/home/ubuntu/.sdkman/candidates/java/8.0.333.fx-librca/jre/lib/ext/zipfs.jar
file:/home/ubuntu/.sdkman/candidates/java/8.0.333.fx-librca/jre/lib/ext/jfxrt.jar
file:/home/ubuntu/.sdkman/candidates/java/8.0.333.fx-librca/jre/lib/ext/dnsns.jar
file:/home/ubuntu/.sdkman/candidates/java/8.0.333.fx-librca/jre/lib/ext/cldrdata.jar
file:/home/ubuntu/.sdkman/candidates/java/8.0.333.fx-librca/jre/lib/ext/nashorn.jar
[MASTER] 12:28:42.192 [logback-1] WARN  JUnitAnalyzer - Found unstable test named initializationError -> class java.lang.RuntimeException: Cannot find either the compilation target folder nor the EvoSuite jar in classpath: /tmp/EvoSuite_pathingJar8531187212961871733.jar
Going to execute: handleTestsThatAreUnstable
* Compiling Tests
** Write a test suite: 0 called: 0 to improve: false
Going to execute: handleTestsThatAreUnstable
* Compiling Tests
** Write a test suite: 0 called: 0 to improve: false
[MASTER] 12:28:42.324 [logback-1] WARN  AgentLoader - Failed to find EvoSuite jar in current classloader. URLs of classloader:
file:/home/ubuntu/.sdkman/candidates/java/8.0.333.fx-librca/jre/lib/ext/localedata.jar
file:/home/ubuntu/.sdkman/candidates/java/8.0.333.fx-librca/jre/lib/ext/sunjce_provider.jar
file:/tmp/EvoSuite_pathingJar8531187212961871733.jar
file:/home/ubuntu/.sdkman/candidates/java/8.0.333.fx-librca/jre/../lib/tools.jar
file:/home/ubuntu/.sdkman/candidates/java/8.0.333.fx-librca/jre/lib/ext/sunpkcs11.jar
file:/home/ubuntu/.sdkman/candidates/java/8.0.333.fx-librca/jre/lib/ext/jaccess.jar
file:/home/ubuntu/.sdkman/candidates/java/8.0.333.fx-librca/jre/lib/ext/sunec.jar
file:/home/ubuntu/.sdkman/candidates/java/8.0.333.fx-librca/jre/lib/ext/zipfs.jar
file:/home/ubuntu/.sdkman/candidates/java/8.0.333.fx-librca/jre/lib/ext/jfxrt.jar
file:/home/ubuntu/.sdkman/candidates/java/8.0.333.fx-librca/jre/lib/ext/dnsns.jar
file:/home/ubuntu/.sdkman/candidates/java/8.0.333.fx-librca/jre/lib/ext/cldrdata.jar
file:/home/ubuntu/.sdkman/candidates/java/8.0.333.fx-librca/jre/lib/ext/nashorn.jar
[MASTER] 12:28:42.326 [logback-1] WARN  JUnitAnalyzer - Found unstable test named initializationError -> class java.lang.RuntimeException: Cannot find either the compilation target folder nor the EvoSuite jar in classpath: /tmp/EvoSuite_pathingJar8531187212961871733.jar
Going to execute: handleTestsThatAreUnstable
* Compiling Tests
** Write a test suite: 0 called: 0 to improve: false
[MASTER] 12:28:42.466 [logback-1] WARN  AgentLoader - Failed to find EvoSuite jar in current classloader. URLs of classloader:
file:/home/ubuntu/.sdkman/candidates/java/8.0.333.fx-librca/jre/lib/ext/localedata.jar
file:/home/ubuntu/.sdkman/candidates/java/8.0.333.fx-librca/jre/lib/ext/sunjce_provider.jar
file:/tmp/EvoSuite_pathingJar8531187212961871733.jar
file:/home/ubuntu/.sdkman/candidates/java/8.0.333.fx-librca/jre/../lib/tools.jar
file:/home/ubuntu/.sdkman/candidates/java/8.0.333.fx-librca/jre/lib/ext/sunpkcs11.jar
file:/home/ubuntu/.sdkman/candidates/java/8.0.333.fx-librca/jre/lib/ext/jaccess.jar
file:/home/ubuntu/.sdkman/candidates/java/8.0.333.fx-librca/jre/lib/ext/sunec.jar
file:/home/ubuntu/.sdkman/candidates/java/8.0.333.fx-librca/jre/lib/ext/zipfs.jar
file:/home/ubuntu/.sdkman/candidates/java/8.0.333.fx-librca/jre/lib/ext/jfxrt.jar
file:/home/ubuntu/.sdkman/candidates/java/8.0.333.fx-librca/jre/lib/ext/dnsns.jar
file:/home/ubuntu/.sdkman/candidates/java/8.0.333.fx-librca/jre/lib/ext/cldrdata.jar
file:/home/ubuntu/.sdkman/candidates/java/8.0.333.fx-librca/jre/lib/ext/nashorn.jar
[MASTER] 12:28:42.469 [logback-1] WARN  JUnitAnalyzer - Found unstable test named initializationError -> class java.lang.RuntimeException: Cannot find either the compilation target folder nor the EvoSuite jar in classpath: /tmp/EvoSuite_pathingJar8531187212961871733.jar
Going to execute: handleTestsThatAreUnstable
[MASTER] 12:28:42.559 [logback-1] WARN  AgentLoader - Failed to find EvoSuite jar in current classloader. URLs of classloader:
file:/home/ubuntu/.sdkman/candidates/java/8.0.333.fx-librca/jre/lib/ext/localedata.jar
file:/home/ubuntu/.sdkman/candidates/java/8.0.333.fx-librca/jre/lib/ext/sunjce_provider.jar
file:/tmp/EvoSuite_pathingJar8531187212961871733.jar
file:/home/ubuntu/.sdkman/candidates/java/8.0.333.fx-librca/jre/../lib/tools.jar
file:/home/ubuntu/.sdkman/candidates/java/8.0.333.fx-librca/jre/lib/ext/sunpkcs11.jar
file:/home/ubuntu/.sdkman/candidates/java/8.0.333.fx-librca/jre/lib/ext/jaccess.jar
file:/home/ubuntu/.sdkman/candidates/java/8.0.333.fx-librca/jre/lib/ext/sunec.jar
file:/home/ubuntu/.sdkman/candidates/java/8.0.333.fx-librca/jre/lib/ext/zipfs.jar
file:/home/ubuntu/.sdkman/candidates/java/8.0.333.fx-librca/jre/lib/ext/jfxrt.jar
file:/home/ubuntu/.sdkman/candidates/java/8.0.333.fx-librca/jre/lib/ext/dnsns.jar
file:/home/ubuntu/.sdkman/candidates/java/8.0.333.fx-librca/jre/lib/ext/cldrdata.jar
file:/home/ubuntu/.sdkman/candidates/java/8.0.333.fx-librca/jre/lib/ext/nashorn.jar
* Compiling Tests
** Write a test suite: 0 called: 0 to improve: false
[MASTER] 12:28:42.562 [logback-1] WARN  JUnitAnalyzer - Found unstable test named initializationError -> class java.lang.RuntimeException: Cannot find either the compilation target folder nor the EvoSuite jar in classpath: /tmp/EvoSuite_pathingJar8531187212961871733.jar
Going to execute: handleTestsThatAreUnstable
[MASTER] 12:28:42.709 [logback-1] WARN  AgentLoader - Failed to find EvoSuite jar in current classloader. URLs of classloader:
file:/home/ubuntu/.sdkman/candidates/java/8.0.333.fx-librca/jre/lib/ext/localedata.jar
file:/home/ubuntu/.sdkman/candidates/java/8.0.333.fx-librca/jre/lib/ext/sunjce_provider.jar
file:/tmp/EvoSuite_pathingJar8531187212961871733.jar
file:/home/ubuntu/.sdkman/candidates/java/8.0.333.fx-librca/jre/../lib/tools.jar
file:/home/ubuntu/.sdkman/candidates/java/8.0.333.fx-librca/jre/lib/ext/sunpkcs11.jar
file:/home/ubuntu/.sdkman/candidates/java/8.0.333.fx-librca/jre/lib/ext/jaccess.jar
file:/home/ubuntu/.sdkman/candidates/java/8.0.333.fx-librca/jre/lib/ext/sunec.jar
file:/home/ubuntu/.sdkman/candidates/java/8.0.333.fx-librca/jre/lib/ext/zipfs.jar
file:/home/ubuntu/.sdkman/candidates/java/8.0.333.fx-librca/jre/lib/ext/jfxrt.jar
file:/home/ubuntu/.sdkman/candidates/java/8.0.333.fx-librca/jre/lib/ext/dnsns.jar
file:/home/ubuntu/.sdkman/candidates/java/8.0.333.fx-librca/jre/lib/ext/cldrdata.jar
file:/home/ubuntu/.sdkman/candidates/java/8.0.333.fx-librca/jre/lib/ext/nashorn.jar
[MASTER] 12:28:42.711 [logback-1] WARN  JUnitAnalyzer - Found unstable test named initializationError -> class java.lang.RuntimeException: Cannot find either the compilation target folder nor the EvoSuite jar in classpath: /tmp/EvoSuite_pathingJar8531187212961871733.jar
* Compiling Tests
** Write a test suite: 0 called: 0 to improve: false
[MASTER] 12:28:42.847 [logback-1] WARN  AgentLoader - Failed to find EvoSuite jar in current classloader. URLs of classloader:
file:/home/ubuntu/.sdkman/candidates/java/8.0.333.fx-librca/jre/lib/ext/localedata.jar
file:/home/ubuntu/.sdkman/candidates/java/8.0.333.fx-librca/jre/lib/ext/sunjce_provider.jar
file:/tmp/EvoSuite_pathingJar8531187212961871733.jar
file:/home/ubuntu/.sdkman/candidates/java/8.0.333.fx-librca/jre/../lib/tools.jar
file:/home/ubuntu/.sdkman/candidates/java/8.0.333.fx-librca/jre/lib/ext/sunpkcs11.jar
file:/home/ubuntu/.sdkman/candidates/java/8.0.333.fx-librca/jre/lib/ext/jaccess.jar
file:/home/ubuntu/.sdkman/candidates/java/8.0.333.fx-librca/jre/lib/ext/sunec.jar
file:/home/ubuntu/.sdkman/candidates/java/8.0.333.fx-librca/jre/lib/ext/zipfs.jar
file:/home/ubuntu/.sdkman/candidates/java/8.0.333.fx-librca/jre/lib/ext/jfxrt.jar
file:/home/ubuntu/.sdkman/candidates/java/8.0.333.fx-librca/jre/lib/ext/dnsns.jar
file:/home/ubuntu/.sdkman/candidates/java/8.0.333.fx-librca/jre/lib/ext/cldrdata.jar
file:/home/ubuntu/.sdkman/candidates/java/8.0.333.fx-librca/jre/lib/ext/nashorn.jar
Going to execute: handleTestsThatAreUnstable
[MASTER] 12:28:42.849 [logback-1] WARN  JUnitAnalyzer - Found unstable test named initializationError -> class java.lang.RuntimeException: Cannot find either the compilation target folder nor the EvoSuite jar in classpath: /tmp/EvoSuite_pathingJar8531187212961871733.jar
* Compiling Tests
** Write a test suite: 0 called: 0 to improve: false
Going to execute: handleTestsThatAreUnstable
[MASTER] 12:28:43.049 [logback-1] WARN  AgentLoader - Failed to find EvoSuite jar in current classloader. URLs of classloader:
file:/home/ubuntu/.sdkman/candidates/java/8.0.333.fx-librca/jre/lib/ext/localedata.jar
file:/home/ubuntu/.sdkman/candidates/java/8.0.333.fx-librca/jre/lib/ext/sunjce_provider.jar
file:/tmp/EvoSuite_pathingJar8531187212961871733.jar
file:/home/ubuntu/.sdkman/candidates/java/8.0.333.fx-librca/jre/../lib/tools.jar
file:/home/ubuntu/.sdkman/candidates/java/8.0.333.fx-librca/jre/lib/ext/sunpkcs11.jar
file:/home/ubuntu/.sdkman/candidates/java/8.0.333.fx-librca/jre/lib/ext/jaccess.jar
file:/home/ubuntu/.sdkman/candidates/java/8.0.333.fx-librca/jre/lib/ext/sunec.jar
file:/home/ubuntu/.sdkman/candidates/java/8.0.333.fx-librca/jre/lib/ext/zipfs.jar
file:/home/ubuntu/.sdkman/candidates/java/8.0.333.fx-librca/jre/lib/ext/jfxrt.jar
file:/home/ubuntu/.sdkman/candidates/java/8.0.333.fx-librca/jre/lib/ext/dnsns.jar
file:/home/ubuntu/.sdkman/candidates/java/8.0.333.fx-librca/jre/lib/ext/cldrdata.jar
file:/home/ubuntu/.sdkman/candidates/java/8.0.333.fx-librca/jre/lib/ext/nashorn.jar
* Compiling Tests
[MASTER] 12:28:43.051 [logback-1] WARN  JUnitAnalyzer - Found unstable test named initializationError -> class java.lang.RuntimeException: Cannot find either the compilation target folder nor the EvoSuite jar in classpath: /tmp/EvoSuite_pathingJar8531187212961871733.jar
Going to execute: handleTestsThatAreUnstable
[MASTER] 12:28:43.248 [logback-1] WARN  AgentLoader - Failed to find EvoSuite jar in current classloader. URLs of classloader:
file:/home/ubuntu/.sdkman/candidates/java/8.0.333.fx-librca/jre/lib/ext/localedata.jar
file:/home/ubuntu/.sdkman/candidates/java/8.0.333.fx-librca/jre/lib/ext/sunjce_provider.jar
file:/tmp/EvoSuite_pathingJar8531187212961871733.jar
file:/home/ubuntu/.sdkman/candidates/java/8.0.333.fx-librca/jre/../lib/tools.jar
file:/home/ubuntu/.sdkman/candidates/java/8.0.333.fx-librca/jre/lib/ext/sunpkcs11.jar
file:/home/ubuntu/.sdkman/candidates/java/8.0.333.fx-librca/jre/lib/ext/jaccess.jar
file:/home/ubuntu/.sdkman/candidates/java/8.0.333.fx-librca/jre/lib/ext/sunec.jar
file:/home/ubuntu/.sdkman/candidates/java/8.0.333.fx-librca/jre/lib/ext/zipfs.jar
file:/home/ubuntu/.sdkman/candidates/java/8.0.333.fx-librca/jre/lib/ext/jfxrt.jar
file:/home/ubuntu/.sdkman/candidates/java/8.0.333.fx-librca/jre/lib/ext/dnsns.jar
file:/home/ubuntu/.sdkman/candidates/java/8.0.333.fx-librca/jre/lib/ext/cldrdata.jar
file:/home/ubuntu/.sdkman/candidates/java/8.0.333.fx-librca/jre/lib/ext/nashorn.jar
[MASTER] 12:28:43.251 [logback-1] WARN  JUnitAnalyzer - Found unstable test named initializationError -> class java.lang.RuntimeException: Cannot find either the compilation target folder nor the EvoSuite jar in classpath: /tmp/EvoSuite_pathingJar8531187212961871733.jar
* Compiling Tests
** Write a test suite: 0 called: 0 to improve: false
[MASTER] 12:28:43.403 [logback-1] WARN  AgentLoader - Failed to find EvoSuite jar in current classloader. URLs of classloader:
file:/home/ubuntu/.sdkman/candidates/java/8.0.333.fx-librca/jre/lib/ext/localedata.jar
file:/home/ubuntu/.sdkman/candidates/java/8.0.333.fx-librca/jre/lib/ext/sunjce_provider.jar
file:/tmp/EvoSuite_pathingJar8531187212961871733.jar
file:/home/ubuntu/.sdkman/candidates/java/8.0.333.fx-librca/jre/../lib/tools.jar
file:/home/ubuntu/.sdkman/candidates/java/8.0.333.fx-librca/jre/lib/ext/sunpkcs11.jar
file:/home/ubuntu/.sdkman/candidates/java/8.0.333.fx-librca/jre/lib/ext/jaccess.jar
file:/home/ubuntu/.sdkman/candidates/java/8.0.333.fx-librca/jre/lib/ext/sunec.jar
file:/home/ubuntu/.sdkman/candidates/java/8.0.333.fx-librca/jre/lib/ext/zipfs.jar
file:/home/ubuntu/.sdkman/candidates/java/8.0.333.fx-librca/jre/lib/ext/jfxrt.jar
file:/home/ubuntu/.sdkman/candidates/java/8.0.333.fx-librca/jre/lib/ext/dnsns.jar
file:/home/ubuntu/.sdkman/candidates/java/8.0.333.fx-librca/jre/lib/ext/cldrdata.jar
file:/home/ubuntu/.sdkman/candidates/java/8.0.333.fx-librca/jre/lib/ext/nashorn.jar
[MASTER] 12:28:43.404 [logback-1] WARN  JUnitAnalyzer - Found unstable test named initializationError -> class java.lang.RuntimeException: Cannot find either the compilation target folder nor the EvoSuite jar in classpath: /tmp/EvoSuite_pathingJar8531187212961871733.jar
Going to execute: handleTestsThatAreUnstable
* Compiling Tests
[MASTER] 12:28:43.621 [logback-1] WARN  AgentLoader - Failed to find EvoSuite jar in current classloader. URLs of classloader:
file:/home/ubuntu/.sdkman/candidates/java/8.0.333.fx-librca/jre/lib/ext/localedata.jar
file:/home/ubuntu/.sdkman/candidates/java/8.0.333.fx-librca/jre/lib/ext/sunjce_provider.jar
file:/tmp/EvoSuite_pathingJar8531187212961871733.jar
file:/home/ubuntu/.sdkman/candidates/java/8.0.333.fx-librca/jre/../lib/tools.jar
file:/home/ubuntu/.sdkman/candidates/java/8.0.333.fx-librca/jre/lib/ext/sunpkcs11.jar
file:/home/ubuntu/.sdkman/candidates/java/8.0.333.fx-librca/jre/lib/ext/jaccess.jar
file:/home/ubuntu/.sdkman/candidates/java/8.0.333.fx-librca/jre/lib/ext/sunec.jar
file:/home/ubuntu/.sdkman/candidates/java/8.0.333.fx-librca/jre/lib/ext/zipfs.jar
file:/home/ubuntu/.sdkman/candidates/java/8.0.333.fx-librca/jre/lib/ext/jfxrt.jar
file:/home/ubuntu/.sdkman/candidates/java/8.0.333.fx-librca/jre/lib/ext/dnsns.jar
file:/home/ubuntu/.sdkman/candidates/java/8.0.333.fx-librca/jre/lib/ext/cldrdata.jar
file:/home/ubuntu/.sdkman/candidates/java/8.0.333.fx-librca/jre/lib/ext/nashorn.jar
Going to execute: handleTestsThatAreUnstable
[MASTER] 12:28:43.623 [logback-1] WARN  JUnitAnalyzer - Found unstable test named initializationError -> class java.lang.RuntimeException: Cannot find either the compilation target folder nor the EvoSuite jar in classpath: /tmp/EvoSuite_pathingJar8531187212961871733.jar
* Compiling Tests
[MASTER] 12:28:43.771 [logback-1] WARN  AgentLoader - Failed to find EvoSuite jar in current classloader. URLs of classloader:
file:/home/ubuntu/.sdkman/candidates/java/8.0.333.fx-librca/jre/lib/ext/localedata.jar
file:/home/ubuntu/.sdkman/candidates/java/8.0.333.fx-librca/jre/lib/ext/sunjce_provider.jar
file:/tmp/EvoSuite_pathingJar8531187212961871733.jar
file:/home/ubuntu/.sdkman/candidates/java/8.0.333.fx-librca/jre/../lib/tools.jar
file:/home/ubuntu/.sdkman/candidates/java/8.0.333.fx-librca/jre/lib/ext/sunpkcs11.jar
file:/home/ubuntu/.sdkman/candidates/java/8.0.333.fx-librca/jre/lib/ext/jaccess.jar
file:/home/ubuntu/.sdkman/candidates/java/8.0.333.fx-librca/jre/lib/ext/sunec.jar
file:/home/ubuntu/.sdkman/candidates/java/8.0.333.fx-librca/jre/lib/ext/zipfs.jar
file:/home/ubuntu/.sdkman/candidates/java/8.0.333.fx-librca/jre/lib/ext/jfxrt.jar
file:/home/ubuntu/.sdkman/candidates/java/8.0.333.fx-librca/jre/lib/ext/dnsns.jar
file:/home/ubuntu/.sdkman/candidates/java/8.0.333.fx-librca/jre/lib/ext/cldrdata.jar
file:/home/ubuntu/.sdkman/candidates/java/8.0.333.fx-librca/jre/lib/ext/nashorn.jar
Going to execute: handleTestsThatAreUnstable
* Compiling Tests
[MASTER] 12:28:43.773 [logback-1] WARN  JUnitAnalyzer - Found unstable test named initializationError -> class java.lang.RuntimeException: Cannot find either the compilation target folder nor the EvoSuite jar in classpath: /tmp/EvoSuite_pathingJar8531187212961871733.jar
** Write a test suite: 0 called: 0 to improve: false
[MASTER] 12:28:44.645 [logback-1] WARN  AgentLoader - Failed to find EvoSuite jar in current classloader. URLs of classloader:
file:/home/ubuntu/.sdkman/candidates/java/8.0.333.fx-librca/jre/lib/ext/localedata.jar
file:/home/ubuntu/.sdkman/candidates/java/8.0.333.fx-librca/jre/lib/ext/sunjce_provider.jar
file:/tmp/EvoSuite_pathingJar8531187212961871733.jar
file:/home/ubuntu/.sdkman/candidates/java/8.0.333.fx-librca/jre/../lib/tools.jar
file:/home/ubuntu/.sdkman/candidates/java/8.0.333.fx-librca/jre/lib/ext/sunpkcs11.jar
file:/home/ubuntu/.sdkman/candidates/java/8.0.333.fx-librca/jre/lib/ext/jaccess.jar
file:/home/ubuntu/.sdkman/candidates/java/8.0.333.fx-librca/jre/lib/ext/sunec.jar
file:/home/ubuntu/.sdkman/candidates/java/8.0.333.fx-librca/jre/lib/ext/zipfs.jar
file:/home/ubuntu/.sdkman/candidates/java/8.0.333.fx-librca/jre/lib/ext/jfxrt.jar
file:/home/ubuntu/.sdkman/candidates/java/8.0.333.fx-librca/jre/lib/ext/dnsns.jar
file:/home/ubuntu/.sdkman/candidates/java/8.0.333.fx-librca/jre/lib/ext/cldrdata.jar
file:/home/ubuntu/.sdkman/candidates/java/8.0.333.fx-librca/jre/lib/ext/nashorn.jar
Going to execute: handleTestsThatAreUnstable
[MASTER] 12:28:44.673 [logback-1] WARN  JUnitAnalyzer - Found unstable test named initializationError -> class java.lang.RuntimeException: Cannot find either the compilation target folder nor the EvoSuite jar in classpath: /tmp/EvoSuite_pathingJar8531187212961871733.jar
* Compiling Tests
[MASTER] 12:28:45.529 [logback-1] WARN  AgentLoader - Failed to find EvoSuite jar in current classloader. URLs of classloader:
file:/home/ubuntu/.sdkman/candidates/java/8.0.333.fx-librca/jre/lib/ext/localedata.jar
file:/home/ubuntu/.sdkman/candidates/java/8.0.333.fx-librca/jre/lib/ext/sunjce_provider.jar
file:/tmp/EvoSuite_pathingJar8531187212961871733.jar
file:/home/ubuntu/.sdkman/candidates/java/8.0.333.fx-librca/jre/../lib/tools.jar
file:/home/ubuntu/.sdkman/candidates/java/8.0.333.fx-librca/jre/lib/ext/sunpkcs11.jar
file:/home/ubuntu/.sdkman/candidates/java/8.0.333.fx-librca/jre/lib/ext/jaccess.jar
file:/home/ubuntu/.sdkman/candidates/java/8.0.333.fx-librca/jre/lib/ext/sunec.jar
file:/home/ubuntu/.sdkman/candidates/java/8.0.333.fx-librca/jre/lib/ext/zipfs.jar
file:/home/ubuntu/.sdkman/candidates/java/8.0.333.fx-librca/jre/lib/ext/jfxrt.jar
file:/home/ubuntu/.sdkman/candidates/java/8.0.333.fx-librca/jre/lib/ext/dnsns.jar
file:/home/ubuntu/.sdkman/candidates/java/8.0.333.fx-librca/jre/lib/ext/cldrdata.jar
file:/home/ubuntu/.sdkman/candidates/java/8.0.333.fx-librca/jre/lib/ext/nashorn.jar
Going to execute: handleTestsThatAreUnstable
[MASTER] 12:28:45.553 [logback-1] WARN  JUnitAnalyzer - Found unstable test named initializationError -> class java.lang.RuntimeException: Cannot find either the compilation target folder nor the EvoSuite jar in classpath: /tmp/EvoSuite_pathingJar8531187212961871733.jar
* Compiling Tests
[MASTER] 12:28:45.838 [logback-1] WARN  AgentLoader - Failed to find EvoSuite jar in current classloader. URLs of classloader:
file:/home/ubuntu/.sdkman/candidates/java/8.0.333.fx-librca/jre/lib/ext/localedata.jar
file:/home/ubuntu/.sdkman/candidates/java/8.0.333.fx-librca/jre/lib/ext/sunjce_provider.jar
file:/tmp/EvoSuite_pathingJar8531187212961871733.jar
file:/home/ubuntu/.sdkman/candidates/java/8.0.333.fx-librca/jre/../lib/tools.jar
file:/home/ubuntu/.sdkman/candidates/java/8.0.333.fx-librca/jre/lib/ext/sunpkcs11.jar
file:/home/ubuntu/.sdkman/candidates/java/8.0.333.fx-librca/jre/lib/ext/jaccess.jar
file:/home/ubuntu/.sdkman/candidates/java/8.0.333.fx-librca/jre/lib/ext/sunec.jar
file:/home/ubuntu/.sdkman/candidates/java/8.0.333.fx-librca/jre/lib/ext/zipfs.jar
file:/home/ubuntu/.sdkman/candidates/java/8.0.333.fx-librca/jre/lib/ext/jfxrt.jar
file:/home/ubuntu/.sdkman/candidates/java/8.0.333.fx-librca/jre/lib/ext/dnsns.jar
file:/home/ubuntu/.sdkman/candidates/java/8.0.333.fx-librca/jre/lib/ext/cldrdata.jar
file:/home/ubuntu/.sdkman/candidates/java/8.0.333.fx-librca/jre/lib/ext/nashorn.jar
[MASTER] 12:28:45.840 [logback-1] WARN  JUnitAnalyzer - Found unstable test named initializationError -> class java.lang.RuntimeException: Cannot find either the compilation target folder nor the EvoSuite jar in classpath: /tmp/EvoSuite_pathingJar8531187212961871733.jar
Going to execute: handleTestsThatAreUnstable
* Compiling Tests
[MASTER] 12:28:46.008 [logback-1] WARN  AgentLoader - Failed to find EvoSuite jar in current classloader. URLs of classloader:
file:/home/ubuntu/.sdkman/candidates/java/8.0.333.fx-librca/jre/lib/ext/localedata.jar
file:/home/ubuntu/.sdkman/candidates/java/8.0.333.fx-librca/jre/lib/ext/sunjce_provider.jar
file:/tmp/EvoSuite_pathingJar8531187212961871733.jar
file:/home/ubuntu/.sdkman/candidates/java/8.0.333.fx-librca/jre/../lib/tools.jar
file:/home/ubuntu/.sdkman/candidates/java/8.0.333.fx-librca/jre/lib/ext/sunpkcs11.jar
file:/home/ubuntu/.sdkman/candidates/java/8.0.333.fx-librca/jre/lib/ext/jaccess.jar
file:/home/ubuntu/.sdkman/candidates/java/8.0.333.fx-librca/jre/lib/ext/sunec.jar
file:/home/ubuntu/.sdkman/candidates/java/8.0.333.fx-librca/jre/lib/ext/zipfs.jar
file:/home/ubuntu/.sdkman/candidates/java/8.0.333.fx-librca/jre/lib/ext/jfxrt.jar
file:/home/ubuntu/.sdkman/candidates/java/8.0.333.fx-librca/jre/lib/ext/dnsns.jar
file:/home/ubuntu/.sdkman/candidates/java/8.0.333.fx-librca/jre/lib/ext/cldrdata.jar
file:/home/ubuntu/.sdkman/candidates/java/8.0.333.fx-librca/jre/lib/ext/nashorn.jar
[MASTER] 12:28:46.010 [logback-1] WARN  JUnitAnalyzer - Found unstable test named initializationError -> class java.lang.RuntimeException: Cannot find either the compilation target folder nor the EvoSuite jar in classpath: /tmp/EvoSuite_pathingJar8531187212961871733.jar
Going to execute: handleTestsThatAreUnstable
* Compiling Tests
[MASTER] 12:28:46.143 [logback-1] WARN  AgentLoader - Failed to find EvoSuite jar in current classloader. URLs of classloader:
file:/home/ubuntu/.sdkman/candidates/java/8.0.333.fx-librca/jre/lib/ext/localedata.jar
file:/home/ubuntu/.sdkman/candidates/java/8.0.333.fx-librca/jre/lib/ext/sunjce_provider.jar
file:/tmp/EvoSuite_pathingJar8531187212961871733.jar
file:/home/ubuntu/.sdkman/candidates/java/8.0.333.fx-librca/jre/../lib/tools.jar
file:/home/ubuntu/.sdkman/candidates/java/8.0.333.fx-librca/jre/lib/ext/sunpkcs11.jar
file:/home/ubuntu/.sdkman/candidates/java/8.0.333.fx-librca/jre/lib/ext/jaccess.jar
file:/home/ubuntu/.sdkman/candidates/java/8.0.333.fx-librca/jre/lib/ext/sunec.jar
file:/home/ubuntu/.sdkman/candidates/java/8.0.333.fx-librca/jre/lib/ext/zipfs.jar
file:/home/ubuntu/.sdkman/candidates/java/8.0.333.fx-librca/jre/lib/ext/jfxrt.jar
file:/home/ubuntu/.sdkman/candidates/java/8.0.333.fx-librca/jre/lib/ext/dnsns.jar
file:/home/ubuntu/.sdkman/candidates/java/8.0.333.fx-librca/jre/lib/ext/cldrdata.jar
file:/home/ubuntu/.sdkman/candidates/java/8.0.333.fx-librca/jre/lib/ext/nashorn.jar
[MASTER] 12:28:46.145 [logback-1] WARN  JUnitAnalyzer - Found unstable test named initializationError -> class java.lang.RuntimeException: Cannot find either the compilation target folder nor the EvoSuite jar in classpath: /tmp/EvoSuite_pathingJar8531187212961871733.jar
Going to execute: handleTestsThatAreUnstable
* Compiling Tests
** Write a test suite: 0 called: 0 to improve: false
[MASTER] 12:28:46.246 [logback-1] WARN  AgentLoader - Failed to find EvoSuite jar in current classloader. URLs of classloader:
file:/home/ubuntu/.sdkman/candidates/java/8.0.333.fx-librca/jre/lib/ext/localedata.jar
file:/home/ubuntu/.sdkman/candidates/java/8.0.333.fx-librca/jre/lib/ext/sunjce_provider.jar
file:/tmp/EvoSuite_pathingJar8531187212961871733.jar
file:/home/ubuntu/.sdkman/candidates/java/8.0.333.fx-librca/jre/../lib/tools.jar
file:/home/ubuntu/.sdkman/candidates/java/8.0.333.fx-librca/jre/lib/ext/sunpkcs11.jar
file:/home/ubuntu/.sdkman/candidates/java/8.0.333.fx-librca/jre/lib/ext/jaccess.jar
file:/home/ubuntu/.sdkman/candidates/java/8.0.333.fx-librca/jre/lib/ext/sunec.jar
file:/home/ubuntu/.sdkman/candidates/java/8.0.333.fx-librca/jre/lib/ext/zipfs.jar
file:/home/ubuntu/.sdkman/candidates/java/8.0.333.fx-librca/jre/lib/ext/jfxrt.jar
file:/home/ubuntu/.sdkman/candidates/java/8.0.333.fx-librca/jre/lib/ext/dnsns.jar
file:/home/ubuntu/.sdkman/candidates/java/8.0.333.fx-librca/jre/lib/ext/cldrdata.jar
file:/home/ubuntu/.sdkman/candidates/java/8.0.333.fx-librca/jre/lib/ext/nashorn.jar
[MASTER] 12:28:46.248 [logback-1] WARN  JUnitAnalyzer - Found unstable test named initializationError -> class java.lang.RuntimeException: Cannot find either the compilation target folder nor the EvoSuite jar in classpath: /tmp/EvoSuite_pathingJar8531187212961871733.jar
Going to execute: handleTestsThatAreUnstable
* Compiling Tests
Going to execute: handleTestsThatAreUnstable
[MASTER] 12:28:46.317 [logback-1] WARN  AgentLoader - Failed to find EvoSuite jar in current classloader. URLs of classloader:
file:/home/ubuntu/.sdkman/candidates/java/8.0.333.fx-librca/jre/lib/ext/localedata.jar
file:/home/ubuntu/.sdkman/candidates/java/8.0.333.fx-librca/jre/lib/ext/sunjce_provider.jar
file:/tmp/EvoSuite_pathingJar8531187212961871733.jar
file:/home/ubuntu/.sdkman/candidates/java/8.0.333.fx-librca/jre/../lib/tools.jar
file:/home/ubuntu/.sdkman/candidates/java/8.0.333.fx-librca/jre/lib/ext/sunpkcs11.jar
file:/home/ubuntu/.sdkman/candidates/java/8.0.333.fx-librca/jre/lib/ext/jaccess.jar
file:/home/ubuntu/.sdkman/candidates/java/8.0.333.fx-librca/jre/lib/ext/sunec.jar
file:/home/ubuntu/.sdkman/candidates/java/8.0.333.fx-librca/jre/lib/ext/zipfs.jar
file:/home/ubuntu/.sdkman/candidates/java/8.0.333.fx-librca/jre/lib/ext/jfxrt.jar
file:/home/ubuntu/.sdkman/candidates/java/8.0.333.fx-librca/jre/lib/ext/dnsns.jar
file:/home/ubuntu/.sdkman/candidates/java/8.0.333.fx-librca/jre/lib/ext/cldrdata.jar
file:/home/ubuntu/.sdkman/candidates/java/8.0.333.fx-librca/jre/lib/ext/nashorn.jar
[MASTER] 12:28:46.319 [logback-1] WARN  JUnitAnalyzer - Found unstable test named initializationError -> class java.lang.RuntimeException: Cannot find either the compilation target folder nor the EvoSuite jar in classpath: /tmp/EvoSuite_pathingJar8531187212961871733.jar
* Compiling Tests
[MASTER] 12:28:46.466 [logback-1] WARN  AgentLoader - Failed to find EvoSuite jar in current classloader. URLs of classloader:
file:/home/ubuntu/.sdkman/candidates/java/8.0.333.fx-librca/jre/lib/ext/localedata.jar
file:/home/ubuntu/.sdkman/candidates/java/8.0.333.fx-librca/jre/lib/ext/sunjce_provider.jar
file:/tmp/EvoSuite_pathingJar8531187212961871733.jar
file:/home/ubuntu/.sdkman/candidates/java/8.0.333.fx-librca/jre/../lib/tools.jar
file:/home/ubuntu/.sdkman/candidates/java/8.0.333.fx-librca/jre/lib/ext/sunpkcs11.jar
file:/home/ubuntu/.sdkman/candidates/java/8.0.333.fx-librca/jre/lib/ext/jaccess.jar
file:/home/ubuntu/.sdkman/candidates/java/8.0.333.fx-librca/jre/lib/ext/sunec.jar
file:/home/ubuntu/.sdkman/candidates/java/8.0.333.fx-librca/jre/lib/ext/zipfs.jar
file:/home/ubuntu/.sdkman/candidates/java/8.0.333.fx-librca/jre/lib/ext/jfxrt.jar
file:/home/ubuntu/.sdkman/candidates/java/8.0.333.fx-librca/jre/lib/ext/dnsns.jar
file:/home/ubuntu/.sdkman/candidates/java/8.0.333.fx-librca/jre/lib/ext/cldrdata.jar
file:/home/ubuntu/.sdkman/candidates/java/8.0.333.fx-librca/jre/lib/ext/nashorn.jar
[MASTER] 12:28:46.468 [logback-1] WARN  JUnitAnalyzer - Found unstable test named initializationError -> class java.lang.RuntimeException: Cannot find either the compilation target folder nor the EvoSuite jar in classpath: /tmp/EvoSuite_pathingJar8531187212961871733.jar
Going to execute: handleTestsThatAreUnstable
* Compiling Tests
** Write a test suite: 0 called: 0 to improve: false
[MASTER] 12:28:46.725 [logback-1] WARN  AgentLoader - Failed to find EvoSuite jar in current classloader. URLs of classloader:
file:/home/ubuntu/.sdkman/candidates/java/8.0.333.fx-librca/jre/lib/ext/localedata.jar
file:/home/ubuntu/.sdkman/candidates/java/8.0.333.fx-librca/jre/lib/ext/sunjce_provider.jar
file:/tmp/EvoSuite_pathingJar8531187212961871733.jar
file:/home/ubuntu/.sdkman/candidates/java/8.0.333.fx-librca/jre/../lib/tools.jar
file:/home/ubuntu/.sdkman/candidates/java/8.0.333.fx-librca/jre/lib/ext/sunpkcs11.jar
file:/home/ubuntu/.sdkman/candidates/java/8.0.333.fx-librca/jre/lib/ext/jaccess.jar
file:/home/ubuntu/.sdkman/candidates/java/8.0.333.fx-librca/jre/lib/ext/sunec.jar
file:/home/ubuntu/.sdkman/candidates/java/8.0.333.fx-librca/jre/lib/ext/zipfs.jar
file:/home/ubuntu/.sdkman/candidates/java/8.0.333.fx-librca/jre/lib/ext/jfxrt.jar
file:/home/ubuntu/.sdkman/candidates/java/8.0.333.fx-librca/jre/lib/ext/dnsns.jar
file:/home/ubuntu/.sdkman/candidates/java/8.0.333.fx-librca/jre/lib/ext/cldrdata.jar
file:/home/ubuntu/.sdkman/candidates/java/8.0.333.fx-librca/jre/lib/ext/nashorn.jar
[MASTER] 12:28:46.749 [logback-1] WARN  JUnitAnalyzer - Found unstable test named initializationError -> class java.lang.RuntimeException: Cannot find either the compilation target folder nor the EvoSuite jar in classpath: /tmp/EvoSuite_pathingJar8531187212961871733.jar
Going to execute: handleTestsThatAreUnstable
* Compiling Tests
[MASTER] 12:28:47.529 [logback-1] WARN  AgentLoader - Failed to find EvoSuite jar in current classloader. URLs of classloader:
file:/home/ubuntu/.sdkman/candidates/java/8.0.333.fx-librca/jre/lib/ext/localedata.jar
file:/home/ubuntu/.sdkman/candidates/java/8.0.333.fx-librca/jre/lib/ext/sunjce_provider.jar
file:/tmp/EvoSuite_pathingJar8531187212961871733.jar
file:/home/ubuntu/.sdkman/candidates/java/8.0.333.fx-librca/jre/../lib/tools.jar
file:/home/ubuntu/.sdkman/candidates/java/8.0.333.fx-librca/jre/lib/ext/sunpkcs11.jar
file:/home/ubuntu/.sdkman/candidates/java/8.0.333.fx-librca/jre/lib/ext/jaccess.jar
file:/home/ubuntu/.sdkman/candidates/java/8.0.333.fx-librca/jre/lib/ext/sunec.jar
file:/home/ubuntu/.sdkman/candidates/java/8.0.333.fx-librca/jre/lib/ext/zipfs.jar
file:/home/ubuntu/.sdkman/candidates/java/8.0.333.fx-librca/jre/lib/ext/jfxrt.jar
file:/home/ubuntu/.sdkman/candidates/java/8.0.333.fx-librca/jre/lib/ext/dnsns.jar
file:/home/ubuntu/.sdkman/candidates/java/8.0.333.fx-librca/jre/lib/ext/cldrdata.jar
file:/home/ubuntu/.sdkman/candidates/java/8.0.333.fx-librca/jre/lib/ext/nashorn.jar
[MASTER] 12:28:47.549 [logback-1] WARN  JUnitAnalyzer - Found unstable test named initializationError -> class java.lang.RuntimeException: Cannot find either the compilation target folder nor the EvoSuite jar in classpath: /tmp/EvoSuite_pathingJar8531187212961871733.jar
Going to execute: handleTestsThatAreUnstable
* Compiling Tests
[MASTER] 12:28:48.337 [logback-1] WARN  AgentLoader - Failed to find EvoSuite jar in current classloader. URLs of classloader:
file:/home/ubuntu/.sdkman/candidates/java/8.0.333.fx-librca/jre/lib/ext/localedata.jar
file:/home/ubuntu/.sdkman/candidates/java/8.0.333.fx-librca/jre/lib/ext/sunjce_provider.jar
file:/tmp/EvoSuite_pathingJar8531187212961871733.jar
file:/home/ubuntu/.sdkman/candidates/java/8.0.333.fx-librca/jre/../lib/tools.jar
file:/home/ubuntu/.sdkman/candidates/java/8.0.333.fx-librca/jre/lib/ext/sunpkcs11.jar
file:/home/ubuntu/.sdkman/candidates/java/8.0.333.fx-librca/jre/lib/ext/jaccess.jar
file:/home/ubuntu/.sdkman/candidates/java/8.0.333.fx-librca/jre/lib/ext/sunec.jar
file:/home/ubuntu/.sdkman/candidates/java/8.0.333.fx-librca/jre/lib/ext/zipfs.jar
file:/home/ubuntu/.sdkman/candidates/java/8.0.333.fx-librca/jre/lib/ext/jfxrt.jar
file:/home/ubuntu/.sdkman/candidates/java/8.0.333.fx-librca/jre/lib/ext/dnsns.jar
file:/home/ubuntu/.sdkman/candidates/java/8.0.333.fx-librca/jre/lib/ext/cldrdata.jar
file:/home/ubuntu/.sdkman/candidates/java/8.0.333.fx-librca/jre/lib/ext/nashorn.jar
[MASTER] 12:28:48.361 [logback-1] WARN  JUnitAnalyzer - Found unstable test named initializationError -> class java.lang.RuntimeException: Cannot find either the compilation target folder nor the EvoSuite jar in classpath: /tmp/EvoSuite_pathingJar8531187212961871733.jar
Going to execute: handleTestsThatAreUnstable
* Compiling Tests
Going to execute: handleTestsThatAreUnstable
[MASTER] 12:28:48.773 [logback-1] WARN  AgentLoader - Failed to find EvoSuite jar in current classloader. URLs of classloader:
file:/home/ubuntu/.sdkman/candidates/java/8.0.333.fx-librca/jre/lib/ext/localedata.jar
file:/home/ubuntu/.sdkman/candidates/java/8.0.333.fx-librca/jre/lib/ext/sunjce_provider.jar
file:/tmp/EvoSuite_pathingJar8531187212961871733.jar
file:/home/ubuntu/.sdkman/candidates/java/8.0.333.fx-librca/jre/../lib/tools.jar
file:/home/ubuntu/.sdkman/candidates/java/8.0.333.fx-librca/jre/lib/ext/sunpkcs11.jar
file:/home/ubuntu/.sdkman/candidates/java/8.0.333.fx-librca/jre/lib/ext/jaccess.jar
file:/home/ubuntu/.sdkman/candidates/java/8.0.333.fx-librca/jre/lib/ext/sunec.jar
file:/home/ubuntu/.sdkman/candidates/java/8.0.333.fx-librca/jre/lib/ext/zipfs.jar
file:/home/ubuntu/.sdkman/candidates/java/8.0.333.fx-librca/jre/lib/ext/jfxrt.jar
file:/home/ubuntu/.sdkman/candidates/java/8.0.333.fx-librca/jre/lib/ext/dnsns.jar
file:/home/ubuntu/.sdkman/candidates/java/8.0.333.fx-librca/jre/lib/ext/cldrdata.jar
file:/home/ubuntu/.sdkman/candidates/java/8.0.333.fx-librca/jre/lib/ext/nashorn.jar
[MASTER] 12:28:48.775 [logback-1] WARN  JUnitAnalyzer - Found unstable test named initializationError -> class java.lang.RuntimeException: Cannot find either the compilation target folder nor the EvoSuite jar in classpath: /tmp/EvoSuite_pathingJar8531187212961871733.jar
* Compiling Tests
** Write a test suite: 2 called: 0 to improve: false
** Write a test suite: 3 called: 1 to improve: false
** Write a test suite: 4 called: 2 to improve: false
** Write a test suite: 5 called: 3 to improve: false
** Write a test suite: 6 called: 4 to improve: false
** Write a test suite: 7 called: 5 to improve: false
** Write a test suite: 9 called: 6 to improve: false
** Write a test suite: 12 called: 7 to improve: false
** Write a test suite: 17 called: 8 to improve: false
** Write a test suite: 20 called: 9 to improve: false
[MASTER] 12:28:49.059 [logback-1] WARN  AgentLoader - Failed to find EvoSuite jar in current classloader. URLs of classloader:
file:/home/ubuntu/.sdkman/candidates/java/8.0.333.fx-librca/jre/lib/ext/localedata.jar
file:/home/ubuntu/.sdkman/candidates/java/8.0.333.fx-librca/jre/lib/ext/sunjce_provider.jar
file:/tmp/EvoSuite_pathingJar8531187212961871733.jar
file:/home/ubuntu/.sdkman/candidates/java/8.0.333.fx-librca/jre/../lib/tools.jar
file:/home/ubuntu/.sdkman/candidates/java/8.0.333.fx-librca/jre/lib/ext/sunpkcs11.jar
file:/home/ubuntu/.sdkman/candidates/java/8.0.333.fx-librca/jre/lib/ext/jaccess.jar
file:/home/ubuntu/.sdkman/candidates/java/8.0.333.fx-librca/jre/lib/ext/sunec.jar
file:/home/ubuntu/.sdkman/candidates/java/8.0.333.fx-librca/jre/lib/ext/zipfs.jar
file:/home/ubuntu/.sdkman/candidates/java/8.0.333.fx-librca/jre/lib/ext/jfxrt.jar
file:/home/ubuntu/.sdkman/candidates/java/8.0.333.fx-librca/jre/lib/ext/dnsns.jar
file:/home/ubuntu/.sdkman/candidates/java/8.0.333.fx-librca/jre/lib/ext/cldrdata.jar
file:/home/ubuntu/.sdkman/candidates/java/8.0.333.fx-librca/jre/lib/ext/nashorn.jar
Going to execute: handleTestsThatAreUnstable
[MASTER] 12:28:49.061 [logback-1] WARN  JUnitAnalyzer - Found unstable test named initializationError -> class java.lang.RuntimeException: Cannot find either the compilation target folder nor the EvoSuite jar in classpath: /tmp/EvoSuite_pathingJar8531187212961871733.jar
* Compiling Tests
** Write a test suite: 3 called: 0 to improve: false
** Write a test suite: 6 called: 1 to improve: false
** Write a test suite: 11 called: 2 to improve: false
** Write a test suite: 14 called: 3 to improve: false
** Write a test suite: 16 called: 4 to improve: false
** Write a test suite: 17 called: 5 to improve: false
** Write a test suite: 18 called: 6 to improve: false
** Write a test suite: 19 called: 7 to improve: false
** Write a test suite: 20 called: 8 to improve: false
** Write a test suite: 21 called: 9 to improve: false
[MASTER] 12:28:49.385 [logback-1] WARN  AgentLoader - Failed to find EvoSuite jar in current classloader. URLs of classloader:
file:/home/ubuntu/.sdkman/candidates/java/8.0.333.fx-librca/jre/lib/ext/localedata.jar
file:/home/ubuntu/.sdkman/candidates/java/8.0.333.fx-librca/jre/lib/ext/sunjce_provider.jar
file:/tmp/EvoSuite_pathingJar8531187212961871733.jar
file:/home/ubuntu/.sdkman/candidates/java/8.0.333.fx-librca/jre/../lib/tools.jar
file:/home/ubuntu/.sdkman/candidates/java/8.0.333.fx-librca/jre/lib/ext/sunpkcs11.jar
file:/home/ubuntu/.sdkman/candidates/java/8.0.333.fx-librca/jre/lib/ext/jaccess.jar
file:/home/ubuntu/.sdkman/candidates/java/8.0.333.fx-librca/jre/lib/ext/sunec.jar
file:/home/ubuntu/.sdkman/candidates/java/8.0.333.fx-librca/jre/lib/ext/zipfs.jar
file:/home/ubuntu/.sdkman/candidates/java/8.0.333.fx-librca/jre/lib/ext/jfxrt.jar
file:/home/ubuntu/.sdkman/candidates/java/8.0.333.fx-librca/jre/lib/ext/dnsns.jar
file:/home/ubuntu/.sdkman/candidates/java/8.0.333.fx-librca/jre/lib/ext/cldrdata.jar
file:/home/ubuntu/.sdkman/candidates/java/8.0.333.fx-librca/jre/lib/ext/nashorn.jar
[MASTER] 12:28:49.386 [logback-1] WARN  JUnitAnalyzer - Found unstable test named initializationError -> class java.lang.RuntimeException: Cannot find either the compilation target folder nor the EvoSuite jar in classpath: /tmp/EvoSuite_pathingJar8531187212961871733.jar
* Writing tests to file
* Writing JUnit test case 'Downloader_ESTest' to evosuite-tests
** Write a test suite: 3 called: 0 to improve: false
** Write a test suite: 6 called: 1 to improve: false
** Write a test suite: 11 called: 2 to improve: false
** Write a test suite: 14 called: 3 to improve: false
** Write a test suite: 16 called: 4 to improve: false
** Write a test suite: 17 called: 5 to improve: false
** Write a test suite: 18 called: 6 to improve: false
** Write a test suite: 19 called: 7 to improve: false
** Write a test suite: 20 called: 8 to improve: false
** Write a test suite: 21 called: 9 to improve: false
* Done!

* Computation finished
