To honour the JVM settings for this build a single-use Daemon process will be forked. For more on this, please refer to https://docs.gradle.org/8.6/userguide/gradle_daemon.html#sec:disabling_the_daemon in the Gradle documentation.
Daemon will be stopped at the end of the build 

> Task :compileJava

> Task :processResources NO-SOURCE
> Task :classes
> Task :jar
> Task :assemble
> Task :compileTestJava
> Task :processTestResources NO-SOURCE
> Task :testClasses

> Task :test

Distance_ESTest > testGetMeanReturningZero() FAILED
    org.opentest4j.AssertionFailedError at Distance_ESTest.java:123

Distance_ESTest > testHashCode() FAILED
    org.opentest4j.AssertionFailedError at Distance_ESTest.java:534

Distance_ESTest > testGetMinReturningNegative() FAILED
    org.opentest4j.AssertionFailedError at Distance_ESTest.java:346


> Task :test

Distance_ESTest > testBuildDistanceTaking4ArgumentsReturningDistanceWhereGetMinIsPositive() FAILED
    org.opentest4j.AssertionFailedError at Distance_ESTest.java:404

DefaultPhdReadTag_ESTest > testEqualsAndEqualsReturningFalse10() FAILED
    org.opentest4j.AssertionFailedError at DefaultPhdReadTag_ESTest.java:339

DefaultPhdReadTag_ESTest > testEqualsAndEqualsReturningFalse9() FAILED
    org.opentest4j.AssertionFailedError at DefaultPhdReadTag_ESTest.java:324

Distance_ESTest > initializationError FAILED
    org.junit.runners.model.InvalidTestClassError at ParentRunner.java:525

DefaultPhdReadTag_ESTest > initializationError FAILED
    org.junit.runners.model.InvalidTestClassError at ParentRunner.java:525
There were failing tests. See the report at: file:///home/roham/Results-Utestgen/dataset/SF110-new-UTestGen-src/92_jcvi-javacommon/build/reports/tests/test/index.html

> Task :jacocoTestReport
> Task :check
> Task :build

Deprecated Gradle features were used in this build, making it incompatible with Gradle 9.0.

You can use '--warning-mode all' to show the individual deprecation warnings and determine if they come from your own scripts or plugins.

For more on this, please refer to https://docs.gradle.org/8.6/userguide/command_line_interface.html#sec:command_line_warnings in the Gradle documentation.

BUILD SUCCESSFUL in 41s
5 actionable tasks: 5 executed
