* EvoSuite 1.2.1-SNAPSHOT
* Going to generate test cases for class: com.sap.engine.services.dc.wsgate.DeployFault
* Starting Client-0
* Properties loaded from /home/ubuntu/UTestGen/Evaluation/getting_results/dataset/SF110/101_netweaver/evosuite-files/evosuite.properties
* Connecting to master process on port 12061
* Analyzing classpath: 
* Inheritance tree loaded from evosuite-files/inheritance.xml.gz
[MASTER] 18:03:06.641 [logback-1] WARN  InheritanceTree - Class not in inheritance graph: java.util.function.Consumer
[MASTER] 18:03:06.643 [logback-1] WARN  InheritanceTree - Class not in inheritance graph: java.util.function.Predicate
[MASTER] 18:03:06.643 [logback-1] WARN  InheritanceTree - Class not in inheritance graph: java.util.function.UnaryOperator
[MASTER] 18:03:06.923 [logback-1] WARN  InheritanceTree - Class not in inheritance graph: java.util.function.Function
[MASTER] 18:03:06.954 [logback-1] WARN  InheritanceTree - Class not in inheritance graph: java.util.function.BiFunction
[MASTER] 18:03:06.955 [logback-1] WARN  InheritanceTree - Class not in inheritance graph: java.util.function.BiConsumer
* Finished analyzing classpath
* Generating tests for class com.sap.engine.services.dc.wsgate.DeployFault
* Test criteria:
  - Branch Coverage
  - Line Coverage
  - Method-Output Coverage
  - Top-Level Method Coverage
  - Context Branch Coverage
* Total number of test goals for DYNAMOSA: 153
* Using seed 1709229782984
* Starting evolution
[Progress:>                             0%] [Cov:>                                  0%]* Initial Number of Goals in DynaMOSA = 53 / 153
[Progress:>                             2%] [Cov:==========================>        77%][Progress:>                             3%] [Cov:============================>      80%][Progress:>                             3%] [Cov:==============================>    86%][Progress:>                             3%] [Cov:==============================>    86%][Progress:=>                            4%] [Cov:==============================>    86%][Progress:=>                            4%] [Cov:==============================>    86%][Progress:=>                            4%] [Cov:==============================>    86%][Progress:=>                            4%] [Cov:==============================>    86%][Progress:=>                            5%] [Cov:==============================>    86%][Progress:=>                            5%] [Cov:==============================>    86%][Progress:=>                            5%] [Cov:==============================>    86%][Progress:=>                            6%] [Cov:==============================>    87%][Progress:=>                            6%] [Cov:==============================>    88%][Progress:=>                            6%] [Cov:==============================>    88%][Progress:=>                            6%] [Cov:==============================>    88%][Progress:=>                            6%] [Cov:==============================>    88%][Progress:=>                            6%] [Cov:==============================>    88%][Progress:=>                            6%] [Cov:==============================>    88%][Progress:=>                            6%] [Cov:==============================>    88%][Progress:==>                           7%] [Cov:==============================>    88%][Progress:==>                           7%] [Cov:==============================>    88%][Progress:==>                           7%] [Cov:==============================>    88%][Progress:==>                           7%] [Cov:==============================>    88%][Progress:==>                           7%] [Cov:==============================>    88%][Progress:==>                           7%] [Cov:==============================>    88%][Progress:==>                           7%] [Cov:==============================>    88%][Progress:==>                           7%] [Cov:==============================>    88%][Progress:==>                           8%] [Cov:==============================>    88%][Progress:==>                           8%] [Cov:==============================>    88%][Progress:==>                           8%] [Cov:==============================>    88%][Progress:==>                           8%] [Cov:==============================>    88%][Progress:==>                           8%] [Cov:==============================>    88%][Progress:==>                           8%] [Cov:==============================>    88%][Progress:==>                           8%] [Cov:==============================>    88%][Progress:==>                           8%] [Cov:==============================>    88%][Progress:==>                           8%] [Cov:==============================>    88%][Progress:==>                           9%] [Cov:==============================>    88%][Progress:==>                           9%] [Cov:==============================>    88%][Progress:==>                           9%] [Cov:==============================>    88%][Progress:==>                           9%] [Cov:==============================>    88%][Progress:====>                         14%] [Cov:==============================>    88%][Progress:====>                         14%] [Cov:==============================>    88%][Progress:====>                         15%] [Cov:==============================>    88%][Progress:====>                         15%] [Cov:==============================>    88%][Progress:====>                         15%] [Cov:==============================>    88%][Progress:====>                         15%] [Cov:==============================>    88%][Progress:====>                         15%] [Cov:==============================>    88%][Progress:====>                         16%] [Cov:==============================>    88%][Progress:=====>                        17%] [Cov:==============================>    88%][Progress:=====>                        18%] [Cov:==============================>    88%][Progress:=====>                        18%] [Cov:==============================>    88%][Progress:=====>                        18%] [Cov:==============================>    88%][Progress:=====>                        18%] [Cov:==============================>    88%][Progress:=====>                        18%] [Cov:==============================>    88%][Progress:=====>                        18%] [Cov:==============================>    88%][Progress:=====>                        19%] [Cov:==============================>    88%][Progress:=====>                        19%] [Cov:==============================>    88%][Progress:=====>                        19%] [Cov:==============================>    88%][Progress:=====>                        19%] [Cov:==============================>    88%][Progress:=====>                        19%] [Cov:==============================>    88%][Progress:======>                       20%] [Cov:==============================>    88%][Progress:======>                       20%] [Cov:==============================>    88%][Progress:======>                       20%] [Cov:==============================>    88%][Progress:======>                       20%] [Cov:==============================>    88%][Progress:======>                       20%] [Cov:==============================>    88%][Progress:======>                       20%] [Cov:==============================>    88%][Progress:======>                       21%] [Cov:==============================>    88%][Progress:=======>                      26%] [Cov:==============================>    88%][Progress:=======>                      26%] [Cov:==============================>    88%][Progress:=======>                      26%] [Cov:==============================>    88%][Progress:=======>                      26%] [Cov:==============================>    88%][Progress:=======>                      26%] [Cov:==============================>    88%][Progress:=======>                      26%] [Cov:==============================>    88%][Progress:========>                     27%] [Cov:==============================>    88%][Progress:========>                     27%] [Cov:==============================>    88%][Progress:========>                     27%] [Cov:==============================>    88%][Progress:========>                     27%] [Cov:==============================>    88%][Progress:========>                     27%] [Cov:==============================>    88%][Progress:========>                     27%] [Cov:==============================>    88%][Progress:========>                     27%] [Cov:==============================>    88%][Progress:========>                     27%] [Cov:==============================>    88%][Progress:========>                     27%] [Cov:==============================>    88%][Progress:========>                     27%] [Cov:==============================>    88%][Progress:========>                     28%] [Cov:==============================>    88%][Progress:========>                     28%] [Cov:==============================>    88%][Progress:========>                     28%] [Cov:==============================>    88%][Progress:========>                     28%] [Cov:==============================>    88%][Progress:========>                     28%] [Cov:==============================>    88%][Progress:========>                     28%] [Cov:==============================>    88%][Progress:========>                     28%] [Cov:==============================>    88%][Progress:========>                     28%] [Cov:==============================>    88%][Progress:========>                     28%] [Cov:==============================>    88%][Progress:========>                     28%] [Cov:==============================>    88%][Progress:========>                     29%] [Cov:==============================>    88%][Progress:========>                     29%] [Cov:==============================>    88%][Progress:========>                     29%] [Cov:==============================>    88%][Progress:========>                     29%] [Cov:==============================>    88%][Progress:========>                     29%] [Cov:==============================>    88%][Progress:========>                     29%] [Cov:==============================>    88%][Progress:========>                     29%] [Cov:==============================>    88%][Progress:========>                     29%] [Cov:==============================>    88%][Progress:========>                     29%] [Cov:==============================>    88%][Progress:========>                     29%] [Cov:==============================>    88%][Progress:========>                     29%] [Cov:==============================>    88%][Progress:========>                     29%] [Cov:==============================>    88%][Progress:========>                     29%] [Cov:==============================>    88%][Progress:=========>                    30%] [Cov:==============================>    88%][Progress:=========>                    30%] [Cov:==============================>    88%][Progress:=========>                    30%] [Cov:==============================>    88%][Progress:=========>                    30%] [Cov:==============================>    88%][Progress:=========>                    30%] [Cov:==============================>    88%][Progress:=========>                    30%] [Cov:==============================>    88%][Progress:=========>                    30%] [Cov:==============================>    88%][Progress:=========>                    30%] [Cov:==============================>    88%][Progress:=========>                    30%] [Cov:==============================>    88%][Progress:=========>                    30%] [Cov:==============================>    88%][Progress:=========>                    30%] [Cov:==============================>    88%][Progress:=========>                    31%] [Cov:==============================>    88%][Progress:=========>                    31%] [Cov:==============================>    88%][Progress:=========>                    31%] [Cov:==============================>    88%][Progress:=========>                    31%] [Cov:==============================>    88%][Progress:=========>                    31%] [Cov:==============================>    88%][Progress:=========>                    31%] [Cov:==============================>    88%][Progress:=========>                    31%] [Cov:==============================>    88%][Progress:=========>                    31%] [Cov:==============================>    88%][Progress:=========>                    31%] [Cov:==============================>    88%][Progress:=========>                    31%] [Cov:==============================>    88%][Progress:=========>                    31%] [Cov:==============================>    88%][Progress:=========>                    32%] [Cov:==============================>    88%][Progress:=========>                    32%] [Cov:==============================>    88%][Progress:=========>                    32%] [Cov:==============================>    88%][Progress:=========>                    32%] [Cov:==============================>    88%][Progress:=========>                    32%] [Cov:==============================>    88%][Progress:=========>                    32%] [Cov:==============================>    88%][Progress:=========>                    32%] [Cov:==============================>    88%][Progress:=========>                    32%] [Cov:==============================>    88%][Progress:=========>                    32%] [Cov:==============================>    88%][Progress:=========>                    32%] [Cov:==============================>    88%][Progress:=========>                    32%] [Cov:==============================>    88%][Progress:=========>                    33%] [Cov:==============================>    88%][Progress:=========>                    33%] [Cov:==============================>    88%][Progress:=========>                    33%] [Cov:==============================>    88%][Progress:=========>                    33%] [Cov:==============================>    88%][Progress:=========>                    33%] [Cov:==============================>    88%][Progress:=========>                    33%] [Cov:==============================>    88%][Progress:=========>                    33%] [Cov:==============================>    88%][Progress:=========>                    33%] [Cov:==============================>    88%][Progress:=========>                    33%] [Cov:==============================>    88%][Progress:=========>                    33%] [Cov:==============================>    88%][Progress:==========>                   34%] [Cov:==============================>    88%][Progress:==========>                   34%] [Cov:==============================>    88%][Progress:==========>                   34%] [Cov:==============================>    88%][Progress:==========>                   34%] [Cov:==============================>    88%][Progress:==========>                   34%] [Cov:==============================>    88%][Progress:==========>                   34%] [Cov:==============================>    88%][Progress:==========>                   34%] [Cov:==============================>    88%][Progress:==========>                   34%] [Cov:==============================>    88%][Progress:==========>                   34%] [Cov:==============================>    88%][Progress:==========>                   34%] [Cov:==============================>    88%][Progress:==========>                   34%] [Cov:==============================>    88%][Progress:==========>                   34%] [Cov:==============================>    88%][Progress:==========>                   34%] [Cov:==============================>    88%][Progress:==========>                   35%] [Cov:==============================>    88%][Progress:==========>                   35%] [Cov:==============================>    88%][Progress:==========>                   35%] [Cov:==============================>    88%][Progress:==========>                   35%] [Cov:==============================>    88%][Progress:==========>                   35%] [Cov:==============================>    88%][Progress:==========>                   35%] [Cov:==============================>    88%][Progress:==========>                   35%] [Cov:==============================>    88%][Progress:==========>                   35%] [Cov:==============================>    88%][Progress:==========>                   35%] [Cov:==============================>    88%][Progress:==========>                   35%] [Cov:==============================>    88%][Progress:==========>                   35%] [Cov:==============================>    88%][Progress:==========>                   35%] [Cov:==============================>    88%][Progress:==========>                   36%] [Cov:==============================>    88%][Progress:==========>                   36%] [Cov:==============================>    88%][Progress:==========>                   36%] [Cov:==============================>    88%][Progress:==========>                   36%] [Cov:==============================>    88%][Progress:==========>                   36%] [Cov:==============================>    88%][Progress:==========>                   36%] [Cov:==============================>    88%][Progress:==========>                   36%] [Cov:==============================>    88%][Progress:==========>                   36%] [Cov:==============================>    88%][Progress:==========>                   36%] [Cov:==============================>    88%][Progress:==========>                   36%] [Cov:==============================>    88%][Progress:===========>                  37%] [Cov:==============================>    88%][Progress:===========>                  37%] [Cov:==============================>    88%][Progress:===========>                  37%] [Cov:==============================>    88%][Progress:===========>                  37%] [Cov:==============================>    88%][Progress:===========>                  37%] [Cov:==============================>    88%][Progress:===========>                  37%] [Cov:==============================>    88%][Progress:===========>                  37%] [Cov:==============================>    88%][Progress:============>                 42%] [Cov:==============================>    88%][Progress:============>                 42%] [Cov:==============================>    88%][Progress:============>                 42%] [Cov:==============================>    88%][Progress:============>                 42%] [Cov:==============================>    88%][Progress:============>                 42%] [Cov:==============================>    88%][Progress:============>                 43%] [Cov:==============================>    88%][Progress:============>                 43%] [Cov:==============================>    88%][Progress:============>                 43%] [Cov:==============================>    88%][Progress:============>                 43%] [Cov:==============================>    88%][Progress:============>                 43%] [Cov:==============================>    88%][Progress:============>                 43%] [Cov:==============================>    88%][Progress:============>                 43%] [Cov:==============================>    88%][Progress:============>                 43%] [Cov:==============================>    88%][Progress:============>                 43%] [Cov:==============================>    88%][Progress:============>                 43%] [Cov:==============================>    88%][Progress:============>                 43%] [Cov:==============================>    88%][Progress:============>                 43%] [Cov:==============================>    88%][Progress:============>                 43%] [Cov:==============================>    88%][Progress:============>                 43%] [Cov:==============================>    88%][Progress:============>                 43%] [Cov:==============================>    88%][Progress:=============>                44%] [Cov:==============================>    88%][Progress:=============>                44%] [Cov:==============================>    88%][Progress:=============>                44%] [Cov:==============================>    88%][Progress:=============>                44%] [Cov:==============================>    88%][Progress:=============>                44%] [Cov:==============================>    88%][Progress:=============>                44%] [Cov:==============================>    88%][Progress:=============>                44%] [Cov:==============================>    88%][Progress:=============>                44%] [Cov:==============================>    88%][Progress:=============>                44%] [Cov:==============================>    88%][Progress:=============>                44%] [Cov:==============================>    88%][Progress:=============>                45%] [Cov:==============================>    88%][Progress:=============>                45%] [Cov:==============================>    88%][Progress:=============>                45%] [Cov:==============================>    88%][Progress:=============>                45%] [Cov:==============================>    88%][Progress:=============>                45%] [Cov:==============================>    88%][Progress:==============>               47%] [Cov:==============================>    88%][Progress:==============>               47%] [Cov:==============================>    88%][Progress:==============>               47%] [Cov:==============================>    88%][Progress:==============>               47%] [Cov:==============================>    88%][Progress:==============>               47%] [Cov:==============================>    88%][Progress:==============>               47%] [Cov:==============================>    88%][Progress:==============>               47%] [Cov:==============================>    88%][Progress:==============>               47%] [Cov:==============================>    88%][Progress:==============>               48%] [Cov:==============================>    88%][Progress:==============>               48%] [Cov:==============================>    88%][Progress:==============>               48%] [Cov:==============================>    88%][Progress:==============>               48%] [Cov:==============================>    88%][Progress:==============>               48%] [Cov:==============================>    88%][Progress:==============>               48%] [Cov:==============================>    88%][Progress:==============>               49%] [Cov:==============================>    88%][Progress:==============>               49%] [Cov:==============================>    88%][Progress:==============>               49%] [Cov:==============================>    88%][Progress:==============>               49%] [Cov:==============================>    88%][Progress:==============>               49%] [Cov:==============================>    88%][Progress:==============>               49%] [Cov:==============================>    88%][Progress:==============>               49%] [Cov:==============================>    88%][Progress:==============>               49%] [Cov:==============================>    88%][Progress:===============>              50%] [Cov:==============================>    88%][Progress:===============>              50%] [Cov:==============================>    88%][Progress:===============>              50%] [Cov:==============================>    88%][Progress:===============>              50%] [Cov:==============================>    88%][Progress:===============>              50%] [Cov:==============================>    88%][Progress:===============>              50%] [Cov:==============================>    88%][Progress:===============>              50%] [Cov:==============================>    88%][Progress:===============>              50%] [Cov:==============================>    88%][Progress:===============>              50%] [Cov:==============================>    88%][Progress:===============>              51%] [Cov:==============================>    88%][Progress:===============>              51%] [Cov:==============================>    88%][Progress:===============>              51%] [Cov:==============================>    88%][Progress:===============>              51%] [Cov:==============================>    88%][Progress:===============>              51%] [Cov:==============================>    88%][Progress:===============>              51%] [Cov:==============================>    88%][Progress:===============>              51%] [Cov:==============================>    88%][Progress:===============>              51%] [Cov:==============================>    88%][Progress:===============>              51%] [Cov:==============================>    88%][Progress:===============>              51%] [Cov:==============================>    88%][Progress:===============>              51%] [Cov:==============================>    88%][Progress:===============>              52%] [Cov:==============================>    88%][Progress:===============>              52%] [Cov:==============================>    88%][Progress:===============>              52%] [Cov:==============================>    88%][Progress:===============>              52%] [Cov:==============================>    88%][Progress:===============>              52%] [Cov:==============================>    88%][Progress:===============>              52%] [Cov:==============================>    88%][Progress:===============>              52%] [Cov:==============================>    88%][Progress:===============>              52%] [Cov:==============================>    88%][Progress:===============>              52%] [Cov:==============================>    88%][Progress:===============>              52%] [Cov:==============================>    88%][Progress:===============>              53%] [Cov:==============================>    88%][Progress:===============>              53%] [Cov:==============================>    88%][Progress:===============>              53%] [Cov:==============================>    88%][Progress:===============>              53%] [Cov:==============================>    88%][Progress:===============>              53%] [Cov:==============================>    88%][Progress:===============>              53%] [Cov:==============================>    88%][Progress:===============>              53%] [Cov:==============================>    88%][Progress:===============>              53%] [Cov:==============================>    88%][Progress:===============>              53%] [Cov:==============================>    88%][Progress:===============>              53%] [Cov:==============================>    88%][Progress:================>             54%] [Cov:==============================>    88%][Progress:================>             54%] [Cov:==============================>    88%][Progress:================>             54%] [Cov:==============================>    88%][Progress:================>             54%] [Cov:==============================>    88%][Progress:=================>            59%] [Cov:==============================>    88%][Progress:=================>            59%] [Cov:==============================>    88%][Progress:=================>            59%] [Cov:==============================>    88%][Progress:=================>            59%] [Cov:==============================>    88%][Progress:=================>            59%] [Cov:==============================>    88%][Progress:=================>            59%] [Cov:==============================>    88%][Progress:=================>            59%] [Cov:==============================>    88%][Progress:==================>           60%] [Cov:==============================>    88%][Progress:==================>           60%] [Cov:==============================>    88%][Progress:==================>           60%] [Cov:==============================>    88%][Progress:==================>           60%] [Cov:==============================>    88%][Progress:==================>           60%] [Cov:==============================>    88%][Progress:==================>           60%] [Cov:==============================>    88%][Progress:==================>           60%] [Cov:==============================>    88%][Progress:==================>           60%] [Cov:==============================>    88%][Progress:==================>           60%] [Cov:==============================>    88%][Progress:==================>           60%] [Cov:==============================>    88%][Progress:==================>           61%] [Cov:==============================>    88%][Progress:==================>           61%] [Cov:==============================>    88%][Progress:==================>           61%] [Cov:==============================>    88%][Progress:==================>           61%] [Cov:==============================>    88%][Progress:==================>           61%] [Cov:==============================>    88%][Progress:==================>           61%] [Cov:==============================>    88%][Progress:==================>           61%] [Cov:==============================>    88%][Progress:==================>           61%] [Cov:==============================>    88%][Progress:==================>           61%] [Cov:==============================>    88%][Progress:==================>           61%] [Cov:==============================>    88%][Progress:==================>           61%] [Cov:==============================>    88%][Progress:==================>           62%] [Cov:==============================>    88%][Progress:==================>           62%] [Cov:==============================>    88%][Progress:==================>           62%] [Cov:==============================>    88%][Progress:==================>           62%] [Cov:==============================>    88%][Progress:==================>           62%] [Cov:==============================>    88%][Progress:==================>           62%] [Cov:==============================>    88%][Progress:==================>           62%] [Cov:==============================>    88%][Progress:==================>           62%] [Cov:==============================>    88%][Progress:==================>           62%] [Cov:==============================>    88%][Progress:==================>           62%] [Cov:==============================>    88%][Progress:==================>           63%] [Cov:==============================>    88%][Progress:==================>           63%] [Cov:==============================>    88%][Progress:==================>           63%] [Cov:==============================>    88%][Progress:==================>           63%] [Cov:==============================>    88%][Progress:==================>           63%] [Cov:==============================>    88%][Progress:==================>           63%] [Cov:==============================>    88%][Progress:==================>           63%] [Cov:==============================>    88%][Progress:==================>           63%] [Cov:==============================>    88%][Progress:==================>           63%] [Cov:==============================>    88%][Progress:==================>           63%] [Cov:==============================>    88%][Progress:==================>           63%] [Cov:==============================>    88%][Progress:==================>           63%] [Cov:==============================>    88%][Progress:==================>           63%] [Cov:==============================>    88%][Progress:===================>          64%] [Cov:==============================>    88%][Progress:===================>          64%] [Cov:==============================>    88%][Progress:===================>          64%] [Cov:==============================>    88%][Progress:===================>          64%] [Cov:==============================>    88%][Progress:===================>          64%] [Cov:==============================>    88%][Progress:===================>          64%] [Cov:==============================>    88%][Progress:===================>          64%] [Cov:==============================>    88%][Progress:===================>          64%] [Cov:==============================>    88%][Progress:===================>          64%] [Cov:==============================>    88%][Progress:===================>          64%] [Cov:==============================>    88%][Progress:====================>         69%] [Cov:==============================>    88%][Progress:====================>         69%] [Cov:==============================>    88%][Progress:=====================>        70%] [Cov:==============================>    88%][Progress:=====================>        70%] [Cov:==============================>    88%][Progress:=====================>        70%] [Cov:==============================>    88%][Progress:=====================>        70%] [Cov:==============================>    88%][Progress:=====================>        70%] [Cov:==============================>    88%][Progress:=====================>        70%] [Cov:==============================>    88%][Progress:=====================>        70%] [Cov:==============================>    88%][Progress:=====================>        70%] [Cov:==============================>    88%][Progress:======================>       75%] [Cov:==============================>    88%][Progress:======================>       75%] [Cov:==============================>    88%][Progress:======================>       76%] [Cov:==============================>    88%][Progress:======================>       76%] [Cov:==============================>    88%][Progress:======================>       76%] [Cov:==============================>    88%][Progress:======================>       76%] [Cov:==============================>    88%][Progress:======================>       76%] [Cov:==============================>    88%][Progress:======================>       76%] [Cov:==============================>    88%][Progress:======================>       76%] [Cov:==============================>    88%][Progress:======================>       76%] [Cov:==============================>    88%][Progress:======================>       76%] [Cov:==============================>    88%][Progress:========================>     81%] [Cov:==============================>    88%][Progress:========================>     81%] [Cov:==============================>    88%][Progress:========================>     82%] [Cov:==============================>    88%][Progress:========================>     82%] [Cov:==============================>    88%][Progress:========================>     82%] [Cov:==============================>    88%][Progress:========================>     82%] [Cov:==============================>    88%][Progress:========================>     82%] [Cov:==============================>    88%][Progress:========================>     82%] [Cov:==============================>    88%][Progress:========================>     82%] [Cov:==============================>    88%][Progress:========================>     82%] [Cov:==============================>    88%][Progress:========================>     82%] [Cov:==============================>    88%][Progress:========================>     82%] [Cov:==============================>    88%][Progress:========================>     82%] [Cov:==============================>    88%][Progress:========================>     83%] [Cov:==============================>    88%][Progress:========================>     83%] [Cov:==============================>    88%][Progress:========================>     83%] [Cov:==============================>    88%][Progress:========================>     83%] [Cov:==============================>    88%][Progress:========================>     83%] [Cov:==============================>    88%][Progress:========================>     83%] [Cov:==============================>    88%][Progress:========================>     83%] [Cov:==============================>    88%][Progress:========================>     83%] [Cov:==============================>    88%][Progress:========================>     83%] [Cov:==============================>    88%][Progress:========================>     83%] [Cov:==============================>    88%][Progress:=========================>    84%] [Cov:==============================>    88%][Progress:=========================>    84%] [Cov:==============================>    88%][Progress:=========================>    84%] [Cov:==============================>    88%][Progress:=========================>    84%] [Cov:==============================>    88%][Progress:=========================>    84%] [Cov:==============================>    88%][Progress:=========================>    84%] [Cov:==============================>    88%][Progress:=========================>    84%] [Cov:==============================>    88%][Progress:=========================>    84%] [Cov:==============================>    88%][Progress:=========================>    84%] [Cov:==============================>    88%][Progress:=========================>    84%] [Cov:==============================>    88%][Progress:=========================>    85%] [Cov:==============================>    88%][Progress:=========================>    85%] [Cov:==============================>    88%][Progress:=========================>    85%] [Cov:==============================>    88%][Progress:=========================>    85%] [Cov:==============================>    88%][Progress:=========================>    85%] [Cov:==============================>    88%][Progress:=========================>    85%] [Cov:==============================>    88%][Progress:=========================>    85%] [Cov:==============================>    88%][Progress:=========================>    85%] [Cov:==============================>    88%][Progress:=========================>    86%] [Cov:==============================>    88%][Progress:=========================>    86%] [Cov:==============================>    88%][Progress:=========================>    86%] [Cov:==============================>    88%][Progress:=========================>    86%] [Cov:==============================>    88%][Progress:=========================>    86%] [Cov:==============================>    88%][Progress:=========================>    86%] [Cov:==============================>    88%][Progress:=========================>    86%] [Cov:==============================>    88%][Progress:==========================>   87%] [Cov:==============================>    88%][Progress:==========================>   87%] [Cov:==============================>    88%][Progress:==========================>   87%] [Cov:==============================>    88%][Progress:==========================>   87%] [Cov:==============================>    88%][Progress:==========================>   87%] [Cov:==============================>    88%][Progress:==========================>   87%] [Cov:==============================>    88%][Progress:==========================>   88%] [Cov:==============================>    88%][Progress:==========================>   88%] [Cov:==============================>    88%][Progress:==========================>   88%] [Cov:==============================>    88%][Progress:==========================>   88%] [Cov:==============================>    88%][Progress:==========================>   88%] [Cov:==============================>    88%][Progress:==========================>   89%] [Cov:==============================>    88%][Progress:==========================>   89%] [Cov:==============================>    88%][Progress:==========================>   89%] [Cov:==============================>    88%][Progress:==========================>   89%] [Cov:==============================>    88%][Progress:==========================>   89%] [Cov:==============================>    88%][Progress:==========================>   89%] [Cov:==============================>    88%][Progress:===========================>  90%] [Cov:==============================>    88%][Progress:===========================>  90%] [Cov:==============================>    88%][Progress:===========================>  90%] [Cov:==============================>    88%][Progress:===========================>  90%] [Cov:==============================>    88%][Progress:===========================>  90%] [Cov:==============================>    88%][Progress:===========================>  90%] [Cov:==============================>    88%][Progress:===========================>  91%] [Cov:==============================>    88%][Progress:===========================>  91%] [Cov:==============================>    88%][Progress:===========================>  91%] [Cov:==============================>    88%][Progress:===========================>  91%] [Cov:==============================>    88%][Progress:===========================>  91%] [Cov:==============================>    88%][Progress:===========================>  92%] [Cov:==============================>    88%][Progress:===========================>  92%] [Cov:==============================>    88%][Progress:===========================>  92%] [Cov:==============================>    88%][Progress:===========================>  92%] [Cov:==============================>    88%][Progress:===========================>  92%] [Cov:==============================>    88%][Progress:===========================>  92%] [Cov:==============================>    88%][Progress:===========================>  92%] [Cov:==============================>    88%][Progress:===========================>  92%] [Cov:==============================>    88%][Progress:===========================>  93%] [Cov:==============================>    88%][Progress:===========================>  93%] [Cov:==============================>    88%][Progress:===========================>  93%] [Cov:==============================>    88%][Progress:=============================>98%] [Cov:==============================>    88%][Progress:=============================>98%] [Cov:==============================>    88%][Progress:=============================>98%] [Cov:==============================>    88%][Progress:=============================>98%] [Cov:==============================>    88%][Progress:=============================>98%] [Cov:==============================>    88%][Progress:=============================>98%] [Cov:==============================>    88%][Progress:=============================>98%] [Cov:==============================>    88%][Progress:=============================>98%] [Cov:==============================>    88%][Progress:=============================>99%] [Cov:==============================>    88%][Progress:=============================>99%] [Cov:==============================>    88%][Progress:=============================>99%] [Cov:==============================>    88%][Progress:=============================>99%] [Cov:==============================>    88%][Progress:=============================>99%] [Cov:==============================>    88%][Progress:=============================>99%] [Cov:==============================>    88%][Progress:=============================>99%] [Cov:==============================>    88%][Progress:=============================>99%] [Cov:==============================>    88%][Progress:=============================>99%] [Cov:==============================>    88%][Progress:=============================>99%] [Cov:==============================>    88%][Progress:==============================100%] [Cov:==============================>    88%][Progress:==============================100%] [Cov:==============================>    88%][Progress:==============================100%] [Cov:==============================>    88%][Progress:==============================100%] [Cov:==============================>    88%][Progress:==============================100%] [Cov:==============================>    88%][Progress:==============================100%] [Cov:==============================>    88%][Progress:==============================100%] [Cov:==============================>    88%][Progress:==============================100%] [Cov:==============================>    88%][Progress:==============================100%] [Cov:==============================>    88%][Progress:==============================100%] [Cov:==============================>    88%][Progress:==============================100%] [Cov:==============================>    88%][Progress:==============================100%] [Cov:==============================>    88%]
* Search finished after 101s and 490 generations, 186529 statements, best individual has fitness: 17.0
* Generated before the refinement 21 tests with total length 54
statement is: com.sap.engine.services.dc.wsgate.DeployFault(Ljava/lang/String;Ljava/lang/String;)V type is: class org.evosuite.testcase.statements.ConstructorStatement return type class com.sap.engine.services.dc.wsgate.DeployFault
statement code is: DeployFault deployFault = new DeployFault("!C+e", "!C+e")
statement is: com.sap.engine.services.dc.wsgate.DeployFault(Ljava/lang/String;Ljava/lang/String;)V type is: class org.evosuite.testcase.statements.ConstructorStatement return type class com.sap.engine.services.dc.wsgate.DeployFault
statement code is: DeployFault deployFault = new DeployFault("!C+e", " b7$DgM@ie8k{fP")
statement is: equals(Ljava/lang/Object;)Z type is: class org.evosuite.testcase.statements.MethodStatement return type boolean
statement code is: boolean equals = deployFault.equals(arg0)
test data is: DeployFault deployFault = new DeployFault("!C+e", "!C+e");
DeployFault deployFault = new DeployFault("!C+e", " b7$DgM@ie8k{fP");
deployFault.equals(deployFault);

** It was a parseable test case! 
Improved test data is: class DummyClass {
    public static void main() {
        DeployFault deployFault = new DeployFault("!C+e", "!C+e");
        DeployFault deployFault = new DeployFault("!C+e", " b7$DgM@ie8k{fP");
        deployFault.equals(deployFault);
    }
}
statement is: DeployFault deployFault = new DeployFault("!C+e", "!C+e"), class spoon.support.reflect.code.CtLocalVariableImpl
class spoon.support.reflect.code.CtConstructorCallImpl
statement is: DeployFault deployFault = new DeployFault("!C+e", " b7$DgM@ie8k{fP"), class spoon.support.reflect.code.CtLocalVariableImpl
class spoon.support.reflect.code.CtConstructorCallImpl
statement is: deployFault.equals(deployFault), class spoon.support.reflect.code.CtInvocationImpl
invocation is: deployFault.equals(deployFault) target is: deployFault method is: equals(DeployFault)
source statement: com.sap.engine.services.dc.wsgate.DeployFault(Ljava/lang/String;Ljava/lang/String;)V callee: VariableReference: Statement 0, type com.sap.engine.services.dc.wsgate.DeployFaultindex is: 5
Matched Method is: equals(Ljava/lang/Object;)Z
TestCase is: String string = "!C+e";
String string = "!C+e";
DeployFault deployFault = new DeployFault(string, string);
String string = "!C+e";
String string = " b7$DgM@ie8k{fP";
DeployFault deployFault = new DeployFault(string, string);
string.equals(deployFault);

statement is: com.sap.engine.services.dc.wsgate.DeployFault()V type is: class org.evosuite.testcase.statements.ConstructorStatement return type class com.sap.engine.services.dc.wsgate.DeployFault
statement code is: DeployFault deployFault = new DeployFault()
statement is: setFullStackTrace(Ljava/lang/String;)V type is: class org.evosuite.testcase.statements.MethodStatement return type void
statement code is: deployFault.setFullStackTrace("kR[^])uSB$kSPUi~")
test data is: DeployFault deployFault = new DeployFault();
deployFault.setFullStackTrace("kR[^])uSB$kSPUi~");

** It was a parseable test case! 
Improved test data is: class DummyClass {
    public static void main() {
        DeployFault deployFault = new DeployFault();
        deployFault.setFullStackTrace("java.lang.NullPointerException: Attempt to invoke virtual method \'int java.lang.String.length()\' on a null object reference\n" + ("at com.example.myproject.MyClass.myMethod(MyClass.java:25)\n" + "at com.example.myproject.Main.main(Main.java:10)"));
    }
}
statement is: DeployFault deployFault = new DeployFault(), class spoon.support.reflect.code.CtLocalVariableImpl
class spoon.support.reflect.code.CtConstructorCallImpl
statement is: deployFault.setFullStackTrace("java.lang.NullPointerException: Attempt to invoke virtual method \'int java.lang.String.length()\' on a null object reference\n" + ("at com.example.myproject.MyClass.myMethod(MyClass.java:25)\n" + "at com.example.myproject.Main.main(Main.java:10)")), class spoon.support.reflect.code.CtInvocationImpl
invocation is: deployFault.setFullStackTrace("java.lang.NullPointerException: Attempt to invoke virtual method \'int java.lang.String.length()\' on a null object reference\n" + ("at com.example.myproject.MyClass.myMethod(MyClass.java:25)\n" + "at com.example.myproject.Main.main(Main.java:10)")) target is: deployFault method is: setFullStackTrace(java.lang.String)
source statement: com.sap.engine.services.dc.wsgate.DeployFault()V callee: VariableReference: Statement 0, type com.sap.engine.services.dc.wsgate.DeployFaultindex is: 0
Matched Method is: setFullStackTrace(Ljava/lang/String;)V
i 0 Parameters size() 0 Num of Method Parameters: 1
TestCase is: DeployFault deployFault = new DeployFault();
String string = null;
deployFault.setFullStackTrace(string);

statement is: Class<Object> class = Object.class type is: class org.evosuite.testcase.statements.ClassPrimitiveStatement return type java.lang.Class<java.lang.Object>
statement code is: Class<Object> class = Object.class
statement is: org.evosuite.testcase.statements.FieldStatement@d5268cee type is: class org.evosuite.testcase.statements.FieldStatement return type class javax.xml.namespace.QName
statement code is: QName qName = WSDDConstants.QNAME_BEANMAPPING
statement is: getSerializer(Ljava/lang/String;Ljava/lang/Class;Ljavax/xml/namespace/QName;)Lorg/apache/axis/encoding/Serializer; type is: class org.evosuite.testcase.statements.MethodStatement return type class org.apache.axis.encoding.ser.BeanSerializer
statement code is: BeanSerializer serializer = (BeanSerializer)DeployFault.getSerializer("Q@tw6I", arg1, arg2)
test data is: Class<Object> class = Object.class;
QName qName = WSDDConstants.QNAME_BEANMAPPING;
DeployFault.getSerializer("Q@tw6I", class, qName);

** It was a parseable test case! 
Improved test data is: class DummyClass {
    public static void main() {
        QName qName = new QName("urn:my-namespace:my-bean");
        DeployFault.getSerializer("Q@tw6I", $missing$, qName);
    }
}
statement is: QName qName = new QName("urn:my-namespace:my-bean"), class spoon.support.reflect.code.CtLocalVariableImpl
class spoon.support.reflect.code.CtConstructorCallImpl
statement is: DeployFault.getSerializer("Q@tw6I", $missing$, qName), class spoon.support.reflect.code.CtInvocationImpl
invocation is: DeployFault.getSerializer("Q@tw6I", $missing$, qName) target is: DeployFault method is: getSerializer(java.lang.String,QName)
Matched Method is: getSerializer(Ljava/lang/String;Ljava/lang/Class;Ljavax/xml/namespace/QName;)Lorg/apache/axis/encoding/Serializer;
i 1 Parameters size() 1 Num of Method Parameters: 3
i 2 Parameters size() 1 Num of Method Parameters: 3
TestCase is: String string = "Q@tw6I";
Class<Object> class = null;
QName qName = null;
DeployFault.getSerializer(string, class, qName);

statement is: com.sap.engine.services.dc.wsgate.DeployFault()V type is: class org.evosuite.testcase.statements.ConstructorStatement return type class com.sap.engine.services.dc.wsgate.DeployFault
statement code is: DeployFault deployFault = new DeployFault()
statement is: org.evosuite.testcase.statements.FieldStatement@64a0a758 type is: class org.evosuite.testcase.statements.FieldStatement return type class javax.xml.namespace.QName
statement code is: QName qName = WSDDConstants.QNAME_JAXRPC_HEADER
statement is: java.io.StringWriter()V type is: class org.evosuite.testcase.statements.ConstructorStatement return type class java.io.StringWriter
statement code is: StringWriter stringWriter = new StringWriter()
statement is: org.apache.axis.encoding.SerializationContext(Ljava/io/Writer;)V type is: class org.evosuite.testcase.statements.ConstructorStatement return type class org.apache.axis.encoding.SerializationContext
statement code is: SerializationContext serializationContext = new SerializationContext(arg0)
statement is: writeDetails(Ljavax/xml/namespace/QName;Lorg/apache/axis/encoding/SerializationContext;)V type is: class org.evosuite.testcase.statements.MethodStatement return type void
statement code is: deployFault.writeDetails(arg0, arg1)
test data is: DeployFault deployFault = new DeployFault();
QName qName = WSDDConstants.QNAME_JAXRPC_HEADER;
StringWriter stringWriter = new StringWriter();
SerializationContext serializationContext = new SerializationContext(stringWriter);
deployFault.writeDetails(qName, serializationContext);

** It was a parseable test case! 
Improved test data is: class DummyClass {
    public static void main() {
        DeployFault deployFault = new DeployFault("Deployment failed due to an invalid request.", "The requested deployment does not meet the minimum requirements for deployment.", null);
        QName qName = WSDDConstants.QNAME_JAXRPC_HEADER;
        StringWriter stringWriter = new StringWriter();
        SerializationContext serializationContext = new SerializationContext(stringWriter);
        deployFault.writeDetails(qName, serializationContext);
    }
}
statement is: DeployFault deployFault = new DeployFault("Deployment failed due to an invalid request.", "The requested deployment does not meet the minimum requirements for deployment.", null), class spoon.support.reflect.code.CtLocalVariableImpl
class spoon.support.reflect.code.CtConstructorCallImpl
statement is: QName qName = WSDDConstants.QNAME_JAXRPC_HEADER, class spoon.support.reflect.code.CtLocalVariableImpl
class spoon.support.reflect.code.CtFieldReadImpl
Field is: WSDDConstants.QNAME_JAXRPC_HEADER is WSDDConstants
CtField is: public static javax.xml.namespace.QName org.apache.axis.deployment.wsdd.WSDDConstants.QNAME_JAXRPC_HEADER QName QNAME_JAXRPC_HEADER
statement is: StringWriter stringWriter = new StringWriter(), class spoon.support.reflect.code.CtLocalVariableImpl
class spoon.support.reflect.code.CtConstructorCallImpl
statement is: SerializationContext serializationContext = new SerializationContext(stringWriter), class spoon.support.reflect.code.CtLocalVariableImpl
class spoon.support.reflect.code.CtConstructorCallImpl
statement is: deployFault.writeDetails(qName, serializationContext), class spoon.support.reflect.code.CtInvocationImpl
invocation is: deployFault.writeDetails(qName, serializationContext) target is: deployFault method is: writeDetails(QName,SerializationContext)
TestCase is: StringWriter stringWriter = new StringWriter();
SerializationContext serializationContext = new SerializationContext(stringWriter);

statement is: Class<Object> class = Object.class type is: class org.evosuite.testcase.statements.ClassPrimitiveStatement return type java.lang.Class<java.lang.Object>
statement code is: Class<Object> class = Object.class
statement is: getDeserializer(Ljava/lang/String;Ljava/lang/Class;Ljavax/xml/namespace/QName;)Lorg/apache/axis/encoding/Deserializer; type is: class org.evosuite.testcase.statements.MethodStatement return type class org.apache.axis.encoding.ser.BeanDeserializer
statement code is: BeanDeserializer deserializer = (BeanDeserializer)DeployFault.getDeserializer("_qnS1+cy~!Vuloqr", arg1, (QName) null)
test data is: Class<Object> class = Object.class;
DeployFault.getDeserializer("_qnS1+cy~!Vuloqr", class, (QName) null);

** It was a parseable test case! 
Improved test data is: class DummyClass {
    public static void main() {
        DeployFault.getDeserializer("This is a descriptive string used to test the deserialization of a complex object", $missing$, ((QName) (null)));
    }
}
statement is: DeployFault.getDeserializer("This is a descriptive string used to test the deserialization of a complex object", $missing$, ((QName) (null))), class spoon.support.reflect.code.CtInvocationImpl
invocation is: DeployFault.getDeserializer("This is a descriptive string used to test the deserialization of a complex object", $missing$, ((QName) (null))) target is: DeployFault method is: getDeserializer(java.lang.String,QName)
Matched Method is: getDeserializer(Ljava/lang/String;Ljava/lang/Class;Ljavax/xml/namespace/QName;)Lorg/apache/axis/encoding/Deserializer;
i 1 Parameters size() 1 Num of Method Parameters: 3
i 2 Parameters size() 1 Num of Method Parameters: 3
TestCase is: String string = "This is a descriptive string used to test the deserialization of a complex object";
Class<Object> class = null;
QName qName = null;
DeployFault.getDeserializer(string, class, qName);

statement is: getTypeDesc()Lorg/apache/axis/description/TypeDesc; type is: class org.evosuite.testcase.statements.MethodStatement return type class org.apache.axis.description.TypeDesc
statement code is: TypeDesc typeDesc = DeployFault.getTypeDesc()
test data is: DeployFault.getTypeDesc();

** It was a parseable test case! 
Improved test data is: class DummyClass {
    public static void main() {
        INSTALLATION_FAILED("Installation failed with error code 123.", DEPLOYMENT_FAILED("Deployment failed due to an invalid configuration."), UNKNOWN_ERROR("Unknown error occurred."));
    }

    private final Type type;

    public  DeployFault(Type type) {
        this.type = type;
    }

    public String getTypeDesc() {
        return type.getDescription();
    }
}
statement is: this.type = type, class spoon.support.reflect.code.CtAssignmentImpl
statement is: return type.getDescription(), class spoon.support.reflect.code.CtReturnImpl
statement is: INSTALLATION_FAILED("Installation failed with error code 123.", DEPLOYMENT_FAILED("Deployment failed due to an invalid configuration."), UNKNOWN_ERROR("Unknown error occurred.")), class spoon.support.reflect.code.CtInvocationImpl
invocation is: INSTALLATION_FAILED("Installation failed with error code 123.", DEPLOYMENT_FAILED("Deployment failed due to an invalid configuration."), UNKNOWN_ERROR("Unknown error occurred.")) target is:  method is: INSTALLATION_FAILED(java.lang.String,<unknown>,<unknown>)
statement is: com.sap.engine.services.dc.wsgate.DeployFault()V type is: class org.evosuite.testcase.statements.ConstructorStatement return type class com.sap.engine.services.dc.wsgate.DeployFault
statement code is: DeployFault deployFault = new DeployFault()
statement is: java.lang.Object()V type is: class org.evosuite.testcase.statements.ConstructorStatement return type class java.lang.Object
statement code is: Object object = new Object()
statement is: equals(Ljava/lang/Object;)Z type is: class org.evosuite.testcase.statements.MethodStatement return type boolean
statement code is: boolean equals = deployFault.equals(arg0)
test data is: DeployFault deployFault = new DeployFault();
Object object = new Object();
deployFault.equals(object);

** It was a parseable test case! 
Improved test data is: class DummyClass {
    public static void main() {
        DeployFault deployFault = new DeployFault("Connection refused", "CONNECTION_REFUSED");
        Object object = new Object("No such host", "NO_SUCH_HOST");
        deployFault.equals(object);
    }
}
statement is: DeployFault deployFault = new DeployFault("Connection refused", "CONNECTION_REFUSED"), class spoon.support.reflect.code.CtLocalVariableImpl
class spoon.support.reflect.code.CtConstructorCallImpl
statement is: Object object = new Object("No such host", "NO_SUCH_HOST"), class spoon.support.reflect.code.CtLocalVariableImpl
class spoon.support.reflect.code.CtConstructorCallImpl
statement is: deployFault.equals(object), class spoon.support.reflect.code.CtInvocationImpl
invocation is: deployFault.equals(object) target is: deployFault method is: equals(java.lang.Object)
statement is: com.sap.engine.services.dc.wsgate.DeployFault()V type is: class org.evosuite.testcase.statements.ConstructorStatement return type class com.sap.engine.services.dc.wsgate.DeployFault
statement code is: DeployFault deployFault = new DeployFault()
statement is: equals(Ljava/lang/Object;)Z type is: class org.evosuite.testcase.statements.MethodStatement return type boolean
statement code is: boolean equals = arg0.equals(arg0)
test data is: DeployFault deployFault = new DeployFault();
deployFault.equals(deployFault);

** It was a parseable test case! 
Improved test data is: class DummyClass {
    public static void main() {
        DeployFault deployFault = new DeployFault("Invalid Input", "INVALID_INPUT", "Input cannot be empty");
        deployFault.equals(deployFault);
    }
}
statement is: DeployFault deployFault = new DeployFault("Invalid Input", "INVALID_INPUT", "Input cannot be empty"), class spoon.support.reflect.code.CtLocalVariableImpl
class spoon.support.reflect.code.CtConstructorCallImpl
statement is: deployFault.equals(deployFault), class spoon.support.reflect.code.CtInvocationImpl
invocation is: deployFault.equals(deployFault) target is: deployFault method is: equals(DeployFault)
statement is: com.sap.engine.services.dc.wsgate.DeployFault()V type is: class org.evosuite.testcase.statements.ConstructorStatement return type class com.sap.engine.services.dc.wsgate.DeployFault
statement code is: DeployFault deployFault = new DeployFault()
statement is: com.sap.engine.services.dc.wsgate.DeployFault()V type is: class org.evosuite.testcase.statements.ConstructorStatement return type class com.sap.engine.services.dc.wsgate.DeployFault
statement code is: DeployFault deployFault = new DeployFault()
statement is: equals(Ljava/lang/Object;)Z type is: class org.evosuite.testcase.statements.MethodStatement return type boolean
statement code is: boolean equals = deployFault.equals(arg0)
test data is: DeployFault deployFault = new DeployFault();
DeployFault deployFault = new DeployFault();
deployFault.equals(deployFault);

** It was a parseable test case! 
Improved test data is: class DummyClass {
    public static void main() {
        DeployFault deployFault = new DeployFault(1, "Test");
        DeployFault deployFault2 = new DeployFault(1, "Test");
        assertEquals(deployFault.equals(deployFault2), true);
        DeployFault deployFault3 = new DeployFault(10, "Test 10");
        DeployFault deployFault4 = new DeployFault(10, "Test 10");
        assertEquals(deployFault3.equals(deployFault4), true);
        DeployFault deployFault5 = new DeployFault(20, "Test 20");
        DeployFault deployFault6 = new DeployFault(20, "Test 20");
        assertEquals(deployFault5.equals(deployFault6), true);
    }
}
statement is: DeployFault deployFault = new DeployFault(1, "Test"), class spoon.support.reflect.code.CtLocalVariableImpl
class spoon.support.reflect.code.CtConstructorCallImpl
statement is: DeployFault deployFault2 = new DeployFault(1, "Test"), class spoon.support.reflect.code.CtLocalVariableImpl
class spoon.support.reflect.code.CtConstructorCallImpl
statement is: assertEquals(deployFault.equals(deployFault2), true), class spoon.support.reflect.code.CtInvocationImpl
invocation is: assertEquals(deployFault.equals(deployFault2), true) target is:  method is: assertEquals(<unknown>,boolean)
statement is: DeployFault deployFault3 = new DeployFault(10, "Test 10"), class spoon.support.reflect.code.CtLocalVariableImpl
class spoon.support.reflect.code.CtConstructorCallImpl
statement is: DeployFault deployFault4 = new DeployFault(10, "Test 10"), class spoon.support.reflect.code.CtLocalVariableImpl
class spoon.support.reflect.code.CtConstructorCallImpl
statement is: assertEquals(deployFault3.equals(deployFault4), true), class spoon.support.reflect.code.CtInvocationImpl
invocation is: assertEquals(deployFault3.equals(deployFault4), true) target is:  method is: assertEquals(<unknown>,boolean)
statement is: DeployFault deployFault5 = new DeployFault(20, "Test 20"), class spoon.support.reflect.code.CtLocalVariableImpl
class spoon.support.reflect.code.CtConstructorCallImpl
statement is: DeployFault deployFault6 = new DeployFault(20, "Test 20"), class spoon.support.reflect.code.CtLocalVariableImpl
class spoon.support.reflect.code.CtConstructorCallImpl
statement is: assertEquals(deployFault5.equals(deployFault6), true), class spoon.support.reflect.code.CtInvocationImpl
invocation is: assertEquals(deployFault5.equals(deployFault6), true) target is:  method is: assertEquals(<unknown>,boolean)
statement is: com.sap.engine.services.dc.wsgate.DeployFault()V type is: class org.evosuite.testcase.statements.ConstructorStatement return type class com.sap.engine.services.dc.wsgate.DeployFault
statement code is: DeployFault deployFault = new DeployFault()
statement is: com.sap.engine.services.dc.wsgate.DeployFault(Ljava/lang/String;Ljava/lang/String;)V type is: class org.evosuite.testcase.statements.ConstructorStatement return type class com.sap.engine.services.dc.wsgate.DeployFault
statement code is: DeployFault deployFault = new DeployFault("fullStackTrace", "fullStackTrace")
statement is: equals(Ljava/lang/Object;)Z type is: class org.evosuite.testcase.statements.MethodStatement return type boolean
statement code is: boolean equals = deployFault.equals(arg0)
test data is: DeployFault deployFault = new DeployFault();
DeployFault deployFault = new DeployFault("fullStackTrace", "fullStackTrace");
deployFault.equals(deployFault);

** It was a parseable test case! 
Improved test data is: class DummyClass {
    public static void main() {
        DeployFault deployFault = new DeployFault("A full stack trace can be very long and contain many lines of code", "A full stack trace can be very long and contain many lines of code");
        deployFault.equals(deployFault);
    }
}
statement is: DeployFault deployFault = new DeployFault("A full stack trace can be very long and contain many lines of code", "A full stack trace can be very long and contain many lines of code"), class spoon.support.reflect.code.CtLocalVariableImpl
class spoon.support.reflect.code.CtConstructorCallImpl
statement is: deployFault.equals(deployFault), class spoon.support.reflect.code.CtInvocationImpl
invocation is: deployFault.equals(deployFault) target is: deployFault method is: equals(DeployFault)
TestCase is: String string = "A full stack trace can be very long and contain many lines of code";
String string = "A full stack trace can be very long and contain many lines of code";
DeployFault deployFault = new DeployFault(string, string);

statement is: com.sap.engine.services.dc.wsgate.DeployFault()V type is: class org.evosuite.testcase.statements.ConstructorStatement return type class com.sap.engine.services.dc.wsgate.DeployFault
statement code is: DeployFault deployFault = new DeployFault()
statement is: com.sap.engine.services.dc.wsgate.DeployFault(Ljava/lang/String;Ljava/lang/String;)V type is: class org.evosuite.testcase.statements.ConstructorStatement return type class com.sap.engine.services.dc.wsgate.DeployFault
statement code is: DeployFault deployFault = new DeployFault("_qnS1+cy~!Vuloqr", "_qnS1+cy~!Vuloqr")
statement is: equals(Ljava/lang/Object;)Z type is: class org.evosuite.testcase.statements.MethodStatement return type boolean
statement code is: boolean equals = deployFault.equals(arg0)
test data is: DeployFault deployFault = new DeployFault();
DeployFault deployFault = new DeployFault("_qnS1+cy~!Vuloqr", "_qnS1+cy~!Vuloqr");
deployFault.equals(deployFault);

** It was a parseable test case! 
Improved test data is: class DummyClass {
    public static void main() {
        DeployFault deployFault = new DeployFault();
        DeployFault deployFault = new DeployFault("This is a string with special characters like !@#$%^&*()_+-=[]{}|;\':\"<>,./?", "This is another string with special characters like !@#$%^&*()_+-=[]{}|;\':\"<>,./?");
        deployFault.equals(deployFault);
    }
}
statement is: DeployFault deployFault = new DeployFault(), class spoon.support.reflect.code.CtLocalVariableImpl
class spoon.support.reflect.code.CtConstructorCallImpl
statement is: DeployFault deployFault = new DeployFault("This is a string with special characters like !@#$%^&*()_+-=[]{}|;\':\"<>,./?", "This is another string with special characters like !@#$%^&*()_+-=[]{}|;\':\"<>,./?"), class spoon.support.reflect.code.CtLocalVariableImpl
class spoon.support.reflect.code.CtConstructorCallImpl
statement is: deployFault.equals(deployFault), class spoon.support.reflect.code.CtInvocationImpl
invocation is: deployFault.equals(deployFault) target is: deployFault method is: equals(DeployFault)
source statement: com.sap.engine.services.dc.wsgate.DeployFault(Ljava/lang/String;Ljava/lang/String;)V callee: VariableReference: Statement 1, type com.sap.engine.services.dc.wsgate.DeployFaultindex is: 3
Matched Method is: equals(Ljava/lang/Object;)Z
TestCase is: DeployFault deployFault = new DeployFault();
String string = "This is a string with special characters like !@#$%^&*()_+-=[]{}|;':\"<>,./?";
String string = "This is another string with special characters like !@#$%^&*()_+-=[]{}|;':\"<>,./?";
DeployFault deployFault = new DeployFault(string, string);
string.equals(deployFault);

statement is: com.sap.engine.services.dc.wsgate.DeployFault()V type is: class org.evosuite.testcase.statements.ConstructorStatement return type class com.sap.engine.services.dc.wsgate.DeployFault
statement code is: DeployFault deployFault = new DeployFault()
statement is: com.sap.engine.services.dc.wsgate.DeployFault(Ljava/lang/String;Ljava/lang/String;)V type is: class org.evosuite.testcase.statements.ConstructorStatement return type class com.sap.engine.services.dc.wsgate.DeployFault
statement code is: DeployFault deployFault = new DeployFault((String) null, "glg9 kx'-btk`w[")
statement is: equals(Ljava/lang/Object;)Z type is: class org.evosuite.testcase.statements.MethodStatement return type boolean
statement code is: boolean equals = deployFault.equals(arg0)
test data is: DeployFault deployFault = new DeployFault();
DeployFault deployFault = new DeployFault((String) null, "glg9 kx'-btk`w[");
deployFault.equals(deployFault);

** It was a parseable test case! 
Improved test data is: class DummyClass {
    public static void main() {
        DeployFault deployFault = new DeployFault("Invalid deployment configuration", "Deployment failed due to missing or invalid configuration");
        deployFault.equals(deployFault);
    }
}
statement is: DeployFault deployFault = new DeployFault("Invalid deployment configuration", "Deployment failed due to missing or invalid configuration"), class spoon.support.reflect.code.CtLocalVariableImpl
class spoon.support.reflect.code.CtConstructorCallImpl
statement is: deployFault.equals(deployFault), class spoon.support.reflect.code.CtInvocationImpl
invocation is: deployFault.equals(deployFault) target is: deployFault method is: equals(DeployFault)
TestCase is: String string = "Invalid deployment configuration";
String string = "Deployment failed due to missing or invalid configuration";
DeployFault deployFault = new DeployFault(string, string);

statement is: com.sap.engine.services.dc.wsgate.DeployFault()V type is: class org.evosuite.testcase.statements.ConstructorStatement return type class com.sap.engine.services.dc.wsgate.DeployFault
statement code is: DeployFault deployFault = new DeployFault()
statement is: setMessage1(Ljava/lang/String;)V type is: class org.evosuite.testcase.statements.MethodStatement return type void
statement code is: deployFault.setMessage1("kR[^])uSB$kSPUi~")
statement is: com.sap.engine.services.dc.wsgate.DeployFault(Ljava/lang/String;Ljava/lang/String;)V type is: class org.evosuite.testcase.statements.ConstructorStatement return type class com.sap.engine.services.dc.wsgate.DeployFault
statement code is: DeployFault deployFault = new DeployFault((String) null, "kR[^])uSB$kSPUi~")
statement is: equals(Ljava/lang/Object;)Z type is: class org.evosuite.testcase.statements.MethodStatement return type boolean
statement code is: boolean equals = deployFault.equals(arg0)
test data is: DeployFault deployFault = new DeployFault();
deployFault.setMessage1("kR[^])uSB$kSPUi~");
DeployFault deployFault = new DeployFault((String) null, "kR[^])uSB$kSPUi~");
deployFault.equals(deployFault);

** It was a parseable test case! 
Improved test data is: class DummyClass {
    public static void main() {
        DeployFault deployFault = new DeployFault();
        deployFault.setMessage1("This is a sample message 1");
        DeployFault deployFault = new DeployFault(((String) (null)), "This is a sample message 2");
        deployFault.equals(deployFault);
    }
}
statement is: DeployFault deployFault = new DeployFault(), class spoon.support.reflect.code.CtLocalVariableImpl
class spoon.support.reflect.code.CtConstructorCallImpl
statement is: deployFault.setMessage1("This is a sample message 1"), class spoon.support.reflect.code.CtInvocationImpl
invocation is: deployFault.setMessage1("This is a sample message 1") target is: deployFault method is: setMessage1(java.lang.String)
source statement: com.sap.engine.services.dc.wsgate.DeployFault()V callee: VariableReference: Statement 0, type com.sap.engine.services.dc.wsgate.DeployFaultindex is: 0
Matched Method is: setMessage1(Ljava/lang/String;)V
statement is: DeployFault deployFault = new DeployFault(((String) (null)), "This is a sample message 2"), class spoon.support.reflect.code.CtLocalVariableImpl
class spoon.support.reflect.code.CtConstructorCallImpl
statement is: deployFault.equals(deployFault), class spoon.support.reflect.code.CtInvocationImpl
invocation is: deployFault.equals(deployFault) target is: deployFault method is: equals(DeployFault)
source statement: com.sap.engine.services.dc.wsgate.DeployFault()V callee: VariableReference: Statement 0, type com.sap.engine.services.dc.wsgate.DeployFaultindex is: 0
Matched Method is: equals(Ljava/lang/Object;)Z
TestCase is: DeployFault deployFault = new DeployFault();
String string = "This is a sample message 1";
deployFault.setMessage1(string);
String string = "This is a sample message 2";
DeployFault deployFault = new DeployFault(string, "kR[^])uSB$kSPUi~");
deployFault.equals(deployFault);

statement is: com.sap.engine.services.dc.wsgate.DeployFault(Ljava/lang/String;Ljava/lang/String;)V type is: class org.evosuite.testcase.statements.ConstructorStatement return type class com.sap.engine.services.dc.wsgate.DeployFault
statement code is: DeployFault deployFault = new DeployFault("u$1", "u$1")
statement is: hashCode()I type is: class org.evosuite.testcase.statements.MethodStatement return type int
statement code is: int hashCode = deployFault.hashCode()
test data is: DeployFault deployFault = new DeployFault("u$1", "u$1");
deployFault.hashCode();

** It was a parseable test case! 
Improved test data is: class DummyClass {
    public static void main() {
        DeployFault deployFault = new DeployFault("username", "password");
        deployFault.hashCode();
    }
}
statement is: DeployFault deployFault = new DeployFault("username", "password"), class spoon.support.reflect.code.CtLocalVariableImpl
class spoon.support.reflect.code.CtConstructorCallImpl
statement is: deployFault.hashCode(), class spoon.support.reflect.code.CtInvocationImpl
invocation is: deployFault.hashCode() target is: deployFault method is: hashCode()
source statement: com.sap.engine.services.dc.wsgate.DeployFault(Ljava/lang/String;Ljava/lang/String;)V callee: VariableReference: Statement 0, type com.sap.engine.services.dc.wsgate.DeployFaultindex is: 2
Matched Method is: hashCode()I
TestCase is: String string = "username";
String string = "password";
DeployFault deployFault = new DeployFault(string, string);
string.hashCode();

statement is: com.sap.engine.services.dc.wsgate.DeployFault()V type is: class org.evosuite.testcase.statements.ConstructorStatement return type class com.sap.engine.services.dc.wsgate.DeployFault
statement code is: DeployFault deployFault = new DeployFault()
statement is: hashCode()I type is: class org.evosuite.testcase.statements.MethodStatement return type int
statement code is: int hashCode = deployFault.hashCode()
test data is: DeployFault deployFault = new DeployFault();
deployFault.hashCode();

** It was a parseable test case! 
Improved test data is: class DummyClass {
    public static void main() {
        int expectedHashcode = 42;
        String expectedName = "deployment failure";
        double expectedSeverity = 0.75;
    }
}
statement is: int expectedHashcode = 42, class spoon.support.reflect.code.CtLocalVariableImpl
class spoon.support.reflect.code.CtLiteralImpl
statement is: String expectedName = "deployment failure", class spoon.support.reflect.code.CtLocalVariableImpl
class spoon.support.reflect.code.CtLiteralImpl
statement is: double expectedSeverity = 0.75, class spoon.support.reflect.code.CtLocalVariableImpl
class spoon.support.reflect.code.CtLiteralImpl
* this is vulnerable: int _int = 42
* this is vulnerable: String string = "deployment failure"
* this is vulnerable: double _double = 0.75
TestCase is: int _int = 42;
String string = "deployment failure";
double _double = 0.75;

statement is: com.sap.engine.services.dc.wsgate.DeployFault()V type is: class org.evosuite.testcase.statements.ConstructorStatement return type class com.sap.engine.services.dc.wsgate.DeployFault
statement code is: DeployFault deployFault = new DeployFault()
statement is: getMessage1()Ljava/lang/String; type is: class org.evosuite.testcase.statements.MethodStatement return type class java.lang.String
statement code is: String message1 = deployFault.getMessage1()
test data is: DeployFault deployFault = new DeployFault();
deployFault.getMessage1();

** It was a parseable test case! 
Improved test data is: class DummyClass {
    public static void main() {
        deployFault.getMessage1();// returns "Failed to establish connection with server due to network issues" }}

    }
}
statement is: deployFault.getMessage1()// returns "Failed to establish connection with server due to network issues" }}
, class spoon.support.reflect.code.CtInvocationImpl
invocation is: deployFault.getMessage1()// returns "Failed to establish connection with server due to network issues" }}
 target is: deployFault method is: getMessage1()
statement is: com.sap.engine.services.dc.wsgate.DeployFault()V type is: class org.evosuite.testcase.statements.ConstructorStatement return type class com.sap.engine.services.dc.wsgate.DeployFault
statement code is: DeployFault deployFault = new DeployFault()
statement is: getFullStackTrace()Ljava/lang/String; type is: class org.evosuite.testcase.statements.MethodStatement return type class java.lang.String
statement code is: String fullStackTrace = deployFault.getFullStackTrace()
test data is: DeployFault deployFault = new DeployFault();
deployFault.getFullStackTrace();

** It was a parseable test case! 
Improved test data is: class DummyClass {
    public static void main() {
        DeployFault deployFault = new DeployFault(12345, "Invalid file name");
        deployFault.getFullStackTrace();
    }
}
statement is: DeployFault deployFault = new DeployFault(12345, "Invalid file name"), class spoon.support.reflect.code.CtLocalVariableImpl
class spoon.support.reflect.code.CtConstructorCallImpl
statement is: deployFault.getFullStackTrace(), class spoon.support.reflect.code.CtInvocationImpl
invocation is: deployFault.getFullStackTrace() target is: deployFault method is: getFullStackTrace()
statement is: com.sap.engine.services.dc.wsgate.DeployFault(Ljava/lang/String;Ljava/lang/String;)V type is: class org.evosuite.testcase.statements.ConstructorStatement return type class com.sap.engine.services.dc.wsgate.DeployFault
statement code is: DeployFault deployFault = new DeployFault("", "")
statement is: getFullStackTrace()Ljava/lang/String; type is: class org.evosuite.testcase.statements.MethodStatement return type class java.lang.String
statement code is: String fullStackTrace = deployFault.getFullStackTrace()
test data is: DeployFault deployFault = new DeployFault("", "");
deployFault.getFullStackTrace();

** It was a parseable test case! 
Improved test data is: class DummyClass {
    public static void main() {
        DeployFault deployFault = new DeployFault("Faulty Component", "Faulty Message");
        String expectedMessage = "An error occurred while deploying the application: Faulty Component\n" + "\tCaused by: Faulty Message";
        deployFault.getFullStackTrace();
        assertEquals(expectedMessage, deployFault.toString());
    }
}
statement is: DeployFault deployFault = new DeployFault("Faulty Component", "Faulty Message"), class spoon.support.reflect.code.CtLocalVariableImpl
class spoon.support.reflect.code.CtConstructorCallImpl
statement is: String expectedMessage = "An error occurred while deploying the application: Faulty Component\n" + "\tCaused by: Faulty Message", class spoon.support.reflect.code.CtLocalVariableImpl
class spoon.support.reflect.code.CtBinaryOperatorImpl
IT HAS NOT BEEN SUPPORTED YET: "An error occurred while deploying the application: Faulty Component\n" + "\tCaused by: Faulty Message"
statement is: deployFault.getFullStackTrace(), class spoon.support.reflect.code.CtInvocationImpl
invocation is: deployFault.getFullStackTrace() target is: deployFault method is: getFullStackTrace()
source statement: com.sap.engine.services.dc.wsgate.DeployFault(Ljava/lang/String;Ljava/lang/String;)V callee: VariableReference: Statement 0, type com.sap.engine.services.dc.wsgate.DeployFaultindex is: 2
Matched Method is: getFullStackTrace()Ljava/lang/String;
statement is: assertEquals(expectedMessage, deployFault.toString()), class spoon.support.reflect.code.CtInvocationImpl
invocation is: assertEquals(expectedMessage, deployFault.toString()) target is:  method is: assertEquals(java.lang.String,<unknown>)
TestCase is: String string = "Faulty Component";
String string = "Faulty Message";
DeployFault deployFault = new DeployFault(string, string);
((DeployFault) string).getFullStackTrace();

statement is: com.sap.engine.services.dc.wsgate.DeployFault(Ljava/lang/String;Ljava/lang/String;)V type is: class org.evosuite.testcase.statements.ConstructorStatement return type class com.sap.engine.services.dc.wsgate.DeployFault
statement code is: DeployFault deployFault = new DeployFault("rD+]`Yf.^)r%r", "rD+]`Yf.^)r%r")
statement is: getFullStackTrace()Ljava/lang/String; type is: class org.evosuite.testcase.statements.MethodStatement return type class java.lang.String
statement code is: String fullStackTrace = deployFault.getFullStackTrace()
test data is: DeployFault deployFault = new DeployFault("rD+]`Yf.^)r%r", "rD+]`Yf.^)r%r");
deployFault.getFullStackTrace();

** It was a parseable test case! 
Improved test data is: class DummyClass {
    public static void main() {
        DeployFault deployFault = new DeployFault("Invalid deployment request", "The requested deployment failed due to invalid input.");
        deployFault.getFullStackTrace();
    }
}
statement is: DeployFault deployFault = new DeployFault("Invalid deployment request", "The requested deployment failed due to invalid input."), class spoon.support.reflect.code.CtLocalVariableImpl
class spoon.support.reflect.code.CtConstructorCallImpl
statement is: deployFault.getFullStackTrace(), class spoon.support.reflect.code.CtInvocationImpl
invocation is: deployFault.getFullStackTrace() target is: deployFault method is: getFullStackTrace()
source statement: com.sap.engine.services.dc.wsgate.DeployFault(Ljava/lang/String;Ljava/lang/String;)V callee: VariableReference: Statement 0, type com.sap.engine.services.dc.wsgate.DeployFaultindex is: 2
Matched Method is: getFullStackTrace()Ljava/lang/String;
TestCase is: String string = "Invalid deployment request";
String string = "The requested deployment failed due to invalid input.";
DeployFault deployFault = new DeployFault(string, string);
((DeployFault) string).getFullStackTrace();

statement is: com.sap.engine.services.dc.wsgate.DeployFault(Ljava/lang/String;Ljava/lang/String;)V type is: class org.evosuite.testcase.statements.ConstructorStatement return type class com.sap.engine.services.dc.wsgate.DeployFault
statement code is: DeployFault deployFault = new DeployFault("", "")
statement is: getMessage1()Ljava/lang/String; type is: class org.evosuite.testcase.statements.MethodStatement return type class java.lang.String
statement code is: String message1 = deployFault.getMessage1()
test data is: DeployFault deployFault = new DeployFault("", "");
deployFault.getMessage1();

** It was a parseable test case! 
Improved test data is: class DummyClass {
    public static void main() {
        DeployFault deployFault = new DeployFault("Server not responding", "Error connecting to server");
        deployFault.getMessage1();
        deployFault = new DeployFault("Connection refused", "Error connecting to server");
        deployFault.getMessage1();
        deployFault = new DeployFault("No response from server", "Error connecting to server");
        deployFault.getMessage1();
    }
}
statement is: DeployFault deployFault = new DeployFault("Server not responding", "Error connecting to server"), class spoon.support.reflect.code.CtLocalVariableImpl
class spoon.support.reflect.code.CtConstructorCallImpl
statement is: deployFault.getMessage1(), class spoon.support.reflect.code.CtInvocationImpl
invocation is: deployFault.getMessage1() target is: deployFault method is: getMessage1()
source statement: com.sap.engine.services.dc.wsgate.DeployFault(Ljava/lang/String;Ljava/lang/String;)V callee: VariableReference: Statement 0, type com.sap.engine.services.dc.wsgate.DeployFaultindex is: 2
Matched Method is: getMessage1()Ljava/lang/String;
statement is: deployFault = new DeployFault("Connection refused", "Error connecting to server"), class spoon.support.reflect.code.CtAssignmentImpl
statement is: deployFault.getMessage1(), class spoon.support.reflect.code.CtInvocationImpl
invocation is: deployFault.getMessage1() target is: deployFault method is: getMessage1()
source statement: com.sap.engine.services.dc.wsgate.DeployFault(Ljava/lang/String;Ljava/lang/String;)V callee: VariableReference: Statement 0, type com.sap.engine.services.dc.wsgate.DeployFaultindex is: 2
Matched Method is: getMessage1()Ljava/lang/String;
statement is: deployFault = new DeployFault("No response from server", "Error connecting to server"), class spoon.support.reflect.code.CtAssignmentImpl
statement is: deployFault.getMessage1(), class spoon.support.reflect.code.CtInvocationImpl
invocation is: deployFault.getMessage1() target is: deployFault method is: getMessage1()
source statement: com.sap.engine.services.dc.wsgate.DeployFault(Ljava/lang/String;Ljava/lang/String;)V callee: VariableReference: Statement 0, type com.sap.engine.services.dc.wsgate.DeployFaultindex is: 2
Matched Method is: getMessage1()Ljava/lang/String;
TestCase is: String string = "Server not responding";
String string = "Error connecting to server";
DeployFault deployFault = new DeployFault(string, string);
((DeployFault) string).getMessage1();
((DeployFault) string).getMessage1();
((DeployFault) string).getMessage1();

statement is: com.sap.engine.services.dc.wsgate.DeployFault()V type is: class org.evosuite.testcase.statements.ConstructorStatement return type class com.sap.engine.services.dc.wsgate.DeployFault
statement code is: DeployFault deployFault = new DeployFault()
statement is: setMessage1(Ljava/lang/String;)V type is: class org.evosuite.testcase.statements.MethodStatement return type void
statement code is: deployFault.setMessage1("$bl?eS@")
statement is: getMessage1()Ljava/lang/String; type is: class org.evosuite.testcase.statements.MethodStatement return type class java.lang.String
statement code is: String message1 = deployFault.getMessage1()
test data is: DeployFault deployFault = new DeployFault();
deployFault.setMessage1("$bl?eS@");
deployFault.getMessage1();

** It was a parseable test case! 
Improved test data is: class DummyClass {
    public static void main() {
        DeployFault deployFault = new DeployFault();
        deployFault.setMessage1("This is a message.");
        String result = deployFault.getMessage1();
        assertEquals("This is a message.", result);
    }
}
statement is: DeployFault deployFault = new DeployFault(), class spoon.support.reflect.code.CtLocalVariableImpl
class spoon.support.reflect.code.CtConstructorCallImpl
statement is: deployFault.setMessage1("This is a message."), class spoon.support.reflect.code.CtInvocationImpl
invocation is: deployFault.setMessage1("This is a message.") target is: deployFault method is: setMessage1(java.lang.String)
source statement: com.sap.engine.services.dc.wsgate.DeployFault()V callee: VariableReference: Statement 0, type com.sap.engine.services.dc.wsgate.DeployFaultindex is: 0
Matched Method is: setMessage1(Ljava/lang/String;)V
statement is: String result = deployFault.getMessage1(), class spoon.support.reflect.code.CtLocalVariableImpl
class spoon.support.reflect.code.CtInvocationImpl
invocation is: deployFault.getMessage1() target is: deployFault method is: getMessage1()
source statement: com.sap.engine.services.dc.wsgate.DeployFault()V callee: VariableReference: Statement 0, type com.sap.engine.services.dc.wsgate.DeployFaultindex is: 0
Matched Method is: getMessage1()Ljava/lang/String;
statement is: assertEquals("This is a message.", result), class spoon.support.reflect.code.CtInvocationImpl
invocation is: assertEquals("This is a message.", result) target is:  method is: assertEquals(java.lang.String,java.lang.String)
TestCase is: DeployFault deployFault = new DeployFault();
String string = "This is a message.";
deployFault.setMessage1(string);
deployFault.getMessage1();

* test suite isTestSuite: 36
Test 0: 
DeployFault deployFault = new DeployFault("!C+e", "!C+e");
DeployFault deployFault = new DeployFault("!C+e", " b7$DgM@ie8k{fP");
deployFault.equals(deployFault);
Test 1: 
DeployFault deployFault = new DeployFault();
deployFault.setFullStackTrace("kR[^])uSB$kSPUi~");
Test 2: 
Class<Object> class = Object.class;
QName qName = WSDDConstants.QNAME_BEANMAPPING;
DeployFault.getSerializer("Q@tw6I", class, qName);
Test 3: 
DeployFault deployFault = new DeployFault();
QName qName = WSDDConstants.QNAME_JAXRPC_HEADER;
StringWriter stringWriter = new StringWriter();
SerializationContext serializationContext = new SerializationContext(stringWriter);
deployFault.writeDetails(qName, serializationContext);
Test 4: 
Class<Object> class = Object.class;
DeployFault.getDeserializer("_qnS1+cy~!Vuloqr", class, (QName) null);
Test 5: 
DeployFault.getTypeDesc();
Test 6: 
DeployFault deployFault = new DeployFault();
Object object = new Object();
deployFault.equals(object);
Test 7: 
DeployFault deployFault = new DeployFault();
deployFault.equals(deployFault);
Test 8: 
DeployFault deployFault = new DeployFault();
DeployFault deployFault = new DeployFault();
deployFault.equals(deployFault);
Test 9: 
DeployFault deployFault = new DeployFault();
DeployFault deployFault = new DeployFault("fullStackTrace", "fullStackTrace");
deployFault.equals(deployFault);
Test 10: 
DeployFault deployFault = new DeployFault();
DeployFault deployFault = new DeployFault("_qnS1+cy~!Vuloqr", "_qnS1+cy~!Vuloqr");
deployFault.equals(deployFault);
Test 11: 
DeployFault deployFault = new DeployFault();
DeployFault deployFault = new DeployFault((String) null, "glg9 kx'-btk`w[");
deployFault.equals(deployFault);
Test 12: 
DeployFault deployFault = new DeployFault();
deployFault.setMessage1("kR[^])uSB$kSPUi~");
DeployFault deployFault = new DeployFault((String) null, "kR[^])uSB$kSPUi~");
deployFault.equals(deployFault);
Test 13: 
DeployFault deployFault = new DeployFault("u$1", "u$1");
deployFault.hashCode();
Test 14: 
DeployFault deployFault = new DeployFault();
deployFault.hashCode();
Test 15: 
DeployFault deployFault = new DeployFault();
deployFault.getMessage1();
Test 16: 
DeployFault deployFault = new DeployFault();
deployFault.getFullStackTrace();
Test 17: 
DeployFault deployFault = new DeployFault("", "");
deployFault.getFullStackTrace();
Test 18: 
DeployFault deployFault = new DeployFault("rD+]`Yf.^)r%r", "rD+]`Yf.^)r%r");
deployFault.getFullStackTrace();
Test 19: 
DeployFault deployFault = new DeployFault("", "");
deployFault.getMessage1();
Test 20: 
DeployFault deployFault = new DeployFault();
deployFault.setMessage1("$bl?eS@");
deployFault.getMessage1();
Test 21: 
DeployFault deployFault = new DeployFault("!C+e", "!C+e");
DeployFault deployFault = new DeployFault("!C+e", " b7$DgM@ie8k{fP");
((DeployFault)"!C+e").equals(deployFault);

Test 22: 
DeployFault deployFault = new DeployFault();
deployFault.setFullStackTrace((String) null);

Test 23: 
DeployFault.getSerializer("Q@tw6I", (Class) null, (QName) null);

Test 24: 
StringWriter stringWriter = new StringWriter();
SerializationContext serializationContext = new SerializationContext(stringWriter);

Test 25: 
DeployFault.getDeserializer("This is a descriptive string used to test the deserialization of a complex object", (Class) null, (QName) null);

Test 26: 
DeployFault deployFault = new DeployFault("A full stack trace can be very long and contain many lines of code", "A full stack trace can be very long and contain many lines of code");

Test 27: 
DeployFault deployFault = new DeployFault();
DeployFault deployFault = new DeployFault("This is a string with special characters like !@#$%^&*()_+-=[]{}|;':\"<>,./?", "This is another string with special characters like !@#$%^&*()_+-=[]{}|;':\"<>,./?");
((DeployFault)"This is a string with special characters like !@#$%^&*()_+-=[]{}|;':\"<>,./?").equals(deployFault);

Test 28: 
DeployFault deployFault = new DeployFault("Invalid deployment configuration", "Deployment failed due to missing or invalid configuration");

Test 29: 
DeployFault deployFault = new DeployFault();
deployFault.setMessage1("This is a sample message 1");
DeployFault deployFault = new DeployFault("This is a sample message 2", "kR[^])uSB$kSPUi~");
deployFault.equals(deployFault);

Test 30: 
DeployFault deployFault = new DeployFault("username", "password");
((DeployFault)"username").hashCode();

Test 31: 

Test 32: 
DeployFault deployFault = new DeployFault("Faulty Component", "Faulty Message");
((DeployFault)"Faulty Component").getFullStackTrace();

Test 33: 
DeployFault deployFault = new DeployFault("Invalid deployment request", "The requested deployment failed due to invalid input.");
((DeployFault)"Invalid deployment request").getFullStackTrace();

Test 34: 
String string = "Server not responding";
DeployFault deployFault = new DeployFault("Server not responding", "Error connecting to server");
((DeployFault)"Server not responding").getMessage1();
((DeployFault) string).getMessage1();
((DeployFault) string).getMessage1();

Test 35: 
DeployFault deployFault = new DeployFault();
deployFault.setMessage1("This is a message.");
deployFault.getMessage1();


* Generated after the refinement and before minimization 36 tests with total length 86
* test suite isTestSuite: 36
Test 0: 
DeployFault deployFault = new DeployFault("!C+e", "!C+e");
DeployFault deployFault = new DeployFault("!C+e", " b7$DgM@ie8k{fP");
deployFault.equals(deployFault);
Test 1: 
DeployFault deployFault = new DeployFault();
deployFault.setFullStackTrace("kR[^])uSB$kSPUi~");
Test 2: 
Class<Object> class = Object.class;
QName qName = WSDDConstants.QNAME_BEANMAPPING;
DeployFault.getSerializer("Q@tw6I", class, qName);
Test 3: 
DeployFault deployFault = new DeployFault();
QName qName = WSDDConstants.QNAME_JAXRPC_HEADER;
StringWriter stringWriter = new StringWriter();
SerializationContext serializationContext = new SerializationContext(stringWriter);
deployFault.writeDetails(qName, serializationContext);
Test 4: 
Class<Object> class = Object.class;
DeployFault.getDeserializer("_qnS1+cy~!Vuloqr", class, (QName) null);
Test 5: 
DeployFault.getTypeDesc();
Test 6: 
DeployFault deployFault = new DeployFault();
Object object = new Object();
deployFault.equals(object);
Test 7: 
DeployFault deployFault = new DeployFault();
deployFault.equals(deployFault);
Test 8: 
DeployFault deployFault = new DeployFault();
DeployFault deployFault = new DeployFault();
deployFault.equals(deployFault);
Test 9: 
DeployFault deployFault = new DeployFault();
DeployFault deployFault = new DeployFault("fullStackTrace", "fullStackTrace");
deployFault.equals(deployFault);
Test 10: 
DeployFault deployFault = new DeployFault();
DeployFault deployFault = new DeployFault("_qnS1+cy~!Vuloqr", "_qnS1+cy~!Vuloqr");
deployFault.equals(deployFault);
Test 11: 
DeployFault deployFault = new DeployFault();
DeployFault deployFault = new DeployFault((String) null, "glg9 kx'-btk`w[");
deployFault.equals(deployFault);
Test 12: 
DeployFault deployFault = new DeployFault();
deployFault.setMessage1("kR[^])uSB$kSPUi~");
DeployFault deployFault = new DeployFault((String) null, "kR[^])uSB$kSPUi~");
deployFault.equals(deployFault);
Test 13: 
DeployFault deployFault = new DeployFault("u$1", "u$1");
deployFault.hashCode();
Test 14: 
DeployFault deployFault = new DeployFault();
deployFault.hashCode();
Test 15: 
DeployFault deployFault = new DeployFault();
deployFault.getMessage1();
Test 16: 
DeployFault deployFault = new DeployFault();
deployFault.getFullStackTrace();
Test 17: 
DeployFault deployFault = new DeployFault("", "");
deployFault.getFullStackTrace();
Test 18: 
DeployFault deployFault = new DeployFault("rD+]`Yf.^)r%r", "rD+]`Yf.^)r%r");
deployFault.getFullStackTrace();
Test 19: 
DeployFault deployFault = new DeployFault("", "");
deployFault.getMessage1();
Test 20: 
DeployFault deployFault = new DeployFault();
deployFault.setMessage1("$bl?eS@");
deployFault.getMessage1();
Test 21: 
DeployFault deployFault = new DeployFault("!C+e", "!C+e");
DeployFault deployFault = new DeployFault("!C+e", " b7$DgM@ie8k{fP");
((DeployFault)"!C+e").equals(deployFault);

Test 22: 
DeployFault deployFault = new DeployFault();
deployFault.setFullStackTrace((String) null);

Test 23: 
DeployFault.getSerializer("Q@tw6I", (Class) null, (QName) null);

Test 24: 
StringWriter stringWriter = new StringWriter();
SerializationContext serializationContext = new SerializationContext(stringWriter);

Test 25: 
DeployFault.getDeserializer("This is a descriptive string used to test the deserialization of a complex object", (Class) null, (QName) null);

Test 26: 
DeployFault deployFault = new DeployFault("A full stack trace can be very long and contain many lines of code", "A full stack trace can be very long and contain many lines of code");

Test 27: 
DeployFault deployFault = new DeployFault();
DeployFault deployFault = new DeployFault("This is a string with special characters like !@#$%^&*()_+-=[]{}|;':\"<>,./?", "This is another string with special characters like !@#$%^&*()_+-=[]{}|;':\"<>,./?");
((DeployFault)"This is a string with special characters like !@#$%^&*()_+-=[]{}|;':\"<>,./?").equals(deployFault);

Test 28: 
DeployFault deployFault = new DeployFault("Invalid deployment configuration", "Deployment failed due to missing or invalid configuration");

Test 29: 
DeployFault deployFault = new DeployFault();
deployFault.setMessage1("This is a sample message 1");
DeployFault deployFault = new DeployFault("This is a sample message 2", "kR[^])uSB$kSPUi~");
deployFault.equals(deployFault);

Test 30: 
DeployFault deployFault = new DeployFault("username", "password");
((DeployFault)"username").hashCode();

Test 31: 

Test 32: 
DeployFault deployFault = new DeployFault("Faulty Component", "Faulty Message");
((DeployFault)"Faulty Component").getFullStackTrace();

Test 33: 
DeployFault deployFault = new DeployFault("Invalid deployment request", "The requested deployment failed due to invalid input.");
((DeployFault)"Invalid deployment request").getFullStackTrace();

Test 34: 
String string = "Server not responding";
DeployFault deployFault = new DeployFault("Server not responding", "Error connecting to server");
((DeployFault)"Server not responding").getMessage1();
((DeployFault) string).getMessage1();
((DeployFault) string).getMessage1();

Test 35: 
DeployFault deployFault = new DeployFault();
deployFault.setMessage1("This is a message.");
deployFault.getMessage1();


* Minimizing test suite
* test suite isTestSuite: 21
Test 0: 
DeployFault deployFault = new DeployFault();
DeployFault deployFault = new DeployFault("This is a sample message 2", "kR[^])uSB$kSPUi~");
deployFault.equals(deployFault);
Test 1: 
DeployFault deployFault = new DeployFault();
deployFault.setFullStackTrace((String) null);
Test 2: 
DeployFault deployFault = new DeployFault();
deployFault.getMessage1();
Test 3: 
DeployFault.getSerializer("Q@tw6I", (Class) null, (QName) null);
Test 4: 
DeployFault deployFault = new DeployFault();
QName qName = WSDDConstants.QNAME_JAXRPC_HEADER;
StringWriter stringWriter = new StringWriter();
SerializationContext serializationContext = new SerializationContext(stringWriter);
deployFault.writeDetails(qName, serializationContext);
Test 5: 
DeployFault.getDeserializer("This is a descriptive string used to test the deserialization of a complex object", (Class) null, (QName) null);
Test 6: 
DeployFault.getTypeDesc();
Test 7: 
DeployFault deployFault = new DeployFault();
Object object = new Object();
deployFault.equals(object);
Test 8: 
DeployFault deployFault = new DeployFault();
deployFault.equals(deployFault);
Test 9: 
DeployFault deployFault = new DeployFault("!C+e", "!C+e");
DeployFault deployFault = new DeployFault("!C+e", " b7$DgM@ie8k{fP");
deployFault.equals(deployFault);
Test 10: 
DeployFault deployFault = new DeployFault();
DeployFault deployFault = new DeployFault((String) null, "glg9 kx'-btk`w[");
deployFault.equals(deployFault);
Test 11: 
DeployFault deployFault = new DeployFault();
DeployFault deployFault = new DeployFault("_qnS1+cy~!Vuloqr", "_qnS1+cy~!Vuloqr");
deployFault.equals(deployFault);
Test 12: 
DeployFault deployFault = new DeployFault();
DeployFault deployFault = new DeployFault();
deployFault.equals(deployFault);
Test 13: 
DeployFault deployFault = new DeployFault();
deployFault.setMessage1("kR[^])uSB$kSPUi~");
DeployFault deployFault = new DeployFault((String) null, "kR[^])uSB$kSPUi~");
deployFault.equals(deployFault);
Test 14: 
DeployFault deployFault = new DeployFault("u$1", "u$1");
deployFault.hashCode();
Test 15: 
DeployFault deployFault = new DeployFault();
deployFault.hashCode();
Test 16: 
DeployFault deployFault = new DeployFault("", "");
deployFault.getFullStackTrace();
Test 17: 
DeployFault deployFault = new DeployFault("rD+]`Yf.^)r%r", "rD+]`Yf.^)r%r");
deployFault.getFullStackTrace();
Test 18: 
DeployFault deployFault = new DeployFault();
deployFault.getFullStackTrace();
Test 19: 
DeployFault deployFault = new DeployFault("", "");
deployFault.getMessage1();
Test 20: 
DeployFault deployFault = new DeployFault();
deployFault.setMessage1("$bl?eS@");
deployFault.getMessage1();

* Going to analyze the coverage criteria
* Coverage analysis for criterion BRANCH
* Coverage of criterion BRANCH: 88%
* Total number of goals: 42
* Number of covered goals: 37
* Coverage analysis for criterion LINE
* Coverage of criterion LINE: 95%
* Total number of goals: 41
* Number of covered goals: 39
* Coverage analysis for criterion OUTPUT
* Coverage of criterion OUTPUT: 69%
* Total number of goals: 16
* Number of covered goals: 11
* Coverage analysis for criterion METHOD
* Coverage of criterion METHOD: 100%
* Total number of goals: 12
* Number of covered goals: 12
* Coverage analysis for criterion CBRANCH
* Coverage of criterion CBRANCH: 88%
* Total number of goals: 42
* Number of covered goals: 37
* Generated 21 tests with total length 51
* Resulting test suite's coverage: 88% (average coverage for all fitness functions)
* Generating assertions
* Resulting test suite's mutation score: 39%
* Compiling and checking tests
Going to execute: removeTestsThatDoNotCompile
* Compiling Tests
** Write a test suite: 0 called: 0 to improve: false
* Compiling Tests
** Write a test suite: 0 called: 0 to improve: true
** Improve Understandability: ** Test Code is: DeployFault deployFault = new DeployFault();
DeployFault arg0 = new DeployFault("This is a sample message 2", "kR[^])uSB$kSPUi~");
boolean equals = deployFault.equals(arg0);
assertFalse(equals);
assertEquals("This is a sample message 2", arg0.getFullStackTrace());
assertEquals("kR[^])uSB$kSPUi~", arg0.getMessage1());


** It was a parseable test case! 
refined test name is: testEqualsNotEqualMessageAndCauseDiffer
* Compiling Tests
** Write a test suite: 0 called: 0 to improve: false
* Compiling Tests
** Write a test suite: 0 called: 0 to improve: true
** Improve Understandability: ** Test Code is: DeployFault deployFault = new DeployFault();
deployFault.setFullStackTrace((String) null);
assertEquals("", deployFault.getFaultString());


** It was a parseable test case! 
refined test name is: testGetFaultStringWithNullFullStackTrace
* Compiling Tests
** Write a test suite: 0 called: 0 to improve: false
* Compiling Tests
** Write a test suite: 0 called: 0 to improve: true
** Improve Understandability: ** Test Code is: DeployFault deployFault = new DeployFault();
String message1 = deployFault.getMessage1();
assertNull(message1);


** It was a parseable test case! 
refined test name is: testGetMessageReturnsNullWhenNoMessageIsAvailable
* Compiling Tests
refined test name is: testGetMessage1WhenNoMessageIsSet
* Compiling Tests
** Write a test suite: 0 called: 0 to improve: false
* Compiling Tests
** Write a test suite: 0 called: 0 to improve: true
** Improve Understandability: ** Test Code is: Serializer serializer = DeployFault.getSerializer("Q@tw6I", (Class) null, (QName) null);
assertEquals("Axis SAX Mechanism", serializer.getMechanismType());


** It was a parseable test case! 
refined test name is: testWriteToVerifySerializerMechanism
* Compiling Tests
refined test name is: testWriteToWithSerializer
* Compiling Tests
** Write a test suite: 0 called: 0 to improve: false
* Compiling Tests
** Write a test suite: 0 called: 0 to improve: false
* Compiling Tests
** Write a test suite: 0 called: 0 to improve: true
** Improve Understandability: ** Test Code is: Deserializer deserializer = DeployFault.getDeserializer("This is a descriptive string used to test the deserialization of a complex object", (Class) null, (QName) null);
assertEquals("Axis SAX Mechanism", deserializer.getMechanismType());


** It was a parseable test case! 
refined test name is: testDeserializationOfComplexObjectWithSAXMechanism
* Compiling Tests
** Write a test suite: 0 called: 0 to improve: false
* Compiling Tests
** Write a test suite: 0 called: 0 to improve: true
** Improve Understandability: ** Test Code is: TypeDesc typeDesc = DeployFault.getTypeDesc();
assertFalse(typeDesc.hasAttributes());


** It was a parseable test case! 
refined test name is: testThatTypeDescriptorHasNoAttributes
* Compiling Tests
** Write a test suite: 0 called: 0 to improve: false
* Compiling Tests
** Write a test suite: 0 called: 0 to improve: true
** Improve Understandability: ** Test Code is: DeployFault deployFault = new DeployFault();
Object arg0 = new Object();
boolean equals = deployFault.equals(arg0);
assertFalse(equals);


** It was a parseable test case! 
refined test name is: testEqualsWhenCalledWithObjectArgumentReturnsFalse
* Compiling Tests
** Write a test suite: 0 called: 0 to improve: false
* Compiling Tests
** Write a test suite: 0 called: 0 to improve: true
** Improve Understandability: ** Test Code is: DeployFault arg0 = new DeployFault();
boolean equals = arg0.equals(arg0);
assertTrue(equals);


** It was a parseable test case! 
refined test name is: testEqualsSelfReturnsTrue
* Compiling Tests
** Write a test suite: 0 called: 0 to improve: false
* Compiling Tests
** Write a test suite: 0 called: 0 to improve: true
** Improve Understandability: ** Test Code is: DeployFault deployFault = new DeployFault("!C+e", "!C+e");
DeployFault arg0 = new DeployFault("!C+e", " b7$DgM@ie8k{fP");
boolean equals = deployFault.equals(arg0);
assertEquals("!C+e", arg0.getFullStackTrace());
assertFalse(equals);


** It was a parseable test case! 
refined test name is: testEqualsGivenSameValuesReturnsFalse
* Compiling Tests
** Write a test suite: 0 called: 0 to improve: false
* Compiling Tests
** Write a test suite: 0 called: 0 to improve: true
** Improve Understandability: ** Test Code is: DeployFault deployFault = new DeployFault();
DeployFault arg0 = new DeployFault((String) null, "glg9 kx'-btk`w[");
boolean equals = deployFault.equals(arg0);
assertFalse(equals);
assertFalse(arg0.equals((Object)deployFault));


** It was a parseable test case! 
refined test name is: testDifferentMessageAndGlg9KxField
* Compiling Tests
** Write a test suite: 0 called: 0 to improve: false
* Compiling Tests
** Write a test suite: 0 called: 0 to improve: true
** Improve Understandability: ** Test Code is: DeployFault arg0 = new DeployFault();
DeployFault deployFault = new DeployFault("_qnS1+cy~!Vuloqr", "_qnS1+cy~!Vuloqr");
boolean equals = deployFault.equals(arg0);
assertFalse(equals);


** It was a parseable test case! 
refined test name is: testEqualsDifferentDeployFaultsReturnsFalse
* Compiling Tests
** Write a test suite: 0 called: 0 to improve: false
* Compiling Tests
** Write a test suite: 0 called: 0 to improve: true
** Improve Understandability: ** Test Code is: DeployFault deployFault = new DeployFault();
DeployFault arg0 = new DeployFault();
boolean equals = deployFault.equals(arg0);
assertTrue(equals);


** It was a parseable test case! 
refined test name is: testEqualsWhenCalledWithSameObjectReturnsTrue
* Compiling Tests
** Write a test suite: 0 called: 0 to improve: false
* Compiling Tests
** Write a test suite: 0 called: 0 to improve: true
** Improve Understandability: ** Test Code is: DeployFault deployFault = new DeployFault();
deployFault.setMessage1("kR[^])uSB$kSPUi~");
DeployFault arg0 = new DeployFault((String) null, "kR[^])uSB$kSPUi~");
boolean equals = deployFault.equals(arg0);
assertTrue(equals);


** It was a parseable test case! 
refined test name is: testEqualsWithSameMessage
* Compiling Tests
** Write a test suite: 0 called: 0 to improve: false
* Compiling Tests
** Write a test suite: 0 called: 0 to improve: true
** Improve Understandability: ** Test Code is: DeployFault deployFault = new DeployFault("u$1", "u$1");
deployFault.hashCode();

** It was a parseable test case! 
refined test name is: testHashCodeForEqualObjects
* Compiling Tests
** Write a test suite: 0 called: 0 to improve: false
* Compiling Tests
** Write a test suite: 0 called: 0 to improve: true
** Improve Understandability: ** Test Code is: DeployFault deployFault = new DeployFault();
deployFault.hashCode();

** It was a parseable test case! 
refined test name is: testHashCodeEqualityForEqualObjects
* Compiling Tests
** Write a test suite: 0 called: 0 to improve: false
* Compiling Tests
** Write a test suite: 0 called: 0 to improve: true
** Improve Understandability: ** Test Code is: DeployFault deployFault = new DeployFault("", "");
String fullStackTrace = deployFault.getFullStackTrace();
assertEquals("", fullStackTrace);


** It was a parseable test case! 
refined test name is: testGetFullStackTraceForEmptyDeployFault
* Compiling Tests
** Write a test suite: 0 called: 0 to improve: false
* Compiling Tests
** Write a test suite: 0 called: 0 to improve: true
** Improve Understandability: ** Test Code is: DeployFault deployFault = new DeployFault("rD+]`Yf.^)r%r", "rD+]`Yf.^)r%r");
String fullStackTrace = deployFault.getFullStackTrace();
assertEquals("rD+]`Yf.^)r%r", fullStackTrace);


** It was a parseable test case! 
refined test name is: testGetFullStackTraceShouldReturnFormattedString
* Compiling Tests
** Write a test suite: 0 called: 0 to improve: false
* Compiling Tests
** Write a test suite: 0 called: 0 to improve: true
** Improve Understandability: ** Test Code is: DeployFault deployFault = new DeployFault();
String fullStackTrace = deployFault.getFullStackTrace();
assertNull(fullStackTrace);


** It was a parseable test case! 
refined test name is: testGetFullStackTraceWhenNoStackTraceReturnsNull
* Compiling Tests
** Write a test suite: 0 called: 0 to improve: false
* Compiling Tests
** Write a test suite: 0 called: 0 to improve: true
** Improve Understandability: ** Test Code is: DeployFault deployFault = new DeployFault("", "");
String message1 = deployFault.getMessage1();
assertEquals("", message1);


** It was a parseable test case! 
refined test name is: testGetMessage1
* Compiling Tests
** Write a test suite: 0 called: 0 to improve: false
* Compiling Tests
** Write a test suite: 0 called: 0 to improve: true
** Improve Understandability: ** Test Code is: DeployFault deployFault = new DeployFault();
deployFault.setMessage1("$bl?eS@");
String message1 = deployFault.getMessage1();
assertEquals("$bl?eS@", message1);


** It was a parseable test case! 
refined test name is: testGetMessage1ReturnsCorrectValue
Going to execute: handleTestsThatAreUnstable
* Compiling Tests
[MASTER] 18:08:55.500 [logback-1] WARN  AgentLoader - Failed to find EvoSuite jar in current classloader. URLs of classloader:
file:/home/ubuntu/.sdkman/candidates/java/8.0.333.fx-librca/jre/lib/ext/localedata.jar
file:/tmp/EvoSuite_pathingJar4127641544219933010.jar
file:/home/ubuntu/.sdkman/candidates/java/8.0.333.fx-librca/jre/lib/ext/sunjce_provider.jar
file:/home/ubuntu/.sdkman/candidates/java/8.0.333.fx-librca/jre/../lib/tools.jar
file:/home/ubuntu/.sdkman/candidates/java/8.0.333.fx-librca/jre/lib/ext/sunpkcs11.jar
file:/home/ubuntu/.sdkman/candidates/java/8.0.333.fx-librca/jre/lib/ext/jaccess.jar
file:/home/ubuntu/.sdkman/candidates/java/8.0.333.fx-librca/jre/lib/ext/sunec.jar
file:/home/ubuntu/.sdkman/candidates/java/8.0.333.fx-librca/jre/lib/ext/zipfs.jar
file:/home/ubuntu/.sdkman/candidates/java/8.0.333.fx-librca/jre/lib/ext/jfxrt.jar
file:/home/ubuntu/.sdkman/candidates/java/8.0.333.fx-librca/jre/lib/ext/dnsns.jar
file:/home/ubuntu/.sdkman/candidates/java/8.0.333.fx-librca/jre/lib/ext/cldrdata.jar
file:/home/ubuntu/.sdkman/candidates/java/8.0.333.fx-librca/jre/lib/ext/nashorn.jar
[MASTER] 18:08:55.517 [logback-1] WARN  JUnitAnalyzer - Found unstable test named initializationError -> class java.lang.RuntimeException: Cannot find either the compilation target folder nor the EvoSuite jar in classpath: /tmp/EvoSuite_pathingJar4127641544219933010.jar
Going to execute: handleTestsThatAreUnstable
* Compiling Tests
[MASTER] 18:08:55.995 [logback-1] WARN  AgentLoader - Failed to find EvoSuite jar in current classloader. URLs of classloader:
file:/home/ubuntu/.sdkman/candidates/java/8.0.333.fx-librca/jre/lib/ext/localedata.jar
file:/tmp/EvoSuite_pathingJar4127641544219933010.jar
file:/home/ubuntu/.sdkman/candidates/java/8.0.333.fx-librca/jre/lib/ext/sunjce_provider.jar
file:/home/ubuntu/.sdkman/candidates/java/8.0.333.fx-librca/jre/../lib/tools.jar
file:/home/ubuntu/.sdkman/candidates/java/8.0.333.fx-librca/jre/lib/ext/sunpkcs11.jar
file:/home/ubuntu/.sdkman/candidates/java/8.0.333.fx-librca/jre/lib/ext/jaccess.jar
file:/home/ubuntu/.sdkman/candidates/java/8.0.333.fx-librca/jre/lib/ext/sunec.jar
file:/home/ubuntu/.sdkman/candidates/java/8.0.333.fx-librca/jre/lib/ext/zipfs.jar
file:/home/ubuntu/.sdkman/candidates/java/8.0.333.fx-librca/jre/lib/ext/jfxrt.jar
file:/home/ubuntu/.sdkman/candidates/java/8.0.333.fx-librca/jre/lib/ext/dnsns.jar
file:/home/ubuntu/.sdkman/candidates/java/8.0.333.fx-librca/jre/lib/ext/cldrdata.jar
file:/home/ubuntu/.sdkman/candidates/java/8.0.333.fx-librca/jre/lib/ext/nashorn.jar
[MASTER] 18:08:55.998 [logback-1] WARN  JUnitAnalyzer - Found unstable test named initializationError -> class java.lang.RuntimeException: Cannot find either the compilation target folder nor the EvoSuite jar in classpath: /tmp/EvoSuite_pathingJar4127641544219933010.jar
Going to execute: handleTestsThatAreUnstable
* Compiling Tests
** Write a test suite: 0 called: 0 to improve: false
[MASTER] 18:08:56.193 [logback-1] WARN  AgentLoader - Failed to find EvoSuite jar in current classloader. URLs of classloader:
file:/home/ubuntu/.sdkman/candidates/java/8.0.333.fx-librca/jre/lib/ext/localedata.jar
file:/tmp/EvoSuite_pathingJar4127641544219933010.jar
file:/home/ubuntu/.sdkman/candidates/java/8.0.333.fx-librca/jre/lib/ext/sunjce_provider.jar
file:/home/ubuntu/.sdkman/candidates/java/8.0.333.fx-librca/jre/../lib/tools.jar
file:/home/ubuntu/.sdkman/candidates/java/8.0.333.fx-librca/jre/lib/ext/sunpkcs11.jar
file:/home/ubuntu/.sdkman/candidates/java/8.0.333.fx-librca/jre/lib/ext/jaccess.jar
file:/home/ubuntu/.sdkman/candidates/java/8.0.333.fx-librca/jre/lib/ext/sunec.jar
file:/home/ubuntu/.sdkman/candidates/java/8.0.333.fx-librca/jre/lib/ext/zipfs.jar
file:/home/ubuntu/.sdkman/candidates/java/8.0.333.fx-librca/jre/lib/ext/jfxrt.jar
file:/home/ubuntu/.sdkman/candidates/java/8.0.333.fx-librca/jre/lib/ext/dnsns.jar
file:/home/ubuntu/.sdkman/candidates/java/8.0.333.fx-librca/jre/lib/ext/cldrdata.jar
file:/home/ubuntu/.sdkman/candidates/java/8.0.333.fx-librca/jre/lib/ext/nashorn.jar
[MASTER] 18:08:56.196 [logback-1] WARN  JUnitAnalyzer - Found unstable test named initializationError -> class java.lang.RuntimeException: Cannot find either the compilation target folder nor the EvoSuite jar in classpath: /tmp/EvoSuite_pathingJar4127641544219933010.jar
Going to execute: handleTestsThatAreUnstable
* Compiling Tests
** Write a test suite: 0 called: 0 to improve: false
[MASTER] 18:08:56.350 [logback-1] WARN  AgentLoader - Failed to find EvoSuite jar in current classloader. URLs of classloader:
file:/home/ubuntu/.sdkman/candidates/java/8.0.333.fx-librca/jre/lib/ext/localedata.jar
file:/tmp/EvoSuite_pathingJar4127641544219933010.jar
file:/home/ubuntu/.sdkman/candidates/java/8.0.333.fx-librca/jre/lib/ext/sunjce_provider.jar
file:/home/ubuntu/.sdkman/candidates/java/8.0.333.fx-librca/jre/../lib/tools.jar
file:/home/ubuntu/.sdkman/candidates/java/8.0.333.fx-librca/jre/lib/ext/sunpkcs11.jar
file:/home/ubuntu/.sdkman/candidates/java/8.0.333.fx-librca/jre/lib/ext/jaccess.jar
file:/home/ubuntu/.sdkman/candidates/java/8.0.333.fx-librca/jre/lib/ext/sunec.jar
file:/home/ubuntu/.sdkman/candidates/java/8.0.333.fx-librca/jre/lib/ext/zipfs.jar
file:/home/ubuntu/.sdkman/candidates/java/8.0.333.fx-librca/jre/lib/ext/jfxrt.jar
file:/home/ubuntu/.sdkman/candidates/java/8.0.333.fx-librca/jre/lib/ext/dnsns.jar
file:/home/ubuntu/.sdkman/candidates/java/8.0.333.fx-librca/jre/lib/ext/cldrdata.jar
file:/home/ubuntu/.sdkman/candidates/java/8.0.333.fx-librca/jre/lib/ext/nashorn.jar
Going to execute: handleTestsThatAreUnstable
* Compiling Tests
[MASTER] 18:08:56.353 [logback-1] WARN  JUnitAnalyzer - Found unstable test named initializationError -> class java.lang.RuntimeException: Cannot find either the compilation target folder nor the EvoSuite jar in classpath: /tmp/EvoSuite_pathingJar4127641544219933010.jar
[MASTER] 18:08:56.488 [logback-1] WARN  AgentLoader - Failed to find EvoSuite jar in current classloader. URLs of classloader:
file:/home/ubuntu/.sdkman/candidates/java/8.0.333.fx-librca/jre/lib/ext/localedata.jar
file:/tmp/EvoSuite_pathingJar4127641544219933010.jar
file:/home/ubuntu/.sdkman/candidates/java/8.0.333.fx-librca/jre/lib/ext/sunjce_provider.jar
file:/home/ubuntu/.sdkman/candidates/java/8.0.333.fx-librca/jre/../lib/tools.jar
file:/home/ubuntu/.sdkman/candidates/java/8.0.333.fx-librca/jre/lib/ext/sunpkcs11.jar
file:/home/ubuntu/.sdkman/candidates/java/8.0.333.fx-librca/jre/lib/ext/jaccess.jar
file:/home/ubuntu/.sdkman/candidates/java/8.0.333.fx-librca/jre/lib/ext/sunec.jar
file:/home/ubuntu/.sdkman/candidates/java/8.0.333.fx-librca/jre/lib/ext/zipfs.jar
file:/home/ubuntu/.sdkman/candidates/java/8.0.333.fx-librca/jre/lib/ext/jfxrt.jar
file:/home/ubuntu/.sdkman/candidates/java/8.0.333.fx-librca/jre/lib/ext/dnsns.jar
file:/home/ubuntu/.sdkman/candidates/java/8.0.333.fx-librca/jre/lib/ext/cldrdata.jar
file:/home/ubuntu/.sdkman/candidates/java/8.0.333.fx-librca/jre/lib/ext/nashorn.jar
Going to execute: handleTestsThatAreUnstable
* Compiling Tests
[MASTER] 18:08:56.491 [logback-1] WARN  JUnitAnalyzer - Found unstable test named initializationError -> class java.lang.RuntimeException: Cannot find either the compilation target folder nor the EvoSuite jar in classpath: /tmp/EvoSuite_pathingJar4127641544219933010.jar
[MASTER] 18:08:56.626 [logback-1] WARN  AgentLoader - Failed to find EvoSuite jar in current classloader. URLs of classloader:
file:/home/ubuntu/.sdkman/candidates/java/8.0.333.fx-librca/jre/lib/ext/localedata.jar
file:/tmp/EvoSuite_pathingJar4127641544219933010.jar
file:/home/ubuntu/.sdkman/candidates/java/8.0.333.fx-librca/jre/lib/ext/sunjce_provider.jar
file:/home/ubuntu/.sdkman/candidates/java/8.0.333.fx-librca/jre/../lib/tools.jar
file:/home/ubuntu/.sdkman/candidates/java/8.0.333.fx-librca/jre/lib/ext/sunpkcs11.jar
file:/home/ubuntu/.sdkman/candidates/java/8.0.333.fx-librca/jre/lib/ext/jaccess.jar
file:/home/ubuntu/.sdkman/candidates/java/8.0.333.fx-librca/jre/lib/ext/sunec.jar
file:/home/ubuntu/.sdkman/candidates/java/8.0.333.fx-librca/jre/lib/ext/zipfs.jar
file:/home/ubuntu/.sdkman/candidates/java/8.0.333.fx-librca/jre/lib/ext/jfxrt.jar
file:/home/ubuntu/.sdkman/candidates/java/8.0.333.fx-librca/jre/lib/ext/dnsns.jar
file:/home/ubuntu/.sdkman/candidates/java/8.0.333.fx-librca/jre/lib/ext/cldrdata.jar
file:/home/ubuntu/.sdkman/candidates/java/8.0.333.fx-librca/jre/lib/ext/nashorn.jar
Going to execute: handleTestsThatAreUnstable
* Compiling Tests
[MASTER] 18:08:56.629 [logback-1] WARN  JUnitAnalyzer - Found unstable test named initializationError -> class java.lang.RuntimeException: Cannot find either the compilation target folder nor the EvoSuite jar in classpath: /tmp/EvoSuite_pathingJar4127641544219933010.jar
[MASTER] 18:08:56.771 [logback-1] WARN  AgentLoader - Failed to find EvoSuite jar in current classloader. URLs of classloader:
file:/home/ubuntu/.sdkman/candidates/java/8.0.333.fx-librca/jre/lib/ext/localedata.jar
file:/tmp/EvoSuite_pathingJar4127641544219933010.jar
file:/home/ubuntu/.sdkman/candidates/java/8.0.333.fx-librca/jre/lib/ext/sunjce_provider.jar
file:/home/ubuntu/.sdkman/candidates/java/8.0.333.fx-librca/jre/../lib/tools.jar
file:/home/ubuntu/.sdkman/candidates/java/8.0.333.fx-librca/jre/lib/ext/sunpkcs11.jar
file:/home/ubuntu/.sdkman/candidates/java/8.0.333.fx-librca/jre/lib/ext/jaccess.jar
file:/home/ubuntu/.sdkman/candidates/java/8.0.333.fx-librca/jre/lib/ext/sunec.jar
file:/home/ubuntu/.sdkman/candidates/java/8.0.333.fx-librca/jre/lib/ext/zipfs.jar
file:/home/ubuntu/.sdkman/candidates/java/8.0.333.fx-librca/jre/lib/ext/jfxrt.jar
file:/home/ubuntu/.sdkman/candidates/java/8.0.333.fx-librca/jre/lib/ext/dnsns.jar
file:/home/ubuntu/.sdkman/candidates/java/8.0.333.fx-librca/jre/lib/ext/cldrdata.jar
file:/home/ubuntu/.sdkman/candidates/java/8.0.333.fx-librca/jre/lib/ext/nashorn.jar
Going to execute: handleTestsThatAreUnstable
* Compiling Tests
[MASTER] 18:08:56.773 [logback-1] WARN  JUnitAnalyzer - Found unstable test named initializationError -> class java.lang.RuntimeException: Cannot find either the compilation target folder nor the EvoSuite jar in classpath: /tmp/EvoSuite_pathingJar4127641544219933010.jar
[MASTER] 18:08:56.907 [logback-1] WARN  AgentLoader - Failed to find EvoSuite jar in current classloader. URLs of classloader:
file:/home/ubuntu/.sdkman/candidates/java/8.0.333.fx-librca/jre/lib/ext/localedata.jar
file:/tmp/EvoSuite_pathingJar4127641544219933010.jar
file:/home/ubuntu/.sdkman/candidates/java/8.0.333.fx-librca/jre/lib/ext/sunjce_provider.jar
file:/home/ubuntu/.sdkman/candidates/java/8.0.333.fx-librca/jre/../lib/tools.jar
file:/home/ubuntu/.sdkman/candidates/java/8.0.333.fx-librca/jre/lib/ext/sunpkcs11.jar
file:/home/ubuntu/.sdkman/candidates/java/8.0.333.fx-librca/jre/lib/ext/jaccess.jar
file:/home/ubuntu/.sdkman/candidates/java/8.0.333.fx-librca/jre/lib/ext/sunec.jar
file:/home/ubuntu/.sdkman/candidates/java/8.0.333.fx-librca/jre/lib/ext/zipfs.jar
file:/home/ubuntu/.sdkman/candidates/java/8.0.333.fx-librca/jre/lib/ext/jfxrt.jar
file:/home/ubuntu/.sdkman/candidates/java/8.0.333.fx-librca/jre/lib/ext/dnsns.jar
file:/home/ubuntu/.sdkman/candidates/java/8.0.333.fx-librca/jre/lib/ext/cldrdata.jar
file:/home/ubuntu/.sdkman/candidates/java/8.0.333.fx-librca/jre/lib/ext/nashorn.jar
[MASTER] 18:08:56.909 [logback-1] WARN  JUnitAnalyzer - Found unstable test named initializationError -> class java.lang.RuntimeException: Cannot find either the compilation target folder nor the EvoSuite jar in classpath: /tmp/EvoSuite_pathingJar4127641544219933010.jar
Going to execute: handleTestsThatAreUnstable
* Compiling Tests
[MASTER] 18:08:57.035 [logback-1] WARN  AgentLoader - Failed to find EvoSuite jar in current classloader. URLs of classloader:
file:/home/ubuntu/.sdkman/candidates/java/8.0.333.fx-librca/jre/lib/ext/localedata.jar
file:/tmp/EvoSuite_pathingJar4127641544219933010.jar
file:/home/ubuntu/.sdkman/candidates/java/8.0.333.fx-librca/jre/lib/ext/sunjce_provider.jar
file:/home/ubuntu/.sdkman/candidates/java/8.0.333.fx-librca/jre/../lib/tools.jar
file:/home/ubuntu/.sdkman/candidates/java/8.0.333.fx-librca/jre/lib/ext/sunpkcs11.jar
file:/home/ubuntu/.sdkman/candidates/java/8.0.333.fx-librca/jre/lib/ext/jaccess.jar
file:/home/ubuntu/.sdkman/candidates/java/8.0.333.fx-librca/jre/lib/ext/sunec.jar
file:/home/ubuntu/.sdkman/candidates/java/8.0.333.fx-librca/jre/lib/ext/zipfs.jar
file:/home/ubuntu/.sdkman/candidates/java/8.0.333.fx-librca/jre/lib/ext/jfxrt.jar
file:/home/ubuntu/.sdkman/candidates/java/8.0.333.fx-librca/jre/lib/ext/dnsns.jar
file:/home/ubuntu/.sdkman/candidates/java/8.0.333.fx-librca/jre/lib/ext/cldrdata.jar
file:/home/ubuntu/.sdkman/candidates/java/8.0.333.fx-librca/jre/lib/ext/nashorn.jar
[MASTER] 18:08:57.037 [logback-1] WARN  JUnitAnalyzer - Found unstable test named initializationError -> class java.lang.RuntimeException: Cannot find either the compilation target folder nor the EvoSuite jar in classpath: /tmp/EvoSuite_pathingJar4127641544219933010.jar
Going to execute: handleTestsThatAreUnstable
* Compiling Tests
[MASTER] 18:08:57.163 [logback-1] WARN  AgentLoader - Failed to find EvoSuite jar in current classloader. URLs of classloader:
file:/home/ubuntu/.sdkman/candidates/java/8.0.333.fx-librca/jre/lib/ext/localedata.jar
file:/tmp/EvoSuite_pathingJar4127641544219933010.jar
file:/home/ubuntu/.sdkman/candidates/java/8.0.333.fx-librca/jre/lib/ext/sunjce_provider.jar
file:/home/ubuntu/.sdkman/candidates/java/8.0.333.fx-librca/jre/../lib/tools.jar
file:/home/ubuntu/.sdkman/candidates/java/8.0.333.fx-librca/jre/lib/ext/sunpkcs11.jar
file:/home/ubuntu/.sdkman/candidates/java/8.0.333.fx-librca/jre/lib/ext/jaccess.jar
file:/home/ubuntu/.sdkman/candidates/java/8.0.333.fx-librca/jre/lib/ext/sunec.jar
file:/home/ubuntu/.sdkman/candidates/java/8.0.333.fx-librca/jre/lib/ext/zipfs.jar
file:/home/ubuntu/.sdkman/candidates/java/8.0.333.fx-librca/jre/lib/ext/jfxrt.jar
file:/home/ubuntu/.sdkman/candidates/java/8.0.333.fx-librca/jre/lib/ext/dnsns.jar
file:/home/ubuntu/.sdkman/candidates/java/8.0.333.fx-librca/jre/lib/ext/cldrdata.jar
file:/home/ubuntu/.sdkman/candidates/java/8.0.333.fx-librca/jre/lib/ext/nashorn.jar
Going to execute: handleTestsThatAreUnstable
* Compiling Tests
[MASTER] 18:08:57.165 [logback-1] WARN  JUnitAnalyzer - Found unstable test named initializationError -> class java.lang.RuntimeException: Cannot find either the compilation target folder nor the EvoSuite jar in classpath: /tmp/EvoSuite_pathingJar4127641544219933010.jar
[MASTER] 18:08:57.306 [logback-1] WARN  AgentLoader - Failed to find EvoSuite jar in current classloader. URLs of classloader:
file:/home/ubuntu/.sdkman/candidates/java/8.0.333.fx-librca/jre/lib/ext/localedata.jar
file:/tmp/EvoSuite_pathingJar4127641544219933010.jar
file:/home/ubuntu/.sdkman/candidates/java/8.0.333.fx-librca/jre/lib/ext/sunjce_provider.jar
file:/home/ubuntu/.sdkman/candidates/java/8.0.333.fx-librca/jre/../lib/tools.jar
file:/home/ubuntu/.sdkman/candidates/java/8.0.333.fx-librca/jre/lib/ext/sunpkcs11.jar
file:/home/ubuntu/.sdkman/candidates/java/8.0.333.fx-librca/jre/lib/ext/jaccess.jar
file:/home/ubuntu/.sdkman/candidates/java/8.0.333.fx-librca/jre/lib/ext/sunec.jar
file:/home/ubuntu/.sdkman/candidates/java/8.0.333.fx-librca/jre/lib/ext/zipfs.jar
file:/home/ubuntu/.sdkman/candidates/java/8.0.333.fx-librca/jre/lib/ext/jfxrt.jar
file:/home/ubuntu/.sdkman/candidates/java/8.0.333.fx-librca/jre/lib/ext/dnsns.jar
file:/home/ubuntu/.sdkman/candidates/java/8.0.333.fx-librca/jre/lib/ext/cldrdata.jar
file:/home/ubuntu/.sdkman/candidates/java/8.0.333.fx-librca/jre/lib/ext/nashorn.jar
[MASTER] 18:08:57.308 [logback-1] WARN  JUnitAnalyzer - Found unstable test named initializationError -> class java.lang.RuntimeException: Cannot find either the compilation target folder nor the EvoSuite jar in classpath: /tmp/EvoSuite_pathingJar4127641544219933010.jar
Going to execute: handleTestsThatAreUnstable
* Compiling Tests
[MASTER] 18:08:57.444 [logback-1] WARN  AgentLoader - Failed to find EvoSuite jar in current classloader. URLs of classloader:
file:/home/ubuntu/.sdkman/candidates/java/8.0.333.fx-librca/jre/lib/ext/localedata.jar
file:/tmp/EvoSuite_pathingJar4127641544219933010.jar
file:/home/ubuntu/.sdkman/candidates/java/8.0.333.fx-librca/jre/lib/ext/sunjce_provider.jar
file:/home/ubuntu/.sdkman/candidates/java/8.0.333.fx-librca/jre/../lib/tools.jar
file:/home/ubuntu/.sdkman/candidates/java/8.0.333.fx-librca/jre/lib/ext/sunpkcs11.jar
file:/home/ubuntu/.sdkman/candidates/java/8.0.333.fx-librca/jre/lib/ext/jaccess.jar
file:/home/ubuntu/.sdkman/candidates/java/8.0.333.fx-librca/jre/lib/ext/sunec.jar
file:/home/ubuntu/.sdkman/candidates/java/8.0.333.fx-librca/jre/lib/ext/zipfs.jar
file:/home/ubuntu/.sdkman/candidates/java/8.0.333.fx-librca/jre/lib/ext/jfxrt.jar
file:/home/ubuntu/.sdkman/candidates/java/8.0.333.fx-librca/jre/lib/ext/dnsns.jar
file:/home/ubuntu/.sdkman/candidates/java/8.0.333.fx-librca/jre/lib/ext/cldrdata.jar
file:/home/ubuntu/.sdkman/candidates/java/8.0.333.fx-librca/jre/lib/ext/nashorn.jar
[MASTER] 18:08:57.446 [logback-1] WARN  JUnitAnalyzer - Found unstable test named initializationError -> class java.lang.RuntimeException: Cannot find either the compilation target folder nor the EvoSuite jar in classpath: /tmp/EvoSuite_pathingJar4127641544219933010.jar
Going to execute: handleTestsThatAreUnstable
* Compiling Tests
[MASTER] 18:08:57.587 [logback-1] WARN  AgentLoader - Failed to find EvoSuite jar in current classloader. URLs of classloader:
file:/home/ubuntu/.sdkman/candidates/java/8.0.333.fx-librca/jre/lib/ext/localedata.jar
file:/tmp/EvoSuite_pathingJar4127641544219933010.jar
file:/home/ubuntu/.sdkman/candidates/java/8.0.333.fx-librca/jre/lib/ext/sunjce_provider.jar
file:/home/ubuntu/.sdkman/candidates/java/8.0.333.fx-librca/jre/../lib/tools.jar
file:/home/ubuntu/.sdkman/candidates/java/8.0.333.fx-librca/jre/lib/ext/sunpkcs11.jar
file:/home/ubuntu/.sdkman/candidates/java/8.0.333.fx-librca/jre/lib/ext/jaccess.jar
file:/home/ubuntu/.sdkman/candidates/java/8.0.333.fx-librca/jre/lib/ext/sunec.jar
file:/home/ubuntu/.sdkman/candidates/java/8.0.333.fx-librca/jre/lib/ext/zipfs.jar
file:/home/ubuntu/.sdkman/candidates/java/8.0.333.fx-librca/jre/lib/ext/jfxrt.jar
file:/home/ubuntu/.sdkman/candidates/java/8.0.333.fx-librca/jre/lib/ext/dnsns.jar
file:/home/ubuntu/.sdkman/candidates/java/8.0.333.fx-librca/jre/lib/ext/cldrdata.jar
file:/home/ubuntu/.sdkman/candidates/java/8.0.333.fx-librca/jre/lib/ext/nashorn.jar
[MASTER] 18:08:57.589 [logback-1] WARN  JUnitAnalyzer - Found unstable test named initializationError -> class java.lang.RuntimeException: Cannot find either the compilation target folder nor the EvoSuite jar in classpath: /tmp/EvoSuite_pathingJar4127641544219933010.jar
Going to execute: handleTestsThatAreUnstable
* Compiling Tests
[MASTER] 18:08:57.706 [logback-1] WARN  AgentLoader - Failed to find EvoSuite jar in current classloader. URLs of classloader:
file:/home/ubuntu/.sdkman/candidates/java/8.0.333.fx-librca/jre/lib/ext/localedata.jar
file:/tmp/EvoSuite_pathingJar4127641544219933010.jar
file:/home/ubuntu/.sdkman/candidates/java/8.0.333.fx-librca/jre/lib/ext/sunjce_provider.jar
file:/home/ubuntu/.sdkman/candidates/java/8.0.333.fx-librca/jre/../lib/tools.jar
file:/home/ubuntu/.sdkman/candidates/java/8.0.333.fx-librca/jre/lib/ext/sunpkcs11.jar
file:/home/ubuntu/.sdkman/candidates/java/8.0.333.fx-librca/jre/lib/ext/jaccess.jar
file:/home/ubuntu/.sdkman/candidates/java/8.0.333.fx-librca/jre/lib/ext/sunec.jar
file:/home/ubuntu/.sdkman/candidates/java/8.0.333.fx-librca/jre/lib/ext/zipfs.jar
file:/home/ubuntu/.sdkman/candidates/java/8.0.333.fx-librca/jre/lib/ext/jfxrt.jar
file:/home/ubuntu/.sdkman/candidates/java/8.0.333.fx-librca/jre/lib/ext/dnsns.jar
file:/home/ubuntu/.sdkman/candidates/java/8.0.333.fx-librca/jre/lib/ext/cldrdata.jar
file:/home/ubuntu/.sdkman/candidates/java/8.0.333.fx-librca/jre/lib/ext/nashorn.jar
[MASTER] 18:08:57.708 [logback-1] WARN  JUnitAnalyzer - Found unstable test named initializationError -> class java.lang.RuntimeException: Cannot find either the compilation target folder nor the EvoSuite jar in classpath: /tmp/EvoSuite_pathingJar4127641544219933010.jar
Going to execute: handleTestsThatAreUnstable
* Compiling Tests
[MASTER] 18:08:57.860 [logback-1] WARN  AgentLoader - Failed to find EvoSuite jar in current classloader. URLs of classloader:
file:/home/ubuntu/.sdkman/candidates/java/8.0.333.fx-librca/jre/lib/ext/localedata.jar
file:/tmp/EvoSuite_pathingJar4127641544219933010.jar
file:/home/ubuntu/.sdkman/candidates/java/8.0.333.fx-librca/jre/lib/ext/sunjce_provider.jar
file:/home/ubuntu/.sdkman/candidates/java/8.0.333.fx-librca/jre/../lib/tools.jar
file:/home/ubuntu/.sdkman/candidates/java/8.0.333.fx-librca/jre/lib/ext/sunpkcs11.jar
file:/home/ubuntu/.sdkman/candidates/java/8.0.333.fx-librca/jre/lib/ext/jaccess.jar
file:/home/ubuntu/.sdkman/candidates/java/8.0.333.fx-librca/jre/lib/ext/sunec.jar
file:/home/ubuntu/.sdkman/candidates/java/8.0.333.fx-librca/jre/lib/ext/zipfs.jar
file:/home/ubuntu/.sdkman/candidates/java/8.0.333.fx-librca/jre/lib/ext/jfxrt.jar
file:/home/ubuntu/.sdkman/candidates/java/8.0.333.fx-librca/jre/lib/ext/dnsns.jar
file:/home/ubuntu/.sdkman/candidates/java/8.0.333.fx-librca/jre/lib/ext/cldrdata.jar
file:/home/ubuntu/.sdkman/candidates/java/8.0.333.fx-librca/jre/lib/ext/nashorn.jar
[MASTER] 18:08:57.863 [logback-1] WARN  JUnitAnalyzer - Found unstable test named initializationError -> class java.lang.RuntimeException: Cannot find either the compilation target folder nor the EvoSuite jar in classpath: /tmp/EvoSuite_pathingJar4127641544219933010.jar
Going to execute: handleTestsThatAreUnstable
* Compiling Tests
[MASTER] 18:08:58.029 [logback-1] WARN  AgentLoader - Failed to find EvoSuite jar in current classloader. URLs of classloader:
file:/home/ubuntu/.sdkman/candidates/java/8.0.333.fx-librca/jre/lib/ext/localedata.jar
file:/tmp/EvoSuite_pathingJar4127641544219933010.jar
file:/home/ubuntu/.sdkman/candidates/java/8.0.333.fx-librca/jre/lib/ext/sunjce_provider.jar
file:/home/ubuntu/.sdkman/candidates/java/8.0.333.fx-librca/jre/../lib/tools.jar
file:/home/ubuntu/.sdkman/candidates/java/8.0.333.fx-librca/jre/lib/ext/sunpkcs11.jar
file:/home/ubuntu/.sdkman/candidates/java/8.0.333.fx-librca/jre/lib/ext/jaccess.jar
file:/home/ubuntu/.sdkman/candidates/java/8.0.333.fx-librca/jre/lib/ext/sunec.jar
file:/home/ubuntu/.sdkman/candidates/java/8.0.333.fx-librca/jre/lib/ext/zipfs.jar
file:/home/ubuntu/.sdkman/candidates/java/8.0.333.fx-librca/jre/lib/ext/jfxrt.jar
file:/home/ubuntu/.sdkman/candidates/java/8.0.333.fx-librca/jre/lib/ext/dnsns.jar
file:/home/ubuntu/.sdkman/candidates/java/8.0.333.fx-librca/jre/lib/ext/cldrdata.jar
file:/home/ubuntu/.sdkman/candidates/java/8.0.333.fx-librca/jre/lib/ext/nashorn.jar
[MASTER] 18:08:58.031 [logback-1] WARN  JUnitAnalyzer - Found unstable test named initializationError -> class java.lang.RuntimeException: Cannot find either the compilation target folder nor the EvoSuite jar in classpath: /tmp/EvoSuite_pathingJar4127641544219933010.jar
Going to execute: handleTestsThatAreUnstable
* Compiling Tests
[MASTER] 18:08:58.174 [logback-1] WARN  AgentLoader - Failed to find EvoSuite jar in current classloader. URLs of classloader:
file:/home/ubuntu/.sdkman/candidates/java/8.0.333.fx-librca/jre/lib/ext/localedata.jar
file:/tmp/EvoSuite_pathingJar4127641544219933010.jar
file:/home/ubuntu/.sdkman/candidates/java/8.0.333.fx-librca/jre/lib/ext/sunjce_provider.jar
file:/home/ubuntu/.sdkman/candidates/java/8.0.333.fx-librca/jre/../lib/tools.jar
file:/home/ubuntu/.sdkman/candidates/java/8.0.333.fx-librca/jre/lib/ext/sunpkcs11.jar
file:/home/ubuntu/.sdkman/candidates/java/8.0.333.fx-librca/jre/lib/ext/jaccess.jar
file:/home/ubuntu/.sdkman/candidates/java/8.0.333.fx-librca/jre/lib/ext/sunec.jar
file:/home/ubuntu/.sdkman/candidates/java/8.0.333.fx-librca/jre/lib/ext/zipfs.jar
file:/home/ubuntu/.sdkman/candidates/java/8.0.333.fx-librca/jre/lib/ext/jfxrt.jar
file:/home/ubuntu/.sdkman/candidates/java/8.0.333.fx-librca/jre/lib/ext/dnsns.jar
file:/home/ubuntu/.sdkman/candidates/java/8.0.333.fx-librca/jre/lib/ext/cldrdata.jar
file:/home/ubuntu/.sdkman/candidates/java/8.0.333.fx-librca/jre/lib/ext/nashorn.jar
[MASTER] 18:08:58.176 [logback-1] WARN  JUnitAnalyzer - Found unstable test named initializationError -> class java.lang.RuntimeException: Cannot find either the compilation target folder nor the EvoSuite jar in classpath: /tmp/EvoSuite_pathingJar4127641544219933010.jar
Going to execute: handleTestsThatAreUnstable
* Compiling Tests
[MASTER] 18:08:58.319 [logback-1] WARN  AgentLoader - Failed to find EvoSuite jar in current classloader. URLs of classloader:
file:/home/ubuntu/.sdkman/candidates/java/8.0.333.fx-librca/jre/lib/ext/localedata.jar
file:/tmp/EvoSuite_pathingJar4127641544219933010.jar
file:/home/ubuntu/.sdkman/candidates/java/8.0.333.fx-librca/jre/lib/ext/sunjce_provider.jar
file:/home/ubuntu/.sdkman/candidates/java/8.0.333.fx-librca/jre/../lib/tools.jar
file:/home/ubuntu/.sdkman/candidates/java/8.0.333.fx-librca/jre/lib/ext/sunpkcs11.jar
file:/home/ubuntu/.sdkman/candidates/java/8.0.333.fx-librca/jre/lib/ext/jaccess.jar
file:/home/ubuntu/.sdkman/candidates/java/8.0.333.fx-librca/jre/lib/ext/sunec.jar
file:/home/ubuntu/.sdkman/candidates/java/8.0.333.fx-librca/jre/lib/ext/zipfs.jar
file:/home/ubuntu/.sdkman/candidates/java/8.0.333.fx-librca/jre/lib/ext/jfxrt.jar
file:/home/ubuntu/.sdkman/candidates/java/8.0.333.fx-librca/jre/lib/ext/dnsns.jar
file:/home/ubuntu/.sdkman/candidates/java/8.0.333.fx-librca/jre/lib/ext/cldrdata.jar
file:/home/ubuntu/.sdkman/candidates/java/8.0.333.fx-librca/jre/lib/ext/nashorn.jar
Going to execute: handleTestsThatAreUnstable
* Compiling Tests
[MASTER] 18:08:58.321 [logback-1] WARN  JUnitAnalyzer - Found unstable test named initializationError -> class java.lang.RuntimeException: Cannot find either the compilation target folder nor the EvoSuite jar in classpath: /tmp/EvoSuite_pathingJar4127641544219933010.jar
[MASTER] 18:08:58.452 [logback-1] WARN  AgentLoader - Failed to find EvoSuite jar in current classloader. URLs of classloader:
file:/home/ubuntu/.sdkman/candidates/java/8.0.333.fx-librca/jre/lib/ext/localedata.jar
file:/tmp/EvoSuite_pathingJar4127641544219933010.jar
file:/home/ubuntu/.sdkman/candidates/java/8.0.333.fx-librca/jre/lib/ext/sunjce_provider.jar
file:/home/ubuntu/.sdkman/candidates/java/8.0.333.fx-librca/jre/../lib/tools.jar
file:/home/ubuntu/.sdkman/candidates/java/8.0.333.fx-librca/jre/lib/ext/sunpkcs11.jar
file:/home/ubuntu/.sdkman/candidates/java/8.0.333.fx-librca/jre/lib/ext/jaccess.jar
file:/home/ubuntu/.sdkman/candidates/java/8.0.333.fx-librca/jre/lib/ext/sunec.jar
file:/home/ubuntu/.sdkman/candidates/java/8.0.333.fx-librca/jre/lib/ext/zipfs.jar
file:/home/ubuntu/.sdkman/candidates/java/8.0.333.fx-librca/jre/lib/ext/jfxrt.jar
file:/home/ubuntu/.sdkman/candidates/java/8.0.333.fx-librca/jre/lib/ext/dnsns.jar
file:/home/ubuntu/.sdkman/candidates/java/8.0.333.fx-librca/jre/lib/ext/cldrdata.jar
file:/home/ubuntu/.sdkman/candidates/java/8.0.333.fx-librca/jre/lib/ext/nashorn.jar
Going to execute: handleTestsThatAreUnstable
* Compiling Tests
[MASTER] 18:08:58.456 [logback-1] WARN  JUnitAnalyzer - Found unstable test named initializationError -> class java.lang.RuntimeException: Cannot find either the compilation target folder nor the EvoSuite jar in classpath: /tmp/EvoSuite_pathingJar4127641544219933010.jar
[MASTER] 18:08:58.642 [logback-1] WARN  AgentLoader - Failed to find EvoSuite jar in current classloader. URLs of classloader:
file:/home/ubuntu/.sdkman/candidates/java/8.0.333.fx-librca/jre/lib/ext/localedata.jar
file:/tmp/EvoSuite_pathingJar4127641544219933010.jar
file:/home/ubuntu/.sdkman/candidates/java/8.0.333.fx-librca/jre/lib/ext/sunjce_provider.jar
file:/home/ubuntu/.sdkman/candidates/java/8.0.333.fx-librca/jre/../lib/tools.jar
file:/home/ubuntu/.sdkman/candidates/java/8.0.333.fx-librca/jre/lib/ext/sunpkcs11.jar
file:/home/ubuntu/.sdkman/candidates/java/8.0.333.fx-librca/jre/lib/ext/jaccess.jar
file:/home/ubuntu/.sdkman/candidates/java/8.0.333.fx-librca/jre/lib/ext/sunec.jar
file:/home/ubuntu/.sdkman/candidates/java/8.0.333.fx-librca/jre/lib/ext/zipfs.jar
file:/home/ubuntu/.sdkman/candidates/java/8.0.333.fx-librca/jre/lib/ext/jfxrt.jar
file:/home/ubuntu/.sdkman/candidates/java/8.0.333.fx-librca/jre/lib/ext/dnsns.jar
file:/home/ubuntu/.sdkman/candidates/java/8.0.333.fx-librca/jre/lib/ext/cldrdata.jar
file:/home/ubuntu/.sdkman/candidates/java/8.0.333.fx-librca/jre/lib/ext/nashorn.jar
Going to execute: handleTestsThatAreUnstable
* Compiling Tests
[MASTER] 18:08:58.646 [logback-1] WARN  JUnitAnalyzer - Found unstable test named initializationError -> class java.lang.RuntimeException: Cannot find either the compilation target folder nor the EvoSuite jar in classpath: /tmp/EvoSuite_pathingJar4127641544219933010.jar
** Write a test suite: 2 called: 0 to improve: false
** Write a test suite: 3 called: 1 to improve: false
[MASTER] 18:08:58.980 [logback-1] WARN  AgentLoader - Failed to find EvoSuite jar in current classloader. URLs of classloader:
file:/home/ubuntu/.sdkman/candidates/java/8.0.333.fx-librca/jre/lib/ext/localedata.jar
file:/tmp/EvoSuite_pathingJar4127641544219933010.jar
file:/home/ubuntu/.sdkman/candidates/java/8.0.333.fx-librca/jre/lib/ext/sunjce_provider.jar
file:/home/ubuntu/.sdkman/candidates/java/8.0.333.fx-librca/jre/../lib/tools.jar
file:/home/ubuntu/.sdkman/candidates/java/8.0.333.fx-librca/jre/lib/ext/sunpkcs11.jar
file:/home/ubuntu/.sdkman/candidates/java/8.0.333.fx-librca/jre/lib/ext/jaccess.jar
file:/home/ubuntu/.sdkman/candidates/java/8.0.333.fx-librca/jre/lib/ext/sunec.jar
file:/home/ubuntu/.sdkman/candidates/java/8.0.333.fx-librca/jre/lib/ext/zipfs.jar
file:/home/ubuntu/.sdkman/candidates/java/8.0.333.fx-librca/jre/lib/ext/jfxrt.jar
file:/home/ubuntu/.sdkman/candidates/java/8.0.333.fx-librca/jre/lib/ext/dnsns.jar
file:/home/ubuntu/.sdkman/candidates/java/8.0.333.fx-librca/jre/lib/ext/cldrdata.jar
file:/home/ubuntu/.sdkman/candidates/java/8.0.333.fx-librca/jre/lib/ext/nashorn.jar
[MASTER] 18:08:58.983 [logback-1] WARN  JUnitAnalyzer - Found unstable test named initializationError -> class java.lang.RuntimeException: Cannot find either the compilation target folder nor the EvoSuite jar in classpath: /tmp/EvoSuite_pathingJar4127641544219933010.jar
Going to execute: handleTestsThatAreUnstable
* Compiling Tests
** Write a test suite: 16 called: 0 to improve: false
** Write a test suite: 17 called: 1 to improve: false
[MASTER] 18:08:59.305 [logback-1] WARN  AgentLoader - Failed to find EvoSuite jar in current classloader. URLs of classloader:
file:/home/ubuntu/.sdkman/candidates/java/8.0.333.fx-librca/jre/lib/ext/localedata.jar
file:/tmp/EvoSuite_pathingJar4127641544219933010.jar
file:/home/ubuntu/.sdkman/candidates/java/8.0.333.fx-librca/jre/lib/ext/sunjce_provider.jar
file:/home/ubuntu/.sdkman/candidates/java/8.0.333.fx-librca/jre/../lib/tools.jar
file:/home/ubuntu/.sdkman/candidates/java/8.0.333.fx-librca/jre/lib/ext/sunpkcs11.jar
file:/home/ubuntu/.sdkman/candidates/java/8.0.333.fx-librca/jre/lib/ext/jaccess.jar
file:/home/ubuntu/.sdkman/candidates/java/8.0.333.fx-librca/jre/lib/ext/sunec.jar
file:/home/ubuntu/.sdkman/candidates/java/8.0.333.fx-librca/jre/lib/ext/zipfs.jar
file:/home/ubuntu/.sdkman/candidates/java/8.0.333.fx-librca/jre/lib/ext/jfxrt.jar
file:/home/ubuntu/.sdkman/candidates/java/8.0.333.fx-librca/jre/lib/ext/dnsns.jar
file:/home/ubuntu/.sdkman/candidates/java/8.0.333.fx-librca/jre/lib/ext/cldrdata.jar
file:/home/ubuntu/.sdkman/candidates/java/8.0.333.fx-librca/jre/lib/ext/nashorn.jar
* Writing tests to file
[MASTER] 18:08:59.308 [logback-1] WARN  JUnitAnalyzer - Found unstable test named initializationError -> class java.lang.RuntimeException: Cannot find either the compilation target folder nor the EvoSuite jar in classpath: /tmp/EvoSuite_pathingJar4127641544219933010.jar
* Writing JUnit test case 'DeployFault_ESTest' to evosuite-tests
** Write a test suite: 16 called: 0 to improve: false
** Write a test suite: 17 called: 1 to improve: false
* Done!

* Computation finished
