To honour the JVM settings for this build a single-use Daemon process will be forked. For more on this, please refer to https://docs.gradle.org/8.6/userguide/gradle_daemon.html#sec:disabling_the_daemon in the Gradle documentation.
Daemon will be stopped at the end of the build 

> Task :compileJava

> Task :processResources
> Task :classes
> Task :jar
> Task :assemble
> Task :compileTestJava
> Task :processTestResources NO-SOURCE
> Task :testClasses

> Task :test

Profile_ESTest > testSortFrameListThrowsNullPointerException() FAILED
    org.opentest4j.AssertionFailedError at Profile_ESTest.java:126

Profile_ESTest > testGetThreadTotalTimeThrowsNullPointerException() FAILED
    java.lang.AssertionError at Profile_ESTest.java:142


> Task :test

Profile_ESTest > testFrameListReturningNull() FAILED
    org.opentest4j.AssertionFailedError at Profile_ESTest.java:163


> Task :test

Profile_ESTest > testUnwindThrowsNullPointerException0() FAILED
    org.opentest4j.AssertionFailedError at Profile_ESTest.java:293

Profile_ESTest > testUnwindThrowsNullPointerException1() FAILED
    org.opentest4j.AssertionFailedError at Profile_ESTest.java:314

ClassReader_ESTest > testGetInterfacesReturningEmptyArray() FAILED
    org.opentest4j.AssertionFailedError at ClassReader_ESTest.java:296

ClassReader_ESTest > testReadConst() FAILED
    org.opentest4j.AssertionFailedError at ClassReader_ESTest.java:399


> Task :test

ClassReader_ESTest > testAcceptTaking3ArgumentsThrowsTooManyResourcesException() FAILED
    org.opentest4j.AssertionFailedError at ClassReader_ESTest.java:225

MethodWriter_ESTest > testWriteShort() FAILED
    org.opentest4j.AssertionFailedError at MethodWriter_ESTest.java:1315

MethodWriter_ESTest > testCreatesMethodWriterAndCallsVisitVarInsn3() FAILED
    org.opentest4j.AssertionFailedError at MethodWriter_ESTest.java:868

MethodWriter_ESTest > testReadUnsignedShortReturningPositive() FAILED
    java.lang.ArrayIndexOutOfBoundsException at MethodWriter_ESTest.java:31

MethodWriter_ESTest > testReadShortReturningZero() FAILED
    org.opentest4j.AssertionFailedError at MethodWriter_ESTest.java:1301

MethodWriter_ESTest > testCreatesMethodWriterAndVisitFrameAndVisitFrameWithNegativeAndVisitFrameWithPositive0() FAILED
    java.lang.NullPointerException at MethodWriter_ESTest.java:985

Profile_ESTest > initializationError FAILED
    org.junit.runners.model.InvalidTestClassError at ParentRunner.java:525

ClassReader_ESTest > initializationError FAILED
    org.junit.runners.model.InvalidTestClassError at ParentRunner.java:525

MethodWriter_ESTest > initializationError FAILED
    org.junit.runners.model.InvalidTestClassError at ParentRunner.java:525
There were failing tests. See the report at: file:///home/roham/Results-Utestgen/dataset/SF110-new-UTestGen-src/51_jiprof/build/reports/tests/test/index.html

> Task :jacocoTestReport
> Task :check
> Task :build

Deprecated Gradle features were used in this build, making it incompatible with Gradle 9.0.

You can use '--warning-mode all' to show the individual deprecation warnings and determine if they come from your own scripts or plugins.

For more on this, please refer to https://docs.gradle.org/8.6/userguide/command_line_interface.html#sec:command_line_warnings in the Gradle documentation.

BUILD SUCCESSFUL in 1m 18s
6 actionable tasks: 6 executed
