* EvoSuite 1.0.0-SNAPSHOT
* Going to generate test cases for class: de.beiri22.stringincrementor.StringIncrementor
* Starting Client-0
* Properties loaded from /home/roham/Results-Utestgen/dataset/SF110-new-res/39_diffi/evosuite-files/evosuite.properties
* Connecting to master process on port 9584
* Analyzing classpath: 
* Inheritance tree loaded from evosuite-files/inheritance.xml.gz
[MASTER] 04:22:58.174 [logback-1] WARN  InheritanceTree - Class not in inheritance graph: java.util.function.Consumer
[MASTER] 04:22:58.178 [logback-1] WARN  InheritanceTree - Class not in inheritance graph: java.util.function.Predicate
[MASTER] 04:22:58.179 [logback-1] WARN  InheritanceTree - Class not in inheritance graph: java.util.function.UnaryOperator
[MASTER] 04:22:58.188 [logback-1] WARN  InheritanceTree - Class not in inheritance graph: java.util.function.Function
* Finished analyzing classpath
* Generating tests for class de.beiri22.stringincrementor.StringIncrementor
* Test criteria:
  - Branch Coverage
  - Line Coverage
  - Method-Output Coverage
  - Top-Level Method Coverage
  - Context Branch Coverage
* Total number of test goals for DYNAMOSA: 152
* Using seed 1710217376464
* Starting evolution
[Progress:>                             0%] [Cov:>                                  0%]* Initial Number of Goals in DynaMOSA = 45 / 152
[Progress:>                             0%] [Cov:==========================>        75%][Progress:>                             0%] [Cov:==========================>        76%][Progress:>                             0%] [Cov:==========================>        76%][Progress:>                             0%] [Cov:==========================>        77%][Progress:>                             0%] [Cov:==========================>        77%][Progress:>                             1%] [Cov:===========================>       79%][Progress:>                             1%] [Cov:===========================>       79%][Progress:>                             1%] [Cov:============================>      81%][Progress:>                             1%] [Cov:============================>      81%][Progress:=>                            4%] [Cov:============================>      82%][Progress:=>                            4%] [Cov:============================>      82%][Progress:=>                            4%] [Cov:============================>      82%][Progress:=>                            4%] [Cov:============================>      82%][Progress:=>                            4%] [Cov:============================>      82%][Progress:=>                            4%] [Cov:============================>      82%][Progress:=>                            4%] [Cov:============================>      82%][Progress:=>                            4%] [Cov:============================>      82%][Progress:=>                            4%] [Cov:============================>      82%][Progress:=>                            5%] [Cov:============================>      82%][Progress:=>                            5%] [Cov:============================>      82%][Progress:=>                            5%] [Cov:============================>      82%][Progress:=>                            5%] [Cov:============================>      82%][Progress:=>                            5%] [Cov:============================>      82%][Progress:=>                            5%] [Cov:============================>      82%][Progress:=>                            6%] [Cov:============================>      82%][Progress:=>                            6%] [Cov:============================>      82%][Progress:===>                          11%] [Cov:============================>      82%][Progress:===>                          11%] [Cov:============================>      82%][Progress:===>                          11%] [Cov:============================>      82%][Progress:===>                          11%] [Cov:============================>      82%][Progress:===>                          13%] [Cov:============================>      82%][Progress:====>                         14%] [Cov:============================>      82%][Progress:====>                         14%] [Cov:============================>      82%][Progress:====>                         14%] [Cov:============================>      82%][Progress:====>                         14%] [Cov:============================>      82%][Progress:====>                         14%] [Cov:============================>      82%][Progress:====>                         14%] [Cov:============================>      82%][Progress:====>                         16%] [Cov:============================>      82%][Progress:=====>                        17%] [Cov:============================>      82%][Progress:=====>                        17%] [Cov:============================>      82%][Progress:=====>                        17%] [Cov:============================>      82%][Progress:=====>                        17%] [Cov:============================>      82%][Progress:======>                       22%] [Cov:============================>      82%][Progress:=======>                      26%] [Cov:============================>      82%][Progress:=======>                      26%] [Cov:============================>      82%][Progress:=======>                      26%] [Cov:============================>      82%][Progress:=======>                      26%] [Cov:============================>      82%][Progress:=======>                      26%] [Cov:============================>      82%][Progress:=======>                      26%] [Cov:============================>      82%][Progress:=======>                      26%] [Cov:============================>      82%][Progress:=======>                      26%] [Cov:============================>      82%][Progress:========>                     27%] [Cov:============================>      82%][Progress:========>                     27%] [Cov:============================>      82%][Progress:========>                     27%] [Cov:============================>      82%][Progress:========>                     27%] [Cov:============================>      82%][Progress:========>                     27%] [Cov:============================>      82%][Progress:========>                     27%] [Cov:============================>      82%][Progress:========>                     29%] [Cov:============================>      82%][Progress:=========>                    30%] [Cov:============================>      82%][Progress:=========>                    30%] [Cov:============================>      82%][Progress:=========>                    30%] [Cov:============================>      82%][Progress:=========>                    30%] [Cov:============================>      82%][Progress:=========>                    30%] [Cov:============================>      82%][Progress:=========>                    30%] [Cov:============================>      82%][Progress:=========>                    32%] [Cov:============================>      82%][Progress:=========>                    32%] [Cov:============================>      82%][Progress:=========>                    33%] [Cov:============================>      82%][Progress:=========>                    33%] [Cov:============================>      82%][Progress:=========>                    33%] [Cov:============================>      82%][Progress:=========>                    33%] [Cov:============================>      82%][Progress:=========>                    33%] [Cov:============================>      82%][Progress:=========>                    33%] [Cov:============================>      82%][Progress:=========>                    33%] [Cov:============================>      82%][Progress:=========>                    33%] [Cov:============================>      82%][Progress:=========>                    33%] [Cov:============================>      82%][Progress:=========>                    33%] [Cov:============================>      82%][Progress:=========>                    33%] [Cov:============================>      82%][Progress:=========>                    33%] [Cov:============================>      82%][Progress:=========>                    33%] [Cov:============================>      82%][Progress:=========>                    33%] [Cov:============================>      82%][Progress:==========>                   34%] [Cov:============================>      82%][Progress:==========>                   34%] [Cov:============================>      82%][Progress:==========>                   34%] [Cov:============================>      82%][Progress:==========>                   34%] [Cov:============================>      82%][Progress:==========>                   34%] [Cov:============================>      82%][Progress:==========>                   34%] [Cov:============================>      82%][Progress:==========>                   35%] [Cov:============================>      82%][Progress:==========>                   35%] [Cov:============================>      82%][Progress:==========>                   35%] [Cov:============================>      82%][Progress:===========>                  37%] [Cov:============================>      82%][Progress:============>                 40%] [Cov:============================>      82%][Progress:============>                 40%] [Cov:============================>      82%][Progress:============>                 40%] [Cov:============================>      82%][Progress:============>                 43%] [Cov:============================>      82%][Progress:============>                 43%] [Cov:============================>      82%][Progress:=============>                44%] [Cov:============================>      82%][Progress:=============>                44%] [Cov:============================>      82%][Progress:=============>                44%] [Cov:============================>      82%][Progress:=============>                44%] [Cov:============================>      82%][Progress:=============>                45%] [Cov:============================>      82%][Progress:==============>               47%] [Cov:============================>      82%][Progress:===============>              52%] [Cov:============================>      82%][Progress:===============>              52%] [Cov:============================>      82%][Progress:===============>              52%] [Cov:============================>      82%][Progress:===============>              53%] [Cov:============================>      82%][Progress:===============>              53%] [Cov:============================>      82%][Progress:===============>              53%] [Cov:============================>      82%][Progress:===============>              53%] [Cov:============================>      82%][Progress:================>             54%] [Cov:============================>      82%][Progress:================>             54%] [Cov:============================>      82%][Progress:================>             54%] [Cov:============================>      82%][Progress:================>             54%] [Cov:============================>      82%][Progress:================>             54%] [Cov:============================>      82%][Progress:================>             54%] [Cov:============================>      82%][Progress:================>             54%] [Cov:============================>      82%][Progress:================>             54%] [Cov:============================>      82%][Progress:================>             54%] [Cov:============================>      82%][Progress:================>             55%] [Cov:============================>      82%][Progress:================>             55%] [Cov:============================>      82%][Progress:=================>            57%] [Cov:============================>      82%][Progress:=================>            57%] [Cov:============================>      82%][Progress:=================>            57%] [Cov:============================>      82%][Progress:=================>            58%] [Cov:============================>      82%][Progress:=================>            58%] [Cov:============================>      82%][Progress:=================>            58%] [Cov:============================>      82%][Progress:=================>            58%] [Cov:============================>      82%][Progress:==================>           60%] [Cov:============================>      82%][Progress:==================>           60%] [Cov:============================>      82%][Progress:===================>          65%] [Cov:============================>      82%][Progress:===================>          65%] [Cov:============================>      82%][Progress:===================>          66%] [Cov:============================>      82%][Progress:===================>          66%] [Cov:============================>      82%][Progress:===================>          66%] [Cov:============================>      82%][Progress:===================>          66%] [Cov:============================>      82%][Progress:===================>          66%] [Cov:============================>      82%][Progress:===================>          66%] [Cov:============================>      82%][Progress:===================>          66%] [Cov:============================>      82%][Progress:===================>          66%] [Cov:============================>      82%][Progress:===================>          66%] [Cov:============================>      82%][Progress:===================>          66%] [Cov:============================>      82%][Progress:===================>          66%] [Cov:============================>      82%][Progress:===================>          66%] [Cov:============================>      82%][Progress:===================>          66%] [Cov:============================>      82%][Progress:====================>         67%] [Cov:==============================>    86%][Progress:=====================>        70%] [Cov:==============================>    86%][Progress:=====================>        70%] [Cov:==============================>    86%][Progress:=====================>        70%] [Cov:==============================>    86%][Progress:=====================>        73%] [Cov:==============================>    86%][Progress:=====================>        73%] [Cov:==============================>    86%][Progress:=====================>        73%] [Cov:==============================>    86%][Progress:=====================>        73%] [Cov:==============================>    86%][Progress:======================>       75%] [Cov:==============================>    86%][Progress:======================>       75%] [Cov:==============================>    86%][Progress:======================>       75%] [Cov:==============================>    86%][Progress:======================>       75%] [Cov:==============================>    86%][Progress:======================>       76%] [Cov:==============================>    86%][Progress:======================>       76%] [Cov:==============================>    86%][Progress:======================>       76%] [Cov:==============================>    86%][Progress:======================>       76%] [Cov:==============================>    86%][Progress:======================>       76%] [Cov:==============================>    86%][Progress:======================>       76%] [Cov:==============================>    86%][Progress:======================>       76%] [Cov:==============================>    86%][Progress:=======================>      77%] [Cov:==============================>    86%][Progress:=======================>      77%] [Cov:==============================>    86%][Progress:=======================>      77%] [Cov:==============================>    86%][Progress:=======================>      77%] [Cov:==============================>    86%][Progress:=======================>      77%] [Cov:==============================>    86%][Progress:=======================>      77%] [Cov:==============================>    86%][Progress:=======================>      77%] [Cov:==============================>    86%][Progress:=======================>      77%] [Cov:==============================>    86%][Progress:=======================>      77%] [Cov:==============================>    86%][Progress:=======================>      77%] [Cov:==============================>    86%][Progress:=======================>      77%] [Cov:==============================>    86%][Progress:=======================>      77%] [Cov:==============================>    86%][Progress:========================>     80%] [Cov:==============================>    86%][Progress:========================>     80%] [Cov:==============================>    86%][Progress:========================>     80%] [Cov:==============================>    86%][Progress:========================>     80%] [Cov:==============================>    86%][Progress:========================>     80%] [Cov:==============================>    86%][Progress:========================>     80%] [Cov:==============================>    86%][Progress:========================>     80%] [Cov:==============================>    86%][Progress:========================>     83%] [Cov:==============================>    86%][Progress:========================>     83%] [Cov:==============================>    86%][Progress:========================>     83%] [Cov:==============================>    86%][Progress:========================>     83%] [Cov:==============================>    86%][Progress:========================>     83%] [Cov:==============================>    86%][Progress:=========================>    85%] [Cov:==============================>    86%][Progress:=========================>    85%] [Cov:==============================>    86%][Progress:=========================>    85%] [Cov:==============================>    86%][Progress:=========================>    86%] [Cov:==============================>    86%][Progress:=========================>    86%] [Cov:==============================>    86%][Progress:=========================>    86%] [Cov:==============================>    86%][Progress:=========================>    86%] [Cov:==============================>    86%][Progress:=========================>    86%] [Cov:==============================>    86%][Progress:===========================>  91%] [Cov:==============================>    86%][Progress:===========================>  91%] [Cov:==============================>    86%][Progress:===========================>  91%] [Cov:==============================>    86%][Progress:===========================>  91%] [Cov:==============================>    86%][Progress:===========================>  92%] [Cov:==============================>    86%][Progress:===========================>  92%] [Cov:==============================>    86%][Progress:============================> 94%] [Cov:==============================>    86%][Progress:============================> 94%] [Cov:==============================>    86%][Progress:============================> 94%] [Cov:==============================>    86%][Progress:=============================>97%] [Cov:==============================>    86%][Progress:=============================>97%] [Cov:==============================>    86%][Progress:=============================>97%] [Cov:==============================>    86%][Progress:=============================>97%] [Cov:==============================>    86%][Progress:=============================>98%] [Cov:==============================>    86%][Progress:=============================>98%] [Cov:==============================>    86%][Progress:=============================>98%] [Cov:==============================>    86%][Progress:=============================>98%] [Cov:==============================>    86%][Progress:=============================>98%] [Cov:==============================>    86%][Progress:=============================>98%] [Cov:==============================>    86%][Progress:=============================>98%] [Cov:==============================>    86%][Progress:=============================>98%] [Cov:==============================>    86%][Progress:=============================>98%] [Cov:==============================>    86%][Progress:=============================>98%] [Cov:==============================>    86%][Progress:=============================>98%] [Cov:==============================>    86%][Progress:=============================>99%] [Cov:==============================>    86%][Progress:=============================>99%] [Cov:==============================>    86%][Progress:=============================>99%] [Cov:==============================>    86%][Progress:=============================>99%] [Cov:==============================>    86%][Progress:=============================>99%] [Cov:==============================>    86%][Progress:=============================>99%] [Cov:==============================>    86%][Progress:=============================>99%] [Cov:==============================>    86%][Progress:=============================>99%] [Cov:==============================>    86%][Progress:=============================>99%] [Cov:==============================>    86%][Progress:=============================>99%] [Cov:==============================>    86%][Progress:=============================>99%] [Cov:==============================>    86%][Progress:=============================>99%] [Cov:==============================>    86%][Progress:=============================>99%] [Cov:==============================>    86%][Progress:=============================>99%] [Cov:==============================>    86%][Progress:=============================>99%] [Cov:==============================>    86%][Progress:=============================>99%] [Cov:==============================>    86%][Progress:=============================>99%] [Cov:==============================>    86%][Progress:=============================>99%] [Cov:==============================>    86%][Progress:==============================100%] [Cov:==============================>    86%][Progress:==============================100%] [Cov:==============================>    86%][Progress:==============================100%] [Cov:==============================>    86%][Progress:==============================100%] [Cov:==============================>    86%][Progress:==============================100%] [Cov:==============================>    86%][Progress:==============================100%] [Cov:==============================>    86%][Progress:==============================100%] [Cov:==============================>    86%][Progress:==============================100%] [Cov:==============================>    86%][Progress:==============================100%] [Cov:==============================>    86%][Progress:==============================100%] [Cov:==============================>    86%][Progress:==============================100%] [Cov:==============================>    86%]
* Search finished after 201s and 246 generations, 92755 statements, best individual has fitness: 18.0
* Generated before the refinement 14 tests with total length 30
statement is: diff(Ljava/lang/String;Ljava/lang/String;)Lde/beiri22/stringincrementor/relativestring/RelativeString; type is: class org.evosuite.testcase.statements.MethodStatement return type class de.beiri22.stringincrementor.relativestring.RelativeString
statement code is: RelativeString diff = StringIncrementor.diff("OhkPqn5Z5vgauGDij|c", "OhkPqn5Z5vgauGDij|c")
statement is: patch(Ljava/lang/String;Lde/beiri22/stringincrementor/relativestring/RelativeString;)Ljava/lang/String; type is: class org.evosuite.testcase.statements.MethodStatement return type class java.lang.String
statement code is: String patch = StringIncrementor.patch("OhkPqn5Z5vgauGDij|c", arg1)
test data is: RelativeString diff = StringIncrementor.diff("OhkPqn5Z5vgauGDij|c", "OhkPqn5Z5vgauGDij|c");
StringIncrementor.patch("OhkPqn5Z5vgauGDij|c", diff);

** It was a parseable test case! 
Improved test data is: class DummyClass {
    public static void main() {
        RelativeString diff = StringIncrementor.diff("OhkPqn5Z5vgauGDij|c", "OhkPqn5Z5vgauGDij|c");
        StringIncrementor.patch("OhkPqn5Z5vgauGDij|c", diff);
    }
}
statement is: RelativeString diff = StringIncrementor.diff("OhkPqn5Z5vgauGDij|c", "OhkPqn5Z5vgauGDij|c"), class spoon.support.reflect.code.CtLocalVariableImpl
class spoon.support.reflect.code.CtInvocationImpl
invocation is: StringIncrementor.diff("OhkPqn5Z5vgauGDij|c", "OhkPqn5Z5vgauGDij|c") target is: StringIncrementor method is: diff(java.lang.String,java.lang.String)
Matched Method is: diff(Ljava/lang/String;Ljava/lang/String;)Lde/beiri22/stringincrementor/relativestring/RelativeString;
statement is: StringIncrementor.patch("OhkPqn5Z5vgauGDij|c", diff), class spoon.support.reflect.code.CtInvocationImpl
invocation is: StringIncrementor.patch("OhkPqn5Z5vgauGDij|c", diff) target is: StringIncrementor method is: patch(java.lang.String,RelativeString)
Matched Method is: patch(Ljava/lang/String;Lde/beiri22/stringincrementor/relativestring/RelativeString;)Ljava/lang/String;
TestCase is: String string = "OhkPqn5Z5vgauGDij|c";
String string = "OhkPqn5Z5vgauGDij|c";
RelativeString diff = StringIncrementor.diff(string, string);
String string = "OhkPqn5Z5vgauGDij|c";
StringIncrementor.patch(string, diff);

statement is: de.beiri22.stringincrementor.StringIncrementor()V type is: class org.evosuite.testcase.statements.ConstructorStatement return type class de.beiri22.stringincrementor.StringIncrementor
statement code is: StringIncrementor stringIncrementor = new StringIncrementor()
test data is: StringIncrementor stringIncrementor = new StringIncrementor();

** It was a parseable test case! 
Improved test data is: class DummyClass {
    public static void main() {
        StringIncrementor stringIncrementor = new StringIncrementor();
        stringIncrementor.increment("a");
        stringIncrementor.increment("B");
        stringIncrementor.increment("c");
        stringIncrementor.increment("d");
        stringIncrementor.increment("E");
        stringIncrementor.increment("f");
        stringIncrementor.increment("g");
        stringIncrementor.increment("h");
        stringIncrementor.increment("i");
        stringIncrementor.increment("j");
        stringIncrementor.increment("k");
        stringIncrementor.increment("l");
        stringIncrementor.increment("m");
        stringIncrementor.increment("n");
        stringIncrementor.increment("o");
        stringIncrementor.increment("p");
        stringIncrementor.increment("q");
        stringIncrementor.increment("r");
        stringIncrementor.increment("s");
        stringIncrementor.increment("t");
        stringIncrementor.increment("u");
        stringIncrementor.increment("v");
        stringIncrementor.increment("w");
        stringIncrementor.increment("x");
        stringIncrementor.increment("y");
        stringIncrementor.increment("z");
    }
}
statement is: StringIncrementor stringIncrementor = new StringIncrementor(), class spoon.support.reflect.code.CtLocalVariableImpl
class spoon.support.reflect.code.CtConstructorCallImpl
statement is: stringIncrementor.increment("a"), class spoon.support.reflect.code.CtInvocationImpl
invocation is: stringIncrementor.increment("a") target is: stringIncrementor method is: increment(java.lang.String)
statement is: stringIncrementor.increment("B"), class spoon.support.reflect.code.CtInvocationImpl
invocation is: stringIncrementor.increment("B") target is: stringIncrementor method is: increment(java.lang.String)
statement is: stringIncrementor.increment("c"), class spoon.support.reflect.code.CtInvocationImpl
invocation is: stringIncrementor.increment("c") target is: stringIncrementor method is: increment(java.lang.String)
statement is: stringIncrementor.increment("d"), class spoon.support.reflect.code.CtInvocationImpl
invocation is: stringIncrementor.increment("d") target is: stringIncrementor method is: increment(java.lang.String)
statement is: stringIncrementor.increment("E"), class spoon.support.reflect.code.CtInvocationImpl
invocation is: stringIncrementor.increment("E") target is: stringIncrementor method is: increment(java.lang.String)
statement is: stringIncrementor.increment("f"), class spoon.support.reflect.code.CtInvocationImpl
invocation is: stringIncrementor.increment("f") target is: stringIncrementor method is: increment(java.lang.String)
statement is: stringIncrementor.increment("g"), class spoon.support.reflect.code.CtInvocationImpl
invocation is: stringIncrementor.increment("g") target is: stringIncrementor method is: increment(java.lang.String)
statement is: stringIncrementor.increment("h"), class spoon.support.reflect.code.CtInvocationImpl
invocation is: stringIncrementor.increment("h") target is: stringIncrementor method is: increment(java.lang.String)
statement is: stringIncrementor.increment("i"), class spoon.support.reflect.code.CtInvocationImpl
invocation is: stringIncrementor.increment("i") target is: stringIncrementor method is: increment(java.lang.String)
statement is: stringIncrementor.increment("j"), class spoon.support.reflect.code.CtInvocationImpl
invocation is: stringIncrementor.increment("j") target is: stringIncrementor method is: increment(java.lang.String)
statement is: stringIncrementor.increment("k"), class spoon.support.reflect.code.CtInvocationImpl
invocation is: stringIncrementor.increment("k") target is: stringIncrementor method is: increment(java.lang.String)
statement is: stringIncrementor.increment("l"), class spoon.support.reflect.code.CtInvocationImpl
invocation is: stringIncrementor.increment("l") target is: stringIncrementor method is: increment(java.lang.String)
statement is: stringIncrementor.increment("m"), class spoon.support.reflect.code.CtInvocationImpl
invocation is: stringIncrementor.increment("m") target is: stringIncrementor method is: increment(java.lang.String)
statement is: stringIncrementor.increment("n"), class spoon.support.reflect.code.CtInvocationImpl
invocation is: stringIncrementor.increment("n") target is: stringIncrementor method is: increment(java.lang.String)
statement is: stringIncrementor.increment("o"), class spoon.support.reflect.code.CtInvocationImpl
invocation is: stringIncrementor.increment("o") target is: stringIncrementor method is: increment(java.lang.String)
statement is: stringIncrementor.increment("p"), class spoon.support.reflect.code.CtInvocationImpl
invocation is: stringIncrementor.increment("p") target is: stringIncrementor method is: increment(java.lang.String)
statement is: stringIncrementor.increment("q"), class spoon.support.reflect.code.CtInvocationImpl
invocation is: stringIncrementor.increment("q") target is: stringIncrementor method is: increment(java.lang.String)
statement is: stringIncrementor.increment("r"), class spoon.support.reflect.code.CtInvocationImpl
invocation is: stringIncrementor.increment("r") target is: stringIncrementor method is: increment(java.lang.String)
statement is: stringIncrementor.increment("s"), class spoon.support.reflect.code.CtInvocationImpl
invocation is: stringIncrementor.increment("s") target is: stringIncrementor method is: increment(java.lang.String)
statement is: stringIncrementor.increment("t"), class spoon.support.reflect.code.CtInvocationImpl
invocation is: stringIncrementor.increment("t") target is: stringIncrementor method is: increment(java.lang.String)
statement is: stringIncrementor.increment("u"), class spoon.support.reflect.code.CtInvocationImpl
invocation is: stringIncrementor.increment("u") target is: stringIncrementor method is: increment(java.lang.String)
statement is: stringIncrementor.increment("v"), class spoon.support.reflect.code.CtInvocationImpl
invocation is: stringIncrementor.increment("v") target is: stringIncrementor method is: increment(java.lang.String)
statement is: stringIncrementor.increment("w"), class spoon.support.reflect.code.CtInvocationImpl
invocation is: stringIncrementor.increment("w") target is: stringIncrementor method is: increment(java.lang.String)
statement is: stringIncrementor.increment("x"), class spoon.support.reflect.code.CtInvocationImpl
invocation is: stringIncrementor.increment("x") target is: stringIncrementor method is: increment(java.lang.String)
statement is: stringIncrementor.increment("y"), class spoon.support.reflect.code.CtInvocationImpl
invocation is: stringIncrementor.increment("y") target is: stringIncrementor method is: increment(java.lang.String)
statement is: stringIncrementor.increment("z"), class spoon.support.reflect.code.CtInvocationImpl
invocation is: stringIncrementor.increment("z") target is: stringIncrementor method is: increment(java.lang.String)
TestCase is: StringIncrementor stringIncrementor = new StringIncrementor();

statement is: diff(Ljava/lang/String;Ljava/lang/String;Z)Lde/beiri22/stringincrementor/relativestring/RelativeString; type is: class org.evosuite.testcase.statements.MethodStatement return type class de.beiri22.stringincrementor.relativestring.RelativeString
statement code is: RelativeString diff = StringIncrementor.diff("", "G{:iYhVGNQl@?=", true)
test data is: StringIncrementor.diff("", "G{:iYhVGNQl@?=", true);

** It was a parseable test case! 
Improved test data is: class DummyClass {
    public static void main() {
        StringIncrementor.diff("", "", true);
        StringIncrementor.diff("a", "b", false);
        StringIncrementor.diff("ab", "bc", false);
        StringIncrementor.diff("abc", "bbc", false);
        StringIncrementor.diff("aaa", "aba", false);
        StringIncrementor.diff("aaa", "baa", true);
        StringIncrementor.diff("abcd", "bcde", false);
        StringIncrementor.diff("abcd", "bcef", false);
    }
}
statement is: StringIncrementor.diff("", "", true), class spoon.support.reflect.code.CtInvocationImpl
invocation is: StringIncrementor.diff("", "", true) target is: StringIncrementor method is: diff(java.lang.String,java.lang.String,boolean)
Matched Method is: diff(Ljava/lang/String;Ljava/lang/String;Z)Lde/beiri22/stringincrementor/relativestring/RelativeString;
statement is: StringIncrementor.diff("a", "b", false), class spoon.support.reflect.code.CtInvocationImpl
invocation is: StringIncrementor.diff("a", "b", false) target is: StringIncrementor method is: diff(java.lang.String,java.lang.String,boolean)
Matched Method is: diff(Ljava/lang/String;Ljava/lang/String;Z)Lde/beiri22/stringincrementor/relativestring/RelativeString;
statement is: StringIncrementor.diff("ab", "bc", false), class spoon.support.reflect.code.CtInvocationImpl
invocation is: StringIncrementor.diff("ab", "bc", false) target is: StringIncrementor method is: diff(java.lang.String,java.lang.String,boolean)
Matched Method is: diff(Ljava/lang/String;Ljava/lang/String;Z)Lde/beiri22/stringincrementor/relativestring/RelativeString;
statement is: StringIncrementor.diff("abc", "bbc", false), class spoon.support.reflect.code.CtInvocationImpl
invocation is: StringIncrementor.diff("abc", "bbc", false) target is: StringIncrementor method is: diff(java.lang.String,java.lang.String,boolean)
Matched Method is: diff(Ljava/lang/String;Ljava/lang/String;Z)Lde/beiri22/stringincrementor/relativestring/RelativeString;
statement is: StringIncrementor.diff("aaa", "aba", false), class spoon.support.reflect.code.CtInvocationImpl
invocation is: StringIncrementor.diff("aaa", "aba", false) target is: StringIncrementor method is: diff(java.lang.String,java.lang.String,boolean)
Matched Method is: diff(Ljava/lang/String;Ljava/lang/String;Z)Lde/beiri22/stringincrementor/relativestring/RelativeString;
statement is: StringIncrementor.diff("aaa", "baa", true), class spoon.support.reflect.code.CtInvocationImpl
invocation is: StringIncrementor.diff("aaa", "baa", true) target is: StringIncrementor method is: diff(java.lang.String,java.lang.String,boolean)
Matched Method is: diff(Ljava/lang/String;Ljava/lang/String;Z)Lde/beiri22/stringincrementor/relativestring/RelativeString;
statement is: StringIncrementor.diff("abcd", "bcde", false), class spoon.support.reflect.code.CtInvocationImpl
invocation is: StringIncrementor.diff("abcd", "bcde", false) target is: StringIncrementor method is: diff(java.lang.String,java.lang.String,boolean)
Matched Method is: diff(Ljava/lang/String;Ljava/lang/String;Z)Lde/beiri22/stringincrementor/relativestring/RelativeString;
statement is: StringIncrementor.diff("abcd", "bcef", false), class spoon.support.reflect.code.CtInvocationImpl
invocation is: StringIncrementor.diff("abcd", "bcef", false) target is: StringIncrementor method is: diff(java.lang.String,java.lang.String,boolean)
Matched Method is: diff(Ljava/lang/String;Ljava/lang/String;Z)Lde/beiri22/stringincrementor/relativestring/RelativeString;
TestCase is: String string = "";
String string = "";
boolean _boolean = true;
StringIncrementor.diff(string, string, _boolean);
String string = "a";
String string = "b";
boolean _boolean = false;
StringIncrementor.diff(string, string, _boolean);
String string = "ab";
String string = "bc";
boolean _boolean = false;
StringIncrementor.diff(string, string, _boolean);
String string = "abc";
String string = "bbc";
boolean _boolean = false;
StringIncrementor.diff(string, string, _boolean);
String string = "aaa";
String string = "aba";
boolean _boolean = false;
StringIncrementor.diff(string, string, _boolean);
String string = "aaa";
String string = "baa";
boolean _boolean = true;
StringIncrementor.diff(string, string, _boolean);
String string = "abcd";
String string = "bcde";
boolean _boolean = false;
StringIncrementor.diff(string, string, _boolean);
String string = "abcd";
String string = "bcef";
boolean _boolean = false;
StringIncrementor.diff(string, string, _boolean);

statement is: diff(Ljava/lang/String;Ljava/lang/String;)Lde/beiri22/stringincrementor/relativestring/RelativeString; type is: class org.evosuite.testcase.statements.MethodStatement return type class de.beiri22.stringincrementor.relativestring.RelativeString
statement code is: RelativeString diff = StringIncrementor.diff(" absolute chars (", " absolute char (")
test data is: StringIncrementor.diff(" absolute chars (", " absolute char (");

** It was a parseable test case! 
Improved test data is: class DummyClass {
    public static void main() {
        StringIncrementor.diff("absolute chars (", "absolute char (");
    }
}
statement is: StringIncrementor.diff("absolute chars (", "absolute char ("), class spoon.support.reflect.code.CtInvocationImpl
invocation is: StringIncrementor.diff("absolute chars (", "absolute char (") target is: StringIncrementor method is: diff(java.lang.String,java.lang.String)
Matched Method is: diff(Ljava/lang/String;Ljava/lang/String;)Lde/beiri22/stringincrementor/relativestring/RelativeString;
TestCase is: String string = "absolute chars (";
String string = "absolute char (";
StringIncrementor.diff(string, string);

statement is: diff(Ljava/lang/String;Ljava/lang/String;Z)Lde/beiri22/stringincrementor/relativestring/RelativeString; type is: class org.evosuite.testcase.statements.MethodStatement return type class de.beiri22.stringincrementor.relativestring.RelativeString
statement code is: RelativeString diff = StringIncrementor.diff("0|'TOj>/:mInN+r\tb", "0|'TOj>/:mInN+r\tb", true)
test data is: StringIncrementor.diff("0|'TOj>/:mInN+r\tb", "0|'TOj>/:mInN+r\tb", true);

** It was a parseable test case! 
Improved test data is: class DummyClass {
    public static void main() {
        StringIncrementor.diff("0|\'TOj>/:mInN+r\tb", "1|\'TOj>/:mInN+r\tb", true);
    }
}
statement is: StringIncrementor.diff("0|\'TOj>/:mInN+r\tb", "1|\'TOj>/:mInN+r\tb", true), class spoon.support.reflect.code.CtInvocationImpl
invocation is: StringIncrementor.diff("0|\'TOj>/:mInN+r\tb", "1|\'TOj>/:mInN+r\tb", true) target is: StringIncrementor method is: diff(java.lang.String,java.lang.String,boolean)
Matched Method is: diff(Ljava/lang/String;Ljava/lang/String;Z)Lde/beiri22/stringincrementor/relativestring/RelativeString;
TestCase is: String string = "0|'TOj>/:mInN+r\tb";
String string = "1|'TOj>/:mInN+r\tb";
boolean _boolean = true;
StringIncrementor.diff(string, string, _boolean);

statement is: diff(Ljava/lang/String;Ljava/lang/String;)Lde/beiri22/stringincrementor/relativestring/RelativeString; type is: class org.evosuite.testcase.statements.MethodStatement return type class de.beiri22.stringincrementor.relativestring.RelativeString
statement code is: RelativeString diff = StringIncrementor.diff("~HhP6BLJ=<FOwty%", "~HhP6BLJ=<FOwty%")
statement is: de.beiri22.stringincrementor.relativestring.StringLink(III)V type is: class org.evosuite.testcase.statements.ConstructorStatement return type class de.beiri22.stringincrementor.relativestring.StringLink
statement code is: StringLink stringLink = new StringLink(1, 1, 1)
statement is: addLink(Lde/beiri22/stringincrementor/relativestring/StringLink;)Z type is: class org.evosuite.testcase.statements.MethodStatement return type boolean
statement code is: boolean addLink = relativeString.addLink(arg0)
statement is: patch(Ljava/lang/String;Lde/beiri22/stringincrementor/relativestring/RelativeString;)Ljava/lang/String; type is: class org.evosuite.testcase.statements.MethodStatement return type class java.lang.String
statement code is: String patch = StringIncrementor.patch("~HhP6BLJ=<FOwty%", arg1)
test data is: RelativeString diff = StringIncrementor.diff("~HhP6BLJ=<FOwty%", "~HhP6BLJ=<FOwty%");
StringLink stringLink = new StringLink(1, 1, 1);
diff.addLink(stringLink);
StringIncrementor.patch("~HhP6BLJ=<FOwty%", diff);

** It was a parseable test case! 
Improved test data is: class DummyClass {
    public static void main() {
        // Improved test data
        RelativeString diff = StringIncrementor.diff("~HhP6BLJ=<FOwty%", "~HhP6BLJ=<FOwty%");
        StringLink stringLink = new StringLink(1, 1, 1);
        diff.addLink(stringLink);
        StringIncrementor.patch("~HhP6BLJ=<FOwty%", diff);
    }
}
statement is: // Improved test data
RelativeString diff = StringIncrementor.diff("~HhP6BLJ=<FOwty%", "~HhP6BLJ=<FOwty%"), class spoon.support.reflect.code.CtLocalVariableImpl
class spoon.support.reflect.code.CtInvocationImpl
invocation is: StringIncrementor.diff("~HhP6BLJ=<FOwty%", "~HhP6BLJ=<FOwty%") target is: StringIncrementor method is: diff(java.lang.String,java.lang.String)
Matched Method is: diff(Ljava/lang/String;Ljava/lang/String;)Lde/beiri22/stringincrementor/relativestring/RelativeString;
statement is: StringLink stringLink = new StringLink(1, 1, 1), class spoon.support.reflect.code.CtLocalVariableImpl
class spoon.support.reflect.code.CtConstructorCallImpl
statement is: diff.addLink(stringLink), class spoon.support.reflect.code.CtInvocationImpl
invocation is: diff.addLink(stringLink) target is: diff method is: addLink(StringLink)
source statement: diff(Ljava/lang/String;Ljava/lang/String;)Lde/beiri22/stringincrementor/relativestring/RelativeString; callee: VariableReference: Statement 0, type de.beiri22.stringincrementor.relativestring.RelativeStringindex is: 2
Matched Method is: addLink(Lde/beiri22/stringincrementor/relativestring/StringLink;)Z
statement is: StringIncrementor.patch("~HhP6BLJ=<FOwty%", diff), class spoon.support.reflect.code.CtInvocationImpl
invocation is: StringIncrementor.patch("~HhP6BLJ=<FOwty%", diff) target is: StringIncrementor method is: patch(java.lang.String,RelativeString)
Matched Method is: patch(Ljava/lang/String;Lde/beiri22/stringincrementor/relativestring/RelativeString;)Ljava/lang/String;
TestCase is: String string = "~HhP6BLJ=<FOwty%";
String string = "~HhP6BLJ=<FOwty%";
RelativeString diff = StringIncrementor.diff(string, string);
int _int = 1;
int _int = 1;
int _int = 1;
StringLink stringLink = new StringLink(_int, _int, _int);
((RelativeString) string).addLink(stringLink);
String string = "~HhP6BLJ=<FOwty%";
StringIncrementor.patch(string, diff);

statement is: de.beiri22.stringincrementor.relativestring.StringLink(III)V type is: class org.evosuite.testcase.statements.ConstructorStatement return type class de.beiri22.stringincrementor.relativestring.StringLink
statement code is: StringLink stringLink = new StringLink(48, 18, (-1))
statement is: diff(Ljava/lang/String;Ljava/lang/String;)Lde/beiri22/stringincrementor/relativestring/RelativeString; type is: class org.evosuite.testcase.statements.MethodStatement return type class de.beiri22.stringincrementor.relativestring.RelativeString
statement code is: RelativeString diff = StringIncrementor.diff("=:D]YCkr", " absolute Bytes from pos#")
statement is: addLink(Lde/beiri22/stringincrementor/relativestring/StringLink;)Z type is: class org.evosuite.testcase.statements.MethodStatement return type boolean
statement code is: boolean addLink = relativeString.addLink(arg0)
statement is: patch(Ljava/lang/String;Lde/beiri22/stringincrementor/relativestring/RelativeString;Z)Ljava/lang/String; type is: class org.evosuite.testcase.statements.MethodStatement return type class java.lang.String
statement code is: String patch = StringIncrementor.patch("Adding Link: ", arg1, true)
test data is: StringLink stringLink = new StringLink(48, 18, (-1));
RelativeString diff = StringIncrementor.diff("=:D]YCkr", " absolute Bytes from pos#");
diff.addLink(stringLink);
StringIncrementor.patch("Adding Link: ", diff, true);

** It was a parseable test case! 
Improved test data is: class DummyClass {
    public static void main() {
        StringLink stringLink = new StringLink(0, 18, -1);
        RelativeString diff = StringIncrementor.diff("This is a test string", " absolute Bytes from pos#");
        diff.addLink(stringLink);
        StringIncrementor.patch("Adding Link: ", diff, true);
    }
}
statement is: StringLink stringLink = new StringLink(0, 18, -1), class spoon.support.reflect.code.CtLocalVariableImpl
class spoon.support.reflect.code.CtConstructorCallImpl
statement is: RelativeString diff = StringIncrementor.diff("This is a test string", " absolute Bytes from pos#"), class spoon.support.reflect.code.CtLocalVariableImpl
class spoon.support.reflect.code.CtInvocationImpl
invocation is: StringIncrementor.diff("This is a test string", " absolute Bytes from pos#") target is: StringIncrementor method is: diff(java.lang.String,java.lang.String)
Matched Method is: diff(Ljava/lang/String;Ljava/lang/String;)Lde/beiri22/stringincrementor/relativestring/RelativeString;
statement is: diff.addLink(stringLink), class spoon.support.reflect.code.CtInvocationImpl
invocation is: diff.addLink(stringLink) target is: diff method is: addLink(StringLink)
source statement: diff(Ljava/lang/String;Ljava/lang/String;)Lde/beiri22/stringincrementor/relativestring/RelativeString; callee: VariableReference: Statement 1, type de.beiri22.stringincrementor.relativestring.RelativeStringindex is: 5
Matched Method is: addLink(Lde/beiri22/stringincrementor/relativestring/StringLink;)Z
statement is: StringIncrementor.patch("Adding Link: ", diff, true), class spoon.support.reflect.code.CtInvocationImpl
invocation is: StringIncrementor.patch("Adding Link: ", diff, true) target is: StringIncrementor method is: patch(java.lang.String,RelativeString,boolean)
Matched Method is: patch(Ljava/lang/String;Lde/beiri22/stringincrementor/relativestring/RelativeString;Z)Ljava/lang/String;
TestCase is: int _int = 0;
int _int = 18;
StringLink stringLink = new StringLink(_int, _int, (-1));
String string = "This is a test string";
String string = " absolute Bytes from pos#";
RelativeString diff = StringIncrementor.diff(string, string);
((RelativeString) _int).addLink(stringLink);
String string = "Adding Link: ";
boolean _boolean = true;
StringIncrementor.patch(string, diff, _boolean);

statement is: diff(Ljava/lang/String;Ljava/lang/String;Z)Lde/beiri22/stringincrementor/relativestring/RelativeString; type is: class org.evosuite.testcase.statements.MethodStatement return type class de.beiri22.stringincrementor.relativestring.RelativeString
statement code is: RelativeString diff = StringIncrementor.diff("", "R'R*axCTln?URek'Ly", false)
test data is: StringIncrementor.diff("", "R'R*axCTln?URek'Ly", false);

** It was a parseable test case! 
Improved test data is: class DummyClass {
    public static void main() {
        StringIncrementor.diff("The quick brown fox jumps over the lazy dog.", "Gur Dhvpx Oebja Sbkkcdtzoh, Juvyr Qnrtnavmr Pbybe Rkvzcyrpel!", false);
    }
}
statement is: StringIncrementor.diff("The quick brown fox jumps over the lazy dog.", "Gur Dhvpx Oebja Sbkkcdtzoh, Juvyr Qnrtnavmr Pbybe Rkvzcyrpel!", false), class spoon.support.reflect.code.CtInvocationImpl
invocation is: StringIncrementor.diff("The quick brown fox jumps over the lazy dog.", "Gur Dhvpx Oebja Sbkkcdtzoh, Juvyr Qnrtnavmr Pbybe Rkvzcyrpel!", false) target is: StringIncrementor method is: diff(java.lang.String,java.lang.String,boolean)
Matched Method is: diff(Ljava/lang/String;Ljava/lang/String;Z)Lde/beiri22/stringincrementor/relativestring/RelativeString;
TestCase is: String string = "The quick brown fox jumps over the lazy dog.";
String string = "Gur Dhvpx Oebja Sbkkcdtzoh, Juvyr Qnrtnavmr Pbybe Rkvzcyrpel!";
boolean _boolean = false;
StringIncrementor.diff(string, string, _boolean);

statement is: diff(Ljava/lang/String;Ljava/lang/String;Z)Lde/beiri22/stringincrementor/relativestring/RelativeString; type is: class org.evosuite.testcase.statements.MethodStatement return type class de.beiri22.stringincrementor.relativestring.RelativeString
statement code is: RelativeString diff = StringIncrementor.diff("f3&NqFJ|b?PU:$HG", "f3&NqFJ|b?PU:$HG", false)
test data is: StringIncrementor.diff("f3&NqFJ|b?PU:$HG", "f3&NqFJ|b?PU:$HG", false);

** It was a parseable test case! 
Improved test data is: class DummyClass {
    public static void main() {
        StringIncrementor.diff("f3&NqFJ|b?PU:$HG", "f3&NqFJ|b?PU:$HG", false);
    }
}
statement is: StringIncrementor.diff("f3&NqFJ|b?PU:$HG", "f3&NqFJ|b?PU:$HG", false), class spoon.support.reflect.code.CtInvocationImpl
invocation is: StringIncrementor.diff("f3&NqFJ|b?PU:$HG", "f3&NqFJ|b?PU:$HG", false) target is: StringIncrementor method is: diff(java.lang.String,java.lang.String,boolean)
Matched Method is: diff(Ljava/lang/String;Ljava/lang/String;Z)Lde/beiri22/stringincrementor/relativestring/RelativeString;
TestCase is: String string = "f3&NqFJ|b?PU:$HG";
String string = "f3&NqFJ|b?PU:$HG";
boolean _boolean = false;
StringIncrementor.diff(string, string, _boolean);

statement is: de.beiri22.stringincrementor.relativestring.RelativeString()V type is: class org.evosuite.testcase.statements.ConstructorStatement return type class de.beiri22.stringincrementor.relativestring.RelativeString
statement code is: RelativeString relativeString = new RelativeString()
statement is: de.beiri22.stringincrementor.relativestring.StringLink(III)V type is: class org.evosuite.testcase.statements.ConstructorStatement return type class de.beiri22.stringincrementor.relativestring.StringLink
statement code is: StringLink stringLink = new StringLink(12, 12, 5)
statement is: addLink(Lde/beiri22/stringincrementor/relativestring/StringLink;)Z type is: class org.evosuite.testcase.statements.MethodStatement return type boolean
statement code is: boolean addLink = relativeString.addLink(arg0)
statement is: patch(Ljava/lang/String;Lde/beiri22/stringincrementor/relativestring/RelativeString;Z)Ljava/lang/String; type is: class org.evosuite.testcase.statements.MethodStatement return type class java.lang.String
statement code is: String patch = StringIncrementor.patch("[", arg1, false)
test data is: RelativeString relativeString = new RelativeString();
StringLink stringLink = new StringLink(12, 12, 5);
relativeString.addLink(stringLink);
StringIncrementor.patch("[", relativeString, false);

** It was a parseable test case! 
Improved test data is: class DummyClass {
    public static void main() {
        RelativeString relativeString = new RelativeString();
        StringLink stringLink = new StringLink(123456789, 123456789, 5);
        relativeString.addLink(stringLink);
        StringIncrementor.patch("[", relativeString, false);
    }
}
statement is: RelativeString relativeString = new RelativeString(), class spoon.support.reflect.code.CtLocalVariableImpl
class spoon.support.reflect.code.CtConstructorCallImpl
statement is: StringLink stringLink = new StringLink(123456789, 123456789, 5), class spoon.support.reflect.code.CtLocalVariableImpl
class spoon.support.reflect.code.CtConstructorCallImpl
statement is: relativeString.addLink(stringLink), class spoon.support.reflect.code.CtInvocationImpl
invocation is: relativeString.addLink(stringLink) target is: relativeString method is: addLink(StringLink)
source statement: de.beiri22.stringincrementor.relativestring.RelativeString()V callee: VariableReference: Statement 0, type de.beiri22.stringincrementor.relativestring.RelativeStringindex is: 0
Matched Method is: addLink(Lde/beiri22/stringincrementor/relativestring/StringLink;)Z
statement is: StringIncrementor.patch("[", relativeString, false), class spoon.support.reflect.code.CtInvocationImpl
invocation is: StringIncrementor.patch("[", relativeString, false) target is: StringIncrementor method is: patch(java.lang.String,RelativeString,boolean)
Matched Method is: patch(Ljava/lang/String;Lde/beiri22/stringincrementor/relativestring/RelativeString;Z)Ljava/lang/String;
TestCase is: RelativeString relativeString = new RelativeString();
int _int = 123456789;
int _int = 123456789;
int _int = 5;
StringLink stringLink = new StringLink(_int, _int, _int);
relativeString.addLink(stringLink);
String string = "[";
boolean _boolean = false;
StringIncrementor.patch(string, relativeString, _boolean);

statement is: diff(Ljava/lang/String;Ljava/lang/String;Z)Lde/beiri22/stringincrementor/relativestring/RelativeString; type is: class org.evosuite.testcase.statements.MethodStatement return type class de.beiri22.stringincrementor.relativestring.RelativeString
statement code is: RelativeString diff = StringIncrementor.diff("Searching links...", "));rV~Rd", false)
statement is: org.evosuite.testcase.statements.ArrayStatement@28fdd013 type is: class org.evosuite.testcase.statements.ArrayStatement return type class [B
statement code is: byte[] byteArray = new byte[5]
statement is: de.beiri22.stringincrementor.relativestring.StringLink([B)V type is: class org.evosuite.testcase.statements.ConstructorStatement return type class de.beiri22.stringincrementor.relativestring.StringLink
statement code is: StringLink stringLink = new StringLink(arg0)
statement is: addLink(Lde/beiri22/stringincrementor/relativestring/StringLink;)Z type is: class org.evosuite.testcase.statements.MethodStatement return type boolean
statement code is: boolean addLink = relativeString.addLink(arg0)
statement is: patch(Ljava/lang/String;Lde/beiri22/stringincrementor/relativestring/RelativeString;Z)Ljava/lang/String; type is: class org.evosuite.testcase.statements.MethodStatement return type class java.lang.String
statement code is: String patch = StringIncrementor.patch("Searching links...", arg1, false)
test data is: RelativeString diff = StringIncrementor.diff("Searching links...", "));rV~Rd", false);
byte[] byteArray = new byte[5];
StringLink stringLink = new StringLink(byteArray);
diff.addLink(stringLink);
StringIncrementor.patch("Searching links...", diff, false);

** It was a parseable test case! 
Improved test data is: class DummyClass {
    public static void main() {
    }
}
statement is: diff(Ljava/lang/String;Ljava/lang/String;)Lde/beiri22/stringincrementor/relativestring/RelativeString; type is: class org.evosuite.testcase.statements.MethodStatement return type class de.beiri22.stringincrementor.relativestring.RelativeString
statement code is: RelativeString diff = StringIncrementor.diff("", "")
test data is: StringIncrementor.diff("", "");

** It was a parseable test case! 
Improved test data is: class DummyClass {
    public static void main() {
        StringIncrementor.diff("Hello World", "Goodbye World");
    }
}
statement is: StringIncrementor.diff("Hello World", "Goodbye World"), class spoon.support.reflect.code.CtInvocationImpl
invocation is: StringIncrementor.diff("Hello World", "Goodbye World") target is: StringIncrementor method is: diff(java.lang.String,java.lang.String)
Matched Method is: diff(Ljava/lang/String;Ljava/lang/String;)Lde/beiri22/stringincrementor/relativestring/RelativeString;
TestCase is: String string = "Hello World";
String string = "Goodbye World";
StringIncrementor.diff(string, string);

statement is: de.beiri22.stringincrementor.relativestring.RelativeString()V type is: class org.evosuite.testcase.statements.ConstructorStatement return type class de.beiri22.stringincrementor.relativestring.RelativeString
statement code is: RelativeString relativeString = new RelativeString()
statement is: patch(Ljava/lang/String;Lde/beiri22/stringincrementor/relativestring/RelativeString;)Ljava/lang/String; type is: class org.evosuite.testcase.statements.MethodStatement return type class java.lang.String
statement code is: String patch = StringIncrementor.patch(":", arg1)
test data is: RelativeString relativeString = new RelativeString();
StringIncrementor.patch(":", relativeString);

** It was a parseable test case! 
Improved test data is: class DummyClass {
    public static void main() {
        relativeString.setValue("Greetings");
        StringIncrementor.patch(":", relativeString);
    }
}
statement is: relativeString.setValue("Greetings"), class spoon.support.reflect.code.CtInvocationImpl
invocation is: relativeString.setValue("Greetings") target is: relativeString method is: setValue(java.lang.String)
statement is: StringIncrementor.patch(":", relativeString), class spoon.support.reflect.code.CtInvocationImpl
invocation is: StringIncrementor.patch(":", relativeString) target is: StringIncrementor method is: patch(java.lang.String)
Matched Method is: patch(Ljava/lang/String;Lde/beiri22/stringincrementor/relativestring/RelativeString;)Ljava/lang/String;
i 1 Parameters size() 1 Num of Method Parameters: 2
TestCase is: String string = ":";
RelativeString relativeString = null;
StringIncrementor.patch(string, relativeString);

statement is: diff(Ljava/lang/String;Ljava/lang/String;Z)Lde/beiri22/stringincrementor/relativestring/RelativeString; type is: class org.evosuite.testcase.statements.MethodStatement return type class de.beiri22.stringincrementor.relativestring.RelativeString
statement code is: RelativeString diff = StringIncrementor.diff("", "", false)
statement is: patch(Ljava/lang/String;Lde/beiri22/stringincrementor/relativestring/RelativeString;Z)Ljava/lang/String; type is: class org.evosuite.testcase.statements.MethodStatement return type class java.lang.String
statement code is: String patch = StringIncrementor.patch((String) null, arg1, false)
test data is: RelativeString diff = StringIncrementor.diff("", "", false);
StringIncrementor.patch((String) null, diff, false);

** It was a parseable test case! 
Improved test data is: class DummyClass {
    public static void main() {
        // Improved test data
        RelativeString diff = StringIncrementor.diff("", "The quick brown fox jumps over the lazy dog.", false);
        StringIncrementor.patch(((String) (null)), diff, false);
    }
}
statement is: // Improved test data
RelativeString diff = StringIncrementor.diff("", "The quick brown fox jumps over the lazy dog.", false), class spoon.support.reflect.code.CtLocalVariableImpl
class spoon.support.reflect.code.CtInvocationImpl
invocation is: StringIncrementor.diff("", "The quick brown fox jumps over the lazy dog.", false) target is: StringIncrementor method is: diff(java.lang.String,java.lang.String,boolean)
Matched Method is: diff(Ljava/lang/String;Ljava/lang/String;Z)Lde/beiri22/stringincrementor/relativestring/RelativeString;
statement is: StringIncrementor.patch(((String) (null)), diff, false), class spoon.support.reflect.code.CtInvocationImpl
invocation is: StringIncrementor.patch(((String) (null)), diff, false) target is: StringIncrementor method is: patch(java.lang.String,RelativeString,boolean)
Matched Method is: patch(Ljava/lang/String;Lde/beiri22/stringincrementor/relativestring/RelativeString;Z)Ljava/lang/String;
i 2 Parameters size() 2 Num of Method Parameters: 3
TestCase is: String string = "";
String string = "The quick brown fox jumps over the lazy dog.";
boolean _boolean = false;
RelativeString diff = StringIncrementor.diff(string, string, _boolean);
boolean _boolean = false;
boolean _boolean = null;
StringIncrementor.patch((String) diff, (RelativeString) _boolean, _boolean);

* test suite isTestSuite: 27
Test 0: 
RelativeString diff = StringIncrementor.diff("OhkPqn5Z5vgauGDij|c", "OhkPqn5Z5vgauGDij|c");
StringIncrementor.patch("OhkPqn5Z5vgauGDij|c", diff);
Test 1: 
StringIncrementor stringIncrementor = new StringIncrementor();
Test 2: 
// Undeclared exception!
try { 
  StringIncrementor.diff("", "G{:iYhVGNQl@?=", true);
  fail("Expecting exception: ArithmeticException");

} catch(ArithmeticException e) {
   //
   // no message in exception (getMessage() returned null)
   //
}

Test 3: 
StringIncrementor.diff(" absolute chars (", " absolute char (");
Test 4: 
StringIncrementor.diff("0|'TOj>/:mInN+r\tb", "0|'TOj>/:mInN+r\tb", true);
Test 5: 
RelativeString diff = StringIncrementor.diff("~HhP6BLJ=<FOwty%", "~HhP6BLJ=<FOwty%");
StringLink stringLink = new StringLink(1, 1, 1);
diff.addLink(stringLink);
// Undeclared exception!
try { 
  StringIncrementor.patch("~HhP6BLJ=<FOwty%", diff);
  fail("Expecting exception: StringIndexOutOfBoundsException");

} catch(StringIndexOutOfBoundsException e) {
}

Test 6: 
StringLink stringLink = new StringLink(48, 18, (-1));
RelativeString diff = StringIncrementor.diff("=:D]YCkr", " absolute Bytes from pos#");
diff.addLink(stringLink);
// Undeclared exception!
try { 
  StringIncrementor.patch("Adding Link: ", diff, true);
  fail("Expecting exception: StringIndexOutOfBoundsException");

} catch(StringIndexOutOfBoundsException e) {
}

Test 7: 
StringIncrementor.diff("", "R'R*axCTln?URek'Ly", false);
Test 8: 
StringIncrementor.diff("f3&NqFJ|b?PU:$HG", "f3&NqFJ|b?PU:$HG", false);
Test 9: 
RelativeString relativeString = new RelativeString();
StringLink stringLink = new StringLink(12, 12, 5);
relativeString.addLink(stringLink);
// Undeclared exception!
try { 
  StringIncrementor.patch("[", relativeString, false);
  fail("Expecting exception: StringIndexOutOfBoundsException");

} catch(StringIndexOutOfBoundsException e) {
}

Test 10: 
RelativeString diff = StringIncrementor.diff("Searching links...", "));rV~Rd", false);
byte[] byteArray = new byte[5];
StringLink stringLink = new StringLink(byteArray);
diff.addLink(stringLink);
StringIncrementor.patch("Searching links...", diff, false);
Test 11: 
StringIncrementor.diff("", "");
Test 12: 
RelativeString relativeString = new RelativeString();
StringIncrementor.patch(":", relativeString);
Test 13: 
RelativeString diff = StringIncrementor.diff("", "", false);
StringIncrementor.patch((String) null, diff, false);
Test 14: 
RelativeString diff = StringIncrementor.diff("OhkPqn5Z5vgauGDij|c", "OhkPqn5Z5vgauGDij|c");
StringIncrementor.patch("OhkPqn5Z5vgauGDij|c", diff);

Test 15: 
StringIncrementor stringIncrementor = new StringIncrementor();

Test 16: 
StringIncrementor.diff("", "", true);
StringIncrementor.diff("a", "b", false);
StringIncrementor.diff("ab", "bc", false);
StringIncrementor.diff("abc", "bbc", false);
StringIncrementor.diff("aaa", "aba", false);
StringIncrementor.diff("aaa", "baa", true);
StringIncrementor.diff("abcd", "bcde", false);
StringIncrementor.diff("abcd", "bcef", false);

Test 17: 
StringIncrementor.diff("absolute chars (", "absolute char (");

Test 18: 
StringIncrementor.diff("0|'TOj>/:mInN+r\tb", "1|'TOj>/:mInN+r\tb", true);

Test 19: 
RelativeString diff = StringIncrementor.diff("~HhP6BLJ=<FOwty%", "~HhP6BLJ=<FOwty%");
StringLink stringLink = new StringLink(1, 1, 1);
((RelativeString)"~HhP6BLJ=<FOwty%").addLink(stringLink);
String string = "~HhP6BLJ=<FOwty%";
StringIncrementor.patch(string, diff);

Test 20: 
StringLink stringLink = new StringLink(0, 18, (-1));
RelativeString diff = StringIncrementor.diff("This is a test string", " absolute Bytes from pos#");
((RelativeString)18).addLink(stringLink);
String string = "Adding Link: ";
boolean _boolean = true;
StringIncrementor.patch(string, diff, _boolean);

Test 21: 
StringIncrementor.diff("The quick brown fox jumps over the lazy dog.", "Gur Dhvpx Oebja Sbkkcdtzoh, Juvyr Qnrtnavmr Pbybe Rkvzcyrpel!", false);

Test 22: 
StringIncrementor.diff("f3&NqFJ|b?PU:$HG", "f3&NqFJ|b?PU:$HG", false);

Test 23: 
RelativeString relativeString = new RelativeString();
StringLink stringLink = new StringLink(123456789, 123456789, 5);
relativeString.addLink(stringLink);
StringIncrementor.patch("[", relativeString, false);

Test 24: 
StringIncrementor.diff("Hello World", "Goodbye World");

Test 25: 
StringIncrementor.patch(":", (RelativeString) null);

Test 26: 
RelativeString diff = StringIncrementor.diff("", "The quick brown fox jumps over the lazy dog.", false);
StringIncrementor.patch((String) diff, (RelativeString) false, (boolean) (Boolean) null);


* Generated after the refinement and before minimization 27 tests with total length 64
* test suite isTestSuite: 27
Test 0: 
RelativeString diff = StringIncrementor.diff("OhkPqn5Z5vgauGDij|c", "OhkPqn5Z5vgauGDij|c");
StringIncrementor.patch("OhkPqn5Z5vgauGDij|c", diff);
Test 1: 
StringIncrementor stringIncrementor = new StringIncrementor();
Test 2: 
// Undeclared exception!
try { 
  StringIncrementor.diff("", "G{:iYhVGNQl@?=", true);
  fail("Expecting exception: ArithmeticException");

} catch(ArithmeticException e) {
   //
   // no message in exception (getMessage() returned null)
   //
}

Test 3: 
StringIncrementor.diff(" absolute chars (", " absolute char (");
Test 4: 
StringIncrementor.diff("0|'TOj>/:mInN+r\tb", "0|'TOj>/:mInN+r\tb", true);
Test 5: 
RelativeString diff = StringIncrementor.diff("~HhP6BLJ=<FOwty%", "~HhP6BLJ=<FOwty%");
StringLink stringLink = new StringLink(1, 1, 1);
diff.addLink(stringLink);
// Undeclared exception!
try { 
  StringIncrementor.patch("~HhP6BLJ=<FOwty%", diff);
  fail("Expecting exception: StringIndexOutOfBoundsException");

} catch(StringIndexOutOfBoundsException e) {
}

Test 6: 
StringLink stringLink = new StringLink(48, 18, (-1));
RelativeString diff = StringIncrementor.diff("=:D]YCkr", " absolute Bytes from pos#");
diff.addLink(stringLink);
// Undeclared exception!
try { 
  StringIncrementor.patch("Adding Link: ", diff, true);
  fail("Expecting exception: StringIndexOutOfBoundsException");

} catch(StringIndexOutOfBoundsException e) {
}

Test 7: 
StringIncrementor.diff("", "R'R*axCTln?URek'Ly", false);
Test 8: 
StringIncrementor.diff("f3&NqFJ|b?PU:$HG", "f3&NqFJ|b?PU:$HG", false);
Test 9: 
RelativeString relativeString = new RelativeString();
StringLink stringLink = new StringLink(12, 12, 5);
relativeString.addLink(stringLink);
// Undeclared exception!
try { 
  StringIncrementor.patch("[", relativeString, false);
  fail("Expecting exception: StringIndexOutOfBoundsException");

} catch(StringIndexOutOfBoundsException e) {
}

Test 10: 
RelativeString diff = StringIncrementor.diff("Searching links...", "));rV~Rd", false);
byte[] byteArray = new byte[5];
StringLink stringLink = new StringLink(byteArray);
diff.addLink(stringLink);
StringIncrementor.patch("Searching links...", diff, false);
Test 11: 
StringIncrementor.diff("", "");
Test 12: 
RelativeString relativeString = new RelativeString();
StringIncrementor.patch(":", relativeString);
Test 13: 
RelativeString diff = StringIncrementor.diff("", "", false);
StringIncrementor.patch((String) null, diff, false);
Test 14: 
RelativeString diff = StringIncrementor.diff("OhkPqn5Z5vgauGDij|c", "OhkPqn5Z5vgauGDij|c");
StringIncrementor.patch("OhkPqn5Z5vgauGDij|c", diff);

Test 15: 
StringIncrementor stringIncrementor = new StringIncrementor();

Test 16: 
StringIncrementor.diff("", "", true);
StringIncrementor.diff("a", "b", false);
StringIncrementor.diff("ab", "bc", false);
StringIncrementor.diff("abc", "bbc", false);
StringIncrementor.diff("aaa", "aba", false);
StringIncrementor.diff("aaa", "baa", true);
StringIncrementor.diff("abcd", "bcde", false);
StringIncrementor.diff("abcd", "bcef", false);

Test 17: 
StringIncrementor.diff("absolute chars (", "absolute char (");

Test 18: 
StringIncrementor.diff("0|'TOj>/:mInN+r\tb", "1|'TOj>/:mInN+r\tb", true);

Test 19: 
RelativeString diff = StringIncrementor.diff("~HhP6BLJ=<FOwty%", "~HhP6BLJ=<FOwty%");
StringLink stringLink = new StringLink(1, 1, 1);
((RelativeString)"~HhP6BLJ=<FOwty%").addLink(stringLink);
String string = "~HhP6BLJ=<FOwty%";
StringIncrementor.patch(string, diff);

Test 20: 
StringLink stringLink = new StringLink(0, 18, (-1));
RelativeString diff = StringIncrementor.diff("This is a test string", " absolute Bytes from pos#");
((RelativeString)18).addLink(stringLink);
String string = "Adding Link: ";
boolean _boolean = true;
StringIncrementor.patch(string, diff, _boolean);

Test 21: 
StringIncrementor.diff("The quick brown fox jumps over the lazy dog.", "Gur Dhvpx Oebja Sbkkcdtzoh, Juvyr Qnrtnavmr Pbybe Rkvzcyrpel!", false);

Test 22: 
StringIncrementor.diff("f3&NqFJ|b?PU:$HG", "f3&NqFJ|b?PU:$HG", false);

Test 23: 
RelativeString relativeString = new RelativeString();
StringLink stringLink = new StringLink(123456789, 123456789, 5);
relativeString.addLink(stringLink);
StringIncrementor.patch("[", relativeString, false);

Test 24: 
StringIncrementor.diff("Hello World", "Goodbye World");

Test 25: 
StringIncrementor.patch(":", (RelativeString) null);

Test 26: 
RelativeString diff = StringIncrementor.diff("", "The quick brown fox jumps over the lazy dog.", false);
StringIncrementor.patch((String) diff, (RelativeString) false, (boolean) (Boolean) null);


* Minimizing test suite
* test suite isTestSuite: 13
Test 0: 
RelativeString diff = StringIncrementor.diff("OhkPqn5Z5vgauGDij|c", "OhkPqn5Z5vgauGDij|c");
StringIncrementor.patch("OhkPqn5Z5vgauGDij|c", diff);
Test 1: 
StringIncrementor stringIncrementor = new StringIncrementor();
Test 2: 
// Undeclared exception!
try { 
  StringIncrementor.diff("0|'TOj>/:mInN+r\tb", "1|'TOj>/:mInN+r\tb", true);
  fail("Expecting exception: ArithmeticException");

} catch(ArithmeticException e) {
   //
   // no message in exception (getMessage() returned null)
   //
}

Test 3: 
StringIncrementor.diff("absolute chars (", "absolute char (");
Test 4: 
StringIncrementor.diff("0|'TOj>/:mInN+r\tb", "0|'TOj>/:mInN+r\tb", true);
Test 5: 
RelativeString relativeString = new RelativeString();
StringLink stringLink = new StringLink(123456789, 123456789, 5);
relativeString.addLink(stringLink);
// Undeclared exception!
try { 
  StringIncrementor.patch("[", relativeString, false);
  fail("Expecting exception: StringIndexOutOfBoundsException");

} catch(StringIndexOutOfBoundsException e) {
}

Test 6: 
StringLink stringLink = new StringLink(48, 18, (-1));
RelativeString diff = StringIncrementor.diff("=:D]YCkr", " absolute Bytes from pos#");
diff.addLink(stringLink);
// Undeclared exception!
try { 
  StringIncrementor.patch("Adding Link: ", diff, true);
  fail("Expecting exception: StringIndexOutOfBoundsException");

} catch(StringIndexOutOfBoundsException e) {
}

Test 7: 
StringIncrementor.diff("", "The quick brown fox jumps over the lazy dog.", false);
Test 8: 
StringIncrementor.diff("f3&NqFJ|b?PU:$HG", "f3&NqFJ|b?PU:$HG", false);
Test 9: 
RelativeString diff = StringIncrementor.diff("", "", false);
StringIncrementor.patch((String) null, diff, false);
Test 10: 
RelativeString diff = StringIncrementor.diff("Searching links...", "));rV~Rd", false);
byte[] byteArray = new byte[5];
StringLink stringLink = new StringLink(byteArray);
diff.addLink(stringLink);
StringIncrementor.patch("Searching links...", diff, false);
Test 11: 
StringIncrementor.diff("", "");
Test 12: 
RelativeString relativeString = new RelativeString();
StringIncrementor.patch(":", relativeString);

* Going to analyze the coverage criteria
* Coverage analysis for criterion BRANCH
* Coverage of criterion BRANCH: 91%
* Total number of goals: 35
* Number of covered goals: 32
* Coverage analysis for criterion LINE
* Coverage of criterion LINE: 98%
* Total number of goals: 57
* Number of covered goals: 56
* Coverage analysis for criterion OUTPUT
* Coverage of criterion OUTPUT: 60%
* Total number of goals: 20
* Number of covered goals: 12
* Coverage analysis for criterion METHOD
* Coverage of criterion METHOD: 100%
* Total number of goals: 5
* Number of covered goals: 5
* Coverage analysis for criterion CBRANCH
* Coverage of criterion CBRANCH: 83%
* Total number of goals: 35
* Number of covered goals: 29
* Generated 13 tests with total length 26
* Resulting test suite's coverage: 87% (average coverage for all fitness functions)
* Generating assertions
* Resulting test suite's mutation score: 39%
* Compiling and checking tests
Going to execute: removeTestsThatDoNotCompile
* Compiling Tests
** Write a test suite: 0 called: 0 to improve: false
* Compiling Tests
** Write a test suite: 0 called: 0 to improve: true
** Improve Understandability: ** Test Code is: RelativeString arg1 = StringIncrementor.diff("OhkPqn5Z5vgauGDij|c", "OhkPqn5Z5vgauGDij|c");
String patch = StringIncrementor.patch("OhkPqn5Z5vgauGDij|c", arg1);
assertEquals("", arg1.getAbsolute());
assertEquals("OhkPqn5Z5vgauGDij|c", patch);


** It was a parseable test case! 
refined test name is: testIncrementorsameInputs
* Compiling Tests
** Write a test suite: 0 called: 0 to improve: false
* Compiling Tests
** Write a test suite: 0 called: 0 to improve: true
** Improve Understandability: ** Test Code is: StringIncrementor stringIncrementor = new StringIncrementor();

** It was a parseable test case! 
refined test name is: testStringIncrementor
* Compiling Tests
refined test name is: testIncrementValidString
* Compiling Tests
** Write a test suite: 0 called: 0 to improve: false
* Compiling Tests
** Write a test suite: 0 called: 0 to improve: true
** Improve Understandability: ** Test Code is: // Undeclared exception!
try { 
  StringIncrementor.diff("0|'TOj>/:mInN+r\tb", "1|'TOj>/:mInN+r\tb", true);
  fail("Expecting exception: ArithmeticException");

} catch(ArithmeticException e) {
   //
   // / by zero
   //
   verifyException("de.beiri22.stringincrementor.StringIncrementor", e);
}


** It was a parseable test case! 
refined test name is: testDiffthrowsArithmeticException
* Compiling Tests
** Write a test suite: 0 called: 0 to improve: false
* Compiling Tests
** Write a test suite: 0 called: 0 to improve: true
** Improve Understandability: ** Test Code is: RelativeString diff = StringIncrementor.diff("absolute chars (", "absolute char (");
assertEquals(" (", diff.getAbsolute());


** It was a parseable test case! 
refined test name is: testDiffReturnsCorrectResultForAbbreviatedWords
* Compiling Tests
** Write a test suite: 0 called: 0 to improve: false
* Compiling Tests
** Write a test suite: 0 called: 0 to improve: true
** Improve Understandability: ** Test Code is: RelativeString diff = StringIncrementor.diff("0|'TOj>/:mInN+r\tb", "0|'TOj>/:mInN+r\tb", true);
assertEquals("", diff.getAbsolute());


** It was a parseable test case! 
refined test name is: testDiffOfEqualStringsWithCaseSensitivityOn
* Compiling Tests
** Write a test suite: 0 called: 0 to improve: false
* Compiling Tests
** Write a test suite: 0 called: 0 to improve: true
** Improve Understandability: ** Test Code is: RelativeString arg1 = new RelativeString();
StringLink arg0 = new StringLink(123456789, 123456789, 5);
arg1.addLink(arg0);
// Undeclared exception!
try { 
  StringIncrementor.patch("[", arg1, false);
  fail("Expecting exception: StringIndexOutOfBoundsException");

} catch(StringIndexOutOfBoundsException e) {
}


** It was a parseable test case! 
refined test name is: testInvalidInputShouldThrowException
* Compiling Tests
** Write a test suite: 0 called: 0 to improve: false
* Compiling Tests
** Write a test suite: 0 called: 0 to improve: true
** Improve Understandability: ** Test Code is: StringLink arg0 = new StringLink(48, 18, (-1));
RelativeString arg1 = StringIncrementor.diff("=:D]YCkr", " absolute Bytes from pos#");
arg1.addLink(arg0);
// Undeclared exception!
try { 
  StringIncrementor.patch("Adding Link: ", arg1, true);
  fail("Expecting exception: StringIndexOutOfBoundsException");

} catch(StringIndexOutOfBoundsException e) {
}


** It was a parseable test case! 
refined test name is: testPatchingWithRelativeStringAtEndOfBuffer
* Compiling Tests
refined test name is: testPatchUpdatesLinkCorrectly
* Compiling Tests
** Write a test suite: 0 called: 0 to improve: false
* Compiling Tests
** Write a test suite: 0 called: 0 to improve: true
** Improve Understandability: ** Test Code is: RelativeString diff = StringIncrementor.diff("", "The quick brown fox jumps over the lazy dog.", false);
assertEquals("The quick brown fox jumps over the lazy dog.", diff.getAbsolute());


** It was a parseable test case! 
refined test name is: testIncrementorDiffWithEmptyInputString
* Compiling Tests
** Write a test suite: 0 called: 0 to improve: false
* Compiling Tests
** Write a test suite: 0 called: 0 to improve: true
** Improve Understandability: ** Test Code is: RelativeString diff = StringIncrementor.diff("f3&NqFJ|b?PU:$HG", "f3&NqFJ|b?PU:$HG", false);
assertEquals("", diff.getAbsolute());


** It was a parseable test case! 
refined test name is: testDiffMethodReturnsEmptyStringForSameStrings
* Compiling Tests
** Write a test suite: 0 called: 0 to improve: false
* Compiling Tests
** Write a test suite: 0 called: 0 to improve: true
** Improve Understandability: ** Test Code is: RelativeString arg1 = StringIncrementor.diff("", "", false);
String patch = StringIncrementor.patch((String) null, arg1, false);
assertEquals("", patch);


** It was a parseable test case! 
refined test name is: testDiffAndPatchWithEmptyStrings
* Compiling Tests
** Write a test suite: 0 called: 0 to improve: false
* Compiling Tests
** Write a test suite: 0 called: 0 to improve: false
* Compiling Tests
** Write a test suite: 0 called: 0 to improve: true
** Improve Understandability: ** Test Code is: RelativeString diff = StringIncrementor.diff("", "");
assertEquals(0, diff.linksCount());


** It was a parseable test case! 
refined test name is: testDiffEmptyStrings
* Compiling Tests
** Write a test suite: 0 called: 0 to improve: false
* Compiling Tests
** Write a test suite: 0 called: 0 to improve: true
** Improve Understandability: ** Test Code is: RelativeString arg1 = new RelativeString();
String patch = StringIncrementor.patch(":", arg1);
assertEquals("", patch);


** It was a parseable test case! 
refined test name is: testPatchEmptyRelativeString
Going to execute: handleTestsThatAreUnstable
* Compiling Tests
[MASTER] 04:44:05.259 [logback-1] WARN  AgentLoader - Failed to find EvoSuite jar in current classloader. URLs of classloader:
file:/root/.sdkman/candidates/java/8.0.333.fx-librca/jre/../lib/tools.jar
file:/root/.sdkman/candidates/java/8.0.333.fx-librca/jre/lib/ext/cldrdata.jar
file:/root/.sdkman/candidates/java/8.0.333.fx-librca/jre/lib/ext/sunec.jar
file:/root/.sdkman/candidates/java/8.0.333.fx-librca/jre/lib/ext/localedata.jar
file:/root/.sdkman/candidates/java/8.0.333.fx-librca/jre/lib/ext/jaccess.jar
file:/tmp/EvoSuite_pathingJar1168329092558725041.jar
file:/root/.sdkman/candidates/java/8.0.333.fx-librca/jre/lib/ext/dnsns.jar
file:/root/.sdkman/candidates/java/8.0.333.fx-librca/jre/lib/ext/sunpkcs11.jar
file:/root/.sdkman/candidates/java/8.0.333.fx-librca/jre/lib/ext/zipfs.jar
file:/root/.sdkman/candidates/java/8.0.333.fx-librca/jre/lib/ext/jfxrt.jar
file:/root/.sdkman/candidates/java/8.0.333.fx-librca/jre/lib/ext/sunjce_provider.jar
file:/root/.sdkman/candidates/java/8.0.333.fx-librca/jre/lib/ext/nashorn.jar
[MASTER] 04:44:05.284 [logback-1] WARN  JUnitAnalyzer - Found unstable test named initializationError -> class java.lang.RuntimeException: Cannot find either the compilation target folder nor the EvoSuite jar in classpath: /tmp/EvoSuite_pathingJar1168329092558725041.jar
Going to execute: handleTestsThatAreUnstable
* Compiling Tests
** Write a test suite: 0 called: 0 to improve: false
[MASTER] 04:44:05.333 [logback-1] WARN  AgentLoader - Failed to find EvoSuite jar in current classloader. URLs of classloader:
file:/root/.sdkman/candidates/java/8.0.333.fx-librca/jre/../lib/tools.jar
file:/root/.sdkman/candidates/java/8.0.333.fx-librca/jre/lib/ext/cldrdata.jar
file:/root/.sdkman/candidates/java/8.0.333.fx-librca/jre/lib/ext/sunec.jar
file:/root/.sdkman/candidates/java/8.0.333.fx-librca/jre/lib/ext/localedata.jar
file:/root/.sdkman/candidates/java/8.0.333.fx-librca/jre/lib/ext/jaccess.jar
file:/tmp/EvoSuite_pathingJar1168329092558725041.jar
file:/root/.sdkman/candidates/java/8.0.333.fx-librca/jre/lib/ext/dnsns.jar
file:/root/.sdkman/candidates/java/8.0.333.fx-librca/jre/lib/ext/sunpkcs11.jar
file:/root/.sdkman/candidates/java/8.0.333.fx-librca/jre/lib/ext/zipfs.jar
file:/root/.sdkman/candidates/java/8.0.333.fx-librca/jre/lib/ext/jfxrt.jar
file:/root/.sdkman/candidates/java/8.0.333.fx-librca/jre/lib/ext/sunjce_provider.jar
file:/root/.sdkman/candidates/java/8.0.333.fx-librca/jre/lib/ext/nashorn.jar
[MASTER] 04:44:05.334 [logback-1] WARN  JUnitAnalyzer - Found unstable test named initializationError -> class java.lang.RuntimeException: Cannot find either the compilation target folder nor the EvoSuite jar in classpath: /tmp/EvoSuite_pathingJar1168329092558725041.jar
Going to execute: handleTestsThatAreUnstable
* Compiling Tests
[MASTER] 04:44:05.398 [logback-1] WARN  AgentLoader - Failed to find EvoSuite jar in current classloader. URLs of classloader:
file:/root/.sdkman/candidates/java/8.0.333.fx-librca/jre/../lib/tools.jar
file:/root/.sdkman/candidates/java/8.0.333.fx-librca/jre/lib/ext/cldrdata.jar
file:/root/.sdkman/candidates/java/8.0.333.fx-librca/jre/lib/ext/sunec.jar
file:/root/.sdkman/candidates/java/8.0.333.fx-librca/jre/lib/ext/localedata.jar
file:/root/.sdkman/candidates/java/8.0.333.fx-librca/jre/lib/ext/jaccess.jar
file:/tmp/EvoSuite_pathingJar1168329092558725041.jar
file:/root/.sdkman/candidates/java/8.0.333.fx-librca/jre/lib/ext/dnsns.jar
file:/root/.sdkman/candidates/java/8.0.333.fx-librca/jre/lib/ext/sunpkcs11.jar
file:/root/.sdkman/candidates/java/8.0.333.fx-librca/jre/lib/ext/zipfs.jar
file:/root/.sdkman/candidates/java/8.0.333.fx-librca/jre/lib/ext/jfxrt.jar
file:/root/.sdkman/candidates/java/8.0.333.fx-librca/jre/lib/ext/sunjce_provider.jar
file:/root/.sdkman/candidates/java/8.0.333.fx-librca/jre/lib/ext/nashorn.jar
[MASTER] 04:44:05.399 [logback-1] WARN  JUnitAnalyzer - Found unstable test named initializationError -> class java.lang.RuntimeException: Cannot find either the compilation target folder nor the EvoSuite jar in classpath: /tmp/EvoSuite_pathingJar1168329092558725041.jar
Going to execute: handleTestsThatAreUnstable
* Compiling Tests
[MASTER] 04:44:05.448 [logback-1] WARN  AgentLoader - Failed to find EvoSuite jar in current classloader. URLs of classloader:
file:/root/.sdkman/candidates/java/8.0.333.fx-librca/jre/../lib/tools.jar
file:/root/.sdkman/candidates/java/8.0.333.fx-librca/jre/lib/ext/cldrdata.jar
file:/root/.sdkman/candidates/java/8.0.333.fx-librca/jre/lib/ext/sunec.jar
file:/root/.sdkman/candidates/java/8.0.333.fx-librca/jre/lib/ext/localedata.jar
file:/root/.sdkman/candidates/java/8.0.333.fx-librca/jre/lib/ext/jaccess.jar
file:/tmp/EvoSuite_pathingJar1168329092558725041.jar
file:/root/.sdkman/candidates/java/8.0.333.fx-librca/jre/lib/ext/dnsns.jar
file:/root/.sdkman/candidates/java/8.0.333.fx-librca/jre/lib/ext/sunpkcs11.jar
file:/root/.sdkman/candidates/java/8.0.333.fx-librca/jre/lib/ext/zipfs.jar
file:/root/.sdkman/candidates/java/8.0.333.fx-librca/jre/lib/ext/jfxrt.jar
file:/root/.sdkman/candidates/java/8.0.333.fx-librca/jre/lib/ext/sunjce_provider.jar
file:/root/.sdkman/candidates/java/8.0.333.fx-librca/jre/lib/ext/nashorn.jar
[MASTER] 04:44:05.449 [logback-1] WARN  JUnitAnalyzer - Found unstable test named initializationError -> class java.lang.RuntimeException: Cannot find either the compilation target folder nor the EvoSuite jar in classpath: /tmp/EvoSuite_pathingJar1168329092558725041.jar
Going to execute: handleTestsThatAreUnstable
* Compiling Tests
[MASTER] 04:44:05.499 [logback-1] WARN  AgentLoader - Failed to find EvoSuite jar in current classloader. URLs of classloader:
file:/root/.sdkman/candidates/java/8.0.333.fx-librca/jre/../lib/tools.jar
file:/root/.sdkman/candidates/java/8.0.333.fx-librca/jre/lib/ext/cldrdata.jar
file:/root/.sdkman/candidates/java/8.0.333.fx-librca/jre/lib/ext/sunec.jar
file:/root/.sdkman/candidates/java/8.0.333.fx-librca/jre/lib/ext/localedata.jar
file:/root/.sdkman/candidates/java/8.0.333.fx-librca/jre/lib/ext/jaccess.jar
file:/tmp/EvoSuite_pathingJar1168329092558725041.jar
file:/root/.sdkman/candidates/java/8.0.333.fx-librca/jre/lib/ext/dnsns.jar
file:/root/.sdkman/candidates/java/8.0.333.fx-librca/jre/lib/ext/sunpkcs11.jar
file:/root/.sdkman/candidates/java/8.0.333.fx-librca/jre/lib/ext/zipfs.jar
file:/root/.sdkman/candidates/java/8.0.333.fx-librca/jre/lib/ext/jfxrt.jar
file:/root/.sdkman/candidates/java/8.0.333.fx-librca/jre/lib/ext/sunjce_provider.jar
file:/root/.sdkman/candidates/java/8.0.333.fx-librca/jre/lib/ext/nashorn.jar
[MASTER] 04:44:05.500 [logback-1] WARN  JUnitAnalyzer - Found unstable test named initializationError -> class java.lang.RuntimeException: Cannot find either the compilation target folder nor the EvoSuite jar in classpath: /tmp/EvoSuite_pathingJar1168329092558725041.jar
Going to execute: handleTestsThatAreUnstable
* Compiling Tests
[MASTER] 04:44:05.556 [logback-1] WARN  AgentLoader - Failed to find EvoSuite jar in current classloader. URLs of classloader:
file:/root/.sdkman/candidates/java/8.0.333.fx-librca/jre/../lib/tools.jar
file:/root/.sdkman/candidates/java/8.0.333.fx-librca/jre/lib/ext/cldrdata.jar
file:/root/.sdkman/candidates/java/8.0.333.fx-librca/jre/lib/ext/sunec.jar
file:/root/.sdkman/candidates/java/8.0.333.fx-librca/jre/lib/ext/localedata.jar
file:/root/.sdkman/candidates/java/8.0.333.fx-librca/jre/lib/ext/jaccess.jar
file:/tmp/EvoSuite_pathingJar1168329092558725041.jar
file:/root/.sdkman/candidates/java/8.0.333.fx-librca/jre/lib/ext/dnsns.jar
file:/root/.sdkman/candidates/java/8.0.333.fx-librca/jre/lib/ext/sunpkcs11.jar
file:/root/.sdkman/candidates/java/8.0.333.fx-librca/jre/lib/ext/zipfs.jar
file:/root/.sdkman/candidates/java/8.0.333.fx-librca/jre/lib/ext/jfxrt.jar
file:/root/.sdkman/candidates/java/8.0.333.fx-librca/jre/lib/ext/sunjce_provider.jar
file:/root/.sdkman/candidates/java/8.0.333.fx-librca/jre/lib/ext/nashorn.jar
[MASTER] 04:44:05.557 [logback-1] WARN  JUnitAnalyzer - Found unstable test named initializationError -> class java.lang.RuntimeException: Cannot find either the compilation target folder nor the EvoSuite jar in classpath: /tmp/EvoSuite_pathingJar1168329092558725041.jar
Going to execute: handleTestsThatAreUnstable
* Compiling Tests
** Write a test suite: 0 called: 0 to improve: false
[MASTER] 04:44:05.615 [logback-1] WARN  AgentLoader - Failed to find EvoSuite jar in current classloader. URLs of classloader:
file:/root/.sdkman/candidates/java/8.0.333.fx-librca/jre/../lib/tools.jar
file:/root/.sdkman/candidates/java/8.0.333.fx-librca/jre/lib/ext/cldrdata.jar
file:/root/.sdkman/candidates/java/8.0.333.fx-librca/jre/lib/ext/sunec.jar
file:/root/.sdkman/candidates/java/8.0.333.fx-librca/jre/lib/ext/localedata.jar
file:/root/.sdkman/candidates/java/8.0.333.fx-librca/jre/lib/ext/jaccess.jar
file:/tmp/EvoSuite_pathingJar1168329092558725041.jar
file:/root/.sdkman/candidates/java/8.0.333.fx-librca/jre/lib/ext/dnsns.jar
file:/root/.sdkman/candidates/java/8.0.333.fx-librca/jre/lib/ext/sunpkcs11.jar
file:/root/.sdkman/candidates/java/8.0.333.fx-librca/jre/lib/ext/zipfs.jar
file:/root/.sdkman/candidates/java/8.0.333.fx-librca/jre/lib/ext/jfxrt.jar
file:/root/.sdkman/candidates/java/8.0.333.fx-librca/jre/lib/ext/sunjce_provider.jar
file:/root/.sdkman/candidates/java/8.0.333.fx-librca/jre/lib/ext/nashorn.jar
[MASTER] 04:44:05.615 [logback-1] WARN  JUnitAnalyzer - Found unstable test named initializationError -> class java.lang.RuntimeException: Cannot find either the compilation target folder nor the EvoSuite jar in classpath: /tmp/EvoSuite_pathingJar1168329092558725041.jar
Going to execute: handleTestsThatAreUnstable
* Compiling Tests
[MASTER] 04:44:05.662 [logback-1] WARN  AgentLoader - Failed to find EvoSuite jar in current classloader. URLs of classloader:
file:/root/.sdkman/candidates/java/8.0.333.fx-librca/jre/../lib/tools.jar
file:/root/.sdkman/candidates/java/8.0.333.fx-librca/jre/lib/ext/cldrdata.jar
file:/root/.sdkman/candidates/java/8.0.333.fx-librca/jre/lib/ext/sunec.jar
file:/root/.sdkman/candidates/java/8.0.333.fx-librca/jre/lib/ext/localedata.jar
file:/root/.sdkman/candidates/java/8.0.333.fx-librca/jre/lib/ext/jaccess.jar
file:/tmp/EvoSuite_pathingJar1168329092558725041.jar
file:/root/.sdkman/candidates/java/8.0.333.fx-librca/jre/lib/ext/dnsns.jar
file:/root/.sdkman/candidates/java/8.0.333.fx-librca/jre/lib/ext/sunpkcs11.jar
file:/root/.sdkman/candidates/java/8.0.333.fx-librca/jre/lib/ext/zipfs.jar
file:/root/.sdkman/candidates/java/8.0.333.fx-librca/jre/lib/ext/jfxrt.jar
file:/root/.sdkman/candidates/java/8.0.333.fx-librca/jre/lib/ext/sunjce_provider.jar
file:/root/.sdkman/candidates/java/8.0.333.fx-librca/jre/lib/ext/nashorn.jar
[MASTER] 04:44:05.663 [logback-1] WARN  JUnitAnalyzer - Found unstable test named initializationError -> class java.lang.RuntimeException: Cannot find either the compilation target folder nor the EvoSuite jar in classpath: /tmp/EvoSuite_pathingJar1168329092558725041.jar
Going to execute: handleTestsThatAreUnstable
* Compiling Tests
[MASTER] 04:44:05.710 [logback-1] WARN  AgentLoader - Failed to find EvoSuite jar in current classloader. URLs of classloader:
file:/root/.sdkman/candidates/java/8.0.333.fx-librca/jre/../lib/tools.jar
file:/root/.sdkman/candidates/java/8.0.333.fx-librca/jre/lib/ext/cldrdata.jar
file:/root/.sdkman/candidates/java/8.0.333.fx-librca/jre/lib/ext/sunec.jar
file:/root/.sdkman/candidates/java/8.0.333.fx-librca/jre/lib/ext/localedata.jar
file:/root/.sdkman/candidates/java/8.0.333.fx-librca/jre/lib/ext/jaccess.jar
file:/tmp/EvoSuite_pathingJar1168329092558725041.jar
file:/root/.sdkman/candidates/java/8.0.333.fx-librca/jre/lib/ext/dnsns.jar
file:/root/.sdkman/candidates/java/8.0.333.fx-librca/jre/lib/ext/sunpkcs11.jar
file:/root/.sdkman/candidates/java/8.0.333.fx-librca/jre/lib/ext/zipfs.jar
file:/root/.sdkman/candidates/java/8.0.333.fx-librca/jre/lib/ext/jfxrt.jar
file:/root/.sdkman/candidates/java/8.0.333.fx-librca/jre/lib/ext/sunjce_provider.jar
file:/root/.sdkman/candidates/java/8.0.333.fx-librca/jre/lib/ext/nashorn.jar
[MASTER] 04:44:05.711 [logback-1] WARN  JUnitAnalyzer - Found unstable test named initializationError -> class java.lang.RuntimeException: Cannot find either the compilation target folder nor the EvoSuite jar in classpath: /tmp/EvoSuite_pathingJar1168329092558725041.jar
Going to execute: handleTestsThatAreUnstable
* Compiling Tests
[MASTER] 04:44:05.767 [logback-1] WARN  AgentLoader - Failed to find EvoSuite jar in current classloader. URLs of classloader:
file:/root/.sdkman/candidates/java/8.0.333.fx-librca/jre/../lib/tools.jar
file:/root/.sdkman/candidates/java/8.0.333.fx-librca/jre/lib/ext/cldrdata.jar
file:/root/.sdkman/candidates/java/8.0.333.fx-librca/jre/lib/ext/sunec.jar
file:/root/.sdkman/candidates/java/8.0.333.fx-librca/jre/lib/ext/localedata.jar
file:/root/.sdkman/candidates/java/8.0.333.fx-librca/jre/lib/ext/jaccess.jar
file:/tmp/EvoSuite_pathingJar1168329092558725041.jar
file:/root/.sdkman/candidates/java/8.0.333.fx-librca/jre/lib/ext/dnsns.jar
file:/root/.sdkman/candidates/java/8.0.333.fx-librca/jre/lib/ext/sunpkcs11.jar
file:/root/.sdkman/candidates/java/8.0.333.fx-librca/jre/lib/ext/zipfs.jar
file:/root/.sdkman/candidates/java/8.0.333.fx-librca/jre/lib/ext/jfxrt.jar
file:/root/.sdkman/candidates/java/8.0.333.fx-librca/jre/lib/ext/sunjce_provider.jar
file:/root/.sdkman/candidates/java/8.0.333.fx-librca/jre/lib/ext/nashorn.jar
[MASTER] 04:44:05.768 [logback-1] WARN  JUnitAnalyzer - Found unstable test named initializationError -> class java.lang.RuntimeException: Cannot find either the compilation target folder nor the EvoSuite jar in classpath: /tmp/EvoSuite_pathingJar1168329092558725041.jar
Going to execute: handleTestsThatAreUnstable
* Compiling Tests
[MASTER] 04:44:05.833 [logback-1] WARN  AgentLoader - Failed to find EvoSuite jar in current classloader. URLs of classloader:
file:/root/.sdkman/candidates/java/8.0.333.fx-librca/jre/../lib/tools.jar
file:/root/.sdkman/candidates/java/8.0.333.fx-librca/jre/lib/ext/cldrdata.jar
file:/root/.sdkman/candidates/java/8.0.333.fx-librca/jre/lib/ext/sunec.jar
file:/root/.sdkman/candidates/java/8.0.333.fx-librca/jre/lib/ext/localedata.jar
file:/root/.sdkman/candidates/java/8.0.333.fx-librca/jre/lib/ext/jaccess.jar
file:/tmp/EvoSuite_pathingJar1168329092558725041.jar
file:/root/.sdkman/candidates/java/8.0.333.fx-librca/jre/lib/ext/dnsns.jar
file:/root/.sdkman/candidates/java/8.0.333.fx-librca/jre/lib/ext/sunpkcs11.jar
file:/root/.sdkman/candidates/java/8.0.333.fx-librca/jre/lib/ext/zipfs.jar
file:/root/.sdkman/candidates/java/8.0.333.fx-librca/jre/lib/ext/jfxrt.jar
file:/root/.sdkman/candidates/java/8.0.333.fx-librca/jre/lib/ext/sunjce_provider.jar
file:/root/.sdkman/candidates/java/8.0.333.fx-librca/jre/lib/ext/nashorn.jar
[MASTER] 04:44:05.834 [logback-1] WARN  JUnitAnalyzer - Found unstable test named initializationError -> class java.lang.RuntimeException: Cannot find either the compilation target folder nor the EvoSuite jar in classpath: /tmp/EvoSuite_pathingJar1168329092558725041.jar
Going to execute: handleTestsThatAreUnstable
* Compiling Tests
[MASTER] 04:44:05.899 [logback-1] WARN  AgentLoader - Failed to find EvoSuite jar in current classloader. URLs of classloader:
file:/root/.sdkman/candidates/java/8.0.333.fx-librca/jre/../lib/tools.jar
file:/root/.sdkman/candidates/java/8.0.333.fx-librca/jre/lib/ext/cldrdata.jar
file:/root/.sdkman/candidates/java/8.0.333.fx-librca/jre/lib/ext/sunec.jar
file:/root/.sdkman/candidates/java/8.0.333.fx-librca/jre/lib/ext/localedata.jar
file:/root/.sdkman/candidates/java/8.0.333.fx-librca/jre/lib/ext/jaccess.jar
file:/tmp/EvoSuite_pathingJar1168329092558725041.jar
file:/root/.sdkman/candidates/java/8.0.333.fx-librca/jre/lib/ext/dnsns.jar
file:/root/.sdkman/candidates/java/8.0.333.fx-librca/jre/lib/ext/sunpkcs11.jar
file:/root/.sdkman/candidates/java/8.0.333.fx-librca/jre/lib/ext/zipfs.jar
file:/root/.sdkman/candidates/java/8.0.333.fx-librca/jre/lib/ext/jfxrt.jar
file:/root/.sdkman/candidates/java/8.0.333.fx-librca/jre/lib/ext/sunjce_provider.jar
file:/root/.sdkman/candidates/java/8.0.333.fx-librca/jre/lib/ext/nashorn.jar
[MASTER] 04:44:05.902 [logback-1] WARN  JUnitAnalyzer - Found unstable test named initializationError -> class java.lang.RuntimeException: Cannot find either the compilation target folder nor the EvoSuite jar in classpath: /tmp/EvoSuite_pathingJar1168329092558725041.jar
Going to execute: handleTestsThatAreUnstable
* Compiling Tests
** Write a test suite: 1 called: 0 to improve: false
** Write a test suite: 6 called: 1 to improve: false
[MASTER] 04:44:06.301 [logback-1] WARN  AgentLoader - Failed to find EvoSuite jar in current classloader. URLs of classloader:
file:/root/.sdkman/candidates/java/8.0.333.fx-librca/jre/../lib/tools.jar
file:/root/.sdkman/candidates/java/8.0.333.fx-librca/jre/lib/ext/cldrdata.jar
file:/root/.sdkman/candidates/java/8.0.333.fx-librca/jre/lib/ext/sunec.jar
file:/root/.sdkman/candidates/java/8.0.333.fx-librca/jre/lib/ext/localedata.jar
file:/root/.sdkman/candidates/java/8.0.333.fx-librca/jre/lib/ext/jaccess.jar
file:/tmp/EvoSuite_pathingJar1168329092558725041.jar
file:/root/.sdkman/candidates/java/8.0.333.fx-librca/jre/lib/ext/dnsns.jar
file:/root/.sdkman/candidates/java/8.0.333.fx-librca/jre/lib/ext/sunpkcs11.jar
file:/root/.sdkman/candidates/java/8.0.333.fx-librca/jre/lib/ext/zipfs.jar
file:/root/.sdkman/candidates/java/8.0.333.fx-librca/jre/lib/ext/jfxrt.jar
file:/root/.sdkman/candidates/java/8.0.333.fx-librca/jre/lib/ext/sunjce_provider.jar
file:/root/.sdkman/candidates/java/8.0.333.fx-librca/jre/lib/ext/nashorn.jar
[MASTER] 04:44:06.305 [logback-1] WARN  JUnitAnalyzer - Found unstable test named initializationError -> class java.lang.RuntimeException: Cannot find either the compilation target folder nor the EvoSuite jar in classpath: /tmp/EvoSuite_pathingJar1168329092558725041.jar
Going to execute: handleTestsThatAreUnstable
* Compiling Tests
** Write a test suite: 5 called: 0 to improve: false
** Write a test suite: 10 called: 1 to improve: false
[MASTER] 04:44:06.606 [logback-1] WARN  AgentLoader - Failed to find EvoSuite jar in current classloader. URLs of classloader:
file:/root/.sdkman/candidates/java/8.0.333.fx-librca/jre/../lib/tools.jar
file:/root/.sdkman/candidates/java/8.0.333.fx-librca/jre/lib/ext/cldrdata.jar
file:/root/.sdkman/candidates/java/8.0.333.fx-librca/jre/lib/ext/sunec.jar
file:/root/.sdkman/candidates/java/8.0.333.fx-librca/jre/lib/ext/localedata.jar
file:/root/.sdkman/candidates/java/8.0.333.fx-librca/jre/lib/ext/jaccess.jar
file:/tmp/EvoSuite_pathingJar1168329092558725041.jar
file:/root/.sdkman/candidates/java/8.0.333.fx-librca/jre/lib/ext/dnsns.jar
file:/root/.sdkman/candidates/java/8.0.333.fx-librca/jre/lib/ext/sunpkcs11.jar
file:/root/.sdkman/candidates/java/8.0.333.fx-librca/jre/lib/ext/zipfs.jar
file:/root/.sdkman/candidates/java/8.0.333.fx-librca/jre/lib/ext/jfxrt.jar
file:/root/.sdkman/candidates/java/8.0.333.fx-librca/jre/lib/ext/sunjce_provider.jar
file:/root/.sdkman/candidates/java/8.0.333.fx-librca/jre/lib/ext/nashorn.jar
[MASTER] 04:44:06.607 [logback-1] WARN  JUnitAnalyzer - Found unstable test named initializationError -> class java.lang.RuntimeException: Cannot find either the compilation target folder nor the EvoSuite jar in classpath: /tmp/EvoSuite_pathingJar1168329092558725041.jar
[MASTER] 04:44:06.847 [logback-1] WARN  TimeController - Already entered in phase: INLINING. This will mess up the timing calculations.
* test suite isTestSuite: 14
Test 0: 
RelativeString diff = StringIncrementor.diff("OhkPqn5Z5vgauGDij|c", "OhkPqn5Z5vgauGDij|c");
StringIncrementor.patch("OhkPqn5Z5vgauGDij|c", diff);
Test 1: 
StringIncrementor stringIncrementor = new StringIncrementor();
Test 2: 
// Undeclared exception!
try { 
  StringIncrementor.diff("", "G{:iYhVGNQl@?=", true);
  fail("Expecting exception: ArithmeticException");

} catch(ArithmeticException e) {
   //
   // no message in exception (getMessage() returned null)
   //
}

Test 3: 
StringIncrementor.diff(" absolute chars (", " absolute char (");
Test 4: 
StringIncrementor.diff("0|'TOj>/:mInN+r\tb", "0|'TOj>/:mInN+r\tb", true);
Test 5: 
RelativeString diff = StringIncrementor.diff("~HhP6BLJ=<FOwty%", "~HhP6BLJ=<FOwty%");
StringLink stringLink = new StringLink(1, 1, 1);
diff.addLink(stringLink);
// Undeclared exception!
try { 
  StringIncrementor.patch("~HhP6BLJ=<FOwty%", diff);
  fail("Expecting exception: StringIndexOutOfBoundsException");

} catch(StringIndexOutOfBoundsException e) {
}

Test 6: 
StringLink stringLink = new StringLink(48, 18, (-1));
RelativeString diff = StringIncrementor.diff("=:D]YCkr", " absolute Bytes from pos#");
diff.addLink(stringLink);
// Undeclared exception!
try { 
  StringIncrementor.patch("Adding Link: ", diff, true);
  fail("Expecting exception: StringIndexOutOfBoundsException");

} catch(StringIndexOutOfBoundsException e) {
}

Test 7: 
StringIncrementor.diff("", "R'R*axCTln?URek'Ly", false);
Test 8: 
StringIncrementor.diff("f3&NqFJ|b?PU:$HG", "f3&NqFJ|b?PU:$HG", false);
Test 9: 
RelativeString relativeString = new RelativeString();
StringLink stringLink = new StringLink(12, 12, 5);
relativeString.addLink(stringLink);
// Undeclared exception!
try { 
  StringIncrementor.patch("[", relativeString, false);
  fail("Expecting exception: StringIndexOutOfBoundsException");

} catch(StringIndexOutOfBoundsException e) {
}

Test 10: 
RelativeString diff = StringIncrementor.diff("Searching links...", "));rV~Rd", false);
byte[] byteArray = new byte[5];
StringLink stringLink = new StringLink(byteArray);
diff.addLink(stringLink);
StringIncrementor.patch("Searching links...", diff, false);
Test 11: 
StringIncrementor.diff("", "");
Test 12: 
RelativeString relativeString = new RelativeString();
StringIncrementor.patch(":", relativeString);
Test 13: 
RelativeString diff = StringIncrementor.diff("", "", false);
StringIncrementor.patch((String) null, diff, false);

* Minimizing test suite
* test suite isTestSuite: 14
Test 0: 
StringIncrementor.diff(" absolute chars (", " absolute char (");
Test 1: 
RelativeString diff = StringIncrementor.diff("OhkPqn5Z5vgauGDij|c", "OhkPqn5Z5vgauGDij|c");
StringIncrementor.patch("OhkPqn5Z5vgauGDij|c", diff);
Test 2: 
StringIncrementor stringIncrementor = new StringIncrementor();
Test 3: 
// Undeclared exception!
try { 
  StringIncrementor.diff("", "G{:iYhVGNQl@?=", true);
  fail("Expecting exception: ArithmeticException");

} catch(ArithmeticException e) {
   //
   // no message in exception (getMessage() returned null)
   //
}

Test 4: 
StringIncrementor.diff("", "R'R*axCTln?URek'Ly", false);
Test 5: 
StringIncrementor.diff("0|'TOj>/:mInN+r\tb", "0|'TOj>/:mInN+r\tb", true);
Test 6: 
RelativeString diff = StringIncrementor.diff("~HhP6BLJ=<FOwty%", "~HhP6BLJ=<FOwty%");
StringLink stringLink = new StringLink(1, 1, 1);
diff.addLink(stringLink);
// Undeclared exception!
try { 
  StringIncrementor.patch("~HhP6BLJ=<FOwty%", diff);
  fail("Expecting exception: StringIndexOutOfBoundsException");

} catch(StringIndexOutOfBoundsException e) {
}

Test 7: 
StringLink stringLink = new StringLink(48, 18, (-1));
RelativeString diff = StringIncrementor.diff("=:D]YCkr", " absolute Bytes from pos#");
diff.addLink(stringLink);
// Undeclared exception!
try { 
  StringIncrementor.patch("Adding Link: ", diff, true);
  fail("Expecting exception: StringIndexOutOfBoundsException");

} catch(StringIndexOutOfBoundsException e) {
}

Test 8: 
StringIncrementor.diff("f3&NqFJ|b?PU:$HG", "f3&NqFJ|b?PU:$HG", false);
Test 9: 
RelativeString diff = StringIncrementor.diff("", "", false);
StringIncrementor.patch((String) null, diff, false);
Test 10: 
RelativeString diff = StringIncrementor.diff("Searching links...", "));rV~Rd", false);
byte[] byteArray = new byte[5];
StringLink stringLink = new StringLink(byteArray);
diff.addLink(stringLink);
StringIncrementor.patch("Searching links...", diff, false);
Test 11: 
RelativeString relativeString = new RelativeString();
StringLink stringLink = new StringLink(12, 12, 5);
relativeString.addLink(stringLink);
// Undeclared exception!
try { 
  StringIncrementor.patch("[", relativeString, false);
  fail("Expecting exception: StringIndexOutOfBoundsException");

} catch(StringIndexOutOfBoundsException e) {
}

Test 12: 
StringIncrementor.diff("", "");
Test 13: 
RelativeString relativeString = new RelativeString();
StringIncrementor.patch(":", relativeString);

[MASTER] 04:44:09.948 [logback-1] WARN  TimeController - Already entered in phase: MINIMIZATION. This will mess up the timing calculations.
* Going to analyze the coverage criteria
* Coverage analysis for criterion BRANCH
* Coverage of criterion BRANCH: 91%
* Total number of goals: 35
* Number of covered goals: 32
* Coverage analysis for criterion LINE
* Coverage of criterion LINE: 98%
* Total number of goals: 57
* Number of covered goals: 56
* Coverage analysis for criterion OUTPUT
* Coverage of criterion OUTPUT: 60%
* Total number of goals: 20
* Number of covered goals: 12
* Coverage analysis for criterion METHOD
* Coverage of criterion METHOD: 100%
* Total number of goals: 5
* Number of covered goals: 5
* Coverage analysis for criterion CBRANCH
* Coverage of criterion CBRANCH: 83%
* Total number of goals: 35
* Number of covered goals: 29
* Generated 14 tests with total length 30
* Resulting test suite's coverage: 87% (average coverage for all fitness functions)
* Generating assertions
[MASTER] 04:44:09.982 [logback-1] WARN  TimeController - Already entered in phase: COVERAGE_ANALYSIS. This will mess up the timing calculations.
* Resulting test suite's mutation score: 37%
* Compiling and checking tests
[MASTER] 04:44:12.240 [logback-1] WARN  TimeController - Already entered in phase: ASSERTION_GENERATION. This will mess up the timing calculations.
Going to execute: removeTestsThatDoNotCompile
* Compiling Tests
** Write a test suite: 0 called: 0 to improve: false
* Compiling Tests
** Write a test suite: 0 called: 0 to improve: false
* Compiling Tests
** Write a test suite: 0 called: 0 to improve: false
* Compiling Tests
** Write a test suite: 0 called: 0 to improve: false
* Compiling Tests
** Write a test suite: 0 called: 0 to improve: false
* Compiling Tests
** Write a test suite: 0 called: 0 to improve: false
* Compiling Tests
** Write a test suite: 0 called: 0 to improve: false
* Compiling Tests
** Write a test suite: 0 called: 0 to improve: false
* Compiling Tests
** Write a test suite: 0 called: 0 to improve: false
* Compiling Tests
** Write a test suite: 0 called: 0 to improve: false
* Compiling Tests
** Write a test suite: 0 called: 0 to improve: false
* Compiling Tests
** Write a test suite: 0 called: 0 to improve: false
* Compiling Tests
** Write a test suite: 0 called: 0 to improve: false
* Compiling Tests
** Write a test suite: 0 called: 0 to improve: false
Going to execute: handleTestsThatAreUnstable
* Compiling Tests
** Write a test suite: 0 called: 0 to improve: false
[MASTER] 04:44:12.888 [logback-1] WARN  AgentLoader - Failed to find EvoSuite jar in current classloader. URLs of classloader:
file:/root/.sdkman/candidates/java/8.0.333.fx-librca/jre/../lib/tools.jar
file:/root/.sdkman/candidates/java/8.0.333.fx-librca/jre/lib/ext/cldrdata.jar
file:/root/.sdkman/candidates/java/8.0.333.fx-librca/jre/lib/ext/sunec.jar
file:/root/.sdkman/candidates/java/8.0.333.fx-librca/jre/lib/ext/localedata.jar
file:/root/.sdkman/candidates/java/8.0.333.fx-librca/jre/lib/ext/jaccess.jar
file:/tmp/EvoSuite_pathingJar1168329092558725041.jar
file:/root/.sdkman/candidates/java/8.0.333.fx-librca/jre/lib/ext/dnsns.jar
file:/root/.sdkman/candidates/java/8.0.333.fx-librca/jre/lib/ext/sunpkcs11.jar
file:/root/.sdkman/candidates/java/8.0.333.fx-librca/jre/lib/ext/zipfs.jar
file:/root/.sdkman/candidates/java/8.0.333.fx-librca/jre/lib/ext/jfxrt.jar
file:/root/.sdkman/candidates/java/8.0.333.fx-librca/jre/lib/ext/sunjce_provider.jar
file:/root/.sdkman/candidates/java/8.0.333.fx-librca/jre/lib/ext/nashorn.jar
[MASTER] 04:44:12.889 [logback-1] WARN  JUnitAnalyzer - Found unstable test named initializationError -> class java.lang.RuntimeException: Cannot find either the compilation target folder nor the EvoSuite jar in classpath: /tmp/EvoSuite_pathingJar1168329092558725041.jar
Going to execute: handleTestsThatAreUnstable
* Compiling Tests
** Write a test suite: 0 called: 0 to improve: false
[MASTER] 04:44:12.929 [logback-1] WARN  AgentLoader - Failed to find EvoSuite jar in current classloader. URLs of classloader:
file:/root/.sdkman/candidates/java/8.0.333.fx-librca/jre/../lib/tools.jar
file:/root/.sdkman/candidates/java/8.0.333.fx-librca/jre/lib/ext/cldrdata.jar
file:/root/.sdkman/candidates/java/8.0.333.fx-librca/jre/lib/ext/sunec.jar
file:/root/.sdkman/candidates/java/8.0.333.fx-librca/jre/lib/ext/localedata.jar
file:/root/.sdkman/candidates/java/8.0.333.fx-librca/jre/lib/ext/jaccess.jar
file:/tmp/EvoSuite_pathingJar1168329092558725041.jar
file:/root/.sdkman/candidates/java/8.0.333.fx-librca/jre/lib/ext/dnsns.jar
file:/root/.sdkman/candidates/java/8.0.333.fx-librca/jre/lib/ext/sunpkcs11.jar
file:/root/.sdkman/candidates/java/8.0.333.fx-librca/jre/lib/ext/zipfs.jar
file:/root/.sdkman/candidates/java/8.0.333.fx-librca/jre/lib/ext/jfxrt.jar
file:/root/.sdkman/candidates/java/8.0.333.fx-librca/jre/lib/ext/sunjce_provider.jar
file:/root/.sdkman/candidates/java/8.0.333.fx-librca/jre/lib/ext/nashorn.jar
[MASTER] 04:44:12.930 [logback-1] WARN  JUnitAnalyzer - Found unstable test named initializationError -> class java.lang.RuntimeException: Cannot find either the compilation target folder nor the EvoSuite jar in classpath: /tmp/EvoSuite_pathingJar1168329092558725041.jar
Going to execute: handleTestsThatAreUnstable
* Compiling Tests
** Write a test suite: 0 called: 0 to improve: false
[MASTER] 04:44:12.974 [logback-1] WARN  AgentLoader - Failed to find EvoSuite jar in current classloader. URLs of classloader:
file:/root/.sdkman/candidates/java/8.0.333.fx-librca/jre/../lib/tools.jar
file:/root/.sdkman/candidates/java/8.0.333.fx-librca/jre/lib/ext/cldrdata.jar
file:/root/.sdkman/candidates/java/8.0.333.fx-librca/jre/lib/ext/sunec.jar
file:/root/.sdkman/candidates/java/8.0.333.fx-librca/jre/lib/ext/localedata.jar
file:/root/.sdkman/candidates/java/8.0.333.fx-librca/jre/lib/ext/jaccess.jar
file:/tmp/EvoSuite_pathingJar1168329092558725041.jar
file:/root/.sdkman/candidates/java/8.0.333.fx-librca/jre/lib/ext/dnsns.jar
file:/root/.sdkman/candidates/java/8.0.333.fx-librca/jre/lib/ext/sunpkcs11.jar
file:/root/.sdkman/candidates/java/8.0.333.fx-librca/jre/lib/ext/zipfs.jar
file:/root/.sdkman/candidates/java/8.0.333.fx-librca/jre/lib/ext/jfxrt.jar
file:/root/.sdkman/candidates/java/8.0.333.fx-librca/jre/lib/ext/sunjce_provider.jar
file:/root/.sdkman/candidates/java/8.0.333.fx-librca/jre/lib/ext/nashorn.jar
[MASTER] 04:44:12.975 [logback-1] WARN  JUnitAnalyzer - Found unstable test named initializationError -> class java.lang.RuntimeException: Cannot find either the compilation target folder nor the EvoSuite jar in classpath: /tmp/EvoSuite_pathingJar1168329092558725041.jar
Going to execute: handleTestsThatAreUnstable
* Compiling Tests
** Write a test suite: 0 called: 0 to improve: false
[MASTER] 04:44:13.017 [logback-1] WARN  AgentLoader - Failed to find EvoSuite jar in current classloader. URLs of classloader:
file:/root/.sdkman/candidates/java/8.0.333.fx-librca/jre/../lib/tools.jar
file:/root/.sdkman/candidates/java/8.0.333.fx-librca/jre/lib/ext/cldrdata.jar
file:/root/.sdkman/candidates/java/8.0.333.fx-librca/jre/lib/ext/sunec.jar
file:/root/.sdkman/candidates/java/8.0.333.fx-librca/jre/lib/ext/localedata.jar
file:/root/.sdkman/candidates/java/8.0.333.fx-librca/jre/lib/ext/jaccess.jar
file:/tmp/EvoSuite_pathingJar1168329092558725041.jar
file:/root/.sdkman/candidates/java/8.0.333.fx-librca/jre/lib/ext/dnsns.jar
file:/root/.sdkman/candidates/java/8.0.333.fx-librca/jre/lib/ext/sunpkcs11.jar
file:/root/.sdkman/candidates/java/8.0.333.fx-librca/jre/lib/ext/zipfs.jar
file:/root/.sdkman/candidates/java/8.0.333.fx-librca/jre/lib/ext/jfxrt.jar
file:/root/.sdkman/candidates/java/8.0.333.fx-librca/jre/lib/ext/sunjce_provider.jar
file:/root/.sdkman/candidates/java/8.0.333.fx-librca/jre/lib/ext/nashorn.jar
[MASTER] 04:44:13.018 [logback-1] WARN  JUnitAnalyzer - Found unstable test named initializationError -> class java.lang.RuntimeException: Cannot find either the compilation target folder nor the EvoSuite jar in classpath: /tmp/EvoSuite_pathingJar1168329092558725041.jar
Going to execute: handleTestsThatAreUnstable
* Compiling Tests
** Write a test suite: 0 called: 0 to improve: false
[MASTER] 04:44:13.072 [logback-1] WARN  AgentLoader - Failed to find EvoSuite jar in current classloader. URLs of classloader:
file:/root/.sdkman/candidates/java/8.0.333.fx-librca/jre/../lib/tools.jar
file:/root/.sdkman/candidates/java/8.0.333.fx-librca/jre/lib/ext/cldrdata.jar
file:/root/.sdkman/candidates/java/8.0.333.fx-librca/jre/lib/ext/sunec.jar
file:/root/.sdkman/candidates/java/8.0.333.fx-librca/jre/lib/ext/localedata.jar
file:/root/.sdkman/candidates/java/8.0.333.fx-librca/jre/lib/ext/jaccess.jar
file:/tmp/EvoSuite_pathingJar1168329092558725041.jar
file:/root/.sdkman/candidates/java/8.0.333.fx-librca/jre/lib/ext/dnsns.jar
file:/root/.sdkman/candidates/java/8.0.333.fx-librca/jre/lib/ext/sunpkcs11.jar
file:/root/.sdkman/candidates/java/8.0.333.fx-librca/jre/lib/ext/zipfs.jar
file:/root/.sdkman/candidates/java/8.0.333.fx-librca/jre/lib/ext/jfxrt.jar
file:/root/.sdkman/candidates/java/8.0.333.fx-librca/jre/lib/ext/sunjce_provider.jar
file:/root/.sdkman/candidates/java/8.0.333.fx-librca/jre/lib/ext/nashorn.jar
[MASTER] 04:44:13.073 [logback-1] WARN  JUnitAnalyzer - Found unstable test named initializationError -> class java.lang.RuntimeException: Cannot find either the compilation target folder nor the EvoSuite jar in classpath: /tmp/EvoSuite_pathingJar1168329092558725041.jar
Going to execute: handleTestsThatAreUnstable
* Compiling Tests
** Write a test suite: 0 called: 0 to improve: false
[MASTER] 04:44:13.126 [logback-1] WARN  AgentLoader - Failed to find EvoSuite jar in current classloader. URLs of classloader:
file:/root/.sdkman/candidates/java/8.0.333.fx-librca/jre/../lib/tools.jar
file:/root/.sdkman/candidates/java/8.0.333.fx-librca/jre/lib/ext/cldrdata.jar
file:/root/.sdkman/candidates/java/8.0.333.fx-librca/jre/lib/ext/sunec.jar
file:/root/.sdkman/candidates/java/8.0.333.fx-librca/jre/lib/ext/localedata.jar
file:/root/.sdkman/candidates/java/8.0.333.fx-librca/jre/lib/ext/jaccess.jar
file:/tmp/EvoSuite_pathingJar1168329092558725041.jar
file:/root/.sdkman/candidates/java/8.0.333.fx-librca/jre/lib/ext/dnsns.jar
file:/root/.sdkman/candidates/java/8.0.333.fx-librca/jre/lib/ext/sunpkcs11.jar
file:/root/.sdkman/candidates/java/8.0.333.fx-librca/jre/lib/ext/zipfs.jar
file:/root/.sdkman/candidates/java/8.0.333.fx-librca/jre/lib/ext/jfxrt.jar
file:/root/.sdkman/candidates/java/8.0.333.fx-librca/jre/lib/ext/sunjce_provider.jar
file:/root/.sdkman/candidates/java/8.0.333.fx-librca/jre/lib/ext/nashorn.jar
[MASTER] 04:44:13.128 [logback-1] WARN  JUnitAnalyzer - Found unstable test named initializationError -> class java.lang.RuntimeException: Cannot find either the compilation target folder nor the EvoSuite jar in classpath: /tmp/EvoSuite_pathingJar1168329092558725041.jar
Going to execute: handleTestsThatAreUnstable
* Compiling Tests
** Write a test suite: 0 called: 0 to improve: false
[MASTER] 04:44:13.182 [logback-1] WARN  AgentLoader - Failed to find EvoSuite jar in current classloader. URLs of classloader:
file:/root/.sdkman/candidates/java/8.0.333.fx-librca/jre/../lib/tools.jar
file:/root/.sdkman/candidates/java/8.0.333.fx-librca/jre/lib/ext/cldrdata.jar
file:/root/.sdkman/candidates/java/8.0.333.fx-librca/jre/lib/ext/sunec.jar
file:/root/.sdkman/candidates/java/8.0.333.fx-librca/jre/lib/ext/localedata.jar
file:/root/.sdkman/candidates/java/8.0.333.fx-librca/jre/lib/ext/jaccess.jar
file:/tmp/EvoSuite_pathingJar1168329092558725041.jar
file:/root/.sdkman/candidates/java/8.0.333.fx-librca/jre/lib/ext/dnsns.jar
file:/root/.sdkman/candidates/java/8.0.333.fx-librca/jre/lib/ext/sunpkcs11.jar
file:/root/.sdkman/candidates/java/8.0.333.fx-librca/jre/lib/ext/zipfs.jar
file:/root/.sdkman/candidates/java/8.0.333.fx-librca/jre/lib/ext/jfxrt.jar
file:/root/.sdkman/candidates/java/8.0.333.fx-librca/jre/lib/ext/sunjce_provider.jar
file:/root/.sdkman/candidates/java/8.0.333.fx-librca/jre/lib/ext/nashorn.jar
[MASTER] 04:44:13.183 [logback-1] WARN  JUnitAnalyzer - Found unstable test named initializationError -> class java.lang.RuntimeException: Cannot find either the compilation target folder nor the EvoSuite jar in classpath: /tmp/EvoSuite_pathingJar1168329092558725041.jar
Going to execute: handleTestsThatAreUnstable
* Compiling Tests
** Write a test suite: 0 called: 0 to improve: false
Going to execute: handleTestsThatAreUnstable
* Compiling Tests
[MASTER] 04:44:13.225 [logback-1] WARN  AgentLoader - Failed to find EvoSuite jar in current classloader. URLs of classloader:
file:/root/.sdkman/candidates/java/8.0.333.fx-librca/jre/../lib/tools.jar
file:/root/.sdkman/candidates/java/8.0.333.fx-librca/jre/lib/ext/cldrdata.jar
file:/root/.sdkman/candidates/java/8.0.333.fx-librca/jre/lib/ext/sunec.jar
file:/root/.sdkman/candidates/java/8.0.333.fx-librca/jre/lib/ext/localedata.jar
file:/root/.sdkman/candidates/java/8.0.333.fx-librca/jre/lib/ext/jaccess.jar
file:/tmp/EvoSuite_pathingJar1168329092558725041.jar
file:/root/.sdkman/candidates/java/8.0.333.fx-librca/jre/lib/ext/dnsns.jar
file:/root/.sdkman/candidates/java/8.0.333.fx-librca/jre/lib/ext/sunpkcs11.jar
file:/root/.sdkman/candidates/java/8.0.333.fx-librca/jre/lib/ext/zipfs.jar
file:/root/.sdkman/candidates/java/8.0.333.fx-librca/jre/lib/ext/jfxrt.jar
file:/root/.sdkman/candidates/java/8.0.333.fx-librca/jre/lib/ext/sunjce_provider.jar
file:/root/.sdkman/candidates/java/8.0.333.fx-librca/jre/lib/ext/nashorn.jar
[MASTER] 04:44:13.226 [logback-1] WARN  JUnitAnalyzer - Found unstable test named initializationError -> class java.lang.RuntimeException: Cannot find either the compilation target folder nor the EvoSuite jar in classpath: /tmp/EvoSuite_pathingJar1168329092558725041.jar
** Write a test suite: 0 called: 0 to improve: false
Going to execute: handleTestsThatAreUnstable
* Compiling Tests
[MASTER] 04:44:13.269 [logback-1] WARN  AgentLoader - Failed to find EvoSuite jar in current classloader. URLs of classloader:
file:/root/.sdkman/candidates/java/8.0.333.fx-librca/jre/../lib/tools.jar
file:/root/.sdkman/candidates/java/8.0.333.fx-librca/jre/lib/ext/cldrdata.jar
file:/root/.sdkman/candidates/java/8.0.333.fx-librca/jre/lib/ext/sunec.jar
file:/root/.sdkman/candidates/java/8.0.333.fx-librca/jre/lib/ext/localedata.jar
file:/root/.sdkman/candidates/java/8.0.333.fx-librca/jre/lib/ext/jaccess.jar
file:/tmp/EvoSuite_pathingJar1168329092558725041.jar
file:/root/.sdkman/candidates/java/8.0.333.fx-librca/jre/lib/ext/dnsns.jar
file:/root/.sdkman/candidates/java/8.0.333.fx-librca/jre/lib/ext/sunpkcs11.jar
file:/root/.sdkman/candidates/java/8.0.333.fx-librca/jre/lib/ext/zipfs.jar
file:/root/.sdkman/candidates/java/8.0.333.fx-librca/jre/lib/ext/jfxrt.jar
file:/root/.sdkman/candidates/java/8.0.333.fx-librca/jre/lib/ext/sunjce_provider.jar
file:/root/.sdkman/candidates/java/8.0.333.fx-librca/jre/lib/ext/nashorn.jar
[MASTER] 04:44:13.269 [logback-1] WARN  JUnitAnalyzer - Found unstable test named initializationError -> class java.lang.RuntimeException: Cannot find either the compilation target folder nor the EvoSuite jar in classpath: /tmp/EvoSuite_pathingJar1168329092558725041.jar
** Write a test suite: 0 called: 0 to improve: false
Going to execute: handleTestsThatAreUnstable
* Compiling Tests
[MASTER] 04:44:13.311 [logback-1] WARN  AgentLoader - Failed to find EvoSuite jar in current classloader. URLs of classloader:
file:/root/.sdkman/candidates/java/8.0.333.fx-librca/jre/../lib/tools.jar
file:/root/.sdkman/candidates/java/8.0.333.fx-librca/jre/lib/ext/cldrdata.jar
file:/root/.sdkman/candidates/java/8.0.333.fx-librca/jre/lib/ext/sunec.jar
file:/root/.sdkman/candidates/java/8.0.333.fx-librca/jre/lib/ext/localedata.jar
file:/root/.sdkman/candidates/java/8.0.333.fx-librca/jre/lib/ext/jaccess.jar
file:/tmp/EvoSuite_pathingJar1168329092558725041.jar
file:/root/.sdkman/candidates/java/8.0.333.fx-librca/jre/lib/ext/dnsns.jar
file:/root/.sdkman/candidates/java/8.0.333.fx-librca/jre/lib/ext/sunpkcs11.jar
file:/root/.sdkman/candidates/java/8.0.333.fx-librca/jre/lib/ext/zipfs.jar
file:/root/.sdkman/candidates/java/8.0.333.fx-librca/jre/lib/ext/jfxrt.jar
file:/root/.sdkman/candidates/java/8.0.333.fx-librca/jre/lib/ext/sunjce_provider.jar
file:/root/.sdkman/candidates/java/8.0.333.fx-librca/jre/lib/ext/nashorn.jar
[MASTER] 04:44:13.312 [logback-1] WARN  JUnitAnalyzer - Found unstable test named initializationError -> class java.lang.RuntimeException: Cannot find either the compilation target folder nor the EvoSuite jar in classpath: /tmp/EvoSuite_pathingJar1168329092558725041.jar
** Write a test suite: 0 called: 0 to improve: false
Going to execute: handleTestsThatAreUnstable
* Compiling Tests
** Write a test suite: 0 called: 0 to improve: false
[MASTER] 04:44:13.345 [logback-1] WARN  AgentLoader - Failed to find EvoSuite jar in current classloader. URLs of classloader:
file:/root/.sdkman/candidates/java/8.0.333.fx-librca/jre/../lib/tools.jar
file:/root/.sdkman/candidates/java/8.0.333.fx-librca/jre/lib/ext/cldrdata.jar
file:/root/.sdkman/candidates/java/8.0.333.fx-librca/jre/lib/ext/sunec.jar
file:/root/.sdkman/candidates/java/8.0.333.fx-librca/jre/lib/ext/localedata.jar
file:/root/.sdkman/candidates/java/8.0.333.fx-librca/jre/lib/ext/jaccess.jar
file:/tmp/EvoSuite_pathingJar1168329092558725041.jar
file:/root/.sdkman/candidates/java/8.0.333.fx-librca/jre/lib/ext/dnsns.jar
file:/root/.sdkman/candidates/java/8.0.333.fx-librca/jre/lib/ext/sunpkcs11.jar
file:/root/.sdkman/candidates/java/8.0.333.fx-librca/jre/lib/ext/zipfs.jar
file:/root/.sdkman/candidates/java/8.0.333.fx-librca/jre/lib/ext/jfxrt.jar
file:/root/.sdkman/candidates/java/8.0.333.fx-librca/jre/lib/ext/sunjce_provider.jar
file:/root/.sdkman/candidates/java/8.0.333.fx-librca/jre/lib/ext/nashorn.jar
[MASTER] 04:44:13.346 [logback-1] WARN  JUnitAnalyzer - Found unstable test named initializationError -> class java.lang.RuntimeException: Cannot find either the compilation target folder nor the EvoSuite jar in classpath: /tmp/EvoSuite_pathingJar1168329092558725041.jar
Going to execute: handleTestsThatAreUnstable
* Compiling Tests
[MASTER] 04:44:13.393 [logback-1] WARN  AgentLoader - Failed to find EvoSuite jar in current classloader. URLs of classloader:
file:/root/.sdkman/candidates/java/8.0.333.fx-librca/jre/../lib/tools.jar
file:/root/.sdkman/candidates/java/8.0.333.fx-librca/jre/lib/ext/cldrdata.jar
file:/root/.sdkman/candidates/java/8.0.333.fx-librca/jre/lib/ext/sunec.jar
file:/root/.sdkman/candidates/java/8.0.333.fx-librca/jre/lib/ext/localedata.jar
file:/root/.sdkman/candidates/java/8.0.333.fx-librca/jre/lib/ext/jaccess.jar
file:/tmp/EvoSuite_pathingJar1168329092558725041.jar
file:/root/.sdkman/candidates/java/8.0.333.fx-librca/jre/lib/ext/dnsns.jar
file:/root/.sdkman/candidates/java/8.0.333.fx-librca/jre/lib/ext/sunpkcs11.jar
file:/root/.sdkman/candidates/java/8.0.333.fx-librca/jre/lib/ext/zipfs.jar
file:/root/.sdkman/candidates/java/8.0.333.fx-librca/jre/lib/ext/jfxrt.jar
file:/root/.sdkman/candidates/java/8.0.333.fx-librca/jre/lib/ext/sunjce_provider.jar
file:/root/.sdkman/candidates/java/8.0.333.fx-librca/jre/lib/ext/nashorn.jar
[MASTER] 04:44:13.394 [logback-1] WARN  JUnitAnalyzer - Found unstable test named initializationError -> class java.lang.RuntimeException: Cannot find either the compilation target folder nor the EvoSuite jar in classpath: /tmp/EvoSuite_pathingJar1168329092558725041.jar
** Write a test suite: 0 called: 0 to improve: false
Going to execute: handleTestsThatAreUnstable
* Compiling Tests
[MASTER] 04:44:13.440 [logback-1] WARN  AgentLoader - Failed to find EvoSuite jar in current classloader. URLs of classloader:
file:/root/.sdkman/candidates/java/8.0.333.fx-librca/jre/../lib/tools.jar
file:/root/.sdkman/candidates/java/8.0.333.fx-librca/jre/lib/ext/cldrdata.jar
file:/root/.sdkman/candidates/java/8.0.333.fx-librca/jre/lib/ext/sunec.jar
file:/root/.sdkman/candidates/java/8.0.333.fx-librca/jre/lib/ext/localedata.jar
file:/root/.sdkman/candidates/java/8.0.333.fx-librca/jre/lib/ext/jaccess.jar
file:/tmp/EvoSuite_pathingJar1168329092558725041.jar
file:/root/.sdkman/candidates/java/8.0.333.fx-librca/jre/lib/ext/dnsns.jar
file:/root/.sdkman/candidates/java/8.0.333.fx-librca/jre/lib/ext/sunpkcs11.jar
file:/root/.sdkman/candidates/java/8.0.333.fx-librca/jre/lib/ext/zipfs.jar
file:/root/.sdkman/candidates/java/8.0.333.fx-librca/jre/lib/ext/jfxrt.jar
file:/root/.sdkman/candidates/java/8.0.333.fx-librca/jre/lib/ext/sunjce_provider.jar
file:/root/.sdkman/candidates/java/8.0.333.fx-librca/jre/lib/ext/nashorn.jar
[MASTER] 04:44:13.441 [logback-1] WARN  JUnitAnalyzer - Found unstable test named initializationError -> class java.lang.RuntimeException: Cannot find either the compilation target folder nor the EvoSuite jar in classpath: /tmp/EvoSuite_pathingJar1168329092558725041.jar
** Write a test suite: 0 called: 0 to improve: false
** Write a test suite: 1 called: 1 to improve: false
** Write a test suite: 2 called: 2 to improve: false
** Write a test suite: 3 called: 3 to improve: false
** Write a test suite: 4 called: 4 to improve: false
** Write a test suite: 5 called: 5 to improve: false
** Write a test suite: 6 called: 6 to improve: false
** Write a test suite: 7 called: 7 to improve: false
** Write a test suite: 8 called: 8 to improve: false
** Write a test suite: 9 called: 9 to improve: false
** Write a test suite: 10 called: 10 to improve: false
** Write a test suite: 11 called: 11 to improve: false
** Write a test suite: 12 called: 12 to improve: false
Going to execute: handleTestsThatAreUnstable
[MASTER] 04:44:13.671 [logback-1] WARN  AgentLoader - Failed to find EvoSuite jar in current classloader. URLs of classloader:
file:/root/.sdkman/candidates/java/8.0.333.fx-librca/jre/../lib/tools.jar
file:/root/.sdkman/candidates/java/8.0.333.fx-librca/jre/lib/ext/cldrdata.jar
file:/root/.sdkman/candidates/java/8.0.333.fx-librca/jre/lib/ext/sunec.jar
file:/root/.sdkman/candidates/java/8.0.333.fx-librca/jre/lib/ext/localedata.jar
file:/root/.sdkman/candidates/java/8.0.333.fx-librca/jre/lib/ext/jaccess.jar
file:/tmp/EvoSuite_pathingJar1168329092558725041.jar
file:/root/.sdkman/candidates/java/8.0.333.fx-librca/jre/lib/ext/dnsns.jar
file:/root/.sdkman/candidates/java/8.0.333.fx-librca/jre/lib/ext/sunpkcs11.jar
file:/root/.sdkman/candidates/java/8.0.333.fx-librca/jre/lib/ext/zipfs.jar
file:/root/.sdkman/candidates/java/8.0.333.fx-librca/jre/lib/ext/jfxrt.jar
file:/root/.sdkman/candidates/java/8.0.333.fx-librca/jre/lib/ext/sunjce_provider.jar
file:/root/.sdkman/candidates/java/8.0.333.fx-librca/jre/lib/ext/nashorn.jar
[MASTER] 04:44:13.671 [logback-1] WARN  JUnitAnalyzer - Found unstable test named initializationError -> class java.lang.RuntimeException: Cannot find either the compilation target folder nor the EvoSuite jar in classpath: /tmp/EvoSuite_pathingJar1168329092558725041.jar
* Compiling Tests
** Write a test suite: 0 called: 0 to improve: false
** Write a test suite: 1 called: 1 to improve: false
** Write a test suite: 2 called: 2 to improve: false
** Write a test suite: 3 called: 3 to improve: false
** Write a test suite: 4 called: 4 to improve: false
** Write a test suite: 5 called: 5 to improve: false
** Write a test suite: 6 called: 6 to improve: false
** Write a test suite: 7 called: 7 to improve: false
** Write a test suite: 8 called: 8 to improve: false
** Write a test suite: 9 called: 9 to improve: false
** Write a test suite: 10 called: 10 to improve: false
** Write a test suite: 11 called: 11 to improve: false
** Write a test suite: 12 called: 12 to improve: false
[MASTER] 04:44:13.854 [logback-1] WARN  AgentLoader - Failed to find EvoSuite jar in current classloader. URLs of classloader:
file:/root/.sdkman/candidates/java/8.0.333.fx-librca/jre/../lib/tools.jar
file:/root/.sdkman/candidates/java/8.0.333.fx-librca/jre/lib/ext/cldrdata.jar
file:/root/.sdkman/candidates/java/8.0.333.fx-librca/jre/lib/ext/sunec.jar
file:/root/.sdkman/candidates/java/8.0.333.fx-librca/jre/lib/ext/localedata.jar
file:/root/.sdkman/candidates/java/8.0.333.fx-librca/jre/lib/ext/jaccess.jar
file:/tmp/EvoSuite_pathingJar1168329092558725041.jar
file:/root/.sdkman/candidates/java/8.0.333.fx-librca/jre/lib/ext/dnsns.jar
file:/root/.sdkman/candidates/java/8.0.333.fx-librca/jre/lib/ext/sunpkcs11.jar
file:/root/.sdkman/candidates/java/8.0.333.fx-librca/jre/lib/ext/zipfs.jar
file:/root/.sdkman/candidates/java/8.0.333.fx-librca/jre/lib/ext/jfxrt.jar
file:/root/.sdkman/candidates/java/8.0.333.fx-librca/jre/lib/ext/sunjce_provider.jar
file:/root/.sdkman/candidates/java/8.0.333.fx-librca/jre/lib/ext/nashorn.jar
[MASTER] 04:44:13.855 [logback-1] WARN  JUnitAnalyzer - Found unstable test named initializationError -> class java.lang.RuntimeException: Cannot find either the compilation target folder nor the EvoSuite jar in classpath: /tmp/EvoSuite_pathingJar1168329092558725041.jar
* Writing tests to file
[MASTER] 04:44:13.856 [logback-1] WARN  TimeController - Already entered in phase: JUNIT_CHECK. This will mess up the timing calculations.
* Writing JUnit test case 'StringIncrementor_ESTest' to evosuite-tests
** Write a test suite: 5 called: 0 to improve: false
** Write a test suite: 10 called: 1 to improve: false
* Writing JUnit test case 'StringIncrementor_Original_ESTest' to evosuite-tests
** Write a test suite: 0 called: 0 to improve: false
** Write a test suite: 1 called: 1 to improve: false
** Write a test suite: 2 called: 2 to improve: false
** Write a test suite: 3 called: 3 to improve: false
** Write a test suite: 4 called: 4 to improve: false
** Write a test suite: 5 called: 5 to improve: false
** Write a test suite: 6 called: 6 to improve: false
** Write a test suite: 7 called: 7 to improve: false
** Write a test suite: 8 called: 8 to improve: false
** Write a test suite: 9 called: 9 to improve: false
** Write a test suite: 10 called: 10 to improve: false
** Write a test suite: 11 called: 11 to improve: false
** Write a test suite: 12 called: 12 to improve: false
* Done!

* Computation finished
