* EvoSuite 1.0.0-SNAPSHOT
* Going to generate test cases for class: de.beiri22.stringincrementor.StringIncrementor
* Starting Client-0
* Properties loaded from /home/roham/Results-Utestgen/dataset/SF110-new-res/39_diffi/evosuite-files/evosuite.properties
* Connecting to master process on port 12518
* Analyzing classpath: 
* Inheritance tree loaded from evosuite-files/inheritance.xml.gz
[MASTER] 02:34:02.799 [logback-1] WARN  InheritanceTree - Class not in inheritance graph: java.util.function.Consumer
[MASTER] 02:34:02.804 [logback-1] WARN  InheritanceTree - Class not in inheritance graph: java.util.function.Predicate
[MASTER] 02:34:02.805 [logback-1] WARN  InheritanceTree - Class not in inheritance graph: java.util.function.UnaryOperator
[MASTER] 02:34:02.813 [logback-1] WARN  InheritanceTree - Class not in inheritance graph: java.util.function.Function
* Finished analyzing classpath
* Generating tests for class de.beiri22.stringincrementor.StringIncrementor
* Test criteria:
  - Branch Coverage
  - Line Coverage
  - Method-Output Coverage
  - Top-Level Method Coverage
  - Context Branch Coverage
* Total number of test goals for DYNAMOSA: 152
* Using seed 1710210840857
[Progress:>                             0%] [Cov:>                                  0%]* Starting evolution
* Initial Number of Goals in DynaMOSA = 45 / 152
[Progress:=>                            5%] [Cov:==========================>        75%][Progress:===>                          12%] [Cov:==========================>        75%][Progress:======>                       23%] [Cov:==========================>        77%][Progress:======>                       23%] [Cov:==========================>        77%][Progress:=======>                      24%] [Cov:==========================>        77%][Progress:=======>                      24%] [Cov:==========================>        77%][Progress:=======>                      24%] [Cov:==========================>        77%][Progress:=======>                      25%] [Cov:===========================>       79%][Progress:=======>                      25%] [Cov:============================>      81%][Progress:=======>                      25%] [Cov:============================>      81%][Progress:=======>                      25%] [Cov:============================>      82%][Progress:=======>                      25%] [Cov:============================>      82%][Progress:=======>                      26%] [Cov:============================>      82%][Progress:=======>                      26%] [Cov:============================>      82%][Progress:=======>                      26%] [Cov:============================>      82%][Progress:=======>                      26%] [Cov:============================>      82%][Progress:=======>                      26%] [Cov:============================>      82%][Progress:========>                     28%] [Cov:============================>      82%][Progress:========>                     28%] [Cov:============================>      82%][Progress:========>                     28%] [Cov:============================>      82%][Progress:========>                     28%] [Cov:============================>      82%][Progress:========>                     28%] [Cov:============================>      82%][Progress:========>                     28%] [Cov:============================>      82%][Progress:========>                     28%] [Cov:============================>      82%][Progress:=========>                    30%] [Cov:============================>      82%][Progress:=========>                    30%] [Cov:============================>      82%][Progress:=========>                    30%] [Cov:============================>      82%][Progress:=========>                    30%] [Cov:============================>      82%][Progress:=========>                    30%] [Cov:============================>      82%][Progress:=========>                    30%] [Cov:============================>      82%][Progress:=========>                    30%] [Cov:============================>      82%][Progress:==========>                   36%] [Cov:============================>      82%][Progress:==========>                   36%] [Cov:============================>      82%][Progress:==========>                   36%] [Cov:============================>      82%][Progress:==========>                   36%] [Cov:============================>      82%][Progress:==========>                   36%] [Cov:============================>      82%][Progress:==========>                   36%] [Cov:============================>      82%][Progress:==========>                   36%] [Cov:============================>      82%][Progress:==========>                   36%] [Cov:============================>      82%][Progress:==========>                   36%] [Cov:============================>      82%][Progress:===========>                  37%] [Cov:============================>      82%][Progress:===========>                  37%] [Cov:============================>      82%][Progress:==============>               47%] [Cov:============================>      82%][Progress:==============>               48%] [Cov:============================>      82%][Progress:==============>               48%] [Cov:============================>      82%][Progress:==============>               48%] [Cov:============================>      82%][Progress:==============>               48%] [Cov:============================>      82%][Progress:==============>               48%] [Cov:============================>      82%][Progress:==============>               48%] [Cov:============================>      82%][Progress:==============>               49%] [Cov:============================>      82%][Progress:==============>               49%] [Cov:============================>      82%][Progress:==============>               49%] [Cov:============================>      82%][Progress:==============>               49%] [Cov:============================>      82%][Progress:==============>               49%] [Cov:============================>      82%][Progress:==============>               49%] [Cov:============================>      82%][Progress:==============>               49%] [Cov:============================>      82%][Progress:==============>               49%] [Cov:============================>      82%][Progress:===============>              50%] [Cov:============================>      82%][Progress:===============>              50%] [Cov:============================>      82%][Progress:===============>              50%] [Cov:============================>      82%][Progress:===============>              50%] [Cov:============================>      82%][Progress:===============>              50%] [Cov:============================>      82%][Progress:===============>              50%] [Cov:============================>      82%][Progress:================>             55%] [Cov:============================>      82%][Progress:================>             55%] [Cov:============================>      82%][Progress:================>             56%] [Cov:============================>      82%][Progress:================>             56%] [Cov:============================>      82%][Progress:================>             56%] [Cov:============================>      82%][Progress:================>             56%] [Cov:============================>      82%][Progress:================>             56%] [Cov:============================>      82%][Progress:=================>            58%] [Cov:============================>      82%][Progress:=================>            58%] [Cov:============================>      82%][Progress:=================>            58%] [Cov:============================>      82%][Progress:==================>           63%] [Cov:============================>      82%][Progress:==================>           63%] [Cov:============================>      82%][Progress:==================>           63%] [Cov:============================>      82%][Progress:===================>          64%] [Cov:============================>      82%][Progress:===================>          64%] [Cov:==============================>    86%][Progress:===================>          64%] [Cov:==============================>    86%][Progress:===================>          64%] [Cov:==============================>    86%][Progress:===================>          64%] [Cov:==============================>    86%][Progress:===================>          64%] [Cov:==============================>    86%][Progress:===================>          66%] [Cov:==============================>    86%][Progress:===================>          66%] [Cov:==============================>    86%][Progress:=====================>        71%] [Cov:==============================>    86%][Progress:=====================>        72%] [Cov:==============================>    86%][Progress:=======================>      77%] [Cov:==============================>    86%][Progress:=======================>      77%] [Cov:==============================>    86%][Progress:=======================>      77%] [Cov:==============================>    86%][Progress:=======================>      77%] [Cov:==============================>    86%][Progress:=======================>      77%] [Cov:==============================>    86%][Progress:=======================>      77%] [Cov:==============================>    86%][Progress:=======================>      77%] [Cov:==============================>    86%][Progress:=======================>      78%] [Cov:==============================>    86%][Progress:=======================>      78%] [Cov:==============================>    86%][Progress:=======================>      79%] [Cov:==============================>    86%][Progress:=======================>      79%] [Cov:==============================>    86%][Progress:=======================>      79%] [Cov:==============================>    86%][Progress:=======================>      79%] [Cov:==============================>    86%][Progress:=========================>    84%] [Cov:==============================>    86%][Progress:============================> 94%] [Cov:==============================>    86%][Progress:==============================100%] [Cov:==============================>    86%][Progress:==============================100%] [Cov:==============================>    86%][Progress:==============================100%] [Cov:==============================>    86%][Progress:==============================100%] [Cov:==============================>    86%][Progress:==============================100%] [Cov:==============================>    86%][Progress:==============================100%] [Cov:==============================>    86%][Progress:==============================100%] [Cov:==============================>    86%]
* Search finished after 101s and 107 generations, 34072 statements, best individual has fitness: 18.0
* Generated before the refinement 13 tests with total length 31
statement is: diff(Ljava/lang/String;Ljava/lang/String;)Lde/beiri22/stringincrementor/relativestring/RelativeString; type is: class org.evosuite.testcase.statements.MethodStatement return type class de.beiri22.stringincrementor.relativestring.RelativeString
statement code is: RelativeString diff = StringIncrementor.diff("7{0Cz[[(6zTY8g!Q", "7{0Cz[[(6zTY8g!Q")
statement is: patch(Ljava/lang/String;Lde/beiri22/stringincrementor/relativestring/RelativeString;Z)Ljava/lang/String; type is: class org.evosuite.testcase.statements.MethodStatement return type class java.lang.String
statement code is: String patch = StringIncrementor.patch("7{0Cz[[(6zTY8g!Q", arg1, true)
test data is: RelativeString diff = StringIncrementor.diff("7{0Cz[[(6zTY8g!Q", "7{0Cz[[(6zTY8g!Q");
StringIncrementor.patch("7{0Cz[[(6zTY8g!Q", diff, true);

** It was a parseable test case! 
Improved test data is: class DummyClass {
    public static void main() {
        and = $missing$;
    }
}
statement is: and = $missing$, class spoon.support.reflect.code.CtAssignmentImpl
statement is: diff(Ljava/lang/String;Ljava/lang/String;Z)Lde/beiri22/stringincrementor/relativestring/RelativeString; type is: class org.evosuite.testcase.statements.MethodStatement return type class de.beiri22.stringincrementor.relativestring.RelativeString
statement code is: RelativeString diff = StringIncrementor.diff(" absoute Bytes +rompos{", " absoute Bytes +rompos{", true)
statement is: patch(Ljava/lang/String;Lde/beiri22/stringincrementor/relativestring/RelativeString;)Ljava/lang/String; type is: class org.evosuite.testcase.statements.MethodStatement return type class java.lang.String
statement code is: String patch = StringIncrementor.patch(" absoute Bytes +rompos{", arg1)
test data is: RelativeString diff = StringIncrementor.diff(" absoute Bytes +rompos{", " absoute Bytes +rompos{", true);
StringIncrementor.patch(" absoute Bytes +rompos{", diff);

** It was a parseable test case! 
Improved test data is: class DummyClass {
    public static void main() {
        String[] inputStrings = new String[]{ "absolute Bytes +rompos{", "absolute Bytes +rompos{" };
        String[] expectedOutputs = new String[]{ "absolute Bytes +rompos{", "absolute Bytes +rompos{" };
    }
}
statement is: String[] inputStrings = new String[]{ "absolute Bytes +rompos{", "absolute Bytes +rompos{" }, class spoon.support.reflect.code.CtLocalVariableImpl
class spoon.support.reflect.code.CtNewArrayImpl
statement is: String[] expectedOutputs = new String[]{ "absolute Bytes +rompos{", "absolute Bytes +rompos{" }, class spoon.support.reflect.code.CtLocalVariableImpl
class spoon.support.reflect.code.CtNewArrayImpl
statement is: de.beiri22.stringincrementor.StringIncrementor()V type is: class org.evosuite.testcase.statements.ConstructorStatement return type class de.beiri22.stringincrementor.StringIncrementor
statement code is: StringIncrementor stringIncrementor = new StringIncrementor()
test data is: StringIncrementor stringIncrementor = new StringIncrementor();

** It was a parseable test case! 
Improved test data is: class DummyClass {
    public static void main() {
        // Improved test data for the StringIncrementor class
        String[] inputs = new String[]{ "abc", "abcd", "abcde" };
        String[] expectedOutputs = new String[]{ "bcd", "bcde", "cdef" };
    }
}
statement is: // Improved test data for the StringIncrementor class
String[] inputs = new String[]{ "abc", "abcd", "abcde" }, class spoon.support.reflect.code.CtLocalVariableImpl
class spoon.support.reflect.code.CtNewArrayImpl
statement is: String[] expectedOutputs = new String[]{ "bcd", "bcde", "cdef" }, class spoon.support.reflect.code.CtLocalVariableImpl
class spoon.support.reflect.code.CtNewArrayImpl
statement is: diff(Ljava/lang/String;Ljava/lang/String;Z)Lde/beiri22/stringincrementor/relativestring/RelativeString; type is: class org.evosuite.testcase.statements.MethodStatement return type class de.beiri22.stringincrementor.relativestring.RelativeString
statement code is: RelativeString diff = StringIncrementor.diff("", "7{0Cz[[(6zTY8g!Q", true)
test data is: StringIncrementor.diff("", "7{0Cz[[(6zTY8g!Q", true);

** It was a parseable test case! 
Improved test data is: class DummyClass {
    public static void main() {
        // Improved test data:
        StringIncrementor.diff("1234567890", "abcdefghijklmnopqrstuvwxyz", true);
    }
}
statement is: // Improved test data:
StringIncrementor.diff("1234567890", "abcdefghijklmnopqrstuvwxyz", true), class spoon.support.reflect.code.CtInvocationImpl
invocation is: // Improved test data:
StringIncrementor.diff("1234567890", "abcdefghijklmnopqrstuvwxyz", true) target is: StringIncrementor method is: diff(java.lang.String,java.lang.String,boolean)
Matched Method is: diff(Ljava/lang/String;Ljava/lang/String;Z)Lde/beiri22/stringincrementor/relativestring/RelativeString;
TestCase is: String string = "1234567890";
String string = "abcdefghijklmnopqrstuvwxyz";
boolean _boolean = true;
StringIncrementor.diff(string, string, _boolean);

statement is: diff(Ljava/lang/String;Ljava/lang/String;)Lde/beiri22/stringincrementor/relativestring/RelativeString; type is: class org.evosuite.testcase.statements.MethodStatement return type class de.beiri22.stringincrementor.relativestring.RelativeString
statement code is: RelativeString diff = StringIncrementor.diff("absolute Btes rom pl{", "absolute Btes rom ps{")
test data is: StringIncrementor.diff("absolute Btes rom pl{", "absolute Btes rom ps{");

** It was a parseable test case! 
Improved test data is: class DummyClass {
    public static void main() {
        // Improved test data }}
    }
}
statement is: // Improved test data }}, class spoon.support.reflect.code.CtCommentImpl
statement is: diff(Ljava/lang/String;Ljava/lang/String;Z)Lde/beiri22/stringincrementor/relativestring/RelativeString; type is: class org.evosuite.testcase.statements.MethodStatement return type class de.beiri22.stringincrementor.relativestring.RelativeString
statement code is: RelativeString diff = StringIncrementor.diff(" absoute Bytes +rompos{", " absoute Bytes +rompos{", true)
statement is: org.evosuite.testcase.statements.ArrayStatement@87374168 type is: class org.evosuite.testcase.statements.ArrayStatement return type class [B
statement code is: byte[] byteArray = new byte[0]
statement is: de.beiri22.stringincrementor.relativestring.StringLink([B)V type is: class org.evosuite.testcase.statements.ConstructorStatement return type class de.beiri22.stringincrementor.relativestring.StringLink
statement code is: StringLink stringLink = new StringLink(arg0)
statement is: addLink(Lde/beiri22/stringincrementor/relativestring/StringLink;)Z type is: class org.evosuite.testcase.statements.MethodStatement return type boolean
statement code is: boolean addLink = relativeString.addLink(arg0)
statement is: patch(Ljava/lang/String;Lde/beiri22/stringincrementor/relativestring/RelativeString;)Ljava/lang/String; type is: class org.evosuite.testcase.statements.MethodStatement return type class java.lang.String
statement code is: String patch = StringIncrementor.patch(" absoute Bytes +rompos{", arg1)
test data is: RelativeString diff = StringIncrementor.diff(" absoute Bytes +rompos{", " absoute Bytes +rompos{", true);
byte[] byteArray = new byte[0];
StringLink stringLink = new StringLink(byteArray);
diff.addLink(stringLink);
StringIncrementor.patch(" absoute Bytes +rompos{", diff);

** It was a parseable test case! 
Improved test data is: class DummyClass {
    public static void main() {
        RelativeString diff = StringIncrementor.diff("original string", "modified string", true);
        byte[] byteArray = new byte[]{ 1, 2, 3 };
        StringLink stringLink = new StringLink(byteArray);
        diff.addLink(stringLink);
        StringIncrementor.patch("original string", diff);
    }
}
statement is: RelativeString diff = StringIncrementor.diff("original string", "modified string", true), class spoon.support.reflect.code.CtLocalVariableImpl
class spoon.support.reflect.code.CtInvocationImpl
invocation is: StringIncrementor.diff("original string", "modified string", true) target is: StringIncrementor method is: diff(java.lang.String,java.lang.String,boolean)
Matched Method is: diff(Ljava/lang/String;Ljava/lang/String;Z)Lde/beiri22/stringincrementor/relativestring/RelativeString;
statement is: byte[] byteArray = new byte[]{ 1, 2, 3 }, class spoon.support.reflect.code.CtLocalVariableImpl
class spoon.support.reflect.code.CtNewArrayImpl
Dimension: [] Ct is: byte[] byteArray = new byte[0] isAssignment: false Array: new byte[]{ 1, 2, 3 } Elements: [1, 2, 3]
lengths: [0] []
statement is: StringLink stringLink = new StringLink(byteArray), class spoon.support.reflect.code.CtLocalVariableImpl
class spoon.support.reflect.code.CtConstructorCallImpl
statement is: diff.addLink(stringLink), class spoon.support.reflect.code.CtInvocationImpl
invocation is: diff.addLink(stringLink) target is: diff method is: addLink(StringLink)
source statement: diff(Ljava/lang/String;Ljava/lang/String;Z)Lde/beiri22/stringincrementor/relativestring/RelativeString; callee: VariableReference: Statement 0, type de.beiri22.stringincrementor.relativestring.RelativeStringindex is: 3
Matched Method is: addLink(Lde/beiri22/stringincrementor/relativestring/StringLink;)Z
statement is: StringIncrementor.patch("original string", diff), class spoon.support.reflect.code.CtInvocationImpl
invocation is: StringIncrementor.patch("original string", diff) target is: StringIncrementor method is: patch(java.lang.String,RelativeString)
Matched Method is: patch(Ljava/lang/String;Lde/beiri22/stringincrementor/relativestring/RelativeString;)Ljava/lang/String;
TestCase is: String string = "original string";
byte[] byteArray = "modified string";
boolean _boolean = true;
RelativeString diff = StringIncrementor.diff(string, arg1, _boolean);
StringLink stringLink = new StringLink(byteArray);
((RelativeString) string).addLink(stringLink);
String string = "original string";
StringIncrementor.patch(string, diff);

statement is: diff(Ljava/lang/String;Ljava/lang/String;Z)Lde/beiri22/stringincrementor/relativestring/RelativeString; type is: class org.evosuite.testcase.statements.MethodStatement return type class de.beiri22.stringincrementor.relativestring.RelativeString
statement code is: RelativeString diff = StringIncrementor.diff("", "de.beiri22.stringincrementor.StringIncrementor", false)
test data is: StringIncrementor.diff("", "de.beiri22.stringincrementor.StringIncrementor", false);

** It was a parseable test case! 
Improved test data is: class DummyClass {
    public static void main() {
        StringIncrementor.diff("abcdefghijklmnopqrstuvwxyzABCDEFGHIJKLMNOPQRSTUVWXYZ0123456789", "de.beiri22.stringincrementor.StringIncrementor", false);
    }
}
statement is: StringIncrementor.diff("abcdefghijklmnopqrstuvwxyzABCDEFGHIJKLMNOPQRSTUVWXYZ0123456789", "de.beiri22.stringincrementor.StringIncrementor", false), class spoon.support.reflect.code.CtInvocationImpl
invocation is: StringIncrementor.diff("abcdefghijklmnopqrstuvwxyzABCDEFGHIJKLMNOPQRSTUVWXYZ0123456789", "de.beiri22.stringincrementor.StringIncrementor", false) target is: StringIncrementor method is: diff(java.lang.String,java.lang.String,boolean)
Matched Method is: diff(Ljava/lang/String;Ljava/lang/String;Z)Lde/beiri22/stringincrementor/relativestring/RelativeString;
TestCase is: String string = "abcdefghijklmnopqrstuvwxyzABCDEFGHIJKLMNOPQRSTUVWXYZ0123456789";
String string = "de.beiri22.stringincrementor.StringIncrementor";
boolean _boolean = false;
StringIncrementor.diff(string, string, _boolean);

statement is: diff(Ljava/lang/String;Ljava/lang/String;Z)Lde/beiri22/stringincrementor/relativestring/RelativeString; type is: class org.evosuite.testcase.statements.MethodStatement return type class de.beiri22.stringincrementor.relativestring.RelativeString
statement code is: RelativeString diff = StringIncrementor.diff("W|l<GdkiTyWRi!", "W|l<GdkiTyWRi!", false)
test data is: StringIncrementor.diff("W|l<GdkiTyWRi!", "W|l<GdkiTyWRi!", false);

** It was a parseable test case! 
Improved test data is: class DummyClass {
    public static void main() {
        StringIncrementor.diff("W|l<GdkiTyWRi!", "W|l<GdkiTyWRi!", false);
    }
}
statement is: StringIncrementor.diff("W|l<GdkiTyWRi!", "W|l<GdkiTyWRi!", false), class spoon.support.reflect.code.CtInvocationImpl
invocation is: StringIncrementor.diff("W|l<GdkiTyWRi!", "W|l<GdkiTyWRi!", false) target is: StringIncrementor method is: diff(java.lang.String,java.lang.String,boolean)
Matched Method is: diff(Ljava/lang/String;Ljava/lang/String;Z)Lde/beiri22/stringincrementor/relativestring/RelativeString;
TestCase is: String string = "W|l<GdkiTyWRi!";
String string = "W|l<GdkiTyWRi!";
boolean _boolean = false;
StringIncrementor.diff(string, string, _boolean);

statement is: de.beiri22.stringincrementor.relativestring.RelativeString()V type is: class org.evosuite.testcase.statements.ConstructorStatement return type class de.beiri22.stringincrementor.relativestring.RelativeString
statement code is: RelativeString relativeString = new RelativeString()
statement is: de.beiri22.stringincrementor.relativestring.StringLink(III)V type is: class org.evosuite.testcase.statements.ConstructorStatement return type class de.beiri22.stringincrementor.relativestring.StringLink
statement code is: StringLink stringLink = new StringLink(1994, 8, 8)
statement is: addLink(Lde/beiri22/stringincrementor/relativestring/StringLink;)Z type is: class org.evosuite.testcase.statements.MethodStatement return type boolean
statement code is: boolean addLink = relativeString.addLink(arg0)
statement is: patch(Ljava/lang/String;Lde/beiri22/stringincrementor/relativestring/RelativeString;Z)Ljava/lang/String; type is: class org.evosuite.testcase.statements.MethodStatement return type class java.lang.String
statement code is: String patch = StringIncrementor.patch("zX\t", arg1, false)
test data is: RelativeString relativeString = new RelativeString();
StringLink stringLink = new StringLink(1994, 8, 8);
relativeString.addLink(stringLink);
StringIncrementor.patch("zX\t", relativeString, false);

** It was a parseable test case! 
Improved test data is: class DummyClass {
    public static void main() {
        RelativeString relativeString = new RelativeString();
        StringLink stringLink = new StringLink(1994, 8, 8);
        relativeString.addLink(stringLink);
        StringIncrementor.patch("zX\t", relativeString, false);
    }
}
statement is: RelativeString relativeString = new RelativeString(), class spoon.support.reflect.code.CtLocalVariableImpl
class spoon.support.reflect.code.CtConstructorCallImpl
statement is: StringLink stringLink = new StringLink(1994, 8, 8), class spoon.support.reflect.code.CtLocalVariableImpl
class spoon.support.reflect.code.CtConstructorCallImpl
statement is: relativeString.addLink(stringLink), class spoon.support.reflect.code.CtInvocationImpl
invocation is: relativeString.addLink(stringLink) target is: relativeString method is: addLink(StringLink)
source statement: de.beiri22.stringincrementor.relativestring.RelativeString()V callee: VariableReference: Statement 0, type de.beiri22.stringincrementor.relativestring.RelativeStringindex is: 0
Matched Method is: addLink(Lde/beiri22/stringincrementor/relativestring/StringLink;)Z
statement is: StringIncrementor.patch("zX\t", relativeString, false), class spoon.support.reflect.code.CtInvocationImpl
invocation is: StringIncrementor.patch("zX\t", relativeString, false) target is: StringIncrementor method is: patch(java.lang.String,RelativeString,boolean)
Matched Method is: patch(Ljava/lang/String;Lde/beiri22/stringincrementor/relativestring/RelativeString;Z)Ljava/lang/String;
TestCase is: RelativeString relativeString = new RelativeString();
int _int = 1994;
int _int = 8;
int _int = 8;
StringLink stringLink = new StringLink(_int, _int, _int);
relativeString.addLink(stringLink);
String string = "zX\t";
boolean _boolean = false;
StringIncrementor.patch(string, relativeString, _boolean);

statement is: de.beiri22.stringincrementor.relativestring.RelativeString()V type is: class org.evosuite.testcase.statements.ConstructorStatement return type class de.beiri22.stringincrementor.relativestring.RelativeString
statement code is: RelativeString relativeString = new RelativeString()
statement is: org.evosuite.testcase.statements.ArrayStatement@3c5087b0 type is: class org.evosuite.testcase.statements.ArrayStatement return type class [B
statement code is: byte[] byteArray = new byte[1]
statement is: de.beiri22.stringincrementor.relativestring.StringLink([B)V type is: class org.evosuite.testcase.statements.ConstructorStatement return type class de.beiri22.stringincrementor.relativestring.StringLink
statement code is: StringLink stringLink = new StringLink(arg0)
statement is: addLink(Lde/beiri22/stringincrementor/relativestring/StringLink;)Z type is: class org.evosuite.testcase.statements.MethodStatement return type boolean
statement code is: boolean addLink = relativeString.addLink(arg0)
statement is: patch(Ljava/lang/String;Lde/beiri22/stringincrementor/relativestring/RelativeString;Z)Ljava/lang/String; type is: class org.evosuite.testcase.statements.MethodStatement return type class java.lang.String
statement code is: String patch = StringIncrementor.patch("", arg1, false)
test data is: RelativeString relativeString = new RelativeString();
byte[] byteArray = new byte[1];
StringLink stringLink = new StringLink(byteArray);
relativeString.addLink(stringLink);
StringIncrementor.patch("", relativeString, false);

** It was a parseable test case! 
Improved test data is: class DummyClass {
    public static void main() {
        RelativeString relativeString = new RelativeString();
        byte[] byteArray = new byte[]{ 127 };// Changed the value of byteArray to {127} to make it more descriptive and representative of the situation being tested.

        StringLink stringLink = new StringLink(byteArray);
        relativeString.addLink(stringLink);
        StringIncrementor.patch("", relativeString, false);
    }
}
statement is: RelativeString relativeString = new RelativeString(), class spoon.support.reflect.code.CtLocalVariableImpl
class spoon.support.reflect.code.CtConstructorCallImpl
statement is: byte[] byteArray = new byte[]{ 127 }// Changed the value of byteArray to {127} to make it more descriptive and representative of the situation being tested.
, class spoon.support.reflect.code.CtLocalVariableImpl
class spoon.support.reflect.code.CtNewArrayImpl
Dimension: [] Ct is: byte[] byteArray = new byte[1] isAssignment: false Array: new byte[]{ 127 } Elements: [127]
lengths: [1] []
statement is: StringLink stringLink = new StringLink(byteArray), class spoon.support.reflect.code.CtLocalVariableImpl
class spoon.support.reflect.code.CtConstructorCallImpl
TestCase Could not be added: de.beiri22.stringincrementor.relativestring.StringLink([B)V
statement is: relativeString.addLink(stringLink), class spoon.support.reflect.code.CtInvocationImpl
invocation is: relativeString.addLink(stringLink) target is: relativeString method is: addLink(StringLink)
source statement: de.beiri22.stringincrementor.relativestring.RelativeString()V callee: VariableReference: Statement 0, type de.beiri22.stringincrementor.relativestring.RelativeStringindex is: 0
Matched Method is: addLink(Lde/beiri22/stringincrementor/relativestring/StringLink;)Z
i 0 Parameters size() 0 Num of Method Parameters: 1
statement is: StringIncrementor.patch("", relativeString, false), class spoon.support.reflect.code.CtInvocationImpl
invocation is: StringIncrementor.patch("", relativeString, false) target is: StringIncrementor method is: patch(java.lang.String,RelativeString,boolean)
Matched Method is: patch(Ljava/lang/String;Lde/beiri22/stringincrementor/relativestring/RelativeString;Z)Ljava/lang/String;
TestCase is: RelativeString relativeString = new RelativeString();
StringLink stringLink = null;
relativeString.addLink(stringLink);
String string = "";
boolean _boolean = false;
StringIncrementor.patch(string, relativeString, _boolean);

statement is: diff(Ljava/lang/String;Ljava/lang/String;)Lde/beiri22/stringincrementor/relativestring/RelativeString; type is: class org.evosuite.testcase.statements.MethodStatement return type class de.beiri22.stringincrementor.relativestring.RelativeString
statement code is: RelativeString diff = StringIncrementor.diff("", "")
statement is: patch(Ljava/lang/String;Lde/beiri22/stringincrementor/relativestring/RelativeString;)Ljava/lang/String; type is: class org.evosuite.testcase.statements.MethodStatement return type class java.lang.String
statement code is: String patch = StringIncrementor.patch("", arg1)
test data is: RelativeString diff = StringIncrementor.diff("", "");
StringIncrementor.patch("", diff);

** It was a parseable test case! 
Improved test data is: class DummyClass {
    public static void main() {
        // Improved test data
        RelativeString diff = StringIncrementor.diff("hello", "world");
        StringIncrementor.patch("hello", diff);
    }
}
statement is: // Improved test data
RelativeString diff = StringIncrementor.diff("hello", "world"), class spoon.support.reflect.code.CtLocalVariableImpl
class spoon.support.reflect.code.CtInvocationImpl
invocation is: StringIncrementor.diff("hello", "world") target is: StringIncrementor method is: diff(java.lang.String,java.lang.String)
Matched Method is: diff(Ljava/lang/String;Ljava/lang/String;)Lde/beiri22/stringincrementor/relativestring/RelativeString;
statement is: StringIncrementor.patch("hello", diff), class spoon.support.reflect.code.CtInvocationImpl
invocation is: StringIncrementor.patch("hello", diff) target is: StringIncrementor method is: patch(java.lang.String,RelativeString)
Matched Method is: patch(Ljava/lang/String;Lde/beiri22/stringincrementor/relativestring/RelativeString;)Ljava/lang/String;
TestCase is: String string = "hello";
String string = "world";
RelativeString diff = StringIncrementor.diff(string, string);
String string = "hello";
StringIncrementor.patch(string, diff);

statement is: diff(Ljava/lang/String;Ljava/lang/String;Z)Lde/beiri22/stringincrementor/relativestring/RelativeString; type is: class org.evosuite.testcase.statements.MethodStatement return type class de.beiri22.stringincrementor.relativestring.RelativeString
statement code is: RelativeString diff = StringIncrementor.diff("", "", true)
test data is: StringIncrementor.diff("", "", true);

** It was a parseable test case! 
Improved test data is: class DummyClass {
    public static void main() {
        StringIncrementor.diff("abcdef", "abcdefg", true);
    }
}
statement is: StringIncrementor.diff("abcdef", "abcdefg", true), class spoon.support.reflect.code.CtInvocationImpl
invocation is: StringIncrementor.diff("abcdef", "abcdefg", true) target is: StringIncrementor method is: diff(java.lang.String,java.lang.String,boolean)
Matched Method is: diff(Ljava/lang/String;Ljava/lang/String;Z)Lde/beiri22/stringincrementor/relativestring/RelativeString;
TestCase is: String string = "abcdef";
String string = "abcdefg";
boolean _boolean = true;
StringIncrementor.diff(string, string, _boolean);

statement is: de.beiri22.stringincrementor.relativestring.RelativeString()V type is: class org.evosuite.testcase.statements.ConstructorStatement return type class de.beiri22.stringincrementor.relativestring.RelativeString
statement code is: RelativeString relativeString = new RelativeString()
statement is: de.beiri22.stringincrementor.relativestring.StringLink(III)V type is: class org.evosuite.testcase.statements.ConstructorStatement return type class de.beiri22.stringincrementor.relativestring.StringLink
statement code is: StringLink stringLink = new StringLink(1994, 8, 8)
statement is: addLink(Lde/beiri22/stringincrementor/relativestring/StringLink;)Z type is: class org.evosuite.testcase.statements.MethodStatement return type boolean
statement code is: boolean addLink = relativeString.addLink(arg0)
statement is: setAbsolute(Ljava/lang/String;)V type is: class org.evosuite.testcase.statements.MethodStatement return type void
statement code is: relativeString.setAbsolute("I~u6pKwnQW-o~<1")
statement is: patch(Ljava/lang/String;Lde/beiri22/stringincrementor/relativestring/RelativeString;Z)Ljava/lang/String; type is: class org.evosuite.testcase.statements.MethodStatement return type class java.lang.String
statement code is: String patch = StringIncrementor.patch("", arg1, true)
test data is: RelativeString relativeString = new RelativeString();
StringLink stringLink = new StringLink(1994, 8, 8);
relativeString.addLink(stringLink);
relativeString.setAbsolute("I~u6pKwnQW-o~<1");
StringIncrementor.patch("", relativeString, true);

** It was a parseable test case! 
Improved test data is: class DummyClass {
    public static void main() {
        RelativeString relativeString = new RelativeString();
        StringLink stringLink = new StringLink(2032, 5, 19);
        relativeString.addLink(stringLink);
        relativeString.setAbsolute("I~u6pKwnQW-o~<1");
        StringIncrementor.patch("", relativeString, true);
    }
}
statement is: RelativeString relativeString = new RelativeString(), class spoon.support.reflect.code.CtLocalVariableImpl
class spoon.support.reflect.code.CtConstructorCallImpl
statement is: StringLink stringLink = new StringLink(2032, 5, 19), class spoon.support.reflect.code.CtLocalVariableImpl
class spoon.support.reflect.code.CtConstructorCallImpl
statement is: relativeString.addLink(stringLink), class spoon.support.reflect.code.CtInvocationImpl
invocation is: relativeString.addLink(stringLink) target is: relativeString method is: addLink(StringLink)
source statement: de.beiri22.stringincrementor.relativestring.RelativeString()V callee: VariableReference: Statement 0, type de.beiri22.stringincrementor.relativestring.RelativeStringindex is: 0
Matched Method is: addLink(Lde/beiri22/stringincrementor/relativestring/StringLink;)Z
statement is: relativeString.setAbsolute("I~u6pKwnQW-o~<1"), class spoon.support.reflect.code.CtInvocationImpl
invocation is: relativeString.setAbsolute("I~u6pKwnQW-o~<1") target is: relativeString method is: setAbsolute(java.lang.String)
source statement: de.beiri22.stringincrementor.relativestring.RelativeString()V callee: VariableReference: Statement 0, type de.beiri22.stringincrementor.relativestring.RelativeStringindex is: 0
Matched Method is: setAbsolute(Ljava/lang/String;)V
statement is: StringIncrementor.patch("", relativeString, true), class spoon.support.reflect.code.CtInvocationImpl
invocation is: StringIncrementor.patch("", relativeString, true) target is: StringIncrementor method is: patch(java.lang.String,RelativeString,boolean)
Matched Method is: patch(Ljava/lang/String;Lde/beiri22/stringincrementor/relativestring/RelativeString;Z)Ljava/lang/String;
TestCase is: RelativeString relativeString = new RelativeString();
int _int = 2032;
int _int = 5;
int _int = 19;
StringLink stringLink = new StringLink(_int, _int, _int);
relativeString.addLink(stringLink);
String string = "I~u6pKwnQW-o~<1";
relativeString.setAbsolute(string);
String string = "";
boolean _boolean = true;
StringIncrementor.patch(string, relativeString, _boolean);

* test suite isTestSuite: 22
Test 0: 
RelativeString diff = StringIncrementor.diff("7{0Cz[[(6zTY8g!Q", "7{0Cz[[(6zTY8g!Q");
StringIncrementor.patch("7{0Cz[[(6zTY8g!Q", diff, true);
Test 1: 
RelativeString diff = StringIncrementor.diff(" absoute Bytes +rompos{", " absoute Bytes +rompos{", true);
StringIncrementor.patch(" absoute Bytes +rompos{", diff);
Test 2: 
StringIncrementor stringIncrementor = new StringIncrementor();
Test 3: 
// Undeclared exception!
try { 
  StringIncrementor.diff("", "7{0Cz[[(6zTY8g!Q", true);
  fail("Expecting exception: ArithmeticException");

} catch(ArithmeticException e) {
   //
   // no message in exception (getMessage() returned null)
   //
}

Test 4: 
StringIncrementor.diff("absolute Btes rom pl{", "absolute Btes rom ps{");
Test 5: 
RelativeString diff = StringIncrementor.diff(" absoute Bytes +rompos{", " absoute Bytes +rompos{", true);
byte[] byteArray = new byte[0];
StringLink stringLink = new StringLink(byteArray);
diff.addLink(stringLink);
// Undeclared exception!
try { 
  StringIncrementor.patch(" absoute Bytes +rompos{", diff);
  fail("Expecting exception: StringIndexOutOfBoundsException");

} catch(StringIndexOutOfBoundsException e) {
}

Test 6: 
StringIncrementor.diff("", "de.beiri22.stringincrementor.StringIncrementor", false);
Test 7: 
StringIncrementor.diff("W|l<GdkiTyWRi!", "W|l<GdkiTyWRi!", false);
Test 8: 
RelativeString relativeString = new RelativeString();
StringLink stringLink = new StringLink(1994, 8, 8);
relativeString.addLink(stringLink);
// Undeclared exception!
try { 
  StringIncrementor.patch("zX\t", relativeString, false);
  fail("Expecting exception: StringIndexOutOfBoundsException");

} catch(StringIndexOutOfBoundsException e) {
}

Test 9: 
RelativeString relativeString = new RelativeString();
byte[] byteArray = new byte[1];
StringLink stringLink = new StringLink(byteArray);
relativeString.addLink(stringLink);
StringIncrementor.patch("", relativeString, false);
Test 10: 
RelativeString diff = StringIncrementor.diff("", "");
StringIncrementor.patch("", diff);
Test 11: 
StringIncrementor.diff("", "", true);
Test 12: 
RelativeString relativeString = new RelativeString();
StringLink stringLink = new StringLink(1994, 8, 8);
relativeString.addLink(stringLink);
relativeString.setAbsolute("I~u6pKwnQW-o~<1");
// Undeclared exception!
try { 
  StringIncrementor.patch("", relativeString, true);
  fail("Expecting exception: StringIndexOutOfBoundsException");

} catch(StringIndexOutOfBoundsException e) {
}

Test 13: 
StringIncrementor.diff("1234567890", "abcdefghijklmnopqrstuvwxyz", true);

Test 14: 
String string = "original string";
String stringArray = "modified string";
RelativeString diff = StringIncrementor.diff("original string", (String) null, true);
StringLink stringLink = new StringLink((byte[]) stringArray);
((RelativeString) string).addLink(stringLink);
String string = "original string";
StringIncrementor.patch(string, diff);

Test 15: 
StringIncrementor.diff("abcdefghijklmnopqrstuvwxyzABCDEFGHIJKLMNOPQRSTUVWXYZ0123456789", "de.beiri22.stringincrementor.StringIncrementor", false);

Test 16: 
StringIncrementor.diff("W|l<GdkiTyWRi!", "W|l<GdkiTyWRi!", false);

Test 17: 
RelativeString relativeString = new RelativeString();
StringLink stringLink = new StringLink(1994, 8, 8);
relativeString.addLink(stringLink);
StringIncrementor.patch("zX\t", relativeString, false);

Test 18: 
RelativeString relativeString = new RelativeString();
relativeString.addLink((StringLink) null);
StringIncrementor.patch("", relativeString, false);

Test 19: 
RelativeString diff = StringIncrementor.diff("hello", "world");
StringIncrementor.patch("hello", diff);

Test 20: 
StringIncrementor.diff("abcdef", "abcdefg", true);

Test 21: 
RelativeString relativeString = new RelativeString();
StringLink stringLink = new StringLink(2032, 5, 19);
relativeString.addLink(stringLink);
relativeString.setAbsolute("I~u6pKwnQW-o~<1");
StringIncrementor.patch("", relativeString, true);


* Generated after the refinement and before minimization 22 tests with total length 56
* test suite isTestSuite: 22
Test 0: 
RelativeString diff = StringIncrementor.diff("7{0Cz[[(6zTY8g!Q", "7{0Cz[[(6zTY8g!Q");
StringIncrementor.patch("7{0Cz[[(6zTY8g!Q", diff, true);
Test 1: 
RelativeString diff = StringIncrementor.diff(" absoute Bytes +rompos{", " absoute Bytes +rompos{", true);
StringIncrementor.patch(" absoute Bytes +rompos{", diff);
Test 2: 
StringIncrementor stringIncrementor = new StringIncrementor();
Test 3: 
// Undeclared exception!
try { 
  StringIncrementor.diff("", "7{0Cz[[(6zTY8g!Q", true);
  fail("Expecting exception: ArithmeticException");

} catch(ArithmeticException e) {
   //
   // no message in exception (getMessage() returned null)
   //
}

Test 4: 
StringIncrementor.diff("absolute Btes rom pl{", "absolute Btes rom ps{");
Test 5: 
RelativeString diff = StringIncrementor.diff(" absoute Bytes +rompos{", " absoute Bytes +rompos{", true);
byte[] byteArray = new byte[0];
StringLink stringLink = new StringLink(byteArray);
diff.addLink(stringLink);
// Undeclared exception!
try { 
  StringIncrementor.patch(" absoute Bytes +rompos{", diff);
  fail("Expecting exception: StringIndexOutOfBoundsException");

} catch(StringIndexOutOfBoundsException e) {
}

Test 6: 
StringIncrementor.diff("", "de.beiri22.stringincrementor.StringIncrementor", false);
Test 7: 
StringIncrementor.diff("W|l<GdkiTyWRi!", "W|l<GdkiTyWRi!", false);
Test 8: 
RelativeString relativeString = new RelativeString();
StringLink stringLink = new StringLink(1994, 8, 8);
relativeString.addLink(stringLink);
// Undeclared exception!
try { 
  StringIncrementor.patch("zX\t", relativeString, false);
  fail("Expecting exception: StringIndexOutOfBoundsException");

} catch(StringIndexOutOfBoundsException e) {
}

Test 9: 
RelativeString relativeString = new RelativeString();
byte[] byteArray = new byte[1];
StringLink stringLink = new StringLink(byteArray);
relativeString.addLink(stringLink);
StringIncrementor.patch("", relativeString, false);
Test 10: 
RelativeString diff = StringIncrementor.diff("", "");
StringIncrementor.patch("", diff);
Test 11: 
StringIncrementor.diff("", "", true);
Test 12: 
RelativeString relativeString = new RelativeString();
StringLink stringLink = new StringLink(1994, 8, 8);
relativeString.addLink(stringLink);
relativeString.setAbsolute("I~u6pKwnQW-o~<1");
// Undeclared exception!
try { 
  StringIncrementor.patch("", relativeString, true);
  fail("Expecting exception: StringIndexOutOfBoundsException");

} catch(StringIndexOutOfBoundsException e) {
}

Test 13: 
StringIncrementor.diff("1234567890", "abcdefghijklmnopqrstuvwxyz", true);

Test 14: 
String string = "original string";
String stringArray = "modified string";
RelativeString diff = StringIncrementor.diff("original string", (String) null, true);
StringLink stringLink = new StringLink((byte[]) stringArray);
((RelativeString) string).addLink(stringLink);
String string = "original string";
StringIncrementor.patch(string, diff);

Test 15: 
StringIncrementor.diff("abcdefghijklmnopqrstuvwxyzABCDEFGHIJKLMNOPQRSTUVWXYZ0123456789", "de.beiri22.stringincrementor.StringIncrementor", false);

Test 16: 
StringIncrementor.diff("W|l<GdkiTyWRi!", "W|l<GdkiTyWRi!", false);

Test 17: 
RelativeString relativeString = new RelativeString();
StringLink stringLink = new StringLink(1994, 8, 8);
relativeString.addLink(stringLink);
StringIncrementor.patch("zX\t", relativeString, false);

Test 18: 
RelativeString relativeString = new RelativeString();
relativeString.addLink((StringLink) null);
StringIncrementor.patch("", relativeString, false);

Test 19: 
RelativeString diff = StringIncrementor.diff("hello", "world");
StringIncrementor.patch("hello", diff);

Test 20: 
StringIncrementor.diff("abcdef", "abcdefg", true);

Test 21: 
RelativeString relativeString = new RelativeString();
StringLink stringLink = new StringLink(2032, 5, 19);
relativeString.addLink(stringLink);
relativeString.setAbsolute("I~u6pKwnQW-o~<1");
StringIncrementor.patch("", relativeString, true);


* Minimizing test suite
* test suite isTestSuite: 12
Test 0: 
StringIncrementor stringIncrementor = new StringIncrementor();
Test 1: 
// Undeclared exception!
try { 
  StringIncrementor.diff("1234567890", "abcdefghijklmnopqrstuvwxyz", true);
  fail("Expecting exception: ArithmeticException");

} catch(ArithmeticException e) {
   //
   // no message in exception (getMessage() returned null)
   //
}

Test 2: 
StringIncrementor.diff("W|l<GdkiTyWRi!", "W|l<GdkiTyWRi!", false);
Test 3: 
StringIncrementor.diff("", "de.beiri22.stringincrementor.StringIncrementor", false);
Test 4: 
StringIncrementor.diff("absolute Btes rom pl{", "absolute Btes rom ps{");
Test 5: 
RelativeString diff = StringIncrementor.diff(" absoute Bytes +rompos{", " absoute Bytes +rompos{", true);
StringIncrementor.patch(" absoute Bytes +rompos{", diff);
Test 6: 
RelativeString relativeString = new RelativeString();
StringLink stringLink = new StringLink(1994, 8, 8);
relativeString.addLink(stringLink);
// Undeclared exception!
try { 
  StringIncrementor.patch("zX\t", relativeString, false);
  fail("Expecting exception: StringIndexOutOfBoundsException");

} catch(StringIndexOutOfBoundsException e) {
}

Test 7: 
RelativeString relativeString = new RelativeString();
StringLink stringLink = new StringLink(2032, 5, 19);
relativeString.addLink(stringLink);
relativeString.setAbsolute("I~u6pKwnQW-o~<1");
// Undeclared exception!
try { 
  StringIncrementor.patch("", relativeString, true);
  fail("Expecting exception: StringIndexOutOfBoundsException");

} catch(StringIndexOutOfBoundsException e) {
}

Test 8: 
RelativeString diff = StringIncrementor.diff("7{0Cz[[(6zTY8g!Q", "7{0Cz[[(6zTY8g!Q");
StringIncrementor.patch("7{0Cz[[(6zTY8g!Q", diff, true);
Test 9: 
RelativeString relativeString = new RelativeString();
byte[] byteArray = new byte[1];
StringLink stringLink = new StringLink(byteArray);
relativeString.addLink(stringLink);
StringIncrementor.patch("", relativeString, false);
Test 10: 
RelativeString diff = StringIncrementor.diff("", "");
StringIncrementor.patch("", diff);
Test 11: 
StringIncrementor.diff("", "", true);

* Going to analyze the coverage criteria
* Coverage analysis for criterion BRANCH
* Coverage of criterion BRANCH: 91%
* Total number of goals: 35
* Number of covered goals: 32
* Coverage analysis for criterion LINE
* Coverage of criterion LINE: 98%
* Total number of goals: 57
* Number of covered goals: 56
* Coverage analysis for criterion OUTPUT
* Coverage of criterion OUTPUT: 60%
* Total number of goals: 20
* Number of covered goals: 12
* Coverage analysis for criterion METHOD
* Coverage of criterion METHOD: 100%
* Total number of goals: 5
* Number of covered goals: 5
* Coverage analysis for criterion CBRANCH
* Coverage of criterion CBRANCH: 83%
* Total number of goals: 35
* Number of covered goals: 29
* Generated 12 tests with total length 26
* Resulting test suite's coverage: 87% (average coverage for all fitness functions)
* Generating assertions
* Resulting test suite's mutation score: 38%
* Compiling and checking tests
Going to execute: removeTestsThatDoNotCompile
* Compiling Tests
** Write a test suite: 0 called: 0 to improve: false
* Compiling Tests
** Write a test suite: 0 called: 0 to improve: true
** Improve Understandability: ** Test Code is: StringIncrementor stringIncrementor = new StringIncrementor();

** It was a parseable test case! 
refined test name is: testIncrement
* Compiling Tests
refined test name is: testIncrementStringbasic
* Compiling Tests
** Write a test suite: 0 called: 0 to improve: false
* Compiling Tests
** Write a test suite: 0 called: 0 to improve: true
** Improve Understandability: ** Test Code is: // Undeclared exception!
try { 
  StringIncrementor.diff("1234567890", "abcdefghijklmnopqrstuvwxyz", true);
  fail("Expecting exception: ArithmeticException");

} catch(ArithmeticException e) {
   //
   // / by zero
   //
   verifyException("de.beiri22.stringincrementor.StringIncrementor", e);
}


** It was a parseable test case! 
refined test name is: testIncrementStringWithNonZeroDivisor
* Compiling Tests
** Write a test suite: 0 called: 0 to improve: false
* Compiling Tests
** Write a test suite: 0 called: 0 to improve: true
** Improve Understandability: ** Test Code is: RelativeString diff = StringIncrementor.diff("W|l<GdkiTyWRi!", "W|l<GdkiTyWRi!", false);
assertEquals("", diff.getAbsolute());


** It was a parseable test case! 
refined test name is: testEmptyStrings
* Compiling Tests
** Write a test suite: 0 called: 0 to improve: false
* Compiling Tests
** Write a test suite: 0 called: 0 to improve: true
** Improve Understandability: ** Test Code is: RelativeString diff = StringIncrementor.diff("", "de.beiri22.stringincrementor.StringIncrementor", false);
assertEquals(0, diff.linksCount());


** It was a parseable test case! 
refined test name is: testDiffWithEmptyStringsReturnsNoLinks
* Compiling Tests
refined test name is: testDiffWithTwoEmptyStringsReturnsNoLinks
* Compiling Tests
** Write a test suite: 0 called: 0 to improve: false
* Compiling Tests
** Write a test suite: 0 called: 0 to improve: true
** Improve Understandability: ** Test Code is: RelativeString diff = StringIncrementor.diff("absolute Btes rom pl{", "absolute Btes rom ps{");
assertEquals("s{", diff.getAbsolute());


** It was a parseable test case! 
refined test name is: testDiffGetAbsolute
* Compiling Tests
** Write a test suite: 0 called: 0 to improve: false
* Compiling Tests
** Write a test suite: 0 called: 0 to improve: true
** Improve Understandability: ** Test Code is: RelativeString arg1 = StringIncrementor.diff(" absoute Bytes +rompos{", " absoute Bytes +rompos{", true);
String patch = StringIncrementor.patch(" absoute Bytes +rompos{", arg1);
assertEquals(" absoute Bytes +rompos{", patch);
assertEquals("", arg1.getAbsolute());


** It was a parseable test case! 
refined test name is: testPatchReturnsOriginalPathWhenGivenRelativePath
* Compiling Tests
** Write a test suite: 0 called: 0 to improve: false
* Compiling Tests
** Write a test suite: 0 called: 0 to improve: true
** Improve Understandability: ** Test Code is: RelativeString arg1 = new RelativeString();
StringLink arg0 = new StringLink(1994, 8, 8);
arg1.addLink(arg0);
// Undeclared exception!
try { 
  StringIncrementor.patch("zX\t", arg1, false);
  fail("Expecting exception: StringIndexOutOfBoundsException");

} catch(StringIndexOutOfBoundsException e) {
}


** It was a parseable test case! 
refined test name is: testPatchIncrementString
* Compiling Tests
refined test name is: testPatchStringIndexOutOfBoundsException
* Compiling Tests
** Write a test suite: 0 called: 0 to improve: false
* Compiling Tests
** Write a test suite: 0 called: 0 to improve: true
** Improve Understandability: ** Test Code is: RelativeString arg1 = new RelativeString();
StringLink arg0 = new StringLink(2032, 5, 19);
arg1.addLink(arg0);
arg1.setAbsolute("I~u6pKwnQW-o~<1");
// Undeclared exception!
try { 
  StringIncrementor.patch("", arg1, true);
  fail("Expecting exception: StringIndexOutOfBoundsException");

} catch(StringIndexOutOfBoundsException e) {
}


** It was a parseable test case! 
refined test name is: testPatchthrowsStringIndexOutOfBoundsException
* Compiling Tests
** Write a test suite: 0 called: 0 to improve: false
* Compiling Tests
** Write a test suite: 0 called: 0 to improve: true
** Improve Understandability: ** Test Code is: RelativeString arg1 = StringIncrementor.diff("7{0Cz[[(6zTY8g!Q", "7{0Cz[[(6zTY8g!Q");
String patch = StringIncrementor.patch("7{0Cz[[(6zTY8g!Q", arg1, true);
assertEquals("7{0Cz[[(6zTY8g!Q", patch);
assertEquals("", arg1.getAbsolute());


** It was a parseable test case! 
refined test name is: testPatchRelativeStringAndAbsoluteValue
* Compiling Tests
** Write a test suite: 0 called: 0 to improve: false
* Compiling Tests
** Write a test suite: 0 called: 0 to improve: false
* Compiling Tests
** Write a test suite: 0 called: 0 to improve: true
** Improve Understandability: ** Test Code is: RelativeString arg1 = StringIncrementor.diff("", "");
String patch = StringIncrementor.patch("", arg1);
assertEquals("", patch);


** It was a parseable test case! 
refined test name is: testPatchEmptyStringReturnsEmptyString
* Compiling Tests
refined test name is: testPatchEmptyStringsReturnsEmptyString
* Compiling Tests
** Write a test suite: 0 called: 0 to improve: false
* Compiling Tests
** Write a test suite: 0 called: 0 to improve: true
** Improve Understandability: ** Test Code is: RelativeString diff = StringIncrementor.diff("", "", true);
assertEquals("", diff.getAbsolute());


** It was a parseable test case! 
refined test name is: testDiffWithEmptyStringsIgnoreCase
Going to execute: handleTestsThatAreUnstable
* Compiling Tests
** Write a test suite: 0 called: 0 to improve: false
[MASTER] 02:48:57.662 [logback-1] WARN  AgentLoader - Failed to find EvoSuite jar in current classloader. URLs of classloader:
file:/tmp/EvoSuite_pathingJar4776411460486960782.jar
file:/root/.sdkman/candidates/java/8.0.333.fx-librca/jre/../lib/tools.jar
file:/root/.sdkman/candidates/java/8.0.333.fx-librca/jre/lib/ext/cldrdata.jar
file:/root/.sdkman/candidates/java/8.0.333.fx-librca/jre/lib/ext/sunec.jar
file:/root/.sdkman/candidates/java/8.0.333.fx-librca/jre/lib/ext/localedata.jar
file:/root/.sdkman/candidates/java/8.0.333.fx-librca/jre/lib/ext/jaccess.jar
file:/root/.sdkman/candidates/java/8.0.333.fx-librca/jre/lib/ext/dnsns.jar
file:/root/.sdkman/candidates/java/8.0.333.fx-librca/jre/lib/ext/sunpkcs11.jar
file:/root/.sdkman/candidates/java/8.0.333.fx-librca/jre/lib/ext/zipfs.jar
file:/root/.sdkman/candidates/java/8.0.333.fx-librca/jre/lib/ext/jfxrt.jar
file:/root/.sdkman/candidates/java/8.0.333.fx-librca/jre/lib/ext/sunjce_provider.jar
file:/root/.sdkman/candidates/java/8.0.333.fx-librca/jre/lib/ext/nashorn.jar
[MASTER] 02:48:57.690 [logback-1] WARN  JUnitAnalyzer - Found unstable test named initializationError -> class java.lang.RuntimeException: Cannot find either the compilation target folder nor the EvoSuite jar in classpath: /tmp/EvoSuite_pathingJar4776411460486960782.jar
Going to execute: handleTestsThatAreUnstable
* Compiling Tests
[MASTER] 02:48:57.781 [logback-1] WARN  AgentLoader - Failed to find EvoSuite jar in current classloader. URLs of classloader:
file:/tmp/EvoSuite_pathingJar4776411460486960782.jar
file:/root/.sdkman/candidates/java/8.0.333.fx-librca/jre/../lib/tools.jar
file:/root/.sdkman/candidates/java/8.0.333.fx-librca/jre/lib/ext/cldrdata.jar
file:/root/.sdkman/candidates/java/8.0.333.fx-librca/jre/lib/ext/sunec.jar
file:/root/.sdkman/candidates/java/8.0.333.fx-librca/jre/lib/ext/localedata.jar
file:/root/.sdkman/candidates/java/8.0.333.fx-librca/jre/lib/ext/jaccess.jar
file:/root/.sdkman/candidates/java/8.0.333.fx-librca/jre/lib/ext/dnsns.jar
file:/root/.sdkman/candidates/java/8.0.333.fx-librca/jre/lib/ext/sunpkcs11.jar
file:/root/.sdkman/candidates/java/8.0.333.fx-librca/jre/lib/ext/zipfs.jar
file:/root/.sdkman/candidates/java/8.0.333.fx-librca/jre/lib/ext/jfxrt.jar
file:/root/.sdkman/candidates/java/8.0.333.fx-librca/jre/lib/ext/sunjce_provider.jar
file:/root/.sdkman/candidates/java/8.0.333.fx-librca/jre/lib/ext/nashorn.jar
[MASTER] 02:48:57.782 [logback-1] WARN  JUnitAnalyzer - Found unstable test named initializationError -> class java.lang.RuntimeException: Cannot find either the compilation target folder nor the EvoSuite jar in classpath: /tmp/EvoSuite_pathingJar4776411460486960782.jar
Going to execute: handleTestsThatAreUnstable
* Compiling Tests
[MASTER] 02:48:57.885 [logback-1] WARN  AgentLoader - Failed to find EvoSuite jar in current classloader. URLs of classloader:
file:/tmp/EvoSuite_pathingJar4776411460486960782.jar
file:/root/.sdkman/candidates/java/8.0.333.fx-librca/jre/../lib/tools.jar
file:/root/.sdkman/candidates/java/8.0.333.fx-librca/jre/lib/ext/cldrdata.jar
file:/root/.sdkman/candidates/java/8.0.333.fx-librca/jre/lib/ext/sunec.jar
file:/root/.sdkman/candidates/java/8.0.333.fx-librca/jre/lib/ext/localedata.jar
file:/root/.sdkman/candidates/java/8.0.333.fx-librca/jre/lib/ext/jaccess.jar
file:/root/.sdkman/candidates/java/8.0.333.fx-librca/jre/lib/ext/dnsns.jar
file:/root/.sdkman/candidates/java/8.0.333.fx-librca/jre/lib/ext/sunpkcs11.jar
file:/root/.sdkman/candidates/java/8.0.333.fx-librca/jre/lib/ext/zipfs.jar
file:/root/.sdkman/candidates/java/8.0.333.fx-librca/jre/lib/ext/jfxrt.jar
file:/root/.sdkman/candidates/java/8.0.333.fx-librca/jre/lib/ext/sunjce_provider.jar
file:/root/.sdkman/candidates/java/8.0.333.fx-librca/jre/lib/ext/nashorn.jar
[MASTER] 02:48:57.886 [logback-1] WARN  JUnitAnalyzer - Found unstable test named initializationError -> class java.lang.RuntimeException: Cannot find either the compilation target folder nor the EvoSuite jar in classpath: /tmp/EvoSuite_pathingJar4776411460486960782.jar
Going to execute: handleTestsThatAreUnstable
* Compiling Tests
** Write a test suite: 0 called: 0 to improve: false
[MASTER] 02:48:57.945 [logback-1] WARN  AgentLoader - Failed to find EvoSuite jar in current classloader. URLs of classloader:
file:/tmp/EvoSuite_pathingJar4776411460486960782.jar
file:/root/.sdkman/candidates/java/8.0.333.fx-librca/jre/../lib/tools.jar
file:/root/.sdkman/candidates/java/8.0.333.fx-librca/jre/lib/ext/cldrdata.jar
file:/root/.sdkman/candidates/java/8.0.333.fx-librca/jre/lib/ext/sunec.jar
file:/root/.sdkman/candidates/java/8.0.333.fx-librca/jre/lib/ext/localedata.jar
file:/root/.sdkman/candidates/java/8.0.333.fx-librca/jre/lib/ext/jaccess.jar
file:/root/.sdkman/candidates/java/8.0.333.fx-librca/jre/lib/ext/dnsns.jar
file:/root/.sdkman/candidates/java/8.0.333.fx-librca/jre/lib/ext/sunpkcs11.jar
file:/root/.sdkman/candidates/java/8.0.333.fx-librca/jre/lib/ext/zipfs.jar
file:/root/.sdkman/candidates/java/8.0.333.fx-librca/jre/lib/ext/jfxrt.jar
file:/root/.sdkman/candidates/java/8.0.333.fx-librca/jre/lib/ext/sunjce_provider.jar
file:/root/.sdkman/candidates/java/8.0.333.fx-librca/jre/lib/ext/nashorn.jar
[MASTER] 02:48:57.946 [logback-1] WARN  JUnitAnalyzer - Found unstable test named initializationError -> class java.lang.RuntimeException: Cannot find either the compilation target folder nor the EvoSuite jar in classpath: /tmp/EvoSuite_pathingJar4776411460486960782.jar
Going to execute: handleTestsThatAreUnstable
* Compiling Tests
[MASTER] 02:48:58.005 [logback-1] WARN  AgentLoader - Failed to find EvoSuite jar in current classloader. URLs of classloader:
file:/tmp/EvoSuite_pathingJar4776411460486960782.jar
file:/root/.sdkman/candidates/java/8.0.333.fx-librca/jre/../lib/tools.jar
file:/root/.sdkman/candidates/java/8.0.333.fx-librca/jre/lib/ext/cldrdata.jar
file:/root/.sdkman/candidates/java/8.0.333.fx-librca/jre/lib/ext/sunec.jar
file:/root/.sdkman/candidates/java/8.0.333.fx-librca/jre/lib/ext/localedata.jar
file:/root/.sdkman/candidates/java/8.0.333.fx-librca/jre/lib/ext/jaccess.jar
file:/root/.sdkman/candidates/java/8.0.333.fx-librca/jre/lib/ext/dnsns.jar
file:/root/.sdkman/candidates/java/8.0.333.fx-librca/jre/lib/ext/sunpkcs11.jar
file:/root/.sdkman/candidates/java/8.0.333.fx-librca/jre/lib/ext/zipfs.jar
file:/root/.sdkman/candidates/java/8.0.333.fx-librca/jre/lib/ext/jfxrt.jar
file:/root/.sdkman/candidates/java/8.0.333.fx-librca/jre/lib/ext/sunjce_provider.jar
file:/root/.sdkman/candidates/java/8.0.333.fx-librca/jre/lib/ext/nashorn.jar
[MASTER] 02:48:58.006 [logback-1] WARN  JUnitAnalyzer - Found unstable test named initializationError -> class java.lang.RuntimeException: Cannot find either the compilation target folder nor the EvoSuite jar in classpath: /tmp/EvoSuite_pathingJar4776411460486960782.jar
Going to execute: handleTestsThatAreUnstable
* Compiling Tests
[MASTER] 02:48:58.062 [logback-1] WARN  AgentLoader - Failed to find EvoSuite jar in current classloader. URLs of classloader:
file:/tmp/EvoSuite_pathingJar4776411460486960782.jar
file:/root/.sdkman/candidates/java/8.0.333.fx-librca/jre/../lib/tools.jar
file:/root/.sdkman/candidates/java/8.0.333.fx-librca/jre/lib/ext/cldrdata.jar
file:/root/.sdkman/candidates/java/8.0.333.fx-librca/jre/lib/ext/sunec.jar
file:/root/.sdkman/candidates/java/8.0.333.fx-librca/jre/lib/ext/localedata.jar
file:/root/.sdkman/candidates/java/8.0.333.fx-librca/jre/lib/ext/jaccess.jar
file:/root/.sdkman/candidates/java/8.0.333.fx-librca/jre/lib/ext/dnsns.jar
file:/root/.sdkman/candidates/java/8.0.333.fx-librca/jre/lib/ext/sunpkcs11.jar
file:/root/.sdkman/candidates/java/8.0.333.fx-librca/jre/lib/ext/zipfs.jar
file:/root/.sdkman/candidates/java/8.0.333.fx-librca/jre/lib/ext/jfxrt.jar
file:/root/.sdkman/candidates/java/8.0.333.fx-librca/jre/lib/ext/sunjce_provider.jar
file:/root/.sdkman/candidates/java/8.0.333.fx-librca/jre/lib/ext/nashorn.jar
[MASTER] 02:48:58.064 [logback-1] WARN  JUnitAnalyzer - Found unstable test named initializationError -> class java.lang.RuntimeException: Cannot find either the compilation target folder nor the EvoSuite jar in classpath: /tmp/EvoSuite_pathingJar4776411460486960782.jar
Going to execute: handleTestsThatAreUnstable
* Compiling Tests
** Write a test suite: 0 called: 0 to improve: false
[MASTER] 02:48:58.156 [logback-1] WARN  AgentLoader - Failed to find EvoSuite jar in current classloader. URLs of classloader:
file:/tmp/EvoSuite_pathingJar4776411460486960782.jar
file:/root/.sdkman/candidates/java/8.0.333.fx-librca/jre/../lib/tools.jar
file:/root/.sdkman/candidates/java/8.0.333.fx-librca/jre/lib/ext/cldrdata.jar
file:/root/.sdkman/candidates/java/8.0.333.fx-librca/jre/lib/ext/sunec.jar
file:/root/.sdkman/candidates/java/8.0.333.fx-librca/jre/lib/ext/localedata.jar
file:/root/.sdkman/candidates/java/8.0.333.fx-librca/jre/lib/ext/jaccess.jar
file:/root/.sdkman/candidates/java/8.0.333.fx-librca/jre/lib/ext/dnsns.jar
file:/root/.sdkman/candidates/java/8.0.333.fx-librca/jre/lib/ext/sunpkcs11.jar
file:/root/.sdkman/candidates/java/8.0.333.fx-librca/jre/lib/ext/zipfs.jar
file:/root/.sdkman/candidates/java/8.0.333.fx-librca/jre/lib/ext/jfxrt.jar
file:/root/.sdkman/candidates/java/8.0.333.fx-librca/jre/lib/ext/sunjce_provider.jar
file:/root/.sdkman/candidates/java/8.0.333.fx-librca/jre/lib/ext/nashorn.jar
[MASTER] 02:48:58.157 [logback-1] WARN  JUnitAnalyzer - Found unstable test named initializationError -> class java.lang.RuntimeException: Cannot find either the compilation target folder nor the EvoSuite jar in classpath: /tmp/EvoSuite_pathingJar4776411460486960782.jar
Going to execute: handleTestsThatAreUnstable
* Compiling Tests
[MASTER] 02:48:58.290 [logback-1] WARN  AgentLoader - Failed to find EvoSuite jar in current classloader. URLs of classloader:
file:/tmp/EvoSuite_pathingJar4776411460486960782.jar
file:/root/.sdkman/candidates/java/8.0.333.fx-librca/jre/../lib/tools.jar
file:/root/.sdkman/candidates/java/8.0.333.fx-librca/jre/lib/ext/cldrdata.jar
file:/root/.sdkman/candidates/java/8.0.333.fx-librca/jre/lib/ext/sunec.jar
file:/root/.sdkman/candidates/java/8.0.333.fx-librca/jre/lib/ext/localedata.jar
file:/root/.sdkman/candidates/java/8.0.333.fx-librca/jre/lib/ext/jaccess.jar
file:/root/.sdkman/candidates/java/8.0.333.fx-librca/jre/lib/ext/dnsns.jar
file:/root/.sdkman/candidates/java/8.0.333.fx-librca/jre/lib/ext/sunpkcs11.jar
file:/root/.sdkman/candidates/java/8.0.333.fx-librca/jre/lib/ext/zipfs.jar
file:/root/.sdkman/candidates/java/8.0.333.fx-librca/jre/lib/ext/jfxrt.jar
file:/root/.sdkman/candidates/java/8.0.333.fx-librca/jre/lib/ext/sunjce_provider.jar
file:/root/.sdkman/candidates/java/8.0.333.fx-librca/jre/lib/ext/nashorn.jar
[MASTER] 02:48:58.292 [logback-1] WARN  JUnitAnalyzer - Found unstable test named initializationError -> class java.lang.RuntimeException: Cannot find either the compilation target folder nor the EvoSuite jar in classpath: /tmp/EvoSuite_pathingJar4776411460486960782.jar
Going to execute: handleTestsThatAreUnstable
* Compiling Tests
[MASTER] 02:48:58.375 [logback-1] WARN  AgentLoader - Failed to find EvoSuite jar in current classloader. URLs of classloader:
file:/tmp/EvoSuite_pathingJar4776411460486960782.jar
file:/root/.sdkman/candidates/java/8.0.333.fx-librca/jre/../lib/tools.jar
file:/root/.sdkman/candidates/java/8.0.333.fx-librca/jre/lib/ext/cldrdata.jar
file:/root/.sdkman/candidates/java/8.0.333.fx-librca/jre/lib/ext/sunec.jar
file:/root/.sdkman/candidates/java/8.0.333.fx-librca/jre/lib/ext/localedata.jar
file:/root/.sdkman/candidates/java/8.0.333.fx-librca/jre/lib/ext/jaccess.jar
file:/root/.sdkman/candidates/java/8.0.333.fx-librca/jre/lib/ext/dnsns.jar
file:/root/.sdkman/candidates/java/8.0.333.fx-librca/jre/lib/ext/sunpkcs11.jar
file:/root/.sdkman/candidates/java/8.0.333.fx-librca/jre/lib/ext/zipfs.jar
file:/root/.sdkman/candidates/java/8.0.333.fx-librca/jre/lib/ext/jfxrt.jar
file:/root/.sdkman/candidates/java/8.0.333.fx-librca/jre/lib/ext/sunjce_provider.jar
file:/root/.sdkman/candidates/java/8.0.333.fx-librca/jre/lib/ext/nashorn.jar
[MASTER] 02:48:58.376 [logback-1] WARN  JUnitAnalyzer - Found unstable test named initializationError -> class java.lang.RuntimeException: Cannot find either the compilation target folder nor the EvoSuite jar in classpath: /tmp/EvoSuite_pathingJar4776411460486960782.jar
Going to execute: handleTestsThatAreUnstable
* Compiling Tests
** Write a test suite: 0 called: 0 to improve: false
[MASTER] 02:48:58.472 [logback-1] WARN  AgentLoader - Failed to find EvoSuite jar in current classloader. URLs of classloader:
file:/tmp/EvoSuite_pathingJar4776411460486960782.jar
file:/root/.sdkman/candidates/java/8.0.333.fx-librca/jre/../lib/tools.jar
file:/root/.sdkman/candidates/java/8.0.333.fx-librca/jre/lib/ext/cldrdata.jar
file:/root/.sdkman/candidates/java/8.0.333.fx-librca/jre/lib/ext/sunec.jar
file:/root/.sdkman/candidates/java/8.0.333.fx-librca/jre/lib/ext/localedata.jar
file:/root/.sdkman/candidates/java/8.0.333.fx-librca/jre/lib/ext/jaccess.jar
file:/root/.sdkman/candidates/java/8.0.333.fx-librca/jre/lib/ext/dnsns.jar
file:/root/.sdkman/candidates/java/8.0.333.fx-librca/jre/lib/ext/sunpkcs11.jar
file:/root/.sdkman/candidates/java/8.0.333.fx-librca/jre/lib/ext/zipfs.jar
file:/root/.sdkman/candidates/java/8.0.333.fx-librca/jre/lib/ext/jfxrt.jar
file:/root/.sdkman/candidates/java/8.0.333.fx-librca/jre/lib/ext/sunjce_provider.jar
file:/root/.sdkman/candidates/java/8.0.333.fx-librca/jre/lib/ext/nashorn.jar
[MASTER] 02:48:58.473 [logback-1] WARN  JUnitAnalyzer - Found unstable test named initializationError -> class java.lang.RuntimeException: Cannot find either the compilation target folder nor the EvoSuite jar in classpath: /tmp/EvoSuite_pathingJar4776411460486960782.jar
Going to execute: handleTestsThatAreUnstable
* Compiling Tests
[MASTER] 02:48:58.552 [logback-1] WARN  AgentLoader - Failed to find EvoSuite jar in current classloader. URLs of classloader:
file:/tmp/EvoSuite_pathingJar4776411460486960782.jar
file:/root/.sdkman/candidates/java/8.0.333.fx-librca/jre/../lib/tools.jar
file:/root/.sdkman/candidates/java/8.0.333.fx-librca/jre/lib/ext/cldrdata.jar
file:/root/.sdkman/candidates/java/8.0.333.fx-librca/jre/lib/ext/sunec.jar
file:/root/.sdkman/candidates/java/8.0.333.fx-librca/jre/lib/ext/localedata.jar
file:/root/.sdkman/candidates/java/8.0.333.fx-librca/jre/lib/ext/jaccess.jar
file:/root/.sdkman/candidates/java/8.0.333.fx-librca/jre/lib/ext/dnsns.jar
file:/root/.sdkman/candidates/java/8.0.333.fx-librca/jre/lib/ext/sunpkcs11.jar
file:/root/.sdkman/candidates/java/8.0.333.fx-librca/jre/lib/ext/zipfs.jar
file:/root/.sdkman/candidates/java/8.0.333.fx-librca/jre/lib/ext/jfxrt.jar
file:/root/.sdkman/candidates/java/8.0.333.fx-librca/jre/lib/ext/sunjce_provider.jar
file:/root/.sdkman/candidates/java/8.0.333.fx-librca/jre/lib/ext/nashorn.jar
[MASTER] 02:48:58.553 [logback-1] WARN  JUnitAnalyzer - Found unstable test named initializationError -> class java.lang.RuntimeException: Cannot find either the compilation target folder nor the EvoSuite jar in classpath: /tmp/EvoSuite_pathingJar4776411460486960782.jar
Going to execute: handleTestsThatAreUnstable
* Compiling Tests
** Write a test suite: 0 called: 0 to improve: false
** Write a test suite: 3 called: 1 to improve: false
** Write a test suite: 6 called: 2 to improve: false
** Write a test suite: 9 called: 3 to improve: false
[MASTER] 02:48:58.864 [logback-1] WARN  AgentLoader - Failed to find EvoSuite jar in current classloader. URLs of classloader:
file:/tmp/EvoSuite_pathingJar4776411460486960782.jar
file:/root/.sdkman/candidates/java/8.0.333.fx-librca/jre/../lib/tools.jar
file:/root/.sdkman/candidates/java/8.0.333.fx-librca/jre/lib/ext/cldrdata.jar
file:/root/.sdkman/candidates/java/8.0.333.fx-librca/jre/lib/ext/sunec.jar
file:/root/.sdkman/candidates/java/8.0.333.fx-librca/jre/lib/ext/localedata.jar
file:/root/.sdkman/candidates/java/8.0.333.fx-librca/jre/lib/ext/jaccess.jar
file:/root/.sdkman/candidates/java/8.0.333.fx-librca/jre/lib/ext/dnsns.jar
file:/root/.sdkman/candidates/java/8.0.333.fx-librca/jre/lib/ext/sunpkcs11.jar
file:/root/.sdkman/candidates/java/8.0.333.fx-librca/jre/lib/ext/zipfs.jar
file:/root/.sdkman/candidates/java/8.0.333.fx-librca/jre/lib/ext/jfxrt.jar
file:/root/.sdkman/candidates/java/8.0.333.fx-librca/jre/lib/ext/sunjce_provider.jar
file:/root/.sdkman/candidates/java/8.0.333.fx-librca/jre/lib/ext/nashorn.jar
[MASTER] 02:48:58.865 [logback-1] WARN  JUnitAnalyzer - Found unstable test named initializationError -> class java.lang.RuntimeException: Cannot find either the compilation target folder nor the EvoSuite jar in classpath: /tmp/EvoSuite_pathingJar4776411460486960782.jar
Going to execute: handleTestsThatAreUnstable
* Compiling Tests
** Write a test suite: 1 called: 0 to improve: false
** Write a test suite: 4 called: 1 to improve: false
** Write a test suite: 7 called: 2 to improve: false
** Write a test suite: 10 called: 3 to improve: false
[MASTER] 02:48:59.121 [logback-1] WARN  AgentLoader - Failed to find EvoSuite jar in current classloader. URLs of classloader:
file:/tmp/EvoSuite_pathingJar4776411460486960782.jar
file:/root/.sdkman/candidates/java/8.0.333.fx-librca/jre/../lib/tools.jar
file:/root/.sdkman/candidates/java/8.0.333.fx-librca/jre/lib/ext/cldrdata.jar
file:/root/.sdkman/candidates/java/8.0.333.fx-librca/jre/lib/ext/sunec.jar
file:/root/.sdkman/candidates/java/8.0.333.fx-librca/jre/lib/ext/localedata.jar
file:/root/.sdkman/candidates/java/8.0.333.fx-librca/jre/lib/ext/jaccess.jar
file:/root/.sdkman/candidates/java/8.0.333.fx-librca/jre/lib/ext/dnsns.jar
file:/root/.sdkman/candidates/java/8.0.333.fx-librca/jre/lib/ext/sunpkcs11.jar
file:/root/.sdkman/candidates/java/8.0.333.fx-librca/jre/lib/ext/zipfs.jar
file:/root/.sdkman/candidates/java/8.0.333.fx-librca/jre/lib/ext/jfxrt.jar
file:/root/.sdkman/candidates/java/8.0.333.fx-librca/jre/lib/ext/sunjce_provider.jar
file:/root/.sdkman/candidates/java/8.0.333.fx-librca/jre/lib/ext/nashorn.jar
[MASTER] 02:48:59.122 [logback-1] WARN  JUnitAnalyzer - Found unstable test named initializationError -> class java.lang.RuntimeException: Cannot find either the compilation target folder nor the EvoSuite jar in classpath: /tmp/EvoSuite_pathingJar4776411460486960782.jar
[MASTER] 02:49:01.183 [logback-1] WARN  TimeController - Already entered in phase: INLINING. This will mess up the timing calculations.
* test suite isTestSuite: 13
Test 0: 
RelativeString diff = StringIncrementor.diff("7{0Cz[[(6zTY8g!Q", "7{0Cz[[(6zTY8g!Q");
StringIncrementor.patch("7{0Cz[[(6zTY8g!Q", diff, true);
Test 1: 
RelativeString diff = StringIncrementor.diff(" absoute Bytes +rompos{", " absoute Bytes +rompos{", true);
StringIncrementor.patch(" absoute Bytes +rompos{", diff);
Test 2: 
StringIncrementor stringIncrementor = new StringIncrementor();
Test 3: 
// Undeclared exception!
try { 
  StringIncrementor.diff("", "7{0Cz[[(6zTY8g!Q", true);
  fail("Expecting exception: ArithmeticException");

} catch(ArithmeticException e) {
   //
   // no message in exception (getMessage() returned null)
   //
}

Test 4: 
StringIncrementor.diff("absolute Btes rom pl{", "absolute Btes rom ps{");
Test 5: 
RelativeString diff = StringIncrementor.diff(" absoute Bytes +rompos{", " absoute Bytes +rompos{", true);
byte[] byteArray = new byte[0];
StringLink stringLink = new StringLink(byteArray);
diff.addLink(stringLink);
// Undeclared exception!
try { 
  StringIncrementor.patch(" absoute Bytes +rompos{", diff);
  fail("Expecting exception: StringIndexOutOfBoundsException");

} catch(StringIndexOutOfBoundsException e) {
}

Test 6: 
StringIncrementor.diff("", "de.beiri22.stringincrementor.StringIncrementor", false);
Test 7: 
StringIncrementor.diff("W|l<GdkiTyWRi!", "W|l<GdkiTyWRi!", false);
Test 8: 
RelativeString relativeString = new RelativeString();
StringLink stringLink = new StringLink(1994, 8, 8);
relativeString.addLink(stringLink);
// Undeclared exception!
try { 
  StringIncrementor.patch("zX\t", relativeString, false);
  fail("Expecting exception: StringIndexOutOfBoundsException");

} catch(StringIndexOutOfBoundsException e) {
}

Test 9: 
RelativeString relativeString = new RelativeString();
byte[] byteArray = new byte[1];
StringLink stringLink = new StringLink(byteArray);
relativeString.addLink(stringLink);
StringIncrementor.patch("", relativeString, false);
Test 10: 
RelativeString diff = StringIncrementor.diff("", "");
StringIncrementor.patch("", diff);
Test 11: 
StringIncrementor.diff("", "", true);
Test 12: 
RelativeString relativeString = new RelativeString();
StringLink stringLink = new StringLink(1994, 8, 8);
relativeString.addLink(stringLink);
relativeString.setAbsolute("I~u6pKwnQW-o~<1");
// Undeclared exception!
try { 
  StringIncrementor.patch("", relativeString, true);
  fail("Expecting exception: StringIndexOutOfBoundsException");

} catch(StringIndexOutOfBoundsException e) {
}


* Minimizing test suite
* test suite isTestSuite: 12
Test 0: 
StringIncrementor.diff("absolute Btes rom pl{", "absolute Btes rom ps{");
Test 1: 
RelativeString diff = StringIncrementor.diff(" absoute Bytes +rompos{", " absoute Bytes +rompos{", true);
StringIncrementor.patch(" absoute Bytes +rompos{", diff);
Test 2: 
StringIncrementor stringIncrementor = new StringIncrementor();
Test 3: 
// Undeclared exception!
try { 
  StringIncrementor.diff("", "7{0Cz[[(6zTY8g!Q", true);
  fail("Expecting exception: ArithmeticException");

} catch(ArithmeticException e) {
   //
   // no message in exception (getMessage() returned null)
   //
}

Test 4: 
StringIncrementor.diff("", "de.beiri22.stringincrementor.StringIncrementor", false);
Test 5: 
RelativeString relativeString = new RelativeString();
StringLink stringLink = new StringLink(1994, 8, 8);
relativeString.addLink(stringLink);
// Undeclared exception!
try { 
  StringIncrementor.patch("zX\t", relativeString, false);
  fail("Expecting exception: StringIndexOutOfBoundsException");

} catch(StringIndexOutOfBoundsException e) {
}

Test 6: 
RelativeString diff = StringIncrementor.diff("7{0Cz[[(6zTY8g!Q", "7{0Cz[[(6zTY8g!Q");
StringIncrementor.patch("7{0Cz[[(6zTY8g!Q", diff, true);
Test 7: 
StringIncrementor.diff("W|l<GdkiTyWRi!", "W|l<GdkiTyWRi!", false);
Test 8: 
RelativeString relativeString = new RelativeString();
byte[] byteArray = new byte[1];
StringLink stringLink = new StringLink(byteArray);
relativeString.addLink(stringLink);
StringIncrementor.patch("", relativeString, false);
Test 9: 
RelativeString diff = StringIncrementor.diff("", "");
StringIncrementor.patch("", diff);
Test 10: 
StringIncrementor.diff("", "", true);
Test 11: 
RelativeString relativeString = new RelativeString();
StringLink stringLink = new StringLink(1994, 8, 8);
relativeString.addLink(stringLink);
relativeString.setAbsolute("I~u6pKwnQW-o~<1");
// Undeclared exception!
try { 
  StringIncrementor.patch("", relativeString, true);
  fail("Expecting exception: StringIndexOutOfBoundsException");

} catch(StringIndexOutOfBoundsException e) {
}


[MASTER] 02:49:04.079 [logback-1] WARN  TimeController - Already entered in phase: MINIMIZATION. This will mess up the timing calculations.
* Going to analyze the coverage criteria
* Coverage analysis for criterion BRANCH
* Coverage of criterion BRANCH: 91%
* Total number of goals: 35
* Number of covered goals: 32
* Coverage analysis for criterion LINE
* Coverage of criterion LINE: 98%
* Total number of goals: 57
* Number of covered goals: 56
* Coverage analysis for criterion OUTPUT
* Coverage of criterion OUTPUT: 60%
* Total number of goals: 20
* Number of covered goals: 12
* Coverage analysis for criterion METHOD
* Coverage of criterion METHOD: 100%
* Total number of goals: 5
* Number of covered goals: 5
* Coverage analysis for criterion CBRANCH
* Coverage of criterion CBRANCH: 83%
* Total number of goals: 35
* Number of covered goals: 29
* Generated 12 tests with total length 26
* Resulting test suite's coverage: 87% (average coverage for all fitness functions)
* Generating assertions
[MASTER] 02:49:04.121 [logback-1] WARN  TimeController - Already entered in phase: COVERAGE_ANALYSIS. This will mess up the timing calculations.
* Resulting test suite's mutation score: 38%
[MASTER] 02:49:05.713 [logback-1] WARN  TimeController - Already entered in phase: ASSERTION_GENERATION. This will mess up the timing calculations.
* Compiling and checking tests
Going to execute: removeTestsThatDoNotCompile
* Compiling Tests
** Write a test suite: 0 called: 0 to improve: false
* Compiling Tests
** Write a test suite: 0 called: 0 to improve: false
* Compiling Tests
** Write a test suite: 0 called: 0 to improve: false
* Compiling Tests
** Write a test suite: 0 called: 0 to improve: false
* Compiling Tests
** Write a test suite: 0 called: 0 to improve: false
* Compiling Tests
** Write a test suite: 0 called: 0 to improve: false
* Compiling Tests
** Write a test suite: 0 called: 0 to improve: false
* Compiling Tests
** Write a test suite: 0 called: 0 to improve: false
* Compiling Tests
** Write a test suite: 0 called: 0 to improve: false
* Compiling Tests
** Write a test suite: 0 called: 0 to improve: false
* Compiling Tests
** Write a test suite: 0 called: 0 to improve: false
* Compiling Tests
** Write a test suite: 0 called: 0 to improve: false
Going to execute: handleTestsThatAreUnstable
* Compiling Tests
** Write a test suite: 0 called: 0 to improve: false
[MASTER] 02:49:06.583 [logback-1] WARN  AgentLoader - Failed to find EvoSuite jar in current classloader. URLs of classloader:
file:/tmp/EvoSuite_pathingJar4776411460486960782.jar
file:/root/.sdkman/candidates/java/8.0.333.fx-librca/jre/../lib/tools.jar
file:/root/.sdkman/candidates/java/8.0.333.fx-librca/jre/lib/ext/cldrdata.jar
file:/root/.sdkman/candidates/java/8.0.333.fx-librca/jre/lib/ext/sunec.jar
file:/root/.sdkman/candidates/java/8.0.333.fx-librca/jre/lib/ext/localedata.jar
file:/root/.sdkman/candidates/java/8.0.333.fx-librca/jre/lib/ext/jaccess.jar
file:/root/.sdkman/candidates/java/8.0.333.fx-librca/jre/lib/ext/dnsns.jar
file:/root/.sdkman/candidates/java/8.0.333.fx-librca/jre/lib/ext/sunpkcs11.jar
file:/root/.sdkman/candidates/java/8.0.333.fx-librca/jre/lib/ext/zipfs.jar
file:/root/.sdkman/candidates/java/8.0.333.fx-librca/jre/lib/ext/jfxrt.jar
file:/root/.sdkman/candidates/java/8.0.333.fx-librca/jre/lib/ext/sunjce_provider.jar
file:/root/.sdkman/candidates/java/8.0.333.fx-librca/jre/lib/ext/nashorn.jar
Going to execute: handleTestsThatAreUnstable
[MASTER] 02:49:06.584 [logback-1] WARN  JUnitAnalyzer - Found unstable test named initializationError -> class java.lang.RuntimeException: Cannot find either the compilation target folder nor the EvoSuite jar in classpath: /tmp/EvoSuite_pathingJar4776411460486960782.jar
* Compiling Tests
** Write a test suite: 0 called: 0 to improve: false
[MASTER] 02:49:06.642 [logback-1] WARN  AgentLoader - Failed to find EvoSuite jar in current classloader. URLs of classloader:
file:/tmp/EvoSuite_pathingJar4776411460486960782.jar
file:/root/.sdkman/candidates/java/8.0.333.fx-librca/jre/../lib/tools.jar
file:/root/.sdkman/candidates/java/8.0.333.fx-librca/jre/lib/ext/cldrdata.jar
file:/root/.sdkman/candidates/java/8.0.333.fx-librca/jre/lib/ext/sunec.jar
file:/root/.sdkman/candidates/java/8.0.333.fx-librca/jre/lib/ext/localedata.jar
file:/root/.sdkman/candidates/java/8.0.333.fx-librca/jre/lib/ext/jaccess.jar
file:/root/.sdkman/candidates/java/8.0.333.fx-librca/jre/lib/ext/dnsns.jar
file:/root/.sdkman/candidates/java/8.0.333.fx-librca/jre/lib/ext/sunpkcs11.jar
file:/root/.sdkman/candidates/java/8.0.333.fx-librca/jre/lib/ext/zipfs.jar
file:/root/.sdkman/candidates/java/8.0.333.fx-librca/jre/lib/ext/jfxrt.jar
file:/root/.sdkman/candidates/java/8.0.333.fx-librca/jre/lib/ext/sunjce_provider.jar
file:/root/.sdkman/candidates/java/8.0.333.fx-librca/jre/lib/ext/nashorn.jar
[MASTER] 02:49:06.643 [logback-1] WARN  JUnitAnalyzer - Found unstable test named initializationError -> class java.lang.RuntimeException: Cannot find either the compilation target folder nor the EvoSuite jar in classpath: /tmp/EvoSuite_pathingJar4776411460486960782.jar
Going to execute: handleTestsThatAreUnstable
* Compiling Tests
** Write a test suite: 0 called: 0 to improve: false
[MASTER] 02:49:06.682 [logback-1] WARN  AgentLoader - Failed to find EvoSuite jar in current classloader. URLs of classloader:
file:/tmp/EvoSuite_pathingJar4776411460486960782.jar
file:/root/.sdkman/candidates/java/8.0.333.fx-librca/jre/../lib/tools.jar
file:/root/.sdkman/candidates/java/8.0.333.fx-librca/jre/lib/ext/cldrdata.jar
file:/root/.sdkman/candidates/java/8.0.333.fx-librca/jre/lib/ext/sunec.jar
file:/root/.sdkman/candidates/java/8.0.333.fx-librca/jre/lib/ext/localedata.jar
file:/root/.sdkman/candidates/java/8.0.333.fx-librca/jre/lib/ext/jaccess.jar
file:/root/.sdkman/candidates/java/8.0.333.fx-librca/jre/lib/ext/dnsns.jar
file:/root/.sdkman/candidates/java/8.0.333.fx-librca/jre/lib/ext/sunpkcs11.jar
file:/root/.sdkman/candidates/java/8.0.333.fx-librca/jre/lib/ext/zipfs.jar
file:/root/.sdkman/candidates/java/8.0.333.fx-librca/jre/lib/ext/jfxrt.jar
file:/root/.sdkman/candidates/java/8.0.333.fx-librca/jre/lib/ext/sunjce_provider.jar
file:/root/.sdkman/candidates/java/8.0.333.fx-librca/jre/lib/ext/nashorn.jar
[MASTER] 02:49:06.682 [logback-1] WARN  JUnitAnalyzer - Found unstable test named initializationError -> class java.lang.RuntimeException: Cannot find either the compilation target folder nor the EvoSuite jar in classpath: /tmp/EvoSuite_pathingJar4776411460486960782.jar
Going to execute: handleTestsThatAreUnstable
* Compiling Tests
** Write a test suite: 0 called: 0 to improve: false
[MASTER] 02:49:06.735 [logback-1] WARN  AgentLoader - Failed to find EvoSuite jar in current classloader. URLs of classloader:
file:/tmp/EvoSuite_pathingJar4776411460486960782.jar
file:/root/.sdkman/candidates/java/8.0.333.fx-librca/jre/../lib/tools.jar
file:/root/.sdkman/candidates/java/8.0.333.fx-librca/jre/lib/ext/cldrdata.jar
file:/root/.sdkman/candidates/java/8.0.333.fx-librca/jre/lib/ext/sunec.jar
file:/root/.sdkman/candidates/java/8.0.333.fx-librca/jre/lib/ext/localedata.jar
file:/root/.sdkman/candidates/java/8.0.333.fx-librca/jre/lib/ext/jaccess.jar
file:/root/.sdkman/candidates/java/8.0.333.fx-librca/jre/lib/ext/dnsns.jar
file:/root/.sdkman/candidates/java/8.0.333.fx-librca/jre/lib/ext/sunpkcs11.jar
file:/root/.sdkman/candidates/java/8.0.333.fx-librca/jre/lib/ext/zipfs.jar
file:/root/.sdkman/candidates/java/8.0.333.fx-librca/jre/lib/ext/jfxrt.jar
file:/root/.sdkman/candidates/java/8.0.333.fx-librca/jre/lib/ext/sunjce_provider.jar
file:/root/.sdkman/candidates/java/8.0.333.fx-librca/jre/lib/ext/nashorn.jar
[MASTER] 02:49:06.735 [logback-1] WARN  JUnitAnalyzer - Found unstable test named initializationError -> class java.lang.RuntimeException: Cannot find either the compilation target folder nor the EvoSuite jar in classpath: /tmp/EvoSuite_pathingJar4776411460486960782.jar
Going to execute: handleTestsThatAreUnstable
* Compiling Tests
** Write a test suite: 0 called: 0 to improve: false
[MASTER] 02:49:06.788 [logback-1] WARN  AgentLoader - Failed to find EvoSuite jar in current classloader. URLs of classloader:
file:/tmp/EvoSuite_pathingJar4776411460486960782.jar
file:/root/.sdkman/candidates/java/8.0.333.fx-librca/jre/../lib/tools.jar
file:/root/.sdkman/candidates/java/8.0.333.fx-librca/jre/lib/ext/cldrdata.jar
file:/root/.sdkman/candidates/java/8.0.333.fx-librca/jre/lib/ext/sunec.jar
file:/root/.sdkman/candidates/java/8.0.333.fx-librca/jre/lib/ext/localedata.jar
file:/root/.sdkman/candidates/java/8.0.333.fx-librca/jre/lib/ext/jaccess.jar
file:/root/.sdkman/candidates/java/8.0.333.fx-librca/jre/lib/ext/dnsns.jar
file:/root/.sdkman/candidates/java/8.0.333.fx-librca/jre/lib/ext/sunpkcs11.jar
file:/root/.sdkman/candidates/java/8.0.333.fx-librca/jre/lib/ext/zipfs.jar
file:/root/.sdkman/candidates/java/8.0.333.fx-librca/jre/lib/ext/jfxrt.jar
file:/root/.sdkman/candidates/java/8.0.333.fx-librca/jre/lib/ext/sunjce_provider.jar
file:/root/.sdkman/candidates/java/8.0.333.fx-librca/jre/lib/ext/nashorn.jar
[MASTER] 02:49:06.789 [logback-1] WARN  JUnitAnalyzer - Found unstable test named initializationError -> class java.lang.RuntimeException: Cannot find either the compilation target folder nor the EvoSuite jar in classpath: /tmp/EvoSuite_pathingJar4776411460486960782.jar
Going to execute: handleTestsThatAreUnstable
* Compiling Tests
** Write a test suite: 0 called: 0 to improve: false
[MASTER] 02:49:06.831 [logback-1] WARN  AgentLoader - Failed to find EvoSuite jar in current classloader. URLs of classloader:
file:/tmp/EvoSuite_pathingJar4776411460486960782.jar
file:/root/.sdkman/candidates/java/8.0.333.fx-librca/jre/../lib/tools.jar
file:/root/.sdkman/candidates/java/8.0.333.fx-librca/jre/lib/ext/cldrdata.jar
file:/root/.sdkman/candidates/java/8.0.333.fx-librca/jre/lib/ext/sunec.jar
file:/root/.sdkman/candidates/java/8.0.333.fx-librca/jre/lib/ext/localedata.jar
file:/root/.sdkman/candidates/java/8.0.333.fx-librca/jre/lib/ext/jaccess.jar
file:/root/.sdkman/candidates/java/8.0.333.fx-librca/jre/lib/ext/dnsns.jar
file:/root/.sdkman/candidates/java/8.0.333.fx-librca/jre/lib/ext/sunpkcs11.jar
file:/root/.sdkman/candidates/java/8.0.333.fx-librca/jre/lib/ext/zipfs.jar
file:/root/.sdkman/candidates/java/8.0.333.fx-librca/jre/lib/ext/jfxrt.jar
file:/root/.sdkman/candidates/java/8.0.333.fx-librca/jre/lib/ext/sunjce_provider.jar
file:/root/.sdkman/candidates/java/8.0.333.fx-librca/jre/lib/ext/nashorn.jar
[MASTER] 02:49:06.832 [logback-1] WARN  JUnitAnalyzer - Found unstable test named initializationError -> class java.lang.RuntimeException: Cannot find either the compilation target folder nor the EvoSuite jar in classpath: /tmp/EvoSuite_pathingJar4776411460486960782.jar
Going to execute: handleTestsThatAreUnstable
* Compiling Tests
** Write a test suite: 0 called: 0 to improve: false
[MASTER] 02:49:06.881 [logback-1] WARN  AgentLoader - Failed to find EvoSuite jar in current classloader. URLs of classloader:
file:/tmp/EvoSuite_pathingJar4776411460486960782.jar
file:/root/.sdkman/candidates/java/8.0.333.fx-librca/jre/../lib/tools.jar
file:/root/.sdkman/candidates/java/8.0.333.fx-librca/jre/lib/ext/cldrdata.jar
file:/root/.sdkman/candidates/java/8.0.333.fx-librca/jre/lib/ext/sunec.jar
file:/root/.sdkman/candidates/java/8.0.333.fx-librca/jre/lib/ext/localedata.jar
file:/root/.sdkman/candidates/java/8.0.333.fx-librca/jre/lib/ext/jaccess.jar
file:/root/.sdkman/candidates/java/8.0.333.fx-librca/jre/lib/ext/dnsns.jar
file:/root/.sdkman/candidates/java/8.0.333.fx-librca/jre/lib/ext/sunpkcs11.jar
file:/root/.sdkman/candidates/java/8.0.333.fx-librca/jre/lib/ext/zipfs.jar
file:/root/.sdkman/candidates/java/8.0.333.fx-librca/jre/lib/ext/jfxrt.jar
file:/root/.sdkman/candidates/java/8.0.333.fx-librca/jre/lib/ext/sunjce_provider.jar
file:/root/.sdkman/candidates/java/8.0.333.fx-librca/jre/lib/ext/nashorn.jar
[MASTER] 02:49:06.883 [logback-1] WARN  JUnitAnalyzer - Found unstable test named initializationError -> class java.lang.RuntimeException: Cannot find either the compilation target folder nor the EvoSuite jar in classpath: /tmp/EvoSuite_pathingJar4776411460486960782.jar
Going to execute: handleTestsThatAreUnstable
* Compiling Tests
** Write a test suite: 0 called: 0 to improve: false
[MASTER] 02:49:06.930 [logback-1] WARN  AgentLoader - Failed to find EvoSuite jar in current classloader. URLs of classloader:
file:/tmp/EvoSuite_pathingJar4776411460486960782.jar
file:/root/.sdkman/candidates/java/8.0.333.fx-librca/jre/../lib/tools.jar
file:/root/.sdkman/candidates/java/8.0.333.fx-librca/jre/lib/ext/cldrdata.jar
file:/root/.sdkman/candidates/java/8.0.333.fx-librca/jre/lib/ext/sunec.jar
file:/root/.sdkman/candidates/java/8.0.333.fx-librca/jre/lib/ext/localedata.jar
file:/root/.sdkman/candidates/java/8.0.333.fx-librca/jre/lib/ext/jaccess.jar
file:/root/.sdkman/candidates/java/8.0.333.fx-librca/jre/lib/ext/dnsns.jar
file:/root/.sdkman/candidates/java/8.0.333.fx-librca/jre/lib/ext/sunpkcs11.jar
file:/root/.sdkman/candidates/java/8.0.333.fx-librca/jre/lib/ext/zipfs.jar
file:/root/.sdkman/candidates/java/8.0.333.fx-librca/jre/lib/ext/jfxrt.jar
file:/root/.sdkman/candidates/java/8.0.333.fx-librca/jre/lib/ext/sunjce_provider.jar
file:/root/.sdkman/candidates/java/8.0.333.fx-librca/jre/lib/ext/nashorn.jar
[MASTER] 02:49:06.930 [logback-1] WARN  JUnitAnalyzer - Found unstable test named initializationError -> class java.lang.RuntimeException: Cannot find either the compilation target folder nor the EvoSuite jar in classpath: /tmp/EvoSuite_pathingJar4776411460486960782.jar
Going to execute: handleTestsThatAreUnstable
* Compiling Tests
** Write a test suite: 0 called: 0 to improve: false
[MASTER] 02:49:06.976 [logback-1] WARN  AgentLoader - Failed to find EvoSuite jar in current classloader. URLs of classloader:
file:/tmp/EvoSuite_pathingJar4776411460486960782.jar
file:/root/.sdkman/candidates/java/8.0.333.fx-librca/jre/../lib/tools.jar
file:/root/.sdkman/candidates/java/8.0.333.fx-librca/jre/lib/ext/cldrdata.jar
file:/root/.sdkman/candidates/java/8.0.333.fx-librca/jre/lib/ext/sunec.jar
file:/root/.sdkman/candidates/java/8.0.333.fx-librca/jre/lib/ext/localedata.jar
file:/root/.sdkman/candidates/java/8.0.333.fx-librca/jre/lib/ext/jaccess.jar
file:/root/.sdkman/candidates/java/8.0.333.fx-librca/jre/lib/ext/dnsns.jar
file:/root/.sdkman/candidates/java/8.0.333.fx-librca/jre/lib/ext/sunpkcs11.jar
file:/root/.sdkman/candidates/java/8.0.333.fx-librca/jre/lib/ext/zipfs.jar
file:/root/.sdkman/candidates/java/8.0.333.fx-librca/jre/lib/ext/jfxrt.jar
file:/root/.sdkman/candidates/java/8.0.333.fx-librca/jre/lib/ext/sunjce_provider.jar
file:/root/.sdkman/candidates/java/8.0.333.fx-librca/jre/lib/ext/nashorn.jar
[MASTER] 02:49:06.977 [logback-1] WARN  JUnitAnalyzer - Found unstable test named initializationError -> class java.lang.RuntimeException: Cannot find either the compilation target folder nor the EvoSuite jar in classpath: /tmp/EvoSuite_pathingJar4776411460486960782.jar
Going to execute: handleTestsThatAreUnstable
* Compiling Tests
** Write a test suite: 0 called: 0 to improve: false
[MASTER] 02:49:07.021 [logback-1] WARN  AgentLoader - Failed to find EvoSuite jar in current classloader. URLs of classloader:
file:/tmp/EvoSuite_pathingJar4776411460486960782.jar
file:/root/.sdkman/candidates/java/8.0.333.fx-librca/jre/../lib/tools.jar
file:/root/.sdkman/candidates/java/8.0.333.fx-librca/jre/lib/ext/cldrdata.jar
file:/root/.sdkman/candidates/java/8.0.333.fx-librca/jre/lib/ext/sunec.jar
file:/root/.sdkman/candidates/java/8.0.333.fx-librca/jre/lib/ext/localedata.jar
file:/root/.sdkman/candidates/java/8.0.333.fx-librca/jre/lib/ext/jaccess.jar
file:/root/.sdkman/candidates/java/8.0.333.fx-librca/jre/lib/ext/dnsns.jar
file:/root/.sdkman/candidates/java/8.0.333.fx-librca/jre/lib/ext/sunpkcs11.jar
file:/root/.sdkman/candidates/java/8.0.333.fx-librca/jre/lib/ext/zipfs.jar
file:/root/.sdkman/candidates/java/8.0.333.fx-librca/jre/lib/ext/jfxrt.jar
file:/root/.sdkman/candidates/java/8.0.333.fx-librca/jre/lib/ext/sunjce_provider.jar
file:/root/.sdkman/candidates/java/8.0.333.fx-librca/jre/lib/ext/nashorn.jar
[MASTER] 02:49:07.022 [logback-1] WARN  JUnitAnalyzer - Found unstable test named initializationError -> class java.lang.RuntimeException: Cannot find either the compilation target folder nor the EvoSuite jar in classpath: /tmp/EvoSuite_pathingJar4776411460486960782.jar
Going to execute: handleTestsThatAreUnstable
* Compiling Tests
** Write a test suite: 0 called: 0 to improve: false
[MASTER] 02:49:07.088 [logback-1] WARN  AgentLoader - Failed to find EvoSuite jar in current classloader. URLs of classloader:
file:/tmp/EvoSuite_pathingJar4776411460486960782.jar
file:/root/.sdkman/candidates/java/8.0.333.fx-librca/jre/../lib/tools.jar
file:/root/.sdkman/candidates/java/8.0.333.fx-librca/jre/lib/ext/cldrdata.jar
file:/root/.sdkman/candidates/java/8.0.333.fx-librca/jre/lib/ext/sunec.jar
file:/root/.sdkman/candidates/java/8.0.333.fx-librca/jre/lib/ext/localedata.jar
file:/root/.sdkman/candidates/java/8.0.333.fx-librca/jre/lib/ext/jaccess.jar
file:/root/.sdkman/candidates/java/8.0.333.fx-librca/jre/lib/ext/dnsns.jar
file:/root/.sdkman/candidates/java/8.0.333.fx-librca/jre/lib/ext/sunpkcs11.jar
file:/root/.sdkman/candidates/java/8.0.333.fx-librca/jre/lib/ext/zipfs.jar
file:/root/.sdkman/candidates/java/8.0.333.fx-librca/jre/lib/ext/jfxrt.jar
file:/root/.sdkman/candidates/java/8.0.333.fx-librca/jre/lib/ext/sunjce_provider.jar
file:/root/.sdkman/candidates/java/8.0.333.fx-librca/jre/lib/ext/nashorn.jar
[MASTER] 02:49:07.088 [logback-1] WARN  JUnitAnalyzer - Found unstable test named initializationError -> class java.lang.RuntimeException: Cannot find either the compilation target folder nor the EvoSuite jar in classpath: /tmp/EvoSuite_pathingJar4776411460486960782.jar
Going to execute: handleTestsThatAreUnstable
* Compiling Tests
** Write a test suite: 0 called: 0 to improve: false
** Write a test suite: 1 called: 1 to improve: false
** Write a test suite: 2 called: 2 to improve: false
** Write a test suite: 3 called: 3 to improve: false
** Write a test suite: 4 called: 4 to improve: false
** Write a test suite: 5 called: 5 to improve: false
** Write a test suite: 6 called: 6 to improve: false
** Write a test suite: 7 called: 7 to improve: false
** Write a test suite: 8 called: 8 to improve: false
** Write a test suite: 9 called: 9 to improve: false
** Write a test suite: 10 called: 10 to improve: false
[MASTER] 02:49:07.268 [logback-1] WARN  AgentLoader - Failed to find EvoSuite jar in current classloader. URLs of classloader:
file:/tmp/EvoSuite_pathingJar4776411460486960782.jar
file:/root/.sdkman/candidates/java/8.0.333.fx-librca/jre/../lib/tools.jar
file:/root/.sdkman/candidates/java/8.0.333.fx-librca/jre/lib/ext/cldrdata.jar
file:/root/.sdkman/candidates/java/8.0.333.fx-librca/jre/lib/ext/sunec.jar
file:/root/.sdkman/candidates/java/8.0.333.fx-librca/jre/lib/ext/localedata.jar
file:/root/.sdkman/candidates/java/8.0.333.fx-librca/jre/lib/ext/jaccess.jar
file:/root/.sdkman/candidates/java/8.0.333.fx-librca/jre/lib/ext/dnsns.jar
file:/root/.sdkman/candidates/java/8.0.333.fx-librca/jre/lib/ext/sunpkcs11.jar
file:/root/.sdkman/candidates/java/8.0.333.fx-librca/jre/lib/ext/zipfs.jar
file:/root/.sdkman/candidates/java/8.0.333.fx-librca/jre/lib/ext/jfxrt.jar
file:/root/.sdkman/candidates/java/8.0.333.fx-librca/jre/lib/ext/sunjce_provider.jar
file:/root/.sdkman/candidates/java/8.0.333.fx-librca/jre/lib/ext/nashorn.jar
[MASTER] 02:49:07.268 [logback-1] WARN  JUnitAnalyzer - Found unstable test named initializationError -> class java.lang.RuntimeException: Cannot find either the compilation target folder nor the EvoSuite jar in classpath: /tmp/EvoSuite_pathingJar4776411460486960782.jar
Going to execute: handleTestsThatAreUnstable
* Compiling Tests
** Write a test suite: 0 called: 0 to improve: false
** Write a test suite: 1 called: 1 to improve: false
** Write a test suite: 2 called: 2 to improve: false
** Write a test suite: 3 called: 3 to improve: false
** Write a test suite: 4 called: 4 to improve: false
** Write a test suite: 5 called: 5 to improve: false
** Write a test suite: 6 called: 6 to improve: false
** Write a test suite: 7 called: 7 to improve: false
** Write a test suite: 8 called: 8 to improve: false
** Write a test suite: 9 called: 9 to improve: false
** Write a test suite: 10 called: 10 to improve: false
[MASTER] 02:49:07.448 [logback-1] WARN  AgentLoader - Failed to find EvoSuite jar in current classloader. URLs of classloader:
file:/tmp/EvoSuite_pathingJar4776411460486960782.jar
file:/root/.sdkman/candidates/java/8.0.333.fx-librca/jre/../lib/tools.jar
file:/root/.sdkman/candidates/java/8.0.333.fx-librca/jre/lib/ext/cldrdata.jar
file:/root/.sdkman/candidates/java/8.0.333.fx-librca/jre/lib/ext/sunec.jar
file:/root/.sdkman/candidates/java/8.0.333.fx-librca/jre/lib/ext/localedata.jar
file:/root/.sdkman/candidates/java/8.0.333.fx-librca/jre/lib/ext/jaccess.jar
file:/root/.sdkman/candidates/java/8.0.333.fx-librca/jre/lib/ext/dnsns.jar
file:/root/.sdkman/candidates/java/8.0.333.fx-librca/jre/lib/ext/sunpkcs11.jar
file:/root/.sdkman/candidates/java/8.0.333.fx-librca/jre/lib/ext/zipfs.jar
file:/root/.sdkman/candidates/java/8.0.333.fx-librca/jre/lib/ext/jfxrt.jar
file:/root/.sdkman/candidates/java/8.0.333.fx-librca/jre/lib/ext/sunjce_provider.jar
file:/root/.sdkman/candidates/java/8.0.333.fx-librca/jre/lib/ext/nashorn.jar
[MASTER] 02:49:07.449 [logback-1] WARN  JUnitAnalyzer - Found unstable test named initializationError -> class java.lang.RuntimeException: Cannot find either the compilation target folder nor the EvoSuite jar in classpath: /tmp/EvoSuite_pathingJar4776411460486960782.jar
* Writing tests to file
[MASTER] 02:49:07.451 [logback-1] WARN  TimeController - Already entered in phase: JUNIT_CHECK. This will mess up the timing calculations.
* Writing JUnit test case 'StringIncrementor_ESTest' to evosuite-tests
** Write a test suite: 1 called: 0 to improve: false
** Write a test suite: 4 called: 1 to improve: false
** Write a test suite: 7 called: 2 to improve: false
** Write a test suite: 10 called: 3 to improve: false
* Writing JUnit test case 'StringIncrementor_Original_ESTest' to evosuite-tests
** Write a test suite: 0 called: 0 to improve: false
** Write a test suite: 1 called: 1 to improve: false
** Write a test suite: 2 called: 2 to improve: false
** Write a test suite: 3 called: 3 to improve: false
** Write a test suite: 4 called: 4 to improve: false
** Write a test suite: 5 called: 5 to improve: false
** Write a test suite: 6 called: 6 to improve: false
** Write a test suite: 7 called: 7 to improve: false
** Write a test suite: 8 called: 8 to improve: false
** Write a test suite: 9 called: 9 to improve: false
** Write a test suite: 10 called: 10 to improve: false
* Done!

* Computation finished
