* EvoSuite 1.0.0-SNAPSHOT
* Going to generate test cases for class: de.beiri22.stringincrementor.StringIncrementor
* Starting Client-0
* Properties loaded from /home/roham/Results-Utestgen/dataset/SF110-new-res/39_diffi/evosuite-files/evosuite.properties
* Connecting to master process on port 15918
* Analyzing classpath: 
* Inheritance tree loaded from evosuite-files/inheritance.xml.gz
[MASTER] 06:04:17.750 [logback-1] WARN  InheritanceTree - Class not in inheritance graph: java.util.function.Consumer
[MASTER] 06:04:17.755 [logback-1] WARN  InheritanceTree - Class not in inheritance graph: java.util.function.Predicate
[MASTER] 06:04:17.756 [logback-1] WARN  InheritanceTree - Class not in inheritance graph: java.util.function.UnaryOperator
[MASTER] 06:04:17.765 [logback-1] WARN  InheritanceTree - Class not in inheritance graph: java.util.function.Function
* Finished analyzing classpath
* Generating tests for class de.beiri22.stringincrementor.StringIncrementor
* Test criteria:
  - Branch Coverage
  - Line Coverage
  - Method-Output Coverage
  - Top-Level Method Coverage
  - Context Branch Coverage
* Total number of test goals for DYNAMOSA: 152
* Using seed 1710223455891
* Starting evolution
[Progress:>                             0%] [Cov:>                                  0%]* Initial Number of Goals in DynaMOSA = 45 / 152
[Progress:>                             2%] [Cov:=======================>           68%][Progress:=>                            5%] [Cov:=========================>         72%][Progress:=>                            5%] [Cov:============================>      81%][Progress:=>                            5%] [Cov:============================>      82%][Progress:=>                            6%] [Cov:============================>      82%][Progress:=>                            6%] [Cov:============================>      82%][Progress:=>                            6%] [Cov:============================>      82%][Progress:=>                            6%] [Cov:============================>      82%][Progress:=>                            6%] [Cov:============================>      82%][Progress:=>                            6%] [Cov:============================>      82%][Progress:=>                            6%] [Cov:============================>      82%][Progress:==>                           9%] [Cov:============================>      82%][Progress:==>                           9%] [Cov:============================>      82%][Progress:===>                          10%] [Cov:============================>      82%][Progress:===>                          10%] [Cov:==============================>    86%][Progress:===>                          10%] [Cov:==============================>    86%][Progress:===>                          10%] [Cov:==============================>    86%][Progress:===>                          10%] [Cov:==============================>    86%][Progress:===>                          11%] [Cov:==============================>    86%][Progress:===>                          11%] [Cov:==============================>    86%][Progress:===>                          11%] [Cov:==============================>    86%][Progress:===>                          11%] [Cov:==============================>    86%][Progress:===>                          11%] [Cov:==============================>    86%][Progress:===>                          11%] [Cov:==============================>    86%][Progress:===>                          11%] [Cov:==============================>    86%][Progress:===>                          12%] [Cov:==============================>    86%][Progress:===>                          12%] [Cov:==============================>    86%][Progress:===>                          12%] [Cov:==============================>    86%][Progress:===>                          12%] [Cov:==============================>    86%][Progress:===>                          12%] [Cov:==============================>    86%][Progress:===>                          12%] [Cov:==============================>    86%][Progress:===>                          12%] [Cov:==============================>    86%][Progress:===>                          12%] [Cov:==============================>    86%][Progress:===>                          12%] [Cov:==============================>    86%][Progress:====>                         15%] [Cov:==============================>    86%][Progress:====>                         15%] [Cov:==============================>    86%][Progress:====>                         15%] [Cov:==============================>    86%][Progress:====>                         15%] [Cov:==============================>    86%][Progress:====>                         15%] [Cov:==============================>    86%][Progress:====>                         15%] [Cov:==============================>    86%][Progress:====>                         15%] [Cov:==============================>    86%][Progress:====>                         15%] [Cov:==============================>    86%][Progress:====>                         16%] [Cov:==============================>    86%][Progress:=====>                        18%] [Cov:==============================>    86%][Progress:=====>                        18%] [Cov:==============================>    86%][Progress:=====>                        18%] [Cov:==============================>    86%][Progress:=====>                        18%] [Cov:==============================>    86%][Progress:======>                       23%] [Cov:==============================>    86%][Progress:=======>                      26%] [Cov:==============================>    86%][Progress:=======>                      26%] [Cov:==============================>    86%][Progress:=======>                      26%] [Cov:==============================>    86%][Progress:=======>                      26%] [Cov:==============================>    86%][Progress:=======>                      26%] [Cov:==============================>    86%][Progress:=======>                      26%] [Cov:==============================>    86%][Progress:=======>                      26%] [Cov:==============================>    86%][Progress:========>                     27%] [Cov:==============================>    86%][Progress:========>                     27%] [Cov:==============================>    86%][Progress:========>                     27%] [Cov:==============================>    86%][Progress:========>                     27%] [Cov:==============================>    86%][Progress:========>                     27%] [Cov:==============================>    86%][Progress:========>                     27%] [Cov:==============================>    86%][Progress:========>                     27%] [Cov:==============================>    86%][Progress:========>                     27%] [Cov:==============================>    86%][Progress:========>                     27%] [Cov:==============================>    86%][Progress:========>                     27%] [Cov:==============================>    86%][Progress:========>                     27%] [Cov:==============================>    86%][Progress:========>                     27%] [Cov:==============================>    86%][Progress:========>                     27%] [Cov:==============================>    86%][Progress:========>                     27%] [Cov:==============================>    86%][Progress:========>                     27%] [Cov:==============================>    86%][Progress:=========>                    30%] [Cov:==============================>    86%][Progress:=========>                    30%] [Cov:==============================>    86%][Progress:=========>                    30%] [Cov:==============================>    86%][Progress:=========>                    30%] [Cov:==============================>    86%][Progress:=========>                    30%] [Cov:==============================>    86%][Progress:=========>                    31%] [Cov:==============================>    86%][Progress:=========>                    31%] [Cov:==============================>    86%][Progress:=========>                    31%] [Cov:==============================>    86%][Progress:=========>                    31%] [Cov:==============================>    86%][Progress:=========>                    31%] [Cov:==============================>    86%][Progress:=========>                    31%] [Cov:==============================>    86%][Progress:=========>                    31%] [Cov:==============================>    86%][Progress:=========>                    31%] [Cov:==============================>    86%][Progress:=========>                    31%] [Cov:==============================>    86%][Progress:=========>                    31%] [Cov:==============================>    86%][Progress:=========>                    31%] [Cov:==============================>    86%][Progress:=========>                    31%] [Cov:==============================>    86%][Progress:=========>                    31%] [Cov:==============================>    86%][Progress:=========>                    31%] [Cov:==============================>    86%][Progress:=========>                    31%] [Cov:==============================>    86%][Progress:=========>                    32%] [Cov:==============================>    86%][Progress:=========>                    32%] [Cov:==============================>    86%][Progress:=========>                    32%] [Cov:==============================>    86%][Progress:==========>                   34%] [Cov:==============================>    86%][Progress:==========>                   35%] [Cov:==============================>    86%][Progress:==========>                   35%] [Cov:==============================>    86%][Progress:==========>                   35%] [Cov:==============================>    86%][Progress:==========>                   35%] [Cov:==============================>    86%][Progress:==========>                   35%] [Cov:==============================>    86%][Progress:==========>                   35%] [Cov:==============================>    86%][Progress:==========>                   35%] [Cov:==============================>    86%][Progress:==========>                   35%] [Cov:==============================>    86%][Progress:==========>                   36%] [Cov:==============================>    86%][Progress:==========>                   36%] [Cov:==============================>    86%][Progress:==========>                   36%] [Cov:==============================>    86%][Progress:==========>                   36%] [Cov:==============================>    86%][Progress:==========>                   36%] [Cov:==============================>    86%][Progress:==========>                   36%] [Cov:==============================>    86%][Progress:==========>                   36%] [Cov:==============================>    86%][Progress:==========>                   36%] [Cov:==============================>    86%][Progress:==========>                   36%] [Cov:==============================>    86%][Progress:==========>                   36%] [Cov:==============================>    86%][Progress:==========>                   36%] [Cov:==============================>    86%][Progress:==========>                   36%] [Cov:==============================>    86%][Progress:==========>                   36%] [Cov:==============================>    86%][Progress:==========>                   36%] [Cov:==============================>    86%][Progress:===========>                  37%] [Cov:==============================>    86%][Progress:===========>                  37%] [Cov:==============================>    86%][Progress:===========>                  37%] [Cov:==============================>    86%][Progress:===========>                  37%] [Cov:==============================>    86%][Progress:===========>                  38%] [Cov:==============================>    86%][Progress:===========>                  38%] [Cov:==============================>    86%][Progress:===========>                  38%] [Cov:==============================>    86%][Progress:===========>                  38%] [Cov:==============================>    86%][Progress:===========>                  38%] [Cov:==============================>    86%][Progress:===========>                  38%] [Cov:==============================>    86%][Progress:===========>                  38%] [Cov:==============================>    86%][Progress:===========>                  38%] [Cov:==============================>    86%][Progress:===========>                  38%] [Cov:==============================>    86%][Progress:============>                 41%] [Cov:==============================>    86%][Progress:============>                 43%] [Cov:==============================>    86%][Progress:============>                 43%] [Cov:==============================>    86%][Progress:============>                 43%] [Cov:==============================>    86%][Progress:============>                 43%] [Cov:==============================>    86%][Progress:============>                 43%] [Cov:==============================>    86%][Progress:============>                 43%] [Cov:==============================>    86%][Progress:============>                 43%] [Cov:==============================>    86%][Progress:=============>                44%] [Cov:==============================>    86%][Progress:=============>                44%] [Cov:==============================>    86%][Progress:=============>                44%] [Cov:==============================>    86%][Progress:=============>                44%] [Cov:==============================>    86%][Progress:=============>                44%] [Cov:==============================>    86%][Progress:=============>                44%] [Cov:==============================>    86%][Progress:=============>                44%] [Cov:==============================>    86%][Progress:=============>                44%] [Cov:==============================>    86%][Progress:=============>                44%] [Cov:==============================>    86%][Progress:=============>                44%] [Cov:==============================>    86%][Progress:=============>                44%] [Cov:==============================>    86%][Progress:=============>                44%] [Cov:==============================>    86%][Progress:=============>                44%] [Cov:==============================>    86%][Progress:=============>                45%] [Cov:==============================>    86%][Progress:===============>              50%] [Cov:==============================>    86%][Progress:===============>              50%] [Cov:==============================>    86%][Progress:===============>              50%] [Cov:==============================>    86%][Progress:===============>              50%] [Cov:==============================>    86%][Progress:===============>              50%] [Cov:==============================>    86%][Progress:===============>              50%] [Cov:==============================>    86%][Progress:===============>              50%] [Cov:==============================>    86%][Progress:===============>              51%] [Cov:==============================>    86%][Progress:===============>              51%] [Cov:==============================>    86%][Progress:===============>              51%] [Cov:==============================>    86%][Progress:===============>              51%] [Cov:==============================>    86%][Progress:===============>              51%] [Cov:==============================>    86%][Progress:================>             54%] [Cov:==============================>    86%][Progress:================>             54%] [Cov:==============================>    86%][Progress:================>             54%] [Cov:==============================>    86%][Progress:================>             54%] [Cov:==============================>    86%][Progress:================>             54%] [Cov:==============================>    86%][Progress:================>             54%] [Cov:==============================>    86%][Progress:================>             54%] [Cov:==============================>    86%][Progress:================>             54%] [Cov:==============================>    86%][Progress:================>             54%] [Cov:==============================>    86%][Progress:================>             54%] [Cov:==============================>    86%][Progress:================>             54%] [Cov:==============================>    86%][Progress:=================>            57%] [Cov:==============================>    86%][Progress:=================>            57%] [Cov:==============================>    86%][Progress:=================>            57%] [Cov:==============================>    86%][Progress:=================>            57%] [Cov:==============================>    86%][Progress:=================>            57%] [Cov:==============================>    86%][Progress:=================>            57%] [Cov:==============================>    86%][Progress:=================>            57%] [Cov:==============================>    86%][Progress:==================>           60%] [Cov:==============================>    86%][Progress:==================>           60%] [Cov:==============================>    86%][Progress:==================>           60%] [Cov:==============================>    86%][Progress:==================>           60%] [Cov:==============================>    86%][Progress:==================>           60%] [Cov:==============================>    86%][Progress:==================>           60%] [Cov:==============================>    86%][Progress:==================>           60%] [Cov:==============================>    86%][Progress:==================>           60%] [Cov:==============================>    86%][Progress:==================>           60%] [Cov:==============================>    86%][Progress:==================>           60%] [Cov:==============================>    86%][Progress:==================>           61%] [Cov:==============================>    86%][Progress:==================>           61%] [Cov:==============================>    86%][Progress:==================>           61%] [Cov:==============================>    86%][Progress:==================>           61%] [Cov:==============================>    86%][Progress:==================>           61%] [Cov:==============================>    86%][Progress:==================>           61%] [Cov:==============================>    86%][Progress:==================>           61%] [Cov:==============================>    86%][Progress:==================>           61%] [Cov:==============================>    86%][Progress:==================>           61%] [Cov:==============================>    86%][Progress:==================>           61%] [Cov:==============================>    86%][Progress:==================>           61%] [Cov:==============================>    86%][Progress:==================>           61%] [Cov:==============================>    86%][Progress:==================>           61%] [Cov:==============================>    86%][Progress:==================>           61%] [Cov:==============================>    86%][Progress:===================>          66%] [Cov:==============================>    86%][Progress:===================>          66%] [Cov:==============================>    86%][Progress:====================>         69%] [Cov:==============================>    86%][Progress:=====================>        72%] [Cov:==============================>    86%][Progress:=====================>        72%] [Cov:==============================>    86%][Progress:=====================>        72%] [Cov:==============================>    86%][Progress:=====================>        72%] [Cov:==============================>    86%][Progress:======================>       74%] [Cov:==============================>    86%][Progress:======================>       74%] [Cov:==============================>    86%][Progress:=======================>      77%] [Cov:==============================>    86%][Progress:=======================>      77%] [Cov:==============================>    86%][Progress:=======================>      77%] [Cov:==============================>    86%][Progress:=======================>      77%] [Cov:==============================>    86%][Progress:=======================>      79%] [Cov:==============================>    86%][Progress:========================>     82%] [Cov:==============================>    86%][Progress:=========================>    85%] [Cov:==============================>    86%][Progress:=========================>    85%] [Cov:==============================>    86%][Progress:=========================>    85%] [Cov:==============================>    86%][Progress:=========================>    85%] [Cov:==============================>    86%][Progress:=========================>    86%] [Cov:==============================>    86%][Progress:==========================>   88%] [Cov:==============================>    86%][Progress:==========================>   88%] [Cov:==============================>    86%][Progress:==========================>   88%] [Cov:==============================>    86%][Progress:==========================>   88%] [Cov:==============================>    86%][Progress:==========================>   88%] [Cov:==============================>    86%][Progress:==========================>   88%] [Cov:==============================>    86%][Progress:==========================>   88%] [Cov:==============================>    86%][Progress:==========================>   88%] [Cov:==============================>    86%][Progress:==========================>   89%] [Cov:==============================>    86%][Progress:==========================>   89%] [Cov:==============================>    86%][Progress:==========================>   89%] [Cov:==============================>    86%][Progress:===========================>  91%] [Cov:==============================>    86%][Progress:===========================>  91%] [Cov:==============================>    86%][Progress:============================> 94%] [Cov:==============================>    86%][Progress:============================> 94%] [Cov:==============================>    86%][Progress:============================> 94%] [Cov:==============================>    86%][Progress:============================> 94%] [Cov:==============================>    86%][Progress:============================> 94%] [Cov:==============================>    86%][Progress:============================> 94%] [Cov:==============================>    86%][Progress:============================> 94%] [Cov:==============================>    87%][Progress:============================> 96%] [Cov:==============================>    87%][Progress:============================> 96%] [Cov:==============================>    87%][Progress:============================> 96%] [Cov:==============================>    87%][Progress:============================> 96%] [Cov:==============================>    87%][Progress:=============================>97%] [Cov:==============================>    87%][Progress:=============================>97%] [Cov:==============================>    87%][Progress:=============================>97%] [Cov:==============================>    87%][Progress:=============================>97%] [Cov:==============================>    87%][Progress:=============================>97%] [Cov:==============================>    87%][Progress:=============================>97%] [Cov:==============================>    87%][Progress:=============================>97%] [Cov:==============================>    87%][Progress:=============================>97%] [Cov:==============================>    87%][Progress:=============================>97%] [Cov:==============================>    87%][Progress:=============================>97%] [Cov:==============================>    87%][Progress:=============================>97%] [Cov:==============================>    87%][Progress:=============================>97%] [Cov:==============================>    87%][Progress:=============================>97%] [Cov:==============================>    87%][Progress:=============================>97%] [Cov:==============================>    87%][Progress:=============================>99%] [Cov:==============================>    87%][Progress:=============================>99%] [Cov:==============================>    87%][Progress:==============================100%] [Cov:==============================>    87%]
* Search finished after 206s and 265 generations, 80992 statements, best individual has fitness: 17.0
* Generated before the refinement 13 tests with total length 25
statement is: diff(Ljava/lang/String;Ljava/lang/String;)Lde/beiri22/stringincrementor/relativestring/RelativeString; type is: class org.evosuite.testcase.statements.MethodStatement return type class de.beiri22.stringincrementor.relativestring.RelativeString
statement code is: RelativeString diff = StringIncrementor.diff("@ ", "@ ")
statement is: patch(Ljava/lang/String;Lde/beiri22/stringincrementor/relativestring/RelativeString;)Ljava/lang/String; type is: class org.evosuite.testcase.statements.MethodStatement return type class java.lang.String
statement code is: String patch = StringIncrementor.patch("@ ", arg1)
test data is: RelativeString diff = StringIncrementor.diff("@ ", "@ ");
StringIncrementor.patch("@ ", diff);

** It was a parseable test case! 
Improved test data is: class DummyClass {
    public static void main() {
        RelativeString diff = StringIncrementor.diff("Hello", "World");
        StringIncrementor.patch("Hello", diff);
    }
}
statement is: RelativeString diff = StringIncrementor.diff("Hello", "World"), class spoon.support.reflect.code.CtLocalVariableImpl
class spoon.support.reflect.code.CtInvocationImpl
invocation is: StringIncrementor.diff("Hello", "World") target is: StringIncrementor method is: diff(java.lang.String,java.lang.String)
Matched Method is: diff(Ljava/lang/String;Ljava/lang/String;)Lde/beiri22/stringincrementor/relativestring/RelativeString;
statement is: StringIncrementor.patch("Hello", diff), class spoon.support.reflect.code.CtInvocationImpl
invocation is: StringIncrementor.patch("Hello", diff) target is: StringIncrementor method is: patch(java.lang.String,RelativeString)
Matched Method is: patch(Ljava/lang/String;Lde/beiri22/stringincrementor/relativestring/RelativeString;)Ljava/lang/String;
TestCase is: String string = "Hello";
String string = "World";
RelativeString diff = StringIncrementor.diff(string, string);
String string = "Hello";
StringIncrementor.patch(string, diff);

statement is: de.beiri22.stringincrementor.StringIncrementor()V type is: class org.evosuite.testcase.statements.ConstructorStatement return type class de.beiri22.stringincrementor.StringIncrementor
statement code is: StringIncrementor stringIncrementor = new StringIncrementor()
test data is: StringIncrementor stringIncrementor = new StringIncrementor();

** It was a parseable test case! 
Improved test data is: class DummyClass {
    public static void main() {
        StringIncrementor stringIncrementor = new StringIncrementor();
        stringIncrementor.increment("abc");// test data 1: basic increment

        stringIncrementor.increment("abcd");// test data 2: increment with multiple characters

        stringIncrementor.increment("zzz", 3);// test data 3: increment with a starting string and a specified number of increments }}

    }
}
statement is: StringIncrementor stringIncrementor = new StringIncrementor(), class spoon.support.reflect.code.CtLocalVariableImpl
class spoon.support.reflect.code.CtConstructorCallImpl
statement is: stringIncrementor.increment("abc")// test data 1: basic increment
, class spoon.support.reflect.code.CtInvocationImpl
invocation is: stringIncrementor.increment("abc")// test data 1: basic increment
 target is: stringIncrementor method is: increment(java.lang.String)
statement is: stringIncrementor.increment("abcd")// test data 2: increment with multiple characters
, class spoon.support.reflect.code.CtInvocationImpl
invocation is: stringIncrementor.increment("abcd")// test data 2: increment with multiple characters
 target is: stringIncrementor method is: increment(java.lang.String)
statement is: stringIncrementor.increment("zzz", 3)// test data 3: increment with a starting string and a specified number of increments }}
, class spoon.support.reflect.code.CtInvocationImpl
invocation is: stringIncrementor.increment("zzz", 3)// test data 3: increment with a starting string and a specified number of increments }}
 target is: stringIncrementor method is: increment(java.lang.String,int)
TestCase is: StringIncrementor stringIncrementor = new StringIncrementor();

statement is: diff(Ljava/lang/String;Ljava/lang/String;Z)Lde/beiri22/stringincrementor/relativestring/RelativeString; type is: class org.evosuite.testcase.statements.MethodStatement return type class de.beiri22.stringincrementor.relativestring.RelativeString
statement code is: RelativeString diff = StringIncrementor.diff("b8/bK, %F", "de.beiri22.stringincrementor.relativestring.StringLink", true)
test data is: StringIncrementor.diff("b8/bK, %F", "de.beiri22.stringincrementor.relativestring.StringLink", true);

** It was a parseable test case! 
Improved test data is: class DummyClass {
    public static void main() {
        StringIncrementor.diff("Hello", "World", true);
    }
}
statement is: StringIncrementor.diff("Hello", "World", true), class spoon.support.reflect.code.CtInvocationImpl
invocation is: StringIncrementor.diff("Hello", "World", true) target is: StringIncrementor method is: diff(java.lang.String,java.lang.String,boolean)
Matched Method is: diff(Ljava/lang/String;Ljava/lang/String;Z)Lde/beiri22/stringincrementor/relativestring/RelativeString;
TestCase is: String string = "Hello";
String string = "World";
boolean _boolean = true;
StringIncrementor.diff(string, string, _boolean);

statement is: diff(Ljava/lang/String;Ljava/lang/String;)Lde/beiri22/stringincrementor/relativestring/RelativeString; type is: class org.evosuite.testcase.statements.MethodStatement return type class de.beiri22.stringincrementor.relativestring.RelativeString
statement code is: RelativeString diff = StringIncrementor.diff("`zH~>by>tT<h:jW-AZ", "`zR~>by>tT<h:jW-IZ")
statement is: patch(Ljava/lang/String;Lde/beiri22/stringincrementor/relativestring/RelativeString;)Ljava/lang/String; type is: class org.evosuite.testcase.statements.MethodStatement return type class java.lang.String
statement code is: String patch = StringIncrementor.patch((String) null, arg1)
test data is: RelativeString diff = StringIncrementor.diff("`zH~>by>tT<h:jW-AZ", "`zR~>by>tT<h:jW-IZ");
StringIncrementor.patch((String) null, diff);

** It was a parseable test case! 
Improved test data is: class DummyClass {
    public static void main() {
        RelativeString diff = StringIncrementor.diff("`zH~>by>tT<h:jW-AZ", "`zR~>by>tT<h:jW-IZ");
        String output = StringIncrementor.patch(((String) (null)), diff);
        assertEquals("`zR~>by>tT<h:jW-AZ", output);
    }
}
statement is: RelativeString diff = StringIncrementor.diff("`zH~>by>tT<h:jW-AZ", "`zR~>by>tT<h:jW-IZ"), class spoon.support.reflect.code.CtLocalVariableImpl
class spoon.support.reflect.code.CtInvocationImpl
invocation is: StringIncrementor.diff("`zH~>by>tT<h:jW-AZ", "`zR~>by>tT<h:jW-IZ") target is: StringIncrementor method is: diff(java.lang.String,java.lang.String)
Matched Method is: diff(Ljava/lang/String;Ljava/lang/String;)Lde/beiri22/stringincrementor/relativestring/RelativeString;
statement is: String output = StringIncrementor.patch(((String) (null)), diff), class spoon.support.reflect.code.CtLocalVariableImpl
class spoon.support.reflect.code.CtInvocationImpl
invocation is: StringIncrementor.patch(((String) (null)), diff) target is: StringIncrementor method is: patch(java.lang.String,RelativeString)
Matched Method is: patch(Ljava/lang/String;Lde/beiri22/stringincrementor/relativestring/RelativeString;)Ljava/lang/String;
i 1 Parameters size() 1 Num of Method Parameters: 2
statement is: assertEquals("`zR~>by>tT<h:jW-AZ", output), class spoon.support.reflect.code.CtInvocationImpl
invocation is: assertEquals("`zR~>by>tT<h:jW-AZ", output) target is:  method is: assertEquals(java.lang.String,java.lang.String)
TestCase is: String string = "`zH~>by>tT<h:jW-AZ";
String string = "`zR~>by>tT<h:jW-IZ";
RelativeString diff = StringIncrementor.diff(string, string);
RelativeString relativeString = null;
StringIncrementor.patch((String) diff, relativeString);

statement is: diff(Ljava/lang/String;Ljava/lang/String;)Lde/beiri22/stringincrementor/relativestring/RelativeString; type is: class org.evosuite.testcase.statements.MethodStatement return type class de.beiri22.stringincrementor.relativestring.RelativeString
statement code is: RelativeString diff = StringIncrementor.diff(" absolute chars ", " absolute chars (")
test data is: StringIncrementor.diff(" absolute chars ", " absolute chars (");

** It was a parseable test case! 
Improved test data is: class DummyClass {
    public static void main() {
        StringIncrementor.diff(" absolute chars ", " absolute chars (");
    }
}
statement is: StringIncrementor.diff(" absolute chars ", " absolute chars ("), class spoon.support.reflect.code.CtInvocationImpl
invocation is: StringIncrementor.diff(" absolute chars ", " absolute chars (") target is: StringIncrementor method is: diff(java.lang.String,java.lang.String)
Matched Method is: diff(Ljava/lang/String;Ljava/lang/String;)Lde/beiri22/stringincrementor/relativestring/RelativeString;
TestCase is: String string = " absolute chars ";
String string = " absolute chars (";
StringIncrementor.diff(string, string);

statement is: diff(Ljava/lang/String;Ljava/lang/String;Z)Lde/beiri22/stringincrementor/relativestring/RelativeString; type is: class org.evosuite.testcase.statements.MethodStatement return type class de.beiri22.stringincrementor.relativestring.RelativeString
statement code is: RelativeString diff = StringIncrementor.diff("#;P=;1<J`\"wh;*I$4@q", "#;P=;1<J`\"wh;*I$4@q", true)
test data is: StringIncrementor.diff("#;P=;1<J`\"wh;*I$4@q", "#;P=;1<J`\"wh;*I$4@q", true);

** It was a parseable test case! 
Improved test data is: class DummyClass {
    public static void main() {
        StringIncrementor.diff("Hello World!", "Goodbye World!", true);
    }
}
statement is: StringIncrementor.diff("Hello World!", "Goodbye World!", true), class spoon.support.reflect.code.CtInvocationImpl
invocation is: StringIncrementor.diff("Hello World!", "Goodbye World!", true) target is: StringIncrementor method is: diff(java.lang.String,java.lang.String,boolean)
Matched Method is: diff(Ljava/lang/String;Ljava/lang/String;Z)Lde/beiri22/stringincrementor/relativestring/RelativeString;
TestCase is: String string = "Hello World!";
String string = "Goodbye World!";
boolean _boolean = true;
StringIncrementor.diff(string, string, _boolean);

statement is: diff(Ljava/lang/String;Ljava/lang/String;Z)Lde/beiri22/stringincrementor/relativestring/RelativeString; type is: class org.evosuite.testcase.statements.MethodStatement return type class de.beiri22.stringincrementor.relativestring.RelativeString
statement code is: RelativeString diff = StringIncrementor.diff("X5wF)kwxGt`+}3d", "X5wF)kwxGt`+}3d", false)
statement is: patch(Ljava/lang/String;Lde/beiri22/stringincrementor/relativestring/RelativeString;Z)Ljava/lang/String; type is: class org.evosuite.testcase.statements.MethodStatement return type class java.lang.String
statement code is: String patch = StringIncrementor.patch("#.6U`F}J2CJyk", arg1, false)
test data is: RelativeString diff = StringIncrementor.diff("X5wF)kwxGt`+}3d", "X5wF)kwxGt`+}3d", false);
StringIncrementor.patch("#.6U`F}J2CJyk", diff, false);

** It was a parseable test case! 
Improved test data is: class DummyClass {
    public static void main() {
        // Improved test data:
        RelativeString diff = StringIncrementor.diff("ABC123", "XYZ789", false);
    }
}
statement is: // Improved test data:
RelativeString diff = StringIncrementor.diff("ABC123", "XYZ789", false), class spoon.support.reflect.code.CtLocalVariableImpl
class spoon.support.reflect.code.CtInvocationImpl
invocation is: StringIncrementor.diff("ABC123", "XYZ789", false) target is: StringIncrementor method is: diff(java.lang.String,java.lang.String,boolean)
Matched Method is: diff(Ljava/lang/String;Ljava/lang/String;Z)Lde/beiri22/stringincrementor/relativestring/RelativeString;
TestCase is: String string = "ABC123";
String string = "XYZ789";
boolean _boolean = false;
StringIncrementor.diff(string, string, _boolean);

statement is: diff(Ljava/lang/String;Ljava/lang/String;)Lde/beiri22/stringincrementor/relativestring/RelativeString; type is: class org.evosuite.testcase.statements.MethodStatement return type class de.beiri22.stringincrementor.relativestring.RelativeString
statement code is: RelativeString diff = StringIncrementor.diff("{:QhO3U-#+vv+E_hU", "{:QhO3U-#+vv+E_hU")
statement is: de.beiri22.stringincrementor.relativestring.StringLink(III)V type is: class org.evosuite.testcase.statements.ConstructorStatement return type class de.beiri22.stringincrementor.relativestring.StringLink
statement code is: StringLink stringLink = new StringLink((-408), (-1502), 704)
statement is: addLink(Lde/beiri22/stringincrementor/relativestring/StringLink;)Z type is: class org.evosuite.testcase.statements.MethodStatement return type boolean
statement code is: boolean addLink = relativeString.addLink(arg0)
statement is: patch(Ljava/lang/String;Lde/beiri22/stringincrementor/relativestring/RelativeString;Z)Ljava/lang/String; type is: class org.evosuite.testcase.statements.MethodStatement return type class java.lang.String
statement code is: String patch = StringIncrementor.patch("{:QhO3U-#+vv+E_hU", arg1, true)
test data is: RelativeString diff = StringIncrementor.diff("{:QhO3U-#+vv+E_hU", "{:QhO3U-#+vv+E_hU");
StringLink stringLink = new StringLink((-408), (-1502), 704);
diff.addLink(stringLink);
StringIncrementor.patch("{:QhO3U-#+vv+E_hU", diff, true);

** It was a parseable test case! 
Improved test data is: class DummyClass {
    public static void main() {
        RelativeString diff = StringIncrementor.diff("a string", "another string");
        StringLink stringLink = new StringLink(100, 200, 300);
        diff.addLink(stringLink);
        StringIncrementor.patch("a string", diff, true);
    }
}
statement is: RelativeString diff = StringIncrementor.diff("a string", "another string"), class spoon.support.reflect.code.CtLocalVariableImpl
class spoon.support.reflect.code.CtInvocationImpl
invocation is: StringIncrementor.diff("a string", "another string") target is: StringIncrementor method is: diff(java.lang.String,java.lang.String)
Matched Method is: diff(Ljava/lang/String;Ljava/lang/String;)Lde/beiri22/stringincrementor/relativestring/RelativeString;
statement is: StringLink stringLink = new StringLink(100, 200, 300), class spoon.support.reflect.code.CtLocalVariableImpl
class spoon.support.reflect.code.CtConstructorCallImpl
statement is: diff.addLink(stringLink), class spoon.support.reflect.code.CtInvocationImpl
invocation is: diff.addLink(stringLink) target is: diff method is: addLink(StringLink)
source statement: diff(Ljava/lang/String;Ljava/lang/String;)Lde/beiri22/stringincrementor/relativestring/RelativeString; callee: VariableReference: Statement 0, type de.beiri22.stringincrementor.relativestring.RelativeStringindex is: 2
Matched Method is: addLink(Lde/beiri22/stringincrementor/relativestring/StringLink;)Z
statement is: StringIncrementor.patch("a string", diff, true), class spoon.support.reflect.code.CtInvocationImpl
invocation is: StringIncrementor.patch("a string", diff, true) target is: StringIncrementor method is: patch(java.lang.String,RelativeString,boolean)
Matched Method is: patch(Ljava/lang/String;Lde/beiri22/stringincrementor/relativestring/RelativeString;Z)Ljava/lang/String;
TestCase is: String string = "a string";
String string = "another string";
RelativeString diff = StringIncrementor.diff(string, string);
int _int = 100;
int _int = 200;
int _int = 300;
StringLink stringLink = new StringLink(_int, _int, _int);
((RelativeString) string).addLink(stringLink);
String string = "a string";
boolean _boolean = true;
StringIncrementor.patch(string, diff, _boolean);

statement is: diff(Ljava/lang/String;Ljava/lang/String;Z)Lde/beiri22/stringincrementor/relativestring/RelativeString; type is: class org.evosuite.testcase.statements.MethodStatement return type class de.beiri22.stringincrementor.relativestring.RelativeString
statement code is: RelativeString diff = StringIncrementor.diff("/", "X5wF)kwxGt`+}3d", false)
test data is: StringIncrementor.diff("/", "X5wF)kwxGt`+}3d", false);

** It was a parseable test case! 
Improved test data is: class DummyClass {
    public static void main() {
        // Improved test data
        StringIncrementor.diff("/", "AZaz09!@#$%^&*()_+-={}[]|\":;\'<,>.?/~`", false);
    }
}
statement is: // Improved test data
StringIncrementor.diff("/", "AZaz09!@#$%^&*()_+-={}[]|\":;\'<,>.?/~`", false), class spoon.support.reflect.code.CtInvocationImpl
invocation is: // Improved test data
StringIncrementor.diff("/", "AZaz09!@#$%^&*()_+-={}[]|\":;\'<,>.?/~`", false) target is: StringIncrementor method is: diff(java.lang.String,java.lang.String,boolean)
Matched Method is: diff(Ljava/lang/String;Ljava/lang/String;Z)Lde/beiri22/stringincrementor/relativestring/RelativeString;
TestCase is: String string = "/";
String string = "AZaz09!@#$%^&*()_+-={}[]|\":;'<,>.?/~`";
boolean _boolean = false;
StringIncrementor.diff(string, string, _boolean);

statement is: diff(Ljava/lang/String;Ljava/lang/String;Z)Lde/beiri22/stringincrementor/relativestring/RelativeString; type is: class org.evosuite.testcase.statements.MethodStatement return type class de.beiri22.stringincrementor.relativestring.RelativeString
statement code is: RelativeString diff = StringIncrementor.diff("]", "+^/T<W@Y=", true)
statement is: patch(Ljava/lang/String;Lde/beiri22/stringincrementor/relativestring/RelativeString;Z)Ljava/lang/String; type is: class org.evosuite.testcase.statements.MethodStatement return type class java.lang.String
statement code is: String patch = StringIncrementor.patch("]", arg1, true)
test data is: RelativeString diff = StringIncrementor.diff("]", "+^/T<W@Y=", true);
StringIncrementor.patch("]", diff, true);

** It was a parseable test case! 
Improved test data is: class DummyClass {
    public static void main() {
    }

    private List<Integer> insertionIndices = new ArrayList<>();

    private List<String> insertions = new ArrayList<>();

    private List<Integer> deletionIndices = new ArrayList<>();

    private List<String> deletions = new ArrayList<>();

    public void addInsertion(int index, String value) {
        insertionIndices.add(index);
        insertions.add(value);
    }

    public void addDeletion(int index, String value) {
        deletionIndices.add(index);
        deletions.add(value);
    }
}
statement is: deletionIndices.add(index), class spoon.support.reflect.code.CtInvocationImpl
invocation is: deletionIndices.add(index) target is: deletionIndices method is: add(int)
statement is: deletions.add(value), class spoon.support.reflect.code.CtInvocationImpl
invocation is: deletions.add(value) target is: deletions method is: add(java.lang.String)
statement is: insertionIndices.add(index), class spoon.support.reflect.code.CtInvocationImpl
invocation is: insertionIndices.add(index) target is: insertionIndices method is: add(int)
statement is: insertions.add(value), class spoon.support.reflect.code.CtInvocationImpl
invocation is: insertions.add(value) target is: insertions method is: add(java.lang.String)
statement is: diff(Ljava/lang/String;Ljava/lang/String;)Lde/beiri22/stringincrementor/relativestring/RelativeString; type is: class org.evosuite.testcase.statements.MethodStatement return type class de.beiri22.stringincrementor.relativestring.RelativeString
statement code is: RelativeString diff = StringIncrementor.diff("", "")
statement is: de.beiri22.stringincrementor.relativestring.StringLink(III)V type is: class org.evosuite.testcase.statements.ConstructorStatement return type class de.beiri22.stringincrementor.relativestring.StringLink
statement code is: StringLink stringLink = new StringLink(462, 462, 462)
statement is: addLink(Lde/beiri22/stringincrementor/relativestring/StringLink;)Z type is: class org.evosuite.testcase.statements.MethodStatement return type boolean
statement code is: boolean addLink = relativeString.addLink(arg0)
statement is: patch(Ljava/lang/String;Lde/beiri22/stringincrementor/relativestring/RelativeString;Z)Ljava/lang/String; type is: class org.evosuite.testcase.statements.MethodStatement return type class java.lang.String
statement code is: String patch = StringIncrementor.patch(" *pVu?-C-D#f&", arg1, false)
test data is: RelativeString diff = StringIncrementor.diff("", "");
StringLink stringLink = new StringLink(462, 462, 462);
diff.addLink(stringLink);
StringIncrementor.patch(" *pVu?-C-D#f&", diff, false);

** It was a parseable test case! 
Improved test data is: class DummyClass {
    public static void main() {
        RelativeString diff = StringIncrementor.diff("", "");
        StringLink stringLink = new StringLink(462, 462, 462);
        diff.addLink(stringLink);
        StringIncrementor.patch(" *pVu?-C-D#f&", diff, false);
    }
}
statement is: RelativeString diff = StringIncrementor.diff("", ""), class spoon.support.reflect.code.CtLocalVariableImpl
class spoon.support.reflect.code.CtInvocationImpl
invocation is: StringIncrementor.diff("", "") target is: StringIncrementor method is: diff(java.lang.String,java.lang.String)
Matched Method is: diff(Ljava/lang/String;Ljava/lang/String;)Lde/beiri22/stringincrementor/relativestring/RelativeString;
statement is: StringLink stringLink = new StringLink(462, 462, 462), class spoon.support.reflect.code.CtLocalVariableImpl
class spoon.support.reflect.code.CtConstructorCallImpl
statement is: diff.addLink(stringLink), class spoon.support.reflect.code.CtInvocationImpl
invocation is: diff.addLink(stringLink) target is: diff method is: addLink(StringLink)
source statement: diff(Ljava/lang/String;Ljava/lang/String;)Lde/beiri22/stringincrementor/relativestring/RelativeString; callee: VariableReference: Statement 0, type de.beiri22.stringincrementor.relativestring.RelativeStringindex is: 2
Matched Method is: addLink(Lde/beiri22/stringincrementor/relativestring/StringLink;)Z
statement is: StringIncrementor.patch(" *pVu?-C-D#f&", diff, false), class spoon.support.reflect.code.CtInvocationImpl
invocation is: StringIncrementor.patch(" *pVu?-C-D#f&", diff, false) target is: StringIncrementor method is: patch(java.lang.String,RelativeString,boolean)
Matched Method is: patch(Ljava/lang/String;Lde/beiri22/stringincrementor/relativestring/RelativeString;Z)Ljava/lang/String;
TestCase is: String string = "";
String string = "";
RelativeString diff = StringIncrementor.diff(string, string);
int _int = 462;
int _int = 462;
int _int = 462;
StringLink stringLink = new StringLink(_int, _int, _int);
((RelativeString) string).addLink(stringLink);
String string = " *pVu?-C-D#f&";
boolean _boolean = false;
StringIncrementor.patch(string, diff, _boolean);

statement is: diff(Ljava/lang/String;Ljava/lang/String;Z)Lde/beiri22/stringincrementor/relativestring/RelativeString; type is: class org.evosuite.testcase.statements.MethodStatement return type class de.beiri22.stringincrementor.relativestring.RelativeString
statement code is: RelativeString diff = StringIncrementor.diff("", "", true)
statement is: patch(Ljava/lang/String;Lde/beiri22/stringincrementor/relativestring/RelativeString;Z)Ljava/lang/String; type is: class org.evosuite.testcase.statements.MethodStatement return type class java.lang.String
statement code is: String patch = StringIncrementor.patch("", arg1, true)
test data is: RelativeString diff = StringIncrementor.diff("", "", true);
StringIncrementor.patch("", diff, true);

** It was a parseable test case! 
Improved test data is: class DummyClass {
    public static void main() {
        RelativeString diff = StringIncrementor.diff("This is a sample string.", "This is another sample string.", true);
        StringIncrementor.patch("This is a sample string.", diff, true);
    }
}
statement is: RelativeString diff = StringIncrementor.diff("This is a sample string.", "This is another sample string.", true), class spoon.support.reflect.code.CtLocalVariableImpl
class spoon.support.reflect.code.CtInvocationImpl
invocation is: StringIncrementor.diff("This is a sample string.", "This is another sample string.", true) target is: StringIncrementor method is: diff(java.lang.String,java.lang.String,boolean)
Matched Method is: diff(Ljava/lang/String;Ljava/lang/String;Z)Lde/beiri22/stringincrementor/relativestring/RelativeString;
statement is: StringIncrementor.patch("This is a sample string.", diff, true), class spoon.support.reflect.code.CtInvocationImpl
invocation is: StringIncrementor.patch("This is a sample string.", diff, true) target is: StringIncrementor method is: patch(java.lang.String,RelativeString,boolean)
Matched Method is: patch(Ljava/lang/String;Lde/beiri22/stringincrementor/relativestring/RelativeString;Z)Ljava/lang/String;
TestCase is: String string = "This is a sample string.";
String string = "This is another sample string.";
boolean _boolean = true;
RelativeString diff = StringIncrementor.diff(string, string, _boolean);
String string = "This is a sample string.";
boolean _boolean = true;
StringIncrementor.patch(string, diff, _boolean);

statement is: de.beiri22.stringincrementor.relativestring.RelativeString(Ljava/io/InputStream;)V type is: class org.evosuite.testcase.statements.ConstructorStatement return type class de.beiri22.stringincrementor.relativestring.RelativeString
statement code is: RelativeString relativeString = new RelativeString((InputStream) null)
statement is: patch(Ljava/lang/String;Lde/beiri22/stringincrementor/relativestring/RelativeString;)Ljava/lang/String; type is: class org.evosuite.testcase.statements.MethodStatement return type class java.lang.String
statement code is: String patch = StringIncrementor.patch("", arg1)
test data is: RelativeString relativeString = new RelativeString((InputStream) null);
StringIncrementor.patch("", relativeString);

** It was a parseable test case! 
Improved test data is: class DummyClass {
    public static void main() {
        RelativeString relativeString = new RelativeString(new FileInputStream("/path/to/file"));
        StringIncrementor.patch("This is a test string.", relativeString);
    }
}
statement is: RelativeString relativeString = new RelativeString(new FileInputStream("/path/to/file")), class spoon.support.reflect.code.CtLocalVariableImpl
class spoon.support.reflect.code.CtConstructorCallImpl
statement is: StringIncrementor.patch("This is a test string.", relativeString), class spoon.support.reflect.code.CtInvocationImpl
invocation is: StringIncrementor.patch("This is a test string.", relativeString) target is: StringIncrementor method is: patch(java.lang.String,RelativeString)
Matched Method is: patch(Ljava/lang/String;Lde/beiri22/stringincrementor/relativestring/RelativeString;)Ljava/lang/String;
TestCase is: RelativeString relativeString = new RelativeString((InputStream) null);
String string = "This is a test string.";
StringIncrementor.patch(string, relativeString);

* test suite isTestSuite: 25
Test 0: 
RelativeString diff = StringIncrementor.diff("@ ", "@ ");
StringIncrementor.patch("@ ", diff);
Test 1: 
StringIncrementor stringIncrementor = new StringIncrementor();
Test 2: 
// Undeclared exception!
try { 
  StringIncrementor.diff("b8/bK, %F", "de.beiri22.stringincrementor.relativestring.StringLink", true);
  fail("Expecting exception: ArithmeticException");

} catch(ArithmeticException e) {
   //
   // no message in exception (getMessage() returned null)
   //
}

Test 3: 
RelativeString diff = StringIncrementor.diff("`zH~>by>tT<h:jW-AZ", "`zR~>by>tT<h:jW-IZ");
// Undeclared exception!
try { 
  StringIncrementor.patch((String) null, diff);
  fail("Expecting exception: NullPointerException");

} catch(NullPointerException e) {
   //
   // no message in exception (getMessage() returned null)
   //
   verifyException("de.beiri22.stringincrementor.StringIncrementor", e);
}

Test 4: 
StringIncrementor.diff(" absolute chars ", " absolute chars (");
Test 5: 
StringIncrementor.diff("#;P=;1<J`\"wh;*I$4@q", "#;P=;1<J`\"wh;*I$4@q", true);
Test 6: 
RelativeString diff = StringIncrementor.diff("X5wF)kwxGt`+}3d", "X5wF)kwxGt`+}3d", false);
// Undeclared exception!
try { 
  StringIncrementor.patch("#.6U`F}J2CJyk", diff, false);
  fail("Expecting exception: StringIndexOutOfBoundsException");

} catch(StringIndexOutOfBoundsException e) {
}

Test 7: 
RelativeString diff = StringIncrementor.diff("{:QhO3U-#+vv+E_hU", "{:QhO3U-#+vv+E_hU");
StringLink stringLink = new StringLink((-408), (-1502), 704);
diff.addLink(stringLink);
// Undeclared exception!
try { 
  StringIncrementor.patch("{:QhO3U-#+vv+E_hU", diff, true);
  fail("Expecting exception: StringIndexOutOfBoundsException");

} catch(StringIndexOutOfBoundsException e) {
}

Test 8: 
StringIncrementor.diff("/", "X5wF)kwxGt`+}3d", false);
Test 9: 
RelativeString diff = StringIncrementor.diff("]", "+^/T<W@Y=", true);
StringIncrementor.patch("]", diff, true);
Test 10: 
RelativeString diff = StringIncrementor.diff("", "");
StringLink stringLink = new StringLink(462, 462, 462);
diff.addLink(stringLink);
// Undeclared exception!
try { 
  StringIncrementor.patch(" *pVu?-C-D#f&", diff, false);
  fail("Expecting exception: StringIndexOutOfBoundsException");

} catch(StringIndexOutOfBoundsException e) {
}

Test 11: 
RelativeString diff = StringIncrementor.diff("", "", true);
StringIncrementor.patch("", diff, true);
Test 12: 
RelativeString relativeString = new RelativeString((InputStream) null);
StringIncrementor.patch("", relativeString);
Test 13: 
RelativeString diff = StringIncrementor.diff("Hello", "World");
StringIncrementor.patch("Hello", diff);

Test 14: 
StringIncrementor stringIncrementor = new StringIncrementor();

Test 15: 
StringIncrementor.diff("Hello", "World", true);

Test 16: 
RelativeString diff = StringIncrementor.diff("`zH~>by>tT<h:jW-AZ", "`zR~>by>tT<h:jW-IZ");
StringIncrementor.patch((String) diff, (RelativeString) null);

Test 17: 
StringIncrementor.diff(" absolute chars ", " absolute chars (");

Test 18: 
StringIncrementor.diff("Hello World!", "Goodbye World!", true);

Test 19: 
StringIncrementor.diff("ABC123", "XYZ789", false);

Test 20: 
RelativeString diff = StringIncrementor.diff("a string", "another string");
StringLink stringLink = new StringLink(100, 200, 300);
((RelativeString)"a string").addLink(stringLink);
String string = "a string";
boolean _boolean = true;
StringIncrementor.patch(string, diff, _boolean);

Test 21: 
StringIncrementor.diff("/", "AZaz09!@#$%^&*()_+-={}[]|\":;'<,>.?/~`", false);

Test 22: 
RelativeString diff = StringIncrementor.diff("", "");
StringLink stringLink = new StringLink(462, 462, 462);
((RelativeString)"").addLink(stringLink);
String string = " *pVu?-C-D#f&";
boolean _boolean = false;
StringIncrementor.patch(string, diff, _boolean);

Test 23: 
RelativeString diff = StringIncrementor.diff("This is a sample string.", "This is another sample string.", true);
String string = "This is a sample string.";
boolean _boolean = true;
StringIncrementor.patch(string, diff, _boolean);

Test 24: 
RelativeString relativeString = new RelativeString((InputStream) null);
StringIncrementor.patch("This is a test string.", relativeString);


* Generated after the refinement and before minimization 25 tests with total length 53
* test suite isTestSuite: 25
Test 0: 
RelativeString diff = StringIncrementor.diff("@ ", "@ ");
StringIncrementor.patch("@ ", diff);
Test 1: 
StringIncrementor stringIncrementor = new StringIncrementor();
Test 2: 
// Undeclared exception!
try { 
  StringIncrementor.diff("b8/bK, %F", "de.beiri22.stringincrementor.relativestring.StringLink", true);
  fail("Expecting exception: ArithmeticException");

} catch(ArithmeticException e) {
   //
   // no message in exception (getMessage() returned null)
   //
}

Test 3: 
RelativeString diff = StringIncrementor.diff("`zH~>by>tT<h:jW-AZ", "`zR~>by>tT<h:jW-IZ");
// Undeclared exception!
try { 
  StringIncrementor.patch((String) null, diff);
  fail("Expecting exception: NullPointerException");

} catch(NullPointerException e) {
   //
   // no message in exception (getMessage() returned null)
   //
   verifyException("de.beiri22.stringincrementor.StringIncrementor", e);
}

Test 4: 
StringIncrementor.diff(" absolute chars ", " absolute chars (");
Test 5: 
StringIncrementor.diff("#;P=;1<J`\"wh;*I$4@q", "#;P=;1<J`\"wh;*I$4@q", true);
Test 6: 
RelativeString diff = StringIncrementor.diff("X5wF)kwxGt`+}3d", "X5wF)kwxGt`+}3d", false);
// Undeclared exception!
try { 
  StringIncrementor.patch("#.6U`F}J2CJyk", diff, false);
  fail("Expecting exception: StringIndexOutOfBoundsException");

} catch(StringIndexOutOfBoundsException e) {
}

Test 7: 
RelativeString diff = StringIncrementor.diff("{:QhO3U-#+vv+E_hU", "{:QhO3U-#+vv+E_hU");
StringLink stringLink = new StringLink((-408), (-1502), 704);
diff.addLink(stringLink);
// Undeclared exception!
try { 
  StringIncrementor.patch("{:QhO3U-#+vv+E_hU", diff, true);
  fail("Expecting exception: StringIndexOutOfBoundsException");

} catch(StringIndexOutOfBoundsException e) {
}

Test 8: 
StringIncrementor.diff("/", "X5wF)kwxGt`+}3d", false);
Test 9: 
RelativeString diff = StringIncrementor.diff("]", "+^/T<W@Y=", true);
StringIncrementor.patch("]", diff, true);
Test 10: 
RelativeString diff = StringIncrementor.diff("", "");
StringLink stringLink = new StringLink(462, 462, 462);
diff.addLink(stringLink);
// Undeclared exception!
try { 
  StringIncrementor.patch(" *pVu?-C-D#f&", diff, false);
  fail("Expecting exception: StringIndexOutOfBoundsException");

} catch(StringIndexOutOfBoundsException e) {
}

Test 11: 
RelativeString diff = StringIncrementor.diff("", "", true);
StringIncrementor.patch("", diff, true);
Test 12: 
RelativeString relativeString = new RelativeString((InputStream) null);
StringIncrementor.patch("", relativeString);
Test 13: 
RelativeString diff = StringIncrementor.diff("Hello", "World");
StringIncrementor.patch("Hello", diff);

Test 14: 
StringIncrementor stringIncrementor = new StringIncrementor();

Test 15: 
StringIncrementor.diff("Hello", "World", true);

Test 16: 
RelativeString diff = StringIncrementor.diff("`zH~>by>tT<h:jW-AZ", "`zR~>by>tT<h:jW-IZ");
StringIncrementor.patch((String) diff, (RelativeString) null);

Test 17: 
StringIncrementor.diff(" absolute chars ", " absolute chars (");

Test 18: 
StringIncrementor.diff("Hello World!", "Goodbye World!", true);

Test 19: 
StringIncrementor.diff("ABC123", "XYZ789", false);

Test 20: 
RelativeString diff = StringIncrementor.diff("a string", "another string");
StringLink stringLink = new StringLink(100, 200, 300);
((RelativeString)"a string").addLink(stringLink);
String string = "a string";
boolean _boolean = true;
StringIncrementor.patch(string, diff, _boolean);

Test 21: 
StringIncrementor.diff("/", "AZaz09!@#$%^&*()_+-={}[]|\":;'<,>.?/~`", false);

Test 22: 
RelativeString diff = StringIncrementor.diff("", "");
StringLink stringLink = new StringLink(462, 462, 462);
((RelativeString)"").addLink(stringLink);
String string = " *pVu?-C-D#f&";
boolean _boolean = false;
StringIncrementor.patch(string, diff, _boolean);

Test 23: 
RelativeString diff = StringIncrementor.diff("This is a sample string.", "This is another sample string.", true);
String string = "This is a sample string.";
boolean _boolean = true;
StringIncrementor.patch(string, diff, _boolean);

Test 24: 
RelativeString relativeString = new RelativeString((InputStream) null);
StringIncrementor.patch("This is a test string.", relativeString);


* Minimizing test suite
* test suite isTestSuite: 13
Test 0: 
StringIncrementor.diff(" absolute chars ", " absolute chars (");
Test 1: 
RelativeString diff = StringIncrementor.diff("Hello", "World");
StringIncrementor.patch("Hello", diff);
Test 2: 
StringIncrementor stringIncrementor = new StringIncrementor();
Test 3: 
RelativeString diff = StringIncrementor.diff("`zH~>by>tT<h:jW-AZ", "`zR~>by>tT<h:jW-IZ");
// Undeclared exception!
try { 
  StringIncrementor.patch((String) null, diff);
  fail("Expecting exception: NullPointerException");

} catch(NullPointerException e) {
   //
   // no message in exception (getMessage() returned null)
   //
   verifyException("de.beiri22.stringincrementor.StringIncrementor", e);
}

Test 4: 
// Undeclared exception!
try { 
  StringIncrementor.diff("Hello World!", "Goodbye World!", true);
  fail("Expecting exception: ArithmeticException");

} catch(ArithmeticException e) {
   //
   // no message in exception (getMessage() returned null)
   //
}

Test 5: 
StringIncrementor.diff("#;P=;1<J`\"wh;*I$4@q", "#;P=;1<J`\"wh;*I$4@q", true);
Test 6: 
RelativeString diff = StringIncrementor.diff("X5wF)kwxGt`+}3d", "X5wF)kwxGt`+}3d", false);
// Undeclared exception!
try { 
  StringIncrementor.patch("#.6U`F}J2CJyk", diff, false);
  fail("Expecting exception: StringIndexOutOfBoundsException");

} catch(StringIndexOutOfBoundsException e) {
}

Test 7: 
RelativeString diff = StringIncrementor.diff("{:QhO3U-#+vv+E_hU", "{:QhO3U-#+vv+E_hU");
StringLink stringLink = new StringLink((-408), (-1502), 704);
diff.addLink(stringLink);
// Undeclared exception!
try { 
  StringIncrementor.patch("{:QhO3U-#+vv+E_hU", diff, true);
  fail("Expecting exception: StringIndexOutOfBoundsException");

} catch(StringIndexOutOfBoundsException e) {
}

Test 8: 
StringIncrementor.diff("/", "AZaz09!@#$%^&*()_+-={}[]|\":;'<,>.?/~`", false);
Test 9: 
RelativeString diff = StringIncrementor.diff("", "", true);
StringIncrementor.patch("", diff, true);
Test 10: 
RelativeString diff = StringIncrementor.diff("", "");
StringLink stringLink = new StringLink(462, 462, 462);
diff.addLink(stringLink);
// Undeclared exception!
try { 
  StringIncrementor.patch(" *pVu?-C-D#f&", diff, false);
  fail("Expecting exception: StringIndexOutOfBoundsException");

} catch(StringIndexOutOfBoundsException e) {
}

Test 11: 
RelativeString relativeString = new RelativeString((InputStream) null);
StringIncrementor.patch("", relativeString);
Test 12: 
RelativeString diff = StringIncrementor.diff("]", "+^/T<W@Y=", true);
StringIncrementor.patch("]", diff, true);

* Going to analyze the coverage criteria
* Coverage analysis for criterion BRANCH
* Coverage of criterion BRANCH: 94%
* Total number of goals: 35
* Number of covered goals: 33
* Coverage analysis for criterion LINE
* Coverage of criterion LINE: 98%
* Total number of goals: 57
* Number of covered goals: 56
* Coverage analysis for criterion OUTPUT
* Coverage of criterion OUTPUT: 60%
* Total number of goals: 20
* Number of covered goals: 12
* Coverage analysis for criterion METHOD
* Coverage of criterion METHOD: 100%
* Total number of goals: 5
* Number of covered goals: 5
* Coverage analysis for criterion CBRANCH
* Coverage of criterion CBRANCH: 83%
* Total number of goals: 35
* Number of covered goals: 29
* Generated 13 tests with total length 25
* Resulting test suite's coverage: 87% (average coverage for all fitness functions)
* Generating assertions
* Resulting test suite's mutation score: 32%
* Compiling and checking tests
Going to execute: removeTestsThatDoNotCompile
* Compiling Tests
** Write a test suite: 0 called: 0 to improve: false
* Compiling Tests
** Write a test suite: 0 called: 0 to improve: true
** Improve Understandability: ** Test Code is: RelativeString diff = StringIncrementor.diff(" absolute chars ", " absolute chars (");
assertEquals("(", diff.getAbsolute());


** It was a parseable test case! 
refined test name is: testDiffCorrectAbsoluteValue
* Compiling Tests
refined test name is: testDiffWithDifferentValuesHasCorrectAbsoluteValue
* Compiling Tests
** Write a test suite: 0 called: 0 to improve: false
* Compiling Tests
** Write a test suite: 0 called: 0 to improve: true
** Improve Understandability: ** Test Code is: RelativeString arg1 = StringIncrementor.diff("Hello", "World");
String patch = StringIncrementor.patch("Hello", arg1);
assertEquals("World", patch);


** It was a parseable test case! 
refined test name is: testPatchWithRelativeStringReturnsCorrectString
* Compiling Tests
** Write a test suite: 0 called: 0 to improve: false
* Compiling Tests
** Write a test suite: 0 called: 0 to improve: true
** Improve Understandability: ** Test Code is: StringIncrementor stringIncrementor = new StringIncrementor();

** It was a parseable test case! 
refined test name is: testIncrement
* Compiling Tests
refined test name is: testIncrementorBasicStringIncrementation
* Compiling Tests
** Write a test suite: 0 called: 0 to improve: false
* Compiling Tests
** Write a test suite: 0 called: 0 to improve: true
** Improve Understandability: ** Test Code is: RelativeString arg1 = StringIncrementor.diff("`zH~>by>tT<h:jW-AZ", "`zR~>by>tT<h:jW-IZ");
// Undeclared exception!
try { 
  StringIncrementor.patch((String) null, arg1);
  fail("Expecting exception: NullPointerException");

} catch(NullPointerException e) {
   //
   // no message in exception (getMessage() returned null)
   //
   verifyException("de.beiri22.stringincrementor.StringIncrementor", e);
}


** It was a parseable test case! 
refined test name is: testPatchWithNullInputString
* Compiling Tests
** Write a test suite: 0 called: 0 to improve: false
* Compiling Tests
** Write a test suite: 0 called: 0 to improve: true
** Improve Understandability: ** Test Code is: // Undeclared exception!
try { 
  StringIncrementor.diff("Hello World!", "Goodbye World!", true);
  fail("Expecting exception: ArithmeticException");

} catch(ArithmeticException e) {
   //
   // / by zero
   //
   verifyException("de.beiri22.stringincrementor.StringIncrementor", e);
}


** It was a parseable test case! 
refined test name is: testDiffThrowsExceptionOnNoCommonCharacters
* Compiling Tests
** Write a test suite: 0 called: 0 to improve: false
* Compiling Tests
** Write a test suite: 0 called: 0 to improve: true
** Improve Understandability: ** Test Code is: RelativeString diff = StringIncrementor.diff("#;P=;1<J`\"wh;*I$4@q", "#;P=;1<J`\"wh;*I$4@q", true);
assertEquals("", diff.getAbsolute());


** It was a parseable test case! 
refined test name is: testDiffReturnsEmptyStringForIdenticalStrings
* Compiling Tests
** Write a test suite: 0 called: 0 to improve: false
* Compiling Tests
** Write a test suite: 0 called: 0 to improve: true
** Improve Understandability: ** Test Code is: RelativeString arg1 = StringIncrementor.diff("X5wF)kwxGt`+}3d", "X5wF)kwxGt`+}3d", false);
// Undeclared exception!
try { 
  StringIncrementor.patch("#.6U`F}J2CJyk", arg1, false);
  fail("Expecting exception: StringIndexOutOfBoundsException");

} catch(StringIndexOutOfBoundsException e) {
}


** It was a parseable test case! 
refined test name is: testPatchWithDifferentLengths
* Compiling Tests
** Write a test suite: 0 called: 0 to improve: false
* Compiling Tests
** Write a test suite: 0 called: 0 to improve: true
** Improve Understandability: ** Test Code is: RelativeString arg1 = StringIncrementor.diff("{:QhO3U-#+vv+E_hU", "{:QhO3U-#+vv+E_hU");
StringLink arg0 = new StringLink((-408), (-1502), 704);
arg1.addLink(arg0);
// Undeclared exception!
try { 
  StringIncrementor.patch("{:QhO3U-#+vv+E_hU", arg1, true);
  fail("Expecting exception: StringIndexOutOfBoundsException");

} catch(StringIndexOutOfBoundsException e) {
}


** It was a parseable test case! 
refined test name is: testPatchWithStringIndexOutOfBoundsException
* Compiling Tests
** Write a test suite: 0 called: 0 to improve: false
* Compiling Tests
** Write a test suite: 0 called: 0 to improve: true
** Improve Understandability: ** Test Code is: RelativeString diff = StringIncrementor.diff("/", "AZaz09!@#$%^&*()_+-={}[]|\":;'<,>.?/~`", false);
assertEquals(0, diff.linksCount());


** It was a parseable test case! 
refined test name is: testEmptyDiff
* Compiling Tests
** Write a test suite: 0 called: 0 to improve: false
* Compiling Tests
** Write a test suite: 0 called: 0 to improve: true
** Improve Understandability: ** Test Code is: RelativeString arg1 = StringIncrementor.diff("", "", true);
String patch = StringIncrementor.patch("", arg1, true);
assertEquals("", patch);


** It was a parseable test case! 
refined test name is: testDiffAndPatchWithEmptyStrings
* Compiling Tests
** Write a test suite: 0 called: 0 to improve: false
* Compiling Tests
** Write a test suite: 0 called: 0 to improve: true
** Improve Understandability: ** Test Code is: RelativeString arg1 = StringIncrementor.diff("", "");
StringLink arg0 = new StringLink(462, 462, 462);
arg1.addLink(arg0);
// Undeclared exception!
try { 
  StringIncrementor.patch(" *pVu?-C-D#f&", arg1, false);
  fail("Expecting exception: StringIndexOutOfBoundsException");

} catch(StringIndexOutOfBoundsException e) {
}


** It was a parseable test case! 
refined test name is: testPatchthrowsExceptionOnInvalidInput
* Compiling Tests
** Write a test suite: 0 called: 0 to improve: false
* Compiling Tests
** Write a test suite: 0 called: 0 to improve: true
** Improve Understandability: ** Test Code is: RelativeString arg1 = new RelativeString((InputStream) null);
String patch = StringIncrementor.patch("", arg1);
assertEquals("", patch);


** It was a parseable test case! 
refined test name is: testPatchEmptyStringWithNullInput
* Compiling Tests
** Write a test suite: 0 called: 0 to improve: false
* Compiling Tests
** Write a test suite: 0 called: 0 to improve: true
** Improve Understandability: ** Test Code is: RelativeString arg1 = StringIncrementor.diff("]", "+^/T<W@Y=", true);
String patch = StringIncrementor.patch("]", arg1, true);
assertEquals("+^/T<W@Y=", patch);


** It was a parseable test case! 
refined test name is: testPatchMethodshouldReturnExpectedValue
Going to execute: handleTestsThatAreUnstable
* Compiling Tests
** Write a test suite: 0 called: 0 to improve: false
[MASTER] 06:18:56.354 [logback-1] WARN  AgentLoader - Failed to find EvoSuite jar in current classloader. URLs of classloader:
file:/root/.sdkman/candidates/java/8.0.333.fx-librca/jre/../lib/tools.jar
file:/root/.sdkman/candidates/java/8.0.333.fx-librca/jre/lib/ext/cldrdata.jar
file:/root/.sdkman/candidates/java/8.0.333.fx-librca/jre/lib/ext/sunec.jar
file:/root/.sdkman/candidates/java/8.0.333.fx-librca/jre/lib/ext/localedata.jar
file:/root/.sdkman/candidates/java/8.0.333.fx-librca/jre/lib/ext/jaccess.jar
file:/tmp/EvoSuite_pathingJar1236683490983835624.jar
file:/root/.sdkman/candidates/java/8.0.333.fx-librca/jre/lib/ext/dnsns.jar
file:/root/.sdkman/candidates/java/8.0.333.fx-librca/jre/lib/ext/sunpkcs11.jar
file:/root/.sdkman/candidates/java/8.0.333.fx-librca/jre/lib/ext/zipfs.jar
file:/root/.sdkman/candidates/java/8.0.333.fx-librca/jre/lib/ext/jfxrt.jar
file:/root/.sdkman/candidates/java/8.0.333.fx-librca/jre/lib/ext/sunjce_provider.jar
file:/root/.sdkman/candidates/java/8.0.333.fx-librca/jre/lib/ext/nashorn.jar
[MASTER] 06:18:56.376 [logback-1] WARN  JUnitAnalyzer - Found unstable test named initializationError -> class java.lang.RuntimeException: Cannot find either the compilation target folder nor the EvoSuite jar in classpath: /tmp/EvoSuite_pathingJar1236683490983835624.jar
Going to execute: handleTestsThatAreUnstable
* Compiling Tests
[MASTER] 06:18:56.475 [logback-1] WARN  AgentLoader - Failed to find EvoSuite jar in current classloader. URLs of classloader:
file:/root/.sdkman/candidates/java/8.0.333.fx-librca/jre/../lib/tools.jar
file:/root/.sdkman/candidates/java/8.0.333.fx-librca/jre/lib/ext/cldrdata.jar
file:/root/.sdkman/candidates/java/8.0.333.fx-librca/jre/lib/ext/sunec.jar
file:/root/.sdkman/candidates/java/8.0.333.fx-librca/jre/lib/ext/localedata.jar
file:/root/.sdkman/candidates/java/8.0.333.fx-librca/jre/lib/ext/jaccess.jar
file:/tmp/EvoSuite_pathingJar1236683490983835624.jar
file:/root/.sdkman/candidates/java/8.0.333.fx-librca/jre/lib/ext/dnsns.jar
file:/root/.sdkman/candidates/java/8.0.333.fx-librca/jre/lib/ext/sunpkcs11.jar
file:/root/.sdkman/candidates/java/8.0.333.fx-librca/jre/lib/ext/zipfs.jar
file:/root/.sdkman/candidates/java/8.0.333.fx-librca/jre/lib/ext/jfxrt.jar
file:/root/.sdkman/candidates/java/8.0.333.fx-librca/jre/lib/ext/sunjce_provider.jar
file:/root/.sdkman/candidates/java/8.0.333.fx-librca/jre/lib/ext/nashorn.jar
[MASTER] 06:18:56.476 [logback-1] WARN  JUnitAnalyzer - Found unstable test named initializationError -> class java.lang.RuntimeException: Cannot find either the compilation target folder nor the EvoSuite jar in classpath: /tmp/EvoSuite_pathingJar1236683490983835624.jar
Going to execute: handleTestsThatAreUnstable
* Compiling Tests
** Write a test suite: 0 called: 0 to improve: false
[MASTER] 06:18:56.577 [logback-1] WARN  AgentLoader - Failed to find EvoSuite jar in current classloader. URLs of classloader:
file:/root/.sdkman/candidates/java/8.0.333.fx-librca/jre/../lib/tools.jar
file:/root/.sdkman/candidates/java/8.0.333.fx-librca/jre/lib/ext/cldrdata.jar
file:/root/.sdkman/candidates/java/8.0.333.fx-librca/jre/lib/ext/sunec.jar
file:/root/.sdkman/candidates/java/8.0.333.fx-librca/jre/lib/ext/localedata.jar
file:/root/.sdkman/candidates/java/8.0.333.fx-librca/jre/lib/ext/jaccess.jar
file:/tmp/EvoSuite_pathingJar1236683490983835624.jar
file:/root/.sdkman/candidates/java/8.0.333.fx-librca/jre/lib/ext/dnsns.jar
file:/root/.sdkman/candidates/java/8.0.333.fx-librca/jre/lib/ext/sunpkcs11.jar
file:/root/.sdkman/candidates/java/8.0.333.fx-librca/jre/lib/ext/zipfs.jar
file:/root/.sdkman/candidates/java/8.0.333.fx-librca/jre/lib/ext/jfxrt.jar
file:/root/.sdkman/candidates/java/8.0.333.fx-librca/jre/lib/ext/sunjce_provider.jar
file:/root/.sdkman/candidates/java/8.0.333.fx-librca/jre/lib/ext/nashorn.jar
[MASTER] 06:18:56.578 [logback-1] WARN  JUnitAnalyzer - Found unstable test named initializationError -> class java.lang.RuntimeException: Cannot find either the compilation target folder nor the EvoSuite jar in classpath: /tmp/EvoSuite_pathingJar1236683490983835624.jar
Going to execute: handleTestsThatAreUnstable
* Compiling Tests
[MASTER] 06:18:56.640 [logback-1] WARN  AgentLoader - Failed to find EvoSuite jar in current classloader. URLs of classloader:
file:/root/.sdkman/candidates/java/8.0.333.fx-librca/jre/../lib/tools.jar
file:/root/.sdkman/candidates/java/8.0.333.fx-librca/jre/lib/ext/cldrdata.jar
file:/root/.sdkman/candidates/java/8.0.333.fx-librca/jre/lib/ext/sunec.jar
file:/root/.sdkman/candidates/java/8.0.333.fx-librca/jre/lib/ext/localedata.jar
file:/root/.sdkman/candidates/java/8.0.333.fx-librca/jre/lib/ext/jaccess.jar
file:/tmp/EvoSuite_pathingJar1236683490983835624.jar
file:/root/.sdkman/candidates/java/8.0.333.fx-librca/jre/lib/ext/dnsns.jar
file:/root/.sdkman/candidates/java/8.0.333.fx-librca/jre/lib/ext/sunpkcs11.jar
file:/root/.sdkman/candidates/java/8.0.333.fx-librca/jre/lib/ext/zipfs.jar
file:/root/.sdkman/candidates/java/8.0.333.fx-librca/jre/lib/ext/jfxrt.jar
file:/root/.sdkman/candidates/java/8.0.333.fx-librca/jre/lib/ext/sunjce_provider.jar
file:/root/.sdkman/candidates/java/8.0.333.fx-librca/jre/lib/ext/nashorn.jar
[MASTER] 06:18:56.641 [logback-1] WARN  JUnitAnalyzer - Found unstable test named initializationError -> class java.lang.RuntimeException: Cannot find either the compilation target folder nor the EvoSuite jar in classpath: /tmp/EvoSuite_pathingJar1236683490983835624.jar
Going to execute: handleTestsThatAreUnstable
* Compiling Tests
[MASTER] 06:18:56.696 [logback-1] WARN  AgentLoader - Failed to find EvoSuite jar in current classloader. URLs of classloader:
file:/root/.sdkman/candidates/java/8.0.333.fx-librca/jre/../lib/tools.jar
file:/root/.sdkman/candidates/java/8.0.333.fx-librca/jre/lib/ext/cldrdata.jar
file:/root/.sdkman/candidates/java/8.0.333.fx-librca/jre/lib/ext/sunec.jar
file:/root/.sdkman/candidates/java/8.0.333.fx-librca/jre/lib/ext/localedata.jar
file:/root/.sdkman/candidates/java/8.0.333.fx-librca/jre/lib/ext/jaccess.jar
file:/tmp/EvoSuite_pathingJar1236683490983835624.jar
file:/root/.sdkman/candidates/java/8.0.333.fx-librca/jre/lib/ext/dnsns.jar
file:/root/.sdkman/candidates/java/8.0.333.fx-librca/jre/lib/ext/sunpkcs11.jar
file:/root/.sdkman/candidates/java/8.0.333.fx-librca/jre/lib/ext/zipfs.jar
file:/root/.sdkman/candidates/java/8.0.333.fx-librca/jre/lib/ext/jfxrt.jar
file:/root/.sdkman/candidates/java/8.0.333.fx-librca/jre/lib/ext/sunjce_provider.jar
file:/root/.sdkman/candidates/java/8.0.333.fx-librca/jre/lib/ext/nashorn.jar
[MASTER] 06:18:56.696 [logback-1] WARN  JUnitAnalyzer - Found unstable test named initializationError -> class java.lang.RuntimeException: Cannot find either the compilation target folder nor the EvoSuite jar in classpath: /tmp/EvoSuite_pathingJar1236683490983835624.jar
Going to execute: handleTestsThatAreUnstable
* Compiling Tests
[MASTER] 06:18:56.754 [logback-1] WARN  AgentLoader - Failed to find EvoSuite jar in current classloader. URLs of classloader:
file:/root/.sdkman/candidates/java/8.0.333.fx-librca/jre/../lib/tools.jar
file:/root/.sdkman/candidates/java/8.0.333.fx-librca/jre/lib/ext/cldrdata.jar
file:/root/.sdkman/candidates/java/8.0.333.fx-librca/jre/lib/ext/sunec.jar
file:/root/.sdkman/candidates/java/8.0.333.fx-librca/jre/lib/ext/localedata.jar
file:/root/.sdkman/candidates/java/8.0.333.fx-librca/jre/lib/ext/jaccess.jar
file:/tmp/EvoSuite_pathingJar1236683490983835624.jar
file:/root/.sdkman/candidates/java/8.0.333.fx-librca/jre/lib/ext/dnsns.jar
file:/root/.sdkman/candidates/java/8.0.333.fx-librca/jre/lib/ext/sunpkcs11.jar
file:/root/.sdkman/candidates/java/8.0.333.fx-librca/jre/lib/ext/zipfs.jar
file:/root/.sdkman/candidates/java/8.0.333.fx-librca/jre/lib/ext/jfxrt.jar
file:/root/.sdkman/candidates/java/8.0.333.fx-librca/jre/lib/ext/sunjce_provider.jar
file:/root/.sdkman/candidates/java/8.0.333.fx-librca/jre/lib/ext/nashorn.jar
[MASTER] 06:18:56.755 [logback-1] WARN  JUnitAnalyzer - Found unstable test named initializationError -> class java.lang.RuntimeException: Cannot find either the compilation target folder nor the EvoSuite jar in classpath: /tmp/EvoSuite_pathingJar1236683490983835624.jar
Going to execute: handleTestsThatAreUnstable
* Compiling Tests
[MASTER] 06:18:56.814 [logback-1] WARN  AgentLoader - Failed to find EvoSuite jar in current classloader. URLs of classloader:
file:/root/.sdkman/candidates/java/8.0.333.fx-librca/jre/../lib/tools.jar
file:/root/.sdkman/candidates/java/8.0.333.fx-librca/jre/lib/ext/cldrdata.jar
file:/root/.sdkman/candidates/java/8.0.333.fx-librca/jre/lib/ext/sunec.jar
file:/root/.sdkman/candidates/java/8.0.333.fx-librca/jre/lib/ext/localedata.jar
file:/root/.sdkman/candidates/java/8.0.333.fx-librca/jre/lib/ext/jaccess.jar
file:/tmp/EvoSuite_pathingJar1236683490983835624.jar
file:/root/.sdkman/candidates/java/8.0.333.fx-librca/jre/lib/ext/dnsns.jar
file:/root/.sdkman/candidates/java/8.0.333.fx-librca/jre/lib/ext/sunpkcs11.jar
file:/root/.sdkman/candidates/java/8.0.333.fx-librca/jre/lib/ext/zipfs.jar
file:/root/.sdkman/candidates/java/8.0.333.fx-librca/jre/lib/ext/jfxrt.jar
file:/root/.sdkman/candidates/java/8.0.333.fx-librca/jre/lib/ext/sunjce_provider.jar
file:/root/.sdkman/candidates/java/8.0.333.fx-librca/jre/lib/ext/nashorn.jar
[MASTER] 06:18:56.815 [logback-1] WARN  JUnitAnalyzer - Found unstable test named initializationError -> class java.lang.RuntimeException: Cannot find either the compilation target folder nor the EvoSuite jar in classpath: /tmp/EvoSuite_pathingJar1236683490983835624.jar
Going to execute: handleTestsThatAreUnstable
* Compiling Tests
[MASTER] 06:18:56.878 [logback-1] WARN  AgentLoader - Failed to find EvoSuite jar in current classloader. URLs of classloader:
file:/root/.sdkman/candidates/java/8.0.333.fx-librca/jre/../lib/tools.jar
file:/root/.sdkman/candidates/java/8.0.333.fx-librca/jre/lib/ext/cldrdata.jar
file:/root/.sdkman/candidates/java/8.0.333.fx-librca/jre/lib/ext/sunec.jar
file:/root/.sdkman/candidates/java/8.0.333.fx-librca/jre/lib/ext/localedata.jar
file:/root/.sdkman/candidates/java/8.0.333.fx-librca/jre/lib/ext/jaccess.jar
file:/tmp/EvoSuite_pathingJar1236683490983835624.jar
file:/root/.sdkman/candidates/java/8.0.333.fx-librca/jre/lib/ext/dnsns.jar
file:/root/.sdkman/candidates/java/8.0.333.fx-librca/jre/lib/ext/sunpkcs11.jar
file:/root/.sdkman/candidates/java/8.0.333.fx-librca/jre/lib/ext/zipfs.jar
file:/root/.sdkman/candidates/java/8.0.333.fx-librca/jre/lib/ext/jfxrt.jar
file:/root/.sdkman/candidates/java/8.0.333.fx-librca/jre/lib/ext/sunjce_provider.jar
file:/root/.sdkman/candidates/java/8.0.333.fx-librca/jre/lib/ext/nashorn.jar
[MASTER] 06:18:56.879 [logback-1] WARN  JUnitAnalyzer - Found unstable test named initializationError -> class java.lang.RuntimeException: Cannot find either the compilation target folder nor the EvoSuite jar in classpath: /tmp/EvoSuite_pathingJar1236683490983835624.jar
Going to execute: handleTestsThatAreUnstable
* Compiling Tests
[MASTER] 06:18:56.950 [logback-1] WARN  AgentLoader - Failed to find EvoSuite jar in current classloader. URLs of classloader:
file:/root/.sdkman/candidates/java/8.0.333.fx-librca/jre/../lib/tools.jar
file:/root/.sdkman/candidates/java/8.0.333.fx-librca/jre/lib/ext/cldrdata.jar
file:/root/.sdkman/candidates/java/8.0.333.fx-librca/jre/lib/ext/sunec.jar
file:/root/.sdkman/candidates/java/8.0.333.fx-librca/jre/lib/ext/localedata.jar
file:/root/.sdkman/candidates/java/8.0.333.fx-librca/jre/lib/ext/jaccess.jar
file:/tmp/EvoSuite_pathingJar1236683490983835624.jar
file:/root/.sdkman/candidates/java/8.0.333.fx-librca/jre/lib/ext/dnsns.jar
file:/root/.sdkman/candidates/java/8.0.333.fx-librca/jre/lib/ext/sunpkcs11.jar
file:/root/.sdkman/candidates/java/8.0.333.fx-librca/jre/lib/ext/zipfs.jar
file:/root/.sdkman/candidates/java/8.0.333.fx-librca/jre/lib/ext/jfxrt.jar
file:/root/.sdkman/candidates/java/8.0.333.fx-librca/jre/lib/ext/sunjce_provider.jar
file:/root/.sdkman/candidates/java/8.0.333.fx-librca/jre/lib/ext/nashorn.jar
[MASTER] 06:18:56.951 [logback-1] WARN  JUnitAnalyzer - Found unstable test named initializationError -> class java.lang.RuntimeException: Cannot find either the compilation target folder nor the EvoSuite jar in classpath: /tmp/EvoSuite_pathingJar1236683490983835624.jar
Going to execute: handleTestsThatAreUnstable
* Compiling Tests
[MASTER] 06:18:57.008 [logback-1] WARN  AgentLoader - Failed to find EvoSuite jar in current classloader. URLs of classloader:
file:/root/.sdkman/candidates/java/8.0.333.fx-librca/jre/../lib/tools.jar
file:/root/.sdkman/candidates/java/8.0.333.fx-librca/jre/lib/ext/cldrdata.jar
file:/root/.sdkman/candidates/java/8.0.333.fx-librca/jre/lib/ext/sunec.jar
file:/root/.sdkman/candidates/java/8.0.333.fx-librca/jre/lib/ext/localedata.jar
file:/root/.sdkman/candidates/java/8.0.333.fx-librca/jre/lib/ext/jaccess.jar
file:/tmp/EvoSuite_pathingJar1236683490983835624.jar
file:/root/.sdkman/candidates/java/8.0.333.fx-librca/jre/lib/ext/dnsns.jar
file:/root/.sdkman/candidates/java/8.0.333.fx-librca/jre/lib/ext/sunpkcs11.jar
file:/root/.sdkman/candidates/java/8.0.333.fx-librca/jre/lib/ext/zipfs.jar
file:/root/.sdkman/candidates/java/8.0.333.fx-librca/jre/lib/ext/jfxrt.jar
file:/root/.sdkman/candidates/java/8.0.333.fx-librca/jre/lib/ext/sunjce_provider.jar
file:/root/.sdkman/candidates/java/8.0.333.fx-librca/jre/lib/ext/nashorn.jar
[MASTER] 06:18:57.009 [logback-1] WARN  JUnitAnalyzer - Found unstable test named initializationError -> class java.lang.RuntimeException: Cannot find either the compilation target folder nor the EvoSuite jar in classpath: /tmp/EvoSuite_pathingJar1236683490983835624.jar
Going to execute: handleTestsThatAreUnstable
* Compiling Tests
[MASTER] 06:18:57.070 [logback-1] WARN  AgentLoader - Failed to find EvoSuite jar in current classloader. URLs of classloader:
file:/root/.sdkman/candidates/java/8.0.333.fx-librca/jre/../lib/tools.jar
file:/root/.sdkman/candidates/java/8.0.333.fx-librca/jre/lib/ext/cldrdata.jar
file:/root/.sdkman/candidates/java/8.0.333.fx-librca/jre/lib/ext/sunec.jar
file:/root/.sdkman/candidates/java/8.0.333.fx-librca/jre/lib/ext/localedata.jar
file:/root/.sdkman/candidates/java/8.0.333.fx-librca/jre/lib/ext/jaccess.jar
file:/tmp/EvoSuite_pathingJar1236683490983835624.jar
file:/root/.sdkman/candidates/java/8.0.333.fx-librca/jre/lib/ext/dnsns.jar
file:/root/.sdkman/candidates/java/8.0.333.fx-librca/jre/lib/ext/sunpkcs11.jar
file:/root/.sdkman/candidates/java/8.0.333.fx-librca/jre/lib/ext/zipfs.jar
file:/root/.sdkman/candidates/java/8.0.333.fx-librca/jre/lib/ext/jfxrt.jar
file:/root/.sdkman/candidates/java/8.0.333.fx-librca/jre/lib/ext/sunjce_provider.jar
file:/root/.sdkman/candidates/java/8.0.333.fx-librca/jre/lib/ext/nashorn.jar
[MASTER] 06:18:57.071 [logback-1] WARN  JUnitAnalyzer - Found unstable test named initializationError -> class java.lang.RuntimeException: Cannot find either the compilation target folder nor the EvoSuite jar in classpath: /tmp/EvoSuite_pathingJar1236683490983835624.jar
Going to execute: handleTestsThatAreUnstable
* Compiling Tests
[MASTER] 06:18:57.128 [logback-1] WARN  AgentLoader - Failed to find EvoSuite jar in current classloader. URLs of classloader:
file:/root/.sdkman/candidates/java/8.0.333.fx-librca/jre/../lib/tools.jar
file:/root/.sdkman/candidates/java/8.0.333.fx-librca/jre/lib/ext/cldrdata.jar
file:/root/.sdkman/candidates/java/8.0.333.fx-librca/jre/lib/ext/sunec.jar
file:/root/.sdkman/candidates/java/8.0.333.fx-librca/jre/lib/ext/localedata.jar
file:/root/.sdkman/candidates/java/8.0.333.fx-librca/jre/lib/ext/jaccess.jar
file:/tmp/EvoSuite_pathingJar1236683490983835624.jar
file:/root/.sdkman/candidates/java/8.0.333.fx-librca/jre/lib/ext/dnsns.jar
file:/root/.sdkman/candidates/java/8.0.333.fx-librca/jre/lib/ext/sunpkcs11.jar
file:/root/.sdkman/candidates/java/8.0.333.fx-librca/jre/lib/ext/zipfs.jar
file:/root/.sdkman/candidates/java/8.0.333.fx-librca/jre/lib/ext/jfxrt.jar
file:/root/.sdkman/candidates/java/8.0.333.fx-librca/jre/lib/ext/sunjce_provider.jar
file:/root/.sdkman/candidates/java/8.0.333.fx-librca/jre/lib/ext/nashorn.jar
[MASTER] 06:18:57.128 [logback-1] WARN  JUnitAnalyzer - Found unstable test named initializationError -> class java.lang.RuntimeException: Cannot find either the compilation target folder nor the EvoSuite jar in classpath: /tmp/EvoSuite_pathingJar1236683490983835624.jar
Going to execute: handleTestsThatAreUnstable
* Compiling Tests
[MASTER] 06:18:57.220 [logback-1] WARN  AgentLoader - Failed to find EvoSuite jar in current classloader. URLs of classloader:
file:/root/.sdkman/candidates/java/8.0.333.fx-librca/jre/../lib/tools.jar
file:/root/.sdkman/candidates/java/8.0.333.fx-librca/jre/lib/ext/cldrdata.jar
file:/root/.sdkman/candidates/java/8.0.333.fx-librca/jre/lib/ext/sunec.jar
file:/root/.sdkman/candidates/java/8.0.333.fx-librca/jre/lib/ext/localedata.jar
file:/root/.sdkman/candidates/java/8.0.333.fx-librca/jre/lib/ext/jaccess.jar
file:/tmp/EvoSuite_pathingJar1236683490983835624.jar
file:/root/.sdkman/candidates/java/8.0.333.fx-librca/jre/lib/ext/dnsns.jar
file:/root/.sdkman/candidates/java/8.0.333.fx-librca/jre/lib/ext/sunpkcs11.jar
file:/root/.sdkman/candidates/java/8.0.333.fx-librca/jre/lib/ext/zipfs.jar
file:/root/.sdkman/candidates/java/8.0.333.fx-librca/jre/lib/ext/jfxrt.jar
file:/root/.sdkman/candidates/java/8.0.333.fx-librca/jre/lib/ext/sunjce_provider.jar
file:/root/.sdkman/candidates/java/8.0.333.fx-librca/jre/lib/ext/nashorn.jar
[MASTER] 06:18:57.221 [logback-1] WARN  JUnitAnalyzer - Found unstable test named initializationError -> class java.lang.RuntimeException: Cannot find either the compilation target folder nor the EvoSuite jar in classpath: /tmp/EvoSuite_pathingJar1236683490983835624.jar
Going to execute: handleTestsThatAreUnstable
* Compiling Tests
** Write a test suite: 0 called: 0 to improve: false
** Write a test suite: 2 called: 1 to improve: false
[MASTER] 06:18:57.522 [logback-1] WARN  AgentLoader - Failed to find EvoSuite jar in current classloader. URLs of classloader:
file:/root/.sdkman/candidates/java/8.0.333.fx-librca/jre/../lib/tools.jar
file:/root/.sdkman/candidates/java/8.0.333.fx-librca/jre/lib/ext/cldrdata.jar
file:/root/.sdkman/candidates/java/8.0.333.fx-librca/jre/lib/ext/sunec.jar
file:/root/.sdkman/candidates/java/8.0.333.fx-librca/jre/lib/ext/localedata.jar
file:/root/.sdkman/candidates/java/8.0.333.fx-librca/jre/lib/ext/jaccess.jar
file:/tmp/EvoSuite_pathingJar1236683490983835624.jar
file:/root/.sdkman/candidates/java/8.0.333.fx-librca/jre/lib/ext/dnsns.jar
file:/root/.sdkman/candidates/java/8.0.333.fx-librca/jre/lib/ext/sunpkcs11.jar
file:/root/.sdkman/candidates/java/8.0.333.fx-librca/jre/lib/ext/zipfs.jar
file:/root/.sdkman/candidates/java/8.0.333.fx-librca/jre/lib/ext/jfxrt.jar
file:/root/.sdkman/candidates/java/8.0.333.fx-librca/jre/lib/ext/sunjce_provider.jar
file:/root/.sdkman/candidates/java/8.0.333.fx-librca/jre/lib/ext/nashorn.jar
[MASTER] 06:18:57.523 [logback-1] WARN  JUnitAnalyzer - Found unstable test named initializationError -> class java.lang.RuntimeException: Cannot find either the compilation target folder nor the EvoSuite jar in classpath: /tmp/EvoSuite_pathingJar1236683490983835624.jar
Going to execute: handleTestsThatAreUnstable
* Compiling Tests
** Write a test suite: 10 called: 0 to improve: false
** Write a test suite: 12 called: 1 to improve: false
[MASTER] 06:18:57.827 [logback-1] WARN  AgentLoader - Failed to find EvoSuite jar in current classloader. URLs of classloader:
file:/root/.sdkman/candidates/java/8.0.333.fx-librca/jre/../lib/tools.jar
file:/root/.sdkman/candidates/java/8.0.333.fx-librca/jre/lib/ext/cldrdata.jar
file:/root/.sdkman/candidates/java/8.0.333.fx-librca/jre/lib/ext/sunec.jar
file:/root/.sdkman/candidates/java/8.0.333.fx-librca/jre/lib/ext/localedata.jar
file:/root/.sdkman/candidates/java/8.0.333.fx-librca/jre/lib/ext/jaccess.jar
file:/tmp/EvoSuite_pathingJar1236683490983835624.jar
file:/root/.sdkman/candidates/java/8.0.333.fx-librca/jre/lib/ext/dnsns.jar
file:/root/.sdkman/candidates/java/8.0.333.fx-librca/jre/lib/ext/sunpkcs11.jar
file:/root/.sdkman/candidates/java/8.0.333.fx-librca/jre/lib/ext/zipfs.jar
file:/root/.sdkman/candidates/java/8.0.333.fx-librca/jre/lib/ext/jfxrt.jar
file:/root/.sdkman/candidates/java/8.0.333.fx-librca/jre/lib/ext/sunjce_provider.jar
file:/root/.sdkman/candidates/java/8.0.333.fx-librca/jre/lib/ext/nashorn.jar
[MASTER] 06:18:57.829 [logback-1] WARN  JUnitAnalyzer - Found unstable test named initializationError -> class java.lang.RuntimeException: Cannot find either the compilation target folder nor the EvoSuite jar in classpath: /tmp/EvoSuite_pathingJar1236683490983835624.jar
[MASTER] 06:18:58.142 [logback-1] WARN  TimeController - Already entered in phase: INLINING. This will mess up the timing calculations.
* test suite isTestSuite: 13
Test 0: 
RelativeString diff = StringIncrementor.diff("@ ", "@ ");
StringIncrementor.patch("@ ", diff);
Test 1: 
StringIncrementor stringIncrementor = new StringIncrementor();
Test 2: 
// Undeclared exception!
try { 
  StringIncrementor.diff("b8/bK, %F", "de.beiri22.stringincrementor.relativestring.StringLink", true);
  fail("Expecting exception: ArithmeticException");

} catch(ArithmeticException e) {
   //
   // no message in exception (getMessage() returned null)
   //
}

Test 3: 
RelativeString diff = StringIncrementor.diff("`zH~>by>tT<h:jW-AZ", "`zR~>by>tT<h:jW-IZ");
// Undeclared exception!
try { 
  StringIncrementor.patch((String) null, diff);
  fail("Expecting exception: NullPointerException");

} catch(NullPointerException e) {
   //
   // no message in exception (getMessage() returned null)
   //
   verifyException("de.beiri22.stringincrementor.StringIncrementor", e);
}

Test 4: 
StringIncrementor.diff(" absolute chars ", " absolute chars (");
Test 5: 
StringIncrementor.diff("#;P=;1<J`\"wh;*I$4@q", "#;P=;1<J`\"wh;*I$4@q", true);
Test 6: 
RelativeString diff = StringIncrementor.diff("X5wF)kwxGt`+}3d", "X5wF)kwxGt`+}3d", false);
// Undeclared exception!
try { 
  StringIncrementor.patch("#.6U`F}J2CJyk", diff, false);
  fail("Expecting exception: StringIndexOutOfBoundsException");

} catch(StringIndexOutOfBoundsException e) {
}

Test 7: 
RelativeString diff = StringIncrementor.diff("{:QhO3U-#+vv+E_hU", "{:QhO3U-#+vv+E_hU");
StringLink stringLink = new StringLink((-408), (-1502), 704);
diff.addLink(stringLink);
// Undeclared exception!
try { 
  StringIncrementor.patch("{:QhO3U-#+vv+E_hU", diff, true);
  fail("Expecting exception: StringIndexOutOfBoundsException");

} catch(StringIndexOutOfBoundsException e) {
}

Test 8: 
StringIncrementor.diff("/", "X5wF)kwxGt`+}3d", false);
Test 9: 
RelativeString diff = StringIncrementor.diff("]", "+^/T<W@Y=", true);
StringIncrementor.patch("]", diff, true);
Test 10: 
RelativeString diff = StringIncrementor.diff("", "");
StringLink stringLink = new StringLink(462, 462, 462);
diff.addLink(stringLink);
// Undeclared exception!
try { 
  StringIncrementor.patch(" *pVu?-C-D#f&", diff, false);
  fail("Expecting exception: StringIndexOutOfBoundsException");

} catch(StringIndexOutOfBoundsException e) {
}

Test 11: 
RelativeString diff = StringIncrementor.diff("", "", true);
StringIncrementor.patch("", diff, true);
Test 12: 
RelativeString relativeString = new RelativeString((InputStream) null);
StringIncrementor.patch("", relativeString);

* Minimizing test suite
* test suite isTestSuite: 13
Test 0: 
StringIncrementor.diff(" absolute chars ", " absolute chars (");
Test 1: 
RelativeString diff = StringIncrementor.diff("@ ", "@ ");
StringIncrementor.patch("@ ", diff);
Test 2: 
StringIncrementor stringIncrementor = new StringIncrementor();
Test 3: 
StringIncrementor.diff("/", "X5wF)kwxGt`+}3d", false);
Test 4: 
// Undeclared exception!
try { 
  StringIncrementor.diff("b8/bK, %F", "de.beiri22.stringincrementor.relativestring.StringLink", true);
  fail("Expecting exception: ArithmeticException");

} catch(ArithmeticException e) {
   //
   // no message in exception (getMessage() returned null)
   //
}

Test 5: 
RelativeString diff = StringIncrementor.diff("`zH~>by>tT<h:jW-AZ", "`zR~>by>tT<h:jW-IZ");
// Undeclared exception!
try { 
  StringIncrementor.patch((String) null, diff);
  fail("Expecting exception: NullPointerException");

} catch(NullPointerException e) {
   //
   // no message in exception (getMessage() returned null)
   //
   verifyException("de.beiri22.stringincrementor.StringIncrementor", e);
}

Test 6: 
StringIncrementor.diff("#;P=;1<J`\"wh;*I$4@q", "#;P=;1<J`\"wh;*I$4@q", true);
Test 7: 
RelativeString diff = StringIncrementor.diff("X5wF)kwxGt`+}3d", "X5wF)kwxGt`+}3d", false);
// Undeclared exception!
try { 
  StringIncrementor.patch("#.6U`F}J2CJyk", diff, false);
  fail("Expecting exception: StringIndexOutOfBoundsException");

} catch(StringIndexOutOfBoundsException e) {
}

Test 8: 
RelativeString diff = StringIncrementor.diff("{:QhO3U-#+vv+E_hU", "{:QhO3U-#+vv+E_hU");
StringLink stringLink = new StringLink((-408), (-1502), 704);
diff.addLink(stringLink);
// Undeclared exception!
try { 
  StringIncrementor.patch("{:QhO3U-#+vv+E_hU", diff, true);
  fail("Expecting exception: StringIndexOutOfBoundsException");

} catch(StringIndexOutOfBoundsException e) {
}

Test 9: 
RelativeString diff = StringIncrementor.diff("", "", true);
StringIncrementor.patch("", diff, true);
Test 10: 
RelativeString diff = StringIncrementor.diff("", "");
StringLink stringLink = new StringLink(462, 462, 462);
diff.addLink(stringLink);
// Undeclared exception!
try { 
  StringIncrementor.patch(" *pVu?-C-D#f&", diff, false);
  fail("Expecting exception: StringIndexOutOfBoundsException");

} catch(StringIndexOutOfBoundsException e) {
}

Test 11: 
RelativeString relativeString = new RelativeString((InputStream) null);
StringIncrementor.patch("", relativeString);
Test 12: 
RelativeString diff = StringIncrementor.diff("]", "+^/T<W@Y=", true);
StringIncrementor.patch("]", diff, true);

[MASTER] 06:18:58.852 [logback-1] WARN  TimeController - Already entered in phase: MINIMIZATION. This will mess up the timing calculations.
[MASTER] 06:18:58.890 [logback-1] WARN  TimeController - Already entered in phase: COVERAGE_ANALYSIS. This will mess up the timing calculations.
* Going to analyze the coverage criteria
* Coverage analysis for criterion BRANCH
* Coverage of criterion BRANCH: 94%
* Total number of goals: 35
* Number of covered goals: 33
* Coverage analysis for criterion LINE
* Coverage of criterion LINE: 98%
* Total number of goals: 57
* Number of covered goals: 56
* Coverage analysis for criterion OUTPUT
* Coverage of criterion OUTPUT: 60%
* Total number of goals: 20
* Number of covered goals: 12
* Coverage analysis for criterion METHOD
* Coverage of criterion METHOD: 100%
* Total number of goals: 5
* Number of covered goals: 5
* Coverage analysis for criterion CBRANCH
* Coverage of criterion CBRANCH: 83%
* Total number of goals: 35
* Number of covered goals: 29
* Generated 13 tests with total length 25
* Resulting test suite's coverage: 87% (average coverage for all fitness functions)
* Generating assertions
* Resulting test suite's mutation score: 32%
* Compiling and checking tests
[MASTER] 06:19:00.383 [logback-1] WARN  TimeController - Already entered in phase: ASSERTION_GENERATION. This will mess up the timing calculations.
Going to execute: removeTestsThatDoNotCompile
* Compiling Tests
** Write a test suite: 0 called: 0 to improve: false
* Compiling Tests
** Write a test suite: 0 called: 0 to improve: false
* Compiling Tests
** Write a test suite: 0 called: 0 to improve: false
* Compiling Tests
** Write a test suite: 0 called: 0 to improve: false
* Compiling Tests
** Write a test suite: 0 called: 0 to improve: false
* Compiling Tests
** Write a test suite: 0 called: 0 to improve: false
* Compiling Tests
** Write a test suite: 0 called: 0 to improve: false
* Compiling Tests
** Write a test suite: 0 called: 0 to improve: false
* Compiling Tests
** Write a test suite: 0 called: 0 to improve: false
* Compiling Tests
** Write a test suite: 0 called: 0 to improve: false
* Compiling Tests
** Write a test suite: 0 called: 0 to improve: false
* Compiling Tests
** Write a test suite: 0 called: 0 to improve: false
* Compiling Tests
** Write a test suite: 0 called: 0 to improve: false
Going to execute: handleTestsThatAreUnstable
* Compiling Tests
** Write a test suite: 0 called: 0 to improve: false
[MASTER] 06:19:01.031 [logback-1] WARN  AgentLoader - Failed to find EvoSuite jar in current classloader. URLs of classloader:
file:/root/.sdkman/candidates/java/8.0.333.fx-librca/jre/../lib/tools.jar
file:/root/.sdkman/candidates/java/8.0.333.fx-librca/jre/lib/ext/cldrdata.jar
file:/root/.sdkman/candidates/java/8.0.333.fx-librca/jre/lib/ext/sunec.jar
file:/root/.sdkman/candidates/java/8.0.333.fx-librca/jre/lib/ext/localedata.jar
file:/root/.sdkman/candidates/java/8.0.333.fx-librca/jre/lib/ext/jaccess.jar
file:/tmp/EvoSuite_pathingJar1236683490983835624.jar
file:/root/.sdkman/candidates/java/8.0.333.fx-librca/jre/lib/ext/dnsns.jar
file:/root/.sdkman/candidates/java/8.0.333.fx-librca/jre/lib/ext/sunpkcs11.jar
file:/root/.sdkman/candidates/java/8.0.333.fx-librca/jre/lib/ext/zipfs.jar
file:/root/.sdkman/candidates/java/8.0.333.fx-librca/jre/lib/ext/jfxrt.jar
file:/root/.sdkman/candidates/java/8.0.333.fx-librca/jre/lib/ext/sunjce_provider.jar
file:/root/.sdkman/candidates/java/8.0.333.fx-librca/jre/lib/ext/nashorn.jar
[MASTER] 06:19:01.032 [logback-1] WARN  JUnitAnalyzer - Found unstable test named initializationError -> class java.lang.RuntimeException: Cannot find either the compilation target folder nor the EvoSuite jar in classpath: /tmp/EvoSuite_pathingJar1236683490983835624.jar
Going to execute: handleTestsThatAreUnstable
* Compiling Tests
** Write a test suite: 0 called: 0 to improve: false
[MASTER] 06:19:01.069 [logback-1] WARN  AgentLoader - Failed to find EvoSuite jar in current classloader. URLs of classloader:
file:/root/.sdkman/candidates/java/8.0.333.fx-librca/jre/../lib/tools.jar
file:/root/.sdkman/candidates/java/8.0.333.fx-librca/jre/lib/ext/cldrdata.jar
file:/root/.sdkman/candidates/java/8.0.333.fx-librca/jre/lib/ext/sunec.jar
file:/root/.sdkman/candidates/java/8.0.333.fx-librca/jre/lib/ext/localedata.jar
file:/root/.sdkman/candidates/java/8.0.333.fx-librca/jre/lib/ext/jaccess.jar
file:/tmp/EvoSuite_pathingJar1236683490983835624.jar
file:/root/.sdkman/candidates/java/8.0.333.fx-librca/jre/lib/ext/dnsns.jar
file:/root/.sdkman/candidates/java/8.0.333.fx-librca/jre/lib/ext/sunpkcs11.jar
file:/root/.sdkman/candidates/java/8.0.333.fx-librca/jre/lib/ext/zipfs.jar
file:/root/.sdkman/candidates/java/8.0.333.fx-librca/jre/lib/ext/jfxrt.jar
file:/root/.sdkman/candidates/java/8.0.333.fx-librca/jre/lib/ext/sunjce_provider.jar
file:/root/.sdkman/candidates/java/8.0.333.fx-librca/jre/lib/ext/nashorn.jar
[MASTER] 06:19:01.070 [logback-1] WARN  JUnitAnalyzer - Found unstable test named initializationError -> class java.lang.RuntimeException: Cannot find either the compilation target folder nor the EvoSuite jar in classpath: /tmp/EvoSuite_pathingJar1236683490983835624.jar
Going to execute: handleTestsThatAreUnstable
* Compiling Tests
** Write a test suite: 0 called: 0 to improve: false
[MASTER] 06:19:01.106 [logback-1] WARN  AgentLoader - Failed to find EvoSuite jar in current classloader. URLs of classloader:
file:/root/.sdkman/candidates/java/8.0.333.fx-librca/jre/../lib/tools.jar
file:/root/.sdkman/candidates/java/8.0.333.fx-librca/jre/lib/ext/cldrdata.jar
file:/root/.sdkman/candidates/java/8.0.333.fx-librca/jre/lib/ext/sunec.jar
file:/root/.sdkman/candidates/java/8.0.333.fx-librca/jre/lib/ext/localedata.jar
file:/root/.sdkman/candidates/java/8.0.333.fx-librca/jre/lib/ext/jaccess.jar
file:/tmp/EvoSuite_pathingJar1236683490983835624.jar
file:/root/.sdkman/candidates/java/8.0.333.fx-librca/jre/lib/ext/dnsns.jar
file:/root/.sdkman/candidates/java/8.0.333.fx-librca/jre/lib/ext/sunpkcs11.jar
file:/root/.sdkman/candidates/java/8.0.333.fx-librca/jre/lib/ext/zipfs.jar
file:/root/.sdkman/candidates/java/8.0.333.fx-librca/jre/lib/ext/jfxrt.jar
file:/root/.sdkman/candidates/java/8.0.333.fx-librca/jre/lib/ext/sunjce_provider.jar
file:/root/.sdkman/candidates/java/8.0.333.fx-librca/jre/lib/ext/nashorn.jar
[MASTER] 06:19:01.107 [logback-1] WARN  JUnitAnalyzer - Found unstable test named initializationError -> class java.lang.RuntimeException: Cannot find either the compilation target folder nor the EvoSuite jar in classpath: /tmp/EvoSuite_pathingJar1236683490983835624.jar
Going to execute: handleTestsThatAreUnstable
* Compiling Tests
** Write a test suite: 0 called: 0 to improve: false
[MASTER] 06:19:01.147 [logback-1] WARN  AgentLoader - Failed to find EvoSuite jar in current classloader. URLs of classloader:
file:/root/.sdkman/candidates/java/8.0.333.fx-librca/jre/../lib/tools.jar
file:/root/.sdkman/candidates/java/8.0.333.fx-librca/jre/lib/ext/cldrdata.jar
file:/root/.sdkman/candidates/java/8.0.333.fx-librca/jre/lib/ext/sunec.jar
file:/root/.sdkman/candidates/java/8.0.333.fx-librca/jre/lib/ext/localedata.jar
file:/root/.sdkman/candidates/java/8.0.333.fx-librca/jre/lib/ext/jaccess.jar
file:/tmp/EvoSuite_pathingJar1236683490983835624.jar
file:/root/.sdkman/candidates/java/8.0.333.fx-librca/jre/lib/ext/dnsns.jar
file:/root/.sdkman/candidates/java/8.0.333.fx-librca/jre/lib/ext/sunpkcs11.jar
file:/root/.sdkman/candidates/java/8.0.333.fx-librca/jre/lib/ext/zipfs.jar
file:/root/.sdkman/candidates/java/8.0.333.fx-librca/jre/lib/ext/jfxrt.jar
file:/root/.sdkman/candidates/java/8.0.333.fx-librca/jre/lib/ext/sunjce_provider.jar
file:/root/.sdkman/candidates/java/8.0.333.fx-librca/jre/lib/ext/nashorn.jar
[MASTER] 06:19:01.147 [logback-1] WARN  JUnitAnalyzer - Found unstable test named initializationError -> class java.lang.RuntimeException: Cannot find either the compilation target folder nor the EvoSuite jar in classpath: /tmp/EvoSuite_pathingJar1236683490983835624.jar
Going to execute: handleTestsThatAreUnstable
* Compiling Tests
** Write a test suite: 0 called: 0 to improve: false
[MASTER] 06:19:01.186 [logback-1] WARN  AgentLoader - Failed to find EvoSuite jar in current classloader. URLs of classloader:
file:/root/.sdkman/candidates/java/8.0.333.fx-librca/jre/../lib/tools.jar
file:/root/.sdkman/candidates/java/8.0.333.fx-librca/jre/lib/ext/cldrdata.jar
file:/root/.sdkman/candidates/java/8.0.333.fx-librca/jre/lib/ext/sunec.jar
file:/root/.sdkman/candidates/java/8.0.333.fx-librca/jre/lib/ext/localedata.jar
file:/root/.sdkman/candidates/java/8.0.333.fx-librca/jre/lib/ext/jaccess.jar
file:/tmp/EvoSuite_pathingJar1236683490983835624.jar
file:/root/.sdkman/candidates/java/8.0.333.fx-librca/jre/lib/ext/dnsns.jar
file:/root/.sdkman/candidates/java/8.0.333.fx-librca/jre/lib/ext/sunpkcs11.jar
file:/root/.sdkman/candidates/java/8.0.333.fx-librca/jre/lib/ext/zipfs.jar
file:/root/.sdkman/candidates/java/8.0.333.fx-librca/jre/lib/ext/jfxrt.jar
file:/root/.sdkman/candidates/java/8.0.333.fx-librca/jre/lib/ext/sunjce_provider.jar
file:/root/.sdkman/candidates/java/8.0.333.fx-librca/jre/lib/ext/nashorn.jar
[MASTER] 06:19:01.188 [logback-1] WARN  JUnitAnalyzer - Found unstable test named initializationError -> class java.lang.RuntimeException: Cannot find either the compilation target folder nor the EvoSuite jar in classpath: /tmp/EvoSuite_pathingJar1236683490983835624.jar
Going to execute: handleTestsThatAreUnstable
* Compiling Tests
** Write a test suite: 0 called: 0 to improve: false
[MASTER] 06:19:01.230 [logback-1] WARN  AgentLoader - Failed to find EvoSuite jar in current classloader. URLs of classloader:
file:/root/.sdkman/candidates/java/8.0.333.fx-librca/jre/../lib/tools.jar
file:/root/.sdkman/candidates/java/8.0.333.fx-librca/jre/lib/ext/cldrdata.jar
file:/root/.sdkman/candidates/java/8.0.333.fx-librca/jre/lib/ext/sunec.jar
file:/root/.sdkman/candidates/java/8.0.333.fx-librca/jre/lib/ext/localedata.jar
file:/root/.sdkman/candidates/java/8.0.333.fx-librca/jre/lib/ext/jaccess.jar
file:/tmp/EvoSuite_pathingJar1236683490983835624.jar
file:/root/.sdkman/candidates/java/8.0.333.fx-librca/jre/lib/ext/dnsns.jar
file:/root/.sdkman/candidates/java/8.0.333.fx-librca/jre/lib/ext/sunpkcs11.jar
file:/root/.sdkman/candidates/java/8.0.333.fx-librca/jre/lib/ext/zipfs.jar
file:/root/.sdkman/candidates/java/8.0.333.fx-librca/jre/lib/ext/jfxrt.jar
file:/root/.sdkman/candidates/java/8.0.333.fx-librca/jre/lib/ext/sunjce_provider.jar
file:/root/.sdkman/candidates/java/8.0.333.fx-librca/jre/lib/ext/nashorn.jar
[MASTER] 06:19:01.231 [logback-1] WARN  JUnitAnalyzer - Found unstable test named initializationError -> class java.lang.RuntimeException: Cannot find either the compilation target folder nor the EvoSuite jar in classpath: /tmp/EvoSuite_pathingJar1236683490983835624.jar
Going to execute: handleTestsThatAreUnstable
* Compiling Tests
** Write a test suite: 0 called: 0 to improve: false
[MASTER] 06:19:01.270 [logback-1] WARN  AgentLoader - Failed to find EvoSuite jar in current classloader. URLs of classloader:
file:/root/.sdkman/candidates/java/8.0.333.fx-librca/jre/../lib/tools.jar
file:/root/.sdkman/candidates/java/8.0.333.fx-librca/jre/lib/ext/cldrdata.jar
file:/root/.sdkman/candidates/java/8.0.333.fx-librca/jre/lib/ext/sunec.jar
file:/root/.sdkman/candidates/java/8.0.333.fx-librca/jre/lib/ext/localedata.jar
file:/root/.sdkman/candidates/java/8.0.333.fx-librca/jre/lib/ext/jaccess.jar
file:/tmp/EvoSuite_pathingJar1236683490983835624.jar
file:/root/.sdkman/candidates/java/8.0.333.fx-librca/jre/lib/ext/dnsns.jar
file:/root/.sdkman/candidates/java/8.0.333.fx-librca/jre/lib/ext/sunpkcs11.jar
file:/root/.sdkman/candidates/java/8.0.333.fx-librca/jre/lib/ext/zipfs.jar
file:/root/.sdkman/candidates/java/8.0.333.fx-librca/jre/lib/ext/jfxrt.jar
file:/root/.sdkman/candidates/java/8.0.333.fx-librca/jre/lib/ext/sunjce_provider.jar
file:/root/.sdkman/candidates/java/8.0.333.fx-librca/jre/lib/ext/nashorn.jar
[MASTER] 06:19:01.271 [logback-1] WARN  JUnitAnalyzer - Found unstable test named initializationError -> class java.lang.RuntimeException: Cannot find either the compilation target folder nor the EvoSuite jar in classpath: /tmp/EvoSuite_pathingJar1236683490983835624.jar
Going to execute: handleTestsThatAreUnstable
* Compiling Tests
** Write a test suite: 0 called: 0 to improve: false
[MASTER] 06:19:01.331 [logback-1] WARN  AgentLoader - Failed to find EvoSuite jar in current classloader. URLs of classloader:
file:/root/.sdkman/candidates/java/8.0.333.fx-librca/jre/../lib/tools.jar
file:/root/.sdkman/candidates/java/8.0.333.fx-librca/jre/lib/ext/cldrdata.jar
file:/root/.sdkman/candidates/java/8.0.333.fx-librca/jre/lib/ext/sunec.jar
file:/root/.sdkman/candidates/java/8.0.333.fx-librca/jre/lib/ext/localedata.jar
file:/root/.sdkman/candidates/java/8.0.333.fx-librca/jre/lib/ext/jaccess.jar
file:/tmp/EvoSuite_pathingJar1236683490983835624.jar
file:/root/.sdkman/candidates/java/8.0.333.fx-librca/jre/lib/ext/dnsns.jar
file:/root/.sdkman/candidates/java/8.0.333.fx-librca/jre/lib/ext/sunpkcs11.jar
file:/root/.sdkman/candidates/java/8.0.333.fx-librca/jre/lib/ext/zipfs.jar
file:/root/.sdkman/candidates/java/8.0.333.fx-librca/jre/lib/ext/jfxrt.jar
file:/root/.sdkman/candidates/java/8.0.333.fx-librca/jre/lib/ext/sunjce_provider.jar
file:/root/.sdkman/candidates/java/8.0.333.fx-librca/jre/lib/ext/nashorn.jar
[MASTER] 06:19:01.332 [logback-1] WARN  JUnitAnalyzer - Found unstable test named initializationError -> class java.lang.RuntimeException: Cannot find either the compilation target folder nor the EvoSuite jar in classpath: /tmp/EvoSuite_pathingJar1236683490983835624.jar
Going to execute: handleTestsThatAreUnstable
* Compiling Tests
** Write a test suite: 0 called: 0 to improve: false
[MASTER] 06:19:01.395 [logback-1] WARN  AgentLoader - Failed to find EvoSuite jar in current classloader. URLs of classloader:
file:/root/.sdkman/candidates/java/8.0.333.fx-librca/jre/../lib/tools.jar
file:/root/.sdkman/candidates/java/8.0.333.fx-librca/jre/lib/ext/cldrdata.jar
file:/root/.sdkman/candidates/java/8.0.333.fx-librca/jre/lib/ext/sunec.jar
file:/root/.sdkman/candidates/java/8.0.333.fx-librca/jre/lib/ext/localedata.jar
file:/root/.sdkman/candidates/java/8.0.333.fx-librca/jre/lib/ext/jaccess.jar
file:/tmp/EvoSuite_pathingJar1236683490983835624.jar
file:/root/.sdkman/candidates/java/8.0.333.fx-librca/jre/lib/ext/dnsns.jar
file:/root/.sdkman/candidates/java/8.0.333.fx-librca/jre/lib/ext/sunpkcs11.jar
file:/root/.sdkman/candidates/java/8.0.333.fx-librca/jre/lib/ext/zipfs.jar
file:/root/.sdkman/candidates/java/8.0.333.fx-librca/jre/lib/ext/jfxrt.jar
file:/root/.sdkman/candidates/java/8.0.333.fx-librca/jre/lib/ext/sunjce_provider.jar
file:/root/.sdkman/candidates/java/8.0.333.fx-librca/jre/lib/ext/nashorn.jar
[MASTER] 06:19:01.395 [logback-1] WARN  JUnitAnalyzer - Found unstable test named initializationError -> class java.lang.RuntimeException: Cannot find either the compilation target folder nor the EvoSuite jar in classpath: /tmp/EvoSuite_pathingJar1236683490983835624.jar
Going to execute: handleTestsThatAreUnstable
* Compiling Tests
** Write a test suite: 0 called: 0 to improve: false
[MASTER] 06:19:01.435 [logback-1] WARN  AgentLoader - Failed to find EvoSuite jar in current classloader. URLs of classloader:
file:/root/.sdkman/candidates/java/8.0.333.fx-librca/jre/../lib/tools.jar
file:/root/.sdkman/candidates/java/8.0.333.fx-librca/jre/lib/ext/cldrdata.jar
file:/root/.sdkman/candidates/java/8.0.333.fx-librca/jre/lib/ext/sunec.jar
file:/root/.sdkman/candidates/java/8.0.333.fx-librca/jre/lib/ext/localedata.jar
file:/root/.sdkman/candidates/java/8.0.333.fx-librca/jre/lib/ext/jaccess.jar
file:/tmp/EvoSuite_pathingJar1236683490983835624.jar
file:/root/.sdkman/candidates/java/8.0.333.fx-librca/jre/lib/ext/dnsns.jar
file:/root/.sdkman/candidates/java/8.0.333.fx-librca/jre/lib/ext/sunpkcs11.jar
file:/root/.sdkman/candidates/java/8.0.333.fx-librca/jre/lib/ext/zipfs.jar
file:/root/.sdkman/candidates/java/8.0.333.fx-librca/jre/lib/ext/jfxrt.jar
file:/root/.sdkman/candidates/java/8.0.333.fx-librca/jre/lib/ext/sunjce_provider.jar
file:/root/.sdkman/candidates/java/8.0.333.fx-librca/jre/lib/ext/nashorn.jar
[MASTER] 06:19:01.436 [logback-1] WARN  JUnitAnalyzer - Found unstable test named initializationError -> class java.lang.RuntimeException: Cannot find either the compilation target folder nor the EvoSuite jar in classpath: /tmp/EvoSuite_pathingJar1236683490983835624.jar
Going to execute: handleTestsThatAreUnstable
* Compiling Tests
** Write a test suite: 0 called: 0 to improve: false
[MASTER] 06:19:01.521 [logback-1] WARN  AgentLoader - Failed to find EvoSuite jar in current classloader. URLs of classloader:
file:/root/.sdkman/candidates/java/8.0.333.fx-librca/jre/../lib/tools.jar
file:/root/.sdkman/candidates/java/8.0.333.fx-librca/jre/lib/ext/cldrdata.jar
file:/root/.sdkman/candidates/java/8.0.333.fx-librca/jre/lib/ext/sunec.jar
file:/root/.sdkman/candidates/java/8.0.333.fx-librca/jre/lib/ext/localedata.jar
file:/root/.sdkman/candidates/java/8.0.333.fx-librca/jre/lib/ext/jaccess.jar
file:/tmp/EvoSuite_pathingJar1236683490983835624.jar
file:/root/.sdkman/candidates/java/8.0.333.fx-librca/jre/lib/ext/dnsns.jar
file:/root/.sdkman/candidates/java/8.0.333.fx-librca/jre/lib/ext/sunpkcs11.jar
file:/root/.sdkman/candidates/java/8.0.333.fx-librca/jre/lib/ext/zipfs.jar
file:/root/.sdkman/candidates/java/8.0.333.fx-librca/jre/lib/ext/jfxrt.jar
file:/root/.sdkman/candidates/java/8.0.333.fx-librca/jre/lib/ext/sunjce_provider.jar
file:/root/.sdkman/candidates/java/8.0.333.fx-librca/jre/lib/ext/nashorn.jar
[MASTER] 06:19:01.521 [logback-1] WARN  JUnitAnalyzer - Found unstable test named initializationError -> class java.lang.RuntimeException: Cannot find either the compilation target folder nor the EvoSuite jar in classpath: /tmp/EvoSuite_pathingJar1236683490983835624.jar
Going to execute: handleTestsThatAreUnstable
* Compiling Tests
** Write a test suite: 0 called: 0 to improve: false
[MASTER] 06:19:01.578 [logback-1] WARN  AgentLoader - Failed to find EvoSuite jar in current classloader. URLs of classloader:
file:/root/.sdkman/candidates/java/8.0.333.fx-librca/jre/../lib/tools.jar
file:/root/.sdkman/candidates/java/8.0.333.fx-librca/jre/lib/ext/cldrdata.jar
file:/root/.sdkman/candidates/java/8.0.333.fx-librca/jre/lib/ext/sunec.jar
file:/root/.sdkman/candidates/java/8.0.333.fx-librca/jre/lib/ext/localedata.jar
file:/root/.sdkman/candidates/java/8.0.333.fx-librca/jre/lib/ext/jaccess.jar
file:/tmp/EvoSuite_pathingJar1236683490983835624.jar
file:/root/.sdkman/candidates/java/8.0.333.fx-librca/jre/lib/ext/dnsns.jar
file:/root/.sdkman/candidates/java/8.0.333.fx-librca/jre/lib/ext/sunpkcs11.jar
file:/root/.sdkman/candidates/java/8.0.333.fx-librca/jre/lib/ext/zipfs.jar
file:/root/.sdkman/candidates/java/8.0.333.fx-librca/jre/lib/ext/jfxrt.jar
file:/root/.sdkman/candidates/java/8.0.333.fx-librca/jre/lib/ext/sunjce_provider.jar
file:/root/.sdkman/candidates/java/8.0.333.fx-librca/jre/lib/ext/nashorn.jar
[MASTER] 06:19:01.579 [logback-1] WARN  JUnitAnalyzer - Found unstable test named initializationError -> class java.lang.RuntimeException: Cannot find either the compilation target folder nor the EvoSuite jar in classpath: /tmp/EvoSuite_pathingJar1236683490983835624.jar
Going to execute: handleTestsThatAreUnstable
* Compiling Tests
** Write a test suite: 0 called: 0 to improve: false
[MASTER] 06:19:01.650 [logback-1] WARN  AgentLoader - Failed to find EvoSuite jar in current classloader. URLs of classloader:
file:/root/.sdkman/candidates/java/8.0.333.fx-librca/jre/../lib/tools.jar
file:/root/.sdkman/candidates/java/8.0.333.fx-librca/jre/lib/ext/cldrdata.jar
file:/root/.sdkman/candidates/java/8.0.333.fx-librca/jre/lib/ext/sunec.jar
file:/root/.sdkman/candidates/java/8.0.333.fx-librca/jre/lib/ext/localedata.jar
file:/root/.sdkman/candidates/java/8.0.333.fx-librca/jre/lib/ext/jaccess.jar
file:/tmp/EvoSuite_pathingJar1236683490983835624.jar
file:/root/.sdkman/candidates/java/8.0.333.fx-librca/jre/lib/ext/dnsns.jar
file:/root/.sdkman/candidates/java/8.0.333.fx-librca/jre/lib/ext/sunpkcs11.jar
file:/root/.sdkman/candidates/java/8.0.333.fx-librca/jre/lib/ext/zipfs.jar
file:/root/.sdkman/candidates/java/8.0.333.fx-librca/jre/lib/ext/jfxrt.jar
file:/root/.sdkman/candidates/java/8.0.333.fx-librca/jre/lib/ext/sunjce_provider.jar
file:/root/.sdkman/candidates/java/8.0.333.fx-librca/jre/lib/ext/nashorn.jar
[MASTER] 06:19:01.651 [logback-1] WARN  JUnitAnalyzer - Found unstable test named initializationError -> class java.lang.RuntimeException: Cannot find either the compilation target folder nor the EvoSuite jar in classpath: /tmp/EvoSuite_pathingJar1236683490983835624.jar
Going to execute: handleTestsThatAreUnstable
* Compiling Tests
** Write a test suite: 0 called: 0 to improve: false
** Write a test suite: 1 called: 1 to improve: false
** Write a test suite: 2 called: 2 to improve: false
** Write a test suite: 3 called: 3 to improve: false
** Write a test suite: 4 called: 4 to improve: false
** Write a test suite: 5 called: 5 to improve: false
** Write a test suite: 6 called: 6 to improve: false
** Write a test suite: 7 called: 7 to improve: false
** Write a test suite: 8 called: 8 to improve: false
** Write a test suite: 9 called: 9 to improve: false
** Write a test suite: 10 called: 10 to improve: false
** Write a test suite: 11 called: 11 to improve: false
** Write a test suite: 12 called: 12 to improve: false
[MASTER] 06:19:01.890 [logback-1] WARN  AgentLoader - Failed to find EvoSuite jar in current classloader. URLs of classloader:
file:/root/.sdkman/candidates/java/8.0.333.fx-librca/jre/../lib/tools.jar
file:/root/.sdkman/candidates/java/8.0.333.fx-librca/jre/lib/ext/cldrdata.jar
file:/root/.sdkman/candidates/java/8.0.333.fx-librca/jre/lib/ext/sunec.jar
file:/root/.sdkman/candidates/java/8.0.333.fx-librca/jre/lib/ext/localedata.jar
file:/root/.sdkman/candidates/java/8.0.333.fx-librca/jre/lib/ext/jaccess.jar
file:/tmp/EvoSuite_pathingJar1236683490983835624.jar
file:/root/.sdkman/candidates/java/8.0.333.fx-librca/jre/lib/ext/dnsns.jar
file:/root/.sdkman/candidates/java/8.0.333.fx-librca/jre/lib/ext/sunpkcs11.jar
file:/root/.sdkman/candidates/java/8.0.333.fx-librca/jre/lib/ext/zipfs.jar
file:/root/.sdkman/candidates/java/8.0.333.fx-librca/jre/lib/ext/jfxrt.jar
file:/root/.sdkman/candidates/java/8.0.333.fx-librca/jre/lib/ext/sunjce_provider.jar
file:/root/.sdkman/candidates/java/8.0.333.fx-librca/jre/lib/ext/nashorn.jar
[MASTER] 06:19:01.891 [logback-1] WARN  JUnitAnalyzer - Found unstable test named initializationError -> class java.lang.RuntimeException: Cannot find either the compilation target folder nor the EvoSuite jar in classpath: /tmp/EvoSuite_pathingJar1236683490983835624.jar
Going to execute: handleTestsThatAreUnstable
* Compiling Tests
** Write a test suite: 0 called: 0 to improve: false
** Write a test suite: 1 called: 1 to improve: false
** Write a test suite: 2 called: 2 to improve: false
** Write a test suite: 3 called: 3 to improve: false
** Write a test suite: 4 called: 4 to improve: false
** Write a test suite: 5 called: 5 to improve: false
** Write a test suite: 6 called: 6 to improve: false
** Write a test suite: 7 called: 7 to improve: false
** Write a test suite: 8 called: 8 to improve: false
** Write a test suite: 9 called: 9 to improve: false
** Write a test suite: 10 called: 10 to improve: false
** Write a test suite: 11 called: 11 to improve: false
** Write a test suite: 12 called: 12 to improve: false
[MASTER] 06:19:02.181 [logback-1] WARN  AgentLoader - Failed to find EvoSuite jar in current classloader. URLs of classloader:
file:/root/.sdkman/candidates/java/8.0.333.fx-librca/jre/../lib/tools.jar
file:/root/.sdkman/candidates/java/8.0.333.fx-librca/jre/lib/ext/cldrdata.jar
file:/root/.sdkman/candidates/java/8.0.333.fx-librca/jre/lib/ext/sunec.jar
file:/root/.sdkman/candidates/java/8.0.333.fx-librca/jre/lib/ext/localedata.jar
file:/root/.sdkman/candidates/java/8.0.333.fx-librca/jre/lib/ext/jaccess.jar
file:/tmp/EvoSuite_pathingJar1236683490983835624.jar
file:/root/.sdkman/candidates/java/8.0.333.fx-librca/jre/lib/ext/dnsns.jar
file:/root/.sdkman/candidates/java/8.0.333.fx-librca/jre/lib/ext/sunpkcs11.jar
file:/root/.sdkman/candidates/java/8.0.333.fx-librca/jre/lib/ext/zipfs.jar
file:/root/.sdkman/candidates/java/8.0.333.fx-librca/jre/lib/ext/jfxrt.jar
file:/root/.sdkman/candidates/java/8.0.333.fx-librca/jre/lib/ext/sunjce_provider.jar
file:/root/.sdkman/candidates/java/8.0.333.fx-librca/jre/lib/ext/nashorn.jar
[MASTER] 06:19:02.182 [logback-1] WARN  JUnitAnalyzer - Found unstable test named initializationError -> class java.lang.RuntimeException: Cannot find either the compilation target folder nor the EvoSuite jar in classpath: /tmp/EvoSuite_pathingJar1236683490983835624.jar
* Writing tests to file
[MASTER] 06:19:02.183 [logback-1] WARN  TimeController - Already entered in phase: JUNIT_CHECK. This will mess up the timing calculations.
* Writing JUnit test case 'StringIncrementor_ESTest' to evosuite-tests
** Write a test suite: 10 called: 0 to improve: false
** Write a test suite: 12 called: 1 to improve: false
* Writing JUnit test case 'StringIncrementor_Original_ESTest' to evosuite-tests
** Write a test suite: 0 called: 0 to improve: false
** Write a test suite: 1 called: 1 to improve: false
** Write a test suite: 2 called: 2 to improve: false
** Write a test suite: 3 called: 3 to improve: false
** Write a test suite: 4 called: 4 to improve: false
** Write a test suite: 5 called: 5 to improve: false
** Write a test suite: 6 called: 6 to improve: false
** Write a test suite: 7 called: 7 to improve: false
** Write a test suite: 8 called: 8 to improve: false
** Write a test suite: 9 called: 9 to improve: false
** Write a test suite: 10 called: 10 to improve: false
** Write a test suite: 11 called: 11 to improve: false
** Write a test suite: 12 called: 12 to improve: false
* Done!

* Computation finished
