* EvoSuite 1.0.0-SNAPSHOT
* Going to generate test cases for class: de.beiri22.stringincrementor.helper.IndexedString
* Starting Client-0
* Properties loaded from /home/roham/Results-Utestgen/dataset/SF110-new-res/39_diffi/evosuite-files/evosuite.properties
* Connecting to master process on port 19780
* Analyzing classpath: 
* Inheritance tree loaded from evosuite-files/inheritance.xml.gz
* Finished analyzing classpath
* Generating tests for class de.beiri22.stringincrementor.helper.IndexedString
* Test criteria:
  - Branch Coverage
  - Line Coverage
  - Method-Output Coverage
  - Top-Level Method Coverage
  - Context Branch Coverage
* Total number of test goals for DYNAMOSA: 75
* Using seed 1710223177767
[Progress:>                             0%] [Cov:>                                  0%]* Starting evolution
* Initial Number of Goals in DynaMOSA = 24 / 75
[Progress:>                             0%] [Cov:========================>          69%][Progress:>                             1%] [Cov:========================>          69%][Progress:>                             1%] [Cov:========================>          69%][Progress:>                             2%] [Cov:========================>          69%][Progress:>                             3%] [Cov:========================>          69%][Progress:=>                            4%] [Cov:========================>          69%][Progress:=>                            4%] [Cov:========================>          69%][Progress:=>                            5%] [Cov:============================>      80%][Progress:=>                            6%] [Cov:============================>      80%][Progress:=>                            6%] [Cov:============================>      80%][Progress:==>                           7%] [Cov:===============================>   91%][Progress:==>                           8%] [Cov:===============================>   91%][Progress:==>                           9%] [Cov:===============================>   91%][Progress:===>                          10%] [Cov:===============================>   91%][Progress:===>                          11%] [Cov:===============================>   91%][Progress:===>                          12%] [Cov:===============================>   91%][Progress:===>                          13%] [Cov:===============================>   91%][Progress:====>                         14%] [Cov:===============================>   91%][Progress:====>                         16%] [Cov:===============================>   91%][Progress:=====>                        17%] [Cov:================================>  93%][Progress:=====>                        18%] [Cov:================================>  93%][Progress:=====>                        19%] [Cov:================================>  93%][Progress:======>                       20%] [Cov:================================>  93%][Progress:======>                       20%] [Cov:================================>  93%][Progress:======>                       21%] [Cov:================================>  93%][Progress:======>                       22%] [Cov:================================>  93%][Progress:======>                       23%] [Cov:================================>  93%][Progress:=======>                      24%] [Cov:================================>  93%][Progress:=======>                      25%] [Cov:================================>  93%][Progress:=======>                      26%] [Cov:================================>  93%][Progress:=======>                      26%] [Cov:================================>  93%][Progress:========>                     27%] [Cov:================================>  93%][Progress:========>                     28%] [Cov:================================>  93%][Progress:========>                     28%] [Cov:================================>  93%][Progress:========>                     29%] [Cov:================================>  93%][Progress:=========>                    30%] [Cov:================================>  93%][Progress:=========>                    30%] [Cov:================================>  93%][Progress:=========>                    31%] [Cov:================================>  93%][Progress:=========>                    31%] [Cov:================================>  93%][Progress:=========>                    32%] [Cov:================================>  93%][Progress:=========>                    32%] [Cov:================================>  93%][Progress:=========>                    33%] [Cov:================================>  93%][Progress:=========>                    33%] [Cov:================================>  93%][Progress:==========>                   34%] [Cov:================================>  93%][Progress:==========>                   35%] [Cov:================================>  93%][Progress:==========>                   35%] [Cov:================================>  93%][Progress:==========>                   36%] [Cov:================================>  93%][Progress:==========>                   36%] [Cov:================================>  93%][Progress:===========>                  37%] [Cov:================================>  93%][Progress:===========>                  37%] [Cov:================================>  93%][Progress:===========>                  37%] [Cov:================================>  93%][Progress:===========>                  37%] [Cov:===================================100%]
* Search finished after 76s and 51 generations, 39158 statements, best individual has fitness: 0.0
* Generated before the refinement 3 tests with total length 13
statement is: de.beiri22.stringincrementor.helper.IndexedString(Ljava/lang/String;)V type is: class org.evosuite.testcase.statements.ConstructorStatement return type class de.beiri22.stringincrementor.helper.IndexedString
statement code is: IndexedString indexedString = new IndexedString("o%H")
statement is: org.evosuite.testcase.statements.ArrayStatement@ebcf8457 type is: class org.evosuite.testcase.statements.ArrayStatement return type class [C
statement code is: char[] charArray = new char[1]
statement is: org.evosuite.testcase.statements.AssignmentStatement@226d54e9 type is: class org.evosuite.testcase.statements.AssignmentStatement return type char
statement code is: charArray[0] = 'o'
statement is: indexOf([C)I type is: class org.evosuite.testcase.statements.MethodStatement return type int
statement code is: int indexOf = indexedString.indexOf(arg0)
test data is: IndexedString indexedString = new IndexedString("o%H");
char[] charArray = new char[1];
charArray[0] = 'o';
indexedString.indexOf(charArray);

** It was a parseable test case! 
Improved test data is: class DummyClass {
    public static void main() {
        IndexedString indexedString = new IndexedString("o%H");
        char[] charArray = new char[1];
        charArray[0] = 'O';
        int index = indexedString.indexOf(charArray);
        assertEquals(-1, index);
        indexedString = new IndexedString("o%H");
        charArray = new char[2];
        charArray[0] = 'O';
        charArray[1] = 'h';
        index = indexedString.indexOf(charArray);
        assertEquals(1, index);
        indexedString = new IndexedString("o%H");
        charArray = new char[3];
        charArray[0] = 'O';
        charArray[1] = 'h';
        charArray[2] = 'i';
        index = indexedString.indexOf(charArray);
        assertEquals(-1, index);
        indexedString = new IndexedString("o%H");
        charArray = new char[4];
        charArray[0] = 'O';
        charArray[1] = 'h';
        charArray[2] = 'i';
        charArray[3] = 'j';
        index = indexedString.indexOf(charArray);
        assertEquals(-1, index);
    }
}
statement is: IndexedString indexedString = new IndexedString("o%H"), class spoon.support.reflect.code.CtLocalVariableImpl
class spoon.support.reflect.code.CtConstructorCallImpl
statement is: char[] charArray = new char[1], class spoon.support.reflect.code.CtLocalVariableImpl
class spoon.support.reflect.code.CtNewArrayImpl
Dimension: [1] Ct is: char[] charArray = new char[1] isAssignment: false Array: new char[1] Elements: []
lengths: [1] [1]
Their type are: class [C char[]
statement is: charArray[0] = 'O', class spoon.support.reflect.code.CtAssignmentImpl
Assigned : charArray[0] Assigned Type class spoon.support.reflect.code.CtArrayWriteImpl char Assignment:'O' Ct is: charArray[0] = 'O'
target : charArray class spoon.support.reflect.code.CtLiteralImpl
TestCase Could not be added: org.evosuite.testcase.statements.AssignmentStatement@bb42032c
statement is: int index = indexedString.indexOf(charArray), class spoon.support.reflect.code.CtLocalVariableImpl
class spoon.support.reflect.code.CtInvocationImpl
invocation is: indexedString.indexOf(charArray) target is: indexedString method is: indexOf(char[])
source statement: de.beiri22.stringincrementor.helper.IndexedString(Ljava/lang/String;)V callee: VariableReference: Statement 0, type de.beiri22.stringincrementor.helper.IndexedStringindex is: 1
Matched Method is: indexOf([C)I
statement is: assertEquals(-1, index), class spoon.support.reflect.code.CtInvocationImpl
invocation is: assertEquals(-1, index) target is:  method is: assertEquals(int,int)
statement is: indexedString = new IndexedString("o%H"), class spoon.support.reflect.code.CtAssignmentImpl
statement is: charArray = new char[2], class spoon.support.reflect.code.CtAssignmentImpl
statement is: charArray[0] = 'O', class spoon.support.reflect.code.CtAssignmentImpl
Assigned : charArray[0] Assigned Type class spoon.support.reflect.code.CtArrayWriteImpl char Assignment:'O' Ct is: charArray[0] = 'O'
target : charArray class spoon.support.reflect.code.CtLiteralImpl
TestCase Could not be added: org.evosuite.testcase.statements.AssignmentStatement@d34075e4
statement is: charArray[1] = 'h', class spoon.support.reflect.code.CtAssignmentImpl
Assigned : charArray[1] Assigned Type class spoon.support.reflect.code.CtArrayWriteImpl char Assignment:'h' Ct is: charArray[1] = 'h'
target : charArray class spoon.support.reflect.code.CtLiteralImpl
TestCase Could not be added: org.evosuite.testcase.statements.AssignmentStatement@165ee21f
statement is: index = indexedString.indexOf(charArray), class spoon.support.reflect.code.CtAssignmentImpl
statement is: assertEquals(1, index), class spoon.support.reflect.code.CtInvocationImpl
invocation is: assertEquals(1, index) target is:  method is: assertEquals(int,int)
statement is: indexedString = new IndexedString("o%H"), class spoon.support.reflect.code.CtAssignmentImpl
statement is: charArray = new char[3], class spoon.support.reflect.code.CtAssignmentImpl
statement is: charArray[0] = 'O', class spoon.support.reflect.code.CtAssignmentImpl
Assigned : charArray[0] Assigned Type class spoon.support.reflect.code.CtArrayWriteImpl char Assignment:'O' Ct is: charArray[0] = 'O'
target : charArray class spoon.support.reflect.code.CtLiteralImpl
TestCase Could not be added: org.evosuite.testcase.statements.AssignmentStatement@dc4f8724
statement is: charArray[1] = 'h', class spoon.support.reflect.code.CtAssignmentImpl
Assigned : charArray[1] Assigned Type class spoon.support.reflect.code.CtArrayWriteImpl char Assignment:'h' Ct is: charArray[1] = 'h'
target : charArray class spoon.support.reflect.code.CtLiteralImpl
TestCase Could not be added: org.evosuite.testcase.statements.AssignmentStatement@e483a5e7
statement is: charArray[2] = 'i', class spoon.support.reflect.code.CtAssignmentImpl
Assigned : charArray[2] Assigned Type class spoon.support.reflect.code.CtArrayWriteImpl char Assignment:'i' Ct is: charArray[2] = 'i'
target : charArray class spoon.support.reflect.code.CtLiteralImpl
TestCase Could not be added: org.evosuite.testcase.statements.AssignmentStatement@c257fd68
statement is: index = indexedString.indexOf(charArray), class spoon.support.reflect.code.CtAssignmentImpl
statement is: assertEquals(-1, index), class spoon.support.reflect.code.CtInvocationImpl
invocation is: assertEquals(-1, index) target is:  method is: assertEquals(int,int)
statement is: indexedString = new IndexedString("o%H"), class spoon.support.reflect.code.CtAssignmentImpl
statement is: charArray = new char[4], class spoon.support.reflect.code.CtAssignmentImpl
statement is: charArray[0] = 'O', class spoon.support.reflect.code.CtAssignmentImpl
Assigned : charArray[0] Assigned Type class spoon.support.reflect.code.CtArrayWriteImpl char Assignment:'O' Ct is: charArray[0] = 'O'
target : charArray class spoon.support.reflect.code.CtLiteralImpl
TestCase Could not be added: org.evosuite.testcase.statements.AssignmentStatement@eaef6722
statement is: charArray[1] = 'h', class spoon.support.reflect.code.CtAssignmentImpl
Assigned : charArray[1] Assigned Type class spoon.support.reflect.code.CtArrayWriteImpl char Assignment:'h' Ct is: charArray[1] = 'h'
target : charArray class spoon.support.reflect.code.CtLiteralImpl
TestCase Could not be added: org.evosuite.testcase.statements.AssignmentStatement@24a951bd
statement is: charArray[2] = 'i', class spoon.support.reflect.code.CtAssignmentImpl
Assigned : charArray[2] Assigned Type class spoon.support.reflect.code.CtArrayWriteImpl char Assignment:'i' Ct is: charArray[2] = 'i'
target : charArray class spoon.support.reflect.code.CtLiteralImpl
TestCase Could not be added: org.evosuite.testcase.statements.AssignmentStatement@caa961fe
statement is: charArray[3] = 'j', class spoon.support.reflect.code.CtAssignmentImpl
Assigned : charArray[3] Assigned Type class spoon.support.reflect.code.CtArrayWriteImpl char Assignment:'j' Ct is: charArray[3] = 'j'
target : charArray class spoon.support.reflect.code.CtLiteralImpl
TestCase Could not be added: org.evosuite.testcase.statements.AssignmentStatement@bf06d498
statement is: index = indexedString.indexOf(charArray), class spoon.support.reflect.code.CtAssignmentImpl
statement is: assertEquals(-1, index), class spoon.support.reflect.code.CtInvocationImpl
invocation is: assertEquals(-1, index) target is:  method is: assertEquals(int,int)
* this is vulnerable: char _char = 'O'
* this is vulnerable: char _char = 'O'
* this is vulnerable: char _char = 'h'
* this is vulnerable: char _char = 'O'
* this is vulnerable: char _char = 'h'
* this is vulnerable: char _char = 'i'
* this is vulnerable: char _char = 'O'
* this is vulnerable: char _char = 'h'
* this is vulnerable: char _char = 'i'
* this is vulnerable: char _char = 'j'
TestCase is: String string = "o%H";
IndexedString indexedString = new IndexedString(string);
char[] charArray = new char[1];
char _char = 'O';
((IndexedString) string).indexOf(charArray);
char _char = 'O';
char _char = 'h';
char _char = 'O';
char _char = 'h';
char _char = 'i';
char _char = 'O';
char _char = 'h';
char _char = 'i';
char _char = 'j';

statement is: de.beiri22.stringincrementor.helper.IndexedString(Ljava/lang/String;)V type is: class org.evosuite.testcase.statements.ConstructorStatement return type class de.beiri22.stringincrementor.helper.IndexedString
statement code is: IndexedString indexedString = new IndexedString("HQTuTEek?YoHxODP,;")
statement is: org.evosuite.testcase.statements.ArrayStatement@69b68f6d type is: class org.evosuite.testcase.statements.ArrayStatement return type class [C
statement code is: char[] charArray = new char[8]
statement is: org.evosuite.testcase.statements.AssignmentStatement@66edf824 type is: class org.evosuite.testcase.statements.AssignmentStatement return type char
statement code is: charArray[0] = 'H'
statement is: org.evosuite.testcase.statements.AssignmentStatement@c9c8c501 type is: class org.evosuite.testcase.statements.AssignmentStatement return type char
statement code is: charArray[1] = 'Q'
statement is: indexOf([C)I type is: class org.evosuite.testcase.statements.MethodStatement return type int
statement code is: int indexOf = indexedString.indexOf(arg0)
test data is: IndexedString indexedString = new IndexedString("HQTuTEek?YoHxODP,;");
char[] charArray = new char[8];
charArray[0] = 'H';
charArray[1] = 'Q';
indexedString.indexOf(charArray);

** It was a parseable test case! 
Improved test data is: class DummyClass {
    public static void main() {
        IndexedString indexedString = new IndexedString("Happy Quarter-life crisis is upon us!");
        char[] charArray = new char[8];
        charArray[0] = 'h';
        charArray[1] = 'q';
        indexedString.indexOf(charArray);
    }
}
statement is: IndexedString indexedString = new IndexedString("Happy Quarter-life crisis is upon us!"), class spoon.support.reflect.code.CtLocalVariableImpl
class spoon.support.reflect.code.CtConstructorCallImpl
statement is: char[] charArray = new char[8], class spoon.support.reflect.code.CtLocalVariableImpl
class spoon.support.reflect.code.CtNewArrayImpl
Dimension: [8] Ct is: char[] charArray = new char[8] isAssignment: false Array: new char[8] Elements: []
lengths: [8] [8]
Their type are: class [C char[]
statement is: charArray[0] = 'h', class spoon.support.reflect.code.CtAssignmentImpl
Assigned : charArray[0] Assigned Type class spoon.support.reflect.code.CtArrayWriteImpl char Assignment:'h' Ct is: charArray[0] = 'h'
target : charArray class spoon.support.reflect.code.CtLiteralImpl
TestCase Could not be added: org.evosuite.testcase.statements.AssignmentStatement@5b943e7b
statement is: charArray[1] = 'q', class spoon.support.reflect.code.CtAssignmentImpl
Assigned : charArray[1] Assigned Type class spoon.support.reflect.code.CtArrayWriteImpl char Assignment:'q' Ct is: charArray[1] = 'q'
target : charArray class spoon.support.reflect.code.CtLiteralImpl
TestCase Could not be added: org.evosuite.testcase.statements.AssignmentStatement@8f603ea2
statement is: indexedString.indexOf(charArray), class spoon.support.reflect.code.CtInvocationImpl
invocation is: indexedString.indexOf(charArray) target is: indexedString method is: indexOf(char[])
source statement: de.beiri22.stringincrementor.helper.IndexedString(Ljava/lang/String;)V callee: VariableReference: Statement 0, type de.beiri22.stringincrementor.helper.IndexedStringindex is: 1
Matched Method is: indexOf([C)I
* this is vulnerable: char _char = 'h'
* this is vulnerable: char _char = 'q'
TestCase is: String string = "Happy Quarter-life crisis is upon us!";
IndexedString indexedString = new IndexedString(string);
char[] charArray = new char[8];
char _char = 'h';
char _char = 'q';
((IndexedString) string).indexOf(charArray);

statement is: de.beiri22.stringincrementor.helper.IndexedString(Ljava/lang/String;)V type is: class org.evosuite.testcase.statements.ConstructorStatement return type class de.beiri22.stringincrementor.helper.IndexedString
statement code is: IndexedString indexedString = new IndexedString("HQTuTEek?YoHxODP,;")
statement is: org.evosuite.testcase.statements.ArrayStatement@f1379eb7 type is: class org.evosuite.testcase.statements.ArrayStatement return type class [C
statement code is: char[] charArray = new char[1]
statement is: org.evosuite.testcase.statements.AssignmentStatement@f1bda513 type is: class org.evosuite.testcase.statements.AssignmentStatement return type char
statement code is: charArray[0] = 'Q'
statement is: indexOf([C)I type is: class org.evosuite.testcase.statements.MethodStatement return type int
statement code is: int indexOf = indexedString.indexOf(arg0)
test data is: IndexedString indexedString = new IndexedString("HQTuTEek?YoHxODP,;");
char[] charArray = new char[1];
charArray[0] = 'Q';
indexedString.indexOf(charArray);

** It was a parseable test case! 
Improved test data is: class DummyClass {
    public static void main() {
        IndexedString indexedString = new IndexedString("HQTuTEek?YoHxODP,;");
        char[] charArray = new char[1];
        charArray[0] = 'X';// X is not present in the string, so this test should return -1.

        indexedString.indexOf(charArray);
    }
}
statement is: IndexedString indexedString = new IndexedString("HQTuTEek?YoHxODP,;"), class spoon.support.reflect.code.CtLocalVariableImpl
class spoon.support.reflect.code.CtConstructorCallImpl
statement is: char[] charArray = new char[1], class spoon.support.reflect.code.CtLocalVariableImpl
class spoon.support.reflect.code.CtNewArrayImpl
Dimension: [1] Ct is: char[] charArray = new char[1] isAssignment: false Array: new char[1] Elements: []
lengths: [1] [1]
Their type are: class [C char[]
statement is: charArray[0] = 'X'// X is not present in the string, so this test should return -1.
, class spoon.support.reflect.code.CtAssignmentImpl
Assigned : charArray[0] Assigned Type class spoon.support.reflect.code.CtArrayWriteImpl char Assignment:'X' Ct is: charArray[0] = 'X'// X is not present in the string, so this test should return -1.

target : charArray class spoon.support.reflect.code.CtLiteralImpl
TestCase Could not be added: org.evosuite.testcase.statements.AssignmentStatement@5af2b8f7
statement is: indexedString.indexOf(charArray), class spoon.support.reflect.code.CtInvocationImpl
invocation is: indexedString.indexOf(charArray) target is: indexedString method is: indexOf(char[])
source statement: de.beiri22.stringincrementor.helper.IndexedString(Ljava/lang/String;)V callee: VariableReference: Statement 0, type de.beiri22.stringincrementor.helper.IndexedStringindex is: 1
Matched Method is: indexOf([C)I
* this is vulnerable: char _char = 'X'
TestCase is: String string = "HQTuTEek?YoHxODP,;";
IndexedString indexedString = new IndexedString(string);
char[] charArray = new char[1];
char _char = 'X';
((IndexedString) string).indexOf(charArray);

* test suite isTestSuite: 6
Test 0: 
IndexedString indexedString = new IndexedString("o%H");
char[] charArray = new char[1];
charArray[0] = 'o';
indexedString.indexOf(charArray);

Test 1: 
IndexedString indexedString = new IndexedString("HQTuTEek?YoHxODP,;");
char[] charArray = new char[8];
charArray[0] = 'H';
charArray[1] = 'Q';
indexedString.indexOf(charArray);
Test 2: 
IndexedString indexedString = new IndexedString("HQTuTEek?YoHxODP,;");
char[] charArray = new char[1];
charArray[0] = 'Q';
indexedString.indexOf(charArray);
Test 3: 
IndexedString indexedString = new IndexedString("o%H");
char[] charArray = new char[1];
((IndexedString)"o%H").indexOf(charArray);

Test 4: 
IndexedString indexedString = new IndexedString("Happy Quarter-life crisis is upon us!");
char[] charArray = new char[8];
((IndexedString)"Happy Quarter-life crisis is upon us!").indexOf(charArray);

Test 5: 
IndexedString indexedString = new IndexedString("HQTuTEek?YoHxODP,;");
char[] charArray = new char[1];
((IndexedString)"HQTuTEek?YoHxODP,;").indexOf(charArray);


* Generated after the refinement and before minimization 6 tests with total length 22
* test suite isTestSuite: 6
Test 0: 
IndexedString indexedString = new IndexedString("o%H");
char[] charArray = new char[1];
charArray[0] = 'o';
indexedString.indexOf(charArray);

Test 1: 
IndexedString indexedString = new IndexedString("HQTuTEek?YoHxODP,;");
char[] charArray = new char[8];
charArray[0] = 'H';
charArray[1] = 'Q';
indexedString.indexOf(charArray);
Test 2: 
IndexedString indexedString = new IndexedString("HQTuTEek?YoHxODP,;");
char[] charArray = new char[1];
charArray[0] = 'Q';
indexedString.indexOf(charArray);
Test 3: 
IndexedString indexedString = new IndexedString("o%H");
char[] charArray = new char[1];
((IndexedString)"o%H").indexOf(charArray);

Test 4: 
IndexedString indexedString = new IndexedString("Happy Quarter-life crisis is upon us!");
char[] charArray = new char[8];
((IndexedString)"Happy Quarter-life crisis is upon us!").indexOf(charArray);

Test 5: 
IndexedString indexedString = new IndexedString("HQTuTEek?YoHxODP,;");
char[] charArray = new char[1];
((IndexedString)"HQTuTEek?YoHxODP,;").indexOf(charArray);


* Minimizing test suite
* test suite isTestSuite: 3
Test 0: 
IndexedString indexedString = new IndexedString("o%H");
char[] charArray = new char[1];
charArray[0] = 'o';
indexedString.indexOf(charArray);

Test 1: 
IndexedString indexedString = new IndexedString("HQTuTEek?YoHxODP,;");
char[] charArray = new char[8];
charArray[0] = 'H';
charArray[1] = 'Q';
indexedString.indexOf(charArray);
Test 2: 
IndexedString indexedString = new IndexedString("HQTuTEek?YoHxODP,;");
char[] charArray = new char[1];
charArray[0] = 'Q';
indexedString.indexOf(charArray);

* Going to analyze the coverage criteria
* Coverage analysis for criterion BRANCH
* Coverage of criterion BRANCH: 100%
* Total number of goals: 20
* Number of covered goals: 20
* Coverage analysis for criterion LINE
* Coverage of criterion LINE: 100%
* Total number of goals: 30
* Number of covered goals: 30
* Coverage analysis for criterion OUTPUT
* Coverage of criterion OUTPUT: 100%
* Total number of goals: 3
* Number of covered goals: 3
* Coverage analysis for criterion METHOD
* Coverage of criterion METHOD: 100%
* Total number of goals: 2
* Number of covered goals: 2
* Coverage analysis for criterion CBRANCH
* Coverage of criterion CBRANCH: 100%
* Total number of goals: 20
* Number of covered goals: 20
* Generated 3 tests with total length 13
* Resulting test suite's coverage: 100% (average coverage for all fitness functions)
* Generating assertions
* Resulting test suite's mutation score: 53%
* Compiling and checking tests
Going to execute: removeTestsThatDoNotCompile
* Compiling Tests
** Write a test suite: 0 called: 0 to improve: false
* Compiling Tests
** Write a test suite: 0 called: 0 to improve: true
** Improve Understandability: ** Test Code is: IndexedString indexedString = new IndexedString("o%H");
char[] arg0 = new char[1];
arg0[0] = 'o';
int indexOf = indexedString.indexOf(arg0);
assertEquals(0, indexOf);


** It was a parseable test case! 
refined test name is: testFindIndexOfSubstring
* Compiling Tests
** Write a test suite: 0 called: 0 to improve: false
* Compiling Tests
** Write a test suite: 0 called: 0 to improve: true
** Improve Understandability: ** Test Code is: IndexedString indexedString = new IndexedString("HQTuTEek?YoHxODP,;");
char[] arg0 = new char[8];
arg0[0] = 'H';
arg0[1] = 'Q';
int indexOf = indexedString.indexOf(arg0);
assertEquals((-1), indexOf);


** It was a parseable test case! 
refined test name is: testIndexOfNotFound
* Compiling Tests
** Write a test suite: 0 called: 0 to improve: false
* Compiling Tests
** Write a test suite: 0 called: 0 to improve: true
** Improve Understandability: ** Test Code is: IndexedString indexedString = new IndexedString("HQTuTEek?YoHxODP,;");
char[] arg0 = new char[1];
arg0[0] = 'Q';
int indexOf = indexedString.indexOf(arg0);
assertEquals(1, indexOf);


** It was a parseable test case! 
refined test name is: testIndexOfMethodWithSingleCharacterArgument
Going to execute: handleTestsThatAreUnstable
* Compiling Tests
[MASTER] 06:03:55.165 [logback-1] WARN  AgentLoader - Failed to find EvoSuite jar in current classloader. URLs of classloader:
file:/root/.sdkman/candidates/java/8.0.333.fx-librca/jre/../lib/tools.jar
file:/root/.sdkman/candidates/java/8.0.333.fx-librca/jre/lib/ext/cldrdata.jar
file:/root/.sdkman/candidates/java/8.0.333.fx-librca/jre/lib/ext/sunec.jar
file:/root/.sdkman/candidates/java/8.0.333.fx-librca/jre/lib/ext/localedata.jar
file:/root/.sdkman/candidates/java/8.0.333.fx-librca/jre/lib/ext/jaccess.jar
file:/tmp/EvoSuite_pathingJar9127472024866610032.jar
file:/root/.sdkman/candidates/java/8.0.333.fx-librca/jre/lib/ext/dnsns.jar
file:/root/.sdkman/candidates/java/8.0.333.fx-librca/jre/lib/ext/sunpkcs11.jar
file:/root/.sdkman/candidates/java/8.0.333.fx-librca/jre/lib/ext/zipfs.jar
file:/root/.sdkman/candidates/java/8.0.333.fx-librca/jre/lib/ext/jfxrt.jar
file:/root/.sdkman/candidates/java/8.0.333.fx-librca/jre/lib/ext/sunjce_provider.jar
file:/root/.sdkman/candidates/java/8.0.333.fx-librca/jre/lib/ext/nashorn.jar
[MASTER] 06:03:55.188 [logback-1] WARN  JUnitAnalyzer - Found unstable test named initializationError -> class java.lang.RuntimeException: Cannot find either the compilation target folder nor the EvoSuite jar in classpath: /tmp/EvoSuite_pathingJar9127472024866610032.jar
Going to execute: handleTestsThatAreUnstable
* Compiling Tests
[MASTER] 06:03:55.368 [logback-1] WARN  AgentLoader - Failed to find EvoSuite jar in current classloader. URLs of classloader:
file:/root/.sdkman/candidates/java/8.0.333.fx-librca/jre/../lib/tools.jar
file:/root/.sdkman/candidates/java/8.0.333.fx-librca/jre/lib/ext/cldrdata.jar
file:/root/.sdkman/candidates/java/8.0.333.fx-librca/jre/lib/ext/sunec.jar
file:/root/.sdkman/candidates/java/8.0.333.fx-librca/jre/lib/ext/localedata.jar
file:/root/.sdkman/candidates/java/8.0.333.fx-librca/jre/lib/ext/jaccess.jar
file:/tmp/EvoSuite_pathingJar9127472024866610032.jar
file:/root/.sdkman/candidates/java/8.0.333.fx-librca/jre/lib/ext/dnsns.jar
file:/root/.sdkman/candidates/java/8.0.333.fx-librca/jre/lib/ext/sunpkcs11.jar
file:/root/.sdkman/candidates/java/8.0.333.fx-librca/jre/lib/ext/zipfs.jar
file:/root/.sdkman/candidates/java/8.0.333.fx-librca/jre/lib/ext/jfxrt.jar
file:/root/.sdkman/candidates/java/8.0.333.fx-librca/jre/lib/ext/sunjce_provider.jar
file:/root/.sdkman/candidates/java/8.0.333.fx-librca/jre/lib/ext/nashorn.jar
Going to execute: handleTestsThatAreUnstable
* Compiling Tests
[MASTER] 06:03:55.370 [logback-1] WARN  JUnitAnalyzer - Found unstable test named initializationError -> class java.lang.RuntimeException: Cannot find either the compilation target folder nor the EvoSuite jar in classpath: /tmp/EvoSuite_pathingJar9127472024866610032.jar
[MASTER] 06:03:55.580 [logback-1] WARN  AgentLoader - Failed to find EvoSuite jar in current classloader. URLs of classloader:
file:/root/.sdkman/candidates/java/8.0.333.fx-librca/jre/../lib/tools.jar
file:/root/.sdkman/candidates/java/8.0.333.fx-librca/jre/lib/ext/cldrdata.jar
file:/root/.sdkman/candidates/java/8.0.333.fx-librca/jre/lib/ext/sunec.jar
file:/root/.sdkman/candidates/java/8.0.333.fx-librca/jre/lib/ext/localedata.jar
file:/root/.sdkman/candidates/java/8.0.333.fx-librca/jre/lib/ext/jaccess.jar
file:/tmp/EvoSuite_pathingJar9127472024866610032.jar
file:/root/.sdkman/candidates/java/8.0.333.fx-librca/jre/lib/ext/dnsns.jar
file:/root/.sdkman/candidates/java/8.0.333.fx-librca/jre/lib/ext/sunpkcs11.jar
file:/root/.sdkman/candidates/java/8.0.333.fx-librca/jre/lib/ext/zipfs.jar
file:/root/.sdkman/candidates/java/8.0.333.fx-librca/jre/lib/ext/jfxrt.jar
file:/root/.sdkman/candidates/java/8.0.333.fx-librca/jre/lib/ext/sunjce_provider.jar
file:/root/.sdkman/candidates/java/8.0.333.fx-librca/jre/lib/ext/nashorn.jar
[MASTER] 06:03:55.581 [logback-1] WARN  JUnitAnalyzer - Found unstable test named initializationError -> class java.lang.RuntimeException: Cannot find either the compilation target folder nor the EvoSuite jar in classpath: /tmp/EvoSuite_pathingJar9127472024866610032.jar
Going to execute: handleTestsThatAreUnstable
* Compiling Tests
[MASTER] 06:03:56.070 [logback-1] WARN  AgentLoader - Failed to find EvoSuite jar in current classloader. URLs of classloader:
file:/root/.sdkman/candidates/java/8.0.333.fx-librca/jre/../lib/tools.jar
file:/root/.sdkman/candidates/java/8.0.333.fx-librca/jre/lib/ext/cldrdata.jar
file:/root/.sdkman/candidates/java/8.0.333.fx-librca/jre/lib/ext/sunec.jar
file:/root/.sdkman/candidates/java/8.0.333.fx-librca/jre/lib/ext/localedata.jar
file:/root/.sdkman/candidates/java/8.0.333.fx-librca/jre/lib/ext/jaccess.jar
file:/tmp/EvoSuite_pathingJar9127472024866610032.jar
file:/root/.sdkman/candidates/java/8.0.333.fx-librca/jre/lib/ext/dnsns.jar
file:/root/.sdkman/candidates/java/8.0.333.fx-librca/jre/lib/ext/sunpkcs11.jar
file:/root/.sdkman/candidates/java/8.0.333.fx-librca/jre/lib/ext/zipfs.jar
file:/root/.sdkman/candidates/java/8.0.333.fx-librca/jre/lib/ext/jfxrt.jar
file:/root/.sdkman/candidates/java/8.0.333.fx-librca/jre/lib/ext/sunjce_provider.jar
file:/root/.sdkman/candidates/java/8.0.333.fx-librca/jre/lib/ext/nashorn.jar
[MASTER] 06:03:56.070 [logback-1] WARN  JUnitAnalyzer - Found unstable test named initializationError -> class java.lang.RuntimeException: Cannot find either the compilation target folder nor the EvoSuite jar in classpath: /tmp/EvoSuite_pathingJar9127472024866610032.jar
Going to execute: handleTestsThatAreUnstable
* Compiling Tests
[MASTER] 06:03:56.610 [logback-1] WARN  AgentLoader - Failed to find EvoSuite jar in current classloader. URLs of classloader:
file:/root/.sdkman/candidates/java/8.0.333.fx-librca/jre/../lib/tools.jar
file:/root/.sdkman/candidates/java/8.0.333.fx-librca/jre/lib/ext/cldrdata.jar
file:/root/.sdkman/candidates/java/8.0.333.fx-librca/jre/lib/ext/sunec.jar
file:/root/.sdkman/candidates/java/8.0.333.fx-librca/jre/lib/ext/localedata.jar
file:/root/.sdkman/candidates/java/8.0.333.fx-librca/jre/lib/ext/jaccess.jar
file:/tmp/EvoSuite_pathingJar9127472024866610032.jar
file:/root/.sdkman/candidates/java/8.0.333.fx-librca/jre/lib/ext/dnsns.jar
file:/root/.sdkman/candidates/java/8.0.333.fx-librca/jre/lib/ext/sunpkcs11.jar
file:/root/.sdkman/candidates/java/8.0.333.fx-librca/jre/lib/ext/zipfs.jar
file:/root/.sdkman/candidates/java/8.0.333.fx-librca/jre/lib/ext/jfxrt.jar
file:/root/.sdkman/candidates/java/8.0.333.fx-librca/jre/lib/ext/sunjce_provider.jar
file:/root/.sdkman/candidates/java/8.0.333.fx-librca/jre/lib/ext/nashorn.jar
[MASTER] 06:03:56.613 [logback-1] WARN  JUnitAnalyzer - Found unstable test named initializationError -> class java.lang.RuntimeException: Cannot find either the compilation target folder nor the EvoSuite jar in classpath: /tmp/EvoSuite_pathingJar9127472024866610032.jar
[MASTER] 06:03:56.947 [logback-1] WARN  TimeController - Already entered in phase: INLINING. This will mess up the timing calculations.
* test suite isTestSuite: 3
Test 0: 
IndexedString indexedString = new IndexedString("o%H");
char[] charArray = new char[1];
charArray[0] = 'o';
indexedString.indexOf(charArray);

Test 1: 
IndexedString indexedString = new IndexedString("HQTuTEek?YoHxODP,;");
char[] charArray = new char[8];
charArray[0] = 'H';
charArray[1] = 'Q';
indexedString.indexOf(charArray);
Test 2: 
IndexedString indexedString = new IndexedString("HQTuTEek?YoHxODP,;");
char[] charArray = new char[1];
charArray[0] = 'Q';
indexedString.indexOf(charArray);

* Minimizing test suite
* test suite isTestSuite: 3
Test 0: 
IndexedString indexedString = new IndexedString("o%H");
char[] charArray = new char[1];
charArray[0] = 'o';
indexedString.indexOf(charArray);

Test 1: 
IndexedString indexedString = new IndexedString("HQTuTEek?YoHxODP,;");
char[] charArray = new char[8];
charArray[0] = 'H';
charArray[1] = 'Q';
indexedString.indexOf(charArray);
Test 2: 
IndexedString indexedString = new IndexedString("HQTuTEek?YoHxODP,;");
char[] charArray = new char[1];
charArray[0] = 'Q';
indexedString.indexOf(charArray);

[MASTER] 06:04:02.588 [logback-1] WARN  TimeController - Already entered in phase: MINIMIZATION. This will mess up the timing calculations.
* Going to analyze the coverage criteria
* Coverage analysis for criterion BRANCH
* Coverage of criterion BRANCH: 100%
* Total number of goals: 20
* Number of covered goals: 20
* Coverage analysis for criterion LINE
* Coverage of criterion LINE: 100%
* Total number of goals: 30
* Number of covered goals: 30
* Coverage analysis for criterion OUTPUT
* Coverage of criterion OUTPUT: 100%
* Total number of goals: 3
* Number of covered goals: 3
* Coverage analysis for criterion METHOD
* Coverage of criterion METHOD: 100%
* Total number of goals: 2
* Number of covered goals: 2
* Coverage analysis for criterion CBRANCH
* Coverage of criterion CBRANCH: 100%
* Total number of goals: 20
* Number of covered goals: 20
* Generated 3 tests with total length 13
* Resulting test suite's coverage: 100% (average coverage for all fitness functions)
* Generating assertions
[MASTER] 06:04:02.666 [logback-1] WARN  TimeController - Already entered in phase: COVERAGE_ANALYSIS. This will mess up the timing calculations.
* Resulting test suite's mutation score: 49%
* Compiling and checking tests
[MASTER] 06:04:12.406 [logback-1] WARN  TimeController - Already entered in phase: ASSERTION_GENERATION. This will mess up the timing calculations.
Going to execute: removeTestsThatDoNotCompile
* Compiling Tests
** Write a test suite: 0 called: 0 to improve: false
* Compiling Tests
** Write a test suite: 0 called: 0 to improve: false
* Compiling Tests
** Write a test suite: 0 called: 0 to improve: false
Going to execute: handleTestsThatAreUnstable
* Compiling Tests
** Write a test suite: 0 called: 0 to improve: false
[MASTER] 06:04:13.018 [logback-1] WARN  AgentLoader - Failed to find EvoSuite jar in current classloader. URLs of classloader:
file:/root/.sdkman/candidates/java/8.0.333.fx-librca/jre/../lib/tools.jar
file:/root/.sdkman/candidates/java/8.0.333.fx-librca/jre/lib/ext/cldrdata.jar
file:/root/.sdkman/candidates/java/8.0.333.fx-librca/jre/lib/ext/sunec.jar
file:/root/.sdkman/candidates/java/8.0.333.fx-librca/jre/lib/ext/localedata.jar
file:/root/.sdkman/candidates/java/8.0.333.fx-librca/jre/lib/ext/jaccess.jar
file:/tmp/EvoSuite_pathingJar9127472024866610032.jar
file:/root/.sdkman/candidates/java/8.0.333.fx-librca/jre/lib/ext/dnsns.jar
file:/root/.sdkman/candidates/java/8.0.333.fx-librca/jre/lib/ext/sunpkcs11.jar
file:/root/.sdkman/candidates/java/8.0.333.fx-librca/jre/lib/ext/zipfs.jar
file:/root/.sdkman/candidates/java/8.0.333.fx-librca/jre/lib/ext/jfxrt.jar
file:/root/.sdkman/candidates/java/8.0.333.fx-librca/jre/lib/ext/sunjce_provider.jar
file:/root/.sdkman/candidates/java/8.0.333.fx-librca/jre/lib/ext/nashorn.jar
[MASTER] 06:04:13.020 [logback-1] WARN  JUnitAnalyzer - Found unstable test named initializationError -> class java.lang.RuntimeException: Cannot find either the compilation target folder nor the EvoSuite jar in classpath: /tmp/EvoSuite_pathingJar9127472024866610032.jar
Going to execute: handleTestsThatAreUnstable
* Compiling Tests
** Write a test suite: 0 called: 0 to improve: false
[MASTER] 06:04:13.231 [logback-1] WARN  AgentLoader - Failed to find EvoSuite jar in current classloader. URLs of classloader:
file:/root/.sdkman/candidates/java/8.0.333.fx-librca/jre/../lib/tools.jar
file:/root/.sdkman/candidates/java/8.0.333.fx-librca/jre/lib/ext/cldrdata.jar
file:/root/.sdkman/candidates/java/8.0.333.fx-librca/jre/lib/ext/sunec.jar
file:/root/.sdkman/candidates/java/8.0.333.fx-librca/jre/lib/ext/localedata.jar
file:/root/.sdkman/candidates/java/8.0.333.fx-librca/jre/lib/ext/jaccess.jar
file:/tmp/EvoSuite_pathingJar9127472024866610032.jar
file:/root/.sdkman/candidates/java/8.0.333.fx-librca/jre/lib/ext/dnsns.jar
file:/root/.sdkman/candidates/java/8.0.333.fx-librca/jre/lib/ext/sunpkcs11.jar
file:/root/.sdkman/candidates/java/8.0.333.fx-librca/jre/lib/ext/zipfs.jar
file:/root/.sdkman/candidates/java/8.0.333.fx-librca/jre/lib/ext/jfxrt.jar
file:/root/.sdkman/candidates/java/8.0.333.fx-librca/jre/lib/ext/sunjce_provider.jar
file:/root/.sdkman/candidates/java/8.0.333.fx-librca/jre/lib/ext/nashorn.jar
[MASTER] 06:04:13.232 [logback-1] WARN  JUnitAnalyzer - Found unstable test named initializationError -> class java.lang.RuntimeException: Cannot find either the compilation target folder nor the EvoSuite jar in classpath: /tmp/EvoSuite_pathingJar9127472024866610032.jar
Going to execute: handleTestsThatAreUnstable
* Compiling Tests
** Write a test suite: 0 called: 0 to improve: false
[MASTER] 06:04:13.392 [logback-1] WARN  AgentLoader - Failed to find EvoSuite jar in current classloader. URLs of classloader:
file:/root/.sdkman/candidates/java/8.0.333.fx-librca/jre/../lib/tools.jar
file:/root/.sdkman/candidates/java/8.0.333.fx-librca/jre/lib/ext/cldrdata.jar
file:/root/.sdkman/candidates/java/8.0.333.fx-librca/jre/lib/ext/sunec.jar
file:/root/.sdkman/candidates/java/8.0.333.fx-librca/jre/lib/ext/localedata.jar
file:/root/.sdkman/candidates/java/8.0.333.fx-librca/jre/lib/ext/jaccess.jar
file:/tmp/EvoSuite_pathingJar9127472024866610032.jar
file:/root/.sdkman/candidates/java/8.0.333.fx-librca/jre/lib/ext/dnsns.jar
file:/root/.sdkman/candidates/java/8.0.333.fx-librca/jre/lib/ext/sunpkcs11.jar
file:/root/.sdkman/candidates/java/8.0.333.fx-librca/jre/lib/ext/zipfs.jar
file:/root/.sdkman/candidates/java/8.0.333.fx-librca/jre/lib/ext/jfxrt.jar
file:/root/.sdkman/candidates/java/8.0.333.fx-librca/jre/lib/ext/sunjce_provider.jar
file:/root/.sdkman/candidates/java/8.0.333.fx-librca/jre/lib/ext/nashorn.jar
[MASTER] 06:04:13.393 [logback-1] WARN  JUnitAnalyzer - Found unstable test named initializationError -> class java.lang.RuntimeException: Cannot find either the compilation target folder nor the EvoSuite jar in classpath: /tmp/EvoSuite_pathingJar9127472024866610032.jar
Going to execute: handleTestsThatAreUnstable
* Compiling Tests
** Write a test suite: 0 called: 0 to improve: false
** Write a test suite: 1 called: 1 to improve: false
** Write a test suite: 2 called: 2 to improve: false
[MASTER] 06:04:13.723 [logback-1] WARN  AgentLoader - Failed to find EvoSuite jar in current classloader. URLs of classloader:
file:/root/.sdkman/candidates/java/8.0.333.fx-librca/jre/../lib/tools.jar
file:/root/.sdkman/candidates/java/8.0.333.fx-librca/jre/lib/ext/cldrdata.jar
file:/root/.sdkman/candidates/java/8.0.333.fx-librca/jre/lib/ext/sunec.jar
file:/root/.sdkman/candidates/java/8.0.333.fx-librca/jre/lib/ext/localedata.jar
file:/root/.sdkman/candidates/java/8.0.333.fx-librca/jre/lib/ext/jaccess.jar
file:/tmp/EvoSuite_pathingJar9127472024866610032.jar
file:/root/.sdkman/candidates/java/8.0.333.fx-librca/jre/lib/ext/dnsns.jar
file:/root/.sdkman/candidates/java/8.0.333.fx-librca/jre/lib/ext/sunpkcs11.jar
file:/root/.sdkman/candidates/java/8.0.333.fx-librca/jre/lib/ext/zipfs.jar
file:/root/.sdkman/candidates/java/8.0.333.fx-librca/jre/lib/ext/jfxrt.jar
file:/root/.sdkman/candidates/java/8.0.333.fx-librca/jre/lib/ext/sunjce_provider.jar
file:/root/.sdkman/candidates/java/8.0.333.fx-librca/jre/lib/ext/nashorn.jar
[MASTER] 06:04:13.730 [logback-1] WARN  JUnitAnalyzer - Found unstable test named initializationError -> class java.lang.RuntimeException: Cannot find either the compilation target folder nor the EvoSuite jar in classpath: /tmp/EvoSuite_pathingJar9127472024866610032.jar
Going to execute: handleTestsThatAreUnstable
* Compiling Tests
** Write a test suite: 0 called: 0 to improve: false
** Write a test suite: 1 called: 1 to improve: false
** Write a test suite: 2 called: 2 to improve: false
[MASTER] 06:04:13.966 [logback-1] WARN  AgentLoader - Failed to find EvoSuite jar in current classloader. URLs of classloader:
file:/root/.sdkman/candidates/java/8.0.333.fx-librca/jre/../lib/tools.jar
file:/root/.sdkman/candidates/java/8.0.333.fx-librca/jre/lib/ext/cldrdata.jar
file:/root/.sdkman/candidates/java/8.0.333.fx-librca/jre/lib/ext/sunec.jar
file:/root/.sdkman/candidates/java/8.0.333.fx-librca/jre/lib/ext/localedata.jar
file:/root/.sdkman/candidates/java/8.0.333.fx-librca/jre/lib/ext/jaccess.jar
file:/tmp/EvoSuite_pathingJar9127472024866610032.jar
file:/root/.sdkman/candidates/java/8.0.333.fx-librca/jre/lib/ext/dnsns.jar
file:/root/.sdkman/candidates/java/8.0.333.fx-librca/jre/lib/ext/sunpkcs11.jar
file:/root/.sdkman/candidates/java/8.0.333.fx-librca/jre/lib/ext/zipfs.jar
file:/root/.sdkman/candidates/java/8.0.333.fx-librca/jre/lib/ext/jfxrt.jar
file:/root/.sdkman/candidates/java/8.0.333.fx-librca/jre/lib/ext/sunjce_provider.jar
file:/root/.sdkman/candidates/java/8.0.333.fx-librca/jre/lib/ext/nashorn.jar
[MASTER] 06:04:13.967 [logback-1] WARN  JUnitAnalyzer - Found unstable test named initializationError -> class java.lang.RuntimeException: Cannot find either the compilation target folder nor the EvoSuite jar in classpath: /tmp/EvoSuite_pathingJar9127472024866610032.jar
* Writing tests to file
[MASTER] 06:04:13.968 [logback-1] WARN  TimeController - Already entered in phase: JUNIT_CHECK. This will mess up the timing calculations.
* Writing JUnit test case 'IndexedString_ESTest' to evosuite-tests
* Writing JUnit test case 'IndexedString_Original_ESTest' to evosuite-tests
** Write a test suite: 0 called: 0 to improve: false
** Write a test suite: 1 called: 1 to improve: false
** Write a test suite: 2 called: 2 to improve: false
* Done!

* Computation finished
