* EvoSuite 1.0.0-SNAPSHOT
* Going to generate test cases for class: de.beiri22.stringincrementor.helper.IndexedString
* Starting Client-0
* Properties loaded from /home/roham/Results-Utestgen/dataset/SF110-new-res/39_diffi/evosuite-files/evosuite.properties
* Connecting to master process on port 2566
* Analyzing classpath: 
* Inheritance tree loaded from evosuite-files/inheritance.xml.gz
* Finished analyzing classpath
* Generating tests for class de.beiri22.stringincrementor.helper.IndexedString
* Test criteria:
  - Branch Coverage
  - Line Coverage
  - Method-Output Coverage
  - Top-Level Method Coverage
  - Context Branch Coverage
* Total number of test goals for DYNAMOSA: 75
* Using seed 1710210502883
[Progress:>                             0%] [Cov:>                                  0%]* Starting evolution
* Initial Number of Goals in DynaMOSA = 24 / 75
[Progress:>                             1%] [Cov:=============================>     83%][Progress:>                             3%] [Cov:=============================>     85%][Progress:=>                            4%] [Cov:===============================>   91%][Progress:=>                            6%] [Cov:===============================>   91%][Progress:==>                           8%] [Cov:===============================>   91%][Progress:===>                          10%] [Cov:===============================>   91%][Progress:===>                          12%] [Cov:===============================>   91%][Progress:===>                          13%] [Cov:===============================>   91%][Progress:====>                         14%] [Cov:===============================>   91%][Progress:====>                         16%] [Cov:===============================>   91%][Progress:=====>                        17%] [Cov:===============================>   91%][Progress:=====>                        19%] [Cov:===============================>   91%][Progress:======>                       20%] [Cov:===============================>   91%][Progress:======>                       22%] [Cov:===============================>   91%][Progress:=======>                      24%] [Cov:===============================>   91%][Progress:========>                     27%] [Cov:===============================>   91%][Progress:========>                     29%] [Cov:==================================>98%][Progress:=========>                    31%] [Cov:==================================>98%][Progress:==========>                   34%] [Cov:==================================>98%][Progress:===========>                  37%] [Cov:==================================>98%][Progress:============>                 40%] [Cov:==================================>98%][Progress:============>                 42%] [Cov:==================================>98%][Progress:=============>                45%] [Cov:==================================>98%][Progress:==============>               47%] [Cov:==================================>98%][Progress:==============>               49%] [Cov:==================================>98%][Progress:===============>              51%] [Cov:==================================>98%][Progress:===============>              53%] [Cov:==================================>98%][Progress:================>             55%] [Cov:==================================>98%][Progress:=================>            58%] [Cov:==================================>98%][Progress:==================>           60%] [Cov:==================================>98%][Progress:==================>           62%] [Cov:==================================>98%][Progress:===================>          65%] [Cov:==================================>98%][Progress:====================>         67%] [Cov:==================================>98%][Progress:====================>         69%] [Cov:==================================>98%][Progress:=====================>        71%] [Cov:==================================>98%][Progress:=====================>        73%] [Cov:==================================>98%][Progress:======================>       75%] [Cov:==================================>98%][Progress:=======================>      77%] [Cov:==================================>98%][Progress:========================>     80%] [Cov:==================================>98%][Progress:========================>     82%] [Cov:==================================>98%][Progress:========================>     83%] [Cov:==================================>98%][Progress:=========================>    85%] [Cov:==================================>98%][Progress:==========================>   87%] [Cov:==================================>98%][Progress:==========================>   89%] [Cov:==================================>98%][Progress:===========================>  92%] [Cov:==================================>98%][Progress:===========================>  93%] [Cov:==================================>98%][Progress:============================> 95%] [Cov:==================================>98%][Progress:=============================>97%] [Cov:==================================>98%][Progress:=============================>99%] [Cov:==================================>98%][Progress:==============================100%] [Cov:==================================>98%]
* Search finished after 101s and 49 generations, 35875 statements, best individual has fitness: 2.0
* Generated before the refinement 4 tests with total length 16
statement is: de.beiri22.stringincrementor.helper.IndexedString(Ljava/lang/String;)V type is: class org.evosuite.testcase.statements.ConstructorStatement return type class de.beiri22.stringincrementor.helper.IndexedString
statement code is: IndexedString indexedString = new IndexedString("3p_y)CWsCQ97hd9Y")
statement is: org.evosuite.testcase.statements.ArrayStatement@59168e96 type is: class org.evosuite.testcase.statements.ArrayStatement return type class [C
statement code is: char[] charArray = new char[3]
statement is: org.evosuite.testcase.statements.AssignmentStatement@3e16b9cf type is: class org.evosuite.testcase.statements.AssignmentStatement return type char
statement code is: charArray[0] = '3'
statement is: indexOf([C)I type is: class org.evosuite.testcase.statements.MethodStatement return type int
statement code is: int indexOf = indexedString.indexOf(arg0)
test data is: IndexedString indexedString = new IndexedString("3p_y)CWsCQ97hd9Y");
char[] charArray = new char[3];
charArray[0] = '3';
indexedString.indexOf(charArray);

** It was a parseable test case! 
Improved test data is: class DummyClass {
    public static void main() {
        IndexedString indexedString = new IndexedString("aaaaa");
        char[] charArray = new char[3];
        charArray[0] = 's';
        indexedString.indexOf(charArray);
    }
}
statement is: IndexedString indexedString = new IndexedString("aaaaa"), class spoon.support.reflect.code.CtLocalVariableImpl
class spoon.support.reflect.code.CtConstructorCallImpl
statement is: char[] charArray = new char[3], class spoon.support.reflect.code.CtLocalVariableImpl
class spoon.support.reflect.code.CtNewArrayImpl
Dimension: [3] Ct is: char[] charArray = new char[3] isAssignment: false Array: new char[3] Elements: []
lengths: [3] [3]
Their type are: class [C char[]
statement is: charArray[0] = 's', class spoon.support.reflect.code.CtAssignmentImpl
Assigned : charArray[0] Assigned Type class spoon.support.reflect.code.CtArrayWriteImpl char Assignment:'s' Ct is: charArray[0] = 's'
target : charArray class spoon.support.reflect.code.CtLiteralImpl
TestCase Could not be added: org.evosuite.testcase.statements.AssignmentStatement@87bff3ec
statement is: indexedString.indexOf(charArray), class spoon.support.reflect.code.CtInvocationImpl
invocation is: indexedString.indexOf(charArray) target is: indexedString method is: indexOf(char[])
source statement: de.beiri22.stringincrementor.helper.IndexedString(Ljava/lang/String;)V callee: VariableReference: Statement 0, type de.beiri22.stringincrementor.helper.IndexedStringindex is: 1
Matched Method is: indexOf([C)I
* this is vulnerable: char _char = 's'
TestCase is: String string = "aaaaa";
IndexedString indexedString = new IndexedString(string);
char[] charArray = new char[3];
char _char = 's';
((IndexedString) string).indexOf(charArray);

statement is: de.beiri22.stringincrementor.helper.IndexedString(Ljava/lang/String;)V type is: class org.evosuite.testcase.statements.ConstructorStatement return type class de.beiri22.stringincrementor.helper.IndexedString
statement code is: IndexedString indexedString = new IndexedString("O(BopPR!>+/>]")
statement is: org.evosuite.testcase.statements.ArrayStatement@f3383d99 type is: class org.evosuite.testcase.statements.ArrayStatement return type class [C
statement code is: char[] charArray = new char[16]
statement is: org.evosuite.testcase.statements.AssignmentStatement@e587111d type is: class org.evosuite.testcase.statements.AssignmentStatement return type char
statement code is: charArray[0] = 'B'
statement is: indexOf([C)I type is: class org.evosuite.testcase.statements.MethodStatement return type int
statement code is: int indexOf = indexedString.indexOf(arg0)
test data is: IndexedString indexedString = new IndexedString("O(BopPR!>+/>]");
char[] charArray = new char[16];
charArray[0] = 'B';
indexedString.indexOf(charArray);

** It was a parseable test case! 
Improved test data is: class DummyClass {
    public static void main() {
        IndexedString indexedString = new IndexedString("O(BopPR!>+/>]");
        char[] charArray = new char[16];
        charArray[0] = 'b';// changed from 'B' to 'b' to make the test case more descriptive and representative of a situation where the character is not found in the string.

        indexedString.indexOf(charArray);
    }
}
statement is: IndexedString indexedString = new IndexedString("O(BopPR!>+/>]"), class spoon.support.reflect.code.CtLocalVariableImpl
class spoon.support.reflect.code.CtConstructorCallImpl
statement is: char[] charArray = new char[16], class spoon.support.reflect.code.CtLocalVariableImpl
class spoon.support.reflect.code.CtNewArrayImpl
Dimension: [16] Ct is: char[] charArray = new char[16] isAssignment: false Array: new char[16] Elements: []
lengths: [16] [16]
Their type are: class [C char[]
statement is: charArray[0] = 'b'// changed from 'B' to 'b' to make the test case more descriptive and representative of a situation where the character is not found in the string.
, class spoon.support.reflect.code.CtAssignmentImpl
Assigned : charArray[0] Assigned Type class spoon.support.reflect.code.CtArrayWriteImpl char Assignment:'b' Ct is: charArray[0] = 'b'// changed from 'B' to 'b' to make the test case more descriptive and representative of a situation where the character is not found in the string.

target : charArray class spoon.support.reflect.code.CtLiteralImpl
TestCase Could not be added: org.evosuite.testcase.statements.AssignmentStatement@8d64b6d4
statement is: indexedString.indexOf(charArray), class spoon.support.reflect.code.CtInvocationImpl
invocation is: indexedString.indexOf(charArray) target is: indexedString method is: indexOf(char[])
source statement: de.beiri22.stringincrementor.helper.IndexedString(Ljava/lang/String;)V callee: VariableReference: Statement 0, type de.beiri22.stringincrementor.helper.IndexedStringindex is: 1
Matched Method is: indexOf([C)I
* this is vulnerable: char _char = 'b'
TestCase is: String string = "O(BopPR!>+/>]";
IndexedString indexedString = new IndexedString(string);
char[] charArray = new char[16];
char _char = 'b';
((IndexedString) string).indexOf(charArray);

statement is: de.beiri22.stringincrementor.helper.IndexedString(Ljava/lang/String;)V type is: class org.evosuite.testcase.statements.ConstructorStatement return type class de.beiri22.stringincrementor.helper.IndexedString
statement code is: IndexedString indexedString = new IndexedString("3p_y)CWsCQ97hd9Y")
statement is: org.evosuite.testcase.statements.ArrayStatement@2c17606d type is: class org.evosuite.testcase.statements.ArrayStatement return type class [C
statement code is: char[] charArray = new char[1]
statement is: org.evosuite.testcase.statements.AssignmentStatement@d45c1ff6 type is: class org.evosuite.testcase.statements.AssignmentStatement return type char
statement code is: charArray[0] = '3'
statement is: indexOf([C)I type is: class org.evosuite.testcase.statements.MethodStatement return type int
statement code is: int indexOf = indexedString.indexOf(arg0)
test data is: IndexedString indexedString = new IndexedString("3p_y)CWsCQ97hd9Y");
char[] charArray = new char[1];
charArray[0] = '3';
indexedString.indexOf(charArray);

** It was a parseable test case! 
Improved test data is: class DummyClass {
    public static void main() {
        IndexedString indexedString = new IndexedString("3p_y)CWsCQ97hd9Y");
        char[] charArray = new char[1];
        charArray[0] = 'h';
        indexedString.indexOf(charArray);
    }
}
statement is: IndexedString indexedString = new IndexedString("3p_y)CWsCQ97hd9Y"), class spoon.support.reflect.code.CtLocalVariableImpl
class spoon.support.reflect.code.CtConstructorCallImpl
statement is: char[] charArray = new char[1], class spoon.support.reflect.code.CtLocalVariableImpl
class spoon.support.reflect.code.CtNewArrayImpl
Dimension: [1] Ct is: char[] charArray = new char[1] isAssignment: false Array: new char[1] Elements: []
lengths: [1] [1]
Their type are: class [C char[]
statement is: charArray[0] = 'h', class spoon.support.reflect.code.CtAssignmentImpl
Assigned : charArray[0] Assigned Type class spoon.support.reflect.code.CtArrayWriteImpl char Assignment:'h' Ct is: charArray[0] = 'h'
target : charArray class spoon.support.reflect.code.CtLiteralImpl
TestCase Could not be added: org.evosuite.testcase.statements.AssignmentStatement@f29e834a
statement is: indexedString.indexOf(charArray), class spoon.support.reflect.code.CtInvocationImpl
invocation is: indexedString.indexOf(charArray) target is: indexedString method is: indexOf(char[])
source statement: de.beiri22.stringincrementor.helper.IndexedString(Ljava/lang/String;)V callee: VariableReference: Statement 0, type de.beiri22.stringincrementor.helper.IndexedStringindex is: 1
Matched Method is: indexOf([C)I
* this is vulnerable: char _char = 'h'
TestCase is: String string = "3p_y)CWsCQ97hd9Y";
IndexedString indexedString = new IndexedString(string);
char[] charArray = new char[1];
char _char = 'h';
((IndexedString) string).indexOf(charArray);

statement is: de.beiri22.stringincrementor.helper.IndexedString(Ljava/lang/String;)V type is: class org.evosuite.testcase.statements.ConstructorStatement return type class de.beiri22.stringincrementor.helper.IndexedString
statement code is: IndexedString indexedString = new IndexedString("O(BopPR!b+/>]@")
statement is: org.evosuite.testcase.statements.ArrayStatement@186fa932 type is: class org.evosuite.testcase.statements.ArrayStatement return type class [C
statement code is: char[] charArray = new char[1]
statement is: org.evosuite.testcase.statements.AssignmentStatement@aca7af21 type is: class org.evosuite.testcase.statements.AssignmentStatement return type char
statement code is: charArray[0] = 'B'
statement is: indexOf([C)I type is: class org.evosuite.testcase.statements.MethodStatement return type int
statement code is: int indexOf = indexedString.indexOf(arg0)
test data is: IndexedString indexedString = new IndexedString("O(BopPR!b+/>]@");
char[] charArray = new char[1];
charArray[0] = 'B';
indexedString.indexOf(charArray);

** It was a parseable test case! 
Improved test data is: class DummyClass {
    public static void main() {
        IndexedString indexedString = new IndexedString("O(BopPR!b+/>]@");
        char[] charArray = new char[1];
        charArray[0] = 'A';
        indexedString.indexOf(charArray);
        // The above test data returns -1 because the character 'A' is not present in the string "O(BopPR!b+/>]@".
        IndexedString indexedString2 = new IndexedString("O(BopPR!b+/>]@");
        char[] charArray2 = new char[1];
        charArray2[0] = 'P';
        indexedString2.indexOf(charArray2);
        // The above test data returns 4 because the character 'P' is present in the string "O(BopPR!b+/>]@" at index 4.
        IndexedString indexedString3 = new IndexedString("O(BopPR!b+/>]@");
        char[] charArray3 = new char[1];
        charArray3[0] = 'R';
        indexedString3.indexOf(charArray3);
        // The above test data returns 7 because the character 'R' is present in the string "O(BopPR!b+/>]@" at index 7.
        IndexedString indexedString4 = new IndexedString("O(BopPR!b+/>]@");
        char[] charArray4 = new char[1];
        charArray4[0] = '>';
        indexedString4.indexOf(charArray4);
        // The above test data returns 15 because the character '>' is present in the string "O(BopPR!b+/>]@" at index 15.
        IndexedString indexedString5 = new IndexedString("O(BopPR!b+/>]@");
        char[] charArray5 = new char[1];
        charArray5[0] = '}';
        indexedString5.indexOf(charArray5);
        // The above test data returns -1 because the character '}' is not present in the string "O(BopPR!b+/>]@".
        IndexedString indexedString6 = new IndexedString("O(BopPR!b+/>]@");
        char[] charArray6 = new char[2];
        charArray6[0] = 'B';
        charArray6[1] = 'O';
        indexedString6.indexOf(charArray6);
        // The above test data returns 0 because the character sequence "BO" is present in the string "O(BopPR!b+/>]@" at index 0.
        IndexedString indexedString7 = new IndexedString("O(BopPR!b+/>]@");
        char[] charArray7 = new char[3];
        charArray7[0] = 'P';
        charArray7[1] = 'R';
        charArray7[2] = '!';
        indexedString7.indexOf(charArray7);
        // The above test data returns 8 because the character sequence "PR!" is present in the string "O(BopPR!b+/>]@" at index 8. }}
    }
}
statement is: IndexedString indexedString = new IndexedString("O(BopPR!b+/>]@"), class spoon.support.reflect.code.CtLocalVariableImpl
class spoon.support.reflect.code.CtConstructorCallImpl
statement is: char[] charArray = new char[1], class spoon.support.reflect.code.CtLocalVariableImpl
class spoon.support.reflect.code.CtNewArrayImpl
Dimension: [1] Ct is: char[] charArray = new char[1] isAssignment: false Array: new char[1] Elements: []
lengths: [1] [1]
Their type are: class [C char[]
statement is: charArray[0] = 'A', class spoon.support.reflect.code.CtAssignmentImpl
Assigned : charArray[0] Assigned Type class spoon.support.reflect.code.CtArrayWriteImpl char Assignment:'A' Ct is: charArray[0] = 'A'
target : charArray class spoon.support.reflect.code.CtLiteralImpl
TestCase Could not be added: org.evosuite.testcase.statements.AssignmentStatement@1f538b70
statement is: indexedString.indexOf(charArray), class spoon.support.reflect.code.CtInvocationImpl
invocation is: indexedString.indexOf(charArray) target is: indexedString method is: indexOf(char[])
source statement: de.beiri22.stringincrementor.helper.IndexedString(Ljava/lang/String;)V callee: VariableReference: Statement 0, type de.beiri22.stringincrementor.helper.IndexedStringindex is: 1
Matched Method is: indexOf([C)I
statement is: // The above test data returns -1 because the character 'A' is not present in the string "O(BopPR!b+/>]@".
IndexedString indexedString2 = new IndexedString("O(BopPR!b+/>]@"), class spoon.support.reflect.code.CtLocalVariableImpl
class spoon.support.reflect.code.CtConstructorCallImpl
statement is: char[] charArray2 = new char[1], class spoon.support.reflect.code.CtLocalVariableImpl
class spoon.support.reflect.code.CtNewArrayImpl
Dimension: [1] Ct is: char[] charArray = new char[1] isAssignment: false Array: new char[1] Elements: []
lengths: [1] [1]
Their type are: class [C char[]
statement is: charArray2[0] = 'P', class spoon.support.reflect.code.CtAssignmentImpl
Assigned : charArray2[0] Assigned Type class spoon.support.reflect.code.CtArrayWriteImpl char Assignment:'P' Ct is: charArray2[0] = 'P'
target : charArray2 class spoon.support.reflect.code.CtLiteralImpl
TestCase Could not be added: org.evosuite.testcase.statements.AssignmentStatement@2d5e11ab
statement is: indexedString2.indexOf(charArray2), class spoon.support.reflect.code.CtInvocationImpl
invocation is: indexedString2.indexOf(charArray2) target is: indexedString2 method is: indexOf(char[])
source statement: de.beiri22.stringincrementor.helper.IndexedString(Ljava/lang/String;)V callee: VariableReference: Statement 0, type de.beiri22.stringincrementor.helper.IndexedStringindex is: 6
Matched Method is: indexOf([C)I
statement is: // The above test data returns 4 because the character 'P' is present in the string "O(BopPR!b+/>]@" at index 4.
IndexedString indexedString3 = new IndexedString("O(BopPR!b+/>]@"), class spoon.support.reflect.code.CtLocalVariableImpl
class spoon.support.reflect.code.CtConstructorCallImpl
statement is: char[] charArray3 = new char[1], class spoon.support.reflect.code.CtLocalVariableImpl
class spoon.support.reflect.code.CtNewArrayImpl
Dimension: [1] Ct is: char[] charArray = new char[1] isAssignment: false Array: new char[1] Elements: []
lengths: [1] [1]
Their type are: class [C char[]
statement is: charArray3[0] = 'R', class spoon.support.reflect.code.CtAssignmentImpl
Assigned : charArray3[0] Assigned Type class spoon.support.reflect.code.CtArrayWriteImpl char Assignment:'R' Ct is: charArray3[0] = 'R'
target : charArray3 class spoon.support.reflect.code.CtLiteralImpl
TestCase Could not be added: org.evosuite.testcase.statements.AssignmentStatement@d4554365
statement is: indexedString3.indexOf(charArray3), class spoon.support.reflect.code.CtInvocationImpl
invocation is: indexedString3.indexOf(charArray3) target is: indexedString3 method is: indexOf(char[])
source statement: de.beiri22.stringincrementor.helper.IndexedString(Ljava/lang/String;)V callee: VariableReference: Statement 0, type de.beiri22.stringincrementor.helper.IndexedStringindex is: 11
Matched Method is: indexOf([C)I
statement is: // The above test data returns 7 because the character 'R' is present in the string "O(BopPR!b+/>]@" at index 7.
IndexedString indexedString4 = new IndexedString("O(BopPR!b+/>]@"), class spoon.support.reflect.code.CtLocalVariableImpl
class spoon.support.reflect.code.CtConstructorCallImpl
statement is: char[] charArray4 = new char[1], class spoon.support.reflect.code.CtLocalVariableImpl
class spoon.support.reflect.code.CtNewArrayImpl
Dimension: [1] Ct is: char[] charArray = new char[1] isAssignment: false Array: new char[1] Elements: []
lengths: [1] [1]
Their type are: class [C char[]
statement is: charArray4[0] = '>', class spoon.support.reflect.code.CtAssignmentImpl
Assigned : charArray4[0] Assigned Type class spoon.support.reflect.code.CtArrayWriteImpl char Assignment:'>' Ct is: charArray4[0] = '>'
target : charArray4 class spoon.support.reflect.code.CtLiteralImpl
TestCase Could not be added: org.evosuite.testcase.statements.AssignmentStatement@e1bede0a
statement is: indexedString4.indexOf(charArray4), class spoon.support.reflect.code.CtInvocationImpl
invocation is: indexedString4.indexOf(charArray4) target is: indexedString4 method is: indexOf(char[])
source statement: de.beiri22.stringincrementor.helper.IndexedString(Ljava/lang/String;)V callee: VariableReference: Statement 0, type de.beiri22.stringincrementor.helper.IndexedStringindex is: 16
Matched Method is: indexOf([C)I
statement is: // The above test data returns 15 because the character '>' is present in the string "O(BopPR!b+/>]@" at index 15.
IndexedString indexedString5 = new IndexedString("O(BopPR!b+/>]@"), class spoon.support.reflect.code.CtLocalVariableImpl
class spoon.support.reflect.code.CtConstructorCallImpl
statement is: char[] charArray5 = new char[1], class spoon.support.reflect.code.CtLocalVariableImpl
class spoon.support.reflect.code.CtNewArrayImpl
Dimension: [1] Ct is: char[] charArray = new char[1] isAssignment: false Array: new char[1] Elements: []
lengths: [1] [1]
Their type are: class [C char[]
statement is: charArray5[0] = '}', class spoon.support.reflect.code.CtAssignmentImpl
Assigned : charArray5[0] Assigned Type class spoon.support.reflect.code.CtArrayWriteImpl char Assignment:'}' Ct is: charArray5[0] = '}'
target : charArray5 class spoon.support.reflect.code.CtLiteralImpl
TestCase Could not be added: org.evosuite.testcase.statements.AssignmentStatement@d0c7f517
statement is: indexedString5.indexOf(charArray5), class spoon.support.reflect.code.CtInvocationImpl
invocation is: indexedString5.indexOf(charArray5) target is: indexedString5 method is: indexOf(char[])
source statement: de.beiri22.stringincrementor.helper.IndexedString(Ljava/lang/String;)V callee: VariableReference: Statement 0, type de.beiri22.stringincrementor.helper.IndexedStringindex is: 21
Matched Method is: indexOf([C)I
statement is: // The above test data returns -1 because the character '}' is not present in the string "O(BopPR!b+/>]@".
IndexedString indexedString6 = new IndexedString("O(BopPR!b+/>]@"), class spoon.support.reflect.code.CtLocalVariableImpl
class spoon.support.reflect.code.CtConstructorCallImpl
statement is: char[] charArray6 = new char[2], class spoon.support.reflect.code.CtLocalVariableImpl
class spoon.support.reflect.code.CtNewArrayImpl
Dimension: [2] Ct is: char[] charArray = new char[1] isAssignment: false Array: new char[2] Elements: []
lengths: [1] [2]
Their type are: class [C char[]
statement is: charArray6[0] = 'B', class spoon.support.reflect.code.CtAssignmentImpl
Assigned : charArray6[0] Assigned Type class spoon.support.reflect.code.CtArrayWriteImpl char Assignment:'B' Ct is: charArray6[0] = 'B'
target : charArray6 class spoon.support.reflect.code.CtLiteralImpl
TestCase Could not be added: org.evosuite.testcase.statements.AssignmentStatement@23c2c2bb
statement is: charArray6[1] = 'O', class spoon.support.reflect.code.CtAssignmentImpl
Assigned : charArray6[1] Assigned Type class spoon.support.reflect.code.CtArrayWriteImpl char Assignment:'O' Ct is: charArray6[1] = 'O'
target : charArray6 class spoon.support.reflect.code.CtLiteralImpl
TestCase Could not be added: org.evosuite.testcase.statements.AssignmentStatement@23e8ce24
statement is: indexedString6.indexOf(charArray6), class spoon.support.reflect.code.CtInvocationImpl
invocation is: indexedString6.indexOf(charArray6) target is: indexedString6 method is: indexOf(char[])
source statement: de.beiri22.stringincrementor.helper.IndexedString(Ljava/lang/String;)V callee: VariableReference: Statement 0, type de.beiri22.stringincrementor.helper.IndexedStringindex is: 26
Matched Method is: indexOf([C)I
statement is: // The above test data returns 0 because the character sequence "BO" is present in the string "O(BopPR!b+/>]@" at index 0.
IndexedString indexedString7 = new IndexedString("O(BopPR!b+/>]@"), class spoon.support.reflect.code.CtLocalVariableImpl
class spoon.support.reflect.code.CtConstructorCallImpl
statement is: char[] charArray7 = new char[3], class spoon.support.reflect.code.CtLocalVariableImpl
class spoon.support.reflect.code.CtNewArrayImpl
Dimension: [3] Ct is: char[] charArray = new char[1] isAssignment: false Array: new char[3] Elements: []
lengths: [1] [3]
Their type are: class [C char[]
statement is: charArray7[0] = 'P', class spoon.support.reflect.code.CtAssignmentImpl
Assigned : charArray7[0] Assigned Type class spoon.support.reflect.code.CtArrayWriteImpl char Assignment:'P' Ct is: charArray7[0] = 'P'
target : charArray7 class spoon.support.reflect.code.CtLiteralImpl
TestCase Could not be added: org.evosuite.testcase.statements.AssignmentStatement@eda7f83e
statement is: charArray7[1] = 'R', class spoon.support.reflect.code.CtAssignmentImpl
Assigned : charArray7[1] Assigned Type class spoon.support.reflect.code.CtArrayWriteImpl char Assignment:'R' Ct is: charArray7[1] = 'R'
target : charArray7 class spoon.support.reflect.code.CtLiteralImpl
TestCase Could not be added: org.evosuite.testcase.statements.AssignmentStatement@c6aa5192
statement is: charArray7[2] = '!', class spoon.support.reflect.code.CtAssignmentImpl
Assigned : charArray7[2] Assigned Type class spoon.support.reflect.code.CtArrayWriteImpl char Assignment:'!' Ct is: charArray7[2] = '!'
target : charArray7 class spoon.support.reflect.code.CtLiteralImpl
TestCase Could not be added: org.evosuite.testcase.statements.AssignmentStatement@e4a50457
statement is: indexedString7.indexOf(charArray7), class spoon.support.reflect.code.CtInvocationImpl
invocation is: indexedString7.indexOf(charArray7) target is: indexedString7 method is: indexOf(char[])
source statement: de.beiri22.stringincrementor.helper.IndexedString(Ljava/lang/String;)V callee: VariableReference: Statement 0, type de.beiri22.stringincrementor.helper.IndexedStringindex is: 32
Matched Method is: indexOf([C)I
statement is: // The above test data returns 8 because the character sequence "PR!" is present in the string "O(BopPR!b+/>]@" at index 8. }}, class spoon.support.reflect.code.CtCommentImpl
* this is vulnerable: char _char = 'A'
* this is vulnerable: char _char = 'P'
* this is vulnerable: char _char = 'R'
* this is vulnerable: char _char = '>'
* this is vulnerable: char _char = '}'
* this is vulnerable: char _char = 'B'
* this is vulnerable: char _char = 'O'
* this is vulnerable: char _char = 'P'
* this is vulnerable: char _char = 'R'
* this is vulnerable: char _char = '!'
TestCase is: String string = "O(BopPR!b+/>]@";
IndexedString indexedString = new IndexedString(string);
char[] charArray = new char[1];
char _char = 'A';
((IndexedString) string).indexOf(charArray);
String string = "O(BopPR!b+/>]@";
IndexedString indexedString = new IndexedString(string);
char[] charArray = new char[1];
char _char = 'P';
((IndexedString) string).indexOf(charArray);
String string = "O(BopPR!b+/>]@";
IndexedString indexedString = new IndexedString(string);
char[] charArray = new char[1];
char _char = 'R';
((IndexedString) string).indexOf(charArray);
String string = "O(BopPR!b+/>]@";
IndexedString indexedString = new IndexedString(string);
char[] charArray = new char[1];
char _char = '>';
((IndexedString) string).indexOf(charArray);
String string = "O(BopPR!b+/>]@";
IndexedString indexedString = new IndexedString(string);
char[] charArray = new char[1];
char _char = '}';
((IndexedString) string).indexOf(charArray);
String string = "O(BopPR!b+/>]@";
IndexedString indexedString = new IndexedString(string);
char[] charArray = new char[1];
char _char = 'B';
char _char = 'O';
((IndexedString) string).indexOf(charArray);
String string = "O(BopPR!b+/>]@";
IndexedString indexedString = new IndexedString(string);
char[] charArray = new char[1];
char _char = 'P';
char _char = 'R';
char _char = '!';
((IndexedString) string).indexOf(charArray);

* test suite isTestSuite: 8
Test 0: 
IndexedString indexedString = new IndexedString("3p_y)CWsCQ97hd9Y");
char[] charArray = new char[3];
charArray[0] = '3';
indexedString.indexOf(charArray);
Test 1: 
IndexedString indexedString = new IndexedString("O(BopPR!>+/>]");
char[] charArray = new char[16];
charArray[0] = 'B';
indexedString.indexOf(charArray);
Test 2: 
IndexedString indexedString = new IndexedString("3p_y)CWsCQ97hd9Y");
char[] charArray = new char[1];
charArray[0] = '3';
indexedString.indexOf(charArray);
Test 3: 
IndexedString indexedString = new IndexedString("O(BopPR!b+/>]@");
char[] charArray = new char[1];
charArray[0] = 'B';
indexedString.indexOf(charArray);
Test 4: 
IndexedString indexedString = new IndexedString("aaaaa");
char[] charArray = new char[3];
((IndexedString)"aaaaa").indexOf(charArray);

Test 5: 
IndexedString indexedString = new IndexedString("O(BopPR!>+/>]");
char[] charArray = new char[16];
((IndexedString)"O(BopPR!>+/>]").indexOf(charArray);

Test 6: 
IndexedString indexedString = new IndexedString("3p_y)CWsCQ97hd9Y");
char[] charArray = new char[1];
((IndexedString)"3p_y)CWsCQ97hd9Y").indexOf(charArray);

Test 7: 
String string = "O(BopPR!b+/>]@";
IndexedString indexedString = new IndexedString("O(BopPR!b+/>]@");
char[] charArray = new char[1];
((IndexedString)"O(BopPR!b+/>]@").indexOf(charArray);
String string = "O(BopPR!b+/>]@";
IndexedString indexedString = new IndexedString(string);
char[] charArray = new char[1];
((IndexedString) string).indexOf(charArray);
String string = "O(BopPR!b+/>]@";
IndexedString indexedString = new IndexedString(string);
char[] charArray = new char[1];
((IndexedString) string).indexOf(charArray);
String string = "O(BopPR!b+/>]@";
IndexedString indexedString = new IndexedString(string);
char[] charArray = new char[1];
((IndexedString) string).indexOf(charArray);
String string = "O(BopPR!b+/>]@";
IndexedString indexedString = new IndexedString(string);
char[] charArray = new char[1];
((IndexedString) string).indexOf(charArray);
String string = "O(BopPR!b+/>]@";
IndexedString indexedString = new IndexedString(string);
char[] charArray = new char[1];
((IndexedString) string).indexOf(charArray);
String string = "O(BopPR!b+/>]@";
IndexedString indexedString = new IndexedString(string);
char[] charArray = new char[1];
((IndexedString) string).indexOf(charArray);


* Generated after the refinement and before minimization 8 tests with total length 53
* test suite isTestSuite: 8
Test 0: 
IndexedString indexedString = new IndexedString("3p_y)CWsCQ97hd9Y");
char[] charArray = new char[3];
charArray[0] = '3';
indexedString.indexOf(charArray);
Test 1: 
IndexedString indexedString = new IndexedString("O(BopPR!>+/>]");
char[] charArray = new char[16];
charArray[0] = 'B';
indexedString.indexOf(charArray);
Test 2: 
IndexedString indexedString = new IndexedString("3p_y)CWsCQ97hd9Y");
char[] charArray = new char[1];
charArray[0] = '3';
indexedString.indexOf(charArray);
Test 3: 
IndexedString indexedString = new IndexedString("O(BopPR!b+/>]@");
char[] charArray = new char[1];
charArray[0] = 'B';
indexedString.indexOf(charArray);
Test 4: 
IndexedString indexedString = new IndexedString("aaaaa");
char[] charArray = new char[3];
((IndexedString)"aaaaa").indexOf(charArray);

Test 5: 
IndexedString indexedString = new IndexedString("O(BopPR!>+/>]");
char[] charArray = new char[16];
((IndexedString)"O(BopPR!>+/>]").indexOf(charArray);

Test 6: 
IndexedString indexedString = new IndexedString("3p_y)CWsCQ97hd9Y");
char[] charArray = new char[1];
((IndexedString)"3p_y)CWsCQ97hd9Y").indexOf(charArray);

Test 7: 
String string = "O(BopPR!b+/>]@";
IndexedString indexedString = new IndexedString("O(BopPR!b+/>]@");
char[] charArray = new char[1];
((IndexedString)"O(BopPR!b+/>]@").indexOf(charArray);
String string = "O(BopPR!b+/>]@";
IndexedString indexedString = new IndexedString(string);
char[] charArray = new char[1];
((IndexedString) string).indexOf(charArray);
String string = "O(BopPR!b+/>]@";
IndexedString indexedString = new IndexedString(string);
char[] charArray = new char[1];
((IndexedString) string).indexOf(charArray);
String string = "O(BopPR!b+/>]@";
IndexedString indexedString = new IndexedString(string);
char[] charArray = new char[1];
((IndexedString) string).indexOf(charArray);
String string = "O(BopPR!b+/>]@";
IndexedString indexedString = new IndexedString(string);
char[] charArray = new char[1];
((IndexedString) string).indexOf(charArray);
String string = "O(BopPR!b+/>]@";
IndexedString indexedString = new IndexedString(string);
char[] charArray = new char[1];
((IndexedString) string).indexOf(charArray);
String string = "O(BopPR!b+/>]@";
IndexedString indexedString = new IndexedString(string);
char[] charArray = new char[1];
((IndexedString) string).indexOf(charArray);


* Minimizing test suite
* test suite isTestSuite: 4
Test 0: 
IndexedString indexedString = new IndexedString("3p_y)CWsCQ97hd9Y");
char[] charArray = new char[3];
charArray[0] = '3';
indexedString.indexOf(charArray);
Test 1: 
IndexedString indexedString = new IndexedString("O(BopPR!>+/>]");
char[] charArray = new char[16];
charArray[0] = 'B';
indexedString.indexOf(charArray);
Test 2: 
IndexedString indexedString = new IndexedString("3p_y)CWsCQ97hd9Y");
char[] charArray = new char[1];
charArray[0] = '3';
indexedString.indexOf(charArray);
Test 3: 
IndexedString indexedString = new IndexedString("O(BopPR!b+/>]@");
char[] charArray = new char[1];
charArray[0] = 'B';
indexedString.indexOf(charArray);

* Going to analyze the coverage criteria
* Coverage analysis for criterion BRANCH
* Coverage of criterion BRANCH: 95%
* Total number of goals: 20
* Number of covered goals: 19
* Coverage analysis for criterion LINE
* Coverage of criterion LINE: 100%
* Total number of goals: 30
* Number of covered goals: 30
* Coverage analysis for criterion OUTPUT
* Coverage of criterion OUTPUT: 100%
* Total number of goals: 3
* Number of covered goals: 3
* Coverage analysis for criterion METHOD
* Coverage of criterion METHOD: 100%
* Total number of goals: 2
* Number of covered goals: 2
* Coverage analysis for criterion CBRANCH
* Coverage of criterion CBRANCH: 95%
* Total number of goals: 20
* Number of covered goals: 19
* Generated 4 tests with total length 16
* Resulting test suite's coverage: 98% (average coverage for all fitness functions)
* Generating assertions
* Resulting test suite's mutation score: 53%
* Compiling and checking tests
Going to execute: removeTestsThatDoNotCompile
* Compiling Tests
** Write a test suite: 0 called: 0 to improve: false
* Compiling Tests
** Write a test suite: 0 called: 0 to improve: true
** Improve Understandability: ** Test Code is: IndexedString indexedString = new IndexedString("3p_y)CWsCQ97hd9Y");
char[] arg0 = new char[3];
arg0[0] = '3';
int indexOf = indexedString.indexOf(arg0);
assertEquals((-1), indexOf);


** It was a parseable test case! 
refined test name is: testIndexedStringNotFound
* Compiling Tests
** Write a test suite: 0 called: 0 to improve: false
* Compiling Tests
** Write a test suite: 0 called: 0 to improve: true
** Improve Understandability: ** Test Code is: IndexedString indexedString = new IndexedString("O(BopPR!>+/>]");
char[] arg0 = new char[16];
arg0[0] = 'B';
int indexOf = indexedString.indexOf(arg0);
assertEquals((-1), indexOf);


** It was a parseable test case! 
refined test name is: testIndexOfCharArrayNotFound
* Compiling Tests
** Write a test suite: 0 called: 0 to improve: false
* Compiling Tests
** Write a test suite: 0 called: 0 to improve: true
** Improve Understandability: ** Test Code is: IndexedString indexedString = new IndexedString("3p_y)CWsCQ97hd9Y");
char[] arg0 = new char[1];
arg0[0] = '3';
int indexOf = indexedString.indexOf(arg0);
assertEquals(0, indexOf);


** It was a parseable test case! 
refined test name is: testIndexOfSingleCharacterSubstring
* Compiling Tests
** Write a test suite: 0 called: 0 to improve: false
* Compiling Tests
** Write a test suite: 0 called: 0 to improve: true
** Improve Understandability: ** Test Code is: IndexedString indexedString = new IndexedString("O(BopPR!b+/>]@");
char[] arg0 = new char[1];
arg0[0] = 'B';
int indexOf = indexedString.indexOf(arg0);
assertEquals(2, indexOf);


** It was a parseable test case! 
refined test name is: testIndexedStringContainsCharacter
Going to execute: handleTestsThatAreUnstable
* Compiling Tests
[MASTER] 02:33:37.216 [logback-1] WARN  AgentLoader - Failed to find EvoSuite jar in current classloader. URLs of classloader:
file:/root/.sdkman/candidates/java/8.0.333.fx-librca/jre/../lib/tools.jar
file:/root/.sdkman/candidates/java/8.0.333.fx-librca/jre/lib/ext/cldrdata.jar
file:/tmp/EvoSuite_pathingJar4900157872032305854.jar
file:/root/.sdkman/candidates/java/8.0.333.fx-librca/jre/lib/ext/sunec.jar
file:/root/.sdkman/candidates/java/8.0.333.fx-librca/jre/lib/ext/localedata.jar
file:/root/.sdkman/candidates/java/8.0.333.fx-librca/jre/lib/ext/jaccess.jar
file:/root/.sdkman/candidates/java/8.0.333.fx-librca/jre/lib/ext/dnsns.jar
file:/root/.sdkman/candidates/java/8.0.333.fx-librca/jre/lib/ext/sunpkcs11.jar
file:/root/.sdkman/candidates/java/8.0.333.fx-librca/jre/lib/ext/zipfs.jar
file:/root/.sdkman/candidates/java/8.0.333.fx-librca/jre/lib/ext/jfxrt.jar
file:/root/.sdkman/candidates/java/8.0.333.fx-librca/jre/lib/ext/sunjce_provider.jar
file:/root/.sdkman/candidates/java/8.0.333.fx-librca/jre/lib/ext/nashorn.jar
[MASTER] 02:33:37.233 [logback-1] WARN  JUnitAnalyzer - Found unstable test named initializationError -> class java.lang.RuntimeException: Cannot find either the compilation target folder nor the EvoSuite jar in classpath: /tmp/EvoSuite_pathingJar4900157872032305854.jar
Going to execute: handleTestsThatAreUnstable
* Compiling Tests
[MASTER] 02:33:37.371 [logback-1] WARN  AgentLoader - Failed to find EvoSuite jar in current classloader. URLs of classloader:
file:/root/.sdkman/candidates/java/8.0.333.fx-librca/jre/../lib/tools.jar
file:/root/.sdkman/candidates/java/8.0.333.fx-librca/jre/lib/ext/cldrdata.jar
file:/tmp/EvoSuite_pathingJar4900157872032305854.jar
file:/root/.sdkman/candidates/java/8.0.333.fx-librca/jre/lib/ext/sunec.jar
file:/root/.sdkman/candidates/java/8.0.333.fx-librca/jre/lib/ext/localedata.jar
file:/root/.sdkman/candidates/java/8.0.333.fx-librca/jre/lib/ext/jaccess.jar
file:/root/.sdkman/candidates/java/8.0.333.fx-librca/jre/lib/ext/dnsns.jar
file:/root/.sdkman/candidates/java/8.0.333.fx-librca/jre/lib/ext/sunpkcs11.jar
file:/root/.sdkman/candidates/java/8.0.333.fx-librca/jre/lib/ext/zipfs.jar
file:/root/.sdkman/candidates/java/8.0.333.fx-librca/jre/lib/ext/jfxrt.jar
file:/root/.sdkman/candidates/java/8.0.333.fx-librca/jre/lib/ext/sunjce_provider.jar
file:/root/.sdkman/candidates/java/8.0.333.fx-librca/jre/lib/ext/nashorn.jar
Going to execute: handleTestsThatAreUnstable
* Compiling Tests
[MASTER] 02:33:37.373 [logback-1] WARN  JUnitAnalyzer - Found unstable test named initializationError -> class java.lang.RuntimeException: Cannot find either the compilation target folder nor the EvoSuite jar in classpath: /tmp/EvoSuite_pathingJar4900157872032305854.jar
[MASTER] 02:33:37.572 [logback-1] WARN  AgentLoader - Failed to find EvoSuite jar in current classloader. URLs of classloader:
file:/root/.sdkman/candidates/java/8.0.333.fx-librca/jre/../lib/tools.jar
file:/root/.sdkman/candidates/java/8.0.333.fx-librca/jre/lib/ext/cldrdata.jar
file:/tmp/EvoSuite_pathingJar4900157872032305854.jar
file:/root/.sdkman/candidates/java/8.0.333.fx-librca/jre/lib/ext/sunec.jar
file:/root/.sdkman/candidates/java/8.0.333.fx-librca/jre/lib/ext/localedata.jar
file:/root/.sdkman/candidates/java/8.0.333.fx-librca/jre/lib/ext/jaccess.jar
file:/root/.sdkman/candidates/java/8.0.333.fx-librca/jre/lib/ext/dnsns.jar
file:/root/.sdkman/candidates/java/8.0.333.fx-librca/jre/lib/ext/sunpkcs11.jar
file:/root/.sdkman/candidates/java/8.0.333.fx-librca/jre/lib/ext/zipfs.jar
file:/root/.sdkman/candidates/java/8.0.333.fx-librca/jre/lib/ext/jfxrt.jar
file:/root/.sdkman/candidates/java/8.0.333.fx-librca/jre/lib/ext/sunjce_provider.jar
file:/root/.sdkman/candidates/java/8.0.333.fx-librca/jre/lib/ext/nashorn.jar
Going to execute: handleTestsThatAreUnstable
* Compiling Tests
[MASTER] 02:33:37.573 [logback-1] WARN  JUnitAnalyzer - Found unstable test named initializationError -> class java.lang.RuntimeException: Cannot find either the compilation target folder nor the EvoSuite jar in classpath: /tmp/EvoSuite_pathingJar4900157872032305854.jar
[MASTER] 02:33:37.789 [logback-1] WARN  AgentLoader - Failed to find EvoSuite jar in current classloader. URLs of classloader:
file:/root/.sdkman/candidates/java/8.0.333.fx-librca/jre/../lib/tools.jar
file:/root/.sdkman/candidates/java/8.0.333.fx-librca/jre/lib/ext/cldrdata.jar
file:/tmp/EvoSuite_pathingJar4900157872032305854.jar
file:/root/.sdkman/candidates/java/8.0.333.fx-librca/jre/lib/ext/sunec.jar
file:/root/.sdkman/candidates/java/8.0.333.fx-librca/jre/lib/ext/localedata.jar
file:/root/.sdkman/candidates/java/8.0.333.fx-librca/jre/lib/ext/jaccess.jar
file:/root/.sdkman/candidates/java/8.0.333.fx-librca/jre/lib/ext/dnsns.jar
file:/root/.sdkman/candidates/java/8.0.333.fx-librca/jre/lib/ext/sunpkcs11.jar
file:/root/.sdkman/candidates/java/8.0.333.fx-librca/jre/lib/ext/zipfs.jar
file:/root/.sdkman/candidates/java/8.0.333.fx-librca/jre/lib/ext/jfxrt.jar
file:/root/.sdkman/candidates/java/8.0.333.fx-librca/jre/lib/ext/sunjce_provider.jar
file:/root/.sdkman/candidates/java/8.0.333.fx-librca/jre/lib/ext/nashorn.jar
Going to execute: handleTestsThatAreUnstable
* Compiling Tests
[MASTER] 02:33:37.790 [logback-1] WARN  JUnitAnalyzer - Found unstable test named initializationError -> class java.lang.RuntimeException: Cannot find either the compilation target folder nor the EvoSuite jar in classpath: /tmp/EvoSuite_pathingJar4900157872032305854.jar
[MASTER] 02:33:38.577 [logback-1] WARN  AgentLoader - Failed to find EvoSuite jar in current classloader. URLs of classloader:
file:/root/.sdkman/candidates/java/8.0.333.fx-librca/jre/../lib/tools.jar
file:/root/.sdkman/candidates/java/8.0.333.fx-librca/jre/lib/ext/cldrdata.jar
file:/tmp/EvoSuite_pathingJar4900157872032305854.jar
file:/root/.sdkman/candidates/java/8.0.333.fx-librca/jre/lib/ext/sunec.jar
file:/root/.sdkman/candidates/java/8.0.333.fx-librca/jre/lib/ext/localedata.jar
file:/root/.sdkman/candidates/java/8.0.333.fx-librca/jre/lib/ext/jaccess.jar
file:/root/.sdkman/candidates/java/8.0.333.fx-librca/jre/lib/ext/dnsns.jar
file:/root/.sdkman/candidates/java/8.0.333.fx-librca/jre/lib/ext/sunpkcs11.jar
file:/root/.sdkman/candidates/java/8.0.333.fx-librca/jre/lib/ext/zipfs.jar
file:/root/.sdkman/candidates/java/8.0.333.fx-librca/jre/lib/ext/jfxrt.jar
file:/root/.sdkman/candidates/java/8.0.333.fx-librca/jre/lib/ext/sunjce_provider.jar
file:/root/.sdkman/candidates/java/8.0.333.fx-librca/jre/lib/ext/nashorn.jar
[MASTER] 02:33:38.578 [logback-1] WARN  JUnitAnalyzer - Found unstable test named initializationError -> class java.lang.RuntimeException: Cannot find either the compilation target folder nor the EvoSuite jar in classpath: /tmp/EvoSuite_pathingJar4900157872032305854.jar
Going to execute: handleTestsThatAreUnstable
* Compiling Tests
[MASTER] 02:33:39.012 [logback-1] WARN  AgentLoader - Failed to find EvoSuite jar in current classloader. URLs of classloader:
file:/root/.sdkman/candidates/java/8.0.333.fx-librca/jre/../lib/tools.jar
file:/root/.sdkman/candidates/java/8.0.333.fx-librca/jre/lib/ext/cldrdata.jar
file:/tmp/EvoSuite_pathingJar4900157872032305854.jar
file:/root/.sdkman/candidates/java/8.0.333.fx-librca/jre/lib/ext/sunec.jar
file:/root/.sdkman/candidates/java/8.0.333.fx-librca/jre/lib/ext/localedata.jar
file:/root/.sdkman/candidates/java/8.0.333.fx-librca/jre/lib/ext/jaccess.jar
file:/root/.sdkman/candidates/java/8.0.333.fx-librca/jre/lib/ext/dnsns.jar
file:/root/.sdkman/candidates/java/8.0.333.fx-librca/jre/lib/ext/sunpkcs11.jar
file:/root/.sdkman/candidates/java/8.0.333.fx-librca/jre/lib/ext/zipfs.jar
file:/root/.sdkman/candidates/java/8.0.333.fx-librca/jre/lib/ext/jfxrt.jar
file:/root/.sdkman/candidates/java/8.0.333.fx-librca/jre/lib/ext/sunjce_provider.jar
file:/root/.sdkman/candidates/java/8.0.333.fx-librca/jre/lib/ext/nashorn.jar
[MASTER] 02:33:39.013 [logback-1] WARN  JUnitAnalyzer - Found unstable test named initializationError -> class java.lang.RuntimeException: Cannot find either the compilation target folder nor the EvoSuite jar in classpath: /tmp/EvoSuite_pathingJar4900157872032305854.jar
[MASTER] 02:33:39.257 [logback-1] WARN  TimeController - Already entered in phase: INLINING. This will mess up the timing calculations.
* test suite isTestSuite: 4
Test 0: 
IndexedString indexedString = new IndexedString("3p_y)CWsCQ97hd9Y");
char[] charArray = new char[3];
charArray[0] = '3';
indexedString.indexOf(charArray);
Test 1: 
IndexedString indexedString = new IndexedString("O(BopPR!>+/>]");
char[] charArray = new char[16];
charArray[0] = 'B';
indexedString.indexOf(charArray);
Test 2: 
IndexedString indexedString = new IndexedString("3p_y)CWsCQ97hd9Y");
char[] charArray = new char[1];
charArray[0] = '3';
indexedString.indexOf(charArray);
Test 3: 
IndexedString indexedString = new IndexedString("O(BopPR!b+/>]@");
char[] charArray = new char[1];
charArray[0] = 'B';
indexedString.indexOf(charArray);

* Minimizing test suite
* test suite isTestSuite: 4
Test 0: 
IndexedString indexedString = new IndexedString("3p_y)CWsCQ97hd9Y");
char[] charArray = new char[3];
charArray[0] = '3';
indexedString.indexOf(charArray);
Test 1: 
IndexedString indexedString = new IndexedString("O(BopPR!>+/>]");
char[] charArray = new char[16];
charArray[0] = 'B';
indexedString.indexOf(charArray);
Test 2: 
IndexedString indexedString = new IndexedString("3p_y)CWsCQ97hd9Y");
char[] charArray = new char[1];
charArray[0] = '3';
indexedString.indexOf(charArray);
Test 3: 
IndexedString indexedString = new IndexedString("O(BopPR!b+/>]@");
char[] charArray = new char[1];
charArray[0] = 'B';
indexedString.indexOf(charArray);

[MASTER] 02:33:44.309 [logback-1] WARN  TimeController - Already entered in phase: MINIMIZATION. This will mess up the timing calculations.
* Going to analyze the coverage criteria
* Coverage analysis for criterion BRANCH
* Coverage of criterion BRANCH: 95%
* Total number of goals: 20
* Number of covered goals: 19
* Coverage analysis for criterion LINE
* Coverage of criterion LINE: 100%
* Total number of goals: 30
* Number of covered goals: 30
* Coverage analysis for criterion OUTPUT
* Coverage of criterion OUTPUT: 100%
* Total number of goals: 3
* Number of covered goals: 3
* Coverage analysis for criterion METHOD
* Coverage of criterion METHOD: 100%
* Total number of goals: 2
* Number of covered goals: 2
* Coverage analysis for criterion CBRANCH
* Coverage of criterion CBRANCH: 95%
* Total number of goals: 20
* Number of covered goals: 19
* Generated 4 tests with total length 16
* Resulting test suite's coverage: 98% (average coverage for all fitness functions)
* Generating assertions
[MASTER] 02:33:44.341 [logback-1] WARN  TimeController - Already entered in phase: COVERAGE_ANALYSIS. This will mess up the timing calculations.
* Resulting test suite's mutation score: 52%
* Compiling and checking tests
[MASTER] 02:33:56.824 [logback-1] WARN  TimeController - Already entered in phase: ASSERTION_GENERATION. This will mess up the timing calculations.
Going to execute: removeTestsThatDoNotCompile
* Compiling Tests
** Write a test suite: 0 called: 0 to improve: false
* Compiling Tests
** Write a test suite: 0 called: 0 to improve: false
* Compiling Tests
** Write a test suite: 0 called: 0 to improve: false
* Compiling Tests
** Write a test suite: 0 called: 0 to improve: false
Going to execute: handleTestsThatAreUnstable
* Compiling Tests
** Write a test suite: 0 called: 0 to improve: false
[MASTER] 02:33:57.427 [logback-1] WARN  AgentLoader - Failed to find EvoSuite jar in current classloader. URLs of classloader:
file:/root/.sdkman/candidates/java/8.0.333.fx-librca/jre/../lib/tools.jar
file:/root/.sdkman/candidates/java/8.0.333.fx-librca/jre/lib/ext/cldrdata.jar
file:/tmp/EvoSuite_pathingJar4900157872032305854.jar
file:/root/.sdkman/candidates/java/8.0.333.fx-librca/jre/lib/ext/sunec.jar
file:/root/.sdkman/candidates/java/8.0.333.fx-librca/jre/lib/ext/localedata.jar
file:/root/.sdkman/candidates/java/8.0.333.fx-librca/jre/lib/ext/jaccess.jar
file:/root/.sdkman/candidates/java/8.0.333.fx-librca/jre/lib/ext/dnsns.jar
file:/root/.sdkman/candidates/java/8.0.333.fx-librca/jre/lib/ext/sunpkcs11.jar
file:/root/.sdkman/candidates/java/8.0.333.fx-librca/jre/lib/ext/zipfs.jar
file:/root/.sdkman/candidates/java/8.0.333.fx-librca/jre/lib/ext/jfxrt.jar
file:/root/.sdkman/candidates/java/8.0.333.fx-librca/jre/lib/ext/sunjce_provider.jar
file:/root/.sdkman/candidates/java/8.0.333.fx-librca/jre/lib/ext/nashorn.jar
[MASTER] 02:33:57.428 [logback-1] WARN  JUnitAnalyzer - Found unstable test named initializationError -> class java.lang.RuntimeException: Cannot find either the compilation target folder nor the EvoSuite jar in classpath: /tmp/EvoSuite_pathingJar4900157872032305854.jar
Going to execute: handleTestsThatAreUnstable
* Compiling Tests
** Write a test suite: 0 called: 0 to improve: false
[MASTER] 02:33:57.533 [logback-1] WARN  AgentLoader - Failed to find EvoSuite jar in current classloader. URLs of classloader:
file:/root/.sdkman/candidates/java/8.0.333.fx-librca/jre/../lib/tools.jar
file:/root/.sdkman/candidates/java/8.0.333.fx-librca/jre/lib/ext/cldrdata.jar
file:/tmp/EvoSuite_pathingJar4900157872032305854.jar
file:/root/.sdkman/candidates/java/8.0.333.fx-librca/jre/lib/ext/sunec.jar
file:/root/.sdkman/candidates/java/8.0.333.fx-librca/jre/lib/ext/localedata.jar
file:/root/.sdkman/candidates/java/8.0.333.fx-librca/jre/lib/ext/jaccess.jar
file:/root/.sdkman/candidates/java/8.0.333.fx-librca/jre/lib/ext/dnsns.jar
file:/root/.sdkman/candidates/java/8.0.333.fx-librca/jre/lib/ext/sunpkcs11.jar
file:/root/.sdkman/candidates/java/8.0.333.fx-librca/jre/lib/ext/zipfs.jar
file:/root/.sdkman/candidates/java/8.0.333.fx-librca/jre/lib/ext/jfxrt.jar
file:/root/.sdkman/candidates/java/8.0.333.fx-librca/jre/lib/ext/sunjce_provider.jar
file:/root/.sdkman/candidates/java/8.0.333.fx-librca/jre/lib/ext/nashorn.jar
[MASTER] 02:33:57.534 [logback-1] WARN  JUnitAnalyzer - Found unstable test named initializationError -> class java.lang.RuntimeException: Cannot find either the compilation target folder nor the EvoSuite jar in classpath: /tmp/EvoSuite_pathingJar4900157872032305854.jar
Going to execute: handleTestsThatAreUnstable
* Compiling Tests
** Write a test suite: 0 called: 0 to improve: false
[MASTER] 02:33:57.716 [logback-1] WARN  AgentLoader - Failed to find EvoSuite jar in current classloader. URLs of classloader:
file:/root/.sdkman/candidates/java/8.0.333.fx-librca/jre/../lib/tools.jar
file:/root/.sdkman/candidates/java/8.0.333.fx-librca/jre/lib/ext/cldrdata.jar
file:/tmp/EvoSuite_pathingJar4900157872032305854.jar
file:/root/.sdkman/candidates/java/8.0.333.fx-librca/jre/lib/ext/sunec.jar
file:/root/.sdkman/candidates/java/8.0.333.fx-librca/jre/lib/ext/localedata.jar
file:/root/.sdkman/candidates/java/8.0.333.fx-librca/jre/lib/ext/jaccess.jar
file:/root/.sdkman/candidates/java/8.0.333.fx-librca/jre/lib/ext/dnsns.jar
file:/root/.sdkman/candidates/java/8.0.333.fx-librca/jre/lib/ext/sunpkcs11.jar
file:/root/.sdkman/candidates/java/8.0.333.fx-librca/jre/lib/ext/zipfs.jar
file:/root/.sdkman/candidates/java/8.0.333.fx-librca/jre/lib/ext/jfxrt.jar
file:/root/.sdkman/candidates/java/8.0.333.fx-librca/jre/lib/ext/sunjce_provider.jar
file:/root/.sdkman/candidates/java/8.0.333.fx-librca/jre/lib/ext/nashorn.jar
Going to execute: handleTestsThatAreUnstable
* Compiling Tests
[MASTER] 02:33:57.718 [logback-1] WARN  JUnitAnalyzer - Found unstable test named initializationError -> class java.lang.RuntimeException: Cannot find either the compilation target folder nor the EvoSuite jar in classpath: /tmp/EvoSuite_pathingJar4900157872032305854.jar
** Write a test suite: 0 called: 0 to improve: false
[MASTER] 02:33:57.845 [logback-1] WARN  AgentLoader - Failed to find EvoSuite jar in current classloader. URLs of classloader:
file:/root/.sdkman/candidates/java/8.0.333.fx-librca/jre/../lib/tools.jar
file:/root/.sdkman/candidates/java/8.0.333.fx-librca/jre/lib/ext/cldrdata.jar
file:/tmp/EvoSuite_pathingJar4900157872032305854.jar
file:/root/.sdkman/candidates/java/8.0.333.fx-librca/jre/lib/ext/sunec.jar
file:/root/.sdkman/candidates/java/8.0.333.fx-librca/jre/lib/ext/localedata.jar
file:/root/.sdkman/candidates/java/8.0.333.fx-librca/jre/lib/ext/jaccess.jar
file:/root/.sdkman/candidates/java/8.0.333.fx-librca/jre/lib/ext/dnsns.jar
file:/root/.sdkman/candidates/java/8.0.333.fx-librca/jre/lib/ext/sunpkcs11.jar
file:/root/.sdkman/candidates/java/8.0.333.fx-librca/jre/lib/ext/zipfs.jar
file:/root/.sdkman/candidates/java/8.0.333.fx-librca/jre/lib/ext/jfxrt.jar
file:/root/.sdkman/candidates/java/8.0.333.fx-librca/jre/lib/ext/sunjce_provider.jar
file:/root/.sdkman/candidates/java/8.0.333.fx-librca/jre/lib/ext/nashorn.jar
Going to execute: handleTestsThatAreUnstable
* Compiling Tests
[MASTER] 02:33:57.846 [logback-1] WARN  JUnitAnalyzer - Found unstable test named initializationError -> class java.lang.RuntimeException: Cannot find either the compilation target folder nor the EvoSuite jar in classpath: /tmp/EvoSuite_pathingJar4900157872032305854.jar
** Write a test suite: 0 called: 0 to improve: false
** Write a test suite: 1 called: 1 to improve: false
** Write a test suite: 2 called: 2 to improve: false
** Write a test suite: 3 called: 3 to improve: false
[MASTER] 02:33:58.211 [logback-1] WARN  AgentLoader - Failed to find EvoSuite jar in current classloader. URLs of classloader:
file:/root/.sdkman/candidates/java/8.0.333.fx-librca/jre/../lib/tools.jar
file:/root/.sdkman/candidates/java/8.0.333.fx-librca/jre/lib/ext/cldrdata.jar
file:/tmp/EvoSuite_pathingJar4900157872032305854.jar
file:/root/.sdkman/candidates/java/8.0.333.fx-librca/jre/lib/ext/sunec.jar
file:/root/.sdkman/candidates/java/8.0.333.fx-librca/jre/lib/ext/localedata.jar
file:/root/.sdkman/candidates/java/8.0.333.fx-librca/jre/lib/ext/jaccess.jar
file:/root/.sdkman/candidates/java/8.0.333.fx-librca/jre/lib/ext/dnsns.jar
file:/root/.sdkman/candidates/java/8.0.333.fx-librca/jre/lib/ext/sunpkcs11.jar
file:/root/.sdkman/candidates/java/8.0.333.fx-librca/jre/lib/ext/zipfs.jar
file:/root/.sdkman/candidates/java/8.0.333.fx-librca/jre/lib/ext/jfxrt.jar
file:/root/.sdkman/candidates/java/8.0.333.fx-librca/jre/lib/ext/sunjce_provider.jar
file:/root/.sdkman/candidates/java/8.0.333.fx-librca/jre/lib/ext/nashorn.jar
[MASTER] 02:33:58.218 [logback-1] WARN  JUnitAnalyzer - Found unstable test named initializationError -> class java.lang.RuntimeException: Cannot find either the compilation target folder nor the EvoSuite jar in classpath: /tmp/EvoSuite_pathingJar4900157872032305854.jar
Going to execute: handleTestsThatAreUnstable
* Compiling Tests
** Write a test suite: 0 called: 0 to improve: false
** Write a test suite: 1 called: 1 to improve: false
** Write a test suite: 2 called: 2 to improve: false
** Write a test suite: 3 called: 3 to improve: false
[MASTER] 02:33:58.587 [logback-1] WARN  AgentLoader - Failed to find EvoSuite jar in current classloader. URLs of classloader:
file:/root/.sdkman/candidates/java/8.0.333.fx-librca/jre/../lib/tools.jar
file:/root/.sdkman/candidates/java/8.0.333.fx-librca/jre/lib/ext/cldrdata.jar
file:/tmp/EvoSuite_pathingJar4900157872032305854.jar
file:/root/.sdkman/candidates/java/8.0.333.fx-librca/jre/lib/ext/sunec.jar
file:/root/.sdkman/candidates/java/8.0.333.fx-librca/jre/lib/ext/localedata.jar
file:/root/.sdkman/candidates/java/8.0.333.fx-librca/jre/lib/ext/jaccess.jar
file:/root/.sdkman/candidates/java/8.0.333.fx-librca/jre/lib/ext/dnsns.jar
file:/root/.sdkman/candidates/java/8.0.333.fx-librca/jre/lib/ext/sunpkcs11.jar
file:/root/.sdkman/candidates/java/8.0.333.fx-librca/jre/lib/ext/zipfs.jar
file:/root/.sdkman/candidates/java/8.0.333.fx-librca/jre/lib/ext/jfxrt.jar
file:/root/.sdkman/candidates/java/8.0.333.fx-librca/jre/lib/ext/sunjce_provider.jar
file:/root/.sdkman/candidates/java/8.0.333.fx-librca/jre/lib/ext/nashorn.jar
[MASTER] 02:33:58.587 [logback-1] WARN  JUnitAnalyzer - Found unstable test named initializationError -> class java.lang.RuntimeException: Cannot find either the compilation target folder nor the EvoSuite jar in classpath: /tmp/EvoSuite_pathingJar4900157872032305854.jar
* Writing tests to file
[MASTER] 02:33:58.589 [logback-1] WARN  TimeController - Already entered in phase: JUNIT_CHECK. This will mess up the timing calculations.
* Writing JUnit test case 'IndexedString_ESTest' to evosuite-tests
* Writing JUnit test case 'IndexedString_Original_ESTest' to evosuite-tests
** Write a test suite: 0 called: 0 to improve: false
** Write a test suite: 1 called: 1 to improve: false
** Write a test suite: 2 called: 2 to improve: false
** Write a test suite: 3 called: 3 to improve: false
* Done!

* Computation finished
