* EvoSuite 1.0.0-SNAPSHOT
* Going to generate test cases for class: de.beiri22.stringincrementor.helper.IndexedString
* Starting Client-0
* Properties loaded from /home/roham/Results-Utestgen/dataset/SF110-new-res/39_diffi/evosuite-files/evosuite.properties
* Connecting to master process on port 16010
* Analyzing classpath: 
* Inheritance tree loaded from evosuite-files/inheritance.xml.gz
* Finished analyzing classpath
* Generating tests for class de.beiri22.stringincrementor.helper.IndexedString
* Test criteria:
  - Branch Coverage
  - Line Coverage
  - Method-Output Coverage
  - Top-Level Method Coverage
  - Context Branch Coverage
* Total number of test goals for DYNAMOSA: 75
* Using seed 1710217062574
* Starting evolution
[Progress:>                             0%] [Cov:>                                  0%]* Initial Number of Goals in DynaMOSA = 24 / 75
[Progress:>                             0%] [Cov:===============================>   91%][Progress:>                             1%] [Cov:===============================>   91%][Progress:>                             2%] [Cov:===============================>   91%][Progress:=>                            4%] [Cov:===============================>   91%][Progress:=>                            5%] [Cov:===============================>   91%][Progress:=>                            6%] [Cov:===============================>   91%][Progress:==>                           7%] [Cov:===============================>   91%][Progress:==>                           8%] [Cov:===============================>   91%][Progress:===>                          10%] [Cov:===============================>   91%][Progress:===>                          11%] [Cov:===============================>   91%][Progress:===>                          12%] [Cov:================================>  93%][Progress:===>                          13%] [Cov:================================>  93%][Progress:===>                          13%] [Cov:================================>  93%][Progress:====>                         14%] [Cov:================================>  93%][Progress:====>                         15%] [Cov:================================>  93%][Progress:====>                         16%] [Cov:================================>  93%][Progress:=====>                        17%] [Cov:================================>  93%][Progress:=====>                        17%] [Cov:================================>  93%][Progress:=====>                        18%] [Cov:================================>  93%][Progress:=====>                        19%] [Cov:================================>  93%][Progress:======>                       20%] [Cov:================================>  93%][Progress:======>                       20%] [Cov:================================>  93%][Progress:======>                       21%] [Cov:================================>  93%][Progress:======>                       22%] [Cov:================================>  93%][Progress:======>                       22%] [Cov:================================>  93%][Progress:======>                       23%] [Cov:================================>  93%][Progress:=======>                      24%] [Cov:================================>  93%][Progress:=======>                      25%] [Cov:================================>  93%][Progress:=======>                      25%] [Cov:================================>  93%][Progress:=======>                      26%] [Cov:================================>  93%][Progress:========>                     27%] [Cov:================================>  93%][Progress:========>                     27%] [Cov:================================>  93%][Progress:========>                     28%] [Cov:================================>  93%][Progress:========>                     29%] [Cov:================================>  93%][Progress:========>                     29%] [Cov:================================>  93%][Progress:=========>                    30%] [Cov:================================>  93%][Progress:=========>                    31%] [Cov:================================>  93%][Progress:=========>                    31%] [Cov:================================>  93%][Progress:=========>                    31%] [Cov:================================>  93%][Progress:=========>                    32%] [Cov:================================>  93%][Progress:=========>                    32%] [Cov:================================>  93%][Progress:=========>                    33%] [Cov:================================>  93%][Progress:=========>                    33%] [Cov:================================>  93%][Progress:==========>                   34%] [Cov:================================>  93%][Progress:==========>                   34%] [Cov:===================================100%]
* Search finished after 69s and 44 generations, 29950 statements, best individual has fitness: 0.0
* Generated before the refinement 4 tests with total length 17
statement is: de.beiri22.stringincrementor.helper.IndexedString(Ljava/lang/String;)V type is: class org.evosuite.testcase.statements.ConstructorStatement return type class de.beiri22.stringincrementor.helper.IndexedString
statement code is: IndexedString indexedString = new IndexedString("6h[e#`W6J:8Ulf")
statement is: org.evosuite.testcase.statements.ArrayStatement@f6f40ad type is: class org.evosuite.testcase.statements.ArrayStatement return type class [C
statement code is: char[] charArray = new char[1]
statement is: org.evosuite.testcase.statements.AssignmentStatement@9132d862 type is: class org.evosuite.testcase.statements.AssignmentStatement return type char
statement code is: charArray[0] = '6'
statement is: indexOf([C)I type is: class org.evosuite.testcase.statements.MethodStatement return type int
statement code is: int indexOf = indexedString.indexOf(arg0)
test data is: IndexedString indexedString = new IndexedString("6h[e#`W6J:8Ulf");
char[] charArray = new char[1];
charArray[0] = '6';
indexedString.indexOf(charArray);

** It was a parseable test case! 
Improved test data is: class DummyClass {
    public static void main() {
        IndexedString indexedString = new IndexedString("Hello World!");
        char[] charArray = new char[3];
        charArray[0] = 'H';
        charArray[1] = 'e';
        charArray[2] = 'l';
        indexedString.indexOf(charArray);
    }
}
statement is: IndexedString indexedString = new IndexedString("Hello World!"), class spoon.support.reflect.code.CtLocalVariableImpl
class spoon.support.reflect.code.CtConstructorCallImpl
statement is: char[] charArray = new char[3], class spoon.support.reflect.code.CtLocalVariableImpl
class spoon.support.reflect.code.CtNewArrayImpl
Dimension: [3] Ct is: char[] charArray = new char[1] isAssignment: false Array: new char[3] Elements: []
lengths: [1] [3]
Their type are: class [C char[]
statement is: charArray[0] = 'H', class spoon.support.reflect.code.CtAssignmentImpl
Assigned : charArray[0] Assigned Type class spoon.support.reflect.code.CtArrayWriteImpl char Assignment:'H' Ct is: charArray[0] = 'H'
target : charArray class spoon.support.reflect.code.CtLiteralImpl
TestCase Could not be added: org.evosuite.testcase.statements.AssignmentStatement@8398be21
statement is: charArray[1] = 'e', class spoon.support.reflect.code.CtAssignmentImpl
Assigned : charArray[1] Assigned Type class spoon.support.reflect.code.CtArrayWriteImpl char Assignment:'e' Ct is: charArray[1] = 'e'
target : charArray class spoon.support.reflect.code.CtLiteralImpl
TestCase Could not be added: org.evosuite.testcase.statements.AssignmentStatement@323590a0
statement is: charArray[2] = 'l', class spoon.support.reflect.code.CtAssignmentImpl
Assigned : charArray[2] Assigned Type class spoon.support.reflect.code.CtArrayWriteImpl char Assignment:'l' Ct is: charArray[2] = 'l'
target : charArray class spoon.support.reflect.code.CtLiteralImpl
TestCase Could not be added: org.evosuite.testcase.statements.AssignmentStatement@3f801a55
statement is: indexedString.indexOf(charArray), class spoon.support.reflect.code.CtInvocationImpl
invocation is: indexedString.indexOf(charArray) target is: indexedString method is: indexOf(char[])
source statement: de.beiri22.stringincrementor.helper.IndexedString(Ljava/lang/String;)V callee: VariableReference: Statement 0, type de.beiri22.stringincrementor.helper.IndexedStringindex is: 1
Matched Method is: indexOf([C)I
* this is vulnerable: char _char = 'H'
* this is vulnerable: char _char = 'e'
* this is vulnerable: char _char = 'l'
TestCase is: String string = "Hello World!";
IndexedString indexedString = new IndexedString(string);
char[] charArray = new char[1];
char _char = 'H';
char _char = 'e';
char _char = 'l';
((IndexedString) string).indexOf(charArray);

statement is: de.beiri22.stringincrementor.helper.IndexedString(Ljava/lang/String;)V type is: class org.evosuite.testcase.statements.ConstructorStatement return type class de.beiri22.stringincrementor.helper.IndexedString
statement code is: IndexedString indexedString = new IndexedString("/N$>xr3h%5)?*bcqYSE")
statement is: org.evosuite.testcase.statements.ArrayStatement@592ba914 type is: class org.evosuite.testcase.statements.ArrayStatement return type class [C
statement code is: char[] charArray = new char[19]
statement is: org.evosuite.testcase.statements.AssignmentStatement@489aba91 type is: class org.evosuite.testcase.statements.AssignmentStatement return type char
statement code is: charArray[0] = 'b'
statement is: indexOf([C)I type is: class org.evosuite.testcase.statements.MethodStatement return type int
statement code is: int indexOf = indexedString.indexOf(arg0)
test data is: IndexedString indexedString = new IndexedString("/N$>xr3h%5)?*bcqYSE");
char[] charArray = new char[19];
charArray[0] = 'b';
indexedString.indexOf(charArray);

** It was a parseable test case! 
Improved test data is: class DummyClass {
    public static void main() {
        IndexedString indexedString = new IndexedString("$#!@%^&*()_+-=[]{}|;\':\"<>,./?`~");
        char[] charArray = new char[19];
        for (int i = 0; i < charArray.length; i++) {
            charArray[i] = 'a';
        }
        indexedString.indexOf(charArray);
    }
}
statement is: IndexedString indexedString = new IndexedString("$#!@%^&*()_+-=[]{}|;\':\"<>,./?`~"), class spoon.support.reflect.code.CtLocalVariableImpl
class spoon.support.reflect.code.CtConstructorCallImpl
statement is: char[] charArray = new char[19], class spoon.support.reflect.code.CtLocalVariableImpl
class spoon.support.reflect.code.CtNewArrayImpl
Dimension: [19] Ct is: char[] charArray = new char[19] isAssignment: false Array: new char[19] Elements: []
lengths: [19] [19]
Their type are: class [C char[]
statement is: for (int i = 0; i < charArray.length; i++) {
    charArray[i] = 'a';
}, class spoon.support.reflect.code.CtForImpl
statement is: indexedString.indexOf(charArray), class spoon.support.reflect.code.CtInvocationImpl
invocation is: indexedString.indexOf(charArray) target is: indexedString method is: indexOf(char[])
source statement: de.beiri22.stringincrementor.helper.IndexedString(Ljava/lang/String;)V callee: VariableReference: Statement 0, type de.beiri22.stringincrementor.helper.IndexedStringindex is: 1
Matched Method is: indexOf([C)I
TestCase is: String string = "$#!@%^&*()_+-=[]{}|;':\"<>,./?`~";
IndexedString indexedString = new IndexedString(string);
char[] charArray = new char[19];
((IndexedString) string).indexOf(charArray);

statement is: de.beiri22.stringincrementor.helper.IndexedString(Ljava/lang/String;)V type is: class org.evosuite.testcase.statements.ConstructorStatement return type class de.beiri22.stringincrementor.helper.IndexedString
statement code is: IndexedString indexedString = new IndexedString("/N$>xr3h%5)?*bcqYSE")
statement is: org.evosuite.testcase.statements.ArrayStatement@facf4def type is: class org.evosuite.testcase.statements.ArrayStatement return type class [C
statement code is: char[] charArray = new char[4]
statement is: org.evosuite.testcase.statements.AssignmentStatement@e679bd2d type is: class org.evosuite.testcase.statements.AssignmentStatement return type char
statement code is: charArray[0] = 'b'
statement is: org.evosuite.testcase.statements.AssignmentStatement@8ae8f8a8 type is: class org.evosuite.testcase.statements.AssignmentStatement return type char
statement code is: charArray[1] = 'c'
statement is: indexOf([C)I type is: class org.evosuite.testcase.statements.MethodStatement return type int
statement code is: int indexOf = indexedString.indexOf(arg0)
test data is: IndexedString indexedString = new IndexedString("/N$>xr3h%5)?*bcqYSE");
char[] charArray = new char[4];
charArray[0] = 'b';
charArray[1] = 'c';
indexedString.indexOf(charArray);

** It was a parseable test case! 
Improved test data is: class DummyClass {
    public static void main() {
        IndexedString indexedString = new IndexedString("/N$>xr3h%5)?*bcqYSE");
        char[] charArray = new char[4];
        charArray[0] = 'b';
        charArray[1] = 'c';
        indexedString.indexOf(charArray);
        // This code snippet tests the IndexedString.indexOf() method with a character array containing two characters 'b' and 'c'. The expected result is 2, which represents the index of the first occurrence of the substring "bc" in the string. }}
    }
}
statement is: IndexedString indexedString = new IndexedString("/N$>xr3h%5)?*bcqYSE"), class spoon.support.reflect.code.CtLocalVariableImpl
class spoon.support.reflect.code.CtConstructorCallImpl
statement is: char[] charArray = new char[4], class spoon.support.reflect.code.CtLocalVariableImpl
class spoon.support.reflect.code.CtNewArrayImpl
Dimension: [4] Ct is: char[] charArray = new char[4] isAssignment: false Array: new char[4] Elements: []
lengths: [4] [4]
Their type are: class [C char[]
statement is: charArray[0] = 'b', class spoon.support.reflect.code.CtAssignmentImpl
Assigned : charArray[0] Assigned Type class spoon.support.reflect.code.CtArrayWriteImpl char Assignment:'b' Ct is: charArray[0] = 'b'
target : charArray class spoon.support.reflect.code.CtLiteralImpl
TestCase Could not be added: org.evosuite.testcase.statements.AssignmentStatement@cc2042b8
statement is: charArray[1] = 'c', class spoon.support.reflect.code.CtAssignmentImpl
Assigned : charArray[1] Assigned Type class spoon.support.reflect.code.CtArrayWriteImpl char Assignment:'c' Ct is: charArray[1] = 'c'
target : charArray class spoon.support.reflect.code.CtLiteralImpl
TestCase Could not be added: org.evosuite.testcase.statements.AssignmentStatement@c2a5e08e
statement is: indexedString.indexOf(charArray), class spoon.support.reflect.code.CtInvocationImpl
invocation is: indexedString.indexOf(charArray) target is: indexedString method is: indexOf(char[])
source statement: de.beiri22.stringincrementor.helper.IndexedString(Ljava/lang/String;)V callee: VariableReference: Statement 0, type de.beiri22.stringincrementor.helper.IndexedStringindex is: 1
Matched Method is: indexOf([C)I
statement is: // This code snippet tests the IndexedString.indexOf() method with a character array containing two characters 'b' and 'c'. The expected result is 2, which represents the index of the first occurrence of the substring "bc" in the string. }}, class spoon.support.reflect.code.CtCommentImpl
* this is vulnerable: char _char = 'b'
* this is vulnerable: char _char = 'c'
TestCase is: String string = "/N$>xr3h%5)?*bcqYSE";
IndexedString indexedString = new IndexedString(string);
char[] charArray = new char[4];
char _char = 'b';
char _char = 'c';
((IndexedString) string).indexOf(charArray);

statement is: de.beiri22.stringincrementor.helper.IndexedString(Ljava/lang/String;)V type is: class org.evosuite.testcase.statements.ConstructorStatement return type class de.beiri22.stringincrementor.helper.IndexedString
statement code is: IndexedString indexedString = new IndexedString("/N$>xr3h%5)?*bcqYSE")
statement is: org.evosuite.testcase.statements.ArrayStatement@74411a0f type is: class org.evosuite.testcase.statements.ArrayStatement return type class [C
statement code is: char[] charArray = new char[1]
statement is: org.evosuite.testcase.statements.AssignmentStatement@c6ae9417 type is: class org.evosuite.testcase.statements.AssignmentStatement return type char
statement code is: charArray[0] = 'b'
statement is: indexOf([C)I type is: class org.evosuite.testcase.statements.MethodStatement return type int
statement code is: int indexOf = indexedString.indexOf(arg0)
test data is: IndexedString indexedString = new IndexedString("/N$>xr3h%5)?*bcqYSE");
char[] charArray = new char[1];
charArray[0] = 'b';
indexedString.indexOf(charArray);

** It was a parseable test case! 
Improved test data is: class DummyClass {
    public static void main() {
        IndexedString indexedString = new IndexedString("/N$>xr3h%5)?*bcqYSE");
        char[] charArray = new char[1];
        charArray[0] = 'B';
        indexedString.indexOf(charArray);
        Assert.assertEquals(indexedString.indexOf(charArray), 4);// testing that the correct index is returned when searching for a single character in the string. }}

    }
}
statement is: IndexedString indexedString = new IndexedString("/N$>xr3h%5)?*bcqYSE"), class spoon.support.reflect.code.CtLocalVariableImpl
class spoon.support.reflect.code.CtConstructorCallImpl
statement is: char[] charArray = new char[1], class spoon.support.reflect.code.CtLocalVariableImpl
class spoon.support.reflect.code.CtNewArrayImpl
Dimension: [1] Ct is: char[] charArray = new char[1] isAssignment: false Array: new char[1] Elements: []
lengths: [1] [1]
Their type are: class [C char[]
statement is: charArray[0] = 'B', class spoon.support.reflect.code.CtAssignmentImpl
Assigned : charArray[0] Assigned Type class spoon.support.reflect.code.CtArrayWriteImpl char Assignment:'B' Ct is: charArray[0] = 'B'
target : charArray class spoon.support.reflect.code.CtLiteralImpl
TestCase Could not be added: org.evosuite.testcase.statements.AssignmentStatement@d76d5ed
statement is: indexedString.indexOf(charArray), class spoon.support.reflect.code.CtInvocationImpl
invocation is: indexedString.indexOf(charArray) target is: indexedString method is: indexOf(char[])
source statement: de.beiri22.stringincrementor.helper.IndexedString(Ljava/lang/String;)V callee: VariableReference: Statement 0, type de.beiri22.stringincrementor.helper.IndexedStringindex is: 1
Matched Method is: indexOf([C)I
statement is: Assert.assertEquals(indexedString.indexOf(charArray), 4)// testing that the correct index is returned when searching for a single character in the string. }}
, class spoon.support.reflect.code.CtInvocationImpl
invocation is: Assert.assertEquals(indexedString.indexOf(charArray), 4)// testing that the correct index is returned when searching for a single character in the string. }}
 target is: Assert method is: assertEquals(int)
* this is vulnerable: char _char = 'B'
TestCase is: String string = "/N$>xr3h%5)?*bcqYSE";
IndexedString indexedString = new IndexedString(string);
char[] charArray = new char[1];
char _char = 'B';
((IndexedString) string).indexOf(charArray);

* test suite isTestSuite: 8
Test 0: 
IndexedString indexedString = new IndexedString("6h[e#`W6J:8Ulf");
char[] charArray = new char[1];
charArray[0] = '6';
indexedString.indexOf(charArray);

Test 1: 
IndexedString indexedString = new IndexedString("/N$>xr3h%5)?*bcqYSE");
char[] charArray = new char[19];
charArray[0] = 'b';
indexedString.indexOf(charArray);
Test 2: 
IndexedString indexedString = new IndexedString("/N$>xr3h%5)?*bcqYSE");
char[] charArray = new char[4];
charArray[0] = 'b';
charArray[1] = 'c';
indexedString.indexOf(charArray);
Test 3: 
IndexedString indexedString = new IndexedString("/N$>xr3h%5)?*bcqYSE");
char[] charArray = new char[1];
charArray[0] = 'b';
indexedString.indexOf(charArray);
Test 4: 
IndexedString indexedString = new IndexedString("Hello World!");
char[] charArray = new char[1];
((IndexedString)"Hello World!").indexOf(charArray);

Test 5: 
IndexedString indexedString = new IndexedString("$#!@%^&*()_+-=[]{}|;':\"<>,./?`~");
char[] charArray = new char[19];
((IndexedString)"$#!@%^&*()_+-=[]{}|;':\"<>,./?`~").indexOf(charArray);

Test 6: 
IndexedString indexedString = new IndexedString("/N$>xr3h%5)?*bcqYSE");
char[] charArray = new char[4];
((IndexedString)"/N$>xr3h%5)?*bcqYSE").indexOf(charArray);

Test 7: 
IndexedString indexedString = new IndexedString("/N$>xr3h%5)?*bcqYSE");
char[] charArray = new char[1];
((IndexedString)"/N$>xr3h%5)?*bcqYSE").indexOf(charArray);


* Generated after the refinement and before minimization 8 tests with total length 29
* test suite isTestSuite: 8
Test 0: 
IndexedString indexedString = new IndexedString("6h[e#`W6J:8Ulf");
char[] charArray = new char[1];
charArray[0] = '6';
indexedString.indexOf(charArray);

Test 1: 
IndexedString indexedString = new IndexedString("/N$>xr3h%5)?*bcqYSE");
char[] charArray = new char[19];
charArray[0] = 'b';
indexedString.indexOf(charArray);
Test 2: 
IndexedString indexedString = new IndexedString("/N$>xr3h%5)?*bcqYSE");
char[] charArray = new char[4];
charArray[0] = 'b';
charArray[1] = 'c';
indexedString.indexOf(charArray);
Test 3: 
IndexedString indexedString = new IndexedString("/N$>xr3h%5)?*bcqYSE");
char[] charArray = new char[1];
charArray[0] = 'b';
indexedString.indexOf(charArray);
Test 4: 
IndexedString indexedString = new IndexedString("Hello World!");
char[] charArray = new char[1];
((IndexedString)"Hello World!").indexOf(charArray);

Test 5: 
IndexedString indexedString = new IndexedString("$#!@%^&*()_+-=[]{}|;':\"<>,./?`~");
char[] charArray = new char[19];
((IndexedString)"$#!@%^&*()_+-=[]{}|;':\"<>,./?`~").indexOf(charArray);

Test 6: 
IndexedString indexedString = new IndexedString("/N$>xr3h%5)?*bcqYSE");
char[] charArray = new char[4];
((IndexedString)"/N$>xr3h%5)?*bcqYSE").indexOf(charArray);

Test 7: 
IndexedString indexedString = new IndexedString("/N$>xr3h%5)?*bcqYSE");
char[] charArray = new char[1];
((IndexedString)"/N$>xr3h%5)?*bcqYSE").indexOf(charArray);


* Minimizing test suite
* test suite isTestSuite: 4
Test 0: 
IndexedString indexedString = new IndexedString("6h[e#`W6J:8Ulf");
char[] charArray = new char[1];
charArray[0] = '6';
indexedString.indexOf(charArray);

Test 1: 
IndexedString indexedString = new IndexedString("/N$>xr3h%5)?*bcqYSE");
char[] charArray = new char[19];
charArray[0] = 'b';
indexedString.indexOf(charArray);
Test 2: 
IndexedString indexedString = new IndexedString("/N$>xr3h%5)?*bcqYSE");
char[] charArray = new char[4];
charArray[0] = 'b';
charArray[1] = 'c';
indexedString.indexOf(charArray);
Test 3: 
IndexedString indexedString = new IndexedString("/N$>xr3h%5)?*bcqYSE");
char[] charArray = new char[1];
charArray[0] = 'b';
indexedString.indexOf(charArray);

* Going to analyze the coverage criteria
* Coverage analysis for criterion BRANCH
* Coverage of criterion BRANCH: 100%
* Total number of goals: 20
* Number of covered goals: 20
* Coverage analysis for criterion LINE
* Coverage of criterion LINE: 100%
* Total number of goals: 30
* Number of covered goals: 30
* Coverage analysis for criterion OUTPUT
* Coverage of criterion OUTPUT: 100%
* Total number of goals: 3
* Number of covered goals: 3
* Coverage analysis for criterion METHOD
* Coverage of criterion METHOD: 100%
* Total number of goals: 2
* Number of covered goals: 2
* Coverage analysis for criterion CBRANCH
* Coverage of criterion CBRANCH: 100%
* Total number of goals: 20
* Number of covered goals: 20
* Generated 4 tests with total length 17
* Resulting test suite's coverage: 100% (average coverage for all fitness functions)
* Generating assertions
* Resulting test suite's mutation score: 61%
* Compiling and checking tests
Going to execute: removeTestsThatDoNotCompile
* Compiling Tests
** Write a test suite: 0 called: 0 to improve: false
* Compiling Tests
** Write a test suite: 0 called: 0 to improve: true
** Improve Understandability: ** Test Code is: IndexedString indexedString = new IndexedString("6h[e#`W6J:8Ulf");
char[] arg0 = new char[1];
arg0[0] = '6';
int indexOf = indexedString.indexOf(arg0);
assertEquals(0, indexOf);


** It was a parseable test case! 
refined test name is: testIndexOfFirstOccurrence
* Compiling Tests
** Write a test suite: 0 called: 0 to improve: false
* Compiling Tests
** Write a test suite: 0 called: 0 to improve: true
** Improve Understandability: ** Test Code is: IndexedString indexedString = new IndexedString("/N$>xr3h%5)?*bcqYSE");
char[] arg0 = new char[19];
arg0[0] = 'b';
int indexOf = indexedString.indexOf(arg0);
assertEquals((-1), indexOf);


** It was a parseable test case! 
refined test name is: testIndexOfWithNonExistingArrayOfCharacters
* Compiling Tests
** Write a test suite: 0 called: 0 to improve: false
* Compiling Tests
** Write a test suite: 0 called: 0 to improve: true
** Improve Understandability: ** Test Code is: IndexedString indexedString = new IndexedString("/N$>xr3h%5)?*bcqYSE");
char[] arg0 = new char[4];
arg0[0] = 'b';
arg0[1] = 'c';
int indexOf = indexedString.indexOf(arg0);
assertEquals((-1), indexOf);


** It was a parseable test case! 
refined test name is: testIndexedStringNotFound
* Compiling Tests
** Write a test suite: 0 called: 0 to improve: false
* Compiling Tests
** Write a test suite: 0 called: 0 to improve: true
** Improve Understandability: ** Test Code is: IndexedString indexedString = new IndexedString("/N$>xr3h%5)?*bcqYSE");
char[] arg0 = new char[1];
arg0[0] = 'b';
int indexOf = indexedString.indexOf(arg0);
assertEquals(13, indexOf);


** It was a parseable test case! 
refined test name is: testIndexOfSingleCharacterReturnsCorrectIndex
Going to execute: handleTestsThatAreUnstable
* Compiling Tests
[MASTER] 04:22:31.001 [logback-1] WARN  AgentLoader - Failed to find EvoSuite jar in current classloader. URLs of classloader:
file:/root/.sdkman/candidates/java/8.0.333.fx-librca/jre/../lib/tools.jar
file:/root/.sdkman/candidates/java/8.0.333.fx-librca/jre/lib/ext/cldrdata.jar
file:/tmp/EvoSuite_pathingJar672383733173610957.jar
file:/root/.sdkman/candidates/java/8.0.333.fx-librca/jre/lib/ext/sunec.jar
file:/root/.sdkman/candidates/java/8.0.333.fx-librca/jre/lib/ext/localedata.jar
file:/root/.sdkman/candidates/java/8.0.333.fx-librca/jre/lib/ext/jaccess.jar
file:/root/.sdkman/candidates/java/8.0.333.fx-librca/jre/lib/ext/dnsns.jar
file:/root/.sdkman/candidates/java/8.0.333.fx-librca/jre/lib/ext/sunpkcs11.jar
file:/root/.sdkman/candidates/java/8.0.333.fx-librca/jre/lib/ext/zipfs.jar
file:/root/.sdkman/candidates/java/8.0.333.fx-librca/jre/lib/ext/jfxrt.jar
file:/root/.sdkman/candidates/java/8.0.333.fx-librca/jre/lib/ext/sunjce_provider.jar
file:/root/.sdkman/candidates/java/8.0.333.fx-librca/jre/lib/ext/nashorn.jar
Going to execute: handleTestsThatAreUnstable
* Compiling Tests
[MASTER] 04:22:31.019 [logback-1] WARN  JUnitAnalyzer - Found unstable test named initializationError -> class java.lang.RuntimeException: Cannot find either the compilation target folder nor the EvoSuite jar in classpath: /tmp/EvoSuite_pathingJar672383733173610957.jar
Going to execute: handleTestsThatAreUnstable
[MASTER] 04:22:31.193 [logback-1] WARN  AgentLoader - Failed to find EvoSuite jar in current classloader. URLs of classloader:
file:/root/.sdkman/candidates/java/8.0.333.fx-librca/jre/../lib/tools.jar
file:/root/.sdkman/candidates/java/8.0.333.fx-librca/jre/lib/ext/cldrdata.jar
file:/tmp/EvoSuite_pathingJar672383733173610957.jar
file:/root/.sdkman/candidates/java/8.0.333.fx-librca/jre/lib/ext/sunec.jar
file:/root/.sdkman/candidates/java/8.0.333.fx-librca/jre/lib/ext/localedata.jar
file:/root/.sdkman/candidates/java/8.0.333.fx-librca/jre/lib/ext/jaccess.jar
file:/root/.sdkman/candidates/java/8.0.333.fx-librca/jre/lib/ext/dnsns.jar
file:/root/.sdkman/candidates/java/8.0.333.fx-librca/jre/lib/ext/sunpkcs11.jar
file:/root/.sdkman/candidates/java/8.0.333.fx-librca/jre/lib/ext/zipfs.jar
file:/root/.sdkman/candidates/java/8.0.333.fx-librca/jre/lib/ext/jfxrt.jar
file:/root/.sdkman/candidates/java/8.0.333.fx-librca/jre/lib/ext/sunjce_provider.jar
file:/root/.sdkman/candidates/java/8.0.333.fx-librca/jre/lib/ext/nashorn.jar
* Compiling Tests
[MASTER] 04:22:31.194 [logback-1] WARN  JUnitAnalyzer - Found unstable test named initializationError -> class java.lang.RuntimeException: Cannot find either the compilation target folder nor the EvoSuite jar in classpath: /tmp/EvoSuite_pathingJar672383733173610957.jar
[MASTER] 04:22:31.339 [logback-1] WARN  AgentLoader - Failed to find EvoSuite jar in current classloader. URLs of classloader:
file:/root/.sdkman/candidates/java/8.0.333.fx-librca/jre/../lib/tools.jar
file:/root/.sdkman/candidates/java/8.0.333.fx-librca/jre/lib/ext/cldrdata.jar
file:/tmp/EvoSuite_pathingJar672383733173610957.jar
file:/root/.sdkman/candidates/java/8.0.333.fx-librca/jre/lib/ext/sunec.jar
file:/root/.sdkman/candidates/java/8.0.333.fx-librca/jre/lib/ext/localedata.jar
file:/root/.sdkman/candidates/java/8.0.333.fx-librca/jre/lib/ext/jaccess.jar
file:/root/.sdkman/candidates/java/8.0.333.fx-librca/jre/lib/ext/dnsns.jar
file:/root/.sdkman/candidates/java/8.0.333.fx-librca/jre/lib/ext/sunpkcs11.jar
file:/root/.sdkman/candidates/java/8.0.333.fx-librca/jre/lib/ext/zipfs.jar
file:/root/.sdkman/candidates/java/8.0.333.fx-librca/jre/lib/ext/jfxrt.jar
file:/root/.sdkman/candidates/java/8.0.333.fx-librca/jre/lib/ext/sunjce_provider.jar
file:/root/.sdkman/candidates/java/8.0.333.fx-librca/jre/lib/ext/nashorn.jar
[MASTER] 04:22:31.340 [logback-1] WARN  JUnitAnalyzer - Found unstable test named initializationError -> class java.lang.RuntimeException: Cannot find either the compilation target folder nor the EvoSuite jar in classpath: /tmp/EvoSuite_pathingJar672383733173610957.jar
Going to execute: handleTestsThatAreUnstable
* Compiling Tests
[MASTER] 04:22:31.481 [logback-1] WARN  AgentLoader - Failed to find EvoSuite jar in current classloader. URLs of classloader:
file:/root/.sdkman/candidates/java/8.0.333.fx-librca/jre/../lib/tools.jar
file:/root/.sdkman/candidates/java/8.0.333.fx-librca/jre/lib/ext/cldrdata.jar
file:/tmp/EvoSuite_pathingJar672383733173610957.jar
file:/root/.sdkman/candidates/java/8.0.333.fx-librca/jre/lib/ext/sunec.jar
file:/root/.sdkman/candidates/java/8.0.333.fx-librca/jre/lib/ext/localedata.jar
file:/root/.sdkman/candidates/java/8.0.333.fx-librca/jre/lib/ext/jaccess.jar
file:/root/.sdkman/candidates/java/8.0.333.fx-librca/jre/lib/ext/dnsns.jar
file:/root/.sdkman/candidates/java/8.0.333.fx-librca/jre/lib/ext/sunpkcs11.jar
file:/root/.sdkman/candidates/java/8.0.333.fx-librca/jre/lib/ext/zipfs.jar
file:/root/.sdkman/candidates/java/8.0.333.fx-librca/jre/lib/ext/jfxrt.jar
file:/root/.sdkman/candidates/java/8.0.333.fx-librca/jre/lib/ext/sunjce_provider.jar
file:/root/.sdkman/candidates/java/8.0.333.fx-librca/jre/lib/ext/nashorn.jar
[MASTER] 04:22:31.482 [logback-1] WARN  JUnitAnalyzer - Found unstable test named initializationError -> class java.lang.RuntimeException: Cannot find either the compilation target folder nor the EvoSuite jar in classpath: /tmp/EvoSuite_pathingJar672383733173610957.jar
Going to execute: handleTestsThatAreUnstable
* Compiling Tests
[MASTER] 04:22:31.937 [logback-1] WARN  AgentLoader - Failed to find EvoSuite jar in current classloader. URLs of classloader:
file:/root/.sdkman/candidates/java/8.0.333.fx-librca/jre/../lib/tools.jar
file:/root/.sdkman/candidates/java/8.0.333.fx-librca/jre/lib/ext/cldrdata.jar
file:/tmp/EvoSuite_pathingJar672383733173610957.jar
file:/root/.sdkman/candidates/java/8.0.333.fx-librca/jre/lib/ext/sunec.jar
file:/root/.sdkman/candidates/java/8.0.333.fx-librca/jre/lib/ext/localedata.jar
file:/root/.sdkman/candidates/java/8.0.333.fx-librca/jre/lib/ext/jaccess.jar
file:/root/.sdkman/candidates/java/8.0.333.fx-librca/jre/lib/ext/dnsns.jar
file:/root/.sdkman/candidates/java/8.0.333.fx-librca/jre/lib/ext/sunpkcs11.jar
file:/root/.sdkman/candidates/java/8.0.333.fx-librca/jre/lib/ext/zipfs.jar
file:/root/.sdkman/candidates/java/8.0.333.fx-librca/jre/lib/ext/jfxrt.jar
file:/root/.sdkman/candidates/java/8.0.333.fx-librca/jre/lib/ext/sunjce_provider.jar
file:/root/.sdkman/candidates/java/8.0.333.fx-librca/jre/lib/ext/nashorn.jar
[MASTER] 04:22:31.938 [logback-1] WARN  JUnitAnalyzer - Found unstable test named initializationError -> class java.lang.RuntimeException: Cannot find either the compilation target folder nor the EvoSuite jar in classpath: /tmp/EvoSuite_pathingJar672383733173610957.jar
Going to execute: handleTestsThatAreUnstable
* Compiling Tests
[MASTER] 04:22:32.391 [logback-1] WARN  AgentLoader - Failed to find EvoSuite jar in current classloader. URLs of classloader:
file:/root/.sdkman/candidates/java/8.0.333.fx-librca/jre/../lib/tools.jar
file:/root/.sdkman/candidates/java/8.0.333.fx-librca/jre/lib/ext/cldrdata.jar
file:/tmp/EvoSuite_pathingJar672383733173610957.jar
file:/root/.sdkman/candidates/java/8.0.333.fx-librca/jre/lib/ext/sunec.jar
file:/root/.sdkman/candidates/java/8.0.333.fx-librca/jre/lib/ext/localedata.jar
file:/root/.sdkman/candidates/java/8.0.333.fx-librca/jre/lib/ext/jaccess.jar
file:/root/.sdkman/candidates/java/8.0.333.fx-librca/jre/lib/ext/dnsns.jar
file:/root/.sdkman/candidates/java/8.0.333.fx-librca/jre/lib/ext/sunpkcs11.jar
file:/root/.sdkman/candidates/java/8.0.333.fx-librca/jre/lib/ext/zipfs.jar
file:/root/.sdkman/candidates/java/8.0.333.fx-librca/jre/lib/ext/jfxrt.jar
file:/root/.sdkman/candidates/java/8.0.333.fx-librca/jre/lib/ext/sunjce_provider.jar
file:/root/.sdkman/candidates/java/8.0.333.fx-librca/jre/lib/ext/nashorn.jar
[MASTER] 04:22:32.392 [logback-1] WARN  JUnitAnalyzer - Found unstable test named initializationError -> class java.lang.RuntimeException: Cannot find either the compilation target folder nor the EvoSuite jar in classpath: /tmp/EvoSuite_pathingJar672383733173610957.jar
[MASTER] 04:22:32.731 [logback-1] WARN  TimeController - Already entered in phase: INLINING. This will mess up the timing calculations.
* test suite isTestSuite: 4
Test 0: 
IndexedString indexedString = new IndexedString("6h[e#`W6J:8Ulf");
char[] charArray = new char[1];
charArray[0] = '6';
indexedString.indexOf(charArray);

Test 1: 
IndexedString indexedString = new IndexedString("/N$>xr3h%5)?*bcqYSE");
char[] charArray = new char[19];
charArray[0] = 'b';
indexedString.indexOf(charArray);
Test 2: 
IndexedString indexedString = new IndexedString("/N$>xr3h%5)?*bcqYSE");
char[] charArray = new char[4];
charArray[0] = 'b';
charArray[1] = 'c';
indexedString.indexOf(charArray);
Test 3: 
IndexedString indexedString = new IndexedString("/N$>xr3h%5)?*bcqYSE");
char[] charArray = new char[1];
charArray[0] = 'b';
indexedString.indexOf(charArray);

* Minimizing test suite
* test suite isTestSuite: 4
Test 0: 
IndexedString indexedString = new IndexedString("6h[e#`W6J:8Ulf");
char[] charArray = new char[1];
charArray[0] = '6';
indexedString.indexOf(charArray);

Test 1: 
IndexedString indexedString = new IndexedString("/N$>xr3h%5)?*bcqYSE");
char[] charArray = new char[19];
charArray[0] = 'b';
indexedString.indexOf(charArray);
Test 2: 
IndexedString indexedString = new IndexedString("/N$>xr3h%5)?*bcqYSE");
char[] charArray = new char[4];
charArray[0] = 'b';
charArray[1] = 'c';
indexedString.indexOf(charArray);
Test 3: 
IndexedString indexedString = new IndexedString("/N$>xr3h%5)?*bcqYSE");
char[] charArray = new char[1];
charArray[0] = 'b';
indexedString.indexOf(charArray);

[MASTER] 04:22:38.646 [logback-1] WARN  TimeController - Already entered in phase: MINIMIZATION. This will mess up the timing calculations.
* Going to analyze the coverage criteria
* Coverage analysis for criterion BRANCH
* Coverage of criterion BRANCH: 100%
* Total number of goals: 20
* Number of covered goals: 20
* Coverage analysis for criterion LINE
* Coverage of criterion LINE: 100%
* Total number of goals: 30
* Number of covered goals: 30
* Coverage analysis for criterion OUTPUT
* Coverage of criterion OUTPUT: 100%
* Total number of goals: 3
* Number of covered goals: 3
* Coverage analysis for criterion METHOD
* Coverage of criterion METHOD: 100%
* Total number of goals: 2
* Number of covered goals: 2
* Coverage analysis for criterion CBRANCH
* Coverage of criterion CBRANCH: 100%
* Total number of goals: 20
* Number of covered goals: 20
* Generated 4 tests with total length 17
* Resulting test suite's coverage: 100% (average coverage for all fitness functions)
* Generating assertions
[MASTER] 04:22:38.790 [logback-1] WARN  TimeController - Already entered in phase: COVERAGE_ANALYSIS. This will mess up the timing calculations.
* Resulting test suite's mutation score: 57%
* Compiling and checking tests
Going to execute: removeTestsThatDoNotCompile
[MASTER] 04:22:51.888 [logback-1] WARN  TimeController - Already entered in phase: ASSERTION_GENERATION. This will mess up the timing calculations.
* Compiling Tests
** Write a test suite: 0 called: 0 to improve: false
* Compiling Tests
** Write a test suite: 0 called: 0 to improve: false
* Compiling Tests
** Write a test suite: 0 called: 0 to improve: false
* Compiling Tests
** Write a test suite: 0 called: 0 to improve: false
Going to execute: handleTestsThatAreUnstable
* Compiling Tests
** Write a test suite: 0 called: 0 to improve: false
[MASTER] 04:22:52.787 [logback-1] WARN  AgentLoader - Failed to find EvoSuite jar in current classloader. URLs of classloader:
file:/root/.sdkman/candidates/java/8.0.333.fx-librca/jre/../lib/tools.jar
file:/root/.sdkman/candidates/java/8.0.333.fx-librca/jre/lib/ext/cldrdata.jar
file:/tmp/EvoSuite_pathingJar672383733173610957.jar
file:/root/.sdkman/candidates/java/8.0.333.fx-librca/jre/lib/ext/sunec.jar
file:/root/.sdkman/candidates/java/8.0.333.fx-librca/jre/lib/ext/localedata.jar
file:/root/.sdkman/candidates/java/8.0.333.fx-librca/jre/lib/ext/jaccess.jar
file:/root/.sdkman/candidates/java/8.0.333.fx-librca/jre/lib/ext/dnsns.jar
file:/root/.sdkman/candidates/java/8.0.333.fx-librca/jre/lib/ext/sunpkcs11.jar
file:/root/.sdkman/candidates/java/8.0.333.fx-librca/jre/lib/ext/zipfs.jar
file:/root/.sdkman/candidates/java/8.0.333.fx-librca/jre/lib/ext/jfxrt.jar
file:/root/.sdkman/candidates/java/8.0.333.fx-librca/jre/lib/ext/sunjce_provider.jar
file:/root/.sdkman/candidates/java/8.0.333.fx-librca/jre/lib/ext/nashorn.jar
[MASTER] 04:22:52.788 [logback-1] WARN  JUnitAnalyzer - Found unstable test named initializationError -> class java.lang.RuntimeException: Cannot find either the compilation target folder nor the EvoSuite jar in classpath: /tmp/EvoSuite_pathingJar672383733173610957.jar
Going to execute: handleTestsThatAreUnstable
* Compiling Tests
** Write a test suite: 0 called: 0 to improve: false
[MASTER] 04:22:52.986 [logback-1] WARN  AgentLoader - Failed to find EvoSuite jar in current classloader. URLs of classloader:
file:/root/.sdkman/candidates/java/8.0.333.fx-librca/jre/../lib/tools.jar
file:/root/.sdkman/candidates/java/8.0.333.fx-librca/jre/lib/ext/cldrdata.jar
file:/tmp/EvoSuite_pathingJar672383733173610957.jar
file:/root/.sdkman/candidates/java/8.0.333.fx-librca/jre/lib/ext/sunec.jar
file:/root/.sdkman/candidates/java/8.0.333.fx-librca/jre/lib/ext/localedata.jar
file:/root/.sdkman/candidates/java/8.0.333.fx-librca/jre/lib/ext/jaccess.jar
file:/root/.sdkman/candidates/java/8.0.333.fx-librca/jre/lib/ext/dnsns.jar
file:/root/.sdkman/candidates/java/8.0.333.fx-librca/jre/lib/ext/sunpkcs11.jar
file:/root/.sdkman/candidates/java/8.0.333.fx-librca/jre/lib/ext/zipfs.jar
file:/root/.sdkman/candidates/java/8.0.333.fx-librca/jre/lib/ext/jfxrt.jar
file:/root/.sdkman/candidates/java/8.0.333.fx-librca/jre/lib/ext/sunjce_provider.jar
file:/root/.sdkman/candidates/java/8.0.333.fx-librca/jre/lib/ext/nashorn.jar
[MASTER] 04:22:52.986 [logback-1] WARN  JUnitAnalyzer - Found unstable test named initializationError -> class java.lang.RuntimeException: Cannot find either the compilation target folder nor the EvoSuite jar in classpath: /tmp/EvoSuite_pathingJar672383733173610957.jar
Going to execute: handleTestsThatAreUnstable
* Compiling Tests
** Write a test suite: 0 called: 0 to improve: false
[MASTER] 04:22:53.137 [logback-1] WARN  AgentLoader - Failed to find EvoSuite jar in current classloader. URLs of classloader:
file:/root/.sdkman/candidates/java/8.0.333.fx-librca/jre/../lib/tools.jar
file:/root/.sdkman/candidates/java/8.0.333.fx-librca/jre/lib/ext/cldrdata.jar
file:/tmp/EvoSuite_pathingJar672383733173610957.jar
file:/root/.sdkman/candidates/java/8.0.333.fx-librca/jre/lib/ext/sunec.jar
file:/root/.sdkman/candidates/java/8.0.333.fx-librca/jre/lib/ext/localedata.jar
file:/root/.sdkman/candidates/java/8.0.333.fx-librca/jre/lib/ext/jaccess.jar
file:/root/.sdkman/candidates/java/8.0.333.fx-librca/jre/lib/ext/dnsns.jar
file:/root/.sdkman/candidates/java/8.0.333.fx-librca/jre/lib/ext/sunpkcs11.jar
file:/root/.sdkman/candidates/java/8.0.333.fx-librca/jre/lib/ext/zipfs.jar
file:/root/.sdkman/candidates/java/8.0.333.fx-librca/jre/lib/ext/jfxrt.jar
file:/root/.sdkman/candidates/java/8.0.333.fx-librca/jre/lib/ext/sunjce_provider.jar
file:/root/.sdkman/candidates/java/8.0.333.fx-librca/jre/lib/ext/nashorn.jar
[MASTER] 04:22:53.138 [logback-1] WARN  JUnitAnalyzer - Found unstable test named initializationError -> class java.lang.RuntimeException: Cannot find either the compilation target folder nor the EvoSuite jar in classpath: /tmp/EvoSuite_pathingJar672383733173610957.jar
Going to execute: handleTestsThatAreUnstable
* Compiling Tests
** Write a test suite: 0 called: 0 to improve: false
[MASTER] 04:22:53.295 [logback-1] WARN  AgentLoader - Failed to find EvoSuite jar in current classloader. URLs of classloader:
file:/root/.sdkman/candidates/java/8.0.333.fx-librca/jre/../lib/tools.jar
file:/root/.sdkman/candidates/java/8.0.333.fx-librca/jre/lib/ext/cldrdata.jar
file:/tmp/EvoSuite_pathingJar672383733173610957.jar
file:/root/.sdkman/candidates/java/8.0.333.fx-librca/jre/lib/ext/sunec.jar
file:/root/.sdkman/candidates/java/8.0.333.fx-librca/jre/lib/ext/localedata.jar
file:/root/.sdkman/candidates/java/8.0.333.fx-librca/jre/lib/ext/jaccess.jar
file:/root/.sdkman/candidates/java/8.0.333.fx-librca/jre/lib/ext/dnsns.jar
file:/root/.sdkman/candidates/java/8.0.333.fx-librca/jre/lib/ext/sunpkcs11.jar
file:/root/.sdkman/candidates/java/8.0.333.fx-librca/jre/lib/ext/zipfs.jar
file:/root/.sdkman/candidates/java/8.0.333.fx-librca/jre/lib/ext/jfxrt.jar
file:/root/.sdkman/candidates/java/8.0.333.fx-librca/jre/lib/ext/sunjce_provider.jar
file:/root/.sdkman/candidates/java/8.0.333.fx-librca/jre/lib/ext/nashorn.jar
[MASTER] 04:22:53.295 [logback-1] WARN  JUnitAnalyzer - Found unstable test named initializationError -> class java.lang.RuntimeException: Cannot find either the compilation target folder nor the EvoSuite jar in classpath: /tmp/EvoSuite_pathingJar672383733173610957.jar
Going to execute: handleTestsThatAreUnstable
* Compiling Tests
** Write a test suite: 0 called: 0 to improve: false
** Write a test suite: 1 called: 1 to improve: false
** Write a test suite: 2 called: 2 to improve: false
** Write a test suite: 3 called: 3 to improve: false
[MASTER] 04:22:53.820 [logback-1] WARN  AgentLoader - Failed to find EvoSuite jar in current classloader. URLs of classloader:
file:/root/.sdkman/candidates/java/8.0.333.fx-librca/jre/../lib/tools.jar
file:/root/.sdkman/candidates/java/8.0.333.fx-librca/jre/lib/ext/cldrdata.jar
file:/tmp/EvoSuite_pathingJar672383733173610957.jar
file:/root/.sdkman/candidates/java/8.0.333.fx-librca/jre/lib/ext/sunec.jar
file:/root/.sdkman/candidates/java/8.0.333.fx-librca/jre/lib/ext/localedata.jar
file:/root/.sdkman/candidates/java/8.0.333.fx-librca/jre/lib/ext/jaccess.jar
file:/root/.sdkman/candidates/java/8.0.333.fx-librca/jre/lib/ext/dnsns.jar
file:/root/.sdkman/candidates/java/8.0.333.fx-librca/jre/lib/ext/sunpkcs11.jar
file:/root/.sdkman/candidates/java/8.0.333.fx-librca/jre/lib/ext/zipfs.jar
file:/root/.sdkman/candidates/java/8.0.333.fx-librca/jre/lib/ext/jfxrt.jar
file:/root/.sdkman/candidates/java/8.0.333.fx-librca/jre/lib/ext/sunjce_provider.jar
file:/root/.sdkman/candidates/java/8.0.333.fx-librca/jre/lib/ext/nashorn.jar
[MASTER] 04:22:53.821 [logback-1] WARN  JUnitAnalyzer - Found unstable test named initializationError -> class java.lang.RuntimeException: Cannot find either the compilation target folder nor the EvoSuite jar in classpath: /tmp/EvoSuite_pathingJar672383733173610957.jar
Going to execute: handleTestsThatAreUnstable
* Compiling Tests
** Write a test suite: 0 called: 0 to improve: false
** Write a test suite: 1 called: 1 to improve: false
** Write a test suite: 2 called: 2 to improve: false
** Write a test suite: 3 called: 3 to improve: false
[MASTER] 04:22:54.279 [logback-1] WARN  AgentLoader - Failed to find EvoSuite jar in current classloader. URLs of classloader:
file:/root/.sdkman/candidates/java/8.0.333.fx-librca/jre/../lib/tools.jar
file:/root/.sdkman/candidates/java/8.0.333.fx-librca/jre/lib/ext/cldrdata.jar
file:/tmp/EvoSuite_pathingJar672383733173610957.jar
file:/root/.sdkman/candidates/java/8.0.333.fx-librca/jre/lib/ext/sunec.jar
file:/root/.sdkman/candidates/java/8.0.333.fx-librca/jre/lib/ext/localedata.jar
file:/root/.sdkman/candidates/java/8.0.333.fx-librca/jre/lib/ext/jaccess.jar
file:/root/.sdkman/candidates/java/8.0.333.fx-librca/jre/lib/ext/dnsns.jar
file:/root/.sdkman/candidates/java/8.0.333.fx-librca/jre/lib/ext/sunpkcs11.jar
file:/root/.sdkman/candidates/java/8.0.333.fx-librca/jre/lib/ext/zipfs.jar
file:/root/.sdkman/candidates/java/8.0.333.fx-librca/jre/lib/ext/jfxrt.jar
file:/root/.sdkman/candidates/java/8.0.333.fx-librca/jre/lib/ext/sunjce_provider.jar
file:/root/.sdkman/candidates/java/8.0.333.fx-librca/jre/lib/ext/nashorn.jar
[MASTER] 04:22:54.280 [logback-1] WARN  JUnitAnalyzer - Found unstable test named initializationError -> class java.lang.RuntimeException: Cannot find either the compilation target folder nor the EvoSuite jar in classpath: /tmp/EvoSuite_pathingJar672383733173610957.jar
* Writing tests to file
[MASTER] 04:22:54.285 [logback-1] WARN  TimeController - Already entered in phase: JUNIT_CHECK. This will mess up the timing calculations.
* Writing JUnit test case 'IndexedString_ESTest' to evosuite-tests
* Writing JUnit test case 'IndexedString_Original_ESTest' to evosuite-tests
** Write a test suite: 0 called: 0 to improve: false
** Write a test suite: 1 called: 1 to improve: false
** Write a test suite: 2 called: 2 to improve: false
** Write a test suite: 3 called: 3 to improve: false
* Done!

* Computation finished
