To honour the JVM settings for this build a single-use Daemon process will be forked. For more on this, please refer to https://docs.gradle.org/8.6/userguide/gradle_daemon.html#sec:disabling_the_daemon in the Gradle documentation.
Daemon will be stopped at the end of the build 

> Task :compileJava

> Task :processResources NO-SOURCE
> Task :classes
> Task :jar
> Task :assemble
> Task :compileTestJava
> Task :processTestResources NO-SOURCE
> Task :testClasses

> Task :test

HeapInfo_ESTest > testSetCommitSize() FAILED
    org.opentest4j.AssertionFailedError at HeapInfo_ESTest.java:479

HeapInfo_ESTest > testGetCommitSizeReturningPositive() FAILED
    org.opentest4j.AssertionFailedError at HeapInfo_ESTest.java:241

HeapInfo_ESTest > testEqualsAndEqualsReturningTrue() FAILED
    org.opentest4j.AssertionFailedError at HeapInfo_ESTest.java:507

HeapInfo_ESTest > testGetSizeReturningNegative() FAILED
    org.opentest4j.AssertionFailedError at HeapInfo_ESTest.java:72

J2EEApplicationAlias_ESTest > testCreatesJ2EEApplicationAliasTakingNoArgumentsAndCallsHashCode() FAILED
    org.opentest4j.AssertionFailedError at J2EEApplicationAlias_ESTest.java:280

J2EEApplicationAlias_ESTest > testEqualsAndSetAlias0() FAILED
    org.opentest4j.AssertionFailedError at J2EEApplicationAlias_ESTest.java:374

J2EEApplicationAlias_ESTest > testEqualsAndSetIgnoreCookie1() FAILED
    org.opentest4j.AssertionFailedError at J2EEApplicationAlias_ESTest.java:310

J2EEApplicationAlias_ESTest > testSetAppName() FAILED
    org.opentest4j.AssertionFailedError at J2EEApplicationAlias_ESTest.java:429

J2EEApplicationAlias_ESTest > testGetAppActiveReturningEmptyString() FAILED
    org.opentest4j.AssertionFailedError at J2EEApplicationAlias_ESTest.java:124

HeapInfo_ESTest > initializationError FAILED
    org.junit.runners.model.InvalidTestClassError at ParentRunner.java:525

J2EEApplicationAlias_ESTest > initializationError FAILED
    org.junit.runners.model.InvalidTestClassError at ParentRunner.java:525
There were failing tests. See the report at: file:///home/roham/Results-Utestgen/dataset/SF110-new-UTestGen-src/101_netweaver/build/reports/tests/test/index.html

> Task :jacocoTestReport
> Task :check
> Task :build

Deprecated Gradle features were used in this build, making it incompatible with Gradle 9.0.

You can use '--warning-mode all' to show the individual deprecation warnings and determine if they come from your own scripts or plugins.

For more on this, please refer to https://docs.gradle.org/8.6/userguide/command_line_interface.html#sec:command_line_warnings in the Gradle documentation.

BUILD SUCCESSFUL in 41s
5 actionable tasks: 5 executed
