* EvoSuite 1.0.0-SNAPSHOT
* Going to generate test cases for class: Joshua.FoxHunt.HuntDisplay
* Starting Client-0
* Properties loaded from /home/roham/Results-Utestgen/dataset/SF110-new-res/98_trans-locator/evosuite-files/evosuite.properties
* Connecting to master process on port 18948
* Analyzing classpath: 
* Inheritance tree loaded from evosuite-files/inheritance.xml.gz
[MASTER] 01:28:18.474 [logback-1] WARN  InheritanceTree - Class not in inheritance graph: java.util.function.Consumer
[MASTER] 01:28:18.475 [logback-1] WARN  InheritanceTree - Class not in inheritance graph: java.util.function.Predicate
[MASTER] 01:28:18.502 [logback-1] WARN  InheritanceTree - Class not in inheritance graph: java.util.function.UnaryOperator
[MASTER] 01:28:18.559 [logback-1] WARN  InheritanceTree - Class not in inheritance graph: java.util.function.BiFunction
[MASTER] 01:28:18.559 [logback-1] WARN  InheritanceTree - Class not in inheritance graph: java.util.function.Function
[MASTER] 01:28:18.560 [logback-1] WARN  InheritanceTree - Class not in inheritance graph: java.util.function.BiConsumer
[MASTER] 01:28:20.649 [logback-1] WARN  InheritanceTree - Class not in inheritance graph: java.time.ZoneId
[MASTER] 01:28:20.720 [logback-1] WARN  InheritanceTree - Class not in inheritance graph: java.time.temporal.Temporal
[MASTER] 01:28:20.721 [logback-1] WARN  InheritanceTree - Class not in inheritance graph: java.time.temporal.TemporalAccessor
[MASTER] 01:28:20.721 [logback-1] WARN  InheritanceTree - Class not in inheritance graph: java.time.temporal.TemporalField
[MASTER] 01:28:20.722 [logback-1] WARN  InheritanceTree - Class not in inheritance graph: java.time.temporal.TemporalUnit
[MASTER] 01:28:20.722 [logback-1] WARN  InheritanceTree - Class not in inheritance graph: java.time.temporal.TemporalAmount
[MASTER] 01:28:20.723 [logback-1] WARN  InheritanceTree - Class not in inheritance graph: java.time.Clock
[MASTER] 01:28:20.724 [logback-1] WARN  InheritanceTree - Class not in inheritance graph: java.time.temporal.TemporalQuery
[MASTER] 01:28:20.724 [logback-1] WARN  InheritanceTree - Class not in inheritance graph: java.time.temporal.TemporalAdjuster
[MASTER] 01:28:20.745 [logback-1] WARN  InheritanceTree - Class not in inheritance graph: java.time.chrono.Chronology
[MASTER] 01:28:20.757 [logback-1] WARN  InheritanceTree - Class not in inheritance graph: java.time.chrono.Era
* Finished analyzing classpath
* Generating tests for class Joshua.FoxHunt.HuntDisplay
* Test criteria:
  - Branch Coverage
  - Line Coverage
  - Method-Output Coverage
  - Top-Level Method Coverage
  - Context Branch Coverage
[Progress:>                             0%] [Cov:>                                  0%]* Total number of test goals for DYNAMOSA: 116
* Using seed 1710466095006
* Starting evolution
* Initial Number of Goals in DynaMOSA = 59 / 116
[Progress:>                             2%] [Cov:========================>          71%][Progress:>                             2%] [Cov:=========================>         74%][Progress:>                             3%] [Cov:=========================>         74%][Progress:>                             3%] [Cov:=========================>         74%][Progress:>                             3%] [Cov:=========================>         74%][Progress:>                             3%] [Cov:=========================>         74%][Progress:>                             3%] [Cov:=========================>         74%][Progress:>                             3%] [Cov:=========================>         74%][Progress:>                             3%] [Cov:==========================>        76%][Progress:>                             3%] [Cov:==========================>        76%][Progress:=>                            4%] [Cov:============================>      80%][Progress:=>                            4%] [Cov:============================>      80%][Progress:=>                            4%] [Cov:============================>      80%][Progress:=>                            4%] [Cov:============================>      80%][Progress:=>                            4%] [Cov:============================>      80%][Progress:=>                            4%] [Cov:============================>      80%][Progress:=>                            4%] [Cov:=============================>     84%][Progress:=>                            4%] [Cov:=============================>     84%][Progress:=>                            4%] [Cov:=============================>     84%][MASTER] 01:28:31.657 [logback-1] WARN  InheritanceTree - Class not in inheritance graph: java.time.chrono.ChronoLocalDate
[MASTER] 01:28:31.726 [logback-1] WARN  TestCluster - Failed to check cache for java.lang.Comparable<T> : Type points to itself
[Progress:=>                            5%] [Cov:=============================>     84%][Progress:=>                            5%] [Cov:=============================>     84%][Progress:=>                            5%] [Cov:=============================>     84%][Progress:=>                            5%] [Cov:=============================>     84%][Progress:=>                            5%] [Cov:=============================>     84%][Progress:=>                            5%] [Cov:=============================>     84%][Progress:=>                            5%] [Cov:=============================>     84%][Progress:=>                            5%] [Cov:=============================>     84%][Progress:=>                            5%] [Cov:=============================>     84%][Progress:=>                            5%] [Cov:=============================>     84%][Progress:=>                            5%] [Cov:=============================>     84%][Progress:=>                            5%] [Cov:=============================>     84%][Progress:=>                            6%] [Cov:=============================>     84%][Progress:=>                            6%] [Cov:=============================>     84%][Progress:=>                            6%] [Cov:=============================>     84%][Progress:=>                            6%] [Cov:=============================>     84%][Progress:=>                            6%] [Cov:=============================>     84%][Progress:=>                            6%] [Cov:=============================>     84%][Progress:=>                            6%] [Cov:=============================>     84%][Progress:=>                            6%] [Cov:=============================>     84%][Progress:=>                            6%] [Cov:=============================>     85%][Progress:=>                            6%] [Cov:=============================>     85%][Progress:=>                            6%] [Cov:=============================>     85%][Progress:=>                            6%] [Cov:=============================>     85%][Progress:=>                            6%] [Cov:=============================>     85%][Progress:=>                            6%] [Cov:=============================>     85%][Progress:=>                            6%] [Cov:=============================>     85%][Progress:==>                           7%] [Cov:=============================>     85%][Progress:==>                           7%] [Cov:=============================>     85%][Progress:==>                           7%] [Cov:=============================>     85%][Progress:==>                           7%] [Cov:=============================>     85%][Progress:==>                           7%] [Cov:=============================>     85%][Progress:==>                           7%] [Cov:=============================>     85%][Progress:==>                           7%] [Cov:=============================>     85%][Progress:==>                           7%] [Cov:=============================>     85%][Progress:==>                           7%] [Cov:=============================>     85%][Progress:==>                           7%] [Cov:=============================>     85%][Progress:==>                           7%] [Cov:=============================>     85%][Progress:==>                           7%] [Cov:=============================>     85%][Progress:==>                           7%] [Cov:=============================>     85%][Progress:==>                           7%] [Cov:=============================>     85%][Progress:==>                           7%] [Cov:=============================>     85%][Progress:==>                           7%] [Cov:=============================>     85%][Progress:==>                           8%] [Cov:=============================>     85%][Progress:==>                           8%] [Cov:=============================>     85%][Progress:==>                           8%] [Cov:=============================>     85%][Progress:==>                           8%] [Cov:=============================>     85%][Progress:==>                           8%] [Cov:=============================>     85%][Progress:==>                           8%] [Cov:=============================>     85%][Progress:==>                           8%] [Cov:=============================>     85%][Progress:==>                           8%] [Cov:=============================>     85%][Progress:==>                           8%] [Cov:=============================>     85%][Progress:==>                           8%] [Cov:==============================>    88%][MASTER] 01:28:38.570 [logback-1] WARN  TestCluster - Failed to check cache for javax.swing.JComboBox<E> : Type points to itself
[Progress:==>                           8%] [Cov:==============================>    88%][Progress:==>                           8%] [Cov:==============================>    88%][Progress:==>                           8%] [Cov:===============================>   90%][Progress:==>                           8%] [Cov:===============================>   90%][Progress:==>                           8%] [Cov:===============================>   90%][Progress:==>                           8%] [Cov:===============================>   90%][Progress:==>                           8%] [Cov:===============================>   90%][Progress:==>                           8%] [Cov:===============================>   90%][Progress:==>                           8%] [Cov:===============================>   90%][Progress:==>                           8%] [Cov:===============================>   90%][Progress:==>                           8%] [Cov:===============================>   90%][Progress:==>                           8%] [Cov:===============================>   90%][Progress:==>                           8%] [Cov:===============================>   90%][Progress:==>                           9%] [Cov:===============================>   90%][Progress:==>                           9%] [Cov:===============================>   90%][Progress:==>                           9%] [Cov:===============================>   90%][Progress:==>                           9%] [Cov:===============================>   90%][Progress:==>                           9%] [Cov:===============================>   90%][Progress:==>                           9%] [Cov:===============================>   90%][Progress:==>                           9%] [Cov:===============================>   90%][Progress:==>                           9%] [Cov:===============================>   90%][Progress:==>                           9%] [Cov:===============================>   90%][Progress:==>                           9%] [Cov:===============================>   90%][Progress:==>                           9%] [Cov:===============================>   90%][Progress:==>                           9%] [Cov:===============================>   90%][Progress:==>                           9%] [Cov:===============================>   90%][Progress:==>                           9%] [Cov:===============================>   90%][Progress:==>                           9%] [Cov:===============================>   90%][Progress:==>                           9%] [Cov:===============================>   90%][Progress:==>                           9%] [Cov:===============================>   90%][Progress:==>                           9%] [Cov:===============================>   90%][Progress:==>                           9%] [Cov:===============================>   90%][Progress:==>                           9%] [Cov:===============================>   90%][Progress:==>                           9%] [Cov:===============================>   90%][Progress:==>                           9%] [Cov:===============================>   91%][Progress:==>                           9%] [Cov:===============================>   91%][Progress:==>                           9%] [Cov:===============================>   91%][Progress:==>                           9%] [Cov:===============================>   91%][Progress:==>                           9%] [Cov:================================>  94%][Progress:==>                           9%] [Cov:================================>  94%][Progress:==>                           9%] [Cov:================================>  94%][Progress:==>                           9%] [Cov:================================>  94%][Progress:==>                           9%] [Cov:================================>  94%][Progress:===>                          10%] [Cov:================================>  94%][Progress:===>                          10%] [Cov:================================>  94%][Progress:===>                          10%] [Cov:================================>  94%][Progress:===>                          10%] [Cov:================================>  94%][Progress:===>                          10%] [Cov:================================>  94%][Progress:===>                          10%] [Cov:================================>  94%][Progress:===>                          10%] [Cov:================================>  94%][Progress:===>                          10%] [Cov:================================>  94%][Progress:===>                          10%] [Cov:================================>  94%][Progress:===>                          10%] [Cov:================================>  94%][Progress:===>                          10%] [Cov:================================>  94%][Progress:===>                          10%] [Cov:================================>  94%][Progress:===>                          10%] [Cov:=================================> 95%][Progress:===>                          10%] [Cov:=================================> 95%][Progress:===>                          10%] [Cov:=================================> 95%][Progress:===>                          10%] [Cov:=================================> 95%][Progress:===>                          10%] [Cov:=================================> 95%][Progress:===>                          10%] [Cov:=================================> 95%][Progress:===>                          10%] [Cov:=================================> 95%][Progress:===>                          10%] [Cov:=================================> 95%][Progress:===>                          10%] [Cov:=================================> 95%][Progress:===>                          10%] [Cov:=================================> 95%][Progress:===>                          10%] [Cov:=================================> 95%][Progress:===>                          10%] [Cov:=================================> 95%][Progress:===>                          10%] [Cov:=================================> 95%][Progress:===>                          10%] [Cov:=================================> 95%][Progress:===>                          11%] [Cov:=================================> 95%][Progress:===>                          11%] [Cov:=================================> 95%][Progress:===>                          11%] [Cov:=================================> 95%][Progress:===>                          11%] [Cov:=================================> 95%][Progress:===>                          11%] [Cov:=================================> 95%][Progress:===>                          11%] [Cov:=================================> 95%][Progress:===>                          11%] [Cov:=================================> 95%][Progress:===>                          11%] [Cov:=================================> 95%][Progress:===>                          11%] [Cov:=================================> 95%][Progress:===>                          11%] [Cov:=================================> 95%][Progress:===>                          11%] [Cov:=================================> 95%][Progress:===>                          11%] [Cov:=================================> 95%][Progress:===>                          11%] [Cov:=================================> 97%][Progress:===>                          11%] [Cov:=================================> 97%][Progress:===>                          11%] [Cov:=================================> 97%][Progress:===>                          11%] [Cov:=================================> 97%][Progress:===>                          11%] [Cov:=================================> 97%][Progress:===>                          11%] [Cov:=================================> 97%][Progress:===>                          11%] [Cov:=================================> 97%][Progress:===>                          11%] [Cov:=================================> 97%][Progress:===>                          11%] [Cov:=================================> 97%][Progress:===>                          11%] [Cov:=================================> 97%][Progress:===>                          11%] [Cov:=================================> 97%][Progress:===>                          11%] [Cov:=================================> 97%][Progress:===>                          11%] [Cov:=================================> 97%][Progress:===>                          11%] [Cov:=================================> 97%][Progress:===>                          12%] [Cov:=================================> 97%][Progress:===>                          12%] [Cov:=================================> 97%][Progress:===>                          12%] [Cov:=================================> 97%][Progress:===>                          12%] [Cov:=================================> 97%][Progress:===>                          12%] [Cov:=================================> 97%][Progress:===>                          12%] [Cov:=================================> 97%][Progress:===>                          12%] [Cov:=================================> 97%][Progress:===>                          12%] [Cov:=================================> 97%][Progress:===>                          12%] [Cov:==================================>98%][Progress:===>                          12%] [Cov:==================================>98%][Progress:===>                          12%] [Cov:==================================>98%][Progress:===>                          12%] [Cov:==================================>98%][Progress:===>                          12%] [Cov:==================================>98%][Progress:===>                          12%] [Cov:==================================>98%][Progress:===>                          12%] [Cov:==================================>98%][Progress:===>                          12%] [Cov:==================================>98%][Progress:===>                          12%] [Cov:==================================>98%][Progress:===>                          12%] [Cov:==================================>98%][Progress:===>                          12%] [Cov:==================================>98%][Progress:===>                          12%] [Cov:==================================>98%][Progress:===>                          12%] [Cov:==================================>98%][Progress:===>                          12%] [Cov:==================================>98%][Progress:===>                          12%] [Cov:==================================>98%][Progress:===>                          12%] [Cov:==================================>98%][Progress:===>                          12%] [Cov:==================================>98%][Progress:===>                          12%] [Cov:==================================>98%][Progress:===>                          12%] [Cov:==================================>98%][Progress:===>                          13%] [Cov:==================================>98%][Progress:===>                          13%] [Cov:==================================>98%][Progress:===>                          13%] [Cov:==================================>98%][Progress:===>                          13%] [Cov:==================================>98%][Progress:===>                          13%] [Cov:==================================>98%][Progress:===>                          13%] [Cov:==================================>98%][Progress:===>                          13%] [Cov:==================================>98%][Progress:===>                          13%] [Cov:==================================>98%][Progress:===>                          13%] [Cov:==================================>98%][Progress:===>                          13%] [Cov:==================================>98%][Progress:===>                          13%] [Cov:==================================>98%][Progress:===>                          13%] [Cov:==================================>98%][Progress:===>                          13%] [Cov:==================================>98%][Progress:===>                          13%] [Cov:==================================>98%][Progress:===>                          13%] [Cov:==================================>98%][Progress:===>                          13%] [Cov:==================================>98%][Progress:===>                          13%] [Cov:==================================>98%][Progress:===>                          13%] [Cov:==================================>98%][Progress:===>                          13%] [Cov:==================================>98%][Progress:===>                          13%] [Cov:==================================>98%][Progress:===>                          13%] [Cov:==================================>98%][Progress:===>                          13%] [Cov:==================================>98%][Progress:===>                          13%] [Cov:===================================100%]
* Search finished after 28s and 216 generations, 54253 statements, best individual has fitness: 0.0
* Generated before the refinement 11 tests with total length 47
statement is: Joshua.FoxHunt.HuntDisplay()V type is: class org.evosuite.testcase.statements.ConstructorStatement return type class Joshua.FoxHunt.HuntDisplay
statement code is: HuntDisplay huntDisplay = new HuntDisplay()
statement is: getPreferredSize()Ljava/awt/Dimension; type is: class org.evosuite.testcase.statements.MethodStatement return type class java.awt.Dimension
statement code is: Dimension preferredSize = huntDisplay.getPreferredSize()
statement is: setSize(DD)V type is: class org.evosuite.testcase.statements.MethodStatement return type void
statement code is: dimension.setSize(180.0, (-2645.454008834))
statement is: getPreferredSize()Ljava/awt/Dimension; type is: class org.evosuite.testcase.statements.MethodStatement return type class java.awt.Dimension
statement code is: Dimension preferredSize = huntDisplay.getPreferredSize()
test data is: HuntDisplay huntDisplay = new HuntDisplay();
Dimension preferredSize = huntDisplay.getPreferredSize();
preferredSize.setSize(180.0, (-2645.454008834));
huntDisplay.getPreferredSize();

** It was a parseable test case! 
Improved test data is: class DummyClass {
    public static void main() {
        HuntDisplay huntDisplay = new HuntDisplay();
        Dimension preferredSize = huntDisplay.getPreferredSize();
        preferredSize.setSize(180.0, 2645.454008834);// Improved test data: Using a more descriptive and representative value for the height parameter.

        huntDisplay.getPreferredSize();
    }
}
statement is: HuntDisplay huntDisplay = new HuntDisplay(), class spoon.support.reflect.code.CtLocalVariableImpl
class spoon.support.reflect.code.CtConstructorCallImpl
statement is: Dimension preferredSize = huntDisplay.getPreferredSize(), class spoon.support.reflect.code.CtLocalVariableImpl
class spoon.support.reflect.code.CtInvocationImpl
invocation is: huntDisplay.getPreferredSize() target is: huntDisplay method is: getPreferredSize()
source statement: Joshua.FoxHunt.HuntDisplay()V callee: VariableReference: Statement 0, type Joshua.FoxHunt.HuntDisplayindex is: 0
source statement: Joshua.FoxHunt.HuntDisplay()V callee: VariableReference: Statement 0, type Joshua.FoxHunt.HuntDisplayindex is: 0
Matched Method is: getPreferredSize()Ljava/awt/Dimension;
statement is: preferredSize.setSize(180.0, 2645.454008834)// Improved test data: Using a more descriptive and representative value for the height parameter.
, class spoon.support.reflect.code.CtInvocationImpl
invocation is: preferredSize.setSize(180.0, 2645.454008834)// Improved test data: Using a more descriptive and representative value for the height parameter.
 target is: preferredSize method is: setSize(double,double)
source statement: getPreferredSize()Ljava/awt/Dimension; callee: VariableReference: Statement 1, type java.awt.Dimensionindex is: 1
Matched Method is: setSize(DD)V
statement is: huntDisplay.getPreferredSize(), class spoon.support.reflect.code.CtInvocationImpl
invocation is: huntDisplay.getPreferredSize() target is: huntDisplay method is: getPreferredSize()
source statement: Joshua.FoxHunt.HuntDisplay()V callee: VariableReference: Statement 0, type Joshua.FoxHunt.HuntDisplayindex is: 0
source statement: Joshua.FoxHunt.HuntDisplay()V callee: VariableReference: Statement 0, type Joshua.FoxHunt.HuntDisplayindex is: 0
Matched Method is: getPreferredSize()Ljava/awt/Dimension;
TestCase is: HuntDisplay huntDisplay = new HuntDisplay();
Dimension preferredSize = huntDisplay.getPreferredSize();
double _double = 180.0;
double _double = 2645.454008834;
preferredSize.setSize(_double, _double);
huntDisplay.getPreferredSize();

statement is: Joshua.FoxHunt.HuntDisplay()V type is: class org.evosuite.testcase.statements.ConstructorStatement return type class Joshua.FoxHunt.HuntDisplay
statement code is: HuntDisplay huntDisplay = new HuntDisplay()
statement is: getMinimumSize()Ljava/awt/Dimension; type is: class org.evosuite.testcase.statements.MethodStatement return type class java.awt.Dimension
statement code is: Dimension minimumSize = huntDisplay.getMinimumSize()
statement is: setSize(II)V type is: class org.evosuite.testcase.statements.MethodStatement return type void
statement code is: dimension.setSize(200, (-1466))
statement is: getMinimumSize()Ljava/awt/Dimension; type is: class org.evosuite.testcase.statements.MethodStatement return type class java.awt.Dimension
statement code is: Dimension minimumSize = huntDisplay.getMinimumSize()
test data is: HuntDisplay huntDisplay = new HuntDisplay();
Dimension minimumSize = huntDisplay.getMinimumSize();
minimumSize.setSize(200, (-1466));
huntDisplay.getMinimumSize();

** It was a parseable test case! 
Improved test data is: class DummyClass {
    public static void main() {
        HuntDisplay huntDisplay = new HuntDisplay();
        Dimension minimumSize = huntDisplay.getMinimumSize();
        minimumSize.setSize(200, 100);
        huntDisplay.getMinimumSize();
    }
}
statement is: HuntDisplay huntDisplay = new HuntDisplay(), class spoon.support.reflect.code.CtLocalVariableImpl
class spoon.support.reflect.code.CtConstructorCallImpl
statement is: Dimension minimumSize = huntDisplay.getMinimumSize(), class spoon.support.reflect.code.CtLocalVariableImpl
class spoon.support.reflect.code.CtInvocationImpl
invocation is: huntDisplay.getMinimumSize() target is: huntDisplay method is: getMinimumSize()
source statement: Joshua.FoxHunt.HuntDisplay()V callee: VariableReference: Statement 0, type Joshua.FoxHunt.HuntDisplayindex is: 0
source statement: Joshua.FoxHunt.HuntDisplay()V callee: VariableReference: Statement 0, type Joshua.FoxHunt.HuntDisplayindex is: 0
Matched Method is: getMinimumSize()Ljava/awt/Dimension;
statement is: minimumSize.setSize(200, 100), class spoon.support.reflect.code.CtInvocationImpl
invocation is: minimumSize.setSize(200, 100) target is: minimumSize method is: setSize(int,int)
source statement: getMinimumSize()Ljava/awt/Dimension; callee: VariableReference: Statement 1, type java.awt.Dimensionindex is: 1
Matched Method is: setSize(II)V
statement is: huntDisplay.getMinimumSize(), class spoon.support.reflect.code.CtInvocationImpl
invocation is: huntDisplay.getMinimumSize() target is: huntDisplay method is: getMinimumSize()
source statement: Joshua.FoxHunt.HuntDisplay()V callee: VariableReference: Statement 0, type Joshua.FoxHunt.HuntDisplayindex is: 0
source statement: Joshua.FoxHunt.HuntDisplay()V callee: VariableReference: Statement 0, type Joshua.FoxHunt.HuntDisplayindex is: 0
Matched Method is: getMinimumSize()Ljava/awt/Dimension;
TestCase is: HuntDisplay huntDisplay = new HuntDisplay();
Dimension minimumSize = huntDisplay.getMinimumSize();
int _int = 200;
int _int = 100;
minimumSize.setSize(_int, _int);
huntDisplay.getMinimumSize();

statement is: Joshua.FoxHunt.HuntDisplay()V type is: class org.evosuite.testcase.statements.ConstructorStatement return type class Joshua.FoxHunt.HuntDisplay
statement code is: HuntDisplay huntDisplay = new HuntDisplay()
statement is: java.awt.image.BufferedImage(III)V type is: class org.evosuite.testcase.statements.ConstructorStatement return type class java.awt.image.BufferedImage
statement code is: BufferedImage bufferedImage = new BufferedImage(1207, 1207, 5)
statement is: createGraphics()Ljava/awt/Graphics2D; type is: class org.evosuite.testcase.statements.MethodStatement return type class java.awt.Graphics2D
statement code is: Graphics2D createGraphics = bufferedImage.createGraphics()
statement is: paintComponent(Ljava/awt/Graphics;)V type is: class org.evosuite.testcase.statements.MethodStatement return type void
statement code is: huntDisplay.paintComponent(arg0)
test data is: HuntDisplay huntDisplay = new HuntDisplay();
BufferedImage bufferedImage = new BufferedImage(1207, 1207, 5);
Graphics2D createGraphics = bufferedImage.createGraphics();
huntDisplay.paintComponent(createGraphics);

** It was a parseable test case! 
Improved test data is: class DummyClass {
    public static void main() {
        HuntDisplay huntDisplay = new HuntDisplay();
        BufferedImage bufferedImage = new BufferedImage(1207, 1207, 5);
        Graphics2D createGraphics = bufferedImage.createGraphics();
        huntDisplay.paintComponent(createGraphics);
        // Set the size of the grid to 10
        huntDisplay.setSize(10);
        // Set the number of mines to 20
        huntDisplay.setMines(20);
    }
}
statement is: HuntDisplay huntDisplay = new HuntDisplay(), class spoon.support.reflect.code.CtLocalVariableImpl
class spoon.support.reflect.code.CtConstructorCallImpl
statement is: BufferedImage bufferedImage = new BufferedImage(1207, 1207, 5), class spoon.support.reflect.code.CtLocalVariableImpl
class spoon.support.reflect.code.CtConstructorCallImpl
statement is: Graphics2D createGraphics = bufferedImage.createGraphics(), class spoon.support.reflect.code.CtLocalVariableImpl
class spoon.support.reflect.code.CtInvocationImpl
invocation is: bufferedImage.createGraphics() target is: bufferedImage method is: createGraphics()
source statement: java.awt.image.BufferedImage(III)V callee: VariableReference: Statement 1, type java.awt.image.BufferedImageindex is: 4
Matched Method is: createGraphics()Ljava/awt/Graphics2D;
statement is: huntDisplay.paintComponent(createGraphics), class spoon.support.reflect.code.CtInvocationImpl
invocation is: huntDisplay.paintComponent(createGraphics) target is: huntDisplay method is: paintComponent(Graphics2D)
source statement: Joshua.FoxHunt.HuntDisplay()V callee: VariableReference: Statement 0, type Joshua.FoxHunt.HuntDisplayindex is: 0
Matched Method is: paintComponent(Ljava/awt/Graphics;)V
statement is: // Set the size of the grid to 10
huntDisplay.setSize(10), class spoon.support.reflect.code.CtInvocationImpl
invocation is: // Set the size of the grid to 10
huntDisplay.setSize(10) target is: huntDisplay method is: setSize(int)
statement is: // Set the number of mines to 20
huntDisplay.setMines(20), class spoon.support.reflect.code.CtInvocationImpl
invocation is: // Set the number of mines to 20
huntDisplay.setMines(20) target is: huntDisplay method is: setMines(int)
TestCase is: HuntDisplay huntDisplay = new HuntDisplay();
int _int = 1207;
int _int = 1207;
int _int = 5;
BufferedImage bufferedImage = new BufferedImage(_int, _int, _int);
Graphics2D createGraphics = ((BufferedImage) _int).createGraphics();
huntDisplay.paintComponent(createGraphics);

statement is: Joshua.FoxHunt.HuntDisplay()V type is: class org.evosuite.testcase.statements.ConstructorStatement return type class Joshua.FoxHunt.HuntDisplay
statement code is: HuntDisplay huntDisplay = new HuntDisplay()
statement is: javax.swing.ImageIcon()V type is: class org.evosuite.testcase.statements.ConstructorStatement return type class javax.swing.ImageIcon
statement code is: ImageIcon imageIcon = new ImageIcon()
statement is: Joshua.FoxHunt.Landmark(DDLjavax/swing/ImageIcon;)V type is: class org.evosuite.testcase.statements.ConstructorStatement return type class Joshua.FoxHunt.Landmark
statement code is: Landmark landmark = new Landmark((-2783.2731663007444), (-2783.2731663007444), arg2)
statement is: addLandMark(LJoshua/FoxHunt/Landmark;)V type is: class org.evosuite.testcase.statements.MethodStatement return type void
statement code is: huntDisplay.addLandMark(arg0)
statement is: Joshua.FoxHunt.TrigPoint(DDD)V type is: class org.evosuite.testcase.statements.ConstructorStatement return type class Joshua.FoxHunt.TrigPoint
statement code is: TrigPoint trigPoint = new TrigPoint((-2783.2731663007444), (-2783.2731663007444), (-2783.2731663007444))
statement is: addPoint(LJoshua/FoxHunt/TrigPoint;)V type is: class org.evosuite.testcase.statements.MethodStatement return type void
statement code is: huntDisplay.addPoint(arg0)
statement is: java.awt.image.BufferedImage(III)V type is: class org.evosuite.testcase.statements.ConstructorStatement return type class java.awt.image.BufferedImage
statement code is: BufferedImage bufferedImage = new BufferedImage(1207, 1207, 5)
statement is: createGraphics()Ljava/awt/Graphics2D; type is: class org.evosuite.testcase.statements.MethodStatement return type class java.awt.Graphics2D
statement code is: Graphics2D createGraphics = bufferedImage.createGraphics()
statement is: paintComponent(Ljava/awt/Graphics;)V type is: class org.evosuite.testcase.statements.MethodStatement return type void
statement code is: huntDisplay.paintComponent(arg0)
test data is: HuntDisplay huntDisplay = new HuntDisplay();
ImageIcon imageIcon = new ImageIcon();
Landmark landmark = new Landmark((-2783.2731663007444), (-2783.2731663007444), imageIcon);
huntDisplay.addLandMark(landmark);
TrigPoint trigPoint = new TrigPoint((-2783.2731663007444), (-2783.2731663007444), (-2783.2731663007444));
huntDisplay.addPoint(trigPoint);
BufferedImage bufferedImage = new BufferedImage(1207, 1207, 5);
Graphics2D createGraphics = bufferedImage.createGraphics();
huntDisplay.paintComponent(createGraphics);

** It was a parseable test case! 
Improved test data is: class DummyClass {
    public static void main() {
        HuntDisplay huntDisplay = new HuntDisplay();
        ImageIcon imageIcon = new ImageIcon("path/to/image");// Improved: Added a realistic path to an image file

        Landmark landmark = new Landmark(20.345678, 10.987654, imageIcon);// Improved: Changed the coordinates to be more descriptive and representative of the situation being tested

        huntDisplay.addLandMark(landmark);
        TrigPoint trigPoint = new TrigPoint(20.345678, 10.987654, 5.6789);// Improved: Changed the coordinates to be more descriptive and representative of the situation being tested

        huntDisplay.addPoint(trigPoint);
        BufferedImage bufferedImage = new BufferedImage(1207, 1207, 5);// Improved: Removed the unnecessary variable "createGraphics" and used a more descriptive name for the BufferedImage object

        huntDisplay.paintComponent(bufferedImage.getGraphics());
    }
}
statement is: HuntDisplay huntDisplay = new HuntDisplay(), class spoon.support.reflect.code.CtLocalVariableImpl
class spoon.support.reflect.code.CtConstructorCallImpl
statement is: ImageIcon imageIcon = new ImageIcon("path/to/image")// Improved: Added a realistic path to an image file
, class spoon.support.reflect.code.CtLocalVariableImpl
class spoon.support.reflect.code.CtConstructorCallImpl
statement is: Landmark landmark = new Landmark(20.345678, 10.987654, imageIcon)// Improved: Changed the coordinates to be more descriptive and representative of the situation being tested
, class spoon.support.reflect.code.CtLocalVariableImpl
class spoon.support.reflect.code.CtConstructorCallImpl
statement is: huntDisplay.addLandMark(landmark), class spoon.support.reflect.code.CtInvocationImpl
invocation is: huntDisplay.addLandMark(landmark) target is: huntDisplay method is: addLandMark(Landmark)
source statement: Joshua.FoxHunt.HuntDisplay()V callee: VariableReference: Statement 0, type Joshua.FoxHunt.HuntDisplayindex is: 0
Matched Method is: addLandMark(LJoshua/FoxHunt/Landmark;)V
statement is: TrigPoint trigPoint = new TrigPoint(20.345678, 10.987654, 5.6789)// Improved: Changed the coordinates to be more descriptive and representative of the situation being tested
, class spoon.support.reflect.code.CtLocalVariableImpl
class spoon.support.reflect.code.CtConstructorCallImpl
statement is: huntDisplay.addPoint(trigPoint), class spoon.support.reflect.code.CtInvocationImpl
invocation is: huntDisplay.addPoint(trigPoint) target is: huntDisplay method is: addPoint(TrigPoint)
source statement: Joshua.FoxHunt.HuntDisplay()V callee: VariableReference: Statement 0, type Joshua.FoxHunt.HuntDisplayindex is: 0
Matched Method is: addPoint(LJoshua/FoxHunt/TrigPoint;)V
statement is: BufferedImage bufferedImage = new BufferedImage(1207, 1207, 5)// Improved: Removed the unnecessary variable "createGraphics" and used a more descriptive name for the BufferedImage object
, class spoon.support.reflect.code.CtLocalVariableImpl
class spoon.support.reflect.code.CtConstructorCallImpl
statement is: huntDisplay.paintComponent(bufferedImage.getGraphics()), class spoon.support.reflect.code.CtInvocationImpl
invocation is: huntDisplay.paintComponent(bufferedImage.getGraphics()) target is: huntDisplay method is: paintComponent()
source statement: Joshua.FoxHunt.HuntDisplay()V callee: VariableReference: Statement 0, type Joshua.FoxHunt.HuntDisplayindex is: 0
Matched Method is: paintComponent(Ljava/awt/Graphics;)V
i 0 Parameters size() 0 Num of Method Parameters: 1
TestCase is: HuntDisplay huntDisplay = new HuntDisplay();
double _double = 20.345678;
double _double = 10.987654;
Landmark landmark = new Landmark(_double, _double, (ImageIcon) _double);
huntDisplay.addLandMark(landmark);
double _double = 20.345678;
double _double = 10.987654;
double _double = 5.6789;
TrigPoint trigPoint = new TrigPoint(_double, _double, _double);
huntDisplay.addPoint(trigPoint);
int _int = 1207;
int _int = 1207;
int _int = 5;
BufferedImage bufferedImage = new BufferedImage(_int, _int, _int);
Graphics2D graphics2D = null;
huntDisplay.paintComponent(graphics2D);

statement is: Joshua.FoxHunt.HuntDisplay()V type is: class org.evosuite.testcase.statements.ConstructorStatement return type class Joshua.FoxHunt.HuntDisplay
statement code is: HuntDisplay huntDisplay = new HuntDisplay()
statement is: Joshua.FoxHunt.TrigPoint(DDDZ)V type is: class org.evosuite.testcase.statements.ConstructorStatement return type class Joshua.FoxHunt.TrigPoint
statement code is: TrigPoint trigPoint = new TrigPoint(0.0, 0.0, 494.6, true)
statement is: addPoint(LJoshua/FoxHunt/TrigPoint;)V type is: class org.evosuite.testcase.statements.MethodStatement return type void
statement code is: huntDisplay.addPoint(arg0)
statement is: paintComponent(Ljava/awt/Graphics;)V type is: class org.evosuite.testcase.statements.MethodStatement return type void
statement code is: huntDisplay.paintComponent((Graphics) null)
test data is: HuntDisplay huntDisplay = new HuntDisplay();
TrigPoint trigPoint = new TrigPoint(0.0, 0.0, 494.6, true);
huntDisplay.addPoint(trigPoint);
huntDisplay.paintComponent((Graphics) null);

** It was a parseable test case! 
Improved test data is: class DummyClass {
    public static void main() {
        HuntDisplay huntDisplay = new HuntDisplay();
        TrigPoint trigPoint = new TrigPoint(0.12345, 0.6789, 494.6, true);
        huntDisplay.addPoint(trigPoint);
        huntDisplay.paintComponent(((Graphics) (null)));
    }
}
statement is: HuntDisplay huntDisplay = new HuntDisplay(), class spoon.support.reflect.code.CtLocalVariableImpl
class spoon.support.reflect.code.CtConstructorCallImpl
statement is: TrigPoint trigPoint = new TrigPoint(0.12345, 0.6789, 494.6, true), class spoon.support.reflect.code.CtLocalVariableImpl
class spoon.support.reflect.code.CtConstructorCallImpl
statement is: huntDisplay.addPoint(trigPoint), class spoon.support.reflect.code.CtInvocationImpl
invocation is: huntDisplay.addPoint(trigPoint) target is: huntDisplay method is: addPoint(TrigPoint)
source statement: Joshua.FoxHunt.HuntDisplay()V callee: VariableReference: Statement 0, type Joshua.FoxHunt.HuntDisplayindex is: 0
Matched Method is: addPoint(LJoshua/FoxHunt/TrigPoint;)V
statement is: huntDisplay.paintComponent(((Graphics) (null))), class spoon.support.reflect.code.CtInvocationImpl
invocation is: huntDisplay.paintComponent(((Graphics) (null))) target is: huntDisplay method is: paintComponent(Graphics)
source statement: Joshua.FoxHunt.HuntDisplay()V callee: VariableReference: Statement 0, type Joshua.FoxHunt.HuntDisplayindex is: 0
Matched Method is: paintComponent(Ljava/awt/Graphics;)V
i 0 Parameters size() 0 Num of Method Parameters: 1
TestCase is: HuntDisplay huntDisplay = new HuntDisplay();
double _double = 0.12345;
double _double = 0.6789;
double _double = 494.6;
boolean _boolean = true;
TrigPoint trigPoint = new TrigPoint(_double, _double, _double, _boolean);
huntDisplay.addPoint(trigPoint);
Graphics graphics = null;
huntDisplay.paintComponent(graphics);

statement is: Joshua.FoxHunt.HuntDisplay()V type is: class org.evosuite.testcase.statements.ConstructorStatement return type class Joshua.FoxHunt.HuntDisplay
statement code is: HuntDisplay huntDisplay = new HuntDisplay()
statement is: getMinimumSize()Ljava/awt/Dimension; type is: class org.evosuite.testcase.statements.MethodStatement return type class java.awt.Dimension
statement code is: Dimension minimumSize = huntDisplay.getMinimumSize()
statement is: getSize(Ljava/awt/Dimension;)Ljava/awt/Dimension; type is: class org.evosuite.testcase.statements.MethodStatement return type class java.awt.Dimension
statement code is: Dimension size = huntDisplay.getSize(arg0)
statement is: getMinimumSize()Ljava/awt/Dimension; type is: class org.evosuite.testcase.statements.MethodStatement return type class java.awt.Dimension
statement code is: Dimension minimumSize = huntDisplay.getMinimumSize()
test data is: HuntDisplay huntDisplay = new HuntDisplay();
Dimension minimumSize = huntDisplay.getMinimumSize();
huntDisplay.getSize(minimumSize);
huntDisplay.getMinimumSize();

** It was a parseable test case! 
Improved test data is: class DummyClass {
    public static void main() {
        HuntDisplay huntDisplay = new HuntDisplay();
        Dimension minimumSize = huntDisplay.getMinimumSize();
        // Improved test data:
        huntDisplay.setSize(new Dimension(1024, 768));
        huntDisplay.getSize(minimumSize);
        huntDisplay.getMinimumSize();
    }
}
statement is: HuntDisplay huntDisplay = new HuntDisplay(), class spoon.support.reflect.code.CtLocalVariableImpl
class spoon.support.reflect.code.CtConstructorCallImpl
statement is: Dimension minimumSize = huntDisplay.getMinimumSize(), class spoon.support.reflect.code.CtLocalVariableImpl
class spoon.support.reflect.code.CtInvocationImpl
invocation is: huntDisplay.getMinimumSize() target is: huntDisplay method is: getMinimumSize()
source statement: Joshua.FoxHunt.HuntDisplay()V callee: VariableReference: Statement 0, type Joshua.FoxHunt.HuntDisplayindex is: 0
source statement: Joshua.FoxHunt.HuntDisplay()V callee: VariableReference: Statement 0, type Joshua.FoxHunt.HuntDisplayindex is: 0
Matched Method is: getMinimumSize()Ljava/awt/Dimension;
statement is: // Improved test data:
huntDisplay.setSize(new Dimension(1024, 768)), class spoon.support.reflect.code.CtInvocationImpl
invocation is: // Improved test data:
huntDisplay.setSize(new Dimension(1024, 768)) target is: huntDisplay method is: setSize(Dimension)
statement is: huntDisplay.getSize(minimumSize), class spoon.support.reflect.code.CtInvocationImpl
invocation is: huntDisplay.getSize(minimumSize) target is: huntDisplay method is: getSize(Dimension)
source statement: Joshua.FoxHunt.HuntDisplay()V callee: VariableReference: Statement 0, type Joshua.FoxHunt.HuntDisplayindex is: 0
Matched Method is: getSize(Ljava/awt/Dimension;)Ljava/awt/Dimension;
statement is: huntDisplay.getMinimumSize(), class spoon.support.reflect.code.CtInvocationImpl
invocation is: huntDisplay.getMinimumSize() target is: huntDisplay method is: getMinimumSize()
source statement: Joshua.FoxHunt.HuntDisplay()V callee: VariableReference: Statement 0, type Joshua.FoxHunt.HuntDisplayindex is: 0
source statement: Joshua.FoxHunt.HuntDisplay()V callee: VariableReference: Statement 0, type Joshua.FoxHunt.HuntDisplayindex is: 0
Matched Method is: getMinimumSize()Ljava/awt/Dimension;
TestCase is: HuntDisplay huntDisplay = new HuntDisplay();
Dimension minimumSize = huntDisplay.getMinimumSize();
huntDisplay.getSize(minimumSize);
huntDisplay.getMinimumSize();

statement is: Joshua.FoxHunt.HuntDisplay()V type is: class org.evosuite.testcase.statements.ConstructorStatement return type class Joshua.FoxHunt.HuntDisplay
statement code is: HuntDisplay huntDisplay = new HuntDisplay()
statement is: getMinimumSize()Ljava/awt/Dimension; type is: class org.evosuite.testcase.statements.MethodStatement return type class java.awt.Dimension
statement code is: Dimension minimumSize = huntDisplay.getMinimumSize()
statement is: org.evosuite.testcase.statements.AssignmentStatement@cc1a6d54 type is: class org.evosuite.testcase.statements.AssignmentStatement return type int
statement code is: dimension.width = (-3516)
statement is: getMinimumSize()Ljava/awt/Dimension; type is: class org.evosuite.testcase.statements.MethodStatement return type class java.awt.Dimension
statement code is: Dimension minimumSize = huntDisplay.getMinimumSize()
test data is: HuntDisplay huntDisplay = new HuntDisplay();
Dimension minimumSize = huntDisplay.getMinimumSize();
minimumSize.width = (-3516);
huntDisplay.getMinimumSize();

** It was a parseable test case! 
Improved test data is: class DummyClass {
    public static void main() {
        HuntDisplay huntDisplay = new HuntDisplay();
        Dimension minimumSize = huntDisplay.getMinimumSize();
        minimumSize.width = -3516;
        huntDisplay.getMinimumSize();
    }
}
statement is: HuntDisplay huntDisplay = new HuntDisplay(), class spoon.support.reflect.code.CtLocalVariableImpl
class spoon.support.reflect.code.CtConstructorCallImpl
statement is: Dimension minimumSize = huntDisplay.getMinimumSize(), class spoon.support.reflect.code.CtLocalVariableImpl
class spoon.support.reflect.code.CtInvocationImpl
invocation is: huntDisplay.getMinimumSize() target is: huntDisplay method is: getMinimumSize()
source statement: Joshua.FoxHunt.HuntDisplay()V callee: VariableReference: Statement 0, type Joshua.FoxHunt.HuntDisplayindex is: 0
source statement: Joshua.FoxHunt.HuntDisplay()V callee: VariableReference: Statement 0, type Joshua.FoxHunt.HuntDisplayindex is: 0
Matched Method is: getMinimumSize()Ljava/awt/Dimension;
statement is: minimumSize.width = -3516, class spoon.support.reflect.code.CtAssignmentImpl
statement is: huntDisplay.getMinimumSize(), class spoon.support.reflect.code.CtInvocationImpl
invocation is: huntDisplay.getMinimumSize() target is: huntDisplay method is: getMinimumSize()
source statement: Joshua.FoxHunt.HuntDisplay()V callee: VariableReference: Statement 0, type Joshua.FoxHunt.HuntDisplayindex is: 0
source statement: Joshua.FoxHunt.HuntDisplay()V callee: VariableReference: Statement 0, type Joshua.FoxHunt.HuntDisplayindex is: 0
Matched Method is: getMinimumSize()Ljava/awt/Dimension;
TestCase is: HuntDisplay huntDisplay = new HuntDisplay();
huntDisplay.getMinimumSize();
huntDisplay.getMinimumSize();

statement is: Joshua.FoxHunt.HuntDisplay()V type is: class org.evosuite.testcase.statements.ConstructorStatement return type class Joshua.FoxHunt.HuntDisplay
statement code is: HuntDisplay huntDisplay = new HuntDisplay()
statement is: org.evosuite.testcase.statements.AssignmentStatement@d2f79125 type is: class org.evosuite.testcase.statements.AssignmentStatement return type class java.awt.Dimension
statement code is: huntDisplay.minSize = null
statement is: getMinimumSize()Ljava/awt/Dimension; type is: class org.evosuite.testcase.statements.MethodStatement return type class java.awt.Dimension
statement code is: Dimension minimumSize = huntDisplay.getMinimumSize()
test data is: HuntDisplay huntDisplay = new HuntDisplay();
huntDisplay.minSize = null;
huntDisplay.getMinimumSize();

** It was a parseable test case! 
Improved test data is: class DummyClass {
    public static void main() {
        HuntDisplay huntDisplay = new HuntDisplay();
        huntDisplay.minSize = 200;// Changed the primitive value from 'null' to a more descriptive example (a specific number)

        huntDisplay.getMinimumSize();
    }
}
statement is: HuntDisplay huntDisplay = new HuntDisplay(), class spoon.support.reflect.code.CtLocalVariableImpl
class spoon.support.reflect.code.CtConstructorCallImpl
statement is: huntDisplay.minSize = 200// Changed the primitive value from 'null' to a more descriptive example (a specific number)
, class spoon.support.reflect.code.CtAssignmentImpl
statement is: huntDisplay.getMinimumSize(), class spoon.support.reflect.code.CtInvocationImpl
invocation is: huntDisplay.getMinimumSize() target is: huntDisplay method is: getMinimumSize()
source statement: Joshua.FoxHunt.HuntDisplay()V callee: VariableReference: Statement 0, type Joshua.FoxHunt.HuntDisplayindex is: 0
Matched Method is: getMinimumSize()Ljava/awt/Dimension;
TestCase is: HuntDisplay huntDisplay = new HuntDisplay();
huntDisplay.getMinimumSize();

statement is: Joshua.FoxHunt.HuntDisplay()V type is: class org.evosuite.testcase.statements.ConstructorStatement return type class Joshua.FoxHunt.HuntDisplay
statement code is: HuntDisplay huntDisplay = new HuntDisplay()
statement is: getPreferredSize()Ljava/awt/Dimension; type is: class org.evosuite.testcase.statements.MethodStatement return type class java.awt.Dimension
statement code is: Dimension preferredSize = huntDisplay.getPreferredSize()
statement is: getSize(Ljava/awt/Dimension;)Ljava/awt/Dimension; type is: class org.evosuite.testcase.statements.MethodStatement return type class java.awt.Dimension
statement code is: Dimension size = huntDisplay.getSize(arg0)
statement is: getPreferredSize()Ljava/awt/Dimension; type is: class org.evosuite.testcase.statements.MethodStatement return type class java.awt.Dimension
statement code is: Dimension preferredSize = huntDisplay.getPreferredSize()
test data is: HuntDisplay huntDisplay = new HuntDisplay();
Dimension preferredSize = huntDisplay.getPreferredSize();
huntDisplay.getSize(preferredSize);
huntDisplay.getPreferredSize();

** It was a parseable test case! 
Improved test data is: class DummyClass {
    public static void main() {
        Dimension preferredSize = new Dimension(100, 200);
        huntDisplay.setPreferredSize(preferredSize);
        huntDisplay.getSize(preferredSize);
        huntDisplay.getPreferredSize();
    }
}
statement is: Dimension preferredSize = new Dimension(100, 200), class spoon.support.reflect.code.CtLocalVariableImpl
class spoon.support.reflect.code.CtConstructorCallImpl
statement is: huntDisplay.setPreferredSize(preferredSize), class spoon.support.reflect.code.CtInvocationImpl
invocation is: huntDisplay.setPreferredSize(preferredSize) target is: huntDisplay method is: setPreferredSize(Dimension)
statement is: huntDisplay.getSize(preferredSize), class spoon.support.reflect.code.CtInvocationImpl
invocation is: huntDisplay.getSize(preferredSize) target is: huntDisplay method is: getSize(Dimension)
statement is: huntDisplay.getPreferredSize(), class spoon.support.reflect.code.CtInvocationImpl
invocation is: huntDisplay.getPreferredSize() target is: huntDisplay method is: getPreferredSize()
statement is: Joshua.FoxHunt.HuntDisplay()V type is: class org.evosuite.testcase.statements.ConstructorStatement return type class Joshua.FoxHunt.HuntDisplay
statement code is: HuntDisplay huntDisplay = new HuntDisplay()
statement is: getPreferredSize()Ljava/awt/Dimension; type is: class org.evosuite.testcase.statements.MethodStatement return type class java.awt.Dimension
statement code is: Dimension preferredSize = huntDisplay.getPreferredSize()
statement is: setSize(DD)V type is: class org.evosuite.testcase.statements.MethodStatement return type void
statement code is: dimension.setSize((-1501.0443970097394), (double) 50)
statement is: getPreferredSize()Ljava/awt/Dimension; type is: class org.evosuite.testcase.statements.MethodStatement return type class java.awt.Dimension
statement code is: Dimension preferredSize = huntDisplay.getPreferredSize()
test data is: HuntDisplay huntDisplay = new HuntDisplay();
Dimension preferredSize = huntDisplay.getPreferredSize();
preferredSize.setSize((-1501.0443970097394), (double) 50);
huntDisplay.getPreferredSize();

** It was a parseable test case! 
Improved test data is: class DummyClass {
    public static void main() {
        HuntDisplay huntDisplay = new HuntDisplay();
        Dimension preferredSize = huntDisplay.getPreferredSize();
        preferredSize.setSize(-1501.0443970097394, ((double) (50)));
        huntDisplay.getPreferredSize();
    }
}
statement is: HuntDisplay huntDisplay = new HuntDisplay(), class spoon.support.reflect.code.CtLocalVariableImpl
class spoon.support.reflect.code.CtConstructorCallImpl
statement is: Dimension preferredSize = huntDisplay.getPreferredSize(), class spoon.support.reflect.code.CtLocalVariableImpl
class spoon.support.reflect.code.CtInvocationImpl
invocation is: huntDisplay.getPreferredSize() target is: huntDisplay method is: getPreferredSize()
source statement: Joshua.FoxHunt.HuntDisplay()V callee: VariableReference: Statement 0, type Joshua.FoxHunt.HuntDisplayindex is: 0
source statement: Joshua.FoxHunt.HuntDisplay()V callee: VariableReference: Statement 0, type Joshua.FoxHunt.HuntDisplayindex is: 0
Matched Method is: getPreferredSize()Ljava/awt/Dimension;
statement is: preferredSize.setSize(-1501.0443970097394, ((double) (50))), class spoon.support.reflect.code.CtInvocationImpl
invocation is: preferredSize.setSize(-1501.0443970097394, ((double) (50))) target is: preferredSize method is: setSize(double,double)
source statement: getPreferredSize()Ljava/awt/Dimension; callee: VariableReference: Statement 1, type java.awt.Dimensionindex is: 1
Matched Method is: setSize(DD)V
i 1 Parameters size() 1 Num of Method Parameters: 2
statement is: huntDisplay.getPreferredSize(), class spoon.support.reflect.code.CtInvocationImpl
invocation is: huntDisplay.getPreferredSize() target is: huntDisplay method is: getPreferredSize()
source statement: Joshua.FoxHunt.HuntDisplay()V callee: VariableReference: Statement 0, type Joshua.FoxHunt.HuntDisplayindex is: 0
source statement: Joshua.FoxHunt.HuntDisplay()V callee: VariableReference: Statement 0, type Joshua.FoxHunt.HuntDisplayindex is: 0
Matched Method is: getPreferredSize()Ljava/awt/Dimension;
TestCase is: HuntDisplay huntDisplay = new HuntDisplay();
Dimension preferredSize = huntDisplay.getPreferredSize();
int _int = 50;
int _int = null;
preferredSize.setSize((double) _int, (double) _int);
huntDisplay.getPreferredSize();

statement is: Joshua.FoxHunt.HuntDisplay()V type is: class org.evosuite.testcase.statements.ConstructorStatement return type class Joshua.FoxHunt.HuntDisplay
statement code is: HuntDisplay huntDisplay = new HuntDisplay()
statement is: org.evosuite.testcase.statements.AssignmentStatement@21bff60 type is: class org.evosuite.testcase.statements.AssignmentStatement return type class java.awt.Dimension
statement code is: huntDisplay.prefSize = null
statement is: getPreferredSize()Ljava/awt/Dimension; type is: class org.evosuite.testcase.statements.MethodStatement return type class java.awt.Dimension
statement code is: Dimension preferredSize = huntDisplay.getPreferredSize()
test data is: HuntDisplay huntDisplay = new HuntDisplay();
huntDisplay.prefSize = null;
huntDisplay.getPreferredSize();

** It was a parseable test case! 
Improved test data is: class DummyClass {
    public static void main() {
        and = $missing$;
    }
}
statement is: and = $missing$, class spoon.support.reflect.code.CtAssignmentImpl
* test suite isTestSuite: 20
Test 0: 
HuntDisplay huntDisplay = new HuntDisplay();
Dimension preferredSize = huntDisplay.getPreferredSize();
preferredSize.setSize(180.0, (-2645.454008834));
huntDisplay.getPreferredSize();

Test 1: 
HuntDisplay huntDisplay = new HuntDisplay();
Dimension minimumSize = huntDisplay.getMinimumSize();
minimumSize.setSize(200, (-1466));
huntDisplay.getMinimumSize();
Test 2: 
HuntDisplay huntDisplay = new HuntDisplay();
BufferedImage bufferedImage = new BufferedImage(1207, 1207, 5);
Graphics2D createGraphics = bufferedImage.createGraphics();
huntDisplay.paintComponent(createGraphics);
Test 3: 
HuntDisplay huntDisplay = new HuntDisplay();
ImageIcon imageIcon = new ImageIcon();
Landmark landmark = new Landmark((-2783.2731663007444), (-2783.2731663007444), imageIcon);
huntDisplay.addLandMark(landmark);
TrigPoint trigPoint = new TrigPoint((-2783.2731663007444), (-2783.2731663007444), (-2783.2731663007444));
huntDisplay.addPoint(trigPoint);
BufferedImage bufferedImage = new BufferedImage(1207, 1207, 5);
Graphics2D createGraphics = bufferedImage.createGraphics();
huntDisplay.paintComponent(createGraphics);
Test 4: 
HuntDisplay huntDisplay = new HuntDisplay();
TrigPoint trigPoint = new TrigPoint(0.0, 0.0, 494.6, true);
huntDisplay.addPoint(trigPoint);
// Undeclared exception!
try { 
  huntDisplay.paintComponent((Graphics) null);
  fail("Expecting exception: NullPointerException");

} catch(NullPointerException e) {
   //
   // no message in exception (getMessage() returned null)
   //
   verifyException("Joshua.FoxHunt.HuntDisplay", e);
}

Test 5: 
HuntDisplay huntDisplay = new HuntDisplay();
Dimension minimumSize = huntDisplay.getMinimumSize();
huntDisplay.getSize(minimumSize);
huntDisplay.getMinimumSize();
Test 6: 
HuntDisplay huntDisplay = new HuntDisplay();
Dimension minimumSize = huntDisplay.getMinimumSize();
minimumSize.width = (-3516);
huntDisplay.getMinimumSize();
Test 7: 
HuntDisplay huntDisplay = new HuntDisplay();
huntDisplay.minSize = null;
huntDisplay.getMinimumSize();
Test 8: 
HuntDisplay huntDisplay = new HuntDisplay();
Dimension preferredSize = huntDisplay.getPreferredSize();
huntDisplay.getSize(preferredSize);
huntDisplay.getPreferredSize();
Test 9: 
HuntDisplay huntDisplay = new HuntDisplay();
Dimension preferredSize = huntDisplay.getPreferredSize();
preferredSize.setSize((-1501.0443970097394), (double) 50);
huntDisplay.getPreferredSize();
Test 10: 
HuntDisplay huntDisplay = new HuntDisplay();
huntDisplay.prefSize = null;
huntDisplay.getPreferredSize();
Test 11: 
HuntDisplay huntDisplay = new HuntDisplay();
Dimension preferredSize = huntDisplay.getPreferredSize();
preferredSize.setSize(180.0, 2645.454008834);
huntDisplay.getPreferredSize();

Test 12: 
HuntDisplay huntDisplay = new HuntDisplay();
Dimension minimumSize = huntDisplay.getMinimumSize();
minimumSize.setSize(200, 100);
huntDisplay.getMinimumSize();

Test 13: 
HuntDisplay huntDisplay = new HuntDisplay();
BufferedImage bufferedImage = new BufferedImage(1207, 1207, 5);
Graphics2D createGraphics = ((BufferedImage)1207).createGraphics();
huntDisplay.paintComponent(createGraphics);

Test 14: 
HuntDisplay huntDisplay = new HuntDisplay();
Landmark landmark = new Landmark(20.345678, 10.987654, (ImageIcon) 20.345678);
huntDisplay.addLandMark(landmark);
double _double = 20.345678;
double _double = 10.987654;
double _double = 5.6789;
TrigPoint trigPoint = new TrigPoint(_double, _double, _double);
huntDisplay.addPoint(trigPoint);
int _int = 1207;
int _int = 1207;
int _int = 5;
BufferedImage bufferedImage = new BufferedImage(_int, _int, _int);
Graphics2D graphics2D = null;
huntDisplay.paintComponent(graphics2D);

Test 15: 
HuntDisplay huntDisplay = new HuntDisplay();
TrigPoint trigPoint = new TrigPoint(0.12345, 0.6789, 494.6, true);
huntDisplay.addPoint(trigPoint);
huntDisplay.paintComponent((Graphics) null);

Test 16: 
HuntDisplay huntDisplay = new HuntDisplay();
Dimension minimumSize = huntDisplay.getMinimumSize();
huntDisplay.getSize(minimumSize);
huntDisplay.getMinimumSize();

Test 17: 
HuntDisplay huntDisplay = new HuntDisplay();
huntDisplay.getMinimumSize();
huntDisplay.getMinimumSize();

Test 18: 
HuntDisplay huntDisplay = new HuntDisplay();
huntDisplay.getMinimumSize();

Test 19: 
HuntDisplay huntDisplay = new HuntDisplay();
Dimension preferredSize = huntDisplay.getPreferredSize();
preferredSize.setSize((double) 50, (double) (Double) null);
huntDisplay.getPreferredSize();


* Generated after the refinement and before minimization 20 tests with total length 90
* test suite isTestSuite: 20
Test 0: 
HuntDisplay huntDisplay = new HuntDisplay();
Dimension preferredSize = huntDisplay.getPreferredSize();
preferredSize.setSize(180.0, (-2645.454008834));
huntDisplay.getPreferredSize();

Test 1: 
HuntDisplay huntDisplay = new HuntDisplay();
Dimension minimumSize = huntDisplay.getMinimumSize();
minimumSize.setSize(200, (-1466));
huntDisplay.getMinimumSize();
Test 2: 
HuntDisplay huntDisplay = new HuntDisplay();
BufferedImage bufferedImage = new BufferedImage(1207, 1207, 5);
Graphics2D createGraphics = bufferedImage.createGraphics();
huntDisplay.paintComponent(createGraphics);
Test 3: 
HuntDisplay huntDisplay = new HuntDisplay();
ImageIcon imageIcon = new ImageIcon();
Landmark landmark = new Landmark((-2783.2731663007444), (-2783.2731663007444), imageIcon);
huntDisplay.addLandMark(landmark);
TrigPoint trigPoint = new TrigPoint((-2783.2731663007444), (-2783.2731663007444), (-2783.2731663007444));
huntDisplay.addPoint(trigPoint);
BufferedImage bufferedImage = new BufferedImage(1207, 1207, 5);
Graphics2D createGraphics = bufferedImage.createGraphics();
huntDisplay.paintComponent(createGraphics);
Test 4: 
HuntDisplay huntDisplay = new HuntDisplay();
TrigPoint trigPoint = new TrigPoint(0.0, 0.0, 494.6, true);
huntDisplay.addPoint(trigPoint);
// Undeclared exception!
try { 
  huntDisplay.paintComponent((Graphics) null);
  fail("Expecting exception: NullPointerException");

} catch(NullPointerException e) {
   //
   // no message in exception (getMessage() returned null)
   //
   verifyException("Joshua.FoxHunt.HuntDisplay", e);
}

Test 5: 
HuntDisplay huntDisplay = new HuntDisplay();
Dimension minimumSize = huntDisplay.getMinimumSize();
huntDisplay.getSize(minimumSize);
huntDisplay.getMinimumSize();
Test 6: 
HuntDisplay huntDisplay = new HuntDisplay();
Dimension minimumSize = huntDisplay.getMinimumSize();
minimumSize.width = (-3516);
huntDisplay.getMinimumSize();
Test 7: 
HuntDisplay huntDisplay = new HuntDisplay();
huntDisplay.minSize = null;
huntDisplay.getMinimumSize();
Test 8: 
HuntDisplay huntDisplay = new HuntDisplay();
Dimension preferredSize = huntDisplay.getPreferredSize();
huntDisplay.getSize(preferredSize);
huntDisplay.getPreferredSize();
Test 9: 
HuntDisplay huntDisplay = new HuntDisplay();
Dimension preferredSize = huntDisplay.getPreferredSize();
preferredSize.setSize((-1501.0443970097394), (double) 50);
huntDisplay.getPreferredSize();
Test 10: 
HuntDisplay huntDisplay = new HuntDisplay();
huntDisplay.prefSize = null;
huntDisplay.getPreferredSize();
Test 11: 
HuntDisplay huntDisplay = new HuntDisplay();
Dimension preferredSize = huntDisplay.getPreferredSize();
preferredSize.setSize(180.0, 2645.454008834);
huntDisplay.getPreferredSize();

Test 12: 
HuntDisplay huntDisplay = new HuntDisplay();
Dimension minimumSize = huntDisplay.getMinimumSize();
minimumSize.setSize(200, 100);
huntDisplay.getMinimumSize();

Test 13: 
HuntDisplay huntDisplay = new HuntDisplay();
BufferedImage bufferedImage = new BufferedImage(1207, 1207, 5);
Graphics2D createGraphics = ((BufferedImage)1207).createGraphics();
huntDisplay.paintComponent(createGraphics);

Test 14: 
HuntDisplay huntDisplay = new HuntDisplay();
Landmark landmark = new Landmark(20.345678, 10.987654, (ImageIcon) 20.345678);
huntDisplay.addLandMark(landmark);
double _double = 20.345678;
double _double = 10.987654;
double _double = 5.6789;
TrigPoint trigPoint = new TrigPoint(_double, _double, _double);
huntDisplay.addPoint(trigPoint);
int _int = 1207;
int _int = 1207;
int _int = 5;
BufferedImage bufferedImage = new BufferedImage(_int, _int, _int);
Graphics2D graphics2D = null;
huntDisplay.paintComponent(graphics2D);

Test 15: 
HuntDisplay huntDisplay = new HuntDisplay();
TrigPoint trigPoint = new TrigPoint(0.12345, 0.6789, 494.6, true);
huntDisplay.addPoint(trigPoint);
huntDisplay.paintComponent((Graphics) null);

Test 16: 
HuntDisplay huntDisplay = new HuntDisplay();
Dimension minimumSize = huntDisplay.getMinimumSize();
huntDisplay.getSize(minimumSize);
huntDisplay.getMinimumSize();

Test 17: 
HuntDisplay huntDisplay = new HuntDisplay();
huntDisplay.getMinimumSize();
huntDisplay.getMinimumSize();

Test 18: 
HuntDisplay huntDisplay = new HuntDisplay();
huntDisplay.getMinimumSize();

Test 19: 
HuntDisplay huntDisplay = new HuntDisplay();
Dimension preferredSize = huntDisplay.getPreferredSize();
preferredSize.setSize((double) 50, (double) (Double) null);
huntDisplay.getPreferredSize();


* Minimizing test suite
* test suite isTestSuite: 11
Test 0: 
HuntDisplay huntDisplay = new HuntDisplay();
Dimension preferredSize = huntDisplay.getPreferredSize();
preferredSize.setSize(180.0, (-2645.454008834));
huntDisplay.getPreferredSize();

Test 1: 
HuntDisplay huntDisplay = new HuntDisplay();
TrigPoint trigPoint = new TrigPoint(0.12345, 0.6789, 494.6, true);
huntDisplay.addPoint(trigPoint);
// Undeclared exception!
try { 
  huntDisplay.paintComponent((Graphics) null);
  fail("Expecting exception: NullPointerException");

} catch(NullPointerException e) {
   //
   // no message in exception (getMessage() returned null)
   //
   verifyException("Joshua.FoxHunt.HuntDisplay", e);
}

Test 2: 
HuntDisplay huntDisplay = new HuntDisplay();
Dimension minimumSize = huntDisplay.getMinimumSize();
minimumSize.setSize(200, (-1466));
huntDisplay.getMinimumSize();
Test 3: 
HuntDisplay huntDisplay = new HuntDisplay();
ImageIcon imageIcon = new ImageIcon();
Landmark landmark = new Landmark((-2783.2731663007444), (-2783.2731663007444), imageIcon);
huntDisplay.addLandMark(landmark);
TrigPoint trigPoint = new TrigPoint((-2783.2731663007444), (-2783.2731663007444), (-2783.2731663007444));
huntDisplay.addPoint(trigPoint);
BufferedImage bufferedImage = new BufferedImage(1207, 1207, 5);
Graphics2D createGraphics = bufferedImage.createGraphics();
huntDisplay.paintComponent(createGraphics);
Test 4: 
HuntDisplay huntDisplay = new HuntDisplay();
BufferedImage bufferedImage = new BufferedImage(1207, 1207, 5);
Graphics2D createGraphics = bufferedImage.createGraphics();
huntDisplay.paintComponent(createGraphics);
Test 5: 
HuntDisplay huntDisplay = new HuntDisplay();
Dimension minimumSize = huntDisplay.getMinimumSize();
huntDisplay.getSize(minimumSize);
huntDisplay.getMinimumSize();
Test 6: 
HuntDisplay huntDisplay = new HuntDisplay();
Dimension minimumSize = huntDisplay.getMinimumSize();
minimumSize.width = (-3516);
huntDisplay.getMinimumSize();
Test 7: 
HuntDisplay huntDisplay = new HuntDisplay();
huntDisplay.minSize = null;
huntDisplay.getMinimumSize();
Test 8: 
HuntDisplay huntDisplay = new HuntDisplay();
Dimension preferredSize = huntDisplay.getPreferredSize();
huntDisplay.getSize(preferredSize);
huntDisplay.getPreferredSize();
Test 9: 
HuntDisplay huntDisplay = new HuntDisplay();
Dimension preferredSize = huntDisplay.getPreferredSize();
preferredSize.setSize((-1501.0443970097394), (double) 50);
huntDisplay.getPreferredSize();
Test 10: 
HuntDisplay huntDisplay = new HuntDisplay();
huntDisplay.prefSize = null;
huntDisplay.getPreferredSize();

* Going to analyze the coverage criteria
* Coverage analysis for criterion BRANCH
* Coverage of criterion BRANCH: 100%
* Total number of goals: 23
* Number of covered goals: 23
* Coverage analysis for criterion LINE
* Coverage of criterion LINE: 100%
* Total number of goals: 50
* Number of covered goals: 50
* Coverage analysis for criterion OUTPUT
* Coverage of criterion OUTPUT: 100%
* Total number of goals: 14
* Number of covered goals: 14
* Coverage analysis for criterion METHOD
* Coverage of criterion METHOD: 100%
* Total number of goals: 6
* Number of covered goals: 6
* Coverage analysis for criterion CBRANCH
* Coverage of criterion CBRANCH: 100%
* Total number of goals: 23
* Number of covered goals: 23
* Generated 11 tests with total length 47
* Resulting test suite's coverage: 100% (average coverage for all fitness functions)
* Generating assertions
* Resulting test suite's mutation score: 37%
* Compiling and checking tests
Going to execute: removeTestsThatDoNotCompile
* Compiling Tests
** Write a test suite: 0 called: 0 to improve: false
* Compiling Tests
** Write a test suite: 0 called: 0 to improve: false
* Compiling Tests
** Write a test suite: 0 called: 0 to improve: true
** Improve Understandability: ** Test Code is: HuntDisplay huntDisplay = new HuntDisplay();
TrigPoint arg0 = new TrigPoint(0.12345, 0.6789, 494.6, true);
huntDisplay.addPoint(arg0);
// Undeclared exception!
try { 
  huntDisplay.paintComponent((Graphics) null);
  fail("Expecting exception: NullPointerException");

} catch(NullPointerException e) {
   //
   // no message in exception (getMessage() returned null)
   //
   verifyException("Joshua.FoxHunt.HuntDisplay", e);
}


** It was a parseable test case! 
refined test name is: testPaintingWithNullGraphicsThrowsNPE
* Compiling Tests
** Write a test suite: 0 called: 0 to improve: false
* Compiling Tests
** Write a test suite: 0 called: 0 to improve: false
* Compiling Tests
** Write a test suite: 0 called: 0 to improve: false
* Compiling Tests
** Write a test suite: 0 called: 0 to improve: true
** Improve Understandability: ** Test Code is: HuntDisplay huntDisplay = new HuntDisplay();
BufferedImage bufferedImage = new BufferedImage(1207, 1207, 5);
Graphics2D arg0 = bufferedImage.createGraphics();
huntDisplay.paintComponent(arg0);
assertFalse(huntDisplay.getIgnoreRepaint());


** It was a parseable test case! 
refined test name is: testHuntDisplayPaintComponent
* Compiling Tests
** Write a test suite: 0 called: 0 to improve: false
* Compiling Tests
** Write a test suite: 0 called: 0 to improve: true
** Improve Understandability: ** Test Code is: HuntDisplay huntDisplay = new HuntDisplay();
Dimension arg0 = huntDisplay.getMinimumSize();
huntDisplay.getSize(arg0);
Dimension minimumSize = huntDisplay.getMinimumSize();
assertEquals(0, minimumSize.height);


** It was a parseable test case! 
refined test name is: testGetMinimumSizeReturnsExpectedValue
* Compiling Tests
** Write a test suite: 0 called: 0 to improve: false
* Compiling Tests
** Write a test suite: 0 called: 0 to improve: false
* Compiling Tests
** Write a test suite: 0 called: 0 to improve: true
** Improve Understandability: ** Test Code is: HuntDisplay huntDisplay = new HuntDisplay();
huntDisplay.minSize = null;
Dimension minimumSize = huntDisplay.getMinimumSize();
assertNull(minimumSize);


** It was a parseable test case! 
refined test name is: testGetMinimumSizeReturnsNullWhenMinSizeIsNull
* Compiling Tests
** Write a test suite: 0 called: 0 to improve: false
* Compiling Tests
** Write a test suite: 0 called: 0 to improve: true
** Improve Understandability: ** Test Code is: HuntDisplay huntDisplay = new HuntDisplay();
Dimension arg0 = huntDisplay.getPreferredSize();
Dimension size = huntDisplay.getSize(arg0);
Dimension preferredSize = huntDisplay.getPreferredSize();
assertSame(preferredSize, size);


** It was a parseable test case! 
refined test name is: testGetPreferredSizeWithNullArgument
* Compiling Tests
refined test name is: testGetPreferredSizeWithNullArgument
* Compiling Tests
** Write a test suite: 0 called: 0 to improve: false
* Compiling Tests
** Write a test suite: 0 called: 0 to improve: false
* Compiling Tests
** Write a test suite: 0 called: 0 to improve: true
** Improve Understandability: ** Test Code is: HuntDisplay huntDisplay = new HuntDisplay();
huntDisplay.prefSize = null;
Dimension preferredSize = huntDisplay.getPreferredSize();
assertNull(preferredSize);


** It was a parseable test case! 
refined test name is: testGetPreferredSizeWhenPrefSizeIsNotSet
Going to execute: handleTestsThatAreUnstable
* Compiling Tests
[MASTER] 02:22:15.890 [logback-1] WARN  AgentLoader - Failed to find EvoSuite jar in current classloader. URLs of classloader:
file:/root/.sdkman/candidates/java/8.0.333.fx-librca/jre/../lib/tools.jar
file:/root/.sdkman/candidates/java/8.0.333.fx-librca/jre/lib/ext/cldrdata.jar
file:/root/.sdkman/candidates/java/8.0.333.fx-librca/jre/lib/ext/sunec.jar
file:/root/.sdkman/candidates/java/8.0.333.fx-librca/jre/lib/ext/localedata.jar
file:/root/.sdkman/candidates/java/8.0.333.fx-librca/jre/lib/ext/jaccess.jar
file:/root/.sdkman/candidates/java/8.0.333.fx-librca/jre/lib/ext/dnsns.jar
file:/root/.sdkman/candidates/java/8.0.333.fx-librca/jre/lib/ext/sunpkcs11.jar
file:/root/.sdkman/candidates/java/8.0.333.fx-librca/jre/lib/ext/zipfs.jar
file:/root/.sdkman/candidates/java/8.0.333.fx-librca/jre/lib/ext/jfxrt.jar
file:/tmp/EvoSuite_pathingJar7303343657712263583.jar
file:/root/.sdkman/candidates/java/8.0.333.fx-librca/jre/lib/ext/sunjce_provider.jar
file:/root/.sdkman/candidates/java/8.0.333.fx-librca/jre/lib/ext/nashorn.jar
[MASTER] 02:22:15.921 [logback-1] WARN  JUnitAnalyzer - Found unstable test named initializationError -> class java.lang.RuntimeException: Cannot find either the compilation target folder nor the EvoSuite jar in classpath: /tmp/EvoSuite_pathingJar7303343657712263583.jar
Going to execute: handleTestsThatAreUnstable
* Compiling Tests
[MASTER] 02:22:16.023 [logback-1] WARN  AgentLoader - Failed to find EvoSuite jar in current classloader. URLs of classloader:
file:/root/.sdkman/candidates/java/8.0.333.fx-librca/jre/../lib/tools.jar
file:/root/.sdkman/candidates/java/8.0.333.fx-librca/jre/lib/ext/cldrdata.jar
file:/root/.sdkman/candidates/java/8.0.333.fx-librca/jre/lib/ext/sunec.jar
file:/root/.sdkman/candidates/java/8.0.333.fx-librca/jre/lib/ext/localedata.jar
file:/root/.sdkman/candidates/java/8.0.333.fx-librca/jre/lib/ext/jaccess.jar
file:/root/.sdkman/candidates/java/8.0.333.fx-librca/jre/lib/ext/dnsns.jar
file:/root/.sdkman/candidates/java/8.0.333.fx-librca/jre/lib/ext/sunpkcs11.jar
file:/root/.sdkman/candidates/java/8.0.333.fx-librca/jre/lib/ext/zipfs.jar
file:/root/.sdkman/candidates/java/8.0.333.fx-librca/jre/lib/ext/jfxrt.jar
file:/tmp/EvoSuite_pathingJar7303343657712263583.jar
file:/root/.sdkman/candidates/java/8.0.333.fx-librca/jre/lib/ext/sunjce_provider.jar
file:/root/.sdkman/candidates/java/8.0.333.fx-librca/jre/lib/ext/nashorn.jar
[MASTER] 02:22:16.024 [logback-1] WARN  JUnitAnalyzer - Found unstable test named initializationError -> class java.lang.RuntimeException: Cannot find either the compilation target folder nor the EvoSuite jar in classpath: /tmp/EvoSuite_pathingJar7303343657712263583.jar
Going to execute: handleTestsThatAreUnstable
* Compiling Tests
[MASTER] 02:22:16.073 [logback-1] WARN  AgentLoader - Failed to find EvoSuite jar in current classloader. URLs of classloader:
file:/root/.sdkman/candidates/java/8.0.333.fx-librca/jre/../lib/tools.jar
file:/root/.sdkman/candidates/java/8.0.333.fx-librca/jre/lib/ext/cldrdata.jar
file:/root/.sdkman/candidates/java/8.0.333.fx-librca/jre/lib/ext/sunec.jar
file:/root/.sdkman/candidates/java/8.0.333.fx-librca/jre/lib/ext/localedata.jar
file:/root/.sdkman/candidates/java/8.0.333.fx-librca/jre/lib/ext/jaccess.jar
file:/root/.sdkman/candidates/java/8.0.333.fx-librca/jre/lib/ext/dnsns.jar
file:/root/.sdkman/candidates/java/8.0.333.fx-librca/jre/lib/ext/sunpkcs11.jar
file:/root/.sdkman/candidates/java/8.0.333.fx-librca/jre/lib/ext/zipfs.jar
file:/root/.sdkman/candidates/java/8.0.333.fx-librca/jre/lib/ext/jfxrt.jar
file:/tmp/EvoSuite_pathingJar7303343657712263583.jar
file:/root/.sdkman/candidates/java/8.0.333.fx-librca/jre/lib/ext/sunjce_provider.jar
file:/root/.sdkman/candidates/java/8.0.333.fx-librca/jre/lib/ext/nashorn.jar
[MASTER] 02:22:16.074 [logback-1] WARN  JUnitAnalyzer - Found unstable test named initializationError -> class java.lang.RuntimeException: Cannot find either the compilation target folder nor the EvoSuite jar in classpath: /tmp/EvoSuite_pathingJar7303343657712263583.jar
Going to execute: handleTestsThatAreUnstable
* Compiling Tests
[MASTER] 02:22:16.135 [logback-1] WARN  AgentLoader - Failed to find EvoSuite jar in current classloader. URLs of classloader:
file:/root/.sdkman/candidates/java/8.0.333.fx-librca/jre/../lib/tools.jar
file:/root/.sdkman/candidates/java/8.0.333.fx-librca/jre/lib/ext/cldrdata.jar
file:/root/.sdkman/candidates/java/8.0.333.fx-librca/jre/lib/ext/sunec.jar
file:/root/.sdkman/candidates/java/8.0.333.fx-librca/jre/lib/ext/localedata.jar
file:/root/.sdkman/candidates/java/8.0.333.fx-librca/jre/lib/ext/jaccess.jar
file:/root/.sdkman/candidates/java/8.0.333.fx-librca/jre/lib/ext/dnsns.jar
file:/root/.sdkman/candidates/java/8.0.333.fx-librca/jre/lib/ext/sunpkcs11.jar
file:/root/.sdkman/candidates/java/8.0.333.fx-librca/jre/lib/ext/zipfs.jar
file:/root/.sdkman/candidates/java/8.0.333.fx-librca/jre/lib/ext/jfxrt.jar
file:/tmp/EvoSuite_pathingJar7303343657712263583.jar
file:/root/.sdkman/candidates/java/8.0.333.fx-librca/jre/lib/ext/sunjce_provider.jar
file:/root/.sdkman/candidates/java/8.0.333.fx-librca/jre/lib/ext/nashorn.jar
[MASTER] 02:22:16.136 [logback-1] WARN  JUnitAnalyzer - Found unstable test named initializationError -> class java.lang.RuntimeException: Cannot find either the compilation target folder nor the EvoSuite jar in classpath: /tmp/EvoSuite_pathingJar7303343657712263583.jar
Going to execute: handleTestsThatAreUnstable
* Compiling Tests
** Write a test suite: 0 called: 0 to improve: false
[MASTER] 02:22:16.202 [logback-1] WARN  AgentLoader - Failed to find EvoSuite jar in current classloader. URLs of classloader:
file:/root/.sdkman/candidates/java/8.0.333.fx-librca/jre/../lib/tools.jar
file:/root/.sdkman/candidates/java/8.0.333.fx-librca/jre/lib/ext/cldrdata.jar
file:/root/.sdkman/candidates/java/8.0.333.fx-librca/jre/lib/ext/sunec.jar
file:/root/.sdkman/candidates/java/8.0.333.fx-librca/jre/lib/ext/localedata.jar
file:/root/.sdkman/candidates/java/8.0.333.fx-librca/jre/lib/ext/jaccess.jar
file:/root/.sdkman/candidates/java/8.0.333.fx-librca/jre/lib/ext/dnsns.jar
file:/root/.sdkman/candidates/java/8.0.333.fx-librca/jre/lib/ext/sunpkcs11.jar
file:/root/.sdkman/candidates/java/8.0.333.fx-librca/jre/lib/ext/zipfs.jar
file:/root/.sdkman/candidates/java/8.0.333.fx-librca/jre/lib/ext/jfxrt.jar
file:/tmp/EvoSuite_pathingJar7303343657712263583.jar
file:/root/.sdkman/candidates/java/8.0.333.fx-librca/jre/lib/ext/sunjce_provider.jar
file:/root/.sdkman/candidates/java/8.0.333.fx-librca/jre/lib/ext/nashorn.jar
[MASTER] 02:22:16.203 [logback-1] WARN  JUnitAnalyzer - Found unstable test named initializationError -> class java.lang.RuntimeException: Cannot find either the compilation target folder nor the EvoSuite jar in classpath: /tmp/EvoSuite_pathingJar7303343657712263583.jar
Going to execute: handleTestsThatAreUnstable
* Compiling Tests
[MASTER] 02:22:16.282 [logback-1] WARN  AgentLoader - Failed to find EvoSuite jar in current classloader. URLs of classloader:
file:/root/.sdkman/candidates/java/8.0.333.fx-librca/jre/../lib/tools.jar
file:/root/.sdkman/candidates/java/8.0.333.fx-librca/jre/lib/ext/cldrdata.jar
file:/root/.sdkman/candidates/java/8.0.333.fx-librca/jre/lib/ext/sunec.jar
file:/root/.sdkman/candidates/java/8.0.333.fx-librca/jre/lib/ext/localedata.jar
file:/root/.sdkman/candidates/java/8.0.333.fx-librca/jre/lib/ext/jaccess.jar
file:/root/.sdkman/candidates/java/8.0.333.fx-librca/jre/lib/ext/dnsns.jar
file:/root/.sdkman/candidates/java/8.0.333.fx-librca/jre/lib/ext/sunpkcs11.jar
file:/root/.sdkman/candidates/java/8.0.333.fx-librca/jre/lib/ext/zipfs.jar
file:/root/.sdkman/candidates/java/8.0.333.fx-librca/jre/lib/ext/jfxrt.jar
file:/tmp/EvoSuite_pathingJar7303343657712263583.jar
file:/root/.sdkman/candidates/java/8.0.333.fx-librca/jre/lib/ext/sunjce_provider.jar
file:/root/.sdkman/candidates/java/8.0.333.fx-librca/jre/lib/ext/nashorn.jar
[MASTER] 02:22:16.283 [logback-1] WARN  JUnitAnalyzer - Found unstable test named initializationError -> class java.lang.RuntimeException: Cannot find either the compilation target folder nor the EvoSuite jar in classpath: /tmp/EvoSuite_pathingJar7303343657712263583.jar
Going to execute: handleTestsThatAreUnstable
* Compiling Tests
** Write a test suite: 4 called: 0 to improve: false
[MASTER] 02:22:16.537 [logback-1] WARN  AgentLoader - Failed to find EvoSuite jar in current classloader. URLs of classloader:
file:/root/.sdkman/candidates/java/8.0.333.fx-librca/jre/../lib/tools.jar
file:/root/.sdkman/candidates/java/8.0.333.fx-librca/jre/lib/ext/cldrdata.jar
file:/root/.sdkman/candidates/java/8.0.333.fx-librca/jre/lib/ext/sunec.jar
file:/root/.sdkman/candidates/java/8.0.333.fx-librca/jre/lib/ext/localedata.jar
file:/root/.sdkman/candidates/java/8.0.333.fx-librca/jre/lib/ext/jaccess.jar
file:/root/.sdkman/candidates/java/8.0.333.fx-librca/jre/lib/ext/dnsns.jar
file:/root/.sdkman/candidates/java/8.0.333.fx-librca/jre/lib/ext/sunpkcs11.jar
file:/root/.sdkman/candidates/java/8.0.333.fx-librca/jre/lib/ext/zipfs.jar
file:/root/.sdkman/candidates/java/8.0.333.fx-librca/jre/lib/ext/jfxrt.jar
file:/tmp/EvoSuite_pathingJar7303343657712263583.jar
file:/root/.sdkman/candidates/java/8.0.333.fx-librca/jre/lib/ext/sunjce_provider.jar
file:/root/.sdkman/candidates/java/8.0.333.fx-librca/jre/lib/ext/nashorn.jar
[MASTER] 02:22:16.538 [logback-1] WARN  JUnitAnalyzer - Found unstable test named initializationError -> class java.lang.RuntimeException: Cannot find either the compilation target folder nor the EvoSuite jar in classpath: /tmp/EvoSuite_pathingJar7303343657712263583.jar
Going to execute: handleTestsThatAreUnstable
* Compiling Tests
** Write a test suite: 1 called: 0 to improve: false
[MASTER] 02:22:16.634 [logback-1] WARN  AgentLoader - Failed to find EvoSuite jar in current classloader. URLs of classloader:
file:/root/.sdkman/candidates/java/8.0.333.fx-librca/jre/../lib/tools.jar
file:/root/.sdkman/candidates/java/8.0.333.fx-librca/jre/lib/ext/cldrdata.jar
file:/root/.sdkman/candidates/java/8.0.333.fx-librca/jre/lib/ext/sunec.jar
file:/root/.sdkman/candidates/java/8.0.333.fx-librca/jre/lib/ext/localedata.jar
file:/root/.sdkman/candidates/java/8.0.333.fx-librca/jre/lib/ext/jaccess.jar
file:/root/.sdkman/candidates/java/8.0.333.fx-librca/jre/lib/ext/dnsns.jar
file:/root/.sdkman/candidates/java/8.0.333.fx-librca/jre/lib/ext/sunpkcs11.jar
file:/root/.sdkman/candidates/java/8.0.333.fx-librca/jre/lib/ext/zipfs.jar
file:/root/.sdkman/candidates/java/8.0.333.fx-librca/jre/lib/ext/jfxrt.jar
file:/tmp/EvoSuite_pathingJar7303343657712263583.jar
file:/root/.sdkman/candidates/java/8.0.333.fx-librca/jre/lib/ext/sunjce_provider.jar
file:/root/.sdkman/candidates/java/8.0.333.fx-librca/jre/lib/ext/nashorn.jar
[MASTER] 02:22:16.635 [logback-1] WARN  JUnitAnalyzer - Found unstable test named initializationError -> class java.lang.RuntimeException: Cannot find either the compilation target folder nor the EvoSuite jar in classpath: /tmp/EvoSuite_pathingJar7303343657712263583.jar
[MASTER] 02:22:16.799 [logback-1] WARN  TimeController - Already entered in phase: INLINING. This will mess up the timing calculations.
* test suite isTestSuite: 11
Test 0: 
HuntDisplay huntDisplay = new HuntDisplay();
Dimension preferredSize = huntDisplay.getPreferredSize();
preferredSize.setSize(180.0, (-2645.454008834));
huntDisplay.getPreferredSize();

Test 1: 
HuntDisplay huntDisplay = new HuntDisplay();
Dimension minimumSize = huntDisplay.getMinimumSize();
minimumSize.setSize(200, (-1466));
huntDisplay.getMinimumSize();
Test 2: 
HuntDisplay huntDisplay = new HuntDisplay();
BufferedImage bufferedImage = new BufferedImage(1207, 1207, 5);
Graphics2D createGraphics = bufferedImage.createGraphics();
huntDisplay.paintComponent(createGraphics);
Test 3: 
HuntDisplay huntDisplay = new HuntDisplay();
ImageIcon imageIcon = new ImageIcon();
Landmark landmark = new Landmark((-2783.2731663007444), (-2783.2731663007444), imageIcon);
huntDisplay.addLandMark(landmark);
TrigPoint trigPoint = new TrigPoint((-2783.2731663007444), (-2783.2731663007444), (-2783.2731663007444));
huntDisplay.addPoint(trigPoint);
BufferedImage bufferedImage = new BufferedImage(1207, 1207, 5);
Graphics2D createGraphics = bufferedImage.createGraphics();
huntDisplay.paintComponent(createGraphics);
Test 4: 
HuntDisplay huntDisplay = new HuntDisplay();
TrigPoint trigPoint = new TrigPoint(0.0, 0.0, 494.6, true);
huntDisplay.addPoint(trigPoint);
// Undeclared exception!
try { 
  huntDisplay.paintComponent((Graphics) null);
  fail("Expecting exception: NullPointerException");

} catch(NullPointerException e) {
   //
   // no message in exception (getMessage() returned null)
   //
   verifyException("Joshua.FoxHunt.HuntDisplay", e);
}

Test 5: 
HuntDisplay huntDisplay = new HuntDisplay();
Dimension minimumSize = huntDisplay.getMinimumSize();
huntDisplay.getSize(minimumSize);
huntDisplay.getMinimumSize();
Test 6: 
HuntDisplay huntDisplay = new HuntDisplay();
Dimension minimumSize = huntDisplay.getMinimumSize();
minimumSize.width = (-3516);
huntDisplay.getMinimumSize();
Test 7: 
HuntDisplay huntDisplay = new HuntDisplay();
huntDisplay.minSize = null;
huntDisplay.getMinimumSize();
Test 8: 
HuntDisplay huntDisplay = new HuntDisplay();
Dimension preferredSize = huntDisplay.getPreferredSize();
huntDisplay.getSize(preferredSize);
huntDisplay.getPreferredSize();
Test 9: 
HuntDisplay huntDisplay = new HuntDisplay();
Dimension preferredSize = huntDisplay.getPreferredSize();
preferredSize.setSize((-1501.0443970097394), (double) 50);
huntDisplay.getPreferredSize();
Test 10: 
HuntDisplay huntDisplay = new HuntDisplay();
huntDisplay.prefSize = null;
huntDisplay.getPreferredSize();

* Minimizing test suite
* test suite isTestSuite: 11
Test 0: 
HuntDisplay huntDisplay = new HuntDisplay();
Dimension preferredSize = huntDisplay.getPreferredSize();
preferredSize.setSize(180.0, (-2645.454008834));
huntDisplay.getPreferredSize();

Test 1: 
HuntDisplay huntDisplay = new HuntDisplay();
Dimension minimumSize = huntDisplay.getMinimumSize();
minimumSize.setSize(200, (-1466));
huntDisplay.getMinimumSize();
Test 2: 
HuntDisplay huntDisplay = new HuntDisplay();
BufferedImage bufferedImage = new BufferedImage(1207, 1207, 5);
Graphics2D createGraphics = bufferedImage.createGraphics();
huntDisplay.paintComponent(createGraphics);
Test 3: 
HuntDisplay huntDisplay = new HuntDisplay();
ImageIcon imageIcon = new ImageIcon();
Landmark landmark = new Landmark((-2783.2731663007444), (-2783.2731663007444), imageIcon);
huntDisplay.addLandMark(landmark);
TrigPoint trigPoint = new TrigPoint((-2783.2731663007444), (-2783.2731663007444), (-2783.2731663007444));
huntDisplay.addPoint(trigPoint);
BufferedImage bufferedImage = new BufferedImage(1207, 1207, 5);
Graphics2D createGraphics = bufferedImage.createGraphics();
huntDisplay.paintComponent(createGraphics);
Test 4: 
HuntDisplay huntDisplay = new HuntDisplay();
TrigPoint trigPoint = new TrigPoint(0.0, 0.0, 494.6, true);
huntDisplay.addPoint(trigPoint);
// Undeclared exception!
try { 
  huntDisplay.paintComponent((Graphics) null);
  fail("Expecting exception: NullPointerException");

} catch(NullPointerException e) {
   //
   // no message in exception (getMessage() returned null)
   //
   verifyException("Joshua.FoxHunt.HuntDisplay", e);
}

Test 5: 
HuntDisplay huntDisplay = new HuntDisplay();
Dimension minimumSize = huntDisplay.getMinimumSize();
huntDisplay.getSize(minimumSize);
huntDisplay.getMinimumSize();
Test 6: 
HuntDisplay huntDisplay = new HuntDisplay();
Dimension minimumSize = huntDisplay.getMinimumSize();
minimumSize.width = (-3516);
huntDisplay.getMinimumSize();
Test 7: 
HuntDisplay huntDisplay = new HuntDisplay();
huntDisplay.minSize = null;
huntDisplay.getMinimumSize();
Test 8: 
HuntDisplay huntDisplay = new HuntDisplay();
Dimension preferredSize = huntDisplay.getPreferredSize();
huntDisplay.getSize(preferredSize);
huntDisplay.getPreferredSize();
Test 9: 
HuntDisplay huntDisplay = new HuntDisplay();
Dimension preferredSize = huntDisplay.getPreferredSize();
preferredSize.setSize((-1501.0443970097394), (double) 50);
huntDisplay.getPreferredSize();
Test 10: 
HuntDisplay huntDisplay = new HuntDisplay();
huntDisplay.prefSize = null;
huntDisplay.getPreferredSize();

[MASTER] 02:22:18.654 [logback-1] WARN  TimeController - Already entered in phase: MINIMIZATION. This will mess up the timing calculations.
* Going to analyze the coverage criteria
* Coverage analysis for criterion BRANCH
* Coverage of criterion BRANCH: 100%
* Total number of goals: 23
* Number of covered goals: 23
* Coverage analysis for criterion LINE
* Coverage of criterion LINE: 100%
* Total number of goals: 50
* Number of covered goals: 50
* Coverage analysis for criterion OUTPUT
* Coverage of criterion OUTPUT: 100%
* Total number of goals: 14
* Number of covered goals: 14
* Coverage analysis for criterion METHOD
* Coverage of criterion METHOD: 100%
* Total number of goals: 6
* Number of covered goals: 6
* Coverage analysis for criterion CBRANCH
* Coverage of criterion CBRANCH: 100%
* Total number of goals: 23
* Number of covered goals: 23
* Generated 11 tests with total length 47
* Resulting test suite's coverage: 100% (average coverage for all fitness functions)
* Generating assertions
[MASTER] 02:22:18.721 [logback-1] WARN  TimeController - Already entered in phase: COVERAGE_ANALYSIS. This will mess up the timing calculations.
* Resulting test suite's mutation score: 38%
* Compiling and checking tests
[MASTER] 02:22:20.288 [logback-1] WARN  TimeController - Already entered in phase: ASSERTION_GENERATION. This will mess up the timing calculations.
Going to execute: removeTestsThatDoNotCompile
* Compiling Tests
** Write a test suite: 0 called: 0 to improve: false
* Compiling Tests
** Write a test suite: 0 called: 0 to improve: false
* Compiling Tests
** Write a test suite: 0 called: 0 to improve: false
* Compiling Tests
** Write a test suite: 0 called: 0 to improve: false
* Compiling Tests
** Write a test suite: 0 called: 0 to improve: false
* Compiling Tests
** Write a test suite: 0 called: 0 to improve: false
* Compiling Tests
** Write a test suite: 0 called: 0 to improve: false
* Compiling Tests
** Write a test suite: 0 called: 0 to improve: false
* Compiling Tests
** Write a test suite: 0 called: 0 to improve: false
* Compiling Tests
** Write a test suite: 0 called: 0 to improve: false
* Compiling Tests
** Write a test suite: 0 called: 0 to improve: false
Going to execute: handleTestsThatAreUnstable
* Compiling Tests
** Write a test suite: 0 called: 0 to improve: false
[MASTER] 02:22:20.978 [logback-1] WARN  AgentLoader - Failed to find EvoSuite jar in current classloader. URLs of classloader:
file:/root/.sdkman/candidates/java/8.0.333.fx-librca/jre/../lib/tools.jar
file:/root/.sdkman/candidates/java/8.0.333.fx-librca/jre/lib/ext/cldrdata.jar
file:/root/.sdkman/candidates/java/8.0.333.fx-librca/jre/lib/ext/sunec.jar
file:/root/.sdkman/candidates/java/8.0.333.fx-librca/jre/lib/ext/localedata.jar
file:/root/.sdkman/candidates/java/8.0.333.fx-librca/jre/lib/ext/jaccess.jar
file:/root/.sdkman/candidates/java/8.0.333.fx-librca/jre/lib/ext/dnsns.jar
file:/root/.sdkman/candidates/java/8.0.333.fx-librca/jre/lib/ext/sunpkcs11.jar
file:/root/.sdkman/candidates/java/8.0.333.fx-librca/jre/lib/ext/zipfs.jar
file:/root/.sdkman/candidates/java/8.0.333.fx-librca/jre/lib/ext/jfxrt.jar
file:/tmp/EvoSuite_pathingJar7303343657712263583.jar
file:/root/.sdkman/candidates/java/8.0.333.fx-librca/jre/lib/ext/sunjce_provider.jar
file:/root/.sdkman/candidates/java/8.0.333.fx-librca/jre/lib/ext/nashorn.jar
[MASTER] 02:22:20.979 [logback-1] WARN  JUnitAnalyzer - Found unstable test named initializationError -> class java.lang.RuntimeException: Cannot find either the compilation target folder nor the EvoSuite jar in classpath: /tmp/EvoSuite_pathingJar7303343657712263583.jar
Going to execute: handleTestsThatAreUnstable
* Compiling Tests
** Write a test suite: 0 called: 0 to improve: false
[MASTER] 02:22:21.073 [logback-1] WARN  AgentLoader - Failed to find EvoSuite jar in current classloader. URLs of classloader:
file:/root/.sdkman/candidates/java/8.0.333.fx-librca/jre/../lib/tools.jar
file:/root/.sdkman/candidates/java/8.0.333.fx-librca/jre/lib/ext/cldrdata.jar
file:/root/.sdkman/candidates/java/8.0.333.fx-librca/jre/lib/ext/sunec.jar
file:/root/.sdkman/candidates/java/8.0.333.fx-librca/jre/lib/ext/localedata.jar
file:/root/.sdkman/candidates/java/8.0.333.fx-librca/jre/lib/ext/jaccess.jar
file:/root/.sdkman/candidates/java/8.0.333.fx-librca/jre/lib/ext/dnsns.jar
file:/root/.sdkman/candidates/java/8.0.333.fx-librca/jre/lib/ext/sunpkcs11.jar
file:/root/.sdkman/candidates/java/8.0.333.fx-librca/jre/lib/ext/zipfs.jar
file:/root/.sdkman/candidates/java/8.0.333.fx-librca/jre/lib/ext/jfxrt.jar
file:/tmp/EvoSuite_pathingJar7303343657712263583.jar
file:/root/.sdkman/candidates/java/8.0.333.fx-librca/jre/lib/ext/sunjce_provider.jar
file:/root/.sdkman/candidates/java/8.0.333.fx-librca/jre/lib/ext/nashorn.jar
[MASTER] 02:22:21.074 [logback-1] WARN  JUnitAnalyzer - Found unstable test named initializationError -> class java.lang.RuntimeException: Cannot find either the compilation target folder nor the EvoSuite jar in classpath: /tmp/EvoSuite_pathingJar7303343657712263583.jar
Going to execute: handleTestsThatAreUnstable
* Compiling Tests
** Write a test suite: 0 called: 0 to improve: false
[MASTER] 02:22:21.138 [logback-1] WARN  AgentLoader - Failed to find EvoSuite jar in current classloader. URLs of classloader:
file:/root/.sdkman/candidates/java/8.0.333.fx-librca/jre/../lib/tools.jar
file:/root/.sdkman/candidates/java/8.0.333.fx-librca/jre/lib/ext/cldrdata.jar
file:/root/.sdkman/candidates/java/8.0.333.fx-librca/jre/lib/ext/sunec.jar
file:/root/.sdkman/candidates/java/8.0.333.fx-librca/jre/lib/ext/localedata.jar
file:/root/.sdkman/candidates/java/8.0.333.fx-librca/jre/lib/ext/jaccess.jar
file:/root/.sdkman/candidates/java/8.0.333.fx-librca/jre/lib/ext/dnsns.jar
file:/root/.sdkman/candidates/java/8.0.333.fx-librca/jre/lib/ext/sunpkcs11.jar
file:/root/.sdkman/candidates/java/8.0.333.fx-librca/jre/lib/ext/zipfs.jar
file:/root/.sdkman/candidates/java/8.0.333.fx-librca/jre/lib/ext/jfxrt.jar
file:/tmp/EvoSuite_pathingJar7303343657712263583.jar
file:/root/.sdkman/candidates/java/8.0.333.fx-librca/jre/lib/ext/sunjce_provider.jar
file:/root/.sdkman/candidates/java/8.0.333.fx-librca/jre/lib/ext/nashorn.jar
[MASTER] 02:22:21.139 [logback-1] WARN  JUnitAnalyzer - Found unstable test named initializationError -> class java.lang.RuntimeException: Cannot find either the compilation target folder nor the EvoSuite jar in classpath: /tmp/EvoSuite_pathingJar7303343657712263583.jar
Going to execute: handleTestsThatAreUnstable
* Compiling Tests
** Write a test suite: 0 called: 0 to improve: false
[MASTER] 02:22:21.209 [logback-1] WARN  AgentLoader - Failed to find EvoSuite jar in current classloader. URLs of classloader:
file:/root/.sdkman/candidates/java/8.0.333.fx-librca/jre/../lib/tools.jar
file:/root/.sdkman/candidates/java/8.0.333.fx-librca/jre/lib/ext/cldrdata.jar
file:/root/.sdkman/candidates/java/8.0.333.fx-librca/jre/lib/ext/sunec.jar
file:/root/.sdkman/candidates/java/8.0.333.fx-librca/jre/lib/ext/localedata.jar
file:/root/.sdkman/candidates/java/8.0.333.fx-librca/jre/lib/ext/jaccess.jar
file:/root/.sdkman/candidates/java/8.0.333.fx-librca/jre/lib/ext/dnsns.jar
file:/root/.sdkman/candidates/java/8.0.333.fx-librca/jre/lib/ext/sunpkcs11.jar
file:/root/.sdkman/candidates/java/8.0.333.fx-librca/jre/lib/ext/zipfs.jar
file:/root/.sdkman/candidates/java/8.0.333.fx-librca/jre/lib/ext/jfxrt.jar
file:/tmp/EvoSuite_pathingJar7303343657712263583.jar
file:/root/.sdkman/candidates/java/8.0.333.fx-librca/jre/lib/ext/sunjce_provider.jar
file:/root/.sdkman/candidates/java/8.0.333.fx-librca/jre/lib/ext/nashorn.jar
[MASTER] 02:22:21.210 [logback-1] WARN  JUnitAnalyzer - Found unstable test named initializationError -> class java.lang.RuntimeException: Cannot find either the compilation target folder nor the EvoSuite jar in classpath: /tmp/EvoSuite_pathingJar7303343657712263583.jar
Going to execute: handleTestsThatAreUnstable
* Compiling Tests
** Write a test suite: 0 called: 0 to improve: false
[MASTER] 02:22:21.288 [logback-1] WARN  AgentLoader - Failed to find EvoSuite jar in current classloader. URLs of classloader:
file:/root/.sdkman/candidates/java/8.0.333.fx-librca/jre/../lib/tools.jar
file:/root/.sdkman/candidates/java/8.0.333.fx-librca/jre/lib/ext/cldrdata.jar
file:/root/.sdkman/candidates/java/8.0.333.fx-librca/jre/lib/ext/sunec.jar
file:/root/.sdkman/candidates/java/8.0.333.fx-librca/jre/lib/ext/localedata.jar
file:/root/.sdkman/candidates/java/8.0.333.fx-librca/jre/lib/ext/jaccess.jar
file:/root/.sdkman/candidates/java/8.0.333.fx-librca/jre/lib/ext/dnsns.jar
file:/root/.sdkman/candidates/java/8.0.333.fx-librca/jre/lib/ext/sunpkcs11.jar
file:/root/.sdkman/candidates/java/8.0.333.fx-librca/jre/lib/ext/zipfs.jar
file:/root/.sdkman/candidates/java/8.0.333.fx-librca/jre/lib/ext/jfxrt.jar
file:/tmp/EvoSuite_pathingJar7303343657712263583.jar
file:/root/.sdkman/candidates/java/8.0.333.fx-librca/jre/lib/ext/sunjce_provider.jar
file:/root/.sdkman/candidates/java/8.0.333.fx-librca/jre/lib/ext/nashorn.jar
[MASTER] 02:22:21.290 [logback-1] WARN  JUnitAnalyzer - Found unstable test named initializationError -> class java.lang.RuntimeException: Cannot find either the compilation target folder nor the EvoSuite jar in classpath: /tmp/EvoSuite_pathingJar7303343657712263583.jar
Going to execute: handleTestsThatAreUnstable
* Compiling Tests
** Write a test suite: 0 called: 0 to improve: false
[MASTER] 02:22:21.364 [logback-1] WARN  AgentLoader - Failed to find EvoSuite jar in current classloader. URLs of classloader:
file:/root/.sdkman/candidates/java/8.0.333.fx-librca/jre/../lib/tools.jar
file:/root/.sdkman/candidates/java/8.0.333.fx-librca/jre/lib/ext/cldrdata.jar
file:/root/.sdkman/candidates/java/8.0.333.fx-librca/jre/lib/ext/sunec.jar
file:/root/.sdkman/candidates/java/8.0.333.fx-librca/jre/lib/ext/localedata.jar
file:/root/.sdkman/candidates/java/8.0.333.fx-librca/jre/lib/ext/jaccess.jar
file:/root/.sdkman/candidates/java/8.0.333.fx-librca/jre/lib/ext/dnsns.jar
file:/root/.sdkman/candidates/java/8.0.333.fx-librca/jre/lib/ext/sunpkcs11.jar
file:/root/.sdkman/candidates/java/8.0.333.fx-librca/jre/lib/ext/zipfs.jar
file:/root/.sdkman/candidates/java/8.0.333.fx-librca/jre/lib/ext/jfxrt.jar
file:/tmp/EvoSuite_pathingJar7303343657712263583.jar
file:/root/.sdkman/candidates/java/8.0.333.fx-librca/jre/lib/ext/sunjce_provider.jar
file:/root/.sdkman/candidates/java/8.0.333.fx-librca/jre/lib/ext/nashorn.jar
[MASTER] 02:22:21.365 [logback-1] WARN  JUnitAnalyzer - Found unstable test named initializationError -> class java.lang.RuntimeException: Cannot find either the compilation target folder nor the EvoSuite jar in classpath: /tmp/EvoSuite_pathingJar7303343657712263583.jar
Going to execute: handleTestsThatAreUnstable
* Compiling Tests
** Write a test suite: 0 called: 0 to improve: false
** Write a test suite: 1 called: 1 to improve: false
** Write a test suite: 2 called: 2 to improve: false
** Write a test suite: 3 called: 3 to improve: false
** Write a test suite: 4 called: 4 to improve: false
** Write a test suite: 5 called: 5 to improve: false
[MASTER] 02:22:21.482 [logback-1] WARN  AgentLoader - Failed to find EvoSuite jar in current classloader. URLs of classloader:
file:/root/.sdkman/candidates/java/8.0.333.fx-librca/jre/../lib/tools.jar
file:/root/.sdkman/candidates/java/8.0.333.fx-librca/jre/lib/ext/cldrdata.jar
file:/root/.sdkman/candidates/java/8.0.333.fx-librca/jre/lib/ext/sunec.jar
file:/root/.sdkman/candidates/java/8.0.333.fx-librca/jre/lib/ext/localedata.jar
file:/root/.sdkman/candidates/java/8.0.333.fx-librca/jre/lib/ext/jaccess.jar
file:/root/.sdkman/candidates/java/8.0.333.fx-librca/jre/lib/ext/dnsns.jar
file:/root/.sdkman/candidates/java/8.0.333.fx-librca/jre/lib/ext/sunpkcs11.jar
file:/root/.sdkman/candidates/java/8.0.333.fx-librca/jre/lib/ext/zipfs.jar
file:/root/.sdkman/candidates/java/8.0.333.fx-librca/jre/lib/ext/jfxrt.jar
file:/tmp/EvoSuite_pathingJar7303343657712263583.jar
file:/root/.sdkman/candidates/java/8.0.333.fx-librca/jre/lib/ext/sunjce_provider.jar
file:/root/.sdkman/candidates/java/8.0.333.fx-librca/jre/lib/ext/nashorn.jar
[MASTER] 02:22:21.484 [logback-1] WARN  JUnitAnalyzer - Found unstable test named initializationError -> class java.lang.RuntimeException: Cannot find either the compilation target folder nor the EvoSuite jar in classpath: /tmp/EvoSuite_pathingJar7303343657712263583.jar
Going to execute: handleTestsThatAreUnstable
* Compiling Tests
** Write a test suite: 0 called: 0 to improve: false
** Write a test suite: 1 called: 1 to improve: false
** Write a test suite: 2 called: 2 to improve: false
** Write a test suite: 3 called: 3 to improve: false
** Write a test suite: 4 called: 4 to improve: false
** Write a test suite: 5 called: 5 to improve: false
[MASTER] 02:22:21.585 [logback-1] WARN  AgentLoader - Failed to find EvoSuite jar in current classloader. URLs of classloader:
file:/root/.sdkman/candidates/java/8.0.333.fx-librca/jre/../lib/tools.jar
file:/root/.sdkman/candidates/java/8.0.333.fx-librca/jre/lib/ext/cldrdata.jar
file:/root/.sdkman/candidates/java/8.0.333.fx-librca/jre/lib/ext/sunec.jar
file:/root/.sdkman/candidates/java/8.0.333.fx-librca/jre/lib/ext/localedata.jar
file:/root/.sdkman/candidates/java/8.0.333.fx-librca/jre/lib/ext/jaccess.jar
file:/root/.sdkman/candidates/java/8.0.333.fx-librca/jre/lib/ext/dnsns.jar
file:/root/.sdkman/candidates/java/8.0.333.fx-librca/jre/lib/ext/sunpkcs11.jar
file:/root/.sdkman/candidates/java/8.0.333.fx-librca/jre/lib/ext/zipfs.jar
file:/root/.sdkman/candidates/java/8.0.333.fx-librca/jre/lib/ext/jfxrt.jar
file:/tmp/EvoSuite_pathingJar7303343657712263583.jar
file:/root/.sdkman/candidates/java/8.0.333.fx-librca/jre/lib/ext/sunjce_provider.jar
file:/root/.sdkman/candidates/java/8.0.333.fx-librca/jre/lib/ext/nashorn.jar
[MASTER] 02:22:21.586 [logback-1] WARN  JUnitAnalyzer - Found unstable test named initializationError -> class java.lang.RuntimeException: Cannot find either the compilation target folder nor the EvoSuite jar in classpath: /tmp/EvoSuite_pathingJar7303343657712263583.jar
* Writing tests to file
[MASTER] 02:22:21.588 [logback-1] WARN  TimeController - Already entered in phase: JUNIT_CHECK. This will mess up the timing calculations.
* Writing JUnit test case 'HuntDisplay_ESTest' to evosuite-tests
** Write a test suite: 1 called: 0 to improve: false
* Writing JUnit test case 'HuntDisplay_Original_ESTest' to evosuite-tests
** Write a test suite: 0 called: 0 to improve: false
** Write a test suite: 1 called: 1 to improve: false
** Write a test suite: 2 called: 2 to improve: false
** Write a test suite: 3 called: 3 to improve: false
** Write a test suite: 4 called: 4 to improve: false
** Write a test suite: 5 called: 5 to improve: false
* Done!

* Computation finished
