To honour the JVM settings for this build a single-use Daemon process will be forked. For more on this, please refer to https://docs.gradle.org/8.6/userguide/gradle_daemon.html#sec:disabling_the_daemon in the Gradle documentation.
Daemon will be stopped at the end of the build 
> Task :compileJava
> Task :processResources NO-SOURCE
> Task :classes
> Task :jar
> Task :assemble
> Task :compileTestJava
> Task :processTestResources NO-SOURCE
> Task :testClasses

> Task :test

Main_ESTest > testProcessInstructionThrowsNullPointerException13() FAILED
    org.opentest4j.AssertionFailedError at Main_ESTest.java:443

Main_ESTest > testProcessInstructionThrowsNullPointerException17() FAILED
    java.lang.AssertionError at Main_ESTest.java:508

Main_ESTest > testCreatesMain() FAILED
    org.opentest4j.AssertionFailedError at Main_ESTest.java:646

Main_ESTest > testProcessInstructionThrowsNullPointerException5() FAILED
    java.lang.AssertionError at Main_ESTest.java:316

Main_ESTest > testProcessInstructionThrowsNullPointerException6() FAILED
    java.lang.NullPointerException at Main_ESTest.java:328
There were failing tests. See the report at: file:///home/roham/Results-Utestgen/dataset/SF110-new-UTestGen-src/26_jipa/build/reports/tests/test/index.html

> Task :jacocoTestReport
> Task :check
> Task :build

Deprecated Gradle features were used in this build, making it incompatible with Gradle 9.0.

You can use '--warning-mode all' to show the individual deprecation warnings and determine if they come from your own scripts or plugins.

For more on this, please refer to https://docs.gradle.org/8.6/userguide/command_line_interface.html#sec:command_line_warnings in the Gradle documentation.

BUILD SUCCESSFUL in 34s
5 actionable tasks: 5 executed
