To honour the JVM settings for this build a single-use Daemon process will be forked. For more on this, please refer to https://docs.gradle.org/8.6/userguide/gradle_daemon.html#sec:disabling_the_daemon in the Gradle documentation.
Daemon will be stopped at the end of the build 

> Task :compileJava

> Task :processResources
> Task :classes
> Task :jar
> Task :assemble
> Task :compileTestJava
> Task :processTestResources NO-SOURCE
> Task :testClasses

> Task :test

Scanner_ESTest > testCreatesScanner0() FAILED
    java.io.FileNotFoundException at Scanner_ESTest.java:59

Scanner_ESTest > testCreatesScanner1() FAILED
    java.io.FileNotFoundException at Scanner_ESTest.java:70

Scanner_ESTest > testCreatesScanner2() FAILED
    java.io.FileNotFoundException at Scanner_ESTest.java:79

Scanner_ESTest > testCreatesScanner3() FAILED
    java.io.FileNotFoundException at Scanner_ESTest.java:91

Scanner_ESTest > testCreatesScanner4() FAILED
    java.io.FileNotFoundException at Scanner_ESTest.java:103

Scanner_ESTest > testCreatesScanner5() FAILED
    java.io.FileNotFoundException at Scanner_ESTest.java:112

Scanner_ESTest > testCreatesScanner6() FAILED
    java.io.FileNotFoundException at Scanner_ESTest.java:128

Scanner_ESTest > testCreatesScanner7() FAILED
    java.io.FileNotFoundException at Scanner_ESTest.java:137

Scanner_ESTest > testCreatesScanner8() FAILED
    java.io.FileNotFoundException at Scanner_ESTest.java:146

Scanner_ESTest > testCreatesScanner9() FAILED
    java.io.FileNotFoundException at Scanner_ESTest.java:155

Scanner_ESTest > testAdvScanning() FAILED
    java.io.FileNotFoundException at Scanner_ESTest.java:28

Scanner_ESTest > testFailsToCreateScannerThrowsIndexOutOfBoundsException() FAILED
    java.io.FileNotFoundException at Scanner_ESTest.java:41

Scanner_Original_ESTest > testCreatesScanner0() FAILED
    java.io.FileNotFoundException at Scanner_Original_ESTest.java:57

Scanner_Original_ESTest > testCreatesScanner1() FAILED
    java.io.FileNotFoundException at Scanner_Original_ESTest.java:67

Scanner_Original_ESTest > testCreatesScanner2() FAILED
    java.io.FileNotFoundException at Scanner_Original_ESTest.java:75

Scanner_Original_ESTest > testCreatesScanner3() FAILED
    java.io.FileNotFoundException at Scanner_Original_ESTest.java:83

Scanner_Original_ESTest > testCreatesScanner4() FAILED
    java.io.FileNotFoundException at Scanner_Original_ESTest.java:93

Scanner_Original_ESTest > testCreatesScanner5() FAILED
    java.io.FileNotFoundException at Scanner_Original_ESTest.java:101

Scanner_Original_ESTest > testCreatesScanner6() FAILED
    java.io.FileNotFoundException at Scanner_Original_ESTest.java:110

Scanner_Original_ESTest > testCreatesScanner7() FAILED
    java.io.FileNotFoundException at Scanner_Original_ESTest.java:118

Scanner_Original_ESTest > testCreatesScanner8() FAILED
    java.io.FileNotFoundException at Scanner_Original_ESTest.java:126

Scanner_Original_ESTest > testCreatesScanner9() FAILED
    java.io.FileNotFoundException at Scanner_Original_ESTest.java:134

Scanner_Original_ESTest > testAdvScanning() FAILED
    java.io.FileNotFoundException at Scanner_Original_ESTest.java:27

Scanner_Original_ESTest > testFailsToCreateScannerThrowsIndexOutOfBoundsException() FAILED
    java.io.FileNotFoundException at Scanner_Original_ESTest.java:39

Scanner_ESTest > initializationError FAILED
    org.junit.runners.model.InvalidTestClassError at ParentRunner.java:525

Scanner_Original_ESTest > initializationError FAILED
    org.junit.runners.model.InvalidTestClassError at ParentRunner.java:525
There were failing tests. See the report at: file:///home/roham/Results-Utestgen/dataset/SF110-new-UTestGen-src/50_biff/build/reports/tests/test/index.html

> Task :jacocoTestReport
> Task :check
> Task :build

Deprecated Gradle features were used in this build, making it incompatible with Gradle 9.0.

You can use '--warning-mode all' to show the individual deprecation warnings and determine if they come from your own scripts or plugins.

For more on this, please refer to https://docs.gradle.org/8.6/userguide/command_line_interface.html#sec:command_line_warnings in the Gradle documentation.

BUILD SUCCESSFUL in 28s
6 actionable tasks: 6 executed
