* EvoSuite 1.0.0-SNAPSHOT
* Going to generate test cases for class: org.fixsuite.message.Library
* Starting Client-0
* Properties loaded from /home/roham/Results-Utestgen/dataset/SF110-new-res/74_fixsuite/evosuite-files/evosuite.properties
* Connecting to master process on port 16057
* Analyzing classpath: 
* Inheritance tree loaded from evosuite-files/inheritance.xml.gz
* Finished analyzing classpath
* Generating tests for class org.fixsuite.message.Library
* Test criteria:
  - Branch Coverage
  - Line Coverage
  - Method-Output Coverage
  - Top-Level Method Coverage
  - Context Branch Coverage
[Progress:>                             0%] [Cov:>                                  0%]* Total number of test goals for DYNAMOSA: 136
* Using seed 1710250775254
* Starting evolution
* Initial Number of Goals in DynaMOSA = 49 / 136
[Progress:======>                       22%] [Cov:===============>                   45%][Progress:===========>                  39%] [Cov:===============>                   45%][Progress:================>             56%] [Cov:===============>                   45%][Progress:===================>          65%] [Cov:===============>                   45%][Progress:======================>       76%] [Cov:===============>                   45%][Progress:=========================>    85%] [Cov:===============>                   45%][Progress:===========================>  91%] [Cov:===============>                   45%][Progress:==============================100%] [Cov:===============>                   45%]
* Search finished after 102s and 7 generations, 3501 statements, best individual has fitness: 89.0
* Generated before the refinement 4 tests with total length 8
statement is: org.fixsuite.message.Library()V type is: class org.evosuite.testcase.statements.ConstructorStatement return type class org.fixsuite.message.Library
statement code is: Library library = new Library()
statement is: getDictionaries()Ljava/util/List; type is: class org.evosuite.testcase.statements.MethodStatement return type java.util.List<org.fixsuite.message.info.DictionaryInfo>
statement code is: List<DictionaryInfo> dictionaries = library.getDictionaries()
test data is: Library library = new Library();
library.getDictionaries();

** It was a parseable test case! 
Improved test data is: class DummyClass {
    public static void main() {
        Library library = new Library();
        library.getDictionaries();
        // Improved test data
        int numberOfDictionaries = 5;
        String[] dictionaryNames = new String[]{ "English", "Spanish", "French", "German", "Italian" };
    }
}
statement is: Library library = new Library(), class spoon.support.reflect.code.CtLocalVariableImpl
class spoon.support.reflect.code.CtConstructorCallImpl
statement is: library.getDictionaries(), class spoon.support.reflect.code.CtInvocationImpl
invocation is: library.getDictionaries() target is: library method is: getDictionaries()
source statement: org.fixsuite.message.Library()V callee: VariableReference: Statement 0, type org.fixsuite.message.Libraryindex is: 0
Matched Method is: getDictionaries()Ljava/util/List;
statement is: // Improved test data
int numberOfDictionaries = 5, class spoon.support.reflect.code.CtLocalVariableImpl
class spoon.support.reflect.code.CtLiteralImpl
statement is: String[] dictionaryNames = new String[]{ "English", "Spanish", "French", "German", "Italian" }, class spoon.support.reflect.code.CtLocalVariableImpl
class spoon.support.reflect.code.CtNewArrayImpl
* this is vulnerable: int _int = 5
TestCase is: Library library = new Library();
library.getDictionaries();
int _int = 5;

statement is: org.fixsuite.message.Library()V type is: class org.evosuite.testcase.statements.ConstructorStatement return type class org.fixsuite.message.Library
statement code is: Library library = new Library()
statement is: getDictionary(Ljava/lang/String;)Lorg/fixsuite/message/info/DictionaryInfo; type is: class org.evosuite.testcase.statements.MethodStatement return type class org.fixsuite.message.info.DictionaryInfo
statement code is: DictionaryInfo dictionary = library.getDictionary("")
test data is: Library library = new Library();
library.getDictionary("");

** It was a parseable test case! 
Improved test data is: class DummyClass {
    public static void main() {
        Library library = new Library();
        library.getDictionary("Java");
        library.getDictionary("Python");
        library.getDictionary("C++");
    }
}
statement is: Library library = new Library(), class spoon.support.reflect.code.CtLocalVariableImpl
class spoon.support.reflect.code.CtConstructorCallImpl
statement is: library.getDictionary("Java"), class spoon.support.reflect.code.CtInvocationImpl
invocation is: library.getDictionary("Java") target is: library method is: getDictionary(java.lang.String)
source statement: org.fixsuite.message.Library()V callee: VariableReference: Statement 0, type org.fixsuite.message.Libraryindex is: 0
Matched Method is: getDictionary(Ljava/lang/String;)Lorg/fixsuite/message/info/DictionaryInfo;
statement is: library.getDictionary("Python"), class spoon.support.reflect.code.CtInvocationImpl
invocation is: library.getDictionary("Python") target is: library method is: getDictionary(java.lang.String)
source statement: org.fixsuite.message.Library()V callee: VariableReference: Statement 0, type org.fixsuite.message.Libraryindex is: 0
Matched Method is: getDictionary(Ljava/lang/String;)Lorg/fixsuite/message/info/DictionaryInfo;
statement is: library.getDictionary("C++"), class spoon.support.reflect.code.CtInvocationImpl
invocation is: library.getDictionary("C++") target is: library method is: getDictionary(java.lang.String)
source statement: org.fixsuite.message.Library()V callee: VariableReference: Statement 0, type org.fixsuite.message.Libraryindex is: 0
Matched Method is: getDictionary(Ljava/lang/String;)Lorg/fixsuite/message/info/DictionaryInfo;
TestCase is: Library library = new Library();
String string = "Java";
library.getDictionary(string);
String string = "Python";
library.getDictionary(string);
String string = "C++";
library.getDictionary(string);

statement is: org.fixsuite.message.Library()V type is: class org.evosuite.testcase.statements.ConstructorStatement return type class org.fixsuite.message.Library
statement code is: Library library = new Library()
statement is: loadFromDirectory(Ljava/lang/String;)Z type is: class org.evosuite.testcase.statements.MethodStatement return type boolean
statement code is: boolean loadFromDirectory = library.loadFromDirectory("")
test data is: Library library = new Library();
library.loadFromDirectory("");

** It was a parseable test case! 
Improved test data is: class DummyClass {
    public static void main() {
        // Improved test data
        Library library = new Library();
        library.loadFromDirectory("C:\\Users\\John Doe\\Documents");
    }
}
statement is: // Improved test data
Library library = new Library(), class spoon.support.reflect.code.CtLocalVariableImpl
class spoon.support.reflect.code.CtConstructorCallImpl
statement is: library.loadFromDirectory("C:\\Users\\John Doe\\Documents"), class spoon.support.reflect.code.CtInvocationImpl
invocation is: library.loadFromDirectory("C:\\Users\\John Doe\\Documents") target is: library method is: loadFromDirectory(java.lang.String)
source statement: org.fixsuite.message.Library()V callee: VariableReference: Statement 0, type org.fixsuite.message.Libraryindex is: 0
Matched Method is: loadFromDirectory(Ljava/lang/String;)Z
TestCase is: Library library = new Library();
String string = "C:\\Users\\John Doe\\Documents";
library.loadFromDirectory(string);

statement is: org.fixsuite.message.Library()V type is: class org.evosuite.testcase.statements.ConstructorStatement return type class org.fixsuite.message.Library
statement code is: Library library = new Library()
statement is: loadFromDirectory(Ljava/lang/String;)Z type is: class org.evosuite.testcase.statements.MethodStatement return type boolean
statement code is: boolean loadFromDirectory = library.loadFromDirectory("]-jIJ")
test data is: Library library = new Library();
library.loadFromDirectory("]-jIJ");

** It was a parseable test case! 
Improved test data is: class DummyClass {
    public static void main() {
        Library library = new Library();
        library.loadFromDirectory("/Users/john/Books");
    }
}
statement is: Library library = new Library(), class spoon.support.reflect.code.CtLocalVariableImpl
class spoon.support.reflect.code.CtConstructorCallImpl
statement is: library.loadFromDirectory("/Users/john/Books"), class spoon.support.reflect.code.CtInvocationImpl
invocation is: library.loadFromDirectory("/Users/john/Books") target is: library method is: loadFromDirectory(java.lang.String)
source statement: org.fixsuite.message.Library()V callee: VariableReference: Statement 0, type org.fixsuite.message.Libraryindex is: 0
Matched Method is: loadFromDirectory(Ljava/lang/String;)Z
TestCase is: Library library = new Library();
String string = "/Users/john/Books";
library.loadFromDirectory(string);

* test suite isTestSuite: 8
Test 0: 
Library library = new Library();
library.getDictionaries();
Test 1: 
Library library = new Library();
library.getDictionary("");
Test 2: 
Library library = new Library();
library.loadFromDirectory("");
Test 3: 
Library library = new Library();
library.loadFromDirectory("]-jIJ");
Test 4: 
Library library = new Library();
library.getDictionaries();

Test 5: 
Library library = new Library();
library.getDictionary("Java");
library.getDictionary("Python");
library.getDictionary("C++");

Test 6: 
Library library = new Library();
library.loadFromDirectory("C:UsersJohn DoeDocuments");

Test 7: 
Library library = new Library();
library.loadFromDirectory("/Users/john/Books");


* Generated after the refinement and before minimization 8 tests with total length 18
* test suite isTestSuite: 8
Test 0: 
Library library = new Library();
library.getDictionaries();
Test 1: 
Library library = new Library();
library.getDictionary("");
Test 2: 
Library library = new Library();
library.loadFromDirectory("");
Test 3: 
Library library = new Library();
library.loadFromDirectory("]-jIJ");
Test 4: 
Library library = new Library();
library.getDictionaries();

Test 5: 
Library library = new Library();
library.getDictionary("Java");
library.getDictionary("Python");
library.getDictionary("C++");

Test 6: 
Library library = new Library();
library.loadFromDirectory("C:UsersJohn DoeDocuments");

Test 7: 
Library library = new Library();
library.loadFromDirectory("/Users/john/Books");


* Minimizing test suite
* test suite isTestSuite: 4
Test 0: 
Library library = new Library();
library.getDictionaries();
Test 1: 
Library library = new Library();
library.getDictionary("Java");
Test 2: 
Library library = new Library();
library.loadFromDirectory("/Users/john/Books");
Test 3: 
Library library = new Library();
library.loadFromDirectory("");

* Going to analyze the coverage criteria
* Coverage analysis for criterion BRANCH
* Coverage of criterion BRANCH: 23%
* Total number of goals: 35
* Number of covered goals: 8
* Coverage analysis for criterion LINE
* Coverage of criterion LINE: 45%
* Total number of goals: 51
* Number of covered goals: 23
* Coverage analysis for criterion OUTPUT
* Coverage of criterion OUTPUT: 36%
* Total number of goals: 11
* Number of covered goals: 4
* Coverage analysis for criterion METHOD
* Coverage of criterion METHOD: 100%
* Total number of goals: 4
* Number of covered goals: 4
* Coverage analysis for criterion CBRANCH
* Coverage of criterion CBRANCH: 23%
* Total number of goals: 35
* Number of covered goals: 8
* Generated 4 tests with total length 8
* Resulting test suite's coverage: 45% (average coverage for all fitness functions)
* Generating assertions
* Resulting test suite's mutation score: 2%
* Compiling and checking tests
Going to execute: removeTestsThatDoNotCompile
* Compiling Tests
** Write a test suite: 0 called: 0 to improve: false
* Compiling Tests
** Write a test suite: 0 called: 0 to improve: true
** Improve Understandability: ** Test Code is: Library library = new Library();
List<DictionaryInfo> dictionaries = library.getDictionaries();
assertEquals(0, dictionaries.size());


** It was a parseable test case! 
refined test name is: testNoDictionariesAvailable
* Compiling Tests
** Write a test suite: 0 called: 0 to improve: false
* Compiling Tests
** Write a test suite: 0 called: 0 to improve: true
** Improve Understandability: ** Test Code is: Library library = new Library();
DictionaryInfo dictionary = library.getDictionary("Java");
assertNull(dictionary);


** It was a parseable test case! 
refined test name is: testGetNonExistentDictionary
* Compiling Tests
** Write a test suite: 0 called: 0 to improve: false
* Compiling Tests
** Write a test suite: 0 called: 0 to improve: true
** Improve Understandability: ** Test Code is: Library library = new Library();
boolean loadFromDirectory = library.loadFromDirectory("/Users/john/Books");
assertFalse(loadFromDirectory);


** It was a parseable test case! 
refined test name is: testLoadFromDirectoryWithInvalidPath
* Compiling Tests
** Write a test suite: 0 called: 0 to improve: false
* Compiling Tests
** Write a test suite: 0 called: 0 to improve: true
** Improve Understandability: ** Test Code is: Library library = new Library();
boolean loadFromDirectory = library.loadFromDirectory("");
assertFalse(loadFromDirectory);


** It was a parseable test case! 
refined test name is: testLibraryLoadFromInvalidDirectory
Going to execute: handleTestsThatAreUnstable
* Compiling Tests
[MASTER] 13:43:49.289 [logback-1] WARN  AgentLoader - Failed to find EvoSuite jar in current classloader. URLs of classloader:
file:/root/.sdkman/candidates/java/8.0.333.fx-librca/jre/../lib/tools.jar
file:/root/.sdkman/candidates/java/8.0.333.fx-librca/jre/lib/ext/cldrdata.jar
file:/root/.sdkman/candidates/java/8.0.333.fx-librca/jre/lib/ext/sunec.jar
file:/root/.sdkman/candidates/java/8.0.333.fx-librca/jre/lib/ext/localedata.jar
file:/root/.sdkman/candidates/java/8.0.333.fx-librca/jre/lib/ext/jaccess.jar
file:/root/.sdkman/candidates/java/8.0.333.fx-librca/jre/lib/ext/dnsns.jar
file:/root/.sdkman/candidates/java/8.0.333.fx-librca/jre/lib/ext/sunpkcs11.jar
file:/root/.sdkman/candidates/java/8.0.333.fx-librca/jre/lib/ext/zipfs.jar
file:/root/.sdkman/candidates/java/8.0.333.fx-librca/jre/lib/ext/jfxrt.jar
file:/tmp/EvoSuite_pathingJar6974640758738694127.jar
file:/root/.sdkman/candidates/java/8.0.333.fx-librca/jre/lib/ext/sunjce_provider.jar
file:/root/.sdkman/candidates/java/8.0.333.fx-librca/jre/lib/ext/nashorn.jar
[MASTER] 13:43:49.313 [logback-1] WARN  JUnitAnalyzer - Found unstable test named initializationError -> class java.lang.RuntimeException: Cannot find either the compilation target folder nor the EvoSuite jar in classpath: /tmp/EvoSuite_pathingJar6974640758738694127.jar
Going to execute: handleTestsThatAreUnstable
* Compiling Tests
[MASTER] 13:43:49.363 [logback-1] WARN  AgentLoader - Failed to find EvoSuite jar in current classloader. URLs of classloader:
file:/root/.sdkman/candidates/java/8.0.333.fx-librca/jre/../lib/tools.jar
file:/root/.sdkman/candidates/java/8.0.333.fx-librca/jre/lib/ext/cldrdata.jar
file:/root/.sdkman/candidates/java/8.0.333.fx-librca/jre/lib/ext/sunec.jar
file:/root/.sdkman/candidates/java/8.0.333.fx-librca/jre/lib/ext/localedata.jar
file:/root/.sdkman/candidates/java/8.0.333.fx-librca/jre/lib/ext/jaccess.jar
file:/root/.sdkman/candidates/java/8.0.333.fx-librca/jre/lib/ext/dnsns.jar
file:/root/.sdkman/candidates/java/8.0.333.fx-librca/jre/lib/ext/sunpkcs11.jar
file:/root/.sdkman/candidates/java/8.0.333.fx-librca/jre/lib/ext/zipfs.jar
file:/root/.sdkman/candidates/java/8.0.333.fx-librca/jre/lib/ext/jfxrt.jar
file:/tmp/EvoSuite_pathingJar6974640758738694127.jar
file:/root/.sdkman/candidates/java/8.0.333.fx-librca/jre/lib/ext/sunjce_provider.jar
file:/root/.sdkman/candidates/java/8.0.333.fx-librca/jre/lib/ext/nashorn.jar
Going to execute: handleTestsThatAreUnstable
* Compiling Tests
[MASTER] 13:43:49.364 [logback-1] WARN  JUnitAnalyzer - Found unstable test named initializationError -> class java.lang.RuntimeException: Cannot find either the compilation target folder nor the EvoSuite jar in classpath: /tmp/EvoSuite_pathingJar6974640758738694127.jar
Going to execute: handleTestsThatAreUnstable
[MASTER] 13:43:50.100 [logback-1] WARN  AgentLoader - Failed to find EvoSuite jar in current classloader. URLs of classloader:
file:/root/.sdkman/candidates/java/8.0.333.fx-librca/jre/../lib/tools.jar
file:/root/.sdkman/candidates/java/8.0.333.fx-librca/jre/lib/ext/cldrdata.jar
file:/root/.sdkman/candidates/java/8.0.333.fx-librca/jre/lib/ext/sunec.jar
file:/root/.sdkman/candidates/java/8.0.333.fx-librca/jre/lib/ext/localedata.jar
file:/root/.sdkman/candidates/java/8.0.333.fx-librca/jre/lib/ext/jaccess.jar
file:/root/.sdkman/candidates/java/8.0.333.fx-librca/jre/lib/ext/dnsns.jar
file:/root/.sdkman/candidates/java/8.0.333.fx-librca/jre/lib/ext/sunpkcs11.jar
file:/root/.sdkman/candidates/java/8.0.333.fx-librca/jre/lib/ext/zipfs.jar
file:/root/.sdkman/candidates/java/8.0.333.fx-librca/jre/lib/ext/jfxrt.jar
file:/tmp/EvoSuite_pathingJar6974640758738694127.jar
file:/root/.sdkman/candidates/java/8.0.333.fx-librca/jre/lib/ext/sunjce_provider.jar
file:/root/.sdkman/candidates/java/8.0.333.fx-librca/jre/lib/ext/nashorn.jar
[MASTER] 13:43:50.102 [logback-1] WARN  JUnitAnalyzer - Found unstable test named initializationError -> class java.lang.RuntimeException: Cannot find either the compilation target folder nor the EvoSuite jar in classpath: /tmp/EvoSuite_pathingJar6974640758738694127.jar
* Compiling Tests
Going to execute: handleTestsThatAreUnstable
[MASTER] 13:43:50.727 [logback-1] WARN  AgentLoader - Failed to find EvoSuite jar in current classloader. URLs of classloader:
file:/root/.sdkman/candidates/java/8.0.333.fx-librca/jre/../lib/tools.jar
file:/root/.sdkman/candidates/java/8.0.333.fx-librca/jre/lib/ext/cldrdata.jar
file:/root/.sdkman/candidates/java/8.0.333.fx-librca/jre/lib/ext/sunec.jar
file:/root/.sdkman/candidates/java/8.0.333.fx-librca/jre/lib/ext/localedata.jar
file:/root/.sdkman/candidates/java/8.0.333.fx-librca/jre/lib/ext/jaccess.jar
file:/root/.sdkman/candidates/java/8.0.333.fx-librca/jre/lib/ext/dnsns.jar
file:/root/.sdkman/candidates/java/8.0.333.fx-librca/jre/lib/ext/sunpkcs11.jar
file:/root/.sdkman/candidates/java/8.0.333.fx-librca/jre/lib/ext/zipfs.jar
file:/root/.sdkman/candidates/java/8.0.333.fx-librca/jre/lib/ext/jfxrt.jar
file:/tmp/EvoSuite_pathingJar6974640758738694127.jar
file:/root/.sdkman/candidates/java/8.0.333.fx-librca/jre/lib/ext/sunjce_provider.jar
file:/root/.sdkman/candidates/java/8.0.333.fx-librca/jre/lib/ext/nashorn.jar
[MASTER] 13:43:50.729 [logback-1] WARN  JUnitAnalyzer - Found unstable test named initializationError -> class java.lang.RuntimeException: Cannot find either the compilation target folder nor the EvoSuite jar in classpath: /tmp/EvoSuite_pathingJar6974640758738694127.jar
* Compiling Tests
[MASTER] 13:43:51.752 [logback-1] WARN  AgentLoader - Failed to find EvoSuite jar in current classloader. URLs of classloader:
file:/root/.sdkman/candidates/java/8.0.333.fx-librca/jre/../lib/tools.jar
file:/root/.sdkman/candidates/java/8.0.333.fx-librca/jre/lib/ext/cldrdata.jar
file:/root/.sdkman/candidates/java/8.0.333.fx-librca/jre/lib/ext/sunec.jar
file:/root/.sdkman/candidates/java/8.0.333.fx-librca/jre/lib/ext/localedata.jar
file:/root/.sdkman/candidates/java/8.0.333.fx-librca/jre/lib/ext/jaccess.jar
file:/root/.sdkman/candidates/java/8.0.333.fx-librca/jre/lib/ext/dnsns.jar
file:/root/.sdkman/candidates/java/8.0.333.fx-librca/jre/lib/ext/sunpkcs11.jar
file:/root/.sdkman/candidates/java/8.0.333.fx-librca/jre/lib/ext/zipfs.jar
file:/root/.sdkman/candidates/java/8.0.333.fx-librca/jre/lib/ext/jfxrt.jar
file:/tmp/EvoSuite_pathingJar6974640758738694127.jar
file:/root/.sdkman/candidates/java/8.0.333.fx-librca/jre/lib/ext/sunjce_provider.jar
file:/root/.sdkman/candidates/java/8.0.333.fx-librca/jre/lib/ext/nashorn.jar
[MASTER] 13:43:51.754 [logback-1] WARN  JUnitAnalyzer - Found unstable test named initializationError -> class java.lang.RuntimeException: Cannot find either the compilation target folder nor the EvoSuite jar in classpath: /tmp/EvoSuite_pathingJar6974640758738694127.jar
Going to execute: handleTestsThatAreUnstable
* Compiling Tests
[MASTER] 13:43:52.597 [logback-1] WARN  AgentLoader - Failed to find EvoSuite jar in current classloader. URLs of classloader:
file:/root/.sdkman/candidates/java/8.0.333.fx-librca/jre/../lib/tools.jar
file:/root/.sdkman/candidates/java/8.0.333.fx-librca/jre/lib/ext/cldrdata.jar
file:/root/.sdkman/candidates/java/8.0.333.fx-librca/jre/lib/ext/sunec.jar
file:/root/.sdkman/candidates/java/8.0.333.fx-librca/jre/lib/ext/localedata.jar
file:/root/.sdkman/candidates/java/8.0.333.fx-librca/jre/lib/ext/jaccess.jar
file:/root/.sdkman/candidates/java/8.0.333.fx-librca/jre/lib/ext/dnsns.jar
file:/root/.sdkman/candidates/java/8.0.333.fx-librca/jre/lib/ext/sunpkcs11.jar
file:/root/.sdkman/candidates/java/8.0.333.fx-librca/jre/lib/ext/zipfs.jar
file:/root/.sdkman/candidates/java/8.0.333.fx-librca/jre/lib/ext/jfxrt.jar
file:/tmp/EvoSuite_pathingJar6974640758738694127.jar
file:/root/.sdkman/candidates/java/8.0.333.fx-librca/jre/lib/ext/sunjce_provider.jar
file:/root/.sdkman/candidates/java/8.0.333.fx-librca/jre/lib/ext/nashorn.jar
[MASTER] 13:43:52.599 [logback-1] WARN  JUnitAnalyzer - Found unstable test named initializationError -> class java.lang.RuntimeException: Cannot find either the compilation target folder nor the EvoSuite jar in classpath: /tmp/EvoSuite_pathingJar6974640758738694127.jar
[MASTER] 13:43:54.678 [logback-1] WARN  TimeController - Already entered in phase: INLINING. This will mess up the timing calculations.
* test suite isTestSuite: 4
Test 0: 
Library library = new Library();
library.getDictionaries();
Test 1: 
Library library = new Library();
library.getDictionary("");
Test 2: 
Library library = new Library();
library.loadFromDirectory("");
Test 3: 
Library library = new Library();
library.loadFromDirectory("]-jIJ");

* Minimizing test suite
* test suite isTestSuite: 4
Test 0: 
Library library = new Library();
library.getDictionaries();
Test 1: 
Library library = new Library();
library.getDictionary("");
Test 2: 
Library library = new Library();
library.loadFromDirectory("");
Test 3: 
Library library = new Library();
library.loadFromDirectory("]-jIJ");

[MASTER] 13:44:21.351 [logback-1] WARN  TimeController - Already entered in phase: MINIMIZATION. This will mess up the timing calculations.
* Going to analyze the coverage criteria
* Coverage analysis for criterion BRANCH
* Coverage of criterion BRANCH: 23%
* Total number of goals: 35
* Number of covered goals: 8
* Coverage analysis for criterion LINE
* Coverage of criterion LINE: 45%
* Total number of goals: 51
* Number of covered goals: 23
* Coverage analysis for criterion OUTPUT
* Coverage of criterion OUTPUT: 36%
* Total number of goals: 11
* Number of covered goals: 4
* Coverage analysis for criterion METHOD
* Coverage of criterion METHOD: 100%
* Total number of goals: 4
* Number of covered goals: 4
* Coverage analysis for criterion CBRANCH
* Coverage of criterion CBRANCH: 23%
* Total number of goals: 35
* Number of covered goals: 8
* Generated 4 tests with total length 8
* Resulting test suite's coverage: 45% (average coverage for all fitness functions)
* Generating assertions
[MASTER] 13:44:21.385 [logback-1] WARN  TimeController - Already entered in phase: COVERAGE_ANALYSIS. This will mess up the timing calculations.
* Resulting test suite's mutation score: 2%
* Compiling and checking tests
[MASTER] 13:44:25.926 [logback-1] WARN  TimeController - Already entered in phase: ASSERTION_GENERATION. This will mess up the timing calculations.
Going to execute: removeTestsThatDoNotCompile
* Compiling Tests
** Write a test suite: 0 called: 0 to improve: false
* Compiling Tests
** Write a test suite: 0 called: 0 to improve: false
* Compiling Tests
** Write a test suite: 0 called: 0 to improve: false
* Compiling Tests
** Write a test suite: 0 called: 0 to improve: false
Going to execute: handleTestsThatAreUnstable
* Compiling Tests
** Write a test suite: 0 called: 0 to improve: false
[MASTER] 13:44:27.175 [logback-1] WARN  AgentLoader - Failed to find EvoSuite jar in current classloader. URLs of classloader:
file:/root/.sdkman/candidates/java/8.0.333.fx-librca/jre/../lib/tools.jar
file:/root/.sdkman/candidates/java/8.0.333.fx-librca/jre/lib/ext/cldrdata.jar
file:/root/.sdkman/candidates/java/8.0.333.fx-librca/jre/lib/ext/sunec.jar
file:/root/.sdkman/candidates/java/8.0.333.fx-librca/jre/lib/ext/localedata.jar
file:/root/.sdkman/candidates/java/8.0.333.fx-librca/jre/lib/ext/jaccess.jar
file:/root/.sdkman/candidates/java/8.0.333.fx-librca/jre/lib/ext/dnsns.jar
file:/root/.sdkman/candidates/java/8.0.333.fx-librca/jre/lib/ext/sunpkcs11.jar
file:/root/.sdkman/candidates/java/8.0.333.fx-librca/jre/lib/ext/zipfs.jar
file:/root/.sdkman/candidates/java/8.0.333.fx-librca/jre/lib/ext/jfxrt.jar
file:/tmp/EvoSuite_pathingJar6974640758738694127.jar
file:/root/.sdkman/candidates/java/8.0.333.fx-librca/jre/lib/ext/sunjce_provider.jar
file:/root/.sdkman/candidates/java/8.0.333.fx-librca/jre/lib/ext/nashorn.jar
[MASTER] 13:44:27.176 [logback-1] WARN  JUnitAnalyzer - Found unstable test named initializationError -> class java.lang.RuntimeException: Cannot find either the compilation target folder nor the EvoSuite jar in classpath: /tmp/EvoSuite_pathingJar6974640758738694127.jar
Going to execute: handleTestsThatAreUnstable
* Compiling Tests
** Write a test suite: 0 called: 0 to improve: false
[MASTER] 13:44:27.215 [logback-1] WARN  AgentLoader - Failed to find EvoSuite jar in current classloader. URLs of classloader:
file:/root/.sdkman/candidates/java/8.0.333.fx-librca/jre/../lib/tools.jar
file:/root/.sdkman/candidates/java/8.0.333.fx-librca/jre/lib/ext/cldrdata.jar
file:/root/.sdkman/candidates/java/8.0.333.fx-librca/jre/lib/ext/sunec.jar
file:/root/.sdkman/candidates/java/8.0.333.fx-librca/jre/lib/ext/localedata.jar
file:/root/.sdkman/candidates/java/8.0.333.fx-librca/jre/lib/ext/jaccess.jar
file:/root/.sdkman/candidates/java/8.0.333.fx-librca/jre/lib/ext/dnsns.jar
file:/root/.sdkman/candidates/java/8.0.333.fx-librca/jre/lib/ext/sunpkcs11.jar
file:/root/.sdkman/candidates/java/8.0.333.fx-librca/jre/lib/ext/zipfs.jar
file:/root/.sdkman/candidates/java/8.0.333.fx-librca/jre/lib/ext/jfxrt.jar
file:/tmp/EvoSuite_pathingJar6974640758738694127.jar
file:/root/.sdkman/candidates/java/8.0.333.fx-librca/jre/lib/ext/sunjce_provider.jar
file:/root/.sdkman/candidates/java/8.0.333.fx-librca/jre/lib/ext/nashorn.jar
[MASTER] 13:44:27.216 [logback-1] WARN  JUnitAnalyzer - Found unstable test named initializationError -> class java.lang.RuntimeException: Cannot find either the compilation target folder nor the EvoSuite jar in classpath: /tmp/EvoSuite_pathingJar6974640758738694127.jar
Going to execute: handleTestsThatAreUnstable
* Compiling Tests
** Write a test suite: 0 called: 0 to improve: false
[MASTER] 13:44:27.832 [logback-1] WARN  AgentLoader - Failed to find EvoSuite jar in current classloader. URLs of classloader:
file:/root/.sdkman/candidates/java/8.0.333.fx-librca/jre/../lib/tools.jar
file:/root/.sdkman/candidates/java/8.0.333.fx-librca/jre/lib/ext/cldrdata.jar
file:/root/.sdkman/candidates/java/8.0.333.fx-librca/jre/lib/ext/sunec.jar
file:/root/.sdkman/candidates/java/8.0.333.fx-librca/jre/lib/ext/localedata.jar
file:/root/.sdkman/candidates/java/8.0.333.fx-librca/jre/lib/ext/jaccess.jar
file:/root/.sdkman/candidates/java/8.0.333.fx-librca/jre/lib/ext/dnsns.jar
file:/root/.sdkman/candidates/java/8.0.333.fx-librca/jre/lib/ext/sunpkcs11.jar
file:/root/.sdkman/candidates/java/8.0.333.fx-librca/jre/lib/ext/zipfs.jar
file:/root/.sdkman/candidates/java/8.0.333.fx-librca/jre/lib/ext/jfxrt.jar
file:/tmp/EvoSuite_pathingJar6974640758738694127.jar
file:/root/.sdkman/candidates/java/8.0.333.fx-librca/jre/lib/ext/sunjce_provider.jar
file:/root/.sdkman/candidates/java/8.0.333.fx-librca/jre/lib/ext/nashorn.jar
[MASTER] 13:44:27.833 [logback-1] WARN  JUnitAnalyzer - Found unstable test named initializationError -> class java.lang.RuntimeException: Cannot find either the compilation target folder nor the EvoSuite jar in classpath: /tmp/EvoSuite_pathingJar6974640758738694127.jar
Going to execute: handleTestsThatAreUnstable
* Compiling Tests
** Write a test suite: 0 called: 0 to improve: false
[MASTER] 13:44:28.481 [logback-1] WARN  AgentLoader - Failed to find EvoSuite jar in current classloader. URLs of classloader:
file:/root/.sdkman/candidates/java/8.0.333.fx-librca/jre/../lib/tools.jar
file:/root/.sdkman/candidates/java/8.0.333.fx-librca/jre/lib/ext/cldrdata.jar
file:/root/.sdkman/candidates/java/8.0.333.fx-librca/jre/lib/ext/sunec.jar
file:/root/.sdkman/candidates/java/8.0.333.fx-librca/jre/lib/ext/localedata.jar
file:/root/.sdkman/candidates/java/8.0.333.fx-librca/jre/lib/ext/jaccess.jar
file:/root/.sdkman/candidates/java/8.0.333.fx-librca/jre/lib/ext/dnsns.jar
file:/root/.sdkman/candidates/java/8.0.333.fx-librca/jre/lib/ext/sunpkcs11.jar
file:/root/.sdkman/candidates/java/8.0.333.fx-librca/jre/lib/ext/zipfs.jar
file:/root/.sdkman/candidates/java/8.0.333.fx-librca/jre/lib/ext/jfxrt.jar
file:/tmp/EvoSuite_pathingJar6974640758738694127.jar
file:/root/.sdkman/candidates/java/8.0.333.fx-librca/jre/lib/ext/sunjce_provider.jar
file:/root/.sdkman/candidates/java/8.0.333.fx-librca/jre/lib/ext/nashorn.jar
[MASTER] 13:44:28.482 [logback-1] WARN  JUnitAnalyzer - Found unstable test named initializationError -> class java.lang.RuntimeException: Cannot find either the compilation target folder nor the EvoSuite jar in classpath: /tmp/EvoSuite_pathingJar6974640758738694127.jar
Going to execute: handleTestsThatAreUnstable
* Compiling Tests
** Write a test suite: 0 called: 0 to improve: false
** Write a test suite: 1 called: 1 to improve: false
** Write a test suite: 2 called: 2 to improve: false
** Write a test suite: 3 called: 3 to improve: false
[MASTER] 13:44:29.361 [logback-1] WARN  AgentLoader - Failed to find EvoSuite jar in current classloader. URLs of classloader:
file:/root/.sdkman/candidates/java/8.0.333.fx-librca/jre/../lib/tools.jar
file:/root/.sdkman/candidates/java/8.0.333.fx-librca/jre/lib/ext/cldrdata.jar
file:/root/.sdkman/candidates/java/8.0.333.fx-librca/jre/lib/ext/sunec.jar
file:/root/.sdkman/candidates/java/8.0.333.fx-librca/jre/lib/ext/localedata.jar
file:/root/.sdkman/candidates/java/8.0.333.fx-librca/jre/lib/ext/jaccess.jar
file:/root/.sdkman/candidates/java/8.0.333.fx-librca/jre/lib/ext/dnsns.jar
file:/root/.sdkman/candidates/java/8.0.333.fx-librca/jre/lib/ext/sunpkcs11.jar
file:/root/.sdkman/candidates/java/8.0.333.fx-librca/jre/lib/ext/zipfs.jar
file:/root/.sdkman/candidates/java/8.0.333.fx-librca/jre/lib/ext/jfxrt.jar
file:/tmp/EvoSuite_pathingJar6974640758738694127.jar
file:/root/.sdkman/candidates/java/8.0.333.fx-librca/jre/lib/ext/sunjce_provider.jar
file:/root/.sdkman/candidates/java/8.0.333.fx-librca/jre/lib/ext/nashorn.jar
[MASTER] 13:44:29.363 [logback-1] WARN  JUnitAnalyzer - Found unstable test named initializationError -> class java.lang.RuntimeException: Cannot find either the compilation target folder nor the EvoSuite jar in classpath: /tmp/EvoSuite_pathingJar6974640758738694127.jar
Going to execute: handleTestsThatAreUnstable
* Compiling Tests
** Write a test suite: 0 called: 0 to improve: false
** Write a test suite: 1 called: 1 to improve: false
** Write a test suite: 2 called: 2 to improve: false
** Write a test suite: 3 called: 3 to improve: false
[MASTER] 13:44:30.428 [logback-1] WARN  AgentLoader - Failed to find EvoSuite jar in current classloader. URLs of classloader:
file:/root/.sdkman/candidates/java/8.0.333.fx-librca/jre/../lib/tools.jar
file:/root/.sdkman/candidates/java/8.0.333.fx-librca/jre/lib/ext/cldrdata.jar
file:/root/.sdkman/candidates/java/8.0.333.fx-librca/jre/lib/ext/sunec.jar
file:/root/.sdkman/candidates/java/8.0.333.fx-librca/jre/lib/ext/localedata.jar
file:/root/.sdkman/candidates/java/8.0.333.fx-librca/jre/lib/ext/jaccess.jar
file:/root/.sdkman/candidates/java/8.0.333.fx-librca/jre/lib/ext/dnsns.jar
file:/root/.sdkman/candidates/java/8.0.333.fx-librca/jre/lib/ext/sunpkcs11.jar
file:/root/.sdkman/candidates/java/8.0.333.fx-librca/jre/lib/ext/zipfs.jar
file:/root/.sdkman/candidates/java/8.0.333.fx-librca/jre/lib/ext/jfxrt.jar
file:/tmp/EvoSuite_pathingJar6974640758738694127.jar
file:/root/.sdkman/candidates/java/8.0.333.fx-librca/jre/lib/ext/sunjce_provider.jar
file:/root/.sdkman/candidates/java/8.0.333.fx-librca/jre/lib/ext/nashorn.jar
[MASTER] 13:44:30.429 [logback-1] WARN  JUnitAnalyzer - Found unstable test named initializationError -> class java.lang.RuntimeException: Cannot find either the compilation target folder nor the EvoSuite jar in classpath: /tmp/EvoSuite_pathingJar6974640758738694127.jar
* Writing tests to file
[MASTER] 13:44:30.431 [logback-1] WARN  TimeController - Already entered in phase: JUNIT_CHECK. This will mess up the timing calculations.
* Writing JUnit test case 'Library_ESTest' to evosuite-tests
* Writing JUnit test case 'Library_Original_ESTest' to evosuite-tests
** Write a test suite: 0 called: 0 to improve: false
** Write a test suite: 1 called: 1 to improve: false
** Write a test suite: 2 called: 2 to improve: false
** Write a test suite: 3 called: 3 to improve: false
* Done!

* Computation finished
