* EvoSuite 1.0.0-SNAPSHOT
* Going to generate test cases for class: org.fixsuite.message.Library
* Starting Client-0
* Properties loaded from /home/roham/Results-Utestgen/dataset/SF110-new-res/74_fixsuite/evosuite-files/evosuite.properties
* Connecting to master process on port 21627
* Analyzing classpath: 
* Inheritance tree loaded from evosuite-files/inheritance.xml.gz
* Finished analyzing classpath
* Generating tests for class org.fixsuite.message.Library
* Test criteria:
  - Branch Coverage
  - Line Coverage
  - Method-Output Coverage
  - Top-Level Method Coverage
  - Context Branch Coverage
* Total number of test goals for DYNAMOSA: 136
* Using seed 1710301583303
* Starting evolution
[Progress:>                             0%] [Cov:>                                  0%]* Initial Number of Goals in DynaMOSA = 49 / 136
[Progress:===>                          12%] [Cov:===============>                   45%][Progress:=======>                      26%] [Cov:===============>                   45%][Progress:==========>                   34%] [Cov:===============>                   45%][Progress:============>                 41%] [Cov:===============>                   45%][Progress:=============>                46%] [Cov:===============>                   45%][Progress:===============>              52%] [Cov:===============>                   45%][Progress:=================>            58%] [Cov:===================>               55%][Progress:===================>          66%] [Cov:===================>               55%][Progress:======================>       75%] [Cov:===================>               55%][Progress:==========================>   88%] [Cov:===================>               55%][Progress:=============================>97%] [Cov:===================>               55%][Progress:==============================100%] [Cov:===================>               55%]
* Search finished after 203s and 11 generations, 6154 statements, best individual has fitness: 72.0
* Generated before the refinement 5 tests with total length 12
statement is: org.fixsuite.message.Library()V type is: class org.evosuite.testcase.statements.ConstructorStatement return type class org.fixsuite.message.Library
statement code is: Library library = new Library()
statement is: getDictionaries()Ljava/util/List; type is: class org.evosuite.testcase.statements.MethodStatement return type java.util.List<org.fixsuite.message.info.DictionaryInfo>
statement code is: List<DictionaryInfo> dictionaries = library.getDictionaries()
test data is: Library library = new Library();
library.getDictionaries();

** It was a parseable test case! 
Improved test data is: class DummyClass {
    public static void main() {
        // Improved test data
        int expectedBookCount = 5;
        String[] expectedDictionaryNames = new String[]{ "Java", "Python", "C++", "JavaScript", "C#" };
        // Original test data
        int originalExpectedBookCount = 3;
        String[] originalExpectedDictionaryNames = new String[]{ "Java", "Python", "C++" };
    }
}
statement is: // Improved test data
int expectedBookCount = 5, class spoon.support.reflect.code.CtLocalVariableImpl
class spoon.support.reflect.code.CtLiteralImpl
statement is: String[] expectedDictionaryNames = new String[]{ "Java", "Python", "C++", "JavaScript", "C#" }, class spoon.support.reflect.code.CtLocalVariableImpl
class spoon.support.reflect.code.CtNewArrayImpl
statement is: // Original test data
int originalExpectedBookCount = 3, class spoon.support.reflect.code.CtLocalVariableImpl
class spoon.support.reflect.code.CtLiteralImpl
statement is: String[] originalExpectedDictionaryNames = new String[]{ "Java", "Python", "C++" }, class spoon.support.reflect.code.CtLocalVariableImpl
class spoon.support.reflect.code.CtNewArrayImpl
* this is vulnerable: int _int = 5
* this is vulnerable: int _int = 3
TestCase is: int _int = 5;
int _int = 3;

statement is: org.fixsuite.message.Library()V type is: class org.evosuite.testcase.statements.ConstructorStatement return type class org.fixsuite.message.Library
statement code is: Library library = new Library()
statement is: getDictionary(Ljava/lang/String;)Lorg/fixsuite/message/info/DictionaryInfo; type is: class org.evosuite.testcase.statements.MethodStatement return type class org.fixsuite.message.info.DictionaryInfo
statement code is: DictionaryInfo dictionary = library.getDictionary("m'USA!d\"6#k=N")
test data is: Library library = new Library();
library.getDictionary("m'USA!d\"6#k=N");

** It was a parseable test case! 
Improved test data is: class DummyClass {
    public static void main() {
        Library library = new Library();
        library.getDictionary("m\'USA!d\"6#k=N", "m\'USA!d\"6#k=N");
        // Improved test data:
        Library library = new Library();
        library.getDictionary("m\'USA!d\"6#k=N", "m\'USA!d\"6#k=N", "m\'USA!d\"6#k=N");
    }
}
statement is: Library library = new Library(), class spoon.support.reflect.code.CtLocalVariableImpl
class spoon.support.reflect.code.CtConstructorCallImpl
statement is: library.getDictionary("m\'USA!d\"6#k=N", "m\'USA!d\"6#k=N"), class spoon.support.reflect.code.CtInvocationImpl
invocation is: library.getDictionary("m\'USA!d\"6#k=N", "m\'USA!d\"6#k=N") target is: library method is: getDictionary(java.lang.String,java.lang.String)
statement is: // Improved test data:
Library library = new Library(), class spoon.support.reflect.code.CtLocalVariableImpl
class spoon.support.reflect.code.CtConstructorCallImpl
statement is: library.getDictionary("m\'USA!d\"6#k=N", "m\'USA!d\"6#k=N", "m\'USA!d\"6#k=N"), class spoon.support.reflect.code.CtInvocationImpl
invocation is: library.getDictionary("m\'USA!d\"6#k=N", "m\'USA!d\"6#k=N", "m\'USA!d\"6#k=N") target is: library method is: getDictionary(java.lang.String,java.lang.String,java.lang.String)
TestCase is: Library library = new Library();
Library library = new Library();

statement is: org.fixsuite.message.Library()V type is: class org.evosuite.testcase.statements.ConstructorStatement return type class org.fixsuite.message.Library
statement code is: Library library = new Library()
statement is: loadFromDirectory(Ljava/lang/String;)Z type is: class org.evosuite.testcase.statements.MethodStatement return type boolean
statement code is: boolean loadFromDirectory = library.loadFromDirectory("org.fixsuite.message.info.MessageInfo")
test data is: Library library = new Library();
library.loadFromDirectory("org.fixsuite.message.info.MessageInfo");

** It was a parseable test case! 
Improved test data is: class DummyClass {
    public static void main() {
        Library library = new Library();
        library.loadFromDirectory("org.fixsuite.message.info.MessageInfo");
        library.loadFromDirectory("org.fixsuite.message.info.MessageInfo");
        library.loadFromDirectory("org.fixsuite.message.info.MessageInfo");
    }
}
statement is: Library library = new Library(), class spoon.support.reflect.code.CtLocalVariableImpl
class spoon.support.reflect.code.CtConstructorCallImpl
statement is: library.loadFromDirectory("org.fixsuite.message.info.MessageInfo"), class spoon.support.reflect.code.CtInvocationImpl
invocation is: library.loadFromDirectory("org.fixsuite.message.info.MessageInfo") target is: library method is: loadFromDirectory(java.lang.String)
source statement: org.fixsuite.message.Library()V callee: VariableReference: Statement 0, type org.fixsuite.message.Libraryindex is: 0
Matched Method is: loadFromDirectory(Ljava/lang/String;)Z
statement is: library.loadFromDirectory("org.fixsuite.message.info.MessageInfo"), class spoon.support.reflect.code.CtInvocationImpl
invocation is: library.loadFromDirectory("org.fixsuite.message.info.MessageInfo") target is: library method is: loadFromDirectory(java.lang.String)
source statement: org.fixsuite.message.Library()V callee: VariableReference: Statement 0, type org.fixsuite.message.Libraryindex is: 0
Matched Method is: loadFromDirectory(Ljava/lang/String;)Z
statement is: library.loadFromDirectory("org.fixsuite.message.info.MessageInfo"), class spoon.support.reflect.code.CtInvocationImpl
invocation is: library.loadFromDirectory("org.fixsuite.message.info.MessageInfo") target is: library method is: loadFromDirectory(java.lang.String)
source statement: org.fixsuite.message.Library()V callee: VariableReference: Statement 0, type org.fixsuite.message.Libraryindex is: 0
Matched Method is: loadFromDirectory(Ljava/lang/String;)Z
TestCase is: Library library = new Library();
String string = "org.fixsuite.message.info.MessageInfo";
library.loadFromDirectory(string);
String string = "org.fixsuite.message.info.MessageInfo";
library.loadFromDirectory(string);
String string = "org.fixsuite.message.info.MessageInfo";
library.loadFromDirectory(string);

statement is: org.fixsuite.message.Library()V type is: class org.evosuite.testcase.statements.ConstructorStatement return type class org.fixsuite.message.Library
statement code is: Library library = new Library()
statement is: loadFromDirectory(Ljava/lang/String;)Z type is: class org.evosuite.testcase.statements.MethodStatement return type boolean
statement code is: boolean loadFromDirectory = library.loadFromDirectory("")
test data is: Library library = new Library();
library.loadFromDirectory("");

** It was a parseable test case! 
Improved test data is: class DummyClass {
    public static void main() {
        Library library = new Library();
        library.loadFromDirectory("C:\\Users\\User\\Documents\\Books");
    }
}
statement is: Library library = new Library(), class spoon.support.reflect.code.CtLocalVariableImpl
class spoon.support.reflect.code.CtConstructorCallImpl
statement is: library.loadFromDirectory("C:\\Users\\User\\Documents\\Books"), class spoon.support.reflect.code.CtInvocationImpl
invocation is: library.loadFromDirectory("C:\\Users\\User\\Documents\\Books") target is: library method is: loadFromDirectory(java.lang.String)
source statement: org.fixsuite.message.Library()V callee: VariableReference: Statement 0, type org.fixsuite.message.Libraryindex is: 0
Matched Method is: loadFromDirectory(Ljava/lang/String;)Z
TestCase is: Library library = new Library();
String string = "C:\\Users\\User\\Documents\\Books";
library.loadFromDirectory(string);

statement is: org.fixsuite.message.Library()V type is: class org.evosuite.testcase.statements.ConstructorStatement return type class org.fixsuite.message.Library
statement code is: Library library = new Library()
statement is: EvoSuiteFile evoSuiteFile = new EvoSuiteFile("x(F?}F^]j]&AJp") type is: class org.evosuite.testcase.statements.environment.FileNamePrimitiveStatement return type class org.evosuite.runtime.testdata.EvoSuiteFile
statement code is: EvoSuiteFile evoSuiteFile = new EvoSuiteFile("x(F?}F^]j]&AJp")
statement is: appendStringToFile(Lorg/evosuite/runtime/testdata/EvoSuiteFile;Ljava/lang/String;)Z type is: class org.evosuite.testcase.statements.MethodStatement return type boolean
statement code is: boolean appendStringToFile = FileSystemHandling.appendStringToFile(arg0, "")
statement is: loadFromDirectory(Ljava/lang/String;)Z type is: class org.evosuite.testcase.statements.MethodStatement return type boolean
statement code is: boolean loadFromDirectory = library.loadFromDirectory("")
test data is: Library library = new Library();
EvoSuiteFile evoSuiteFile = new EvoSuiteFile("x(F?}F^]j]&AJp");
FileSystemHandling.appendStringToFile(evoSuiteFile, "");
library.loadFromDirectory("");

** It was a parseable test case! 
Improved test data is: class DummyClass {
    public static void main() {
        Library library = new Library();
        EvoSuiteFile evoSuiteFile = new EvoSuiteFile("hello_world.txt");
        FileSystemHandling.appendStringToFile(evoSuiteFile, "Hello World!");
        library.loadFromDirectory("/path/to/directory");
    }
}
statement is: Library library = new Library(), class spoon.support.reflect.code.CtLocalVariableImpl
class spoon.support.reflect.code.CtConstructorCallImpl
statement is: EvoSuiteFile evoSuiteFile = new EvoSuiteFile("hello_world.txt"), class spoon.support.reflect.code.CtLocalVariableImpl
class spoon.support.reflect.code.CtConstructorCallImpl
statement is: FileSystemHandling.appendStringToFile(evoSuiteFile, "Hello World!"), class spoon.support.reflect.code.CtInvocationImpl
invocation is: FileSystemHandling.appendStringToFile(evoSuiteFile, "Hello World!") target is: FileSystemHandling method is: appendStringToFile(EvoSuiteFile,java.lang.String)
Matched Method is: appendStringToFile(Lorg/evosuite/runtime/testdata/EvoSuiteFile;Ljava/lang/String;)Z
i 1 Parameters size() 1 Num of Method Parameters: 2
statement is: library.loadFromDirectory("/path/to/directory"), class spoon.support.reflect.code.CtInvocationImpl
invocation is: library.loadFromDirectory("/path/to/directory") target is: library method is: loadFromDirectory(java.lang.String)
source statement: org.fixsuite.message.Library()V callee: VariableReference: Statement 0, type org.fixsuite.message.Libraryindex is: 0
Matched Method is: loadFromDirectory(Ljava/lang/String;)Z
TestCase is: Library library = new Library();
String string = "Hello World!";
String string = null;
FileSystemHandling.appendStringToFile((EvoSuiteFile) string, string);
String string = "/path/to/directory";
library.loadFromDirectory(string);

* test suite isTestSuite: 10
Test 0: 
Library library = new Library();
library.getDictionaries();
Test 1: 
Library library = new Library();
library.getDictionary("m'USA!d\"6#k=N");
Test 2: 
Library library = new Library();
library.loadFromDirectory("org.fixsuite.message.info.MessageInfo");
Test 3: 
Library library = new Library();
library.loadFromDirectory("");
Test 4: 
Library library = new Library();
EvoSuiteFile evoSuiteFile = new EvoSuiteFile("x(F?}F^]j]&AJp");
FileSystemHandling.appendStringToFile(evoSuiteFile, "");
library.loadFromDirectory("");
Test 5: 

Test 6: 
Library library = new Library();
Library library = new Library();

Test 7: 
Library library = new Library();
library.loadFromDirectory("org.fixsuite.message.info.MessageInfo");
library.loadFromDirectory("org.fixsuite.message.info.MessageInfo");
library.loadFromDirectory("org.fixsuite.message.info.MessageInfo");

Test 8: 
Library library = new Library();
library.loadFromDirectory("C:UsersUserDocumentsBooks");

Test 9: 
Library library = new Library();
FileSystemHandling.appendStringToFile((EvoSuiteFile) "Hello World!", (String) null);
String string = "/path/to/directory";
library.loadFromDirectory(string);


* Generated after the refinement and before minimization 10 tests with total length 24
* test suite isTestSuite: 10
Test 0: 
Library library = new Library();
library.getDictionaries();
Test 1: 
Library library = new Library();
library.getDictionary("m'USA!d\"6#k=N");
Test 2: 
Library library = new Library();
library.loadFromDirectory("org.fixsuite.message.info.MessageInfo");
Test 3: 
Library library = new Library();
library.loadFromDirectory("");
Test 4: 
Library library = new Library();
EvoSuiteFile evoSuiteFile = new EvoSuiteFile("x(F?}F^]j]&AJp");
FileSystemHandling.appendStringToFile(evoSuiteFile, "");
library.loadFromDirectory("");
Test 5: 

Test 6: 
Library library = new Library();
Library library = new Library();

Test 7: 
Library library = new Library();
library.loadFromDirectory("org.fixsuite.message.info.MessageInfo");
library.loadFromDirectory("org.fixsuite.message.info.MessageInfo");
library.loadFromDirectory("org.fixsuite.message.info.MessageInfo");

Test 8: 
Library library = new Library();
library.loadFromDirectory("C:UsersUserDocumentsBooks");

Test 9: 
Library library = new Library();
FileSystemHandling.appendStringToFile((EvoSuiteFile) "Hello World!", (String) null);
String string = "/path/to/directory";
library.loadFromDirectory(string);


* Minimizing test suite
* test suite isTestSuite: 5
Test 0: 
Library library = new Library();
library.getDictionaries();
Test 1: 
Library library = new Library();
library.getDictionary("m'USA!d\"6#k=N");
Test 2: 
Library library = new Library();
library.loadFromDirectory("C:UsersUserDocumentsBooks");
Test 3: 
Library library = new Library();
library.loadFromDirectory("");
Test 4: 
Library library = new Library();
EvoSuiteFile evoSuiteFile = new EvoSuiteFile("x(F?}F^]j]&AJp");
FileSystemHandling.appendStringToFile(evoSuiteFile, "");
library.loadFromDirectory("");

* Going to analyze the coverage criteria
* Coverage analysis for criterion BRANCH
* Coverage of criterion BRANCH: 40%
* Total number of goals: 35
* Number of covered goals: 14
* Coverage analysis for criterion LINE
* Coverage of criterion LINE: 53%
* Total number of goals: 51
* Number of covered goals: 27
* Coverage analysis for criterion OUTPUT
* Coverage of criterion OUTPUT: 45%
* Total number of goals: 11
* Number of covered goals: 5
* Coverage analysis for criterion METHOD
* Coverage of criterion METHOD: 100%
* Total number of goals: 4
* Number of covered goals: 4
* Coverage analysis for criterion CBRANCH
* Coverage of criterion CBRANCH: 40%
* Total number of goals: 35
* Number of covered goals: 14
* Generated 5 tests with total length 12
* Resulting test suite's coverage: 56% (average coverage for all fitness functions)
* Generating assertions
* Resulting test suite's mutation score: 9%
* Compiling and checking tests
Going to execute: removeTestsThatDoNotCompile
* Compiling Tests
** Write a test suite: 0 called: 0 to improve: false
* Compiling Tests
** Write a test suite: 0 called: 0 to improve: true
** Improve Understandability: ** Test Code is: Library library = new Library();
List<DictionaryInfo> dictionaries = library.getDictionaries();
assertTrue(dictionaries.isEmpty());


** It was a parseable test case! 
refined test name is: testGetDictionariesWhenNoDictionariesAdded
* Compiling Tests
** Write a test suite: 0 called: 0 to improve: false
* Compiling Tests
** Write a test suite: 0 called: 0 to improve: true
** Improve Understandability: ** Test Code is: Library library = new Library();
DictionaryInfo dictionary = library.getDictionary("m'USA!d\"6#k=N");
assertNull(dictionary);


** It was a parseable test case! 
refined test name is: testGetDictionaryWithInvalidKeyShouldReturnNull
* Compiling Tests
** Write a test suite: 0 called: 0 to improve: false
* Compiling Tests
** Write a test suite: 0 called: 0 to improve: true
** Improve Understandability: ** Test Code is: Library library = new Library();
boolean loadFromDirectory = library.loadFromDirectory("C:UsersUserDocumentsBooks");
assertFalse(loadFromDirectory);


** It was a parseable test case! 
refined test name is: testLoadFromDirectoryNotLoadedFromDirectory
* Compiling Tests
** Write a test suite: 0 called: 0 to improve: false
* Compiling Tests
** Write a test suite: 0 called: 0 to improve: true
** Improve Understandability: ** Test Code is: Library library = new Library();
boolean loadFromDirectory = library.loadFromDirectory("");
assertFalse(loadFromDirectory);


** It was a parseable test case! 
refined test name is: testLoadFromDirectoryEmptyPathReturnsFalse
* Compiling Tests
** Write a test suite: 0 called: 0 to improve: false
* Compiling Tests
** Write a test suite: 0 called: 0 to improve: true
** Improve Understandability: ** Test Code is: Library library = new Library();
EvoSuiteFile arg0 = new EvoSuiteFile("x(F?}F^]j]&AJp");
FileSystemHandling.appendStringToFile(arg0, "");
boolean loadFromDirectory = library.loadFromDirectory("");
assertTrue(loadFromDirectory);


** It was a parseable test case! 
refined test name is: testLoadFromDirectory
Going to execute: handleTestsThatAreUnstable
* Compiling Tests
[MASTER] 03:57:05.307 [logback-2] WARN  AgentLoader - Failed to find EvoSuite jar in current classloader. URLs of classloader:
file:/tmp/EvoSuite_pathingJar1352129470569940853.jar
file:/root/.sdkman/candidates/java/8.0.333.fx-librca/jre/../lib/tools.jar
file:/root/.sdkman/candidates/java/8.0.333.fx-librca/jre/lib/ext/cldrdata.jar
file:/root/.sdkman/candidates/java/8.0.333.fx-librca/jre/lib/ext/sunec.jar
file:/root/.sdkman/candidates/java/8.0.333.fx-librca/jre/lib/ext/localedata.jar
file:/root/.sdkman/candidates/java/8.0.333.fx-librca/jre/lib/ext/jaccess.jar
file:/root/.sdkman/candidates/java/8.0.333.fx-librca/jre/lib/ext/dnsns.jar
file:/root/.sdkman/candidates/java/8.0.333.fx-librca/jre/lib/ext/sunpkcs11.jar
file:/root/.sdkman/candidates/java/8.0.333.fx-librca/jre/lib/ext/zipfs.jar
file:/root/.sdkman/candidates/java/8.0.333.fx-librca/jre/lib/ext/jfxrt.jar
file:/root/.sdkman/candidates/java/8.0.333.fx-librca/jre/lib/ext/sunjce_provider.jar
file:/root/.sdkman/candidates/java/8.0.333.fx-librca/jre/lib/ext/nashorn.jar
[MASTER] 03:57:05.342 [logback-2] WARN  JUnitAnalyzer - Found unstable test named initializationError -> class java.lang.RuntimeException: Cannot find either the compilation target folder nor the EvoSuite jar in classpath: /tmp/EvoSuite_pathingJar1352129470569940853.jar
Going to execute: handleTestsThatAreUnstable
* Compiling Tests
[MASTER] 03:57:05.453 [logback-2] WARN  AgentLoader - Failed to find EvoSuite jar in current classloader. URLs of classloader:
file:/tmp/EvoSuite_pathingJar1352129470569940853.jar
file:/root/.sdkman/candidates/java/8.0.333.fx-librca/jre/../lib/tools.jar
file:/root/.sdkman/candidates/java/8.0.333.fx-librca/jre/lib/ext/cldrdata.jar
file:/root/.sdkman/candidates/java/8.0.333.fx-librca/jre/lib/ext/sunec.jar
file:/root/.sdkman/candidates/java/8.0.333.fx-librca/jre/lib/ext/localedata.jar
file:/root/.sdkman/candidates/java/8.0.333.fx-librca/jre/lib/ext/jaccess.jar
file:/root/.sdkman/candidates/java/8.0.333.fx-librca/jre/lib/ext/dnsns.jar
file:/root/.sdkman/candidates/java/8.0.333.fx-librca/jre/lib/ext/sunpkcs11.jar
file:/root/.sdkman/candidates/java/8.0.333.fx-librca/jre/lib/ext/zipfs.jar
file:/root/.sdkman/candidates/java/8.0.333.fx-librca/jre/lib/ext/jfxrt.jar
file:/root/.sdkman/candidates/java/8.0.333.fx-librca/jre/lib/ext/sunjce_provider.jar
file:/root/.sdkman/candidates/java/8.0.333.fx-librca/jre/lib/ext/nashorn.jar
Going to execute: handleTestsThatAreUnstable
* Compiling Tests
[MASTER] 03:57:05.455 [logback-2] WARN  JUnitAnalyzer - Found unstable test named initializationError -> class java.lang.RuntimeException: Cannot find either the compilation target folder nor the EvoSuite jar in classpath: /tmp/EvoSuite_pathingJar1352129470569940853.jar
[MASTER] 03:57:06.149 [logback-2] WARN  AgentLoader - Failed to find EvoSuite jar in current classloader. URLs of classloader:
file:/tmp/EvoSuite_pathingJar1352129470569940853.jar
file:/root/.sdkman/candidates/java/8.0.333.fx-librca/jre/../lib/tools.jar
file:/root/.sdkman/candidates/java/8.0.333.fx-librca/jre/lib/ext/cldrdata.jar
file:/root/.sdkman/candidates/java/8.0.333.fx-librca/jre/lib/ext/sunec.jar
file:/root/.sdkman/candidates/java/8.0.333.fx-librca/jre/lib/ext/localedata.jar
file:/root/.sdkman/candidates/java/8.0.333.fx-librca/jre/lib/ext/jaccess.jar
file:/root/.sdkman/candidates/java/8.0.333.fx-librca/jre/lib/ext/dnsns.jar
file:/root/.sdkman/candidates/java/8.0.333.fx-librca/jre/lib/ext/sunpkcs11.jar
file:/root/.sdkman/candidates/java/8.0.333.fx-librca/jre/lib/ext/zipfs.jar
file:/root/.sdkman/candidates/java/8.0.333.fx-librca/jre/lib/ext/jfxrt.jar
file:/root/.sdkman/candidates/java/8.0.333.fx-librca/jre/lib/ext/sunjce_provider.jar
file:/root/.sdkman/candidates/java/8.0.333.fx-librca/jre/lib/ext/nashorn.jar
[MASTER] 03:57:06.151 [logback-2] WARN  JUnitAnalyzer - Found unstable test named initializationError -> class java.lang.RuntimeException: Cannot find either the compilation target folder nor the EvoSuite jar in classpath: /tmp/EvoSuite_pathingJar1352129470569940853.jar
Going to execute: handleTestsThatAreUnstable
* Compiling Tests
[MASTER] 03:57:06.755 [logback-2] WARN  AgentLoader - Failed to find EvoSuite jar in current classloader. URLs of classloader:
file:/tmp/EvoSuite_pathingJar1352129470569940853.jar
file:/root/.sdkman/candidates/java/8.0.333.fx-librca/jre/../lib/tools.jar
file:/root/.sdkman/candidates/java/8.0.333.fx-librca/jre/lib/ext/cldrdata.jar
file:/root/.sdkman/candidates/java/8.0.333.fx-librca/jre/lib/ext/sunec.jar
file:/root/.sdkman/candidates/java/8.0.333.fx-librca/jre/lib/ext/localedata.jar
file:/root/.sdkman/candidates/java/8.0.333.fx-librca/jre/lib/ext/jaccess.jar
file:/root/.sdkman/candidates/java/8.0.333.fx-librca/jre/lib/ext/dnsns.jar
file:/root/.sdkman/candidates/java/8.0.333.fx-librca/jre/lib/ext/sunpkcs11.jar
file:/root/.sdkman/candidates/java/8.0.333.fx-librca/jre/lib/ext/zipfs.jar
file:/root/.sdkman/candidates/java/8.0.333.fx-librca/jre/lib/ext/jfxrt.jar
file:/root/.sdkman/candidates/java/8.0.333.fx-librca/jre/lib/ext/sunjce_provider.jar
file:/root/.sdkman/candidates/java/8.0.333.fx-librca/jre/lib/ext/nashorn.jar
[MASTER] 03:57:06.757 [logback-2] WARN  JUnitAnalyzer - Found unstable test named initializationError -> class java.lang.RuntimeException: Cannot find either the compilation target folder nor the EvoSuite jar in classpath: /tmp/EvoSuite_pathingJar1352129470569940853.jar
Going to execute: handleTestsThatAreUnstable
* Compiling Tests
[MASTER] 03:57:07.541 [logback-2] WARN  AgentLoader - Failed to find EvoSuite jar in current classloader. URLs of classloader:
file:/tmp/EvoSuite_pathingJar1352129470569940853.jar
file:/root/.sdkman/candidates/java/8.0.333.fx-librca/jre/../lib/tools.jar
file:/root/.sdkman/candidates/java/8.0.333.fx-librca/jre/lib/ext/cldrdata.jar
file:/root/.sdkman/candidates/java/8.0.333.fx-librca/jre/lib/ext/sunec.jar
file:/root/.sdkman/candidates/java/8.0.333.fx-librca/jre/lib/ext/localedata.jar
file:/root/.sdkman/candidates/java/8.0.333.fx-librca/jre/lib/ext/jaccess.jar
file:/root/.sdkman/candidates/java/8.0.333.fx-librca/jre/lib/ext/dnsns.jar
file:/root/.sdkman/candidates/java/8.0.333.fx-librca/jre/lib/ext/sunpkcs11.jar
file:/root/.sdkman/candidates/java/8.0.333.fx-librca/jre/lib/ext/zipfs.jar
file:/root/.sdkman/candidates/java/8.0.333.fx-librca/jre/lib/ext/jfxrt.jar
file:/root/.sdkman/candidates/java/8.0.333.fx-librca/jre/lib/ext/sunjce_provider.jar
file:/root/.sdkman/candidates/java/8.0.333.fx-librca/jre/lib/ext/nashorn.jar
[MASTER] 03:57:07.544 [logback-2] WARN  JUnitAnalyzer - Found unstable test named initializationError -> class java.lang.RuntimeException: Cannot find either the compilation target folder nor the EvoSuite jar in classpath: /tmp/EvoSuite_pathingJar1352129470569940853.jar
Going to execute: handleTestsThatAreUnstable
* Compiling Tests
[MASTER] 03:57:09.074 [logback-2] WARN  AgentLoader - Failed to find EvoSuite jar in current classloader. URLs of classloader:
file:/tmp/EvoSuite_pathingJar1352129470569940853.jar
file:/root/.sdkman/candidates/java/8.0.333.fx-librca/jre/../lib/tools.jar
file:/root/.sdkman/candidates/java/8.0.333.fx-librca/jre/lib/ext/cldrdata.jar
file:/root/.sdkman/candidates/java/8.0.333.fx-librca/jre/lib/ext/sunec.jar
file:/root/.sdkman/candidates/java/8.0.333.fx-librca/jre/lib/ext/localedata.jar
file:/root/.sdkman/candidates/java/8.0.333.fx-librca/jre/lib/ext/jaccess.jar
file:/root/.sdkman/candidates/java/8.0.333.fx-librca/jre/lib/ext/dnsns.jar
file:/root/.sdkman/candidates/java/8.0.333.fx-librca/jre/lib/ext/sunpkcs11.jar
file:/root/.sdkman/candidates/java/8.0.333.fx-librca/jre/lib/ext/zipfs.jar
file:/root/.sdkman/candidates/java/8.0.333.fx-librca/jre/lib/ext/jfxrt.jar
file:/root/.sdkman/candidates/java/8.0.333.fx-librca/jre/lib/ext/sunjce_provider.jar
file:/root/.sdkman/candidates/java/8.0.333.fx-librca/jre/lib/ext/nashorn.jar
[MASTER] 03:57:09.076 [logback-2] WARN  JUnitAnalyzer - Found unstable test named initializationError -> class java.lang.RuntimeException: Cannot find either the compilation target folder nor the EvoSuite jar in classpath: /tmp/EvoSuite_pathingJar1352129470569940853.jar
Going to execute: handleTestsThatAreUnstable
* Compiling Tests
[MASTER] 03:57:10.483 [logback-2] WARN  AgentLoader - Failed to find EvoSuite jar in current classloader. URLs of classloader:
file:/tmp/EvoSuite_pathingJar1352129470569940853.jar
file:/root/.sdkman/candidates/java/8.0.333.fx-librca/jre/../lib/tools.jar
file:/root/.sdkman/candidates/java/8.0.333.fx-librca/jre/lib/ext/cldrdata.jar
file:/root/.sdkman/candidates/java/8.0.333.fx-librca/jre/lib/ext/sunec.jar
file:/root/.sdkman/candidates/java/8.0.333.fx-librca/jre/lib/ext/localedata.jar
file:/root/.sdkman/candidates/java/8.0.333.fx-librca/jre/lib/ext/jaccess.jar
file:/root/.sdkman/candidates/java/8.0.333.fx-librca/jre/lib/ext/dnsns.jar
file:/root/.sdkman/candidates/java/8.0.333.fx-librca/jre/lib/ext/sunpkcs11.jar
file:/root/.sdkman/candidates/java/8.0.333.fx-librca/jre/lib/ext/zipfs.jar
file:/root/.sdkman/candidates/java/8.0.333.fx-librca/jre/lib/ext/jfxrt.jar
file:/root/.sdkman/candidates/java/8.0.333.fx-librca/jre/lib/ext/sunjce_provider.jar
file:/root/.sdkman/candidates/java/8.0.333.fx-librca/jre/lib/ext/nashorn.jar
[MASTER] 03:57:10.484 [logback-2] WARN  JUnitAnalyzer - Found unstable test named initializationError -> class java.lang.RuntimeException: Cannot find either the compilation target folder nor the EvoSuite jar in classpath: /tmp/EvoSuite_pathingJar1352129470569940853.jar
[MASTER] 03:57:14.895 [logback-2] WARN  TimeController - Already entered in phase: INLINING. This will mess up the timing calculations.
* test suite isTestSuite: 5
Test 0: 
Library library = new Library();
library.getDictionaries();
Test 1: 
Library library = new Library();
library.getDictionary("m'USA!d\"6#k=N");
Test 2: 
Library library = new Library();
library.loadFromDirectory("org.fixsuite.message.info.MessageInfo");
Test 3: 
Library library = new Library();
library.loadFromDirectory("");
Test 4: 
Library library = new Library();
EvoSuiteFile evoSuiteFile = new EvoSuiteFile("x(F?}F^]j]&AJp");
FileSystemHandling.appendStringToFile(evoSuiteFile, "");
library.loadFromDirectory("");

* Minimizing test suite
* test suite isTestSuite: 5
Test 0: 
Library library = new Library();
library.getDictionaries();
Test 1: 
Library library = new Library();
library.getDictionary("m'USA!d\"6#k=N");
Test 2: 
Library library = new Library();
library.loadFromDirectory("");
Test 3: 
Library library = new Library();
library.loadFromDirectory("org.fixsuite.message.info.MessageInfo");
Test 4: 
Library library = new Library();
EvoSuiteFile evoSuiteFile = new EvoSuiteFile("x(F?}F^]j]&AJp");
FileSystemHandling.appendStringToFile(evoSuiteFile, "");
library.loadFromDirectory("");

[MASTER] 03:59:14.335 [logback-2] WARN  TimeController - Already entered in phase: MINIMIZATION. This will mess up the timing calculations.
* Going to analyze the coverage criteria
* Coverage analysis for criterion BRANCH
* Coverage of criterion BRANCH: 40%
* Total number of goals: 35
* Number of covered goals: 14
* Coverage analysis for criterion LINE
* Coverage of criterion LINE: 53%
* Total number of goals: 51
* Number of covered goals: 27
* Coverage analysis for criterion OUTPUT
* Coverage of criterion OUTPUT: 45%
* Total number of goals: 11
* Number of covered goals: 5
* Coverage analysis for criterion METHOD
* Coverage of criterion METHOD: 100%
* Total number of goals: 4
* Number of covered goals: 4
* Coverage analysis for criterion CBRANCH
* Coverage of criterion CBRANCH: 40%
* Total number of goals: 35
* Number of covered goals: 14
* Generated 5 tests with total length 12
* Resulting test suite's coverage: 56% (average coverage for all fitness functions)
* Generating assertions
[MASTER] 03:59:14.361 [logback-2] WARN  TimeController - Already entered in phase: COVERAGE_ANALYSIS. This will mess up the timing calculations.
* Resulting test suite's mutation score: 9%
* Compiling and checking tests
[MASTER] 03:59:26.779 [logback-2] WARN  TimeController - Already entered in phase: ASSERTION_GENERATION. This will mess up the timing calculations.
Going to execute: removeTestsThatDoNotCompile
* Compiling Tests
** Write a test suite: 0 called: 0 to improve: false
* Compiling Tests
** Write a test suite: 0 called: 0 to improve: false
* Compiling Tests
** Write a test suite: 0 called: 0 to improve: false
* Compiling Tests
** Write a test suite: 0 called: 0 to improve: false
* Compiling Tests
** Write a test suite: 0 called: 0 to improve: false
Going to execute: handleTestsThatAreUnstable
* Compiling Tests
** Write a test suite: 0 called: 0 to improve: false
[MASTER] 03:59:29.773 [logback-2] WARN  AgentLoader - Failed to find EvoSuite jar in current classloader. URLs of classloader:
file:/tmp/EvoSuite_pathingJar1352129470569940853.jar
file:/root/.sdkman/candidates/java/8.0.333.fx-librca/jre/../lib/tools.jar
file:/root/.sdkman/candidates/java/8.0.333.fx-librca/jre/lib/ext/cldrdata.jar
file:/root/.sdkman/candidates/java/8.0.333.fx-librca/jre/lib/ext/sunec.jar
file:/root/.sdkman/candidates/java/8.0.333.fx-librca/jre/lib/ext/localedata.jar
file:/root/.sdkman/candidates/java/8.0.333.fx-librca/jre/lib/ext/jaccess.jar
file:/root/.sdkman/candidates/java/8.0.333.fx-librca/jre/lib/ext/dnsns.jar
file:/root/.sdkman/candidates/java/8.0.333.fx-librca/jre/lib/ext/sunpkcs11.jar
file:/root/.sdkman/candidates/java/8.0.333.fx-librca/jre/lib/ext/zipfs.jar
file:/root/.sdkman/candidates/java/8.0.333.fx-librca/jre/lib/ext/jfxrt.jar
file:/root/.sdkman/candidates/java/8.0.333.fx-librca/jre/lib/ext/sunjce_provider.jar
file:/root/.sdkman/candidates/java/8.0.333.fx-librca/jre/lib/ext/nashorn.jar
[MASTER] 03:59:29.775 [logback-2] WARN  JUnitAnalyzer - Found unstable test named initializationError -> class java.lang.RuntimeException: Cannot find either the compilation target folder nor the EvoSuite jar in classpath: /tmp/EvoSuite_pathingJar1352129470569940853.jar
Going to execute: handleTestsThatAreUnstable
* Compiling Tests
** Write a test suite: 0 called: 0 to improve: false
[MASTER] 03:59:29.852 [logback-2] WARN  AgentLoader - Failed to find EvoSuite jar in current classloader. URLs of classloader:
file:/tmp/EvoSuite_pathingJar1352129470569940853.jar
file:/root/.sdkman/candidates/java/8.0.333.fx-librca/jre/../lib/tools.jar
file:/root/.sdkman/candidates/java/8.0.333.fx-librca/jre/lib/ext/cldrdata.jar
file:/root/.sdkman/candidates/java/8.0.333.fx-librca/jre/lib/ext/sunec.jar
file:/root/.sdkman/candidates/java/8.0.333.fx-librca/jre/lib/ext/localedata.jar
file:/root/.sdkman/candidates/java/8.0.333.fx-librca/jre/lib/ext/jaccess.jar
file:/root/.sdkman/candidates/java/8.0.333.fx-librca/jre/lib/ext/dnsns.jar
file:/root/.sdkman/candidates/java/8.0.333.fx-librca/jre/lib/ext/sunpkcs11.jar
file:/root/.sdkman/candidates/java/8.0.333.fx-librca/jre/lib/ext/zipfs.jar
file:/root/.sdkman/candidates/java/8.0.333.fx-librca/jre/lib/ext/jfxrt.jar
file:/root/.sdkman/candidates/java/8.0.333.fx-librca/jre/lib/ext/sunjce_provider.jar
file:/root/.sdkman/candidates/java/8.0.333.fx-librca/jre/lib/ext/nashorn.jar
[MASTER] 03:59:29.853 [logback-2] WARN  JUnitAnalyzer - Found unstable test named initializationError -> class java.lang.RuntimeException: Cannot find either the compilation target folder nor the EvoSuite jar in classpath: /tmp/EvoSuite_pathingJar1352129470569940853.jar
Going to execute: handleTestsThatAreUnstable
* Compiling Tests
** Write a test suite: 0 called: 0 to improve: false
[MASTER] 03:59:30.470 [logback-2] WARN  AgentLoader - Failed to find EvoSuite jar in current classloader. URLs of classloader:
file:/tmp/EvoSuite_pathingJar1352129470569940853.jar
file:/root/.sdkman/candidates/java/8.0.333.fx-librca/jre/../lib/tools.jar
file:/root/.sdkman/candidates/java/8.0.333.fx-librca/jre/lib/ext/cldrdata.jar
file:/root/.sdkman/candidates/java/8.0.333.fx-librca/jre/lib/ext/sunec.jar
file:/root/.sdkman/candidates/java/8.0.333.fx-librca/jre/lib/ext/localedata.jar
file:/root/.sdkman/candidates/java/8.0.333.fx-librca/jre/lib/ext/jaccess.jar
file:/root/.sdkman/candidates/java/8.0.333.fx-librca/jre/lib/ext/dnsns.jar
file:/root/.sdkman/candidates/java/8.0.333.fx-librca/jre/lib/ext/sunpkcs11.jar
file:/root/.sdkman/candidates/java/8.0.333.fx-librca/jre/lib/ext/zipfs.jar
file:/root/.sdkman/candidates/java/8.0.333.fx-librca/jre/lib/ext/jfxrt.jar
file:/root/.sdkman/candidates/java/8.0.333.fx-librca/jre/lib/ext/sunjce_provider.jar
file:/root/.sdkman/candidates/java/8.0.333.fx-librca/jre/lib/ext/nashorn.jar
[MASTER] 03:59:30.472 [logback-2] WARN  JUnitAnalyzer - Found unstable test named initializationError -> class java.lang.RuntimeException: Cannot find either the compilation target folder nor the EvoSuite jar in classpath: /tmp/EvoSuite_pathingJar1352129470569940853.jar
Going to execute: handleTestsThatAreUnstable
* Compiling Tests
** Write a test suite: 0 called: 0 to improve: false
[MASTER] 03:59:31.072 [logback-2] WARN  AgentLoader - Failed to find EvoSuite jar in current classloader. URLs of classloader:
file:/tmp/EvoSuite_pathingJar1352129470569940853.jar
file:/root/.sdkman/candidates/java/8.0.333.fx-librca/jre/../lib/tools.jar
file:/root/.sdkman/candidates/java/8.0.333.fx-librca/jre/lib/ext/cldrdata.jar
file:/root/.sdkman/candidates/java/8.0.333.fx-librca/jre/lib/ext/sunec.jar
file:/root/.sdkman/candidates/java/8.0.333.fx-librca/jre/lib/ext/localedata.jar
file:/root/.sdkman/candidates/java/8.0.333.fx-librca/jre/lib/ext/jaccess.jar
file:/root/.sdkman/candidates/java/8.0.333.fx-librca/jre/lib/ext/dnsns.jar
file:/root/.sdkman/candidates/java/8.0.333.fx-librca/jre/lib/ext/sunpkcs11.jar
file:/root/.sdkman/candidates/java/8.0.333.fx-librca/jre/lib/ext/zipfs.jar
file:/root/.sdkman/candidates/java/8.0.333.fx-librca/jre/lib/ext/jfxrt.jar
file:/root/.sdkman/candidates/java/8.0.333.fx-librca/jre/lib/ext/sunjce_provider.jar
file:/root/.sdkman/candidates/java/8.0.333.fx-librca/jre/lib/ext/nashorn.jar
[MASTER] 03:59:31.073 [logback-2] WARN  JUnitAnalyzer - Found unstable test named initializationError -> class java.lang.RuntimeException: Cannot find either the compilation target folder nor the EvoSuite jar in classpath: /tmp/EvoSuite_pathingJar1352129470569940853.jar
Going to execute: handleTestsThatAreUnstable
* Compiling Tests
** Write a test suite: 0 called: 0 to improve: false
[MASTER] 03:59:31.764 [logback-2] WARN  AgentLoader - Failed to find EvoSuite jar in current classloader. URLs of classloader:
file:/tmp/EvoSuite_pathingJar1352129470569940853.jar
file:/root/.sdkman/candidates/java/8.0.333.fx-librca/jre/../lib/tools.jar
file:/root/.sdkman/candidates/java/8.0.333.fx-librca/jre/lib/ext/cldrdata.jar
file:/root/.sdkman/candidates/java/8.0.333.fx-librca/jre/lib/ext/sunec.jar
file:/root/.sdkman/candidates/java/8.0.333.fx-librca/jre/lib/ext/localedata.jar
file:/root/.sdkman/candidates/java/8.0.333.fx-librca/jre/lib/ext/jaccess.jar
file:/root/.sdkman/candidates/java/8.0.333.fx-librca/jre/lib/ext/dnsns.jar
file:/root/.sdkman/candidates/java/8.0.333.fx-librca/jre/lib/ext/sunpkcs11.jar
file:/root/.sdkman/candidates/java/8.0.333.fx-librca/jre/lib/ext/zipfs.jar
file:/root/.sdkman/candidates/java/8.0.333.fx-librca/jre/lib/ext/jfxrt.jar
file:/root/.sdkman/candidates/java/8.0.333.fx-librca/jre/lib/ext/sunjce_provider.jar
file:/root/.sdkman/candidates/java/8.0.333.fx-librca/jre/lib/ext/nashorn.jar
[MASTER] 03:59:31.767 [logback-2] WARN  JUnitAnalyzer - Found unstable test named initializationError -> class java.lang.RuntimeException: Cannot find either the compilation target folder nor the EvoSuite jar in classpath: /tmp/EvoSuite_pathingJar1352129470569940853.jar
Going to execute: handleTestsThatAreUnstable
* Compiling Tests
** Write a test suite: 0 called: 0 to improve: false
** Write a test suite: 1 called: 1 to improve: false
** Write a test suite: 2 called: 2 to improve: false
** Write a test suite: 3 called: 3 to improve: false
** Write a test suite: 4 called: 4 to improve: false
[MASTER] 03:59:33.807 [logback-2] WARN  AgentLoader - Failed to find EvoSuite jar in current classloader. URLs of classloader:
file:/tmp/EvoSuite_pathingJar1352129470569940853.jar
file:/root/.sdkman/candidates/java/8.0.333.fx-librca/jre/../lib/tools.jar
file:/root/.sdkman/candidates/java/8.0.333.fx-librca/jre/lib/ext/cldrdata.jar
file:/root/.sdkman/candidates/java/8.0.333.fx-librca/jre/lib/ext/sunec.jar
file:/root/.sdkman/candidates/java/8.0.333.fx-librca/jre/lib/ext/localedata.jar
file:/root/.sdkman/candidates/java/8.0.333.fx-librca/jre/lib/ext/jaccess.jar
file:/root/.sdkman/candidates/java/8.0.333.fx-librca/jre/lib/ext/dnsns.jar
file:/root/.sdkman/candidates/java/8.0.333.fx-librca/jre/lib/ext/sunpkcs11.jar
file:/root/.sdkman/candidates/java/8.0.333.fx-librca/jre/lib/ext/zipfs.jar
file:/root/.sdkman/candidates/java/8.0.333.fx-librca/jre/lib/ext/jfxrt.jar
file:/root/.sdkman/candidates/java/8.0.333.fx-librca/jre/lib/ext/sunjce_provider.jar
file:/root/.sdkman/candidates/java/8.0.333.fx-librca/jre/lib/ext/nashorn.jar
[MASTER] 03:59:33.809 [logback-2] WARN  JUnitAnalyzer - Found unstable test named initializationError -> class java.lang.RuntimeException: Cannot find either the compilation target folder nor the EvoSuite jar in classpath: /tmp/EvoSuite_pathingJar1352129470569940853.jar
Going to execute: handleTestsThatAreUnstable
* Compiling Tests
** Write a test suite: 0 called: 0 to improve: false
** Write a test suite: 1 called: 1 to improve: false
** Write a test suite: 2 called: 2 to improve: false
** Write a test suite: 3 called: 3 to improve: false
** Write a test suite: 4 called: 4 to improve: false
[MASTER] 03:59:35.869 [logback-2] WARN  AgentLoader - Failed to find EvoSuite jar in current classloader. URLs of classloader:
file:/tmp/EvoSuite_pathingJar1352129470569940853.jar
file:/root/.sdkman/candidates/java/8.0.333.fx-librca/jre/../lib/tools.jar
file:/root/.sdkman/candidates/java/8.0.333.fx-librca/jre/lib/ext/cldrdata.jar
file:/root/.sdkman/candidates/java/8.0.333.fx-librca/jre/lib/ext/sunec.jar
file:/root/.sdkman/candidates/java/8.0.333.fx-librca/jre/lib/ext/localedata.jar
file:/root/.sdkman/candidates/java/8.0.333.fx-librca/jre/lib/ext/jaccess.jar
file:/root/.sdkman/candidates/java/8.0.333.fx-librca/jre/lib/ext/dnsns.jar
file:/root/.sdkman/candidates/java/8.0.333.fx-librca/jre/lib/ext/sunpkcs11.jar
file:/root/.sdkman/candidates/java/8.0.333.fx-librca/jre/lib/ext/zipfs.jar
file:/root/.sdkman/candidates/java/8.0.333.fx-librca/jre/lib/ext/jfxrt.jar
file:/root/.sdkman/candidates/java/8.0.333.fx-librca/jre/lib/ext/sunjce_provider.jar
file:/root/.sdkman/candidates/java/8.0.333.fx-librca/jre/lib/ext/nashorn.jar
[MASTER] 03:59:35.880 [logback-2] WARN  JUnitAnalyzer - Found unstable test named initializationError -> class java.lang.RuntimeException: Cannot find either the compilation target folder nor the EvoSuite jar in classpath: /tmp/EvoSuite_pathingJar1352129470569940853.jar
* Writing tests to file
[MASTER] 03:59:35.893 [logback-2] WARN  TimeController - Already entered in phase: JUNIT_CHECK. This will mess up the timing calculations.
* Writing JUnit test case 'Library_ESTest' to evosuite-tests
* Writing JUnit test case 'Library_Original_ESTest' to evosuite-tests
** Write a test suite: 0 called: 0 to improve: false
** Write a test suite: 1 called: 1 to improve: false
** Write a test suite: 2 called: 2 to improve: false
** Write a test suite: 3 called: 3 to improve: false
** Write a test suite: 4 called: 4 to improve: false
* Done!

* Computation finished
