* EvoSuite 1.0.0-SNAPSHOT
* Going to generate test cases for class: org.fixsuite.message.Library
* Starting Client-0
* Properties loaded from /home/roham/Results-Utestgen/dataset/SF110-new-res/74_fixsuite/evosuite-files/evosuite.properties
* Connecting to master process on port 20653
* Analyzing classpath: 
* Inheritance tree loaded from evosuite-files/inheritance.xml.gz
* Finished analyzing classpath
* Generating tests for class org.fixsuite.message.Library
* Test criteria:
  - Branch Coverage
  - Line Coverage
  - Method-Output Coverage
  - Top-Level Method Coverage
  - Context Branch Coverage
* Total number of test goals for DYNAMOSA: 136
* Using seed 1710277020220
[Progress:>                             0%] [Cov:>                                  0%]* Starting evolution
* Initial Number of Goals in DynaMOSA = 49 / 136
[Progress:==>                           9%] [Cov:===============>                   45%][Progress:=====>                        19%] [Cov:===============>                   45%][Progress:========>                     28%] [Cov:===============>                   45%][Progress:==========>                   34%] [Cov:===============>                   45%][Progress:============>                 41%] [Cov:========================>          71%][Progress:==============>               47%] [Cov:========================>          71%][Progress:===============>              50%] [Cov:========================>          71%][Progress:===============>              53%] [Cov:========================>          71%][Progress:================>             56%] [Cov:========================>          71%][Progress:=================>            59%] [Cov:========================>          71%][Progress:==================>           62%] [Cov:========================>          71%][Progress:===================>          66%] [Cov:========================>          71%][Progress:=====================>        70%] [Cov:========================>          71%][Progress:======================>       74%] [Cov:========================>          71%][Progress:=======================>      79%] [Cov:========================>          71%][Progress:========================>     83%] [Cov:========================>          71%][Progress:==========================>   87%] [Cov:========================>          71%][Progress:==========================>   89%] [Cov:========================>          71%][Progress:===========================>  92%] [Cov:========================>          71%][Progress:============================> 95%] [Cov:========================>          71%][Progress:=============================>98%] [Cov:========================>          71%][Progress:==============================100%] [Cov:========================>          71%]
* Search finished after 202s and 21 generations, 7549 statements, best individual has fitness: 40.0
* Generated before the refinement 5 tests with total length 10
statement is: org.fixsuite.message.Library()V type is: class org.evosuite.testcase.statements.ConstructorStatement return type class org.fixsuite.message.Library
statement code is: Library library = new Library()
statement is: getDictionaries()Ljava/util/List; type is: class org.evosuite.testcase.statements.MethodStatement return type java.util.List<org.fixsuite.message.info.DictionaryInfo>
statement code is: List<DictionaryInfo> dictionaries = library.getDictionaries()
test data is: Library library = new Library();
library.getDictionaries();

** It was a parseable test case! 
Improved test data is: class DummyClass {
    public static void main() {
        Library library = new Library();
        library.getDictionaries();
        // Improved test data
        String[] dictionaries = new String[]{ "apple", "banana", "orange" };
        int expectedDictionaryCount = 3;
        assertEquals(expectedDictionaryCount, dictionaries.length);
    }
}
statement is: Library library = new Library(), class spoon.support.reflect.code.CtLocalVariableImpl
class spoon.support.reflect.code.CtConstructorCallImpl
statement is: library.getDictionaries(), class spoon.support.reflect.code.CtInvocationImpl
invocation is: library.getDictionaries() target is: library method is: getDictionaries()
source statement: org.fixsuite.message.Library()V callee: VariableReference: Statement 0, type org.fixsuite.message.Libraryindex is: 0
Matched Method is: getDictionaries()Ljava/util/List;
statement is: // Improved test data
String[] dictionaries = new String[]{ "apple", "banana", "orange" }, class spoon.support.reflect.code.CtLocalVariableImpl
class spoon.support.reflect.code.CtNewArrayImpl
statement is: int expectedDictionaryCount = 3, class spoon.support.reflect.code.CtLocalVariableImpl
class spoon.support.reflect.code.CtLiteralImpl
statement is: assertEquals(expectedDictionaryCount, dictionaries.length), class spoon.support.reflect.code.CtInvocationImpl
invocation is: assertEquals(expectedDictionaryCount, dictionaries.length) target is:  method is: assertEquals(int,int)
* this is vulnerable: int _int = 3
TestCase is: Library library = new Library();
library.getDictionaries();
int _int = 3;

statement is: org.fixsuite.message.Library()V type is: class org.evosuite.testcase.statements.ConstructorStatement return type class org.fixsuite.message.Library
statement code is: Library library = new Library()
statement is: getDictionary(Ljava/lang/String;)Lorg/fixsuite/message/info/DictionaryInfo; type is: class org.evosuite.testcase.statements.MethodStatement return type class org.fixsuite.message.info.DictionaryInfo
statement code is: DictionaryInfo dictionary = library.getDictionary("org.fixsuite.message.info.ComponentInfo")
test data is: Library library = new Library();
library.getDictionary("org.fixsuite.message.info.ComponentInfo");

** It was a parseable test case! 
Improved test data is: class DummyClass {
    public static void main() {
        Library library = new Library();
        library.getDictionary("org.fixsuite.message.info.ComponentInfo");
        // Improved test data
        Integer id = 1234;
        String componentName = "Component 1";
        Double version = 1.0;
    }
}
statement is: Library library = new Library(), class spoon.support.reflect.code.CtLocalVariableImpl
class spoon.support.reflect.code.CtConstructorCallImpl
statement is: library.getDictionary("org.fixsuite.message.info.ComponentInfo"), class spoon.support.reflect.code.CtInvocationImpl
invocation is: library.getDictionary("org.fixsuite.message.info.ComponentInfo") target is: library method is: getDictionary(java.lang.String)
source statement: org.fixsuite.message.Library()V callee: VariableReference: Statement 0, type org.fixsuite.message.Libraryindex is: 0
Matched Method is: getDictionary(Ljava/lang/String;)Lorg/fixsuite/message/info/DictionaryInfo;
statement is: // Improved test data
Integer id = 1234, class spoon.support.reflect.code.CtLocalVariableImpl
class spoon.support.reflect.code.CtLiteralImpl
statement is: String componentName = "Component 1", class spoon.support.reflect.code.CtLocalVariableImpl
class spoon.support.reflect.code.CtLiteralImpl
statement is: Double version = 1.0, class spoon.support.reflect.code.CtLocalVariableImpl
class spoon.support.reflect.code.CtLiteralImpl
* this is vulnerable: int _int = 1234
* this is vulnerable: String string = "Component 1"
* this is vulnerable: double _double = 1.0
TestCase is: Library library = new Library();
String string = "org.fixsuite.message.info.ComponentInfo";
library.getDictionary(string);
int _int = 1234;
String string = "Component 1";
double _double = 1.0;

statement is: org.fixsuite.message.Library()V type is: class org.evosuite.testcase.statements.ConstructorStatement return type class org.fixsuite.message.Library
statement code is: Library library = new Library()
statement is: loadFromDirectory(Ljava/lang/String;)Z type is: class org.evosuite.testcase.statements.MethodStatement return type boolean
statement code is: boolean loadFromDirectory = library.loadFromDirectory("/")
test data is: Library library = new Library();
library.loadFromDirectory("/");

** It was a parseable test case! 
Improved test data is: class DummyClass {
    public static void main() {
        Library library = new Library();
        library.loadFromDirectory("C:\\Users\\User\\Documents");
    }
}
statement is: Library library = new Library(), class spoon.support.reflect.code.CtLocalVariableImpl
class spoon.support.reflect.code.CtConstructorCallImpl
statement is: library.loadFromDirectory("C:\\Users\\User\\Documents"), class spoon.support.reflect.code.CtInvocationImpl
invocation is: library.loadFromDirectory("C:\\Users\\User\\Documents") target is: library method is: loadFromDirectory(java.lang.String)
source statement: org.fixsuite.message.Library()V callee: VariableReference: Statement 0, type org.fixsuite.message.Libraryindex is: 0
Matched Method is: loadFromDirectory(Ljava/lang/String;)Z
TestCase is: Library library = new Library();
String string = "C:\\Users\\User\\Documents";
library.loadFromDirectory(string);

statement is: org.fixsuite.message.Library()V type is: class org.evosuite.testcase.statements.ConstructorStatement return type class org.fixsuite.message.Library
statement code is: Library library = new Library()
statement is: loadFromDirectory(Ljava/lang/String;)Z type is: class org.evosuite.testcase.statements.MethodStatement return type boolean
statement code is: boolean loadFromDirectory = library.loadFromDirectory("d:yOKtbNw")
test data is: Library library = new Library();
library.loadFromDirectory("d:yOKtbNw");

** It was a parseable test case! 
Improved test data is: class DummyClass {
    public static void main() {
        Library library = new Library();
        library.loadFromDirectory("d:\\path\\to\\books");
    }
}
statement is: Library library = new Library(), class spoon.support.reflect.code.CtLocalVariableImpl
class spoon.support.reflect.code.CtConstructorCallImpl
statement is: library.loadFromDirectory("d:\\path\\to\\books"), class spoon.support.reflect.code.CtInvocationImpl
invocation is: library.loadFromDirectory("d:\\path\\to\\books") target is: library method is: loadFromDirectory(java.lang.String)
source statement: org.fixsuite.message.Library()V callee: VariableReference: Statement 0, type org.fixsuite.message.Libraryindex is: 0
Matched Method is: loadFromDirectory(Ljava/lang/String;)Z
TestCase is: Library library = new Library();
String string = "d:\\path\\to\\books";
library.loadFromDirectory(string);

statement is: org.fixsuite.message.Library()V type is: class org.evosuite.testcase.statements.ConstructorStatement return type class org.fixsuite.message.Library
statement code is: Library library = new Library()
statement is: loadFromDirectory(Ljava/lang/String;)Z type is: class org.evosuite.testcase.statements.MethodStatement return type boolean
statement code is: boolean loadFromDirectory = library.loadFromDirectory("")
test data is: Library library = new Library();
library.loadFromDirectory("");

** It was a parseable test case! 
Improved test data is: class DummyClass {
    public static void main() {
        // Improved test data
        Library library = new Library();
        library.loadFromDirectory("C:\\Path\\To\\Books");// Improved: more descriptive directory path }}

    }
}
statement is: // Improved test data
Library library = new Library(), class spoon.support.reflect.code.CtLocalVariableImpl
class spoon.support.reflect.code.CtConstructorCallImpl
statement is: library.loadFromDirectory("C:\\Path\\To\\Books")// Improved: more descriptive directory path }}
, class spoon.support.reflect.code.CtInvocationImpl
invocation is: library.loadFromDirectory("C:\\Path\\To\\Books")// Improved: more descriptive directory path }}
 target is: library method is: loadFromDirectory(java.lang.String)
source statement: org.fixsuite.message.Library()V callee: VariableReference: Statement 0, type org.fixsuite.message.Libraryindex is: 0
Matched Method is: loadFromDirectory(Ljava/lang/String;)Z
TestCase is: Library library = new Library();
String string = "C:\\Path\\To\\Books";
library.loadFromDirectory(string);

* test suite isTestSuite: 10
Test 0: 
Library library = new Library();
library.getDictionaries();
Test 1: 
Library library = new Library();
library.getDictionary("org.fixsuite.message.info.ComponentInfo");
Test 2: 
Library library = new Library();
library.loadFromDirectory("/");
Test 3: 
Library library = new Library();
library.loadFromDirectory("d:yOKtbNw");
Test 4: 
Library library = new Library();
library.loadFromDirectory("");
Test 5: 
Library library = new Library();
library.getDictionaries();

Test 6: 
Library library = new Library();
library.getDictionary("org.fixsuite.message.info.ComponentInfo");

Test 7: 
Library library = new Library();
library.loadFromDirectory("C:UsersUserDocuments");

Test 8: 
Library library = new Library();
library.loadFromDirectory("d:path\to\books");

Test 9: 
Library library = new Library();
library.loadFromDirectory("C:PathToBooks");


* Generated after the refinement and before minimization 10 tests with total length 20
* test suite isTestSuite: 10
Test 0: 
Library library = new Library();
library.getDictionaries();
Test 1: 
Library library = new Library();
library.getDictionary("org.fixsuite.message.info.ComponentInfo");
Test 2: 
Library library = new Library();
library.loadFromDirectory("/");
Test 3: 
Library library = new Library();
library.loadFromDirectory("d:yOKtbNw");
Test 4: 
Library library = new Library();
library.loadFromDirectory("");
Test 5: 
Library library = new Library();
library.getDictionaries();

Test 6: 
Library library = new Library();
library.getDictionary("org.fixsuite.message.info.ComponentInfo");

Test 7: 
Library library = new Library();
library.loadFromDirectory("C:UsersUserDocuments");

Test 8: 
Library library = new Library();
library.loadFromDirectory("d:path\to\books");

Test 9: 
Library library = new Library();
library.loadFromDirectory("C:PathToBooks");


* Minimizing test suite
* test suite isTestSuite: 5
Test 0: 
Library library = new Library();
library.getDictionaries();
Test 1: 
Library library = new Library();
library.getDictionary("org.fixsuite.message.info.ComponentInfo");
Test 2: 
Library library = new Library();
library.loadFromDirectory("C:PathToBooks");
Test 3: 
Library library = new Library();
library.loadFromDirectory("");
Test 4: 
Library library = new Library();
library.loadFromDirectory("/");

* Going to analyze the coverage criteria
* Coverage analysis for criterion BRANCH
* Coverage of criterion BRANCH: 66%
* Total number of goals: 35
* Number of covered goals: 23
* Coverage analysis for criterion LINE
* Coverage of criterion LINE: 80%
* Total number of goals: 51
* Number of covered goals: 41
* Coverage analysis for criterion OUTPUT
* Coverage of criterion OUTPUT: 45%
* Total number of goals: 11
* Number of covered goals: 5
* Coverage analysis for criterion METHOD
* Coverage of criterion METHOD: 100%
* Total number of goals: 4
* Number of covered goals: 4
* Coverage analysis for criterion CBRANCH
* Coverage of criterion CBRANCH: 66%
* Total number of goals: 35
* Number of covered goals: 23
* Generated 5 tests with total length 10
* Resulting test suite's coverage: 71% (average coverage for all fitness functions)
* Generating assertions
* Resulting test suite's mutation score: 25%
* Compiling and checking tests
Going to execute: removeTestsThatDoNotCompile
* Compiling Tests
** Write a test suite: 0 called: 0 to improve: false
* Compiling Tests
** Write a test suite: 0 called: 0 to improve: true
** Improve Understandability: ** Test Code is: Library library = new Library();
List<DictionaryInfo> dictionaries = library.getDictionaries();
assertEquals(0, dictionaries.size());


** It was a parseable test case! 
refined test name is: testGetDictionariesNoDictionaries
* Compiling Tests
** Write a test suite: 0 called: 0 to improve: false
* Compiling Tests
** Write a test suite: 0 called: 0 to improve: true
** Improve Understandability: ** Test Code is: Library library = new Library();
DictionaryInfo dictionary = library.getDictionary("org.fixsuite.message.info.ComponentInfo");
assertNull(dictionary);


** It was a parseable test case! 
refined test name is: testGetDictionaryWhenNotLoadedReturnsNull
* Compiling Tests
** Write a test suite: 0 called: 0 to improve: false
* Compiling Tests
** Write a test suite: 0 called: 0 to improve: true
** Improve Understandability: ** Test Code is: Library library = new Library();
boolean loadFromDirectory = library.loadFromDirectory("C:PathToBooks");
assertFalse(loadFromDirectory);


** It was a parseable test case! 
refined test name is: testLoadFromDirectoryNoBooksLoaded
* Compiling Tests
** Write a test suite: 0 called: 0 to improve: false
* Compiling Tests
** Write a test suite: 0 called: 0 to improve: true
** Improve Understandability: ** Test Code is: Library library = new Library();
boolean loadFromDirectory = library.loadFromDirectory("");
assertFalse(loadFromDirectory);


** It was a parseable test case! 
refined test name is: testLoadFromDirectoryEmptyDirectoryReturnsFalse
* Compiling Tests
** Write a test suite: 0 called: 0 to improve: false
* Compiling Tests
** Write a test suite: 0 called: 0 to improve: true
** Improve Understandability: ** Test Code is: Library library = new Library();
boolean loadFromDirectory = library.loadFromDirectory("/");
assertTrue(loadFromDirectory);


** It was a parseable test case! 
refined test name is: testLibraryLoadFromDirectory
Going to execute: handleTestsThatAreUnstable
* Compiling Tests
[MASTER] 21:07:21.957 [logback-1] WARN  AgentLoader - Failed to find EvoSuite jar in current classloader. URLs of classloader:
file:/root/.sdkman/candidates/java/8.0.333.fx-librca/jre/../lib/tools.jar
file:/root/.sdkman/candidates/java/8.0.333.fx-librca/jre/lib/ext/cldrdata.jar
file:/root/.sdkman/candidates/java/8.0.333.fx-librca/jre/lib/ext/sunec.jar
file:/root/.sdkman/candidates/java/8.0.333.fx-librca/jre/lib/ext/localedata.jar
file:/root/.sdkman/candidates/java/8.0.333.fx-librca/jre/lib/ext/jaccess.jar
file:/root/.sdkman/candidates/java/8.0.333.fx-librca/jre/lib/ext/dnsns.jar
file:/root/.sdkman/candidates/java/8.0.333.fx-librca/jre/lib/ext/sunpkcs11.jar
file:/tmp/EvoSuite_pathingJar5408400085060919120.jar
file:/root/.sdkman/candidates/java/8.0.333.fx-librca/jre/lib/ext/zipfs.jar
file:/root/.sdkman/candidates/java/8.0.333.fx-librca/jre/lib/ext/jfxrt.jar
file:/root/.sdkman/candidates/java/8.0.333.fx-librca/jre/lib/ext/sunjce_provider.jar
file:/root/.sdkman/candidates/java/8.0.333.fx-librca/jre/lib/ext/nashorn.jar
[MASTER] 21:07:21.982 [logback-1] WARN  JUnitAnalyzer - Found unstable test named initializationError -> class java.lang.RuntimeException: Cannot find either the compilation target folder nor the EvoSuite jar in classpath: /tmp/EvoSuite_pathingJar5408400085060919120.jar
Going to execute: handleTestsThatAreUnstable
* Compiling Tests
[MASTER] 21:07:22.054 [logback-1] WARN  AgentLoader - Failed to find EvoSuite jar in current classloader. URLs of classloader:
file:/root/.sdkman/candidates/java/8.0.333.fx-librca/jre/../lib/tools.jar
file:/root/.sdkman/candidates/java/8.0.333.fx-librca/jre/lib/ext/cldrdata.jar
file:/root/.sdkman/candidates/java/8.0.333.fx-librca/jre/lib/ext/sunec.jar
file:/root/.sdkman/candidates/java/8.0.333.fx-librca/jre/lib/ext/localedata.jar
file:/root/.sdkman/candidates/java/8.0.333.fx-librca/jre/lib/ext/jaccess.jar
file:/root/.sdkman/candidates/java/8.0.333.fx-librca/jre/lib/ext/dnsns.jar
file:/root/.sdkman/candidates/java/8.0.333.fx-librca/jre/lib/ext/sunpkcs11.jar
file:/tmp/EvoSuite_pathingJar5408400085060919120.jar
file:/root/.sdkman/candidates/java/8.0.333.fx-librca/jre/lib/ext/zipfs.jar
file:/root/.sdkman/candidates/java/8.0.333.fx-librca/jre/lib/ext/jfxrt.jar
file:/root/.sdkman/candidates/java/8.0.333.fx-librca/jre/lib/ext/sunjce_provider.jar
file:/root/.sdkman/candidates/java/8.0.333.fx-librca/jre/lib/ext/nashorn.jar
Going to execute: handleTestsThatAreUnstable
* Compiling Tests
[MASTER] 21:07:22.056 [logback-1] WARN  JUnitAnalyzer - Found unstable test named initializationError -> class java.lang.RuntimeException: Cannot find either the compilation target folder nor the EvoSuite jar in classpath: /tmp/EvoSuite_pathingJar5408400085060919120.jar
[MASTER] 21:07:22.777 [logback-1] WARN  AgentLoader - Failed to find EvoSuite jar in current classloader. URLs of classloader:
file:/root/.sdkman/candidates/java/8.0.333.fx-librca/jre/../lib/tools.jar
file:/root/.sdkman/candidates/java/8.0.333.fx-librca/jre/lib/ext/cldrdata.jar
file:/root/.sdkman/candidates/java/8.0.333.fx-librca/jre/lib/ext/sunec.jar
file:/root/.sdkman/candidates/java/8.0.333.fx-librca/jre/lib/ext/localedata.jar
file:/root/.sdkman/candidates/java/8.0.333.fx-librca/jre/lib/ext/jaccess.jar
file:/root/.sdkman/candidates/java/8.0.333.fx-librca/jre/lib/ext/dnsns.jar
file:/root/.sdkman/candidates/java/8.0.333.fx-librca/jre/lib/ext/sunpkcs11.jar
file:/tmp/EvoSuite_pathingJar5408400085060919120.jar
file:/root/.sdkman/candidates/java/8.0.333.fx-librca/jre/lib/ext/zipfs.jar
file:/root/.sdkman/candidates/java/8.0.333.fx-librca/jre/lib/ext/jfxrt.jar
file:/root/.sdkman/candidates/java/8.0.333.fx-librca/jre/lib/ext/sunjce_provider.jar
file:/root/.sdkman/candidates/java/8.0.333.fx-librca/jre/lib/ext/nashorn.jar
[MASTER] 21:07:22.778 [logback-1] WARN  JUnitAnalyzer - Found unstable test named initializationError -> class java.lang.RuntimeException: Cannot find either the compilation target folder nor the EvoSuite jar in classpath: /tmp/EvoSuite_pathingJar5408400085060919120.jar
Going to execute: handleTestsThatAreUnstable
* Compiling Tests
Going to execute: handleTestsThatAreUnstable
* Compiling Tests
[MASTER] 21:07:23.351 [logback-1] WARN  AgentLoader - Failed to find EvoSuite jar in current classloader. URLs of classloader:
file:/root/.sdkman/candidates/java/8.0.333.fx-librca/jre/../lib/tools.jar
file:/root/.sdkman/candidates/java/8.0.333.fx-librca/jre/lib/ext/cldrdata.jar
file:/root/.sdkman/candidates/java/8.0.333.fx-librca/jre/lib/ext/sunec.jar
file:/root/.sdkman/candidates/java/8.0.333.fx-librca/jre/lib/ext/localedata.jar
file:/root/.sdkman/candidates/java/8.0.333.fx-librca/jre/lib/ext/jaccess.jar
file:/root/.sdkman/candidates/java/8.0.333.fx-librca/jre/lib/ext/dnsns.jar
file:/root/.sdkman/candidates/java/8.0.333.fx-librca/jre/lib/ext/sunpkcs11.jar
file:/tmp/EvoSuite_pathingJar5408400085060919120.jar
file:/root/.sdkman/candidates/java/8.0.333.fx-librca/jre/lib/ext/zipfs.jar
file:/root/.sdkman/candidates/java/8.0.333.fx-librca/jre/lib/ext/jfxrt.jar
file:/root/.sdkman/candidates/java/8.0.333.fx-librca/jre/lib/ext/sunjce_provider.jar
file:/root/.sdkman/candidates/java/8.0.333.fx-librca/jre/lib/ext/nashorn.jar
[MASTER] 21:07:23.352 [logback-1] WARN  JUnitAnalyzer - Found unstable test named initializationError -> class java.lang.RuntimeException: Cannot find either the compilation target folder nor the EvoSuite jar in classpath: /tmp/EvoSuite_pathingJar5408400085060919120.jar
[MASTER] 21:07:23.876 [logback-1] WARN  AgentLoader - Failed to find EvoSuite jar in current classloader. URLs of classloader:
file:/root/.sdkman/candidates/java/8.0.333.fx-librca/jre/../lib/tools.jar
file:/root/.sdkman/candidates/java/8.0.333.fx-librca/jre/lib/ext/cldrdata.jar
file:/root/.sdkman/candidates/java/8.0.333.fx-librca/jre/lib/ext/sunec.jar
file:/root/.sdkman/candidates/java/8.0.333.fx-librca/jre/lib/ext/localedata.jar
file:/root/.sdkman/candidates/java/8.0.333.fx-librca/jre/lib/ext/jaccess.jar
file:/root/.sdkman/candidates/java/8.0.333.fx-librca/jre/lib/ext/dnsns.jar
file:/root/.sdkman/candidates/java/8.0.333.fx-librca/jre/lib/ext/sunpkcs11.jar
file:/tmp/EvoSuite_pathingJar5408400085060919120.jar
file:/root/.sdkman/candidates/java/8.0.333.fx-librca/jre/lib/ext/zipfs.jar
file:/root/.sdkman/candidates/java/8.0.333.fx-librca/jre/lib/ext/jfxrt.jar
file:/root/.sdkman/candidates/java/8.0.333.fx-librca/jre/lib/ext/sunjce_provider.jar
file:/root/.sdkman/candidates/java/8.0.333.fx-librca/jre/lib/ext/nashorn.jar
[MASTER] 21:07:23.877 [logback-1] WARN  JUnitAnalyzer - Found unstable test named initializationError -> class java.lang.RuntimeException: Cannot find either the compilation target folder nor the EvoSuite jar in classpath: /tmp/EvoSuite_pathingJar5408400085060919120.jar
Going to execute: handleTestsThatAreUnstable
* Compiling Tests
[MASTER] 21:07:25.169 [logback-1] WARN  AgentLoader - Failed to find EvoSuite jar in current classloader. URLs of classloader:
file:/root/.sdkman/candidates/java/8.0.333.fx-librca/jre/../lib/tools.jar
file:/root/.sdkman/candidates/java/8.0.333.fx-librca/jre/lib/ext/cldrdata.jar
file:/root/.sdkman/candidates/java/8.0.333.fx-librca/jre/lib/ext/sunec.jar
file:/root/.sdkman/candidates/java/8.0.333.fx-librca/jre/lib/ext/localedata.jar
file:/root/.sdkman/candidates/java/8.0.333.fx-librca/jre/lib/ext/jaccess.jar
file:/root/.sdkman/candidates/java/8.0.333.fx-librca/jre/lib/ext/dnsns.jar
file:/root/.sdkman/candidates/java/8.0.333.fx-librca/jre/lib/ext/sunpkcs11.jar
file:/tmp/EvoSuite_pathingJar5408400085060919120.jar
file:/root/.sdkman/candidates/java/8.0.333.fx-librca/jre/lib/ext/zipfs.jar
file:/root/.sdkman/candidates/java/8.0.333.fx-librca/jre/lib/ext/jfxrt.jar
file:/root/.sdkman/candidates/java/8.0.333.fx-librca/jre/lib/ext/sunjce_provider.jar
file:/root/.sdkman/candidates/java/8.0.333.fx-librca/jre/lib/ext/nashorn.jar
[MASTER] 21:07:25.170 [logback-1] WARN  JUnitAnalyzer - Found unstable test named initializationError -> class java.lang.RuntimeException: Cannot find either the compilation target folder nor the EvoSuite jar in classpath: /tmp/EvoSuite_pathingJar5408400085060919120.jar
Going to execute: handleTestsThatAreUnstable
* Compiling Tests
[MASTER] 21:07:26.621 [logback-1] WARN  AgentLoader - Failed to find EvoSuite jar in current classloader. URLs of classloader:
file:/root/.sdkman/candidates/java/8.0.333.fx-librca/jre/../lib/tools.jar
file:/root/.sdkman/candidates/java/8.0.333.fx-librca/jre/lib/ext/cldrdata.jar
file:/root/.sdkman/candidates/java/8.0.333.fx-librca/jre/lib/ext/sunec.jar
file:/root/.sdkman/candidates/java/8.0.333.fx-librca/jre/lib/ext/localedata.jar
file:/root/.sdkman/candidates/java/8.0.333.fx-librca/jre/lib/ext/jaccess.jar
file:/root/.sdkman/candidates/java/8.0.333.fx-librca/jre/lib/ext/dnsns.jar
file:/root/.sdkman/candidates/java/8.0.333.fx-librca/jre/lib/ext/sunpkcs11.jar
file:/tmp/EvoSuite_pathingJar5408400085060919120.jar
file:/root/.sdkman/candidates/java/8.0.333.fx-librca/jre/lib/ext/zipfs.jar
file:/root/.sdkman/candidates/java/8.0.333.fx-librca/jre/lib/ext/jfxrt.jar
file:/root/.sdkman/candidates/java/8.0.333.fx-librca/jre/lib/ext/sunjce_provider.jar
file:/root/.sdkman/candidates/java/8.0.333.fx-librca/jre/lib/ext/nashorn.jar
[MASTER] 21:07:26.622 [logback-1] WARN  JUnitAnalyzer - Found unstable test named initializationError -> class java.lang.RuntimeException: Cannot find either the compilation target folder nor the EvoSuite jar in classpath: /tmp/EvoSuite_pathingJar5408400085060919120.jar
[MASTER] 21:07:29.070 [logback-1] WARN  TimeController - Already entered in phase: INLINING. This will mess up the timing calculations.
* test suite isTestSuite: 5
Test 0: 
Library library = new Library();
library.getDictionaries();
Test 1: 
Library library = new Library();
library.getDictionary("org.fixsuite.message.info.ComponentInfo");
Test 2: 
Library library = new Library();
library.loadFromDirectory("/");
Test 3: 
Library library = new Library();
library.loadFromDirectory("d:yOKtbNw");
Test 4: 
Library library = new Library();
library.loadFromDirectory("");

* Minimizing test suite
* test suite isTestSuite: 5
Test 0: 
Library library = new Library();
library.getDictionaries();
Test 1: 
Library library = new Library();
library.getDictionary("org.fixsuite.message.info.ComponentInfo");
Test 2: 
Library library = new Library();
library.loadFromDirectory("");
Test 3: 
Library library = new Library();
library.loadFromDirectory("d:yOKtbNw");
Test 4: 
Library library = new Library();
library.loadFromDirectory("/");

[MASTER] 21:08:44.096 [logback-1] WARN  TimeController - Already entered in phase: MINIMIZATION. This will mess up the timing calculations.
* Going to analyze the coverage criteria
* Coverage analysis for criterion BRANCH
* Coverage of criterion BRANCH: 66%
* Total number of goals: 35
* Number of covered goals: 23
* Coverage analysis for criterion LINE
* Coverage of criterion LINE: 80%
* Total number of goals: 51
* Number of covered goals: 41
* Coverage analysis for criterion OUTPUT
* Coverage of criterion OUTPUT: 45%
* Total number of goals: 11
* Number of covered goals: 5
* Coverage analysis for criterion METHOD
* Coverage of criterion METHOD: 100%
* Total number of goals: 4
* Number of covered goals: 4
* Coverage analysis for criterion CBRANCH
* Coverage of criterion CBRANCH: 66%
* Total number of goals: 35
* Number of covered goals: 23
* Generated 5 tests with total length 10
* Resulting test suite's coverage: 71% (average coverage for all fitness functions)
* Generating assertions
[MASTER] 21:08:44.117 [logback-1] WARN  TimeController - Already entered in phase: COVERAGE_ANALYSIS. This will mess up the timing calculations.
* Resulting test suite's mutation score: 25%
* Compiling and checking tests
[MASTER] 21:08:59.541 [logback-1] WARN  TimeController - Already entered in phase: ASSERTION_GENERATION. This will mess up the timing calculations.
Going to execute: removeTestsThatDoNotCompile
* Compiling Tests
** Write a test suite: 0 called: 0 to improve: false
* Compiling Tests
** Write a test suite: 0 called: 0 to improve: false
* Compiling Tests
** Write a test suite: 0 called: 0 to improve: false
* Compiling Tests
** Write a test suite: 0 called: 0 to improve: false
* Compiling Tests
** Write a test suite: 0 called: 0 to improve: false
Going to execute: handleTestsThatAreUnstable
* Compiling Tests
** Write a test suite: 0 called: 0 to improve: false
[MASTER] 21:09:01.125 [logback-1] WARN  AgentLoader - Failed to find EvoSuite jar in current classloader. URLs of classloader:
file:/root/.sdkman/candidates/java/8.0.333.fx-librca/jre/../lib/tools.jar
file:/root/.sdkman/candidates/java/8.0.333.fx-librca/jre/lib/ext/cldrdata.jar
file:/root/.sdkman/candidates/java/8.0.333.fx-librca/jre/lib/ext/sunec.jar
file:/root/.sdkman/candidates/java/8.0.333.fx-librca/jre/lib/ext/localedata.jar
file:/root/.sdkman/candidates/java/8.0.333.fx-librca/jre/lib/ext/jaccess.jar
file:/root/.sdkman/candidates/java/8.0.333.fx-librca/jre/lib/ext/dnsns.jar
file:/root/.sdkman/candidates/java/8.0.333.fx-librca/jre/lib/ext/sunpkcs11.jar
file:/tmp/EvoSuite_pathingJar5408400085060919120.jar
file:/root/.sdkman/candidates/java/8.0.333.fx-librca/jre/lib/ext/zipfs.jar
file:/root/.sdkman/candidates/java/8.0.333.fx-librca/jre/lib/ext/jfxrt.jar
file:/root/.sdkman/candidates/java/8.0.333.fx-librca/jre/lib/ext/sunjce_provider.jar
file:/root/.sdkman/candidates/java/8.0.333.fx-librca/jre/lib/ext/nashorn.jar
[MASTER] 21:09:01.126 [logback-1] WARN  JUnitAnalyzer - Found unstable test named initializationError -> class java.lang.RuntimeException: Cannot find either the compilation target folder nor the EvoSuite jar in classpath: /tmp/EvoSuite_pathingJar5408400085060919120.jar
Going to execute: handleTestsThatAreUnstable
* Compiling Tests
** Write a test suite: 0 called: 0 to improve: false
[MASTER] 21:09:01.177 [logback-1] WARN  AgentLoader - Failed to find EvoSuite jar in current classloader. URLs of classloader:
file:/root/.sdkman/candidates/java/8.0.333.fx-librca/jre/../lib/tools.jar
file:/root/.sdkman/candidates/java/8.0.333.fx-librca/jre/lib/ext/cldrdata.jar
file:/root/.sdkman/candidates/java/8.0.333.fx-librca/jre/lib/ext/sunec.jar
file:/root/.sdkman/candidates/java/8.0.333.fx-librca/jre/lib/ext/localedata.jar
file:/root/.sdkman/candidates/java/8.0.333.fx-librca/jre/lib/ext/jaccess.jar
file:/root/.sdkman/candidates/java/8.0.333.fx-librca/jre/lib/ext/dnsns.jar
file:/root/.sdkman/candidates/java/8.0.333.fx-librca/jre/lib/ext/sunpkcs11.jar
file:/tmp/EvoSuite_pathingJar5408400085060919120.jar
file:/root/.sdkman/candidates/java/8.0.333.fx-librca/jre/lib/ext/zipfs.jar
file:/root/.sdkman/candidates/java/8.0.333.fx-librca/jre/lib/ext/jfxrt.jar
file:/root/.sdkman/candidates/java/8.0.333.fx-librca/jre/lib/ext/sunjce_provider.jar
file:/root/.sdkman/candidates/java/8.0.333.fx-librca/jre/lib/ext/nashorn.jar
[MASTER] 21:09:01.179 [logback-1] WARN  JUnitAnalyzer - Found unstable test named initializationError -> class java.lang.RuntimeException: Cannot find either the compilation target folder nor the EvoSuite jar in classpath: /tmp/EvoSuite_pathingJar5408400085060919120.jar
Going to execute: handleTestsThatAreUnstable
* Compiling Tests
** Write a test suite: 0 called: 0 to improve: false
[MASTER] 21:09:01.717 [logback-1] WARN  AgentLoader - Failed to find EvoSuite jar in current classloader. URLs of classloader:
file:/root/.sdkman/candidates/java/8.0.333.fx-librca/jre/../lib/tools.jar
file:/root/.sdkman/candidates/java/8.0.333.fx-librca/jre/lib/ext/cldrdata.jar
file:/root/.sdkman/candidates/java/8.0.333.fx-librca/jre/lib/ext/sunec.jar
file:/root/.sdkman/candidates/java/8.0.333.fx-librca/jre/lib/ext/localedata.jar
file:/root/.sdkman/candidates/java/8.0.333.fx-librca/jre/lib/ext/jaccess.jar
file:/root/.sdkman/candidates/java/8.0.333.fx-librca/jre/lib/ext/dnsns.jar
file:/root/.sdkman/candidates/java/8.0.333.fx-librca/jre/lib/ext/sunpkcs11.jar
file:/tmp/EvoSuite_pathingJar5408400085060919120.jar
file:/root/.sdkman/candidates/java/8.0.333.fx-librca/jre/lib/ext/zipfs.jar
file:/root/.sdkman/candidates/java/8.0.333.fx-librca/jre/lib/ext/jfxrt.jar
file:/root/.sdkman/candidates/java/8.0.333.fx-librca/jre/lib/ext/sunjce_provider.jar
file:/root/.sdkman/candidates/java/8.0.333.fx-librca/jre/lib/ext/nashorn.jar
[MASTER] 21:09:01.718 [logback-1] WARN  JUnitAnalyzer - Found unstable test named initializationError -> class java.lang.RuntimeException: Cannot find either the compilation target folder nor the EvoSuite jar in classpath: /tmp/EvoSuite_pathingJar5408400085060919120.jar
Going to execute: handleTestsThatAreUnstable
* Compiling Tests
** Write a test suite: 0 called: 0 to improve: false
[MASTER] 21:09:02.235 [logback-1] WARN  AgentLoader - Failed to find EvoSuite jar in current classloader. URLs of classloader:
file:/root/.sdkman/candidates/java/8.0.333.fx-librca/jre/../lib/tools.jar
file:/root/.sdkman/candidates/java/8.0.333.fx-librca/jre/lib/ext/cldrdata.jar
file:/root/.sdkman/candidates/java/8.0.333.fx-librca/jre/lib/ext/sunec.jar
file:/root/.sdkman/candidates/java/8.0.333.fx-librca/jre/lib/ext/localedata.jar
file:/root/.sdkman/candidates/java/8.0.333.fx-librca/jre/lib/ext/jaccess.jar
file:/root/.sdkman/candidates/java/8.0.333.fx-librca/jre/lib/ext/dnsns.jar
file:/root/.sdkman/candidates/java/8.0.333.fx-librca/jre/lib/ext/sunpkcs11.jar
file:/tmp/EvoSuite_pathingJar5408400085060919120.jar
file:/root/.sdkman/candidates/java/8.0.333.fx-librca/jre/lib/ext/zipfs.jar
file:/root/.sdkman/candidates/java/8.0.333.fx-librca/jre/lib/ext/jfxrt.jar
file:/root/.sdkman/candidates/java/8.0.333.fx-librca/jre/lib/ext/sunjce_provider.jar
file:/root/.sdkman/candidates/java/8.0.333.fx-librca/jre/lib/ext/nashorn.jar
[MASTER] 21:09:02.236 [logback-1] WARN  JUnitAnalyzer - Found unstable test named initializationError -> class java.lang.RuntimeException: Cannot find either the compilation target folder nor the EvoSuite jar in classpath: /tmp/EvoSuite_pathingJar5408400085060919120.jar
Going to execute: handleTestsThatAreUnstable
* Compiling Tests
** Write a test suite: 0 called: 0 to improve: false
Going to execute: handleTestsThatAreUnstable
[MASTER] 21:09:02.716 [logback-1] WARN  AgentLoader - Failed to find EvoSuite jar in current classloader. URLs of classloader:
file:/root/.sdkman/candidates/java/8.0.333.fx-librca/jre/../lib/tools.jar
file:/root/.sdkman/candidates/java/8.0.333.fx-librca/jre/lib/ext/cldrdata.jar
file:/root/.sdkman/candidates/java/8.0.333.fx-librca/jre/lib/ext/sunec.jar
file:/root/.sdkman/candidates/java/8.0.333.fx-librca/jre/lib/ext/localedata.jar
file:/root/.sdkman/candidates/java/8.0.333.fx-librca/jre/lib/ext/jaccess.jar
file:/root/.sdkman/candidates/java/8.0.333.fx-librca/jre/lib/ext/dnsns.jar
file:/root/.sdkman/candidates/java/8.0.333.fx-librca/jre/lib/ext/sunpkcs11.jar
file:/tmp/EvoSuite_pathingJar5408400085060919120.jar
file:/root/.sdkman/candidates/java/8.0.333.fx-librca/jre/lib/ext/zipfs.jar
file:/root/.sdkman/candidates/java/8.0.333.fx-librca/jre/lib/ext/jfxrt.jar
file:/root/.sdkman/candidates/java/8.0.333.fx-librca/jre/lib/ext/sunjce_provider.jar
file:/root/.sdkman/candidates/java/8.0.333.fx-librca/jre/lib/ext/nashorn.jar
[MASTER] 21:09:02.717 [logback-1] WARN  JUnitAnalyzer - Found unstable test named initializationError -> class java.lang.RuntimeException: Cannot find either the compilation target folder nor the EvoSuite jar in classpath: /tmp/EvoSuite_pathingJar5408400085060919120.jar
* Compiling Tests
** Write a test suite: 0 called: 0 to improve: false
** Write a test suite: 1 called: 1 to improve: false
** Write a test suite: 2 called: 2 to improve: false
** Write a test suite: 3 called: 3 to improve: false
** Write a test suite: 4 called: 4 to improve: false
[MASTER] 21:09:04.101 [logback-1] WARN  AgentLoader - Failed to find EvoSuite jar in current classloader. URLs of classloader:
file:/root/.sdkman/candidates/java/8.0.333.fx-librca/jre/../lib/tools.jar
file:/root/.sdkman/candidates/java/8.0.333.fx-librca/jre/lib/ext/cldrdata.jar
file:/root/.sdkman/candidates/java/8.0.333.fx-librca/jre/lib/ext/sunec.jar
file:/root/.sdkman/candidates/java/8.0.333.fx-librca/jre/lib/ext/localedata.jar
file:/root/.sdkman/candidates/java/8.0.333.fx-librca/jre/lib/ext/jaccess.jar
file:/root/.sdkman/candidates/java/8.0.333.fx-librca/jre/lib/ext/dnsns.jar
file:/root/.sdkman/candidates/java/8.0.333.fx-librca/jre/lib/ext/sunpkcs11.jar
file:/tmp/EvoSuite_pathingJar5408400085060919120.jar
file:/root/.sdkman/candidates/java/8.0.333.fx-librca/jre/lib/ext/zipfs.jar
file:/root/.sdkman/candidates/java/8.0.333.fx-librca/jre/lib/ext/jfxrt.jar
file:/root/.sdkman/candidates/java/8.0.333.fx-librca/jre/lib/ext/sunjce_provider.jar
file:/root/.sdkman/candidates/java/8.0.333.fx-librca/jre/lib/ext/nashorn.jar
[MASTER] 21:09:04.102 [logback-1] WARN  JUnitAnalyzer - Found unstable test named initializationError -> class java.lang.RuntimeException: Cannot find either the compilation target folder nor the EvoSuite jar in classpath: /tmp/EvoSuite_pathingJar5408400085060919120.jar
Going to execute: handleTestsThatAreUnstable
* Compiling Tests
** Write a test suite: 0 called: 0 to improve: false
** Write a test suite: 1 called: 1 to improve: false
** Write a test suite: 2 called: 2 to improve: false
** Write a test suite: 3 called: 3 to improve: false
** Write a test suite: 4 called: 4 to improve: false
[MASTER] 21:09:05.485 [logback-1] WARN  AgentLoader - Failed to find EvoSuite jar in current classloader. URLs of classloader:
file:/root/.sdkman/candidates/java/8.0.333.fx-librca/jre/../lib/tools.jar
file:/root/.sdkman/candidates/java/8.0.333.fx-librca/jre/lib/ext/cldrdata.jar
file:/root/.sdkman/candidates/java/8.0.333.fx-librca/jre/lib/ext/sunec.jar
file:/root/.sdkman/candidates/java/8.0.333.fx-librca/jre/lib/ext/localedata.jar
file:/root/.sdkman/candidates/java/8.0.333.fx-librca/jre/lib/ext/jaccess.jar
file:/root/.sdkman/candidates/java/8.0.333.fx-librca/jre/lib/ext/dnsns.jar
file:/root/.sdkman/candidates/java/8.0.333.fx-librca/jre/lib/ext/sunpkcs11.jar
file:/tmp/EvoSuite_pathingJar5408400085060919120.jar
file:/root/.sdkman/candidates/java/8.0.333.fx-librca/jre/lib/ext/zipfs.jar
file:/root/.sdkman/candidates/java/8.0.333.fx-librca/jre/lib/ext/jfxrt.jar
file:/root/.sdkman/candidates/java/8.0.333.fx-librca/jre/lib/ext/sunjce_provider.jar
file:/root/.sdkman/candidates/java/8.0.333.fx-librca/jre/lib/ext/nashorn.jar
[MASTER] 21:09:05.486 [logback-1] WARN  JUnitAnalyzer - Found unstable test named initializationError -> class java.lang.RuntimeException: Cannot find either the compilation target folder nor the EvoSuite jar in classpath: /tmp/EvoSuite_pathingJar5408400085060919120.jar
* Writing tests to file
[MASTER] 21:09:05.488 [logback-1] WARN  TimeController - Already entered in phase: JUNIT_CHECK. This will mess up the timing calculations.
* Writing JUnit test case 'Library_ESTest' to evosuite-tests
* Writing JUnit test case 'Library_Original_ESTest' to evosuite-tests
** Write a test suite: 0 called: 0 to improve: false
** Write a test suite: 1 called: 1 to improve: false
** Write a test suite: 2 called: 2 to improve: false
** Write a test suite: 3 called: 3 to improve: false
** Write a test suite: 4 called: 4 to improve: false
* Done!

* Computation finished
