* EvoSuite 1.0.0-SNAPSHOT
* Going to generate test cases for class: org.fixsuite.message.Library
* Starting Client-0
* Properties loaded from /home/roham/Results-Utestgen/dataset/SF110-new-res/74_fixsuite/evosuite-files/evosuite.properties
* Connecting to master process on port 14098
* Analyzing classpath: 
* Inheritance tree loaded from evosuite-files/inheritance.xml.gz
* Finished analyzing classpath
* Generating tests for class org.fixsuite.message.Library
* Test criteria:
  - Branch Coverage
  - Line Coverage
  - Method-Output Coverage
  - Top-Level Method Coverage
  - Context Branch Coverage
* Total number of test goals for DYNAMOSA: 136
* Using seed 1710263274146
[Progress:>                             0%] [Cov:>                                  0%]* Starting evolution
* Initial Number of Goals in DynaMOSA = 49 / 136
[Progress:====>                         14%] [Cov:===============>                   45%][Progress:========>                     27%] [Cov:===================>               55%][Progress:===========>                  38%] [Cov:===================>               55%][Progress:============>                 43%] [Cov:===================>               55%][Progress:==============>               47%] [Cov:======================>            63%][Progress:===============>              53%] [Cov:======================>            63%][Progress:=================>            57%] [Cov:======================>            63%][Progress:==================>           61%] [Cov:======================>            63%][Progress:===================>          64%] [Cov:======================>            63%][Progress:====================>         67%] [Cov:======================>            63%][Progress:=====================>        70%] [Cov:======================>            63%][Progress:=====================>        73%] [Cov:======================>            63%][Progress:======================>       76%] [Cov:======================>            63%][Progress:=======================>      79%] [Cov:======================>            63%][Progress:========================>     83%] [Cov:======================>            63%][Progress:=========================>    85%] [Cov:======================>            63%][Progress:==========================>   89%] [Cov:======================>            63%][Progress:===========================>  91%] [Cov:======================>            63%][Progress:============================> 94%] [Cov:======================>            63%][Progress:============================> 96%] [Cov:======================>            63%][Progress:=============================>99%] [Cov:======================>            63%][Progress:==============================100%] [Cov:======================>            63%]
* Search finished after 203s and 21 generations, 9209 statements, best individual has fitness: 55.0
* Generated before the refinement 6 tests with total length 16
statement is: org.fixsuite.message.Library()V type is: class org.evosuite.testcase.statements.ConstructorStatement return type class org.fixsuite.message.Library
statement code is: Library library = new Library()
statement is: getDictionaries()Ljava/util/List; type is: class org.evosuite.testcase.statements.MethodStatement return type java.util.List<org.fixsuite.message.info.DictionaryInfo>
statement code is: List<DictionaryInfo> dictionaries = library.getDictionaries()
test data is: Library library = new Library();
library.getDictionaries();

** It was a parseable test case! 
Improved test data is: class DummyClass {
    public static void main() {
        Library library = new Library();
        library.getDictionaries("en");// using english language as an example }}

    }
}
statement is: Library library = new Library(), class spoon.support.reflect.code.CtLocalVariableImpl
class spoon.support.reflect.code.CtConstructorCallImpl
statement is: library.getDictionaries("en")// using english language as an example }}
, class spoon.support.reflect.code.CtInvocationImpl
invocation is: library.getDictionaries("en")// using english language as an example }}
 target is: library method is: getDictionaries(java.lang.String)
TestCase is: Library library = new Library();

statement is: org.fixsuite.message.Library()V type is: class org.evosuite.testcase.statements.ConstructorStatement return type class org.fixsuite.message.Library
statement code is: Library library = new Library()
statement is: getDictionary(Ljava/lang/String;)Lorg/fixsuite/message/info/DictionaryInfo; type is: class org.evosuite.testcase.statements.MethodStatement return type class org.fixsuite.message.info.DictionaryInfo
statement code is: DictionaryInfo dictionary = library.getDictionary("Supplied path is not a directory.")
test data is: Library library = new Library();
library.getDictionary("Supplied path is not a directory.");

** It was a parseable test case! 
Improved test data is: class DummyClass {
    public static void main() {
        Library library = new Library();
        library.getDictionary("The supplied path is not a valid directory.");
    }
}
statement is: Library library = new Library(), class spoon.support.reflect.code.CtLocalVariableImpl
class spoon.support.reflect.code.CtConstructorCallImpl
statement is: library.getDictionary("The supplied path is not a valid directory."), class spoon.support.reflect.code.CtInvocationImpl
invocation is: library.getDictionary("The supplied path is not a valid directory.") target is: library method is: getDictionary(java.lang.String)
source statement: org.fixsuite.message.Library()V callee: VariableReference: Statement 0, type org.fixsuite.message.Libraryindex is: 0
Matched Method is: getDictionary(Ljava/lang/String;)Lorg/fixsuite/message/info/DictionaryInfo;
TestCase is: Library library = new Library();
String string = "The supplied path is not a valid directory.";
library.getDictionary(string);

statement is: org.fixsuite.message.Library()V type is: class org.evosuite.testcase.statements.ConstructorStatement return type class org.fixsuite.message.Library
statement code is: Library library = new Library()
statement is: loadFromDirectory(Ljava/lang/String;)Z type is: class org.evosuite.testcase.statements.MethodStatement return type boolean
statement code is: boolean loadFromDirectory = library.loadFromDirectory("")
test data is: Library library = new Library();
library.loadFromDirectory("");

** It was a parseable test case! 
Improved test data is: class DummyClass {
    public static void main() {
        Library library = new Library();
        library.loadFromDirectory("C:\\Users\\John Doe\\Documents\\Books");
    }
}
statement is: Library library = new Library(), class spoon.support.reflect.code.CtLocalVariableImpl
class spoon.support.reflect.code.CtConstructorCallImpl
statement is: library.loadFromDirectory("C:\\Users\\John Doe\\Documents\\Books"), class spoon.support.reflect.code.CtInvocationImpl
invocation is: library.loadFromDirectory("C:\\Users\\John Doe\\Documents\\Books") target is: library method is: loadFromDirectory(java.lang.String)
source statement: org.fixsuite.message.Library()V callee: VariableReference: Statement 0, type org.fixsuite.message.Libraryindex is: 0
Matched Method is: loadFromDirectory(Ljava/lang/String;)Z
TestCase is: Library library = new Library();
String string = "C:\\Users\\John Doe\\Documents\\Books";
library.loadFromDirectory(string);

statement is: org.fixsuite.message.Library()V type is: class org.evosuite.testcase.statements.ConstructorStatement return type class org.fixsuite.message.Library
statement code is: Library library = new Library()
statement is: loadFromDirectory(Ljava/lang/String;)Z type is: class org.evosuite.testcase.statements.MethodStatement return type boolean
statement code is: boolean loadFromDirectory = library.loadFromDirectory("?")
test data is: Library library = new Library();
library.loadFromDirectory("?");

** It was a parseable test case! 
Improved test data is: class DummyClass {
    public static void main() {
        Library library = new Library();
        library.loadFromDirectory("/home/user/Documents/books");
    }
}
statement is: Library library = new Library(), class spoon.support.reflect.code.CtLocalVariableImpl
class spoon.support.reflect.code.CtConstructorCallImpl
statement is: library.loadFromDirectory("/home/user/Documents/books"), class spoon.support.reflect.code.CtInvocationImpl
invocation is: library.loadFromDirectory("/home/user/Documents/books") target is: library method is: loadFromDirectory(java.lang.String)
source statement: org.fixsuite.message.Library()V callee: VariableReference: Statement 0, type org.fixsuite.message.Libraryindex is: 0
Matched Method is: loadFromDirectory(Ljava/lang/String;)Z
TestCase is: Library library = new Library();
String string = "/home/user/Documents/books";
library.loadFromDirectory(string);

statement is: EvoSuiteFile evoSuiteFile = new EvoSuiteFile("org.fixsuite.message.parsers.fpl.MainParser") type is: class org.evosuite.testcase.statements.environment.FileNamePrimitiveStatement return type class org.evosuite.runtime.testdata.EvoSuiteFile
statement code is: EvoSuiteFile evoSuiteFile = new EvoSuiteFile("org.fixsuite.message.parsers.fpl.MainParser")
statement is: createFolder(Lorg/evosuite/runtime/testdata/EvoSuiteFile;)Z type is: class org.evosuite.testcase.statements.MethodStatement return type boolean
statement code is: boolean createFolder = FileSystemHandling.createFolder(arg0)
statement is: org.fixsuite.message.Library()V type is: class org.evosuite.testcase.statements.ConstructorStatement return type class org.fixsuite.message.Library
statement code is: Library library = new Library()
statement is: loadFromDirectory(Ljava/lang/String;)Z type is: class org.evosuite.testcase.statements.MethodStatement return type boolean
statement code is: boolean loadFromDirectory = library.loadFromDirectory("")
test data is: EvoSuiteFile evoSuiteFile = new EvoSuiteFile("org.fixsuite.message.parsers.fpl.MainParser");
FileSystemHandling.createFolder(evoSuiteFile);
Library library = new Library();
library.loadFromDirectory("");

** It was a parseable test case! 
Improved test data is: class DummyClass {
    public static void main() {
        EvoSuiteFile evoSuiteFile = new EvoSuiteFile("FPLMessageParser");
        FileSystemHandling.createFolder(evoSuiteFile);
        Library library = new Library();
        library.loadFromDirectory("/home/user/fixsuite-libraries/FPL");
    }
}
statement is: EvoSuiteFile evoSuiteFile = new EvoSuiteFile("FPLMessageParser"), class spoon.support.reflect.code.CtLocalVariableImpl
class spoon.support.reflect.code.CtConstructorCallImpl
statement is: FileSystemHandling.createFolder(evoSuiteFile), class spoon.support.reflect.code.CtInvocationImpl
invocation is: FileSystemHandling.createFolder(evoSuiteFile) target is: FileSystemHandling method is: createFolder(EvoSuiteFile)
Matched Method is: createFolder(Lorg/evosuite/runtime/testdata/EvoSuiteFile;)Z
i 0 Parameters size() 0 Num of Method Parameters: 1
statement is: Library library = new Library(), class spoon.support.reflect.code.CtLocalVariableImpl
class spoon.support.reflect.code.CtConstructorCallImpl
statement is: library.loadFromDirectory("/home/user/fixsuite-libraries/FPL"), class spoon.support.reflect.code.CtInvocationImpl
invocation is: library.loadFromDirectory("/home/user/fixsuite-libraries/FPL") target is: library method is: loadFromDirectory(java.lang.String)
source statement: org.fixsuite.message.Library()V callee: VariableReference: Statement 2, type org.fixsuite.message.Libraryindex is: 2
Matched Method is: loadFromDirectory(Ljava/lang/String;)Z
TestCase is: EvoSuiteFile evoSuiteFile = null;
FileSystemHandling.createFolder(evoSuiteFile);
Library library = new Library();
String string = "/home/user/fixsuite-libraries/FPL";
library.loadFromDirectory(string);

statement is: org.fixsuite.message.Library()V type is: class org.evosuite.testcase.statements.ConstructorStatement return type class org.fixsuite.message.Library
statement code is: Library library = new Library()
statement is: EvoSuiteFile evoSuiteFile = new EvoSuiteFile("org.fixsuite.message.parsers.fpl.MainParser") type is: class org.evosuite.testcase.statements.environment.FileNamePrimitiveStatement return type class org.evosuite.runtime.testdata.EvoSuiteFile
statement code is: EvoSuiteFile evoSuiteFile = new EvoSuiteFile("org.fixsuite.message.parsers.fpl.MainParser")
statement is: appendLineToFile(Lorg/evosuite/runtime/testdata/EvoSuiteFile;Ljava/lang/String;)Z type is: class org.evosuite.testcase.statements.MethodStatement return type boolean
statement code is: boolean appendLineToFile = FileSystemHandling.appendLineToFile(arg0, "")
statement is: loadFromDirectory(Ljava/lang/String;)Z type is: class org.evosuite.testcase.statements.MethodStatement return type boolean
statement code is: boolean loadFromDirectory = library.loadFromDirectory("")
test data is: Library library = new Library();
EvoSuiteFile evoSuiteFile = new EvoSuiteFile("org.fixsuite.message.parsers.fpl.MainParser");
FileSystemHandling.appendLineToFile(evoSuiteFile, "");
library.loadFromDirectory("");

** It was a parseable test case! 
Improved test data is: class DummyClass {
    public static void main() {
        Library library = new Library();
        EvoSuiteFile evoSuiteFile = new EvoSuiteFile("org.fixsuite.message.parsers.fpl.MainParser");
        FileSystemHandling.appendLineToFile(evoSuiteFile, "C:\\Users\\Admin\\Desktop\\TestData\\FPL\\");
        library.loadFromDirectory("12345678901234567890");
    }
}
statement is: Library library = new Library(), class spoon.support.reflect.code.CtLocalVariableImpl
class spoon.support.reflect.code.CtConstructorCallImpl
statement is: EvoSuiteFile evoSuiteFile = new EvoSuiteFile("org.fixsuite.message.parsers.fpl.MainParser"), class spoon.support.reflect.code.CtLocalVariableImpl
class spoon.support.reflect.code.CtConstructorCallImpl
statement is: FileSystemHandling.appendLineToFile(evoSuiteFile, "C:\\Users\\Admin\\Desktop\\TestData\\FPL\\"), class spoon.support.reflect.code.CtInvocationImpl
invocation is: FileSystemHandling.appendLineToFile(evoSuiteFile, "C:\\Users\\Admin\\Desktop\\TestData\\FPL\\") target is: FileSystemHandling method is: appendLineToFile(EvoSuiteFile,java.lang.String)
Matched Method is: appendLineToFile(Lorg/evosuite/runtime/testdata/EvoSuiteFile;Ljava/lang/String;)Z
i 1 Parameters size() 1 Num of Method Parameters: 2
statement is: library.loadFromDirectory("12345678901234567890"), class spoon.support.reflect.code.CtInvocationImpl
invocation is: library.loadFromDirectory("12345678901234567890") target is: library method is: loadFromDirectory(java.lang.String)
source statement: org.fixsuite.message.Library()V callee: VariableReference: Statement 0, type org.fixsuite.message.Libraryindex is: 0
Matched Method is: loadFromDirectory(Ljava/lang/String;)Z
TestCase is: Library library = new Library();
String string = "C:\\Users\\Admin\\Desktop\\TestData\\FPL\\";
String string = null;
FileSystemHandling.appendLineToFile((EvoSuiteFile) string, string);
String string = "12345678901234567890";
library.loadFromDirectory(string);

* test suite isTestSuite: 12
Test 0: 
Library library = new Library();
library.getDictionaries();
Test 1: 
Library library = new Library();
library.getDictionary("Supplied path is not a directory.");
Test 2: 
Library library = new Library();
library.loadFromDirectory("");
Test 3: 
Library library = new Library();
library.loadFromDirectory("?");
Test 4: 
EvoSuiteFile evoSuiteFile = new EvoSuiteFile("org.fixsuite.message.parsers.fpl.MainParser");
FileSystemHandling.createFolder(evoSuiteFile);
Library library = new Library();
library.loadFromDirectory("");
Test 5: 
Library library = new Library();
EvoSuiteFile evoSuiteFile = new EvoSuiteFile("org.fixsuite.message.parsers.fpl.MainParser");
FileSystemHandling.appendLineToFile(evoSuiteFile, "");
library.loadFromDirectory("");
Test 6: 
Library library = new Library();

Test 7: 
Library library = new Library();
library.getDictionary("The supplied path is not a valid directory.");

Test 8: 
Library library = new Library();
library.loadFromDirectory("C:UsersJohn DoeDocumentsBooks");

Test 9: 
Library library = new Library();
library.loadFromDirectory("/home/user/Documents/books");

Test 10: 
FileSystemHandling.createFolder((EvoSuiteFile) null);
Library library = new Library();
library.loadFromDirectory("/home/user/fixsuite-libraries/FPL");

Test 11: 
Library library = new Library();
FileSystemHandling.appendLineToFile((EvoSuiteFile) "C:UsersAdminDesktopTestDataFPL", (String) null);
String string = "12345678901234567890";
library.loadFromDirectory(string);


* Generated after the refinement and before minimization 12 tests with total length 30
* test suite isTestSuite: 12
Test 0: 
Library library = new Library();
library.getDictionaries();
Test 1: 
Library library = new Library();
library.getDictionary("Supplied path is not a directory.");
Test 2: 
Library library = new Library();
library.loadFromDirectory("");
Test 3: 
Library library = new Library();
library.loadFromDirectory("?");
Test 4: 
EvoSuiteFile evoSuiteFile = new EvoSuiteFile("org.fixsuite.message.parsers.fpl.MainParser");
FileSystemHandling.createFolder(evoSuiteFile);
Library library = new Library();
library.loadFromDirectory("");
Test 5: 
Library library = new Library();
EvoSuiteFile evoSuiteFile = new EvoSuiteFile("org.fixsuite.message.parsers.fpl.MainParser");
FileSystemHandling.appendLineToFile(evoSuiteFile, "");
library.loadFromDirectory("");
Test 6: 
Library library = new Library();

Test 7: 
Library library = new Library();
library.getDictionary("The supplied path is not a valid directory.");

Test 8: 
Library library = new Library();
library.loadFromDirectory("C:UsersJohn DoeDocumentsBooks");

Test 9: 
Library library = new Library();
library.loadFromDirectory("/home/user/Documents/books");

Test 10: 
FileSystemHandling.createFolder((EvoSuiteFile) null);
Library library = new Library();
library.loadFromDirectory("/home/user/fixsuite-libraries/FPL");

Test 11: 
Library library = new Library();
FileSystemHandling.appendLineToFile((EvoSuiteFile) "C:UsersAdminDesktopTestDataFPL", (String) null);
String string = "12345678901234567890";
library.loadFromDirectory(string);


* Minimizing test suite
* test suite isTestSuite: 6
Test 0: 
Library library = new Library();
library.getDictionaries();
Test 1: 
Library library = new Library();
library.getDictionary("The supplied path is not a valid directory.");
Test 2: 
Library library = new Library();
library.loadFromDirectory("/home/user/Documents/books");
Test 3: 
Library library = new Library();
library.loadFromDirectory("");
Test 4: 
EvoSuiteFile evoSuiteFile = new EvoSuiteFile("org.fixsuite.message.parsers.fpl.MainParser");
FileSystemHandling.createFolder(evoSuiteFile);
Library library = new Library();
library.loadFromDirectory("");
Test 5: 
Library library = new Library();
EvoSuiteFile evoSuiteFile = new EvoSuiteFile("org.fixsuite.message.parsers.fpl.MainParser");
FileSystemHandling.appendLineToFile(evoSuiteFile, "");
library.loadFromDirectory("");

* Going to analyze the coverage criteria
* Coverage analysis for criterion BRANCH
* Coverage of criterion BRANCH: 51%
* Total number of goals: 35
* Number of covered goals: 18
* Coverage analysis for criterion LINE
* Coverage of criterion LINE: 71%
* Total number of goals: 51
* Number of covered goals: 36
* Coverage analysis for criterion OUTPUT
* Coverage of criterion OUTPUT: 45%
* Total number of goals: 11
* Number of covered goals: 5
* Coverage analysis for criterion METHOD
* Coverage of criterion METHOD: 100%
* Total number of goals: 4
* Number of covered goals: 4
* Coverage analysis for criterion CBRANCH
* Coverage of criterion CBRANCH: 51%
* Total number of goals: 35
* Number of covered goals: 18
* Generated 6 tests with total length 16
* Resulting test suite's coverage: 64% (average coverage for all fitness functions)
* Generating assertions
* Resulting test suite's mutation score: 15%
* Compiling and checking tests
Going to execute: removeTestsThatDoNotCompile
* Compiling Tests
** Write a test suite: 0 called: 0 to improve: false
* Compiling Tests
** Write a test suite: 0 called: 0 to improve: true
** Improve Understandability: ** Test Code is: Library library = new Library();
List<DictionaryInfo> dictionaries = library.getDictionaries();
assertEquals(0, dictionaries.size());


** It was a parseable test case! 
refined test name is: testEmptyLibrary
* Compiling Tests
** Write a test suite: 0 called: 0 to improve: false
* Compiling Tests
** Write a test suite: 0 called: 0 to improve: true
** Improve Understandability: ** Test Code is: Library library = new Library();
DictionaryInfo dictionary = library.getDictionary("The supplied path is not a valid directory.");
assertNull(dictionary);


** It was a parseable test case! 
refined test name is: testGetDictionaryWithNonExistentDirectory
* Compiling Tests
** Write a test suite: 0 called: 0 to improve: false
* Compiling Tests
** Write a test suite: 0 called: 0 to improve: true
** Improve Understandability: ** Test Code is: Library library = new Library();
boolean loadFromDirectory = library.loadFromDirectory("/home/user/Documents/books");
assertFalse(loadFromDirectory);


** It was a parseable test case! 
refined test name is: testLoadFromDirectoryReturnsFalse
* Compiling Tests
** Write a test suite: 0 called: 0 to improve: false
* Compiling Tests
** Write a test suite: 0 called: 0 to improve: true
** Improve Understandability: ** Test Code is: Library library = new Library();
boolean loadFromDirectory = library.loadFromDirectory("");
assertFalse(loadFromDirectory);


** It was a parseable test case! 
refined test name is: testLoadFromDirectory
* Compiling Tests
** Write a test suite: 0 called: 0 to improve: false
* Compiling Tests
** Write a test suite: 0 called: 0 to improve: true
** Improve Understandability: ** Test Code is: EvoSuiteFile arg0 = new EvoSuiteFile("org.fixsuite.message.parsers.fpl.MainParser");
FileSystemHandling.createFolder(arg0);
Library library = new Library();
boolean loadFromDirectory = library.loadFromDirectory("");
assertTrue(loadFromDirectory);


** It was a parseable test case! 
refined test name is: testCreateFolderAndLoadDataFromDirectory
* Compiling Tests
** Write a test suite: 0 called: 0 to improve: false
* Compiling Tests
** Write a test suite: 0 called: 0 to improve: true
** Improve Understandability: ** Test Code is: Library library = new Library();
EvoSuiteFile arg0 = new EvoSuiteFile("org.fixsuite.message.parsers.fpl.MainParser");
FileSystemHandling.appendLineToFile(arg0, "");
boolean loadFromDirectory = library.loadFromDirectory("");
assertTrue(loadFromDirectory);


** It was a parseable test case! 
refined test name is: testLoadFileFromDirectory
Going to execute: handleTestsThatAreUnstable
* Compiling Tests
[MASTER] 17:24:23.594 [logback-1] WARN  AgentLoader - Failed to find EvoSuite jar in current classloader. URLs of classloader:
file:/root/.sdkman/candidates/java/8.0.333.fx-librca/jre/../lib/tools.jar
file:/root/.sdkman/candidates/java/8.0.333.fx-librca/jre/lib/ext/cldrdata.jar
file:/root/.sdkman/candidates/java/8.0.333.fx-librca/jre/lib/ext/sunec.jar
file:/root/.sdkman/candidates/java/8.0.333.fx-librca/jre/lib/ext/localedata.jar
file:/tmp/EvoSuite_pathingJar8374607665327969960.jar
file:/root/.sdkman/candidates/java/8.0.333.fx-librca/jre/lib/ext/jaccess.jar
file:/root/.sdkman/candidates/java/8.0.333.fx-librca/jre/lib/ext/dnsns.jar
file:/root/.sdkman/candidates/java/8.0.333.fx-librca/jre/lib/ext/sunpkcs11.jar
file:/root/.sdkman/candidates/java/8.0.333.fx-librca/jre/lib/ext/zipfs.jar
file:/root/.sdkman/candidates/java/8.0.333.fx-librca/jre/lib/ext/jfxrt.jar
file:/root/.sdkman/candidates/java/8.0.333.fx-librca/jre/lib/ext/sunjce_provider.jar
file:/root/.sdkman/candidates/java/8.0.333.fx-librca/jre/lib/ext/nashorn.jar
[MASTER] 17:24:23.618 [logback-1] WARN  JUnitAnalyzer - Found unstable test named initializationError -> class java.lang.RuntimeException: Cannot find either the compilation target folder nor the EvoSuite jar in classpath: /tmp/EvoSuite_pathingJar8374607665327969960.jar
Going to execute: handleTestsThatAreUnstable
* Compiling Tests
[MASTER] 17:24:23.676 [logback-1] WARN  AgentLoader - Failed to find EvoSuite jar in current classloader. URLs of classloader:
file:/root/.sdkman/candidates/java/8.0.333.fx-librca/jre/../lib/tools.jar
file:/root/.sdkman/candidates/java/8.0.333.fx-librca/jre/lib/ext/cldrdata.jar
file:/root/.sdkman/candidates/java/8.0.333.fx-librca/jre/lib/ext/sunec.jar
file:/root/.sdkman/candidates/java/8.0.333.fx-librca/jre/lib/ext/localedata.jar
file:/tmp/EvoSuite_pathingJar8374607665327969960.jar
file:/root/.sdkman/candidates/java/8.0.333.fx-librca/jre/lib/ext/jaccess.jar
file:/root/.sdkman/candidates/java/8.0.333.fx-librca/jre/lib/ext/dnsns.jar
file:/root/.sdkman/candidates/java/8.0.333.fx-librca/jre/lib/ext/sunpkcs11.jar
file:/root/.sdkman/candidates/java/8.0.333.fx-librca/jre/lib/ext/zipfs.jar
file:/root/.sdkman/candidates/java/8.0.333.fx-librca/jre/lib/ext/jfxrt.jar
file:/root/.sdkman/candidates/java/8.0.333.fx-librca/jre/lib/ext/sunjce_provider.jar
file:/root/.sdkman/candidates/java/8.0.333.fx-librca/jre/lib/ext/nashorn.jar
Going to execute: handleTestsThatAreUnstable
* Compiling Tests
[MASTER] 17:24:23.677 [logback-1] WARN  JUnitAnalyzer - Found unstable test named initializationError -> class java.lang.RuntimeException: Cannot find either the compilation target folder nor the EvoSuite jar in classpath: /tmp/EvoSuite_pathingJar8374607665327969960.jar
[MASTER] 17:24:24.292 [logback-1] WARN  AgentLoader - Failed to find EvoSuite jar in current classloader. URLs of classloader:
file:/root/.sdkman/candidates/java/8.0.333.fx-librca/jre/../lib/tools.jar
file:/root/.sdkman/candidates/java/8.0.333.fx-librca/jre/lib/ext/cldrdata.jar
file:/root/.sdkman/candidates/java/8.0.333.fx-librca/jre/lib/ext/sunec.jar
file:/root/.sdkman/candidates/java/8.0.333.fx-librca/jre/lib/ext/localedata.jar
file:/tmp/EvoSuite_pathingJar8374607665327969960.jar
file:/root/.sdkman/candidates/java/8.0.333.fx-librca/jre/lib/ext/jaccess.jar
file:/root/.sdkman/candidates/java/8.0.333.fx-librca/jre/lib/ext/dnsns.jar
file:/root/.sdkman/candidates/java/8.0.333.fx-librca/jre/lib/ext/sunpkcs11.jar
file:/root/.sdkman/candidates/java/8.0.333.fx-librca/jre/lib/ext/zipfs.jar
file:/root/.sdkman/candidates/java/8.0.333.fx-librca/jre/lib/ext/jfxrt.jar
file:/root/.sdkman/candidates/java/8.0.333.fx-librca/jre/lib/ext/sunjce_provider.jar
file:/root/.sdkman/candidates/java/8.0.333.fx-librca/jre/lib/ext/nashorn.jar
Going to execute: handleTestsThatAreUnstable
* Compiling Tests
[MASTER] 17:24:24.293 [logback-1] WARN  JUnitAnalyzer - Found unstable test named initializationError -> class java.lang.RuntimeException: Cannot find either the compilation target folder nor the EvoSuite jar in classpath: /tmp/EvoSuite_pathingJar8374607665327969960.jar
[MASTER] 17:24:24.760 [logback-1] WARN  AgentLoader - Failed to find EvoSuite jar in current classloader. URLs of classloader:
file:/root/.sdkman/candidates/java/8.0.333.fx-librca/jre/../lib/tools.jar
file:/root/.sdkman/candidates/java/8.0.333.fx-librca/jre/lib/ext/cldrdata.jar
file:/root/.sdkman/candidates/java/8.0.333.fx-librca/jre/lib/ext/sunec.jar
file:/root/.sdkman/candidates/java/8.0.333.fx-librca/jre/lib/ext/localedata.jar
file:/tmp/EvoSuite_pathingJar8374607665327969960.jar
file:/root/.sdkman/candidates/java/8.0.333.fx-librca/jre/lib/ext/jaccess.jar
file:/root/.sdkman/candidates/java/8.0.333.fx-librca/jre/lib/ext/dnsns.jar
file:/root/.sdkman/candidates/java/8.0.333.fx-librca/jre/lib/ext/sunpkcs11.jar
file:/root/.sdkman/candidates/java/8.0.333.fx-librca/jre/lib/ext/zipfs.jar
file:/root/.sdkman/candidates/java/8.0.333.fx-librca/jre/lib/ext/jfxrt.jar
file:/root/.sdkman/candidates/java/8.0.333.fx-librca/jre/lib/ext/sunjce_provider.jar
file:/root/.sdkman/candidates/java/8.0.333.fx-librca/jre/lib/ext/nashorn.jar
[MASTER] 17:24:24.761 [logback-1] WARN  JUnitAnalyzer - Found unstable test named initializationError -> class java.lang.RuntimeException: Cannot find either the compilation target folder nor the EvoSuite jar in classpath: /tmp/EvoSuite_pathingJar8374607665327969960.jar
Going to execute: handleTestsThatAreUnstable
* Compiling Tests
[MASTER] 17:24:25.348 [logback-1] WARN  AgentLoader - Failed to find EvoSuite jar in current classloader. URLs of classloader:
file:/root/.sdkman/candidates/java/8.0.333.fx-librca/jre/../lib/tools.jar
file:/root/.sdkman/candidates/java/8.0.333.fx-librca/jre/lib/ext/cldrdata.jar
file:/root/.sdkman/candidates/java/8.0.333.fx-librca/jre/lib/ext/sunec.jar
file:/root/.sdkman/candidates/java/8.0.333.fx-librca/jre/lib/ext/localedata.jar
file:/tmp/EvoSuite_pathingJar8374607665327969960.jar
file:/root/.sdkman/candidates/java/8.0.333.fx-librca/jre/lib/ext/jaccess.jar
file:/root/.sdkman/candidates/java/8.0.333.fx-librca/jre/lib/ext/dnsns.jar
file:/root/.sdkman/candidates/java/8.0.333.fx-librca/jre/lib/ext/sunpkcs11.jar
file:/root/.sdkman/candidates/java/8.0.333.fx-librca/jre/lib/ext/zipfs.jar
file:/root/.sdkman/candidates/java/8.0.333.fx-librca/jre/lib/ext/jfxrt.jar
file:/root/.sdkman/candidates/java/8.0.333.fx-librca/jre/lib/ext/sunjce_provider.jar
file:/root/.sdkman/candidates/java/8.0.333.fx-librca/jre/lib/ext/nashorn.jar
[MASTER] 17:24:25.350 [logback-1] WARN  JUnitAnalyzer - Found unstable test named initializationError -> class java.lang.RuntimeException: Cannot find either the compilation target folder nor the EvoSuite jar in classpath: /tmp/EvoSuite_pathingJar8374607665327969960.jar
Going to execute: handleTestsThatAreUnstable
* Compiling Tests
[MASTER] 17:24:25.829 [logback-1] WARN  AgentLoader - Failed to find EvoSuite jar in current classloader. URLs of classloader:
file:/root/.sdkman/candidates/java/8.0.333.fx-librca/jre/../lib/tools.jar
file:/root/.sdkman/candidates/java/8.0.333.fx-librca/jre/lib/ext/cldrdata.jar
file:/root/.sdkman/candidates/java/8.0.333.fx-librca/jre/lib/ext/sunec.jar
file:/root/.sdkman/candidates/java/8.0.333.fx-librca/jre/lib/ext/localedata.jar
file:/tmp/EvoSuite_pathingJar8374607665327969960.jar
file:/root/.sdkman/candidates/java/8.0.333.fx-librca/jre/lib/ext/jaccess.jar
file:/root/.sdkman/candidates/java/8.0.333.fx-librca/jre/lib/ext/dnsns.jar
file:/root/.sdkman/candidates/java/8.0.333.fx-librca/jre/lib/ext/sunpkcs11.jar
file:/root/.sdkman/candidates/java/8.0.333.fx-librca/jre/lib/ext/zipfs.jar
file:/root/.sdkman/candidates/java/8.0.333.fx-librca/jre/lib/ext/jfxrt.jar
file:/root/.sdkman/candidates/java/8.0.333.fx-librca/jre/lib/ext/sunjce_provider.jar
file:/root/.sdkman/candidates/java/8.0.333.fx-librca/jre/lib/ext/nashorn.jar
[MASTER] 17:24:25.831 [logback-1] WARN  JUnitAnalyzer - Found unstable test named initializationError -> class java.lang.RuntimeException: Cannot find either the compilation target folder nor the EvoSuite jar in classpath: /tmp/EvoSuite_pathingJar8374607665327969960.jar
Going to execute: handleTestsThatAreUnstable
* Compiling Tests
[MASTER] 17:24:27.596 [logback-1] WARN  AgentLoader - Failed to find EvoSuite jar in current classloader. URLs of classloader:
file:/root/.sdkman/candidates/java/8.0.333.fx-librca/jre/../lib/tools.jar
file:/root/.sdkman/candidates/java/8.0.333.fx-librca/jre/lib/ext/cldrdata.jar
file:/root/.sdkman/candidates/java/8.0.333.fx-librca/jre/lib/ext/sunec.jar
file:/root/.sdkman/candidates/java/8.0.333.fx-librca/jre/lib/ext/localedata.jar
file:/tmp/EvoSuite_pathingJar8374607665327969960.jar
file:/root/.sdkman/candidates/java/8.0.333.fx-librca/jre/lib/ext/jaccess.jar
file:/root/.sdkman/candidates/java/8.0.333.fx-librca/jre/lib/ext/dnsns.jar
file:/root/.sdkman/candidates/java/8.0.333.fx-librca/jre/lib/ext/sunpkcs11.jar
file:/root/.sdkman/candidates/java/8.0.333.fx-librca/jre/lib/ext/zipfs.jar
file:/root/.sdkman/candidates/java/8.0.333.fx-librca/jre/lib/ext/jfxrt.jar
file:/root/.sdkman/candidates/java/8.0.333.fx-librca/jre/lib/ext/sunjce_provider.jar
file:/root/.sdkman/candidates/java/8.0.333.fx-librca/jre/lib/ext/nashorn.jar
[MASTER] 17:24:27.597 [logback-1] WARN  JUnitAnalyzer - Found unstable test named initializationError -> class java.lang.RuntimeException: Cannot find either the compilation target folder nor the EvoSuite jar in classpath: /tmp/EvoSuite_pathingJar8374607665327969960.jar
Going to execute: handleTestsThatAreUnstable
* Compiling Tests
[MASTER] 17:24:29.246 [logback-1] WARN  AgentLoader - Failed to find EvoSuite jar in current classloader. URLs of classloader:
file:/root/.sdkman/candidates/java/8.0.333.fx-librca/jre/../lib/tools.jar
file:/root/.sdkman/candidates/java/8.0.333.fx-librca/jre/lib/ext/cldrdata.jar
file:/root/.sdkman/candidates/java/8.0.333.fx-librca/jre/lib/ext/sunec.jar
file:/root/.sdkman/candidates/java/8.0.333.fx-librca/jre/lib/ext/localedata.jar
file:/tmp/EvoSuite_pathingJar8374607665327969960.jar
file:/root/.sdkman/candidates/java/8.0.333.fx-librca/jre/lib/ext/jaccess.jar
file:/root/.sdkman/candidates/java/8.0.333.fx-librca/jre/lib/ext/dnsns.jar
file:/root/.sdkman/candidates/java/8.0.333.fx-librca/jre/lib/ext/sunpkcs11.jar
file:/root/.sdkman/candidates/java/8.0.333.fx-librca/jre/lib/ext/zipfs.jar
file:/root/.sdkman/candidates/java/8.0.333.fx-librca/jre/lib/ext/jfxrt.jar
file:/root/.sdkman/candidates/java/8.0.333.fx-librca/jre/lib/ext/sunjce_provider.jar
file:/root/.sdkman/candidates/java/8.0.333.fx-librca/jre/lib/ext/nashorn.jar
[MASTER] 17:24:29.247 [logback-1] WARN  JUnitAnalyzer - Found unstable test named initializationError -> class java.lang.RuntimeException: Cannot find either the compilation target folder nor the EvoSuite jar in classpath: /tmp/EvoSuite_pathingJar8374607665327969960.jar
[MASTER] 17:24:33.877 [logback-1] WARN  TimeController - Already entered in phase: INLINING. This will mess up the timing calculations.
* test suite isTestSuite: 6
Test 0: 
Library library = new Library();
library.getDictionaries();
Test 1: 
Library library = new Library();
library.getDictionary("Supplied path is not a directory.");
Test 2: 
Library library = new Library();
library.loadFromDirectory("");
Test 3: 
Library library = new Library();
library.loadFromDirectory("?");
Test 4: 
EvoSuiteFile evoSuiteFile = new EvoSuiteFile("org.fixsuite.message.parsers.fpl.MainParser");
FileSystemHandling.createFolder(evoSuiteFile);
Library library = new Library();
library.loadFromDirectory("");
Test 5: 
Library library = new Library();
EvoSuiteFile evoSuiteFile = new EvoSuiteFile("org.fixsuite.message.parsers.fpl.MainParser");
FileSystemHandling.appendLineToFile(evoSuiteFile, "");
library.loadFromDirectory("");

* Minimizing test suite
* test suite isTestSuite: 6
Test 0: 
Library library = new Library();
library.getDictionaries();
Test 1: 
Library library = new Library();
library.getDictionary("Supplied path is not a directory.");
Test 2: 
Library library = new Library();
library.loadFromDirectory("");
Test 3: 
Library library = new Library();
library.loadFromDirectory("?");
Test 4: 
EvoSuiteFile evoSuiteFile = new EvoSuiteFile("org.fixsuite.message.parsers.fpl.MainParser");
FileSystemHandling.createFolder(evoSuiteFile);
Library library = new Library();
library.loadFromDirectory("");
Test 5: 
Library library = new Library();
EvoSuiteFile evoSuiteFile = new EvoSuiteFile("org.fixsuite.message.parsers.fpl.MainParser");
FileSystemHandling.appendLineToFile(evoSuiteFile, "");
library.loadFromDirectory("");

[MASTER] 17:25:40.302 [logback-1] WARN  TimeController - Already entered in phase: MINIMIZATION. This will mess up the timing calculations.
* Going to analyze the coverage criteria
* Coverage analysis for criterion BRANCH
* Coverage of criterion BRANCH: 51%
* Total number of goals: 35
* Number of covered goals: 18
* Coverage analysis for criterion LINE
* Coverage of criterion LINE: 71%
* Total number of goals: 51
* Number of covered goals: 36
* Coverage analysis for criterion OUTPUT
* Coverage of criterion OUTPUT: 45%
* Total number of goals: 11
* Number of covered goals: 5
* Coverage analysis for criterion METHOD
* Coverage of criterion METHOD: 100%
* Total number of goals: 4
* Number of covered goals: 4
* Coverage analysis for criterion CBRANCH
* Coverage of criterion CBRANCH: 51%
* Total number of goals: 35
* Number of covered goals: 18
[MASTER] 17:25:40.331 [logback-1] WARN  TimeController - Already entered in phase: COVERAGE_ANALYSIS. This will mess up the timing calculations.
* Generated 6 tests with total length 16
* Resulting test suite's coverage: 64% (average coverage for all fitness functions)
* Generating assertions
* Resulting test suite's mutation score: 15%
* Compiling and checking tests
[MASTER] 17:25:53.520 [logback-1] WARN  TimeController - Already entered in phase: ASSERTION_GENERATION. This will mess up the timing calculations.
Going to execute: removeTestsThatDoNotCompile
* Compiling Tests
** Write a test suite: 0 called: 0 to improve: false
* Compiling Tests
** Write a test suite: 0 called: 0 to improve: false
* Compiling Tests
** Write a test suite: 0 called: 0 to improve: false
* Compiling Tests
** Write a test suite: 0 called: 0 to improve: false
* Compiling Tests
** Write a test suite: 0 called: 0 to improve: false
* Compiling Tests
** Write a test suite: 0 called: 0 to improve: false
Going to execute: handleTestsThatAreUnstable
* Compiling Tests
** Write a test suite: 0 called: 0 to improve: false
[MASTER] 17:25:55.444 [logback-1] WARN  AgentLoader - Failed to find EvoSuite jar in current classloader. URLs of classloader:
file:/root/.sdkman/candidates/java/8.0.333.fx-librca/jre/../lib/tools.jar
file:/root/.sdkman/candidates/java/8.0.333.fx-librca/jre/lib/ext/cldrdata.jar
file:/root/.sdkman/candidates/java/8.0.333.fx-librca/jre/lib/ext/sunec.jar
file:/root/.sdkman/candidates/java/8.0.333.fx-librca/jre/lib/ext/localedata.jar
file:/tmp/EvoSuite_pathingJar8374607665327969960.jar
file:/root/.sdkman/candidates/java/8.0.333.fx-librca/jre/lib/ext/jaccess.jar
file:/root/.sdkman/candidates/java/8.0.333.fx-librca/jre/lib/ext/dnsns.jar
file:/root/.sdkman/candidates/java/8.0.333.fx-librca/jre/lib/ext/sunpkcs11.jar
file:/root/.sdkman/candidates/java/8.0.333.fx-librca/jre/lib/ext/zipfs.jar
file:/root/.sdkman/candidates/java/8.0.333.fx-librca/jre/lib/ext/jfxrt.jar
file:/root/.sdkman/candidates/java/8.0.333.fx-librca/jre/lib/ext/sunjce_provider.jar
file:/root/.sdkman/candidates/java/8.0.333.fx-librca/jre/lib/ext/nashorn.jar
[MASTER] 17:25:55.445 [logback-1] WARN  JUnitAnalyzer - Found unstable test named initializationError -> class java.lang.RuntimeException: Cannot find either the compilation target folder nor the EvoSuite jar in classpath: /tmp/EvoSuite_pathingJar8374607665327969960.jar
Going to execute: handleTestsThatAreUnstable
* Compiling Tests
** Write a test suite: 0 called: 0 to improve: false
[MASTER] 17:25:55.487 [logback-1] WARN  AgentLoader - Failed to find EvoSuite jar in current classloader. URLs of classloader:
file:/root/.sdkman/candidates/java/8.0.333.fx-librca/jre/../lib/tools.jar
file:/root/.sdkman/candidates/java/8.0.333.fx-librca/jre/lib/ext/cldrdata.jar
file:/root/.sdkman/candidates/java/8.0.333.fx-librca/jre/lib/ext/sunec.jar
file:/root/.sdkman/candidates/java/8.0.333.fx-librca/jre/lib/ext/localedata.jar
file:/tmp/EvoSuite_pathingJar8374607665327969960.jar
file:/root/.sdkman/candidates/java/8.0.333.fx-librca/jre/lib/ext/jaccess.jar
file:/root/.sdkman/candidates/java/8.0.333.fx-librca/jre/lib/ext/dnsns.jar
file:/root/.sdkman/candidates/java/8.0.333.fx-librca/jre/lib/ext/sunpkcs11.jar
file:/root/.sdkman/candidates/java/8.0.333.fx-librca/jre/lib/ext/zipfs.jar
file:/root/.sdkman/candidates/java/8.0.333.fx-librca/jre/lib/ext/jfxrt.jar
file:/root/.sdkman/candidates/java/8.0.333.fx-librca/jre/lib/ext/sunjce_provider.jar
file:/root/.sdkman/candidates/java/8.0.333.fx-librca/jre/lib/ext/nashorn.jar
[MASTER] 17:25:55.488 [logback-1] WARN  JUnitAnalyzer - Found unstable test named initializationError -> class java.lang.RuntimeException: Cannot find either the compilation target folder nor the EvoSuite jar in classpath: /tmp/EvoSuite_pathingJar8374607665327969960.jar
Going to execute: handleTestsThatAreUnstable
* Compiling Tests
** Write a test suite: 0 called: 0 to improve: false
[MASTER] 17:25:55.994 [logback-1] WARN  AgentLoader - Failed to find EvoSuite jar in current classloader. URLs of classloader:
file:/root/.sdkman/candidates/java/8.0.333.fx-librca/jre/../lib/tools.jar
file:/root/.sdkman/candidates/java/8.0.333.fx-librca/jre/lib/ext/cldrdata.jar
file:/root/.sdkman/candidates/java/8.0.333.fx-librca/jre/lib/ext/sunec.jar
file:/root/.sdkman/candidates/java/8.0.333.fx-librca/jre/lib/ext/localedata.jar
file:/tmp/EvoSuite_pathingJar8374607665327969960.jar
file:/root/.sdkman/candidates/java/8.0.333.fx-librca/jre/lib/ext/jaccess.jar
file:/root/.sdkman/candidates/java/8.0.333.fx-librca/jre/lib/ext/dnsns.jar
file:/root/.sdkman/candidates/java/8.0.333.fx-librca/jre/lib/ext/sunpkcs11.jar
file:/root/.sdkman/candidates/java/8.0.333.fx-librca/jre/lib/ext/zipfs.jar
file:/root/.sdkman/candidates/java/8.0.333.fx-librca/jre/lib/ext/jfxrt.jar
file:/root/.sdkman/candidates/java/8.0.333.fx-librca/jre/lib/ext/sunjce_provider.jar
file:/root/.sdkman/candidates/java/8.0.333.fx-librca/jre/lib/ext/nashorn.jar
[MASTER] 17:25:55.995 [logback-1] WARN  JUnitAnalyzer - Found unstable test named initializationError -> class java.lang.RuntimeException: Cannot find either the compilation target folder nor the EvoSuite jar in classpath: /tmp/EvoSuite_pathingJar8374607665327969960.jar
Going to execute: handleTestsThatAreUnstable
* Compiling Tests
** Write a test suite: 0 called: 0 to improve: false
[MASTER] 17:25:56.408 [logback-1] WARN  AgentLoader - Failed to find EvoSuite jar in current classloader. URLs of classloader:
file:/root/.sdkman/candidates/java/8.0.333.fx-librca/jre/../lib/tools.jar
file:/root/.sdkman/candidates/java/8.0.333.fx-librca/jre/lib/ext/cldrdata.jar
file:/root/.sdkman/candidates/java/8.0.333.fx-librca/jre/lib/ext/sunec.jar
file:/root/.sdkman/candidates/java/8.0.333.fx-librca/jre/lib/ext/localedata.jar
file:/tmp/EvoSuite_pathingJar8374607665327969960.jar
file:/root/.sdkman/candidates/java/8.0.333.fx-librca/jre/lib/ext/jaccess.jar
file:/root/.sdkman/candidates/java/8.0.333.fx-librca/jre/lib/ext/dnsns.jar
file:/root/.sdkman/candidates/java/8.0.333.fx-librca/jre/lib/ext/sunpkcs11.jar
file:/root/.sdkman/candidates/java/8.0.333.fx-librca/jre/lib/ext/zipfs.jar
file:/root/.sdkman/candidates/java/8.0.333.fx-librca/jre/lib/ext/jfxrt.jar
file:/root/.sdkman/candidates/java/8.0.333.fx-librca/jre/lib/ext/sunjce_provider.jar
file:/root/.sdkman/candidates/java/8.0.333.fx-librca/jre/lib/ext/nashorn.jar
[MASTER] 17:25:56.409 [logback-1] WARN  JUnitAnalyzer - Found unstable test named initializationError -> class java.lang.RuntimeException: Cannot find either the compilation target folder nor the EvoSuite jar in classpath: /tmp/EvoSuite_pathingJar8374607665327969960.jar
Going to execute: handleTestsThatAreUnstable
* Compiling Tests
** Write a test suite: 0 called: 0 to improve: false
[MASTER] 17:25:56.854 [logback-1] WARN  AgentLoader - Failed to find EvoSuite jar in current classloader. URLs of classloader:
file:/root/.sdkman/candidates/java/8.0.333.fx-librca/jre/../lib/tools.jar
file:/root/.sdkman/candidates/java/8.0.333.fx-librca/jre/lib/ext/cldrdata.jar
file:/root/.sdkman/candidates/java/8.0.333.fx-librca/jre/lib/ext/sunec.jar
file:/root/.sdkman/candidates/java/8.0.333.fx-librca/jre/lib/ext/localedata.jar
file:/tmp/EvoSuite_pathingJar8374607665327969960.jar
file:/root/.sdkman/candidates/java/8.0.333.fx-librca/jre/lib/ext/jaccess.jar
file:/root/.sdkman/candidates/java/8.0.333.fx-librca/jre/lib/ext/dnsns.jar
file:/root/.sdkman/candidates/java/8.0.333.fx-librca/jre/lib/ext/sunpkcs11.jar
file:/root/.sdkman/candidates/java/8.0.333.fx-librca/jre/lib/ext/zipfs.jar
file:/root/.sdkman/candidates/java/8.0.333.fx-librca/jre/lib/ext/jfxrt.jar
file:/root/.sdkman/candidates/java/8.0.333.fx-librca/jre/lib/ext/sunjce_provider.jar
file:/root/.sdkman/candidates/java/8.0.333.fx-librca/jre/lib/ext/nashorn.jar
[MASTER] 17:25:56.856 [logback-1] WARN  JUnitAnalyzer - Found unstable test named initializationError -> class java.lang.RuntimeException: Cannot find either the compilation target folder nor the EvoSuite jar in classpath: /tmp/EvoSuite_pathingJar8374607665327969960.jar
Going to execute: handleTestsThatAreUnstable
* Compiling Tests
** Write a test suite: 0 called: 0 to improve: false
[MASTER] 17:25:57.259 [logback-1] WARN  AgentLoader - Failed to find EvoSuite jar in current classloader. URLs of classloader:
file:/root/.sdkman/candidates/java/8.0.333.fx-librca/jre/../lib/tools.jar
file:/root/.sdkman/candidates/java/8.0.333.fx-librca/jre/lib/ext/cldrdata.jar
file:/root/.sdkman/candidates/java/8.0.333.fx-librca/jre/lib/ext/sunec.jar
file:/root/.sdkman/candidates/java/8.0.333.fx-librca/jre/lib/ext/localedata.jar
file:/tmp/EvoSuite_pathingJar8374607665327969960.jar
file:/root/.sdkman/candidates/java/8.0.333.fx-librca/jre/lib/ext/jaccess.jar
file:/root/.sdkman/candidates/java/8.0.333.fx-librca/jre/lib/ext/dnsns.jar
file:/root/.sdkman/candidates/java/8.0.333.fx-librca/jre/lib/ext/sunpkcs11.jar
file:/root/.sdkman/candidates/java/8.0.333.fx-librca/jre/lib/ext/zipfs.jar
file:/root/.sdkman/candidates/java/8.0.333.fx-librca/jre/lib/ext/jfxrt.jar
file:/root/.sdkman/candidates/java/8.0.333.fx-librca/jre/lib/ext/sunjce_provider.jar
file:/root/.sdkman/candidates/java/8.0.333.fx-librca/jre/lib/ext/nashorn.jar
[MASTER] 17:25:57.259 [logback-1] WARN  JUnitAnalyzer - Found unstable test named initializationError -> class java.lang.RuntimeException: Cannot find either the compilation target folder nor the EvoSuite jar in classpath: /tmp/EvoSuite_pathingJar8374607665327969960.jar
Going to execute: handleTestsThatAreUnstable
* Compiling Tests
** Write a test suite: 0 called: 0 to improve: false
** Write a test suite: 1 called: 1 to improve: false
** Write a test suite: 2 called: 2 to improve: false
** Write a test suite: 3 called: 3 to improve: false
** Write a test suite: 4 called: 4 to improve: false
** Write a test suite: 5 called: 5 to improve: false
[MASTER] 17:25:58.949 [logback-1] WARN  AgentLoader - Failed to find EvoSuite jar in current classloader. URLs of classloader:
file:/root/.sdkman/candidates/java/8.0.333.fx-librca/jre/../lib/tools.jar
file:/root/.sdkman/candidates/java/8.0.333.fx-librca/jre/lib/ext/cldrdata.jar
file:/root/.sdkman/candidates/java/8.0.333.fx-librca/jre/lib/ext/sunec.jar
file:/root/.sdkman/candidates/java/8.0.333.fx-librca/jre/lib/ext/localedata.jar
file:/tmp/EvoSuite_pathingJar8374607665327969960.jar
file:/root/.sdkman/candidates/java/8.0.333.fx-librca/jre/lib/ext/jaccess.jar
file:/root/.sdkman/candidates/java/8.0.333.fx-librca/jre/lib/ext/dnsns.jar
file:/root/.sdkman/candidates/java/8.0.333.fx-librca/jre/lib/ext/sunpkcs11.jar
file:/root/.sdkman/candidates/java/8.0.333.fx-librca/jre/lib/ext/zipfs.jar
file:/root/.sdkman/candidates/java/8.0.333.fx-librca/jre/lib/ext/jfxrt.jar
file:/root/.sdkman/candidates/java/8.0.333.fx-librca/jre/lib/ext/sunjce_provider.jar
file:/root/.sdkman/candidates/java/8.0.333.fx-librca/jre/lib/ext/nashorn.jar
[MASTER] 17:25:58.950 [logback-1] WARN  JUnitAnalyzer - Found unstable test named initializationError -> class java.lang.RuntimeException: Cannot find either the compilation target folder nor the EvoSuite jar in classpath: /tmp/EvoSuite_pathingJar8374607665327969960.jar
Going to execute: handleTestsThatAreUnstable
* Compiling Tests
** Write a test suite: 0 called: 0 to improve: false
** Write a test suite: 1 called: 1 to improve: false
** Write a test suite: 2 called: 2 to improve: false
** Write a test suite: 3 called: 3 to improve: false
** Write a test suite: 4 called: 4 to improve: false
** Write a test suite: 5 called: 5 to improve: false
[MASTER] 17:26:00.604 [logback-1] WARN  AgentLoader - Failed to find EvoSuite jar in current classloader. URLs of classloader:
file:/root/.sdkman/candidates/java/8.0.333.fx-librca/jre/../lib/tools.jar
file:/root/.sdkman/candidates/java/8.0.333.fx-librca/jre/lib/ext/cldrdata.jar
file:/root/.sdkman/candidates/java/8.0.333.fx-librca/jre/lib/ext/sunec.jar
file:/root/.sdkman/candidates/java/8.0.333.fx-librca/jre/lib/ext/localedata.jar
file:/tmp/EvoSuite_pathingJar8374607665327969960.jar
file:/root/.sdkman/candidates/java/8.0.333.fx-librca/jre/lib/ext/jaccess.jar
file:/root/.sdkman/candidates/java/8.0.333.fx-librca/jre/lib/ext/dnsns.jar
file:/root/.sdkman/candidates/java/8.0.333.fx-librca/jre/lib/ext/sunpkcs11.jar
file:/root/.sdkman/candidates/java/8.0.333.fx-librca/jre/lib/ext/zipfs.jar
file:/root/.sdkman/candidates/java/8.0.333.fx-librca/jre/lib/ext/jfxrt.jar
file:/root/.sdkman/candidates/java/8.0.333.fx-librca/jre/lib/ext/sunjce_provider.jar
file:/root/.sdkman/candidates/java/8.0.333.fx-librca/jre/lib/ext/nashorn.jar
[MASTER] 17:26:00.605 [logback-1] WARN  JUnitAnalyzer - Found unstable test named initializationError -> class java.lang.RuntimeException: Cannot find either the compilation target folder nor the EvoSuite jar in classpath: /tmp/EvoSuite_pathingJar8374607665327969960.jar
* Writing tests to file
[MASTER] 17:26:00.607 [logback-1] WARN  TimeController - Already entered in phase: JUNIT_CHECK. This will mess up the timing calculations.
* Writing JUnit test case 'Library_ESTest' to evosuite-tests
* Writing JUnit test case 'Library_Original_ESTest' to evosuite-tests
** Write a test suite: 0 called: 0 to improve: false
** Write a test suite: 1 called: 1 to improve: false
** Write a test suite: 2 called: 2 to improve: false
** Write a test suite: 3 called: 3 to improve: false
** Write a test suite: 4 called: 4 to improve: false
** Write a test suite: 5 called: 5 to improve: false
* Done!

* Computation finished
