* EvoSuite 1.0.0-SNAPSHOT
* Going to generate test cases for class: org.fixsuite.message.Library
* Starting Client-0
* Properties loaded from /home/roham/Results-Utestgen/dataset/SF110-new-res/74_fixsuite/evosuite-files/evosuite.properties
* Connecting to master process on port 17952
* Analyzing classpath: 
* Inheritance tree loaded from evosuite-files/inheritance.xml.gz
* Finished analyzing classpath
* Generating tests for class org.fixsuite.message.Library
* Test criteria:
  - Branch Coverage
  - Line Coverage
  - Method-Output Coverage
  - Top-Level Method Coverage
  - Context Branch Coverage
* Total number of test goals for DYNAMOSA: 136
* Using seed 1710302772916
[Progress:>                             0%] [Cov:>                                  0%]* Starting evolution
* Initial Number of Goals in DynaMOSA = 49 / 136
[Progress:===>                          12%] [Cov:===============>                   45%][Progress:========>                     27%] [Cov:===============>                   45%][Progress:==========>                   36%] [Cov:===============>                   45%][Progress:============>                 42%] [Cov:===============>                   45%][Progress:==============>               48%] [Cov:===============>                   45%][Progress:================>             55%] [Cov:===============>                   45%][Progress:==================>           61%] [Cov:===============>                   45%][Progress:=====================>        71%] [Cov:===============>                   45%][Progress:=======================>      78%] [Cov:===============>                   45%][Progress:==========================>   87%] [Cov:===============>                   45%][Progress:============================> 94%] [Cov:===============>                   45%][Progress:==============================100%] [Cov:===============>                   45%]
* Search finished after 201s and 11 generations, 4778 statements, best individual has fitness: 89.0
* Generated before the refinement 4 tests with total length 8
statement is: org.fixsuite.message.Library()V type is: class org.evosuite.testcase.statements.ConstructorStatement return type class org.fixsuite.message.Library
statement code is: Library library = new Library()
statement is: getDictionaries()Ljava/util/List; type is: class org.evosuite.testcase.statements.MethodStatement return type java.util.List<org.fixsuite.message.info.DictionaryInfo>
statement code is: List<DictionaryInfo> dictionaries = library.getDictionaries()
test data is: Library library = new Library();
library.getDictionaries();

** It was a parseable test case! 
Improved test data is: class DummyClass {
    public static void main() {
        // Improved test data
        Library library = new Library();
        String[] dictionaryNames = new String[]{ "English", "Spanish", "French" };
        int[] dictionarySizes = new int[]{ 50, 100, 200 };
        library.getDictionaries(dictionaryNames, dictionarySizes);
    }
}
statement is: // Improved test data
Library library = new Library(), class spoon.support.reflect.code.CtLocalVariableImpl
class spoon.support.reflect.code.CtConstructorCallImpl
statement is: String[] dictionaryNames = new String[]{ "English", "Spanish", "French" }, class spoon.support.reflect.code.CtLocalVariableImpl
class spoon.support.reflect.code.CtNewArrayImpl
statement is: int[] dictionarySizes = new int[]{ 50, 100, 200 }, class spoon.support.reflect.code.CtLocalVariableImpl
class spoon.support.reflect.code.CtNewArrayImpl
statement is: library.getDictionaries(dictionaryNames, dictionarySizes), class spoon.support.reflect.code.CtInvocationImpl
invocation is: library.getDictionaries(dictionaryNames, dictionarySizes) target is: library method is: getDictionaries(java.lang.String[],int[])
TestCase is: Library library = new Library();

statement is: org.fixsuite.message.Library()V type is: class org.evosuite.testcase.statements.ConstructorStatement return type class org.fixsuite.message.Library
statement code is: Library library = new Library()
statement is: getDictionary(Ljava/lang/String;)Lorg/fixsuite/message/info/DictionaryInfo; type is: class org.evosuite.testcase.statements.MethodStatement return type class org.fixsuite.message.info.DictionaryInfo
statement code is: DictionaryInfo dictionary = library.getDictionary("]l\"~J `cDx*")
test data is: Library library = new Library();
library.getDictionary("]l\"~J `cDx*");

** It was a parseable test case! 
Improved test data is: class DummyClass {
    public static void main() {
        Library library = new Library();
        library.getDictionary("myDictionary");
    }
}
statement is: Library library = new Library(), class spoon.support.reflect.code.CtLocalVariableImpl
class spoon.support.reflect.code.CtConstructorCallImpl
statement is: library.getDictionary("myDictionary"), class spoon.support.reflect.code.CtInvocationImpl
invocation is: library.getDictionary("myDictionary") target is: library method is: getDictionary(java.lang.String)
source statement: org.fixsuite.message.Library()V callee: VariableReference: Statement 0, type org.fixsuite.message.Libraryindex is: 0
Matched Method is: getDictionary(Ljava/lang/String;)Lorg/fixsuite/message/info/DictionaryInfo;
TestCase is: Library library = new Library();
String string = "myDictionary";
library.getDictionary(string);

statement is: org.fixsuite.message.Library()V type is: class org.evosuite.testcase.statements.ConstructorStatement return type class org.fixsuite.message.Library
statement code is: Library library = new Library()
statement is: loadFromDirectory(Ljava/lang/String;)Z type is: class org.evosuite.testcase.statements.MethodStatement return type boolean
statement code is: boolean loadFromDirectory = library.loadFromDirectory("5.uI>P9DSQsTC85`*")
test data is: Library library = new Library();
library.loadFromDirectory("5.uI>P9DSQsTC85`*");

** It was a parseable test case! 
Improved test data is: class DummyClass {
    public static void main() {
        Library library = new Library();
        library.loadFromDirectory("C:\\Users\\John Doe\\Documents\\myDataFolder");
    }
}
statement is: Library library = new Library(), class spoon.support.reflect.code.CtLocalVariableImpl
class spoon.support.reflect.code.CtConstructorCallImpl
statement is: library.loadFromDirectory("C:\\Users\\John Doe\\Documents\\myDataFolder"), class spoon.support.reflect.code.CtInvocationImpl
invocation is: library.loadFromDirectory("C:\\Users\\John Doe\\Documents\\myDataFolder") target is: library method is: loadFromDirectory(java.lang.String)
source statement: org.fixsuite.message.Library()V callee: VariableReference: Statement 0, type org.fixsuite.message.Libraryindex is: 0
Matched Method is: loadFromDirectory(Ljava/lang/String;)Z
TestCase is: Library library = new Library();
String string = "C:\\Users\\John Doe\\Documents\\myDataFolder";
library.loadFromDirectory(string);

statement is: org.fixsuite.message.Library()V type is: class org.evosuite.testcase.statements.ConstructorStatement return type class org.fixsuite.message.Library
statement code is: Library library = new Library()
statement is: loadFromDirectory(Ljava/lang/String;)Z type is: class org.evosuite.testcase.statements.MethodStatement return type boolean
statement code is: boolean loadFromDirectory = library.loadFromDirectory("")
test data is: Library library = new Library();
library.loadFromDirectory("");

** It was a parseable test case! 
Improved test data is: class DummyClass {
    public static void main() {
        Library library = new Library();
        library.loadFromDirectory("C:\\Users\\John Doe\\Documents\\Books");
        // Assert that all books in the directory are loaded into memory
        Assert.assertEquals(library.getTotalNumberOfBooks(), 10);
    }
}
statement is: Library library = new Library(), class spoon.support.reflect.code.CtLocalVariableImpl
class spoon.support.reflect.code.CtConstructorCallImpl
statement is: library.loadFromDirectory("C:\\Users\\John Doe\\Documents\\Books"), class spoon.support.reflect.code.CtInvocationImpl
invocation is: library.loadFromDirectory("C:\\Users\\John Doe\\Documents\\Books") target is: library method is: loadFromDirectory(java.lang.String)
source statement: org.fixsuite.message.Library()V callee: VariableReference: Statement 0, type org.fixsuite.message.Libraryindex is: 0
Matched Method is: loadFromDirectory(Ljava/lang/String;)Z
statement is: // Assert that all books in the directory are loaded into memory
Assert.assertEquals(library.getTotalNumberOfBooks(), 10), class spoon.support.reflect.code.CtInvocationImpl
invocation is: // Assert that all books in the directory are loaded into memory
Assert.assertEquals(library.getTotalNumberOfBooks(), 10) target is: Assert method is: assertEquals(int)
TestCase is: Library library = new Library();
String string = "C:\\Users\\John Doe\\Documents\\Books";
library.loadFromDirectory(string);

* test suite isTestSuite: 8
Test 0: 
Library library = new Library();
library.getDictionaries();
Test 1: 
Library library = new Library();
library.getDictionary("]l\"~J `cDx*");
Test 2: 
Library library = new Library();
library.loadFromDirectory("5.uI>P9DSQsTC85`*");
Test 3: 
Library library = new Library();
library.loadFromDirectory("");
Test 4: 
Library library = new Library();

Test 5: 
Library library = new Library();
library.getDictionary("myDictionary");

Test 6: 
Library library = new Library();
library.loadFromDirectory("C:UsersJohn DoeDocumentsmyDataFolder");

Test 7: 
Library library = new Library();
library.loadFromDirectory("C:UsersJohn DoeDocumentsBooks");


* Generated after the refinement and before minimization 8 tests with total length 15
* test suite isTestSuite: 8
Test 0: 
Library library = new Library();
library.getDictionaries();
Test 1: 
Library library = new Library();
library.getDictionary("]l\"~J `cDx*");
Test 2: 
Library library = new Library();
library.loadFromDirectory("5.uI>P9DSQsTC85`*");
Test 3: 
Library library = new Library();
library.loadFromDirectory("");
Test 4: 
Library library = new Library();

Test 5: 
Library library = new Library();
library.getDictionary("myDictionary");

Test 6: 
Library library = new Library();
library.loadFromDirectory("C:UsersJohn DoeDocumentsmyDataFolder");

Test 7: 
Library library = new Library();
library.loadFromDirectory("C:UsersJohn DoeDocumentsBooks");


* Minimizing test suite
* test suite isTestSuite: 4
Test 0: 
Library library = new Library();
library.getDictionaries();
Test 1: 
Library library = new Library();
library.getDictionary("myDictionary");
Test 2: 
Library library = new Library();
library.loadFromDirectory("C:UsersJohn DoeDocumentsBooks");
Test 3: 
Library library = new Library();
library.loadFromDirectory("");

* Going to analyze the coverage criteria
* Coverage analysis for criterion BRANCH
* Coverage of criterion BRANCH: 23%
* Total number of goals: 35
* Number of covered goals: 8
* Coverage analysis for criterion LINE
* Coverage of criterion LINE: 45%
* Total number of goals: 51
* Number of covered goals: 23
* Coverage analysis for criterion OUTPUT
* Coverage of criterion OUTPUT: 36%
* Total number of goals: 11
* Number of covered goals: 4
* Coverage analysis for criterion METHOD
* Coverage of criterion METHOD: 100%
* Total number of goals: 4
* Number of covered goals: 4
* Coverage analysis for criterion CBRANCH
* Coverage of criterion CBRANCH: 23%
* Total number of goals: 35
* Number of covered goals: 8
* Generated 4 tests with total length 8
* Resulting test suite's coverage: 45% (average coverage for all fitness functions)
* Generating assertions
* Resulting test suite's mutation score: 2%
* Compiling and checking tests
Going to execute: removeTestsThatDoNotCompile
* Compiling Tests
** Write a test suite: 0 called: 0 to improve: false
* Compiling Tests
** Write a test suite: 0 called: 0 to improve: true
** Improve Understandability: ** Test Code is: Library library = new Library();
List<DictionaryInfo> dictionaries = library.getDictionaries();
assertTrue(dictionaries.isEmpty());


** It was a parseable test case! 
refined test name is: testGetDictionariesNoDictionariesReturnsEmptyList
* Compiling Tests
** Write a test suite: 0 called: 0 to improve: false
* Compiling Tests
** Write a test suite: 0 called: 0 to improve: true
** Improve Understandability: ** Test Code is: Library library = new Library();
DictionaryInfo dictionary = library.getDictionary("myDictionary");
assertNull(dictionary);


** It was a parseable test case! 
refined test name is: testGetNonExistentDictionaryReturnsNull
* Compiling Tests
** Write a test suite: 0 called: 0 to improve: false
* Compiling Tests
** Write a test suite: 0 called: 0 to improve: true
** Improve Understandability: ** Test Code is: Library library = new Library();
boolean loadFromDirectory = library.loadFromDirectory("C:UsersJohn DoeDocumentsBooks");
assertFalse(loadFromDirectory);


** It was a parseable test case! 
refined test name is: testLoadFromDirectoryWithNonExistentDirectory
* Compiling Tests
** Write a test suite: 0 called: 0 to improve: false
* Compiling Tests
** Write a test suite: 0 called: 0 to improve: true
** Improve Understandability: ** Test Code is: Library library = new Library();
boolean loadFromDirectory = library.loadFromDirectory("");
assertFalse(loadFromDirectory);


** It was a parseable test case! 
refined test name is: testLoadFromDirectoryUnsuccessfulLoading
Going to execute: handleTestsThatAreUnstable
* Compiling Tests
[MASTER] 04:12:57.455 [logback-1] WARN  AgentLoader - Failed to find EvoSuite jar in current classloader. URLs of classloader:
file:/root/.sdkman/candidates/java/8.0.333.fx-librca/jre/../lib/tools.jar
file:/root/.sdkman/candidates/java/8.0.333.fx-librca/jre/lib/ext/cldrdata.jar
file:/root/.sdkman/candidates/java/8.0.333.fx-librca/jre/lib/ext/sunec.jar
file:/root/.sdkman/candidates/java/8.0.333.fx-librca/jre/lib/ext/localedata.jar
file:/root/.sdkman/candidates/java/8.0.333.fx-librca/jre/lib/ext/jaccess.jar
file:/tmp/EvoSuite_pathingJar6636720155828893250.jar
file:/root/.sdkman/candidates/java/8.0.333.fx-librca/jre/lib/ext/dnsns.jar
file:/root/.sdkman/candidates/java/8.0.333.fx-librca/jre/lib/ext/sunpkcs11.jar
file:/root/.sdkman/candidates/java/8.0.333.fx-librca/jre/lib/ext/zipfs.jar
file:/root/.sdkman/candidates/java/8.0.333.fx-librca/jre/lib/ext/jfxrt.jar
file:/root/.sdkman/candidates/java/8.0.333.fx-librca/jre/lib/ext/sunjce_provider.jar
file:/root/.sdkman/candidates/java/8.0.333.fx-librca/jre/lib/ext/nashorn.jar
[MASTER] 04:12:57.480 [logback-1] WARN  JUnitAnalyzer - Found unstable test named initializationError -> class java.lang.RuntimeException: Cannot find either the compilation target folder nor the EvoSuite jar in classpath: /tmp/EvoSuite_pathingJar6636720155828893250.jar
Going to execute: handleTestsThatAreUnstable
* Compiling Tests
[MASTER] 04:12:57.562 [logback-1] WARN  AgentLoader - Failed to find EvoSuite jar in current classloader. URLs of classloader:
file:/root/.sdkman/candidates/java/8.0.333.fx-librca/jre/../lib/tools.jar
file:/root/.sdkman/candidates/java/8.0.333.fx-librca/jre/lib/ext/cldrdata.jar
file:/root/.sdkman/candidates/java/8.0.333.fx-librca/jre/lib/ext/sunec.jar
file:/root/.sdkman/candidates/java/8.0.333.fx-librca/jre/lib/ext/localedata.jar
file:/root/.sdkman/candidates/java/8.0.333.fx-librca/jre/lib/ext/jaccess.jar
file:/tmp/EvoSuite_pathingJar6636720155828893250.jar
file:/root/.sdkman/candidates/java/8.0.333.fx-librca/jre/lib/ext/dnsns.jar
file:/root/.sdkman/candidates/java/8.0.333.fx-librca/jre/lib/ext/sunpkcs11.jar
file:/root/.sdkman/candidates/java/8.0.333.fx-librca/jre/lib/ext/zipfs.jar
file:/root/.sdkman/candidates/java/8.0.333.fx-librca/jre/lib/ext/jfxrt.jar
file:/root/.sdkman/candidates/java/8.0.333.fx-librca/jre/lib/ext/sunjce_provider.jar
file:/root/.sdkman/candidates/java/8.0.333.fx-librca/jre/lib/ext/nashorn.jar
Going to execute: handleTestsThatAreUnstable
* Compiling Tests
[MASTER] 04:12:57.563 [logback-1] WARN  JUnitAnalyzer - Found unstable test named initializationError -> class java.lang.RuntimeException: Cannot find either the compilation target folder nor the EvoSuite jar in classpath: /tmp/EvoSuite_pathingJar6636720155828893250.jar
[MASTER] 04:12:58.263 [logback-1] WARN  AgentLoader - Failed to find EvoSuite jar in current classloader. URLs of classloader:
file:/root/.sdkman/candidates/java/8.0.333.fx-librca/jre/../lib/tools.jar
file:/root/.sdkman/candidates/java/8.0.333.fx-librca/jre/lib/ext/cldrdata.jar
file:/root/.sdkman/candidates/java/8.0.333.fx-librca/jre/lib/ext/sunec.jar
file:/root/.sdkman/candidates/java/8.0.333.fx-librca/jre/lib/ext/localedata.jar
file:/root/.sdkman/candidates/java/8.0.333.fx-librca/jre/lib/ext/jaccess.jar
file:/tmp/EvoSuite_pathingJar6636720155828893250.jar
file:/root/.sdkman/candidates/java/8.0.333.fx-librca/jre/lib/ext/dnsns.jar
file:/root/.sdkman/candidates/java/8.0.333.fx-librca/jre/lib/ext/sunpkcs11.jar
file:/root/.sdkman/candidates/java/8.0.333.fx-librca/jre/lib/ext/zipfs.jar
file:/root/.sdkman/candidates/java/8.0.333.fx-librca/jre/lib/ext/jfxrt.jar
file:/root/.sdkman/candidates/java/8.0.333.fx-librca/jre/lib/ext/sunjce_provider.jar
file:/root/.sdkman/candidates/java/8.0.333.fx-librca/jre/lib/ext/nashorn.jar
[MASTER] 04:12:58.264 [logback-1] WARN  JUnitAnalyzer - Found unstable test named initializationError -> class java.lang.RuntimeException: Cannot find either the compilation target folder nor the EvoSuite jar in classpath: /tmp/EvoSuite_pathingJar6636720155828893250.jar
Going to execute: handleTestsThatAreUnstable
* Compiling Tests
[MASTER] 04:12:58.762 [logback-1] WARN  AgentLoader - Failed to find EvoSuite jar in current classloader. URLs of classloader:
file:/root/.sdkman/candidates/java/8.0.333.fx-librca/jre/../lib/tools.jar
file:/root/.sdkman/candidates/java/8.0.333.fx-librca/jre/lib/ext/cldrdata.jar
file:/root/.sdkman/candidates/java/8.0.333.fx-librca/jre/lib/ext/sunec.jar
file:/root/.sdkman/candidates/java/8.0.333.fx-librca/jre/lib/ext/localedata.jar
file:/root/.sdkman/candidates/java/8.0.333.fx-librca/jre/lib/ext/jaccess.jar
file:/tmp/EvoSuite_pathingJar6636720155828893250.jar
file:/root/.sdkman/candidates/java/8.0.333.fx-librca/jre/lib/ext/dnsns.jar
file:/root/.sdkman/candidates/java/8.0.333.fx-librca/jre/lib/ext/sunpkcs11.jar
file:/root/.sdkman/candidates/java/8.0.333.fx-librca/jre/lib/ext/zipfs.jar
file:/root/.sdkman/candidates/java/8.0.333.fx-librca/jre/lib/ext/jfxrt.jar
file:/root/.sdkman/candidates/java/8.0.333.fx-librca/jre/lib/ext/sunjce_provider.jar
file:/root/.sdkman/candidates/java/8.0.333.fx-librca/jre/lib/ext/nashorn.jar
[MASTER] 04:12:58.763 [logback-1] WARN  JUnitAnalyzer - Found unstable test named initializationError -> class java.lang.RuntimeException: Cannot find either the compilation target folder nor the EvoSuite jar in classpath: /tmp/EvoSuite_pathingJar6636720155828893250.jar
Going to execute: handleTestsThatAreUnstable
* Compiling Tests
[MASTER] 04:12:59.742 [logback-1] WARN  AgentLoader - Failed to find EvoSuite jar in current classloader. URLs of classloader:
file:/root/.sdkman/candidates/java/8.0.333.fx-librca/jre/../lib/tools.jar
file:/root/.sdkman/candidates/java/8.0.333.fx-librca/jre/lib/ext/cldrdata.jar
file:/root/.sdkman/candidates/java/8.0.333.fx-librca/jre/lib/ext/sunec.jar
file:/root/.sdkman/candidates/java/8.0.333.fx-librca/jre/lib/ext/localedata.jar
file:/root/.sdkman/candidates/java/8.0.333.fx-librca/jre/lib/ext/jaccess.jar
file:/tmp/EvoSuite_pathingJar6636720155828893250.jar
file:/root/.sdkman/candidates/java/8.0.333.fx-librca/jre/lib/ext/dnsns.jar
file:/root/.sdkman/candidates/java/8.0.333.fx-librca/jre/lib/ext/sunpkcs11.jar
file:/root/.sdkman/candidates/java/8.0.333.fx-librca/jre/lib/ext/zipfs.jar
file:/root/.sdkman/candidates/java/8.0.333.fx-librca/jre/lib/ext/jfxrt.jar
file:/root/.sdkman/candidates/java/8.0.333.fx-librca/jre/lib/ext/sunjce_provider.jar
file:/root/.sdkman/candidates/java/8.0.333.fx-librca/jre/lib/ext/nashorn.jar
[MASTER] 04:12:59.743 [logback-1] WARN  JUnitAnalyzer - Found unstable test named initializationError -> class java.lang.RuntimeException: Cannot find either the compilation target folder nor the EvoSuite jar in classpath: /tmp/EvoSuite_pathingJar6636720155828893250.jar
Going to execute: handleTestsThatAreUnstable
* Compiling Tests
[MASTER] 04:13:00.561 [logback-1] WARN  AgentLoader - Failed to find EvoSuite jar in current classloader. URLs of classloader:
file:/root/.sdkman/candidates/java/8.0.333.fx-librca/jre/../lib/tools.jar
file:/root/.sdkman/candidates/java/8.0.333.fx-librca/jre/lib/ext/cldrdata.jar
file:/root/.sdkman/candidates/java/8.0.333.fx-librca/jre/lib/ext/sunec.jar
file:/root/.sdkman/candidates/java/8.0.333.fx-librca/jre/lib/ext/localedata.jar
file:/root/.sdkman/candidates/java/8.0.333.fx-librca/jre/lib/ext/jaccess.jar
file:/tmp/EvoSuite_pathingJar6636720155828893250.jar
file:/root/.sdkman/candidates/java/8.0.333.fx-librca/jre/lib/ext/dnsns.jar
file:/root/.sdkman/candidates/java/8.0.333.fx-librca/jre/lib/ext/sunpkcs11.jar
file:/root/.sdkman/candidates/java/8.0.333.fx-librca/jre/lib/ext/zipfs.jar
file:/root/.sdkman/candidates/java/8.0.333.fx-librca/jre/lib/ext/jfxrt.jar
file:/root/.sdkman/candidates/java/8.0.333.fx-librca/jre/lib/ext/sunjce_provider.jar
file:/root/.sdkman/candidates/java/8.0.333.fx-librca/jre/lib/ext/nashorn.jar
[MASTER] 04:13:00.563 [logback-1] WARN  JUnitAnalyzer - Found unstable test named initializationError -> class java.lang.RuntimeException: Cannot find either the compilation target folder nor the EvoSuite jar in classpath: /tmp/EvoSuite_pathingJar6636720155828893250.jar
[MASTER] 04:13:03.835 [logback-1] WARN  TimeController - Already entered in phase: INLINING. This will mess up the timing calculations.
* test suite isTestSuite: 4
Test 0: 
Library library = new Library();
library.getDictionaries();
Test 1: 
Library library = new Library();
library.getDictionary("]l\"~J `cDx*");
Test 2: 
Library library = new Library();
library.loadFromDirectory("5.uI>P9DSQsTC85`*");
Test 3: 
Library library = new Library();
library.loadFromDirectory("");

* Minimizing test suite
* test suite isTestSuite: 4
Test 0: 
Library library = new Library();
library.getDictionaries();
Test 1: 
Library library = new Library();
library.getDictionary("]l\"~J `cDx*");
Test 2: 
Library library = new Library();
library.loadFromDirectory("");
Test 3: 
Library library = new Library();
library.loadFromDirectory("5.uI>P9DSQsTC85`*");

[MASTER] 04:13:16.801 [logback-1] WARN  TimeController - Already entered in phase: MINIMIZATION. This will mess up the timing calculations.
* Going to analyze the coverage criteria
* Coverage analysis for criterion BRANCH
* Coverage of criterion BRANCH: 23%
* Total number of goals: 35
* Number of covered goals: 8
* Coverage analysis for criterion LINE
* Coverage of criterion LINE: 45%
* Total number of goals: 51
* Number of covered goals: 23
* Coverage analysis for criterion OUTPUT
* Coverage of criterion OUTPUT: 36%
* Total number of goals: 11
* Number of covered goals: 4
* Coverage analysis for criterion METHOD
* Coverage of criterion METHOD: 100%
* Total number of goals: 4
* Number of covered goals: 4
* Coverage analysis for criterion CBRANCH
* Coverage of criterion CBRANCH: 23%
* Total number of goals: 35
* Number of covered goals: 8
[MASTER] 04:13:16.827 [logback-1] WARN  TimeController - Already entered in phase: COVERAGE_ANALYSIS. This will mess up the timing calculations.
* Generated 4 tests with total length 8
* Resulting test suite's coverage: 45% (average coverage for all fitness functions)
* Generating assertions
* Resulting test suite's mutation score: 2%
* Compiling and checking tests
[MASTER] 04:13:20.569 [logback-1] WARN  TimeController - Already entered in phase: ASSERTION_GENERATION. This will mess up the timing calculations.
Going to execute: removeTestsThatDoNotCompile
* Compiling Tests
** Write a test suite: 0 called: 0 to improve: false
* Compiling Tests
** Write a test suite: 0 called: 0 to improve: false
* Compiling Tests
** Write a test suite: 0 called: 0 to improve: false
* Compiling Tests
** Write a test suite: 0 called: 0 to improve: false
Going to execute: handleTestsThatAreUnstable
* Compiling Tests
** Write a test suite: 0 called: 0 to improve: false
[MASTER] 04:13:21.766 [logback-1] WARN  AgentLoader - Failed to find EvoSuite jar in current classloader. URLs of classloader:
file:/root/.sdkman/candidates/java/8.0.333.fx-librca/jre/../lib/tools.jar
file:/root/.sdkman/candidates/java/8.0.333.fx-librca/jre/lib/ext/cldrdata.jar
file:/root/.sdkman/candidates/java/8.0.333.fx-librca/jre/lib/ext/sunec.jar
file:/root/.sdkman/candidates/java/8.0.333.fx-librca/jre/lib/ext/localedata.jar
file:/root/.sdkman/candidates/java/8.0.333.fx-librca/jre/lib/ext/jaccess.jar
file:/tmp/EvoSuite_pathingJar6636720155828893250.jar
file:/root/.sdkman/candidates/java/8.0.333.fx-librca/jre/lib/ext/dnsns.jar
file:/root/.sdkman/candidates/java/8.0.333.fx-librca/jre/lib/ext/sunpkcs11.jar
file:/root/.sdkman/candidates/java/8.0.333.fx-librca/jre/lib/ext/zipfs.jar
file:/root/.sdkman/candidates/java/8.0.333.fx-librca/jre/lib/ext/jfxrt.jar
file:/root/.sdkman/candidates/java/8.0.333.fx-librca/jre/lib/ext/sunjce_provider.jar
file:/root/.sdkman/candidates/java/8.0.333.fx-librca/jre/lib/ext/nashorn.jar
[MASTER] 04:13:21.767 [logback-1] WARN  JUnitAnalyzer - Found unstable test named initializationError -> class java.lang.RuntimeException: Cannot find either the compilation target folder nor the EvoSuite jar in classpath: /tmp/EvoSuite_pathingJar6636720155828893250.jar
Going to execute: handleTestsThatAreUnstable
* Compiling Tests
** Write a test suite: 0 called: 0 to improve: false
[MASTER] 04:13:21.810 [logback-1] WARN  AgentLoader - Failed to find EvoSuite jar in current classloader. URLs of classloader:
file:/root/.sdkman/candidates/java/8.0.333.fx-librca/jre/../lib/tools.jar
file:/root/.sdkman/candidates/java/8.0.333.fx-librca/jre/lib/ext/cldrdata.jar
file:/root/.sdkman/candidates/java/8.0.333.fx-librca/jre/lib/ext/sunec.jar
file:/root/.sdkman/candidates/java/8.0.333.fx-librca/jre/lib/ext/localedata.jar
file:/root/.sdkman/candidates/java/8.0.333.fx-librca/jre/lib/ext/jaccess.jar
file:/tmp/EvoSuite_pathingJar6636720155828893250.jar
file:/root/.sdkman/candidates/java/8.0.333.fx-librca/jre/lib/ext/dnsns.jar
file:/root/.sdkman/candidates/java/8.0.333.fx-librca/jre/lib/ext/sunpkcs11.jar
file:/root/.sdkman/candidates/java/8.0.333.fx-librca/jre/lib/ext/zipfs.jar
file:/root/.sdkman/candidates/java/8.0.333.fx-librca/jre/lib/ext/jfxrt.jar
file:/root/.sdkman/candidates/java/8.0.333.fx-librca/jre/lib/ext/sunjce_provider.jar
file:/root/.sdkman/candidates/java/8.0.333.fx-librca/jre/lib/ext/nashorn.jar
[MASTER] 04:13:21.811 [logback-1] WARN  JUnitAnalyzer - Found unstable test named initializationError -> class java.lang.RuntimeException: Cannot find either the compilation target folder nor the EvoSuite jar in classpath: /tmp/EvoSuite_pathingJar6636720155828893250.jar
Going to execute: handleTestsThatAreUnstable
* Compiling Tests
** Write a test suite: 0 called: 0 to improve: false
[MASTER] 04:13:22.254 [logback-1] WARN  AgentLoader - Failed to find EvoSuite jar in current classloader. URLs of classloader:
file:/root/.sdkman/candidates/java/8.0.333.fx-librca/jre/../lib/tools.jar
file:/root/.sdkman/candidates/java/8.0.333.fx-librca/jre/lib/ext/cldrdata.jar
file:/root/.sdkman/candidates/java/8.0.333.fx-librca/jre/lib/ext/sunec.jar
file:/root/.sdkman/candidates/java/8.0.333.fx-librca/jre/lib/ext/localedata.jar
file:/root/.sdkman/candidates/java/8.0.333.fx-librca/jre/lib/ext/jaccess.jar
file:/tmp/EvoSuite_pathingJar6636720155828893250.jar
file:/root/.sdkman/candidates/java/8.0.333.fx-librca/jre/lib/ext/dnsns.jar
file:/root/.sdkman/candidates/java/8.0.333.fx-librca/jre/lib/ext/sunpkcs11.jar
file:/root/.sdkman/candidates/java/8.0.333.fx-librca/jre/lib/ext/zipfs.jar
file:/root/.sdkman/candidates/java/8.0.333.fx-librca/jre/lib/ext/jfxrt.jar
file:/root/.sdkman/candidates/java/8.0.333.fx-librca/jre/lib/ext/sunjce_provider.jar
file:/root/.sdkman/candidates/java/8.0.333.fx-librca/jre/lib/ext/nashorn.jar
[MASTER] 04:13:22.255 [logback-1] WARN  JUnitAnalyzer - Found unstable test named initializationError -> class java.lang.RuntimeException: Cannot find either the compilation target folder nor the EvoSuite jar in classpath: /tmp/EvoSuite_pathingJar6636720155828893250.jar
Going to execute: handleTestsThatAreUnstable
* Compiling Tests
** Write a test suite: 0 called: 0 to improve: false
[MASTER] 04:13:22.693 [logback-1] WARN  AgentLoader - Failed to find EvoSuite jar in current classloader. URLs of classloader:
file:/root/.sdkman/candidates/java/8.0.333.fx-librca/jre/../lib/tools.jar
file:/root/.sdkman/candidates/java/8.0.333.fx-librca/jre/lib/ext/cldrdata.jar
file:/root/.sdkman/candidates/java/8.0.333.fx-librca/jre/lib/ext/sunec.jar
file:/root/.sdkman/candidates/java/8.0.333.fx-librca/jre/lib/ext/localedata.jar
file:/root/.sdkman/candidates/java/8.0.333.fx-librca/jre/lib/ext/jaccess.jar
file:/tmp/EvoSuite_pathingJar6636720155828893250.jar
file:/root/.sdkman/candidates/java/8.0.333.fx-librca/jre/lib/ext/dnsns.jar
file:/root/.sdkman/candidates/java/8.0.333.fx-librca/jre/lib/ext/sunpkcs11.jar
file:/root/.sdkman/candidates/java/8.0.333.fx-librca/jre/lib/ext/zipfs.jar
file:/root/.sdkman/candidates/java/8.0.333.fx-librca/jre/lib/ext/jfxrt.jar
file:/root/.sdkman/candidates/java/8.0.333.fx-librca/jre/lib/ext/sunjce_provider.jar
file:/root/.sdkman/candidates/java/8.0.333.fx-librca/jre/lib/ext/nashorn.jar
[MASTER] 04:13:22.694 [logback-1] WARN  JUnitAnalyzer - Found unstable test named initializationError -> class java.lang.RuntimeException: Cannot find either the compilation target folder nor the EvoSuite jar in classpath: /tmp/EvoSuite_pathingJar6636720155828893250.jar
Going to execute: handleTestsThatAreUnstable
* Compiling Tests
** Write a test suite: 0 called: 0 to improve: false
** Write a test suite: 1 called: 1 to improve: false
** Write a test suite: 2 called: 2 to improve: false
** Write a test suite: 3 called: 3 to improve: false
[MASTER] 04:13:23.515 [logback-1] WARN  AgentLoader - Failed to find EvoSuite jar in current classloader. URLs of classloader:
file:/root/.sdkman/candidates/java/8.0.333.fx-librca/jre/../lib/tools.jar
file:/root/.sdkman/candidates/java/8.0.333.fx-librca/jre/lib/ext/cldrdata.jar
file:/root/.sdkman/candidates/java/8.0.333.fx-librca/jre/lib/ext/sunec.jar
file:/root/.sdkman/candidates/java/8.0.333.fx-librca/jre/lib/ext/localedata.jar
file:/root/.sdkman/candidates/java/8.0.333.fx-librca/jre/lib/ext/jaccess.jar
file:/tmp/EvoSuite_pathingJar6636720155828893250.jar
file:/root/.sdkman/candidates/java/8.0.333.fx-librca/jre/lib/ext/dnsns.jar
file:/root/.sdkman/candidates/java/8.0.333.fx-librca/jre/lib/ext/sunpkcs11.jar
file:/root/.sdkman/candidates/java/8.0.333.fx-librca/jre/lib/ext/zipfs.jar
file:/root/.sdkman/candidates/java/8.0.333.fx-librca/jre/lib/ext/jfxrt.jar
file:/root/.sdkman/candidates/java/8.0.333.fx-librca/jre/lib/ext/sunjce_provider.jar
file:/root/.sdkman/candidates/java/8.0.333.fx-librca/jre/lib/ext/nashorn.jar
[MASTER] 04:13:23.516 [logback-1] WARN  JUnitAnalyzer - Found unstable test named initializationError -> class java.lang.RuntimeException: Cannot find either the compilation target folder nor the EvoSuite jar in classpath: /tmp/EvoSuite_pathingJar6636720155828893250.jar
Going to execute: handleTestsThatAreUnstable
* Compiling Tests
** Write a test suite: 0 called: 0 to improve: false
** Write a test suite: 1 called: 1 to improve: false
** Write a test suite: 2 called: 2 to improve: false
** Write a test suite: 3 called: 3 to improve: false
[MASTER] 04:13:24.402 [logback-1] WARN  AgentLoader - Failed to find EvoSuite jar in current classloader. URLs of classloader:
file:/root/.sdkman/candidates/java/8.0.333.fx-librca/jre/../lib/tools.jar
file:/root/.sdkman/candidates/java/8.0.333.fx-librca/jre/lib/ext/cldrdata.jar
file:/root/.sdkman/candidates/java/8.0.333.fx-librca/jre/lib/ext/sunec.jar
file:/root/.sdkman/candidates/java/8.0.333.fx-librca/jre/lib/ext/localedata.jar
file:/root/.sdkman/candidates/java/8.0.333.fx-librca/jre/lib/ext/jaccess.jar
file:/tmp/EvoSuite_pathingJar6636720155828893250.jar
file:/root/.sdkman/candidates/java/8.0.333.fx-librca/jre/lib/ext/dnsns.jar
file:/root/.sdkman/candidates/java/8.0.333.fx-librca/jre/lib/ext/sunpkcs11.jar
file:/root/.sdkman/candidates/java/8.0.333.fx-librca/jre/lib/ext/zipfs.jar
file:/root/.sdkman/candidates/java/8.0.333.fx-librca/jre/lib/ext/jfxrt.jar
file:/root/.sdkman/candidates/java/8.0.333.fx-librca/jre/lib/ext/sunjce_provider.jar
file:/root/.sdkman/candidates/java/8.0.333.fx-librca/jre/lib/ext/nashorn.jar
[MASTER] 04:13:24.404 [logback-1] WARN  JUnitAnalyzer - Found unstable test named initializationError -> class java.lang.RuntimeException: Cannot find either the compilation target folder nor the EvoSuite jar in classpath: /tmp/EvoSuite_pathingJar6636720155828893250.jar
* Writing tests to file
[MASTER] 04:13:24.406 [logback-1] WARN  TimeController - Already entered in phase: JUNIT_CHECK. This will mess up the timing calculations.
* Writing JUnit test case 'Library_ESTest' to evosuite-tests
* Writing JUnit test case 'Library_Original_ESTest' to evosuite-tests
** Write a test suite: 0 called: 0 to improve: false
** Write a test suite: 1 called: 1 to improve: false
** Write a test suite: 2 called: 2 to improve: false
** Write a test suite: 3 called: 3 to improve: false
* Done!

* Computation finished
